SET IRMethod, name = stylesheets
BB 1
	outgoing: 3 2 
	datadep: 
	instructions:
BB 2
	outgoing: 3 
	datadep: 
	instructions:
		 0: 
		 1: 
		 2: 
		 3: 
		 4: 
		 5: 
		 6: %self->params %self[2.0,] 
		 7: %v_3[2.6,] 
		 8: 
		 9: %self->render_theme_item %self[2.0,] %v_4[2.7,] %v_5[2.8,] 
		 10: RETURN %v_6[2.9,] 
BB 3
	outgoing: 
	datadep: 
	instructions:

SET IRMethod, name = javascript
BB 1
	outgoing: 3 2 
	datadep: 
	instructions:
BB 2
	outgoing: 3 
	datadep: 
	instructions:
		 0: 
		 1: 
		 2: 
		 3: 
		 4: 
		 5: 
		 6: %self->params %self[2.0,] 
		 7: %v_3[2.6,] 
		 8: 
		 9: %self->render_theme_item %self[2.0,] %v_4[2.7,] %v_5[2.8,] 
		 10: RETURN %v_6[2.9,] 
BB 3
	outgoing: 
	datadep: 
	instructions:

SET IRMethod, name = images
BB 1
	outgoing: 3 2 
	datadep: 
	instructions:
BB 2
	outgoing: 3 
	datadep: 
	instructions:
		 0: 
		 1: 
		 2: 
		 3: 
		 4: 
		 5: 
		 6: %self->params %self[2.0,] 
		 7: %v_3[2.6,] 
		 8: %self->render_theme_item %self[2.0,] %v_4[2.7,] 
		 9: RETURN %v_5[2.8,] 
BB 3
	outgoing: 
	datadep: 
	instructions:

SET IRMethod, name = fonts
BB 1
	outgoing: 3 2 
	datadep: 
	instructions:
BB 2
	outgoing: 3 
	datadep: 
	instructions:
		 0: 
		 1: 
		 2: 
		 3: 
		 4: 
		 5: 
		 6: %self->params %self[2.0,] 
		 7: %v_3[2.6,] 
		 8: %self->render_theme_item %self[2.0,] %v_4[2.7,] 
		 9: RETURN %v_5[2.8,] 
BB 3
	outgoing: 
	datadep: 
	instructions:

SET IRMethod, name = error
BB 1
	outgoing: 3 2 
	datadep: 
	instructions:
BB 2
	outgoing: 3 
	datadep: 
	instructions:
		 0: 
		 1: 
		 2: 
		 3: 
		 4: 
		 5: 
		 6: 
		 7: %self->render %self[2.0,] %v_3[2.6,] 
		 8: RETURN %v_4[2.7,] 
BB 3
	outgoing: 
	datadep: 
	instructions:

SET IRMethod, name = static_view_test
BB 1
	outgoing: 3 2 
	datadep: 
	instructions:
BB 2
	outgoing: 3 
	datadep: 
	instructions:
		 0: 
		 1: 
		 2: 
		 3: 
		 4: 
		 5: RETURN 
BB 3
	outgoing: 
	datadep: 
	instructions:

SET IRMethod, name = render_theme_item
BB 1
	outgoing: 16 2 
	datadep: 
	instructions:
BB 2
	outgoing: 3 4 
	datadep: 
	instructions:
		 0: 
		 1: 
		 2: 
		 3: 
		 4: 
		 5: 
		 6: 
		 7: 
		 8: mime[2.7,] 
BB 3
	outgoing: 4 
	datadep: 
	instructions:
		 0: 
BB 4
	outgoing: 5 6 
	datadep: 3 2 3 2 3 2 
	instructions:
		 0: 
		 1: mime[3.0,2.7,] 
		 2: mime[3.0,2.7,] 
		 3: BRANCH mime[3.0,2.7,] 
BB 5
	outgoing: 6 
	datadep: 2 2 2 2 
	instructions:
		 0: %self->mime_for %self[2.0,2.0,] file[2.6,2.6,] 
		 1: %v_5[5.0,] 
		 2: %v_5[5.0,] 
BB 6
	outgoing: 7 8 
	datadep: 2 2 2 2 
	instructions:
		 0: 
		 1: 
		 2: file->split file[2.6,2.6,2.6,2.6,] 
		 3: 
		 4: %v_7->include? %v_8[6.3,] %v_7[6.2,] 
		 5: BRANCH %v_9[6.4,] 
BB 7
	outgoing: 16 
	datadep: 2 2 2 2 
	instructions:
		 0: 
		 1: 
		 2: 
		 3: %self->render %self[2.0,2.0,2.0,2.0,] %v_10[7.1,] %v_11[7.2,] 
		 4: RETURN %v_12[7.3,] 
BB 8
	outgoing: 10 11 
	datadep: 2 2 2 2 
	instructions:
		 0: 
		 1: 
		 2: %self->this_blog %self[2.0,2.0,2.0,2.0,] 
		 3: %v_14->current_theme %v_14[8.2,] 
		 4: %v_15->path %v_15[8.3,] 
		 5: 
		 6: 
		 7: %v_17[8.5,] %v_18[8.6,] 
		 8: %v_16[8.4,] %v_19[8.7,] 
		 9: %v_20[8.8,] 
		 10: 
		 11: (File) 
		 12: %v_21->exist? %v_20[8.8,] %v_21[8.11,] 
		 13: BRANCH %v_22[8.12,] 
BB 10
	outgoing: 13 14 
	datadep: 2 2 2 2 
	instructions:
		 0: 
		 1: 
		 2: %self->perform_caching %self[2.0,2.0,2.0,2.0,] 
		 3: BRANCH %v_27[10.2,] 
BB 11
	outgoing: 16 
	datadep: 2 2 2 2 
	instructions:
		 0: 
		 1: 
		 2: %self->render %v_25[11.1,] %self[2.0,2.0,2.0,2.0,] 
		 3: RETURN %v_26[11.2,] 
BB 13
	outgoing: 15 
	datadep: 8 2 2 2 2 
	instructions:
		 0: (File) 
		 1: %v_28->read %v_28[13.0,] src[8.9,] 
		 2: %self->cache_page %self[2.0,2.0,2.0,2.0,] %v_29[13.1,] 
		 3: 
BB 14
	outgoing: 15 
	datadep: 
	instructions:
		 0: 
BB 15
	outgoing: 16 
	datadep: 2 2 2 2 2 2 8 8 
	instructions:
		 0: 
		 1: 
		 2: 
		 3: %self->send_file %self[2.0,2.0,2.0,2.0,2.0,2.0,] src[8.9,8.9,] %v_32[15.2,] 
		 4: RETURN %v_33[15.3,] 
BB 16
	outgoing: 
	datadep: 
	instructions:

SET IRMethod, name = mime_for
BB 1
	outgoing: 17 2 
	datadep: 
	instructions:
BB 2
	outgoing: 3 9 
	datadep: 
	instructions:
		 0: 
		 1: 
		 2: 
		 3: 
		 4: 
		 5: 
		 6: 
		 7: filename->downcase filename[2.5,] 
		 8: 
		 9: %v_3[2.7,] 
		 10: BRANCH %v_5[2.9,] 
BB 3
	outgoing: 4 10 
	datadep: 2 
	instructions:
		 0: 
		 1: %v_3[2.7,] 
		 2: BRANCH %v_7[3.1,] 
BB 4
	outgoing: 5 11 
	datadep: 2 
	instructions:
		 0: 
		 1: %v_3[2.7,] 
		 2: BRANCH %v_9[4.1,] 
BB 5
	outgoing: 6 12 
	datadep: 2 
	instructions:
		 0: 
		 1: %v_3[2.7,] 
		 2: BRANCH %v_11[5.1,] 
BB 6
	outgoing: 7 13 
	datadep: 2 
	instructions:
		 0: 
		 1: %v_3[2.7,] 
		 2: BRANCH %v_13[6.1,] 
BB 7
	outgoing: 8 14 
	datadep: 2 
	instructions:
		 0: 
		 1: %v_3[2.7,] 
		 2: BRANCH %v_15[7.1,] 
BB 8
	outgoing: 17 
	datadep: 
	instructions:
		 0: 
		 1: 
		 2: %v_23[8.1,] 
		 3: RETURN %v_23[8.1,] 
BB 9
	outgoing: 17 
	datadep: 
	instructions:
		 0: 
		 1: 
		 2: %v_17[9.1,] 
		 3: RETURN %v_17[9.1,] 
BB 10
	outgoing: 17 
	datadep: 
	instructions:
		 0: 
		 1: 
		 2: %v_18[10.1,] 
		 3: RETURN %v_18[10.1,] 
BB 11
	outgoing: 17 
	datadep: 
	instructions:
		 0: 
		 1: 
		 2: %v_19[11.1,] 
		 3: RETURN %v_19[11.1,] 
BB 12
	outgoing: 17 
	datadep: 
	instructions:
		 0: 
		 1: 
		 2: %v_20[12.1,] 
		 3: RETURN %v_20[12.1,] 
BB 13
	outgoing: 17 
	datadep: 
	instructions:
		 0: 
		 1: 
		 2: %v_21[13.1,] 
		 3: RETURN %v_21[13.1,] 
BB 14
	outgoing: 17 
	datadep: 
	instructions:
		 0: 
		 1: 
		 2: %v_22[14.1,] 
		 3: RETURN %v_22[14.1,] 
BB 17
	outgoing: 
	datadep: 
	instructions:

