digraph sketch {
	n20 [label=<<i>20__ User(User)   where</i>> color=blue]; 
	n20 -> n21 [label="0"]
	n21 [label=<<i>21__ User where( session_token =) session( u) to_s)   first</i>> color=blue]; 
	n109 [label=<<i>109__ self(ApplicationController)   params</i>> color=crimson]; 
	n142 [label=<<i>142__ self lock(true) where( key =) key)   first</i>> color=blue]; 
	n143 [label=<<i>143__ self lock(true)   where</i>> color=blue]; 
	n144 [label=<<i>144__ self(Keystore)   lock</i>> color=blue]; 
	n151 [label=<<i>151__ key   where</i>> color=blue]; 
	n153 [label=<<i>153__ kv(Keystore)   save!</i>> color=blue]; 
	n184 [label=<<i>184__ traffic_kv(Keystore)   value</i>> color=darkorange]; 
	n184 -> n186 [label="0"]
	n186 [label=<<i>186__ traffic_kv(Keystore)   save!</i>> color=blue]; 
	n188 [label=<<i>188__ date_kv(Keystore)   value</i>> color=darkorange]; 
	n188 -> n190 [label="0"]
	n190 [label=<<i>190__ date_kv(Keystore)   save!</i>> color=blue]; 
	n222 [label=<<i>222__ s(Story)   fetching_ip</i>> color=darkorange]; 
	n222 -> n396 [label="5"]
	n222 -> n317 [label="7"]
	n222 -> n294 [label="8"]
	n224 [label=<<i>224__ self(StoriesController)   params</i>> color=crimson]; 
	n224 -> n226 [label="1"]
	n226 [label=<<i>226__ s(Story)   url</i>> color=darkorange]; 
	n226 -> n396 [label="5"]
	n226 -> n317 [label="7"]
	n226 -> n294 [label="8"]
	n228 [label=<<i>228__ self(StoriesController)   params</i>> color=crimson]; 
	n294 [label=<<i>294__ _self(Story)   fetched_content</i>> color=darkorange]; 
	n294 -> n317 [label="4"]
	n294 -> n396 [label="7"]
	n317 [label=<<i>317__ _self(Story)   parsed_content</i>> color=darkorange]; 
	n396 [label=<<i>396__ doc at_css("title")   try</i>> color=blue]; 
}