digraph sketch {
	n21 [label=<<i>21__ _self -> session</i>> color=crimson]; 
	n26 [label=<<i>26__ _self -> session</i>> color=crimson]; 
	n26 -> n30 [label="3"]
	n30 [label=<<i>30__ _v_5 -> where</i>> color=blue]; 
	n30 -> n31 [label="0"]
	n31 [label=<<i>31__ _v_10 -> first</i>> color=blue]; 
	n97 [label=<<i>97__ _self -> params</i>> color=crimson]; 
	n141 [label=<<i>141__ _self -> lock</i>> color=blue]; 
	n141 -> n143 [label="0"]
	n143 [label=<<i>143__ _cl_1_3 -> where</i>> color=blue]; 
	n143 -> n144 [label="0"]
	n144 [label=<<i>144__ _cl_1_5 -> first</i>> color=blue]; 
	n144 -> n172 [label="1"]
	n172 [label=<<i>172__ kv -> save!</i>> color=blue]; 
	n241 [label=<<i>241__ traffic_kv -> save!</i>> color=blue]; 
	n245 [label=<<i>245__ date_kv -> save!</i>> color=blue]; 
	n289 [label=<<i>289__ _self -> params</i>> color=crimson]; 
	n346 [label=<<i>346__ traffic_kv -> save!</i>> color=blue]; 
	n350 [label=<<i>350__ date_kv -> save!</i>> color=blue]; 
	n376 [label=<<i>376__ _self -> session</i>> color=crimson]; 
	n381 [label=<<i>381__ _self -> session</i>> color=crimson]; 
	n381 -> n385 [label="3"]
	n385 [label=<<i>385__ _v_5 -> where</i>> color=blue]; 
	n385 -> n386 [label="0"]
	n386 [label=<<i>386__ _v_10 -> first</i>> color=blue]; 
	n419 [label=<<i>419__ _self -> params</i>> color=crimson]; 
	n424 [label=<<i>424__ _self -> params</i>> color=crimson]; 
	n424 -> n427 [label="2"]
	n427 [label=<<i>427__ _v_5 -> where</i>> color=blue]; 
	n427 -> n428 [label="0"]
	n428 [label=<<i>428__ _v_9 -> first!</i>> color=blue]; 
	n428 -> n515 [label="4"]
	n428 -> n501 [label="5"]
	n428 -> n490 [label="6"]
	n490 [label=<<i>490__ _v_3 -> group</i>> color=blue]; 
	n490 -> n492 [label="0"]
	n492 [label=<<i>492__ _v_4 -> order</i>> color=blue]; 
	n492 -> n493 [label="0"]
	n493 [label=<<i>493__ _v_6 -> limit</i>> color=blue]; 
	n493 -> n501 [label="3"]
	n501 [label=<<i>501__ _v_39 -> where</i>> color=blue]; 
	n501 -> n502 [label="0"]
	n502 [label=<<i>502__ _v_41 -> includes</i>> color=blue]; 
	n502 -> n515 [label="2"]
	n515 [label=<<i>515__ _self -> order</i>> color=blue]; 
	n515 -> n516 [label="0"]
	n516 [label=<<i>516__ _v_4 -> group_by</i>> color=blue]; 
	n610 [label=<<i>610__ _self -> params</i>> color=crimson]; 
	n615 [label=<<i>615__ _self -> params</i>> color=crimson]; 
	n615 -> n618 [label="2"]
	n615 -> n1634 [label="14"]
	n615 -> n1642 [label="14"]
	n615 -> n1485 [label="15"]
	n618 [label=<<i>618__ _v_5 -> where</i>> color=blue]; 
	n618 -> n619 [label="0"]
	n619 [label=<<i>619__ _v_9 -> first!</i>> color=blue]; 
	n619 -> n676 [label="5"]
	n619 -> n721 [label="8"]
	n619 -> n1460 [label="8"]
	n619 -> n1466 [label="8"]
	n619 -> n1634 [label="11"]
	n619 -> n1642 [label="11"]
	n619 -> n1485 [label="12"]
	n676 [label=<<i>676__ _v_39 -> where</i>> color=blue]; 
	n676 -> n677 [label="0"]
	n677 [label=<<i>677__ _v_41 -> includes</i>> color=blue]; 
	n677 -> n721 [label="6"]
	n677 -> n1460 [label="6"]
	n677 -> n1466 [label="6"]
	n677 -> n1634 [label="15"]
	n677 -> n1642 [label="15"]
	n677 -> n1485 [label="16"]
	n721 [label=<<i>721__ _v_4 -> where</i>> color=blue]; 
	n721 -> n723 [label="0"]
	n723 [label=<<i>723__ _v_6 -> where</i>> color=blue]; 
	n1460 [label=<<i>1460__ _cl_3_111 -> try</i>> color=blue]; 
	n1466 [label=<<i>1466__ _cl_3_114 -> try</i>> color=blue]; 
	n1485 [label=<<i>1485__ _v_4 -> where</i>> color=blue]; 
	n1634 [label=<<i>1634__ _v_5 -> try</i>> color=blue]; 
	n1634 -> n1635 [label="0"]
	n1635 [label=<<i>1635__ _v_6 -> try</i>> color=blue]; 
	n1642 [label=<<i>1642__ _v_12 -> try</i>> color=blue]; 
	n1982 [label=<<i>1982__ _cl_3_111 -> try</i>> color=blue]; 
	n1988 [label=<<i>1988__ _cl_3_114 -> try</i>> color=blue]; 
}