	User_is_banned__BB1 -> User_is_banned__BB3 [ color=blue ];
	User_is_banned__BB1 -> User_is_banned__BB2 [ color=blue ];
	User_is_banned__BB2 -> User_is_banned__BB3 [ color=blue ];
	User_is_active__BB1 -> User_is_active__BB5 [ color=blue ];
	User_is_active__BB1 -> User_is_active__BB2 [ color=blue ];
	User_is_active__BB2 -> User_is_active__BB3 [ color=blue ];
	User_is_active__BB2 -> User_is_active__BB4 [ color=blue ];
	User_is_active__BB3 -> User_is_active__BB4 [ color=blue ];
	User_is_active__BB4 -> User_is_active__BB5 [ color=blue ];
	ApplicationController_authenticate_user__BB1 -> ApplicationController_authenticate_user__BB10 [ color=blue ];
	ApplicationController_authenticate_user__BB1 -> ApplicationController_authenticate_user__BB2 [ color=blue ];
	ApplicationController_authenticate_user__BB2 -> ApplicationController_authenticate_user__BB3 [ color=blue ];
	ApplicationController_authenticate_user__BB2 -> ApplicationController_authenticate_user__BB4 [ color=blue ];
	ApplicationController_authenticate_user__BB3 -> ApplicationController_authenticate_user__BB4 [ color=blue ];
	ApplicationController_authenticate_user__BB4 -> ApplicationController_authenticate_user__BB5 [ color=blue ];
	ApplicationController_authenticate_user__BB4 -> ApplicationController_authenticate_user__BB6 [ color=blue ];
	ApplicationController_authenticate_user__BB5 -> ApplicationController_authenticate_user__BB6 [ color=blue ];
	ApplicationController_authenticate_user__BB6 -> ApplicationController_authenticate_user__BB7 [ color=blue ];
	ApplicationController_authenticate_user__BB6 -> ApplicationController_authenticate_user__BB8 [ color=blue ];
	ApplicationController_authenticate_user__BB7 -> ApplicationController_authenticate_user__BB9 [ color=blue ];
	ApplicationController_authenticate_user__BB8 -> ApplicationController_authenticate_user__BB9 [ color=blue ];
	ApplicationController_authenticate_user__BB9 -> ApplicationController_authenticate_user__BB10 [ color=blue ];
	ApplicationController_user_is_spider__BB1 -> ApplicationController_user_is_spider__BB5 [ color=blue ];
	ApplicationController_user_is_spider__BB1 -> ApplicationController_user_is_spider__BB2 [ color=blue ];
	ApplicationController_user_is_spider__BB2 -> ApplicationController_user_is_spider__BB3 [ color=blue ];
	ApplicationController_user_is_spider__BB2 -> ApplicationController_user_is_spider__BB4 [ color=blue ];
	ApplicationController_user_is_spider__BB3 -> ApplicationController_user_is_spider__BB5 [ color=blue ];
	ApplicationController_user_is_spider__BB4 -> ApplicationController_user_is_spider__BB5 [ color=blue ];
	Keystore_find_or_create_key_for_update_695054_closure0_BB1 -> Keystore_find_or_create_key_for_update_695054_closure0_BB8 [ color=blue ];
	Keystore_find_or_create_key_for_update_695054_closure0_BB1 -> Keystore_find_or_create_key_for_update_695054_closure0_BB2 [ color=blue ];
	Keystore_find_or_create_key_for_update_695054_closure0_BB2 -> Keystore_find_or_create_key_for_update_695054_closure0_BB4 [ color=blue ];
	Keystore_find_or_create_key_for_update_695054_closure0_BB2 -> Keystore_find_or_create_key_for_update_695054_closure0_BB5 [ color=blue ];
	Keystore_find_or_create_key_for_update_695054_closure0_BB2 -> Keystore_find_or_create_key_for_update_695054_closure0_BB6 [ color=blue ];
	Keystore_find_or_create_key_for_update_695054_closure0_BB4 -> Keystore_find_or_create_key_for_update_695054_closure0_BB5 [ color=blue ];
	Keystore_find_or_create_key_for_update_695054_closure0_BB5 -> Keystore_find_or_create_key_for_update_695054_closure0_BB6 [ color=blue ];
	Keystore_find_or_create_key_for_update_695054_closure0_BB5 -> Keystore_find_or_create_key_for_update_695054_closure0_BB8 [ color=blue ];
	Keystore_find_or_create_key_for_update_695054_closure0_BB5:f0 -> Keystore_find_or_create_key_for_update_339334_closure0_closure1_BB1 [color=blue ];
	Keystore_find_or_create_key_for_update_339334_closure0_closure1_BB20:f0 -> Keystore_find_or_create_key_for_update_695054_closure0_BB5 [color=blue ];
	Keystore_find_or_create_key_for_update_339334_closure0_closure1_BB1 -> Keystore_find_or_create_key_for_update_339334_closure0_closure1_BB20 [ color=blue ];
	Keystore_find_or_create_key_for_update_339334_closure0_closure1_BB1 -> Keystore_find_or_create_key_for_update_339334_closure0_closure1_BB2 [ color=blue ];
	Keystore_find_or_create_key_for_update_339334_closure0_closure1_BB2 -> Keystore_find_or_create_key_for_update_339334_closure0_closure1_BB3 [ color=blue ];
	Keystore_find_or_create_key_for_update_339334_closure0_closure1_BB3 -> Keystore_find_or_create_key_for_update_339334_closure0_closure1_BB4 [ color=blue ];
	Keystore_find_or_create_key_for_update_339334_closure0_closure1_BB3 -> Keystore_find_or_create_key_for_update_339334_closure0_closure1_BB5 [ color=blue ];
	Keystore_find_or_create_key_for_update_339334_closure0_closure1_BB3 -> Keystore_find_or_create_key_for_update_339334_closure0_closure1_BB18 [ color=blue ];
	Keystore_find_or_create_key_for_update_339334_closure0_closure1_BB4 -> Keystore_find_or_create_key_for_update_339334_closure0_closure1_BB18 [ color=blue ];
	Keystore_find_or_create_key_for_update_339334_closure0_closure1_BB4 -> Keystore_find_or_create_key_for_update_339334_closure0_closure1_BB20 [ color=blue ];
	Keystore_find_or_create_key_for_update_339334_closure0_closure1_BB5 -> Keystore_find_or_create_key_for_update_339334_closure0_closure1_BB7 [ color=blue ];
	Keystore_find_or_create_key_for_update_339334_closure0_closure1_BB7 -> Keystore_find_or_create_key_for_update_339334_closure0_closure1_BB9 [ color=blue ];
	Keystore_find_or_create_key_for_update_339334_closure0_closure1_BB7 -> Keystore_find_or_create_key_for_update_339334_closure0_closure1_BB10 [ color=blue ];
	Keystore_find_or_create_key_for_update_339334_closure0_closure1_BB7:f0 -> Keystore_find_or_create_key_for_update_662770_closure0_closure1_closure2_BB1 [color=blue ];
	Keystore_find_or_create_key_for_update_662770_closure0_closure1_closure2_BB6:f0 -> Keystore_find_or_create_key_for_update_339334_closure0_closure1_BB7 [color=blue ];
	Keystore_find_or_create_key_for_update_662770_closure0_closure1_closure2_BB1 -> Keystore_find_or_create_key_for_update_662770_closure0_closure1_closure2_BB6 [ color=blue ];
	Keystore_find_or_create_key_for_update_662770_closure0_closure1_closure2_BB1 -> Keystore_find_or_create_key_for_update_662770_closure0_closure1_closure2_BB2 [ color=blue ];
	Keystore_find_or_create_key_for_update_662770_closure0_closure1_closure2_BB2 -> Keystore_find_or_create_key_for_update_662770_closure0_closure1_closure2_BB3 [ color=blue ];
	Keystore_find_or_create_key_for_update_662770_closure0_closure1_closure2_BB3 -> Keystore_find_or_create_key_for_update_662770_closure0_closure1_closure2_BB4 [ color=blue ];
	Keystore_find_or_create_key_for_update_662770_closure0_closure1_closure2_BB3 -> Keystore_find_or_create_key_for_update_662770_closure0_closure1_closure2_BB6 [ color=blue ];
	Keystore_find_or_create_key_for_update_662770_closure0_closure1_closure2_BB4 -> Keystore_find_or_create_key_for_update_662770_closure0_closure1_closure2_BB6 [ color=blue ];
	Keystore_find_or_create_key_for_update_662770_closure0_closure1_closure2_BB6 -> Keystore_find_or_create_key_for_update_662770_closure0_closure1_closure2_BB1 [color=blue ];
	Keystore_find_or_create_key_for_update_339334_closure0_closure1_BB9 -> Keystore_find_or_create_key_for_update_339334_closure0_closure1_BB17 [ color=blue ];
	Keystore_find_or_create_key_for_update_339334_closure0_closure1_BB10 -> Keystore_find_or_create_key_for_update_339334_closure0_closure1_BB11 [ color=blue ];
	Keystore_find_or_create_key_for_update_339334_closure0_closure1_BB10 -> Keystore_find_or_create_key_for_update_339334_closure0_closure1_BB12 [ color=blue ];
	Keystore_find_or_create_key_for_update_339334_closure0_closure1_BB10 -> Keystore_find_or_create_key_for_update_339334_closure0_closure1_BB16 [ color=blue ];
	Keystore_find_or_create_key_for_update_339334_closure0_closure1_BB11 -> Keystore_find_or_create_key_for_update_339334_closure0_closure1_BB12 [ color=blue ];
	Keystore_find_or_create_key_for_update_339334_closure0_closure1_BB11 -> Keystore_find_or_create_key_for_update_339334_closure0_closure1_BB16 [ color=blue ];
	Keystore_find_or_create_key_for_update_339334_closure0_closure1_BB12 -> Keystore_find_or_create_key_for_update_339334_closure0_closure1_BB13 [ color=blue ];
	Keystore_find_or_create_key_for_update_339334_closure0_closure1_BB12 -> Keystore_find_or_create_key_for_update_339334_closure0_closure1_BB14 [ color=blue ];
	Keystore_find_or_create_key_for_update_339334_closure0_closure1_BB12 -> Keystore_find_or_create_key_for_update_339334_closure0_closure1_BB16 [ color=blue ];
	Keystore_find_or_create_key_for_update_339334_closure0_closure1_BB13 -> Keystore_find_or_create_key_for_update_339334_closure0_closure1_BB16 [ color=blue ];
	Keystore_find_or_create_key_for_update_339334_closure0_closure1_BB13 -> Keystore_find_or_create_key_for_update_339334_closure0_closure1_BB20 [ color=blue ];
	Keystore_find_or_create_key_for_update_339334_closure0_closure1_BB14 -> Keystore_find_or_create_key_for_update_339334_closure0_closure1_BB15 [ color=blue ];
	Keystore_find_or_create_key_for_update_339334_closure0_closure1_BB14 -> Keystore_find_or_create_key_for_update_339334_closure0_closure1_BB16 [ color=blue ];
	Keystore_find_or_create_key_for_update_339334_closure0_closure1_BB15 -> Keystore_find_or_create_key_for_update_339334_closure0_closure1_BB17 [ color=blue ];
	Keystore_find_or_create_key_for_update_339334_closure0_closure1_BB16 -> Keystore_find_or_create_key_for_update_339334_closure0_closure1_BB18 [ color=blue ];
	Keystore_find_or_create_key_for_update_339334_closure0_closure1_BB16 -> Keystore_find_or_create_key_for_update_339334_closure0_closure1_BB20 [ color=blue ];
	Keystore_find_or_create_key_for_update_339334_closure0_closure1_BB17 -> Keystore_find_or_create_key_for_update_339334_closure0_closure1_BB20 [ color=blue ];
	Keystore_find_or_create_key_for_update_339334_closure0_closure1_BB18 -> Keystore_find_or_create_key_for_update_339334_closure0_closure1_BB20 [ color=blue ];
	Keystore_find_or_create_key_for_update_339334_closure0_closure1_BB20 -> Keystore_find_or_create_key_for_update_339334_closure0_closure1_BB1 [color=blue ];
	Keystore_find_or_create_key_for_update_695054_closure0_BB6 -> Keystore_find_or_create_key_for_update_695054_closure0_BB8 [ color=blue ];
	ApplicationController_increase_traffic_counter__BB1 -> ApplicationController_increase_traffic_counter__BB8 [ color=blue ];
	ApplicationController_increase_traffic_counter__BB1 -> ApplicationController_increase_traffic_counter__BB2 [ color=blue ];
	ApplicationController_increase_traffic_counter__BB2 -> ApplicationController_increase_traffic_counter__BB3 [ color=blue ];
	ApplicationController_increase_traffic_counter__BB2 -> ApplicationController_increase_traffic_counter__BB4 [ color=blue ];
	ApplicationController_increase_traffic_counter__BB3 -> ApplicationController_increase_traffic_counter__BB4 [ color=blue ];
	ApplicationController_increase_traffic_counter__BB4 -> ApplicationController_increase_traffic_counter__BB5 [ color=blue ];
	ApplicationController_increase_traffic_counter__BB4 -> ApplicationController_increase_traffic_counter__BB6 [ color=blue ];
	ApplicationController_increase_traffic_counter__BB5 -> ApplicationController_increase_traffic_counter__BB8 [ color=blue ];
	ApplicationController_increase_traffic_counter__BB6 -> ApplicationController_increase_traffic_counter__BB8 [ color=blue ];
	ApplicationController_increase_traffic_counter__BB6:f0 -> ApplicationController_increase_traffic_counter_695054_closure0_BB1 [color=blue ];
	ApplicationController_increase_traffic_counter_695054_closure0_BB6:f0 -> ApplicationController_increase_traffic_counter__BB6 [color=blue ];
	ApplicationController_increase_traffic_counter_695054_closure0_BB1 -> ApplicationController_increase_traffic_counter_695054_closure0_BB6 [ color=blue ];
	ApplicationController_increase_traffic_counter_695054_closure0_BB1 -> ApplicationController_increase_traffic_counter_695054_closure0_BB2 [ color=blue ];
	ApplicationController_increase_traffic_counter_695054_closure0_BB2 -> ApplicationController_increase_traffic_counter_695054_closure0_BB3 [ color=blue ];
	ApplicationController_increase_traffic_counter_695054_closure0_BB3 -> ApplicationController_increase_traffic_counter_695054_closure0_BB4 [ color=blue ];
	ApplicationController_increase_traffic_counter_695054_closure0_BB3 -> ApplicationController_increase_traffic_counter_695054_closure0_BB6 [ color=blue ];
	ApplicationController_increase_traffic_counter_695054_closure0_BB4 -> ApplicationController_increase_traffic_counter_695054_closure0_BB6 [ color=blue ];
	ApplicationController_increase_traffic_counter_695054_closure0_BB6 -> ApplicationController_increase_traffic_counter_695054_closure0_BB1 [color=blue ];
	User_check_session_token__BB1 -> User_check_session_token__BB6 [ color=blue ];
	User_check_session_token__BB1 -> User_check_session_token__BB2 [ color=blue ];
	User_check_session_token__BB2 -> User_check_session_token__BB3 [ color=blue ];
	User_check_session_token__BB2 -> User_check_session_token__BB4 [ color=blue ];
	User_check_session_token__BB3 -> User_check_session_token__BB6 [ color=blue ];
	User_check_session_token__BB4 -> User_check_session_token__BB6 [ color=blue ];
	LoginController_login__BB1 -> LoginController_login__BB55 [ color=blue ];
	LoginController_login__BB1 -> LoginController_login__BB2 [ color=blue ];
	LoginController_login__BB2 -> LoginController_login__BB3 [ color=blue ];
	LoginController_login__BB2 -> LoginController_login__BB4 [ color=blue ];
	LoginController_login__BB3 -> LoginController_login__BB5 [ color=blue ];
	LoginController_login__BB4 -> LoginController_login__BB5 [ color=blue ];
	LoginController_login__BB5 -> LoginController_login__BB7 [ color=blue ];
	LoginController_login__BB7 -> LoginController_login__BB8 [ color=blue ];
	LoginController_login__BB7 -> LoginController_login__BB9 [ color=blue ];
	LoginController_login__BB7 -> LoginController_login__BB49 [ color=blue ];
	LoginController_login__BB8 -> LoginController_login__BB10 [ color=blue ];
	LoginController_login__BB8 -> LoginController_login__BB49 [ color=blue ];
	LoginController_login__BB9 -> LoginController_login__BB10 [ color=blue ];
	LoginController_login__BB10 -> LoginController_login__BB11 [ color=blue ];
	LoginController_login__BB10 -> LoginController_login__BB12 [ color=blue ];
	LoginController_login__BB10 -> LoginController_login__BB49 [ color=blue ];
	LoginController_login__BB11 -> LoginController_login__BB13 [ color=blue ];
	LoginController_login__BB11 -> LoginController_login__BB49 [ color=blue ];
	LoginController_login__BB12 -> LoginController_login__BB13 [ color=blue ];
	LoginController_login__BB13 -> LoginController_login__BB14 [ color=blue ];
	LoginController_login__BB13 -> LoginController_login__BB15 [ color=blue ];
	LoginController_login__BB13 -> LoginController_login__BB49 [ color=blue ];
	LoginController_login__BB14 -> LoginController_login__BB16 [ color=blue ];
	LoginController_login__BB14 -> LoginController_login__BB49 [ color=blue ];
	LoginController_login__BB15 -> LoginController_login__BB16 [ color=blue ];
	LoginController_login__BB16 -> LoginController_login__BB17 [ color=blue ];
	LoginController_login__BB16 -> LoginController_login__BB18 [ color=blue ];
	LoginController_login__BB16 -> LoginController_login__BB49 [ color=blue ];
	LoginController_login__BB17 -> LoginController_login__BB19 [ color=blue ];
	LoginController_login__BB17 -> LoginController_login__BB49 [ color=blue ];
	LoginController_login__BB18 -> LoginController_login__BB19 [ color=blue ];
	LoginController_login__BB19 -> LoginController_login__BB20 [ color=blue ];
	LoginController_login__BB19 -> LoginController_login__BB21 [ color=blue ];
	LoginController_login__BB19 -> LoginController_login__BB49 [ color=blue ];
	LoginController_login__BB20 -> LoginController_login__BB21 [ color=blue ];
	LoginController_login__BB20 -> LoginController_login__BB49 [ color=blue ];
	LoginController_login__BB21 -> LoginController_login__BB22 [ color=blue ];
	LoginController_login__BB21 -> LoginController_login__BB23 [ color=blue ];
	LoginController_login__BB21 -> LoginController_login__BB49 [ color=blue ];
	LoginController_login__BB22 -> LoginController_login__BB23 [ color=blue ];
	LoginController_login__BB22 -> LoginController_login__BB49 [ color=blue ];
	LoginController_login__BB23 -> LoginController_login__BB24 [ color=blue ];
	LoginController_login__BB23 -> LoginController_login__BB25 [ color=blue ];
	LoginController_login__BB23 -> LoginController_login__BB49 [ color=blue ];
	LoginController_login__BB24 -> LoginController_login__BB26 [ color=blue ];
	LoginController_login__BB24 -> LoginController_login__BB49 [ color=blue ];
	LoginController_login__BB25 -> LoginController_login__BB26 [ color=blue ];
	LoginController_login__BB26 -> LoginController_login__BB27 [ color=blue ];
	LoginController_login__BB26 -> LoginController_login__BB29 [ color=blue ];
	LoginController_login__BB26 -> LoginController_login__BB49 [ color=blue ];
	LoginController_login__BB27 -> LoginController_login__BB28 [ color=blue ];
	LoginController_login__BB27 -> LoginController_login__BB49 [ color=blue ];
	LoginController_login__BB28 -> LoginController_login__BB55 [ color=blue ];
	LoginController_login__BB29 -> LoginController_login__BB30 [ color=blue ];
	LoginController_login__BB29 -> LoginController_login__BB45 [ color=blue ];
	LoginController_login__BB29 -> LoginController_login__BB49 [ color=blue ];
	LoginController_login__BB30 -> LoginController_login__BB32 [ color=blue ];
	LoginController_login__BB32 -> LoginController_login__BB33 [ color=blue ];
	LoginController_login__BB32 -> LoginController_login__BB36 [ color=blue ];
	LoginController_login__BB32 -> LoginController_login__BB39 [ color=blue ];
	LoginController_login__BB33 -> LoginController_login__BB34 [ color=blue ];
	LoginController_login__BB33 -> LoginController_login__BB39 [ color=blue ];
	LoginController_login__BB34 -> LoginController_login__BB35 [ color=blue ];
	LoginController_login__BB34 -> LoginController_login__BB49 [ color=blue ];
	LoginController_login__BB35 -> LoginController_login__BB55 [ color=blue ];
	LoginController_login__BB36 -> LoginController_login__BB37 [ color=blue ];
	LoginController_login__BB37 -> LoginController_login__BB38 [ color=blue ];
	LoginController_login__BB37 -> LoginController_login__BB39 [ color=blue ];
	LoginController_login__BB38 -> LoginController_login__BB44 [ color=blue ];
	LoginController_login__BB39 -> LoginController_login__BB40 [ color=blue ];
	LoginController_login__BB39 -> LoginController_login__BB41 [ color=blue ];
	LoginController_login__BB39 -> LoginController_login__BB43 [ color=blue ];
	LoginController_login__BB40 -> LoginController_login__BB43 [ color=blue ];
	LoginController_login__BB40 -> LoginController_login__BB55 [ color=blue ];
	LoginController_login__BB41 -> LoginController_login__BB42 [ color=blue ];
	LoginController_login__BB41 -> LoginController_login__BB43 [ color=blue ];
	LoginController_login__BB42 -> LoginController_login__BB44 [ color=blue ];
	LoginController_login__BB43 -> LoginController_login__BB49 [ color=blue ];
	LoginController_login__BB43 -> LoginController_login__BB55 [ color=blue ];
	LoginController_login__BB44 -> LoginController_login__BB46 [ color=blue ];
	LoginController_login__BB45 -> LoginController_login__BB46 [ color=blue ];
	LoginController_login__BB46 -> LoginController_login__BB47 [ color=blue ];
	LoginController_login__BB47 -> LoginController_login__BB48 [ color=blue ];
	LoginController_login__BB47 -> LoginController_login__BB49 [ color=blue ];
	LoginController_login__BB48 -> LoginController_login__BB55 [ color=blue ];
	LoginController_login__BB49 -> LoginController_login__BB50 [ color=blue ];
	LoginController_login__BB49 -> LoginController_login__BB51 [ color=blue ];
	LoginController_login__BB49 -> LoginController_login__BB53 [ color=blue ];
	LoginController_login__BB50 -> LoginController_login__BB53 [ color=blue ];
	LoginController_login__BB50 -> LoginController_login__BB55 [ color=blue ];
	LoginController_login__BB51 -> LoginController_login__BB52 [ color=blue ];
	LoginController_login__BB51 -> LoginController_login__BB53 [ color=blue ];
	LoginController_login__BB52 -> LoginController_login__BB55 [ color=blue ];
	LoginController_login__BB53 -> LoginController_login__BB55 [ color=blue ];
