SET IRMethod, name = cms_text_field
BB 1
	outgoing: 5 2 
	datadep: 
	instructions:
BB 2
	outgoing: 3 4 
	datadep: 
	instructions:
		 0: def_%self 
		 1: def_%v_0 
		 2: COPY TYPE_CurrentScope def_%current_scope 
		 3: COPY TYPE_ScopeModule def_%current_module 
		 4: 
		 5: RECEIVEARG def_method 
		 6: def_options 
		 7: options[2.6,] 
BB 3
	outgoing: 4 
	datadep: 
	instructions:
		 0: HASH- def_%v_3 
		 1: COPY TYPE_PASS def_options %v_3[3.0,] 
BB 4
	outgoing: 5 
	datadep: 
	instructions:
		 0: 
		 1: COPY TYPE_StringLiteral def_%v_4 
		 2: COPY TYPE_StringLiteral def_%v_5 
		 3: BUILDSTRING def_%v_6 %v_4[4.1,] method[2.5,] %v_5[4.2,] 
		 4: %self->method_deprecated_use_instead def_%v_7 %self[2.0,] %v_6[4.3,] 	 ARGS:Symbol,%v_6,
		 5: 
		 6: %self->input def_%v_8 %self[4.4,2.0,] method[2.5,] options[3.1,2.6,] 	 ARGS:method,options,
		 7: RETURN %v_8[4.6,] %self[4.4,4.6,2.0,] 
BB 5
	outgoing: 
	datadep: 
	instructions:

SET IRMethod, name = cms_text_editor
BB 1
	outgoing: 5 2 
	datadep: 
	instructions:
BB 2
	outgoing: 3 4 
	datadep: 
	instructions:
		 0: def_%self 
		 1: def_%v_0 
		 2: COPY TYPE_CurrentScope def_%current_scope 
		 3: COPY TYPE_ScopeModule def_%current_module 
		 4: 
		 5: RECEIVEARG def_method 
		 6: def_options 
		 7: options[2.6,] 
BB 3
	outgoing: 4 
	datadep: 
	instructions:
		 0: HASH- def_%v_3 
		 1: COPY TYPE_PASS def_options %v_3[3.0,] 
BB 4
	outgoing: 5 
	datadep: 
	instructions:
		 0: 
		 1: COPY TYPE_StringLiteral def_%v_4 
		 2: COPY TYPE_StringLiteral def_%v_5 
		 3: BUILDSTRING def_%v_6 %v_4[4.1,] method[2.5,] %v_5[4.2,] 
		 4: %self->method_deprecated_use_instead def_%v_7 %self[2.0,] %v_6[4.3,] 	 ARGS:Symbol,%v_6,
		 5: 
		 6: HASH-as- def_%v_8 
		 7: options->merge def_%v_9 options[3.1,2.6,] %v_8[4.6,] 	 ARGS:%v_8,
		 8: %self->input def_%v_10 %self[4.4,2.0,] method[2.5,] %v_9[4.7,] 	 ARGS:method,%v_9,
		 9: RETURN %v_10[4.8,] %self[4.4,4.8,2.0,] 
BB 5
	outgoing: 
	datadep: 
	instructions:

SET IRMethod, name = template_editor
BB 1
	outgoing: 5 2 
	datadep: 
	instructions:
BB 2
	outgoing: 3 4 
	datadep: 
	instructions:
		 0: def_%self 
		 1: def_%v_0 
		 2: COPY TYPE_CurrentScope def_%current_scope 
		 3: COPY TYPE_ScopeModule def_%current_module 
		 4: 
		 5: RECEIVEARG def_method 
		 6: def_options 
		 7: options[2.6,] 
BB 3
	outgoing: 4 
	datadep: 
	instructions:
		 0: HASH- def_%v_3 
		 1: COPY TYPE_PASS def_options %v_3[3.0,] 
BB 4
	outgoing: 5 
	datadep: 
	instructions:
		 0: 
		 1: COPY TYPE_StringLiteral def_%v_4 
		 2: COPY TYPE_StringLiteral def_%v_5 
		 3: BUILDSTRING def_%v_6 %v_4[4.1,] method[2.5,] %v_5[4.2,] 
		 4: %self->method_deprecated_use_instead def_%v_7 %self[2.0,] %v_6[4.3,] 	 ARGS:Symbol,%v_6,
		 5: 
		 6: HASH-as- def_%v_8 
		 7: options->merge def_%v_9 options[3.1,2.6,] %v_8[4.6,] 	 ARGS:%v_8,
		 8: %self->input def_%v_10 %self[4.4,2.0,] method[2.5,] %v_9[4.7,] 	 ARGS:method,%v_9,
		 9: RETURN %v_10[4.8,] %self[4.4,4.8,2.0,] 
BB 5
	outgoing: 
	datadep: 
	instructions:

SET IRMethod, name = cms_file_field
BB 1
	outgoing: 5 2 
	datadep: 
	instructions:
BB 2
	outgoing: 3 4 
	datadep: 
	instructions:
		 0: def_%self 
		 1: def_%v_0 
		 2: COPY TYPE_CurrentScope def_%current_scope 
		 3: COPY TYPE_ScopeModule def_%current_module 
		 4: 
		 5: RECEIVEARG def_method 
		 6: def_options 
		 7: options[2.6,] 
BB 3
	outgoing: 4 
	datadep: 
	instructions:
		 0: HASH- def_%v_3 
		 1: COPY TYPE_PASS def_options %v_3[3.0,] 
BB 4
	outgoing: 5 
	datadep: 
	instructions:
		 0: 
		 1: COPY TYPE_StringLiteral def_%v_4 
		 2: COPY TYPE_StringLiteral def_%v_5 
		 3: BUILDSTRING def_%v_6 %v_4[4.1,] method[2.5,] %v_5[4.2,] 
		 4: %self->method_deprecated_use_instead def_%v_7 %self[2.0,] %v_6[4.3,] 	 ARGS:Symbol,%v_6,
		 5: 
		 6: HASH-as- def_%v_8 
		 7: options->merge def_%v_9 options[3.1,2.6,] %v_8[4.6,] 	 ARGS:%v_8,
		 8: %self->input def_%v_10 %self[4.4,2.0,] method[2.5,] %v_9[4.7,] 	 ARGS:method,%v_9,
		 9: RETURN %v_10[4.8,] %self[4.4,4.8,2.0,] 
BB 5
	outgoing: 
	datadep: 
	instructions:

SET IRMethod, name = cms_drop_down
BB 1
	outgoing: 5 2 
	datadep: 
	instructions:
BB 2
	outgoing: 3 4 
	datadep: 
	instructions:
		 0: def_%self 
		 1: def_%v_0 
		 2: COPY TYPE_CurrentScope def_%current_scope 
		 3: COPY TYPE_ScopeModule def_%current_module 
		 4: 
		 5: RECEIVEARG def_method 
		 6: RECEIVEARG def_collection 
		 7: def_options 
		 8: options[2.7,] 
BB 3
	outgoing: 4 
	datadep: 
	instructions:
		 0: HASH- def_%v_3 
		 1: COPY TYPE_PASS def_options %v_3[3.0,] 
BB 4
	outgoing: 5 
	datadep: 
	instructions:
		 0: 
		 1: COPY TYPE_StringLiteral def_%v_4 
		 2: %self->method_deprecated_use_instead def_%v_5 %self[2.0,] %v_4[4.1,] 	 ARGS:Symbol,%v_4,
		 3: 
		 4: HASH-collection- def_%v_6 collection[2.6,] 
		 5: options->merge def_%v_7 options[3.1,2.7,] %v_6[4.4,] 	 ARGS:%v_6,
		 6: %self->input def_%v_8 %self[4.2,2.0,] method[2.5,] %v_7[4.5,] 	 ARGS:method,%v_7,
		 7: RETURN %v_8[4.6,] %self[4.2,4.6,2.0,] 
BB 5
	outgoing: 
	datadep: 
	instructions:

SET IRMethod, name = method_deprecated_use_instead
BB 1
	outgoing: 5 2 
	datadep: 
	instructions:
BB 2
	outgoing: 3 4 
	datadep: 
	instructions:
		 0: def_%self 
		 1: def_%v_0 
		 2: COPY TYPE_CurrentScope def_%current_scope 
		 3: COPY TYPE_ScopeModule def_%current_module 
		 4: 
		 5: RECEIVEARG def_original 
		 6: RECEIVEARG def_alternative 
		 7: 
		 8: COPY TYPE_StringLiteral def_%v_3 
		 9: original->to_s def_%v_4 original[2.5,] 	 ARGS:
		 10: COPY TYPE_StringLiteral def_%v_5 
		 11: BUILDSTRING def_%v_6 %v_3[2.8,] %v_4[2.9,] %v_5[2.10,] alternative[2.6,] 
		 12: COPY TYPE_PASS def_full_message %v_6[2.11,] 
		 13: 
		 14: (ActiveSupport) def_%v_7 
		 15: (inherit Deprecation) def_%v_8 %v_7[2.14,] 
		 16: %v_8[2.15,] 
BB 3
	outgoing: 4 
	datadep: 
	instructions:
		 0: %v_7->const_missing def_%v_8 %v_7[2.14,] 	 ARGS:Symbol,
BB 4
	outgoing: 5 
	datadep: 
	instructions:
		 0: %self->caller def_%v_9 %self[2.0,] 	 ARGS:Fixnum,
		 1: %v_8->warn def_%v_10 %v_8[3.0,2.15,] full_message[2.12,] %v_9[4.0,] 	 ARGS:full_message,%v_9,
		 2: RETURN %v_10[4.1,] %self[4.0,2.0,] 
BB 5
	outgoing: 
	datadep: 
	instructions:

