dir = ../applications/lobsters/
Super cannot find upper: User . as_json
######## BEGIN ########
Class: ApplicationController
Method before_filter:
	 ** variables: {}
	 
	 
Method authenticate_user:
	 ** variables: {user, @user, }
	 
	 ++ CALL DB QUERY: User.where(:session_token => session[:u].to_s) . first (params: , returnv: user)
	 ++ CALL DB QUERY: User . where (params: session[:u], , returnv: true)
	 
	 
	 
	 
	 
	 
	 
Method increase_traffic_counter:
	 ** variables: {@traffic, now_i, date_kv, traffic_kv, traffic, traffic_kv.value, date_kv.value, }
	 
	 
	 
	 
	 
	 ++ CALL DB QUERY: Keystore . transaction (params: , returnv: )
	 
	 
	 
	 
	 
	 
	 
	 
	 
	 
	 
	 ++ CALL DB QUERY: traffic_kv . save! (params: , returnv: )
	 ++ CALL DB QUERY: date_kv . save! (params: , returnv: )
	 
	 
	 
Method require_logged_in_user:
	 ** variables: {session[:redirect_to, }
	 
	 
	 
	 
	 
Method require_logged_in_moderator:
	 ** variables: {flash[:error, }
	 
	 
	 
Method require_logged_in_user_or_400:
	 ** variables: {}
Method tags_filtered_by_cookie:
	 ** variables: {@_tags_filtered, }
	 ++ CALL DB QUERY: Tag . where (params: cookies[TAG_FILTER_COOKIE], , returnv: @_tags_filtered)
	 
	 
	 
Method user_is_spider?:
	 ** variables: {ua, }
	 
	 
	 
	 
Method find_user_from_rss_token:
	 ** variables: {@user, }
	 
	 
	 
	 
	 ++ CALL DB QUERY: User.where(:rss_token => params[:token].to_s) . first (params: , returnv: @user)
	 ++ CALL DB QUERY: User . where (params: params[:token], , returnv: )
	 
	 
