dir = ../applications/lobsters/
Super cannot find upper: User . as_json
######## BEGIN ########
Class: Tag
Method active:
	 ** variables: {}
	 ++ CALL DB QUERY: self . where (params: , returnv: )
Method to_param:
	 ** variables: {}
	 
Method all_with_filtered_counts_for:
	 ** variables: {counts, t.filtered_count, }
	 ++ CALL DB QUERY: TagFilter.group(:tag_id) . count (params: , returnv: counts)
	 ++ CALL DB QUERY: TagFilter . group (params: , , returnv: )
	 
	 ++ CALL DB QUERY: Tag.active.order(:tag) . select (params: , returnv: )
	 ++ CALL DB QUERY: Tag.active . order (params: , , returnv: )
	 
	 
	 
	 
Method all_with_story_counts_for:
	 ** variables: {counts, t.stories_count, }
	 ++ CALL DB QUERY: Tagging.group(:tag_id) . count (params: , returnv: counts)
	 ++ CALL DB QUERY: Tagging . group (params: , , returnv: )
	 
	 ++ CALL DB QUERY: Tag.active.order(:tag) . select (params: , returnv: )
	 ++ CALL DB QUERY: Tag.active . order (params: , , returnv: )
	 
	 
	 
	 
Method css_class:
	 ** variables: {}
	 
	 
Method valid_for?:
	 ** variables: {}
	 
	 
Method filtered_count:
	 ** variables: {@filtered_count, }
	 ++ CALL DB QUERY: TagFilter.where(:tag_id => self.id) . count (params: , returnv: @filtered_count)
	 ++ CALL DB QUERY: TagFilter . where (params: self, , returnv: )
	 
