SET IRMethod, name = update_row
BB 1
	outgoing: 3 2 
	datadep: 
	instructions:
BB 2
	outgoing: 3 
	datadep: 
	instructions:
		 0: def_%self 
		 1: def_%v_0 
		 2: COPY def_%current_scope 
		 3: COPY def_%current_module 
		 4: 
		 5: RECEIVEARG def_object 
		 6: RECEIVEARG def_key 
		 7: RECEIVEARG def_before 
		 8: RECEIVEARG def_after 
		 9: 
		 10: COPY def_%v_3 
		 11: COPY def_%v_4 %v_3[2.10,] 
		 12: %self->content_tag def_%v_5 %self[2.0,] %v_4[2.11,] %self[2.0,] 
CLOSURE BEGIN: %self[2.0,] key[2.6,] before[2.7,] after[2.8,] 
BB 1
	outgoing: 6 2 
	datadep: 
	instructions:
BB 2
	outgoing: 3 
	datadep: 
	instructions:
		 0: def_%self 
		 1: def_%cl_1_0 
		 2: COPY def_%current_scope 
		 3: COPY def_%current_module 
BB 3
	outgoing: 4 6 
	datadep: 
	instructions:
		 0: 
		 1: COPY def_%cl_1_3 
		 2: COPY def_%cl_1_4 %cl_1_3[3.1,] 
		 3: %self->content_tag def_%cl_1_5 %self[2.0,] %cl_1_4[3.2,] %self[2.0,] 
CLOSURE BEGIN: object[] key[] 
BB 1
	outgoing: 6 2 
	datadep: 
	instructions:
BB 2
	outgoing: 3 
	datadep: 
	instructions:
		 0: def_%self 
		 1: def_%cl_2_0 
		 2: COPY def_%current_scope 
		 3: COPY def_%current_module 
BB 3
	outgoing: 4 6 
	datadep: 
	instructions:
		 0: 
		 1: object->class def_%cl_2_3 object[] 
		 2: %cl_2_3->human_attribute_name def_%cl_2_4 %cl_2_3[3.1,] key[] 
		 3: RETURN %cl_2_4[3.2,] %self[2.0,] 
BB 4
	outgoing: 6 
	datadep: 
	instructions:
		 0: def_%cl_2_5 
		 1: def_%cl_2_6 %cl_2_5[4.0,] 
		 2: RETURN %cl_2_6[4.1,] %self[2.0,] 
BB 6
	outgoing: 
	datadep: 
	instructions:
CLOSURE END
		 4: %self->format_update_value def_%cl_1_6 %self[3.3,2.0,] key[] before[] 
		 5: %self->content_tag def_%cl_1_7 %self[3.3,3.4,2.0,] %cl_1_6[3.4,] 
		 6: def_%cl_1_8 %cl_1_5[3.3,] %cl_1_7[3.5,] 
		 7: %self->format_update_value def_%cl_1_9 %self[3.3,3.4,3.5,2.0,] key[] after[] 
		 8: %self->content_tag def_%cl_1_10 %self[3.3,3.4,3.5,3.7,2.0,] %cl_1_9[3.7,] 
		 9: def_%cl_1_11 %cl_1_8[3.6,] %cl_1_10[3.8,] 
		 10: RETURN %cl_1_11[3.9,] %self[3.3,3.4,3.5,3.7,3.8,2.0,] 
BB 4
	outgoing: 6 
	datadep: 
	instructions:
		 0: def_%cl_1_12 
		 1: def_%cl_1_13 %cl_1_12[4.0,] 
		 2: RETURN %cl_1_13[4.1,] %self[2.0,] 
BB 6
	outgoing: 
	datadep: 
	instructions:
CLOSURE END
		 13: RETURN %v_5[2.12,] %self[2.0,2.12,] 
BB 3
	outgoing: 
	datadep: 
	instructions:

SET IRMethod, name = format_update_value
BB 1
	outgoing: 9 2 
	datadep: 
	instructions:
BB 2
	outgoing: 3 4 
	datadep: 
	instructions:
		 0: def_%self 
		 1: def_%v_0 
		 2: COPY def_%current_scope 
		 3: COPY def_%current_module 
		 4: 
		 5: RECEIVEARG def_key 
		 6: RECEIVEARG def_value 
		 7: 
		 8: (Date) def_%v_3 
		 9: (Time) def_%v_4 
		 10: (DateTime) def_%v_5 
		 11: COPY def_%v_6 %v_3[2.8,] %v_4[2.9,] %v_5[2.10,] 
		 12: value->class def_%v_7 value[2.6,] 
		 13: %v_6->include? def_%v_8 %v_6[2.11,] %v_7[2.12,] 
		 14: BRANCH %v_8[2.13,] 
BB 3
	outgoing: 9 
	datadep: 
	instructions:
		 0: 
		 1: value->to_s def_%v_9 value[2.6,] 
		 2: RETURN %v_9[3.1,] %self[2.0,] 
BB 4
	outgoing: 5 6 
	datadep: 
	instructions:
		 0: 
		 1: COPY def_%v_10 
		 2: def_%v_11 key[2.5,] 
		 3: BRANCH %v_11[4.2,] 
BB 5
	outgoing: 7 
	datadep: 
	instructions:
		 0: 
		 1: %self->format_phone def_%v_12 %self[2.0,] value[2.6,] 
		 2: 
BB 6
	outgoing: 7 
	datadep: 
	instructions:
		 0: 
		 1: COPY def_%v_12 value[2.6,] 
BB 7
	outgoing: 9 
	datadep: 
	instructions:
		 0: RETURN %v_12[6.1,5.1,] %self[2.0,] 
BB 9
	outgoing: 
	datadep: 
	instructions:

