digraph HomeController_newest {
	User_is_banned__BB1 -> User_is_banned__BB3 [ color=blue ];
	User_is_banned__BB1 -> User_is_banned__BB2 [ color=blue ];
	User_is_banned__BB2 -> User_is_banned__BB3 [ color=blue ];
	User_is_active__BB1 -> User_is_active__BB5 [ color=blue ];
	User_is_active__BB1 -> User_is_active__BB2 [ color=blue ];
	User_is_active__BB2 -> User_is_active__BB3 [ color=blue ];
	User_is_active__BB2 -> User_is_active__BB4 [ color=blue ];
	User_is_active__BB3 -> User_is_active__BB4 [ color=blue ];
	User_is_active__BB4 -> User_is_active__BB5 [ color=blue ];
	ApplicationController_authenticate_user__BB1 -> ApplicationController_authenticate_user__BB10 [ color=blue ];
	ApplicationController_authenticate_user__BB1 -> ApplicationController_authenticate_user__BB2 [ color=blue ];
	ApplicationController_authenticate_user__BB2 -> ApplicationController_authenticate_user__BB3 [ color=blue ];
	ApplicationController_authenticate_user__BB2 -> ApplicationController_authenticate_user__BB4 [ color=blue ];
	ApplicationController_authenticate_user__BB3 -> ApplicationController_authenticate_user__BB4 [ color=blue ];
	ApplicationController_authenticate_user__BB4 -> ApplicationController_authenticate_user__BB5 [ color=blue ];
	ApplicationController_authenticate_user__BB4 -> ApplicationController_authenticate_user__BB6 [ color=blue ];
	ApplicationController_authenticate_user__BB5 -> ApplicationController_authenticate_user__BB6 [ color=blue ];
	ApplicationController_authenticate_user__BB6 -> ApplicationController_authenticate_user__BB7 [ color=blue ];
	ApplicationController_authenticate_user__BB6 -> ApplicationController_authenticate_user__BB8 [ color=blue ];
	ApplicationController_authenticate_user__BB7 -> ApplicationController_authenticate_user__BB9 [ color=blue ];
	ApplicationController_authenticate_user__BB8 -> ApplicationController_authenticate_user__BB9 [ color=blue ];
	ApplicationController_authenticate_user__BB9 -> ApplicationController_authenticate_user__BB10 [ color=blue ];
	ApplicationController_user_is_spider__BB1 -> ApplicationController_user_is_spider__BB5 [ color=blue ];
	ApplicationController_user_is_spider__BB1 -> ApplicationController_user_is_spider__BB2 [ color=blue ];
	ApplicationController_user_is_spider__BB2 -> ApplicationController_user_is_spider__BB3 [ color=blue ];
	ApplicationController_user_is_spider__BB2 -> ApplicationController_user_is_spider__BB4 [ color=blue ];
	ApplicationController_user_is_spider__BB3 -> ApplicationController_user_is_spider__BB5 [ color=blue ];
	ApplicationController_user_is_spider__BB4 -> ApplicationController_user_is_spider__BB5 [ color=blue ];
	ApplicationController_increase_traffic_counter__BB1 -> ApplicationController_increase_traffic_counter__BB8 [ color=blue ];
	ApplicationController_increase_traffic_counter__BB1 -> ApplicationController_increase_traffic_counter__BB2 [ color=blue ];
	ApplicationController_increase_traffic_counter__BB2 -> ApplicationController_increase_traffic_counter__BB3 [ color=blue ];
	ApplicationController_increase_traffic_counter__BB2 -> ApplicationController_increase_traffic_counter__BB4 [ color=blue ];
	ApplicationController_increase_traffic_counter__BB3 -> ApplicationController_increase_traffic_counter__BB4 [ color=blue ];
	ApplicationController_increase_traffic_counter__BB4 -> ApplicationController_increase_traffic_counter__BB5 [ color=blue ];
	ApplicationController_increase_traffic_counter__BB4 -> ApplicationController_increase_traffic_counter__BB6 [ color=blue ];
	ApplicationController_increase_traffic_counter__BB5 -> ApplicationController_increase_traffic_counter__BB8 [ color=blue ];
	ApplicationController_increase_traffic_counter__BB6 -> ApplicationController_increase_traffic_counter__BB8 [ color=blue ];
	ApplicationController_increase_traffic_counter__BB6:f0 -> ApplicationController_increase_traffic_counter_386788_closure0_BB1 [color=blue ];
	ApplicationController_increase_traffic_counter_386788_closure0_BB6:f0 -> ApplicationController_increase_traffic_counter__BB6 [color=blue ];
	ApplicationController_increase_traffic_counter_386788_closure0_BB1 -> ApplicationController_increase_traffic_counter_386788_closure0_BB6 [ color=blue ];
	ApplicationController_increase_traffic_counter_386788_closure0_BB1 -> ApplicationController_increase_traffic_counter_386788_closure0_BB2 [ color=blue ];
	ApplicationController_increase_traffic_counter_386788_closure0_BB2 -> ApplicationController_increase_traffic_counter_386788_closure0_BB3 [ color=blue ];
	ApplicationController_increase_traffic_counter_386788_closure0_BB3 -> ApplicationController_increase_traffic_counter_386788_closure0_BB4 [ color=blue ];
	ApplicationController_increase_traffic_counter_386788_closure0_BB3 -> ApplicationController_increase_traffic_counter_386788_closure0_BB6 [ color=blue ];
	ApplicationController_increase_traffic_counter_386788_closure0_BB4 -> ApplicationController_increase_traffic_counter_386788_closure0_BB6 [ color=blue ];
	ApplicationController_increase_traffic_counter_386788_closure0_BB6 -> ApplicationController_increase_traffic_counter_386788_closure0_BB1 [color=blue ];
	ApplicationController_find_user_from_rss_token__BB1 -> ApplicationController_find_user_from_rss_token__BB10 [ color=blue ];
	ApplicationController_find_user_from_rss_token__BB1 -> ApplicationController_find_user_from_rss_token__BB2 [ color=blue ];
	ApplicationController_find_user_from_rss_token__BB2 -> ApplicationController_find_user_from_rss_token__BB3 [ color=blue ];
	ApplicationController_find_user_from_rss_token__BB2 -> ApplicationController_find_user_from_rss_token__BB4 [ color=blue ];
	ApplicationController_find_user_from_rss_token__BB3 -> ApplicationController_find_user_from_rss_token__BB4 [ color=blue ];
	ApplicationController_find_user_from_rss_token__BB4 -> ApplicationController_find_user_from_rss_token__BB5 [ color=blue ];
	ApplicationController_find_user_from_rss_token__BB4 -> ApplicationController_find_user_from_rss_token__BB6 [ color=blue ];
	ApplicationController_find_user_from_rss_token__BB5 -> ApplicationController_find_user_from_rss_token__BB6 [ color=blue ];
	ApplicationController_find_user_from_rss_token__BB6 -> ApplicationController_find_user_from_rss_token__BB7 [ color=blue ];
	ApplicationController_find_user_from_rss_token__BB6 -> ApplicationController_find_user_from_rss_token__BB8 [ color=blue ];
	ApplicationController_find_user_from_rss_token__BB7 -> ApplicationController_find_user_from_rss_token__BB10 [ color=blue ];
	ApplicationController_find_user_from_rss_token__BB8 -> ApplicationController_find_user_from_rss_token__BB10 [ color=blue ];
	ApplicationController_require_logged_in_user__BB1 -> ApplicationController_require_logged_in_user__BB9 [ color=blue ];
	ApplicationController_require_logged_in_user__BB1 -> ApplicationController_require_logged_in_user__BB2 [ color=blue ];
	ApplicationController_require_logged_in_user__BB2 -> ApplicationController_require_logged_in_user__BB3 [ color=blue ];
	ApplicationController_require_logged_in_user__BB2 -> ApplicationController_require_logged_in_user__BB4 [ color=blue ];
	ApplicationController_require_logged_in_user__BB3 -> ApplicationController_require_logged_in_user__BB9 [ color=blue ];
	ApplicationController_require_logged_in_user__BB4 -> ApplicationController_require_logged_in_user__BB5 [ color=blue ];
	ApplicationController_require_logged_in_user__BB4 -> ApplicationController_require_logged_in_user__BB6 [ color=blue ];
	ApplicationController_require_logged_in_user__BB5 -> ApplicationController_require_logged_in_user__BB7 [ color=blue ];
	ApplicationController_require_logged_in_user__BB6 -> ApplicationController_require_logged_in_user__BB7 [ color=blue ];
	ApplicationController_require_logged_in_user__BB7 -> ApplicationController_require_logged_in_user__BB9 [ color=blue ];
	ApplicationController_tags_filtered_by_cookie_992012_closure0_BB1 -> ApplicationController_tags_filtered_by_cookie_992012_closure0_BB7 [ color=blue ];
	ApplicationController_tags_filtered_by_cookie_992012_closure0_BB1 -> ApplicationController_tags_filtered_by_cookie_992012_closure0_BB2 [ color=blue ];
	ApplicationController_tags_filtered_by_cookie_992012_closure0_BB2 -> ApplicationController_tags_filtered_by_cookie_992012_closure0_BB3 [ color=blue ];
	ApplicationController_tags_filtered_by_cookie_992012_closure0_BB2 -> ApplicationController_tags_filtered_by_cookie_992012_closure0_BB4 [ color=blue ];
	ApplicationController_tags_filtered_by_cookie_992012_closure0_BB3 -> ApplicationController_tags_filtered_by_cookie_992012_closure0_BB4 [ color=blue ];
	ApplicationController_tags_filtered_by_cookie_992012_closure0_BB4 -> ApplicationController_tags_filtered_by_cookie_992012_closure0_BB5 [ color=blue ];
	ApplicationController_tags_filtered_by_cookie_992012_closure0_BB4 -> ApplicationController_tags_filtered_by_cookie_992012_closure0_BB6 [ color=blue ];
	ApplicationController_tags_filtered_by_cookie_992012_closure0_BB5 -> ApplicationController_tags_filtered_by_cookie_992012_closure0_BB7 [ color=blue ];
	ApplicationController_tags_filtered_by_cookie_992012_closure0_BB6 -> ApplicationController_tags_filtered_by_cookie_992012_closure0_BB7 [ color=blue ];
	HomeController_filtered_tag_ids_992012_closure0_BB1 -> HomeController_filtered_tag_ids_992012_closure0_BB6 [ color=blue ];
	HomeController_filtered_tag_ids_992012_closure0_BB1 -> HomeController_filtered_tag_ids_992012_closure0_BB2 [ color=blue ];
	HomeController_filtered_tag_ids_992012_closure0_BB2 -> HomeController_filtered_tag_ids_992012_closure0_BB3 [ color=blue ];
	HomeController_filtered_tag_ids_992012_closure0_BB2 -> HomeController_filtered_tag_ids_992012_closure0_BB4 [ color=blue ];
	HomeController_filtered_tag_ids_992012_closure0_BB3 -> HomeController_filtered_tag_ids_992012_closure0_BB6 [ color=blue ];
	HomeController_filtered_tag_ids_992012_closure0_BB3:f1 -> HomeController_filtered_tag_ids_336924_closure0_closure1_BB1 [color=blue ];
	HomeController_filtered_tag_ids_336924_closure0_closure1_BB6:f0 -> HomeController_filtered_tag_ids_992012_closure0_BB3 [color=blue ];
	HomeController_filtered_tag_ids_336924_closure0_closure1_BB1 -> HomeController_filtered_tag_ids_336924_closure0_closure1_BB6 [ color=blue ];
	HomeController_filtered_tag_ids_336924_closure0_closure1_BB1 -> HomeController_filtered_tag_ids_336924_closure0_closure1_BB2 [ color=blue ];
	HomeController_filtered_tag_ids_336924_closure0_closure1_BB2 -> HomeController_filtered_tag_ids_336924_closure0_closure1_BB3 [ color=blue ];
	HomeController_filtered_tag_ids_336924_closure0_closure1_BB3 -> HomeController_filtered_tag_ids_336924_closure0_closure1_BB4 [ color=blue ];
	HomeController_filtered_tag_ids_336924_closure0_closure1_BB3 -> HomeController_filtered_tag_ids_336924_closure0_closure1_BB6 [ color=blue ];
	HomeController_filtered_tag_ids_336924_closure0_closure1_BB4 -> HomeController_filtered_tag_ids_336924_closure0_closure1_BB6 [ color=blue ];
	HomeController_filtered_tag_ids_336924_closure0_closure1_BB6 -> HomeController_filtered_tag_ids_336924_closure0_closure1_BB1 [color=blue ];
	HomeController_filtered_tag_ids_992012_closure0_BB4 -> HomeController_filtered_tag_ids_992012_closure0_BB6 [ color=blue ];
	HomeController_filtered_tag_ids_992012_closure0_BB4:f0 -> HomeController_filtered_tag_ids_567994_closure0_closure1_BB1 [color=blue ];
	HomeController_filtered_tag_ids_567994_closure0_closure1_BB6:f0 -> HomeController_filtered_tag_ids_992012_closure0_BB4 [color=blue ];
	HomeController_filtered_tag_ids_567994_closure0_closure1_BB1 -> HomeController_filtered_tag_ids_567994_closure0_closure1_BB6 [ color=blue ];
	HomeController_filtered_tag_ids_567994_closure0_closure1_BB1 -> HomeController_filtered_tag_ids_567994_closure0_closure1_BB2 [ color=blue ];
	HomeController_filtered_tag_ids_567994_closure0_closure1_BB2 -> HomeController_filtered_tag_ids_567994_closure0_closure1_BB3 [ color=blue ];
	HomeController_filtered_tag_ids_567994_closure0_closure1_BB3 -> HomeController_filtered_tag_ids_567994_closure0_closure1_BB4 [ color=blue ];
	HomeController_filtered_tag_ids_567994_closure0_closure1_BB3 -> HomeController_filtered_tag_ids_567994_closure0_closure1_BB6 [ color=blue ];
	HomeController_filtered_tag_ids_567994_closure0_closure1_BB4 -> HomeController_filtered_tag_ids_567994_closure0_closure1_BB6 [ color=blue ];
	HomeController_filtered_tag_ids_567994_closure0_closure1_BB6 -> HomeController_filtered_tag_ids_567994_closure0_closure1_BB1 [color=blue ];
	HomeController_stories_992012_closure0_BB1 -> HomeController_stories_992012_closure0_BB3 [ color=blue ];
	HomeController_stories_992012_closure0_BB1 -> HomeController_stories_992012_closure0_BB2 [ color=blue ];
	HomeController_stories_992012_closure0_BB2 -> HomeController_stories_992012_closure0_BB3 [ color=blue ];
	HomeController_newest__BB1 -> HomeController_newest__BB6 [ color=blue ];
	HomeController_newest__BB1 -> HomeController_newest__BB2 [ color=blue ];
	HomeController_newest__BB2 -> HomeController_newest__BB3 [ color=blue ];
	HomeController_newest__BB2 -> HomeController_newest__BB4 [ color=blue ];
	HomeController_newest__BB2:f0 -> HomeController_newest_992012_closure0_BB1 [color=blue ];
	HomeController_newest_992012_closure0_BB6:f0 -> HomeController_newest__BB2 [color=blue ];
	HomeController_newest_992012_closure0_BB1 -> HomeController_newest_992012_closure0_BB6 [ color=blue ];
	HomeController_newest_992012_closure0_BB1 -> HomeController_newest_992012_closure0_BB2 [ color=blue ];
	HomeController_newest_992012_closure0_BB2 -> HomeController_newest_992012_closure0_BB3 [ color=blue ];
	HomeController_newest_992012_closure0_BB3 -> HomeController_newest_992012_closure0_BB4 [ color=blue ];
	HomeController_newest_992012_closure0_BB3 -> HomeController_newest_992012_closure0_BB6 [ color=blue ];
	HomeController_newest_992012_closure0_BB4 -> HomeController_newest_992012_closure0_BB6 [ color=blue ];
	HomeController_newest_992012_closure0_BB6 -> HomeController_newest_992012_closure0_BB1 [color=blue ];
	HomeController_newest__BB3 -> HomeController_newest__BB5 [ color=blue ];
	HomeController_newest__BB4 -> HomeController_newest__BB5 [ color=blue ];
	HomeController_newest__BB5 -> HomeController_newest__BB6 [ color=blue ];
	HomeController_newest__BB5:f0 -> HomeController_newest_362951_closure0_BB1 [color=blue ];
	HomeController_newest_362951_closure0_BB6:f0 -> HomeController_newest__BB5 [color=blue ];
	HomeController_newest_362951_closure0_BB1 -> HomeController_newest_362951_closure0_BB6 [ color=blue ];
	HomeController_newest_362951_closure0_BB1 -> HomeController_newest_362951_closure0_BB2 [ color=blue ];
	HomeController_newest_362951_closure0_BB2 -> HomeController_newest_362951_closure0_BB3 [ color=blue ];
	HomeController_newest_362951_closure0_BB3 -> HomeController_newest_362951_closure0_BB4 [ color=blue ];
	HomeController_newest_362951_closure0_BB3 -> HomeController_newest_362951_closure0_BB6 [ color=blue ];
	HomeController_newest_362951_closure0_BB3:f0 -> HomeController_newest_43757_closure0_closure1_BB1 [color=blue ];
	HomeController_newest_43757_closure0_closure1_BB6:f0 -> HomeController_newest_362951_closure0_BB3 [color=blue ];
	HomeController_newest_43757_closure0_closure1_BB1 -> HomeController_newest_43757_closure0_closure1_BB6 [ color=blue ];
	HomeController_newest_43757_closure0_closure1_BB1 -> HomeController_newest_43757_closure0_closure1_BB2 [ color=blue ];
	HomeController_newest_43757_closure0_closure1_BB2 -> HomeController_newest_43757_closure0_closure1_BB3 [ color=blue ];
	HomeController_newest_43757_closure0_closure1_BB3 -> HomeController_newest_43757_closure0_closure1_BB4 [ color=blue ];
	HomeController_newest_43757_closure0_closure1_BB3 -> HomeController_newest_43757_closure0_closure1_BB6 [ color=blue ];
	HomeController_newest_43757_closure0_closure1_BB3:f1 -> HomeController_newest_26892_closure0_closure1_closure2_BB1 [color=blue ];
	HomeController_newest_26892_closure0_closure1_closure2_BB34:f0 -> HomeController_newest_43757_closure0_closure1_BB3 [color=blue ];
	HomeController_newest_26892_closure0_closure1_closure2_BB1 -> HomeController_newest_26892_closure0_closure1_closure2_BB34 [ color=blue ];
	HomeController_newest_26892_closure0_closure1_closure2_BB1 -> HomeController_newest_26892_closure0_closure1_closure2_BB2 [ color=blue ];
	HomeController_newest_26892_closure0_closure1_closure2_BB2 -> HomeController_newest_26892_closure0_closure1_closure2_BB3 [ color=blue ];
	HomeController_newest_26892_closure0_closure1_closure2_BB3 -> HomeController_newest_26892_closure0_closure1_closure2_BB4 [ color=blue ];
	HomeController_newest_26892_closure0_closure1_closure2_BB3 -> HomeController_newest_26892_closure0_closure1_closure2_BB5 [ color=blue ];
	HomeController_newest_26892_closure0_closure1_closure2_BB3 -> HomeController_newest_26892_closure0_closure1_closure2_BB32 [ color=blue ];
	HomeController_newest_26892_closure0_closure1_closure2_BB4 -> HomeController_newest_26892_closure0_closure1_closure2_BB6 [ color=blue ];
	HomeController_newest_26892_closure0_closure1_closure2_BB5 -> HomeController_newest_26892_closure0_closure1_closure2_BB6 [ color=blue ];
	HomeController_newest_26892_closure0_closure1_closure2_BB6 -> HomeController_newest_26892_closure0_closure1_closure2_BB7 [ color=blue ];
	HomeController_newest_26892_closure0_closure1_closure2_BB6 -> HomeController_newest_26892_closure0_closure1_closure2_BB8 [ color=blue ];
	HomeController_newest_26892_closure0_closure1_closure2_BB6 -> HomeController_newest_26892_closure0_closure1_closure2_BB32 [ color=blue ];
	HomeController_newest_26892_closure0_closure1_closure2_BB7 -> HomeController_newest_26892_closure0_closure1_closure2_BB9 [ color=blue ];
	HomeController_newest_26892_closure0_closure1_closure2_BB8 -> HomeController_newest_26892_closure0_closure1_closure2_BB9 [ color=blue ];
	HomeController_newest_26892_closure0_closure1_closure2_BB9 -> HomeController_newest_26892_closure0_closure1_closure2_BB10 [ color=blue ];
	HomeController_newest_26892_closure0_closure1_closure2_BB9 -> HomeController_newest_26892_closure0_closure1_closure2_BB11 [ color=blue ];
	HomeController_newest_26892_closure0_closure1_closure2_BB9 -> HomeController_newest_26892_closure0_closure1_closure2_BB32 [ color=blue ];
	HomeController_newest_26892_closure0_closure1_closure2_BB10 -> HomeController_newest_26892_closure0_closure1_closure2_BB11 [ color=blue ];
	HomeController_newest_26892_closure0_closure1_closure2_BB10 -> HomeController_newest_26892_closure0_closure1_closure2_BB32 [ color=blue ];
	HomeController_newest_26892_closure0_closure1_closure2_BB11 -> HomeController_newest_26892_closure0_closure1_closure2_BB12 [ color=blue ];
	HomeController_newest_26892_closure0_closure1_closure2_BB11 -> HomeController_newest_26892_closure0_closure1_closure2_BB19 [ color=blue ];
	HomeController_newest_26892_closure0_closure1_closure2_BB12 -> HomeController_newest_26892_closure0_closure1_closure2_BB13 [ color=blue ];
	HomeController_newest_26892_closure0_closure1_closure2_BB12 -> HomeController_newest_26892_closure0_closure1_closure2_BB14 [ color=blue ];
	HomeController_newest_26892_closure0_closure1_closure2_BB12 -> HomeController_newest_26892_closure0_closure1_closure2_BB32 [ color=blue ];
	HomeController_newest_26892_closure0_closure1_closure2_BB13 -> HomeController_newest_26892_closure0_closure1_closure2_BB15 [ color=blue ];
	HomeController_newest_26892_closure0_closure1_closure2_BB14 -> HomeController_newest_26892_closure0_closure1_closure2_BB15 [ color=blue ];
	HomeController_newest_26892_closure0_closure1_closure2_BB15 -> HomeController_newest_26892_closure0_closure1_closure2_BB16 [ color=blue ];
	HomeController_newest_26892_closure0_closure1_closure2_BB15 -> HomeController_newest_26892_closure0_closure1_closure2_BB17 [ color=blue ];
	HomeController_newest_26892_closure0_closure1_closure2_BB15 -> HomeController_newest_26892_closure0_closure1_closure2_BB32 [ color=blue ];
	HomeController_newest_26892_closure0_closure1_closure2_BB16 -> HomeController_newest_26892_closure0_closure1_closure2_BB18 [ color=blue ];
	HomeController_newest_26892_closure0_closure1_closure2_BB17 -> HomeController_newest_26892_closure0_closure1_closure2_BB18 [ color=blue ];
	HomeController_newest_26892_closure0_closure1_closure2_BB17 -> HomeController_newest_26892_closure0_closure1_closure2_BB32 [ color=blue ];
	HomeController_newest_26892_closure0_closure1_closure2_BB18 -> HomeController_newest_26892_closure0_closure1_closure2_BB20 [ color=blue ];
	HomeController_newest_26892_closure0_closure1_closure2_BB18 -> HomeController_newest_26892_closure0_closure1_closure2_BB32 [ color=blue ];
	HomeController_newest_26892_closure0_closure1_closure2_BB19 -> HomeController_newest_26892_closure0_closure1_closure2_BB20 [ color=blue ];
	HomeController_newest_26892_closure0_closure1_closure2_BB20 -> HomeController_newest_26892_closure0_closure1_closure2_BB21 [ color=blue ];
	HomeController_newest_26892_closure0_closure1_closure2_BB20 -> HomeController_newest_26892_closure0_closure1_closure2_BB30 [ color=blue ];
	HomeController_newest_26892_closure0_closure1_closure2_BB21 -> HomeController_newest_26892_closure0_closure1_closure2_BB22 [ color=blue ];
	HomeController_newest_26892_closure0_closure1_closure2_BB21 -> HomeController_newest_26892_closure0_closure1_closure2_BB23 [ color=blue ];
	HomeController_newest_26892_closure0_closure1_closure2_BB22 -> HomeController_newest_26892_closure0_closure1_closure2_BB23 [ color=blue ];
	HomeController_newest_26892_closure0_closure1_closure2_BB22 -> HomeController_newest_26892_closure0_closure1_closure2_BB32 [ color=blue ];
	HomeController_newest_26892_closure0_closure1_closure2_BB23 -> HomeController_newest_26892_closure0_closure1_closure2_BB24 [ color=blue ];
	HomeController_newest_26892_closure0_closure1_closure2_BB23 -> HomeController_newest_26892_closure0_closure1_closure2_BB25 [ color=blue ];
	HomeController_newest_26892_closure0_closure1_closure2_BB24 -> HomeController_newest_26892_closure0_closure1_closure2_BB26 [ color=blue ];
	HomeController_newest_26892_closure0_closure1_closure2_BB25 -> HomeController_newest_26892_closure0_closure1_closure2_BB26 [ color=blue ];
	HomeController_newest_26892_closure0_closure1_closure2_BB26 -> HomeController_newest_26892_closure0_closure1_closure2_BB27 [ color=blue ];
	HomeController_newest_26892_closure0_closure1_closure2_BB26 -> HomeController_newest_26892_closure0_closure1_closure2_BB28 [ color=blue ];
	HomeController_newest_26892_closure0_closure1_closure2_BB26 -> HomeController_newest_26892_closure0_closure1_closure2_BB32 [ color=blue ];
	HomeController_newest_26892_closure0_closure1_closure2_BB27 -> HomeController_newest_26892_closure0_closure1_closure2_BB29 [ color=blue ];
	HomeController_newest_26892_closure0_closure1_closure2_BB28 -> HomeController_newest_26892_closure0_closure1_closure2_BB29 [ color=blue ];
	HomeController_newest_26892_closure0_closure1_closure2_BB29 -> HomeController_newest_26892_closure0_closure1_closure2_BB31 [ color=blue ];
	HomeController_newest_26892_closure0_closure1_closure2_BB29 -> HomeController_newest_26892_closure0_closure1_closure2_BB32 [ color=blue ];
	HomeController_newest_26892_closure0_closure1_closure2_BB30 -> HomeController_newest_26892_closure0_closure1_closure2_BB34 [ color=blue ];
	HomeController_newest_26892_closure0_closure1_closure2_BB31 -> HomeController_newest_26892_closure0_closure1_closure2_BB34 [ color=blue ];
	HomeController_newest_26892_closure0_closure1_closure2_BB32 -> HomeController_newest_26892_closure0_closure1_closure2_BB34 [ color=blue ];
	HomeController_newest_26892_closure0_closure1_closure2_BB34 -> HomeController_newest_26892_closure0_closure1_closure2_BB1 [color=blue ];
	HomeController_newest_43757_closure0_closure1_BB4 -> HomeController_newest_43757_closure0_closure1_BB6 [ color=blue ];
	HomeController_newest_43757_closure0_closure1_BB6 -> HomeController_newest_43757_closure0_closure1_BB1 [color=blue ];
	HomeController_newest_362951_closure0_BB3:f0 -> HomeController_newest_358395_closure0_closure1_BB1 [color=blue ];
	HomeController_newest_358395_closure0_closure1_BB11:f0 -> HomeController_newest_362951_closure0_BB3 [color=blue ];
	HomeController_newest_358395_closure0_closure1_BB1 -> HomeController_newest_358395_closure0_closure1_BB11 [ color=blue ];
	HomeController_newest_358395_closure0_closure1_BB1 -> HomeController_newest_358395_closure0_closure1_BB2 [ color=blue ];
	HomeController_newest_358395_closure0_closure1_BB2 -> HomeController_newest_358395_closure0_closure1_BB4 [ color=blue ];
	HomeController_newest_358395_closure0_closure1_BB2 -> HomeController_newest_358395_closure0_closure1_BB5 [ color=blue ];
	HomeController_newest_358395_closure0_closure1_BB4 -> HomeController_newest_358395_closure0_closure1_BB5 [ color=blue ];
	HomeController_newest_358395_closure0_closure1_BB4 -> HomeController_newest_358395_closure0_closure1_BB9 [ color=blue ];
	HomeController_newest_358395_closure0_closure1_BB5 -> HomeController_newest_358395_closure0_closure1_BB6 [ color=blue ];
	HomeController_newest_358395_closure0_closure1_BB5 -> HomeController_newest_358395_closure0_closure1_BB7 [ color=blue ];
	HomeController_newest_358395_closure0_closure1_BB6 -> HomeController_newest_358395_closure0_closure1_BB8 [ color=blue ];
	HomeController_newest_358395_closure0_closure1_BB6 -> HomeController_newest_358395_closure0_closure1_BB9 [ color=blue ];
	HomeController_newest_358395_closure0_closure1_BB7 -> HomeController_newest_358395_closure0_closure1_BB8 [ color=blue ];
	HomeController_newest_358395_closure0_closure1_BB8 -> HomeController_newest_358395_closure0_closure1_BB9 [ color=blue ];
	HomeController_newest_358395_closure0_closure1_BB8 -> HomeController_newest_358395_closure0_closure1_BB11 [ color=blue ];
	HomeController_newest_358395_closure0_closure1_BB9 -> HomeController_newest_358395_closure0_closure1_BB11 [ color=blue ];
	HomeController_newest_358395_closure0_closure1_BB11 -> HomeController_newest_358395_closure0_closure1_BB1 [color=blue ];
	HomeController_newest_362951_closure0_BB3:f0 -> HomeController_newest_675318_closure0_closure1_BB1 [color=blue ];
	HomeController_newest_675318_closure0_closure1_BB6:f0 -> HomeController_newest_362951_closure0_BB3 [color=blue ];
	HomeController_newest_675318_closure0_closure1_BB1 -> HomeController_newest_675318_closure0_closure1_BB6 [ color=blue ];
	HomeController_newest_675318_closure0_closure1_BB1 -> HomeController_newest_675318_closure0_closure1_BB2 [ color=blue ];
	HomeController_newest_675318_closure0_closure1_BB2 -> HomeController_newest_675318_closure0_closure1_BB3 [ color=blue ];
	HomeController_newest_675318_closure0_closure1_BB3 -> HomeController_newest_675318_closure0_closure1_BB4 [ color=blue ];
	HomeController_newest_675318_closure0_closure1_BB3 -> HomeController_newest_675318_closure0_closure1_BB6 [ color=blue ];
	HomeController_newest_675318_closure0_closure1_BB4 -> HomeController_newest_675318_closure0_closure1_BB6 [ color=blue ];
	HomeController_newest_675318_closure0_closure1_BB6 -> HomeController_newest_675318_closure0_closure1_BB1 [color=blue ];
	HomeController_newest_362951_closure0_BB4 -> HomeController_newest_362951_closure0_BB6 [ color=blue ];
	HomeController_newest_362951_closure0_BB6 -> HomeController_newest_362951_closure0_BB1 [color=blue ];
}