SET IRMethod, name = initialize
BB 1
	outgoing: 6 2 
	datadep: 
	instructions:
BB 2
	outgoing: 3 4 
	datadep: 
	instructions:
		 0: 
		 1: 
		 2: 
		 3: 
		 4: 
		 5: 
		 6: 
		 7: %v_0[2.1,] args[2.5,] 
		 8: 
		 9: %self->options %self[2.0,] 
		 10: %v_4[2.9,] 
		 11: %v_5->present? %v_5[2.10,] 
		 12: BRANCH %v_6[2.11,] 
BB 3
	outgoing: 6 
	datadep: 2 2 
	instructions:
		 0: (Group) 
		 1: %self->options %self[2.0,] 
		 2: %v_8[3.1,] 
		 3: %v_7->find %v_9[3.2,] %v_7[3.0,] 
		 4: %self[2.0,] %v_10[3.3,] @group[] 
		 5: RETURN %v_10[3.3,] 
BB 4
	outgoing: 6 
	datadep: 
	instructions:
		 0: RETURN 
BB 6
	outgoing: 
	datadep: 
	instructions:

SET IRMethod, name = formatted_title
BB 1
	outgoing: 6 2 
	datadep: 
	instructions:
BB 2
	outgoing: 3 4 
	datadep: 
	instructions:
		 0: 
		 1: 
		 2: 
		 3: 
		 4: 
		 5: 
		 6: (I18n) 
		 7: 
		 8: %self[2.0,] @group[] 
		 9: BRANCH %v_4[2.8,] 
BB 3
	outgoing: 5 
	datadep: 
	instructions:
		 0: 
		 1: 
BB 4
	outgoing: 5 
	datadep: 
	instructions:
		 0: 
		 1: %v_6[4.0,] 
BB 5
	outgoing: 6 
	datadep: 2 4 3 2 
	instructions:
		 0: 
		 1: %self[2.0,] @group[2.8,2.8,] 
		 2: %v_8->try %v_8[5.1,] 
		 3: %v_9[5.2,] %v_7[5.0,] 
		 4: %v_3->t %v_5[4.1,3.0,] %v_3[2.6,] %v_10[5.3,] 
		 5: RETURN %v_11[5.4,] 
BB 6
	outgoing: 
	datadep: 
	instructions:

SET IRMethod, name = sql
BB 1
	outgoing: 6 2 
	datadep: 
	instructions:
BB 2
	outgoing: 3 4 
	datadep: 
	instructions:
		 0: 
		 1: 
		 2: 
		 3: 
		 4: 
		 5: 
		 6: %self[2.0,] @group[] 
		 7: BRANCH %v_3[2.6,] 
BB 3
	outgoing: 6 
	datadep: 2 
	instructions:
		 0: 
		 1: %self[2.0,] @group[2.6,] 
		 2: %v_6->attendance_records %v_6[3.1,] 
		 3: %v_7->select %v_7[3.2,] 
		 4: 
		 5: %v_8->where %v_8[3.3,] %v_9[3.4,] 
		 6: %v_10->order %v_10[3.5,] 
		 7: %v_11->to_sql %v_11[3.6,] 
		 8: RETURN %v_12[3.7,] 
BB 4
	outgoing: 6 
	datadep: 2 
	instructions:
		 0: %self->none %self[2.0,] 
		 1: RETURN %v_5[4.0,] 
BB 6
	outgoing: 
	datadep: 
	instructions:

SET IRMethod, name = insert_non_attending
BB 1
	outgoing: 6 2 
	datadep: 
	instructions:
BB 2
	outgoing: 3 4 
	datadep: 
	instructions:
		 0: 
		 1: 
		 2: 
		 3: 
		 4: 
		 5: 
		 6: 
		 7: %self[2.0,] @group[] 
		 8: BRANCH %v_3[2.7,] 
BB 3
	outgoing: 6 
	datadep: 2 2 2 2 2 
	instructions:
		 0: %self->query_results %self[2.0,] 
		 1: %v_4->rows %v_4[3.0,] 
		 2: %v_5[3.1,] 
		 3: 
		 4: %v_5->each %self[2.0,] %v_5[3.1,] 
CLOSURE BEGIN: @group[] 
BB 1
	outgoing: 6 2 
	datadep: 
	instructions:
BB 2
	outgoing: 3 
	datadep: 
	instructions:
		 0: 
		 1: 
		 2: 
		 3: 
		 4: 
BB 3
	outgoing: 4 6 
	datadep: 2 
	instructions:
		 0: 
		 1: (I18n) 
		 2: 
		 3: %cl_1_3->t %cl_1_3[3.1,] %cl_1_4[3.2,] 
		 4: %cl_1_5[3.3,] p[2.2,] 
		 5: RETURN %cl_1_6[3.4,] 
BB 4
	outgoing: 6 
	datadep: 
	instructions:
		 0: 
		 1: %cl_1_7[4.0,] 
		 2: RETURN %cl_1_8[4.1,] 
BB 6
	outgoing: 
	datadep: 
	instructions:
CLOSURE END
		 5: 
		 6: %self[2.0,] @group[2.7,] 
		 7: %v_7->people %v_7[3.6,] 
		 8: %v_8->each %self[2.0,] %v_8[3.7,] 
CLOSURE BEGIN: @group[3.6,] 
BB 1
	outgoing: 9 2 
	datadep: 
	instructions:
BB 2
	outgoing: 3 
	datadep: 
	instructions:
		 0: 
		 1: 
		 2: 
		 3: 
		 4: 
BB 3
	outgoing: 4 5 7 
	datadep: 2 2 
	instructions:
		 0: 
		 1: %self->query_results %self[2.0,] 
		 2: %cl_2_3->rows %cl_2_3[3.1,] 
		 3: %cl_2_4->detect %cl_2_4[3.2,] %self[2.0,] 
CLOSURE BEGIN: 
BB 1
	outgoing: 6 2 
	datadep: 
	instructions:
BB 2
	outgoing: 3 
	datadep: 
	instructions:
		 0: 
		 1: 
		 2: 
		 3: 
		 4: 
BB 3
	outgoing: 4 6 
	datadep: 2 
	instructions:
		 0: 
		 1: r[2.2,] 
		 2: person->id 
		 3: %cl_3_3[3.1,] %cl_3_4[3.2,] 
		 4: RETURN %cl_3_5[3.3,] 
BB 4
	outgoing: 6 
	datadep: 
	instructions:
		 0: 
		 1: %cl_3_6[4.0,] 
		 2: RETURN %cl_3_7[4.1,] 
BB 6
	outgoing: 
	datadep: 
	instructions:
CLOSURE END
		 4: BRANCH %cl_2_5[3.3,] 
BB 4
	outgoing: 9 
	datadep: 
	instructions:
		 0: 
		 1: RETURN %cl_2_6[4.0,] 
BB 5
	outgoing: 7 9 
	datadep: 2 2 2 
	instructions:
		 0: 
		 1: person->id person[2.2,] 
		 2: person->first_name person[2.2,] 
		 3: person->last_name person[2.2,] 
		 4: (I18n) 
		 5: 
		 6: %cl_2_10->t %cl_2_11[5.5,] %cl_2_10[5.4,] 
		 7: %cl_2_7[5.1,] %cl_2_12[5.6,] %cl_2_8[5.2,] %cl_2_9[5.3,] 
		 8: %cl_2_13[5.7,] 
		 9: RETURN %cl_2_14[5.8,] 
BB 7
	outgoing: 9 
	datadep: 
	instructions:
		 0: 
		 1: %cl_2_15[7.0,] 
		 2: RETURN %cl_2_16[7.1,] 
BB 9
	outgoing: 
	datadep: 
	instructions:
CLOSURE END
		 9: 
		 10: rows->sort_by! %self[2.0,] rows[3.2,] 
CLOSURE BEGIN: @group[3.6,] 
BB 1
	outgoing: 6 2 
	datadep: 
	instructions:
BB 2
	outgoing: 3 
	datadep: 
	instructions:
		 0: 
		 1: 
		 2: 
		 3: 
		 4: 
BB 3
	outgoing: 4 6 
	datadep: 2 2 
	instructions:
		 0: 
		 1: p[2.2,] 
		 2: p[2.2,] 
		 3: %cl_4_3[3.1,] %cl_4_4[3.2,] 
		 4: RETURN %cl_4_5[3.3,] 
BB 4
	outgoing: 6 
	datadep: 
	instructions:
		 0: 
		 1: %cl_4_6[4.0,] 
		 2: RETURN %cl_4_7[4.1,] 
BB 6
	outgoing: 
	datadep: 
	instructions:
CLOSURE END
		 11: RETURN %v_10[3.10,] 
BB 4
	outgoing: 6 
	datadep: 
	instructions:
		 0: RETURN 
BB 6
	outgoing: 
	datadep: 
	instructions:

SET IRMethod, name = fromdate
BB 1
	outgoing: 3 2 
	datadep: 
	instructions:
BB 2
	outgoing: 3 
	datadep: 
	instructions:
		 0: 
		 1: 
		 2: 
		 3: 
		 4: 
		 5: 
		 6: %self->options %self[2.0,] 
		 7: %v_3[2.6,] 
		 8: (Date) 
		 9: %v_5->current %v_5[2.8,] 
		 10: 
		 11: %v_6[2.9,] %v_7[2.10,] 
		 12: %self->format_dateparam %self[2.0,] %v_4[2.7,] %v_8[2.11,] 
		 13: RETURN %v_9[2.12,] 
BB 3
	outgoing: 
	datadep: 
	instructions:

SET IRMethod, name = thrudate
BB 1
	outgoing: 3 2 
	datadep: 
	instructions:
BB 2
	outgoing: 3 
	datadep: 
	instructions:
		 0: 
		 1: 
		 2: 
		 3: 
		 4: 
		 5: 
		 6: %self->options %self[2.0,] 
		 7: %v_3[2.6,] 
		 8: %self->format_dateparam %self[2.0,] %v_4[2.7,] 
		 9: RETURN %v_5[2.8,] 
BB 3
	outgoing: 
	datadep: 
	instructions:

SET IRMethod, name = format_attended_at
BB 1
	outgoing: 3 2 
	datadep: 
	instructions:
BB 2
	outgoing: 3 
	datadep: 
	instructions:
		 0: 
		 1: 
		 2: 
		 3: 
		 4: 
		 5: 
		 6: 
		 7: %self->format_date %self[2.0,] value[2.5,] 
		 8: RETURN %v_3[2.7,] 
BB 3
	outgoing: 
	datadep: 
	instructions:

SET IRMethod, name = group_id
BB 1
	outgoing: 3 2 
	datadep: 
	instructions:
BB 2
	outgoing: 3 
	datadep: 
	instructions:
		 0: 
		 1: 
		 2: 
		 3: 
		 4: 
		 5: 
		 6: %self->options %self[2.0,] 
		 7: %v_3[2.6,] 
		 8: RETURN %v_4[2.7,] 
BB 3
	outgoing: 
	datadep: 
	instructions:

SET IRMethod, name = none
BB 1
	outgoing: 3 2 
	datadep: 
	instructions:
BB 2
	outgoing: 3 
	datadep: 
	instructions:
		 0: 
		 1: 
		 2: 
		 3: 
		 4: 
		 5: 
		 6: 
		 7: RETURN %v_3[2.6,] 
BB 3
	outgoing: 
	datadep: 
	instructions:

