SET IRMethod, name = new_report
BB 1
	outgoing: 3 2 
	datadep: 
	instructions:
BB 2
	outgoing: 3 
	datadep: 
	instructions:
		 0: def_%self 
		 1: def_%v_0 
		 2: COPY TYPE_CurrentScope def_%current_scope 
		 3: COPY TYPE_ScopeModule def_%current_module 
		 4: 
		 5: RECEIVEARG def_report_id 
		 6: 
		 7: (Report) def_%v_3 
		 8: %v_3->find_by_id def_%v_4 %v_3[2.7,] report_id[2.5,] 	 ARGS:report_id,
		 9: COPY TYPE_PASS def_report %v_4[2.8,] 
		 10: 
		 11: (Role) def_%v_5 
		 12: %v_5->moderators def_%v_6 %v_5[2.11,] 	 ARGS:
		 13: %v_6->map def_%v_7 %v_6[2.12,] %self[2.0,] 	 ARGS:%v_6,
CLOSURE BEGIN: report[2.9,] %self[2.0,] role[] 
BB 1
	outgoing: 6 2 
	datadep: 
	instructions:
BB 2
	outgoing: 3 
	datadep: 
	instructions:
		 0: def_%self 
		 1: def_%cl_1_0 
		 2: RECEIVEARG def_role 
		 3: COPY TYPE_CurrentScope def_%current_scope 
		 4: COPY TYPE_ScopeModule def_%current_module 
BB 3
	outgoing: 4 6 
	datadep: 
	instructions:
		 0: 
		 1: report->item_type def_%cl_1_3 report[] 	 ARGS:
		 2: report->item_id def_%cl_1_4 report[3.1,] 	 ARGS:
		 3: report->text def_%cl_1_5 report[3.1,3.2,] 	 ARGS:
		 4: %self->-unknown-super-target- def_%cl_1_6 %self[2.0,] %cl_1_3[3.1,] %cl_1_4[3.2,] %cl_1_5[3.3,] role[2.2,] %cl_1_0[2.1,] 	 ARGS:%cl_1_3,%cl_1_4,%cl_1_5,role,
		 5: RETURN %cl_1_6[3.4,] %self[3.4,2.0,] 
BB 4
	outgoing: 6 
	datadep: 
	instructions:
		 0: def_%cl_1_7 
		 1: def_%cl_1_8 %cl_1_7[4.0,] 
		 2: RETURN %cl_1_8[4.1,] %self[2.0,] 
BB 6
	outgoing: 
	datadep: 
	instructions:
CLOSURE END
		 14: RETURN %v_7[2.13,] %self[2.0,] 
BB 3
	outgoing: 
	datadep: 
	instructions:

SET IRMethod, name = new_report
BB 1
	outgoing: 9 2 
	datadep: 
	instructions:
BB 2
	outgoing: 3 4 
	datadep: 
	instructions:
		 0: def_%self 
		 1: def_%v_0 
		 2: COPY TYPE_CurrentScope def_%current_scope 
		 3: COPY TYPE_ScopeModule def_%current_module 
		 4: 
		 5: RECEIVEARG def_type 
		 6: RECEIVEARG def_id 
		 7: RECEIVEARG def_reason 
		 8: RECEIVEARG def_role 
		 9: 
		 10: %self->report_index_url def_%v_3 %self[2.0,] 	 ARGS:
		 11: (I18n) def_%v_4 
		 12: COPY TYPE_StringLiteral def_%v_5 
		 13: 
		 14: type->downcase def_%v_6 type[2.5,] 	 ARGS:
		 15: BUILDSTRING def_%v_7 %v_5[2.12,] %v_6[2.14,] 
		 16: %v_4->t def_%v_8 %v_4[2.11,] %v_7[2.15,] 	 ARGS:%v_7,
		 17: HASH-url-type-id-reason- def_%v_9 %v_3[2.10,] %v_8[2.16,] id[2.6,] reason[2.7,] 
		 18: COPY TYPE_PASS def_resource %v_9[2.17,] 
		 19: 
		 20: (Person) def_%v_10 
		 21: role->person_id def_%v_11 role[2.8,] 	 ARGS:
		 22: %v_10->find def_%v_12 %v_10[2.20,] %v_11[2.21,] 	 ARGS:%v_11,
		 23: COPY TYPE_PASS def_person %v_12[2.22,] 
		 24: 
		 25: %v_12->local? def_%v_13 %v_12[2.22,] 	 ARGS:
		 26: BRANCH %v_13[2.25,] 
BB 3
	outgoing: 6 7 
	datadep: 
	instructions:
		 0: COPY TYPE_Nil def_%v_14 
		 1: 
		 2: (User) def_%v_15 
		 3: person->owner_id def_%v_16 person[2.23,] 	 ARGS:
		 4: %v_15->find_by_id def_%v_17 %v_15[3.2,] %v_16[3.3,] 	 ARGS:%v_16,
		 5: COPY TYPE_PASS def_user %v_17[3.4,] 
		 6: 
		 7: %v_17->user_preferences def_%v_18 %v_17[3.4,] 	 ARGS:
		 8: HASH-email_type- def_%v_19 
		 9: %v_18->exists? def_%v_20 %v_18[3.7,] %v_19[3.8,] 	 ARGS:%v_19,
		 10: BRANCH %v_20[3.9,] 
BB 4
	outgoing: 9 
	datadep: 
	instructions:
		 0: RETURN %self[2.0,] 
BB 6
	outgoing: 9 
	datadep: 
	instructions:
		 0: RETURN %self[2.0,] 
BB 7
	outgoing: 9 
	datadep: 
	instructions:
		 0: COPY TYPE_Nil def_%v_21 
		 1: 
		 2: (I18n) def_%v_22 
		 3: user->language def_%v_23 user[3.5,] 	 ARGS:
		 4: %v_22->with_locale def_%v_24 %v_22[7.2,] %v_23[7.3,] %self[2.0,] 	 ARGS:%v_23,%v_22,
CLOSURE BEGIN: user[7.3,3.5,] resource[2.18,] %self[2.0,] 
BB 1
	outgoing: 6 2 
	datadep: 
	instructions:
BB 2
	outgoing: 3 
	datadep: 
	instructions:
		 0: def_%self 
		 1: def_%cl_1_0 
		 2: COPY TYPE_CurrentScope def_%current_scope 
		 3: COPY TYPE_ScopeModule def_%current_module 
BB 3
	outgoing: 4 6 
	datadep: 
	instructions:
		 0: 
		 1: user->email def_%cl_1_3 user[] 	 ARGS:
		 2: ATTRASSIGN resource->[] %cl_1_3[3.1,] 
		 3: 
		 4: %self->format def_%cl_1_4 %self[2.0,] resource[3.2,] 	 ARGS:resource,
		 5: RETURN %cl_1_4[3.4,] %self[3.4,2.0,] 
BB 4
	outgoing: 6 
	datadep: 
	instructions:
		 0: def_%cl_1_5 
		 1: def_%cl_1_6 %cl_1_5[4.0,] 
		 2: RETURN %cl_1_6[4.1,] %self[2.0,] 
BB 6
	outgoing: 
	datadep: 
	instructions:
CLOSURE END
		 5: RETURN %v_24[7.4,] %self[2.0,] 
BB 9
	outgoing: 
	datadep: 
	instructions:

SET IRMethod, name = format
BB 1
	outgoing: 3 2 
	datadep: 
	instructions:
BB 2
	outgoing: 3 
	datadep: 
	instructions:
		 0: def_%self 
		 1: def_%v_0 
		 2: COPY TYPE_CurrentScope def_%current_scope 
		 3: COPY TYPE_ScopeModule def_%current_module 
		 4: 
		 5: RECEIVEARG def_resource 
		 6: 
		 7: resource->[] def_%v_3 resource[2.5,] 	 ARGS:Symbol,
		 8: (I18n) def_%v_4 
		 9: COPY TYPE_StringLiteral def_%v_5 
		 10: resource->[] def_%v_6 resource[2.5,2.7,] 	 ARGS:Symbol,
		 11: HASH-type- def_%v_7 %v_6[2.10,] 
		 12: %v_4->t def_%v_8 %v_4[2.8,] %v_5[2.9,] %v_7[2.11,] 	 ARGS:%v_5,%v_7,
		 13: HASH-to-subject- def_%v_9 %v_3[2.7,] %v_8[2.12,] 
		 14: %self->mail def_%v_10 %self[2.0,] %v_9[2.13,] %self[2.0,] 	 ARGS:%v_9,%self,
CLOSURE BEGIN: format[] %self[2.0,] 
BB 1
	outgoing: 6 2 
	datadep: 
	instructions:
BB 2
	outgoing: 3 
	datadep: 
	instructions:
		 0: def_%self 
		 1: def_%cl_1_0 
		 2: RECEIVEARG def_format 
		 3: COPY TYPE_CurrentScope def_%current_scope 
		 4: COPY TYPE_ScopeModule def_%current_module 
BB 3
	outgoing: 4 6 
	datadep: 
	instructions:
		 0: 
		 1: format->html def_%cl_1_3 format[2.2,] %self[2.0,] 	 ARGS:format,
CLOSURE BEGIN: resource[] %self[2.0,] 
BB 1
	outgoing: 6 2 
	datadep: 
	instructions:
BB 2
	outgoing: 3 
	datadep: 
	instructions:
		 0: def_%self 
		 1: def_%cl_2_0 
		 2: COPY TYPE_CurrentScope def_%current_scope 
		 3: COPY TYPE_ScopeModule def_%current_module 
BB 3
	outgoing: 4 6 
	datadep: 
	instructions:
		 0: 
		 1: COPY TYPE_StringLiteral def_%cl_2_3 
		 2: HASH-resource- def_%cl_2_4 resource[] 
		 3: HASH-locals- def_%cl_2_5 %cl_2_4[3.2,] 
		 4: %self->render def_%cl_2_6 %self[2.0,] %cl_2_3[3.1,] %cl_2_5[3.3,] 	 ARGS:%cl_2_3,%cl_2_5,
		 5: RETURN %cl_2_6[3.4,] %self[3.4,2.0,] 
BB 4
	outgoing: 6 
	datadep: 
	instructions:
		 0: def_%cl_2_7 
		 1: def_%cl_2_8 %cl_2_7[4.0,] 
		 2: RETURN %cl_2_8[4.1,] %self[2.0,] 
BB 6
	outgoing: 
	datadep: 
	instructions:
CLOSURE END
		 2: 
		 3: format->text def_%cl_1_4 format[3.1,2.2,] %self[2.0,] 	 ARGS:format,
CLOSURE BEGIN: resource[] %self[2.0,] 
BB 1
	outgoing: 6 2 
	datadep: 
	instructions:
BB 2
	outgoing: 3 
	datadep: 
	instructions:
		 0: def_%self 
		 1: def_%cl_3_0 
		 2: COPY TYPE_CurrentScope def_%current_scope 
		 3: COPY TYPE_ScopeModule def_%current_module 
BB 3
	outgoing: 4 6 
	datadep: 
	instructions:
		 0: 
		 1: COPY TYPE_StringLiteral def_%cl_3_3 
		 2: HASH-resource- def_%cl_3_4 resource[] 
		 3: HASH-locals- def_%cl_3_5 %cl_3_4[3.2,] 
		 4: %self->render def_%cl_3_6 %self[2.0,] %cl_3_3[3.1,] %cl_3_5[3.3,] 	 ARGS:%cl_3_3,%cl_3_5,
		 5: RETURN %cl_3_6[3.4,] %self[3.4,2.0,] 
BB 4
	outgoing: 6 
	datadep: 
	instructions:
		 0: def_%cl_3_7 
		 1: def_%cl_3_8 %cl_3_7[4.0,] 
		 2: RETURN %cl_3_8[4.1,] %self[2.0,] 
BB 6
	outgoing: 
	datadep: 
	instructions:
CLOSURE END
		 4: RETURN %cl_1_4[3.3,] %self[2.0,] 
BB 4
	outgoing: 6 
	datadep: 
	instructions:
		 0: def_%cl_1_5 
		 1: def_%cl_1_6 %cl_1_5[4.0,] 
		 2: RETURN %cl_1_6[4.1,] %self[2.0,] 
BB 6
	outgoing: 
	datadep: 
	instructions:
CLOSURE END
		 15: RETURN %v_10[2.14,] %self[2.0,2.14,] 
BB 3
	outgoing: 
	datadep: 
	instructions:

