digraph HomeController_newest_forward_70237853492620 {
	n18 -> n19
	n19 -> n20
	n20 -> n23
	n23 -> n49
	n49 -> n50
	n20 -> n52
	n52 -> n57
	n57 -> n58
	n58 -> n63
	n63 -> n64
	n57 -> n60
	n60 -> n61
	n61 -> n63
	n52 -> n60
	n19 -> n21
	n21 -> n22
	n21 -> n50
	n18 [label=<<i>User.where</i>> color=crimson shape=doubleoctagon]; 
	n19 [label = <<i>User_where(session_token=Isession[u]_to_s).first</i>> color=coral1 ]
	n20 []
	n23 [label = <<i>user.is_active?</i>> ]
	n49 []
	n50 []
	n52 []
	n57 []
	n58 [label = <<i>@user.id</i>> ]
	n63 []
	n64 [label = <<i>Rails_logger.info</i>> ]
	n60 []
	n61 [label = <<i>@user.username</i>> ]
	n21 []
	n22 []
}

digraph HomeController_newest_backward_70237853492620 {
	n13 -> n18
	n17 -> n18
	n16 -> n17
	n15 -> n16
	n14 -> n15
	n3 -> n14
	n18 [label=<<i>User.where</i>> color=crimson shape=doubleoctagon]; 
	n13 []
	n17 []
	n16 [label = <<i>session[u].to_s</i>> ]
	n15 []
	n14 [label = <<i>self.session</i>> ]
	n3 []
}

digraph HomeController_newest_forward_70237853491360 {
	n19 -> n20
	n20 -> n23
	n23 -> n49
	n49 -> n50
	n20 -> n52
	n52 -> n57
	n57 -> n58
	n58 -> n63
	n63 -> n64
	n57 -> n60
	n60 -> n61
	n61 -> n63
	n52 -> n60
	n19 -> n21
	n21 -> n22
	n21 -> n50
	n19 [label=<<i>User_where(session_token=Isession[u]_to_s).first</i>> color=crimson shape=doubleoctagon]; 
	n20 []
	n23 [label = <<i>user.is_active?</i>> ]
	n49 []
	n50 []
	n52 []
	n57 []
	n58 [label = <<i>@user.id</i>> ]
	n63 []
	n64 [label = <<i>Rails_logger.info</i>> ]
	n60 []
	n61 [label = <<i>@user.username</i>> ]
	n21 []
	n22 []
}

digraph HomeController_newest_backward_70237853491360 {
	n18 -> n19
	n13 -> n18
	n17 -> n18
	n16 -> n17
	n15 -> n16
	n14 -> n15
	n3 -> n14
	n19 [label=<<i>User_where(session_token=Isession[u]_to_s).first</i>> color=crimson shape=doubleoctagon]; 
	n18 [label = <<i>User.where</i>> color=coral1 ]
	n13 []
	n17 []
	n16 [label = <<i>session[u].to_s</i>> ]
	n15 []
	n14 [label = <<i>self.session</i>> ]
	n3 []
}

digraph HomeController_newest_forward_70237853381620 {
	n122 [label=<<i>Keystore.transaction</i>> color=crimson shape=doubleoctagon]; 
}

digraph HomeController_newest_backward_70237853381620 {
	n121 -> n122
	n72 -> n122
	n122 [label=<<i>Keystore.transaction</i>> color=crimson shape=doubleoctagon]; 
	n121 []
	n72 []
}

digraph HomeController_newest_forward_70237840318200 {
	n156 -> n158
	n158 -> n159
	n159 -> n160
	n160 -> n164
	n159 -> n162
	n156 [label=<<i>self.lock</i>> color=crimson shape=doubleoctagon]; 
	n158 [label = <<i>self_lock(true).where</i>> color=coral1 ]
	n159 [label = <<i>%cl_1_5.first</i>> ]
	n160 []
	n164 []
	n162 []
}

digraph HomeController_newest_backward_70237840318200 {
	n151 -> n156
	n156 [label=<<i>self.lock</i>> color=crimson shape=doubleoctagon]; 
	n151 []
}

digraph HomeController_newest_forward_70237840316700 {
	n158 -> n159
	n159 -> n160
	n160 -> n164
	n159 -> n162
	n158 [label=<<i>self_lock(true).where</i>> color=crimson shape=doubleoctagon]; 
	n159 [label = <<i>%cl_1_5.first</i>> ]
	n160 []
	n164 []
	n162 []
}

digraph HomeController_newest_backward_70237840316700 {
	n156 -> n158
	n151 -> n156
	n157 -> n158
	n158 [label=<<i>self_lock(true).where</i>> color=crimson shape=doubleoctagon]; 
	n156 [label = <<i>self.lock</i>> color=coral1 ]
	n151 []
	n157 []
}

digraph HomeController_newest_forward_70237840298640 {
	n182 -> n187
	n182 [label=<<i>kv.save!</i>> color=crimson shape=doubleoctagon]; 
	n187 []
}

digraph HomeController_newest_backward_70237840298640 {
	n178 -> n182
	n174 -> n178
	n180 -> n182
	n178 -> n180
	n182 [label=<<i>kv.save!</i>> color=crimson shape=doubleoctagon]; 
	n178 []
	n174 []
	n180 []
}

digraph HomeController_newest_forward_70237840295440 {
	n185 [label=<<i>self.where</i>> color=crimson shape=doubleoctagon]; 
}

digraph HomeController_newest_backward_70237840295440 {
	n185 [label=<<i>self.where</i>> color=crimson shape=doubleoctagon]; 
}

digraph HomeController_newest_forward_70237840119820 {
	n255 [label=<<i>traffic_kv.save!</i>> color=crimson shape=doubleoctagon]; 
}

digraph HomeController_newest_backward_70237840119820 {
	n228 -> n255
	n227 -> n228
	n226 -> n227
	n225 -> n227
	n253 -> n255
	n228 -> n253
	n233 -> n253
	n232 -> n233
	n231 -> n232
	n230 -> n231
	n227 -> n230
	n242 -> n253
	n241 -> n242
	n233 -> n241
	n240 -> n241
	n239 -> n240
	n238 -> n239
	n237 -> n239
	n236 -> n237
	n235 -> n236
	n223 -> n235
	n136 -> n223
	n131 -> n136
	n130 -> n131
	n129 -> n130
	n134 -> n136
	n135 -> n136
	n218 -> n136
	n149 -> n218
	n139 -> n149
	n218 -> n136
	n221 -> n136
	n220 -> n221
	n219 -> n220
	n132 -> n236
	n131 -> n132
	n248 -> n253
	n247 -> n248
	n246 -> n247
	n245 -> n246
	n244 -> n245
	n241 -> n244
	n255 [label=<<i>traffic_kv.save!</i>> color=crimson shape=doubleoctagon]; 
	n228 []
	n227 [label = <<i>Keystore.find_or_create_key_for_update</i>> ]
	n226 []
	n225 []
	n253 []
	n233 []
	n232 []
	n231 [label = <<i>%cl_1_12.to_i</i>> ]
	n230 [label = <<i>%cl_1_11.value</i>> ]
	n242 []
	n241 []
	n240 [label = <<i>Time_now.to_i</i>> ]
	n239 []
	n238 []
	n237 []
	n236 []
	n235 [label = <<i>date_kv.value</i>> ]
	n223 []
	n136 [label = <<i>Keystore.find_or_create_key_for_update</i>> ]
	n131 [label = <<i>Time_now.to_i</i>> ]
	n130 [label = <<i>Time.now</i>> ]
	n129 []
	n134 []
	n135 []
	n218 []
	n149 [label = <<i>self.loop</i>> ]
	n139 []
	n221 []
	n220 []
	n219 []
	n132 []
	n248 []
	n247 [label = <<i>[[100,traffic]_max,10000].min</i>> ]
	n246 []
	n245 [label = <<i>[100,traffic].max</i>> ]
	n244 []
}

digraph HomeController_newest_forward_70237840116820 {
	n259 [label=<<i>date_kv.save!</i>> color=crimson shape=doubleoctagon]; 
}

digraph HomeController_newest_backward_70237840116820 {
	n223 -> n259
	n136 -> n223
	n131 -> n136
	n130 -> n131
	n129 -> n130
	n134 -> n136
	n135 -> n136
	n218 -> n136
	n149 -> n218
	n139 -> n149
	n218 -> n136
	n221 -> n136
	n220 -> n221
	n219 -> n220
	n257 -> n259
	n223 -> n257
	n132 -> n257
	n131 -> n132
	n259 [label=<<i>date_kv.save!</i>> color=crimson shape=doubleoctagon]; 
	n223 []
	n136 [label = <<i>Keystore.find_or_create_key_for_update</i>> ]
	n131 [label = <<i>Time_now.to_i</i>> ]
	n130 [label = <<i>Time.now</i>> ]
	n129 []
	n134 []
	n135 []
	n218 []
	n149 [label = <<i>self.loop</i>> ]
	n139 []
	n221 []
	n220 []
	n219 []
	n257 []
	n132 []
}

digraph HomeController_newest_forward_70237831012660 {
	n307 -> n308
	n308 -> n309
	n308 -> n310
	n310 -> n278
	n307 [label=<<i>User.where</i>> color=crimson shape=doubleoctagon]; 
	n308 [label = <<i>User_where(rss_token=Iparams[token]_to_s).first</i>> color=coral1 ]
	n309 []
	n310 []
	n278 [label = <<i>self.find_user_from_rss_token</i>> ]
}

digraph HomeController_newest_backward_70237831012660 {
	n302 -> n307
	n306 -> n307
	n305 -> n306
	n304 -> n305
	n303 -> n304
	n307 [label=<<i>User.where</i>> color=crimson shape=doubleoctagon]; 
	n302 []
	n306 []
	n305 [label = <<i>params[token].to_s</i>> ]
	n304 []
	n303 [label = <<i>self.params</i>> color=cyan3 ]
}

digraph HomeController_newest_forward_70237831002960 {
	n308 -> n309
	n308 -> n310
	n310 -> n278
	n308 [label=<<i>User_where(rss_token=Iparams[token]_to_s).first</i>> color=crimson shape=doubleoctagon]; 
	n309 []
	n310 []
	n278 [label = <<i>self.find_user_from_rss_token</i>> ]
}

digraph HomeController_newest_backward_70237831002960 {
	n307 -> n308
	n302 -> n307
	n306 -> n307
	n305 -> n306
	n304 -> n305
	n303 -> n304
	n308 [label=<<i>User_where(rss_token=Iparams[token]_to_s).first</i>> color=crimson shape=doubleoctagon]; 
	n307 [label = <<i>User.where</i>> color=coral1 ]
	n302 []
	n306 []
	n305 [label = <<i>params[token].to_s</i>> ]
	n304 []
	n303 [label = <<i>self.params</i>> color=cyan3 ]
}

digraph HomeController_newest_forward_70237831193340 {
	n419 -> n420
	n419 -> n421
	n421 -> n397
	n397 -> n424
	n424 -> n438
	n438 -> n368
	n368 -> n440
	n440 -> n441
	n441 -> n442
	n442 -> n358
	n358 -> n444
	n444 -> n445
	n445 -> n446
	n419 [label=<<i>Tag.where</i>> color=crimson shape=doubleoctagon]; 
	n420 []
	n421 []
	n397 [label = <<i>self.tags_filtered_by_cookie</i>> ]
	n424 [label = <<i>tags_filtered_by_cookie.map</i>> ]
	n438 []
	n368 [label = <<i>self.filtered_tag_ids</i>> ]
	n440 []
	n441 [label = <<i>StoryRepository.new</i>> ]
	n442 []
	n358 [label = <<i>self.stories</i>> ]
	n444 [label = <<i>stories.newest</i>> ]
	n445 [label = <<i>%self.paginate</i>> ]
	n446 []
}

digraph HomeController_newest_backward_70237831193340 {
	n418 -> n419
	n417 -> n418
	n415 -> n417
	n414 -> n415
	n413 -> n414
	n412 -> n414
	n399 -> n412
	n416 -> n417
	n411 -> n419
	n419 [label=<<i>Tag.where</i>> color=crimson shape=doubleoctagon]; 
	n418 []
	n417 [label = <<i>cookies[TAG_FILTER_COOKIE]_to_s.split</i>> ]
	n415 [label = <<i>cookies[TAG_FILTER_COOKIE].to_s</i>> ]
	n414 []
	n413 []
	n412 [label = <<i>self.cookies</i>> ]
	n399 []
	n416 []
	n411 []
}

