digraph SettingsController_delete_account_forward_70306491584800 {
	n18 -> n19
	n19 -> n20
	n20 -> n23
	n23 -> n49
	n49 -> n50
	n20 -> n52
	n52 -> n57
	n57 -> n58
	n58 -> n63
	n63 -> n64
	n57 -> n60
	n60 -> n61
	n61 -> n63
	n52 -> n60
	n19 -> n21
	n21 -> n22
	n21 -> n50
	n18 [label=<<i>User.where</i>> color=crimson shape=doubleoctagon]; 
	n19 [label = <<i>User_where(session_token=Isession[u]_to_s).first</i>> color=coral1 ]
	n20 []
	n23 [label = <<i>user.is_active?</i>> ]
	n49 []
	n50 []
	n52 []
	n57 []
	n58 [label = <<i>@user.id</i>> ]
	n63 []
	n64 [label = <<i>Rails_logger.info</i>> ]
	n60 []
	n61 [label = <<i>@user.username</i>> ]
	n21 []
	n22 []
}

digraph SettingsController_delete_account_backward_70306491584800 {
	n13 -> n18
	n17 -> n18
	n16 -> n17
	n15 -> n16
	n14 -> n15
	n3 -> n14
	n18 [label=<<i>User.where</i>> color=crimson shape=doubleoctagon]; 
	n13 []
	n17 []
	n16 [label = <<i>session[u].to_s</i>> ]
	n15 []
	n14 [label = <<i>self.session</i>> ]
	n3 []
}

digraph SettingsController_delete_account_forward_70306491583540 {
	n19 -> n20
	n20 -> n23
	n23 -> n49
	n49 -> n50
	n20 -> n52
	n52 -> n57
	n57 -> n58
	n58 -> n63
	n63 -> n64
	n57 -> n60
	n60 -> n61
	n61 -> n63
	n52 -> n60
	n19 -> n21
	n21 -> n22
	n21 -> n50
	n19 [label=<<i>User_where(session_token=Isession[u]_to_s).first</i>> color=crimson shape=doubleoctagon]; 
	n20 []
	n23 [label = <<i>user.is_active?</i>> ]
	n49 []
	n50 []
	n52 []
	n57 []
	n58 [label = <<i>@user.id</i>> ]
	n63 []
	n64 [label = <<i>Rails_logger.info</i>> ]
	n60 []
	n61 [label = <<i>@user.username</i>> ]
	n21 []
	n22 []
}

digraph SettingsController_delete_account_backward_70306491583540 {
	n18 -> n19
	n13 -> n18
	n17 -> n18
	n16 -> n17
	n15 -> n16
	n14 -> n15
	n3 -> n14
	n19 [label=<<i>User_where(session_token=Isession[u]_to_s).first</i>> color=crimson shape=doubleoctagon]; 
	n18 [label = <<i>User.where</i>> color=coral1 ]
	n13 []
	n17 []
	n16 [label = <<i>session[u].to_s</i>> ]
	n15 []
	n14 [label = <<i>self.session</i>> ]
	n3 []
}

digraph SettingsController_delete_account_forward_70306493120360 {
	n122 [label=<<i>Keystore.transaction</i>> color=crimson shape=doubleoctagon]; 
}

digraph SettingsController_delete_account_backward_70306493120360 {
	n121 -> n122
	n72 -> n122
	n122 [label=<<i>Keystore.transaction</i>> color=crimson shape=doubleoctagon]; 
	n121 []
	n72 []
}

digraph SettingsController_delete_account_forward_70306493090460 {
	n156 -> n158
	n158 -> n159
	n159 -> n160
	n160 -> n164
	n159 -> n162
	n156 [label=<<i>self.lock</i>> color=crimson shape=doubleoctagon]; 
	n158 [label = <<i>self_lock(true).where</i>> color=coral1 ]
	n159 [label = <<i>%cl_1_5.first</i>> ]
	n160 []
	n164 []
	n162 []
}

digraph SettingsController_delete_account_backward_70306493090460 {
	n151 -> n156
	n156 [label=<<i>self.lock</i>> color=crimson shape=doubleoctagon]; 
	n151 []
}

digraph SettingsController_delete_account_forward_70306493088960 {
	n158 -> n159
	n159 -> n160
	n160 -> n164
	n159 -> n162
	n158 [label=<<i>self_lock(true).where</i>> color=crimson shape=doubleoctagon]; 
	n159 [label = <<i>%cl_1_5.first</i>> ]
	n160 []
	n164 []
	n162 []
}

digraph SettingsController_delete_account_backward_70306493088960 {
	n156 -> n158
	n151 -> n156
	n157 -> n158
	n158 [label=<<i>self_lock(true).where</i>> color=crimson shape=doubleoctagon]; 
	n156 [label = <<i>self.lock</i>> color=coral1 ]
	n151 []
	n157 []
}

digraph SettingsController_delete_account_forward_70306491489760 {
	n182 -> n187
	n182 [label=<<i>kv.save!</i>> color=crimson shape=doubleoctagon]; 
	n187 []
}

digraph SettingsController_delete_account_backward_70306491489760 {
	n178 -> n182
	n174 -> n178
	n180 -> n182
	n178 -> n180
	n182 [label=<<i>kv.save!</i>> color=crimson shape=doubleoctagon]; 
	n178 []
	n174 []
	n180 []
}

digraph SettingsController_delete_account_forward_70306491486560 {
	n185 [label=<<i>self.where</i>> color=crimson shape=doubleoctagon]; 
}

digraph SettingsController_delete_account_backward_70306491486560 {
	n185 [label=<<i>self.where</i>> color=crimson shape=doubleoctagon]; 
}

digraph SettingsController_delete_account_forward_70306491457460 {
	n255 [label=<<i>traffic_kv.save!</i>> color=crimson shape=doubleoctagon]; 
}

digraph SettingsController_delete_account_backward_70306491457460 {
	n228 -> n255
	n227 -> n228
	n226 -> n227
	n225 -> n227
	n253 -> n255
	n228 -> n253
	n233 -> n253
	n232 -> n233
	n231 -> n232
	n230 -> n231
	n227 -> n230
	n242 -> n253
	n241 -> n242
	n233 -> n241
	n240 -> n241
	n239 -> n240
	n238 -> n239
	n237 -> n239
	n236 -> n237
	n235 -> n236
	n223 -> n235
	n136 -> n223
	n131 -> n136
	n130 -> n131
	n129 -> n130
	n134 -> n136
	n135 -> n136
	n218 -> n136
	n149 -> n218
	n139 -> n149
	n218 -> n136
	n221 -> n136
	n220 -> n221
	n219 -> n220
	n132 -> n236
	n131 -> n132
	n248 -> n253
	n247 -> n248
	n246 -> n247
	n245 -> n246
	n244 -> n245
	n241 -> n244
	n255 [label=<<i>traffic_kv.save!</i>> color=crimson shape=doubleoctagon]; 
	n228 []
	n227 [label = <<i>Keystore.find_or_create_key_for_update</i>> ]
	n226 []
	n225 []
	n253 []
	n233 []
	n232 []
	n231 [label = <<i>%cl_1_12.to_i</i>> ]
	n230 [label = <<i>%cl_1_11.value</i>> ]
	n242 []
	n241 []
	n240 [label = <<i>Time_now.to_i</i>> ]
	n239 []
	n238 []
	n237 []
	n236 []
	n235 [label = <<i>date_kv.value</i>> ]
	n223 []
	n136 [label = <<i>Keystore.find_or_create_key_for_update</i>> ]
	n131 [label = <<i>Time_now.to_i</i>> ]
	n130 [label = <<i>Time.now</i>> ]
	n129 []
	n134 []
	n135 []
	n218 []
	n149 [label = <<i>self.loop</i>> ]
	n139 []
	n221 []
	n220 []
	n219 []
	n132 []
	n248 []
	n247 [label = <<i>[[100,traffic]_max,10000].min</i>> ]
	n246 []
	n245 [label = <<i>[100,traffic].max</i>> ]
	n244 []
}

digraph SettingsController_delete_account_forward_70306491454600 {
	n259 [label=<<i>date_kv.save!</i>> color=crimson shape=doubleoctagon]; 
}

digraph SettingsController_delete_account_backward_70306491454600 {
	n223 -> n259
	n136 -> n223
	n131 -> n136
	n130 -> n131
	n129 -> n130
	n134 -> n136
	n135 -> n136
	n218 -> n136
	n149 -> n218
	n139 -> n149
	n218 -> n136
	n221 -> n136
	n220 -> n221
	n219 -> n220
	n257 -> n259
	n223 -> n257
	n132 -> n257
	n131 -> n132
	n259 [label=<<i>date_kv.save!</i>> color=crimson shape=doubleoctagon]; 
	n223 []
	n136 [label = <<i>Keystore.find_or_create_key_for_update</i>> ]
	n131 [label = <<i>Time_now.to_i</i>> ]
	n130 [label = <<i>Time.now</i>> ]
	n129 []
	n134 []
	n135 []
	n218 []
	n149 [label = <<i>self.loop</i>> ]
	n139 []
	n221 []
	n220 []
	n219 []
	n257 []
	n132 []
}

digraph SettingsController_delete_account_forward_70306491388340 {
	n320 -> n321
	n320 [label=<<i>@user.try</i>> color=crimson shape=doubleoctagon]; 
	n321 []
}

digraph SettingsController_delete_account_backward_70306491388340 {
	n315 -> n320
	n309 -> n315
	n319 -> n320
	n318 -> n319
	n317 -> n318
	n316 -> n317
	n320 [label=<<i>@user.try</i>> color=crimson shape=doubleoctagon]; 
	n315 []
	n309 []
	n319 [label = <<i>params[user][password].to_s</i>> ]
	n318 []
	n317 []
	n316 [label = <<i>self.params</i>> color=cyan3 ]
}

digraph SettingsController_delete_account_forward_70306491374680 {
	n333 -> n2346
	n2346 -> n324
	n333 [label=<<i>User.transaction</i>> color=crimson shape=doubleoctagon]; 
	n2346 []
	n324 [label = <<i>@user.delete!</i>> ]
}

digraph SettingsController_delete_account_backward_70306491374680 {
	n326 -> n333
	n332 -> n333
	n333 [label=<<i>User.transaction</i>> color=crimson shape=doubleoctagon]; 
	n326 []
	n332 []
}

digraph SettingsController_delete_account_forward_70306491322880 {
	n387 [label=<<i>m.save</i>> color=crimson shape=doubleoctagon]; 
}

digraph SettingsController_delete_account_backward_70306491322880 {
	n376 -> n387
	n375 -> n376
	n374 -> n375
	n379 -> n387
	n376 -> n379
	n378 -> n379
	n372 -> n378
	n352 -> n372
	n362 -> n372
	n352 -> n362
	n382 -> n387
	n376 -> n382
	n379 -> n382
	n381 -> n382
	n357 -> n381
	n385 -> n387
	n376 -> n385
	n379 -> n385
	n382 -> n385
	n384 -> n385
	n387 [label=<<i>m.save</i>> color=crimson shape=doubleoctagon]; 
	n376 []
	n375 [label = <<i>Moderation.new</i>> ]
	n374 []
	n379 []
	n378 [label = <<i>self.id</i>> ]
	n372 []
	n352 []
	n362 []
	n382 []
	n381 [label = <<i>user.id</i>> ]
	n357 []
	n385 []
	n384 []
}

digraph SettingsController_delete_account_forward_70306504870680 {
	n588 -> n909
	n909 -> n391
	n588 [label=<<i>m.save</i>> color=crimson shape=doubleoctagon]; 
	n909 []
	n391 [label = <<i>self.send_message_to_moderated</i>> ]
}

digraph SettingsController_delete_account_backward_70306504870680 {
	n413 -> n588
	n401 -> n413
	n400 -> n401
	n399 -> n400
	n404 -> n413
	n401 -> n404
	n403 -> n404
	n393 -> n403
	n406 -> n413
	n401 -> n406
	n404 -> n406
	n412 -> n413
	n411 -> n412
	n393 -> n411
	n416 -> n588
	n413 -> n416
	n415 -> n416
	n502 -> n588
	n413 -> n502
	n416 -> n502
	n501 -> n502
	n500 -> n501
	n496 -> n500
	n498 -> n500
	n393 -> n498
	n499 -> n500
	n495 -> n501
	n493 -> n495
	n491 -> n493
	n422 -> n491
	n421 -> n422
	n418 -> n422
	n420 -> n422
	n419 -> n420
	n393 -> n419
	n490 -> n491
	n425 -> n490
	n424 -> n425
	n393 -> n424
	n487 -> n425
	n486 -> n487
	n451 -> n486
	n452 -> n486
	n428 -> n452
	n484 -> n452
	n483 -> n484
	n480 -> n483
	n479 -> n480
	n465 -> n480
	n464 -> n465
	n461 -> n464
	n460 -> n461
	n454 -> n460
	n463 -> n464
	n482 -> n483
	n434 -> n486
	n428 -> n434
	n449 -> n434
	n448 -> n449
	n444 -> n448
	n443 -> n444
	n442 -> n443
	n447 -> n448
	n445 -> n447
	n446 -> n447
	n436 -> n446
	n489 -> n490
	n492 -> n493
	n494 -> n495
	n530 -> n588
	n401 -> n530
	n404 -> n530
	n406 -> n530
	n529 -> n530
	n528 -> n529
	n393 -> n528
	n533 -> n588
	n532 -> n533
	n530 -> n533
	n557 -> n588
	n530 -> n557
	n533 -> n557
	n556 -> n557
	n549 -> n556
	n547 -> n549
	n546 -> n547
	n544 -> n546
	n543 -> n544
	n542 -> n543
	n393 -> n542
	n545 -> n546
	n540 -> n547
	n535 -> n540
	n538 -> n540
	n537 -> n538
	n536 -> n537
	n393 -> n536
	n539 -> n540
	n548 -> n549
	n555 -> n556
	n550 -> n555
	n553 -> n555
	n552 -> n553
	n393 -> n552
	n554 -> n555
	n588 [label=<<i>m.save</i>> color=crimson shape=doubleoctagon]; 
	n413 []
	n401 []
	n400 [label = <<i>Message.new</i>> ]
	n399 []
	n404 []
	n403 [label = <<i>self.moderator_user_id</i>> ]
	n393 []
	n406 []
	n412 [label = <<i>self_story.user_id</i>> ]
	n411 [label = <<i>self.story</i>> ]
	n416 []
	n415 []
	n502 []
	n501 []
	n500 []
	n496 []
	n498 [label = <<i>self.action</i>> ]
	n499 []
	n495 []
	n493 []
	n491 []
	n422 []
	n421 []
	n418 []
	n420 [label = <<i>self_story.title</i>> ]
	n419 [label = <<i>self.story</i>> ]
	n490 []
	n425 [label = <<i>self_story.comments_url</i>> ]
	n424 [label = <<i>self.story</i>> ]
	n487 []
	n486 []
	n451 []
	n452 [label = <<i>self.title_as_url</i>> ]
	n428 []
	n484 []
	n483 [label = <<i>u_gsub(/^_+/,"").gsub</i>> ]
	n480 [label = <<i>u_gsub(/^_+/,"").gsub</i>> ]
	n479 []
	n465 []
	n464 [label = <<i>self_title_downcase.gsub</i>> ]
	n461 [label = <<i>self_title.downcase</i>> ]
	n460 [label = <<i>self.title</i>> ]
	n454 []
	n463 []
	n482 []
	n434 [label = <<i>self.short_id_url</i>> ]
	n449 []
	n448 []
	n444 [label = <<i>Rails_application.root_url</i>> ]
	n443 [label = <<i>Rails.application</i>> ]
	n442 []
	n447 []
	n445 []
	n446 [label = <<i>self.short_id</i>> ]
	n436 []
	n489 []
	n492 []
	n494 []
	n530 []
	n529 [label = <<i>self_comment.user_id</i>> ]
	n528 [label = <<i>self.comment</i>> ]
	n533 []
	n532 []
	n557 []
	n556 []
	n549 []
	n547 []
	n546 []
	n544 [label = <<i>self_comment_story.comments_url</i>> ]
	n543 [label = <<i>self.story</i>> ]
	n542 [label = <<i>self.comment</i>> ]
	n545 []
	n540 []
	n535 []
	n538 [label = <<i>self_comment_story.title</i>> ]
	n537 [label = <<i>self.story</i>> ]
	n536 [label = <<i>self.comment</i>> ]
	n539 []
	n548 []
	n555 []
	n550 []
	n553 [label = <<i>self.comment</i>> ]
	n552 [label = <<i>self.comment</i>> ]
	n554 []
}

digraph SettingsController_delete_account_forward_70306504825240 {
	n614 [label=<<i>self.where</i>> color=crimson shape=doubleoctagon]; 
}

digraph SettingsController_delete_account_backward_70306504825240 {
	n614 [label=<<i>self.where</i>> color=crimson shape=doubleoctagon]; 
}

digraph SettingsController_delete_account_forward_70306504823780 {
	n615 -> n616
	n616 -> n694
	n694 -> n599
	n599 -> n696
	n696 -> n590
	n615 [label=<<i>self_received_messages_unread.count</i>> color=crimson shape=doubleoctagon]; 
	n616 [label = <<i>Keystore.put</i>> ]
	n694 []
	n599 [label = <<i>self_recipient.update_unread_message_count!</i>> ]
	n696 []
	n590 [label = <<i>self.update_unread_counts</i>> ]
}

digraph SettingsController_delete_account_backward_70306504823780 {
	n613 -> n615
	n612 -> n613
	n601 -> n612
	n615 [label=<<i>self_received_messages_unread.count</i>> color=crimson shape=doubleoctagon]; 
	n613 [label = <<i>self_received_messages.unread</i>> ]
	n612 [label = <<i>self.received_messages</i>> ]
	n601 []
}

digraph SettingsController_delete_account_forward_70306504759260 {
	n650 [label=<<i>Keystore_connection.execute</i>> color=crimson shape=doubleoctagon]; 
}

digraph SettingsController_delete_account_backward_70306504759260 {
	n634 -> n650
	n633 -> n634
	n649 -> n650
	n641 -> n649
	n640 -> n641
	n639 -> n640
	n638 -> n640
	n637 -> n638
	n635 -> n641
	n648 -> n649
	n642 -> n648
	n644 -> n648
	n618 -> n644
	n623 -> n644
	n645 -> n648
	n646 -> n648
	n618 -> n646
	n624 -> n646
	n647 -> n648
	n650 [label=<<i>Keystore_connection.execute</i>> color=crimson shape=doubleoctagon]; 
	n634 [label = <<i>Keystore.connection</i>> ]
	n633 []
	n649 []
	n641 []
	n640 []
	n639 []
	n638 [label = <<i>Keystore.table_name</i>> ]
	n637 []
	n635 []
	n648 []
	n642 []
	n644 [label = <<i>self.q</i>> ]
	n618 []
	n623 []
	n645 []
	n646 [label = <<i>self.q</i>> ]
	n624 []
	n647 []
}

digraph SettingsController_delete_account_forward_70306504707300 {
	n680 -> n690
	n680 [label=<<i>Keystore_connection.execute</i>> color=crimson shape=doubleoctagon]; 
	n690 []
}

digraph SettingsController_delete_account_backward_70306504707300 {
	n679 -> n680
	n674 -> n679
	n666 -> n674
	n662 -> n666
	n664 -> n666
	n663 -> n664
	n665 -> n666
	n673 -> n674
	n667 -> n673
	n669 -> n673
	n618 -> n669
	n623 -> n669
	n670 -> n673
	n671 -> n673
	n618 -> n671
	n624 -> n671
	n672 -> n673
	n678 -> n679
	n675 -> n678
	n677 -> n678
	n618 -> n677
	n624 -> n677
	n661 -> n680
	n660 -> n661
	n680 [label=<<i>Keystore_connection.execute</i>> color=crimson shape=doubleoctagon]; 
	n679 []
	n674 []
	n666 []
	n662 []
	n664 [label = <<i>Keystore.table_name</i>> ]
	n663 []
	n665 []
	n673 []
	n667 []
	n669 [label = <<i>self.q</i>> ]
	n618 []
	n623 []
	n670 []
	n671 [label = <<i>self.q</i>> ]
	n624 []
	n672 []
	n678 []
	n675 []
	n677 [label = <<i>self.q</i>> ]
	n661 [label = <<i>Keystore.connection</i>> ]
	n660 []
}

digraph SettingsController_delete_account_forward_70306504683200 {
	n688 -> n689
	n689 -> n690
	n688 [label=<<i>kv.save!</i>> color=crimson shape=doubleoctagon]; 
	n689 []
	n690 []
}

digraph SettingsController_delete_account_backward_70306504683200 {
	n684 -> n688
	n683 -> n684
	n618 -> n683
	n623 -> n683
	n624 -> n683
	n688 [label=<<i>kv.save!</i>> color=crimson shape=doubleoctagon]; 
	n684 []
	n683 [label = <<i>self.find_or_create_key_for_update</i>> ]
	n618 []
	n623 []
	n624 []
}

digraph SettingsController_delete_account_forward_70306504618360 {
	n717 [label=<<i>self.where</i>> color=crimson shape=doubleoctagon]; 
}

digraph SettingsController_delete_account_backward_70306504618360 {
	n717 [label=<<i>self.where</i>> color=crimson shape=doubleoctagon]; 
}

digraph SettingsController_delete_account_forward_70306503381760 {
	n915 [label=<<i>self.save</i>> color=crimson shape=doubleoctagon]; 
}

digraph SettingsController_delete_account_backward_70306503381760 {
	n914 -> n915
	n372 -> n915
	n352 -> n372
	n362 -> n372
	n352 -> n362
	n352 -> n915
	n362 -> n915
	n915 [label=<<i>self.save</i>> color=crimson shape=doubleoctagon]; 
	n914 []
	n372 []
	n352 []
	n362 []
}

digraph SettingsController_delete_account_forward_70306503215820 {
	n949 -> n950
	n950 -> n951
	n951 -> n956
	n956 -> n957
	n957 -> n958
	n958 -> n959
	n950 -> n953
	n953 -> n954
	n954 -> n955
	n954 -> n959
	n949 [label=<<i>Vote.where</i>> color=crimson shape=doubleoctagon]; 
	n950 [label = <<i>Vote_where(user_id=Iuser_id,story_id=Istory_id,comment_id=Icomment_id).first_or_initialize</i>> color=coral1 ]
	n951 []
	n956 [label = <<i>v.vote</i>> ]
	n957 []
	n958 []
	n959 []
	n953 [label = <<i>%v_6.new_record?</i>> ]
	n954 [label = <<i>%v_7.!</i>> ]
	n955 []
}

digraph SettingsController_delete_account_backward_70306503215820 {
	n948 -> n949
	n939 -> n948
	n940 -> n948
	n941 -> n948
	n947 -> n949
	n949 [label=<<i>Vote.where</i>> color=crimson shape=doubleoctagon]; 
	n948 []
	n939 []
	n940 []
	n941 []
	n947 []
}

digraph SettingsController_delete_account_forward_70306503202600 {
	n950 -> n951
	n951 -> n956
	n956 -> n957
	n957 -> n958
	n958 -> n959
	n950 -> n953
	n953 -> n954
	n954 -> n955
	n954 -> n959
	n950 [label=<<i>Vote_where(user_id=Iuser_id,story_id=Istory_id,comment_id=Icomment_id).first_or_initialize</i>> color=crimson shape=doubleoctagon]; 
	n951 []
	n956 [label = <<i>v.vote</i>> ]
	n957 []
	n958 []
	n959 []
	n953 [label = <<i>%v_6.new_record?</i>> ]
	n954 [label = <<i>%v_7.!</i>> ]
	n955 []
}

digraph SettingsController_delete_account_backward_70306503202600 {
	n949 -> n950
	n948 -> n949
	n939 -> n948
	n940 -> n948
	n941 -> n948
	n947 -> n949
	n950 [label=<<i>Vote_where(user_id=Iuser_id,story_id=Istory_id,comment_id=Icomment_id).first_or_initialize</i>> color=crimson shape=doubleoctagon]; 
	n949 [label = <<i>Vote.where</i>> color=coral1 ]
	n948 []
	n939 []
	n940 []
	n941 []
	n947 []
}

digraph SettingsController_delete_account_forward_70306497006520 {
	n969 -> n1404
	n1404 -> n930
	n969 [label=<<i>Vote.transaction</i>> color=crimson shape=doubleoctagon]; 
	n1404 []
	n930 [label = <<i>Vote.vote_thusly_on_story_or_comment_for_user_because</i>> ]
}

digraph SettingsController_delete_account_backward_70306497006520 {
	n933 -> n969
	n968 -> n969
	n969 [label=<<i>Vote.transaction</i>> color=crimson shape=doubleoctagon]; 
	n933 []
	n968 []
}

digraph SettingsController_delete_account_forward_70306503056500 {
	n998 -> n1002
	n1002 -> n1003
	n998 [label=<<i>v.new_record?</i>> color=crimson shape=doubleoctagon]; 
	n1002 [label = <<i>%cl_1_11.!</i>> ]
	n1003 []
}

digraph SettingsController_delete_account_backward_70306503056500 {
	n998 [label=<<i>v.new_record?</i>> color=crimson shape=doubleoctagon]; 
}

digraph SettingsController_delete_account_forward_70306502822840 {
	n1043 -> n1044
	n1043 [label=<<i>v.save!</i>> color=crimson shape=doubleoctagon]; 
	n1044 []
}

digraph SettingsController_delete_account_backward_70306502822840 {
	n1039 -> n1043
	n1041 -> n1043
	n1039 -> n1041
	n1043 [label=<<i>v.save!</i>> color=crimson shape=doubleoctagon]; 
	n1039 []
	n1041 []
}

digraph SettingsController_delete_account_forward_70306490838860 {
	n1060 -> n1061
	n1061 -> n1068
	n1068 -> n1071
	n1061 -> n1075
	n1075 -> n1398
	n1060 -> n1063
	n1063 -> n1064
	n1064 -> n1065
	n1060 [label=<<i>Comment.find</i>> color=crimson shape=doubleoctagon]; 
	n1061 []
	n1068 [label = <<i>c.user_id</i>> ]
	n1071 [label = <<i>User.update_counters</i>> color=coral1 ]
	n1075 [label = <<i>c.give_upvote_or_downvote_and_recalculate_confidence!</i>> ]
	n1398 []
	n1063 [label = <<i>%cl_1_32.user_id</i>> ]
	n1064 []
	n1065 []
}

digraph SettingsController_delete_account_backward_70306490838860 {
	n1058 -> n1060
	n1059 -> n1060
	n1039 -> n1059
	n1041 -> n1059
	n1039 -> n1041
	n1060 [label=<<i>Comment.find</i>> color=crimson shape=doubleoctagon]; 
	n1058 []
	n1059 [label = <<i>v.comment_id</i>> ]
	n1039 []
	n1041 []
}

digraph SettingsController_delete_account_forward_70306490787900 {
	n1071 [label=<<i>User.update_counters</i>> color=crimson shape=doubleoctagon]; 
}

digraph SettingsController_delete_account_backward_70306490787900 {
	n1068 -> n1071
	n1061 -> n1068
	n1060 -> n1061
	n1058 -> n1060
	n1059 -> n1060
	n1039 -> n1059
	n1041 -> n1059
	n1039 -> n1041
	n1067 -> n1071
	n1070 -> n1071
	n1069 -> n1070
	n1029 -> n1069
	n1028 -> n1029
	n1011 -> n1028
	n1010 -> n1011
	n1008 -> n1011
	n1027 -> n1028
	n1025 -> n1028
	n985 -> n1069
	n984 -> n985
	n982 -> n985
	n1037 -> n1069
	n1036 -> n1037
	n1035 -> n1036
	n1033 -> n1036
	n1019 -> n1036
	n1018 -> n1019
	n1016 -> n1019
	n993 -> n1069
	n992 -> n993
	n990 -> n993
	n1071 [label=<<i>User.update_counters</i>> color=crimson shape=doubleoctagon]; 
	n1068 [label = <<i>c.user_id</i>> ]
	n1061 []
	n1060 [label = <<i>Comment.find</i>> color=coral1 ]
	n1058 []
	n1059 [label = <<i>v.comment_id</i>> ]
	n1039 []
	n1041 []
	n1067 []
	n1070 []
	n1069 []
	n1029 []
	n1028 []
	n1011 []
	n1010 []
	n1008 []
	n1027 []
	n1025 []
	n985 []
	n984 []
	n982 []
	n1037 []
	n1036 []
	n1035 []
	n1033 []
	n1019 []
	n1018 []
	n1016 []
	n993 []
	n992 []
	n990 []
}

digraph SettingsController_delete_account_forward_70306490398480 {
	n1181 [label=<<i>Comment_connection.execute</i>> color=crimson shape=doubleoctagon]; 
}

digraph SettingsController_delete_account_backward_70306490398480 {
	n1180 -> n1181
	n1179 -> n1180
	n1178 -> n1179
	n1177 -> n1178
	n1077 -> n1177
	n1175 -> n1180
	n1113 -> n1175
	n1112 -> n1113
	n1110 -> n1112
	n1083 -> n1110
	n1111 -> n1112
	n1108 -> n1112
	n1107 -> n1113
	n1101 -> n1107
	n1097 -> n1101
	n1099 -> n1101
	n1098 -> n1099
	n1100 -> n1101
	n1106 -> n1107
	n1102 -> n1106
	n1104 -> n1106
	n1082 -> n1104
	n1105 -> n1106
	n1174 -> n1175
	n1114 -> n1174
	n1116 -> n1174
	n1077 -> n1116
	n1133 -> n1116
	n1171 -> n1116
	n1170 -> n1171
	n1169 -> n1170
	n1161 -> n1169
	n1160 -> n1161
	n1136 -> n1160
	n1159 -> n1160
	n1158 -> n1159
	n1157 -> n1158
	n1136 -> n1157
	n1156 -> n1157
	n1136 -> n1156
	n1155 -> n1156
	n1128 -> n1155
	n1127 -> n1128
	n1126 -> n1127
	n1125 -> n1126
	n1118 -> n1125
	n1124 -> n1126
	n1118 -> n1124
	n1154 -> n1155
	n1128 -> n1154
	n1153 -> n1158
	n1152 -> n1153
	n1151 -> n1152
	n1141 -> n1151
	n1140 -> n1141
	n1128 -> n1140
	n1139 -> n1140
	n1138 -> n1139
	n1118 -> n1138
	n1128 -> n1152
	n1141 -> n1153
	n1150 -> n1159
	n1148 -> n1169
	n1147 -> n1148
	n1146 -> n1147
	n1145 -> n1146
	n1144 -> n1145
	n1136 -> n1144
	n1143 -> n1144
	n1128 -> n1143
	n1136 -> n1145
	n1141 -> n1147
	n1167 -> n1170
	n1166 -> n1167
	n1165 -> n1166
	n1136 -> n1165
	n1164 -> n1165
	n1136 -> n1164
	n1163 -> n1164
	n1128 -> n1163
	n1173 -> n1174
	n1096 -> n1181
	n1095 -> n1096
	n1181 [label=<<i>Comment_connection.execute</i>> color=crimson shape=doubleoctagon]; 
	n1180 []
	n1179 []
	n1178 [label = <<i>self_id.to_i</i>> ]
	n1177 [label = <<i>self.id</i>> ]
	n1077 []
	n1175 []
	n1113 []
	n1112 []
	n1110 [label = <<i>downvote.to_i</i>> ]
	n1083 []
	n1111 []
	n1108 []
	n1107 []
	n1101 []
	n1097 []
	n1099 [label = <<i>Comment.table_name</i>> ]
	n1098 []
	n1100 []
	n1106 []
	n1102 []
	n1104 [label = <<i>upvote.to_i</i>> ]
	n1082 []
	n1105 []
	n1174 []
	n1114 []
	n1116 [label = <<i>self.calculated_confidence</i>> ]
	n1133 []
	n1171 []
	n1170 []
	n1169 []
	n1161 []
	n1160 []
	n1136 []
	n1159 [label = <<i>Math.sqrt</i>> ]
	n1158 []
	n1157 []
	n1156 []
	n1155 []
	n1128 []
	n1127 [label = <<i>(upvotes+downvotes).to_f</i>> ]
	n1126 []
	n1125 [label = <<i>self.downvotes</i>> ]
	n1118 []
	n1124 [label = <<i>self.upvotes</i>> ]
	n1154 []
	n1153 []
	n1152 []
	n1151 []
	n1141 []
	n1140 []
	n1139 [label = <<i>upvotes.to_f</i>> ]
	n1138 [label = <<i>self.upvotes</i>> ]
	n1150 []
	n1148 []
	n1147 []
	n1146 []
	n1145 []
	n1144 []
	n1143 []
	n1167 []
	n1166 []
	n1165 []
	n1164 []
	n1163 []
	n1173 []
	n1096 [label = <<i>Comment.connection</i>> ]
	n1095 []
}

digraph SettingsController_delete_account_forward_70306490265740 {
	n1203 -> n1218
	n1203 [label=<<i>self_tags.select</i>> color=crimson shape=doubleoctagon]; 
	n1218 [label = <<i>self_tags_select{|t|t_hotness_mod!=0}.each</i>> ]
}

digraph SettingsController_delete_account_backward_70306490265740 {
	n1194 -> n1203
	n1202 -> n1203
	n1194 -> n1202
	n1203 [label=<<i>self_tags.select</i>> color=crimson shape=doubleoctagon]; 
	n1194 []
	n1202 [label = <<i>self.tags</i>> ]
}

digraph SettingsController_delete_account_forward_70306492831640 {
	n1238 -> n1239
	n1239 -> n1240
	n1240 -> n1257
	n1257 -> n1258
	n1258 -> n1259
	n1259 -> n1260
	n1260 -> n1278
	n1278 -> n1279
	n1279 -> n1280
	n1280 -> n1281
	n1281 -> n1282
	n1282 -> n1308
	n1308 -> n1309
	n1309 -> n1318
	n1318 -> n1319
	n1319 -> n1320
	n1320 -> n1321
	n1321 -> n1192
	n1192 -> n1323
	n1323 -> n1324
	n1324 -> n1184
	n1184 -> n1326
	n1326 -> n1075
	n1075 -> n1398
	n1238 [label=<<i>self_comments.where</i>> color=crimson shape=doubleoctagon]; 
	n1239 [label = <<i>self_comments_where("user_idI?",self_user_id).select</i>> color=coral1 ]
	n1240 [label = <<i>%v_10.map</i>> ]
	n1257 [label = <<i>%v_11.inject</i>> ]
	n1258 [label = <<i>%v_12.to_f</i>> ]
	n1259 []
	n1260 []
	n1278 []
	n1279 []
	n1280 [label = <<i>[(score+1)_abs+cpoints,1].max</i>> ]
	n1281 [label = <<i>Math.log</i>> ]
	n1282 []
	n1308 []
	n1309 []
	n1318 []
	n1319 []
	n1320 []
	n1321 []
	n1192 [label = <<i>self.calculated_hotness</i>> ]
	n1323 [label = <<i>%self.update_column</i>> ]
	n1324 []
	n1184 [label = <<i>self_story.recalculate_hotness!</i>> ]
	n1326 []
	n1075 [label = <<i>c.give_upvote_or_downvote_and_recalculate_confidence!</i>> ]
	n1398 []
}

digraph SettingsController_delete_account_backward_70306492831640 {
	n1237 -> n1238
	n1194 -> n1237
	n1235 -> n1238
	n1194 -> n1235
	n1236 -> n1238
	n1238 [label=<<i>self_comments.where</i>> color=crimson shape=doubleoctagon]; 
	n1237 [label = <<i>self.user_id</i>> ]
	n1194 []
	n1235 [label = <<i>self.comments</i>> ]
	n1236 []
}

digraph SettingsController_delete_account_forward_70306502723860 {
	n1239 -> n1240
	n1240 -> n1257
	n1257 -> n1258
	n1258 -> n1259
	n1259 -> n1260
	n1260 -> n1278
	n1278 -> n1279
	n1279 -> n1280
	n1280 -> n1281
	n1281 -> n1282
	n1282 -> n1308
	n1308 -> n1309
	n1309 -> n1318
	n1318 -> n1319
	n1319 -> n1320
	n1320 -> n1321
	n1321 -> n1192
	n1192 -> n1323
	n1323 -> n1324
	n1324 -> n1184
	n1184 -> n1326
	n1326 -> n1075
	n1075 -> n1398
	n1239 [label=<<i>self_comments_where("user_idI?",self_user_id).select</i>> color=crimson shape=doubleoctagon]; 
	n1240 [label = <<i>%v_10.map</i>> ]
	n1257 [label = <<i>%v_11.inject</i>> ]
	n1258 [label = <<i>%v_12.to_f</i>> ]
	n1259 []
	n1260 []
	n1278 []
	n1279 []
	n1280 [label = <<i>[(score+1)_abs+cpoints,1].max</i>> ]
	n1281 [label = <<i>Math.log</i>> ]
	n1282 []
	n1308 []
	n1309 []
	n1318 []
	n1319 []
	n1320 []
	n1321 []
	n1192 [label = <<i>self.calculated_hotness</i>> ]
	n1323 [label = <<i>%self.update_column</i>> ]
	n1324 []
	n1184 [label = <<i>self_story.recalculate_hotness!</i>> ]
	n1326 []
	n1075 [label = <<i>c.give_upvote_or_downvote_and_recalculate_confidence!</i>> ]
	n1398 []
}

digraph SettingsController_delete_account_backward_70306502723860 {
	n1238 -> n1239
	n1237 -> n1238
	n1194 -> n1237
	n1235 -> n1238
	n1194 -> n1235
	n1236 -> n1238
	n1239 [label=<<i>self_comments_where("user_idI?",self_user_id).select</i>> color=crimson shape=doubleoctagon]; 
	n1238 [label = <<i>self_comments.where</i>> color=coral1 ]
	n1237 [label = <<i>self.user_id</i>> ]
	n1194 []
	n1235 [label = <<i>self.comments</i>> ]
	n1236 []
}

digraph SettingsController_delete_account_forward_70306502423940 {
	n1332 -> n1333
	n1333 -> n1340
	n1340 -> n1343
	n1333 -> n1347
	n1347 -> n1397
	n1397 -> n1398
	n1332 -> n1335
	n1335 -> n1336
	n1336 -> n1337
	n1332 [label=<<i>Story.find</i>> color=crimson shape=doubleoctagon]; 
	n1333 []
	n1340 [label = <<i>s.user_id</i>> ]
	n1343 [label = <<i>User.update_counters</i>> color=coral1 ]
	n1347 [label = <<i>s.give_upvote_or_downvote_and_recalculate_hotness!</i>> ]
	n1397 []
	n1398 []
	n1335 [label = <<i>%cl_1_43.user_id</i>> ]
	n1336 []
	n1337 []
}

digraph SettingsController_delete_account_backward_70306502423940 {
	n1330 -> n1332
	n1331 -> n1332
	n1039 -> n1331
	n1041 -> n1331
	n1039 -> n1041
	n1332 [label=<<i>Story.find</i>> color=crimson shape=doubleoctagon]; 
	n1330 []
	n1331 [label = <<i>v.story_id</i>> ]
	n1039 []
	n1041 []
}

digraph SettingsController_delete_account_forward_70306496850140 {
	n1343 [label=<<i>User.update_counters</i>> color=crimson shape=doubleoctagon]; 
}

digraph SettingsController_delete_account_backward_70306496850140 {
	n1340 -> n1343
	n1333 -> n1340
	n1332 -> n1333
	n1330 -> n1332
	n1331 -> n1332
	n1039 -> n1331
	n1041 -> n1331
	n1039 -> n1041
	n1339 -> n1343
	n1342 -> n1343
	n1341 -> n1342
	n1029 -> n1341
	n1028 -> n1029
	n1011 -> n1028
	n1010 -> n1011
	n1008 -> n1011
	n1027 -> n1028
	n1025 -> n1028
	n985 -> n1341
	n984 -> n985
	n982 -> n985
	n1037 -> n1341
	n1036 -> n1037
	n1035 -> n1036
	n1033 -> n1036
	n1019 -> n1036
	n1018 -> n1019
	n1016 -> n1019
	n993 -> n1341
	n992 -> n993
	n990 -> n993
	n1343 [label=<<i>User.update_counters</i>> color=crimson shape=doubleoctagon]; 
	n1340 [label = <<i>s.user_id</i>> ]
	n1333 []
	n1332 [label = <<i>Story.find</i>> color=coral1 ]
	n1330 []
	n1331 [label = <<i>v.story_id</i>> ]
	n1039 []
	n1041 []
	n1339 []
	n1342 []
	n1341 []
	n1029 []
	n1028 []
	n1011 []
	n1010 []
	n1008 []
	n1027 []
	n1025 []
	n985 []
	n984 []
	n982 []
	n1037 []
	n1036 []
	n1035 []
	n1033 []
	n1019 []
	n1018 []
	n1016 []
	n993 []
	n992 []
	n990 []
}

digraph SettingsController_delete_account_forward_70306502244180 {
	n1394 -> n1395
	n1395 -> n1347
	n1347 -> n1397
	n1397 -> n1398
	n1394 [label=<<i>Story_connection.execute</i>> color=crimson shape=doubleoctagon]; 
	n1395 []
	n1347 [label = <<i>s.give_upvote_or_downvote_and_recalculate_hotness!</i>> ]
	n1397 []
	n1398 []
}

digraph SettingsController_delete_account_backward_70306502244180 {
	n1368 -> n1394
	n1367 -> n1368
	n1393 -> n1394
	n1385 -> n1393
	n1384 -> n1385
	n1382 -> n1384
	n1355 -> n1382
	n1383 -> n1384
	n1380 -> n1384
	n1379 -> n1385
	n1373 -> n1379
	n1369 -> n1373
	n1371 -> n1373
	n1370 -> n1371
	n1372 -> n1373
	n1378 -> n1379
	n1374 -> n1378
	n1376 -> n1378
	n1354 -> n1376
	n1377 -> n1378
	n1392 -> n1393
	n1386 -> n1392
	n1388 -> n1392
	n1349 -> n1388
	n1389 -> n1392
	n1391 -> n1392
	n1390 -> n1391
	n1349 -> n1390
	n1394 [label=<<i>Story_connection.execute</i>> color=crimson shape=doubleoctagon]; 
	n1368 [label = <<i>Story.connection</i>> ]
	n1367 []
	n1393 []
	n1385 []
	n1384 []
	n1382 [label = <<i>downvote.to_i</i>> ]
	n1355 []
	n1383 []
	n1380 []
	n1379 []
	n1373 []
	n1369 []
	n1371 [label = <<i>Story.table_name</i>> ]
	n1370 []
	n1372 []
	n1378 []
	n1374 []
	n1376 [label = <<i>upvote.to_i</i>> ]
	n1354 []
	n1377 []
	n1392 []
	n1386 []
	n1388 [label = <<i>self.calculated_hotness</i>> ]
	n1349 []
	n1389 []
	n1391 [label = <<i>self_id.to_i</i>> ]
	n1390 [label = <<i>self.id</i>> ]
}

digraph SettingsController_delete_account_forward_70306492551360 {
	n1426 -> n1429
	n1429 -> n1432
	n1432 -> n1433
	n1433 -> n1434
	n1434 -> n1435
	n1435 -> n1416
	n1416 -> n1437
	n1437 -> n1539
	n1437 -> n1542
	n1542 -> n1557
	n1557 -> n1558
	n1557 -> n1560
	n1560 -> n1561
	n1561 -> n1408
	n1408 -> n1563
	n1563 -> n918
	n1542 -> n1558
	n1426 [label=<<i>Story.select</i>> color=crimson shape=doubleoctagon]; 
	n1429 [label = <<i>Story_select(id).where</i>> color=coral1 ]
	n1432 []
	n1433 []
	n1434 [label = <<i>Comment.where</i>> color=coral1 ]
	n1435 []
	n1416 [label = <<i>self.merged_comments</i>> ]
	n1437 [label = <<i>self_merged_comments.arrange_for_user</i>> ]
	n1539 []
	n1542 [label = <<i>comments.count</i>> color=coral1 ]
	n1557 []
	n1558 [label = <<i>self.update_column</i>> ]
	n1560 [label = <<i>self.recalculate_hotness!</i>> ]
	n1561 []
	n1408 [label = <<i>self_story.update_comments_count!</i>> ]
	n1563 []
	n918 [label = <<i>self.record_initial_upvote</i>> ]
}

digraph SettingsController_delete_account_backward_70306492551360 {
	n1425 -> n1426
	n1426 [label=<<i>Story.select</i>> color=crimson shape=doubleoctagon]; 
	n1425 []
}

digraph SettingsController_delete_account_forward_70306489588620 {
	n1429 -> n1432
	n1432 -> n1433
	n1433 -> n1434
	n1434 -> n1435
	n1435 -> n1416
	n1416 -> n1437
	n1437 -> n1539
	n1437 -> n1542
	n1542 -> n1557
	n1557 -> n1558
	n1557 -> n1560
	n1560 -> n1561
	n1561 -> n1408
	n1408 -> n1563
	n1563 -> n918
	n1542 -> n1558
	n1429 [label=<<i>Story_select(id).where</i>> color=crimson shape=doubleoctagon]; 
	n1432 []
	n1433 []
	n1434 [label = <<i>Comment.where</i>> color=coral1 ]
	n1435 []
	n1416 [label = <<i>self.merged_comments</i>> ]
	n1437 [label = <<i>self_merged_comments.arrange_for_user</i>> ]
	n1539 []
	n1542 [label = <<i>comments.count</i>> color=coral1 ]
	n1557 []
	n1558 [label = <<i>self.update_column</i>> ]
	n1560 [label = <<i>self.recalculate_hotness!</i>> ]
	n1561 []
	n1408 [label = <<i>self_story.update_comments_count!</i>> ]
	n1563 []
	n918 [label = <<i>self.record_initial_upvote</i>> ]
}

digraph SettingsController_delete_account_backward_70306489588620 {
	n1426 -> n1429
	n1425 -> n1426
	n1428 -> n1429
	n1427 -> n1428
	n1418 -> n1427
	n1429 [label=<<i>Story_select(id).where</i>> color=crimson shape=doubleoctagon]; 
	n1426 [label = <<i>Story.select</i>> color=coral1 ]
	n1425 []
	n1428 []
	n1427 [label = <<i>self.id</i>> ]
	n1418 []
}

digraph SettingsController_delete_account_forward_70306501962300 {
	n1434 -> n1435
	n1435 -> n1416
	n1416 -> n1437
	n1437 -> n1539
	n1437 -> n1542
	n1542 -> n1557
	n1557 -> n1558
	n1557 -> n1560
	n1560 -> n1561
	n1561 -> n1408
	n1408 -> n1563
	n1563 -> n918
	n1542 -> n1558
	n1434 [label=<<i>Comment.where</i>> color=crimson shape=doubleoctagon]; 
	n1435 []
	n1416 [label = <<i>self.merged_comments</i>> ]
	n1437 [label = <<i>self_merged_comments.arrange_for_user</i>> ]
	n1539 []
	n1542 [label = <<i>comments.count</i>> color=coral1 ]
	n1557 []
	n1558 [label = <<i>self.update_column</i>> ]
	n1560 [label = <<i>self.recalculate_hotness!</i>> ]
	n1561 []
	n1408 [label = <<i>self_story.update_comments_count!</i>> ]
	n1563 []
	n918 [label = <<i>self.record_initial_upvote</i>> ]
}

digraph SettingsController_delete_account_backward_70306501962300 {
	n1424 -> n1434
	n1433 -> n1434
	n1432 -> n1433
	n1429 -> n1432
	n1426 -> n1429
	n1425 -> n1426
	n1428 -> n1429
	n1427 -> n1428
	n1418 -> n1427
	n1431 -> n1432
	n1430 -> n1431
	n1418 -> n1430
	n1434 [label=<<i>Comment.where</i>> color=crimson shape=doubleoctagon]; 
	n1424 []
	n1433 []
	n1432 []
	n1429 [label = <<i>Story_select(id).where</i>> color=coral1 ]
	n1426 [label = <<i>Story.select</i>> color=coral1 ]
	n1425 []
	n1428 []
	n1427 [label = <<i>self.id</i>> ]
	n1418 []
	n1431 []
	n1430 [label = <<i>self.id</i>> ]
}

digraph SettingsController_delete_account_forward_70306501895080 {
	n1447 -> n1448
	n1448 -> n1449
	n1449 -> n1468
	n1468 -> n1469
	n1469 -> n1490
	n1469 -> n1515
	n1469 -> n1526
	n1469 -> n1527
	n1448 -> n1457
	n1457 -> n1458
	n1458 -> n1460
	n1458 -> n1463
	n1463 -> n1464
	n1464 -> n1467
	n1467 -> n1468
	n1464 -> n1471
	n1471 -> n1485
	n1485 -> n1486
	n1464 -> n1498
	n1498 -> n1500
	n1500 -> n1501
	n1501 -> n1502
	n1502 -> n1503
	n1464 -> n1511
	n1511 -> n1513
	n1511 -> n1518
	n1518 -> n1519
	n1463 -> n1465
	n1458 -> n1524
	n1447 [label=<<i>self.order</i>> color=crimson shape=doubleoctagon]; 
	n1448 [label = <<i>self_order("confidenceDESC").group_by</i>> ]
	n1449 []
	n1468 []
	n1469 []
	n1490 []
	n1515 []
	n1526 []
	n1527 []
	n1457 []
	n1458 []
	n1460 []
	n1463 [label = <<i>subtree.shift</i>> ]
	n1464 []
	n1467 [label = <<i>node.id</i>> ]
	n1471 [label = <<i>node.is_gone?</i>> ]
	n1485 [label = <<i>%v_13.!</i>> ]
	n1486 []
	n1498 [label = <<i>node.user_id</i>> ]
	n1500 []
	n1501 []
	n1502 []
	n1503 []
	n1511 []
	n1513 []
	n1518 [label = <<i>node.is_moderated?</i>> ]
	n1519 []
	n1465 []
	n1524 []
}

digraph SettingsController_delete_account_backward_70306501895080 {
	n1439 -> n1447
	n1446 -> n1447
	n1447 [label=<<i>self.order</i>> color=crimson shape=doubleoctagon]; 
	n1439 []
	n1446 []
}

digraph SettingsController_delete_account_forward_70306489174360 {
	n1542 -> n1557
	n1557 -> n1558
	n1557 -> n1560
	n1560 -> n1561
	n1561 -> n1408
	n1408 -> n1563
	n1563 -> n918
	n1542 -> n1558
	n1542 [label=<<i>comments.count</i>> color=crimson shape=doubleoctagon]; 
	n1557 []
	n1558 [label = <<i>self.update_column</i>> ]
	n1560 [label = <<i>self.recalculate_hotness!</i>> ]
	n1561 []
	n1408 [label = <<i>self_story.update_comments_count!</i>> ]
	n1563 []
	n918 [label = <<i>self.record_initial_upvote</i>> ]
}

digraph SettingsController_delete_account_backward_70306489174360 {
	n1410 -> n1542
	n1437 -> n1542
	n1416 -> n1437
	n1410 -> n1416
	n1435 -> n1416
	n1434 -> n1435
	n1424 -> n1434
	n1433 -> n1434
	n1432 -> n1433
	n1429 -> n1432
	n1426 -> n1429
	n1425 -> n1426
	n1428 -> n1429
	n1427 -> n1428
	n1418 -> n1427
	n1431 -> n1432
	n1430 -> n1431
	n1418 -> n1430
	n1537 -> n1437
	n1452 -> n1537
	n1451 -> n1452
	n1542 [label=<<i>comments.count</i>> color=crimson shape=doubleoctagon]; 
	n1410 []
	n1437 [label = <<i>self_merged_comments.arrange_for_user</i>> ]
	n1416 [label = <<i>self.merged_comments</i>> ]
	n1435 []
	n1434 [label = <<i>Comment.where</i>> color=coral1 ]
	n1424 []
	n1433 []
	n1432 []
	n1429 [label = <<i>Story_select(id).where</i>> color=coral1 ]
	n1426 [label = <<i>Story.select</i>> color=coral1 ]
	n1425 []
	n1428 []
	n1427 [label = <<i>self.id</i>> ]
	n1418 []
	n1431 []
	n1430 [label = <<i>self.id</i>> ]
	n1537 []
	n1452 []
	n1451 []
}

digraph SettingsController_delete_account_forward_70306488795840 {
	n1603 -> n1716
	n1716 -> n1590
	n1590 -> n1721
	n1721 -> n1578
	n1578 -> n1723
	n1723 -> n1565
	n1716 -> n1590
	n1603 [label=<<i>Keystore.transaction</i>> color=crimson shape=doubleoctagon]; 
	n1716 []
	n1590 [label = <<i>self.incremented_value_for</i>> ]
	n1721 []
	n1578 [label = <<i>Keystore.increment_value_for</i>> ]
	n1723 []
	n1565 [label = <<i>self.mark_submitter</i>> ]
}

digraph SettingsController_delete_account_backward_70306488795840 {
	n1592 -> n1603
	n1602 -> n1603
	n1603 [label=<<i>Keystore.transaction</i>> color=crimson shape=doubleoctagon]; 
	n1592 []
	n1602 []
}

digraph SettingsController_delete_account_forward_70306517851640 {
	n1632 [label=<<i>Keystore_connection.execute</i>> color=crimson shape=doubleoctagon]; 
}

digraph SettingsController_delete_account_backward_70306517851640 {
	n1618 -> n1632
	n1617 -> n1618
	n1631 -> n1632
	n1625 -> n1631
	n1624 -> n1625
	n1622 -> n1624
	n1621 -> n1622
	n1623 -> n1624
	n1619 -> n1625
	n1630 -> n1631
	n1629 -> n1630
	n1626 -> n1630
	n1628 -> n1630
	n1605 -> n1628
	n1632 [label=<<i>Keystore_connection.execute</i>> color=crimson shape=doubleoctagon]; 
	n1618 [label = <<i>Keystore.connection</i>> ]
	n1617 []
	n1631 []
	n1625 []
	n1624 []
	n1622 [label = <<i>Keystore.table_name</i>> ]
	n1621 []
	n1623 []
	n1619 []
	n1630 []
	n1629 []
	n1626 []
	n1628 [label = <<i>self.q</i>> ]
	n1605 []
}

digraph SettingsController_delete_account_forward_70306517830120 {
	n1648 [label=<<i>Keystore_connection.execute</i>> color=crimson shape=doubleoctagon]; 
}

digraph SettingsController_delete_account_backward_70306517830120 {
	n1635 -> n1648
	n1634 -> n1635
	n1647 -> n1648
	n1640 -> n1647
	n1638 -> n1640
	n1637 -> n1638
	n1636 -> n1640
	n1639 -> n1640
	n1646 -> n1647
	n1641 -> n1646
	n1645 -> n1646
	n1605 -> n1645
	n1643 -> n1646
	n1605 -> n1643
	n1644 -> n1646
	n1648 [label=<<i>Keystore_connection.execute</i>> color=crimson shape=doubleoctagon]; 
	n1635 [label = <<i>Keystore.connection</i>> ]
	n1634 []
	n1647 []
	n1640 []
	n1638 [label = <<i>Keystore.table_name</i>> ]
	n1637 []
	n1636 []
	n1639 []
	n1646 []
	n1641 []
	n1645 [label = <<i>self.q</i>> ]
	n1605 []
	n1643 [label = <<i>self.q</i>> ]
	n1644 []
}

digraph SettingsController_delete_account_forward_70306517782020 {
	n1678 -> n1694
	n1678 [label=<<i>Keystore_connection.execute</i>> color=crimson shape=doubleoctagon]; 
	n1694 []
}

digraph SettingsController_delete_account_backward_70306517782020 {
	n1677 -> n1678
	n1676 -> n1677
	n1675 -> n1676
	n1605 -> n1675
	n1673 -> n1676
	n1672 -> n1677
	n1664 -> n1672
	n1662 -> n1664
	n1661 -> n1662
	n1663 -> n1664
	n1660 -> n1664
	n1671 -> n1672
	n1665 -> n1671
	n1667 -> n1671
	n1605 -> n1667
	n1668 -> n1671
	n1669 -> n1671
	n1605 -> n1669
	n1670 -> n1671
	n1659 -> n1678
	n1658 -> n1659
	n1678 [label=<<i>Keystore_connection.execute</i>> color=crimson shape=doubleoctagon]; 
	n1677 []
	n1676 []
	n1675 [label = <<i>self.q</i>> ]
	n1605 []
	n1673 []
	n1672 []
	n1664 []
	n1662 [label = <<i>Keystore.table_name</i>> ]
	n1661 []
	n1663 []
	n1660 []
	n1671 []
	n1665 []
	n1667 [label = <<i>self.q</i>> ]
	n1668 []
	n1669 [label = <<i>self.q</i>> ]
	n1670 []
	n1659 [label = <<i>Keystore.connection</i>> ]
	n1658 []
}

digraph SettingsController_delete_account_forward_70306517762780 {
	n1689 [label=<<i>kv.save!</i>> color=crimson shape=doubleoctagon]; 
}

digraph SettingsController_delete_account_backward_70306517762780 {
	n1682 -> n1689
	n1681 -> n1682
	n1605 -> n1681
	n1687 -> n1689
	n1682 -> n1687
	n1686 -> n1687
	n1685 -> n1686
	n1684 -> n1685
	n1681 -> n1684
	n1689 [label=<<i>kv.save!</i>> color=crimson shape=doubleoctagon]; 
	n1682 []
	n1681 [label = <<i>self.find_or_create_key_for_update</i>> ]
	n1605 []
	n1687 []
	n1686 []
	n1685 [label = <<i>%cl_1_61.to_i</i>> ]
	n1684 [label = <<i>%cl_1_60.value</i>> ]
}

digraph SettingsController_delete_account_forward_70306517732100 {
	n1706 -> n1707
	n1707 -> n1708
	n1708 -> n1709
	n1709 -> n1696
	n1696 -> n1711
	n1706 [label=<<i>self.where</i>> color=crimson shape=doubleoctagon]; 
	n1707 [label = <<i>self_where(key=Ikey).first</i>> color=coral1 ]
	n1708 [label = <<i>%v_5.try</i>> ]
	n1709 []
	n1696 [label = <<i>self.value_for</i>> ]
	n1711 []
}

digraph SettingsController_delete_account_backward_70306517732100 {
	n1698 -> n1706
	n1705 -> n1706
	n1703 -> n1705
	n1706 [label=<<i>self.where</i>> color=crimson shape=doubleoctagon]; 
	n1698 []
	n1705 []
	n1703 []
}

digraph SettingsController_delete_account_forward_70306517730400 {
	n1707 -> n1708
	n1708 -> n1709
	n1709 -> n1696
	n1696 -> n1711
	n1707 [label=<<i>self_where(key=Ikey).first</i>> color=crimson shape=doubleoctagon]; 
	n1708 [label = <<i>%v_5.try</i>> ]
	n1709 []
	n1696 [label = <<i>self.value_for</i>> ]
	n1711 []
}

digraph SettingsController_delete_account_backward_70306517730400 {
	n1706 -> n1707
	n1698 -> n1706
	n1705 -> n1706
	n1703 -> n1705
	n1707 [label=<<i>self_where(key=Ikey).first</i>> color=crimson shape=doubleoctagon]; 
	n1706 [label = <<i>self.where</i>> color=coral1 ]
	n1698 []
	n1705 []
	n1703 []
}

digraph SettingsController_delete_account_forward_70306517654420 {
	n1736 -> n1737
	n1737 -> n1740
	n1740 -> n1743
	n1743 -> n1744
	n1744 -> n1745
	n1737 -> n1747
	n1747 -> n1748
	n1737 -> n1754
	n1754 -> n2042
	n2042 -> n2043
	n1737 -> n2056
	n2056 -> n2058
	n2058 -> n2059
	n2059 -> n2060
	n1737 -> n2069
	n2069 -> n2070
	n1737 -> n2121
	n2121 -> n2124
	n2124 -> n1725
	n1736 -> n1738
	n1738 -> n1739
	n1738 -> n1745
	n1736 [label=<<i>self_parent_comment.try</i>> color=crimson shape=doubleoctagon]; 
	n1737 []
	n1740 [label = <<i>u.id</i>> ]
	n1743 []
	n1744 []
	n1745 []
	n1747 [label = <<i>u.email_replies?</i>> ]
	n1748 []
	n1754 [label = <<i>EmailReply.reply</i>> ]
	n2042 [label = <<i>EmailReply_reply(self,u).deliver</i>> ]
	n2043 []
	n2056 [label = <<i>u.email</i>> ]
	n2058 []
	n2059 [label = <<i>Rails_logger.error</i>> ]
	n2060 []
	n2069 [label = <<i>u.pushover_replies?</i>> ]
	n2070 []
	n2121 [label = <<i>u.pushover!</i>> ]
	n2124 []
	n1725 [label = <<i>self.deliver_reply_notifications</i>> ]
	n1738 []
	n1739 []
}

digraph SettingsController_delete_account_backward_70306517654420 {
	n1735 -> n1736
	n1727 -> n1735
	n1736 [label=<<i>self_parent_comment.try</i>> color=crimson shape=doubleoctagon]; 
	n1735 [label = <<i>self.parent_comment</i>> ]
	n1727 []
}

digraph SettingsController_delete_account_forward_70306517584380 {
	n1786 -> n1787
	n1787 -> n1788
	n1787 -> n1789
	n1789 -> n1757
	n1786 [label=<<i>User.where</i>> color=crimson shape=doubleoctagon]; 
	n1787 [label = <<i>User_where(rss_token=Iparams[token]_to_s).first</i>> color=coral1 ]
	n1788 []
	n1789 []
	n1757 [label = <<i>self.find_user_from_rss_token</i>> ]
}

digraph SettingsController_delete_account_backward_70306517584380 {
	n1781 -> n1786
	n1785 -> n1786
	n1784 -> n1785
	n1783 -> n1784
	n1782 -> n1783
	n1786 [label=<<i>User.where</i>> color=crimson shape=doubleoctagon]; 
	n1781 []
	n1785 []
	n1784 [label = <<i>params[token].to_s</i>> ]
	n1783 []
	n1782 [label = <<i>self.params</i>> color=cyan3 ]
}

digraph SettingsController_delete_account_forward_70306517582860 {
	n1787 -> n1788
	n1787 -> n1789
	n1789 -> n1757
	n1787 [label=<<i>User_where(rss_token=Iparams[token]_to_s).first</i>> color=crimson shape=doubleoctagon]; 
	n1788 []
	n1789 []
	n1757 [label = <<i>self.find_user_from_rss_token</i>> ]
}

digraph SettingsController_delete_account_backward_70306517582860 {
	n1786 -> n1787
	n1781 -> n1786
	n1785 -> n1786
	n1784 -> n1785
	n1783 -> n1784
	n1782 -> n1783
	n1787 [label=<<i>User_where(rss_token=Iparams[token]_to_s).first</i>> color=crimson shape=doubleoctagon]; 
	n1786 [label = <<i>User.where</i>> color=coral1 ]
	n1781 []
	n1785 []
	n1784 [label = <<i>params[token].to_s</i>> ]
	n1783 []
	n1782 [label = <<i>self.params</i>> color=cyan3 ]
}

digraph SettingsController_delete_account_forward_70306517566960 {
	n1833 -> n1834
	n1834 -> n1835
	n1835 -> n1839
	n1839 -> n1840
	n1835 -> n1845
	n1845 -> n1847
	n1847 -> n1848
	n1848 -> n1849
	n1849 -> n1850
	n1850 -> n1854
	n1854 -> n1821
	n1821 -> n1856
	n1856 -> n1871
	n1871 -> n1872
	n1872 -> n1874
	n1856 -> n1874
	n1821 -> n1857
	n1821 -> n1858
	n1858 -> n1859
	n1835 -> n1846
	n1846 -> n1847
	n1835 -> n1850
	n1835 -> n1854
	n1833 [label=<<i>Comment.where</i>> color=crimson shape=doubleoctagon]; 
	n1834 [label = <<i>Comment_where(short_id=Iparams[id]).first</i>> color=coral1 ]
	n1835 []
	n1839 []
	n1840 []
	n1845 [label = <<i>comment.story_id</i>> ]
	n1847 []
	n1848 [label = <<i>Vote.where</i>> color=coral1 ]
	n1849 [label = <<i>Vote_where(user_id=I@user_id,story_id=Icomment_story_id,comment_id=Icomment_id).first</i>> color=coral1 ]
	n1850 []
	n1854 []
	n1821 [label = <<i>self.find_comment</i>> ]
	n1856 []
	n1871 [label = <<i>parent_comment.story</i>> ]
	n1872 []
	n1874 []
	n1857 []
	n1858 [label = <<i>%v_3.!</i>> ]
	n1859 []
	n1846 [label = <<i>comment.id</i>> ]
}

digraph SettingsController_delete_account_backward_70306517566960 {
	n1829 -> n1833
	n1832 -> n1833
	n1831 -> n1832
	n1830 -> n1831
	n1833 [label=<<i>Comment.where</i>> color=crimson shape=doubleoctagon]; 
	n1829 []
	n1832 []
	n1831 []
	n1830 [label = <<i>self.params</i>> color=cyan3 ]
}

digraph SettingsController_delete_account_forward_70306517565520 {
	n1834 -> n1835
	n1835 -> n1839
	n1839 -> n1840
	n1835 -> n1845
	n1845 -> n1847
	n1847 -> n1848
	n1848 -> n1849
	n1849 -> n1850
	n1850 -> n1854
	n1854 -> n1821
	n1821 -> n1856
	n1856 -> n1871
	n1871 -> n1872
	n1872 -> n1874
	n1856 -> n1874
	n1821 -> n1857
	n1821 -> n1858
	n1858 -> n1859
	n1835 -> n1846
	n1846 -> n1847
	n1835 -> n1850
	n1835 -> n1854
	n1834 [label=<<i>Comment_where(short_id=Iparams[id]).first</i>> color=crimson shape=doubleoctagon]; 
	n1835 []
	n1839 []
	n1840 []
	n1845 [label = <<i>comment.story_id</i>> ]
	n1847 []
	n1848 [label = <<i>Vote.where</i>> color=coral1 ]
	n1849 [label = <<i>Vote_where(user_id=I@user_id,story_id=Icomment_story_id,comment_id=Icomment_id).first</i>> color=coral1 ]
	n1850 []
	n1854 []
	n1821 [label = <<i>self.find_comment</i>> ]
	n1856 []
	n1871 [label = <<i>parent_comment.story</i>> ]
	n1872 []
	n1874 []
	n1857 []
	n1858 [label = <<i>%v_3.!</i>> ]
	n1859 []
	n1846 [label = <<i>comment.id</i>> ]
}

digraph SettingsController_delete_account_backward_70306517565520 {
	n1833 -> n1834
	n1829 -> n1833
	n1832 -> n1833
	n1831 -> n1832
	n1830 -> n1831
	n1834 [label=<<i>Comment_where(short_id=Iparams[id]).first</i>> color=crimson shape=doubleoctagon]; 
	n1833 [label = <<i>Comment.where</i>> color=coral1 ]
	n1829 []
	n1832 []
	n1831 []
	n1830 [label = <<i>self.params</i>> color=cyan3 ]
}

digraph SettingsController_delete_account_forward_70306516358820 {
	n1848 -> n1849
	n1849 -> n1850
	n1850 -> n1854
	n1854 -> n1821
	n1821 -> n1856
	n1856 -> n1871
	n1871 -> n1872
	n1872 -> n1874
	n1856 -> n1874
	n1821 -> n1857
	n1821 -> n1858
	n1858 -> n1859
	n1848 [label=<<i>Vote.where</i>> color=crimson shape=doubleoctagon]; 
	n1849 [label = <<i>Vote_where(user_id=I@user_id,story_id=Icomment_story_id,comment_id=Icomment_id).first</i>> color=coral1 ]
	n1850 []
	n1854 []
	n1821 [label = <<i>self.find_comment</i>> ]
	n1856 []
	n1871 [label = <<i>parent_comment.story</i>> ]
	n1872 []
	n1874 []
	n1857 []
	n1858 [label = <<i>%v_3.!</i>> ]
	n1859 []
}

digraph SettingsController_delete_account_backward_70306516358820 {
	n1847 -> n1848
	n1845 -> n1847
	n1835 -> n1845
	n1834 -> n1835
	n1833 -> n1834
	n1829 -> n1833
	n1832 -> n1833
	n1831 -> n1832
	n1830 -> n1831
	n1846 -> n1847
	n1835 -> n1846
	n1844 -> n1847
	n1843 -> n1844
	n1823 -> n1843
	n1837 -> n1843
	n1823 -> n1837
	n1842 -> n1848
	n1848 [label=<<i>Vote.where</i>> color=crimson shape=doubleoctagon]; 
	n1847 []
	n1845 [label = <<i>comment.story_id</i>> ]
	n1835 []
	n1834 [label = <<i>Comment_where(short_id=Iparams[id]).first</i>> color=coral1 ]
	n1833 [label = <<i>Comment.where</i>> color=coral1 ]
	n1829 []
	n1832 []
	n1831 []
	n1830 [label = <<i>self.params</i>> color=cyan3 ]
	n1846 [label = <<i>comment.id</i>> ]
	n1844 [label = <<i>@user.id</i>> ]
	n1843 []
	n1823 []
	n1837 []
	n1842 []
}

digraph SettingsController_delete_account_forward_70306516357240 {
	n1849 -> n1850
	n1850 -> n1854
	n1854 -> n1821
	n1821 -> n1856
	n1856 -> n1871
	n1871 -> n1872
	n1872 -> n1874
	n1856 -> n1874
	n1821 -> n1857
	n1821 -> n1858
	n1858 -> n1859
	n1849 [label=<<i>Vote_where(user_id=I@user_id,story_id=Icomment_story_id,comment_id=Icomment_id).first</i>> color=crimson shape=doubleoctagon]; 
	n1850 []
	n1854 []
	n1821 [label = <<i>self.find_comment</i>> ]
	n1856 []
	n1871 [label = <<i>parent_comment.story</i>> ]
	n1872 []
	n1874 []
	n1857 []
	n1858 [label = <<i>%v_3.!</i>> ]
	n1859 []
}

digraph SettingsController_delete_account_backward_70306516357240 {
	n1848 -> n1849
	n1847 -> n1848
	n1845 -> n1847
	n1835 -> n1845
	n1834 -> n1835
	n1833 -> n1834
	n1829 -> n1833
	n1832 -> n1833
	n1831 -> n1832
	n1830 -> n1831
	n1846 -> n1847
	n1835 -> n1846
	n1844 -> n1847
	n1843 -> n1844
	n1823 -> n1843
	n1837 -> n1843
	n1823 -> n1837
	n1842 -> n1848
	n1849 [label=<<i>Vote_where(user_id=I@user_id,story_id=Icomment_story_id,comment_id=Icomment_id).first</i>> color=crimson shape=doubleoctagon]; 
	n1848 [label = <<i>Vote.where</i>> color=coral1 ]
	n1847 []
	n1845 [label = <<i>comment.story_id</i>> ]
	n1835 []
	n1834 [label = <<i>Comment_where(short_id=Iparams[id]).first</i>> color=coral1 ]
	n1833 [label = <<i>Comment.where</i>> color=coral1 ]
	n1829 []
	n1832 []
	n1831 []
	n1830 [label = <<i>self.params</i>> color=cyan3 ]
	n1846 [label = <<i>comment.id</i>> ]
	n1844 [label = <<i>@user.id</i>> ]
	n1843 []
	n1823 []
	n1837 []
	n1842 []
}

digraph SettingsController_delete_account_forward_70306497132740 {
	n1952 -> n1953
	n1952 [label=<<i>comment.new_record?</i>> color=blue shape=doubleoctagon]; 
	n1953 []
}

digraph SettingsController_delete_account_backward_70306497132740 {
	n1952 [label=<<i>comment.new_record?</i>> color=blue shape=doubleoctagon]; 
}

digraph SettingsController_delete_account_forward_70306502043980 {
	n2150 -> n2151
	n2151 -> n2152
	n2152 -> n2155
	n2155 -> n2158
	n2158 -> n2159
	n2152 -> n2165
	n2165 -> n2166
	n2152 -> n2172
	n2172 -> n2173
	n2173 -> n2174
	n2152 -> n2187
	n2187 -> n2189
	n2189 -> n2190
	n2190 -> n2191
	n2152 -> n2200
	n2200 -> n2201
	n2152 -> n2225
	n2225 -> n2228
	n2151 -> n2153
	n2150 [label=<<i>User.where</i>> color=crimson shape=doubleoctagon]; 
	n2151 [label = <<i>User_where(username=Imention).first</i>> color=coral1 ]
	n2152 []
	n2155 [label = <<i>u.id</i>> ]
	n2158 []
	n2159 []
	n2165 [label = <<i>u.email_mentions?</i>> ]
	n2166 []
	n2172 [label = <<i>EmailReply.mention</i>> ]
	n2173 [label = <<i>EmailReply_mention(self,u).deliver</i>> ]
	n2174 []
	n2187 [label = <<i>u.email</i>> ]
	n2189 []
	n2190 [label = <<i>Rails_logger.error</i>> ]
	n2191 []
	n2200 [label = <<i>u.pushover_mentions?</i>> ]
	n2201 []
	n2225 [label = <<i>u.pushover!</i>> ]
	n2228 []
	n2153 []
}

digraph SettingsController_delete_account_backward_70306502043980 {
	n2148 -> n2150
	n2149 -> n2150
	n2144 -> n2149
	n2150 [label=<<i>User.where</i>> color=crimson shape=doubleoctagon]; 
	n2148 []
	n2149 []
	n2144 []
}

digraph SettingsController_delete_account_forward_70306502081140 {
	n2151 -> n2152
	n2152 -> n2155
	n2155 -> n2158
	n2158 -> n2159
	n2152 -> n2165
	n2165 -> n2166
	n2152 -> n2172
	n2172 -> n2173
	n2173 -> n2174
	n2152 -> n2187
	n2187 -> n2189
	n2189 -> n2190
	n2190 -> n2191
	n2152 -> n2200
	n2200 -> n2201
	n2152 -> n2225
	n2225 -> n2228
	n2151 -> n2153
	n2151 [label=<<i>User_where(username=Imention).first</i>> color=crimson shape=doubleoctagon]; 
	n2152 []
	n2155 [label = <<i>u.id</i>> ]
	n2158 []
	n2159 []
	n2165 [label = <<i>u.email_mentions?</i>> ]
	n2166 []
	n2172 [label = <<i>EmailReply.mention</i>> ]
	n2173 [label = <<i>EmailReply_mention(self,u).deliver</i>> ]
	n2174 []
	n2187 [label = <<i>u.email</i>> ]
	n2189 []
	n2190 [label = <<i>Rails_logger.error</i>> ]
	n2191 []
	n2200 [label = <<i>u.pushover_mentions?</i>> ]
	n2201 []
	n2225 [label = <<i>u.pushover!</i>> ]
	n2228 []
	n2153 []
}

digraph SettingsController_delete_account_backward_70306502081140 {
	n2150 -> n2151
	n2148 -> n2150
	n2149 -> n2150
	n2144 -> n2149
	n2151 [label=<<i>User_where(username=Imention).first</i>> color=crimson shape=doubleoctagon]; 
	n2150 [label = <<i>User.where</i>> color=coral1 ]
	n2148 []
	n2149 []
	n2144 []
}

digraph SettingsController_delete_account_forward_70306489791060 {
	n2279 -> n2280
	n2279 [label=<<i>m.save</i>> color=crimson shape=doubleoctagon]; 
	n2280 []
}

digraph SettingsController_delete_account_backward_70306489791060 {
	n2277 -> n2279
	n2273 -> n2277
	n2279 [label=<<i>m.save</i>> color=crimson shape=doubleoctagon]; 
	n2277 []
	n2273 []
}

digraph SettingsController_delete_account_forward_70306489886500 {
	n2297 -> n2298
	n2297 [label=<<i>m.save</i>> color=crimson shape=doubleoctagon]; 
	n2298 []
}

digraph SettingsController_delete_account_backward_70306489886500 {
	n2295 -> n2297
	n2291 -> n2295
	n2297 [label=<<i>m.save</i>> color=crimson shape=doubleoctagon]; 
	n2295 []
	n2291 []
}

digraph SettingsController_delete_account_forward_70306490048560 {
	n2332 -> n2341
	n2332 [label=<<i>self.save!</i>> color=crimson shape=doubleoctagon]; 
	n2341 []
}

digraph SettingsController_delete_account_backward_70306490048560 {
	n2307 -> n2332
	n335 -> n2307
	n2330 -> n2332
	n2307 -> n2330
	n2329 -> n2330
	n2328 -> n2329
	n2332 [label=<<i>self.save!</i>> color=crimson shape=doubleoctagon]; 
	n2307 []
	n335 []
	n2330 []
	n2329 [label = <<i>Time.now</i>> ]
	n2328 []
}

