SET IRMethod, name = render_menu
BB 1
	outgoing: 16 2 
	datadep: 
	instructions:
BB 2
	outgoing: 3 4 
	datadep: 
	instructions:
		 0: def_%self 
		 1: def_%v_0 
		 2: COPY TYPE_CurrentScope def_%current_scope 
		 3: COPY TYPE_ScopeModule def_%current_module 
		 4: 
		 5: def_options 
		 6: options[2.5,] 
BB 3
	outgoing: 4 
	datadep: 
	instructions:
		 0: HASH- def_%v_3 
		 1: COPY TYPE_PASS def_options %v_3[3.0,] 
BB 4
	outgoing: 5 6 
	datadep: 
	instructions:
		 0: 
		 1: options->[] def_%v_4 options[3.1,2.5,] 	 ARGS:Symbol,
		 2: BRANCH %v_4[4.1,] 
BB 5
	outgoing: 6 
	datadep: 
	instructions:
		 0: %self->menu_items def_%v_5 %self[2.0,] options[3.1,2.5,] 	 ARGS:options,
		 1: options->[]= def_%v_4 options[3.1,2.5,] %v_5[5.0,] 	 ARGS:Symbol,%v_5,
		 2: COPY TYPE_PASS def_%v_4 %v_5[5.0,] 
BB 6
	outgoing: 7 8 
	datadep: 
	instructions:
		 0: 
		 1: options->[] def_%v_6 options[5.1,3.1,2.5,] 	 ARGS:Symbol,
		 2: BRANCH %v_6[6.1,] 
BB 7
	outgoing: 10 11 
	datadep: 
	instructions:
		 0: COPY TYPE_Nil def_%v_7 
		 1: 
		 2: options->[] def_%v_9 options[5.1,3.1,2.5,] 	 ARGS:Symbol,
		 3: BRANCH %v_9[7.2,] 
BB 8
	outgoing: 16 
	datadep: 
	instructions:
		 0: COPY TYPE_StringLiteral def_%v_8 
		 1: RETURN %v_8[8.0,] %self[2.0,] 
BB 10
	outgoing: 11 
	datadep: 
	instructions:
		 0: COPY TYPE_StringLiteral def_%v_10 
		 1: options->[]= def_%v_9 options[5.1,3.1,2.5,] %v_10[10.0,] 	 ARGS:Symbol,%v_10,
		 2: COPY TYPE_PASS def_%v_9 %v_10[10.0,] 
BB 11
	outgoing: 12 13 
	datadep: 
	instructions:
		 0: 
		 1: options->[] def_%v_11 options[10.1,5.1,3.1,2.5,] 	 ARGS:Symbol,
		 2: BRANCH %v_11[11.1,] 
BB 12
	outgoing: 13 
	datadep: 
	instructions:
		 0: COPY TYPE_StringLiteral def_%v_12 
		 1: options->[]= def_%v_11 options[10.1,5.1,3.1,2.5,] %v_12[12.0,] 	 ARGS:Symbol,%v_12,
		 2: COPY TYPE_PASS def_%v_11 %v_12[12.0,] 
BB 13
	outgoing: 14 15 
	datadep: 
	instructions:
		 0: 
		 1: options->[] def_%v_13 options[12.1,10.1,5.1,3.1,2.5,] 	 ARGS:Symbol,
		 2: BRANCH %v_13[13.1,] 
BB 14
	outgoing: 15 
	datadep: 
	instructions:
		 0: COPY TYPE_StringLiteral def_%v_14 
		 1: options->[]= def_%v_13 options[12.1,10.1,5.1,3.1,2.5,] %v_14[14.0,] 	 ARGS:Symbol,%v_14,
		 2: COPY TYPE_PASS def_%v_13 %v_14[14.0,] 
BB 15
	outgoing: 16 
	datadep: 
	instructions:
		 0: 
		 1: options->[] def_%v_15 options[14.1,12.1,10.1,5.1,3.1,2.5,] 	 ARGS:Symbol,
		 2: options->[] def_%v_16 options[15.1,14.1,12.1,10.1,5.1,3.1,2.5,] 	 ARGS:Symbol,
		 3: options->[] def_%v_17 options[15.1,15.2,14.1,12.1,10.1,5.1,3.1,2.5,] 	 ARGS:Symbol,
		 4: options->[] def_%v_18 options[15.1,15.2,15.3,14.1,12.1,10.1,5.1,3.1,2.5,] 	 ARGS:Symbol,
		 5: HASH-items-css_id-css_class- def_%v_19 %v_16[15.2,] %v_17[15.3,] %v_18[15.4,] 
		 6: HASH-partial-locals- def_%v_20 %v_15[15.1,] %v_19[15.5,] 
		 7: %self->render def_%v_21 %self[2.0,] %v_20[15.6,] 	 ARGS:%v_20,
		 8: RETURN %v_21[15.7,] %self[15.7,2.0,] 
BB 16
	outgoing: 
	datadep: 
	instructions:

SET IRMethod, name = menu_items
BB 1
	outgoing: 29 2 
	datadep: 
	instructions:
BB 2
	outgoing: 3 4 
	datadep: 
	instructions:
		 0: def_%self 
		 1: def_%v_0 
		 2: COPY TYPE_CurrentScope def_%current_scope 
		 3: COPY TYPE_ScopeModule def_%current_module 
		 4: 
		 5: def_options 
		 6: options[2.5,] 
BB 3
	outgoing: 4 
	datadep: 
	instructions:
		 0: HASH- def_%v_3 
		 1: COPY TYPE_PASS def_options %v_3[3.0,] 
BB 4
	outgoing: 5 6 
	datadep: 
	instructions:
		 0: 
		 1: options->[] def_%v_4 options[3.1,2.5,] 	 ARGS:Symbol,
		 2: BRANCH %v_4[4.1,] 
BB 5
	outgoing: 6 
	datadep: 
	instructions:
		 0: GETFIELD %self->page def_%v_5 %self[2.0,] 
		 1: COPY TYPE_PASS def_%v_4 %v_5[5.0,] 
BB 6
	outgoing: 7 8 
	datadep: 
	instructions:
		 0: COPY TYPE_PASS def_selected_page %v_4[5.1,4.1,] 
		 1: 
		 2: BRANCH %v_4[5.1,4.1,] 
BB 7
	outgoing: 10 14 
	datadep: 
	instructions:
		 0: COPY TYPE_Nil def_%v_6 
		 1: 
		 2: options->has_key? def_%v_7 options[3.1,2.5,] 	 ARGS:Symbol,
		 3: BRANCH %v_7[7.2,] 
BB 8
	outgoing: 29 
	datadep: 
	instructions:
		 0: RETURN %self[2.0,] 
BB 10
	outgoing: 11 12 
	datadep: 
	instructions:
		 0: 
		 1: (Section) def_%v_8 
		 2: options->[] def_%v_9 options[3.1,2.5,] 	 ARGS:Symbol,
		 3: %v_8->find_by_path def_%v_10 %v_8[10.1,] %v_9[10.2,] 	 ARGS:%v_9,
		 4: COPY TYPE_PASS def_section_for_path %v_10[10.3,] 
		 5: 
		 6: BRANCH %v_10[10.3,] 
BB 11
	outgoing: 13 
	datadep: 
	instructions:
		 0: COPY TYPE_Nil def_%v_11 
		 1: 
BB 12
	outgoing: 13 
	datadep: 
	instructions:
		 0: COPY TYPE_StringLiteral def_%v_12 
		 1: options->[] def_%v_13 options[3.1,2.5,] 	 ARGS:Symbol,
		 2: COPY TYPE_StringLiteral def_%v_14 
		 3: BUILDSTRING def_%v_15 %v_12[12.0,] %v_13[12.1,] %v_14[12.2,] 
		 4: %self->raise def_%v_16 %self[2.0,] %v_15[12.3,] 	 ARGS:%v_15,
		 5: COPY TYPE_PASS def_%v_11 %v_16[12.4,] 
BB 13
	outgoing: 15 
	datadep: 
	instructions:
		 0: 
		 1: HASH-include_self- def_%v_17 
		 2: section_for_path->ancestors def_%v_18 section_for_path[10.4,] %v_17[13.1,] 	 ARGS:%v_17,
		 3: COPY TYPE_PASS def_ancestors %v_18[13.2,] 
		 4: 
BB 14
	outgoing: 15 
	datadep: 
	instructions:
		 0: 
		 1: selected_page->ancestors def_%v_19 selected_page[6.0,] 	 ARGS:
		 2: COPY TYPE_PASS def_ancestors %v_19[14.1,] 
		 3: COPY TYPE_PASS def_%v_18 %v_19[14.1,] 
BB 15
	outgoing: 16 19 
	datadep: 
	instructions:
		 0: 
		 1: options->has_key? def_%v_20 options[3.1,2.5,] 	 ARGS:Symbol,
		 2: BRANCH %v_20[15.1,] 
BB 16
	outgoing: 17 18 
	datadep: 
	instructions:
		 0: 
		 1: options->[] def_%v_22 options[3.1,2.5,] 	 ARGS:Symbol,
		 2: %v_22->to_i def_%v_23 %v_22[16.1,] 	 ARGS:
		 3: def_%v_21 %v_23[16.2,] 
		 4: ancestors->[] def_%v_24 ancestors[14.2,13.3,] %v_21[16.3,] 	 ARGS:%v_21,
		 5: BRANCH %v_24[16.4,] 
BB 17
	outgoing: 18 
	datadep: 
	instructions:
		 0: COPY TYPE_Array def_%v_25 
		 1: COPY TYPE_PASS def_%v_24 %v_25[17.0,] 
BB 18
	outgoing: 20 
	datadep: 
	instructions:
		 0: COPY TYPE_PASS def_ancestors %v_24[17.1,16.4,] 
		 1: 
BB 19
	outgoing: 20 
	datadep: 
	instructions:
		 0: COPY TYPE_Nil def_%v_24 
BB 20
	outgoing: 21 22 
	datadep: 
	instructions:
		 0: 
		 1: options->has_key? def_%v_26 options[3.1,2.5,] 	 ARGS:Symbol,
		 2: BRANCH %v_26[20.1,] 
BB 21
	outgoing: 23 
	datadep: 
	instructions:
		 0: options->[] def_%v_27 options[3.1,2.5,] 	 ARGS:Symbol,
		 1: %v_27->to_i def_%v_28 %v_27[21.0,] 	 ARGS:
		 2: 
BB 22
	outgoing: 23 
	datadep: 
	instructions:
		 0: def_%v_29 	 ARGS:Fixnum,
		 1: COPY TYPE_PASS def_%v_28 %v_29[22.0,] 
BB 23
	outgoing: 24 25 
	datadep: 
	instructions:
		 0: COPY TYPE_PASS def_depth %v_28[22.1,21.1,] 
		 1: 
		 2: options->[] def_%v_30 options[3.1,2.5,] 	 ARGS:Symbol,
		 3: BRANCH %v_30[23.2,] 
BB 24
	outgoing: 25 
	datadep: 
	instructions:
		 0: COPY TYPE_Boolean def_%v_30 
BB 25
	outgoing: 26 27 
	datadep: 
	instructions:
		 0: COPY TYPE_PASS def_show_all_siblings %v_30[24.0,23.2,] 
		 1: 
		 2: %self->lambda def_%v_31 %self[2.0,] %self[2.0,] 	 ARGS:%self,
CLOSURE BEGIN: section_nodes[] %self[2.0,] 
BB 1
	outgoing: 6 2 
	datadep: 
	instructions:
BB 2
	outgoing: 3 
	datadep: 
	instructions:
		 0: def_%self 
		 1: def_%cl_1_0 
		 2: RECEIVEARG def_section_nodes 
		 3: RECEIVEARG def_current_depth 
		 4: COPY TYPE_CurrentScope def_%current_scope 
		 5: COPY TYPE_ScopeModule def_%current_module 
BB 3
	outgoing: 4 6 
	datadep: 
	instructions:
		 0: 
		 1: section_nodes->map def_%cl_1_3 section_nodes[2.2,] %self[2.0,] 	 ARGS:section_nodes,
CLOSURE BEGIN: section_node[] item[] node[] page_or_link[] selected_page[] current_depth[2.3,] depth[] show_all_siblings[] ancestors[] fn[] 
BB 1
	outgoing: 42 2 
	datadep: 
	instructions:
BB 2
	outgoing: 3 
	datadep: 
	instructions:
		 0: def_%self 
		 1: def_%cl_2_0 
		 2: RECEIVEARG def_section_node 
		 3: COPY TYPE_CurrentScope def_%current_scope 
		 4: COPY TYPE_ScopeModule def_%current_module 
BB 3
	outgoing: 4 5 40 
	datadep: 
	instructions:
		 0: 
		 1: section_node->node def_%cl_2_3 section_node[2.2,] 	 ARGS:
		 2: COPY TYPE_PASS def_node %cl_2_3[3.1,] 
		 3: 
		 4: HASH- def_%cl_2_4 
		 5: COPY TYPE_PASS def_item %cl_2_4[3.4,] 
		 6: 
		 7: section_node->node_type def_%cl_2_5 section_node[3.1,2.2,] 	 ARGS:
		 8: COPY TYPE_StringLiteral def_%cl_2_6 
		 9: COPY TYPE_StringLiteral def_%cl_2_7 
		 10: %cl_2_5->gsub def_%cl_2_8 %cl_2_5[3.7,] %cl_2_6[3.8,] %cl_2_7[3.9,] 	 ARGS:%cl_2_6,%cl_2_7,
		 11: %cl_2_8->underscore def_%cl_2_9 %cl_2_8[3.10,] 	 ARGS:
		 12: COPY TYPE_StringLiteral def_%cl_2_10 
		 13: section_node->node_id def_%cl_2_11 section_node[3.1,3.7,2.2,] 	 ARGS:
		 14: BUILDSTRING def_%cl_2_12 %cl_2_9[3.11,] %cl_2_10[3.12,] %cl_2_11[3.13,] 
		 15: ATTRASSIGN item->[] %cl_2_12[3.14,] 
		 16: 
		 17: section_node->section? def_%cl_2_13 section_node[3.1,3.7,3.13,2.2,] 	 ARGS:
		 18: BRANCH %cl_2_13[3.17,] 
BB 4
	outgoing: 6 40 
	datadep: 
	instructions:
		 0: node->first_page_or_link def_%cl_2_14 node[3.2,] 	 ARGS:
		 1: 
BB 5
	outgoing: 6 
	datadep: 
	instructions:
		 0: COPY TYPE_PASS def_%cl_2_14 node[3.2,] 
BB 6
	outgoing: 7 8 40 
	datadep: 
	instructions:
		 0: COPY TYPE_PASS def_page_or_link %cl_2_14[5.0,4.0,] 
		 1: 
		 2: section_node->section? def_%cl_2_15 section_node[2.2,] 	 ARGS:
		 3: BRANCH %cl_2_15[6.2,] 
BB 7
	outgoing: 8 
	datadep: 
	instructions:
		 0: COPY TYPE_PASS def_%cl_2_15 page_or_link[6.0,] 
BB 8
	outgoing: 9 17 
	datadep: 
	instructions:
		 0: BRANCH %cl_2_15[7.0,6.2,] 
BB 9
	outgoing: 10 11 40 
	datadep: 
	instructions:
		 0: 
		 1: page_or_link->respond_to? def_%cl_2_16 page_or_link[6.0,] 	 ARGS:Symbol,
		 2: BRANCH %cl_2_16[9.1,] 
BB 10
	outgoing: 11 40 
	datadep: 
	instructions:
		 0: page_or_link->hidden? def_%cl_2_17 page_or_link[6.0,] 	 ARGS:
		 1: COPY TYPE_PASS def_%cl_2_16 %cl_2_17[10.0,] 
BB 11
	outgoing: 12 13 
	datadep: 
	instructions:
		 0: BRANCH %cl_2_16[10.1,9.1,] 
BB 12
	outgoing: 13 40 
	datadep: 
	instructions:
		 0: selected_page->== def_%cl_2_18 selected_page[] page_or_link[6.0,] 	 ARGS:page_or_link,
		 1: COPY TYPE_PASS def_%cl_2_16 %cl_2_18[12.0,] 
BB 13
	outgoing: 14 15 
	datadep: 
	instructions:
		 0: BRANCH %cl_2_16[12.1,10.1,9.1,] 
BB 14
	outgoing: 16 40 
	datadep: 
	instructions:
		 0: ATTRASSIGN item->[] 
		 1: COPY TYPE_Boolean def_%cl_2_19 
		 2: 
BB 15
	outgoing: 16 
	datadep: 
	instructions:
		 0: COPY TYPE_Nil def_%cl_2_19 
BB 16
	outgoing: 21 
	datadep: 
	instructions:
		 0: 
BB 17
	outgoing: 18 19 40 
	datadep: 
	instructions:
		 0: 
		 1: selected_page->== def_%cl_2_20 selected_page[] page_or_link[6.0,] 	 ARGS:page_or_link,
		 2: BRANCH %cl_2_20[17.1,] 
BB 18
	outgoing: 20 40 
	datadep: 
	instructions:
		 0: ATTRASSIGN item->[] 
		 1: COPY TYPE_Boolean def_%cl_2_21 
		 2: 
BB 19
	outgoing: 20 
	datadep: 
	instructions:
		 0: COPY TYPE_Nil def_%cl_2_21 
BB 20
	outgoing: 21 
	datadep: 
	instructions:
		 0: COPY TYPE_PASS def_%cl_2_19 %cl_2_21[19.0,18.1,] 
BB 21
	outgoing: 22 23 40 
	datadep: 
	instructions:
		 0: 
		 1: page_or_link->try def_%cl_2_22 page_or_link[6.0,] 	 ARGS:Symbol,
		 2: BRANCH %cl_2_22[21.1,] 
BB 22
	outgoing: 23 
	datadep: 
	instructions:
		 0: COPY TYPE_StringLiteral def_%cl_2_23 
		 1: COPY TYPE_PASS def_%cl_2_22 %cl_2_23[22.0,] 
BB 23
	outgoing: 24 25 40 
	datadep: 
	instructions:
		 0: ATTRASSIGN item->[] %cl_2_22[22.1,21.1,] 
		 1: 
		 2: node->name def_%cl_2_24 node[3.2,] 	 ARGS:
		 3: ATTRASSIGN item->[] %cl_2_24[23.2,] 
		 4: 
		 5: page_or_link->respond_to? def_%cl_2_25 page_or_link[6.0,] 	 ARGS:Symbol,
		 6: BRANCH %cl_2_25[23.5,] 
BB 24
	outgoing: 25 40 
	datadep: 
	instructions:
		 0: page_or_link->new_window? def_%cl_2_26 page_or_link[6.0,] 	 ARGS:
		 1: COPY TYPE_PASS def_%cl_2_25 %cl_2_26[24.0,] 
BB 25
	outgoing: 26 27 
	datadep: 
	instructions:
		 0: BRANCH %cl_2_25[24.1,23.5,] 
BB 26
	outgoing: 28 40 
	datadep: 
	instructions:
		 0: COPY TYPE_StringLiteral def_%cl_2_27 
		 1: ATTRASSIGN item->[] %cl_2_27[26.0,] 
		 2: 
BB 27
	outgoing: 28 
	datadep: 
	instructions:
		 0: COPY TYPE_Nil def_%cl_2_27 
BB 28
	outgoing: 29 30 40 
	datadep: 
	instructions:
		 0: 
		 1: section_node->section? def_%cl_2_28 section_node[2.2,] 	 ARGS:
		 2: BRANCH %cl_2_28[28.1,] 
BB 29
	outgoing: 30 40 
	datadep: 
	instructions:
		 0: current_depth->< def_%cl_2_29 current_depth[] depth[] 	 ARGS:depth,
		 1: COPY TYPE_PASS def_%cl_2_28 %cl_2_29[29.0,] 
BB 30
	outgoing: 31 34 
	datadep: 
	instructions:
		 0: BRANCH %cl_2_28[29.1,28.1,] 
BB 31
	outgoing: 32 33 
	datadep: 
	instructions:
		 0: COPY TYPE_PASS def_%cl_2_30 show_all_siblings[] 
		 1: BRANCH show_all_siblings[] 
BB 32
	outgoing: 33 40 
	datadep: 
	instructions:
		 0: ancestors->include? def_%cl_2_31 ancestors[] node[3.2,] 	 ARGS:node,
		 1: COPY TYPE_PASS def_%cl_2_30 %cl_2_31[32.0,] 
BB 33
	outgoing: 34 
	datadep: 
	instructions:
		 0: COPY TYPE_PASS def_%cl_2_28 %cl_2_30[32.1,31.0,] 
BB 34
	outgoing: 35 36 
	datadep: 
	instructions:
		 0: BRANCH %cl_2_28[33.0,29.1,28.1,] 
BB 35
	outgoing: 36 40 
	datadep: 
	instructions:
		 0: 
		 1: node->visible_child_nodes def_%cl_2_32 node[3.2,] 	 ARGS:
		 2: %cl_2_32->empty? def_%cl_2_33 %cl_2_32[35.1,] 	 ARGS:
		 3: %cl_2_33->! def_%cl_2_34 %cl_2_33[35.2,] 	 ARGS:
		 4: COPY TYPE_PASS def_%cl_2_28 %cl_2_34[35.3,] 
BB 36
	outgoing: 37 38 
	datadep: 
	instructions:
		 0: BRANCH %cl_2_28[35.4,33.0,29.1,28.1,] 
BB 37
	outgoing: 39 40 
	datadep: 
	instructions:
		 0: 
		 1: node->visible_child_nodes def_%cl_2_35 node[3.2,] 	 ARGS:
		 2: current_depth->+ def_%cl_2_36 current_depth[] 	 ARGS:Fixnum,
		 3: fn->call def_%cl_2_37 fn[] %cl_2_35[37.1,] %cl_2_36[37.2,] 	 ARGS:%cl_2_35,%cl_2_36,
		 4: ATTRASSIGN item->[] %cl_2_37[37.3,] 
		 5: 
BB 38
	outgoing: 39 
	datadep: 
	instructions:
		 0: COPY TYPE_Nil def_%cl_2_37 
BB 39
	outgoing: 42 
	datadep: 
	instructions:
		 0: 
		 1: RETURN item[37.4,26.1,23.0,23.3,18.0,14.0,3.5,3.15,] %self[2.0,] 
BB 40
	outgoing: 42 
	datadep: 
	instructions:
		 0: def_%cl_2_38 
		 1: def_%cl_2_39 %cl_2_38[40.0,] 
		 2: RETURN %cl_2_39[40.1,] %self[2.0,] 
BB 42
	outgoing: 
	datadep: 
	instructions:
CLOSURE END
		 2: RETURN %cl_1_3[3.1,] %self[2.0,] 
BB 4
	outgoing: 6 
	datadep: 
	instructions:
		 0: def_%cl_1_4 
		 1: def_%cl_1_5 %cl_1_4[4.0,] 
		 2: RETURN %cl_1_5[4.1,] %self[2.0,] 
BB 6
	outgoing: 
	datadep: 
	instructions:
CLOSURE END
		 3: COPY TYPE_PASS def_fn %v_31[25.2,] 
		 4: 
		 5: ancestors->empty? def_%v_32 ancestors[18.0,14.2,13.3,] 	 ARGS:
		 6: BRANCH %v_32[25.5,] 
BB 26
	outgoing: 29 
	datadep: 
	instructions:
		 0: 
		 1: COPY TYPE_Array def_%v_33 
		 2: RETURN %self[2.0,] 
BB 27
	outgoing: 29 
	datadep: 
	instructions:
		 0: 
		 1: ancestors->first def_%v_34 ancestors[18.0,14.2,13.3,] 	 ARGS:
		 2: options->[] def_%v_35 options[3.1,2.5,] 	 ARGS:Symbol,
		 3: HASH-limit- def_%v_36 %v_35[27.2,] 
		 4: %v_34->visible_child_nodes def_%v_37 %v_34[27.1,] %v_36[27.3,] 	 ARGS:%v_36,
		 5: fn->call def_%v_38 fn[25.3,] %v_37[27.4,] 	 ARGS:%v_37,Fixnum,
		 6: RETURN %v_38[27.5,] %self[2.0,] 
BB 29
	outgoing: 
	datadep: 
	instructions:

