SET IRMethod, name = full_site_url
BB 1
	outgoing: 7 2 
	datadep: 
	instructions:
BB 2
	outgoing: 3 4 
	datadep: 
	instructions:
		 0: def_%self 
		 1: def_%v_0 
		 2: COPY TYPE_CurrentScope def_%current_scope 
		 3: COPY TYPE_ScopeModule def_%current_module 
		 4: 
		 5: 
		 6: (Rails) def_%v_3 
		 7: %v_3->configuration def_%v_4 %v_3[2.6,] 	 ARGS:
		 8: %v_4->cms def_%v_5 %v_4[2.7,] 	 ARGS:
		 9: %v_5->site_domain def_%v_6 %v_5[2.8,] 	 ARGS:
		 10: %self->current_page def_%v_7 %self[2.0,] 	 ARGS:
		 11: %v_7->path def_%v_8 %v_7[2.10,] 	 ARGS:
		 12: HASH-prefer_full_site- def_%v_9 
		 13: HASH-host-path-params- def_%v_10 %v_6[2.9,] %v_8[2.11,] %v_9[2.12,] 
		 14: COPY TYPE_PASS def_options %v_10[2.13,] 
		 15: 
		 16: (ActionDispatch) def_%v_11 
		 17: (inherit Http) def_%v_12 %v_11[2.16,] 
		 18: %v_12[2.17,] 
BB 3
	outgoing: 4 
	datadep: 
	instructions:
		 0: %v_11->const_missing def_%v_12 %v_11[2.16,] 	 ARGS:Symbol,
BB 4
	outgoing: 5 6 
	datadep: 
	instructions:
		 0: (inherit URL) def_%v_13 %v_12[3.0,2.17,] 
		 1: %v_13[4.0,] 
BB 5
	outgoing: 6 
	datadep: 
	instructions:
		 0: %v_12->const_missing def_%v_13 %v_12[3.0,2.17,] 	 ARGS:Symbol,
BB 6
	outgoing: 7 
	datadep: 
	instructions:
		 0: %v_13->url_for def_%v_14 %v_13[5.0,4.0,] options[2.14,] 	 ARGS:options,
		 1: RETURN %v_14[6.0,] %self[2.0,] 
BB 7
	outgoing: 
	datadep: 
	instructions:

SET IRMethod, name = mobile_site_url
BB 1
	outgoing: 7 2 
	datadep: 
	instructions:
BB 2
	outgoing: 3 4 
	datadep: 
	instructions:
		 0: def_%self 
		 1: def_%v_0 
		 2: COPY TYPE_CurrentScope def_%current_scope 
		 3: COPY TYPE_ScopeModule def_%current_module 
		 4: 
		 5: 
		 6: (Rails) def_%v_3 
		 7: %v_3->configuration def_%v_4 %v_3[2.6,] 	 ARGS:
		 8: %v_4->cms def_%v_5 %v_4[2.7,] 	 ARGS:
		 9: %v_5->site_domain def_%v_6 %v_5[2.8,] 	 ARGS:
		 10: %self->current_page def_%v_7 %self[2.0,] 	 ARGS:
		 11: %v_7->path def_%v_8 %v_7[2.10,] 	 ARGS:
		 12: HASH-prefer_mobile_site- def_%v_9 
		 13: HASH-host-path-params- def_%v_10 %v_6[2.9,] %v_8[2.11,] %v_9[2.12,] 
		 14: COPY TYPE_PASS def_options %v_10[2.13,] 
		 15: 
		 16: (ActionDispatch) def_%v_11 
		 17: (inherit Http) def_%v_12 %v_11[2.16,] 
		 18: %v_12[2.17,] 
BB 3
	outgoing: 4 
	datadep: 
	instructions:
		 0: %v_11->const_missing def_%v_12 %v_11[2.16,] 	 ARGS:Symbol,
BB 4
	outgoing: 5 6 
	datadep: 
	instructions:
		 0: (inherit URL) def_%v_13 %v_12[3.0,2.17,] 
		 1: %v_13[4.0,] 
BB 5
	outgoing: 6 
	datadep: 
	instructions:
		 0: %v_12->const_missing def_%v_13 %v_12[3.0,2.17,] 	 ARGS:Symbol,
BB 6
	outgoing: 7 
	datadep: 
	instructions:
		 0: %v_13->url_for def_%v_14 %v_13[5.0,4.0,] options[2.14,] 	 ARGS:options,
		 1: RETURN %v_14[6.0,] %self[2.0,] 
BB 7
	outgoing: 
	datadep: 
	instructions:

SET IRMethod, name = mobile_template_exists?
BB 1
	outgoing: 3 2 
	datadep: 
	instructions:
BB 2
	outgoing: 3 
	datadep: 
	instructions:
		 0: def_%self 
		 1: def_%v_0 
		 2: COPY TYPE_CurrentScope def_%current_scope 
		 3: COPY TYPE_ScopeModule def_%current_module 
		 4: 
		 5: RECEIVEARG def_page 
		 6: 
		 7: %self->controller def_%v_3 %self[2.0,] 	 ARGS:
		 8: page->layout_name def_%v_4 page[2.5,] 	 ARGS:
		 9: COPY TYPE_StringLiteral def_%v_5 
		 10: %v_3->template_exists? def_%v_6 %v_3[2.7,] %v_4[2.8,] %v_5[2.9,] 	 ARGS:%v_4,%v_5,
		 11: RETURN %v_6[2.10,] %self[2.0,2.7,] 
BB 3
	outgoing: 
	datadep: 
	instructions:

