SET IRMethod, name = new_button_path
BB 1
	outgoing: 3 2 
	datadep: 
	instructions:
BB 2
	outgoing: 3 
	datadep: 
	instructions:
		 0: def_%self 
		 1: def_%v_0 
		 2: COPY TYPE_CurrentScope def_%current_scope 
		 3: COPY TYPE_ScopeModule def_%current_module 
		 4: 
		 5: 
		 6: %self->cms def_%v_3 %self[2.0,] 	 ARGS:
		 7: %self->target_section def_%v_4 %self[2.0,2.6,] 	 ARGS:
		 8: %v_3->new_section_page_path def_%v_5 %v_3[2.6,] %v_4[2.7,] 	 ARGS:%v_4,
		 9: RETURN %v_5[2.8,] %self[2.0,2.6,2.7,] 
BB 3
	outgoing: 
	datadep: 
	instructions:

SET IRMethod, name = target_section
BB 1
	outgoing: 8 2 
	datadep: 
	instructions:
BB 2
	outgoing: 3 4 
	datadep: 
	instructions:
		 0: def_%self 
		 1: def_%v_0 
		 2: COPY TYPE_CurrentScope def_%current_scope 
		 3: COPY TYPE_ScopeModule def_%current_module 
		 4: 
		 5: 
		 6: GETFIELD %self->page def_%v_3 %self[2.0,] 
		 7: BRANCH %v_3[2.6,] 
BB 3
	outgoing: 4 
	datadep: 
	instructions:
		 0: GETFIELD %self->page def_%v_4 %self[2.0,] 
		 1: %v_4->parent def_%v_5 %v_4[3.0,] 	 ARGS:
		 2: COPY TYPE_PASS def_%v_3 %v_5[3.1,] 
BB 4
	outgoing: 5 6 
	datadep: 
	instructions:
		 0: BRANCH %v_3[3.2,2.6,] 
BB 5
	outgoing: 8 
	datadep: 
	instructions:
		 0: 
		 1: GETFIELD %self->page def_%v_6 %self[2.0,] 
		 2: %v_6->parent def_%v_7 %v_6[5.1,] 	 ARGS:
		 3: RETURN %v_7[5.2,] %self[2.0,] 
BB 6
	outgoing: 8 
	datadep: 
	instructions:
		 0: 
		 1: (Section) def_%v_8 
		 2: %v_8->first def_%v_9 %v_8[6.1,] 	 ARGS:
		 3: RETURN %v_9[6.2,] %self[2.0,] 
BB 8
	outgoing: 
	datadep: 
	instructions:

