digraph sketch {
	n21 [label=<<i>21__ _self -> session</i>> color=crimson]; 
	n26 [label=<<i>26__ _self -> session</i>> color=crimson]; 
	n26 -> n30 [label="3"]
	n30 [label=<<i>30__ _v_5 -> where</i>> color=blue]; 
	n30 -> n31 [label="0"]
	n31 [label=<<i>31__ _v_10 -> first</i>> color=blue]; 
	n97 [label=<<i>97__ _self -> params</i>> color=crimson]; 
	n141 [label=<<i>141__ _self -> lock</i>> color=blue]; 
	n141 -> n143 [label="0"]
	n143 [label=<<i>143__ _cl_1_3 -> where</i>> color=blue]; 
	n143 -> n144 [label="0"]
	n144 [label=<<i>144__ _cl_1_5 -> first</i>> color=blue]; 
	n144 -> n172 [label="1"]
	n172 [label=<<i>172__ kv -> save!</i>> color=blue]; 
	n241 [label=<<i>241__ traffic_kv -> save!</i>> color=blue]; 
	n245 [label=<<i>245__ date_kv -> save!</i>> color=blue]; 
	n289 [label=<<i>289__ _self -> params</i>> color=crimson]; 
	n346 [label=<<i>346__ traffic_kv -> save!</i>> color=blue]; 
	n350 [label=<<i>350__ date_kv -> save!</i>> color=blue]; 
	n376 [label=<<i>376__ _self -> session</i>> color=crimson]; 
	n381 [label=<<i>381__ _self -> session</i>> color=crimson]; 
	n381 -> n385 [label="3"]
	n385 [label=<<i>385__ _v_5 -> where</i>> color=blue]; 
	n385 -> n386 [label="0"]
	n386 [label=<<i>386__ _v_10 -> first</i>> color=blue]; 
	n429 [label=<<i>429__ _self -> params</i>> color=crimson]; 
	n437 [label=<<i>437__ _self -> params</i>> color=crimson]; 
	n437 -> n441 [label="3"]
	n441 [label=<<i>441__ _v_13 -> where</i>> color=blue]; 
	n441 -> n442 [label="0"]
	n442 [label=<<i>442__ _v_18 -> first</i>> color=blue]; 
	n487 [label=<<i>487__ _self -> params</i>> color=crimson]; 
	n493 [label=<<i>493__ _self -> params</i>> color=crimson]; 
	n493 -> n564 [label="6"]
	n493 -> n525 [label="11"]
	n502 [label=<<i>502__ _v_25 -> where</i>> color=blue]; 
	n502 -> n504 [label="0"]
	n504 [label=<<i>504__ _v_27 -> order</i>> color=blue]; 
	n504 -> n525 [label="5"]
	n504 -> n564 [label="7"]
	n525 [label=<<i>525__ _v_39 -> where</i>> color=blue]; 
	n525 -> n564 [label="4"]
	n564 [label=<<i>564__ _self -> where</i>> color=blue]; 
	n820 [label=<<i>820__ _self -> params</i>> color=crimson]; 
}