SET IRMethod, name = current_user instanceMethod = true
BB 1
	outgoing: 10 2 
	datadep: 
	instructions:
BB 2
	outgoing: 3 4 
	datadep: 
	instructions:
		 0: def_%self 
		 1: def_%v_0 
		 2: COPY TYPE_CurrentScope def_%current_scope 
		 3: COPY TYPE_ScopeModule def_%current_module 
		 4: 
		 5: 
		 6: %self->session def_%v_3 %self[2.0,] 	 SYMBOL:	 ARGS:
		 7: %v_3->[] def_%v_4 %v_3[2.6,] 	 SYMBOL:session_key,	 ARGS:Symbol,
		 8: BRANCH %v_4[2.7,] 
BB 3
	outgoing: 6 7 
	datadep: 
	instructions:
		 0: COPY TYPE_Nil def_%v_5 
		 1: 
		 2: def_%v_7 %self[2.0,] 
		 3: COPY TYPE_PASS def_%v_6 %v_7[3.2,] 
		 4: %v_7[3.2,] 
BB 4
	outgoing: 10 
	datadep: 
	instructions:
		 0: RETURN %self[2.0,] 
BB 6
	outgoing: 7 
	datadep: 
	instructions:
		 0: GETFIELD %self->current_user def_%v_8 %self[2.0,] 
		 1: COPY TYPE_PASS def_%v_6 %v_8[6.0,] 
BB 7
	outgoing: 8 9 
	datadep: 
	instructions:
		 0: BRANCH %v_6[6.1,3.3,] 
BB 8
	outgoing: 10 
	datadep: 
	instructions:
		 0: (User) def_%v_9 
		 1: %self->session def_%v_10 %self[2.0,] 	 SYMBOL:	 ARGS:
		 2: %v_10->[] def_%v_11 %v_10[8.1,] 	 SYMBOL:session_key,	 ARGS:Symbol,
		 3: %v_9->find_by_session_key def_%v_12 %v_9[8.0,] %v_11[8.2,] 	 SYMBOL:	 ARGS:%v_11,
		 4: ATTRASSIGN %self->current_user %v_12[8.3,] 
		 5: RETURN %v_12[8.3,] %self[8.1,8.4,2.0,] 
BB 9
	outgoing: 10 
	datadep: 
	instructions:
		 0: RETURN %v_8[6.0,] %self[2.0,] 
BB 10
	outgoing: 
	datadep: 
	instructions:

SET IRMethod, name = logged_in? instanceMethod = true
BB 1
	outgoing: 3 2 
	datadep: 
	instructions:
BB 2
	outgoing: 3 
	datadep: 
	instructions:
		 0: def_%self 
		 1: def_%v_0 
		 2: COPY TYPE_CurrentScope def_%current_scope 
		 3: COPY TYPE_ScopeModule def_%current_module 
		 4: 
		 5: 
		 6: %self->current_user def_%v_3 %self[2.0,] 	 SYMBOL:	 ARGS:
		 7: %v_3->! def_%v_4 %v_3[2.6,] 	 SYMBOL:	 ARGS:
		 8: %v_4->! def_%v_5 %v_4[2.7,] 	 SYMBOL:	 ARGS:
		 9: RETURN %v_5[2.8,] %self[2.0,2.6,] 
BB 3
	outgoing: 
	datadep: 
	instructions:

SET IRMethod, name = redirect_logged_in_user instanceMethod = true
BB 1
	outgoing: 6 2 
	datadep: 
	instructions:
BB 2
	outgoing: 3 4 
	datadep: 
	instructions:
		 0: def_%self 
		 1: def_%v_0 
		 2: COPY TYPE_CurrentScope def_%current_scope 
		 3: COPY TYPE_ScopeModule def_%current_module 
		 4: 
		 5: 
		 6: %self->logged_in? def_%v_3 %self[2.0,] 	 SYMBOL:	 ARGS:
		 7: BRANCH %v_3[2.6,] 
BB 3
	outgoing: 6 
	datadep: 
	instructions:
		 0: 
		 1: %self->root_url def_%v_4 %self[2.0,] 	 SYMBOL:	 ARGS:
		 2: %self->redirect_to def_%v_5 %self[3.1,2.0,] %v_4[3.1,] 	 SYMBOL:	 ARGS:%v_4,
		 3: RETURN %v_5[3.2,] %self[3.1,3.2,2.0,] 
BB 4
	outgoing: 6 
	datadep: 
	instructions:
		 0: RETURN %self[2.0,] 
BB 6
	outgoing: 
	datadep: 
	instructions:

SET IRMethod, name = require_login instanceMethod = true
BB 1
	outgoing: 6 2 
	datadep: 
	instructions:
BB 2
	outgoing: 3 4 
	datadep: 
	instructions:
		 0: def_%self 
		 1: def_%v_0 
		 2: COPY TYPE_CurrentScope def_%current_scope 
		 3: COPY TYPE_ScopeModule def_%current_module 
		 4: 
		 5: 
		 6: %self->logged_in? def_%v_3 %self[2.0,] 	 SYMBOL:	 ARGS:
		 7: BRANCH %v_3[2.6,] 
BB 3
	outgoing: 6 
	datadep: 
	instructions:
		 0: COPY TYPE_Nil def_%v_4 
		 1: RETURN %v_4[3.0,] %self[2.0,] 
BB 4
	outgoing: 6 
	datadep: 
	instructions:
		 0: 
		 1: %self->respond_to def_%v_5 %self[2.0,] %self[2.0,] 	 SYMBOL:	 ARGS:%self,
CLOSURE BEGIN: format[] %self[2.0,] 
BB 1
	outgoing: 6 2 
	datadep: 
	instructions:
BB 2
	outgoing: 3 
	datadep: 
	instructions:
		 0: def_%self 
		 1: def_%cl_1_0 
		 2: RECEIVEARG def_format 
		 3: COPY TYPE_CurrentScope def_%current_scope 
		 4: COPY TYPE_ScopeModule def_%current_module 
BB 3
	outgoing: 4 6 
	datadep: 
	instructions:
		 0: 
		 1: format->html def_%cl_1_3 format[2.2,] %self[2.0,] 	 SYMBOL:	 ARGS:format,
CLOSURE BEGIN: %self[2.0,] 
BB 1
	outgoing: 6 2 
	datadep: 
	instructions:
BB 2
	outgoing: 3 
	datadep: 
	instructions:
		 0: def_%self 
		 1: def_%cl_2_0 
		 2: COPY TYPE_CurrentScope def_%current_scope 
		 3: COPY TYPE_ScopeModule def_%current_module 
BB 3
	outgoing: 4 6 
	datadep: 
	instructions:
		 0: 
		 1: %self->login_url def_%cl_2_3 %self[2.0,] 	 SYMBOL:	 ARGS:
		 2: %self->redirect_to def_%cl_2_4 %self[3.1,2.0,] %cl_2_3[3.1,] 	 SYMBOL:	 ARGS:%cl_2_3,
		 3: RETURN %cl_2_4[3.2,] %self[3.1,3.2,2.0,] 
BB 4
	outgoing: 6 
	datadep: 
	instructions:
		 0: def_%cl_2_5 
		 1: def_%cl_2_6 %cl_2_5[4.0,] 
		 2: RETURN %cl_2_6[4.1,] %self[2.0,] 
BB 6
	outgoing: 
	datadep: 
	instructions:
CLOSURE END: 
		 2: 
		 3: format->json def_%cl_1_4 format[3.1,2.2,] %self[2.0,] 	 SYMBOL:	 ARGS:format,
CLOSURE BEGIN: %self[2.0,] 
BB 1
	outgoing: 6 2 
	datadep: 
	instructions:
BB 2
	outgoing: 3 
	datadep: 
	instructions:
		 0: def_%self 
		 1: def_%cl_3_0 
		 2: COPY TYPE_CurrentScope def_%current_scope 
		 3: COPY TYPE_ScopeModule def_%current_module 
BB 3
	outgoing: 4 6 
	datadep: 
	instructions:
		 0: 
		 1: HASH-nope- def_%cl_3_3 
		 2: HASH-json-status- def_%cl_3_4 %cl_3_3[3.1,] 
		 3: %self->render def_%cl_3_5 %self[2.0,] %cl_3_4[3.2,] 	 SYMBOL:	 ARGS:%cl_3_4,
		 4: RETURN %cl_3_5[3.3,] %self[3.3,2.0,] 
BB 4
	outgoing: 6 
	datadep: 
	instructions:
		 0: def_%cl_3_6 
		 1: def_%cl_3_7 %cl_3_6[4.0,] 
		 2: RETURN %cl_3_7[4.1,] %self[2.0,] 
BB 6
	outgoing: 
	datadep: 
	instructions:
CLOSURE END: 
		 4: RETURN %cl_1_4[3.3,] %self[2.0,] 
BB 4
	outgoing: 6 
	datadep: 
	instructions:
		 0: def_%cl_1_5 
		 1: def_%cl_1_6 %cl_1_5[4.0,] 
		 2: RETURN %cl_1_6[4.1,] %self[2.0,] 
BB 6
	outgoing: 
	datadep: 
	instructions:
CLOSURE END: 
		 2: RETURN %v_5[4.1,] %self[4.1,2.0,] 
BB 6
	outgoing: 
	datadep: 
	instructions:

