SET IRMethod, name = default_naming_for instanceMethod = false
BB 1
	outgoing: 3 2 
	datadep: 
	instructions:
BB 2
	outgoing: 3 
	datadep: 
	instructions:
		 0: def_%self 
		 1: def_%v_0 
		 2: COPY TYPE_CurrentScope def_%current_scope 
		 3: COPY TYPE_ScopeModule def_%current_module 
		 4: 
		 5: RECEIVEARG def_klass 
		 6: 
		 7: klass->name def_%v_3 klass[2.5,] 	 SYMBOL:	 ARGS:
		 8: %v_3->demodulize def_%v_4 %v_3[2.7,] 	 SYMBOL:	 ARGS:
		 9: %v_4->titleize def_%v_5 %v_4[2.8,] 	 SYMBOL:	 ARGS:
		 10: RETURN %v_5[2.9,] %self[2.0,] 
BB 3
	outgoing: 
	datadep: 
	instructions:

SET IRMethod, name = included instanceMethod = false
BB 1
	outgoing: 3 2 
	datadep: 
	instructions:
BB 2
	outgoing: 3 
	datadep: 
	instructions:
		 0: def_%self 
		 1: def_%v_0 
		 2: COPY TYPE_CurrentScope def_%current_scope 
		 3: COPY TYPE_ScopeModule def_%current_module 
		 4: 
		 5: RECEIVEARG def_model_class 
		 6: 
		 7: (MacroMethods) def_%v_3 
		 8: model_class->extend def_%v_4 model_class[2.5,] %v_3[2.7,] 	 SYMBOL:	 ARGS:%v_3,
		 9: RETURN %v_4[2.8,] %self[2.0,] 
BB 3
	outgoing: 
	datadep: 
	instructions:

SET IRMethod, name = connectable? instanceMethod = true
BB 1
	outgoing: 3 2 
	datadep: 
	instructions:
BB 2
	outgoing: 3 
	datadep: 
	instructions:
		 0: def_%self 
		 1: def_%v_0 
		 2: COPY TYPE_CurrentScope def_%current_scope 
		 3: COPY TYPE_ScopeModule def_%current_module 
		 4: 
		 5: 
		 6: GETFIELD %self->is_connectable def_%v_3 %self[2.0,] 
		 7: %v_3->! def_%v_4 %v_3[2.6,] 	 SYMBOL:	 ARGS:
		 8: %v_4->! def_%v_5 %v_4[2.7,] 	 SYMBOL:	 ARGS:
		 9: RETURN %v_5[2.8,] %self[2.0,] 
BB 3
	outgoing: 
	datadep: 
	instructions:

SET IRMethod, name = is_connectable instanceMethod = true
BB 1
	outgoing: 5 2 
	datadep: 
	instructions:
BB 2
	outgoing: 3 4 
	datadep: 
	instructions:
		 0: def_%self 
		 1: def_%v_0 
		 2: COPY TYPE_CurrentScope def_%current_scope 
		 3: COPY TYPE_ScopeModule def_%current_module 
		 4: 
		 5: RECEIVECONSTARG def_options 
		 6: options[2.5,] 
BB 3
	outgoing: 4 
	datadep: 
	instructions:
		 0: HASH- def_%v_3 
		 1: COPY TYPE_PASS def_options %v_3[3.0,] 
BB 4
	outgoing: 5 
	datadep: 
	instructions:
		 0: 
		 1: ATTRASSIGN %self->is_connectable 
		 2: 
		 3: (ClassMethods) def_%v_4 
		 4: %self->extend def_%v_5 %self[4.1,2.0,] %v_4[4.3,] 	 SYMBOL:	 ARGS:%v_4,
		 5: 
		 6: (InstanceMethods) def_%v_6 
		 7: %self->include def_%v_7 %self[4.1,4.4,2.0,] %v_6[4.6,] 	 SYMBOL:	 ARGS:%v_6,
		 8: 
		 9: %self->attr_accessor def_%v_8 %self[4.1,4.4,4.7,2.0,] 	 SYMBOL:connect_to_page_id,connect_to_container,connected_page,	 ARGS:Symbol,Symbol,Symbol,
		 10: 
		 11: COPY TYPE_StringLiteral "Connector" def_%v_9 
		 12: HASH-as-class_name- def_%v_10 %v_9[4.11,] 
		 13: %self->has_many def_%v_11 %self[4.1,4.4,4.7,4.9,2.0,] %v_10[4.12,] 	 SYMBOL:connectors,	 ARGS:Symbol,%v_10,
		 14: 
		 15: %self->attr_accessor def_%v_12 %self[4.1,4.4,4.7,4.9,4.13,2.0,] 	 SYMBOL:updated_by_page,	 ARGS:Symbol,
		 16: 
		 17: %self->after_create def_%v_13 %self[4.1,4.4,4.7,4.9,4.13,4.15,2.0,] 	 SYMBOL:connect_to_page,	 ARGS:Symbol,
		 18: 
		 19: HASH-unless- def_%v_14 
		 20: %self->after_save def_%v_15 %self[4.1,4.4,4.7,4.9,4.13,4.15,4.17,2.0,] %v_14[4.19,] 	 SYMBOL:update_connected_pages,	 ARGS:Symbol,%v_14,
		 21: RETURN %v_15[4.20,] %self[4.1,4.4,4.7,4.9,4.13,4.15,4.17,4.20,2.0,] 
BB 5
	outgoing: 
	datadep: 
	instructions:

SET IRMethod, name = content_block_type instanceMethod = true
BB 1
	outgoing: 7 2 
	datadep: 
	instructions:
BB 2
	outgoing: 3 4 
	datadep: 
	instructions:
		 0: def_%self 
		 1: def_%v_0 
		 2: COPY TYPE_CurrentScope def_%current_scope 
		 3: COPY TYPE_ScopeModule def_%current_module 
		 4: 
		 5: 
		 6: (inherit ActiveModel) def_%v_3 
		 7: %v_3[2.6,] 
BB 3
	outgoing: 4 
	datadep: 
	instructions:
		 0: CONSTANT def_%v_3 	 SYMBOL:ActiveModel,	 ARGS:Symbol,
BB 4
	outgoing: 5 6 
	datadep: 
	instructions:
		 0: (inherit Naming) def_%v_4 %v_3[3.0,2.6,] 
		 1: %v_4[4.0,] 
BB 5
	outgoing: 6 
	datadep: 
	instructions:
		 0: %v_3->const_missing def_%v_4 %v_3[3.0,2.6,] 	 SYMBOL:Naming,	 ARGS:Symbol,
BB 6
	outgoing: 7 
	datadep: 
	instructions:
		 0: %v_4->singular def_%v_5 %v_4[5.0,4.0,] %self[2.0,] 	 SYMBOL:	 ARGS:%self,
		 1: RETURN %v_5[6.0,] %self[2.0,] 
BB 7
	outgoing: 
	datadep: 
	instructions:

SET IRMethod, name = display_name instanceMethod = true
BB 1
	outgoing: 3 2 
	datadep: 
	instructions:
BB 2
	outgoing: 3 
	datadep: 
	instructions:
		 0: def_%self 
		 1: def_%v_0 
		 2: COPY TYPE_CurrentScope def_%current_scope 
		 3: COPY TYPE_ScopeModule def_%current_module 
		 4: 
		 5: 
		 6: (Connecting) def_%v_3 
		 7: %v_3->default_naming_for def_%v_4 %v_3[2.6,] %self[2.0,] 	 SYMBOL:	 ARGS:%self,
		 8: RETURN %v_4[2.7,] %self[2.0,] 
BB 3
	outgoing: 
	datadep: 
	instructions:

SET IRMethod, name = display_name_plural instanceMethod = true
BB 1
	outgoing: 3 2 
	datadep: 
	instructions:
BB 2
	outgoing: 3 
	datadep: 
	instructions:
		 0: def_%self 
		 1: def_%v_0 
		 2: COPY TYPE_CurrentScope def_%current_scope 
		 3: COPY TYPE_ScopeModule def_%current_module 
		 4: 
		 5: 
		 6: %self->display_name def_%v_3 %self[2.0,] 	 SYMBOL:	 ARGS:
		 7: %v_3->pluralize def_%v_4 %v_3[2.6,] 	 SYMBOL:	 ARGS:
		 8: RETURN %v_4[2.7,] %self[2.0,2.6,] 
BB 3
	outgoing: 
	datadep: 
	instructions:

SET IRMethod, name = content_name instanceMethod = true
BB 1
	outgoing: 6 2 
	datadep: 
	instructions:
BB 2
	outgoing: 3 4 
	datadep: 
	instructions:
		 0: def_%self 
		 1: def_%v_0 
		 2: COPY TYPE_CurrentScope def_%current_scope 
		 3: COPY TYPE_ScopeModule def_%current_module 
		 4: 
		 5: 
		 6: %self->class def_%v_3 %self[2.0,] 	 SYMBOL:	 ARGS:
		 7: %v_3->name def_%v_4 %v_3[2.6,] 	 SYMBOL:	 ARGS:
		 8: COPY TYPE_PASS def_class_name %v_4[2.7,] 
		 9: 
		 10: COPY TYPE_StringLiteral "" def_%v_5 
		 11: %v_4->starts_with? def_%v_6 %v_4[2.7,] %v_5[2.10,] 	 SYMBOL:	 ARGS:%v_5,
		 12: BRANCH %v_6[2.11,] 
BB 3
	outgoing: 6 
	datadep: 
	instructions:
		 0: 
		 1: class_name->demodulize def_%v_7 class_name[2.8,] 	 SYMBOL:	 ARGS:
		 2: %v_7->underscore def_%v_8 %v_7[3.1,] 	 SYMBOL:	 ARGS:
		 3: RETURN %v_8[3.2,] %self[2.0,] 
BB 4
	outgoing: 6 
	datadep: 
	instructions:
		 0: 
		 1: class_name->underscore def_%v_9 class_name[2.8,] 	 SYMBOL:	 ARGS:
		 2: RETURN %v_9[4.1,] %self[2.0,] 
BB 6
	outgoing: 
	datadep: 
	instructions:

SET IRMethod, name = connected_pages instanceMethod = true
BB 1
	outgoing: 6 2 
	datadep: 
	instructions:
BB 2
	outgoing: 3 4 
	datadep: 
	instructions:
		 0: def_%self 
		 1: def_%v_0 
		 2: COPY TYPE_CurrentScope def_%current_scope 
		 3: COPY TYPE_ScopeModule def_%current_module 
		 4: 
		 5: 
		 6: GETFIELD %self->connected_pages def_%v_3 %self[2.0,] 
		 7: BRANCH %v_3[2.6,] 
BB 3
	outgoing: 6 
	datadep: 
	instructions:
		 0: GETFIELD %self->connected_pages def_%v_4 %self[2.0,] 
		 1: RETURN %v_4[3.0,] %self[2.0,] 
BB 4
	outgoing: 6 
	datadep: 
	instructions:
		 0: COPY TYPE_Nil def_%v_5 
		 1: (Page) def_%v_6 
		 2: %v_6->connected_to def_%v_7 %v_6[4.1,] %self[2.0,] 	 SYMBOL:	 ARGS:%self,
		 3: ATTRASSIGN %self->connected_pages %v_7[4.2,] 
		 4: RETURN %v_7[4.2,] %self[4.3,2.0,] 
BB 6
	outgoing: 
	datadep: 
	instructions:

SET IRMethod, name = connected_page_count instanceMethod = true
BB 1
	outgoing: 3 2 
	datadep: 
	instructions:
BB 2
	outgoing: 3 
	datadep: 
	instructions:
		 0: def_%self 
		 1: def_%v_0 
		 2: COPY TYPE_CurrentScope def_%current_scope 
		 3: COPY TYPE_ScopeModule def_%current_module 
		 4: 
		 5: 
		 6: (Page) def_%v_3 
		 7: %v_3->currently_connected_to def_%v_4 %v_3[2.6,] %self[2.0,] 	 SYMBOL:	 ARGS:%self,
		 8: %v_4->count def_%v_5 %v_4[2.7,] 	 SYMBOL:	 ARGS:
		 9: RETURN %v_5[2.8,] %self[2.0,] 
BB 3
	outgoing: 
	datadep: 
	instructions:

SET IRMethod, name = content_block_type instanceMethod = true
BB 1
	outgoing: 3 2 
	datadep: 
	instructions:
BB 2
	outgoing: 3 
	datadep: 
	instructions:
		 0: def_%self 
		 1: def_%v_0 
		 2: COPY TYPE_CurrentScope def_%current_scope 
		 3: COPY TYPE_ScopeModule def_%current_module 
		 4: 
		 5: 
		 6: %self->class def_%v_3 %self[2.0,] 	 SYMBOL:	 ARGS:
		 7: %v_3->content_block_type def_%v_4 %v_3[2.6,] 	 SYMBOL:	 ARGS:
		 8: RETURN %v_4[2.7,] %self[2.0,2.6,] 
BB 3
	outgoing: 
	datadep: 
	instructions:

SET IRMethod, name = display_name instanceMethod = true
BB 1
	outgoing: 3 2 
	datadep: 
	instructions:
BB 2
	outgoing: 3 
	datadep: 
	instructions:
		 0: def_%self 
		 1: def_%v_0 
		 2: COPY TYPE_CurrentScope def_%current_scope 
		 3: COPY TYPE_ScopeModule def_%current_module 
		 4: 
		 5: 
		 6: %self->class def_%v_3 %self[2.0,] 	 SYMBOL:	 ARGS:
		 7: %v_3->display_name def_%v_4 %v_3[2.6,] 	 SYMBOL:	 ARGS:
		 8: RETURN %v_4[2.7,] %self[2.0,2.6,] 
BB 3
	outgoing: 
	datadep: 
	instructions:

SET IRMethod, name = display_name_plural instanceMethod = true
BB 1
	outgoing: 3 2 
	datadep: 
	instructions:
BB 2
	outgoing: 3 
	datadep: 
	instructions:
		 0: def_%self 
		 1: def_%v_0 
		 2: COPY TYPE_CurrentScope def_%current_scope 
		 3: COPY TYPE_ScopeModule def_%current_module 
		 4: 
		 5: 
		 6: %self->class def_%v_3 %self[2.0,] 	 SYMBOL:	 ARGS:
		 7: %v_3->display_name_plural def_%v_4 %v_3[2.6,] 	 SYMBOL:	 ARGS:
		 8: RETURN %v_4[2.7,] %self[2.0,2.6,] 
BB 3
	outgoing: 
	datadep: 
	instructions:

SET IRMethod, name = connect_to_page instanceMethod = true
BB 1
	outgoing: 8 2 
	datadep: 
	instructions:
BB 2
	outgoing: 3 4 
	datadep: 
	instructions:
		 0: def_%self 
		 1: def_%v_0 
		 2: COPY TYPE_CurrentScope def_%current_scope 
		 3: COPY TYPE_ScopeModule def_%current_module 
		 4: 
		 5: 
		 6: %self->connect_to_page_id def_%v_3 %self[2.0,] 	 SYMBOL:	 ARGS:
		 7: %v_3->blank? def_%v_4 %v_3[2.6,] 	 SYMBOL:	 ARGS:
		 8: BRANCH %v_4[2.7,] 
BB 3
	outgoing: 4 
	datadep: 
	instructions:
		 0: %self->connect_to_container def_%v_5 %self[2.0,] 	 SYMBOL:	 ARGS:
		 1: %v_5->blank? def_%v_6 %v_5[3.0,] 	 SYMBOL:	 ARGS:
		 2: COPY TYPE_PASS def_%v_4 %v_6[3.1,] 
BB 4
	outgoing: 5 6 
	datadep: 
	instructions:
		 0: BRANCH %v_4[3.2,2.7,] 
BB 5
	outgoing: 7 
	datadep: 
	instructions:
		 0: COPY TYPE_Nil def_%v_7 
		 1: 
BB 6
	outgoing: 7 
	datadep: 
	instructions:
		 0: 
		 1: (Page) def_%v_8 
		 2: %self->connect_to_page_id def_%v_9 %self[2.0,] 	 SYMBOL:	 ARGS:
		 3: %v_8->find def_%v_10 %v_8[6.1,] %v_9[6.2,] 	 SYMBOL:	 ARGS:%v_9,
		 4: ATTRASSIGN %self->connected_page %v_10[6.3,] 
		 5: 
		 6: %self->connected_page def_%v_11 %self[6.2,6.4,2.0,] 	 SYMBOL:	 ARGS:
		 7: %self->connect_to_container def_%v_12 %self[6.2,6.4,6.6,2.0,] 	 SYMBOL:	 ARGS:
		 8: %v_11->create_connector def_%v_13 %v_11[6.6,] %self[6.2,6.4,6.6,6.7,2.0,] %v_12[6.7,] 	 SYMBOL:	 ARGS:%self,%v_12,
		 9: COPY TYPE_PASS def_%v_7 %v_13[6.8,] 
BB 7
	outgoing: 8 
	datadep: 
	instructions:
		 0: 
		 1: RETURN %self[6.4,2.0,] 
BB 8
	outgoing: 
	datadep: 
	instructions:

SET IRMethod, name = supports_inline_editing? instanceMethod = true
BB 1
	outgoing: 3 2 
	datadep: 
	instructions:
BB 2
	outgoing: 3 
	datadep: 
	instructions:
		 0: def_%self 
		 1: def_%v_0 
		 2: COPY TYPE_CurrentScope def_%current_scope 
		 3: COPY TYPE_ScopeModule def_%current_module 
		 4: 
		 5: 
		 6: RETURN %self[2.0,] 
BB 3
	outgoing: 
	datadep: 
	instructions:

SET IRMethod, name = update_connected_pages instanceMethod = true
BB 1
	outgoing: 6 2 
	datadep: 
	instructions:
BB 2
	outgoing: 3 4 
	datadep: 
	instructions:
		 0: def_%self 
		 1: def_%v_0 
		 2: COPY TYPE_CurrentScope def_%current_scope 
		 3: COPY TYPE_ScopeModule def_%current_module 
		 4: 
		 5: 
		 6: %self->class def_%v_3 %self[2.0,] 	 SYMBOL:	 ARGS:
		 7: %v_3->versioned? def_%v_4 %v_3[2.6,] 	 SYMBOL:	 ARGS:
		 8: BRANCH %v_4[2.7,] 
BB 3
	outgoing: 5 
	datadep: 
	instructions:
		 0: 
		 1: %self->draft def_%v_5 %self[2.0,] 	 SYMBOL:	 ARGS:
		 2: %v_5->version def_%v_6 %v_5[3.1,] 	 SYMBOL:	 ARGS:
		 3: COPY TYPE_PASS def_draft_version %v_6[3.2,] 
		 4: 
		 5: (Page) def_%v_7 
		 6: %v_6->- def_%v_8 %v_6[3.2,] 	 SYMBOL:	 ARGS:Fixnum,
		 7: HASH-connectable-version- def_%v_9 %self[3.1,2.0,] %v_8[3.6,] 
		 8: %v_7->connected_to def_%v_10 %v_7[3.5,] %v_9[3.7,] 	 SYMBOL:	 ARGS:%v_9,
		 9: %v_10->to_a def_%v_11 %v_10[3.8,] 	 SYMBOL:	 ARGS:
		 10: COPY TYPE_PASS def_connected_pages %v_11[3.9,] 
		 11: 
		 12: %v_11->each def_%v_12 %v_11[3.9,] %self[3.1,2.0,] 	 SYMBOL:	 ARGS:%v_11,
CLOSURE BEGIN: %self[3.1,2.0,] p[] action[] connectors_for_page[] con[] draft_version[3.3,] 
BB 1
	outgoing: 12 2 
	datadep: 
	instructions:
BB 2
	outgoing: 3 
	datadep: 
	instructions:
		 0: def_%self 
		 1: def_%cl_1_0 
		 2: RECEIVEARG def_p 
		 3: COPY TYPE_CurrentScope def_%current_scope 
		 4: COPY TYPE_ScopeModule def_%current_module 
BB 3
	outgoing: 4 8 10 
	datadep: 
	instructions:
		 0: 
		 1: %self->updated_by_page def_%cl_1_3 %self[2.0,] 	 SYMBOL:	 ARGS:
		 2: p->!= def_%cl_1_4 p[2.2,] %cl_1_3[3.1,] 	 SYMBOL:	 ARGS:%cl_1_3,
		 3: BRANCH %cl_1_4[3.2,] 
BB 4
	outgoing: 5 6 10 
	datadep: 
	instructions:
		 0: 
		 1: %self->deleted? def_%cl_1_5 %self[2.0,] 	 SYMBOL:	 ARGS:
		 2: BRANCH %cl_1_5[4.1,] 
BB 5
	outgoing: 7 
	datadep: 
	instructions:
		 0: COPY TYPE_StringLiteral "Deleted" def_%cl_1_6 
		 1: 
BB 6
	outgoing: 7 
	datadep: 
	instructions:
		 0: COPY TYPE_StringLiteral "Edited" def_%cl_1_7 
		 1: COPY TYPE_PASS def_%cl_1_6 %cl_1_7[6.0,] 
BB 7
	outgoing: 9 10 
	datadep: 
	instructions:
		 0: COPY TYPE_PASS def_action %cl_1_6[6.1,5.0,] 
		 1: 
		 2: %self->class def_%cl_1_8 %self[2.0,] 	 SYMBOL:	 ARGS:
		 3: %cl_1_8->name def_%cl_1_9 %cl_1_8[7.2,] 	 SYMBOL:	 ARGS:
		 4: %cl_1_9->demodulize def_%cl_1_10 %cl_1_9[7.3,] 	 SYMBOL:	 ARGS:
		 5: COPY TYPE_StringLiteral " #" def_%cl_1_11 
		 6: %self->id def_%cl_1_12 %self[7.2,2.0,] 	 SYMBOL:	 ARGS:
		 7: COPY TYPE_StringLiteral " was " def_%cl_1_13 
		 8: BUILDSTRING def_%cl_1_14 %cl_1_10[7.4,] %cl_1_11[7.5,] %cl_1_12[7.6,] %cl_1_13[7.7,] action[7.0,] 
		 9: HASH-version_comment-publish_on_save- def_%cl_1_15 %cl_1_14[7.8,] 
		 10: p->update_attributes def_%cl_1_16 p[3.2,2.2,] %cl_1_15[7.9,] 	 SYMBOL:	 ARGS:%cl_1_15,
		 11: 
		 12: p->connectors def_%cl_1_17 p[7.10,3.2,2.2,] 	 SYMBOL:	 ARGS:
		 13: COPY TYPE_PASS def_connectors_for_page %cl_1_17[7.12,] 
		 14: 
		 15: p->draft def_%cl_1_18 p[7.10,7.12,3.2,2.2,] 	 SYMBOL:	 ARGS:
		 16: %cl_1_18->version def_%cl_1_19 %cl_1_18[7.15,] 	 SYMBOL:	 ARGS:
		 17: COPY TYPE_PASS def_page_draft_version %cl_1_19[7.16,] 
		 18: 
		 19: connectors_for_page->for_page_version def_%cl_1_20 connectors_for_page[7.13,] %cl_1_19[7.16,] 	 SYMBOL:	 ARGS:page_draft_version,
		 20: COPY TYPE_PASS def_cnn %cl_1_20[7.19,] 
		 21: 
		 22: %cl_1_20->for_connectable def_%cl_1_21 %cl_1_20[7.19,] %self[7.2,7.6,2.0,] 	 SYMBOL:	 ARGS:%self,
		 23: COPY TYPE_PASS def_connectors %cl_1_21[7.22,] 
		 24: 
		 25: %cl_1_21->each def_%cl_1_22 %cl_1_21[7.22,] %self[7.2,7.6,2.0,] 	 SYMBOL:	 ARGS:%cl_1_21,
CLOSURE BEGIN: con[] draft_version[] 
BB 1
	outgoing: 6 2 
	datadep: 
	instructions:
BB 2
	outgoing: 3 
	datadep: 
	instructions:
		 0: def_%self 
		 1: def_%cl_2_0 
		 2: RECEIVEARG def_con 
		 3: COPY TYPE_CurrentScope def_%current_scope 
		 4: COPY TYPE_ScopeModule def_%current_module 
BB 3
	outgoing: 4 6 
	datadep: 
	instructions:
		 0: 
		 1: con->update_attribute def_%cl_2_3 con[2.2,] draft_version[] 	 SYMBOL:connectable_version,	 ARGS:Symbol,draft_version,
		 2: RETURN %cl_2_3[3.1,] %self[2.0,] 
BB 4
	outgoing: 6 
	datadep: 
	instructions:
		 0: def_%cl_2_4 
		 1: def_%cl_2_5 %cl_2_4[4.0,] 
		 2: RETURN %cl_2_5[4.1,] %self[2.0,] 
BB 6
	outgoing: 
	datadep: 
	instructions:
CLOSURE END: 
		 26: 
BB 8
	outgoing: 12 
	datadep: 
	instructions:
		 0: RETURN %self[2.0,] 
BB 9
	outgoing: 12 
	datadep: 
	instructions:
		 0: RETURN %cl_1_22[7.25,] %self[2.0,] 
BB 10
	outgoing: 12 
	datadep: 
	instructions:
		 0: def_%cl_1_23 
		 1: def_%cl_1_24 %cl_1_23[10.0,] 
		 2: RETURN %cl_1_24[10.1,] %self[2.0,] 
BB 12
	outgoing: 
	datadep: 
	instructions:
CLOSURE END: page_draft_version[7.17,] cnn[7.20,] connectors[7.23,] connectors_for_page[7.13,] action[7.0,] 
		 13: 
BB 4
	outgoing: 5 
	datadep: 
	instructions:
		 0: COPY TYPE_Nil def_%v_12 
BB 5
	outgoing: 6 
	datadep: 
	instructions:
		 0: 
		 1: RETURN %self[2.0,] 
BB 6
	outgoing: 
	datadep: 
	instructions:

