SET IRMethod, name = index
BB 1
	outgoing: 3 2 
	datadep: 
	instructions:
BB 2
	outgoing: 3 
	datadep: 
	instructions:
		 0: 
		 1: 
		 2: 
		 3: 
		 4: 
		 5: 
		 6: %self->admin_reports_url %self[2.0,] 
		 7: %self->redirect_to %self[2.0,] %v_3[2.6,] 
		 8: RETURN %v_4[2.7,] 
BB 3
	outgoing: 
	datadep: 
	instructions:

SET IRMethod, name = show
BB 1
	outgoing: 6 2 
	datadep: 
	instructions:
BB 2
	outgoing: 3 4 
	datadep: 
	instructions:
		 0: 
		 1: 
		 2: 
		 3: 
		 4: 
		 5: 
		 6: %self[2.0,] @logged_in[] 
		 7: %self[2.0,] @custom_report[] 
		 8: %v_3->can_read? %v_4[2.7,] %v_3[2.6,] 
		 9: BRANCH %v_5[2.8,] 
BB 3
	outgoing: 6 
	datadep: 2 2 2 2 
	instructions:
		 0: 
		 1: %self[2.0,] @custom_report[2.7,] 
		 2: %v_6->header %v_6[3.1,] 
		 3: %self[2.0,] %v_7[3.2,] @header[] 
		 4: 
		 5: @custom_report[3.1,] 
		 6: %v_8->footer %v_8[3.5,] 
		 7: %self[2.0,] %v_9[3.6,] @footer[] 
		 8: 
		 9: @custom_report[3.1,3.5,] 
		 10: @custom_report[3.1,3.5,3.9,] 
		 11: %v_11->category %v_11[3.10,] 
		 12: %v_10->data_set %v_10[3.9,] %v_12[3.11,] 
		 13: %v_13[3.12,] %self[2.0,] @report_data[] 
		 14: RETURN %v_13[3.12,] 
BB 4
	outgoing: 6 
	datadep: 
	instructions:
		 0: RETURN 
BB 6
	outgoing: 
	datadep: 
	instructions:

SET IRMethod, name = new
BB 1
	outgoing: 6 2 
	datadep: 
	instructions:
BB 2
	outgoing: 3 4 
	datadep: 
	instructions:
		 0: 
		 1: 
		 2: 
		 3: 
		 4: 
		 5: 
		 6: (CustomReport) 
		 7: %v_3->new %v_3[2.6,] 
		 8: %self[2.0,] %v_4[2.7,] @custom_report[] 
		 9: 
		 10: %self[2.0,] @logged_in[] 
		 11: @custom_report[2.8,] 
		 12: %v_5->can_create? %v_5[2.10,] %v_6[2.11,] 
		 13: BRANCH %v_7[2.12,] 
BB 3
	outgoing: 6 
	datadep: 
	instructions:
		 0: 
		 1: RETURN %v_8[3.0,] 
BB 4
	outgoing: 6 
	datadep: 2 2 
	instructions:
		 0: 
		 1: 
		 2: %self->t %self[2.0,] %v_9[4.1,] 
		 3: %v_10[4.2,] 
		 4: %self->render %self[2.0,] %v_11[4.3,] 
		 5: RETURN %v_12[4.4,] 
BB 6
	outgoing: 
	datadep: 
	instructions:

SET IRMethod, name = create
BB 1
	outgoing: 9 2 
	datadep: 
	instructions:
BB 2
	outgoing: 3 7 
	datadep: 
	instructions:
		 0: 
		 1: 
		 2: 
		 3: 
		 4: 
		 5: 
		 6: (CustomReport) 
		 7: %self->custom_report_params %self[2.0,] 
		 8: %v_3->new %v_4[2.7,] %v_3[2.6,] 
		 9: %self[2.0,] %v_5[2.8,] @custom_report[] 
		 10: 
		 11: %self[2.0,] @logged_in[] 
		 12: @custom_report[2.9,] 
		 13: %v_6->can_create? %v_6[2.11,] %v_7[2.12,] 
		 14: BRANCH %v_8[2.13,] 
BB 3
	outgoing: 4 5 
	datadep: 2 
	instructions:
		 0: 
		 1: %self[2.0,] @custom_report[2.9,2.12,] 
		 2: %v_9->save %v_9[3.1,] 
		 3: BRANCH %v_10[3.2,] 
BB 4
	outgoing: 6 
	datadep: 2 2 2 
	instructions:
		 0: 
		 1: %self->admin_reports_path %self[2.0,] 
		 2: 
		 3: %self->t %self[2.0,] %v_12[4.2,] 
		 4: %v_13[4.3,] 
		 5: %self->redirect_to %v_14[4.4,] %self[2.0,] %v_11[4.1,] 
		 6: 
BB 5
	outgoing: 6 
	datadep: 2 
	instructions:
		 0: 
		 1: %self->render %self[2.0,] 
		 2: %v_16[5.1,] 
BB 6
	outgoing: 9 
	datadep: 5 4 
	instructions:
		 0: RETURN %v_15[5.2,4.5,] 
BB 7
	outgoing: 9 
	datadep: 2 2 
	instructions:
		 0: 
		 1: 
		 2: %self->t %self[2.0,] %v_17[7.1,] 
		 3: %v_18[7.2,] 
		 4: %self->render %self[2.0,] %v_19[7.3,] 
		 5: RETURN %v_20[7.4,] 
BB 9
	outgoing: 
	datadep: 
	instructions:

SET IRMethod, name = edit
BB 1
	outgoing: 6 2 
	datadep: 
	instructions:
BB 2
	outgoing: 3 4 
	datadep: 
	instructions:
		 0: 
		 1: 
		 2: 
		 3: 
		 4: 
		 5: 
		 6: %self[2.0,] @logged_in[] 
		 7: %self[2.0,] @custom_report[] 
		 8: %v_3->can_update? %v_4[2.7,] %v_3[2.6,] 
		 9: BRANCH %v_5[2.8,] 
BB 3
	outgoing: 6 
	datadep: 
	instructions:
		 0: 
		 1: RETURN %v_6[3.0,] 
BB 4
	outgoing: 6 
	datadep: 2 2 
	instructions:
		 0: 
		 1: 
		 2: %self->t %self[2.0,] %v_7[4.1,] 
		 3: %v_8[4.2,] 
		 4: %self->render %self[2.0,] %v_9[4.3,] 
		 5: RETURN %v_10[4.4,] 
BB 6
	outgoing: 
	datadep: 
	instructions:

SET IRMethod, name = update
BB 1
	outgoing: 9 2 
	datadep: 
	instructions:
BB 2
	outgoing: 3 7 
	datadep: 
	instructions:
		 0: 
		 1: 
		 2: 
		 3: 
		 4: 
		 5: 
		 6: %self[2.0,] @logged_in[] 
		 7: %self[2.0,] @custom_report[] 
		 8: %v_3->can_update? %v_4[2.7,] %v_3[2.6,] 
		 9: BRANCH %v_5[2.8,] 
BB 3
	outgoing: 4 5 
	datadep: 2 2 
	instructions:
		 0: 
		 1: %self[2.0,] @custom_report[2.7,] 
		 2: %self->custom_report_params %self[2.0,] 
		 3: %v_6->update %v_6[3.1,] %v_7[3.2,] 
		 4: BRANCH %v_8[3.3,] 
BB 4
	outgoing: 6 
	datadep: 2 2 2 
	instructions:
		 0: 
		 1: %self->admin_reports_path %self[2.0,] 
		 2: 
		 3: %self->t %self[2.0,] %v_10[4.2,] 
		 4: %v_11[4.3,] 
		 5: %self->redirect_to %self[2.0,] %v_9[4.1,] %v_12[4.4,] 
		 6: 
BB 5
	outgoing: 6 
	datadep: 2 
	instructions:
		 0: 
		 1: %self->render %self[2.0,] 
		 2: %v_14[5.1,] 
BB 6
	outgoing: 9 
	datadep: 5 4 
	instructions:
		 0: RETURN %v_13[5.2,4.5,] 
BB 7
	outgoing: 9 
	datadep: 2 2 
	instructions:
		 0: 
		 1: 
		 2: %self->t %self[2.0,] %v_15[7.1,] 
		 3: %v_16[7.2,] 
		 4: %self->render %self[2.0,] %v_17[7.3,] 
		 5: RETURN %v_18[7.4,] 
BB 9
	outgoing: 
	datadep: 
	instructions:

SET IRMethod, name = destroy
BB 1
	outgoing: 6 2 
	datadep: 
	instructions:
BB 2
	outgoing: 3 4 
	datadep: 
	instructions:
		 0: 
		 1: 
		 2: 
		 3: 
		 4: 
		 5: 
		 6: %self[2.0,] @logged_in[] 
		 7: %self[2.0,] @custom_report[] 
		 8: %v_3->can_delete? %v_4[2.7,] %v_3[2.6,] 
		 9: BRANCH %v_5[2.8,] 
BB 3
	outgoing: 6 
	datadep: 2 2 2 2 
	instructions:
		 0: 
		 1: %self[2.0,] @custom_report[2.7,] 
		 2: %v_6->destroy %v_6[3.1,] 
		 3: 
		 4: %self->admin_reports_url %self[2.0,] 
		 5: 
		 6: %self->t %self[2.0,] %v_9[3.5,] 
		 7: %v_10[3.6,] 
		 8: %self->redirect_to %self[2.0,] %v_8[3.4,] %v_11[3.7,] 
		 9: RETURN %v_12[3.8,] 
BB 4
	outgoing: 6 
	datadep: 2 2 
	instructions:
		 0: 
		 1: 
		 2: %self->t %v_13[4.1,] %self[2.0,] 
		 3: %v_14[4.2,] 
		 4: %self->render %self[2.0,] %v_15[4.3,] 
		 5: RETURN %v_16[4.4,] 
BB 6
	outgoing: 
	datadep: 
	instructions:

SET IRMethod, name = set_custom_report
BB 1
	outgoing: 3 2 
	datadep: 
	instructions:
BB 2
	outgoing: 3 
	datadep: 
	instructions:
		 0: 
		 1: 
		 2: 
		 3: 
		 4: 
		 5: 
		 6: (CustomReport) 
		 7: %self->params %self[2.0,] 
		 8: %v_4[2.7,] 
		 9: %v_3->find %v_5[2.8,] %v_3[2.6,] 
		 10: %self[2.0,] %v_6[2.9,] @custom_report[] 
		 11: RETURN %v_6[2.9,] 
BB 3
	outgoing: 
	datadep: 
	instructions:

SET IRMethod, name = custom_report_params
BB 1
	outgoing: 3 2 
	datadep: 
	instructions:
BB 2
	outgoing: 3 
	datadep: 
	instructions:
		 0: 
		 1: 
		 2: 
		 3: 
		 4: 
		 5: 
		 6: %self->params %self[2.0,] 
		 7: %v_3->require %v_3[2.6,] 
		 8: %v_4->permit %v_4[2.7,] 
		 9: RETURN %v_5[2.8,] 
BB 3
	outgoing: 
	datadep: 
	instructions:

