SET IRMethod, name = index instanceMethod = true
BB 1
	outgoing: 9 2 
	datadep: 
	instructions:
BB 2
	outgoing: 3 7 
	datadep: 
	instructions:
		 0: def_%self 
		 1: def_%v_0 
		 2: COPY TYPE_CurrentScope def_%current_scope 
		 3: COPY TYPE_ScopeModule def_%current_module 
		 4: 
		 5: Line Number 4
		 6: (Person) def_%v_3 
		 7: %self->params def_%v_4 %self[2.0,] 	 SYMBOL:	 ARGS:
		 8: %v_4->[] def_%v_5 %v_4[2.7,] 	 SYMBOL:person_id,	 ARGS:Symbol,
		 9: %v_3->find def_%v_6 %v_3[2.6,] %v_5[2.8,] 	 SYMBOL:	 ARGS:%v_5,
		 10: ATTRASSIGN %self->person %v_6[2.9,] 
		 11: Line Number 5
		 12: GETFIELD %self->logged_in def_%v_7 %self[2.0,2.7,] 
		 13: GETFIELD %self->person def_%v_8 %self[2.0,2.7,2.10,] 
		 14: %v_7->can_read? def_%v_9 %v_7[2.12,] %v_8[2.13,] 	 SYMBOL:	 ARGS:%v_8,
		 15: BRANCH %v_9[2.14,] 
BB 3
	outgoing: 4 5 
	datadep: 
	instructions:
		 0: Line Number 6
		 1: %self->me? def_%v_10 %self[2.0,2.10,] 	 SYMBOL:	 ARGS:
		 2: BRANCH %v_10[3.1,] 
BB 4
	outgoing: 6 
	datadep: 
	instructions:
		 0: GETFIELD %self->person def_%v_11 %self[2.0,2.10,] 
		 1: %v_11->pending_friendship_requests def_%v_12 %v_11[4.0,] 	 SYMBOL:	 ARGS:
		 2: 
BB 5
	outgoing: 6 
	datadep: 
	instructions:
		 0: COPY TYPE_Array def_%v_13 
		 1: COPY TYPE_PASS def_%v_12 %v_13[5.0,] 
BB 6
	outgoing: 9 
	datadep: 
	instructions:
		 0: ATTRASSIGN %self->pending %v_12[5.1,4.1,] 
		 1: Line Number 7
		 2: GETFIELD %self->person def_%v_14 %self[2.0,2.10,] 
		 3: %v_14->friendships def_%v_15 %v_14[6.2,] 	 SYMBOL:	 ARGS:
		 4: %v_15->to_a def_%v_16 %v_15[6.3,] 	 SYMBOL:	 ARGS:
		 5: %v_16->select def_%v_17 %v_16[6.4,] %self[6.0,2.0,2.10,] 	 SYMBOL:	 ARGS:%v_16,
CLOSURE BEGIN: f[] %self[6.0,2.0,2.10,] 
BB 1
	outgoing: 8 2 
	datadep: 
	instructions:
BB 2
	outgoing: 3 
	datadep: 
	instructions:
		 0: def_%self 
		 1: def_%cl_1_0 
		 2: RECEIVEARG def_f 
		 3: COPY TYPE_CurrentScope def_%current_scope 
		 4: COPY TYPE_ScopeModule def_%current_module 
BB 3
	outgoing: 4 5 6 
	datadep: 
	instructions:
		 0: Line Number 7
		 1: f->friend def_%cl_1_3 f[2.2,] 	 SYMBOL:	 ARGS:
		 2: BRANCH %cl_1_3[3.1,] 
BB 4
	outgoing: 6 8 
	datadep: 
	instructions:
		 0: GETFIELD %self->logged_in def_%cl_1_4 %self[2.0,] 
		 1: f->friend def_%cl_1_5 f[2.2,] 	 SYMBOL:	 ARGS:
		 2: %cl_1_4->can_read? def_%cl_1_6 %cl_1_4[4.0,] %cl_1_5[4.1,] 	 SYMBOL:	 ARGS:%cl_1_5,
		 3: RETURN %cl_1_6[4.2,] %self[2.0,] 
BB 5
	outgoing: 8 
	datadep: 
	instructions:
		 0: RETURN %cl_1_3[3.1,] %self[2.0,] 
BB 6
	outgoing: 8 
	datadep: 
	instructions:
		 0: def_%cl_1_7 
		 1: def_%cl_1_8 %cl_1_7[6.0,] 
		 2: RETURN %cl_1_8[6.1,] %self[2.0,] 
BB 8
	outgoing: 
	datadep: 
	instructions:
CLOSURE END: 
		 6: ATTRASSIGN %self->friendships %v_17[6.5,] 
		 7: RETURN %v_17[6.5,] %self[6.0,6.6,2.0,2.10,] 
BB 7
	outgoing: 9 
	datadep: 
	instructions:
		 0: Line Number 9
		 1: COPY TYPE_StringLiteral "people.not_found" def_%v_18 
		 2: %self->t def_%v_19 %self[2.0,2.10,] %v_18[7.1,] 	 SYMBOL:	 ARGS:%v_18,
		 3: HASH-html-layout-status- def_%v_20 %v_19[7.2,] 
		 4: %self->render def_%v_21 %self[7.2,2.0,2.10,] %v_20[7.3,] 	 SYMBOL:	 ARGS:%v_20,
		 5: RETURN %v_21[7.4,] %self[7.2,7.4,2.0,2.10,] 
BB 9
	outgoing: 
	datadep: 
	instructions:

SET IRMethod, name = create instanceMethod = true
BB 1
	outgoing: 3 2 
	datadep: 
	instructions:
BB 2
	outgoing: 3 
	datadep: 
	instructions:
		 0: def_%self 
		 1: def_%v_0 
		 2: COPY TYPE_CurrentScope def_%current_scope 
		 3: COPY TYPE_ScopeModule def_%current_module 
		 4: 
		 5: Line Number 15
		 6: (Person) def_%v_3 
		 7: %self->params def_%v_4 %self[2.0,] 	 SYMBOL:	 ARGS:
		 8: %v_4->[] def_%v_5 %v_4[2.7,] 	 SYMBOL:person_id,	 ARGS:Symbol,
		 9: %v_3->find def_%v_6 %v_3[2.6,] %v_5[2.8,] 	 SYMBOL:	 ARGS:%v_5,
		 10: ATTRASSIGN %self->person %v_6[2.9,] 
		 11: Line Number 16
		 12: (Person) def_%v_7 
		 13: %self->params def_%v_8 %self[2.0,2.7,2.10,] 	 SYMBOL:	 ARGS:
		 14: %v_8->[] def_%v_9 %v_8[2.13,] 	 SYMBOL:friend_id,	 ARGS:Symbol,
		 15: %v_7->find def_%v_10 %v_7[2.12,] %v_9[2.14,] 	 SYMBOL:	 ARGS:%v_9,
		 16: ATTRASSIGN %self->other_person %v_10[2.15,] 
		 17: Line Number 17
		 18: GETFIELD %self->person def_%v_11 %self[2.0,2.7,2.10,2.13,] 
		 19: GETFIELD %self->other_person def_%v_12 %self[2.0,2.7,2.13,2.16,] 
		 20: %v_11->request_friendship_with def_%v_13 %v_11[2.18,] %v_12[2.19,] 	 SYMBOL:	 ARGS:%v_12,
		 21: ATTRASSIGN %self->message %v_13[2.20,] 
		 22: Line Number 18
		 23: %self->respond_to def_%v_14 %self[2.0,2.7,2.10,2.13,2.16,2.21,] %self[2.0,2.7,2.10,2.13,2.16,2.21,] 	 SYMBOL:	 ARGS:%self,
CLOSURE BEGIN: wants[] 
BB 1
	outgoing: 6 2 
	datadep: 
	instructions:
BB 2
	outgoing: 3 
	datadep: 
	instructions:
		 0: def_%self 
		 1: def_%cl_1_0 
		 2: RECEIVEARG def_wants 
		 3: COPY TYPE_CurrentScope def_%current_scope 
		 4: COPY TYPE_ScopeModule def_%current_module 
BB 3
	outgoing: 4 6 
	datadep: 
	instructions:
		 0: Line Number 19
		 1: wants->html def_%cl_1_3 wants[2.2,] 	 SYMBOL:	 ARGS:
		 2: Line Number 20
		 3: wants->js def_%cl_1_4 wants[3.1,2.2,] 	 SYMBOL:	 ARGS:
		 4: RETURN %cl_1_4[3.3,] %self[2.0,] 
BB 4
	outgoing: 6 
	datadep: 
	instructions:
		 0: def_%cl_1_5 
		 1: def_%cl_1_6 %cl_1_5[4.0,] 
		 2: RETURN %cl_1_6[4.1,] %self[2.0,] 
BB 6
	outgoing: 
	datadep: 
	instructions:
CLOSURE END: 
		 24: RETURN %v_14[2.23,] %self[2.0,2.7,2.10,2.13,2.16,2.21,2.23,] 
BB 3
	outgoing: 
	datadep: 
	instructions:

SET IRMethod, name = update instanceMethod = true
BB 1
	outgoing: 9 2 
	datadep: 
	instructions:
BB 2
	outgoing: 3 4 
	datadep: 
	instructions:
		 0: def_%self 
		 1: def_%v_0 
		 2: COPY TYPE_CurrentScope def_%current_scope 
		 3: COPY TYPE_ScopeModule def_%current_module 
		 4: 
		 5: Line Number 26
		 6: (Person) def_%v_3 
		 7: %self->params def_%v_4 %self[2.0,] 	 SYMBOL:	 ARGS:
		 8: %v_4->[] def_%v_5 %v_4[2.7,] 	 SYMBOL:person_id,	 ARGS:Symbol,
		 9: %v_3->find def_%v_6 %v_3[2.6,] %v_5[2.8,] 	 SYMBOL:	 ARGS:%v_5,
		 10: ATTRASSIGN %self->person %v_6[2.9,] 
		 11: Line Number 27
		 12: GETFIELD %self->person def_%v_7 %self[2.0,2.7,2.10,] 
		 13: %v_7->friendship_requests def_%v_8 %v_7[2.12,] 	 SYMBOL:	 ARGS:
		 14: %self->params def_%v_9 %self[2.0,2.7,2.10,] 	 SYMBOL:	 ARGS:
		 15: %v_9->[] def_%v_10 %v_9[2.14,] 	 SYMBOL:id,	 ARGS:Symbol,
		 16: %v_8->find def_%v_11 %v_8[2.13,] %v_10[2.15,] 	 SYMBOL:	 ARGS:%v_10,
		 17: ATTRASSIGN %self->friendship_request %v_11[2.16,] 
		 18: Line Number 28
		 19: %self->params def_%v_12 %self[2.0,2.7,2.10,2.14,2.17,] 	 SYMBOL:	 ARGS:
		 20: %v_12->[] def_%v_13 %v_12[2.19,] 	 SYMBOL:accept,	 ARGS:Symbol,
		 21: BRANCH %v_13[2.20,] 
BB 3
	outgoing: 9 
	datadep: 
	instructions:
		 0: Line Number 29
		 1: GETFIELD %self->friendship_request def_%v_14 %self[2.0,2.17,] 
		 2: %v_14->accept def_%v_15 %v_14[3.1,] 	 SYMBOL:	 ARGS:
		 3: Line Number 30
		 4: %self->flash def_%v_16 %self[2.0,2.10,2.17,] 	 SYMBOL:	 ARGS:
		 5: COPY TYPE_StringLiteral "people.friendship_accepted" def_%v_17 
		 6: %self->t def_%v_18 %self[3.4,2.0,2.10,2.17,] %v_17[3.5,] 	 SYMBOL:	 ARGS:%v_17,
		 7: ATTRASSIGN %v_16->[] %v_18[3.6,] 
		 8: Line Number 31
		 9: GETFIELD %self->person def_%v_19 %self[3.4,3.6,2.0,2.10,] 
		 10: %self->person_friends_path def_%v_20 %self[3.4,3.6,2.0,2.10,2.17,] %v_19[3.9,] 	 SYMBOL:	 ARGS:%v_19,
		 11: %self->redirect_to def_%v_21 %self[3.4,3.6,3.10,2.0,2.10,2.17,] %v_20[3.10,] 	 SYMBOL:	 ARGS:%v_20,
		 12: RETURN %v_21[3.11,] %self[3.4,3.6,3.10,3.11,2.0,2.10,2.17,] 
BB 4
	outgoing: 5 6 
	datadep: 
	instructions:
		 0: Line Number 32
		 1: %self->params def_%v_22 %self[2.0,2.10,2.17,] 	 SYMBOL:	 ARGS:
		 2: %v_22->[] def_%v_23 %v_22[4.1,] 	 SYMBOL:reject,	 ARGS:Symbol,
		 3: BRANCH %v_23[4.2,] 
BB 5
	outgoing: 7 
	datadep: 
	instructions:
		 0: Line Number 33
		 1: GETFIELD %self->friendship_request def_%v_24 %self[2.0,2.17,] 
		 2: %v_24->reject def_%v_25 %v_24[5.1,] 	 SYMBOL:	 ARGS:
		 3: Line Number 34
		 4: %self->flash def_%v_26 %self[2.0,2.10,2.17,] 	 SYMBOL:	 ARGS:
		 5: COPY TYPE_StringLiteral "people.friendship_rejected" def_%v_27 
		 6: %self->t def_%v_28 %self[5.4,2.0,2.10,2.17,] %v_27[5.5,] 	 SYMBOL:	 ARGS:%v_27,
		 7: ATTRASSIGN %v_26->[] %v_28[5.6,] 
		 8: Line Number 35
		 9: GETFIELD %self->person def_%v_29 %self[5.4,5.6,2.0,2.10,] 
		 10: %self->person_friends_path def_%v_30 %self[5.4,5.6,2.0,2.10,2.17,] %v_29[5.9,] 	 SYMBOL:	 ARGS:%v_29,
		 11: %self->redirect_to def_%v_31 %self[5.4,5.6,5.10,2.0,2.10,2.17,] %v_30[5.10,] 	 SYMBOL:	 ARGS:%v_30,
		 12: 
BB 6
	outgoing: 7 
	datadep: 
	instructions:
		 0: Line Number 37
		 1: COPY TYPE_StringLiteral "people.friendship_must_specify" def_%v_32 
		 2: %self->t def_%v_33 %self[2.0,2.10,2.17,] %v_32[6.1,] 	 SYMBOL:	 ARGS:%v_32,
		 3: HASH-html-layout-status- def_%v_34 %v_33[6.2,] 
		 4: %self->render def_%v_35 %self[6.2,2.0,2.10,2.17,] %v_34[6.3,] 	 SYMBOL:	 ARGS:%v_34,
		 5: COPY TYPE_PASS def_%v_31 %v_35[6.4,] 
BB 7
	outgoing: 9 
	datadep: 
	instructions:
		 0: RETURN %v_31[6.5,5.11,] %self[2.0,2.10,2.17,] 
BB 9
	outgoing: 
	datadep: 
	instructions:

SET IRMethod, name = destroy instanceMethod = true
BB 1
	outgoing: 6 2 
	datadep: 
	instructions:
BB 2
	outgoing: 3 4 
	datadep: 
	instructions:
		 0: def_%self 
		 1: def_%v_0 
		 2: COPY TYPE_CurrentScope def_%current_scope 
		 3: COPY TYPE_ScopeModule def_%current_module 
		 4: 
		 5: Line Number 43
		 6: (Person) def_%v_3 
		 7: %self->params def_%v_4 %self[2.0,] 	 SYMBOL:	 ARGS:
		 8: %v_4->[] def_%v_5 %v_4[2.7,] 	 SYMBOL:person_id,	 ARGS:Symbol,
		 9: %v_3->find def_%v_6 %v_3[2.6,] %v_5[2.8,] 	 SYMBOL:	 ARGS:%v_5,
		 10: ATTRASSIGN %self->person %v_6[2.9,] 
		 11: Line Number 44
		 12: GETFIELD %self->person def_%v_7 %self[2.0,2.7,2.10,] 
		 13: %v_7->friendships def_%v_8 %v_7[2.12,] 	 SYMBOL:	 ARGS:
		 14: %self->params def_%v_9 %self[2.0,2.7,2.10,] 	 SYMBOL:	 ARGS:
		 15: %v_9->[] def_%v_10 %v_9[2.14,] 	 SYMBOL:id,	 ARGS:Symbol,
		 16: HASH-friend_id- def_%v_11 %v_10[2.15,] 
		 17: %v_8->where def_%v_12 %v_8[2.13,] %v_11[2.16,] 	 SYMBOL:	 ARGS:%v_11,
		 18: %v_12->first def_%v_13 %v_12[2.17,] 	 SYMBOL:	 ARGS:
		 19: ATTRASSIGN %self->friendship %v_13[2.18,] 
		 20: BRANCH %v_13[2.18,] 
BB 3
	outgoing: 6 
	datadep: 
	instructions:
		 0: Line Number 45
		 1: GETFIELD %self->friendship def_%v_14 %self[2.0,2.19,] 
		 2: %v_14->destroy def_%v_15 %v_14[3.1,] 	 SYMBOL:	 ARGS:
		 3: Line Number 46
		 4: GETFIELD %self->person def_%v_16 %self[2.0,2.10,] 
		 5: %self->person_friends_path def_%v_17 %self[2.0,2.10,2.19,] %v_16[3.4,] 	 SYMBOL:	 ARGS:%v_16,
		 6: %self->redirect_to def_%v_18 %self[3.5,2.0,2.10,2.19,] %v_17[3.5,] 	 SYMBOL:	 ARGS:%v_17,
		 7: RETURN %v_18[3.6,] %self[3.5,3.6,2.0,2.10,2.19,] 
BB 4
	outgoing: 6 
	datadep: 
	instructions:
		 0: Line Number 48
		 1: COPY TYPE_StringLiteral "people.friend_not_found" def_%v_19 
		 2: %self->t def_%v_20 %self[2.0,2.10,2.19,] %v_19[4.1,] 	 SYMBOL:	 ARGS:%v_19,
		 3: HASH-html-layout-status- def_%v_21 %v_20[4.2,] 
		 4: %self->render def_%v_22 %self[4.2,2.0,2.10,2.19,] %v_21[4.3,] 	 SYMBOL:	 ARGS:%v_21,
		 5: RETURN %v_22[4.4,] %self[4.2,4.4,2.0,2.10,2.19,] 
BB 6
	outgoing: 
	datadep: 
	instructions:

SET IRMethod, name = reorder instanceMethod = true
BB 1
	outgoing: 3 2 
	datadep: 
	instructions:
BB 2
	outgoing: 3 
	datadep: 
	instructions:
		 0: def_%self 
		 1: def_%v_0 
		 2: COPY TYPE_CurrentScope def_%current_scope 
		 3: COPY TYPE_ScopeModule def_%current_module 
		 4: 
		 5: Line Number 53
		 6: (Person) def_%v_3 
		 7: %self->params def_%v_4 %self[2.0,] 	 SYMBOL:	 ARGS:
		 8: %v_4->[] def_%v_5 %v_4[2.7,] 	 SYMBOL:person_id,	 ARGS:Symbol,
		 9: %v_3->find def_%v_6 %v_3[2.6,] %v_5[2.8,] 	 SYMBOL:	 ARGS:%v_5,
		 10: ATTRASSIGN %self->person %v_6[2.9,] 
		 11: Line Number 54
		 12: %self->params def_%v_7 %self[2.0,2.7,2.10,] 	 SYMBOL:	 ARGS:
		 13: %v_7->[] def_%v_8 %v_7[2.12,] 	 SYMBOL:friends,	 ARGS:Symbol,
		 14: %v_8->each_with_index def_%v_9 %v_8[2.13,] %self[2.0,2.7,2.10,2.12,] 	 SYMBOL:	 ARGS:%v_8,
CLOSURE BEGIN: %self[2.0,2.7,2.10,2.12,] id[] f[] index[] 
BB 1
	outgoing: 9 2 
	datadep: 
	instructions:
BB 2
	outgoing: 3 
	datadep: 
	instructions:
		 0: def_%self 
		 1: def_%cl_1_0 
		 2: RECEIVEARG def_id 
		 3: RECEIVEARG def_index 
		 4: COPY TYPE_CurrentScope def_%current_scope 
		 5: COPY TYPE_ScopeModule def_%current_module 
BB 3
	outgoing: 4 5 7 
	datadep: 
	instructions:
		 0: Line Number 55
		 1: GETFIELD %self->person def_%cl_1_3 %self[2.0,] 
		 2: %cl_1_3->friendships def_%cl_1_4 %cl_1_3[3.1,] 	 SYMBOL:	 ARGS:
		 3: HASH-id- def_%cl_1_5 id[2.2,] 
		 4: %cl_1_4->where def_%cl_1_6 %cl_1_4[3.2,] %cl_1_5[3.3,] 	 SYMBOL:	 ARGS:%cl_1_5,
		 5: %cl_1_6->first def_%cl_1_7 %cl_1_6[3.4,] 	 SYMBOL:	 ARGS:
		 6: COPY TYPE_PASS def_f %cl_1_7[3.5,] 
		 7: BRANCH %cl_1_7[3.5,] 
BB 4
	outgoing: 6 7 
	datadep: 
	instructions:
		 0: Line Number 56
		 1: f->update_attribute def_%cl_1_8 f[3.6,] index[2.3,] 	 SYMBOL:ordering,	 ARGS:Symbol,index,
		 2: 
BB 5
	outgoing: 9 
	datadep: 
	instructions:
		 0: RETURN %self[2.0,] 
BB 6
	outgoing: 9 
	datadep: 
	instructions:
		 0: RETURN %cl_1_8[4.1,] %self[2.0,] 
BB 7
	outgoing: 9 
	datadep: 
	instructions:
		 0: def_%cl_1_9 
		 1: def_%cl_1_10 %cl_1_9[7.0,] 
		 2: RETURN %cl_1_10[7.1,] %self[2.0,] 
BB 9
	outgoing: 
	datadep: 
	instructions:
CLOSURE END: f[3.6,] index[2.3,] 
		 15: Line Number 59
		 16: %self->head def_%v_10 %self[2.0,2.7,2.10,2.12,] 	 SYMBOL:ok,	 ARGS:Symbol,
		 17: RETURN %v_10[2.16,] %self[2.0,2.7,2.10,2.12,2.16,] 
BB 3
	outgoing: 
	datadep: 
	instructions:

SET IRMethod, name = person_must_be_user instanceMethod = true
BB 1
	outgoing: 6 2 
	datadep: 
	instructions:
BB 2
	outgoing: 3 4 
	datadep: 
	instructions:
		 0: def_%self 
		 1: def_%v_0 
		 2: COPY TYPE_CurrentScope def_%current_scope 
		 3: COPY TYPE_ScopeModule def_%current_module 
		 4: 
		 5: Line Number 65
		 6: GETFIELD %self->logged_in def_%v_3 %self[2.0,] 
		 7: %v_3->id def_%v_4 %v_3[2.6,] 	 SYMBOL:	 ARGS:
		 8: %self->params def_%v_5 %self[2.0,] 	 SYMBOL:	 ARGS:
		 9: %v_5->[] def_%v_6 %v_5[2.8,] 	 SYMBOL:person_id,	 ARGS:Symbol,
		 10: %v_6->to_i def_%v_7 %v_6[2.9,] 	 SYMBOL:	 ARGS:
		 11: %v_4->== def_%v_8 %v_4[2.7,] %v_7[2.10,] 	 SYMBOL:	 ARGS:%v_7,
		 12: BRANCH %v_8[2.11,] 
BB 3
	outgoing: 6 
	datadep: 
	instructions:
		 0: COPY TYPE_Nil def_%v_9 
		 1: RETURN %v_9[3.0,] %self[2.0,] 
BB 4
	outgoing: 6 
	datadep: 
	instructions:
		 0: Line Number 66
		 1: COPY TYPE_StringLiteral "people.friendship_manage" def_%v_10 
		 2: %self->t def_%v_11 %self[2.0,] %v_10[4.1,] 	 SYMBOL:	 ARGS:%v_10,
		 3: HASH-html-layout-status- def_%v_12 %v_11[4.2,] 
		 4: %self->render def_%v_13 %self[4.2,2.0,] %v_12[4.3,] 	 SYMBOL:	 ARGS:%v_12,
		 5: Line Number 68
		 6: RETURN %self[4.2,4.4,2.0,] 
BB 6
	outgoing: 
	datadep: 
	instructions:

