SET IRMethod, name = show
BB 1
	outgoing: 8 2 
	datadep: 
	instructions:
BB 2
	outgoing: 3 4 
	datadep: 
	instructions:
		 0: 
		 1: 
		 2: 
		 3: 
		 4: 
		 5: 
		 6: %self->params %self[2.0,] 
		 7: %v_3[2.6,] 
		 8: BRANCH %v_4[2.7,] 
BB 3
	outgoing: 8 
	datadep: 2 
	instructions:
		 0: 
		 1: 
		 2: %v_5[3.1,] 
		 3: %self->render %self[2.0,] %v_6[3.2,] 
		 4: RETURN %v_7[3.3,] 
BB 4
	outgoing: 5 6 
	datadep: 
	instructions:
		 0: 
		 1: (ActionController) 
		 2: %v_8[4.1,] 
		 3: %v_9[4.2,] 
BB 5
	outgoing: 6 
	datadep: 4 
	instructions:
		 0: %v_8[4.1,] 
BB 6
	outgoing: 8 
	datadep: 2 2 5 4 
	instructions:
		 0: 
		 1: %self->t %self[2.0,] %v_10[6.0,] 
		 2: %self->fail %self[2.0,] %v_9[5.0,4.2,] %v_11[6.1,] 
		 3: RETURN %v_12[6.2,] 
BB 8
	outgoing: 
	datadep: 
	instructions:

SET IRMethod, name = index
BB 1
	outgoing: 6 2 
	datadep: 
	instructions:
BB 2
	outgoing: 3 4 
	datadep: 
	instructions:
		 0: 
		 1: 
		 2: 
		 3: 
		 4: 
		 5: 
		 6: %self[2.0,] @group[] 
		 7: %v_3->memberships %v_3[2.6,] 
		 8: %v_4->includes %v_4[2.7,] 
		 9: %self->params %self[2.0,] 
		 10: %v_6[2.9,] 
		 11: %v_7[2.10,] 
		 12: %v_5->paginate %v_5[2.8,] %v_8[2.11,] 
		 13: %self[2.0,] %v_9[2.12,] @memberships[] 
		 14: 
		 15: %self->params %self[2.0,] 
		 16: %v_10[2.15,] 
		 17: BRANCH %v_11[2.16,] 
BB 3
	outgoing: 5 
	datadep: 2 
	instructions:
		 0: 
		 1: %self[2.0,] @memberships[2.13,] 
		 2: %v_12->order_by_birthday %v_12[3.1,] 
		 3: @memberships[3.1,] 
		 4: 
BB 4
	outgoing: 5 
	datadep: 2 
	instructions:
		 0: 
		 1: %self[2.0,] @memberships[2.13,] 
		 2: %v_14->order_by_name %v_14[4.1,] 
		 3: @memberships[4.1,] 
		 4: %v_15[4.2,] 
BB 5
	outgoing: 6 
	datadep: 2 2 
	instructions:
		 0: 
		 1: %self[2.0,] @group[2.6,2.6,] 
		 2: %v_16->membership_requests %v_16[5.1,] 
		 3: %self[2.0,] %v_17[5.2,] @requests[] 
		 4: RETURN %v_17[5.2,] 
BB 6
	outgoing: 
	datadep: 
	instructions:

SET IRMethod, name = create
BB 1
	outgoing: 9 2 
	datadep: 
	instructions:
BB 2
	outgoing: 3 4 
	datadep: 
	instructions:
		 0: 
		 1: 
		 2: 
		 3: 
		 4: 
		 5: 
		 6: (Person) 
		 7: %self->params %self[2.0,] 
		 8: %v_4[2.7,] 
		 9: %v_3->find %v_5[2.8,] %v_3[2.6,] 
		 10: %self[2.0,] %v_6[2.9,] @person[] 
		 11: 
		 12: %self[2.0,] @logged_in[] 
		 13: %self[2.0,] @group[] 
		 14: %v_8->memberships %v_8[2.13,] 
		 15: %v_9->new %v_9[2.14,] 
		 16: %v_7->can_create? %v_7[2.12,] %v_10[2.15,] 
		 17: BRANCH %v_11[2.16,] 
BB 3
	outgoing: 8 
	datadep: 2 2 
	instructions:
		 0: 
		 1: %self[2.0,] @group[2.13,] 
		 2: %v_12->memberships %v_12[3.1,] 
		 3: %self[2.0,] @person[2.10,] 
		 4: %v_14[3.3,] 
		 5: %v_13->create %v_13[3.2,] %v_15[3.4,] 
		 6: 
BB 4
	outgoing: 5 6 
	datadep: 2 
	instructions:
		 0: 
		 1: %self->me? %self[2.0,] 
		 2: BRANCH %v_17[4.1,] 
BB 5
	outgoing: 7 
	datadep: 2 2 2 2 
	instructions:
		 0: 
		 1: %self[2.0,] @group[2.13,] 
		 2: %v_18->membership_requests %v_18[5.1,] 
		 3: %self[2.0,] @person[2.10,] 
		 4: %v_20[5.3,] 
		 5: %v_19->create %v_19[5.2,] %v_21[5.4,] 
		 6: 
		 7: %self->flash %self[2.0,] 
		 8: 
		 9: %self->t %v_24[5.8,] %self[2.0,] 
		 10: %v_25[5.9,] %v_23[5.7,] 
		 11: 
BB 6
	outgoing: 7 
	datadep: 
	instructions:
		 0: 
BB 7
	outgoing: 8 
	datadep: 6 5 
	instructions:
		 0: %v_25[6.0,5.9,] 
BB 8
	outgoing: 9 
	datadep: 2 
	instructions:
		 0: 
		 1: %self->redirect_to %self[2.0,] 
		 2: RETURN %v_26[8.1,] 
BB 9
	outgoing: 
	datadep: 
	instructions:

SET IRMethod, name = update
BB 1
	outgoing: 11 2 
	datadep: 
	instructions:
BB 2
	outgoing: 3 4 
	datadep: 
	instructions:
		 0: 
		 1: 
		 2: 
		 3: 
		 4: 
		 5: 
		 6: %self->params %self[2.0,] 
		 7: %v_3[2.6,] 
		 8: BRANCH %v_4[2.7,] 
BB 3
	outgoing: 11 
	datadep: 2 
	instructions:
		 0: 
		 1: %self->update_email %self[2.0,] 
		 2: RETURN %v_5[3.1,] 
BB 4
	outgoing: 5 6 
	datadep: 2 
	instructions:
		 0: 
		 1: %self->params %self[2.0,] 
		 2: %v_6[4.1,] 
		 3: BRANCH %v_7[4.2,] 
BB 5
	outgoing: 6 
	datadep: 2 2 
	instructions:
		 0: %self[2.0,] @logged_in[] 
		 1: %self[2.0,] @group[] 
		 2: %v_8->can_update? %v_8[5.0,] %v_9[5.1,] 
		 3: %v_10[5.2,] 
BB 6
	outgoing: 7 8 
	datadep: 5 4 
	instructions:
		 0: BRANCH %v_7[5.3,4.2,] 
BB 7
	outgoing: 9 
	datadep: 2 
	instructions:
		 0: 
		 1: %self->update_admin %self[2.0,] 
		 2: 
BB 8
	outgoing: 9 
	datadep: 2 2 
	instructions:
		 0: 
		 1: 
		 2: %self->t %self[2.0,] %v_12[8.1,] 
		 3: %v_13[8.2,] 
		 4: %self->render %v_14[8.3,] %self[2.0,] 
		 5: %v_15[8.4,] 
BB 9
	outgoing: 11 
	datadep: 8 7 
	instructions:
		 0: RETURN %v_11[8.5,7.1,] 
BB 11
	outgoing: 
	datadep: 
	instructions:

SET IRMethod, name = update_email
BB 1
	outgoing: 6 2 
	datadep: 
	instructions:
BB 2
	outgoing: 3 4 
	datadep: 
	instructions:
		 0: 
		 1: 
		 2: 
		 3: 
		 4: 
		 5: 
		 6: (Person) 
		 7: %self->params %self[2.0,] 
		 8: %v_4[2.7,] 
		 9: %v_3->find %v_5[2.8,] %v_3[2.6,] 
		 10: %self[2.0,] %v_6[2.9,] @person[] 
		 11: 
		 12: %self->can_update_email? %self[2.0,] 
		 13: BRANCH %v_7[2.12,] 
BB 3
	outgoing: 6 
	datadep: 2 2 2 2 2 
	instructions:
		 0: 
		 1: %self->params %self[2.0,] 
		 2: %v_8[3.1,] 
		 3: 
		 4: %v_9[3.2,] %v_10[3.3,] 
		 5: %self[2.0,] %v_11[3.4,] @get_email[] 
		 6: 
		 7: %self[2.0,] @group[] 
		 8: %self[2.0,] @person[2.10,] 
		 9: @get_email[3.5,] 
		 10: %v_14[3.9,] 
		 11: %v_12->set_options_for %v_13[3.8,] %v_15[3.10,] %v_12[3.7,] 
		 12: 
		 13: %self->respond_to %self[2.0,] 
CLOSURE BEGIN: @person[3.8,] @group[3.7,] @get_email[3.5,] 
BB 1
	outgoing: 6 2 
	datadep: 
	instructions:
BB 2
	outgoing: 3 
	datadep: 
	instructions:
		 0: 
		 1: 
		 2: 
		 3: 
		 4: 
BB 3
	outgoing: 4 6 
	datadep: 2 2 2 
	instructions:
		 0: 
		 1: format->html %self[2.0,] format[2.2,] 
CLOSURE BEGIN: 
BB 1
	outgoing: 6 2 
	datadep: 
	instructions:
BB 2
	outgoing: 3 
	datadep: 
	instructions:
		 0: 
		 1: 
		 2: 
		 3: 
BB 3
	outgoing: 4 6 
	datadep: 2 2 
	instructions:
		 0: 
		 1: 
		 2: %self->t %cl_2_3[3.1,] %self[2.0,] 
		 3: %cl_2_4[3.2,] 
		 4: %self->render %self[2.0,] %cl_2_5[3.3,] 
		 5: RETURN %cl_2_6[3.4,] 
BB 4
	outgoing: 6 
	datadep: 
	instructions:
		 0: 
		 1: %cl_2_7[4.0,] 
		 2: RETURN %cl_2_8[4.1,] 
BB 6
	outgoing: 
	datadep: 
	instructions:
CLOSURE END
		 2: 
		 3: format->js format[2.2,] 
		 4: RETURN %cl_1_4[3.3,] 
BB 4
	outgoing: 6 
	datadep: 
	instructions:
		 0: 
		 1: %cl_1_5[4.0,] 
		 2: RETURN %cl_1_6[4.1,] 
BB 6
	outgoing: 
	datadep: 
	instructions:
CLOSURE END
		 14: RETURN %v_17[3.13,] 
BB 4
	outgoing: 6 
	datadep: 2 2 
	instructions:
		 0: 
		 1: 
		 2: %self->t %self[2.0,] %v_18[4.1,] 
		 3: %v_19[4.2,] 
		 4: %self->render %self[2.0,] %v_20[4.3,] 
		 5: RETURN %v_21[4.4,] 
BB 6
	outgoing: 
	datadep: 
	instructions:

SET IRMethod, name = update_admin
BB 1
	outgoing: 3 2 
	datadep: 
	instructions:
BB 2
	outgoing: 3 
	datadep: 
	instructions:
		 0: 
		 1: 
		 2: 
		 3: 
		 4: 
		 5: 
		 6: %self[2.0,] @group[] 
		 7: %v_3->memberships %v_3[2.6,] 
		 8: %self->params %self[2.0,] 
		 9: %v_5[2.8,] 
		 10: %v_4->find %v_4[2.7,] %v_6[2.9,] 
		 11: %self[2.0,] %v_7[2.10,] @membership[] 
		 12: 
		 13: @membership[2.11,] 
		 14: %self->params %self[2.0,] 
		 15: %v_9[2.14,] 
		 16: 
		 17: %v_10[2.15,] %v_11[2.16,] 
		 18: %v_8->update_attribute %v_8[2.13,] %v_12[2.17,] 
		 19: 
		 20: %self->flash %self[2.0,] 
		 21: 
		 22: %self->t %self[2.0,] %v_15[2.21,] 
		 23: %v_14[2.20,] %v_16[2.22,] 
		 24: 
		 25: %self->redirect_to %self[2.0,] 
		 26: RETURN %v_17[2.25,] 
BB 3
	outgoing: 
	datadep: 
	instructions:

SET IRMethod, name = destroy
BB 1
	outgoing: 9 2 
	datadep: 
	instructions:
BB 2
	outgoing: 3 7 
	datadep: 
	instructions:
		 0: 
		 1: 
		 2: 
		 3: 
		 4: 
		 5: 
		 6: %self[2.0,] @group[] 
		 7: %v_3->memberships %v_3[2.6,] 
		 8: %self->params %self[2.0,] 
		 9: %v_5[2.8,] 
		 10: %v_6[2.9,] 
		 11: %v_4->where %v_4[2.7,] %v_7[2.10,] 
		 12: %v_8->first! %v_8[2.11,] 
		 13: %self[2.0,] %v_9[2.12,] @membership[] 
		 14: 
		 15: %self[2.0,] @logged_in[] 
		 16: @membership[2.13,] 
		 17: %v_10->can_delete? %v_10[2.15,] %v_11[2.16,] 
		 18: BRANCH %v_12[2.17,] 
BB 3
	outgoing: 4 5 
	datadep: 2 
	instructions:
		 0: 
		 1: %self[2.0,] @membership[2.13,2.16,] 
		 2: %v_13->only_admin? %v_13[3.1,] 
		 3: BRANCH %v_14[3.2,] 
BB 4
	outgoing: 6 
	datadep: 2 2 2 
	instructions:
		 0: 
		 1: %self->flash %self[2.0,] 
		 2: 
		 3: %self[2.0,] @membership[3.1,] 
		 4: %v_17->person %v_17[4.3,] 
		 5: %v_18->name %v_18[4.4,] 
		 6: %v_19[4.5,] 
		 7: %self->t %self[2.0,] %v_16[4.2,] %v_20[4.6,] 
		 8: %v_15[4.1,] %v_21[4.7,] 
		 9: 
BB 5
	outgoing: 6 
	datadep: 2 
	instructions:
		 0: 
		 1: %self[2.0,] @membership[3.1,] 
		 2: %v_22->destroy %v_22[5.1,] 
		 3: %v_23[5.2,] 
BB 6
	outgoing: 8 
	datadep: 
	instructions:
		 0: 
BB 7
	outgoing: 8 
	datadep: 
	instructions:
		 0: 
BB 8
	outgoing: 9 
	datadep: 2 
	instructions:
		 0: 
		 1: %self->respond_to %self[2.0,] 
CLOSURE BEGIN: @logged_in[2.15,] @group[2.6,] @membership[4.3,5.1,] 
BB 1
	outgoing: 6 2 
	datadep: 
	instructions:
BB 2
	outgoing: 3 
	datadep: 
	instructions:
		 0: 
		 1: 
		 2: 
		 3: 
		 4: 
BB 3
	outgoing: 4 6 
	datadep: 2 2 2 
	instructions:
		 0: 
		 1: format->html %self[2.0,] format[2.2,] 
CLOSURE BEGIN: 
BB 1
	outgoing: 6 2 
	datadep: 
	instructions:
BB 2
	outgoing: 3 
	datadep: 
	instructions:
		 0: 
		 1: 
		 2: 
		 3: 
BB 3
	outgoing: 4 6 
	datadep: 2 
	instructions:
		 0: 
		 1: %self->redirect_to %self[2.0,] 
		 2: RETURN %cl_2_3[3.1,] 
BB 4
	outgoing: 6 
	datadep: 
	instructions:
		 0: 
		 1: %cl_2_4[4.0,] 
		 2: RETURN %cl_2_5[4.1,] 
BB 6
	outgoing: 
	datadep: 
	instructions:
CLOSURE END
		 2: 
		 3: format->js format[2.2,] 
		 4: RETURN %cl_1_4[3.3,] 
BB 4
	outgoing: 6 
	datadep: 
	instructions:
		 0: 
		 1: %cl_1_5[4.0,] 
		 2: RETURN %cl_1_6[4.1,] 
BB 6
	outgoing: 
	datadep: 
	instructions:
CLOSURE END
		 2: RETURN %v_24[8.1,] 
BB 9
	outgoing: 
	datadep: 
	instructions:

SET IRMethod, name = batch
BB 1
	outgoing: 16 2 
	datadep: 
	instructions:
BB 2
	outgoing: 3 7 
	datadep: 
	instructions:
		 0: 
		 1: 
		 2: 
		 3: 
		 4: 
		 5: 
		 6: (MembershipBatch) 
		 7: %self[2.0,] @group[] 
		 8: %self->params %self[2.0,] 
		 9: %v_5[2.8,] 
		 10: %v_3->new %v_4[2.7,] %v_3[2.6,] %v_6[2.9,] 
		 11: %v_7[2.10,] 
		 12: 
		 13: %self->request %self[2.0,] 
		 14: %v_8->post? %v_8[2.13,] 
		 15: BRANCH %v_9[2.14,] 
BB 3
	outgoing: 4 5 
	datadep: 2 2 
	instructions:
		 0: 
		 1: batch->delete_requests batch[2.11,] 
		 2: 
		 3: %self->params %self[2.0,] 
		 4: %v_11[3.3,] 
		 5: 
		 6: %v_13[3.5,] %v_12[3.4,] 
		 7: BRANCH %v_14[3.6,] 
BB 4
	outgoing: 6 
	datadep: 
	instructions:
		 0: 
		 1: 
BB 5
	outgoing: 6 
	datadep: 2 2 
	instructions:
		 0: batch->create batch[2.11,] 
		 1: %self[2.0,] %v_16[5.0,] @added[] 
		 2: %v_16[5.0,] 
BB 6
	outgoing: 11 
	datadep: 
	instructions:
		 0: 
BB 7
	outgoing: 8 9 
	datadep: 2 
	instructions:
		 0: 
		 1: %self->request %self[2.0,] 
		 2: %v_17->delete? %v_17[7.1,] 
		 3: BRANCH %v_18[7.2,] 
BB 8
	outgoing: 10 
	datadep: 2 
	instructions:
		 0: 
		 1: batch->delete batch[2.11,] 
		 2: 
BB 9
	outgoing: 10 
	datadep: 
	instructions:
		 0: 
BB 10
	outgoing: 11 
	datadep: 9 8 
	instructions:
		 0: %v_19[9.0,8.1,] 
BB 11
	outgoing: 12 13 
	datadep: 2 
	instructions:
		 0: 
		 1: %self[2.0,] 
		 2: %v_21[11.1,] 
		 3: %v_21[11.1,] 
BB 12
	outgoing: 13 
	datadep: 2 
	instructions:
		 0: %self[2.0,] @added[5.1,] 
		 1: %v_22[12.0,] 
BB 13
	outgoing: 14 15 
	datadep: 12 11 
	instructions:
		 0: BRANCH %v_20[12.1,11.2,] 
BB 14
	outgoing: 15 
	datadep: 2 
	instructions:
		 0: 
		 1: %self[2.0,] %v_23[14.0,] @added[12.0,5.1,] 
		 2: %v_23[14.0,] 
BB 15
	outgoing: 16 
	datadep: 2 
	instructions:
		 0: 
		 1: %self->respond_to %self[2.0,] 
CLOSURE BEGIN: @group[2.7,] @added[14.1,] 
BB 1
	outgoing: 6 2 
	datadep: 
	instructions:
BB 2
	outgoing: 3 
	datadep: 
	instructions:
		 0: 
		 1: 
		 2: 
		 3: 
		 4: 
BB 3
	outgoing: 4 6 
	datadep: 2 2 2 
	instructions:
		 0: 
		 1: format->js format[2.2,] 
		 2: 
		 3: format->html %self[2.0,] format[2.2,] 
CLOSURE BEGIN: 
BB 1
	outgoing: 6 2 
	datadep: 
	instructions:
BB 2
	outgoing: 3 
	datadep: 
	instructions:
		 0: 
		 1: 
		 2: 
		 3: 
BB 3
	outgoing: 4 6 
	datadep: 2 
	instructions:
		 0: 
		 1: %self->redirect_to %self[2.0,] 
		 2: RETURN %cl_2_3[3.1,] 
BB 4
	outgoing: 6 
	datadep: 
	instructions:
		 0: 
		 1: %cl_2_4[4.0,] 
		 2: RETURN %cl_2_5[4.1,] 
BB 6
	outgoing: 
	datadep: 
	instructions:
CLOSURE END
		 4: RETURN %cl_1_4[3.3,] 
BB 4
	outgoing: 6 
	datadep: 
	instructions:
		 0: 
		 1: %cl_1_5[4.0,] 
		 2: RETURN %cl_1_6[4.1,] 
BB 6
	outgoing: 
	datadep: 
	instructions:
CLOSURE END
		 2: RETURN %v_24[15.1,] 
BB 16
	outgoing: 
	datadep: 
	instructions:

SET IRMethod, name = can_update_email?
BB 1
	outgoing: 5 2 
	datadep: 
	instructions:
BB 2
	outgoing: 3 4 
	datadep: 
	instructions:
		 0: 
		 1: 
		 2: 
		 3: 
		 4: 
		 5: 
		 6: %self[2.0,] @logged_in[] 
		 7: %self[2.0,] @group[] 
		 8: %v_3->can_update? %v_4[2.7,] %v_3[2.6,] 
		 9: BRANCH %v_5[2.8,] 
BB 3
	outgoing: 5 
	datadep: 2 2 
	instructions:
		 0: %self[2.0,] @logged_in[2.6,] 
		 1: %self[2.0,] @person[] 
		 2: %v_6->can_update? %v_6[3.0,] %v_7[3.1,] 
		 3: RETURN %v_8[3.2,] 
BB 4
	outgoing: 5 
	datadep: 2 
	instructions:
		 0: RETURN %v_5[2.8,] 
BB 5
	outgoing: 
	datadep: 
	instructions:

SET IRMethod, name = authorize_group_for_read
BB 1
	outgoing: 6 2 
	datadep: 
	instructions:
BB 2
	outgoing: 3 4 
	datadep: 
	instructions:
		 0: 
		 1: 
		 2: 
		 3: 
		 4: 
		 5: 
		 6: %self[2.0,] @logged_in[] 
		 7: %self[2.0,] @group[] 
		 8: %v_3->can_read? %v_4[2.7,] %v_3[2.6,] 
		 9: BRANCH %v_5[2.8,] 
BB 3
	outgoing: 6 
	datadep: 
	instructions:
		 0: RETURN 
BB 4
	outgoing: 6 
	datadep: 2 2 
	instructions:
		 0: 
		 1: 
		 2: 
		 3: %self->t %self[2.0,] %v_7[4.2,] 
		 4: %v_8[4.3,] 
		 5: %self->render %self[2.0,] %v_9[4.4,] 
		 6: 
		 7: RETURN 
BB 6
	outgoing: 
	datadep: 
	instructions:

SET IRMethod, name = authorize_group_for_update
BB 1
	outgoing: 6 2 
	datadep: 
	instructions:
BB 2
	outgoing: 3 4 
	datadep: 
	instructions:
		 0: 
		 1: 
		 2: 
		 3: 
		 4: 
		 5: 
		 6: %self[2.0,] @logged_in[] 
		 7: %self[2.0,] @group[] 
		 8: %v_3->can_update? %v_4[2.7,] %v_3[2.6,] 
		 9: BRANCH %v_5[2.8,] 
BB 3
	outgoing: 6 
	datadep: 
	instructions:
		 0: RETURN 
BB 4
	outgoing: 6 
	datadep: 2 2 
	instructions:
		 0: 
		 1: 
		 2: 
		 3: %self->t %self[2.0,] %v_7[4.2,] 
		 4: %v_8[4.3,] 
		 5: %self->render %self[2.0,] %v_9[4.4,] 
		 6: 
		 7: RETURN 
BB 6
	outgoing: 
	datadep: 
	instructions:

