SET IRMethod, name = index
BB 1
	outgoing: 3 2 
	datadep: 
	instructions:
BB 2
	outgoing: 3 
	datadep: 
	instructions:
		 0: 
		 1: 
		 2: 
		 3: 
		 4: 
		 5: 
		 6: (Page) 
		 7: 
		 8: %v_3->where %v_4[2.7,] %v_3[2.6,] 
		 9: %v_5->order %v_5[2.8,] 
		 10: %self[2.0,] %v_6[2.9,] @pages[] 
		 11: RETURN %v_6[2.9,] 
BB 3
	outgoing: 
	datadep: 
	instructions:

SET IRMethod, name = show_for_public
BB 1
	outgoing: 9 2 
	datadep: 
	instructions:
BB 2
	outgoing: 3 7 
	datadep: 
	instructions:
		 0: 
		 1: 
		 2: 
		 3: 
		 4: 
		 5: 
		 6: 
		 7: %self[2.0,] @page[] 
		 8: BRANCH %v_3[2.7,] 
BB 3
	outgoing: 4 5 
	datadep: 2 
	instructions:
		 0: %self[2.0,] @page[2.7,] 
		 1: %v_4->published? %v_4[3.0,] 
		 2: BRANCH %v_5[3.1,] 
BB 4
	outgoing: 6 
	datadep: 2 
	instructions:
		 0: 
		 1: 
		 2: 
		 3: %v_6[4.1,] %v_7[4.2,] 
		 4: %self->render %self[2.0,] %v_8[4.3,] 
		 5: 
BB 5
	outgoing: 6 
	datadep: 2 2 
	instructions:
		 0: 
		 1: 
		 2: %self->t %self[2.0,] %v_10[5.1,] 
		 3: %v_11[5.2,] 
		 4: %self->render %self[2.0,] %v_12[5.3,] 
		 5: %v_13[5.4,] 
BB 6
	outgoing: 9 
	datadep: 5 4 
	instructions:
		 0: RETURN %v_9[5.5,4.4,] 
BB 7
	outgoing: 9 
	datadep: 2 2 
	instructions:
		 0: 
		 1: 
		 2: %self->t %v_14[7.1,] %self[2.0,] 
		 3: %v_15[7.2,] 
		 4: %self->render %self[2.0,] %v_16[7.3,] 
		 5: RETURN %v_17[7.4,] 
BB 9
	outgoing: 
	datadep: 
	instructions:

SET IRMethod, name = show
BB 1
	outgoing: 6 2 
	datadep: 
	instructions:
BB 2
	outgoing: 3 4 
	datadep: 
	instructions:
		 0: 
		 1: 
		 2: 
		 3: 
		 4: 
		 5: 
		 6: (Page) 
		 7: %self->params %self[2.0,] 
		 8: %v_4[2.7,] 
		 9: %v_3->find %v_5[2.8,] %v_3[2.6,] 
		 10: %self[2.0,] %v_6[2.9,] @page[] 
		 11: 
		 12: %self[2.0,] @logged_in[] 
		 13: %v_7->admin? %v_7[2.12,] 
		 14: BRANCH %v_8[2.13,] 
BB 3
	outgoing: 6 
	datadep: 
	instructions:
		 0: 
		 1: RETURN %v_9[3.0,] 
BB 4
	outgoing: 6 
	datadep: 2 2 2 
	instructions:
		 0: 
		 1: %self[2.0,] @page[2.10,] 
		 2: %v_10->path %v_10[4.1,] 
		 3: %v_11[4.2,] 
		 4: %self->page_for_public_path %self[2.0,] %v_12[4.3,] 
		 5: %self->redirect_to %v_13[4.4,] %self[2.0,] 
		 6: RETURN %v_14[4.5,] 
BB 6
	outgoing: 
	datadep: 
	instructions:

SET IRMethod, name = edit
BB 1
	outgoing: 6 2 
	datadep: 
	instructions:
BB 2
	outgoing: 3 4 
	datadep: 
	instructions:
		 0: 
		 1: 
		 2: 
		 3: 
		 4: 
		 5: 
		 6: (Page) 
		 7: %self->params %self[2.0,] 
		 8: %v_4[2.7,] 
		 9: %v_3->find %v_5[2.8,] %v_3[2.6,] 
		 10: %self[2.0,] %v_6[2.9,] @page[] 
		 11: 
		 12: %self[2.0,] @logged_in[] 
		 13: @page[2.10,] 
		 14: %v_7->can_update? %v_8[2.13,] %v_7[2.12,] 
		 15: BRANCH %v_9[2.14,] 
BB 3
	outgoing: 6 
	datadep: 
	instructions:
		 0: 
		 1: RETURN %v_10[3.0,] 
BB 4
	outgoing: 6 
	datadep: 2 2 
	instructions:
		 0: 
		 1: 
		 2: %self->t %self[2.0,] %v_11[4.1,] 
		 3: %v_12[4.2,] 
		 4: %self->render %v_13[4.3,] %self[2.0,] 
		 5: RETURN %v_14[4.4,] 
BB 6
	outgoing: 
	datadep: 
	instructions:

SET IRMethod, name = update
BB 1
	outgoing: 9 2 
	datadep: 
	instructions:
BB 2
	outgoing: 3 7 
	datadep: 
	instructions:
		 0: 
		 1: 
		 2: 
		 3: 
		 4: 
		 5: 
		 6: (Page) 
		 7: %self->params %self[2.0,] 
		 8: %v_4[2.7,] 
		 9: %v_3->find %v_5[2.8,] %v_3[2.6,] 
		 10: %self[2.0,] %v_6[2.9,] @page[] 
		 11: 
		 12: %self[2.0,] @logged_in[] 
		 13: @page[2.10,] 
		 14: %v_7->can_update? %v_8[2.13,] %v_7[2.12,] 
		 15: BRANCH %v_9[2.14,] 
BB 3
	outgoing: 4 5 
	datadep: 2 2 
	instructions:
		 0: 
		 1: %self[2.0,] @page[2.10,2.13,] 
		 2: %self->page_params %self[2.0,] 
		 3: %v_10->update_attributes %v_10[3.1,] %v_11[3.2,] 
		 4: BRANCH %v_12[3.3,] 
BB 4
	outgoing: 6 
	datadep: 2 2 2 2 
	instructions:
		 0: 
		 1: %self->flash %self[2.0,] 
		 2: 
		 3: %self->t %v_14[4.2,] %self[2.0,] 
		 4: %v_13[4.1,] %v_15[4.3,] 
		 5: 
		 6: %self->pages_path %self[2.0,] 
		 7: %self->redirect_to %self[2.0,] %v_16[4.6,] 
		 8: 
BB 5
	outgoing: 6 
	datadep: 2 
	instructions:
		 0: 
		 1: 
		 2: %v_18[5.1,] 
		 3: %self->render %self[2.0,] %v_19[5.2,] 
		 4: %v_20[5.3,] 
BB 6
	outgoing: 9 
	datadep: 5 4 
	instructions:
		 0: RETURN %v_17[5.4,4.7,] 
BB 7
	outgoing: 9 
	datadep: 2 2 
	instructions:
		 0: 
		 1: 
		 2: %self->t %self[2.0,] %v_21[7.1,] 
		 3: %v_22[7.2,] 
		 4: %self->render %self[2.0,] %v_23[7.3,] 
		 5: RETURN %v_24[7.4,] 
BB 9
	outgoing: 
	datadep: 
	instructions:

SET IRMethod, name = page_params
BB 1
	outgoing: 3 2 
	datadep: 
	instructions:
BB 2
	outgoing: 3 
	datadep: 
	instructions:
		 0: 
		 1: 
		 2: 
		 3: 
		 4: 
		 5: 
		 6: %self->params %self[2.0,] 
		 7: %v_3->require %v_3[2.6,] 
		 8: %v_4->permit %v_4[2.7,] 
		 9: RETURN %v_5[2.8,] 
BB 3
	outgoing: 
	datadep: 
	instructions:

SET IRMethod, name = get_path
BB 1
	outgoing: 6 2 
	datadep: 
	instructions:
BB 2
	outgoing: 3 4 
	datadep: 
	instructions:
		 0: 
		 1: 
		 2: 
		 3: 
		 4: 
		 5: 
		 6: %self->params %self[2.0,] 
		 7: %v_4[2.6,] 
		 8: %v_5[2.7,] 
		 9: 
		 10: %v_3->join %v_3[2.8,] %v_6[2.9,] 
		 11: %self[2.0,] %v_7[2.10,] @path[] 
		 12: 
		 13: @path[2.11,] 
		 14: 
		 15: 
		 16: %v_8->sub! %v_8[2.13,] %v_10[2.15,] 
		 17: BRANCH %v_11[2.16,] 
BB 3
	outgoing: 6 
	datadep: 2 2 2 
	instructions:
		 0: 
		 1: (Page) 
		 2: %self[2.0,] @path[2.11,2.13,] 
		 3: %v_12->find %v_13[3.2,] %v_12[3.1,] 
		 4: %self->edit_page_path %v_14[3.3,] %self[2.0,] 
		 5: %self->redirect_to %self[2.0,] %v_15[3.4,] 
		 6: 
		 7: RETURN 
BB 4
	outgoing: 6 
	datadep: 
	instructions:
		 0: RETURN 
BB 6
	outgoing: 
	datadep: 
	instructions:

SET IRMethod, name = get_page
BB 1
	outgoing: 3 2 
	datadep: 
	instructions:
BB 2
	outgoing: 3 
	datadep: 
	instructions:
		 0: 
		 1: 
		 2: 
		 3: 
		 4: 
		 5: 
		 6: (Page) 
		 7: %self[2.0,] @path[] 
		 8: %v_3->find_by_id_or_path %v_4[2.7,] %v_3[2.6,] 
		 9: %self[2.0,] %v_5[2.8,] @page[] 
		 10: RETURN %v_5[2.8,] 
BB 3
	outgoing: 
	datadep: 
	instructions:

SET IRMethod, name = feature_enabled?
BB 1
	outgoing: 10 2 
	datadep: 
	instructions:
BB 2
	outgoing: 3 4 
	datadep: 
	instructions:
		 0: 
		 1: 
		 2: 
		 3: 
		 4: 
		 5: 
		 6: %self[2.0,] @page[] 
		 7: BRANCH %v_3[2.6,] 
BB 3
	outgoing: 4 
	datadep: 2 
	instructions:
		 0: %self[2.0,] @page[2.6,] 
		 1: %v_4->system? %v_4[3.0,] 
		 2: %v_5[3.1,] 
BB 4
	outgoing: 5 6 
	datadep: 3 2 
	instructions:
		 0: BRANCH %v_3[3.2,2.6,] 
BB 5
	outgoing: 6 
	datadep: 2 
	instructions:
		 0: %self[2.0,] @page[3.0,2.6,] 
		 1: %v_6->home? %v_6[5.0,] 
		 2: %v_7->! %v_7[5.1,] 
		 3: %v_8[5.2,] 
BB 6
	outgoing: 7 8 
	datadep: 5 3 2 
	instructions:
		 0: BRANCH %v_3[5.3,3.2,2.6,] 
BB 7
	outgoing: 10 
	datadep: 
	instructions:
		 0: 
		 1: RETURN %v_9[7.0,] 
BB 8
	outgoing: 10 
	datadep: 2 2 
	instructions:
		 0: 
		 1: %self->stream_path %self[2.0,] 
		 2: %self->redirect_to %self[2.0,] %v_10[8.1,] 
		 3: 
		 4: RETURN 
BB 10
	outgoing: 
	datadep: 
	instructions:

