SET IRMethod, name = index
BB 1
	outgoing: 9 2 
	datadep: 
	instructions:
BB 2
	outgoing: 3 7 
	datadep: 
	instructions:
		 0: 
		 1: 
		 2: 
		 3: 
		 4: 
		 5: 
		 6: %self[2.0,] @logged_in[] 
		 7: %self[2.0,] @group[] 
		 8: %v_3->member_of? %v_4[2.7,] %v_3[2.6,] 
		 9: BRANCH %v_5[2.8,] 
BB 3
	outgoing: 4 5 
	datadep: 2 
	instructions:
		 0: 
		 1: %self->params %self[2.0,] 
		 2: %v_6[3.1,] 
		 3: BRANCH %v_7[3.2,] 
BB 4
	outgoing: 6 
	datadep: 2 2 2 
	instructions:
		 0: 
		 1: %self->prayer_requests %self[2.0,] 
		 2: 
		 3: %v_8->where %v_8[4.1,] %v_9[4.2,] 
		 4: 
		 5: %v_10->order %v_10[4.3,] %v_11[4.4,] 
		 6: %self->params %self[2.0,] 
		 7: %v_13[4.6,] 
		 8: %v_12->page %v_14[4.7,] %v_12[4.5,] 
		 9: %self[2.0,] %v_15[4.8,] @reqs[] 
		 10: 
BB 5
	outgoing: 6 
	datadep: 2 2 2 
	instructions:
		 0: 
		 1: %self->prayer_requests %self[2.0,] 
		 2: 
		 3: %v_16->order %v_16[5.1,] %v_17[5.2,] 
		 4: %self->params %self[2.0,] 
		 5: %v_19[5.4,] 
		 6: %v_18->page %v_18[5.3,] %v_20[5.5,] 
		 7: %self[2.0,] %v_21[5.6,] @reqs[] 
		 8: %v_21[5.6,] 
BB 6
	outgoing: 9 
	datadep: 5 4 
	instructions:
		 0: RETURN %v_15[5.8,4.8,] 
BB 7
	outgoing: 9 
	datadep: 2 2 
	instructions:
		 0: 
		 1: 
		 2: %self->t %self[2.0,] %v_22[7.1,] 
		 3: %v_23[7.2,] 
		 4: %self->render %v_24[7.3,] %self[2.0,] 
		 5: RETURN %v_25[7.4,] 
BB 9
	outgoing: 
	datadep: 
	instructions:

SET IRMethod, name = show
BB 1
	outgoing: 3 2 
	datadep: 
	instructions:
BB 2
	outgoing: 3 
	datadep: 
	instructions:
		 0: 
		 1: 
		 2: 
		 3: 
		 4: 
		 5: RETURN 
BB 3
	outgoing: 
	datadep: 
	instructions:

SET IRMethod, name = new
BB 1
	outgoing: 3 2 
	datadep: 
	instructions:
BB 2
	outgoing: 3 
	datadep: 
	instructions:
		 0: 
		 1: 
		 2: 
		 3: 
		 4: 
		 5: 
		 6: %self[2.0,] @prayer_request[] 
		 7: %self[2.0,] @logged_in[] 
		 8: %v_4[2.7,] %v_3[2.6,] 
		 9: RETURN %v_4[2.7,] 
BB 3
	outgoing: 
	datadep: 
	instructions:

SET IRMethod, name = create
BB 1
	outgoing: 9 2 
	datadep: 
	instructions:
BB 2
	outgoing: 3 7 
	datadep: 
	instructions:
		 0: 
		 1: 
		 2: 
		 3: 
		 4: 
		 5: 
		 6: %self[2.0,] @prayer_request[] 
		 7: %v_3->save %v_3[2.6,] 
		 8: BRANCH %v_4[2.7,] 
BB 3
	outgoing: 4 5 
	datadep: 2 
	instructions:
		 0: 
		 1: %self->params %self[2.0,] 
		 2: %v_5[3.1,] 
		 3: BRANCH %v_6[3.2,] 
BB 4
	outgoing: 6 
	datadep: 2 
	instructions:
		 0: 
		 1: %self[2.0,] @prayer_request[2.6,] 
		 2: %v_7->send_group_email %v_7[4.1,] 
		 3: 
BB 5
	outgoing: 6 
	datadep: 
	instructions:
		 0: 
BB 6
	outgoing: 9 
	datadep: 2 2 2 
	instructions:
		 0: 
		 1: %self[2.0,] @group[] 
		 2: %self->group_prayer_requests_path %self[2.0,] %v_9[6.1,] 
		 3: %self->redirect_to %self[2.0,] %v_10[6.2,] 
		 4: RETURN %v_11[6.3,] 
BB 7
	outgoing: 9 
	datadep: 2 
	instructions:
		 0: 
		 1: 
		 2: %v_12[7.1,] 
		 3: %self->render %v_13[7.2,] %self[2.0,] 
		 4: RETURN %v_14[7.3,] 
BB 9
	outgoing: 
	datadep: 
	instructions:

SET IRMethod, name = edit
BB 1
	outgoing: 3 2 
	datadep: 
	instructions:
BB 2
	outgoing: 3 
	datadep: 
	instructions:
		 0: 
		 1: 
		 2: 
		 3: 
		 4: 
		 5: RETURN 
BB 3
	outgoing: 
	datadep: 
	instructions:

SET IRMethod, name = update
BB 1
	outgoing: 9 2 
	datadep: 
	instructions:
BB 2
	outgoing: 3 7 
	datadep: 
	instructions:
		 0: 
		 1: 
		 2: 
		 3: 
		 4: 
		 5: 
		 6: %self[2.0,] @prayer_request[] 
		 7: %self->prayer_request_params %self[2.0,] 
		 8: %v_3->update_attributes %v_4[2.7,] %v_3[2.6,] 
		 9: BRANCH %v_5[2.8,] 
BB 3
	outgoing: 4 5 
	datadep: 2 
	instructions:
		 0: 
		 1: %self->params %self[2.0,] 
		 2: %v_6[3.1,] 
		 3: BRANCH %v_7[3.2,] 
BB 4
	outgoing: 6 
	datadep: 2 
	instructions:
		 0: 
		 1: %self[2.0,] @prayer_request[2.6,] 
		 2: %v_8->send_group_email %v_8[4.1,] 
		 3: 
BB 5
	outgoing: 6 
	datadep: 
	instructions:
		 0: 
BB 6
	outgoing: 9 
	datadep: 2 2 2 2 
	instructions:
		 0: 
		 1: %self[2.0,] @group[] 
		 2: %self[2.0,] @prayer_request[4.1,2.6,] 
		 3: %self->group_prayer_request_path %self[2.0,] %v_10[6.1,] %v_11[6.2,] 
		 4: %self->redirect_to %self[2.0,] %v_12[6.3,] 
		 5: RETURN %v_13[6.4,] 
BB 7
	outgoing: 9 
	datadep: 2 
	instructions:
		 0: 
		 1: 
		 2: %v_14[7.1,] 
		 3: %self->render %self[2.0,] %v_15[7.2,] 
		 4: RETURN %v_16[7.3,] 
BB 9
	outgoing: 
	datadep: 
	instructions:

SET IRMethod, name = destroy
BB 1
	outgoing: 3 2 
	datadep: 
	instructions:
BB 2
	outgoing: 3 
	datadep: 
	instructions:
		 0: 
		 1: 
		 2: 
		 3: 
		 4: 
		 5: 
		 6: %self[2.0,] @prayer_request[] 
		 7: %v_3->destroy %v_3[2.6,] 
		 8: 
		 9: %self[2.0,] @group[] 
		 10: %self->group_prayer_requests_path %self[2.0,] %v_5[2.9,] 
		 11: %self->redirect_to %self[2.0,] %v_6[2.10,] 
		 12: RETURN %v_7[2.11,] 
BB 3
	outgoing: 
	datadep: 
	instructions:

SET IRMethod, name = prayer_request_params
BB 1
	outgoing: 3 2 
	datadep: 
	instructions:
BB 2
	outgoing: 3 
	datadep: 
	instructions:
		 0: 
		 1: 
		 2: 
		 3: 
		 4: 
		 5: 
		 6: %self->params %self[2.0,] 
		 7: %v_3->require %v_3[2.6,] 
		 8: %v_4->permit %v_4[2.7,] 
		 9: RETURN %v_5[2.8,] 
BB 3
	outgoing: 
	datadep: 
	instructions:

