SET IRMethod, name = show
BB 1
	outgoing: 3 2 
	datadep: 
	instructions:
BB 2
	outgoing: 3 
	datadep: 
	instructions:
		 0: 
		 1: 
		 2: 
		 3: 
		 4: 
		 5: 
		 6: %self->new_setup_path %self[2.0,] 
		 7: %self->redirect_to %self[2.0,] %v_3[2.6,] 
		 8: RETURN %v_4[2.7,] 
BB 3
	outgoing: 
	datadep: 
	instructions:

SET IRMethod, name = new
BB 1
	outgoing: 6 2 
	datadep: 
	instructions:
BB 2
	outgoing: 3 4 
	datadep: 
	instructions:
		 0: 
		 1: 
		 2: 
		 3: 
		 4: 
		 5: 
		 6: (Person) 
		 7: %v_3->new %v_3[2.6,] 
		 8: %self[2.0,] %v_4[2.7,] @person[] 
		 9: 
		 10: (URI) 
		 11: %self->request %self[2.0,] 
		 12: %v_6->url %v_6[2.11,] 
		 13: %v_5->parse %v_5[2.10,] %v_7[2.12,] 
		 14: %v_8->host %v_8[2.13,] 
		 15: %self[2.0,] %v_9[2.14,] @host[] 
		 16: 
		 17: @host[2.15,] 
		 18: 
		 19: %v_10[2.17,] 
		 20: BRANCH %v_12[2.19,] 
BB 3
	outgoing: 6 
	datadep: 2 
	instructions:
		 0: %self[2.0,] @host[2.15,2.17,] 
		 1: 
		 2: RETURN 
BB 4
	outgoing: 6 
	datadep: 
	instructions:
		 0: RETURN 
BB 6
	outgoing: 
	datadep: 
	instructions:

SET IRMethod, name = create
BB 1
	outgoing: 6 2 
	datadep: 
	instructions:
BB 2
	outgoing: 3 4 
	datadep: 
	instructions:
		 0: 
		 1: 
		 2: 
		 3: 
		 4: 
		 5: 
		 6: (Setup) 
		 7: %self->params %self[2.0,] 
		 8: %v_4->permit! %v_4[2.7,] 
		 9: %v_3->new %v_5[2.8,] %v_3[2.6,] 
		 10: %self[2.0,] %v_6[2.9,] @setup[] 
		 11: 
		 12: @setup[2.10,] 
		 13: %v_7->execute! %v_7[2.12,] 
		 14: BRANCH %v_8[2.13,] 
BB 3
	outgoing: 6 
	datadep: 2 2 2 2 2 2 2 
	instructions:
		 0: 
		 1: %self->flash %self[2.0,] 
		 2: 
		 3: %self->admin_path %self[2.0,] 
		 4: %v_11[3.3,] 
		 5: %self->t %self[2.0,] %v_10[3.2,] %v_12[3.4,] 
		 6: %v_13->html_safe %v_13[3.5,] 
		 7: %v_14[3.6,] %v_9[3.1,] 
		 8: 
		 9: %self->session %self[2.0,] 
		 10: %self[2.0,] @setup[2.10,2.12,] 
		 11: %v_16->person %v_16[3.10,] 
		 12: %v_17->id %v_17[3.11,] 
		 13: %v_15[3.9,] %v_18[3.12,] 
		 14: 
		 15: %self->root_path %self[2.0,] 
		 16: %self->redirect_to %self[2.0,] %v_19[3.15,] 
		 17: RETURN %v_20[3.16,] 
BB 4
	outgoing: 6 
	datadep: 2 2 2 
	instructions:
		 0: 
		 1: %self[2.0,] @setup[2.10,2.12,] 
		 2: %v_21->person %v_21[4.1,] 
		 3: %self[2.0,] %v_22[4.2,] @person[] 
		 4: 
		 5: 
		 6: %v_23[4.5,] 
		 7: %self->render %v_24[4.6,] %self[2.0,] 
		 8: RETURN %v_25[4.7,] 
BB 6
	outgoing: 
	datadep: 
	instructions:

SET IRMethod, name = check_setup_requirements
BB 1
	outgoing: 6 2 
	datadep: 
	instructions:
BB 2
	outgoing: 3 4 
	datadep: 
	instructions:
		 0: 
		 1: 
		 2: 
		 3: 
		 4: 
		 5: 
		 6: (Person) 
		 7: %v_3->count %v_3[2.6,] 
		 8: %v_4[2.7,] 
		 9: BRANCH %v_5[2.8,] 
BB 3
	outgoing: 6 
	datadep: 2 2 
	instructions:
		 0: 
		 1: 
		 2: %self->t %self[2.0,] %v_6[3.1,] 
		 3: %v_7[3.2,] 
		 4: %self->render %self[2.0,] %v_8[3.3,] 
		 5: 
		 6: RETURN 
BB 4
	outgoing: 6 
	datadep: 
	instructions:
		 0: RETURN 
BB 6
	outgoing: 
	datadep: 
	instructions:

