user_is_spider?: ua -> String
user_is_spider?: ua -> String
increase_traffic_counter: traffic_kv -> Keystore
increase_traffic_counter: now_i -> Fixnum
increase_traffic_counter: date_kv -> Keystore
increase_traffic_counter: traffic -> Fixnum
increase_traffic_counter: traffic_kv -> Keystore
increase_traffic_counter: traffic_kv -> Keystore
increase_traffic_counter: date_kv -> Keystore
increase_traffic_counter: date_kv -> Keystore
invited: @new_user -> User
invited: @invitation -> Invitation
user_is_spider?: ua -> String
user_is_spider?: ua -> String
increase_traffic_counter: traffic_kv -> Keystore
increase_traffic_counter: now_i -> Fixnum
increase_traffic_counter: date_kv -> Keystore
increase_traffic_counter: traffic -> Fixnum
increase_traffic_counter: traffic_kv -> Keystore
increase_traffic_counter: traffic_kv -> Keystore
increase_traffic_counter: date_kv -> Keystore
increase_traffic_counter: date_kv -> Keystore
signup: @new_user -> User
signup: @invitation -> Invitation
signup: @new_user -> User
signup: @invitation -> Invitation
signup: @new_user -> User
signup: @new_user -> User
authenticate_user: user -> User
authenticate_user: @user -> User
authenticate_user: @user -> User
user_is_spider?: ua -> String
user_is_spider?: ua -> String
increase_traffic_counter: traffic_kv -> Keystore
increase_traffic_counter: now_i -> Fixnum
increase_traffic_counter: date_kv -> Keystore
increase_traffic_counter: traffic -> Fixnum
increase_traffic_counter: traffic_kv -> Keystore
increase_traffic_counter: traffic_kv -> Keystore
increase_traffic_counter: date_kv -> Keystore
increase_traffic_counter: date_kv -> Keystore
