SET IRMethod, name = set_permalink
BB 1
	outgoing: 6 2 
	datadep: 
	instructions:
BB 2
	outgoing: 3 4 
	datadep: 
	instructions:
		 0: 
		 1: 
		 2: 
		 3: 
		 4: 
		 5: 
		 6: %self->name %self[2.0,] 
		 7: %v_3->blank? %v_3[2.6,] 
		 8: BRANCH %v_4[2.7,] 
BB 3
	outgoing: 6 
	datadep: 2 
	instructions:
		 0: %self->title %self[2.0,] 
		 1: %v_5->to_permalink %v_5[3.0,] 
		 2: %v_6[3.1,] 
		 3: RETURN %v_6[3.1,] 
BB 4
	outgoing: 6 
	datadep: 
	instructions:
		 0: RETURN 
BB 6
	outgoing: 
	datadep: 
	instructions:

SET IRMethod, name = default_order
BB 1
	outgoing: 3 2 
	datadep: 
	instructions:
BB 2
	outgoing: 3 
	datadep: 
	instructions:
		 0: 
		 1: 
		 2: 
		 3: 
		 4: 
		 5: 
		 6: 
		 7: RETURN %v_3[2.6,] 
BB 3
	outgoing: 
	datadep: 
	instructions:

SET IRMethod, name = search_with
BB 1
	outgoing: 3 2 
	datadep: 
	instructions:
BB 2
	outgoing: 3 
	datadep: 
	instructions:
		 0: 
		 1: 
		 2: 
		 3: 
		 4: 
		 5: 
		 6: 
		 7: %v_0[2.1,] search_hash[2.5,] 
		 8: 
		 9: %v_3->order %v_4[2.8,] %v_3[2.7,] 
		 10: RETURN %v_5[2.9,] 
BB 3
	outgoing: 
	datadep: 
	instructions:

SET IRMethod, name = permalink_url
BB 1
	outgoing: 7 2 
	datadep: 
	instructions:
BB 2
	outgoing: 3 4 
	datadep: 
	instructions:
		 0: 
		 1: 
		 2: 
		 3: 
		 4: 
		 5: 
		 6: anchor[2.5,] 
BB 3
	outgoing: 4 
	datadep: 
	instructions:
		 0: 
BB 4
	outgoing: 5 6 
	datadep: 
	instructions:
		 0: 
		 1: only_path[4.0,] 
BB 5
	outgoing: 6 
	datadep: 
	instructions:
		 0: 
BB 6
	outgoing: 7 
	datadep: 2 2 2 2 2 2 2 2 
	instructions:
		 0: 
		 1: %self->blog %self[2.0,2.0,2.0,2.0,] 
		 2: 
		 3: 
		 4: %self->name %self[2.0,2.0,2.0,2.0,] 
		 5: 
		 6: %v_3->url_for %v_3[6.1,] %v_7[6.5,] 
		 7: RETURN %v_8[6.6,] 
BB 7
	outgoing: 
	datadep: 
	instructions:

