SET IRMethod, name = error_status instanceMethod = true
BB 1
	outgoing: 15 2 
	datadep: 
	instructions:
BB 2
	outgoing: 3 4 
	datadep: 
	instructions:
		 0: def_%self 
		 1: def_%v_0 
		 2: COPY TYPE_CurrentScope def_%current_scope 
		 3: COPY TYPE_ScopeModule def_%current_module 
		 4: 
		 5: RECEIVEARG def_error 
		 6: RECEIVEARG def_message 
		 7: RECEIVECONSTARG def_args 
		 8: args[2.7,] 
BB 3
	outgoing: 4 
	datadep: 
	instructions:
		 0: HASH- def_%v_3 
		 1: COPY TYPE_PASS def_args %v_3[3.0,] 
BB 4
	outgoing: 5 6 
	datadep: 
	instructions:
		 0: RECEIVECONSTARG def_continue_ok 
		 1: continue_ok[4.0,] 
BB 5
	outgoing: 6 
	datadep: 
	instructions:
		 0: COPY TYPE_Boolean def_continue_ok 
BB 6
	outgoing: 7 8 
	datadep: 
	instructions:
		 0: 
		 1: %self->request def_%v_4 %self[2.0,] 	 SYMBOL:	 ARGS:
		 2: %v_4->format def_%v_5 %v_4[6.1,] 	 SYMBOL:	 ARGS:
		 3: %v_5->== def_%v_6 %v_5[6.2,] 	 SYMBOL:html,	 ARGS:Symbol,
		 4: BRANCH %v_6[6.3,] 
BB 7
	outgoing: 9 
	datadep: 
	instructions:
		 0: 
		 1: %self->flash def_%v_7 %self[2.0,] 	 SYMBOL:	 ARGS:
		 2: ATTRASSIGN %v_7->[] error[2.5,] 
		 3: 
		 4: %self->flash def_%v_8 %self[7.1,2.0,] 	 SYMBOL:	 ARGS:
		 5: %self->t def_%v_9 %self[7.1,7.4,2.0,] message[2.6,] args[3.1,2.7,] 	 SYMBOL:	 ARGS:message,args,
		 6: ATTRASSIGN %v_8->[] %v_9[7.5,] 
		 7: 
BB 8
	outgoing: 9 
	datadep: 
	instructions:
		 0: 
		 1: ATTRASSIGN %self->flash_error error[2.5,] 
		 2: 
		 3: %self->t def_%v_10 %self[8.1,2.0,] message[2.6,] args[3.1,2.7,] 	 SYMBOL:	 ARGS:message,args,
		 4: ATTRASSIGN %self->flash_message %v_10[8.3,] 
		 5: COPY TYPE_PASS def_%v_9 %v_10[8.3,] 
BB 9
	outgoing: 10 11 
	datadep: 
	instructions:
		 0: 
		 1: COPY TYPE_PASS def_%v_11 error[2.5,] 
		 2: BRANCH error[2.5,] 
BB 10
	outgoing: 11 
	datadep: 
	instructions:
		 0: COPY TYPE_PASS def_%v_11 continue_ok[5.0,4.0,] 
BB 11
	outgoing: 12 13 
	datadep: 
	instructions:
		 0: BRANCH %v_11[10.0,9.1,] 
BB 12
	outgoing: 15 
	datadep: 
	instructions:
		 0: COPY TYPE_Nil def_%v_12 
		 1: 
		 2: %self->respond_to def_%v_13 %self[8.1,8.4,2.0,] %self[8.1,8.4,2.0,] 	 SYMBOL:	 ARGS:%self,
CLOSURE BEGIN: format[] %self[8.1,8.4,2.0,] error[2.5,] 
BB 1
	outgoing: 6 2 
	datadep: 
	instructions:
BB 2
	outgoing: 3 
	datadep: 
	instructions:
		 0: def_%self 
		 1: def_%cl_1_0 
		 2: RECEIVEARG def_format 
		 3: COPY TYPE_CurrentScope def_%current_scope 
		 4: COPY TYPE_ScopeModule def_%current_module 
BB 3
	outgoing: 4 6 
	datadep: 
	instructions:
		 0: 
		 1: format->html def_%cl_1_3 format[2.2,] %self[2.0,] 	 SYMBOL:	 ARGS:format,
CLOSURE BEGIN: %self[2.0,] 
BB 1
	outgoing: 6 2 
	datadep: 
	instructions:
BB 2
	outgoing: 3 
	datadep: 
	instructions:
		 0: def_%self 
		 1: def_%cl_2_0 
		 2: COPY TYPE_CurrentScope def_%current_scope 
		 3: COPY TYPE_ScopeModule def_%current_module 
BB 3
	outgoing: 4 6 
	datadep: 
	instructions:
		 0: 
		 1: COPY TYPE_StringLiteral "/" def_%cl_2_3 
		 2: %self->redirect_back_or_default def_%cl_2_4 %self[2.0,] %cl_2_3[3.1,] 	 SYMBOL:	 ARGS:%cl_2_3,
		 3: RETURN %cl_2_4[3.2,] %self[3.2,2.0,] 
BB 4
	outgoing: 6 
	datadep: 
	instructions:
		 0: def_%cl_2_5 
		 1: def_%cl_2_6 %cl_2_5[4.0,] 
		 2: RETURN %cl_2_6[4.1,] %self[2.0,] 
BB 6
	outgoing: 
	datadep: 
	instructions:
CLOSURE END: 
		 2: 
		 3: format->js def_%cl_1_4 format[3.1,2.2,] %self[2.0,] 	 SYMBOL:	 ARGS:format,
CLOSURE BEGIN: %self[2.0,] 
BB 1
	outgoing: 6 2 
	datadep: 
	instructions:
BB 2
	outgoing: 3 
	datadep: 
	instructions:
		 0: def_%self 
		 1: def_%cl_3_0 
		 2: COPY TYPE_CurrentScope def_%current_scope 
		 3: COPY TYPE_ScopeModule def_%current_module 
BB 3
	outgoing: 4 6 
	datadep: 
	instructions:
		 0: 
		 1: %self->ruby_code_from_view def_%cl_3_3 %self[2.0,] 	 SYMBOL:	 ARGS:
		 2: %cl_3_3->ruby_code_from_view def_%cl_3_4 %cl_3_3[3.1,] %self[3.1,2.0,] 	 SYMBOL:	 ARGS:%cl_3_3,
CLOSURE BEGIN: %self[3.1,2.0,] 
BB 1
	outgoing: 6 2 
	datadep: 
	instructions:
BB 2
	outgoing: 3 
	datadep: 
	instructions:
		 0: def_%self 
		 1: def_%cl_4_0 
		 2: RECEIVEARG def_rb_from_view 
		 3: COPY TYPE_CurrentScope def_%current_scope 
		 4: COPY TYPE_ScopeModule def_%current_module 
BB 3
	outgoing: 4 6 
	datadep: 
	instructions:
		 0: 
		 1: GETFIELD %self->user def_%cl_4_3 %self[2.0,] 
		 2: %cl_4_3->status def_%cl_4_4 %cl_4_3[3.1,] 	 SYMBOL:	 ARGS:
		 3: %cl_4_4->content def_%cl_4_5 %cl_4_4[3.2,] 	 SYMBOL:	 ARGS:
		 4: %self->escape_javascript def_%cl_4_6 %self[2.0,] %cl_4_5[3.3,] 	 SYMBOL:	 ARGS:%cl_4_5,
		 5: RETURN %cl_4_6[3.4,] %self[3.4,2.0,] 
BB 4
	outgoing: 6 
	datadep: 
	instructions:
		 0: def_%cl_4_7 
		 1: def_%cl_4_8 %cl_4_7[4.0,] 
		 2: RETURN %cl_4_8[4.1,] %self[2.0,] 
BB 6
	outgoing: 
	datadep: 
	instructions:
CLOSURE END: 
		 3: RETURN %cl_3_4[3.2,] %self[3.1,2.0,] 
BB 4
	outgoing: 6 
	datadep: 
	instructions:
		 0: def_%cl_3_5 
		 1: def_%cl_3_6 %cl_3_5[4.0,] 
		 2: RETURN %cl_3_6[4.1,] %self[2.0,] 
BB 6
	outgoing: 
	datadep: 
	instructions:
CLOSURE END: 
		 4: 
		 5: format->xml def_%cl_1_5 format[3.1,3.3,2.2,] %self[2.0,] 	 SYMBOL:	 ARGS:format,
CLOSURE BEGIN: error[] %self[2.0,] 
BB 1
	outgoing: 9 2 
	datadep: 
	instructions:
BB 2
	outgoing: 4 5 
	datadep: 
	instructions:
		 0: def_%self 
		 1: def_%cl_5_0 
		 2: COPY TYPE_CurrentScope def_%current_scope 
		 3: COPY TYPE_ScopeModule def_%current_module 
		 4: 
		 5: BRANCH error[] 
BB 4
	outgoing: 6 
	datadep: 
	instructions:
		 0: COPY TYPE_Symbol def_%cl_5_3 
		 1: 
BB 5
	outgoing: 6 
	datadep: 
	instructions:
		 0: COPY TYPE_Symbol def_%cl_5_3 
BB 6
	outgoing: 7 9 
	datadep: 
	instructions:
		 0: %self->head def_%cl_5_4 %self[2.0,] %cl_5_3[5.0,4.0,] 	 SYMBOL:	 ARGS:%cl_5_3,
		 1: RETURN %cl_5_4[6.0,] %self[6.0,2.0,] 
BB 7
	outgoing: 9 
	datadep: 
	instructions:
		 0: def_%cl_5_5 
		 1: def_%cl_5_6 %cl_5_5[7.0,] 
		 2: RETURN %cl_5_6[7.1,] %self[2.0,] 
BB 9
	outgoing: 
	datadep: 
	instructions:
CLOSURE END: 
		 6: RETURN %cl_1_5[3.5,] %self[2.0,] 
BB 4
	outgoing: 6 
	datadep: 
	instructions:
		 0: def_%cl_1_6 
		 1: def_%cl_1_7 %cl_1_6[4.0,] 
		 2: RETURN %cl_1_7[4.1,] %self[2.0,] 
BB 6
	outgoing: 
	datadep: 
	instructions:
CLOSURE END: 
		 3: RETURN %v_13[12.2,] %self[12.2,8.1,8.4,2.0,] 
BB 13
	outgoing: 15 
	datadep: 
	instructions:
		 0: RETURN %self[8.1,8.4,2.0,] 
BB 15
	outgoing: 
	datadep: 
	instructions:

SET IRMethod, name = reload_owner instanceMethod = true
BB 1
	outgoing: 3 2 
	datadep: 
	instructions:
BB 2
	outgoing: 3 
	datadep: 
	instructions:
		 0: def_%self 
		 1: def_%v_0 
		 2: COPY TYPE_CurrentScope def_%current_scope 
		 3: COPY TYPE_ScopeModule def_%current_module 
		 4: 
		 5: 
		 6: (Account) def_%v_3 
		 7: %v_3->owner def_%v_4 %v_3[2.6,] 	 SYMBOL:	 ARGS:Boolean,
		 8: 
		 9: RETURN %self[2.0,] 
BB 3
	outgoing: 
	datadep: 
	instructions:

SET IRMethod, name = user_track instanceMethod = true
BB 1
	outgoing: 11 2 
	datadep: 
	instructions:
BB 2
	outgoing: 3 9 
	datadep: 
	instructions:
		 0: def_%self 
		 1: def_%v_0 
		 2: COPY TYPE_CurrentScope def_%current_scope 
		 3: COPY TYPE_ScopeModule def_%current_module 
		 4: 
		 5: 
		 6: GETFIELD %self->logged_user def_%v_3 %self[2.0,] 
		 7: %v_3->nil? def_%v_4 %v_3[2.6,] 	 SYMBOL:	 ARGS:
		 8: %v_4->! def_%v_5 %v_4[2.7,] 	 SYMBOL:	 ARGS:
		 9: BRANCH %v_5[2.8,] 
BB 3
	outgoing: 4 5 
	datadep: 
	instructions:
		 0: 
		 1: %self->request def_%v_6 %self[2.0,] 	 SYMBOL:	 ARGS:
		 2: %v_6->method_symbol def_%v_7 %v_6[3.1,] 	 SYMBOL:	 ARGS:
		 3: %v_7->== def_%v_8 %v_7[3.2,] 	 SYMBOL:get,	 ARGS:Symbol,
		 4: BRANCH %v_8[3.3,] 
BB 4
	outgoing: 5 
	datadep: 
	instructions:
		 0: %self->request def_%v_9 %self[2.0,] 	 SYMBOL:	 ARGS:
		 1: %v_9->format def_%v_10 %v_9[4.0,] 	 SYMBOL:	 ARGS:
		 2: %v_10->== def_%v_11 %v_10[4.1,] 	 SYMBOL:html,	 ARGS:Symbol,
		 3: COPY TYPE_PASS def_%v_8 %v_11[4.2,] 
BB 5
	outgoing: 6 7 
	datadep: 
	instructions:
		 0: BRANCH %v_8[4.3,3.3,] 
BB 6
	outgoing: 8 
	datadep: 
	instructions:
		 0: %self->store_location def_%v_12 %self[2.0,] 	 SYMBOL:	 ARGS:
		 1: 
BB 7
	outgoing: 8 
	datadep: 
	instructions:
		 0: COPY TYPE_Nil def_%v_12 
BB 8
	outgoing: 10 
	datadep: 
	instructions:
		 0: 
		 1: GETFIELD %self->logged_user def_%v_13 %self[2.0,] 
		 2: (Time) def_%v_14 
		 3: %v_14->now def_%v_15 %v_14[8.2,] 	 SYMBOL:	 ARGS:
		 4: %v_15->utc def_%v_16 %v_15[8.3,] 	 SYMBOL:	 ARGS:
		 5: %v_13->update_attribute def_%v_17 %v_13[8.1,] %v_16[8.4,] 	 SYMBOL:last_visit,	 ARGS:Symbol,%v_16,
		 6: 
BB 9
	outgoing: 10 
	datadep: 
	instructions:
		 0: COPY TYPE_Nil def_%v_17 
BB 10
	outgoing: 11 
	datadep: 
	instructions:
		 0: 
		 1: RETURN %self[2.0,] 
BB 11
	outgoing: 
	datadep: 
	instructions:

SET IRMethod, name = set_time_zone instanceMethod = true
BB 1
	outgoing: 6 2 
	datadep: 
	instructions:
BB 2
	outgoing: 3 4 
	datadep: 
	instructions:
		 0: def_%self 
		 1: def_%v_0 
		 2: COPY TYPE_CurrentScope def_%current_scope 
		 3: COPY TYPE_ScopeModule def_%current_module 
		 4: 
		 5: 
		 6: GETFIELD %self->logged_user def_%v_3 %self[2.0,] 
		 7: BRANCH %v_3[2.6,] 
BB 3
	outgoing: 5 
	datadep: 
	instructions:
		 0: (Time) def_%v_4 
		 1: GETFIELD %self->logged_user def_%v_5 %self[2.0,] 
		 2: %v_5->time_zone def_%v_6 %v_5[3.1,] 	 SYMBOL:	 ARGS:
		 3: ATTRASSIGN %v_4->zone %v_6[3.2,] 
		 4: 
BB 4
	outgoing: 5 
	datadep: 
	instructions:
		 0: COPY TYPE_Nil def_%v_6 
BB 5
	outgoing: 6 
	datadep: 
	instructions:
		 0: (Time) def_%v_7 
		 1: %v_7->zone def_%v_8 %v_7[5.0,] 	 SYMBOL:	 ARGS:
		 2: %v_8->now def_%v_9 %v_8[5.1,] 	 SYMBOL:	 ARGS:
		 3: ATTRASSIGN %self->time_now %v_9[5.2,] 
		 4: RETURN %v_9[5.2,] %self[5.3,2.0,] 
BB 6
	outgoing: 
	datadep: 
	instructions:

SET IRMethod, name = grab_page instanceMethod = true
BB 1
	outgoing: 18 2 
	datadep: 
	instructions:
BB 2
	outgoing: 4 
	datadep: 
	instructions:
		 0: def_%self 
		 1: def_%v_0 
		 2: COPY TYPE_CurrentScope def_%current_scope 
		 3: COPY TYPE_ScopeModule def_%current_module 
		 4: 
		 5: 
		 6: GLOBALVAR $! def_%v_3 
BB 4
	outgoing: 5 6 10 
	datadep: 
	instructions:
		 0: 
		 1: 
		 2: (Page) def_%v_6 
		 3: %self->params def_%v_7 %self[2.0,] 	 SYMBOL:	 ARGS:
		 4: %v_7->[] def_%v_8 %v_7[4.3,] 	 SYMBOL:page_id,	 ARGS:Symbol,
		 5: %v_6->find def_%v_9 %v_6[4.2,] %v_8[4.4,] 	 SYMBOL:	 ARGS:%v_8,
		 6: ATTRASSIGN %self->page %v_9[4.5,] 
		 7: 
		 8: GETFIELD %self->page def_%v_10 %self[4.3,4.6,2.0,] 
		 9: GETFIELD %self->logged_user def_%v_11 %self[4.3,2.0,] 
		 10: %v_10->can_be_seen_by def_%v_12 %v_10[4.8,] %v_11[4.9,] 	 SYMBOL:	 ARGS:%v_11,
		 11: BRANCH %v_12[4.10,] 
BB 5
	outgoing: 8 
	datadep: 
	instructions:
		 0: COPY TYPE_Nil def_%v_13 
		 1: 
BB 6
	outgoing: 7 10 
	datadep: 
	instructions:
		 0: %self->error_status def_%v_14 %self[4.6,2.0,] 	 SYMBOL:insufficient_permissions,	 ARGS:Boolean,Symbol,
		 1: COPY TYPE_PASS def_%v_15 %v_14[6.0,] 
		 2: %v_3[2.6,] 
BB 7
	outgoing: 18 
	datadep: 
	instructions:
		 0: RETURN %v_15[6.1,] %self[4.6,2.0,] 
BB 8
	outgoing: 9 10 
	datadep: 
	instructions:
		 0: COPY TYPE_PASS def_%v_5 %v_13[5.0,] 
		 1: %v_3[2.6,] 
BB 9
	outgoing: 18 
	datadep: 
	instructions:
		 0: 
		 1: RETURN %self[4.6,2.0,] 
BB 10
	outgoing: 11 12 16 
	datadep: 
	instructions:
		 0: def_%v_16 
		 1: (ActiveRecord) def_%v_17 
		 2: (inherit RecordNotFound) def_%v_18 %v_17[10.1,] 
		 3: %v_18[10.2,] 
BB 11
	outgoing: 12 16 
	datadep: 
	instructions:
		 0: %v_17->const_missing def_%v_18 %v_17[10.1,] 	 SYMBOL:RecordNotFound,	 ARGS:Symbol,
BB 12
	outgoing: 13 14 16 
	datadep: 
	instructions:
		 0: def_%v_19 %v_18[11.0,10.2,] %v_16[10.0,] 
		 1: BRANCH %v_19[12.0,] 
BB 13
	outgoing: 16 18 
	datadep: 
	instructions:
		 0: %v_16[10.0,] 
BB 14
	outgoing: 15 16 
	datadep: 
	instructions:
		 0: 
		 1: %self->error_status def_%v_20 %self[4.6,2.0,] 	 SYMBOL:error_cannot_find_page,	 ARGS:Boolean,Symbol,
		 2: 
		 3: COPY TYPE_Boolean def_%v_21 
		 4: %v_3[2.6,] 
BB 15
	outgoing: 18 
	datadep: 
	instructions:
		 0: RETURN %v_21[14.3,] %self[4.6,2.0,] 
BB 16
	outgoing: 18 
	datadep: 
	instructions:
		 0: def_%v_22 
		 1: def_%v_23 %v_22[16.0,] %v_3[2.6,] 
		 2: %v_22[16.0,] 
BB 18
	outgoing: 
	datadep: 
	instructions:

SET IRMethod, name = grab_user instanceMethod = true
BB 1
	outgoing: 17 2 
	datadep: 
	instructions:
BB 2
	outgoing: 4 
	datadep: 
	instructions:
		 0: def_%self 
		 1: def_%v_0 
		 2: COPY TYPE_CurrentScope def_%current_scope 
		 3: COPY TYPE_ScopeModule def_%current_module 
		 4: 
		 5: 
		 6: GLOBALVAR $! def_%v_3 
BB 4
	outgoing: 5 6 9 
	datadep: 
	instructions:
		 0: 
		 1: 
		 2: %self->params def_%v_6 %self[2.0,] 	 SYMBOL:	 ARGS:
		 3: %v_6->has_key? def_%v_7 %v_6[4.2,] 	 SYMBOL:user_id,	 ARGS:Symbol,
		 4: BRANCH %v_7[4.3,] 
BB 5
	outgoing: 7 9 
	datadep: 
	instructions:
		 0: (User) def_%v_8 
		 1: %self->params def_%v_9 %self[2.0,] 	 SYMBOL:	 ARGS:
		 2: %v_9->[] def_%v_10 %v_9[5.1,] 	 SYMBOL:user_id,	 ARGS:Symbol,
		 3: %v_8->find def_%v_11 %v_8[5.0,] %v_10[5.2,] 	 SYMBOL:	 ARGS:%v_10,
		 4: 
BB 6
	outgoing: 7 
	datadep: 
	instructions:
		 0: GETFIELD %self->logged_user def_%v_12 %self[2.0,] 
		 1: COPY TYPE_PASS def_%v_11 %v_12[6.0,] 
BB 7
	outgoing: 8 9 
	datadep: 
	instructions:
		 0: ATTRASSIGN %self->user %v_11[6.1,5.3,] 
		 1: COPY TYPE_PASS def_%v_5 %v_11[6.1,5.3,] 
		 2: %v_3[2.6,] 
BB 8
	outgoing: 17 
	datadep: 
	instructions:
		 0: 
		 1: RETURN %self[7.0,2.0,] 
BB 9
	outgoing: 10 11 15 
	datadep: 
	instructions:
		 0: def_%v_13 
		 1: (ActiveRecord) def_%v_14 
		 2: (inherit RecordNotFound) def_%v_15 %v_14[9.1,] 
		 3: %v_15[9.2,] 
BB 10
	outgoing: 11 15 
	datadep: 
	instructions:
		 0: %v_14->const_missing def_%v_15 %v_14[9.1,] 	 SYMBOL:RecordNotFound,	 ARGS:Symbol,
BB 11
	outgoing: 12 13 15 
	datadep: 
	instructions:
		 0: def_%v_16 %v_15[10.0,9.2,] %v_13[9.0,] 
		 1: BRANCH %v_16[11.0,] 
BB 12
	outgoing: 15 17 
	datadep: 
	instructions:
		 0: %v_13[9.0,] 
BB 13
	outgoing: 14 15 
	datadep: 
	instructions:
		 0: 
		 1: %self->error_status def_%v_17 %self[7.0,2.0,] 	 SYMBOL:error_cannot_find_user,	 ARGS:Boolean,Symbol,
		 2: 
		 3: COPY TYPE_Boolean def_%v_18 
		 4: %v_3[2.6,] 
BB 14
	outgoing: 17 
	datadep: 
	instructions:
		 0: RETURN %v_18[13.3,] %self[7.0,2.0,] 
BB 15
	outgoing: 17 
	datadep: 
	instructions:
		 0: def_%v_19 
		 1: def_%v_20 %v_19[15.0,] %v_3[2.6,] 
		 2: %v_19[15.0,] 
BB 17
	outgoing: 
	datadep: 
	instructions:

SET IRMethod, name = public_auth instanceMethod = true
BB 1
	outgoing: 4 2 
	datadep: 
	instructions:
BB 2
	outgoing: 4 
	datadep: 
	instructions:
		 0: def_%self 
		 1: def_%v_0 
		 2: COPY TYPE_CurrentScope def_%current_scope 
		 3: COPY TYPE_ScopeModule def_%current_module 
		 4: 
		 5: 
		 6: (User) def_%v_3 
		 7: COPY TYPE_StringLiteral "Anonymous" def_%v_4 
		 8: HASH-display_name- def_%v_5 %v_4[2.7,] 
		 9: %v_3->new def_%v_6 %v_3[2.6,] %v_5[2.8,] 	 SYMBOL:	 ARGS:%v_5,
		 10: ATTRASSIGN %self->logged_user %v_6[2.9,] 
		 11: 
		 12: GETFIELD %self->logged_user def_%v_7 %self[2.0,2.10,] 
		 13: COPY TYPE_StringLiteral "anonymous" def_%v_8 
		 14: ATTRASSIGN %v_7->username %v_8[2.13,] 
		 15: 
		 16: GETFIELD %self->logged_user def_%v_9 %self[2.0,2.10,] 
		 17: ATTRASSIGN %v_9->is_anonymous 
		 18: 
		 19: RETURN %self[2.0,2.10,] 
BB 4
	outgoing: 
	datadep: 
	instructions:

SET IRMethod, name = calculate_position instanceMethod = true
BB 1
	outgoing: 12 2 
	datadep: 
	instructions:
BB 2
	outgoing: 3 10 
	datadep: 
	instructions:
		 0: def_%self 
		 1: def_%v_0 
		 2: COPY TYPE_CurrentScope def_%current_scope 
		 3: COPY TYPE_ScopeModule def_%current_module 
		 4: 
		 5: 
		 6: %self->params def_%v_3 %self[2.0,] 	 SYMBOL:	 ARGS:
		 7: %v_3->[] def_%v_4 %v_3[2.6,] 	 SYMBOL:position,	 ARGS:Symbol,
		 8: %v_4->nil? def_%v_5 %v_4[2.7,] 	 SYMBOL:	 ARGS:
		 9: %v_5->! def_%v_6 %v_5[2.8,] 	 SYMBOL:	 ARGS:
		 10: BRANCH %v_6[2.9,] 
BB 3
	outgoing: 4 5 
	datadep: 
	instructions:
		 0: 
		 1: %self->params def_%v_7 %self[2.0,] 	 SYMBOL:	 ARGS:
		 2: %v_7->[] def_%v_8 %v_7[3.1,] 	 SYMBOL:position,	 ARGS:Symbol,
		 3: COPY TYPE_PASS def_pos %v_8[3.2,] 
		 4: 
		 5: %v_8->[] def_%v_9 %v_8[3.2,] 	 SYMBOL:slot,	 ARGS:Symbol,
		 6: %v_9->to_i def_%v_10 %v_9[3.5,] 	 SYMBOL:	 ARGS:
		 7: ATTRASSIGN %self->insert_id %v_10[3.6,] 
		 8: 
		 9: GETFIELD %self->insert_id def_%v_11 %self[3.1,3.7,2.0,] 
		 10: %v_11->< def_%v_12 %v_11[3.9,] 	 SYMBOL:	 ARGS:Fixnum,
		 11: BRANCH %v_12[3.10,] 
BB 4
	outgoing: 9 
	datadep: 
	instructions:
		 0: 
		 1: ATTRASSIGN %self->insert_id 
		 2: 
		 3: ATTRASSIGN %self->insert_before 
		 4: 
		 5: ATTRASSIGN %self->insert_footer 
		 6: COPY TYPE_Boolean def_%v_13 
		 7: 
BB 5
	outgoing: 6 7 
	datadep: 
	instructions:
		 0: 
		 1: GETFIELD %self->insert_id def_%v_14 %self[3.7,2.0,] 
		 2: %v_14->== def_%v_15 %v_14[5.1,] 	 SYMBOL:	 ARGS:Fixnum,
		 3: BRANCH %v_15[5.2,] 
BB 6
	outgoing: 8 
	datadep: 
	instructions:
		 0: COPY TYPE_Boolean def_%v_16 
		 1: 
BB 7
	outgoing: 8 
	datadep: 
	instructions:
		 0: pos->[] def_%v_17 pos[3.3,] 	 SYMBOL:before,	 ARGS:Symbol,
		 1: %v_17->to_i def_%v_18 %v_17[7.0,] 	 SYMBOL:	 ARGS:
		 2: %v_18->== def_%v_19 %v_18[7.1,] 	 SYMBOL:	 ARGS:Fixnum,
		 3: COPY TYPE_PASS def_%v_16 %v_19[7.2,] 
BB 8
	outgoing: 9 
	datadep: 
	instructions:
		 0: ATTRASSIGN %self->insert_before %v_16[7.3,6.0,] 
		 1: 
		 2: ATTRASSIGN %self->insert_footer 
		 3: COPY TYPE_Boolean def_%v_13 
BB 9
	outgoing: 12 
	datadep: 
	instructions:
		 0: RETURN %v_13[8.3,4.6,] %self[8.0,8.2,4.1,4.3,4.5,3.7,2.0,] 
BB 10
	outgoing: 12 
	datadep: 
	instructions:
		 0: 
		 1: ATTRASSIGN %self->insert_id 
		 2: 
		 3: ATTRASSIGN %self->insert_before 
		 4: 
		 5: ATTRASSIGN %self->insert_footer 
		 6: RETURN %self[10.1,10.3,10.5,2.0,] 
BB 12
	outgoing: 
	datadep: 
	instructions:

SET IRMethod, name = save_slot instanceMethod = true
BB 1
	outgoing: 9 2 
	datadep: 
	instructions:
BB 2
	outgoing: 3 4 
	datadep: 
	instructions:
		 0: def_%self 
		 1: def_%v_0 
		 2: COPY TYPE_CurrentScope def_%current_scope 
		 3: COPY TYPE_ScopeModule def_%current_module 
		 4: 
		 5: RECEIVEARG def_obj 
		 6: 
		 7: GETFIELD %self->page def_%v_3 %self[2.0,] 
		 8: GETFIELD %self->insert_id def_%v_4 %self[2.0,] 
		 9: GETFIELD %self->insert_before def_%v_5 %self[2.0,] 
		 10: %v_3->new_slot_at def_%v_6 %v_3[2.7,] obj[2.5,] %v_4[2.8,] %v_5[2.9,] 	 SYMBOL:	 ARGS:obj,%v_4,%v_5,
		 11: ATTRASSIGN %self->slot %v_6[2.10,] 
		 12: 
		 13: 
		 14: GETFIELD %self->insert_footer def_%v_7 %self[2.0,] 
		 15: BRANCH %v_7[2.14,] 
BB 3
	outgoing: 9 
	datadep: 
	instructions:
		 0: COPY TYPE_StringLiteral "page_slot_footer" def_%v_8 
		 1: ATTRASSIGN %self->insert_element %v_8[3.0,] 
		 2: 
		 3: ATTRASSIGN %self->insert_before 
		 4: COPY TYPE_Boolean def_%v_9 
		 5: RETURN %self[3.1,3.3,2.0,2.11,] 
BB 4
	outgoing: 5 6 
	datadep: 
	instructions:
		 0: 
		 1: GETFIELD %self->insert_id def_%v_10 %self[2.0,] 
		 2: %v_10->== def_%v_11 %v_10[4.1,] 	 SYMBOL:	 ARGS:Fixnum,
		 3: BRANCH %v_11[4.2,] 
BB 5
	outgoing: 7 
	datadep: 
	instructions:
		 0: COPY TYPE_StringLiteral "page_slot_footer" def_%v_12 
		 1: 
BB 6
	outgoing: 7 
	datadep: 
	instructions:
		 0: COPY TYPE_StringLiteral "page_slot_" def_%v_13 
		 1: GETFIELD %self->insert_id def_%v_14 %self[2.0,] 
		 2: BUILDSTRING def_%v_15 %v_13[6.0,] %v_14[6.1,] 
		 3: COPY TYPE_PASS def_%v_12 %v_15[6.2,] 
BB 7
	outgoing: 9 
	datadep: 
	instructions:
		 0: ATTRASSIGN %self->insert_element %v_12[6.3,5.0,] 
		 1: RETURN %v_12[6.3,5.0,] %self[7.0,2.0,2.11,] 
BB 9
	outgoing: 
	datadep: 
	instructions:

SET IRMethod, name = demo_mode? instanceMethod = true
BB 1
	outgoing: 3 2 
	datadep: 
	instructions:
BB 2
	outgoing: 3 
	datadep: 
	instructions:
		 0: def_%self 
		 1: def_%v_0 
		 2: COPY TYPE_CurrentScope def_%current_scope 
		 3: COPY TYPE_ScopeModule def_%current_module 
		 4: 
		 5: 
		 6: (APP_CONFIG) def_%v_3 
		 7: COPY TYPE_StringLiteral "demo_mode" def_%v_4 
		 8: %v_3->[] def_%v_5 %v_3[2.6,] %v_4[2.7,] 	 SYMBOL:	 ARGS:%v_4,
		 9: RETURN %v_5[2.8,] %self[2.0,] 
BB 3
	outgoing: 
	datadep: 
	instructions:

SET IRMethod, name = admin_in_demo_mode? instanceMethod = true
BB 1
	outgoing: 5 2 
	datadep: 
	instructions:
BB 2
	outgoing: 3 4 
	datadep: 
	instructions:
		 0: def_%self 
		 1: def_%v_0 
		 2: COPY TYPE_CurrentScope def_%current_scope 
		 3: COPY TYPE_ScopeModule def_%current_module 
		 4: 
		 5: 
		 6: GETFIELD %self->logged_user def_%v_3 %self[2.0,] 
		 7: %v_3->is_admin def_%v_4 %v_3[2.6,] 	 SYMBOL:	 ARGS:
		 8: BRANCH %v_4[2.7,] 
BB 3
	outgoing: 5 
	datadep: 
	instructions:
		 0: %self->demo_mode? def_%v_5 %self[2.0,] 	 SYMBOL:	 ARGS:
		 1: RETURN %v_5[3.0,] %self[3.0,2.0,] 
BB 4
	outgoing: 5 
	datadep: 
	instructions:
		 0: RETURN %v_4[2.7,] %self[2.0,] 
BB 5
	outgoing: 
	datadep: 
	instructions:

