SET IRMethod, name = index instanceMethod = true
BB 1
	outgoing: 3 2 
	datadep: 
	instructions:
BB 2
	outgoing: 3 
	datadep: 
	instructions:
		 0: def_%self 
		 1: def_%v_0 
		 2: COPY TYPE_CurrentScope def_%current_scope 
		 3: COPY TYPE_ScopeModule def_%current_module 
		 4: 
		 5: 
		 6: (Tag) def_%v_3 
		 7: COPY TYPE_StringLiteral "rel_object_type" def_%v_4 
		 8: COPY TYPE_StringLiteral "Page" def_%v_5 
		 9: COPY TYPE_StringLiteral "rel_object_id" def_%v_6 
		 10: GETFIELD %self->logged_user def_%v_7 %self[2.0,] 
		 11: %v_7->page_ids def_%v_8 %v_7[2.10,] 	 SYMBOL:	 ARGS:
		 12: HASH- def_%v_9 %v_4[2.7,] %v_5[2.8,] %v_6[2.9,] %v_8[2.11,] 
		 13: %v_3->where def_%v_10 %v_3[2.6,] %v_9[2.12,] 	 SYMBOL:	 ARGS:%v_9,
		 14: %v_10->all def_%v_11 %v_10[2.13,] 	 SYMBOL:	 ARGS:
		 15: ATTRASSIGN %self->tags %v_11[2.14,] 
		 16: 
		 17: %self->respond_to def_%v_12 %self[2.0,2.15,] %self[2.0,2.15,] 	 SYMBOL:	 ARGS:%self,
CLOSURE BEGIN: format[] %self[2.0,2.15,] 
BB 1
	outgoing: 6 2 
	datadep: 
	instructions:
BB 2
	outgoing: 3 
	datadep: 
	instructions:
		 0: def_%self 
		 1: def_%cl_1_0 
		 2: RECEIVEARG def_format 
		 3: COPY TYPE_CurrentScope def_%current_scope 
		 4: COPY TYPE_ScopeModule def_%current_module 
BB 3
	outgoing: 4 6 
	datadep: 
	instructions:
		 0: 
		 1: format->html def_%cl_1_3 format[2.2,] 	 SYMBOL:	 ARGS:
		 2: 
		 3: format->xml def_%cl_1_4 format[3.1,2.2,] %self[2.0,] 	 SYMBOL:	 ARGS:format,
CLOSURE BEGIN: %self[2.0,] 
BB 1
	outgoing: 6 2 
	datadep: 
	instructions:
BB 2
	outgoing: 3 
	datadep: 
	instructions:
		 0: def_%self 
		 1: def_%cl_2_0 
		 2: COPY TYPE_CurrentScope def_%current_scope 
		 3: COPY TYPE_ScopeModule def_%current_module 
BB 3
	outgoing: 4 6 
	datadep: 
	instructions:
		 0: 
		 1: GETFIELD %self->tags def_%cl_2_3 %self[2.0,] 
		 2: HASH-xml- def_%cl_2_4 %cl_2_3[3.1,] 
		 3: %self->render def_%cl_2_5 %self[2.0,] %cl_2_4[3.2,] 	 SYMBOL:	 ARGS:%cl_2_4,
		 4: RETURN %cl_2_5[3.3,] %self[3.3,2.0,] 
BB 4
	outgoing: 6 
	datadep: 
	instructions:
		 0: def_%cl_2_6 
		 1: def_%cl_2_7 %cl_2_6[4.0,] 
		 2: RETURN %cl_2_7[4.1,] %self[2.0,] 
BB 6
	outgoing: 
	datadep: 
	instructions:
CLOSURE END: 
		 4: RETURN %cl_1_4[3.3,] %self[2.0,] 
BB 4
	outgoing: 6 
	datadep: 
	instructions:
		 0: def_%cl_1_5 
		 1: def_%cl_1_6 %cl_1_5[4.0,] 
		 2: RETURN %cl_1_6[4.1,] %self[2.0,] 
BB 6
	outgoing: 
	datadep: 
	instructions:
CLOSURE END: 
		 18: RETURN %v_12[2.17,] %self[2.0,2.15,2.17,] 
BB 3
	outgoing: 
	datadep: 
	instructions:

SET IRMethod, name = show instanceMethod = true
BB 1
	outgoing: 3 2 
	datadep: 
	instructions:
BB 2
	outgoing: 3 
	datadep: 
	instructions:
		 0: def_%self 
		 1: def_%v_0 
		 2: COPY TYPE_CurrentScope def_%current_scope 
		 3: COPY TYPE_ScopeModule def_%current_module 
		 4: 
		 5: 
		 6: (Tag) def_%v_3 
		 7: %self->params def_%v_4 %self[2.0,] 	 SYMBOL:	 ARGS:
		 8: %v_4->[] def_%v_5 %v_4[2.7,] 	 SYMBOL:id,	 ARGS:Symbol,
		 9: %v_3->find def_%v_6 %v_3[2.6,] %v_5[2.8,] 	 SYMBOL:	 ARGS:%v_5,
		 10: ATTRASSIGN %self->tag %v_6[2.9,] 
		 11: 
		 12: %self->respond_to def_%v_7 %self[2.0,2.7,2.10,] %self[2.0,2.7,2.10,] 	 SYMBOL:	 ARGS:%self,
CLOSURE BEGIN: format[] %self[2.0,2.7,2.10,] 
BB 1
	outgoing: 6 2 
	datadep: 
	instructions:
BB 2
	outgoing: 3 
	datadep: 
	instructions:
		 0: def_%self 
		 1: def_%cl_1_0 
		 2: RECEIVEARG def_format 
		 3: COPY TYPE_CurrentScope def_%current_scope 
		 4: COPY TYPE_ScopeModule def_%current_module 
BB 3
	outgoing: 4 6 
	datadep: 
	instructions:
		 0: 
		 1: format->html def_%cl_1_3 format[2.2,] 	 SYMBOL:	 ARGS:
		 2: 
		 3: format->xml def_%cl_1_4 format[3.1,2.2,] %self[2.0,] 	 SYMBOL:	 ARGS:format,
CLOSURE BEGIN: %self[2.0,] 
BB 1
	outgoing: 6 2 
	datadep: 
	instructions:
BB 2
	outgoing: 3 
	datadep: 
	instructions:
		 0: def_%self 
		 1: def_%cl_2_0 
		 2: COPY TYPE_CurrentScope def_%current_scope 
		 3: COPY TYPE_ScopeModule def_%current_module 
BB 3
	outgoing: 4 6 
	datadep: 
	instructions:
		 0: 
		 1: %self->ruby_code_from_view def_%cl_2_3 %self[2.0,] 	 SYMBOL:	 ARGS:
		 2: %cl_2_3->ruby_code_from_view def_%cl_2_4 %cl_2_3[3.1,] %self[3.1,2.0,] 	 SYMBOL:	 ARGS:%cl_2_3,
CLOSURE BEGIN: %self[3.1,2.0,] 
BB 1
	outgoing: 6 2 
	datadep: 
	instructions:
BB 2
	outgoing: 3 
	datadep: 
	instructions:
		 0: def_%self 
		 1: def_%cl_3_0 
		 2: RECEIVEARG def_rb_from_view 
		 3: COPY TYPE_CurrentScope def_%current_scope 
		 4: COPY TYPE_ScopeModule def_%current_module 
BB 3
	outgoing: 4 6 
	datadep: 
	instructions:
		 0: 
		 1: %self->show def_%cl_3_3 %self[2.0,] 	 SYMBOL:	 ARGS:
		 2: COPY TYPE_Array def_%cl_3_4 %cl_3_3[3.1,] 
		 3: HASH-tags- def_%cl_3_5 %cl_3_4[3.2,] 
		 4: %self->pages_url def_%cl_3_6 %self[3.1,2.0,] %cl_3_5[3.3,] 	 SYMBOL:	 ARGS:%cl_3_5,
		 5: 
		 6: %self->show def_%cl_3_7 %self[3.1,3.4,2.0,] 	 SYMBOL:	 ARGS:
		 7: %self->h def_%cl_3_8 %self[3.1,3.4,3.6,2.0,] %cl_3_7[3.6,] 	 SYMBOL:	 ARGS:%cl_3_7,
		 8: RETURN %cl_3_8[3.7,] %self[3.1,3.4,3.6,3.7,2.0,] 
BB 4
	outgoing: 6 
	datadep: 
	instructions:
		 0: def_%cl_3_9 
		 1: def_%cl_3_10 %cl_3_9[4.0,] 
		 2: RETURN %cl_3_10[4.1,] %self[2.0,] 
BB 6
	outgoing: 
	datadep: 
	instructions:
CLOSURE END: 
		 3: RETURN %cl_2_4[3.2,] %self[3.1,2.0,] 
BB 4
	outgoing: 6 
	datadep: 
	instructions:
		 0: def_%cl_2_5 
		 1: def_%cl_2_6 %cl_2_5[4.0,] 
		 2: RETURN %cl_2_6[4.1,] %self[2.0,] 
BB 6
	outgoing: 
	datadep: 
	instructions:
CLOSURE END: 
		 4: RETURN %cl_1_4[3.3,] %self[2.0,] 
BB 4
	outgoing: 6 
	datadep: 
	instructions:
		 0: def_%cl_1_5 
		 1: def_%cl_1_6 %cl_1_5[4.0,] 
		 2: RETURN %cl_1_6[4.1,] %self[2.0,] 
BB 6
	outgoing: 
	datadep: 
	instructions:
CLOSURE END: 
		 13: 
		 14: %self->ruby_code_from_view def_%v_8 %self[2.0,2.7,2.10,2.12,] 	 SYMBOL:	 ARGS:
		 15: %v_8->ruby_code_from_view def_%v_9 %v_8[2.14,] %self[2.0,2.7,2.10,2.12,2.14,] 	 SYMBOL:	 ARGS:%v_8,
CLOSURE BEGIN: %self[2.0,2.7,2.10,2.12,2.14,] 
BB 1
	outgoing: 6 2 
	datadep: 
	instructions:
BB 2
	outgoing: 3 
	datadep: 
	instructions:
		 0: def_%self 
		 1: def_%cl_4_0 
		 2: RECEIVEARG def_rb_from_view 
		 3: COPY TYPE_CurrentScope def_%current_scope 
		 4: COPY TYPE_ScopeModule def_%current_module 
BB 3
	outgoing: 4 6 
	datadep: 
	instructions:
		 0: 
		 1: %self->show def_%cl_4_3 %self[2.0,] 	 SYMBOL:	 ARGS:
		 2: COPY TYPE_Array def_%cl_4_4 %cl_4_3[3.1,] 
		 3: HASH-tags- def_%cl_4_5 %cl_4_4[3.2,] 
		 4: %self->pages_url def_%cl_4_6 %self[3.1,2.0,] %cl_4_5[3.3,] 	 SYMBOL:	 ARGS:%cl_4_5,
		 5: 
		 6: %self->show def_%cl_4_7 %self[3.1,3.4,2.0,] 	 SYMBOL:	 ARGS:
		 7: %self->h def_%cl_4_8 %self[3.1,3.4,3.6,2.0,] %cl_4_7[3.6,] 	 SYMBOL:	 ARGS:%cl_4_7,
		 8: RETURN %cl_4_8[3.7,] %self[3.1,3.4,3.6,3.7,2.0,] 
BB 4
	outgoing: 6 
	datadep: 
	instructions:
		 0: def_%cl_4_9 
		 1: def_%cl_4_10 %cl_4_9[4.0,] 
		 2: RETURN %cl_4_10[4.1,] %self[2.0,] 
BB 6
	outgoing: 
	datadep: 
	instructions:
CLOSURE END: 
		 16: RETURN %v_9[2.15,] %self[2.0,2.7,2.10,2.12,2.14,] 
BB 3
	outgoing: 
	datadep: 
	instructions:

