SET IRMethod, name = family_avatar_path instanceMethod = true
BB 1
	outgoing: 11 2 
	datadep: 
	instructions:
BB 2
	outgoing: 3 4 
	datadep: 
	instructions:
		 0: def_%self 
		 1: def_%v_0 
		 2: COPY TYPE_CurrentScope def_%current_scope 
		 3: COPY TYPE_ScopeModule def_%current_module 
		 4: 
		 5: RECEIVEARG def_family 
		 6: RECEIVECONSTARG def_size 
		 7: size[2.6,] 
BB 3
	outgoing: 4 
	datadep: 
	instructions:
		 0: COPY TYPE_Symbol def_size 
BB 4
	outgoing: 5 6 
	datadep: 
	instructions:
		 0: Line Number 2
		 1: family->try def_%v_3 family[2.5,] 	 SYMBOL:photo,	 ARGS:Symbol,
		 2: %v_3->try def_%v_4 %v_3[4.1,] 	 SYMBOL:exists?,	 ARGS:Symbol,
		 3: BRANCH %v_4[4.2,] 
BB 5
	outgoing: 11 
	datadep: 
	instructions:
		 0: Line Number 3
		 1: family->photo def_%v_5 family[2.5,] 	 SYMBOL:	 ARGS:
		 2: %v_5->url def_%v_6 %v_5[5.1,] size[3.0,2.6,] 	 SYMBOL:	 ARGS:size,
		 3: RETURN %v_6[5.2,] %self[2.0,] 
BB 6
	outgoing: 7 8 
	datadep: 
	instructions:
		 0: Line Number 5
		 1: size->== def_%v_7 size[3.0,2.6,] 	 SYMBOL:tn,	 ARGS:Symbol,
		 2: BRANCH %v_7[6.1,] 
BB 7
	outgoing: 9 
	datadep: 
	instructions:
		 0: COPY TYPE_Nil def_%v_8 
		 1: 
BB 8
	outgoing: 9 
	datadep: 
	instructions:
		 0: COPY TYPE_Symbol def_size 
		 1: COPY TYPE_Symbol def_%v_8 
BB 9
	outgoing: 11 
	datadep: 
	instructions:
		 0: Line Number 6
		 1: COPY TYPE_StringLiteral "family." def_%v_9 
		 2: COPY TYPE_StringLiteral ".jpg" def_%v_10 
		 3: BUILDSTRING def_%v_11 %v_9[9.1,] size[8.0,3.0,2.6,] %v_10[9.2,] 
		 4: %self->image_path def_%v_12 %self[2.0,] %v_11[9.3,] 	 SYMBOL:	 ARGS:%v_11,
		 5: RETURN %v_12[9.4,] %self[9.4,2.0,] 
BB 11
	outgoing: 
	datadep: 
	instructions:

SET IRMethod, name = family_avatar_tag instanceMethod = true
BB 1
	outgoing: 5 2 
	datadep: 
	instructions:
BB 2
	outgoing: 3 4 
	datadep: 
	instructions:
		 0: def_%self 
		 1: def_%v_0 
		 2: COPY TYPE_CurrentScope def_%current_scope 
		 3: COPY TYPE_ScopeModule def_%current_module 
		 4: 
		 5: RECEIVEARG def_family 
		 6: RECEIVECONSTARG def_options 
		 7: options[2.6,] 
BB 3
	outgoing: 4 
	datadep: 
	instructions:
		 0: HASH- def_%v_3 
		 1: COPY TYPE_PASS def_options %v_3[3.0,] 
BB 4
	outgoing: 5 
	datadep: 
	instructions:
		 0: Line Number 11
		 1: family->try def_%v_4 family[2.5,] 	 SYMBOL:name,	 ARGS:Symbol,
		 2: HASH-size-alt- def_%v_5 %v_4[4.1,] 
		 3: options->reverse_merge! def_%v_6 options[3.1,2.6,] %v_5[4.2,] 	 SYMBOL:	 ARGS:%v_5,
		 4: Line Number 12
		 5: COPY TYPE_StringLiteral "avatar " def_%v_7 
		 6: options->[] def_%v_8 options[4.3,3.1,2.6,] 	 SYMBOL:size,	 ARGS:Symbol,
		 7: COPY TYPE_StringLiteral " " def_%v_9 
		 8: options->[] def_%v_10 options[4.3,4.6,3.1,2.6,] 	 SYMBOL:class,	 ARGS:Symbol,
		 9: COPY TYPE_StringLiteral " fit-width" def_%v_11 
		 10: BUILDSTRING def_%v_12 %v_7[4.5,] %v_8[4.6,] %v_9[4.7,] %v_10[4.8,] %v_11[4.9,] 
		 11: HASH-class- def_%v_13 %v_12[4.10,] 
		 12: options->reverse_merge! def_%v_14 options[4.3,4.6,4.8,3.1,2.6,] %v_13[4.11,] 	 SYMBOL:	 ARGS:%v_13,
		 13: Line Number 13
		 14: COPY TYPE_StringLiteral "family" def_%v_15 
		 15: family->id def_%v_16 family[4.1,2.5,] 	 SYMBOL:	 ARGS:
		 16: BUILDSTRING def_%v_17 %v_15[4.14,] %v_16[4.15,] 
		 17: options->[] def_%v_18 options[4.3,4.6,4.8,4.12,3.1,2.6,] 	 SYMBOL:size,	 ARGS:Symbol,
		 18: HASH-id-size- def_%v_19 %v_17[4.16,] %v_18[4.17,] 
		 19: HASH-data- def_%v_20 %v_19[4.18,] 
		 20: options->reverse_merge! def_%v_21 options[4.3,4.6,4.8,4.12,4.17,3.1,2.6,] %v_20[4.19,] 	 SYMBOL:	 ARGS:%v_20,
		 21: Line Number 14
		 22: options->delete def_%v_22 options[4.3,4.6,4.8,4.12,4.17,4.20,3.1,2.6,] 	 SYMBOL:size,	 ARGS:Symbol,
		 23: %self->family_avatar_path def_%v_23 %self[2.0,] family[4.1,4.15,2.5,] %v_22[4.22,] 	 SYMBOL:	 ARGS:family,%v_22,
		 24: %self->image_tag def_%v_24 %self[4.23,2.0,] %v_23[4.23,] options[4.3,4.6,4.8,4.12,4.17,4.20,4.22,3.1,2.6,] 	 SYMBOL:	 ARGS:%v_23,options,
		 25: RETURN %v_24[4.24,] %self[4.23,4.24,2.0,] 
BB 5
	outgoing: 
	datadep: 
	instructions:

SET IRMethod, name = show_family_name_suggestion instanceMethod = true
BB 1
	outgoing: 7 2 
	datadep: 
	instructions:
BB 2
	outgoing: 3 4 
	datadep: 
	instructions:
		 0: def_%self 
		 1: def_%v_0 
		 2: COPY TYPE_CurrentScope def_%current_scope 
		 3: COPY TYPE_ScopeModule def_%current_module 
		 4: 
		 5: Line Number 18
		 6: GETFIELD %self->logged_in def_%v_3 %self[2.0,] 
		 7: %v_3->admin? def_%v_4 %v_3[2.6,] 	 SYMBOL:edit_profiles,	 ARGS:Symbol,
		 8: BRANCH %v_4[2.7,] 
BB 3
	outgoing: 4 
	datadep: 
	instructions:
		 0: GETFIELD %self->family def_%v_5 %self[2.0,] 
		 1: %v_5->people def_%v_6 %v_5[3.0,] 	 SYMBOL:	 ARGS:
		 2: %v_6->any? def_%v_7 %v_6[3.1,] 	 SYMBOL:	 ARGS:
		 3: COPY TYPE_PASS def_%v_4 %v_7[3.2,] 
BB 4
	outgoing: 5 6 
	datadep: 
	instructions:
		 0: BRANCH %v_4[3.3,2.7,] 
BB 5
	outgoing: 7 
	datadep: 
	instructions:
		 0: GETFIELD %self->family def_%v_8 %self[2.0,] 
		 1: %v_8->suggest_name? def_%v_9 %v_8[5.0,] 	 SYMBOL:	 ARGS:
		 2: RETURN %v_9[5.1,] %self[2.0,] 
BB 6
	outgoing: 7 
	datadep: 
	instructions:
		 0: RETURN %v_4[3.3,2.7,] %self[2.0,] 
BB 7
	outgoing: 
	datadep: 
	instructions:

