SET IRMethod, name = nav_links instanceMethod = true
BB 1
	outgoing: 3 2 
	datadep: 
	instructions:
BB 2
	outgoing: 3 
	datadep: 
	instructions:
		 0: def_%self 
		 1: def_%v_0 
		 2: COPY TYPE_CurrentScope def_%current_scope 
		 3: COPY TYPE_ScopeModule def_%current_module 
		 4: 
		 5: Line Number 2
		 6: COPY TYPE_Array def_%v_3 
		 7: %v_3->tap def_%v_4 %v_3[2.6,] %self[2.0,] 	 SYMBOL:	 ARGS:%v_3,
CLOSURE BEGIN: %self[2.0,] links[] 
BB 1
	outgoing: 9 2 
	datadep: 
	instructions:
BB 2
	outgoing: 3 
	datadep: 
	instructions:
		 0: def_%self 
		 1: def_%cl_1_0 
		 2: RECEIVEARG def_links 
		 3: COPY TYPE_CurrentScope def_%current_scope 
		 4: COPY TYPE_ScopeModule def_%current_module 
BB 3
	outgoing: 4 5 7 
	datadep: 
	instructions:
		 0: Line Number 3
		 1: %self->home_nav_link def_%cl_1_3 %self[2.0,] 	 SYMBOL:	 ARGS:
		 2: links-><< def_%cl_1_4 links[2.2,] %cl_1_3[3.1,] 	 SYMBOL:	 ARGS:%cl_1_3,
		 3: Line Number 4
		 4: %self->profile_nav_link def_%cl_1_5 %self[3.1,2.0,] 	 SYMBOL:	 ARGS:
		 5: links-><< def_%cl_1_6 links[3.2,2.2,] %cl_1_5[3.4,] 	 SYMBOL:	 ARGS:%cl_1_5,
		 6: Line Number 5
		 7: (Setting) def_%cl_1_7 
		 8: %cl_1_7->get def_%cl_1_8 %cl_1_7[3.7,] 	 SYMBOL:features,groups,	 ARGS:Symbol,Symbol,
		 9: BRANCH %cl_1_8[3.8,] 
BB 4
	outgoing: 6 7 
	datadep: 
	instructions:
		 0: %self->groups_nav_link def_%cl_1_9 %self[2.0,] 	 SYMBOL:	 ARGS:
		 1: links-><< def_%cl_1_10 links[2.2,] %cl_1_9[4.0,] 	 SYMBOL:	 ARGS:%cl_1_9,
		 2: 
BB 5
	outgoing: 6 
	datadep: 
	instructions:
		 0: COPY TYPE_Nil def_%cl_1_10 
BB 6
	outgoing: 7 9 
	datadep: 
	instructions:
		 0: Line Number 6
		 1: %self->directory_nav_link def_%cl_1_11 %self[2.0,] 	 SYMBOL:	 ARGS:
		 2: links-><< def_%cl_1_12 links[2.2,] %cl_1_11[6.1,] 	 SYMBOL:	 ARGS:%cl_1_11,
		 3: RETURN %cl_1_12[6.2,] %self[6.1,2.0,] 
BB 7
	outgoing: 9 
	datadep: 
	instructions:
		 0: def_%cl_1_13 
		 1: def_%cl_1_14 %cl_1_13[7.0,] 
		 2: RETURN %cl_1_14[7.1,] %self[2.0,] 
BB 9
	outgoing: 
	datadep: 
	instructions:
CLOSURE END: 
		 8: %v_4->join def_%v_5 %v_4[2.7,] 	 SYMBOL:	 ARGS:
		 9: %v_5->html_safe def_%v_6 %v_5[2.8,] 	 SYMBOL:	 ARGS:
		 10: RETURN %v_6[2.9,] %self[2.0,] 
BB 3
	outgoing: 
	datadep: 
	instructions:

SET IRMethod, name = home_nav_link instanceMethod = true
BB 1
	outgoing: 3 2 
	datadep: 
	instructions:
BB 2
	outgoing: 3 
	datadep: 
	instructions:
		 0: def_%self 
		 1: def_%v_0 
		 2: COPY TYPE_CurrentScope def_%current_scope 
		 3: COPY TYPE_ScopeModule def_%current_module 
		 4: 
		 5: Line Number 11
		 6: %self->content_tag def_%v_3 %self[2.0,] %self[2.0,] 	 SYMBOL:li,	 ARGS:Symbol,%self,
CLOSURE BEGIN: %self[2.0,] 
BB 1
	outgoing: 6 2 
	datadep: 
	instructions:
BB 2
	outgoing: 3 
	datadep: 
	instructions:
		 0: def_%self 
		 1: def_%cl_1_0 
		 2: COPY TYPE_CurrentScope def_%current_scope 
		 3: COPY TYPE_ScopeModule def_%current_module 
BB 3
	outgoing: 4 6 
	datadep: 
	instructions:
		 0: Line Number 12
		 1: COPY TYPE_StringLiteral "nav.home" def_%cl_1_3 
		 2: %self->t def_%cl_1_4 %self[2.0,] %cl_1_3[3.1,] 	 SYMBOL:	 ARGS:%cl_1_3,
		 3: %self->stream_path def_%cl_1_5 %self[3.2,2.0,] 	 SYMBOL:	 ARGS:
		 4: %self->params def_%cl_1_6 %self[3.2,3.3,2.0,] 	 SYMBOL:	 ARGS:
		 5: %cl_1_6->[] def_%cl_1_7 %cl_1_6[3.4,] 	 SYMBOL:controller,	 ARGS:Symbol,
		 6: COPY TYPE_StringLiteral "streams" def_%cl_1_8 
		 7: %cl_1_7->== def_%cl_1_9 %cl_1_7[3.5,] %cl_1_8[3.6,] 	 SYMBOL:	 ARGS:%cl_1_8,
		 8: COPY TYPE_StringLiteral "home-tab" def_%cl_1_10 
		 9: %self->tab_link def_%cl_1_11 %self[3.2,3.3,3.4,2.0,] %cl_1_4[3.2,] %cl_1_5[3.3,] %cl_1_9[3.7,] %cl_1_10[3.8,] 	 SYMBOL:	 ARGS:%cl_1_4,%cl_1_5,%cl_1_9,%cl_1_10,
		 10: RETURN %cl_1_11[3.9,] %self[3.2,3.3,3.4,3.9,2.0,] 
BB 4
	outgoing: 6 
	datadep: 
	instructions:
		 0: def_%cl_1_12 
		 1: def_%cl_1_13 %cl_1_12[4.0,] 
		 2: RETURN %cl_1_13[4.1,] %self[2.0,] 
BB 6
	outgoing: 
	datadep: 
	instructions:
CLOSURE END: 
		 7: RETURN %v_3[2.6,] %self[2.0,2.6,] 
BB 3
	outgoing: 
	datadep: 
	instructions:

SET IRMethod, name = profile_nav_link instanceMethod = true
BB 1
	outgoing: 6 2 
	datadep: 
	instructions:
BB 2
	outgoing: 3 4 
	datadep: 
	instructions:
		 0: def_%self 
		 1: def_%v_0 
		 2: COPY TYPE_CurrentScope def_%current_scope 
		 3: COPY TYPE_ScopeModule def_%current_module 
		 4: 
		 5: Line Number 17
		 6: GETFIELD %self->logged_in def_%v_3 %self[2.0,] 
		 7: BRANCH %v_3[2.6,] 
BB 3
	outgoing: 5 
	datadep: 
	instructions:
		 0: GETFIELD %self->logged_in def_%v_4 %self[2.0,] 
		 1: %self->person_path def_%v_5 %self[2.0,] %v_4[3.0,] 	 SYMBOL:	 ARGS:%v_4,
		 2: 
BB 4
	outgoing: 5 
	datadep: 
	instructions:
		 0: %self->people_path def_%v_6 %self[2.0,] 	 SYMBOL:	 ARGS:
		 1: COPY TYPE_PASS def_%v_5 %v_6[4.0,] 
BB 5
	outgoing: 6 
	datadep: 
	instructions:
		 0: COPY TYPE_PASS def_path %v_5[4.1,3.1,] 
		 1: Line Number 18
		 2: %self->content_tag def_%v_7 %self[2.0,] %self[2.0,] 	 SYMBOL:li,	 ARGS:Symbol,%self,
CLOSURE BEGIN: %self[2.0,] path[5.0,] 
BB 1
	outgoing: 8 2 
	datadep: 
	instructions:
BB 2
	outgoing: 3 
	datadep: 
	instructions:
		 0: def_%self 
		 1: def_%cl_1_0 
		 2: COPY TYPE_CurrentScope def_%current_scope 
		 3: COPY TYPE_ScopeModule def_%current_module 
BB 3
	outgoing: 4 5 6 
	datadep: 
	instructions:
		 0: Line Number 19
		 1: COPY TYPE_StringLiteral "nav.profile" def_%cl_1_3 
		 2: %self->t def_%cl_1_4 %self[2.0,] %cl_1_3[3.1,] 	 SYMBOL:	 ARGS:%cl_1_3,
		 3: %self->params def_%cl_1_5 %self[3.2,2.0,] 	 SYMBOL:	 ARGS:
		 4: %cl_1_5->[] def_%cl_1_6 %cl_1_5[3.3,] 	 SYMBOL:controller,	 ARGS:Symbol,
		 5: COPY TYPE_StringLiteral "people" def_%cl_1_7 
		 6: %cl_1_6->== def_%cl_1_8 %cl_1_6[3.4,] %cl_1_7[3.5,] 	 SYMBOL:	 ARGS:%cl_1_7,
		 7: BRANCH %cl_1_8[3.6,] 
BB 4
	outgoing: 5 6 
	datadep: 
	instructions:
		 0: %self->me? def_%cl_1_9 %self[2.0,] 	 SYMBOL:	 ARGS:
		 1: COPY TYPE_PASS def_%cl_1_8 %cl_1_9[4.0,] 
BB 5
	outgoing: 6 8 
	datadep: 
	instructions:
		 0: COPY TYPE_StringLiteral "profile-tab" def_%cl_1_10 
		 1: %self->tab_link def_%cl_1_11 %self[2.0,] %cl_1_4[3.2,] path[] %cl_1_8[4.1,3.6,] %cl_1_10[5.0,] 	 SYMBOL:	 ARGS:%cl_1_4,path,%cl_1_8,%cl_1_10,
		 2: RETURN %cl_1_11[5.1,] %self[5.1,2.0,] 
BB 6
	outgoing: 8 
	datadep: 
	instructions:
		 0: def_%cl_1_12 
		 1: def_%cl_1_13 %cl_1_12[6.0,] 
		 2: RETURN %cl_1_13[6.1,] %self[2.0,] 
BB 8
	outgoing: 
	datadep: 
	instructions:
CLOSURE END: 
		 3: RETURN %v_7[5.2,] %self[5.2,2.0,] 
BB 6
	outgoing: 
	datadep: 
	instructions:

SET IRMethod, name = groups_nav_link instanceMethod = true
BB 1
	outgoing: 3 2 
	datadep: 
	instructions:
BB 2
	outgoing: 3 
	datadep: 
	instructions:
		 0: def_%self 
		 1: def_%v_0 
		 2: COPY TYPE_CurrentScope def_%current_scope 
		 3: COPY TYPE_ScopeModule def_%current_module 
		 4: 
		 5: Line Number 24
		 6: %self->content_tag def_%v_3 %self[2.0,] %self[2.0,] 	 SYMBOL:li,	 ARGS:Symbol,%self,
CLOSURE BEGIN: %self[2.0,] 
BB 1
	outgoing: 6 2 
	datadep: 
	instructions:
BB 2
	outgoing: 3 
	datadep: 
	instructions:
		 0: def_%self 
		 1: def_%cl_1_0 
		 2: COPY TYPE_CurrentScope def_%current_scope 
		 3: COPY TYPE_ScopeModule def_%current_module 
BB 3
	outgoing: 4 6 
	datadep: 
	instructions:
		 0: Line Number 25
		 1: COPY TYPE_StringLiteral "nav.groups" def_%cl_1_3 
		 2: %self->t def_%cl_1_4 %self[2.0,] %cl_1_3[3.1,] 	 SYMBOL:	 ARGS:%cl_1_3,
		 3: %self->groups_path def_%cl_1_5 %self[3.2,2.0,] 	 SYMBOL:	 ARGS:
		 4: %self->params def_%cl_1_6 %self[3.2,3.3,2.0,] 	 SYMBOL:	 ARGS:
		 5: %cl_1_6->[] def_%cl_1_7 %cl_1_6[3.4,] 	 SYMBOL:controller,	 ARGS:Symbol,
		 6: COPY TYPE_StringLiteral "groups" def_%cl_1_8 
		 7: %cl_1_7->== def_%cl_1_9 %cl_1_7[3.5,] %cl_1_8[3.6,] 	 SYMBOL:	 ARGS:%cl_1_8,
		 8: COPY TYPE_StringLiteral "group-tab" def_%cl_1_10 
		 9: %self->tab_link def_%cl_1_11 %self[3.2,3.3,3.4,2.0,] %cl_1_4[3.2,] %cl_1_5[3.3,] %cl_1_9[3.7,] %cl_1_10[3.8,] 	 SYMBOL:	 ARGS:%cl_1_4,%cl_1_5,%cl_1_9,%cl_1_10,
		 10: RETURN %cl_1_11[3.9,] %self[3.2,3.3,3.4,3.9,2.0,] 
BB 4
	outgoing: 6 
	datadep: 
	instructions:
		 0: def_%cl_1_12 
		 1: def_%cl_1_13 %cl_1_12[4.0,] 
		 2: RETURN %cl_1_13[4.1,] %self[2.0,] 
BB 6
	outgoing: 
	datadep: 
	instructions:
CLOSURE END: 
		 7: RETURN %v_3[2.6,] %self[2.0,2.6,] 
BB 3
	outgoing: 
	datadep: 
	instructions:

SET IRMethod, name = directory_nav_link instanceMethod = true
BB 1
	outgoing: 3 2 
	datadep: 
	instructions:
BB 2
	outgoing: 3 
	datadep: 
	instructions:
		 0: def_%self 
		 1: def_%v_0 
		 2: COPY TYPE_CurrentScope def_%current_scope 
		 3: COPY TYPE_ScopeModule def_%current_module 
		 4: 
		 5: Line Number 30
		 6: %self->content_tag def_%v_3 %self[2.0,] %self[2.0,] 	 SYMBOL:li,	 ARGS:Symbol,%self,
CLOSURE BEGIN: %self[2.0,] 
BB 1
	outgoing: 6 2 
	datadep: 
	instructions:
BB 2
	outgoing: 3 
	datadep: 
	instructions:
		 0: def_%self 
		 1: def_%cl_1_0 
		 2: COPY TYPE_CurrentScope def_%current_scope 
		 3: COPY TYPE_ScopeModule def_%current_module 
BB 3
	outgoing: 4 6 
	datadep: 
	instructions:
		 0: Line Number 31
		 1: COPY TYPE_StringLiteral "nav.directory" def_%cl_1_3 
		 2: %self->t def_%cl_1_4 %self[2.0,] %cl_1_3[3.1,] 	 SYMBOL:	 ARGS:%cl_1_3,
		 3: %self->new_search_path def_%cl_1_5 %self[3.2,2.0,] 	 SYMBOL:	 ARGS:
		 4: COPY TYPE_StringLiteral "searches" def_%cl_1_6 
		 5: COPY TYPE_StringLiteral "printable_directories" def_%cl_1_7 
		 6: COPY TYPE_Array def_%cl_1_8 %cl_1_6[3.4,] %cl_1_7[3.5,] 
		 7: %self->params def_%cl_1_9 %self[3.2,3.3,2.0,] 	 SYMBOL:	 ARGS:
		 8: %cl_1_9->[] def_%cl_1_10 %cl_1_9[3.7,] 	 SYMBOL:controller,	 ARGS:Symbol,
		 9: %cl_1_8->include? def_%cl_1_11 %cl_1_8[3.6,] %cl_1_10[3.8,] 	 SYMBOL:	 ARGS:%cl_1_10,
		 10: COPY TYPE_StringLiteral "directory-tab" def_%cl_1_12 
		 11: %self->tab_link def_%cl_1_13 %self[3.2,3.3,3.7,2.0,] %cl_1_4[3.2,] %cl_1_5[3.3,] %cl_1_11[3.9,] %cl_1_12[3.10,] 	 SYMBOL:	 ARGS:%cl_1_4,%cl_1_5,%cl_1_11,%cl_1_12,
		 12: RETURN %cl_1_13[3.11,] %self[3.2,3.3,3.7,3.11,2.0,] 
BB 4
	outgoing: 6 
	datadep: 
	instructions:
		 0: def_%cl_1_14 
		 1: def_%cl_1_15 %cl_1_14[4.0,] 
		 2: RETURN %cl_1_15[4.1,] %self[2.0,] 
BB 6
	outgoing: 
	datadep: 
	instructions:
CLOSURE END: 
		 7: RETURN %v_3[2.6,] %self[2.0,2.6,] 
BB 3
	outgoing: 
	datadep: 
	instructions:

SET IRMethod, name = common_nav_links instanceMethod = true
BB 1
	outgoing: 3 2 
	datadep: 
	instructions:
BB 2
	outgoing: 3 
	datadep: 
	instructions:
		 0: def_%self 
		 1: def_%v_0 
		 2: COPY TYPE_CurrentScope def_%current_scope 
		 3: COPY TYPE_ScopeModule def_%current_module 
		 4: 
		 5: Line Number 36
		 6: COPY TYPE_Array def_%v_3 
		 7: %v_3->tap def_%v_4 %v_3[2.6,] %self[2.0,] 	 SYMBOL:	 ARGS:%v_3,
CLOSURE BEGIN: %self[2.0,] links[] 
BB 1
	outgoing: 12 2 
	datadep: 
	instructions:
BB 2
	outgoing: 4 8 
	datadep: 
	instructions:
		 0: def_%self 
		 1: def_%cl_1_0 
		 2: RECEIVEARG def_links 
		 3: COPY TYPE_CurrentScope def_%current_scope 
		 4: COPY TYPE_ScopeModule def_%current_module 
		 5: Line Number 37
		 6: Line Number 38
		 7: GETFIELD %self->logged_in def_%cl_1_3 %self[2.0,] 
		 8: BRANCH %cl_1_3[2.7,] 
BB 4
	outgoing: 5 6 10 
	datadep: 
	instructions:
		 0: GETFIELD %self->logged_in def_%cl_1_4 %self[2.0,] 
		 1: %cl_1_4->admin? def_%cl_1_5 %cl_1_4[4.0,] 	 SYMBOL:	 ARGS:
		 2: BRANCH %cl_1_5[4.1,] 
BB 5
	outgoing: 7 10 
	datadep: 
	instructions:
		 0: COPY TYPE_StringLiteral "admin.admin" def_%cl_1_6 
		 1: %self->t def_%cl_1_7 %self[2.0,] %cl_1_6[5.0,] 	 SYMBOL:	 ARGS:%cl_1_6,
		 2: %self->admin_path def_%cl_1_8 %self[5.1,2.0,] 	 SYMBOL:	 ARGS:
		 3: %self->link_to def_%cl_1_9 %self[5.1,5.2,2.0,] %cl_1_7[5.1,] %cl_1_8[5.2,] 	 SYMBOL:	 ARGS:%cl_1_7,%cl_1_8,
		 4: %self->content_tag def_%cl_1_10 %self[5.1,5.2,5.3,2.0,] %cl_1_9[5.3,] 	 SYMBOL:li,	 ARGS:Symbol,%cl_1_9,
		 5: links-><< def_%cl_1_11 links[2.2,] %cl_1_10[5.4,] 	 SYMBOL:	 ARGS:%cl_1_10,
		 6: 
BB 6
	outgoing: 7 
	datadep: 
	instructions:
		 0: COPY TYPE_Nil def_%cl_1_11 
BB 7
	outgoing: 9 10 
	datadep: 
	instructions:
		 0: Line Number 39
		 1: COPY TYPE_StringLiteral "session.sign_out" def_%cl_1_12 
		 2: %self->t def_%cl_1_13 %self[2.0,] %cl_1_12[7.1,] 	 SYMBOL:	 ARGS:%cl_1_12,
		 3: %self->session_path def_%cl_1_14 %self[7.2,2.0,] 	 SYMBOL:	 ARGS:
		 4: HASH-method- def_%cl_1_15 
		 5: %self->link_to def_%cl_1_16 %self[7.2,7.3,2.0,] %cl_1_13[7.2,] %cl_1_14[7.3,] %cl_1_15[7.4,] 	 SYMBOL:	 ARGS:%cl_1_13,%cl_1_14,%cl_1_15,
		 6: %self->content_tag def_%cl_1_17 %self[7.2,7.3,7.5,2.0,] %cl_1_16[7.5,] 	 SYMBOL:li,	 ARGS:Symbol,%cl_1_16,
		 7: links-><< def_%cl_1_18 links[2.2,] %cl_1_17[7.6,] 	 SYMBOL:	 ARGS:%cl_1_17,
		 8: 
BB 8
	outgoing: 12 
	datadep: 
	instructions:
		 0: RETURN %self[2.0,] 
BB 9
	outgoing: 12 
	datadep: 
	instructions:
		 0: RETURN %cl_1_18[7.7,] %self[2.0,] 
BB 10
	outgoing: 12 
	datadep: 
	instructions:
		 0: def_%cl_1_19 
		 1: def_%cl_1_20 %cl_1_19[10.0,] 
		 2: RETURN %cl_1_20[10.1,] %self[2.0,] 
BB 12
	outgoing: 
	datadep: 
	instructions:
CLOSURE END: 
		 8: %v_4->join def_%v_5 %v_4[2.7,] 	 SYMBOL:	 ARGS:
		 9: %v_5->html_safe def_%v_6 %v_5[2.8,] 	 SYMBOL:	 ARGS:
		 10: RETURN %v_6[2.9,] %self[2.0,] 
BB 3
	outgoing: 
	datadep: 
	instructions:

SET IRMethod, name = breadcrumbs instanceMethod = true
BB 1
	outgoing: 3 2 
	datadep: 
	instructions:
BB 2
	outgoing: 3 
	datadep: 
	instructions:
		 0: def_%self 
		 1: def_%v_0 
		 2: COPY TYPE_CurrentScope def_%current_scope 
		 3: COPY TYPE_ScopeModule def_%current_module 
		 4: 
		 5: Line Number 45
		 6: COPY TYPE_StringLiteral "breadcrumb" def_%v_3 
		 7: HASH-class- def_%v_4 %v_3[2.6,] 
		 8: %self->content_tag def_%v_5 %self[2.0,] %v_4[2.7,] %self[2.0,] 	 SYMBOL:ol,	 ARGS:Symbol,%v_4,%self,
CLOSURE BEGIN: %self[2.0,] icon_class[] label[] path[] content[] 
BB 1
	outgoing: 6 2 
	datadep: 
	instructions:
BB 2
	outgoing: 3 
	datadep: 
	instructions:
		 0: def_%self 
		 1: def_%cl_1_0 
		 2: COPY TYPE_CurrentScope def_%current_scope 
		 3: COPY TYPE_ScopeModule def_%current_module 
BB 3
	outgoing: 4 6 
	datadep: 
	instructions:
		 0: Line Number 46
		 1: %self->crumbs def_%cl_1_3 %self[2.0,] 	 SYMBOL:	 ARGS:
		 2: %cl_1_3->map def_%cl_1_4 %cl_1_3[3.1,] %self[3.1,2.0,] 	 SYMBOL:	 ARGS:%cl_1_3,
CLOSURE BEGIN: icon_class[] %self[3.1,2.0,] label[] path[] content[] 
BB 1
	outgoing: 9 2 
	datadep: 
	instructions:
BB 2
	outgoing: 3 
	datadep: 
	instructions:
		 0: def_%self 
		 1: def_%cl_2_0 
		 2: RECEIVEARG def_icon_class 
		 3: RECEIVEARG def_label 
		 4: RECEIVEARG def_path 
		 5: COPY TYPE_CurrentScope def_%current_scope 
		 6: COPY TYPE_ScopeModule def_%current_module 
BB 3
	outgoing: 4 5 7 
	datadep: 
	instructions:
		 0: Line Number 47
		 1: COPY TYPE_StringLiteral "" def_%cl_2_3 
		 2: HASH-class- def_%cl_2_4 icon_class[2.2,] 
		 3: %self->content_tag def_%cl_2_5 %self[2.0,] %cl_2_3[3.1,] %cl_2_4[3.2,] 	 SYMBOL:i,	 ARGS:Symbol,%cl_2_3,%cl_2_4,
		 4: COPY TYPE_StringLiteral " " def_%cl_2_6 
		 5: %cl_2_5->+ def_%cl_2_7 %cl_2_5[3.3,] %cl_2_6[3.4,] 	 SYMBOL:	 ARGS:%cl_2_6,
		 6: %self->h def_%cl_2_8 %self[3.3,2.0,] label[2.3,] 	 SYMBOL:	 ARGS:label,
		 7: %cl_2_7->+ def_%cl_2_9 %cl_2_7[3.5,] %cl_2_8[3.6,] 	 SYMBOL:	 ARGS:%cl_2_8,
		 8: %cl_2_9->html_safe def_%cl_2_10 %cl_2_9[3.7,] 	 SYMBOL:	 ARGS:
		 9: COPY TYPE_PASS def_content %cl_2_10[3.8,] 
		 10: Line Number 48
		 11: BRANCH path[2.4,] 
BB 4
	outgoing: 6 
	datadep: 
	instructions:
		 0: COPY TYPE_StringLiteral "" def_%cl_2_11 
		 1: 
BB 5
	outgoing: 6 
	datadep: 
	instructions:
		 0: COPY TYPE_StringLiteral "active" def_%cl_2_12 
		 1: COPY TYPE_PASS def_%cl_2_11 %cl_2_12[5.0,] 
BB 6
	outgoing: 7 9 
	datadep: 
	instructions:
		 0: HASH-class- def_%cl_2_13 %cl_2_11[5.1,4.0,] 
		 1: %self->content_tag def_%cl_2_14 %self[2.0,] %cl_2_13[6.0,] %self[2.0,] 	 SYMBOL:li,	 ARGS:Symbol,%cl_2_13,%self,
CLOSURE BEGIN: path[2.4,] %self[2.0,] content[3.9,] 
BB 1
	outgoing: 9 2 
	datadep: 
	instructions:
BB 2
	outgoing: 4 5 
	datadep: 
	instructions:
		 0: def_%self 
		 1: def_%cl_3_0 
		 2: COPY TYPE_CurrentScope def_%current_scope 
		 3: COPY TYPE_ScopeModule def_%current_module 
		 4: Line Number 49
		 5: BRANCH path[] 
BB 4
	outgoing: 6 7 
	datadep: 
	instructions:
		 0: Line Number 50
		 1: %self->link_to def_%cl_3_3 %self[2.0,] content[] path[] 	 SYMBOL:	 ARGS:content,path,
		 2: 
BB 5
	outgoing: 9 
	datadep: 
	instructions:
		 0: Line Number 52
		 1: RETURN content[] %self[2.0,] 
BB 6
	outgoing: 9 
	datadep: 
	instructions:
		 0: RETURN %cl_3_3[4.1,] %self[2.0,] 
BB 7
	outgoing: 9 
	datadep: 
	instructions:
		 0: def_%cl_3_4 
		 1: def_%cl_3_5 %cl_3_4[7.0,] 
		 2: RETURN %cl_3_5[7.1,] %self[2.0,] 
BB 9
	outgoing: 
	datadep: 
	instructions:
CLOSURE END: 
		 2: RETURN %cl_2_14[6.1,] %self[6.1,2.0,] 
BB 7
	outgoing: 9 
	datadep: 
	instructions:
		 0: def_%cl_2_15 
		 1: def_%cl_2_16 %cl_2_15[7.0,] 
		 2: RETURN %cl_2_16[7.1,] %self[2.0,] 
BB 9
	outgoing: 
	datadep: 
	instructions:
CLOSURE END: path[2.4,] label[2.3,] content[3.9,] 
		 3: %cl_1_4->join def_%cl_1_5 %cl_1_4[3.2,] 	 SYMBOL:	 ARGS:
		 4: %cl_1_5->html_safe def_%cl_1_6 %cl_1_5[3.3,] 	 SYMBOL:	 ARGS:
		 5: RETURN %cl_1_6[3.4,] %self[3.1,2.0,] 
BB 4
	outgoing: 6 
	datadep: 
	instructions:
		 0: def_%cl_1_7 
		 1: def_%cl_1_8 %cl_1_7[4.0,] 
		 2: RETURN %cl_1_8[4.1,] %self[2.0,] 
BB 6
	outgoing: 
	datadep: 
	instructions:
CLOSURE END: 
		 9: RETURN %v_5[2.8,] %self[2.0,2.8,] 
BB 3
	outgoing: 
	datadep: 
	instructions:

SET IRMethod, name = crumbs instanceMethod = true
BB 1
	outgoing: 3 2 
	datadep: 
	instructions:
BB 2
	outgoing: 3 
	datadep: 
	instructions:
		 0: def_%self 
		 1: def_%v_0 
		 2: COPY TYPE_CurrentScope def_%current_scope 
		 3: COPY TYPE_ScopeModule def_%current_module 
		 4: 
		 5: Line Number 60
		 6: (BreadcrumbPresenter) def_%v_3 
		 7: %self->params def_%v_4 %self[2.0,] 	 SYMBOL:	 ARGS:
		 8: %self->assigns def_%v_5 %self[2.0,2.7,] 	 SYMBOL:	 ARGS:
		 9: %v_3->new def_%v_6 %v_3[2.6,] %v_4[2.7,] %v_5[2.8,] 	 SYMBOL:	 ARGS:%v_4,%v_5,
		 10: %v_6->crumbs def_%v_7 %v_6[2.9,] 	 SYMBOL:	 ARGS:
		 11: RETURN %v_7[2.10,] %self[2.0,2.7,2.8,] 
BB 3
	outgoing: 
	datadep: 
	instructions:

SET IRMethod, name = tab_selected instanceMethod = true
BB 1
	outgoing: 53 2 
	datadep: 
	instructions:
BB 2
	outgoing: 3 13 
	datadep: 
	instructions:
		 0: def_%self 
		 1: def_%v_0 
		 2: COPY TYPE_CurrentScope def_%current_scope 
		 3: COPY TYPE_ScopeModule def_%current_module 
		 4: 
		 5: Line Number 64
		 6: %self->params def_%v_3 %self[2.0,] 	 SYMBOL:	 ARGS:
		 7: %v_3->[] def_%v_4 %v_3[2.6,] 	 SYMBOL:controller,	 ARGS:Symbol,
		 8: COPY TYPE_StringLiteral "streams" def_%v_7 
		 9: def_%v_6 %v_7[2.8,] %v_4[2.7,] 
		 10: BRANCH %v_6[2.9,] 
BB 3
	outgoing: 4 14 
	datadep: 
	instructions:
		 0: COPY TYPE_StringLiteral "people" def_%v_9 
		 1: def_%v_8 %v_9[3.0,] %v_4[2.7,] 
		 2: BRANCH %v_8[3.1,] 
BB 4
	outgoing: 5 22 
	datadep: 
	instructions:
		 0: COPY TYPE_StringLiteral "accounts" def_%v_11 
		 1: def_%v_10 %v_11[4.0,] %v_4[2.7,] 
		 2: BRANCH %v_10[4.1,] 
BB 5
	outgoing: 6 30 
	datadep: 
	instructions:
		 0: COPY TYPE_StringLiteral "privacies" def_%v_13 
		 1: def_%v_12 %v_13[5.0,] %v_4[2.7,] 
		 2: BRANCH %v_12[5.1,] 
BB 6
	outgoing: 7 38 
	datadep: 
	instructions:
		 0: COPY TYPE_StringLiteral "relationships" def_%v_15 
		 1: def_%v_14 %v_15[6.0,] %v_4[2.7,] 
		 2: BRANCH %v_14[6.1,] 
BB 7
	outgoing: 8 46 
	datadep: 
	instructions:
		 0: COPY TYPE_StringLiteral "groups" def_%v_17 
		 1: def_%v_16 %v_17[7.0,] %v_4[2.7,] 
		 2: BRANCH %v_16[7.1,] 
BB 8
	outgoing: 9 47 
	datadep: 
	instructions:
		 0: COPY TYPE_StringLiteral "tasks" def_%v_19 
		 1: def_%v_18 %v_19[8.0,] %v_4[2.7,] 
		 2: BRANCH %v_18[8.1,] 
BB 9
	outgoing: 10 48 
	datadep: 
	instructions:
		 0: COPY TYPE_StringLiteral "searches" def_%v_21 
		 1: def_%v_20 %v_21[9.0,] %v_4[2.7,] 
		 2: BRANCH %v_20[9.1,] 
BB 10
	outgoing: 11 49 
	datadep: 
	instructions:
		 0: COPY TYPE_StringLiteral "printable_directories" def_%v_23 
		 1: def_%v_22 %v_23[10.0,] %v_4[2.7,] 
		 2: BRANCH %v_22[10.1,] 
BB 11
	outgoing: 12 50 
	datadep: 
	instructions:
		 0: COPY TYPE_Regexp def_%v_25 
		 1: def_%v_24 %v_4[2.7,] 
		 2: BRANCH %v_24[11.1,] 
BB 12
	outgoing: 52 
	datadep: 
	instructions:
		 0: COPY TYPE_Nil def_%v_5 
		 1: 
BB 13
	outgoing: 53 
	datadep: 
	instructions:
		 0: Line Number 66
		 1: COPY TYPE_Symbol def_%v_5 
		 2: RETURN %self[2.0,] 
BB 14
	outgoing: 15 18 
	datadep: 
	instructions:
		 0: Line Number 68
		 1: GETFIELD %self->person def_%v_26 %self[2.0,] 
		 2: %v_26->try def_%v_27 %v_26[14.1,] 	 SYMBOL:persisted?,	 ARGS:Symbol,
		 3: BRANCH %v_27[14.2,] 
BB 15
	outgoing: 16 17 
	datadep: 
	instructions:
		 0: %self->me? def_%v_28 %self[2.0,] 	 SYMBOL:	 ARGS:
		 1: BRANCH %v_28[15.0,] 
BB 16
	outgoing: 17 
	datadep: 
	instructions:
		 0: GETFIELD %self->logged_in def_%v_29 %self[2.0,] 
		 1: GETFIELD %self->person def_%v_30 %self[2.0,] 
		 2: %v_29->can_update? def_%v_31 %v_29[16.0,] %v_30[16.1,] 	 SYMBOL:	 ARGS:%v_30,
		 3: COPY TYPE_PASS def_%v_28 %v_31[16.2,] 
BB 17
	outgoing: 18 
	datadep: 
	instructions:
		 0: COPY TYPE_PASS def_%v_27 %v_28[16.3,15.0,] 
BB 18
	outgoing: 19 20 
	datadep: 
	instructions:
		 0: BRANCH %v_27[17.0,14.2,] 
BB 19
	outgoing: 21 
	datadep: 
	instructions:
		 0: COPY TYPE_Symbol def_%v_32 
		 1: 
BB 20
	outgoing: 21 
	datadep: 
	instructions:
		 0: COPY TYPE_Nil def_%v_32 
BB 21
	outgoing: 52 
	datadep: 
	instructions:
		 0: COPY TYPE_PASS def_%v_5 %v_32[20.0,19.0,] 
		 1: 
BB 22
	outgoing: 23 26 
	datadep: 
	instructions:
		 0: GETFIELD %self->person def_%v_33 %self[2.0,] 
		 1: %v_33->try def_%v_34 %v_33[22.0,] 	 SYMBOL:persisted?,	 ARGS:Symbol,
		 2: BRANCH %v_34[22.1,] 
BB 23
	outgoing: 24 25 
	datadep: 
	instructions:
		 0: %self->me? def_%v_35 %self[2.0,] 	 SYMBOL:	 ARGS:
		 1: BRANCH %v_35[23.0,] 
BB 24
	outgoing: 25 
	datadep: 
	instructions:
		 0: GETFIELD %self->logged_in def_%v_36 %self[2.0,] 
		 1: GETFIELD %self->person def_%v_37 %self[2.0,] 
		 2: %v_36->can_update? def_%v_38 %v_36[24.0,] %v_37[24.1,] 	 SYMBOL:	 ARGS:%v_37,
		 3: COPY TYPE_PASS def_%v_35 %v_38[24.2,] 
BB 25
	outgoing: 26 
	datadep: 
	instructions:
		 0: COPY TYPE_PASS def_%v_34 %v_35[24.3,23.0,] 
BB 26
	outgoing: 27 28 
	datadep: 
	instructions:
		 0: BRANCH %v_34[25.0,22.1,] 
BB 27
	outgoing: 29 
	datadep: 
	instructions:
		 0: COPY TYPE_Symbol def_%v_39 
		 1: 
BB 28
	outgoing: 29 
	datadep: 
	instructions:
		 0: COPY TYPE_Nil def_%v_39 
BB 29
	outgoing: 52 
	datadep: 
	instructions:
		 0: COPY TYPE_PASS def_%v_5 %v_39[28.0,27.0,] 
		 1: 
BB 30
	outgoing: 31 34 
	datadep: 
	instructions:
		 0: GETFIELD %self->person def_%v_40 %self[2.0,] 
		 1: %v_40->try def_%v_41 %v_40[30.0,] 	 SYMBOL:persisted?,	 ARGS:Symbol,
		 2: BRANCH %v_41[30.1,] 
BB 31
	outgoing: 32 33 
	datadep: 
	instructions:
		 0: %self->me? def_%v_42 %self[2.0,] 	 SYMBOL:	 ARGS:
		 1: BRANCH %v_42[31.0,] 
BB 32
	outgoing: 33 
	datadep: 
	instructions:
		 0: GETFIELD %self->logged_in def_%v_43 %self[2.0,] 
		 1: GETFIELD %self->person def_%v_44 %self[2.0,] 
		 2: %v_43->can_update? def_%v_45 %v_43[32.0,] %v_44[32.1,] 	 SYMBOL:	 ARGS:%v_44,
		 3: COPY TYPE_PASS def_%v_42 %v_45[32.2,] 
BB 33
	outgoing: 34 
	datadep: 
	instructions:
		 0: COPY TYPE_PASS def_%v_41 %v_42[32.3,31.0,] 
BB 34
	outgoing: 35 36 
	datadep: 
	instructions:
		 0: BRANCH %v_41[33.0,30.1,] 
BB 35
	outgoing: 37 
	datadep: 
	instructions:
		 0: COPY TYPE_Symbol def_%v_46 
		 1: 
BB 36
	outgoing: 37 
	datadep: 
	instructions:
		 0: COPY TYPE_Nil def_%v_46 
BB 37
	outgoing: 52 
	datadep: 
	instructions:
		 0: COPY TYPE_PASS def_%v_5 %v_46[36.0,35.0,] 
		 1: 
BB 38
	outgoing: 39 42 
	datadep: 
	instructions:
		 0: GETFIELD %self->person def_%v_47 %self[2.0,] 
		 1: %v_47->try def_%v_48 %v_47[38.0,] 	 SYMBOL:persisted?,	 ARGS:Symbol,
		 2: BRANCH %v_48[38.1,] 
BB 39
	outgoing: 40 41 
	datadep: 
	instructions:
		 0: %self->me? def_%v_49 %self[2.0,] 	 SYMBOL:	 ARGS:
		 1: BRANCH %v_49[39.0,] 
BB 40
	outgoing: 41 
	datadep: 
	instructions:
		 0: GETFIELD %self->logged_in def_%v_50 %self[2.0,] 
		 1: GETFIELD %self->person def_%v_51 %self[2.0,] 
		 2: %v_50->can_update? def_%v_52 %v_50[40.0,] %v_51[40.1,] 	 SYMBOL:	 ARGS:%v_51,
		 3: COPY TYPE_PASS def_%v_49 %v_52[40.2,] 
BB 41
	outgoing: 42 
	datadep: 
	instructions:
		 0: COPY TYPE_PASS def_%v_48 %v_49[40.3,39.0,] 
BB 42
	outgoing: 43 44 
	datadep: 
	instructions:
		 0: BRANCH %v_48[41.0,38.1,] 
BB 43
	outgoing: 45 
	datadep: 
	instructions:
		 0: COPY TYPE_Symbol def_%v_53 
		 1: 
BB 44
	outgoing: 45 
	datadep: 
	instructions:
		 0: COPY TYPE_Nil def_%v_53 
BB 45
	outgoing: 52 
	datadep: 
	instructions:
		 0: COPY TYPE_PASS def_%v_5 %v_53[44.0,43.0,] 
		 1: 
BB 46
	outgoing: 53 
	datadep: 
	instructions:
		 0: Line Number 70
		 1: COPY TYPE_Symbol def_%v_5 
		 2: RETURN %self[2.0,] 
BB 47
	outgoing: 52 
	datadep: 
	instructions:
		 0: COPY TYPE_Symbol def_%v_5 
		 1: 
BB 48
	outgoing: 53 
	datadep: 
	instructions:
		 0: Line Number 72
		 1: COPY TYPE_Symbol def_%v_5 
		 2: RETURN %self[2.0,] 
BB 49
	outgoing: 52 
	datadep: 
	instructions:
		 0: COPY TYPE_Symbol def_%v_5 
		 1: 
BB 50
	outgoing: 53 
	datadep: 
	instructions:
		 0: Line Number 74
		 1: COPY TYPE_Symbol def_%v_5 
		 2: RETURN %self[2.0,] 
BB 52
	outgoing: 53 
	datadep: 
	instructions:
		 0: RETURN %v_5[21.0,29.0,37.0,45.0,47.0,49.0,12.0,] %self[2.0,] 
BB 53
	outgoing: 
	datadep: 
	instructions:

SET IRMethod, name = tab_selected? instanceMethod = true
BB 1
	outgoing: 3 2 
	datadep: 
	instructions:
BB 2
	outgoing: 3 
	datadep: 
	instructions:
		 0: def_%self 
		 1: def_%v_0 
		 2: COPY TYPE_CurrentScope def_%current_scope 
		 3: COPY TYPE_ScopeModule def_%current_module 
		 4: 
		 5: RECEIVEARG def_tab 
		 6: Line Number 79
		 7: %self->tab_selected def_%v_3 %self[2.0,] 	 SYMBOL:	 ARGS:
		 8: %v_3->== def_%v_4 %v_3[2.7,] tab[2.5,] 	 SYMBOL:	 ARGS:tab,
		 9: RETURN %v_4[2.8,] %self[2.0,2.7,] 
BB 3
	outgoing: 
	datadep: 
	instructions:

SET IRMethod, name = tab_expanded instanceMethod = true
BB 1
	outgoing: 11 2 
	datadep: 
	instructions:
BB 2
	outgoing: 3 9 
	datadep: 
	instructions:
		 0: def_%self 
		 1: def_%v_0 
		 2: COPY TYPE_CurrentScope def_%current_scope 
		 3: COPY TYPE_ScopeModule def_%current_module 
		 4: 
		 5: Line Number 83
		 6: %self->tab_selected? def_%v_3 %self[2.0,] 	 SYMBOL:groups,	 ARGS:Symbol,
		 7: BRANCH %v_3[2.6,] 
BB 3
	outgoing: 4 5 
	datadep: 
	instructions:
		 0: Line Number 84
		 1: GETFIELD %self->group def_%v_4 %self[2.0,] 
		 2: BRANCH %v_4[3.1,] 
BB 4
	outgoing: 5 
	datadep: 
	instructions:
		 0: GETFIELD %self->logged_in def_%v_5 %self[2.0,] 
		 1: GETFIELD %self->group def_%v_6 %self[2.0,] 
		 2: %v_5->can_update? def_%v_7 %v_5[4.0,] %v_6[4.1,] 	 SYMBOL:	 ARGS:%v_6,
		 3: COPY TYPE_PASS def_%v_4 %v_7[4.2,] 
BB 5
	outgoing: 6 7 
	datadep: 
	instructions:
		 0: BRANCH %v_4[4.3,3.1,] 
BB 6
	outgoing: 8 
	datadep: 
	instructions:
		 0: COPY TYPE_Symbol def_%v_8 
		 1: 
BB 7
	outgoing: 8 
	datadep: 
	instructions:
		 0: COPY TYPE_Nil def_%v_8 
BB 8
	outgoing: 11 
	datadep: 
	instructions:
		 0: RETURN %v_8[7.0,6.0,] %self[2.0,] 
BB 9
	outgoing: 11 
	datadep: 
	instructions:
		 0: Line Number 86
		 1: %self->tab_selected def_%v_9 %self[2.0,] 	 SYMBOL:	 ARGS:
		 2: RETURN %v_9[9.1,] %self[9.1,2.0,] 
BB 11
	outgoing: 
	datadep: 
	instructions:

SET IRMethod, name = tab_expanded? instanceMethod = true
BB 1
	outgoing: 3 2 
	datadep: 
	instructions:
BB 2
	outgoing: 3 
	datadep: 
	instructions:
		 0: def_%self 
		 1: def_%v_0 
		 2: COPY TYPE_CurrentScope def_%current_scope 
		 3: COPY TYPE_ScopeModule def_%current_module 
		 4: 
		 5: RECEIVEARG def_tab 
		 6: Line Number 91
		 7: %self->tab_expanded def_%v_3 %self[2.0,] 	 SYMBOL:	 ARGS:
		 8: %v_3->== def_%v_4 %v_3[2.7,] tab[2.5,] 	 SYMBOL:	 ARGS:tab,
		 9: RETURN %v_4[2.8,] %self[2.0,2.7,] 
BB 3
	outgoing: 
	datadep: 
	instructions:

SET IRMethod, name = new_stream_activity_badge instanceMethod = true
BB 1
	outgoing: 6 2 
	datadep: 
	instructions:
BB 2
	outgoing: 3 4 
	datadep: 
	instructions:
		 0: def_%self 
		 1: def_%v_0 
		 2: COPY TYPE_CurrentScope def_%current_scope 
		 3: COPY TYPE_ScopeModule def_%current_module 
		 4: 
		 5: RECEIVEARG def_person 
		 6: Line Number 95
		 7: %self->new_stream_activity def_%v_3 %self[2.0,] person[2.5,] 	 SYMBOL:	 ARGS:person,
		 8: COPY TYPE_PASS def_count %v_3[2.7,] 
		 9: COPY TYPE_PASS def_%v_4 %v_3[2.7,] 
		 10: %v_3->> def_%v_5 %v_3[2.7,] 	 SYMBOL:	 ARGS:Fixnum,
		 11: BRANCH %v_5[2.10,] 
BB 3
	outgoing: 6 
	datadep: 
	instructions:
		 0: Line Number 96
		 1: COPY TYPE_StringLiteral "badge bg-green" def_%v_6 
		 2: HASH-class- def_%v_7 %v_6[3.1,] 
		 3: %self->content_tag def_%v_8 %self[2.0,] %v_7[3.2,] %self[2.0,] 	 SYMBOL:small,	 ARGS:Symbol,%v_7,%self,
CLOSURE BEGIN: count[2.8,] %self[2.0,] 
BB 1
	outgoing: 6 2 
	datadep: 
	instructions:
BB 2
	outgoing: 3 
	datadep: 
	instructions:
		 0: def_%self 
		 1: def_%cl_1_0 
		 2: COPY TYPE_CurrentScope def_%current_scope 
		 3: COPY TYPE_ScopeModule def_%current_module 
BB 3
	outgoing: 4 6 
	datadep: 
	instructions:
		 0: Line Number 97
		 1: COPY TYPE_StringLiteral "nav.home_sub.new_count" def_%cl_1_3 
		 2: HASH-count- def_%cl_1_4 count[] 
		 3: %self->t def_%cl_1_5 %self[2.0,] %cl_1_3[3.1,] %cl_1_4[3.2,] 	 SYMBOL:	 ARGS:%cl_1_3,%cl_1_4,
		 4: RETURN %cl_1_5[3.3,] %self[3.3,2.0,] 
BB 4
	outgoing: 6 
	datadep: 
	instructions:
		 0: def_%cl_1_6 
		 1: def_%cl_1_7 %cl_1_6[4.0,] 
		 2: RETURN %cl_1_7[4.1,] %self[2.0,] 
BB 6
	outgoing: 
	datadep: 
	instructions:
CLOSURE END: 
		 4: RETURN %v_8[3.3,] %self[3.3,2.0,] 
BB 4
	outgoing: 6 
	datadep: 
	instructions:
		 0: RETURN %self[2.0,] 
BB 6
	outgoing: 
	datadep: 
	instructions:

SET IRMethod, name = new_group_badge instanceMethod = true
BB 1
	outgoing: 6 2 
	datadep: 
	instructions:
BB 2
	outgoing: 3 4 
	datadep: 
	instructions:
		 0: def_%self 
		 1: def_%v_0 
		 2: COPY TYPE_CurrentScope def_%current_scope 
		 3: COPY TYPE_ScopeModule def_%current_module 
		 4: 
		 5: Line Number 103
		 6: %self->new_groups def_%v_3 %self[2.0,] 	 SYMBOL:	 ARGS:
		 7: %v_3->count def_%v_4 %v_3[2.6,] 	 SYMBOL:	 ARGS:
		 8: COPY TYPE_PASS def_count %v_4[2.7,] 
		 9: COPY TYPE_PASS def_%v_5 %v_4[2.7,] 
		 10: %v_4->> def_%v_6 %v_4[2.7,] 	 SYMBOL:	 ARGS:Fixnum,
		 11: BRANCH %v_6[2.10,] 
BB 3
	outgoing: 6 
	datadep: 
	instructions:
		 0: Line Number 104
		 1: COPY TYPE_StringLiteral "badge bg-green" def_%v_7 
		 2: HASH-class- def_%v_8 %v_7[3.1,] 
		 3: %self->content_tag def_%v_9 %self[2.0,] %v_8[3.2,] %self[2.0,] 	 SYMBOL:small,	 ARGS:Symbol,%v_8,%self,
CLOSURE BEGIN: count[2.8,] %self[2.0,] 
BB 1
	outgoing: 6 2 
	datadep: 
	instructions:
BB 2
	outgoing: 3 
	datadep: 
	instructions:
		 0: def_%self 
		 1: def_%cl_1_0 
		 2: COPY TYPE_CurrentScope def_%current_scope 
		 3: COPY TYPE_ScopeModule def_%current_module 
BB 3
	outgoing: 4 6 
	datadep: 
	instructions:
		 0: Line Number 105
		 1: COPY TYPE_StringLiteral "nav.groups_sub.new_count" def_%cl_1_3 
		 2: HASH-count- def_%cl_1_4 count[] 
		 3: %self->t def_%cl_1_5 %self[2.0,] %cl_1_3[3.1,] %cl_1_4[3.2,] 	 SYMBOL:	 ARGS:%cl_1_3,%cl_1_4,
		 4: RETURN %cl_1_5[3.3,] %self[3.3,2.0,] 
BB 4
	outgoing: 6 
	datadep: 
	instructions:
		 0: def_%cl_1_6 
		 1: def_%cl_1_7 %cl_1_6[4.0,] 
		 2: RETURN %cl_1_7[4.1,] %self[2.0,] 
BB 6
	outgoing: 
	datadep: 
	instructions:
CLOSURE END: 
		 4: RETURN %v_9[3.3,] %self[3.3,2.0,] 
BB 4
	outgoing: 6 
	datadep: 
	instructions:
		 0: RETURN %self[2.0,] 
BB 6
	outgoing: 
	datadep: 
	instructions:

SET IRMethod, name = assigned_tasks_badge instanceMethod = true
BB 1
	outgoing: 6 2 
	datadep: 
	instructions:
BB 2
	outgoing: 3 4 
	datadep: 
	instructions:
		 0: def_%self 
		 1: def_%v_0 
		 2: COPY TYPE_CurrentScope def_%current_scope 
		 3: COPY TYPE_ScopeModule def_%current_module 
		 4: 
		 5: Line Number 111
		 6: GETFIELD %self->logged_in def_%v_3 %self[2.0,] 
		 7: %v_3->incomplete_tasks_count def_%v_4 %v_3[2.6,] 	 SYMBOL:	 ARGS:
		 8: COPY TYPE_PASS def_count %v_4[2.7,] 
		 9: COPY TYPE_PASS def_%v_5 %v_4[2.7,] 
		 10: %v_4->> def_%v_6 %v_4[2.7,] 	 SYMBOL:	 ARGS:Fixnum,
		 11: BRANCH %v_6[2.10,] 
BB 3
	outgoing: 6 
	datadep: 
	instructions:
		 0: Line Number 112
		 1: COPY TYPE_StringLiteral "badge bg-green" def_%v_7 
		 2: HASH-class- def_%v_8 %v_7[3.1,] 
		 3: %self->content_tag def_%v_9 %self[2.0,] %v_8[3.2,] %self[2.0,] 	 SYMBOL:small,	 ARGS:Symbol,%v_8,%self,
CLOSURE BEGIN: count[2.8,] %self[2.0,] 
BB 1
	outgoing: 6 2 
	datadep: 
	instructions:
BB 2
	outgoing: 3 
	datadep: 
	instructions:
		 0: def_%self 
		 1: def_%cl_1_0 
		 2: COPY TYPE_CurrentScope def_%current_scope 
		 3: COPY TYPE_ScopeModule def_%current_module 
BB 3
	outgoing: 4 6 
	datadep: 
	instructions:
		 0: Line Number 113
		 1: COPY TYPE_StringLiteral "nav.tasks_sub.assigned_count" def_%cl_1_3 
		 2: HASH-count- def_%cl_1_4 count[] 
		 3: %self->t def_%cl_1_5 %self[2.0,] %cl_1_3[3.1,] %cl_1_4[3.2,] 	 SYMBOL:	 ARGS:%cl_1_3,%cl_1_4,
		 4: RETURN %cl_1_5[3.3,] %self[3.3,2.0,] 
BB 4
	outgoing: 6 
	datadep: 
	instructions:
		 0: def_%cl_1_6 
		 1: def_%cl_1_7 %cl_1_6[4.0,] 
		 2: RETURN %cl_1_7[4.1,] %self[2.0,] 
BB 6
	outgoing: 
	datadep: 
	instructions:
CLOSURE END: 
		 4: RETURN %v_9[3.3,] %self[3.3,2.0,] 
BB 4
	outgoing: 6 
	datadep: 
	instructions:
		 0: RETURN %self[2.0,] 
BB 6
	outgoing: 
	datadep: 
	instructions:

