SET IRMethod, name = index
BB 1
	outgoing: 3 2 
	datadep: 
	instructions:
BB 2
	outgoing: 3 
	datadep: 
	instructions:
		 0: def_%self 
		 1: def_%v_0 
		 2: COPY TYPE_CurrentScope def_%current_scope 
		 3: COPY TYPE_ScopeModule def_%current_module 
		 4: 
		 5: 
		 6: COPY TYPE_StringLiteral def_%v_3 
		 7: ATTRASSIGN %self->selected_left_navi_link %v_3[2.6,] 
		 8: 
		 9: GETFIELD %self->current_community def_%v_4 %self[2.0,] 
		 10: ATTRASSIGN %self->community %v_4[2.9,] 
		 11: 
		 12: %self->respond_to def_%v_5 %self[2.0,2.7,2.10,] %self[2.0,2.7,2.10,] 	 ARGS:%self,
CLOSURE BEGIN: format[2.12,] %self[2.0,2.7,2.10,] 
BB 1
	outgoing: 6 2 
	datadep: 
	instructions:
BB 2
	outgoing: 3 
	datadep: 
	instructions:
		 0: def_%self 
		 1: def_%cl_1_0 
		 2: RECEIVEARG def_format 
		 3: COPY TYPE_CurrentScope def_%current_scope 
		 4: COPY TYPE_ScopeModule def_%current_module 
BB 3
	outgoing: 4 6 
	datadep: 
	instructions:
		 0: 
		 1: format->html def_%cl_1_3 format[2.2,] %self[2.0,] 	 ARGS:format,
CLOSURE BEGIN: %self[2.0,] 
BB 1
	outgoing: 6 2 
	datadep: 
	instructions:
BB 2
	outgoing: 3 
	datadep: 
	instructions:
		 0: def_%self 
		 1: def_%cl_2_0 
		 2: COPY TYPE_CurrentScope def_%current_scope 
		 3: COPY TYPE_ScopeModule def_%current_module 
BB 3
	outgoing: 4 6 
	datadep: 
	instructions:
		 0: 
		 1: (CommunityMembership) def_%cl_2_3 
		 2: GETFIELD %self->current_community def_%cl_2_4 %self[2.0,] 
		 3: %cl_2_4->id def_%cl_2_5 %cl_2_4[3.2,] 	 ARGS:
		 4: COPY TYPE_StringLiteral def_%cl_2_6 
		 5: HASH-community_id-status- def_%cl_2_7 %cl_2_5[3.3,] %cl_2_6[3.4,] 
		 6: %cl_2_3->where def_%cl_2_8 %cl_2_3[3.1,] %cl_2_7[3.5,] 	 ARGS:%cl_2_7,
		 7: HASH-person- def_%cl_2_9 
		 8: %cl_2_8->includes def_%cl_2_10 %cl_2_8[3.6,] %cl_2_9[3.7,] 	 ARGS:%cl_2_9,
		 9: %self->params def_%cl_2_11 %self[2.0,] 	 ARGS:
		 10: %cl_2_11->[] def_%cl_2_12 %cl_2_11[3.9,] 	 ARGS:Symbol,
		 11: HASH-page-per_page- def_%cl_2_13 %cl_2_12[3.10,] 
		 12: %cl_2_10->paginate def_%cl_2_14 %cl_2_10[3.8,] %cl_2_13[3.11,] 	 ARGS:%cl_2_13,
		 13: 
		 14: %self->sort_column def_%cl_2_15 %self[3.9,2.0,] 	 ARGS:
		 15: COPY TYPE_StringLiteral def_%cl_2_16 
		 16: %self->sort_direction def_%cl_2_17 %self[3.9,3.14,2.0,] 	 ARGS:
		 17: BUILDSTRING def_%cl_2_18 %cl_2_15[3.14,] %cl_2_16[3.15,] %cl_2_17[3.16,] 
		 18: %cl_2_14->order def_%cl_2_19 %cl_2_14[3.12,] %cl_2_18[3.17,] 	 ARGS:%cl_2_18,
		 19: ATTRASSIGN %self->memberships %cl_2_19[3.18,] 
		 20: RETURN %cl_2_19[3.18,] %self[3.9,3.14,3.16,3.19,2.0,] 
BB 4
	outgoing: 6 
	datadep: 
	instructions:
		 0: def_%cl_2_20 
		 1: def_%cl_2_21 %cl_2_20[4.0,] 
		 2: RETURN %cl_2_21[4.1,] %self[3.19,2.0,] 
BB 6
	outgoing: 
	datadep: 
	instructions:
CLOSURE END: 
		 2: 
		 3: format->csv def_%cl_1_4 format[3.1,2.2,] %self[2.0,] 	 ARGS:format,
CLOSURE BEGIN: %self[2.0,] marketplace_name[3.3,] 
BB 1
	outgoing: 11 2 
	datadep: 
	instructions:
BB 2
	outgoing: 3 
	datadep: 
	instructions:
		 0: def_%self 
		 1: def_%cl_3_0 
		 2: COPY TYPE_CurrentScope def_%current_scope 
		 3: COPY TYPE_ScopeModule def_%current_module 
BB 3
	outgoing: 4 5 9 
	datadep: 
	instructions:
		 0: 
		 1: (CommunityMembership) def_%cl_3_3 
		 2: GETFIELD %self->community def_%cl_3_4 %self[2.0,] 
		 3: %cl_3_4->id def_%cl_3_5 %cl_3_4[3.2,] 	 ARGS:
		 4: HASH-community_id- def_%cl_3_6 %cl_3_5[3.3,] 
		 5: %cl_3_3->where def_%cl_3_7 %cl_3_3[3.1,] %cl_3_6[3.4,] 	 ARGS:%cl_3_6,
		 6: COPY TYPE_StringLiteral def_%cl_3_8 
		 7: %cl_3_7->where def_%cl_3_9 %cl_3_7[3.5,] %cl_3_8[3.6,] 	 ARGS:%cl_3_8,
		 8: COPY TYPE_Array def_%cl_3_10 
		 9: HASH-person- def_%cl_3_11 %cl_3_10[3.8,] 
		 10: %cl_3_9->includes def_%cl_3_12 %cl_3_9[3.7,] %cl_3_11[3.9,] 	 ARGS:%cl_3_11,
		 11: COPY TYPE_PASS def_all_memberships %cl_3_12[3.10,] 
		 12: 
		 13: GETFIELD %self->community def_%cl_3_13 %self[2.0,] 
		 14: %cl_3_13->use_domain def_%cl_3_14 %cl_3_13[3.13,] 	 ARGS:
		 15: BRANCH %cl_3_14[3.14,] 
BB 4
	outgoing: 6 9 
	datadep: 
	instructions:
		 0: 
		 1: GETFIELD %self->community def_%cl_3_15 %self[2.0,] 
		 2: %cl_3_15->domain def_%cl_3_16 %cl_3_15[4.1,] 	 ARGS:
		 3: 
BB 5
	outgoing: 6 9 
	datadep: 
	instructions:
		 0: 
		 1: GETFIELD %self->community def_%cl_3_17 %self[2.0,] 
		 2: %cl_3_17->ident def_%cl_3_18 %cl_3_17[5.1,] 	 ARGS:
		 3: COPY TYPE_PASS def_%cl_3_16 %cl_3_18[5.2,] 
BB 6
	outgoing: 7 8 9 
	datadep: 
	instructions:
		 0: COPY TYPE_PASS def_marketplace_name %cl_3_16[5.3,4.2,] 
		 1: 
		 2: %self->response def_%cl_3_19 %self[2.0,] 	 ARGS:
		 3: %cl_3_19->headers def_%cl_3_20 %cl_3_19[6.2,] 	 ARGS:
		 4: COPY TYPE_StringLiteral def_%cl_3_22 
		 5: %cl_3_20->[] def_%cl_3_21 %cl_3_20[6.3,] %cl_3_22[6.4,] 	 ARGS:%cl_3_22,
		 6: BRANCH %cl_3_21[6.5,] 
BB 7
	outgoing: 8 9 
	datadep: 
	instructions:
		 0: COPY TYPE_StringLiteral def_%cl_3_23 
		 1: %cl_3_20->[]= def_%cl_3_21 %cl_3_20[6.3,] %cl_3_22[6.4,] %cl_3_23[7.0,] 	 ARGS:%cl_3_22,%cl_3_23,
		 2: COPY TYPE_PASS def_%cl_3_21 %cl_3_23[7.0,] 
BB 8
	outgoing: 9 11 
	datadep: 
	instructions:
		 0: 
		 1: %self->response def_%cl_3_24 %self[2.0,] 	 ARGS:
		 2: %cl_3_24->headers def_%cl_3_25 %cl_3_24[8.1,] 	 ARGS:
		 3: COPY TYPE_StringLiteral def_%cl_3_26 
		 4: COPY TYPE_StringLiteral def_%cl_3_27 
		 5: COPY TYPE_StringLiteral def_%cl_3_28 
		 6: (Date) def_%cl_3_29 
		 7: %cl_3_29->today def_%cl_3_30 %cl_3_29[8.6,] 	 ARGS:
		 8: COPY TYPE_StringLiteral def_%cl_3_31 
		 9: BUILDSTRING def_%cl_3_32 %cl_3_27[8.4,] marketplace_name[6.0,] %cl_3_28[8.5,] %cl_3_30[8.7,] %cl_3_31[8.8,] 
		 10: ATTRASSIGN %cl_3_25->[] %cl_3_26[8.3,] %cl_3_32[8.9,] 
		 11: 
		 12: %self->response def_%cl_3_33 %self[8.1,2.0,] 	 ARGS:
		 13: %cl_3_33->headers def_%cl_3_34 %cl_3_33[8.12,] 	 ARGS:
		 14: COPY TYPE_StringLiteral def_%cl_3_35 
		 15: COPY TYPE_StringLiteral def_%cl_3_36 
		 16: ATTRASSIGN %cl_3_34->[] %cl_3_35[8.14,] %cl_3_36[8.15,] 
		 17: 
		 18: %self->response def_%cl_3_37 %self[8.1,8.12,2.0,] 	 ARGS:
		 19: %cl_3_37->headers def_%cl_3_38 %cl_3_37[8.18,] 	 ARGS:
		 20: COPY TYPE_StringLiteral def_%cl_3_39 
		 21: (Time) def_%cl_3_40 
		 22: %cl_3_40->now def_%cl_3_41 %cl_3_40[8.21,] 	 ARGS:
		 23: %cl_3_41->ctime def_%cl_3_42 %cl_3_41[8.22,] 	 ARGS:
		 24: %cl_3_42->to_s def_%cl_3_43 %cl_3_42[8.23,] 	 ARGS:
		 25: ATTRASSIGN %cl_3_38->[] %cl_3_39[8.20,] %cl_3_43[8.24,] 
		 26: 
		 27: (Enumerator) def_%cl_3_44 
		 28: %cl_3_44->new def_%cl_3_45 %cl_3_44[8.27,] %self[8.1,8.12,8.18,2.0,] 	 ARGS:%cl_3_44,
CLOSURE BEGIN: %self[8.1,8.12,8.18,2.0,] yielder[8.28,] all_memberships[3.11,] 
BB 1
	outgoing: 6 2 
	datadep: 
	instructions:
BB 2
	outgoing: 3 
	datadep: 
	instructions:
		 0: def_%self 
		 1: def_%cl_4_0 
		 2: RECEIVEARG def_yielder 
		 3: COPY TYPE_CurrentScope def_%current_scope 
		 4: COPY TYPE_ScopeModule def_%current_module 
BB 3
	outgoing: 4 6 
	datadep: 
	instructions:
		 0: 
		 1: GETFIELD %self->community def_%cl_4_3 %self[2.0,] 
		 2: %self->generate_csv_for def_%cl_4_4 %self[2.0,] yielder[2.2,] all_memberships[] %cl_4_3[3.1,] 	 ARGS:yielder,all_memberships,%cl_4_3,
		 3: RETURN %cl_4_4[3.2,] %self[3.2,2.0,] 
BB 4
	outgoing: 6 
	datadep: 
	instructions:
		 0: def_%cl_4_5 
		 1: def_%cl_4_6 %cl_4_5[4.0,] 
		 2: RETURN %cl_4_6[4.1,] %self[2.0,] 
BB 6
	outgoing: 
	datadep: 
	instructions:
CLOSURE END: 
		 29: ATTRASSIGN %self->response_body %cl_3_45[8.28,] 
		 30: RETURN %cl_3_45[8.28,] %self[8.1,8.12,8.18,8.29,2.0,] 
BB 9
	outgoing: 11 
	datadep: 
	instructions:
		 0: def_%cl_3_46 
		 1: def_%cl_3_47 %cl_3_46[9.0,] 
		 2: RETURN %cl_3_47[9.1,] %self[8.29,2.0,] 
BB 11
	outgoing: 
	datadep: 
	instructions:
CLOSURE END: all_memberships[3.11,] 
		 4: RETURN %cl_1_4[3.3,] %self[2.0,] 
BB 4
	outgoing: 6 
	datadep: 
	instructions:
		 0: def_%cl_1_5 
		 1: def_%cl_1_6 %cl_1_5[4.0,] 
		 2: RETURN %cl_1_6[4.1,] %self[2.0,] 
BB 6
	outgoing: 
	datadep: 
	instructions:
CLOSURE END: 
		 13: 
		 14: %self->ruby_code_from_view def_%v_6 %self[2.0,2.7,2.10,2.12,] 	 ARGS:
		 15: %v_6->ruby_code_from_view def_%v_7 %v_6[2.14,] %self[2.0,2.7,2.10,2.12,2.14,] 	 ARGS:%v_6,
CLOSURE BEGIN: 
BB 1
	outgoing: 6 2 
	datadep: 
	instructions:
BB 2
	outgoing: 6 
	datadep: 
	instructions:
		 0: def_%self 
		 1: def_%cl_5_0 
		 2: RECEIVEARG def_rb_from_view 
		 3: COPY TYPE_CurrentScope def_%current_scope 
		 4: COPY TYPE_ScopeModule def_%current_module 
		 5: RETURN %self[2.0,] 
BB 6
	outgoing: 
	datadep: 
	instructions:
CLOSURE END: 
		 16: RETURN %v_7[2.15,] %self[2.0,2.7,2.10,2.12,2.14,] 
BB 3
	outgoing: 
	datadep: 
	instructions:

SET IRMethod, name = ban
BB 1
	outgoing: 9 2 
	datadep: 
	instructions:
BB 2
	outgoing: 3 4 
	datadep: 
	instructions:
		 0: def_%self 
		 1: def_%v_0 
		 2: COPY TYPE_CurrentScope def_%current_scope 
		 3: COPY TYPE_ScopeModule def_%current_module 
		 4: 
		 5: 
		 6: (CommunityMembership) def_%v_3 
		 7: %self->params def_%v_4 %self[2.0,] 	 ARGS:
		 8: %v_4->[] def_%v_5 %v_4[2.7,] 	 ARGS:Symbol,
		 9: %v_3->find_by_id def_%v_6 %v_3[2.6,] %v_5[2.8,] 	 ARGS:%v_5,
		 10: COPY TYPE_PASS def_membership %v_6[2.9,] 
		 11: 
		 12: %v_6->person def_%v_7 %v_6[2.9,] 	 ARGS:
		 13: GETFIELD %self->current_user def_%v_8 %self[2.0,2.7,] 
		 14: %v_7->== def_%v_9 %v_7[2.12,] %v_8[2.13,] 	 ARGS:%v_8,
		 15: BRANCH %v_9[2.14,] 
BB 3
	outgoing: 9 
	datadep: 
	instructions:
		 0: 
		 1: %self->flash def_%v_10 %self[2.0,] 	 ARGS:
		 2: COPY TYPE_StringLiteral def_%v_11 
		 3: %self->t def_%v_12 %self[3.1,2.0,] %v_11[3.2,] 	 ARGS:%v_11,
		 4: ATTRASSIGN %v_10->[] %v_12[3.3,] 
		 5: 
		 6: GETFIELD %self->current_community def_%v_13 %self[3.1,3.3,2.0,] 
		 7: %self->admin_community_community_memberships_path def_%v_14 %self[3.1,3.3,2.0,] %v_13[3.6,] 	 ARGS:%v_13,
		 8: %self->redirect_to def_%v_15 %self[3.1,3.3,3.7,2.0,] %v_14[3.7,] 	 ARGS:%v_14,
		 9: RETURN %v_15[3.8,] %self[3.1,3.3,3.7,3.8,2.0,] 
BB 4
	outgoing: 6 7 
	datadep: 
	instructions:
		 0: COPY TYPE_Nil def_%v_16 
		 1: 
		 2: COPY TYPE_StringLiteral def_%v_17 
		 3: HASH-status- def_%v_18 %v_17[4.2,] 
		 4: membership->update_attributes def_%v_19 membership[2.10,] %v_18[4.3,] 	 ARGS:%v_18,
		 5: 
		 6: membership->admin def_%v_20 membership[4.4,2.10,] 	 ARGS:
		 7: %v_20->== def_%v_21 %v_20[4.6,] 	 ARGS:Fixnum,
		 8: BRANCH %v_21[4.7,] 
BB 6
	outgoing: 8 
	datadep: 
	instructions:
		 0: HASH-admin- def_%v_22 
		 1: membership->update_attributes def_%v_23 membership[2.10,] %v_22[6.0,] 	 ARGS:%v_22,
		 2: 
BB 7
	outgoing: 8 
	datadep: 
	instructions:
		 0: COPY TYPE_Nil def_%v_23 
BB 8
	outgoing: 9 
	datadep: 
	instructions:
		 0: 
		 1: GETFIELD %self->current_community def_%v_24 %self[2.0,] 
		 2: membership->person def_%v_25 membership[2.10,] 	 ARGS:
		 3: %v_24->close_listings_by_author def_%v_26 %v_24[8.1,] %v_25[8.2,] 	 ARGS:%v_25,
		 4: 
		 5: GETFIELD %self->current_community def_%v_27 %self[2.0,] 
		 6: %self->admin_community_community_memberships_path def_%v_28 %self[2.0,] %v_27[8.5,] 	 ARGS:%v_27,
		 7: %self->redirect_to def_%v_29 %self[8.6,2.0,] %v_28[8.6,] 	 ARGS:%v_28,
		 8: RETURN %v_29[8.7,] %self[8.6,8.7,2.0,] 
BB 9
	outgoing: 
	datadep: 
	instructions:

SET IRMethod, name = promote_admin
BB 1
	outgoing: 6 2 
	datadep: 
	instructions:
BB 2
	outgoing: 3 4 
	datadep: 
	instructions:
		 0: def_%self 
		 1: def_%v_0 
		 2: COPY TYPE_CurrentScope def_%current_scope 
		 3: COPY TYPE_ScopeModule def_%current_module 
		 4: 
		 5: 
		 6: %self->params def_%v_3 %self[2.0,] 	 ARGS:
		 7: %v_3->[] def_%v_4 %v_3[2.6,] 	 ARGS:Symbol,
		 8: GETFIELD %self->current_user def_%v_5 %self[2.0,2.6,] 
		 9: GETFIELD %self->current_community def_%v_6 %self[2.0,2.6,] 
		 10: %self->removes_itself? def_%v_7 %self[2.0,2.6,] %v_4[2.7,] %v_5[2.8,] %v_6[2.9,] 	 ARGS:%v_4,%v_5,%v_6,
		 11: BRANCH %v_7[2.10,] 
BB 3
	outgoing: 6 
	datadep: 
	instructions:
		 0: 
		 1: HASH-nothing-status- def_%v_8 
		 2: %self->render def_%v_9 %self[2.0,] %v_8[3.1,] 	 ARGS:%v_8,
		 3: RETURN %v_9[3.2,] %self[3.2,2.0,] 
BB 4
	outgoing: 6 
	datadep: 
	instructions:
		 0: 
		 1: GETFIELD %self->current_community def_%v_10 %self[2.0,] 
		 2: %v_10->community_memberships def_%v_11 %v_10[4.1,] 	 ARGS:
		 3: %self->params def_%v_12 %self[2.0,] 	 ARGS:
		 4: %v_12->[] def_%v_13 %v_12[4.3,] 	 ARGS:Symbol,
		 5: HASH-person_id- def_%v_14 %v_13[4.4,] 
		 6: %v_11->where def_%v_15 %v_11[4.2,] %v_14[4.5,] 	 ARGS:%v_14,
		 7: COPY TYPE_StringLiteral def_%v_16 
		 8: %v_15->update_all def_%v_17 %v_15[4.6,] %v_16[4.7,] 	 ARGS:%v_16,
		 9: 
		 10: GETFIELD %self->current_community def_%v_18 %self[4.3,2.0,] 
		 11: %v_18->community_memberships def_%v_19 %v_18[4.10,] 	 ARGS:
		 12: %self->params def_%v_20 %self[4.3,2.0,] 	 ARGS:
		 13: %v_20->[] def_%v_21 %v_20[4.12,] 	 ARGS:Symbol,
		 14: HASH-person_id- def_%v_22 %v_21[4.13,] 
		 15: %v_19->where def_%v_23 %v_19[4.11,] %v_22[4.14,] 	 ARGS:%v_22,
		 16: COPY TYPE_StringLiteral def_%v_24 
		 17: %v_23->update_all def_%v_25 %v_23[4.15,] %v_24[4.16,] 	 ARGS:%v_24,
		 18: 
		 19: HASH-nothing-status- def_%v_26 
		 20: %self->render def_%v_27 %self[4.3,4.12,2.0,] %v_26[4.19,] 	 ARGS:%v_26,
		 21: RETURN %v_27[4.20,] %self[4.3,4.12,4.20,2.0,] 
BB 6
	outgoing: 
	datadep: 
	instructions:

SET IRMethod, name = posting_allowed
BB 1
	outgoing: 3 2 
	datadep: 
	instructions:
BB 2
	outgoing: 3 
	datadep: 
	instructions:
		 0: def_%self 
		 1: def_%v_0 
		 2: COPY TYPE_CurrentScope def_%current_scope 
		 3: COPY TYPE_ScopeModule def_%current_module 
		 4: 
		 5: 
		 6: GETFIELD %self->current_community def_%v_3 %self[2.0,] 
		 7: %v_3->community_memberships def_%v_4 %v_3[2.6,] 	 ARGS:
		 8: %self->params def_%v_5 %self[2.0,] 	 ARGS:
		 9: %v_5->[] def_%v_6 %v_5[2.8,] 	 ARGS:Symbol,
		 10: HASH-person_id- def_%v_7 %v_6[2.9,] 
		 11: %v_4->where def_%v_8 %v_4[2.7,] %v_7[2.10,] 	 ARGS:%v_7,
		 12: COPY TYPE_StringLiteral def_%v_9 
		 13: %v_8->update_all def_%v_10 %v_8[2.11,] %v_9[2.12,] 	 ARGS:%v_9,
		 14: 
		 15: GETFIELD %self->current_community def_%v_11 %self[2.0,2.8,] 
		 16: %v_11->community_memberships def_%v_12 %v_11[2.15,] 	 ARGS:
		 17: %self->params def_%v_13 %self[2.0,2.8,] 	 ARGS:
		 18: %v_13->[] def_%v_14 %v_13[2.17,] 	 ARGS:Symbol,
		 19: HASH-person_id- def_%v_15 %v_14[2.18,] 
		 20: %v_12->where def_%v_16 %v_12[2.16,] %v_15[2.19,] 	 ARGS:%v_15,
		 21: COPY TYPE_StringLiteral def_%v_17 
		 22: %v_16->update_all def_%v_18 %v_16[2.20,] %v_17[2.21,] 	 ARGS:%v_17,
		 23: 
		 24: HASH-nothing-status- def_%v_19 
		 25: %self->render def_%v_20 %self[2.0,2.8,2.17,] %v_19[2.24,] 	 ARGS:%v_19,
		 26: RETURN %v_20[2.25,] %self[2.0,2.8,2.17,2.25,] 
BB 3
	outgoing: 
	datadep: 
	instructions:

SET IRMethod, name = generate_csv_for
BB 1
	outgoing: 6 2 
	datadep: 
	instructions:
BB 2
	outgoing: 3 4 
	datadep: 
	instructions:
		 0: def_%self 
		 1: def_%v_0 
		 2: COPY TYPE_CurrentScope def_%current_scope 
		 3: COPY TYPE_ScopeModule def_%current_module 
		 4: 
		 5: RECEIVEARG def_yielder 
		 6: RECEIVEARG def_memberships 
		 7: RECEIVEARG def_community 
		 8: 
		 9: COPY TYPE_StringLiteral def_%v_3 
		 10: COPY TYPE_StringLiteral def_%v_4 
		 11: COPY TYPE_StringLiteral def_%v_5 
		 12: COPY TYPE_StringLiteral def_%v_6 
		 13: COPY TYPE_StringLiteral def_%v_7 
		 14: COPY TYPE_StringLiteral def_%v_8 
		 15: COPY TYPE_StringLiteral def_%v_9 
		 16: COPY TYPE_StringLiteral def_%v_10 
		 17: COPY TYPE_StringLiteral def_%v_11 
		 18: COPY TYPE_StringLiteral def_%v_12 
		 19: COPY TYPE_StringLiteral def_%v_13 
		 20: COPY TYPE_StringLiteral def_%v_14 
		 21: COPY TYPE_Array def_%v_15 %v_3[2.9,] %v_4[2.10,] %v_5[2.11,] %v_6[2.12,] %v_7[2.13,] %v_8[2.14,] %v_9[2.15,] %v_10[2.16,] %v_11[2.17,] %v_12[2.18,] %v_13[2.19,] %v_14[2.20,] 
		 22: COPY TYPE_PASS def_header_row %v_15[2.21,] 
		 23: 
		 24: community->require_verification_to_post_listings def_%v_16 community[2.7,] 	 ARGS:
		 25: BRANCH %v_16[2.24,] 
BB 3
	outgoing: 5 
	datadep: 
	instructions:
		 0: COPY TYPE_StringLiteral def_%v_17 
		 1: header_row->push def_%v_18 header_row[2.22,] %v_17[3.0,] 	 ARGS:%v_17,
		 2: 
BB 4
	outgoing: 5 
	datadep: 
	instructions:
		 0: COPY TYPE_Nil def_%v_18 
BB 5
	outgoing: 6 
	datadep: 
	instructions:
		 0: 
		 1: HASH-force_quotes- def_%v_19 
		 2: header_row->to_csv def_%v_20 header_row[2.22,] %v_19[5.1,] 	 ARGS:%v_19,
		 3: yielder-><< def_%v_21 yielder[2.5,] %v_20[5.2,] 	 ARGS:%v_20,
		 4: 
		 5: memberships->find_each def_%v_22 memberships[2.6,] %self[2.0,] 	 ARGS:memberships,
CLOSURE BEGIN: membership[] user[] community[2.7,] user_data[5.5,] %self[2.0,] 
BB 1
	outgoing: 15 2 
	datadep: 
	instructions:
BB 2
	outgoing: 3 
	datadep: 
	instructions:
		 0: def_%self 
		 1: def_%cl_1_0 
		 2: RECEIVEARG def_membership 
		 3: COPY TYPE_CurrentScope def_%current_scope 
		 4: COPY TYPE_ScopeModule def_%current_module 
BB 3
	outgoing: 4 5 13 
	datadep: 
	instructions:
		 0: 
		 1: membership->person def_%cl_1_3 membership[2.2,] 	 ARGS:
		 2: COPY TYPE_PASS def_user %cl_1_3[3.1,] 
		 3: 
		 4: %cl_1_3->blank? def_%cl_1_4 %cl_1_3[3.1,] 	 ARGS:
		 5: BRANCH %cl_1_4[3.4,] 
BB 4
	outgoing: 15 
	datadep: 
	instructions:
		 0: COPY TYPE_Nil def_%cl_1_5 
		 1: RETURN %cl_1_5[4.0,] %self[2.0,] 
BB 5
	outgoing: 6 7 13 
	datadep: 
	instructions:
		 0: 
		 1: user->given_name def_%cl_1_6 user[3.2,] 	 ARGS:
		 2: user->family_name def_%cl_1_7 user[5.1,3.2,] 	 ARGS:
		 3: user->username def_%cl_1_8 user[5.1,5.2,3.2,] 	 ARGS:
		 4: user->phone_number def_%cl_1_9 user[5.1,5.2,5.3,3.2,] 	 ARGS:
		 5: 
		 6: user->location def_%cl_1_10 user[5.1,5.2,5.3,5.4,3.2,] 	 ARGS:
		 7: BRANCH %cl_1_10[5.6,] 
BB 6
	outgoing: 8 13 
	datadep: 
	instructions:
		 0: user->location def_%cl_1_11 user[3.2,] 	 ARGS:
		 1: %cl_1_11->address def_%cl_1_12 %cl_1_11[6.0,] 	 ARGS:
		 2: 
BB 7
	outgoing: 8 
	datadep: 
	instructions:
		 0: COPY TYPE_StringLiteral def_%cl_1_13 
		 1: COPY TYPE_PASS def_%cl_1_12 %cl_1_13[7.0,] 
BB 8
	outgoing: 9 10 13 
	datadep: 
	instructions:
		 0: membership->created_at def_%cl_1_14 membership[2.2,] 	 ARGS:
		 1: membership->status def_%cl_1_15 membership[8.0,2.2,] 	 ARGS:
		 2: membership->admin def_%cl_1_16 membership[8.0,8.1,2.2,] 	 ARGS:
		 3: user->locale def_%cl_1_17 user[3.2,] 	 ARGS:
		 4: COPY TYPE_Array def_%cl_1_18 %cl_1_6[5.1,] %cl_1_7[5.2,] %cl_1_8[5.3,] %cl_1_9[5.4,] %cl_1_12[7.1,6.1,] %cl_1_14[8.0,] %cl_1_15[8.1,] %cl_1_16[8.2,] %cl_1_17[8.3,] 
		 5: COPY TYPE_PASS def_user_data %cl_1_18[8.4,] 
		 6: 
		 7: community->require_verification_to_post_listings def_%cl_1_19 community[] 	 ARGS:
		 8: BRANCH %cl_1_19[8.7,] 
BB 9
	outgoing: 11 13 
	datadep: 
	instructions:
		 0: membership->can_post_listings def_%cl_1_20 membership[2.2,] 	 ARGS:
		 1: user_data->push def_%cl_1_21 user_data[8.5,] %cl_1_20[9.0,] 	 ARGS:%cl_1_20,
		 2: 
BB 10
	outgoing: 11 
	datadep: 
	instructions:
		 0: COPY TYPE_Nil def_%cl_1_21 
BB 11
	outgoing: 13 15 
	datadep: 
	instructions:
		 0: 
		 1: user->emails def_%cl_1_22 user[3.2,] 	 ARGS:
		 2: %cl_1_22->each def_%cl_1_23 %cl_1_22[11.1,] %self[2.0,] 	 ARGS:%cl_1_22,
CLOSURE BEGIN: user[11.1,3.2,] email[] user_data[8.5,] accept_emails_from_admin[11.2,] yielder[] 
BB 1
	outgoing: 8 2 
	datadep: 
	instructions:
BB 2
	outgoing: 3 
	datadep: 
	instructions:
		 0: def_%self 
		 1: def_%cl_2_0 
		 2: RECEIVEARG def_email 
		 3: COPY TYPE_CurrentScope def_%current_scope 
		 4: COPY TYPE_ScopeModule def_%current_module 
BB 3
	outgoing: 4 5 6 
	datadep: 
	instructions:
		 0: 
		 1: user->preferences def_%cl_2_3 user[] 	 ARGS:
		 2: COPY TYPE_StringLiteral def_%cl_2_4 
		 3: %cl_2_3->[] def_%cl_2_5 %cl_2_3[3.1,] %cl_2_4[3.2,] 	 ARGS:%cl_2_4,
		 4: BRANCH %cl_2_5[3.3,] 
BB 4
	outgoing: 5 6 
	datadep: 
	instructions:
		 0: email->send_notifications def_%cl_2_6 email[2.2,] 	 ARGS:
		 1: COPY TYPE_PASS def_%cl_2_5 %cl_2_6[4.0,] 
BB 5
	outgoing: 6 8 
	datadep: 
	instructions:
		 0: COPY TYPE_PASS def_accept_emails_from_admin %cl_2_5[4.1,3.3,] 
		 1: 
		 2: user_data->clone def_%cl_2_7 user_data[] 	 ARGS:
		 3: email->address def_%cl_2_8 email[2.2,] 	 ARGS:
		 4: email->confirmed_at def_%cl_2_9 email[5.3,2.2,] 	 ARGS:
		 5: %cl_2_9->! def_%cl_2_10 %cl_2_9[5.4,] 	 ARGS:
		 6: %cl_2_10->! def_%cl_2_11 %cl_2_10[5.5,] 	 ARGS:
		 7: %cl_2_7->insert def_%cl_2_12 %cl_2_7[5.2,] %cl_2_8[5.3,] %cl_2_11[5.6,] 	 ARGS:Fixnum,%cl_2_8,%cl_2_11,
		 8: accept_emails_from_admin->! def_%cl_2_13 accept_emails_from_admin[5.0,] 	 ARGS:
		 9: %cl_2_13->! def_%cl_2_14 %cl_2_13[5.8,] 	 ARGS:
		 10: %cl_2_12->insert def_%cl_2_15 %cl_2_12[5.7,] %cl_2_14[5.9,] 	 ARGS:Fixnum,%cl_2_14,
		 11: HASH-force_quotes- def_%cl_2_16 
		 12: %cl_2_15->to_csv def_%cl_2_17 %cl_2_15[5.10,] %cl_2_16[5.11,] 	 ARGS:%cl_2_16,
		 13: yielder-><< def_%cl_2_18 yielder[] %cl_2_17[5.12,] 	 ARGS:%cl_2_17,
		 14: RETURN %cl_2_18[5.13,] %self[2.0,] 
BB 6
	outgoing: 8 
	datadep: 
	instructions:
		 0: def_%cl_2_19 
		 1: def_%cl_2_20 %cl_2_19[6.0,] 
		 2: RETURN %cl_2_20[6.1,] %self[2.0,] 
BB 8
	outgoing: 
	datadep: 
	instructions:
CLOSURE END: email[2.2,] 
		 3: RETURN %cl_1_23[11.2,] %self[2.0,] 
BB 13
	outgoing: 15 
	datadep: 
	instructions:
		 0: def_%cl_1_24 
		 1: def_%cl_1_25 %cl_1_24[13.0,] 
		 2: RETURN %cl_1_25[13.1,] %self[2.0,] 
BB 15
	outgoing: 
	datadep: 
	instructions:
CLOSURE END: membership[2.2,] user[3.2,] 
		 6: RETURN %v_22[5.5,] %self[2.0,] 
BB 6
	outgoing: 
	datadep: 
	instructions:

SET IRMethod, name = removes_itself?
BB 1
	outgoing: 7 2 
	datadep: 
	instructions:
BB 2
	outgoing: 3 4 
	datadep: 
	instructions:
		 0: def_%self 
		 1: def_%v_0 
		 2: COPY TYPE_CurrentScope def_%current_scope 
		 3: COPY TYPE_ScopeModule def_%current_module 
		 4: 
		 5: RECEIVEARG def_ids 
		 6: RECEIVEARG def_current_admin_user 
		 7: RECEIVEARG def_community 
		 8: 
		 9: COPY TYPE_PASS def_%v_3 ids[2.5,] 
		 10: COPY TYPE_PASS def_%v_4 ids[2.5,] 
		 11: BRANCH ids[2.5,] 
BB 3
	outgoing: 4 
	datadep: 
	instructions:
		 0: COPY TYPE_Array def_%v_5 
		 1: COPY TYPE_PASS def_ids %v_5[3.0,] 
		 2: COPY TYPE_PASS def_%v_4 %v_5[3.0,] 
BB 4
	outgoing: 5 6 
	datadep: 
	instructions:
		 0: 
		 1: current_admin_user->id def_%v_6 current_admin_user[2.6,] 	 ARGS:
		 2: ids->include? def_%v_7 ids[3.1,2.5,] %v_6[4.1,] 	 ARGS:%v_6,
		 3: BRANCH %v_7[4.2,] 
BB 5
	outgoing: 7 
	datadep: 
	instructions:
		 0: current_admin_user->is_admin_of? def_%v_8 current_admin_user[2.6,] community[2.7,] 	 ARGS:community,
		 1: RETURN %v_8[5.0,] %self[2.0,] 
BB 6
	outgoing: 7 
	datadep: 
	instructions:
		 0: RETURN %v_7[4.2,] %self[2.0,] 
BB 7
	outgoing: 
	datadep: 
	instructions:

SET IRMethod, name = sort_column
BB 1
	outgoing: 13 2 
	datadep: 
	instructions:
BB 2
	outgoing: 3 7 
	datadep: 
	instructions:
		 0: def_%self 
		 1: def_%v_0 
		 2: COPY TYPE_CurrentScope def_%current_scope 
		 3: COPY TYPE_ScopeModule def_%current_module 
		 4: 
		 5: 
		 6: %self->params def_%v_3 %self[2.0,] 	 ARGS:
		 7: %v_3->[] def_%v_4 %v_3[2.6,] 	 ARGS:Symbol,
		 8: COPY TYPE_StringLiteral def_%v_7 
		 9: def_%v_6 %v_7[2.8,] %v_4[2.7,] 
		 10: BRANCH %v_6[2.9,] 
BB 3
	outgoing: 4 8 
	datadep: 
	instructions:
		 0: COPY TYPE_StringLiteral def_%v_9 
		 1: def_%v_8 %v_9[3.0,] %v_4[2.7,] 
		 2: BRANCH %v_8[3.1,] 
BB 4
	outgoing: 5 9 
	datadep: 
	instructions:
		 0: COPY TYPE_StringLiteral def_%v_11 
		 1: def_%v_10 %v_11[4.0,] %v_4[2.7,] 
		 2: BRANCH %v_10[4.1,] 
BB 5
	outgoing: 6 10 
	datadep: 
	instructions:
		 0: COPY TYPE_StringLiteral def_%v_13 
		 1: def_%v_12 %v_13[5.0,] %v_4[2.7,] 
		 2: BRANCH %v_12[5.1,] 
BB 6
	outgoing: 13 
	datadep: 
	instructions:
		 0: 
		 1: COPY TYPE_StringLiteral def_%v_18 
		 2: COPY TYPE_PASS def_%v_5 %v_18[6.1,] 
		 3: RETURN %v_18[6.1,] %self[2.0,] 
BB 7
	outgoing: 13 
	datadep: 
	instructions:
		 0: 
		 1: COPY TYPE_StringLiteral def_%v_14 
		 2: COPY TYPE_PASS def_%v_5 %v_14[7.1,] 
		 3: RETURN %v_14[7.1,] %self[2.0,] 
BB 8
	outgoing: 13 
	datadep: 
	instructions:
		 0: 
		 1: COPY TYPE_StringLiteral def_%v_15 
		 2: COPY TYPE_PASS def_%v_5 %v_15[8.1,] 
		 3: RETURN %v_15[8.1,] %self[2.0,] 
BB 9
	outgoing: 13 
	datadep: 
	instructions:
		 0: 
		 1: COPY TYPE_StringLiteral def_%v_16 
		 2: COPY TYPE_PASS def_%v_5 %v_16[9.1,] 
		 3: RETURN %v_16[9.1,] %self[2.0,] 
BB 10
	outgoing: 13 
	datadep: 
	instructions:
		 0: 
		 1: COPY TYPE_StringLiteral def_%v_17 
		 2: COPY TYPE_PASS def_%v_5 %v_17[10.1,] 
		 3: RETURN %v_17[10.1,] %self[2.0,] 
BB 13
	outgoing: 
	datadep: 
	instructions:

SET IRMethod, name = sort_direction
BB 1
	outgoing: 6 2 
	datadep: 
	instructions:
BB 2
	outgoing: 3 4 
	datadep: 
	instructions:
		 0: def_%self 
		 1: def_%v_0 
		 2: COPY TYPE_CurrentScope def_%current_scope 
		 3: COPY TYPE_ScopeModule def_%current_module 
		 4: 
		 5: 
		 6: %self->params def_%v_3 %self[2.0,] 	 ARGS:
		 7: %v_3->[] def_%v_4 %v_3[2.6,] 	 ARGS:Symbol,
		 8: COPY TYPE_StringLiteral def_%v_5 
		 9: %v_4->== def_%v_6 %v_4[2.7,] %v_5[2.8,] 	 ARGS:%v_5,
		 10: BRANCH %v_6[2.9,] 
BB 3
	outgoing: 6 
	datadep: 
	instructions:
		 0: 
		 1: COPY TYPE_StringLiteral def_%v_7 
		 2: RETURN %self[2.0,] 
BB 4
	outgoing: 6 
	datadep: 
	instructions:
		 0: 
		 1: COPY TYPE_StringLiteral def_%v_8 
		 2: RETURN %v_8[4.1,] %self[2.0,] 
BB 6
	outgoing: 
	datadep: 
	instructions:

