SET IRMethod, name = initialize instanceMethod = true
BB 1
	outgoing: 9 2 
	datadep: 
	instructions:
BB 2
	outgoing: 3 4 
	datadep: 
	instructions:
		 0: def_%self 
		 1: def_%v_0 
		 2: COPY TYPE_CurrentScope def_%current_scope 
		 3: COPY TYPE_ScopeModule def_%current_module 
		 4: 
		 5: RECEIVEARG def_args 
		 6: 
		 7: def_%v_3 args[2.5,] 
		 8: %self->super def_%v_4 %v_3[2.7,] %v_0[2.1,] 	 SYMBOL:	 ARGS:Splat,
		 9: 
		 10: %self->options def_%v_5 %self[2.0,] 	 SYMBOL:	 ARGS:
		 11: %v_5->[] def_%v_6 %v_5[2.10,] 	 SYMBOL:label,	 ARGS:Symbol,
		 12: %v_6->nil? def_%v_7 %v_6[2.11,] 	 SYMBOL:	 ARGS:
		 13: BRANCH %v_7[2.12,] 
BB 3
	outgoing: 5 
	datadep: 
	instructions:
		 0: %self->options def_%v_8 %self[2.0,] 	 SYMBOL:	 ARGS:
		 1: ATTRASSIGN %v_8->[] 
		 2: COPY TYPE_Boolean def_%v_9 
		 3: 
BB 4
	outgoing: 5 
	datadep: 
	instructions:
		 0: COPY TYPE_Nil def_%v_9 
BB 5
	outgoing: 6 7 
	datadep: 
	instructions:
		 0: 
		 1: %self->options def_%v_10 %self[2.0,] 	 SYMBOL:	 ARGS:
		 2: %v_10->[] def_%v_11 %v_10[5.1,] 	 SYMBOL:placeholder,	 ARGS:Symbol,
		 3: %v_11->nil? def_%v_12 %v_11[5.2,] 	 SYMBOL:	 ARGS:
		 4: BRANCH %v_12[5.3,] 
BB 6
	outgoing: 9 
	datadep: 
	instructions:
		 0: %self->options def_%v_13 %self[2.0,] 	 SYMBOL:	 ARGS:
		 1: COPY TYPE_StringLiteral "Name" def_%v_14 
		 2: ATTRASSIGN %v_13->[] %v_14[6.1,] 
		 3: RETURN %v_14[6.1,] %self[6.0,2.0,] 
BB 7
	outgoing: 9 
	datadep: 
	instructions:
		 0: RETURN %self[2.0,] 
BB 9
	outgoing: 
	datadep: 
	instructions:

SET IRMethod, name = input instanceMethod = true
BB 1
	outgoing: 6 2 
	datadep: 
	instructions:
BB 2
	outgoing: 3 4 
	datadep: 
	instructions:
		 0: def_%self 
		 1: def_%v_0 
		 2: COPY TYPE_CurrentScope def_%current_scope 
		 3: COPY TYPE_ScopeModule def_%current_module 
		 4: 
		 5: 
		 6: %self->add_slug_source_for_content_that_needs_it def_%v_3 %self[2.0,] 	 SYMBOL:	 ARGS:
		 7: 
		 8: %self->options def_%v_4 %self[2.0,2.6,] 	 SYMBOL:	 ARGS:
		 9: %v_4->[] def_%v_5 %v_4[2.8,] 	 SYMBOL:label,	 ARGS:Symbol,
		 10: BRANCH %v_5[2.9,] 
BB 3
	outgoing: 5 
	datadep: 
	instructions:
		 0: COPY TYPE_Nil def_%v_6 
		 1: 
BB 4
	outgoing: 5 
	datadep: 
	instructions:
		 0: 
		 1: %self->input_html_options def_%v_7 %self[2.0,] 	 SYMBOL:	 ARGS:
		 2: %v_7->[] def_%v_8 %v_7[4.1,] 	 SYMBOL:class,	 ARGS:Symbol,
		 3: COPY TYPE_StringLiteral "input-block-level input-xxlarge" def_%v_9 
		 4: %v_8-><< def_%v_10 %v_8[4.2,] %v_9[4.3,] 	 SYMBOL:	 ARGS:%v_9,
		 5: COPY TYPE_PASS def_%v_6 %v_10[4.4,] 
BB 5
	outgoing: 6 
	datadep: 
	instructions:
		 0: 
		 1: GETFIELD %self->builder def_%v_11 %self[2.0,] 
		 2: %self->attribute_name def_%v_12 %self[2.0,] 	 SYMBOL:	 ARGS:
		 3: %self->input_html_options def_%v_13 %self[5.2,2.0,] 	 SYMBOL:	 ARGS:
		 4: %v_11->text_field def_%v_14 %v_11[5.1,] %v_12[5.2,] %v_13[5.3,] 	 SYMBOL:	 ARGS:%v_12,%v_13,
		 5: %v_14->html_safe def_%v_15 %v_14[5.4,] 	 SYMBOL:	 ARGS:
		 6: RETURN %v_15[5.5,] %self[5.2,5.3,2.0,] 
BB 6
	outgoing: 
	datadep: 
	instructions:

SET IRMethod, name = add_slug_source_for_content_that_needs_it instanceMethod = true
BB 1
	outgoing: 6 2 
	datadep: 
	instructions:
BB 2
	outgoing: 3 4 
	datadep: 
	instructions:
		 0: def_%self 
		 1: def_%v_0 
		 2: COPY TYPE_CurrentScope def_%current_scope 
		 3: COPY TYPE_ScopeModule def_%current_module 
		 4: 
		 5: 
		 6: %self->should_autogenerate_slug? def_%v_3 %self[2.0,] 	 SYMBOL:	 ARGS:
		 7: BRANCH %v_3[2.6,] 
BB 3
	outgoing: 6 
	datadep: 
	instructions:
		 0: 
		 1: %self->input_html_options def_%v_4 %self[2.0,] 	 SYMBOL:	 ARGS:
		 2: %v_4->[] def_%v_5 %v_4[3.1,] 	 SYMBOL:class,	 ARGS:Symbol,
		 3: COPY TYPE_StringLiteral "slug-source" def_%v_6 
		 4: %v_5-><< def_%v_7 %v_5[3.2,] %v_6[3.3,] 	 SYMBOL:	 ARGS:%v_6,
		 5: RETURN %v_7[3.4,] %self[3.1,2.0,] 
BB 4
	outgoing: 6 
	datadep: 
	instructions:
		 0: RETURN %self[2.0,] 
BB 6
	outgoing: 
	datadep: 
	instructions:

SET IRMethod, name = should_autogenerate_slug? instanceMethod = true
BB 1
	outgoing: 9 2 
	datadep: 
	instructions:
BB 2
	outgoing: 3 8 
	datadep: 
	instructions:
		 0: def_%self 
		 1: def_%v_0 
		 2: COPY TYPE_CurrentScope def_%current_scope 
		 3: COPY TYPE_ScopeModule def_%current_module 
		 4: 
		 5: 
		 6: %self->content_requires_slug_field? def_%v_3 %self[2.0,] 	 SYMBOL:	 ARGS:
		 7: BRANCH %v_3[2.6,] 
BB 3
	outgoing: 4 7 
	datadep: 
	instructions:
		 0: %self->object def_%v_4 %self[2.0,] 	 SYMBOL:	 ARGS:
		 1: %v_4->new_record? def_%v_5 %v_4[3.0,] 	 SYMBOL:	 ARGS:
		 2: BRANCH %v_5[3.1,] 
BB 4
	outgoing: 5 6 
	datadep: 
	instructions:
		 0: %self->object def_%v_6 %self[2.0,] 	 SYMBOL:	 ARGS:
		 1: %v_6->name def_%v_7 %v_6[4.0,] 	 SYMBOL:	 ARGS:
		 2: %v_7->blank? def_%v_8 %v_7[4.1,] 	 SYMBOL:	 ARGS:
		 3: BRANCH %v_8[4.2,] 
BB 5
	outgoing: 6 
	datadep: 
	instructions:
		 0: %self->object def_%v_9 %self[2.0,] 	 SYMBOL:	 ARGS:
		 1: %v_9->slug def_%v_10 %v_9[5.0,] 	 SYMBOL:	 ARGS:
		 2: %v_10->blank? def_%v_11 %v_10[5.1,] 	 SYMBOL:	 ARGS:
		 3: COPY TYPE_PASS def_%v_8 %v_11[5.2,] 
BB 6
	outgoing: 7 
	datadep: 
	instructions:
		 0: COPY TYPE_PASS def_%v_5 %v_8[5.3,4.2,] 
BB 7
	outgoing: 9 
	datadep: 
	instructions:
		 0: RETURN %v_5[6.0,3.1,] %self[2.0,] 
BB 8
	outgoing: 9 
	datadep: 
	instructions:
		 0: RETURN %v_3[2.6,] %self[2.0,] 
BB 9
	outgoing: 
	datadep: 
	instructions:

SET IRMethod, name = content_requires_slug_field? instanceMethod = true
BB 1
	outgoing: 3 2 
	datadep: 
	instructions:
BB 2
	outgoing: 3 
	datadep: 
	instructions:
		 0: def_%self 
		 1: def_%v_0 
		 2: COPY TYPE_CurrentScope def_%current_scope 
		 3: COPY TYPE_ScopeModule def_%current_module 
		 4: 
		 5: 
		 6: %self->object def_%v_3 %self[2.0,] 	 SYMBOL:	 ARGS:
		 7: %v_3->class def_%v_4 %v_3[2.6,] 	 SYMBOL:	 ARGS:
		 8: %v_4->requires_slug? def_%v_5 %v_4[2.7,] 	 SYMBOL:	 ARGS:
		 9: RETURN %v_5[2.8,] %self[2.0,2.6,] 
BB 3
	outgoing: 
	datadep: 
	instructions:

