SET IRMethod, name = publishable?
BB 1
	outgoing: 7 2 
	datadep: 
	instructions:
BB 2
	outgoing: 3 6 
	datadep: 
	instructions:
		 0: 
		 1: 
		 2: 
		 3: 
		 4: 
		 5: 
		 6: %self->shared? %self[2.0,] 
		 7: BRANCH %v_3[2.6,] 
BB 3
	outgoing: 4 5 
	datadep: 2 
	instructions:
		 0: %self->streamable_type %self[2.0,] 
		 1: 
		 2: %v_4[3.0,] %v_5[3.1,] 
		 3: BRANCH %v_6[3.2,] 
BB 4
	outgoing: 5 
	datadep: 2 
	instructions:
		 0: %self->group_id %self[2.0,] 
		 1: %v_7->nil? %v_7[4.0,] 
		 2: %v_8[4.1,] 
BB 5
	outgoing: 7 
	datadep: 4 3 
	instructions:
		 0: %v_6->! %v_6[4.2,3.2,] 
		 1: RETURN %v_9[5.0,] 
BB 6
	outgoing: 7 
	datadep: 2 
	instructions:
		 0: RETURN %v_3[2.6,] 
BB 7
	outgoing: 
	datadep: 
	instructions:

SET IRMethod, name = to_html
BB 1
	outgoing: 8 2 
	datadep: 
	instructions:
BB 2
	outgoing: 3 4 
	datadep: 
	instructions:
		 0: 
		 1: 
		 2: 
		 3: 
		 4: 
		 5: 
		 6: options[2.5,] 
BB 3
	outgoing: 4 
	datadep: 
	instructions:
		 0: 
		 1: %v_3[3.0,] 
BB 4
	outgoing: 5 6 
	datadep: 2 
	instructions:
		 0: 
		 1: %self->publishable? %self[2.0,] 
		 2: BRANCH %v_4[4.1,] 
BB 5
	outgoing: 8 
	datadep: 2 2 
	instructions:
		 0: 
		 1: 
		 2: %self->h %self[2.0,] 
		 3: %self[2.0,] %v_6[5.2,] 
CLOSURE BEGIN: 
BB 1
	outgoing: 9 2 
	datadep: 
	instructions:
BB 2
	outgoing: 3 
	datadep: 
	instructions:
		 0: 
		 1: 
		 2: 
		 3: 
BB 3
	outgoing: 4 5 7 
	datadep: 2 
	instructions:
		 0: 
		 1: %self->streamable_type %self[2.0,] 
		 2: 
		 3: %cl_1_3[3.1,] %cl_1_4[3.2,] 
		 4: BRANCH %cl_1_5[3.3,] 
BB 4
	outgoing: 6 7 
	datadep: 2 
	instructions:
		 0: 
		 1: %self->group_content %self[2.0,] 
		 2: 
BB 5
	outgoing: 7 9 
	datadep: 2 2 2 
	instructions:
		 0: 
		 1: %self->icon %self[2.0,] 
		 2: %self->h %self[2.0,] 
		 3: 
		 4: %cl_1_9[5.3,] 
		 5: %cl_1_8->content_tag %self[2.0,] %cl_1_10[5.4,] %cl_1_8[5.2,] 
CLOSURE BEGIN: 
BB 1
	outgoing: 6 2 
	datadep: 
	instructions:
BB 2
	outgoing: 3 
	datadep: 
	instructions:
		 0: 
		 1: 
		 2: 
		 3: 
BB 3
	outgoing: 4 6 
	datadep: 2 2 2 2 2 
	instructions:
		 0: 
		 1: %self->h %self[2.0,] 
		 2: 
		 3: %cl_2_4[3.2,] 
		 4: %cl_2_3->content_tag %cl_2_3[3.1,] %self[2.0,] %cl_2_5[3.3,] 
CLOSURE BEGIN: 
BB 1
	outgoing: 9 2 
	datadep: 
	instructions:
BB 2
	outgoing: 3 
	datadep: 
	instructions:
		 0: 
		 1: 
		 2: 
		 3: 
BB 3
	outgoing: 4 5 7 
	datadep: 2 2 2 
	instructions:
		 0: 
		 1: %self->h %self[2.0,] 
		 2: 
		 3: %cl_3_3->icon %cl_3_3[3.1,] %cl_3_4[3.2,] 
		 4: 
		 5: %cl_3_5[3.3,] %cl_3_6[3.4,] 
		 6: %self->created_at %self[2.0,] 
		 7: %cl_3_8->to_s %cl_3_8[3.6,] 
		 8: %cl_3_9[3.7,] %cl_3_7[3.5,] 
		 9: 
		 10: %self->new? %self[2.0,] 
		 11: BRANCH %cl_3_11[3.10,] 
BB 4
	outgoing: 6 7 
	datadep: 2 
	instructions:
		 0: %self->new_badge %self[2.0,] 
		 1: 
BB 5
	outgoing: 6 
	datadep: 
	instructions:
		 0: 
		 1: %cl_3_13[5.0,] 
BB 6
	outgoing: 7 9 
	datadep: 5 4 3 
	instructions:
		 0: %cl_3_12[5.1,4.0,] %cl_3_10[3.8,] 
		 1: RETURN %cl_3_14[6.0,] 
BB 7
	outgoing: 9 
	datadep: 
	instructions:
		 0: 
		 1: %cl_3_15[7.0,] 
		 2: RETURN %cl_3_16[7.1,] 
BB 9
	outgoing: 
	datadep: 
	instructions:
CLOSURE END
		 5: %self->header %self[2.0,] 
		 6: %cl_2_6[3.4,] %cl_2_7[3.5,] 
		 7: %self->body %self[2.0,] 
		 8: %cl_2_8[3.6,] %cl_2_9[3.7,] 
		 9: %self->footer %self[2.0,] 
		 10: %cl_2_11[3.9,] %cl_2_10[3.8,] 
		 11: RETURN %cl_2_12[3.10,] 
BB 4
	outgoing: 6 
	datadep: 
	instructions:
		 0: 
		 1: %cl_2_13[4.0,] 
		 2: RETURN %cl_2_14[4.1,] 
BB 6
	outgoing: 
	datadep: 
	instructions:
CLOSURE END
		 6: %cl_1_7[5.1,] %cl_1_11[5.5,] 
		 7: RETURN %cl_1_12[5.6,] 
BB 6
	outgoing: 9 
	datadep: 4 
	instructions:
		 0: RETURN %cl_1_6[4.1,] 
BB 7
	outgoing: 9 
	datadep: 
	instructions:
		 0: 
		 1: %cl_1_13[7.0,] 
		 2: RETURN %cl_1_14[7.1,] 
BB 9
	outgoing: 
	datadep: 
	instructions:
CLOSURE END
		 4: %v_7->html_safe %v_7[5.3,] 
		 5: RETURN %v_8[5.4,] 
BB 6
	outgoing: 8 
	datadep: 
	instructions:
		 0: RETURN 
BB 8
	outgoing: 
	datadep: 
	instructions:

SET IRMethod, name = group_content
BB 1
	outgoing: 3 2 
	datadep: 
	instructions:
BB 2
	outgoing: 3 
	datadep: 
	instructions:
		 0: 
		 1: 
		 2: 
		 3: 
		 4: 
		 5: 
		 6: %self->h %self[2.0,] 
		 7: %self->id %self[2.0,] 
		 8: %v_4[2.7,] 
		 9: %v_3->stream_url %v_5[2.8,] %v_3[2.6,] 
		 10: %v_6[2.9,] 
		 11: 
		 12: %self->h %self[2.0,] 
		 13: 
		 14: %v_8[2.13,] 
		 15: %v_7->content_tag %self[2.0,] %v_9[2.14,] %v_7[2.12,] 
CLOSURE BEGIN: 
BB 1
	outgoing: 6 2 
	datadep: 
	instructions:
BB 2
	outgoing: 3 
	datadep: 
	instructions:
		 0: 
		 1: 
		 2: 
		 3: 
BB 3
	outgoing: 4 6 
	datadep: 2 2 2 
	instructions:
		 0: 
		 1: %self->h %self[2.0,] 
		 2: 
		 3: %self->streamable_css_class %self[2.0,] 
		 4: %cl_1_4[3.2,] %cl_1_5[3.3,] 
		 5: %cl_1_6[3.4,] 
		 6: %cl_1_3->content_tag %cl_1_3[3.1,] %self[2.0,] %cl_1_7[3.5,] 
CLOSURE BEGIN: 
BB 1
	outgoing: 6 2 
	datadep: 
	instructions:
BB 2
	outgoing: 3 
	datadep: 
	instructions:
		 0: 
		 1: 
		 2: 
		 3: 
BB 3
	outgoing: 4 6 
	datadep: 2 2 2 
	instructions:
		 0: 
		 1: (I18n) 
		 2: 
		 3: %self->object %self[2.0,] 
		 4: %cl_2_4->context %cl_2_4[3.3,] 
		 5: 
		 6: %cl_2_5->fetch %cl_2_5[3.4,] %cl_2_6[3.5,] 
		 7: %cl_2_7->underscore %cl_2_7[3.6,] 
		 8: 
		 9: %cl_2_8[3.7,] %cl_2_9[3.8,] 
		 10: 
		 11: %self->items %self[2.0,] 
		 12: %cl_2_12->count %cl_2_12[3.11,] 
		 13: 
		 14: %cl_2_13[3.12,] %cl_2_14[3.13,] %cl_2_11[3.10,] 
		 15: %cl_2_3->t %cl_2_15[3.14,] %cl_2_3[3.1,] %cl_2_10[3.9,] 
		 16: %cl_2_16->html_safe %cl_2_16[3.15,] 
		 17: 
		 18: 
		 19: %cl_2_19[3.18,] 
		 20: %cl_2_18[3.17,] %cl_2_20[3.19,] 
		 21: %self->footer %self[2.0,] %cl_2_21[3.20,] 
		 22: %cl_2_17[3.16,] %cl_2_22[3.21,] 
		 23: RETURN %cl_2_23[3.22,] 
BB 4
	outgoing: 6 
	datadep: 
	instructions:
		 0: 
		 1: %cl_2_24[4.0,] 
		 2: RETURN %cl_2_25[4.1,] 
BB 6
	outgoing: 
	datadep: 
	instructions:
CLOSURE END
		 7: RETURN %cl_1_8[3.6,] 
BB 4
	outgoing: 6 
	datadep: 
	instructions:
		 0: 
		 1: %cl_1_9[4.0,] 
		 2: RETURN %cl_1_10[4.1,] 
BB 6
	outgoing: 
	datadep: 
	instructions:
CLOSURE END
		 16: RETURN %v_10[2.15,] 
BB 3
	outgoing: 
	datadep: 
	instructions:

SET IRMethod, name = icon
BB 1
	outgoing: 19 2 
	datadep: 
	instructions:
BB 2
	outgoing: 3 10 
	datadep: 
	instructions:
		 0: 
		 1: 
		 2: 
		 3: 
		 4: 
		 5: 
		 6: %self->streamable_type %self[2.0,] 
		 7: 
		 8: %v_3[2.6,] %v_6[2.7,] 
		 9: BRANCH %v_5[2.8,] 
BB 3
	outgoing: 4 11 
	datadep: 2 
	instructions:
		 0: 
		 1: %v_3[2.6,] %v_8[3.0,] 
		 2: BRANCH %v_7[3.1,] 
BB 4
	outgoing: 5 12 
	datadep: 2 
	instructions:
		 0: 
		 1: %v_3[2.6,] %v_10[4.0,] 
		 2: BRANCH %v_9[4.1,] 
BB 5
	outgoing: 6 13 
	datadep: 2 
	instructions:
		 0: 
		 1: %v_3[2.6,] %v_12[5.0,] 
		 2: BRANCH %v_11[5.1,] 
BB 6
	outgoing: 7 14 
	datadep: 2 
	instructions:
		 0: 
		 1: %v_14[6.0,] %v_3[2.6,] 
		 2: BRANCH %v_13[6.1,] 
BB 7
	outgoing: 8 15 
	datadep: 2 
	instructions:
		 0: 
		 1: %v_16[7.0,] %v_3[2.6,] 
		 2: BRANCH %v_15[7.1,] 
BB 8
	outgoing: 9 16 
	datadep: 2 
	instructions:
		 0: 
		 1: %v_18[8.0,] %v_3[2.6,] 
		 2: BRANCH %v_17[8.1,] 
BB 9
	outgoing: 19 
	datadep: 2 
	instructions:
		 0: 
		 1: %self->h %self[2.0,] 
		 2: 
		 3: %v_42->icon %v_42[9.1,] %v_43[9.2,] 
		 4: %v_44[9.3,] 
		 5: RETURN %v_44[9.3,] 
BB 10
	outgoing: 19 
	datadep: 2 
	instructions:
		 0: 
		 1: %self->h %self[2.0,] 
		 2: 
		 3: %v_19->icon %v_19[10.1,] %v_20[10.2,] 
		 4: %v_21[10.3,] 
		 5: RETURN %v_21[10.3,] 
BB 11
	outgoing: 19 
	datadep: 2 
	instructions:
		 0: 
		 1: %self->h %self[2.0,] 
		 2: 
		 3: %v_22->icon %v_22[11.1,] %v_23[11.2,] 
		 4: %v_24[11.3,] 
		 5: RETURN %v_24[11.3,] 
BB 12
	outgoing: 19 
	datadep: 2 
	instructions:
		 0: 
		 1: %self->h %self[2.0,] 
		 2: 
		 3: %v_25->icon %v_25[12.1,] %v_26[12.2,] 
		 4: %v_27[12.3,] 
		 5: RETURN %v_27[12.3,] 
BB 13
	outgoing: 19 
	datadep: 2 
	instructions:
		 0: 
		 1: %self->h %self[2.0,] 
		 2: 
		 3: %v_28->icon %v_28[13.1,] %v_29[13.2,] 
		 4: %v_30[13.3,] 
		 5: RETURN %v_30[13.3,] 
BB 14
	outgoing: 19 
	datadep: 2 
	instructions:
		 0: 
		 1: %self->h %self[2.0,] 
		 2: 
		 3: %v_31->icon %v_31[14.1,] %v_32[14.2,] 
		 4: %v_33[14.3,] 
		 5: RETURN %v_33[14.3,] 
BB 15
	outgoing: 19 
	datadep: 2 
	instructions:
		 0: 
		 1: %self->h %self[2.0,] 
		 2: 
		 3: 
		 4: %v_36[15.3,] 
		 5: %v_34->icon %v_35[15.2,] %v_37[15.4,] %v_34[15.1,] 
		 6: %v_38[15.5,] 
		 7: RETURN %v_38[15.5,] 
BB 16
	outgoing: 19 
	datadep: 2 
	instructions:
		 0: 
		 1: %self->h %self[2.0,] 
		 2: 
		 3: %v_39->icon %v_39[16.1,] %v_40[16.2,] 
		 4: %v_41[16.3,] 
		 5: RETURN %v_41[16.3,] 
BB 19
	outgoing: 
	datadep: 
	instructions:

SET IRMethod, name = header
BB 1
	outgoing: 3 2 
	datadep: 
	instructions:
BB 2
	outgoing: 3 
	datadep: 
	instructions:
		 0: 
		 1: 
		 2: 
		 3: 
		 4: 
		 5: 
		 6: %self->h %self[2.0,] 
		 7: 
		 8: %v_4[2.7,] 
		 9: %v_3->content_tag %self[2.0,] %v_5[2.8,] %v_3[2.6,] 
CLOSURE BEGIN: 
BB 1
	outgoing: 28 2 
	datadep: 
	instructions:
BB 2
	outgoing: 3 
	datadep: 
	instructions:
		 0: 
		 1: 
		 2: 
		 3: 
BB 3
	outgoing: 4 5 26 
	datadep: 2 
	instructions:
		 0: 
		 1: %self->person %self[2.0,] 
		 2: BRANCH %cl_1_3[3.1,] 
BB 4
	outgoing: 6 26 
	datadep: 2 2 
	instructions:
		 0: 
		 1: %self->h %self[2.0,] 
		 2: 
		 3: %cl_1_5[4.2,] 
		 4: %cl_1_4->content_tag %cl_1_4[4.1,] %self[2.0,] %cl_1_6[4.3,] 
CLOSURE BEGIN: 
BB 1
	outgoing: 6 2 
	datadep: 
	instructions:
BB 2
	outgoing: 3 
	datadep: 
	instructions:
		 0: 
		 1: 
		 2: 
		 3: 
BB 3
	outgoing: 4 6 
	datadep: 2 2 2 2 2 2 2 2 
	instructions:
		 0: 
		 1: %self->h %self[2.0,] 
		 2: %self->h %self[2.0,] 
		 3: %self->h %self[2.0,] 
		 4: %self->person %self[2.0,] 
		 5: %cl_2_5->avatar_path %cl_2_5[3.3,] %cl_2_6[3.4,] 
		 6: 
		 7: %cl_2_8[3.6,] 
		 8: %cl_2_4->image_tag %cl_2_4[3.2,] %cl_2_7[3.5,] %cl_2_9[3.7,] 
		 9: %cl_2_10->html_safe %cl_2_10[3.8,] 
		 10: %cl_2_3->concat %cl_2_3[3.1,] %cl_2_11[3.9,] 
		 11: 
		 12: %self->h %self[2.0,] 
		 13: %self->h %self[2.0,] 
		 14: %self->person %self[2.0,] 
		 15: %cl_2_15->name %cl_2_15[3.14,] 
		 16: %self->person %self[2.0,] 
		 17: %cl_2_14->link_to %cl_2_16[3.15,] %cl_2_14[3.13,] %cl_2_17[3.16,] 
		 18: %cl_2_13->concat %cl_2_13[3.12,] %cl_2_18[3.17,] 
		 19: RETURN %cl_2_19[3.18,] 
BB 4
	outgoing: 6 
	datadep: 
	instructions:
		 0: 
		 1: %cl_2_20[4.0,] 
		 2: RETURN %cl_2_21[4.1,] 
BB 6
	outgoing: 
	datadep: 
	instructions:
CLOSURE END
		 5: %cl_1_7[4.4,] 
		 6: 
BB 5
	outgoing: 6 26 
	datadep: 
	instructions:
		 0: 
		 1: (I18n) 
		 2: 
		 3: %cl_1_8->t %cl_1_8[5.1,] %cl_1_9[5.2,] 
		 4: %cl_1_10[5.3,] 
		 5: %cl_1_10[5.3,] 
BB 6
	outgoing: 7 14 26 
	datadep: 2 
	instructions:
		 0: 
		 1: %self->streamable_type %self[2.0,] 
		 2: 
		 3: %cl_1_14[6.2,] %cl_1_11[6.1,] 
		 4: BRANCH %cl_1_13[6.3,] 
BB 7
	outgoing: 8 18 26 
	datadep: 6 
	instructions:
		 0: 
		 1: %cl_1_16[7.0,] %cl_1_11[6.1,] 
		 2: BRANCH %cl_1_15[7.1,] 
BB 8
	outgoing: 9 19 26 
	datadep: 6 
	instructions:
		 0: 
		 1: %cl_1_18[8.0,] %cl_1_11[6.1,] 
		 2: BRANCH %cl_1_17[8.1,] 
BB 9
	outgoing: 10 20 26 
	datadep: 6 
	instructions:
		 0: 
		 1: %cl_1_11[6.1,] %cl_1_20[9.0,] 
		 2: BRANCH %cl_1_19[9.1,] 
BB 10
	outgoing: 11 21 26 
	datadep: 6 
	instructions:
		 0: 
		 1: %cl_1_22[10.0,] %cl_1_11[6.1,] 
		 2: BRANCH %cl_1_21[10.1,] 
BB 11
	outgoing: 12 22 26 
	datadep: 6 
	instructions:
		 0: 
		 1: %cl_1_24[11.0,] %cl_1_11[6.1,] 
		 2: BRANCH %cl_1_23[11.1,] 
BB 12
	outgoing: 13 23 26 
	datadep: 6 
	instructions:
		 0: 
		 1: %cl_1_26[12.0,] %cl_1_11[6.1,] 
		 2: BRANCH %cl_1_25[12.1,] 
BB 13
	outgoing: 24 
	datadep: 
	instructions:
		 0: 
BB 14
	outgoing: 15 16 26 
	datadep: 2 2 2 2 2 2 5 4 2 
	instructions:
		 0: 
		 1: %self->object %self[2.0,] 
		 2: %cl_1_27->context %cl_1_27[14.1,] 
		 3: 
		 4: %cl_1_29[14.3,] %cl_1_28[14.2,] 
		 5: %self->Array %self[2.0,] %cl_1_30[14.4,] 
		 6: %cl_1_31->length %cl_1_31[14.5,] 
		 7: %self->h %self[2.0,] 
		 8: %self->title %self[2.0,] 
		 9: %self->h %self[2.0,] 
		 10: %self->streamable_id %self[2.0,] 
		 11: %cl_1_35->album_path %cl_1_36[14.10,] %cl_1_35[14.9,] 
		 12: %cl_1_33->link_to %cl_1_37[14.11,] %cl_1_34[14.8,] %cl_1_33[14.7,] 
		 13: %cl_1_38[14.12,] who[5.4,4.5,] %cl_1_32[14.6,] 
		 14: %cl_1_39[14.13,] 
		 15: 
		 16: %self->streamable %self[2.0,] 
		 17: %cl_1_40->group %cl_1_40[14.16,] 
		 18: BRANCH %cl_1_41[14.17,] 
BB 15
	outgoing: 17 26 
	datadep: 2 2 2 14 
	instructions:
		 0: 
		 1: (I18n) 
		 2: 
		 3: %self->h %self[2.0,] 
		 4: %self->streamable %self[2.0,] 
		 5: %cl_1_45->group %cl_1_45[15.4,] 
		 6: %cl_1_46->name %cl_1_46[15.5,] 
		 7: %self->streamable %self[2.0,] 
		 8: %cl_1_48->group %cl_1_48[15.7,] 
		 9: %cl_1_44->link_to %cl_1_47[15.6,] %cl_1_49[15.8,] %cl_1_44[15.3,] 
		 10: %cl_1_50[15.9,] 
		 11: args->merge args[14.14,] %cl_1_51[15.10,] 
		 12: %cl_1_42->t %cl_1_43[15.2,] %cl_1_52[15.11,] %cl_1_42[15.1,] 
		 13: %cl_1_53->html_safe %cl_1_53[15.12,] 
		 14: 
BB 16
	outgoing: 17 26 
	datadep: 14 
	instructions:
		 0: 
		 1: (I18n) 
		 2: 
		 3: %cl_1_55->t %cl_1_56[16.2,] args[14.14,] %cl_1_55[16.1,] 
		 4: %cl_1_57->html_safe %cl_1_57[16.3,] 
		 5: %cl_1_58[16.4,] 
BB 17
	outgoing: 25 
	datadep: 16 15 
	instructions:
		 0: %cl_1_54[16.5,15.13,] 
		 1: 
BB 18
	outgoing: 25 26 
	datadep: 2 2 2 5 4 
	instructions:
		 0: 
		 1: (I18n) 
		 2: 
		 3: %self->h %self[2.0,] 
		 4: %self->title %self[2.0,] 
		 5: %self->path %self[2.0,] 
		 6: %cl_1_61->link_to %cl_1_61[18.3,] %cl_1_62[18.4,] %cl_1_63[18.5,] 
		 7: who[5.4,4.5,] %cl_1_64[18.6,] 
		 8: %cl_1_59->t %cl_1_59[18.1,] %cl_1_60[18.2,] %cl_1_65[18.7,] 
		 9: %cl_1_66->html_safe %cl_1_66[18.8,] 
		 10: %cl_1_67[18.9,] 
		 11: 
BB 19
	outgoing: 25 26 
	datadep: 2 2 2 5 4 
	instructions:
		 0: 
		 1: (I18n) 
		 2: 
		 3: %self->h %self[2.0,] 
		 4: %self->title %self[2.0,] 
		 5: %self->path %self[2.0,] 
		 6: %cl_1_70->link_to %cl_1_72[19.5,] %cl_1_70[19.3,] %cl_1_71[19.4,] 
		 7: who[5.4,4.5,] %cl_1_73[19.6,] 
		 8: %cl_1_68->t %cl_1_69[19.2,] %cl_1_68[19.1,] %cl_1_74[19.7,] 
		 9: %cl_1_75->html_safe %cl_1_75[19.8,] 
		 10: %cl_1_76[19.9,] 
		 11: 
BB 20
	outgoing: 25 26 
	datadep: 2 2 2 5 4 
	instructions:
		 0: 
		 1: (I18n) 
		 2: 
		 3: %self->h %self[2.0,] 
		 4: %self->group %self[2.0,] 
		 5: %cl_1_80->name %cl_1_80[20.4,] 
		 6: %self->group %self[2.0,] 
		 7: %cl_1_79->link_to %cl_1_79[20.3,] %cl_1_81[20.5,] %cl_1_82[20.6,] 
		 8: %cl_1_83[20.7,] who[5.4,4.5,] 
		 9: %cl_1_77->t %cl_1_78[20.2,] %cl_1_84[20.8,] %cl_1_77[20.1,] 
		 10: %cl_1_85->html_safe %cl_1_85[20.9,] 
		 11: %cl_1_86[20.10,] 
		 12: 
BB 21
	outgoing: 25 26 
	datadep: 5 4 
	instructions:
		 0: 
		 1: (I18n) 
		 2: 
		 3: who[5.4,4.5,] 
		 4: %cl_1_87->t %cl_1_89[21.3,] %cl_1_87[21.1,] %cl_1_88[21.2,] 
		 5: %cl_1_90[21.4,] 
		 6: 
BB 22
	outgoing: 25 26 
	datadep: 2 2 2 5 4 
	instructions:
		 0: 
		 1: (I18n) 
		 2: 
		 3: %self->h %self[2.0,] 
		 4: %self->group %self[2.0,] 
		 5: %cl_1_94->name %cl_1_94[22.4,] 
		 6: %self->group %self[2.0,] 
		 7: %cl_1_93->link_to %cl_1_95[22.5,] %cl_1_93[22.3,] %cl_1_96[22.6,] 
		 8: who[5.4,4.5,] %cl_1_97[22.7,] 
		 9: %cl_1_91->t %cl_1_91[22.1,] %cl_1_92[22.2,] %cl_1_98[22.8,] 
		 10: %cl_1_99->html_safe %cl_1_99[22.9,] 
		 11: %cl_1_100[22.10,] 
		 12: 
BB 23
	outgoing: 25 26 
	datadep: 5 4 
	instructions:
		 0: 
		 1: (I18n) 
		 2: 
		 3: (Setting) 
		 4: %cl_1_103->get %cl_1_103[23.3,] 
		 5: %cl_1_104[23.4,] who[5.4,4.5,] 
		 6: %cl_1_101->t %cl_1_102[23.2,] %cl_1_105[23.5,] %cl_1_101[23.1,] 
		 7: %cl_1_106[23.6,] 
		 8: 
BB 24
	outgoing: 25 26 
	datadep: 2 
	instructions:
		 0: 
		 1: %self->streamable_type %self[2.0,] 
		 2: %cl_1_107[24.1,] 
		 3: 
BB 25
	outgoing: 26 28 
	datadep: 17 18 19 20 21 22 23 24 
	instructions:
		 0: %cl_1_12->html_safe %cl_1_12[17.0,18.10,19.10,20.11,21.5,22.11,23.7,24.2,] 
		 1: RETURN %cl_1_108[25.0,] 
BB 26
	outgoing: 28 
	datadep: 
	instructions:
		 0: 
		 1: %cl_1_109[26.0,] 
		 2: RETURN %cl_1_110[26.1,] 
BB 28
	outgoing: 
	datadep: 
	instructions:
CLOSURE END
		 10: %v_6->html_safe %v_6[2.9,] 
		 11: RETURN %v_7[2.10,] 
BB 3
	outgoing: 
	datadep: 
	instructions:

SET IRMethod, name = body
BB 1
	outgoing: 3 2 
	datadep: 
	instructions:
BB 2
	outgoing: 3 
	datadep: 
	instructions:
		 0: 
		 1: 
		 2: 
		 3: 
		 4: 
		 5: 
		 6: %self->h %self[2.0,] 
		 7: 
		 8: %self->streamable_css_class %self[2.0,] 
		 9: %v_4[2.7,] %v_5[2.8,] 
		 10: %v_6[2.9,] 
		 11: %v_3->content_tag %self[2.0,] %v_3[2.6,] %v_7[2.10,] 
CLOSURE BEGIN: 
BB 1
	outgoing: 31 2 
	datadep: 
	instructions:
BB 2
	outgoing: 3 
	datadep: 
	instructions:
		 0: 
		 1: 
		 2: 
		 3: 
BB 3
	outgoing: 4 5 29 
	datadep: 2 
	instructions:
		 0: 
		 1: %self->streamable_type %self[2.0,] 
		 2: 
		 3: %cl_1_3[3.1,] %cl_1_4[3.2,] 
		 4: BRANCH %cl_1_5[3.3,] 
BB 4
	outgoing: 28 29 
	datadep: 2 2 2 
	instructions:
		 0: 
		 1: %self->h %self[2.0,] 
		 2: %self->h %self[2.0,] 
		 3: %self->object %self[2.0,] 
		 4: %cl_1_7->render_message_body %cl_1_7[4.2,] %cl_1_8[4.3,] 
		 5: (MAX_BODY_SIZE) 
		 6: %cl_1_10[4.5,] 
		 7: %cl_1_6->truncate_html %cl_1_6[4.1,] %cl_1_11[4.6,] %cl_1_9[4.4,] 
		 8: 
BB 5
	outgoing: 6 7 29 
	datadep: 2 
	instructions:
		 0: 
		 1: %self->streamable_type %self[2.0,] 
		 2: 
		 3: %cl_1_14[5.2,] %cl_1_13[5.1,] 
		 4: BRANCH %cl_1_15[5.3,] 
BB 6
	outgoing: 7 29 
	datadep: 2 
	instructions:
		 0: %self->streamable %self[2.0,] 
		 1: %cl_1_16[6.0,] 
BB 7
	outgoing: 8 9 
	datadep: 6 5 
	instructions:
		 0: BRANCH %cl_1_15[6.1,5.3,] 
BB 8
	outgoing: 27 29 
	datadep: 2 2 2 
	instructions:
		 0: 
		 1: %self->h %self[2.0,] 
		 2: %self->streamable %self[2.0,] 
		 3: 
		 4: %cl_1_19[8.3,] 
		 5: %cl_1_17->link_to %self[2.0,] %cl_1_18[8.2,] %cl_1_17[8.1,] %cl_1_20[8.4,] 
CLOSURE BEGIN: 
BB 1
	outgoing: 6 2 
	datadep: 
	instructions:
BB 2
	outgoing: 3 
	datadep: 
	instructions:
		 0: 
		 1: 
		 2: 
		 3: 
BB 3
	outgoing: 4 6 
	datadep: 2 
	instructions:
		 0: 
		 1: (I18n) 
		 2: 
		 3: %self->streamable %self[2.0,] 
		 4: %cl_2_5->name %cl_2_5[3.3,] 
		 5: %cl_2_6[3.4,] 
		 6: %cl_2_3->t %cl_2_3[3.1,] %cl_2_4[3.2,] %cl_2_7[3.5,] 
		 7: RETURN %cl_2_8[3.6,] 
BB 4
	outgoing: 6 
	datadep: 
	instructions:
		 0: 
		 1: %cl_2_9[4.0,] 
		 2: RETURN %cl_2_10[4.1,] 
BB 6
	outgoing: 
	datadep: 
	instructions:
CLOSURE END
		 6: 
BB 9
	outgoing: 10 11 29 
	datadep: 2 
	instructions:
		 0: 
		 1: %self->streamable_type %self[2.0,] 
		 2: 
		 3: %cl_1_23[9.2,] %cl_1_22[9.1,] 
		 4: BRANCH %cl_1_24[9.3,] 
BB 10
	outgoing: 11 29 
	datadep: 2 
	instructions:
		 0: %self->streamable %self[2.0,] 
		 1: %cl_1_25[10.0,] 
BB 11
	outgoing: 12 13 
	datadep: 10 9 
	instructions:
		 0: BRANCH %cl_1_24[10.1,9.3,] 
BB 12
	outgoing: 26 29 
	datadep: 2 2 2 
	instructions:
		 0: 
		 1: %self->h %self[2.0,] 
		 2: %self->object %self[2.0,] 
		 3: %cl_1_27->body %cl_1_27[12.2,] 
		 4: %cl_1_26->preserve_breaks %cl_1_26[12.1,] %cl_1_28[12.3,] 
		 5: %cl_1_29->tap %self[2.0,] %cl_1_29[12.4,] 
CLOSURE BEGIN: 
BB 1
	outgoing: 9 2 
	datadep: 
	instructions:
BB 2
	outgoing: 3 
	datadep: 
	instructions:
		 0: 
		 1: 
		 2: 
		 3: 
		 4: 
BB 3
	outgoing: 4 5 7 
	datadep: 2 
	instructions:
		 0: 
		 1: %self->streamable %self[2.0,] 
		 2: %cl_3_3->answer %cl_3_3[3.1,] 
		 3: %cl_3_4->present? %cl_3_4[3.2,] 
		 4: BRANCH %cl_3_5[3.3,] 
BB 4
	outgoing: 6 7 
	datadep: 2 2 2 
	instructions:
		 0: 
		 1: %self->h %self[2.0,] 
		 2: 
		 3: %cl_3_7[4.2,] 
		 4: %cl_3_6->content_tag %self[2.0,] %cl_3_6[4.1,] %cl_3_8[4.3,] 
CLOSURE BEGIN: 
BB 1
	outgoing: 9 2 
	datadep: 
	instructions:
BB 2
	outgoing: 3 
	datadep: 
	instructions:
		 0: 
		 1: 
		 2: 
		 3: 
BB 3
	outgoing: 4 5 7 
	datadep: 2 
	instructions:
		 0: 
		 1: %self->streamable %self[2.0,] 
		 2: %cl_4_3->answered_at %cl_4_3[3.1,] 
		 3: BRANCH %cl_4_4[3.2,] 
BB 4
	outgoing: 6 7 
	datadep: 2 2 
	instructions:
		 0: 
		 1: %self->h %self[2.0,] 
		 2: (I18n) 
		 3: 
		 4: %self->streamable %self[2.0,] 
		 5: %cl_4_8->answered_at %cl_4_8[4.4,] 
		 6: %cl_4_9->to_s %cl_4_9[4.5,] 
		 7: %cl_4_10[4.6,] 
		 8: %cl_4_6->t %cl_4_6[4.2,] %cl_4_7[4.3,] %cl_4_11[4.7,] 
		 9: %cl_4_5->content_tag %cl_4_5[4.1,] %cl_4_12[4.8,] 
		 10: 
BB 5
	outgoing: 6 7 
	datadep: 2 
	instructions:
		 0: 
		 1: %self->h %self[2.0,] 
		 2: (I18n) 
		 3: 
		 4: %cl_4_15->t %cl_4_16[5.3,] %cl_4_15[5.2,] 
		 5: %cl_4_14->content_tag %cl_4_17[5.4,] %cl_4_14[5.1,] 
		 6: %cl_4_18[5.5,] 
BB 6
	outgoing: 7 9 
	datadep: 2 2 5 4 
	instructions:
		 0: %self->h %self[2.0,] 
		 1: %self->streamable %self[2.0,] 
		 2: %cl_4_20->answer %cl_4_20[6.1,] 
		 3: %cl_4_19->preserve_breaks %cl_4_19[6.0,] %cl_4_21[6.2,] 
		 4: %cl_4_13[5.6,4.9,] %cl_4_22[6.3,] 
		 5: RETURN %cl_4_23[6.4,] 
BB 7
	outgoing: 9 
	datadep: 
	instructions:
		 0: 
		 1: %cl_4_24[7.0,] 
		 2: RETURN %cl_4_25[7.1,] 
BB 9
	outgoing: 
	datadep: 
	instructions:
CLOSURE END
		 5: %cl_3_9[4.4,] html[2.2,] 
		 6: 
BB 5
	outgoing: 9 
	datadep: 
	instructions:
		 0: RETURN 
BB 6
	outgoing: 9 
	datadep: 4 
	instructions:
		 0: RETURN %cl_3_10[4.5,] 
BB 7
	outgoing: 9 
	datadep: 
	instructions:
		 0: 
		 1: %cl_3_11[7.0,] 
		 2: RETURN %cl_3_12[7.1,] 
BB 9
	outgoing: 
	datadep: 
	instructions:
CLOSURE END
		 6: %cl_1_30->html_safe %cl_1_30[12.5,] 
		 7: 
BB 13
	outgoing: 14 15 29 
	datadep: 2 
	instructions:
		 0: 
		 1: %self->object %self[2.0,] 
		 2: %cl_1_32->body %cl_1_32[13.1,] 
		 3: BRANCH %cl_1_33[13.2,] 
BB 14
	outgoing: 25 29 
	datadep: 2 2 2 2 
	instructions:
		 0: 
		 1: %self->h %self[2.0,] 
		 2: %self->h %self[2.0,] 
		 3: %self->h %self[2.0,] 
		 4: %self->object %self[2.0,] 
		 5: %cl_1_37->body %cl_1_37[14.4,] 
		 6: %cl_1_36->auto_link %cl_1_36[14.3,] %cl_1_38[14.5,] 
		 7: %cl_1_35->sanitize_html %cl_1_35[14.2,] %cl_1_39[14.6,] 
		 8: (MAX_BODY_SIZE) 
		 9: %cl_1_41[14.8,] 
		 10: %cl_1_34->truncate_html %cl_1_34[14.1,] %cl_1_40[14.7,] %cl_1_42[14.9,] 
		 11: 
BB 15
	outgoing: 16 20 29 
	datadep: 2 
	instructions:
		 0: 
		 1: %self->streamable_type %self[2.0,] 
		 2: 
		 3: %cl_1_45[15.2,] %cl_1_44[15.1,] 
		 4: BRANCH %cl_1_46[15.3,] 
BB 16
	outgoing: 17 18 29 
	datadep: 2 2 
	instructions:
		 0: 
		 1: %self->object %self[2.0,] 
		 2: %cl_1_47->context %cl_1_47[16.1,] 
		 3: 
		 4: %cl_1_48[16.2,] %cl_1_49[16.3,] 
		 5: %self->Array %self[2.0,] %cl_1_50[16.4,] 
		 6: %cl_1_51[16.5,] 
		 7: 
		 8: %cl_1_51->length %cl_1_51[16.5,] 
		 9: (MAX_PICTURES) 
		 10: %cl_1_52[16.8,] %cl_1_53[16.9,] 
		 11: BRANCH %cl_1_54[16.10,] 
BB 17
	outgoing: 19 29 
	datadep: 16 
	instructions:
		 0: (MAX_PICTURES) 
		 1: %cl_1_56[17.0,] 
		 2: %cl_1_57[17.1,] 
		 3: pics[16.6,] %cl_1_55[17.2,] 
		 4: %cl_1_58[17.3,] 
		 5: 
BB 18
	outgoing: 19 
	datadep: 
	instructions:
		 0: 
BB 19
	outgoing: 24 29 
	datadep: 2 17 16 
	instructions:
		 0: 
		 1: pics->map %self[2.0,] pics[17.4,16.6,] 
CLOSURE BEGIN: 
BB 1
	outgoing: 6 2 
	datadep: 
	instructions:
BB 2
	outgoing: 3 
	datadep: 
	instructions:
		 0: 
		 1: 
		 2: 
		 3: 
		 4: 
		 5: 
		 6: 
BB 3
	outgoing: 4 6 
	datadep: 2 2 2 2 2 2 2 2 
	instructions:
		 0: 
		 1: (Picture) 
		 2: %cl_5_3->photo_url_from_parts extension[2.4,] picture_id[2.2,] %cl_5_3[3.1,] fingerprint[2.3,] 
		 3: %cl_5_4[3.2,] 
		 4: 
		 5: %self->h %self[2.0,] 
		 6: %self->h %self[2.0,] 
		 7: (I18n) 
		 8: 
		 9: %cl_5_7->t %cl_5_7[3.7,] %cl_5_8[3.8,] 
		 10: 
		 11: %cl_5_9[3.9,] %cl_5_10[3.10,] 
		 12: %cl_5_6->image_tag url[3.3,] %cl_5_6[3.6,] %cl_5_11[3.11,] 
		 13: %self->h %self[2.0,] 
		 14: %self->streamable_id %self[2.0,] 
		 15: %cl_5_13->album_picture_path picture_id[2.2,] %cl_5_13[3.13,] %cl_5_14[3.14,] 
		 16: (I18n) 
		 17: 
		 18: %cl_5_16->t %cl_5_16[3.16,] %cl_5_17[3.17,] 
		 19: %cl_5_18[3.18,] 
		 20: %cl_5_5->link_to %cl_5_19[3.19,] %cl_5_12[3.12,] %cl_5_15[3.15,] %cl_5_5[3.5,] 
		 21: RETURN %cl_5_20[3.20,] 
BB 4
	outgoing: 6 
	datadep: 
	instructions:
		 0: 
		 1: %cl_5_21[4.0,] 
		 2: RETURN %cl_5_22[4.1,] 
BB 6
	outgoing: 
	datadep: 
	instructions:
CLOSURE END
		 2: 
		 3: %cl_1_59->join %cl_1_59[19.1,] %cl_1_60[19.2,] 
		 4: %cl_1_61->html_safe %cl_1_61[19.3,] 
		 5: 
BB 20
	outgoing: 21 22 29 
	datadep: 2 
	instructions:
		 0: 
		 1: %self->streamable_type %self[2.0,] 
		 2: 
		 3: %cl_1_63[20.1,] %cl_1_64[20.2,] 
		 4: BRANCH %cl_1_65[20.3,] 
BB 21
	outgoing: 23 29 
	datadep: 
	instructions:
		 0: 
		 1: (I18n) 
		 2: 
		 3: (Setting) 
		 4: %cl_1_68->get %cl_1_68[21.3,] 
		 5: %cl_1_69[21.4,] 
		 6: %cl_1_66->t %cl_1_67[21.2,] %cl_1_70[21.5,] %cl_1_66[21.1,] 
		 7: 
BB 22
	outgoing: 23 
	datadep: 
	instructions:
		 0: 
BB 23
	outgoing: 24 
	datadep: 22 21 
	instructions:
		 0: %cl_1_71[22.0,21.6,] 
BB 24
	outgoing: 25 
	datadep: 23 19 
	instructions:
		 0: %cl_1_62[23.0,19.4,] 
BB 25
	outgoing: 26 
	datadep: 24 14 
	instructions:
		 0: %cl_1_43[24.0,14.10,] 
BB 26
	outgoing: 27 
	datadep: 25 12 
	instructions:
		 0: %cl_1_31[25.0,12.6,] 
BB 27
	outgoing: 31 
	datadep: 26 8 
	instructions:
		 0: RETURN %cl_1_21[26.0,8.5,] 
BB 28
	outgoing: 31 
	datadep: 4 
	instructions:
		 0: RETURN %cl_1_12[4.7,] 
BB 29
	outgoing: 31 
	datadep: 
	instructions:
		 0: 
		 1: %cl_1_72[29.0,] 
		 2: RETURN %cl_1_73[29.1,] 
BB 31
	outgoing: 
	datadep: 
	instructions:
CLOSURE END
		 12: RETURN %v_8[2.11,] 
BB 3
	outgoing: 
	datadep: 
	instructions:

SET IRMethod, name = footer
BB 1
	outgoing: 8 2 
	datadep: 
	instructions:
BB 2
	outgoing: 3 4 
	datadep: 
	instructions:
		 0: 
		 1: 
		 2: 
		 3: 
		 4: 
		 5: 
		 6: options[2.5,] 
BB 3
	outgoing: 4 
	datadep: 
	instructions:
		 0: 
		 1: %v_3[3.0,] 
BB 4
	outgoing: 5 6 
	datadep: 2 
	instructions:
		 0: 
		 1: (I18n) 
		 2: %self->streamable_type %self[2.0,] 
		 3: %v_5->underscore %v_5[4.2,] 
		 4: 
		 5: (I18n) 
		 6: 
		 7: %v_8->t %v_8[4.5,] %v_9[4.6,] 
		 8: %v_7[4.4,] %v_10[4.7,] 
		 9: %v_4->t %v_4[4.1,] %v_6[4.3,] %v_11[4.8,] 
		 10: %v_12[4.9,] 
		 11: 
		 12: %v_12->blank? %v_12[4.9,] 
		 13: BRANCH %v_13[4.12,] 
BB 5
	outgoing: 8 
	datadep: 
	instructions:
		 0: RETURN 
BB 6
	outgoing: 8 
	datadep: 2 2 
	instructions:
		 0: 
		 1: 
		 2: %self->h %self[2.0,] 
		 3: 
		 4: %v_16[6.3,] 
		 5: %v_15->content_tag %v_15[6.2,] %self[2.0,] %v_17[6.4,] 
CLOSURE BEGIN: 
BB 1
	outgoing: 6 2 
	datadep: 
	instructions:
BB 2
	outgoing: 3 
	datadep: 
	instructions:
		 0: 
		 1: 
		 2: 
		 3: 
BB 3
	outgoing: 4 6 
	datadep: 2 2 
	instructions:
		 0: 
		 1: %self->h %self[2.0,] 
		 2: %self->path %self[2.0,] 
		 3: 
		 4: 
		 5: 
		 6: %cl_1_5[3.3,] %cl_1_6[3.5,] 
		 7: 
		 8: %cl_1_7[3.6,] %cl_1_8[3.7,] 
		 9: %cl_1_3->link_to %cl_1_3[3.1,] %cl_1_4[3.2,] %cl_1_9[3.8,] 
		 10: RETURN %cl_1_10[3.9,] 
BB 4
	outgoing: 6 
	datadep: 
	instructions:
		 0: 
		 1: %cl_1_11[4.0,] 
		 2: RETURN %cl_1_12[4.1,] 
BB 6
	outgoing: 
	datadep: 
	instructions:
CLOSURE END
		 6: RETURN %v_18[6.5,] 
BB 8
	outgoing: 
	datadep: 
	instructions:

SET IRMethod, name = path
BB 1
	outgoing: 17 2 
	datadep: 
	instructions:
BB 2
	outgoing: 3 9 
	datadep: 
	instructions:
		 0: 
		 1: 
		 2: 
		 3: 
		 4: 
		 5: 
		 6: %self->streamable_type %self[2.0,] 
		 7: 
		 8: %v_3[2.6,] %v_6[2.7,] 
		 9: BRANCH %v_5[2.8,] 
BB 3
	outgoing: 4 10 
	datadep: 2 
	instructions:
		 0: 
		 1: %v_3[2.6,] %v_8[3.0,] 
		 2: BRANCH %v_7[3.1,] 
BB 4
	outgoing: 5 11 
	datadep: 2 
	instructions:
		 0: 
		 1: %v_3[2.6,] %v_10[4.0,] 
		 2: BRANCH %v_9[4.1,] 
BB 5
	outgoing: 6 12 
	datadep: 2 
	instructions:
		 0: 
		 1: %v_3[2.6,] %v_12[5.0,] 
		 2: BRANCH %v_11[5.1,] 
BB 6
	outgoing: 7 13 
	datadep: 2 
	instructions:
		 0: 
		 1: %v_14[6.0,] %v_3[2.6,] 
		 2: BRANCH %v_13[6.1,] 
BB 7
	outgoing: 8 14 
	datadep: 2 
	instructions:
		 0: 
		 1: %v_16[7.0,] %v_3[2.6,] 
		 2: BRANCH %v_15[7.1,] 
BB 8
	outgoing: 17 
	datadep: 2 
	instructions:
		 0: 
		 1: %self->streamable %self[2.0,] 
		 2: %v_53[8.1,] 
		 3: RETURN %v_53[8.1,] 
BB 9
	outgoing: 17 
	datadep: 2 2 2 
	instructions:
		 0: 
		 1: %self->h %self[2.0,] 
		 2: %self->streamable_type %self[2.0,] 
		 3: %v_18->underscore %v_18[9.2,] 
		 4: 
		 5: %v_19[9.3,] %v_20[9.4,] 
		 6: %self->streamable_id %self[2.0,] 
		 7: %v_17->send %v_17[9.1,] %v_21[9.5,] %v_22[9.6,] 
		 8: %v_23[9.7,] 
		 9: RETURN %v_23[9.7,] 
BB 10
	outgoing: 17 
	datadep: 2 2 2 
	instructions:
		 0: %self->h %self[2.0,] 
		 1: %self->streamable_type %self[2.0,] 
		 2: %v_25->underscore %v_25[10.1,] 
		 3: 
		 4: %v_26[10.2,] %v_27[10.3,] 
		 5: %self->streamable_id %self[2.0,] 
		 6: %v_24->send %v_24[10.0,] %v_28[10.4,] %v_29[10.5,] 
		 7: %v_30[10.6,] 
		 8: RETURN %v_30[10.6,] 
BB 11
	outgoing: 17 
	datadep: 2 2 2 
	instructions:
		 0: %self->h %self[2.0,] 
		 1: %self->streamable_type %self[2.0,] 
		 2: %v_32->underscore %v_32[11.1,] 
		 3: 
		 4: %v_33[11.2,] %v_34[11.3,] 
		 5: %self->streamable_id %self[2.0,] 
		 6: %v_31->send %v_35[11.4,] %v_36[11.5,] %v_31[11.0,] 
		 7: %v_37[11.6,] 
		 8: RETURN %v_37[11.6,] 
BB 12
	outgoing: 17 
	datadep: 2 2 2 
	instructions:
		 0: %self->h %self[2.0,] 
		 1: %self->streamable_type %self[2.0,] 
		 2: %v_39->underscore %v_39[12.1,] 
		 3: 
		 4: %v_40[12.2,] %v_41[12.3,] 
		 5: %self->streamable_id %self[2.0,] 
		 6: %v_38->send %v_38[12.0,] %v_42[12.4,] %v_43[12.5,] 
		 7: %v_44[12.6,] 
		 8: RETURN %v_44[12.6,] 
BB 13
	outgoing: 17 
	datadep: 2 2 2 
	instructions:
		 0: %self->h %self[2.0,] 
		 1: %self->streamable_type %self[2.0,] 
		 2: %v_46->underscore %v_46[13.1,] 
		 3: 
		 4: %v_47[13.2,] %v_48[13.3,] 
		 5: %self->streamable_id %self[2.0,] 
		 6: %v_45->send %v_49[13.4,] %v_50[13.5,] %v_45[13.0,] 
		 7: %v_51[13.6,] 
		 8: RETURN %v_51[13.6,] 
BB 14
	outgoing: 17 
	datadep: 
	instructions:
		 0: 
		 1: 
		 2: %v_52[14.1,] 
		 3: RETURN %v_52[14.1,] 
BB 17
	outgoing: 
	datadep: 
	instructions:

SET IRMethod, name = streamable_css_class
BB 1
	outgoing: 3 2 
	datadep: 
	instructions:
BB 2
	outgoing: 3 
	datadep: 
	instructions:
		 0: 
		 1: 
		 2: 
		 3: 
		 4: 
		 5: 
		 6: 
		 7: %self->streamable_type %self[2.0,] 
		 8: %v_4->underscore %v_4[2.7,] 
		 9: %v_5->dasherize %v_5[2.8,] 
		 10: %v_3[2.6,] %v_6[2.9,] 
		 11: RETURN %v_7[2.10,] 
BB 3
	outgoing: 
	datadep: 
	instructions:

SET IRMethod, name = new?
BB 1
	outgoing: 6 2 
	datadep: 
	instructions:
BB 2
	outgoing: 3 4 
	datadep: 
	instructions:
		 0: 
		 1: 
		 2: 
		 3: 
		 4: 
		 5: 
		 6: %self->h %self[2.0,] 
		 7: %v_3->current_user %v_3[2.6,] 
		 8: %v_4->last_seen_stream_item %v_4[2.7,] 
		 9: BRANCH %v_5[2.8,] 
BB 3
	outgoing: 6 
	datadep: 2 2 
	instructions:
		 0: 
		 1: 
		 2: %self->created_at %self[2.0,] 
		 3: %self->h %self[2.0,] 
		 4: %v_8->current_user %v_8[3.3,] 
		 5: %v_9->last_seen_stream_item %v_9[3.4,] 
		 6: %v_10->created_at %v_10[3.5,] 
		 7: %v_7[3.2,] %v_11[3.6,] 
		 8: RETURN %v_12[3.7,] 
BB 4
	outgoing: 6 
	datadep: 
	instructions:
		 0: RETURN 
BB 6
	outgoing: 
	datadep: 
	instructions:

SET IRMethod, name = new_badge
BB 1
	outgoing: 3 2 
	datadep: 
	instructions:
BB 2
	outgoing: 3 
	datadep: 
	instructions:
		 0: 
		 1: 
		 2: 
		 3: 
		 4: 
		 5: 
		 6: %self->h %self[2.0,] 
		 7: %self->h %self[2.0,] 
		 8: 
		 9: %v_4->t %v_4[2.7,] %v_5[2.8,] 
		 10: 
		 11: %v_7[2.10,] 
		 12: %v_3->content_tag %v_3[2.6,] %v_8[2.11,] %v_6[2.9,] 
		 13: RETURN %v_9[2.12,] 
BB 3
	outgoing: 
	datadep: 
	instructions:

