digraph CommentsController_undelete_forward_70183330280140 {
	n18 -> n19
	n19 -> n20
	n20 -> n23
	n23 -> n49
	n49 -> n50
	n20 -> n52
	n52 -> n57
	n57 -> n58
	n58 -> n63
	n63 -> n64
	n57 -> n60
	n60 -> n61
	n61 -> n63
	n52 -> n60
	n19 -> n21
	n21 -> n22
	n21 -> n50
	n18 [label=<<i>User.where</i>> color=crimson shape=doubleoctagon]; 
	n19 [label = <<i>User_where(session_token=Isession[u]_to_s).first</i>> color=coral1 ]
	n20 []
	n23 [label = <<i>user.is_active?</i>> ]
	n49 []
	n50 []
	n52 []
	n57 []
	n58 [label = <<i>@user.id</i>> ]
	n63 []
	n64 [label = <<i>Rails_logger.info</i>> ]
	n60 []
	n61 [label = <<i>@user.username</i>> ]
	n21 []
	n22 []
}

digraph CommentsController_undelete_backward_70183330280140 {
	n13 -> n18
	n17 -> n18
	n16 -> n17
	n15 -> n16
	n14 -> n15
	n3 -> n14
	n18 [label=<<i>User.where</i>> color=crimson shape=doubleoctagon]; 
	n13 []
	n17 []
	n16 [label = <<i>session[u].to_s</i>> ]
	n15 []
	n14 [label = <<i>self.session</i>> ]
	n3 []
}

digraph CommentsController_undelete_forward_70183330278880 {
	n19 -> n20
	n20 -> n23
	n23 -> n49
	n49 -> n50
	n20 -> n52
	n52 -> n57
	n57 -> n58
	n58 -> n63
	n63 -> n64
	n57 -> n60
	n60 -> n61
	n61 -> n63
	n52 -> n60
	n19 -> n21
	n21 -> n22
	n21 -> n50
	n19 [label=<<i>User_where(session_token=Isession[u]_to_s).first</i>> color=crimson shape=doubleoctagon]; 
	n20 []
	n23 [label = <<i>user.is_active?</i>> ]
	n49 []
	n50 []
	n52 []
	n57 []
	n58 [label = <<i>@user.id</i>> ]
	n63 []
	n64 [label = <<i>Rails_logger.info</i>> ]
	n60 []
	n61 [label = <<i>@user.username</i>> ]
	n21 []
	n22 []
}

digraph CommentsController_undelete_backward_70183330278880 {
	n18 -> n19
	n13 -> n18
	n17 -> n18
	n16 -> n17
	n15 -> n16
	n14 -> n15
	n3 -> n14
	n19 [label=<<i>User_where(session_token=Isession[u]_to_s).first</i>> color=crimson shape=doubleoctagon]; 
	n18 [label = <<i>User.where</i>> color=coral1 ]
	n13 []
	n17 []
	n16 [label = <<i>session[u].to_s</i>> ]
	n15 []
	n14 [label = <<i>self.session</i>> ]
	n3 []
}

digraph CommentsController_undelete_forward_70183352164700 {
	n122 [label=<<i>Keystore.transaction</i>> color=crimson shape=doubleoctagon]; 
}

digraph CommentsController_undelete_backward_70183352164700 {
	n121 -> n122
	n72 -> n122
	n122 [label=<<i>Keystore.transaction</i>> color=crimson shape=doubleoctagon]; 
	n121 []
	n72 []
}

digraph CommentsController_undelete_forward_70183352134740 {
	n156 -> n158
	n158 -> n159
	n159 -> n160
	n160 -> n164
	n159 -> n162
	n156 [label=<<i>self.lock</i>> color=crimson shape=doubleoctagon]; 
	n158 [label = <<i>self_lock(true).where</i>> color=coral1 ]
	n159 [label = <<i>%cl_1_5.first</i>> ]
	n160 []
	n164 []
	n162 []
}

digraph CommentsController_undelete_backward_70183352134740 {
	n151 -> n156
	n156 [label=<<i>self.lock</i>> color=crimson shape=doubleoctagon]; 
	n151 []
}

digraph CommentsController_undelete_forward_70183352133240 {
	n158 -> n159
	n159 -> n160
	n160 -> n164
	n159 -> n162
	n158 [label=<<i>self_lock(true).where</i>> color=crimson shape=doubleoctagon]; 
	n159 [label = <<i>%cl_1_5.first</i>> ]
	n160 []
	n164 []
	n162 []
}

digraph CommentsController_undelete_backward_70183352133240 {
	n156 -> n158
	n151 -> n156
	n157 -> n158
	n158 [label=<<i>self_lock(true).where</i>> color=crimson shape=doubleoctagon]; 
	n156 [label = <<i>self.lock</i>> color=coral1 ]
	n151 []
	n157 []
}

digraph CommentsController_undelete_forward_70183351852960 {
	n182 -> n187
	n182 [label=<<i>kv.save!</i>> color=crimson shape=doubleoctagon]; 
	n187 []
}

digraph CommentsController_undelete_backward_70183351852960 {
	n178 -> n182
	n174 -> n178
	n180 -> n182
	n178 -> n180
	n182 [label=<<i>kv.save!</i>> color=crimson shape=doubleoctagon]; 
	n178 []
	n174 []
	n180 []
}

digraph CommentsController_undelete_forward_70183351849760 {
	n185 [label=<<i>self.where</i>> color=crimson shape=doubleoctagon]; 
}

digraph CommentsController_undelete_backward_70183351849760 {
	n185 [label=<<i>self.where</i>> color=crimson shape=doubleoctagon]; 
}

digraph CommentsController_undelete_forward_70183351779800 {
	n255 [label=<<i>traffic_kv.save!</i>> color=crimson shape=doubleoctagon]; 
}

digraph CommentsController_undelete_backward_70183351779800 {
	n228 -> n255
	n227 -> n228
	n226 -> n227
	n225 -> n227
	n253 -> n255
	n228 -> n253
	n233 -> n253
	n232 -> n233
	n231 -> n232
	n230 -> n231
	n227 -> n230
	n242 -> n253
	n241 -> n242
	n233 -> n241
	n240 -> n241
	n239 -> n240
	n238 -> n239
	n237 -> n239
	n236 -> n237
	n235 -> n236
	n223 -> n235
	n136 -> n223
	n131 -> n136
	n130 -> n131
	n129 -> n130
	n134 -> n136
	n135 -> n136
	n218 -> n136
	n149 -> n218
	n139 -> n149
	n218 -> n136
	n221 -> n136
	n220 -> n221
	n219 -> n220
	n132 -> n236
	n131 -> n132
	n248 -> n253
	n247 -> n248
	n246 -> n247
	n245 -> n246
	n244 -> n245
	n241 -> n244
	n255 [label=<<i>traffic_kv.save!</i>> color=crimson shape=doubleoctagon]; 
	n228 []
	n227 [label = <<i>Keystore.find_or_create_key_for_update</i>> ]
	n226 []
	n225 []
	n253 []
	n233 []
	n232 []
	n231 [label = <<i>%cl_1_12.to_i</i>> ]
	n230 [label = <<i>%cl_1_11.value</i>> ]
	n242 []
	n241 []
	n240 [label = <<i>Time_now.to_i</i>> ]
	n239 []
	n238 []
	n237 []
	n236 []
	n235 [label = <<i>date_kv.value</i>> ]
	n223 []
	n136 [label = <<i>Keystore.find_or_create_key_for_update</i>> ]
	n131 [label = <<i>Time_now.to_i</i>> ]
	n130 [label = <<i>Time.now</i>> ]
	n129 []
	n134 []
	n135 []
	n218 []
	n149 [label = <<i>self.loop</i>> ]
	n139 []
	n221 []
	n220 []
	n219 []
	n132 []
	n248 []
	n247 [label = <<i>[[100,traffic]_max,10000].min</i>> ]
	n246 []
	n245 [label = <<i>[100,traffic].max</i>> ]
	n244 []
}

digraph CommentsController_undelete_forward_70183352129160 {
	n259 [label=<<i>date_kv.save!</i>> color=crimson shape=doubleoctagon]; 
}

digraph CommentsController_undelete_backward_70183352129160 {
	n223 -> n259
	n136 -> n223
	n131 -> n136
	n130 -> n131
	n129 -> n130
	n134 -> n136
	n135 -> n136
	n218 -> n136
	n149 -> n218
	n139 -> n149
	n218 -> n136
	n221 -> n136
	n220 -> n221
	n219 -> n220
	n257 -> n259
	n223 -> n257
	n132 -> n257
	n131 -> n132
	n259 [label=<<i>date_kv.save!</i>> color=crimson shape=doubleoctagon]; 
	n223 []
	n136 [label = <<i>Keystore.find_or_create_key_for_update</i>> ]
	n131 [label = <<i>Time_now.to_i</i>> ]
	n130 [label = <<i>Time.now</i>> ]
	n129 []
	n134 []
	n135 []
	n218 []
	n149 [label = <<i>self.loop</i>> ]
	n139 []
	n221 []
	n220 []
	n219 []
	n257 []
	n132 []
}

digraph CommentsController_undelete_forward_70183352101580 {
	n307 -> n308
	n308 -> n309
	n308 -> n310
	n310 -> n278
	n307 [label=<<i>User.where</i>> color=crimson shape=doubleoctagon]; 
	n308 [label = <<i>User_where(rss_token=Iparams[token]_to_s).first</i>> color=coral1 ]
	n309 []
	n310 []
	n278 [label = <<i>self.find_user_from_rss_token</i>> ]
}

digraph CommentsController_undelete_backward_70183352101580 {
	n302 -> n307
	n306 -> n307
	n305 -> n306
	n304 -> n305
	n303 -> n304
	n307 [label=<<i>User.where</i>> color=crimson shape=doubleoctagon]; 
	n302 []
	n306 []
	n305 [label = <<i>params[token].to_s</i>> ]
	n304 []
	n303 [label = <<i>self.params</i>> color=cyan3 ]
}

digraph CommentsController_undelete_forward_70183352100140 {
	n308 -> n309
	n308 -> n310
	n310 -> n278
	n308 [label=<<i>User_where(rss_token=Iparams[token]_to_s).first</i>> color=crimson shape=doubleoctagon]; 
	n309 []
	n310 []
	n278 [label = <<i>self.find_user_from_rss_token</i>> ]
}

digraph CommentsController_undelete_backward_70183352100140 {
	n307 -> n308
	n302 -> n307
	n306 -> n307
	n305 -> n306
	n304 -> n305
	n303 -> n304
	n308 [label=<<i>User_where(rss_token=Iparams[token]_to_s).first</i>> color=crimson shape=doubleoctagon]; 
	n307 [label = <<i>User.where</i>> color=coral1 ]
	n302 []
	n306 []
	n305 [label = <<i>params[token].to_s</i>> ]
	n304 []
	n303 [label = <<i>self.params</i>> color=cyan3 ]
}

digraph CommentsController_undelete_forward_70183351986240 {
	n354 -> n355
	n355 -> n356
	n356 -> n360
	n360 -> n361
	n356 -> n366
	n366 -> n368
	n368 -> n369
	n369 -> n370
	n370 -> n371
	n371 -> n375
	n375 -> n342
	n342 -> n377
	n377 -> n380
	n380 -> n414
	n414 -> n415
	n414 -> n416
	n416 -> n417
	n377 -> n426
	n342 -> n378
	n342 -> n415
	n342 -> n416
	n356 -> n367
	n367 -> n368
	n356 -> n371
	n356 -> n375
	n354 [label=<<i>Comment.where</i>> color=crimson shape=doubleoctagon]; 
	n355 [label = <<i>Comment_where(short_id=Iparams[id]).first</i>> color=coral1 ]
	n356 []
	n360 []
	n361 []
	n366 [label = <<i>comment.story_id</i>> ]
	n368 []
	n369 [label = <<i>Vote.where</i>> color=coral1 ]
	n370 [label = <<i>Vote_where(user_id=I@user_id,story_id=Icomment_story_id,comment_id=Icomment_id).first</i>> color=coral1 ]
	n371 []
	n375 []
	n342 [label = <<i>self.find_comment</i>> ]
	n377 []
	n380 [label = <<i>comment.is_undeletable_by_user?</i>> ]
	n414 []
	n415 []
	n416 [label = <<i>%v_3.!</i>> ]
	n417 []
	n426 [label = <<i>comment.undelete_for_user</i>> ]
	n378 []
	n367 [label = <<i>comment.id</i>> ]
}

digraph CommentsController_undelete_backward_70183351986240 {
	n350 -> n354
	n353 -> n354
	n352 -> n353
	n351 -> n352
	n354 [label=<<i>Comment.where</i>> color=crimson shape=doubleoctagon]; 
	n350 []
	n353 []
	n352 []
	n351 [label = <<i>self.params</i>> color=cyan3 ]
}

digraph CommentsController_undelete_forward_70183351984780 {
	n355 -> n356
	n356 -> n360
	n360 -> n361
	n356 -> n366
	n366 -> n368
	n368 -> n369
	n369 -> n370
	n370 -> n371
	n371 -> n375
	n375 -> n342
	n342 -> n377
	n377 -> n380
	n380 -> n414
	n414 -> n415
	n414 -> n416
	n416 -> n417
	n377 -> n426
	n342 -> n378
	n342 -> n415
	n342 -> n416
	n356 -> n367
	n367 -> n368
	n356 -> n371
	n356 -> n375
	n355 [label=<<i>Comment_where(short_id=Iparams[id]).first</i>> color=crimson shape=doubleoctagon]; 
	n356 []
	n360 []
	n361 []
	n366 [label = <<i>comment.story_id</i>> ]
	n368 []
	n369 [label = <<i>Vote.where</i>> color=coral1 ]
	n370 [label = <<i>Vote_where(user_id=I@user_id,story_id=Icomment_story_id,comment_id=Icomment_id).first</i>> color=coral1 ]
	n371 []
	n375 []
	n342 [label = <<i>self.find_comment</i>> ]
	n377 []
	n380 [label = <<i>comment.is_undeletable_by_user?</i>> ]
	n414 []
	n415 []
	n416 [label = <<i>%v_3.!</i>> ]
	n417 []
	n426 [label = <<i>comment.undelete_for_user</i>> ]
	n378 []
	n367 [label = <<i>comment.id</i>> ]
}

digraph CommentsController_undelete_backward_70183351984780 {
	n354 -> n355
	n350 -> n354
	n353 -> n354
	n352 -> n353
	n351 -> n352
	n355 [label=<<i>Comment_where(short_id=Iparams[id]).first</i>> color=crimson shape=doubleoctagon]; 
	n354 [label = <<i>Comment.where</i>> color=coral1 ]
	n350 []
	n353 []
	n352 []
	n351 [label = <<i>self.params</i>> color=cyan3 ]
}

digraph CommentsController_undelete_forward_70183352058140 {
	n369 -> n370
	n370 -> n371
	n371 -> n375
	n375 -> n342
	n342 -> n377
	n377 -> n380
	n380 -> n414
	n414 -> n415
	n414 -> n416
	n416 -> n417
	n377 -> n426
	n342 -> n378
	n342 -> n415
	n342 -> n416
	n369 [label=<<i>Vote.where</i>> color=crimson shape=doubleoctagon]; 
	n370 [label = <<i>Vote_where(user_id=I@user_id,story_id=Icomment_story_id,comment_id=Icomment_id).first</i>> color=coral1 ]
	n371 []
	n375 []
	n342 [label = <<i>self.find_comment</i>> ]
	n377 []
	n380 [label = <<i>comment.is_undeletable_by_user?</i>> ]
	n414 []
	n415 []
	n416 [label = <<i>%v_3.!</i>> ]
	n417 []
	n426 [label = <<i>comment.undelete_for_user</i>> ]
	n378 []
}

digraph CommentsController_undelete_backward_70183352058140 {
	n368 -> n369
	n366 -> n368
	n356 -> n366
	n355 -> n356
	n354 -> n355
	n350 -> n354
	n353 -> n354
	n352 -> n353
	n351 -> n352
	n367 -> n368
	n356 -> n367
	n365 -> n368
	n364 -> n365
	n344 -> n364
	n358 -> n364
	n344 -> n358
	n363 -> n369
	n369 [label=<<i>Vote.where</i>> color=crimson shape=doubleoctagon]; 
	n368 []
	n366 [label = <<i>comment.story_id</i>> ]
	n356 []
	n355 [label = <<i>Comment_where(short_id=Iparams[id]).first</i>> color=coral1 ]
	n354 [label = <<i>Comment.where</i>> color=coral1 ]
	n350 []
	n353 []
	n352 []
	n351 [label = <<i>self.params</i>> color=cyan3 ]
	n367 [label = <<i>comment.id</i>> ]
	n365 [label = <<i>@user.id</i>> ]
	n364 []
	n344 []
	n358 []
	n363 []
}

digraph CommentsController_undelete_forward_70183351982820 {
	n370 -> n371
	n371 -> n375
	n375 -> n342
	n342 -> n377
	n377 -> n380
	n380 -> n414
	n414 -> n415
	n414 -> n416
	n416 -> n417
	n377 -> n426
	n342 -> n378
	n342 -> n415
	n342 -> n416
	n370 [label=<<i>Vote_where(user_id=I@user_id,story_id=Icomment_story_id,comment_id=Icomment_id).first</i>> color=crimson shape=doubleoctagon]; 
	n371 []
	n375 []
	n342 [label = <<i>self.find_comment</i>> ]
	n377 []
	n380 [label = <<i>comment.is_undeletable_by_user?</i>> ]
	n414 []
	n415 []
	n416 [label = <<i>%v_3.!</i>> ]
	n417 []
	n426 [label = <<i>comment.undelete_for_user</i>> ]
	n378 []
}

digraph CommentsController_undelete_backward_70183351982820 {
	n369 -> n370
	n368 -> n369
	n366 -> n368
	n356 -> n366
	n355 -> n356
	n354 -> n355
	n350 -> n354
	n353 -> n354
	n352 -> n353
	n351 -> n352
	n367 -> n368
	n356 -> n367
	n365 -> n368
	n364 -> n365
	n344 -> n364
	n358 -> n364
	n344 -> n358
	n363 -> n369
	n370 [label=<<i>Vote_where(user_id=I@user_id,story_id=Icomment_story_id,comment_id=Icomment_id).first</i>> color=crimson shape=doubleoctagon]; 
	n369 [label = <<i>Vote.where</i>> color=coral1 ]
	n368 []
	n366 [label = <<i>comment.story_id</i>> ]
	n356 []
	n355 [label = <<i>Comment_where(short_id=Iparams[id]).first</i>> color=coral1 ]
	n354 [label = <<i>Comment.where</i>> color=coral1 ]
	n350 []
	n353 []
	n352 []
	n351 [label = <<i>self.params</i>> color=cyan3 ]
	n367 [label = <<i>comment.id</i>> ]
	n365 [label = <<i>@user.id</i>> ]
	n364 []
	n344 []
	n358 []
	n363 []
}

digraph CommentsController_undelete_forward_70183330200520 {
	n463 [label=<<i>m.save</i>> color=crimson shape=doubleoctagon]; 
}

digraph CommentsController_undelete_backward_70183330200520 {
	n452 -> n463
	n451 -> n452
	n450 -> n451
	n455 -> n463
	n452 -> n455
	n454 -> n455
	n443 -> n454
	n428 -> n443
	n438 -> n443
	n428 -> n438
	n458 -> n463
	n452 -> n458
	n455 -> n458
	n457 -> n458
	n433 -> n457
	n461 -> n463
	n452 -> n461
	n455 -> n461
	n458 -> n461
	n460 -> n461
	n463 [label=<<i>m.save</i>> color=crimson shape=doubleoctagon]; 
	n452 []
	n451 [label = <<i>Moderation.new</i>> ]
	n450 []
	n455 []
	n454 [label = <<i>self.id</i>> ]
	n443 []
	n428 []
	n438 []
	n458 []
	n457 [label = <<i>user.id</i>> ]
	n433 []
	n461 []
	n460 []
}

digraph CommentsController_undelete_forward_70183329893980 {
	n664 -> n985
	n985 -> n467
	n664 [label=<<i>m.save</i>> color=crimson shape=doubleoctagon]; 
	n985 []
	n467 [label = <<i>self.send_message_to_moderated</i>> ]
}

digraph CommentsController_undelete_backward_70183329893980 {
	n489 -> n664
	n477 -> n489
	n476 -> n477
	n475 -> n476
	n480 -> n489
	n477 -> n480
	n479 -> n480
	n469 -> n479
	n482 -> n489
	n477 -> n482
	n480 -> n482
	n488 -> n489
	n487 -> n488
	n469 -> n487
	n492 -> n664
	n489 -> n492
	n491 -> n492
	n578 -> n664
	n489 -> n578
	n492 -> n578
	n577 -> n578
	n576 -> n577
	n572 -> n576
	n574 -> n576
	n469 -> n574
	n575 -> n576
	n571 -> n577
	n569 -> n571
	n567 -> n569
	n498 -> n567
	n497 -> n498
	n494 -> n498
	n496 -> n498
	n495 -> n496
	n469 -> n495
	n566 -> n567
	n501 -> n566
	n500 -> n501
	n469 -> n500
	n563 -> n501
	n562 -> n563
	n527 -> n562
	n528 -> n562
	n504 -> n528
	n560 -> n528
	n559 -> n560
	n556 -> n559
	n555 -> n556
	n541 -> n556
	n540 -> n541
	n537 -> n540
	n536 -> n537
	n530 -> n536
	n539 -> n540
	n558 -> n559
	n510 -> n562
	n504 -> n510
	n525 -> n510
	n524 -> n525
	n520 -> n524
	n519 -> n520
	n518 -> n519
	n523 -> n524
	n521 -> n523
	n522 -> n523
	n512 -> n522
	n565 -> n566
	n568 -> n569
	n570 -> n571
	n606 -> n664
	n477 -> n606
	n480 -> n606
	n482 -> n606
	n605 -> n606
	n604 -> n605
	n469 -> n604
	n609 -> n664
	n608 -> n609
	n606 -> n609
	n633 -> n664
	n606 -> n633
	n609 -> n633
	n632 -> n633
	n625 -> n632
	n623 -> n625
	n622 -> n623
	n620 -> n622
	n619 -> n620
	n618 -> n619
	n469 -> n618
	n621 -> n622
	n616 -> n623
	n611 -> n616
	n614 -> n616
	n613 -> n614
	n612 -> n613
	n469 -> n612
	n615 -> n616
	n624 -> n625
	n631 -> n632
	n626 -> n631
	n629 -> n631
	n628 -> n629
	n469 -> n628
	n630 -> n631
	n664 [label=<<i>m.save</i>> color=crimson shape=doubleoctagon]; 
	n489 []
	n477 []
	n476 [label = <<i>Message.new</i>> ]
	n475 []
	n480 []
	n479 [label = <<i>self.moderator_user_id</i>> ]
	n469 []
	n482 []
	n488 [label = <<i>self_story.user_id</i>> ]
	n487 [label = <<i>self.story</i>> ]
	n492 []
	n491 []
	n578 []
	n577 []
	n576 []
	n572 []
	n574 [label = <<i>self.action</i>> ]
	n575 []
	n571 []
	n569 []
	n567 []
	n498 []
	n497 []
	n494 []
	n496 [label = <<i>self_story.title</i>> ]
	n495 [label = <<i>self.story</i>> ]
	n566 []
	n501 [label = <<i>self_story.comments_url</i>> ]
	n500 [label = <<i>self.story</i>> ]
	n563 []
	n562 []
	n527 []
	n528 [label = <<i>self.title_as_url</i>> ]
	n504 []
	n560 []
	n559 [label = <<i>u_gsub(/^_+/,"").gsub</i>> ]
	n556 [label = <<i>u_gsub(/^_+/,"").gsub</i>> ]
	n555 []
	n541 []
	n540 [label = <<i>self_title_downcase.gsub</i>> ]
	n537 [label = <<i>self_title.downcase</i>> ]
	n536 [label = <<i>self.title</i>> ]
	n530 []
	n539 []
	n558 []
	n510 [label = <<i>self.short_id_url</i>> ]
	n525 []
	n524 []
	n520 [label = <<i>Rails_application.root_url</i>> ]
	n519 [label = <<i>Rails.application</i>> ]
	n518 []
	n523 []
	n521 []
	n522 [label = <<i>self.short_id</i>> ]
	n512 []
	n565 []
	n568 []
	n570 []
	n606 []
	n605 [label = <<i>self_comment.user_id</i>> ]
	n604 [label = <<i>self.comment</i>> ]
	n609 []
	n608 []
	n633 []
	n632 []
	n625 []
	n623 []
	n622 []
	n620 [label = <<i>self_comment_story.comments_url</i>> ]
	n619 [label = <<i>self.story</i>> ]
	n618 [label = <<i>self.comment</i>> ]
	n621 []
	n616 []
	n611 []
	n614 [label = <<i>self_comment_story.title</i>> ]
	n613 [label = <<i>self.story</i>> ]
	n612 [label = <<i>self.comment</i>> ]
	n615 []
	n624 []
	n631 []
	n626 []
	n629 [label = <<i>self.comment</i>> ]
	n628 [label = <<i>self.comment</i>> ]
	n630 []
}

digraph CommentsController_undelete_forward_70183329568580 {
	n690 [label=<<i>self.where</i>> color=crimson shape=doubleoctagon]; 
}

digraph CommentsController_undelete_backward_70183329568580 {
	n690 [label=<<i>self.where</i>> color=crimson shape=doubleoctagon]; 
}

digraph CommentsController_undelete_forward_70183329567140 {
	n691 -> n692
	n692 -> n770
	n770 -> n675
	n675 -> n772
	n772 -> n666
	n691 [label=<<i>self_received_messages_unread.count</i>> color=crimson shape=doubleoctagon]; 
	n692 [label = <<i>Keystore.put</i>> ]
	n770 []
	n675 [label = <<i>self_recipient.update_unread_message_count!</i>> ]
	n772 []
	n666 [label = <<i>self.update_unread_counts</i>> ]
}

digraph CommentsController_undelete_backward_70183329567140 {
	n689 -> n691
	n688 -> n689
	n677 -> n688
	n691 [label=<<i>self_received_messages_unread.count</i>> color=crimson shape=doubleoctagon]; 
	n689 [label = <<i>self_received_messages.unread</i>> ]
	n688 [label = <<i>self.received_messages</i>> ]
	n677 []
}

digraph CommentsController_undelete_forward_70183331381440 {
	n726 [label=<<i>Keystore_connection.execute</i>> color=crimson shape=doubleoctagon]; 
}

digraph CommentsController_undelete_backward_70183331381440 {
	n710 -> n726
	n709 -> n710
	n725 -> n726
	n717 -> n725
	n716 -> n717
	n715 -> n716
	n714 -> n716
	n713 -> n714
	n711 -> n717
	n724 -> n725
	n718 -> n724
	n720 -> n724
	n694 -> n720
	n699 -> n720
	n721 -> n724
	n722 -> n724
	n694 -> n722
	n700 -> n722
	n723 -> n724
	n726 [label=<<i>Keystore_connection.execute</i>> color=crimson shape=doubleoctagon]; 
	n710 [label = <<i>Keystore.connection</i>> ]
	n709 []
	n725 []
	n717 []
	n716 []
	n715 []
	n714 [label = <<i>Keystore.table_name</i>> ]
	n713 []
	n711 []
	n724 []
	n718 []
	n720 [label = <<i>self.q</i>> ]
	n694 []
	n699 []
	n721 []
	n722 [label = <<i>self.q</i>> ]
	n700 []
	n723 []
}

digraph CommentsController_undelete_forward_70183331333760 {
	n756 -> n766
	n756 [label=<<i>Keystore_connection.execute</i>> color=crimson shape=doubleoctagon]; 
	n766 []
}

digraph CommentsController_undelete_backward_70183331333760 {
	n755 -> n756
	n750 -> n755
	n742 -> n750
	n738 -> n742
	n740 -> n742
	n739 -> n740
	n741 -> n742
	n749 -> n750
	n743 -> n749
	n745 -> n749
	n694 -> n745
	n699 -> n745
	n746 -> n749
	n747 -> n749
	n694 -> n747
	n700 -> n747
	n748 -> n749
	n754 -> n755
	n751 -> n754
	n753 -> n754
	n694 -> n753
	n700 -> n753
	n737 -> n756
	n736 -> n737
	n756 [label=<<i>Keystore_connection.execute</i>> color=crimson shape=doubleoctagon]; 
	n755 []
	n750 []
	n742 []
	n738 []
	n740 [label = <<i>Keystore.table_name</i>> ]
	n739 []
	n741 []
	n749 []
	n743 []
	n745 [label = <<i>self.q</i>> ]
	n694 []
	n699 []
	n746 []
	n747 [label = <<i>self.q</i>> ]
	n700 []
	n748 []
	n754 []
	n751 []
	n753 [label = <<i>self.q</i>> ]
	n737 [label = <<i>Keystore.connection</i>> ]
	n736 []
}

digraph CommentsController_undelete_forward_70183331318640 {
	n764 -> n765
	n765 -> n766
	n764 [label=<<i>kv.save!</i>> color=crimson shape=doubleoctagon]; 
	n765 []
	n766 []
}

digraph CommentsController_undelete_backward_70183331318640 {
	n760 -> n764
	n759 -> n760
	n694 -> n759
	n699 -> n759
	n700 -> n759
	n764 [label=<<i>kv.save!</i>> color=crimson shape=doubleoctagon]; 
	n760 []
	n759 [label = <<i>self.find_or_create_key_for_update</i>> ]
	n694 []
	n699 []
	n700 []
}

digraph CommentsController_undelete_forward_70183331213980 {
	n793 [label=<<i>self.where</i>> color=crimson shape=doubleoctagon]; 
}

digraph CommentsController_undelete_backward_70183331213980 {
	n793 [label=<<i>self.where</i>> color=crimson shape=doubleoctagon]; 
}

digraph CommentsController_undelete_forward_70183337958200 {
	n993 [label=<<i>self.save</i>> color=crimson shape=doubleoctagon]; 
}

digraph CommentsController_undelete_backward_70183337958200 {
	n992 -> n993
	n428 -> n993
	n438 -> n993
	n428 -> n438
	n443 -> n993
	n428 -> n443
	n438 -> n443
	n993 [label=<<i>self.save</i>> color=crimson shape=doubleoctagon]; 
	n992 []
	n428 []
	n438 []
	n443 []
}

digraph CommentsController_undelete_forward_70183337822180 {
	n1027 -> n1028
	n1028 -> n1029
	n1029 -> n1034
	n1034 -> n1035
	n1035 -> n1036
	n1036 -> n1037
	n1028 -> n1031
	n1031 -> n1032
	n1032 -> n1033
	n1032 -> n1037
	n1027 [label=<<i>Vote.where</i>> color=crimson shape=doubleoctagon]; 
	n1028 [label = <<i>Vote_where(user_id=Iuser_id,story_id=Istory_id,comment_id=Icomment_id).first_or_initialize</i>> color=coral1 ]
	n1029 []
	n1034 [label = <<i>v.vote</i>> ]
	n1035 []
	n1036 []
	n1037 []
	n1031 [label = <<i>%v_6.new_record?</i>> ]
	n1032 [label = <<i>%v_7.!</i>> ]
	n1033 []
}

digraph CommentsController_undelete_backward_70183337822180 {
	n1026 -> n1027
	n1017 -> n1026
	n1018 -> n1026
	n1019 -> n1026
	n1025 -> n1027
	n1027 [label=<<i>Vote.where</i>> color=crimson shape=doubleoctagon]; 
	n1026 []
	n1017 []
	n1018 []
	n1019 []
	n1025 []
}

digraph CommentsController_undelete_forward_70183337808980 {
	n1028 -> n1029
	n1029 -> n1034
	n1034 -> n1035
	n1035 -> n1036
	n1036 -> n1037
	n1028 -> n1031
	n1031 -> n1032
	n1032 -> n1033
	n1032 -> n1037
	n1028 [label=<<i>Vote_where(user_id=Iuser_id,story_id=Istory_id,comment_id=Icomment_id).first_or_initialize</i>> color=crimson shape=doubleoctagon]; 
	n1029 []
	n1034 [label = <<i>v.vote</i>> ]
	n1035 []
	n1036 []
	n1037 []
	n1031 [label = <<i>%v_6.new_record?</i>> ]
	n1032 [label = <<i>%v_7.!</i>> ]
	n1033 []
}

digraph CommentsController_undelete_backward_70183337808980 {
	n1027 -> n1028
	n1026 -> n1027
	n1017 -> n1026
	n1018 -> n1026
	n1019 -> n1026
	n1025 -> n1027
	n1028 [label=<<i>Vote_where(user_id=Iuser_id,story_id=Istory_id,comment_id=Icomment_id).first_or_initialize</i>> color=crimson shape=doubleoctagon]; 
	n1027 [label = <<i>Vote.where</i>> color=coral1 ]
	n1026 []
	n1017 []
	n1018 []
	n1019 []
	n1025 []
}

digraph CommentsController_undelete_forward_70183337708780 {
	n1047 -> n1482
	n1482 -> n1008
	n1047 [label=<<i>Vote.transaction</i>> color=crimson shape=doubleoctagon]; 
	n1482 []
	n1008 [label = <<i>Vote.vote_thusly_on_story_or_comment_for_user_because</i>> ]
}

digraph CommentsController_undelete_backward_70183337708780 {
	n1011 -> n1047
	n1046 -> n1047
	n1047 [label=<<i>Vote.transaction</i>> color=crimson shape=doubleoctagon]; 
	n1011 []
	n1046 []
}

digraph CommentsController_undelete_forward_70183337563320 {
	n1076 -> n1080
	n1080 -> n1081
	n1076 [label=<<i>v.new_record?</i>> color=crimson shape=doubleoctagon]; 
	n1080 [label = <<i>%cl_1_11.!</i>> ]
	n1081 []
}

digraph CommentsController_undelete_backward_70183337563320 {
	n1076 [label=<<i>v.new_record?</i>> color=crimson shape=doubleoctagon]; 
}

digraph CommentsController_undelete_forward_70183337365300 {
	n1121 -> n1122
	n1121 [label=<<i>v.save!</i>> color=crimson shape=doubleoctagon]; 
	n1122 []
}

digraph CommentsController_undelete_backward_70183337365300 {
	n1117 -> n1121
	n1119 -> n1121
	n1117 -> n1119
	n1121 [label=<<i>v.save!</i>> color=crimson shape=doubleoctagon]; 
	n1117 []
	n1119 []
}

digraph CommentsController_undelete_forward_70183337286560 {
	n1138 -> n1139
	n1139 -> n1146
	n1146 -> n1149
	n1139 -> n1153
	n1153 -> n1476
	n1138 -> n1141
	n1141 -> n1142
	n1142 -> n1143
	n1138 [label=<<i>Comment.find</i>> color=crimson shape=doubleoctagon]; 
	n1139 []
	n1146 [label = <<i>c.user_id</i>> ]
	n1149 [label = <<i>User.update_counters</i>> color=coral1 ]
	n1153 [label = <<i>c.give_upvote_or_downvote_and_recalculate_confidence!</i>> ]
	n1476 []
	n1141 [label = <<i>%cl_1_32.user_id</i>> ]
	n1142 []
	n1143 []
}

digraph CommentsController_undelete_backward_70183337286560 {
	n1136 -> n1138
	n1137 -> n1138
	n1117 -> n1137
	n1119 -> n1137
	n1117 -> n1119
	n1138 [label=<<i>Comment.find</i>> color=crimson shape=doubleoctagon]; 
	n1136 []
	n1137 [label = <<i>v.comment_id</i>> ]
	n1117 []
	n1119 []
}

digraph CommentsController_undelete_forward_70183337238100 {
	n1149 [label=<<i>User.update_counters</i>> color=crimson shape=doubleoctagon]; 
}

digraph CommentsController_undelete_backward_70183337238100 {
	n1146 -> n1149
	n1139 -> n1146
	n1138 -> n1139
	n1136 -> n1138
	n1137 -> n1138
	n1117 -> n1137
	n1119 -> n1137
	n1117 -> n1119
	n1145 -> n1149
	n1148 -> n1149
	n1147 -> n1148
	n1107 -> n1147
	n1106 -> n1107
	n1089 -> n1106
	n1088 -> n1089
	n1086 -> n1089
	n1105 -> n1106
	n1103 -> n1106
	n1063 -> n1147
	n1062 -> n1063
	n1060 -> n1063
	n1115 -> n1147
	n1114 -> n1115
	n1113 -> n1114
	n1111 -> n1114
	n1097 -> n1114
	n1096 -> n1097
	n1094 -> n1097
	n1071 -> n1147
	n1070 -> n1071
	n1068 -> n1071
	n1149 [label=<<i>User.update_counters</i>> color=crimson shape=doubleoctagon]; 
	n1146 [label = <<i>c.user_id</i>> ]
	n1139 []
	n1138 [label = <<i>Comment.find</i>> color=coral1 ]
	n1136 []
	n1137 [label = <<i>v.comment_id</i>> ]
	n1117 []
	n1119 []
	n1145 []
	n1148 []
	n1147 []
	n1107 []
	n1106 []
	n1089 []
	n1088 []
	n1086 []
	n1105 []
	n1103 []
	n1063 []
	n1062 []
	n1060 []
	n1115 []
	n1114 []
	n1113 []
	n1111 []
	n1097 []
	n1096 []
	n1094 []
	n1071 []
	n1070 []
	n1068 []
}

digraph CommentsController_undelete_forward_70183329389240 {
	n1259 [label=<<i>Comment_connection.execute</i>> color=crimson shape=doubleoctagon]; 
}

digraph CommentsController_undelete_backward_70183329389240 {
	n1258 -> n1259
	n1257 -> n1258
	n1256 -> n1257
	n1255 -> n1256
	n1155 -> n1255
	n1253 -> n1258
	n1191 -> n1253
	n1190 -> n1191
	n1188 -> n1190
	n1161 -> n1188
	n1189 -> n1190
	n1186 -> n1190
	n1185 -> n1191
	n1179 -> n1185
	n1175 -> n1179
	n1177 -> n1179
	n1176 -> n1177
	n1178 -> n1179
	n1184 -> n1185
	n1180 -> n1184
	n1182 -> n1184
	n1160 -> n1182
	n1183 -> n1184
	n1252 -> n1253
	n1192 -> n1252
	n1194 -> n1252
	n1155 -> n1194
	n1211 -> n1194
	n1249 -> n1194
	n1248 -> n1249
	n1247 -> n1248
	n1239 -> n1247
	n1238 -> n1239
	n1214 -> n1238
	n1237 -> n1238
	n1236 -> n1237
	n1235 -> n1236
	n1214 -> n1235
	n1234 -> n1235
	n1214 -> n1234
	n1233 -> n1234
	n1206 -> n1233
	n1205 -> n1206
	n1204 -> n1205
	n1203 -> n1204
	n1196 -> n1203
	n1202 -> n1204
	n1196 -> n1202
	n1232 -> n1233
	n1206 -> n1232
	n1231 -> n1236
	n1230 -> n1231
	n1229 -> n1230
	n1219 -> n1229
	n1218 -> n1219
	n1206 -> n1218
	n1217 -> n1218
	n1216 -> n1217
	n1196 -> n1216
	n1206 -> n1230
	n1219 -> n1231
	n1228 -> n1237
	n1226 -> n1247
	n1225 -> n1226
	n1224 -> n1225
	n1223 -> n1224
	n1222 -> n1223
	n1214 -> n1222
	n1221 -> n1222
	n1206 -> n1221
	n1214 -> n1223
	n1219 -> n1225
	n1245 -> n1248
	n1244 -> n1245
	n1243 -> n1244
	n1214 -> n1243
	n1242 -> n1243
	n1214 -> n1242
	n1241 -> n1242
	n1206 -> n1241
	n1251 -> n1252
	n1174 -> n1259
	n1173 -> n1174
	n1259 [label=<<i>Comment_connection.execute</i>> color=crimson shape=doubleoctagon]; 
	n1258 []
	n1257 []
	n1256 [label = <<i>self_id.to_i</i>> ]
	n1255 [label = <<i>self.id</i>> ]
	n1155 []
	n1253 []
	n1191 []
	n1190 []
	n1188 [label = <<i>downvote.to_i</i>> ]
	n1161 []
	n1189 []
	n1186 []
	n1185 []
	n1179 []
	n1175 []
	n1177 [label = <<i>Comment.table_name</i>> ]
	n1176 []
	n1178 []
	n1184 []
	n1180 []
	n1182 [label = <<i>upvote.to_i</i>> ]
	n1160 []
	n1183 []
	n1252 []
	n1192 []
	n1194 [label = <<i>self.calculated_confidence</i>> ]
	n1211 []
	n1249 []
	n1248 []
	n1247 []
	n1239 []
	n1238 []
	n1214 []
	n1237 [label = <<i>Math.sqrt</i>> ]
	n1236 []
	n1235 []
	n1234 []
	n1233 []
	n1206 []
	n1205 [label = <<i>(upvotes+downvotes).to_f</i>> ]
	n1204 []
	n1203 [label = <<i>self.downvotes</i>> ]
	n1196 []
	n1202 [label = <<i>self.upvotes</i>> ]
	n1232 []
	n1231 []
	n1230 []
	n1229 []
	n1219 []
	n1218 []
	n1217 [label = <<i>upvotes.to_f</i>> ]
	n1216 [label = <<i>self.upvotes</i>> ]
	n1228 []
	n1226 []
	n1225 []
	n1224 []
	n1223 []
	n1222 []
	n1221 []
	n1245 []
	n1244 []
	n1243 []
	n1242 []
	n1241 []
	n1251 []
	n1174 [label = <<i>Comment.connection</i>> ]
	n1173 []
}

digraph CommentsController_undelete_forward_70183329220340 {
	n1281 -> n1296
	n1281 [label=<<i>self_tags.select</i>> color=crimson shape=doubleoctagon]; 
	n1296 [label = <<i>self_tags_select{|t|t_hotness_mod!=0}.each</i>> ]
}

digraph CommentsController_undelete_backward_70183329220340 {
	n1272 -> n1281
	n1280 -> n1281
	n1272 -> n1280
	n1281 [label=<<i>self_tags.select</i>> color=crimson shape=doubleoctagon]; 
	n1272 []
	n1280 [label = <<i>self.tags</i>> ]
}

digraph CommentsController_undelete_forward_70183328929920 {
	n1316 -> n1317
	n1317 -> n1318
	n1318 -> n1335
	n1335 -> n1336
	n1336 -> n1337
	n1337 -> n1338
	n1338 -> n1356
	n1356 -> n1357
	n1357 -> n1358
	n1358 -> n1359
	n1359 -> n1360
	n1360 -> n1386
	n1386 -> n1387
	n1387 -> n1396
	n1396 -> n1397
	n1397 -> n1398
	n1398 -> n1399
	n1399 -> n1270
	n1270 -> n1401
	n1401 -> n1402
	n1402 -> n1262
	n1262 -> n1404
	n1404 -> n1153
	n1153 -> n1476
	n1316 [label=<<i>self_comments.where</i>> color=crimson shape=doubleoctagon]; 
	n1317 [label = <<i>self_comments_where("user_idI?",self_user_id).select</i>> color=coral1 ]
	n1318 [label = <<i>%v_10.map</i>> ]
	n1335 [label = <<i>%v_11.inject</i>> ]
	n1336 [label = <<i>%v_12.to_f</i>> ]
	n1337 []
	n1338 []
	n1356 []
	n1357 []
	n1358 [label = <<i>[(score+1)_abs+cpoints,1].max</i>> ]
	n1359 [label = <<i>Math.log</i>> ]
	n1360 []
	n1386 []
	n1387 []
	n1396 []
	n1397 []
	n1398 []
	n1399 []
	n1270 [label = <<i>self.calculated_hotness</i>> ]
	n1401 [label = <<i>%self.update_column</i>> ]
	n1402 []
	n1262 [label = <<i>self_story.recalculate_hotness!</i>> ]
	n1404 []
	n1153 [label = <<i>c.give_upvote_or_downvote_and_recalculate_confidence!</i>> ]
	n1476 []
}

digraph CommentsController_undelete_backward_70183328929920 {
	n1315 -> n1316
	n1272 -> n1315
	n1313 -> n1316
	n1272 -> n1313
	n1314 -> n1316
	n1316 [label=<<i>self_comments.where</i>> color=crimson shape=doubleoctagon]; 
	n1315 [label = <<i>self.user_id</i>> ]
	n1272 []
	n1313 [label = <<i>self.comments</i>> ]
	n1314 []
}

digraph CommentsController_undelete_forward_70183328911720 {
	n1317 -> n1318
	n1318 -> n1335
	n1335 -> n1336
	n1336 -> n1337
	n1337 -> n1338
	n1338 -> n1356
	n1356 -> n1357
	n1357 -> n1358
	n1358 -> n1359
	n1359 -> n1360
	n1360 -> n1386
	n1386 -> n1387
	n1387 -> n1396
	n1396 -> n1397
	n1397 -> n1398
	n1398 -> n1399
	n1399 -> n1270
	n1270 -> n1401
	n1401 -> n1402
	n1402 -> n1262
	n1262 -> n1404
	n1404 -> n1153
	n1153 -> n1476
	n1317 [label=<<i>self_comments_where("user_idI?",self_user_id).select</i>> color=crimson shape=doubleoctagon]; 
	n1318 [label = <<i>%v_10.map</i>> ]
	n1335 [label = <<i>%v_11.inject</i>> ]
	n1336 [label = <<i>%v_12.to_f</i>> ]
	n1337 []
	n1338 []
	n1356 []
	n1357 []
	n1358 [label = <<i>[(score+1)_abs+cpoints,1].max</i>> ]
	n1359 [label = <<i>Math.log</i>> ]
	n1360 []
	n1386 []
	n1387 []
	n1396 []
	n1397 []
	n1398 []
	n1399 []
	n1270 [label = <<i>self.calculated_hotness</i>> ]
	n1401 [label = <<i>%self.update_column</i>> ]
	n1402 []
	n1262 [label = <<i>self_story.recalculate_hotness!</i>> ]
	n1404 []
	n1153 [label = <<i>c.give_upvote_or_downvote_and_recalculate_confidence!</i>> ]
	n1476 []
}

digraph CommentsController_undelete_backward_70183328911720 {
	n1316 -> n1317
	n1315 -> n1316
	n1272 -> n1315
	n1313 -> n1316
	n1272 -> n1313
	n1314 -> n1316
	n1317 [label=<<i>self_comments_where("user_idI?",self_user_id).select</i>> color=crimson shape=doubleoctagon]; 
	n1316 [label = <<i>self_comments.where</i>> color=coral1 ]
	n1315 [label = <<i>self.user_id</i>> ]
	n1272 []
	n1313 [label = <<i>self.comments</i>> ]
	n1314 []
}

digraph CommentsController_undelete_forward_70183336371980 {
	n1410 -> n1411
	n1411 -> n1418
	n1418 -> n1421
	n1411 -> n1425
	n1425 -> n1475
	n1475 -> n1476
	n1410 -> n1413
	n1413 -> n1414
	n1414 -> n1415
	n1410 [label=<<i>Story.find</i>> color=crimson shape=doubleoctagon]; 
	n1411 []
	n1418 [label = <<i>s.user_id</i>> ]
	n1421 [label = <<i>User.update_counters</i>> color=coral1 ]
	n1425 [label = <<i>s.give_upvote_or_downvote_and_recalculate_hotness!</i>> ]
	n1475 []
	n1476 []
	n1413 [label = <<i>%cl_1_43.user_id</i>> ]
	n1414 []
	n1415 []
}

digraph CommentsController_undelete_backward_70183336371980 {
	n1408 -> n1410
	n1409 -> n1410
	n1117 -> n1409
	n1119 -> n1409
	n1117 -> n1119
	n1410 [label=<<i>Story.find</i>> color=crimson shape=doubleoctagon]; 
	n1408 []
	n1409 [label = <<i>v.story_id</i>> ]
	n1117 []
	n1119 []
}

digraph CommentsController_undelete_forward_70183336258260 {
	n1421 [label=<<i>User.update_counters</i>> color=crimson shape=doubleoctagon]; 
}

digraph CommentsController_undelete_backward_70183336258260 {
	n1418 -> n1421
	n1411 -> n1418
	n1410 -> n1411
	n1408 -> n1410
	n1409 -> n1410
	n1117 -> n1409
	n1119 -> n1409
	n1117 -> n1119
	n1417 -> n1421
	n1420 -> n1421
	n1419 -> n1420
	n1107 -> n1419
	n1106 -> n1107
	n1089 -> n1106
	n1088 -> n1089
	n1086 -> n1089
	n1105 -> n1106
	n1103 -> n1106
	n1063 -> n1419
	n1062 -> n1063
	n1060 -> n1063
	n1115 -> n1419
	n1114 -> n1115
	n1113 -> n1114
	n1111 -> n1114
	n1097 -> n1114
	n1096 -> n1097
	n1094 -> n1097
	n1071 -> n1419
	n1070 -> n1071
	n1068 -> n1071
	n1421 [label=<<i>User.update_counters</i>> color=crimson shape=doubleoctagon]; 
	n1418 [label = <<i>s.user_id</i>> ]
	n1411 []
	n1410 [label = <<i>Story.find</i>> color=coral1 ]
	n1408 []
	n1409 [label = <<i>v.story_id</i>> ]
	n1117 []
	n1119 []
	n1417 []
	n1420 []
	n1419 []
	n1107 []
	n1106 []
	n1089 []
	n1088 []
	n1086 []
	n1105 []
	n1103 []
	n1063 []
	n1062 []
	n1060 []
	n1115 []
	n1114 []
	n1113 []
	n1111 []
	n1097 []
	n1096 []
	n1094 []
	n1071 []
	n1070 []
	n1068 []
}

digraph CommentsController_undelete_forward_70183328502940 {
	n1472 -> n1473
	n1473 -> n1425
	n1425 -> n1475
	n1475 -> n1476
	n1472 [label=<<i>Story_connection.execute</i>> color=crimson shape=doubleoctagon]; 
	n1473 []
	n1425 [label = <<i>s.give_upvote_or_downvote_and_recalculate_hotness!</i>> ]
	n1475 []
	n1476 []
}

digraph CommentsController_undelete_backward_70183328502940 {
	n1446 -> n1472
	n1445 -> n1446
	n1471 -> n1472
	n1463 -> n1471
	n1462 -> n1463
	n1460 -> n1462
	n1433 -> n1460
	n1461 -> n1462
	n1458 -> n1462
	n1457 -> n1463
	n1451 -> n1457
	n1447 -> n1451
	n1449 -> n1451
	n1448 -> n1449
	n1450 -> n1451
	n1456 -> n1457
	n1452 -> n1456
	n1454 -> n1456
	n1432 -> n1454
	n1455 -> n1456
	n1470 -> n1471
	n1464 -> n1470
	n1466 -> n1470
	n1427 -> n1466
	n1467 -> n1470
	n1469 -> n1470
	n1468 -> n1469
	n1427 -> n1468
	n1472 [label=<<i>Story_connection.execute</i>> color=crimson shape=doubleoctagon]; 
	n1446 [label = <<i>Story.connection</i>> ]
	n1445 []
	n1471 []
	n1463 []
	n1462 []
	n1460 [label = <<i>downvote.to_i</i>> ]
	n1433 []
	n1461 []
	n1458 []
	n1457 []
	n1451 []
	n1447 []
	n1449 [label = <<i>Story.table_name</i>> ]
	n1448 []
	n1450 []
	n1456 []
	n1452 []
	n1454 [label = <<i>upvote.to_i</i>> ]
	n1432 []
	n1455 []
	n1470 []
	n1464 []
	n1466 [label = <<i>self.calculated_hotness</i>> ]
	n1427 []
	n1467 []
	n1469 [label = <<i>self_id.to_i</i>> ]
	n1468 [label = <<i>self.id</i>> ]
}

digraph CommentsController_undelete_forward_70183328222280 {
	n1504 -> n1507
	n1507 -> n1510
	n1510 -> n1511
	n1511 -> n1512
	n1512 -> n1513
	n1513 -> n1494
	n1494 -> n1515
	n1515 -> n1617
	n1515 -> n1620
	n1620 -> n1635
	n1635 -> n1636
	n1635 -> n1638
	n1638 -> n1639
	n1639 -> n1486
	n1486 -> n1641
	n1641 -> n996
	n1620 -> n1636
	n1504 [label=<<i>Story.select</i>> color=crimson shape=doubleoctagon]; 
	n1507 [label = <<i>Story_select(id).where</i>> color=coral1 ]
	n1510 []
	n1511 []
	n1512 [label = <<i>Comment.where</i>> color=coral1 ]
	n1513 []
	n1494 [label = <<i>self.merged_comments</i>> ]
	n1515 [label = <<i>self_merged_comments.arrange_for_user</i>> ]
	n1617 []
	n1620 [label = <<i>comments.count</i>> color=coral1 ]
	n1635 []
	n1636 [label = <<i>self.update_column</i>> ]
	n1638 [label = <<i>self.recalculate_hotness!</i>> ]
	n1639 []
	n1486 [label = <<i>self_story.update_comments_count!</i>> ]
	n1641 []
	n996 [label = <<i>self.record_initial_upvote</i>> ]
}

digraph CommentsController_undelete_backward_70183328222280 {
	n1503 -> n1504
	n1504 [label=<<i>Story.select</i>> color=crimson shape=doubleoctagon]; 
	n1503 []
}

digraph CommentsController_undelete_forward_70183328194360 {
	n1507 -> n1510
	n1510 -> n1511
	n1511 -> n1512
	n1512 -> n1513
	n1513 -> n1494
	n1494 -> n1515
	n1515 -> n1617
	n1515 -> n1620
	n1620 -> n1635
	n1635 -> n1636
	n1635 -> n1638
	n1638 -> n1639
	n1639 -> n1486
	n1486 -> n1641
	n1641 -> n996
	n1620 -> n1636
	n1507 [label=<<i>Story_select(id).where</i>> color=crimson shape=doubleoctagon]; 
	n1510 []
	n1511 []
	n1512 [label = <<i>Comment.where</i>> color=coral1 ]
	n1513 []
	n1494 [label = <<i>self.merged_comments</i>> ]
	n1515 [label = <<i>self_merged_comments.arrange_for_user</i>> ]
	n1617 []
	n1620 [label = <<i>comments.count</i>> color=coral1 ]
	n1635 []
	n1636 [label = <<i>self.update_column</i>> ]
	n1638 [label = <<i>self.recalculate_hotness!</i>> ]
	n1639 []
	n1486 [label = <<i>self_story.update_comments_count!</i>> ]
	n1641 []
	n996 [label = <<i>self.record_initial_upvote</i>> ]
}

digraph CommentsController_undelete_backward_70183328194360 {
	n1504 -> n1507
	n1503 -> n1504
	n1506 -> n1507
	n1505 -> n1506
	n1496 -> n1505
	n1507 [label=<<i>Story_select(id).where</i>> color=crimson shape=doubleoctagon]; 
	n1504 [label = <<i>Story.select</i>> color=coral1 ]
	n1503 []
	n1506 []
	n1505 [label = <<i>self.id</i>> ]
	n1496 []
}

digraph CommentsController_undelete_forward_70183328170380 {
	n1512 -> n1513
	n1513 -> n1494
	n1494 -> n1515
	n1515 -> n1617
	n1515 -> n1620
	n1620 -> n1635
	n1635 -> n1636
	n1635 -> n1638
	n1638 -> n1639
	n1639 -> n1486
	n1486 -> n1641
	n1641 -> n996
	n1620 -> n1636
	n1512 [label=<<i>Comment.where</i>> color=crimson shape=doubleoctagon]; 
	n1513 []
	n1494 [label = <<i>self.merged_comments</i>> ]
	n1515 [label = <<i>self_merged_comments.arrange_for_user</i>> ]
	n1617 []
	n1620 [label = <<i>comments.count</i>> color=coral1 ]
	n1635 []
	n1636 [label = <<i>self.update_column</i>> ]
	n1638 [label = <<i>self.recalculate_hotness!</i>> ]
	n1639 []
	n1486 [label = <<i>self_story.update_comments_count!</i>> ]
	n1641 []
	n996 [label = <<i>self.record_initial_upvote</i>> ]
}

digraph CommentsController_undelete_backward_70183328170380 {
	n1502 -> n1512
	n1511 -> n1512
	n1510 -> n1511
	n1507 -> n1510
	n1504 -> n1507
	n1503 -> n1504
	n1506 -> n1507
	n1505 -> n1506
	n1496 -> n1505
	n1509 -> n1510
	n1508 -> n1509
	n1496 -> n1508
	n1512 [label=<<i>Comment.where</i>> color=crimson shape=doubleoctagon]; 
	n1502 []
	n1511 []
	n1510 []
	n1507 [label = <<i>Story_select(id).where</i>> color=coral1 ]
	n1504 [label = <<i>Story.select</i>> color=coral1 ]
	n1503 []
	n1506 []
	n1505 [label = <<i>self.id</i>> ]
	n1496 []
	n1509 []
	n1508 [label = <<i>self.id</i>> ]
}

digraph CommentsController_undelete_forward_70183328094600 {
	n1525 -> n1526
	n1526 -> n1527
	n1527 -> n1546
	n1546 -> n1547
	n1547 -> n1568
	n1547 -> n1593
	n1547 -> n1604
	n1547 -> n1605
	n1526 -> n1535
	n1535 -> n1536
	n1536 -> n1538
	n1536 -> n1541
	n1541 -> n1542
	n1542 -> n1545
	n1545 -> n1546
	n1542 -> n1549
	n1549 -> n1563
	n1563 -> n1564
	n1542 -> n1576
	n1576 -> n1578
	n1578 -> n1579
	n1579 -> n1580
	n1580 -> n1581
	n1542 -> n1589
	n1589 -> n1591
	n1589 -> n1596
	n1596 -> n1597
	n1541 -> n1543
	n1536 -> n1602
	n1525 [label=<<i>self.order</i>> color=crimson shape=doubleoctagon]; 
	n1526 [label = <<i>self_order("confidenceDESC").group_by</i>> ]
	n1527 []
	n1546 []
	n1547 []
	n1568 []
	n1593 []
	n1604 []
	n1605 []
	n1535 []
	n1536 []
	n1538 []
	n1541 [label = <<i>subtree.shift</i>> ]
	n1542 []
	n1545 [label = <<i>node.id</i>> ]
	n1549 [label = <<i>node.is_gone?</i>> ]
	n1563 [label = <<i>%v_13.!</i>> ]
	n1564 []
	n1576 [label = <<i>node.user_id</i>> ]
	n1578 []
	n1579 []
	n1580 []
	n1581 []
	n1589 []
	n1591 []
	n1596 [label = <<i>node.is_moderated?</i>> ]
	n1597 []
	n1543 []
	n1602 []
}

digraph CommentsController_undelete_backward_70183328094600 {
	n1517 -> n1525
	n1524 -> n1525
	n1525 [label=<<i>self.order</i>> color=crimson shape=doubleoctagon]; 
	n1517 []
	n1524 []
}

digraph CommentsController_undelete_forward_70183327433800 {
	n1620 -> n1635
	n1635 -> n1636
	n1635 -> n1638
	n1638 -> n1639
	n1639 -> n1486
	n1486 -> n1641
	n1641 -> n996
	n1620 -> n1636
	n1620 [label=<<i>comments.count</i>> color=crimson shape=doubleoctagon]; 
	n1635 []
	n1636 [label = <<i>self.update_column</i>> ]
	n1638 [label = <<i>self.recalculate_hotness!</i>> ]
	n1639 []
	n1486 [label = <<i>self_story.update_comments_count!</i>> ]
	n1641 []
	n996 [label = <<i>self.record_initial_upvote</i>> ]
}

digraph CommentsController_undelete_backward_70183327433800 {
	n1488 -> n1620
	n1515 -> n1620
	n1494 -> n1515
	n1488 -> n1494
	n1513 -> n1494
	n1512 -> n1513
	n1502 -> n1512
	n1511 -> n1512
	n1510 -> n1511
	n1507 -> n1510
	n1504 -> n1507
	n1503 -> n1504
	n1506 -> n1507
	n1505 -> n1506
	n1496 -> n1505
	n1509 -> n1510
	n1508 -> n1509
	n1496 -> n1508
	n1615 -> n1515
	n1530 -> n1615
	n1529 -> n1530
	n1620 [label=<<i>comments.count</i>> color=crimson shape=doubleoctagon]; 
	n1488 []
	n1515 [label = <<i>self_merged_comments.arrange_for_user</i>> ]
	n1494 [label = <<i>self.merged_comments</i>> ]
	n1513 []
	n1512 [label = <<i>Comment.where</i>> color=coral1 ]
	n1502 []
	n1511 []
	n1510 []
	n1507 [label = <<i>Story_select(id).where</i>> color=coral1 ]
	n1504 [label = <<i>Story.select</i>> color=coral1 ]
	n1503 []
	n1506 []
	n1505 [label = <<i>self.id</i>> ]
	n1496 []
	n1509 []
	n1508 [label = <<i>self.id</i>> ]
	n1615 []
	n1530 []
	n1529 []
}

digraph CommentsController_undelete_forward_70183326929200 {
	n1681 -> n1794
	n1794 -> n1668
	n1668 -> n1799
	n1799 -> n1656
	n1656 -> n1801
	n1801 -> n1643
	n1794 -> n1668
	n1681 [label=<<i>Keystore.transaction</i>> color=crimson shape=doubleoctagon]; 
	n1794 []
	n1668 [label = <<i>self.incremented_value_for</i>> ]
	n1799 []
	n1656 [label = <<i>Keystore.increment_value_for</i>> ]
	n1801 []
	n1643 [label = <<i>self.mark_submitter</i>> ]
}

digraph CommentsController_undelete_backward_70183326929200 {
	n1670 -> n1681
	n1680 -> n1681
	n1681 [label=<<i>Keystore.transaction</i>> color=crimson shape=doubleoctagon]; 
	n1670 []
	n1680 []
}

digraph CommentsController_undelete_forward_70183335082680 {
	n1710 [label=<<i>Keystore_connection.execute</i>> color=crimson shape=doubleoctagon]; 
}

digraph CommentsController_undelete_backward_70183335082680 {
	n1696 -> n1710
	n1695 -> n1696
	n1709 -> n1710
	n1703 -> n1709
	n1702 -> n1703
	n1700 -> n1702
	n1699 -> n1700
	n1701 -> n1702
	n1697 -> n1703
	n1708 -> n1709
	n1707 -> n1708
	n1704 -> n1708
	n1706 -> n1708
	n1683 -> n1706
	n1710 [label=<<i>Keystore_connection.execute</i>> color=crimson shape=doubleoctagon]; 
	n1696 [label = <<i>Keystore.connection</i>> ]
	n1695 []
	n1709 []
	n1703 []
	n1702 []
	n1700 [label = <<i>Keystore.table_name</i>> ]
	n1699 []
	n1701 []
	n1697 []
	n1708 []
	n1707 []
	n1704 []
	n1706 [label = <<i>self.q</i>> ]
	n1683 []
}

digraph CommentsController_undelete_forward_70183352630240 {
	n1726 [label=<<i>Keystore_connection.execute</i>> color=crimson shape=doubleoctagon]; 
}

digraph CommentsController_undelete_backward_70183352630240 {
	n1713 -> n1726
	n1712 -> n1713
	n1725 -> n1726
	n1718 -> n1725
	n1716 -> n1718
	n1715 -> n1716
	n1714 -> n1718
	n1717 -> n1718
	n1724 -> n1725
	n1719 -> n1724
	n1723 -> n1724
	n1683 -> n1723
	n1721 -> n1724
	n1683 -> n1721
	n1722 -> n1724
	n1726 [label=<<i>Keystore_connection.execute</i>> color=crimson shape=doubleoctagon]; 
	n1713 [label = <<i>Keystore.connection</i>> ]
	n1712 []
	n1725 []
	n1718 []
	n1716 [label = <<i>Keystore.table_name</i>> ]
	n1715 []
	n1714 []
	n1717 []
	n1724 []
	n1719 []
	n1723 [label = <<i>self.q</i>> ]
	n1683 []
	n1721 [label = <<i>self.q</i>> ]
	n1722 []
}

digraph CommentsController_undelete_forward_70183340311880 {
	n1756 -> n1772
	n1756 [label=<<i>Keystore_connection.execute</i>> color=crimson shape=doubleoctagon]; 
	n1772 []
}

digraph CommentsController_undelete_backward_70183340311880 {
	n1755 -> n1756
	n1754 -> n1755
	n1753 -> n1754
	n1683 -> n1753
	n1751 -> n1754
	n1750 -> n1755
	n1742 -> n1750
	n1740 -> n1742
	n1739 -> n1740
	n1741 -> n1742
	n1738 -> n1742
	n1749 -> n1750
	n1743 -> n1749
	n1745 -> n1749
	n1683 -> n1745
	n1746 -> n1749
	n1747 -> n1749
	n1683 -> n1747
	n1748 -> n1749
	n1737 -> n1756
	n1736 -> n1737
	n1756 [label=<<i>Keystore_connection.execute</i>> color=crimson shape=doubleoctagon]; 
	n1755 []
	n1754 []
	n1753 [label = <<i>self.q</i>> ]
	n1683 []
	n1751 []
	n1750 []
	n1742 []
	n1740 [label = <<i>Keystore.table_name</i>> ]
	n1739 []
	n1741 []
	n1738 []
	n1749 []
	n1743 []
	n1745 [label = <<i>self.q</i>> ]
	n1746 []
	n1747 [label = <<i>self.q</i>> ]
	n1748 []
	n1737 [label = <<i>Keystore.connection</i>> ]
	n1736 []
}

digraph CommentsController_undelete_forward_70183340284820 {
	n1767 [label=<<i>kv.save!</i>> color=crimson shape=doubleoctagon]; 
}

digraph CommentsController_undelete_backward_70183340284820 {
	n1760 -> n1767
	n1759 -> n1760
	n1683 -> n1759
	n1765 -> n1767
	n1760 -> n1765
	n1764 -> n1765
	n1763 -> n1764
	n1762 -> n1763
	n1759 -> n1762
	n1767 [label=<<i>kv.save!</i>> color=crimson shape=doubleoctagon]; 
	n1760 []
	n1759 [label = <<i>self.find_or_create_key_for_update</i>> ]
	n1683 []
	n1765 []
	n1764 []
	n1763 [label = <<i>%cl_1_61.to_i</i>> ]
	n1762 [label = <<i>%cl_1_60.value</i>> ]
}

digraph CommentsController_undelete_forward_70183340263140 {
	n1784 -> n1785
	n1785 -> n1786
	n1786 -> n1787
	n1787 -> n1774
	n1774 -> n1789
	n1784 [label=<<i>self.where</i>> color=crimson shape=doubleoctagon]; 
	n1785 [label = <<i>self_where(key=Ikey).first</i>> color=coral1 ]
	n1786 [label = <<i>%v_5.try</i>> ]
	n1787 []
	n1774 [label = <<i>self.value_for</i>> ]
	n1789 []
}

digraph CommentsController_undelete_backward_70183340263140 {
	n1776 -> n1784
	n1783 -> n1784
	n1781 -> n1783
	n1784 [label=<<i>self.where</i>> color=crimson shape=doubleoctagon]; 
	n1776 []
	n1783 []
	n1781 []
}

digraph CommentsController_undelete_forward_70183340261580 {
	n1785 -> n1786
	n1786 -> n1787
	n1787 -> n1774
	n1774 -> n1789
	n1785 [label=<<i>self_where(key=Ikey).first</i>> color=crimson shape=doubleoctagon]; 
	n1786 [label = <<i>%v_5.try</i>> ]
	n1787 []
	n1774 [label = <<i>self.value_for</i>> ]
	n1789 []
}

digraph CommentsController_undelete_backward_70183340261580 {
	n1784 -> n1785
	n1776 -> n1784
	n1783 -> n1784
	n1781 -> n1783
	n1785 [label=<<i>self_where(key=Ikey).first</i>> color=crimson shape=doubleoctagon]; 
	n1784 [label = <<i>self.where</i>> color=coral1 ]
	n1776 []
	n1783 []
	n1781 []
}

digraph CommentsController_undelete_forward_70183340186800 {
	n1814 -> n1815
	n1815 -> n1818
	n1818 -> n1821
	n1821 -> n1822
	n1822 -> n1823
	n1815 -> n1825
	n1825 -> n1826
	n1815 -> n1832
	n1832 -> n2027
	n2027 -> n2028
	n1815 -> n2041
	n2041 -> n2043
	n2043 -> n2044
	n2044 -> n2045
	n1815 -> n2054
	n2054 -> n2055
	n1815 -> n2106
	n2106 -> n2109
	n2109 -> n1803
	n1814 -> n1816
	n1816 -> n1817
	n1816 -> n1823
	n1814 [label=<<i>self_parent_comment.try</i>> color=crimson shape=doubleoctagon]; 
	n1815 []
	n1818 [label = <<i>u.id</i>> ]
	n1821 []
	n1822 []
	n1823 []
	n1825 [label = <<i>u.email_replies?</i>> ]
	n1826 []
	n1832 [label = <<i>EmailReply.reply</i>> ]
	n2027 [label = <<i>EmailReply_reply(self,u).deliver</i>> ]
	n2028 []
	n2041 [label = <<i>u.email</i>> ]
	n2043 []
	n2044 [label = <<i>Rails_logger.error</i>> ]
	n2045 []
	n2054 [label = <<i>u.pushover_replies?</i>> ]
	n2055 []
	n2106 [label = <<i>u.pushover!</i>> ]
	n2109 []
	n1803 [label = <<i>self.deliver_reply_notifications</i>> ]
	n1816 []
	n1817 []
}

digraph CommentsController_undelete_backward_70183340186800 {
	n1813 -> n1814
	n1805 -> n1813
	n1814 [label=<<i>self_parent_comment.try</i>> color=crimson shape=doubleoctagon]; 
	n1813 [label = <<i>self.parent_comment</i>> ]
	n1805 []
}

digraph CommentsController_undelete_forward_70183352493200 {
	n1937 -> n1938
	n1937 [label=<<i>comment.new_record?</i>> color=blue shape=doubleoctagon]; 
	n1938 []
}

digraph CommentsController_undelete_backward_70183352493200 {
	n1937 [label=<<i>comment.new_record?</i>> color=blue shape=doubleoctagon]; 
}

digraph CommentsController_undelete_forward_70183327981420 {
	n2135 -> n2136
	n2136 -> n2137
	n2137 -> n2140
	n2140 -> n2143
	n2143 -> n2144
	n2137 -> n2150
	n2150 -> n2151
	n2137 -> n2157
	n2157 -> n2158
	n2158 -> n2159
	n2137 -> n2172
	n2172 -> n2174
	n2174 -> n2175
	n2175 -> n2176
	n2137 -> n2185
	n2185 -> n2186
	n2137 -> n2210
	n2210 -> n2213
	n2136 -> n2138
	n2135 [label=<<i>User.where</i>> color=crimson shape=doubleoctagon]; 
	n2136 [label = <<i>User_where(username=Imention).first</i>> color=coral1 ]
	n2137 []
	n2140 [label = <<i>u.id</i>> ]
	n2143 []
	n2144 []
	n2150 [label = <<i>u.email_mentions?</i>> ]
	n2151 []
	n2157 [label = <<i>EmailReply.mention</i>> ]
	n2158 [label = <<i>EmailReply_mention(self,u).deliver</i>> ]
	n2159 []
	n2172 [label = <<i>u.email</i>> ]
	n2174 []
	n2175 [label = <<i>Rails_logger.error</i>> ]
	n2176 []
	n2185 [label = <<i>u.pushover_mentions?</i>> ]
	n2186 []
	n2210 [label = <<i>u.pushover!</i>> ]
	n2213 []
	n2138 []
}

digraph CommentsController_undelete_backward_70183327981420 {
	n2133 -> n2135
	n2134 -> n2135
	n2129 -> n2134
	n2135 [label=<<i>User.where</i>> color=crimson shape=doubleoctagon]; 
	n2133 []
	n2134 []
	n2129 []
}

digraph CommentsController_undelete_forward_70183327996860 {
	n2136 -> n2137
	n2137 -> n2140
	n2140 -> n2143
	n2143 -> n2144
	n2137 -> n2150
	n2150 -> n2151
	n2137 -> n2157
	n2157 -> n2158
	n2158 -> n2159
	n2137 -> n2172
	n2172 -> n2174
	n2174 -> n2175
	n2175 -> n2176
	n2137 -> n2185
	n2185 -> n2186
	n2137 -> n2210
	n2210 -> n2213
	n2136 -> n2138
	n2136 [label=<<i>User_where(username=Imention).first</i>> color=crimson shape=doubleoctagon]; 
	n2137 []
	n2140 [label = <<i>u.id</i>> ]
	n2143 []
	n2144 []
	n2150 [label = <<i>u.email_mentions?</i>> ]
	n2151 []
	n2157 [label = <<i>EmailReply.mention</i>> ]
	n2158 [label = <<i>EmailReply_mention(self,u).deliver</i>> ]
	n2159 []
	n2172 [label = <<i>u.email</i>> ]
	n2174 []
	n2175 [label = <<i>Rails_logger.error</i>> ]
	n2176 []
	n2185 [label = <<i>u.pushover_mentions?</i>> ]
	n2186 []
	n2210 [label = <<i>u.pushover!</i>> ]
	n2213 []
	n2138 []
}

digraph CommentsController_undelete_backward_70183327996860 {
	n2135 -> n2136
	n2133 -> n2135
	n2134 -> n2135
	n2129 -> n2134
	n2136 [label=<<i>User_where(username=Imention).first</i>> color=crimson shape=doubleoctagon]; 
	n2135 [label = <<i>User.where</i>> color=coral1 ]
	n2133 []
	n2134 []
	n2129 []
}

digraph CommentsController_undelete_forward_70183329159540 {
	n2410 -> n2411
	n2411 -> n2412
	n2412 -> n2413
	n2410 [label=<<i>obj_current_vote.try</i>> color=blue shape=doubleoctagon]; 
	n2411 [label = <<i>obj_current_vote_try(vote).to_i</i>> ]
	n2412 []
	n2413 []
}

digraph CommentsController_undelete_backward_70183329159540 {
	n2409 -> n2410
	n2359 -> n2409
	n2410 [label=<<i>obj_current_vote.try</i>> color=blue shape=doubleoctagon]; 
	n2409 [label = <<i>obj.current_vote</i>> ]
	n2359 []
}

digraph CommentsController_undelete_forward_70183338678060 {
	n2743 -> n2744
	n2744 -> n2745
	n2745 -> n2746
	n2745 -> n2751
	n2751 -> n2752
	n2743 [label=<<i>@user.try</i>> color=blue shape=doubleoctagon]; 
	n2744 []
	n2745 []
	n2746 []
	n2751 []
	n2752 []
}

digraph CommentsController_undelete_backward_70183338678060 {
	n2742 -> n2743
	n2251 -> n2742
	n2720 -> n2742
	n2251 -> n2720
	n2673 -> n2720
	n2251 -> n2673
	n2623 -> n2673
	n2251 -> n2623
	n2445 -> n2623
	n2251 -> n2445
	n2443 -> n2445
	n2251 -> n2443
	n2437 -> n2443
	n2251 -> n2437
	n2351 -> n2437
	n2251 -> n2351
	n2349 -> n2351
	n2251 -> n2349
	n2335 -> n2349
	n2251 -> n2335
	n425 -> n2335
	n336 -> n425
	n379 -> n425
	n336 -> n379
	n2349 -> n2437
	n2443 -> n2623
	n2683 -> n2720
	n2251 -> n2683
	n2673 -> n2683
	n2623 -> n2683
	n2623 -> n2720
	n2743 [label=<<i>@user.try</i>> color=blue shape=doubleoctagon]; 
	n2742 []
	n2251 []
	n2720 []
	n2673 []
	n2623 []
	n2445 []
	n2443 []
	n2437 []
	n2351 []
	n2349 []
	n2335 []
	n425 []
	n336 []
	n379 []
	n2683 []
}

digraph CommentsController_undelete_forward_70183338706380 {
	n2749 -> n2750
	n2750 -> n2751
	n2751 -> n2752
	n2749 [label=<<i>@user.try</i>> color=blue shape=doubleoctagon]; 
	n2750 []
	n2751 []
	n2752 []
}

digraph CommentsController_undelete_backward_70183338706380 {
	n2747 -> n2749
	n2251 -> n2747
	n2742 -> n2747
	n2251 -> n2742
	n2720 -> n2742
	n2251 -> n2720
	n2673 -> n2720
	n2251 -> n2673
	n2623 -> n2673
	n2251 -> n2623
	n2445 -> n2623
	n2251 -> n2445
	n2443 -> n2445
	n2251 -> n2443
	n2437 -> n2443
	n2251 -> n2437
	n2351 -> n2437
	n2251 -> n2351
	n2349 -> n2351
	n2251 -> n2349
	n2335 -> n2349
	n2251 -> n2335
	n425 -> n2335
	n336 -> n425
	n379 -> n425
	n336 -> n379
	n2349 -> n2437
	n2443 -> n2623
	n2683 -> n2720
	n2251 -> n2683
	n2673 -> n2683
	n2623 -> n2683
	n2623 -> n2720
	n2720 -> n2747
	n2748 -> n2749
	n2749 [label=<<i>@user.try</i>> color=blue shape=doubleoctagon]; 
	n2747 []
	n2251 []
	n2742 []
	n2720 []
	n2673 []
	n2623 []
	n2445 []
	n2443 []
	n2437 []
	n2351 []
	n2349 []
	n2335 []
	n425 []
	n336 []
	n379 []
	n2683 []
	n2748 []
}

digraph CommentsController_undelete_forward_70183338823840 {
	n2768 -> n2769
	n2768 [label=<<i>Vote.where</i>> color=blue shape=doubleoctagon]; 
	n2769 [label = <<i>Vote_where(comment_id=Iself_id).each</i>> ]
}

digraph CommentsController_undelete_backward_70183338823840 {
	n2765 -> n2768
	n2767 -> n2768
	n2766 -> n2767
	n2756 -> n2766
	n2768 [label=<<i>Vote.where</i>> color=blue shape=doubleoctagon]; 
	n2765 []
	n2767 []
	n2766 [label = <<i>self.id</i>> ]
	n2756 []
}

digraph CommentsController_undelete_forward_70183339114920 {
	n2828 -> n2829
	n2829 -> n2754
	n2754 -> n2831
	n2828 [label=<<i>r_counts_keys_sort_map{|k|k==""?"+#{r_counts[k]}""#{r_counts[k]}#{VoteCOMMENT_REASONS[k]}"}.join</i>> color=blue shape=doubleoctagon]; 
	n2829 []
	n2754 [label = <<i>comment.vote_summary</i>> ]
	n2831 [label = <<i>comment_vote_summary.downcase</i>> ]
}

digraph CommentsController_undelete_backward_70183339114920 {
	n2798 -> n2828
	n2756 -> n2798
	n2797 -> n2798
	n2796 -> n2797
	n2763 -> n2796
	n2762 -> n2763
	n2827 -> n2828
	n2828 [label=<<i>r_counts_keys_sort_map{|k|k==""?"+#{r_counts[k]}""#{r_counts[k]}#{VoteCOMMENT_REASONS[k]}"}.join</i>> color=blue shape=doubleoctagon]; 
	n2798 [label = <<i>r_counts_keys_sort.map</i>> ]
	n2756 []
	n2797 [label = <<i>r_counts_keys.sort</i>> ]
	n2796 [label = <<i>r_counts.keys</i>> ]
	n2763 []
	n2762 []
	n2827 []
}

digraph CommentsController_undelete_forward_70183331367900 {
	n2917 -> n2918
	n2918 -> n2919
	n2919 -> n2920
	n2920 -> n2922
	n2922 -> n2929
	n2929 -> n2930
	n2930 -> n2904
	n2904 -> n2940
	n2917 [label=<<i>self_moderation_try(moderator).try</i>> color=blue shape=doubleoctagon]; 
	n2918 [label = <<i>self_moderation_try(moderator).try</i>> color=coral1 ]
	n2919 [label = <<i>%v_7.to_s</i>> ]
	n2920 []
	n2922 []
	n2929 []
	n2930 []
	n2904 [label = <<i>comment.gone_text</i>> ]
	n2940 []
}

digraph CommentsController_undelete_backward_70183331367900 {
	n2916 -> n2917
	n2906 -> n2916
	n2917 [label=<<i>self_moderation_try(moderator).try</i>> color=blue shape=doubleoctagon]; 
	n2916 [label = <<i>self.moderation</i>> ]
	n2906 []
}

digraph CommentsController_undelete_forward_70183331366140 {
	n2918 -> n2919
	n2919 -> n2920
	n2920 -> n2922
	n2922 -> n2929
	n2929 -> n2930
	n2930 -> n2904
	n2904 -> n2940
	n2918 [label=<<i>self_moderation_try(moderator).try</i>> color=blue shape=doubleoctagon]; 
	n2919 [label = <<i>%v_7.to_s</i>> ]
	n2920 []
	n2922 []
	n2929 []
	n2930 []
	n2904 [label = <<i>comment.gone_text</i>> ]
	n2940 []
}

digraph CommentsController_undelete_backward_70183331366140 {
	n2917 -> n2918
	n2916 -> n2917
	n2906 -> n2916
	n2918 [label=<<i>self_moderation_try(moderator).try</i>> color=blue shape=doubleoctagon]; 
	n2917 [label = <<i>self_moderation_try(moderator).try</i>> color=coral1 ]
	n2916 [label = <<i>self.moderation</i>> ]
	n2906 []
}

digraph CommentsController_undelete_forward_70183331385300 {
	n2925 -> n2926
	n2925 -> n2929
	n2929 -> n2930
	n2930 -> n2904
	n2904 -> n2940
	n2925 [label=<<i>self_moderation_try(moderator).try</i>> color=blue shape=doubleoctagon]; 
	n2926 []
	n2929 []
	n2930 []
	n2904 [label = <<i>comment.gone_text</i>> ]
	n2940 []
}

digraph CommentsController_undelete_backward_70183331385300 {
	n2924 -> n2925
	n2906 -> n2924
	n2925 [label=<<i>self_moderation_try(moderator).try</i>> color=blue shape=doubleoctagon]; 
	n2924 [label = <<i>self.moderation</i>> ]
	n2906 []
}

