digraph CommentsController_index_forward_70174509326520 {
	n18 -> n19
	n19 -> n20
	n20 -> n23
	n23 -> n49
	n49 -> n50
	n20 -> n52
	n52 -> n57
	n57 -> n58
	n58 -> n63
	n63 -> n64
	n57 -> n60
	n60 -> n61
	n61 -> n63
	n52 -> n60
	n19 -> n21
	n21 -> n22
	n21 -> n50
	n18 [label=<<i>User.where</i>> color=crimson shape=doubleoctagon]; 
	n19 [label = <<i>User_where(session_token=Isession[u]_to_s).first</i>> color=coral1 ]
	n20 []
	n23 [label = <<i>user.is_active?</i>> ]
	n49 []
	n50 []
	n52 []
	n57 []
	n58 [label = <<i>@user.id</i>> ]
	n63 []
	n64 [label = <<i>Rails_logger.info</i>> ]
	n60 []
	n61 [label = <<i>@user.username</i>> ]
	n21 []
	n22 []
}

digraph CommentsController_index_backward_70174509326520 {
	n13 -> n18
	n17 -> n18
	n16 -> n17
	n15 -> n16
	n14 -> n15
	n3 -> n14
	n18 [label=<<i>User.where</i>> color=crimson shape=doubleoctagon]; 
	n13 []
	n17 []
	n16 [label = <<i>session[u].to_s</i>> ]
	n15 []
	n14 [label = <<i>self.session</i>> ]
	n3 []
}

digraph CommentsController_index_forward_70174509316980 {
	n19 -> n20
	n20 -> n23
	n23 -> n49
	n49 -> n50
	n20 -> n52
	n52 -> n57
	n57 -> n58
	n58 -> n63
	n63 -> n64
	n57 -> n60
	n60 -> n61
	n61 -> n63
	n52 -> n60
	n19 -> n21
	n21 -> n22
	n21 -> n50
	n19 [label=<<i>User_where(session_token=Isession[u]_to_s).first</i>> color=crimson shape=doubleoctagon]; 
	n20 []
	n23 [label = <<i>user.is_active?</i>> ]
	n49 []
	n50 []
	n52 []
	n57 []
	n58 [label = <<i>@user.id</i>> ]
	n63 []
	n64 [label = <<i>Rails_logger.info</i>> ]
	n60 []
	n61 [label = <<i>@user.username</i>> ]
	n21 []
	n22 []
}

digraph CommentsController_index_backward_70174509316980 {
	n18 -> n19
	n13 -> n18
	n17 -> n18
	n16 -> n17
	n15 -> n16
	n14 -> n15
	n3 -> n14
	n19 [label=<<i>User_where(session_token=Isession[u]_to_s).first</i>> color=crimson shape=doubleoctagon]; 
	n18 [label = <<i>User.where</i>> color=coral1 ]
	n13 []
	n17 []
	n16 [label = <<i>session[u].to_s</i>> ]
	n15 []
	n14 [label = <<i>self.session</i>> ]
	n3 []
}

digraph CommentsController_index_forward_70174509200360 {
	n122 [label=<<i>Keystore.transaction</i>> color=crimson shape=doubleoctagon]; 
}

digraph CommentsController_index_backward_70174509200360 {
	n121 -> n122
	n72 -> n122
	n122 [label=<<i>Keystore.transaction</i>> color=crimson shape=doubleoctagon]; 
	n121 []
	n72 []
}

digraph CommentsController_index_forward_70174509168620 {
	n156 -> n158
	n158 -> n159
	n159 -> n160
	n160 -> n164
	n159 -> n162
	n156 [label=<<i>self.lock</i>> color=crimson shape=doubleoctagon]; 
	n158 [label = <<i>self_lock(true).where</i>> color=coral1 ]
	n159 [label = <<i>%cl_1_5.first</i>> ]
	n160 []
	n164 []
	n162 []
}

digraph CommentsController_index_backward_70174509168620 {
	n151 -> n156
	n156 [label=<<i>self.lock</i>> color=crimson shape=doubleoctagon]; 
	n151 []
}

digraph CommentsController_index_forward_70174509166960 {
	n158 -> n159
	n159 -> n160
	n160 -> n164
	n159 -> n162
	n158 [label=<<i>self_lock(true).where</i>> color=crimson shape=doubleoctagon]; 
	n159 [label = <<i>%cl_1_5.first</i>> ]
	n160 []
	n164 []
	n162 []
}

digraph CommentsController_index_backward_70174509166960 {
	n156 -> n158
	n151 -> n156
	n157 -> n158
	n158 [label=<<i>self_lock(true).where</i>> color=crimson shape=doubleoctagon]; 
	n156 [label = <<i>self.lock</i>> color=coral1 ]
	n151 []
	n157 []
}

digraph CommentsController_index_forward_70174509147480 {
	n182 -> n187
	n182 [label=<<i>kv.save!</i>> color=crimson shape=doubleoctagon]; 
	n187 []
}

digraph CommentsController_index_backward_70174509147480 {
	n178 -> n182
	n174 -> n178
	n180 -> n182
	n178 -> n180
	n182 [label=<<i>kv.save!</i>> color=crimson shape=doubleoctagon]; 
	n178 []
	n174 []
	n180 []
}

digraph CommentsController_index_forward_70174509135840 {
	n185 [label=<<i>self.where</i>> color=crimson shape=doubleoctagon]; 
}

digraph CommentsController_index_backward_70174509135840 {
	n185 [label=<<i>self.where</i>> color=crimson shape=doubleoctagon]; 
}

digraph CommentsController_index_forward_70174509055060 {
	n255 [label=<<i>traffic_kv.save!</i>> color=crimson shape=doubleoctagon]; 
}

digraph CommentsController_index_backward_70174509055060 {
	n228 -> n255
	n227 -> n228
	n226 -> n227
	n225 -> n227
	n253 -> n255
	n228 -> n253
	n233 -> n253
	n232 -> n233
	n231 -> n232
	n230 -> n231
	n227 -> n230
	n242 -> n253
	n241 -> n242
	n233 -> n241
	n240 -> n241
	n239 -> n240
	n238 -> n239
	n237 -> n239
	n236 -> n237
	n235 -> n236
	n223 -> n235
	n136 -> n223
	n131 -> n136
	n130 -> n131
	n129 -> n130
	n134 -> n136
	n135 -> n136
	n218 -> n136
	n149 -> n218
	n139 -> n149
	n218 -> n136
	n221 -> n136
	n220 -> n221
	n219 -> n220
	n132 -> n236
	n131 -> n132
	n248 -> n253
	n247 -> n248
	n246 -> n247
	n245 -> n246
	n244 -> n245
	n241 -> n244
	n255 [label=<<i>traffic_kv.save!</i>> color=crimson shape=doubleoctagon]; 
	n228 []
	n227 [label = <<i>Keystore.find_or_create_key_for_update</i>> ]
	n226 []
	n225 []
	n253 []
	n233 []
	n232 []
	n231 [label = <<i>%cl_1_12.to_i</i>> ]
	n230 [label = <<i>%cl_1_11.value</i>> ]
	n242 []
	n241 []
	n240 [label = <<i>Time_now.to_i</i>> ]
	n239 []
	n238 []
	n237 []
	n236 []
	n235 [label = <<i>date_kv.value</i>> ]
	n223 []
	n136 [label = <<i>Keystore.find_or_create_key_for_update</i>> ]
	n131 [label = <<i>Time_now.to_i</i>> ]
	n130 [label = <<i>Time.now</i>> ]
	n129 []
	n134 []
	n135 []
	n218 []
	n149 [label = <<i>self.loop</i>> ]
	n139 []
	n221 []
	n220 []
	n219 []
	n132 []
	n248 []
	n247 [label = <<i>[[100,traffic]_max,10000].min</i>> ]
	n246 []
	n245 [label = <<i>[100,traffic].max</i>> ]
	n244 []
}

digraph CommentsController_index_forward_70174509051960 {
	n259 [label=<<i>date_kv.save!</i>> color=crimson shape=doubleoctagon]; 
}

digraph CommentsController_index_backward_70174509051960 {
	n223 -> n259
	n136 -> n223
	n131 -> n136
	n130 -> n131
	n129 -> n130
	n134 -> n136
	n135 -> n136
	n218 -> n136
	n149 -> n218
	n139 -> n149
	n218 -> n136
	n221 -> n136
	n220 -> n221
	n219 -> n220
	n257 -> n259
	n223 -> n257
	n132 -> n257
	n131 -> n132
	n259 [label=<<i>date_kv.save!</i>> color=crimson shape=doubleoctagon]; 
	n223 []
	n136 [label = <<i>Keystore.find_or_create_key_for_update</i>> ]
	n131 [label = <<i>Time_now.to_i</i>> ]
	n130 [label = <<i>Time.now</i>> ]
	n129 []
	n134 []
	n135 []
	n218 []
	n149 [label = <<i>self.loop</i>> ]
	n139 []
	n221 []
	n220 []
	n219 []
	n257 []
	n132 []
}

digraph CommentsController_index_forward_70174508999860 {
	n307 -> n308
	n308 -> n309
	n308 -> n310
	n310 -> n278
	n307 [label=<<i>User.where</i>> color=crimson shape=doubleoctagon]; 
	n308 [label = <<i>User_where(rss_token=Iparams[token]_to_s).first</i>> color=coral1 ]
	n309 []
	n310 []
	n278 [label = <<i>self.find_user_from_rss_token</i>> ]
}

digraph CommentsController_index_backward_70174508999860 {
	n302 -> n307
	n306 -> n307
	n305 -> n306
	n304 -> n305
	n303 -> n304
	n307 [label=<<i>User.where</i>> color=crimson shape=doubleoctagon]; 
	n302 []
	n306 []
	n305 [label = <<i>params[token].to_s</i>> ]
	n304 []
	n303 [label = <<i>self.params</i>> color=cyan3 ]
}

digraph CommentsController_index_forward_70174508990200 {
	n308 -> n309
	n308 -> n310
	n310 -> n278
	n308 [label=<<i>User_where(rss_token=Iparams[token]_to_s).first</i>> color=crimson shape=doubleoctagon]; 
	n309 []
	n310 []
	n278 [label = <<i>self.find_user_from_rss_token</i>> ]
}

digraph CommentsController_index_backward_70174508990200 {
	n307 -> n308
	n302 -> n307
	n306 -> n307
	n305 -> n306
	n304 -> n305
	n303 -> n304
	n308 [label=<<i>User_where(rss_token=Iparams[token]_to_s).first</i>> color=crimson shape=doubleoctagon]; 
	n307 [label = <<i>User.where</i>> color=coral1 ]
	n302 []
	n306 []
	n305 [label = <<i>params[token].to_s</i>> ]
	n304 []
	n303 [label = <<i>self.params</i>> color=cyan3 ]
}

digraph CommentsController_index_forward_70174508919280 {
	n389 -> n391
	n391 -> n397
	n397 -> n399
	n399 -> n400
	n400 -> n401
	n401 -> n406
	n406 -> n412
	n406 -> n413
	n413 -> n418
	n418 -> n419
	n419 -> n433
	n433 -> n477
	n477 -> n488
	n488 -> n490
	n490 -> n491
	n488 -> n493
	n493 -> n495
	n495 -> n496
	n495 -> n499
	n418 -> n479
	n479 -> n480
	n413 -> n479
	n406 -> n418
	n406 -> n479
	n389 [label=<<i>Comment.where</i>> color=crimson shape=doubleoctagon]; 
	n391 [label = <<i>Comment_where(is_deleted=Ifalse,is_moderated=Ifalse).order</i>> color=coral1 ]
	n397 [label = <<i>%v_29.offset</i>> ]
	n399 [label = <<i>%v_34.limit</i>> ]
	n400 [label = <<i>%v_36.includes</i>> ]
	n401 []
	n406 []
	n412 [label = <<i>Comment.where</i>> color=coral1 ]
	n413 []
	n418 []
	n419 [label = <<i>@comments.map</i>> ]
	n433 [label = <<i>Vote.comment_votes_by_user_for_comment_ids_hash</i>> ]
	n477 []
	n488 []
	n490 []
	n491 []
	n493 []
	n495 []
	n496 []
	n499 []
	n479 []
	n480 [label = <<i>@comments.each</i>> ]
}

digraph CommentsController_index_backward_70174508919280 {
	n387 -> n389
	n388 -> n389
	n389 [label=<<i>Comment.where</i>> color=crimson shape=doubleoctagon]; 
	n387 []
	n388 []
}

digraph CommentsController_index_forward_70174508917460 {
	n391 -> n397
	n397 -> n399
	n399 -> n400
	n400 -> n401
	n401 -> n406
	n406 -> n412
	n406 -> n413
	n413 -> n418
	n418 -> n419
	n419 -> n433
	n433 -> n477
	n477 -> n488
	n488 -> n490
	n490 -> n491
	n488 -> n493
	n493 -> n495
	n495 -> n496
	n495 -> n499
	n418 -> n479
	n479 -> n480
	n413 -> n479
	n406 -> n418
	n406 -> n479
	n391 [label=<<i>Comment_where(is_deleted=Ifalse,is_moderated=Ifalse).order</i>> color=crimson shape=doubleoctagon]; 
	n397 [label = <<i>%v_29.offset</i>> ]
	n399 [label = <<i>%v_34.limit</i>> ]
	n400 [label = <<i>%v_36.includes</i>> ]
	n401 []
	n406 []
	n412 [label = <<i>Comment.where</i>> color=coral1 ]
	n413 []
	n418 []
	n419 [label = <<i>@comments.map</i>> ]
	n433 [label = <<i>Vote.comment_votes_by_user_for_comment_ids_hash</i>> ]
	n477 []
	n488 []
	n490 []
	n491 []
	n493 []
	n495 []
	n496 []
	n499 []
	n479 []
	n480 [label = <<i>@comments.each</i>> ]
}

digraph CommentsController_index_backward_70174508917460 {
	n389 -> n391
	n387 -> n389
	n388 -> n389
	n390 -> n391
	n391 [label=<<i>Comment_where(is_deleted=Ifalse,is_moderated=Ifalse).order</i>> color=crimson shape=doubleoctagon]; 
	n389 [label = <<i>Comment.where</i>> color=coral1 ]
	n387 []
	n388 []
	n390 []
}

digraph CommentsController_index_forward_70174508888660 {
	n412 [label=<<i>Comment.where</i>> color=crimson shape=doubleoctagon]; 
}

digraph CommentsController_index_backward_70174508888660 {
	n406 -> n412
	n336 -> n406
	n401 -> n406
	n336 -> n401
	n400 -> n401
	n399 -> n400
	n398 -> n399
	n397 -> n399
	n391 -> n397
	n389 -> n391
	n387 -> n389
	n388 -> n389
	n390 -> n391
	n396 -> n397
	n394 -> n396
	n393 -> n394
	n336 -> n393
	n383 -> n393
	n382 -> n383
	n381 -> n382
	n380 -> n381
	n336 -> n383
	n372 -> n383
	n336 -> n372
	n372 -> n393
	n395 -> n396
	n409 -> n412
	n407 -> n409
	n408 -> n409
	n411 -> n412
	n410 -> n411
	n336 -> n410
	n404 -> n410
	n336 -> n404
	n354 -> n404
	n336 -> n354
	n351 -> n354
	n336 -> n351
	n351 -> n404
	n412 [label=<<i>Comment.where</i>> color=crimson shape=doubleoctagon]; 
	n406 []
	n336 []
	n401 []
	n400 [label = <<i>%v_36.includes</i>> ]
	n399 [label = <<i>%v_34.limit</i>> ]
	n398 []
	n397 [label = <<i>%v_29.offset</i>> ]
	n391 [label = <<i>Comment_where(is_deleted=Ifalse,is_moderated=Ifalse).order</i>> color=coral1 ]
	n389 [label = <<i>Comment.where</i>> color=coral1 ]
	n387 []
	n388 []
	n390 []
	n396 []
	n394 []
	n393 []
	n383 []
	n382 [label = <<i>params[page].to_i</i>> ]
	n381 []
	n380 [label = <<i>self.params</i>> color=cyan3 ]
	n372 []
	n395 []
	n409 []
	n407 []
	n408 []
	n411 [label = <<i>@user.id</i>> ]
	n410 []
	n404 []
	n354 []
	n351 []
}

digraph CommentsController_index_forward_70174508853820 {
	n451 -> n452
	n451 -> n455
	n455 -> n475
	n475 -> n433
	n433 -> n477
	n477 -> n488
	n488 -> n490
	n490 -> n491
	n488 -> n493
	n493 -> n495
	n495 -> n496
	n495 -> n499
	n451 [label=<<i>self.where</i>> color=crimson shape=doubleoctagon]; 
	n452 []
	n455 []
	n475 []
	n433 [label = <<i>Vote.comment_votes_by_user_for_comment_ids_hash</i>> ]
	n477 []
	n488 []
	n490 []
	n491 []
	n493 []
	n495 []
	n496 []
	n499 []
}

digraph CommentsController_index_backward_70174508853820 {
	n436 -> n451
	n450 -> n451
	n442 -> n450
	n441 -> n450
	n451 [label=<<i>self.where</i>> color=crimson shape=doubleoctagon]; 
	n436 []
	n450 []
	n442 []
	n441 []
}

