SET IRMethod, name = index
BB 1
	outgoing: 3 2 
	datadep: 
	instructions:
BB 2
	outgoing: 3 
	datadep: 
	instructions:
		 0: def_%self 
		 1: def_%v_0 
		 2: COPY def_%current_scope 
		 3: COPY def_%current_module 
		 4: 
		 5: 
		 6: (Group) def_%v_3 
		 7: %v_3->order def_%v_4 %v_3[2.6,] 	 ARGS:Symbol,
		 8: ATTRASSIGN %self->groups %v_4[2.7,] 
		 9: 
		 10: %self->t def_%v_5 %self[2.0,2.8,] 	 ARGS:Symbol,
		 11: %self->content_for def_%v_6 %self[2.0,2.8,2.10,] %v_5[2.10,] 	 ARGS:Symbol,%v_5,
		 12: 
		 13: %self->content_for def_%v_7 %self[2.0,2.8,2.10,2.11,] 	 ARGS:Symbol,
		 14: 
		 15: COPY def_%v_8 
		 16: %self->t def_%v_9 %self[2.0,2.8,2.10,2.11,2.13,] 	 ARGS:Symbol,
		 17: HASH-alt- def_%v_10 %v_9[2.16,] 
		 18: %self->image_tag def_%v_11 %self[2.0,2.8,2.10,2.11,2.13,2.16,] %v_8[2.15,] %v_10[2.17,] 	 ARGS:%v_8,%v_10,
		 19: 
		 20: %self->t def_%v_12 %self[2.0,2.8,2.10,2.11,2.13,2.16,2.18,] 	 ARGS:Symbol,
		 21: %self->new_group_path def_%v_13 %self[2.0,2.8,2.10,2.11,2.13,2.16,2.18,2.20,] 	 ARGS:
		 22: %self->link_to def_%v_14 %self[2.0,2.8,2.10,2.11,2.13,2.16,2.18,2.20,2.21,] %v_12[2.20,] %v_13[2.21,] 	 ARGS:%v_12,%v_13,
		 23: 
		 24: %self->t def_%v_15 %self[2.0,2.8,2.10,2.11,2.13,2.16,2.18,2.20,2.21,2.22,] 	 ARGS:Symbol,
		 25: 
		 26: GETFIELD %self->groups def_%v_16 %self[2.0,2.8,2.10,2.11,2.13,2.16,2.18,2.20,2.21,2.22,2.24,] 
		 27: %v_16->each def_%v_17 %v_16[2.26,] %self[2.0,2.8,2.10,2.11,2.13,2.16,2.18,2.20,2.21,2.22,2.24,] 	 ARGS:%v_16,
CLOSURE BEGIN: %self[2.0,2.8,2.10,2.11,2.13,2.16,2.18,2.20,2.21,2.22,2.24,] group[] 
BB 1
	outgoing: 9 2 
	datadep: 
	instructions:
BB 2
	outgoing: 3 
	datadep: 
	instructions:
		 0: def_%self 
		 1: def_%cl_1_0 
		 2: RECEIVEARG def_group 
		 3: COPY def_%current_scope 
		 4: COPY def_%current_module 
BB 3
	outgoing: 4 5 7 
	datadep: 
	instructions:
		 0: 
		 1: COPY def_%cl_1_3 
		 2: COPY def_%cl_1_4 
		 3: %self->cycle def_%cl_1_5 %self[2.0,] %cl_1_3[3.1,] %cl_1_4[3.2,] 	 ARGS:%cl_1_3,%cl_1_4,
		 4: 
		 5: group->admins_group? def_%cl_1_6 group[2.2,] 	 ARGS:
		 6: BRANCH %cl_1_6[3.5,] 
BB 4
	outgoing: 6 7 
	datadep: 
	instructions:
		 0: 
		 1: COPY def_%cl_1_7 
		 2: %self->image_tag def_%cl_1_8 %self[2.0,] %cl_1_7[4.1,] 	 ARGS:%cl_1_7,
		 3: 
		 4: group->name def_%cl_1_9 group[2.2,] 	 ARGS:
		 5: 
BB 5
	outgoing: 7 9 
	datadep: 
	instructions:
		 0: 
		 1: COPY def_%cl_1_10 
		 2: %self->image_tag def_%cl_1_11 %self[2.0,] %cl_1_10[5.1,] 	 ARGS:%cl_1_10,
		 3: 
		 4: group->name def_%cl_1_12 group[2.2,] 	 ARGS:
		 5: 
		 6: COPY def_%cl_1_13 
		 7: %self->t def_%cl_1_14 %self[5.2,2.0,] 	 ARGS:Symbol,
		 8: HASH-alt- def_%cl_1_15 %cl_1_14[5.7,] 
		 9: %self->image_tag def_%cl_1_16 %self[5.2,5.7,2.0,] %cl_1_13[5.6,] %cl_1_15[5.8,] 	 ARGS:%cl_1_13,%cl_1_15,
		 10: %self->edit_group_path def_%cl_1_17 %self[5.2,5.7,5.9,2.0,] group[5.4,2.2,] 	 ARGS:group,
		 11: %self->t def_%cl_1_18 %self[5.2,5.7,5.9,5.10,2.0,] 	 ARGS:Symbol,
		 12: HASH-title- def_%cl_1_19 %cl_1_18[5.11,] 
		 13: %self->link_to def_%cl_1_20 %self[5.2,5.7,5.9,5.10,5.11,2.0,] %cl_1_16[5.9,] %cl_1_17[5.10,] %cl_1_19[5.12,] 	 ARGS:%cl_1_16,%cl_1_17,%cl_1_19,
		 14: 
		 15: COPY def_%cl_1_21 
		 16: %self->t def_%cl_1_22 %self[5.2,5.7,5.9,5.10,5.11,5.13,2.0,] 	 ARGS:Symbol,
		 17: HASH-alt- def_%cl_1_23 %cl_1_22[5.16,] 
		 18: %self->image_tag def_%cl_1_24 %self[5.2,5.7,5.9,5.10,5.11,5.13,5.16,2.0,] %cl_1_21[5.15,] %cl_1_23[5.17,] 	 ARGS:%cl_1_21,%cl_1_23,
		 19: %self->group_path def_%cl_1_25 %self[5.2,5.7,5.9,5.10,5.11,5.13,5.16,5.18,2.0,] group[5.4,2.2,] 	 ARGS:group,
		 20: %self->t def_%cl_1_26 %self[5.2,5.7,5.9,5.10,5.11,5.13,5.16,5.18,5.19,2.0,] 	 ARGS:Symbol,
		 21: HASH-confirm- def_%cl_1_27 %cl_1_26[5.20,] 
		 22: %self->t def_%cl_1_28 %self[5.2,5.7,5.9,5.10,5.11,5.13,5.16,5.18,5.19,5.20,2.0,] 	 ARGS:Symbol,
		 23: HASH-method-data-title- def_%cl_1_29 %cl_1_27[5.21,] %cl_1_28[5.22,] 
		 24: %self->link_to def_%cl_1_30 %self[5.2,5.7,5.9,5.10,5.11,5.13,5.16,5.18,5.19,5.20,5.22,2.0,] %cl_1_24[5.18,] %cl_1_25[5.19,] %cl_1_29[5.23,] 	 ARGS:%cl_1_24,%cl_1_25,%cl_1_29,
		 25: RETURN %cl_1_30[5.24,] %self[5.2,5.7,5.9,5.10,5.11,5.13,5.16,5.18,5.19,5.20,5.22,5.24,2.0,] 
BB 6
	outgoing: 9 
	datadep: 
	instructions:
		 0: RETURN %cl_1_9[4.4,] %self[2.0,] 
BB 7
	outgoing: 9 
	datadep: 
	instructions:
		 0: def_%cl_1_31 
		 1: def_%cl_1_32 %cl_1_31[7.0,] 
		 2: RETURN %cl_1_32[7.1,] %self[2.0,] 
BB 9
	outgoing: 
	datadep: 
	instructions:
CLOSURE END
		 28: RETURN %v_17[2.27,] %self[2.0,2.8,2.10,2.11,2.13,2.16,2.18,2.20,2.21,2.22,2.24,] 
BB 3
	outgoing: 
	datadep: 
	instructions:

SET IRMethod, name = new
BB 1
	outgoing: 3 2 
	datadep: 
	instructions:
BB 2
	outgoing: 3 
	datadep: 
	instructions:
		 0: def_%self 
		 1: def_%v_0 
		 2: COPY def_%current_scope 
		 3: COPY def_%current_module 
		 4: 
		 5: 
		 6: (Group) def_%v_3 
		 7: %v_3->new def_%v_4 %v_3[2.6,] 	 ARGS:
		 8: ATTRASSIGN %self->group %v_4[2.7,] 
		 9: 
		 10: %self->t def_%v_5 %self[2.0,2.8,] 	 ARGS:Symbol,
		 11: %self->content_for def_%v_6 %self[2.0,2.8,2.10,] %v_5[2.10,] 	 ARGS:Symbol,%v_5,
		 12: 
		 13: %self->content_for def_%v_7 %self[2.0,2.8,2.10,2.11,] 	 ARGS:Symbol,
		 14: 
		 15: GETFIELD %self->group def_%v_8 %self[2.0,2.8,2.10,2.11,2.13,] 
		 16: %self->form_for def_%v_9 %self[2.0,2.8,2.10,2.11,2.13,] %v_8[2.15,] %self[2.0,2.8,2.10,2.11,2.13,] 	 ARGS:%v_8,%self,
CLOSURE BEGIN: f[] %self[2.0,2.8,2.10,2.11,2.13,] 
BB 1
	outgoing: 6 2 
	datadep: 
	instructions:
BB 2
	outgoing: 3 
	datadep: 
	instructions:
		 0: def_%self 
		 1: def_%cl_1_0 
		 2: RECEIVEARG def_f 
		 3: COPY def_%current_scope 
		 4: COPY def_%current_module 
BB 3
	outgoing: 4 6 
	datadep: 
	instructions:
		 0: 
		 1: f->error_messages def_%cl_1_3 f[2.2,] 	 ARGS:
		 2: 
		 3: f->label def_%cl_1_4 f[3.1,2.2,] 	 ARGS:Symbol,
		 4: 
		 5: COPY def_%cl_1_5 
		 6: HASH-class- def_%cl_1_6 %cl_1_5[3.5,] 
		 7: f->text_field def_%cl_1_7 f[3.1,3.3,2.2,] %cl_1_6[3.6,] 	 ARGS:Symbol,%cl_1_6,
		 8: 
		 9: %self->t def_%cl_1_8 %self[2.0,] 	 ARGS:Symbol,
		 10: f->submit def_%cl_1_9 f[3.1,3.3,3.7,2.2,] %cl_1_8[3.9,] 	 ARGS:%cl_1_8,
		 11: 
		 12: %self->t def_%cl_1_10 %self[3.9,2.0,] 	 ARGS:Symbol,
		 13: %self->groups_url def_%cl_1_11 %self[3.9,3.12,2.0,] 	 ARGS:
		 14: %self->link_to def_%cl_1_12 %self[3.9,3.12,3.13,2.0,] %cl_1_10[3.12,] %cl_1_11[3.13,] 	 ARGS:%cl_1_10,%cl_1_11,
		 15: RETURN %cl_1_12[3.14,] %self[3.9,3.12,3.13,3.14,2.0,] 
BB 4
	outgoing: 6 
	datadep: 
	instructions:
		 0: def_%cl_1_13 
		 1: def_%cl_1_14 %cl_1_13[4.0,] 
		 2: RETURN %cl_1_14[4.1,] %self[2.0,] 
BB 6
	outgoing: 
	datadep: 
	instructions:
CLOSURE END
		 17: RETURN %v_9[2.16,] %self[2.0,2.8,2.10,2.11,2.13,2.16,] 
BB 3
	outgoing: 
	datadep: 
	instructions:

SET IRMethod, name = create
BB 1
	outgoing: 6 2 
	datadep: 
	instructions:
BB 2
	outgoing: 3 4 
	datadep: 
	instructions:
		 0: def_%self 
		 1: def_%v_0 
		 2: COPY def_%current_scope 
		 3: COPY def_%current_module 
		 4: 
		 5: 
		 6: (Group) def_%v_3 
		 7: %self->permitted_params def_%v_4 %self[2.0,] 	 ARGS:
		 8: %v_4->group def_%v_5 %v_4[2.7,] 	 ARGS:
		 9: %v_3->new def_%v_6 %v_3[2.6,] %v_5[2.8,] 	 ARGS:%v_5,
		 10: ATTRASSIGN %self->group %v_6[2.9,] 
		 11: 
		 12: GETFIELD %self->group def_%v_7 %self[2.0,2.7,2.10,] 
		 13: %v_7->save def_%v_8 %v_7[2.12,] 	 ARGS:
		 14: BRANCH %v_8[2.13,] 
BB 3
	outgoing: 6 
	datadep: 
	instructions:
		 0: 
		 1: %self->groups_url def_%v_9 %self[2.0,2.10,] 	 ARGS:
		 2: %self->redirect_to def_%v_10 %self[3.1,2.0,2.10,] %v_9[3.1,] 	 ARGS:%v_9,
		 3: RETURN %v_10[3.2,] %self[3.1,3.2,2.0,2.10,] 
BB 4
	outgoing: 6 
	datadep: 
	instructions:
		 0: 
		 1: %self->t def_%v_11 %self[2.0,2.10,] 	 ARGS:Symbol,
		 2: %self->content_for def_%v_12 %self[4.1,2.0,2.10,] %v_11[4.1,] 	 ARGS:Symbol,%v_11,
		 3: 
		 4: %self->content_for def_%v_13 %self[4.1,4.2,2.0,2.10,] 	 ARGS:Symbol,
		 5: 
		 6: GETFIELD %self->group def_%v_14 %self[4.1,4.2,4.4,2.0,2.10,] 
		 7: %self->form_for def_%v_15 %self[4.1,4.2,4.4,2.0,2.10,] %v_14[4.6,] %self[4.1,4.2,4.4,2.0,2.10,] 	 ARGS:%v_14,%self,
CLOSURE BEGIN: f[] %self[4.1,4.2,4.4,2.0,2.10,] 
BB 1
	outgoing: 6 2 
	datadep: 
	instructions:
BB 2
	outgoing: 3 
	datadep: 
	instructions:
		 0: def_%self 
		 1: def_%cl_1_0 
		 2: RECEIVEARG def_f 
		 3: COPY def_%current_scope 
		 4: COPY def_%current_module 
BB 3
	outgoing: 4 6 
	datadep: 
	instructions:
		 0: 
		 1: f->error_messages def_%cl_1_3 f[2.2,] 	 ARGS:
		 2: 
		 3: f->label def_%cl_1_4 f[3.1,2.2,] 	 ARGS:Symbol,
		 4: 
		 5: COPY def_%cl_1_5 
		 6: HASH-class- def_%cl_1_6 %cl_1_5[3.5,] 
		 7: f->text_field def_%cl_1_7 f[3.1,3.3,2.2,] %cl_1_6[3.6,] 	 ARGS:Symbol,%cl_1_6,
		 8: 
		 9: %self->t def_%cl_1_8 %self[2.0,] 	 ARGS:Symbol,
		 10: f->submit def_%cl_1_9 f[3.1,3.3,3.7,2.2,] %cl_1_8[3.9,] 	 ARGS:%cl_1_8,
		 11: 
		 12: %self->t def_%cl_1_10 %self[3.9,2.0,] 	 ARGS:Symbol,
		 13: %self->groups_url def_%cl_1_11 %self[3.9,3.12,2.0,] 	 ARGS:
		 14: %self->link_to def_%cl_1_12 %self[3.9,3.12,3.13,2.0,] %cl_1_10[3.12,] %cl_1_11[3.13,] 	 ARGS:%cl_1_10,%cl_1_11,
		 15: RETURN %cl_1_12[3.14,] %self[3.9,3.12,3.13,3.14,2.0,] 
BB 4
	outgoing: 6 
	datadep: 
	instructions:
		 0: def_%cl_1_13 
		 1: def_%cl_1_14 %cl_1_13[4.0,] 
		 2: RETURN %cl_1_14[4.1,] %self[2.0,] 
BB 6
	outgoing: 
	datadep: 
	instructions:
CLOSURE END
		 8: RETURN %v_15[4.7,] %self[4.1,4.2,4.4,4.7,2.0,2.10,] 
BB 6
	outgoing: 
	datadep: 
	instructions:

SET IRMethod, name = edit
BB 1
	outgoing: 3 2 
	datadep: 
	instructions:
BB 2
	outgoing: 3 
	datadep: 
	instructions:
		 0: def_%self 
		 1: def_%v_0 
		 2: COPY def_%current_scope 
		 3: COPY def_%current_module 
		 4: 
		 5: 
		 6: %self->t def_%v_3 %self[2.0,] 	 ARGS:Symbol,
		 7: %self->content_for def_%v_4 %self[2.0,2.6,] %v_3[2.6,] 	 ARGS:Symbol,%v_3,
		 8: 
		 9: %self->content_for def_%v_5 %self[2.0,2.6,2.7,] 	 ARGS:Symbol,
		 10: 
		 11: GETFIELD %self->group def_%v_6 %self[2.0,2.6,2.7,2.9,] 
		 12: %self->form_for def_%v_7 %self[2.0,2.6,2.7,2.9,] %v_6[2.11,] %self[2.0,2.6,2.7,2.9,] 	 ARGS:%v_6,%self,
CLOSURE BEGIN: f[] %self[2.0,2.6,2.7,2.9,] 
BB 1
	outgoing: 6 2 
	datadep: 
	instructions:
BB 2
	outgoing: 3 
	datadep: 
	instructions:
		 0: def_%self 
		 1: def_%cl_1_0 
		 2: RECEIVEARG def_f 
		 3: COPY def_%current_scope 
		 4: COPY def_%current_module 
BB 3
	outgoing: 4 6 
	datadep: 
	instructions:
		 0: 
		 1: f->error_messages def_%cl_1_3 f[2.2,] 	 ARGS:
		 2: 
		 3: f->label def_%cl_1_4 f[3.1,2.2,] 	 ARGS:Symbol,
		 4: 
		 5: COPY def_%cl_1_5 
		 6: HASH-class- def_%cl_1_6 %cl_1_5[3.5,] 
		 7: f->text_field def_%cl_1_7 f[3.1,3.3,2.2,] %cl_1_6[3.6,] 	 ARGS:Symbol,%cl_1_6,
		 8: 
		 9: %self->t def_%cl_1_8 %self[2.0,] 	 ARGS:Symbol,
		 10: f->submit def_%cl_1_9 f[3.1,3.3,3.7,2.2,] %cl_1_8[3.9,] 	 ARGS:%cl_1_8,
		 11: 
		 12: %self->t def_%cl_1_10 %self[3.9,2.0,] 	 ARGS:Symbol,
		 13: %self->groups_url def_%cl_1_11 %self[3.9,3.12,2.0,] 	 ARGS:
		 14: %self->link_to def_%cl_1_12 %self[3.9,3.12,3.13,2.0,] %cl_1_10[3.12,] %cl_1_11[3.13,] 	 ARGS:%cl_1_10,%cl_1_11,
		 15: RETURN %cl_1_12[3.14,] %self[3.9,3.12,3.13,3.14,2.0,] 
BB 4
	outgoing: 6 
	datadep: 
	instructions:
		 0: def_%cl_1_13 
		 1: def_%cl_1_14 %cl_1_13[4.0,] 
		 2: RETURN %cl_1_14[4.1,] %self[2.0,] 
BB 6
	outgoing: 
	datadep: 
	instructions:
CLOSURE END
		 13: RETURN %v_7[2.12,] %self[2.0,2.6,2.7,2.9,2.12,] 
BB 3
	outgoing: 
	datadep: 
	instructions:

SET IRMethod, name = update
BB 1
	outgoing: 6 2 
	datadep: 
	instructions:
BB 2
	outgoing: 3 4 
	datadep: 
	instructions:
		 0: def_%self 
		 1: def_%v_0 
		 2: COPY def_%current_scope 
		 3: COPY def_%current_module 
		 4: 
		 5: 
		 6: GETFIELD %self->group def_%v_3 %self[2.0,] 
		 7: %self->permitted_params def_%v_4 %self[2.0,] 	 ARGS:
		 8: %v_4->group def_%v_5 %v_4[2.7,] 	 ARGS:
		 9: %v_3->update_attributes def_%v_6 %v_3[2.6,] %v_5[2.8,] 	 ARGS:%v_5,
		 10: BRANCH %v_6[2.9,] 
BB 3
	outgoing: 6 
	datadep: 
	instructions:
		 0: 
		 1: GETFIELD %self->group def_%v_7 %self[2.0,] 
		 2: %self->edit_group_url def_%v_8 %self[2.0,] %v_7[3.1,] 	 ARGS:%v_7,
		 3: %self->t def_%v_9 %self[3.2,2.0,] 	 ARGS:Symbol,
		 4: HASH-notice- def_%v_10 %v_9[3.3,] 
		 5: %self->redirect_to def_%v_11 %self[3.2,3.3,2.0,] %v_8[3.2,] %v_10[3.4,] 	 ARGS:%v_8,%v_10,
		 6: RETURN %v_11[3.5,] %self[3.2,3.3,3.5,2.0,] 
BB 4
	outgoing: 6 
	datadep: 
	instructions:
		 0: 
		 1: %self->t def_%v_12 %self[2.0,] 	 ARGS:Symbol,
		 2: %self->content_for def_%v_13 %self[4.1,2.0,] %v_12[4.1,] 	 ARGS:Symbol,%v_12,
		 3: 
		 4: %self->content_for def_%v_14 %self[4.1,4.2,2.0,] 	 ARGS:Symbol,
		 5: 
		 6: GETFIELD %self->group def_%v_15 %self[4.1,4.2,4.4,2.0,] 
		 7: %self->form_for def_%v_16 %self[4.1,4.2,4.4,2.0,] %v_15[4.6,] %self[4.1,4.2,4.4,2.0,] 	 ARGS:%v_15,%self,
CLOSURE BEGIN: f[] %self[4.1,4.2,4.4,2.0,] 
BB 1
	outgoing: 6 2 
	datadep: 
	instructions:
BB 2
	outgoing: 3 
	datadep: 
	instructions:
		 0: def_%self 
		 1: def_%cl_1_0 
		 2: RECEIVEARG def_f 
		 3: COPY def_%current_scope 
		 4: COPY def_%current_module 
BB 3
	outgoing: 4 6 
	datadep: 
	instructions:
		 0: 
		 1: f->error_messages def_%cl_1_3 f[2.2,] 	 ARGS:
		 2: 
		 3: f->label def_%cl_1_4 f[3.1,2.2,] 	 ARGS:Symbol,
		 4: 
		 5: COPY def_%cl_1_5 
		 6: HASH-class- def_%cl_1_6 %cl_1_5[3.5,] 
		 7: f->text_field def_%cl_1_7 f[3.1,3.3,2.2,] %cl_1_6[3.6,] 	 ARGS:Symbol,%cl_1_6,
		 8: 
		 9: %self->t def_%cl_1_8 %self[2.0,] 	 ARGS:Symbol,
		 10: f->submit def_%cl_1_9 f[3.1,3.3,3.7,2.2,] %cl_1_8[3.9,] 	 ARGS:%cl_1_8,
		 11: 
		 12: %self->t def_%cl_1_10 %self[3.9,2.0,] 	 ARGS:Symbol,
		 13: %self->groups_url def_%cl_1_11 %self[3.9,3.12,2.0,] 	 ARGS:
		 14: %self->link_to def_%cl_1_12 %self[3.9,3.12,3.13,2.0,] %cl_1_10[3.12,] %cl_1_11[3.13,] 	 ARGS:%cl_1_10,%cl_1_11,
		 15: RETURN %cl_1_12[3.14,] %self[3.9,3.12,3.13,3.14,2.0,] 
BB 4
	outgoing: 6 
	datadep: 
	instructions:
		 0: def_%cl_1_13 
		 1: def_%cl_1_14 %cl_1_13[4.0,] 
		 2: RETURN %cl_1_14[4.1,] %self[2.0,] 
BB 6
	outgoing: 
	datadep: 
	instructions:
CLOSURE END
		 8: RETURN %v_16[4.7,] %self[4.1,4.2,4.4,4.7,2.0,] 
BB 6
	outgoing: 
	datadep: 
	instructions:

SET IRMethod, name = destroy
BB 1
	outgoing: 3 2 
	datadep: 
	instructions:
BB 2
	outgoing: 3 
	datadep: 
	instructions:
		 0: def_%self 
		 1: def_%v_0 
		 2: COPY def_%current_scope 
		 3: COPY def_%current_module 
		 4: 
		 5: 
		 6: GETFIELD %self->group def_%v_3 %self[2.0,] 
		 7: %v_3->destroy def_%v_4 %v_3[2.6,] 	 ARGS:
		 8: 
		 9: %self->groups_url def_%v_5 %self[2.0,] 	 ARGS:
		 10: %self->redirect_to def_%v_6 %self[2.0,2.9,] %v_5[2.9,] 	 ARGS:%v_5,
		 11: RETURN %v_6[2.10,] %self[2.0,2.9,2.10,] 
BB 3
	outgoing: 
	datadep: 
	instructions:

SET IRMethod, name = require_existing_group
BB 1
	outgoing: 14 2 
	datadep: 
	instructions:
BB 2
	outgoing: 4 
	datadep: 
	instructions:
		 0: def_%self 
		 1: def_%v_0 
		 2: COPY def_%current_scope 
		 3: COPY def_%current_module 
		 4: 
		 5: def_%v_3 
BB 4
	outgoing: 5 6 
	datadep: 
	instructions:
		 0: 
		 1: 
		 2: (Group) def_%v_6 
		 3: %self->params def_%v_7 %self[2.0,] 	 ARGS:
		 4: %v_7->[] def_%v_8 %v_7[4.3,] 	 ARGS:Symbol,
		 5: %v_6->find def_%v_9 %v_6[4.2,] %v_8[4.4,] 	 ARGS:%v_8,
		 6: ATTRASSIGN %self->group %v_9[4.5,] 
		 7: COPY def_%v_5 %v_9[4.5,] 
		 8: %v_3[2.5,] 
BB 5
	outgoing: 13 
	datadep: 
	instructions:
		 0: 
BB 6
	outgoing: 7 8 12 
	datadep: 
	instructions:
		 0: def_%v_10 
		 1: (ActiveRecord) def_%v_11 
		 2: def_%v_12 %v_11[6.1,] 
		 3: %v_12[6.2,] 
BB 7
	outgoing: 8 12 
	datadep: 
	instructions:
		 0: %v_11->const_missing def_%v_12 %v_11[6.1,] 	 ARGS:Symbol,
BB 8
	outgoing: 9 10 12 
	datadep: 
	instructions:
		 0: def_%v_13 %v_12[7.0,6.2,] %v_10[6.0,] 
		 1: BRANCH %v_13[8.0,] 
BB 9
	outgoing: 12 14 
	datadep: 
	instructions:
		 0: %v_10[6.0,] 
BB 10
	outgoing: 11 12 
	datadep: 
	instructions:
		 0: 
		 1: %self->groups_url def_%v_14 %self[4.6,2.0,] 	 ARGS:
		 2: %self->t def_%v_15 %self[10.1,4.6,2.0,] 	 ARGS:Symbol,
		 3: HASH-alert- def_%v_16 %v_15[10.2,] 
		 4: %self->redirect_to def_%v_17 %self[10.1,10.2,4.6,2.0,] %v_14[10.1,] %v_16[10.3,] 	 ARGS:%v_14,%v_16,
		 5: COPY def_%v_5 %v_17[10.4,] 
		 6: %v_3[2.5,] 
BB 11
	outgoing: 13 
	datadep: 
	instructions:
		 0: 
BB 12
	outgoing: 14 
	datadep: 
	instructions:
		 0: def_%v_18 
		 1: def_%v_19 %v_18[12.0,] %v_3[2.5,] 
		 2: %v_18[12.0,] 
BB 13
	outgoing: 14 
	datadep: 
	instructions:
		 0: RETURN %v_5[4.7,10.5,] %self[4.6,2.0,] 
BB 14
	outgoing: 
	datadep: 
	instructions:

SET IRMethod, name = require_group_isnt_admins_group
BB 1
	outgoing: 6 2 
	datadep: 
	instructions:
BB 2
	outgoing: 3 4 
	datadep: 
	instructions:
		 0: def_%self 
		 1: def_%v_0 
		 2: COPY def_%current_scope 
		 3: COPY def_%current_module 
		 4: 
		 5: 
		 6: GETFIELD %self->group def_%v_3 %self[2.0,] 
		 7: %v_3->admins_group? def_%v_4 %v_3[2.6,] 	 ARGS:
		 8: BRANCH %v_4[2.7,] 
BB 3
	outgoing: 6 
	datadep: 
	instructions:
		 0: 
		 1: %self->groups_url def_%v_5 %self[2.0,] 	 ARGS:
		 2: %self->t def_%v_6 %self[3.1,2.0,] 	 ARGS:Symbol,
		 3: HASH-alert- def_%v_7 %v_6[3.2,] 
		 4: %self->redirect_to def_%v_8 %self[3.1,3.2,2.0,] %v_5[3.1,] %v_7[3.3,] 	 ARGS:%v_5,%v_7,
		 5: RETURN %v_8[3.4,] %self[3.1,3.2,3.4,2.0,] 
BB 4
	outgoing: 6 
	datadep: 
	instructions:
		 0: RETURN %self[2.0,] 
BB 6
	outgoing: 
	datadep: 
	instructions:

