SET IRMethod, name = index
BB 1
	outgoing: 3 2 
	datadep: 
	instructions:
BB 2
	outgoing: 3 
	datadep: 
	instructions:
		 0: 
		 1: 
		 2: 
		 3: 
		 4: 
		 5: 
		 6: (ShareLink) 
		 7: %v_3->active_share_links %v_3[2.6,] 
		 8: %self[2.0,] %v_4[2.7,] @share_links[] 
		 9: 
		 10: %self->ruby_code_from_view %self[2.0,] 
		 11: %v_5->ruby_code_from_view %self[2.0,] %v_5[2.10,] 
CLOSURE BEGIN: @share_links[2.8,] 
BB 1
	outgoing: 6 2 
	datadep: 
	instructions:
BB 2
	outgoing: 3 
	datadep: 
	instructions:
		 0: 
		 1: 
		 2: 
		 3: 
		 4: 
BB 3
	outgoing: 4 6 
	datadep: 2 2 2 2 2 2 2 2 2 
	instructions:
		 0: 
		 1: %self->t %self[2.0,] 
		 2: %self->content_for %cl_1_3[3.1,] %self[2.0,] 
		 3: 
		 4: %self->content_for %self[2.0,] 
		 5: 
		 6: 
		 7: %self->t %self[2.0,] %cl_1_6[3.6,] 
		 8: 
		 9: %self->t %self[2.0,] 
		 10: 
		 11: 
		 12: %self->t %self[2.0,] %cl_1_9[3.11,] 
		 13: 
		 14: 
		 15: %self->t %self[2.0,] %cl_1_11[3.14,] 
		 16: 
		 17: %self[2.0,] @share_links[] 
		 18: %cl_1_13->each %self[2.0,] %cl_1_13[3.17,] 
CLOSURE BEGIN: @share_links[3.17,] 
BB 1
	outgoing: 6 2 
	datadep: 
	instructions:
BB 2
	outgoing: 3 
	datadep: 
	instructions:
		 0: 
		 1: 
		 2: 
		 3: 
		 4: 
BB 3
	outgoing: 4 6 
	datadep: 2 2 2 2 2 2 2 2 2 2 2 2 2 2 2 2 2 2 2 2 2 2 2 
	instructions:
		 0: 
		 1: 
		 2: 
		 3: %self->cycle %cl_2_3[3.1,] %self[2.0,] %cl_2_4[3.2,] 
		 4: 
		 5: share_link->user_file share_link[2.2,] 
		 6: %cl_2_6->extension %cl_2_6[3.5,] 
		 7: %self->file_icon %self[2.0,] %cl_2_7[3.6,] 
		 8: %self->image_tag %self[2.0,] %cl_2_8[3.7,] 
		 9: 
		 10: share_link->user_file share_link[2.2,] 
		 11: %cl_2_10->attachment_file_name %cl_2_10[3.10,] 
		 12: 
		 13: %self->truncate %self[2.0,] %cl_2_11[3.11,] %cl_2_12[3.12,] 
		 14: share_link->user_file share_link[2.2,] 
		 15: %cl_2_14->folder %cl_2_14[3.14,] 
		 16: share_link->user_file share_link[2.2,] 
		 17: %cl_2_16->attachment_file_name %cl_2_16[3.16,] 
		 18: 
		 19: share_link->user_file share_link[2.2,] 
		 20: %cl_2_19->folder %cl_2_19[3.19,] 
		 21: %cl_2_20->name %cl_2_20[3.20,] 
		 22: 
		 23: %cl_2_17[3.17,] %cl_2_18[3.18,] %cl_2_22[3.22,] %cl_2_21[3.21,] 
		 24: %cl_2_23[3.23,] 
		 25: %self->link_to %cl_2_15[3.15,] %self[2.0,] %cl_2_13[3.13,] %cl_2_24[3.24,] 
		 26: 
		 27: share_link->user share_link[2.2,] 
		 28: %cl_2_26->name %cl_2_26[3.27,] 
		 29: 
		 30: share_link->emails share_link[2.2,] 
		 31: 
		 32: share_link->emails share_link[2.2,] 
		 33: 
		 34: %self->truncate %self[2.0,] %cl_2_29[3.32,] %cl_2_30[3.33,] 
		 35: 
		 36: share_link->link_expires_at share_link[2.2,] 
		 37: 
		 38: %self->l %self[2.0,] %cl_2_33[3.37,] %cl_2_32[3.36,] 
		 39: 
		 40: 
		 41: %self->t %self[2.0,] 
		 42: %cl_2_36[3.41,] 
		 43: %self->image_tag %cl_2_37[3.42,] %self[2.0,] %cl_2_35[3.40,] 
		 44: %self->share_link_path share_link[2.2,] %self[2.0,] 
		 45: %self->t %self[2.0,] 
		 46: %cl_2_40[3.45,] 
		 47: %self->t %self[2.0,] 
		 48: %cl_2_41[3.46,] %cl_2_42[3.47,] 
		 49: %self->link_to %cl_2_38[3.43,] %self[2.0,] %cl_2_39[3.44,] %cl_2_43[3.48,] 
		 50: RETURN %cl_2_44[3.49,] 
BB 4
	outgoing: 6 
	datadep: 
	instructions:
		 0: 
		 1: %cl_2_45[4.0,] 
		 2: RETURN %cl_2_46[4.1,] 
BB 6
	outgoing: 
	datadep: 
	instructions:
CLOSURE END
		 19: RETURN %cl_1_14[3.18,] 
BB 4
	outgoing: 6 
	datadep: 
	instructions:
		 0: 
		 1: %cl_1_15[4.0,] 
		 2: RETURN %cl_1_16[4.1,] 
BB 6
	outgoing: 
	datadep: 
	instructions:
CLOSURE END
		 12: RETURN %v_6[2.11,] 
BB 3
	outgoing: 
	datadep: 
	instructions:

SET IRMethod, name = show
BB 1
	outgoing: 6 2 
	datadep: 
	instructions:
BB 2
	outgoing: 3 4 
	datadep: 
	instructions:
		 0: 
		 1: 
		 2: 
		 3: 
		 4: 
		 5: 
		 6: %self[2.0,] @file[] 
		 7: %v_3->nil? %v_3[2.6,] 
		 8: BRANCH %v_4[2.7,] 
BB 3
	outgoing: 6 
	datadep: 
	instructions:
		 0: 
		 1: RETURN %v_5[3.0,] 
BB 4
	outgoing: 6 
	datadep: 2 2 
	instructions:
		 0: %self[2.0,] @file[2.6,] 
		 1: %v_6->attachment %v_6[4.0,] 
		 2: %v_7->path %v_7[4.1,] 
		 3: @file[4.0,] 
		 4: %v_9->attachment_file_name %v_9[4.3,] 
		 5: %v_10[4.4,] 
		 6: %self->send_file %self[2.0,] %v_8[4.2,] %v_11[4.5,] 
		 7: RETURN %v_12[4.6,] 
BB 6
	outgoing: 
	datadep: 
	instructions:

SET IRMethod, name = new
BB 1
	outgoing: 3 2 
	datadep: 
	instructions:
BB 2
	outgoing: 3 
	datadep: 
	instructions:
		 0: 
		 1: 
		 2: 
		 3: 
		 4: 
		 5: 
		 6: %self[2.0,] @file[] 
		 7: %v_3->share_links %v_3[2.6,] 
		 8: %v_4->build %v_4[2.7,] 
		 9: %self[2.0,] %v_5[2.8,] @share_link[] 
		 10: 
		 11: %self->ruby_code_from_view %self[2.0,] 
		 12: %v_6->ruby_code_from_view %self[2.0,] %v_6[2.11,] 
CLOSURE BEGIN: @file[2.6,] @share_link[2.9,] 
BB 1
	outgoing: 6 2 
	datadep: 
	instructions:
BB 2
	outgoing: 3 
	datadep: 
	instructions:
		 0: 
		 1: 
		 2: 
		 3: 
		 4: 
BB 3
	outgoing: 4 6 
	datadep: 2 2 2 2 2 2 2 
	instructions:
		 0: 
		 1: %self->t %self[2.0,] 
		 2: %self->content_for %cl_1_3[3.1,] %self[2.0,] 
		 3: 
		 4: %self->content_for %self[2.0,] 
		 5: 
		 6: %self[2.0,] @file[] 
		 7: %self[2.0,] @share_link[] 
		 8: %cl_1_6[3.6,] %cl_1_7[3.7,] 
		 9: 
		 10: %cl_1_9[3.9,] 
		 11: %cl_1_10[3.10,] 
		 12: %self->form_for %self[2.0,2.0,] %cl_1_8[3.8,] %cl_1_11[3.11,] 
CLOSURE BEGIN: @file[3.6,] @share_link[3.7,] 
BB 1
	outgoing: 9 2 
	datadep: 
	instructions:
BB 2
	outgoing: 3 
	datadep: 
	instructions:
		 0: 
		 1: 
		 2: 
		 3: 
		 4: 
BB 3
	outgoing: 4 5 7 
	datadep: 2 2 2 2 2 2 2 2 2 2 2 2 2 2 
	instructions:
		 0: 
		 1: %self->t %self[2.0,] 
		 2: %cl_2_3[3.1,] 
		 3: f->error_messages %cl_2_4[3.2,] f[2.2,] 
		 4: 
		 5: %self->t %self[2.0,] 
		 6: 
		 7: %self[2.0,] @file[] 
		 8: %cl_2_7->extension %cl_2_7[3.7,] 
		 9: %self->file_icon %self[2.0,] %cl_2_8[3.8,] 
		 10: %self->image_tag %self[2.0,] %cl_2_9[3.9,] 
		 11: 
		 12: @file[3.7,] 
		 13: %cl_2_11->attachment_file_name %cl_2_11[3.12,] 
		 14: %self[2.0,] @folder[] 
		 15: %self->link_to %self[2.0,] %cl_2_13[3.14,] %cl_2_12[3.13,] 
		 16: 
		 17: %self->t %self[2.0,] 
		 18: f->label %cl_2_15[3.17,] f[2.2,] 
		 19: 
		 20: %self->t %self[2.0,] 
		 21: 
		 22: 
		 23: %cl_2_18[3.22,] 
		 24: f->text_area %cl_2_19[3.23,] f[2.2,] 
		 25: 
		 26: %self->t %self[2.0,] 
		 27: 
		 28: %self[2.0,] @share_link[] 
		 29: %cl_2_22->emails %cl_2_22[3.28,] 
		 30: %cl_2_23->nil? %cl_2_23[3.29,] 
		 31: BRANCH %cl_2_24[3.30,] 
BB 4
	outgoing: 6 
	datadep: 
	instructions:
		 0: 
		 1: 
BB 5
	outgoing: 6 7 
	datadep: 2 
	instructions:
		 0: %self[2.0,] @share_link[3.28,] 
		 1: %cl_2_26->emails %cl_2_26[5.0,] 
		 2: %cl_2_27->length %cl_2_27[5.1,] 
		 3: %cl_2_28[5.2,] 
BB 6
	outgoing: 7 9 
	datadep: 2 2 2 2 2 2 2 2 2 2 2 2 2 2 2 2 2 2 2 2 2 2 2 2 2 2 2 2 2 2 2 2 2 2 2 2 2 2 2 2 2 2 2 2 2 2 
	instructions:
		 0: 
		 1: %self->t %self[2.0,2.0,] 
		 2: f->label %cl_2_29[6.1,] f[2.2,2.2,] 
		 3: 
		 4: %self->t %self[2.0,2.0,] 
		 5: 
		 6: 
		 7: %cl_2_32[6.6,] 
		 8: f->text_area %cl_2_33[6.7,] f[2.2,2.2,] 
		 9: 
		 10: %self->t %self[2.0,2.0,] 
		 11: f->label %cl_2_35[6.10,] f[2.2,2.2,] 
		 12: 
		 13: %self->t %self[2.0,2.0,] 
		 14: 
		 15: %cl_2_38->from_now %cl_2_38[6.14,] 
		 16: %cl_2_39->end_of_day %cl_2_39[6.15,] 
		 17: %cl_2_37[6.13,] %cl_2_40[6.16,] 
		 18: %self->t %self[2.0,2.0,] 
		 19: 
		 20: %cl_2_43->from_now %cl_2_43[6.19,] 
		 21: %cl_2_44->end_of_day %cl_2_44[6.20,] 
		 22: %cl_2_45[6.21,] %cl_2_42[6.18,] 
		 23: %self->t %self[2.0,2.0,] 
		 24: 
		 25: %cl_2_48->from_now %cl_2_48[6.24,] 
		 26: %cl_2_49->end_of_day %cl_2_49[6.25,] 
		 27: %cl_2_47[6.23,] %cl_2_50[6.26,] 
		 28: %self->t %self[2.0,2.0,] 
		 29: 
		 30: %cl_2_53->from_now %cl_2_53[6.29,] 
		 31: %cl_2_54->end_of_day %cl_2_54[6.30,] 
		 32: %cl_2_52[6.28,] %cl_2_55[6.31,] 
		 33: %self->t %self[2.0,2.0,] 
		 34: 
		 35: %cl_2_58->from_now %cl_2_58[6.34,] 
		 36: %cl_2_59->end_of_day %cl_2_59[6.35,] 
		 37: %cl_2_57[6.33,] %cl_2_60[6.36,] 
		 38: %self->t %self[2.0,2.0,] 
		 39: 
		 40: %cl_2_63->from_now %cl_2_63[6.39,] 
		 41: %cl_2_64->end_of_day %cl_2_64[6.40,] 
		 42: %cl_2_62[6.38,] %cl_2_65[6.41,] 
		 43: %self->t %self[2.0,2.0,] 
		 44: 
		 45: %cl_2_68->from_now %cl_2_68[6.44,] 
		 46: %cl_2_69->end_of_day %cl_2_69[6.45,] 
		 47: %cl_2_70[6.46,] %cl_2_67[6.43,] 
		 48: %self->t %self[2.0,2.0,] 
		 49: 
		 50: %cl_2_73->from_now %cl_2_73[6.49,] 
		 51: %cl_2_74->end_of_day %cl_2_74[6.50,] 
		 52: %cl_2_72[6.48,] %cl_2_75[6.51,] 
		 53: %self->t %self[2.0,2.0,] 
		 54: 
		 55: %cl_2_78->from_now %cl_2_78[6.54,] 
		 56: %cl_2_79->end_of_day %cl_2_79[6.55,] 
		 57: %cl_2_80[6.56,] %cl_2_77[6.53,] 
		 58: %self->t %self[2.0,2.0,] 
		 59: 
		 60: %cl_2_83->from_now %cl_2_83[6.59,] 
		 61: %cl_2_84->end_of_day %cl_2_84[6.60,] 
		 62: %cl_2_85[6.61,] %cl_2_82[6.58,] 
		 63: %cl_2_46[6.22,] %cl_2_81[6.57,] %cl_2_51[6.27,] %cl_2_41[6.17,] %cl_2_71[6.47,] %cl_2_61[6.37,] %cl_2_66[6.42,] %cl_2_56[6.32,] %cl_2_86[6.62,] %cl_2_76[6.52,] 
		 64: 
		 65: %cl_2_88->from_now %cl_2_88[6.64,] 
		 66: %cl_2_89->end_of_day %cl_2_89[6.65,] 
		 67: %self->options_for_select %self[2.0,2.0,] %cl_2_90[6.66,] %cl_2_87[6.63,] 
		 68: f->select %cl_2_91[6.67,] f[2.2,2.2,] 
		 69: 
		 70: %self->t %self[2.0,2.0,] 
		 71: f->submit %cl_2_93[6.70,] f[2.2,2.2,] 
		 72: 
		 73: %self->t %self[2.0,2.0,] 
		 74: %self[2.0,2.0,] @folder[3.14,3.14,] 
		 75: %self->link_to %self[2.0,2.0,] %cl_2_95[6.73,] %cl_2_96[6.74,] 
		 76: RETURN %cl_2_97[6.75,] 
BB 7
	outgoing: 9 
	datadep: 
	instructions:
		 0: 
		 1: %cl_2_98[7.0,] 
		 2: RETURN %cl_2_99[7.1,] 
BB 9
	outgoing: 
	datadep: 
	instructions:
CLOSURE END
		 13: RETURN %cl_1_12[3.12,] 
BB 4
	outgoing: 6 
	datadep: 
	instructions:
		 0: 
		 1: %cl_1_13[4.0,] 
		 2: RETURN %cl_1_14[4.1,] 
BB 6
	outgoing: 
	datadep: 
	instructions:
CLOSURE END
		 13: RETURN %v_7[2.12,] 
BB 3
	outgoing: 
	datadep: 
	instructions:

SET IRMethod, name = create
BB 1
	outgoing: 6 2 
	datadep: 
	instructions:
BB 2
	outgoing: 3 4 
	datadep: 
	instructions:
		 0: 
		 1: 
		 2: 
		 3: 
		 4: 
		 5: 
		 6: %self[2.0,] @file[] 
		 7: %v_3->share_links %v_3[2.6,] 
		 8: %self->permitted_params %self[2.0,] 
		 9: %v_5->share_link %v_5[2.8,] 
		 10: %v_4->build %v_4[2.7,] %v_6[2.9,] 
		 11: %self[2.0,] %v_7[2.10,] @share_link[] 
		 12: 
		 13: @share_link[2.11,] 
		 14: %self->current_user %self[2.0,] 
		 15: %v_8[2.13,] %v_9[2.14,] 
		 16: 
		 17: @share_link[2.11,2.13,] 
		 18: %v_10->save %v_10[2.17,] 
		 19: BRANCH %v_11[2.18,] 
BB 3
	outgoing: 6 
	datadep: 2 2 2 2 
	instructions:
		 0: 
		 1: (UserMailer) 
		 2: %self[2.0,] @share_link[2.11,2.13,2.17,] 
		 3: %v_12->share_link_email %v_13[3.2,] %v_12[3.1,] 
		 4: %v_14->deliver_now %v_14[3.3,] 
		 5: 
		 6: %self[2.0,] @folder[] 
		 7: %self->t %self[2.0,] 
		 8: %v_17[3.7,] 
		 9: %self->redirect_to %self[2.0,] %v_16[3.6,] %v_18[3.8,] 
		 10: RETURN %v_19[3.9,] 
BB 4
	outgoing: 6 
	datadep: 2 2 
	instructions:
		 0: 
		 1: %self->ruby_code_from_view %self[2.0,] 
		 2: %v_20->ruby_code_from_view %self[2.0,] %v_20[4.1,] 
CLOSURE BEGIN: @folder[3.6,] @file[2.6,] @share_link[3.2,] 
BB 1
	outgoing: 6 2 
	datadep: 
	instructions:
BB 2
	outgoing: 3 
	datadep: 
	instructions:
		 0: 
		 1: 
		 2: 
		 3: 
		 4: 
BB 3
	outgoing: 4 6 
	datadep: 2 2 2 2 2 2 2 
	instructions:
		 0: 
		 1: %self->t %self[2.0,] 
		 2: %self->content_for %cl_1_3[3.1,] %self[2.0,] 
		 3: 
		 4: %self->content_for %self[2.0,] 
		 5: 
		 6: %self[2.0,] @file[] 
		 7: %self[2.0,] @share_link[] 
		 8: %cl_1_6[3.6,] %cl_1_7[3.7,] 
		 9: 
		 10: %cl_1_9[3.9,] 
		 11: %cl_1_10[3.10,] 
		 12: %self->form_for %self[2.0,2.0,] %cl_1_8[3.8,] %cl_1_11[3.11,] 
CLOSURE BEGIN: @file[3.6,] @share_link[3.7,] 
BB 1
	outgoing: 9 2 
	datadep: 
	instructions:
BB 2
	outgoing: 3 
	datadep: 
	instructions:
		 0: 
		 1: 
		 2: 
		 3: 
		 4: 
BB 3
	outgoing: 4 5 7 
	datadep: 2 2 2 2 2 2 2 2 2 2 2 2 2 2 
	instructions:
		 0: 
		 1: %self->t %self[2.0,] 
		 2: %cl_2_3[3.1,] 
		 3: f->error_messages %cl_2_4[3.2,] f[2.2,] 
		 4: 
		 5: %self->t %self[2.0,] 
		 6: 
		 7: %self[2.0,] @file[] 
		 8: %cl_2_7->extension %cl_2_7[3.7,] 
		 9: %self->file_icon %self[2.0,] %cl_2_8[3.8,] 
		 10: %self->image_tag %self[2.0,] %cl_2_9[3.9,] 
		 11: 
		 12: @file[3.7,] 
		 13: %cl_2_11->attachment_file_name %cl_2_11[3.12,] 
		 14: %self[2.0,] @folder[] 
		 15: %self->link_to %self[2.0,] %cl_2_13[3.14,] %cl_2_12[3.13,] 
		 16: 
		 17: %self->t %self[2.0,] 
		 18: f->label %cl_2_15[3.17,] f[2.2,] 
		 19: 
		 20: %self->t %self[2.0,] 
		 21: 
		 22: 
		 23: %cl_2_18[3.22,] 
		 24: f->text_area %cl_2_19[3.23,] f[2.2,] 
		 25: 
		 26: %self->t %self[2.0,] 
		 27: 
		 28: %self[2.0,] @share_link[] 
		 29: %cl_2_22->emails %cl_2_22[3.28,] 
		 30: %cl_2_23->nil? %cl_2_23[3.29,] 
		 31: BRANCH %cl_2_24[3.30,] 
BB 4
	outgoing: 6 
	datadep: 
	instructions:
		 0: 
		 1: 
BB 5
	outgoing: 6 7 
	datadep: 2 
	instructions:
		 0: %self[2.0,] @share_link[3.28,] 
		 1: %cl_2_26->emails %cl_2_26[5.0,] 
		 2: %cl_2_27->length %cl_2_27[5.1,] 
		 3: %cl_2_28[5.2,] 
BB 6
	outgoing: 7 9 
	datadep: 2 2 2 2 2 2 2 2 2 2 2 2 2 2 2 2 2 2 2 2 2 2 2 2 2 2 2 2 2 2 2 2 2 2 2 2 2 2 2 2 2 2 2 2 2 2 
	instructions:
		 0: 
		 1: %self->t %self[2.0,2.0,] 
		 2: f->label %cl_2_29[6.1,] f[2.2,2.2,] 
		 3: 
		 4: %self->t %self[2.0,2.0,] 
		 5: 
		 6: 
		 7: %cl_2_32[6.6,] 
		 8: f->text_area %cl_2_33[6.7,] f[2.2,2.2,] 
		 9: 
		 10: %self->t %self[2.0,2.0,] 
		 11: f->label %cl_2_35[6.10,] f[2.2,2.2,] 
		 12: 
		 13: %self->t %self[2.0,2.0,] 
		 14: 
		 15: %cl_2_38->from_now %cl_2_38[6.14,] 
		 16: %cl_2_39->end_of_day %cl_2_39[6.15,] 
		 17: %cl_2_37[6.13,] %cl_2_40[6.16,] 
		 18: %self->t %self[2.0,2.0,] 
		 19: 
		 20: %cl_2_43->from_now %cl_2_43[6.19,] 
		 21: %cl_2_44->end_of_day %cl_2_44[6.20,] 
		 22: %cl_2_45[6.21,] %cl_2_42[6.18,] 
		 23: %self->t %self[2.0,2.0,] 
		 24: 
		 25: %cl_2_48->from_now %cl_2_48[6.24,] 
		 26: %cl_2_49->end_of_day %cl_2_49[6.25,] 
		 27: %cl_2_47[6.23,] %cl_2_50[6.26,] 
		 28: %self->t %self[2.0,2.0,] 
		 29: 
		 30: %cl_2_53->from_now %cl_2_53[6.29,] 
		 31: %cl_2_54->end_of_day %cl_2_54[6.30,] 
		 32: %cl_2_52[6.28,] %cl_2_55[6.31,] 
		 33: %self->t %self[2.0,2.0,] 
		 34: 
		 35: %cl_2_58->from_now %cl_2_58[6.34,] 
		 36: %cl_2_59->end_of_day %cl_2_59[6.35,] 
		 37: %cl_2_57[6.33,] %cl_2_60[6.36,] 
		 38: %self->t %self[2.0,2.0,] 
		 39: 
		 40: %cl_2_63->from_now %cl_2_63[6.39,] 
		 41: %cl_2_64->end_of_day %cl_2_64[6.40,] 
		 42: %cl_2_62[6.38,] %cl_2_65[6.41,] 
		 43: %self->t %self[2.0,2.0,] 
		 44: 
		 45: %cl_2_68->from_now %cl_2_68[6.44,] 
		 46: %cl_2_69->end_of_day %cl_2_69[6.45,] 
		 47: %cl_2_70[6.46,] %cl_2_67[6.43,] 
		 48: %self->t %self[2.0,2.0,] 
		 49: 
		 50: %cl_2_73->from_now %cl_2_73[6.49,] 
		 51: %cl_2_74->end_of_day %cl_2_74[6.50,] 
		 52: %cl_2_72[6.48,] %cl_2_75[6.51,] 
		 53: %self->t %self[2.0,2.0,] 
		 54: 
		 55: %cl_2_78->from_now %cl_2_78[6.54,] 
		 56: %cl_2_79->end_of_day %cl_2_79[6.55,] 
		 57: %cl_2_80[6.56,] %cl_2_77[6.53,] 
		 58: %self->t %self[2.0,2.0,] 
		 59: 
		 60: %cl_2_83->from_now %cl_2_83[6.59,] 
		 61: %cl_2_84->end_of_day %cl_2_84[6.60,] 
		 62: %cl_2_85[6.61,] %cl_2_82[6.58,] 
		 63: %cl_2_46[6.22,] %cl_2_81[6.57,] %cl_2_51[6.27,] %cl_2_41[6.17,] %cl_2_71[6.47,] %cl_2_61[6.37,] %cl_2_66[6.42,] %cl_2_56[6.32,] %cl_2_86[6.62,] %cl_2_76[6.52,] 
		 64: 
		 65: %cl_2_88->from_now %cl_2_88[6.64,] 
		 66: %cl_2_89->end_of_day %cl_2_89[6.65,] 
		 67: %self->options_for_select %self[2.0,2.0,] %cl_2_90[6.66,] %cl_2_87[6.63,] 
		 68: f->select %cl_2_91[6.67,] f[2.2,2.2,] 
		 69: 
		 70: %self->t %self[2.0,2.0,] 
		 71: f->submit %cl_2_93[6.70,] f[2.2,2.2,] 
		 72: 
		 73: %self->t %self[2.0,2.0,] 
		 74: %self[2.0,2.0,] @folder[3.14,3.14,] 
		 75: %self->link_to %self[2.0,2.0,] %cl_2_95[6.73,] %cl_2_96[6.74,] 
		 76: RETURN %cl_2_97[6.75,] 
BB 7
	outgoing: 9 
	datadep: 
	instructions:
		 0: 
		 1: %cl_2_98[7.0,] 
		 2: RETURN %cl_2_99[7.1,] 
BB 9
	outgoing: 
	datadep: 
	instructions:
CLOSURE END
		 13: RETURN %cl_1_12[3.12,] 
BB 4
	outgoing: 6 
	datadep: 
	instructions:
		 0: 
		 1: %cl_1_13[4.0,] 
		 2: RETURN %cl_1_14[4.1,] 
BB 6
	outgoing: 
	datadep: 
	instructions:
CLOSURE END
		 3: RETURN %v_21[4.2,] 
BB 6
	outgoing: 
	datadep: 
	instructions:

SET IRMethod, name = destroy
BB 1
	outgoing: 3 2 
	datadep: 
	instructions:
BB 2
	outgoing: 3 
	datadep: 
	instructions:
		 0: 
		 1: 
		 2: 
		 3: 
		 4: 
		 5: 
		 6: %self[2.0,] @share_link[] 
		 7: %v_3->destroy %v_3[2.6,] 
		 8: 
		 9: %self->share_links_url %self[2.0,] 
		 10: %self->redirect_to %self[2.0,] %v_5[2.9,] 
		 11: RETURN %v_6[2.10,] 
BB 3
	outgoing: 
	datadep: 
	instructions:

SET IRMethod, name = require_existing_file
BB 1
	outgoing: 6 2 
	datadep: 
	instructions:
BB 2
	outgoing: 3 4 
	datadep: 
	instructions:
		 0: 
		 1: 
		 2: 
		 3: 
		 4: 
		 5: 
		 6: %self->params %self[2.0,] 
		 7: %v_3[2.6,] 
		 8: %v_4->blank? %v_4[2.7,] 
		 9: BRANCH %v_5[2.8,] 
BB 3
	outgoing: 5 
	datadep: 2 
	instructions:
		 0: (ShareLink) 
		 1: %self->params %self[2.0,] 
		 2: %v_7[3.1,] 
		 3: %v_6->file_for_token %v_8[3.2,] %v_6[3.0,] 
		 4: 
BB 4
	outgoing: 5 
	datadep: 2 
	instructions:
		 0: (UserFile) 
		 1: %self->params %self[2.0,] 
		 2: %v_11[4.1,] 
		 3: %v_10->find %v_10[4.0,] %v_12[4.2,] 
		 4: %v_13[4.3,] 
BB 5
	outgoing: 6 
	datadep: 2 2 4 3 2 2 
	instructions:
		 0: %self[2.0,2.0,] %v_9[4.4,3.3,] @file[] 
		 1: 
		 2: @file[5.0,] 
		 3: %v_14->folder %v_14[5.2,] 
		 4: %self[2.0,2.0,] %v_15[5.3,] @folder[] 
		 5: RETURN %v_15[5.3,] 
BB 6
	outgoing: 
	datadep: 
	instructions:

SET IRMethod, name = require_existing_share_link
BB 1
	outgoing: 14 2 
	datadep: 
	instructions:
BB 2
	outgoing: 4 
	datadep: 
	instructions:
		 0: 
		 1: 
		 2: 
		 3: 
		 4: 
		 5: 
BB 4
	outgoing: 5 6 
	datadep: 2 2 2 
	instructions:
		 0: 
		 1: 
		 2: (ShareLink) 
		 3: %self->params %self[2.0,] 
		 4: %v_7[4.3,] 
		 5: %v_6->find %v_8[4.4,] %v_6[4.2,] 
		 6: %self[2.0,] %v_9[4.5,] @share_link[] 
		 7: %v_9[4.5,] 
		 8: %v_3[2.5,] 
BB 5
	outgoing: 13 
	datadep: 
	instructions:
		 0: 
BB 6
	outgoing: 7 8 12 
	datadep: 
	instructions:
		 0: 
		 1: (ActiveRecord) 
		 2: %v_11[6.1,] 
		 3: %v_12[6.2,] 
BB 7
	outgoing: 8 12 
	datadep: 6 
	instructions:
		 0: %v_11[6.1,] 
BB 8
	outgoing: 9 10 12 
	datadep: 6 6 7 6 
	instructions:
		 0: %v_10[6.0,6.0,] %v_12[7.0,6.2,] 
		 1: BRANCH %v_13[8.0,] 
BB 9
	outgoing: 12 14 
	datadep: 6 6 
	instructions:
		 0: %v_10[6.0,6.0,] 
BB 10
	outgoing: 11 12 
	datadep: 2 2 2 2 2 2 2 2 2 2 
	instructions:
		 0: 
		 1: %self->share_links_url %self[2.0,2.0,] 
		 2: %self->t %self[2.0,2.0,] 
		 3: %v_15[10.2,] 
		 4: %self->t %self[2.0,2.0,] %v_16[10.3,] 
		 5: %v_17[10.4,] 
		 6: %self->redirect_to %v_14[10.1,] %self[2.0,2.0,] %v_18[10.5,] 
		 7: %v_19[10.6,] 
		 8: %v_3[2.5,2.5,] 
BB 11
	outgoing: 13 
	datadep: 
	instructions:
		 0: 
BB 12
	outgoing: 14 
	datadep: 2 
	instructions:
		 0: 
		 1: %v_3[2.5,] %v_20[12.0,] 
		 2: %v_20[12.0,] 
BB 13
	outgoing: 14 
	datadep: 4 10 
	instructions:
		 0: RETURN %v_5[4.7,10.7,] 
BB 14
	outgoing: 
	datadep: 
	instructions:

SET IRMethod, name = redirect_to_root_or_signin_and_show_alert
BB 1
	outgoing: 6 2 
	datadep: 
	instructions:
BB 2
	outgoing: 3 4 
	datadep: 
	instructions:
		 0: 
		 1: 
		 2: 
		 3: 
		 4: 
		 5: 
		 6: %self->signed_in? %self[2.0,] 
		 7: BRANCH %v_3[2.6,] 
BB 3
	outgoing: 6 
	datadep: 2 2 2 
	instructions:
		 0: 
		 1: (Folder) 
		 2: %v_4->root %v_4[3.1,] 
		 3: %self->t %self[2.0,] 
		 4: %v_6[3.3,] 
		 5: %self->t %self[2.0,] %v_7[3.4,] 
		 6: %v_8[3.5,] 
		 7: %self->redirect_to %self[2.0,] %v_5[3.2,] %v_9[3.6,] 
		 8: RETURN %v_10[3.7,] 
BB 4
	outgoing: 6 
	datadep: 2 2 2 2 
	instructions:
		 0: 
		 1: %self->signin_url %self[2.0,] 
		 2: %self->t %self[2.0,] 
		 3: %v_12[4.2,] 
		 4: %self->t %v_13[4.3,] %self[2.0,] 
		 5: %v_14[4.4,] 
		 6: %self->redirect_to %self[2.0,] %v_15[4.5,] %v_11[4.1,] 
		 7: RETURN %v_16[4.6,] 
BB 6
	outgoing: 
	datadep: 
	instructions:

