SET IRMethod, name = edit
BB 1
	outgoing: 3 2 
	datadep: 
	instructions:
BB 2
	outgoing: 3 
	datadep: 
	instructions:
		 0: 
		 1: 
		 2: 
		 3: 
		 4: 
		 5: 
		 6: %self->ruby_code_from_view %self[2.0,] 
		 7: %v_3->ruby_code_from_view %self[2.0,] %v_3[2.6,] 
CLOSURE BEGIN: 
BB 1
	outgoing: 6 2 
	datadep: 
	instructions:
BB 2
	outgoing: 3 
	datadep: 
	instructions:
		 0: 
		 1: 
		 2: 
		 3: 
		 4: 
BB 3
	outgoing: 4 6 
	datadep: 2 2 2 2 2 2 
	instructions:
		 0: 
		 1: %self->t %self[2.0,] 
		 2: %self->content_for %cl_1_3[3.1,] %self[2.0,] 
		 3: 
		 4: %self->content_for %self[2.0,] 
		 5: 
		 6: %self[2.0,] @user[] 
		 7: 
		 8: %cl_1_7[3.7,] 
		 9: %cl_1_8[3.8,] 
		 10: %self->form_for %self[2.0,2.0,] %cl_1_6[3.6,] %cl_1_9[3.9,] 
CLOSURE BEGIN: @user[3.6,] 
BB 1
	outgoing: 6 2 
	datadep: 
	instructions:
BB 2
	outgoing: 3 
	datadep: 
	instructions:
		 0: 
		 1: 
		 2: 
		 3: 
		 4: 
BB 3
	outgoing: 4 6 
	datadep: 2 2 2 2 2 2 2 2 2 2 2 2 2 2 2 
	instructions:
		 0: 
		 1: f->error_messages f[2.2,] 
		 2: 
		 3: f->label f[2.2,] 
		 4: 
		 5: 
		 6: %cl_2_5[3.5,] 
		 7: f->text_field %cl_2_6[3.6,] f[2.2,] 
		 8: 
		 9: f->label f[2.2,] 
		 10: 
		 11: 
		 12: %cl_2_9[3.11,] 
		 13: f->text_field f[2.2,] %cl_2_10[3.12,] 
		 14: 
		 15: f->label f[2.2,] 
		 16: 
		 17: 
		 18: %cl_2_13[3.17,] 
		 19: f->password_field %cl_2_14[3.18,] f[2.2,] 
		 20: 
		 21: %self->t %self[2.0,] 
		 22: %self->label_tag %cl_2_16[3.21,] %self[2.0,] 
		 23: 
		 24: 
		 25: %cl_2_18[3.24,] 
		 26: f->password_field %cl_2_19[3.25,] f[2.2,] 
		 27: 
		 28: %self->t %self[2.0,] 
		 29: f->submit f[2.2,] %cl_2_21[3.28,] 
		 30: 
		 31: %self->t %self[2.0,] 
		 32: %self->new_session_path %self[2.0,] 
		 33: %self->link_to %self[2.0,] %cl_2_24[3.32,] %cl_2_23[3.31,] 
		 34: RETURN %cl_2_25[3.33,] 
BB 4
	outgoing: 6 
	datadep: 
	instructions:
		 0: 
		 1: %cl_2_26[4.0,] 
		 2: RETURN %cl_2_27[4.1,] 
BB 6
	outgoing: 
	datadep: 
	instructions:
CLOSURE END
		 11: RETURN %cl_1_10[3.10,] 
BB 4
	outgoing: 6 
	datadep: 
	instructions:
		 0: 
		 1: %cl_1_11[4.0,] 
		 2: RETURN %cl_1_12[4.1,] 
BB 6
	outgoing: 
	datadep: 
	instructions:
CLOSURE END
		 8: RETURN %v_4[2.7,] 
BB 3
	outgoing: 
	datadep: 
	instructions:

SET IRMethod, name = update
BB 1
	outgoing: 6 2 
	datadep: 
	instructions:
BB 2
	outgoing: 3 4 
	datadep: 
	instructions:
		 0: 
		 1: 
		 2: 
		 3: 
		 4: 
		 5: 
		 6: %self[2.0,] @user[] 
		 7: %self->permitted_params %self[2.0,] 
		 8: %v_4->user %v_4[2.7,] 
		 9: 
		 10: %v_5->merge %v_5[2.8,] %v_6[2.9,] 
		 11: %v_3->update_attributes %v_3[2.6,] %v_7[2.10,] 
		 12: BRANCH %v_8[2.11,] 
BB 3
	outgoing: 6 
	datadep: 2 2 2 
	instructions:
		 0: 
		 1: %self->new_session_url %self[2.0,] 
		 2: %self->t %self[2.0,] 
		 3: %v_10[3.2,] 
		 4: %self->redirect_to %self[2.0,] %v_9[3.1,] %v_11[3.3,] 
		 5: RETURN %v_12[3.4,] 
BB 4
	outgoing: 6 
	datadep: 2 2 
	instructions:
		 0: 
		 1: %self->ruby_code_from_view %self[2.0,] 
		 2: %v_13->ruby_code_from_view %v_13[4.1,] %self[2.0,] 
CLOSURE BEGIN: @user[2.6,] 
BB 1
	outgoing: 6 2 
	datadep: 
	instructions:
BB 2
	outgoing: 3 
	datadep: 
	instructions:
		 0: 
		 1: 
		 2: 
		 3: 
		 4: 
BB 3
	outgoing: 4 6 
	datadep: 2 2 2 2 2 2 
	instructions:
		 0: 
		 1: %self->t %self[2.0,] 
		 2: %self->content_for %cl_1_3[3.1,] %self[2.0,] 
		 3: 
		 4: %self->content_for %self[2.0,] 
		 5: 
		 6: %self[2.0,] @user[] 
		 7: 
		 8: %cl_1_7[3.7,] 
		 9: %cl_1_8[3.8,] 
		 10: %self->form_for %self[2.0,2.0,] %cl_1_6[3.6,] %cl_1_9[3.9,] 
CLOSURE BEGIN: @user[3.6,] 
BB 1
	outgoing: 6 2 
	datadep: 
	instructions:
BB 2
	outgoing: 3 
	datadep: 
	instructions:
		 0: 
		 1: 
		 2: 
		 3: 
		 4: 
BB 3
	outgoing: 4 6 
	datadep: 2 2 2 2 2 2 2 2 2 2 2 2 2 2 2 
	instructions:
		 0: 
		 1: f->error_messages f[2.2,] 
		 2: 
		 3: f->label f[2.2,] 
		 4: 
		 5: 
		 6: %cl_2_5[3.5,] 
		 7: f->text_field %cl_2_6[3.6,] f[2.2,] 
		 8: 
		 9: f->label f[2.2,] 
		 10: 
		 11: 
		 12: %cl_2_9[3.11,] 
		 13: f->text_field f[2.2,] %cl_2_10[3.12,] 
		 14: 
		 15: f->label f[2.2,] 
		 16: 
		 17: 
		 18: %cl_2_13[3.17,] 
		 19: f->password_field %cl_2_14[3.18,] f[2.2,] 
		 20: 
		 21: %self->t %self[2.0,] 
		 22: %self->label_tag %cl_2_16[3.21,] %self[2.0,] 
		 23: 
		 24: 
		 25: %cl_2_18[3.24,] 
		 26: f->password_field %cl_2_19[3.25,] f[2.2,] 
		 27: 
		 28: %self->t %self[2.0,] 
		 29: f->submit f[2.2,] %cl_2_21[3.28,] 
		 30: 
		 31: %self->t %self[2.0,] 
		 32: %self->new_session_path %self[2.0,] 
		 33: %self->link_to %self[2.0,] %cl_2_24[3.32,] %cl_2_23[3.31,] 
		 34: RETURN %cl_2_25[3.33,] 
BB 4
	outgoing: 6 
	datadep: 
	instructions:
		 0: 
		 1: %cl_2_26[4.0,] 
		 2: RETURN %cl_2_27[4.1,] 
BB 6
	outgoing: 
	datadep: 
	instructions:
CLOSURE END
		 11: RETURN %cl_1_10[3.10,] 
BB 4
	outgoing: 6 
	datadep: 
	instructions:
		 0: 
		 1: %cl_1_11[4.0,] 
		 2: RETURN %cl_1_12[4.1,] 
BB 6
	outgoing: 
	datadep: 
	instructions:
CLOSURE END
		 3: RETURN %v_14[4.2,] 
BB 6
	outgoing: 
	datadep: 
	instructions:

SET IRMethod, name = require_valid_token
BB 1
	outgoing: 8 2 
	datadep: 
	instructions:
BB 2
	outgoing: 3 4 
	datadep: 
	instructions:
		 0: 
		 1: 
		 2: 
		 3: 
		 4: 
		 5: 
		 6: (User) 
		 7: %self->params %self[2.0,] 
		 8: %v_4[2.7,] 
		 9: %v_3->find_by_signup_token %v_5[2.8,] %v_3[2.6,] 
		 10: %self[2.0,] %v_6[2.9,] @user[] 
		 11: 
		 12: @user[2.10,] 
		 13: %v_7->nil? %v_7[2.12,] 
		 14: BRANCH %v_8[2.13,] 
BB 3
	outgoing: 4 
	datadep: 2 
	instructions:
		 0: %self[2.0,] @user[2.10,2.12,] 
		 1: %v_9->signup_token_expires_at %v_9[3.0,] 
		 2: (Time) 
		 3: %v_11->now %v_11[3.2,] 
		 4: %v_10[3.1,] %v_12[3.3,] 
		 5: %v_13[3.4,] 
BB 4
	outgoing: 5 6 
	datadep: 3 2 
	instructions:
		 0: BRANCH %v_8[3.5,2.13,] 
BB 5
	outgoing: 8 
	datadep: 2 2 2 2 2 2 
	instructions:
		 0: 
		 1: %self->new_session_url %self[2.0,2.0,] 
		 2: %self->t %self[2.0,2.0,] 
		 3: %v_15[5.2,] 
		 4: %self->redirect_to %v_14[5.1,] %self[2.0,2.0,] %v_16[5.3,] 
		 5: RETURN %v_17[5.4,] 
BB 6
	outgoing: 8 
	datadep: 
	instructions:
		 0: RETURN 
BB 8
	outgoing: 
	datadep: 
	instructions:

