SET IRMethod, name = initialize
BB 1
	outgoing: 9 2 
	datadep: 
	instructions:
BB 2
	outgoing: 3 4 
	datadep: 
	instructions:
		 0: 
		 1: 
		 2: 
		 3: 
		 4: 
		 5: 
		 6: range[2.5,] 
BB 3
	outgoing: 4 
	datadep: 
	instructions:
		 0: 
		 1: %v_3[3.0,] 
BB 4
	outgoing: 5 6 
	datadep: 
	instructions:
		 0: 
		 1: checked_in[4.0,] 
BB 5
	outgoing: 6 
	datadep: 
	instructions:
		 0: 
BB 6
	outgoing: 7 8 
	datadep: 
	instructions:
		 0: 
		 1: by_hour[6.0,] 
BB 7
	outgoing: 8 
	datadep: 
	instructions:
		 0: 
BB 8
	outgoing: 9 
	datadep: 2 3 2 2 5 4 2 7 6 7 6 
	instructions:
		 0: 
		 1: %self[2.0,] range[3.1,2.5,] @range[] 
		 2: 
		 3: %self[2.0,] checked_in[5.0,4.0,] @checked_in[] 
		 4: 
		 5: %self[2.0,] by_hour[7.0,6.0,] @by_hour[] 
		 6: RETURN by_hour[7.0,6.0,] 
BB 9
	outgoing: 
	datadep: 
	instructions:

SET IRMethod, name = as_json
BB 1
	outgoing: 3 2 
	datadep: 
	instructions:
BB 2
	outgoing: 3 
	datadep: 
	instructions:
		 0: 
		 1: 
		 2: 
		 3: 
		 4: 
		 5: 
		 6: 
		 7: %self->data %self[2.0,] 
		 8: %self->times %self[2.0,] 
		 9: %v_4[2.8,] %v_3[2.7,] 
		 10: RETURN %v_5[2.9,] 
BB 3
	outgoing: 
	datadep: 
	instructions:

SET IRMethod, name = data
BB 1
	outgoing: 3 2 
	datadep: 
	instructions:
BB 2
	outgoing: 3 
	datadep: 
	instructions:
		 0: 
		 1: 
		 2: 
		 3: 
		 4: 
		 5: 
		 6: %self->range_count %self[2.0,] 
		 7: %v_4[2.6,] 
		 8: 
		 9: %self[2.0,] %v_5[2.8,] %v_3[2.7,] 
CLOSURE BEGIN: 
BB 1
	outgoing: 11 2 
	datadep: 
	instructions:
BB 2
	outgoing: 4 5 
	datadep: 
	instructions:
		 0: 
		 1: 
		 2: 
		 3: 
		 4: 
		 5: 
		 6: 
		 7: %self[2.0,] @by_hour[] 
		 8: BRANCH %cl_1_3[2.7,] 
BB 4
	outgoing: 6 9 
	datadep: 2 
	instructions:
		 0: increment->hours increment[2.2,] 
		 1: %cl_1_4->ago %cl_1_4[4.0,] 
		 2: 
BB 5
	outgoing: 6 9 
	datadep: 2 
	instructions:
		 0: increment->days increment[2.2,] 
		 1: %cl_1_6->ago %cl_1_6[5.0,] 
		 2: %cl_1_7[5.1,] 
BB 6
	outgoing: 7 8 9 
	datadep: 2 5 4 2 
	instructions:
		 0: %self->format %self[2.0,] 
		 1: %cl_1_5->strftime %cl_1_5[5.2,4.1,] %cl_1_8[6.0,] 
		 2: %cl_1_9[6.1,] 
		 3: 
		 4: %self->grouped %self[2.0,] 
		 5: group[6.2,] %cl_1_10[6.4,] 
		 6: BRANCH %cl_1_11[6.5,] 
BB 7
	outgoing: 8 
	datadep: 
	instructions:
		 0: 
BB 8
	outgoing: 9 11 
	datadep: 2 6 7 6 7 6 
	instructions:
		 0: hash[2.3,] group[6.2,] %cl_1_11[7.0,6.5,] 
		 1: RETURN %cl_1_11[7.0,6.5,] 
BB 9
	outgoing: 11 
	datadep: 
	instructions:
		 0: 
		 1: %cl_1_12[9.0,] 
		 2: RETURN %cl_1_13[9.1,] 
BB 11
	outgoing: 
	datadep: 
	instructions:
CLOSURE END
		 10: %v_6->values %v_6[2.9,] 
		 11: %v_7->reverse %v_7[2.10,] 
		 12: RETURN %v_8[2.11,] 
BB 3
	outgoing: 
	datadep: 
	instructions:

SET IRMethod, name = times
BB 1
	outgoing: 3 2 
	datadep: 
	instructions:
BB 2
	outgoing: 3 
	datadep: 
	instructions:
		 0: 
		 1: 
		 2: 
		 3: 
		 4: 
		 5: 
		 6: %self->range_count %self[2.0,] 
		 7: %v_4[2.6,] 
		 8: %v_3->map %self[2.0,] %v_3[2.7,] 
CLOSURE BEGIN: 
BB 1
	outgoing: 9 2 
	datadep: 
	instructions:
BB 2
	outgoing: 4 5 
	datadep: 
	instructions:
		 0: 
		 1: 
		 2: 
		 3: 
		 4: 
		 5: 
		 6: %self[2.0,] @by_hour[] 
		 7: BRANCH %cl_1_3[2.6,] 
BB 4
	outgoing: 6 7 
	datadep: 2 
	instructions:
		 0: increment->hours increment[2.2,] 
		 1: %cl_1_4->ago %cl_1_4[4.0,] 
		 2: 
BB 5
	outgoing: 6 7 
	datadep: 2 
	instructions:
		 0: increment->days increment[2.2,] 
		 1: %cl_1_6->ago %cl_1_6[5.0,] 
		 2: %cl_1_7[5.1,] 
BB 6
	outgoing: 7 9 
	datadep: 2 5 4 
	instructions:
		 0: %self->format %self[2.0,] 
		 1: %cl_1_5->strftime %cl_1_5[5.2,4.1,] %cl_1_8[6.0,] 
		 2: RETURN %cl_1_9[6.1,] 
BB 7
	outgoing: 9 
	datadep: 
	instructions:
		 0: 
		 1: %cl_1_10[7.0,] 
		 2: RETURN %cl_1_11[7.1,] 
BB 9
	outgoing: 
	datadep: 
	instructions:
CLOSURE END
		 9: %v_5->reverse %v_5[2.8,] 
		 10: RETURN %v_6[2.9,] 
BB 3
	outgoing: 
	datadep: 
	instructions:

SET IRMethod, name = range_count
BB 1
	outgoing: 6 2 
	datadep: 
	instructions:
BB 2
	outgoing: 3 4 
	datadep: 
	instructions:
		 0: 
		 1: 
		 2: 
		 3: 
		 4: 
		 5: 
		 6: %self[2.0,] @range[] 
		 7: %v_3->to_i %v_3[2.6,] 
		 8: %v_4[2.7,] 
		 9: %v_5[2.8,] 
		 10: %v_6[2.9,] 
		 11: 
		 12: %self[2.0,] @by_hour[] 
		 13: BRANCH %v_7[2.12,] 
BB 3
	outgoing: 6 
	datadep: 2 
	instructions:
		 0: count[2.10,] 
		 1: RETURN %v_8[3.0,] 
BB 4
	outgoing: 6 
	datadep: 2 
	instructions:
		 0: count[2.10,] 
		 1: RETURN %v_9[4.0,] 
BB 6
	outgoing: 
	datadep: 
	instructions:

SET IRMethod, name = grouped
BB 1
	outgoing: 7 2 
	datadep: 
	instructions:
BB 2
	outgoing: 3 4 
	datadep: 
	instructions:
		 0: 
		 1: 
		 2: 
		 3: 
		 4: 
		 5: 
		 6: %self[2.0,] 
		 7: %v_4[2.6,] 
		 8: %v_4[2.6,] 
BB 3
	outgoing: 4 
	datadep: 2 
	instructions:
		 0: %self[2.0,] @grouped[] 
		 1: %v_5[3.0,] 
BB 4
	outgoing: 5 6 
	datadep: 3 2 
	instructions:
		 0: BRANCH %v_3[3.1,2.7,] 
BB 5
	outgoing: 7 
	datadep: 2 2 2 
	instructions:
		 0: %self->records %self[2.0,] 
		 1: 
		 2: %self[2.0,] %v_6[5.0,] %v_7[5.1,] 
CLOSURE BEGIN: @grouped[] 
BB 1
	outgoing: 11 2 
	datadep: 
	instructions:
BB 2
	outgoing: 3 
	datadep: 
	instructions:
		 0: 
		 1: 
		 2: 
		 3: 
		 4: 
		 5: 
BB 3
	outgoing: 4 5 9 
	datadep: 2 
	instructions:
		 0: 
		 1: 
		 2: %cl_1_3[3.1,] record[2.2,] 
		 3: %cl_1_4[3.2,] 
		 4: 
		 5: (String) 
		 6: %cl_1_4->is_a? %cl_1_4[3.2,] %cl_1_5[3.5,] 
		 7: BRANCH %cl_1_6[3.6,] 
BB 4
	outgoing: 6 9 
	datadep: 3 
	instructions:
		 0: (Time) 
		 1: %cl_1_7->parse %cl_1_7[4.0,] attended_at[3.3,] 
		 2: %cl_1_8[4.1,] 
		 3: 
BB 5
	outgoing: 6 
	datadep: 
	instructions:
		 0: 
BB 6
	outgoing: 7 8 9 
	datadep: 2 4 3 2 
	instructions:
		 0: 
		 1: %self->format %self[2.0,] 
		 2: attended_at->strftime %cl_1_9[6.1,] attended_at[4.2,3.3,] 
		 3: %cl_1_10[6.2,] 
		 4: 
		 5: hash[2.3,] %cl_1_10[6.2,] 
		 6: BRANCH %cl_1_11[6.5,] 
BB 7
	outgoing: 8 9 
	datadep: 2 6 
	instructions:
		 0: hash[2.3,] group[6.3,] 
		 1: 
BB 8
	outgoing: 9 11 
	datadep: 2 6 2 6 
	instructions:
		 0: 
		 1: hash[2.3,] group[6.3,] 
		 2: %cl_1_12[8.1,] 
		 3: hash[2.3,] %cl_1_12[8.1,8.2,] group[6.3,] 
		 4: RETURN %cl_1_12[8.1,8.2,] 
BB 9
	outgoing: 11 
	datadep: 
	instructions:
		 0: 
		 1: %cl_1_14[9.0,] 
		 2: RETURN %cl_1_15[9.1,] 
BB 11
	outgoing: 
	datadep: 
	instructions:
CLOSURE END
		 3: %self[2.0,] %v_8[5.2,] @grouped[3.0,] 
		 4: RETURN %v_8[5.2,] 
BB 6
	outgoing: 7 
	datadep: 3 
	instructions:
		 0: RETURN %v_5[3.0,] 
BB 7
	outgoing: 
	datadep: 
	instructions:

SET IRMethod, name = format
BB 1
	outgoing: 6 2 
	datadep: 
	instructions:
BB 2
	outgoing: 3 4 
	datadep: 
	instructions:
		 0: 
		 1: 
		 2: 
		 3: 
		 4: 
		 5: 
		 6: %self[2.0,] @by_hour[] 
		 7: BRANCH %v_3[2.6,] 
BB 3
	outgoing: 6 
	datadep: 
	instructions:
		 0: 
		 1: RETURN %v_4[3.0,] 
BB 4
	outgoing: 6 
	datadep: 
	instructions:
		 0: 
		 1: RETURN %v_5[4.0,] 
BB 6
	outgoing: 
	datadep: 
	instructions:

SET IRMethod, name = records
BB 1
	outgoing: 6 2 
	datadep: 
	instructions:
BB 2
	outgoing: 3 4 
	datadep: 
	instructions:
		 0: 
		 1: 
		 2: 
		 3: 
		 4: 
		 5: 
		 6: (AttendanceRecord) 
		 7: %v_3->connection %v_3[2.6,] 
		 8: 
		 9: 
		 10: (Site) 
		 11: %v_6->current %v_6[2.10,] 
		 12: %v_7->id %v_7[2.11,] 
		 13: 
		 14: 
		 15: %self[2.0,] @range[] 
		 16: %v_10->ago %v_10[2.15,] 
		 17: 
		 18: 
		 19: %self[2.0,] @checked_in[] 
		 20: BRANCH %v_13[2.19,] 
BB 3
	outgoing: 5 
	datadep: 
	instructions:
		 0: 
		 1: 
BB 4
	outgoing: 5 
	datadep: 
	instructions:
		 0: 
		 1: %v_15[4.0,] 
BB 5
	outgoing: 6 
	datadep: 4 3 2 2 2 2 2 2 
	instructions:
		 0: 
		 1: %v_14[4.1,3.0,] %v_16[5.0,] %v_5[2.8,] %v_8[2.12,] %v_9[2.13,] %v_11[2.16,] %v_12[2.17,] 
		 2: %v_4->select_all %v_4[2.7,] %v_17[5.1,] 
		 3: %v_18->to_a %v_18[5.2,] 
		 4: RETURN %v_19[5.3,] 
BB 6
	outgoing: 
	datadep: 
	instructions:

