digraph sketch {
	n21 [label=<<i>21__ _self -> session</i>> color=crimson]; 
	n26 [label=<<i>26__ _self -> session</i>> color=crimson]; 
	n26 -> n30 [label="3"]
	n30 [label=<<i>30__ _v_5 -> where</i>> color=blue]; 
	n30 -> n31 [label="0"]
	n31 [label=<<i>31__ _v_10 -> first</i>> color=blue]; 
	n97 [label=<<i>97__ _self -> params</i>> color=crimson]; 
	n141 [label=<<i>141__ _self -> lock</i>> color=blue]; 
	n141 -> n143 [label="0"]
	n143 [label=<<i>143__ _cl_1_3 -> where</i>> color=blue]; 
	n143 -> n144 [label="0"]
	n144 [label=<<i>144__ _cl_1_5 -> first</i>> color=blue]; 
	n144 -> n172 [label="1"]
	n172 [label=<<i>172__ kv -> save!</i>> color=blue]; 
	n241 [label=<<i>241__ traffic_kv -> save!</i>> color=blue]; 
	n245 [label=<<i>245__ date_kv -> save!</i>> color=blue]; 
	n289 [label=<<i>289__ _self -> params</i>> color=crimson]; 
	n346 [label=<<i>346__ traffic_kv -> save!</i>> color=blue]; 
	n350 [label=<<i>350__ date_kv -> save!</i>> color=blue]; 
	n376 [label=<<i>376__ _self -> session</i>> color=crimson]; 
	n381 [label=<<i>381__ _self -> session</i>> color=crimson]; 
	n381 -> n385 [label="3"]
	n385 [label=<<i>385__ _v_5 -> where</i>> color=blue]; 
	n385 -> n386 [label="0"]
	n386 [label=<<i>386__ _v_10 -> first</i>> color=blue]; 
	n431 [label=<<i>431__ _self -> session</i>> color=crimson]; 
	n451 [label=<<i>451__ _self -> params</i>> color=crimson]; 
	n451 -> n458 [label="2"]
	n454 [label=<<i>454__ _self -> params</i>> color=crimson]; 
	n454 -> n458 [label="3"]
	n458 [label=<<i>458__ _v_3 -> where</i>> color=blue]; 
	n458 -> n459 [label="0"]
	n459 [label=<<i>459__ _v_9 -> first</i>> color=blue]; 
	n591 [label=<<i>591__ self -> where</i>> color=blue]; 
	n593 [label=<<i>593__ _v_3 -> put</i>> color=blue]; 
	n618 [label=<<i>618__ recipient -> where</i>> color=blue]; 
	n620 [label=<<i>620__ author -> where</i>> color=blue]; 
	n767 [label=<<i>767__ _v_40 -> save</i>> color=blue]; 
}