SET IRMethod, name = show
BB 1
	outgoing: 9 2 
	datadep: 
	instructions:
BB 2
	outgoing: 3 4 
	datadep: 
	instructions:
		 0: 
		 1: 
		 2: 
		 3: 
		 4: 
		 5: 
		 6: (Person) 
		 7: %v_3->administrators %v_3[2.6,] 
		 8: %v_4->count %v_4[2.7,] 
		 9: %self[2.0,] %v_5[2.8,] @admin_count[] 
		 10: 
		 11: (Update) 
		 12: %v_6->pending %v_6[2.11,] 
		 13: %v_7->count %v_7[2.12,] 
		 14: %self[2.0,] %v_8[2.13,] @update_count[] 
		 15: 
		 16: (Person) 
		 17: %v_9->email_changed %v_9[2.16,] 
		 18: %v_10->count %v_10[2.17,] 
		 19: %self[2.0,] %v_11[2.18,] @email_changed_count[] 
		 20: 
		 21: (Import) 
		 22: %v_12->last %v_12[2.21,] 
		 23: %v_13[2.22,] %self[2.0,] @last_import[] 
		 24: 
		 25: @last_import[2.23,] 
		 26: BRANCH %v_14[2.25,] 
BB 3
	outgoing: 5 
	datadep: 2 
	instructions:
		 0: %self[2.0,] @last_import[2.23,2.25,] 
		 1: %v_15->rows %v_15[3.0,] 
		 2: %v_16->errored %v_16[3.1,] 
		 3: %v_17->count %v_17[3.2,] 
		 4: 
BB 4
	outgoing: 5 
	datadep: 
	instructions:
		 0: 
BB 5
	outgoing: 6 7 
	datadep: 2 4 3 2 2 2 
	instructions:
		 0: %self[2.0,] %v_18[4.0,3.3,] @import_errors_count[] 
		 1: 
		 2: (Group) 
		 3: %v_19->unapproved %v_19[5.2,] 
		 4: %v_20->count %v_20[5.3,] 
		 5: %self[2.0,] %v_21[5.4,] @groups_pending_approval_count[] 
		 6: 
		 7: (MembershipRequest) 
		 8: %v_22->count %v_22[5.7,] 
		 9: %self[2.0,] %v_23[5.8,] @membership_request_count[] 
		 10: 
		 11: (AttendanceRecord) 
		 12: %v_24->maximum %v_24[5.11,] 
		 13: %v_25[5.12,] %self[2.0,] @attendance_last_date[] 
		 14: BRANCH %v_25[5.12,] 
BB 6
	outgoing: 8 
	datadep: 2 2 
	instructions:
		 0: 
		 1: (AttendanceRecord) 
		 2: %self[2.0,] @attendance_last_date[5.13,] 
		 3: %v_26->on_date %v_26[6.1,] %v_27[6.2,] 
		 4: %v_28->count %v_28[6.3,] 
		 5: %self[2.0,] %v_29[6.4,] @attendance_records_count[] 
		 6: 
BB 7
	outgoing: 8 
	datadep: 
	instructions:
		 0: 
BB 8
	outgoing: 9 
	datadep: 2 2 2 2 2 
	instructions:
		 0: 
		 1: (Person) 
		 2: %v_30->undeleted %v_30[8.1,] 
		 3: %v_31->count %v_31[8.2,] 
		 4: %self[2.0,] %v_32[8.3,] @person_count[] 
		 5: 
		 6: (Family) 
		 7: %v_33->undeleted %v_33[8.6,] 
		 8: %v_34->count %v_34[8.7,] 
		 9: %v_35[8.8,] %self[2.0,] @family_count[] 
		 10: 
		 11: (Group) 
		 12: %v_36->count %v_36[8.11,] 
		 13: %self[2.0,] %v_37[8.12,] @group_count[] 
		 14: 
		 15: (Person) 
		 16: %v_38->deleted %v_38[8.15,] 
		 17: %v_39->count %v_39[8.16,] 
		 18: %self[2.0,] %v_40[8.17,] @deleted_people_count[] 
		 19: 
		 20: 
		 21: %self[2.0,] %v_41[8.20,] @alerts[] 
		 22: RETURN %v_41[8.20,] 
BB 9
	outgoing: 
	datadep: 
	instructions:

