digraph HomeController_hidden {
	User_is_banned__BB1 -> User_is_banned__BB3 [ color=blue ];
	User_is_banned__BB1 -> User_is_banned__BB2 [ color=blue ];
	User_is_banned__BB2 -> User_is_banned__BB3 [ color=blue ];
	User_is_active__BB1 -> User_is_active__BB5 [ color=blue ];
	User_is_active__BB1 -> User_is_active__BB2 [ color=blue ];
	User_is_active__BB2 -> User_is_active__BB3 [ color=blue ];
	User_is_active__BB2 -> User_is_active__BB4 [ color=blue ];
	User_is_active__BB3 -> User_is_active__BB4 [ color=blue ];
	User_is_active__BB4 -> User_is_active__BB5 [ color=blue ];
	ApplicationController_authenticate_user__BB1 -> ApplicationController_authenticate_user__BB10 [ color=blue ];
	ApplicationController_authenticate_user__BB1 -> ApplicationController_authenticate_user__BB2 [ color=blue ];
	ApplicationController_authenticate_user__BB2 -> ApplicationController_authenticate_user__BB3 [ color=blue ];
	ApplicationController_authenticate_user__BB2 -> ApplicationController_authenticate_user__BB4 [ color=blue ];
	ApplicationController_authenticate_user__BB3 -> ApplicationController_authenticate_user__BB4 [ color=blue ];
	ApplicationController_authenticate_user__BB4 -> ApplicationController_authenticate_user__BB5 [ color=blue ];
	ApplicationController_authenticate_user__BB4 -> ApplicationController_authenticate_user__BB6 [ color=blue ];
	ApplicationController_authenticate_user__BB5 -> ApplicationController_authenticate_user__BB6 [ color=blue ];
	ApplicationController_authenticate_user__BB6 -> ApplicationController_authenticate_user__BB7 [ color=blue ];
	ApplicationController_authenticate_user__BB6 -> ApplicationController_authenticate_user__BB8 [ color=blue ];
	ApplicationController_authenticate_user__BB7 -> ApplicationController_authenticate_user__BB9 [ color=blue ];
	ApplicationController_authenticate_user__BB8 -> ApplicationController_authenticate_user__BB9 [ color=blue ];
	ApplicationController_authenticate_user__BB9 -> ApplicationController_authenticate_user__BB10 [ color=blue ];
	ApplicationController_user_is_spider__BB1 -> ApplicationController_user_is_spider__BB5 [ color=blue ];
	ApplicationController_user_is_spider__BB1 -> ApplicationController_user_is_spider__BB2 [ color=blue ];
	ApplicationController_user_is_spider__BB2 -> ApplicationController_user_is_spider__BB3 [ color=blue ];
	ApplicationController_user_is_spider__BB2 -> ApplicationController_user_is_spider__BB4 [ color=blue ];
	ApplicationController_user_is_spider__BB3 -> ApplicationController_user_is_spider__BB5 [ color=blue ];
	ApplicationController_user_is_spider__BB4 -> ApplicationController_user_is_spider__BB5 [ color=blue ];
	ApplicationController_increase_traffic_counter__BB1 -> ApplicationController_increase_traffic_counter__BB8 [ color=blue ];
	ApplicationController_increase_traffic_counter__BB1 -> ApplicationController_increase_traffic_counter__BB2 [ color=blue ];
	ApplicationController_increase_traffic_counter__BB2 -> ApplicationController_increase_traffic_counter__BB3 [ color=blue ];
	ApplicationController_increase_traffic_counter__BB2 -> ApplicationController_increase_traffic_counter__BB4 [ color=blue ];
	ApplicationController_increase_traffic_counter__BB3 -> ApplicationController_increase_traffic_counter__BB4 [ color=blue ];
	ApplicationController_increase_traffic_counter__BB4 -> ApplicationController_increase_traffic_counter__BB5 [ color=blue ];
	ApplicationController_increase_traffic_counter__BB4 -> ApplicationController_increase_traffic_counter__BB6 [ color=blue ];
	ApplicationController_increase_traffic_counter__BB5 -> ApplicationController_increase_traffic_counter__BB8 [ color=blue ];
	ApplicationController_increase_traffic_counter__BB6 -> ApplicationController_increase_traffic_counter__BB8 [ color=blue ];
	ApplicationController_increase_traffic_counter__BB6:f0 -> ApplicationController_increase_traffic_counter_386788_closure0_BB1 [color=blue ];
	ApplicationController_increase_traffic_counter_386788_closure0_BB6:f0 -> ApplicationController_increase_traffic_counter__BB6 [color=blue ];
	ApplicationController_increase_traffic_counter_386788_closure0_BB1 -> ApplicationController_increase_traffic_counter_386788_closure0_BB6 [ color=blue ];
	ApplicationController_increase_traffic_counter_386788_closure0_BB1 -> ApplicationController_increase_traffic_counter_386788_closure0_BB2 [ color=blue ];
	ApplicationController_increase_traffic_counter_386788_closure0_BB2 -> ApplicationController_increase_traffic_counter_386788_closure0_BB3 [ color=blue ];
	ApplicationController_increase_traffic_counter_386788_closure0_BB3 -> ApplicationController_increase_traffic_counter_386788_closure0_BB4 [ color=blue ];
	ApplicationController_increase_traffic_counter_386788_closure0_BB3 -> ApplicationController_increase_traffic_counter_386788_closure0_BB6 [ color=blue ];
	ApplicationController_increase_traffic_counter_386788_closure0_BB4 -> ApplicationController_increase_traffic_counter_386788_closure0_BB6 [ color=blue ];
	ApplicationController_increase_traffic_counter_386788_closure0_BB6 -> ApplicationController_increase_traffic_counter_386788_closure0_BB1 [color=blue ];
	ApplicationController_find_user_from_rss_token__BB1 -> ApplicationController_find_user_from_rss_token__BB10 [ color=blue ];
	ApplicationController_find_user_from_rss_token__BB1 -> ApplicationController_find_user_from_rss_token__BB2 [ color=blue ];
	ApplicationController_find_user_from_rss_token__BB2 -> ApplicationController_find_user_from_rss_token__BB3 [ color=blue ];
	ApplicationController_find_user_from_rss_token__BB2 -> ApplicationController_find_user_from_rss_token__BB4 [ color=blue ];
	ApplicationController_find_user_from_rss_token__BB3 -> ApplicationController_find_user_from_rss_token__BB4 [ color=blue ];
	ApplicationController_find_user_from_rss_token__BB4 -> ApplicationController_find_user_from_rss_token__BB5 [ color=blue ];
	ApplicationController_find_user_from_rss_token__BB4 -> ApplicationController_find_user_from_rss_token__BB6 [ color=blue ];
	ApplicationController_find_user_from_rss_token__BB5 -> ApplicationController_find_user_from_rss_token__BB6 [ color=blue ];
	ApplicationController_find_user_from_rss_token__BB6 -> ApplicationController_find_user_from_rss_token__BB7 [ color=blue ];
	ApplicationController_find_user_from_rss_token__BB6 -> ApplicationController_find_user_from_rss_token__BB8 [ color=blue ];
	ApplicationController_find_user_from_rss_token__BB7 -> ApplicationController_find_user_from_rss_token__BB10 [ color=blue ];
	ApplicationController_find_user_from_rss_token__BB8 -> ApplicationController_find_user_from_rss_token__BB10 [ color=blue ];
	ApplicationController_require_logged_in_user__BB1 -> ApplicationController_require_logged_in_user__BB9 [ color=blue ];
	ApplicationController_require_logged_in_user__BB1 -> ApplicationController_require_logged_in_user__BB2 [ color=blue ];
	ApplicationController_require_logged_in_user__BB2 -> ApplicationController_require_logged_in_user__BB3 [ color=blue ];
	ApplicationController_require_logged_in_user__BB2 -> ApplicationController_require_logged_in_user__BB4 [ color=blue ];
	ApplicationController_require_logged_in_user__BB3 -> ApplicationController_require_logged_in_user__BB9 [ color=blue ];
	ApplicationController_require_logged_in_user__BB4 -> ApplicationController_require_logged_in_user__BB5 [ color=blue ];
	ApplicationController_require_logged_in_user__BB4 -> ApplicationController_require_logged_in_user__BB6 [ color=blue ];
	ApplicationController_require_logged_in_user__BB5 -> ApplicationController_require_logged_in_user__BB7 [ color=blue ];
	ApplicationController_require_logged_in_user__BB6 -> ApplicationController_require_logged_in_user__BB7 [ color=blue ];
	ApplicationController_require_logged_in_user__BB7 -> ApplicationController_require_logged_in_user__BB9 [ color=blue ];
	ApplicationController_tags_filtered_by_cookie_640751_closure0_BB1 -> ApplicationController_tags_filtered_by_cookie_640751_closure0_BB7 [ color=blue ];
	ApplicationController_tags_filtered_by_cookie_640751_closure0_BB1 -> ApplicationController_tags_filtered_by_cookie_640751_closure0_BB2 [ color=blue ];
	ApplicationController_tags_filtered_by_cookie_640751_closure0_BB2 -> ApplicationController_tags_filtered_by_cookie_640751_closure0_BB3 [ color=blue ];
	ApplicationController_tags_filtered_by_cookie_640751_closure0_BB2 -> ApplicationController_tags_filtered_by_cookie_640751_closure0_BB4 [ color=blue ];
	ApplicationController_tags_filtered_by_cookie_640751_closure0_BB3 -> ApplicationController_tags_filtered_by_cookie_640751_closure0_BB4 [ color=blue ];
	ApplicationController_tags_filtered_by_cookie_640751_closure0_BB4 -> ApplicationController_tags_filtered_by_cookie_640751_closure0_BB5 [ color=blue ];
	ApplicationController_tags_filtered_by_cookie_640751_closure0_BB4 -> ApplicationController_tags_filtered_by_cookie_640751_closure0_BB6 [ color=blue ];
	ApplicationController_tags_filtered_by_cookie_640751_closure0_BB5 -> ApplicationController_tags_filtered_by_cookie_640751_closure0_BB7 [ color=blue ];
	ApplicationController_tags_filtered_by_cookie_640751_closure0_BB6 -> ApplicationController_tags_filtered_by_cookie_640751_closure0_BB7 [ color=blue ];
	HomeController_filtered_tag_ids_640751_closure0_BB1 -> HomeController_filtered_tag_ids_640751_closure0_BB6 [ color=blue ];
	HomeController_filtered_tag_ids_640751_closure0_BB1 -> HomeController_filtered_tag_ids_640751_closure0_BB2 [ color=blue ];
	HomeController_filtered_tag_ids_640751_closure0_BB2 -> HomeController_filtered_tag_ids_640751_closure0_BB3 [ color=blue ];
	HomeController_filtered_tag_ids_640751_closure0_BB2 -> HomeController_filtered_tag_ids_640751_closure0_BB4 [ color=blue ];
	HomeController_filtered_tag_ids_640751_closure0_BB3 -> HomeController_filtered_tag_ids_640751_closure0_BB6 [ color=blue ];
	HomeController_filtered_tag_ids_640751_closure0_BB3:f1 -> HomeController_filtered_tag_ids_336924_closure0_closure1_BB1 [color=blue ];
	HomeController_filtered_tag_ids_336924_closure0_closure1_BB6:f0 -> HomeController_filtered_tag_ids_640751_closure0_BB3 [color=blue ];
	HomeController_filtered_tag_ids_336924_closure0_closure1_BB1 -> HomeController_filtered_tag_ids_336924_closure0_closure1_BB6 [ color=blue ];
	HomeController_filtered_tag_ids_336924_closure0_closure1_BB1 -> HomeController_filtered_tag_ids_336924_closure0_closure1_BB2 [ color=blue ];
	HomeController_filtered_tag_ids_336924_closure0_closure1_BB2 -> HomeController_filtered_tag_ids_336924_closure0_closure1_BB3 [ color=blue ];
	HomeController_filtered_tag_ids_336924_closure0_closure1_BB3 -> HomeController_filtered_tag_ids_336924_closure0_closure1_BB4 [ color=blue ];
	HomeController_filtered_tag_ids_336924_closure0_closure1_BB3 -> HomeController_filtered_tag_ids_336924_closure0_closure1_BB6 [ color=blue ];
	HomeController_filtered_tag_ids_336924_closure0_closure1_BB4 -> HomeController_filtered_tag_ids_336924_closure0_closure1_BB6 [ color=blue ];
	HomeController_filtered_tag_ids_336924_closure0_closure1_BB6 -> HomeController_filtered_tag_ids_336924_closure0_closure1_BB1 [color=blue ];
	HomeController_filtered_tag_ids_640751_closure0_BB4 -> HomeController_filtered_tag_ids_640751_closure0_BB6 [ color=blue ];
	HomeController_filtered_tag_ids_640751_closure0_BB4:f0 -> HomeController_filtered_tag_ids_567994_closure0_closure1_BB1 [color=blue ];
	HomeController_filtered_tag_ids_567994_closure0_closure1_BB6:f0 -> HomeController_filtered_tag_ids_640751_closure0_BB4 [color=blue ];
	HomeController_filtered_tag_ids_567994_closure0_closure1_BB1 -> HomeController_filtered_tag_ids_567994_closure0_closure1_BB6 [ color=blue ];
	HomeController_filtered_tag_ids_567994_closure0_closure1_BB1 -> HomeController_filtered_tag_ids_567994_closure0_closure1_BB2 [ color=blue ];
	HomeController_filtered_tag_ids_567994_closure0_closure1_BB2 -> HomeController_filtered_tag_ids_567994_closure0_closure1_BB3 [ color=blue ];
	HomeController_filtered_tag_ids_567994_closure0_closure1_BB3 -> HomeController_filtered_tag_ids_567994_closure0_closure1_BB4 [ color=blue ];
	HomeController_filtered_tag_ids_567994_closure0_closure1_BB3 -> HomeController_filtered_tag_ids_567994_closure0_closure1_BB6 [ color=blue ];
	HomeController_filtered_tag_ids_567994_closure0_closure1_BB4 -> HomeController_filtered_tag_ids_567994_closure0_closure1_BB6 [ color=blue ];
	HomeController_filtered_tag_ids_567994_closure0_closure1_BB6 -> HomeController_filtered_tag_ids_567994_closure0_closure1_BB1 [color=blue ];
	HomeController_stories_640751_closure0_BB1 -> HomeController_stories_640751_closure0_BB3 [ color=blue ];
	HomeController_stories_640751_closure0_BB1 -> HomeController_stories_640751_closure0_BB2 [ color=blue ];
	HomeController_stories_640751_closure0_BB2 -> HomeController_stories_640751_closure0_BB3 [ color=blue ];
	HomeController_hidden__BB1 -> HomeController_hidden__BB3 [ color=blue ];
	HomeController_hidden__BB1 -> HomeController_hidden__BB2 [ color=blue ];
	HomeController_hidden__BB2 -> HomeController_hidden__BB3 [ color=blue ];
	HomeController_hidden__BB2:f0 -> HomeController_hidden_640751_closure0_BB1 [color=blue ];
	HomeController_hidden_640751_closure0_BB6:f0 -> HomeController_hidden__BB2 [color=blue ];
	HomeController_hidden_640751_closure0_BB1 -> HomeController_hidden_640751_closure0_BB6 [ color=blue ];
	HomeController_hidden_640751_closure0_BB1 -> HomeController_hidden_640751_closure0_BB2 [ color=blue ];
	HomeController_hidden_640751_closure0_BB2 -> HomeController_hidden_640751_closure0_BB3 [ color=blue ];
	HomeController_hidden_640751_closure0_BB3 -> HomeController_hidden_640751_closure0_BB4 [ color=blue ];
	HomeController_hidden_640751_closure0_BB3 -> HomeController_hidden_640751_closure0_BB6 [ color=blue ];
	HomeController_hidden_640751_closure0_BB4 -> HomeController_hidden_640751_closure0_BB6 [ color=blue ];
	HomeController_hidden_640751_closure0_BB6 -> HomeController_hidden_640751_closure0_BB1 [color=blue ];
	HomeController_hidden__BB2:f2 -> HomeController_hidden_423239_closure0_BB1 [color=blue ];
	HomeController_hidden_423239_closure0_BB34:f0 -> HomeController_hidden__BB2 [color=blue ];
	HomeController_hidden_423239_closure0_BB1 -> HomeController_hidden_423239_closure0_BB34 [ color=blue ];
	HomeController_hidden_423239_closure0_BB1 -> HomeController_hidden_423239_closure0_BB2 [ color=blue ];
	HomeController_hidden_423239_closure0_BB2 -> HomeController_hidden_423239_closure0_BB3 [ color=blue ];
	HomeController_hidden_423239_closure0_BB3 -> HomeController_hidden_423239_closure0_BB4 [ color=blue ];
	HomeController_hidden_423239_closure0_BB3 -> HomeController_hidden_423239_closure0_BB5 [ color=blue ];
	HomeController_hidden_423239_closure0_BB3 -> HomeController_hidden_423239_closure0_BB32 [ color=blue ];
	HomeController_hidden_423239_closure0_BB4 -> HomeController_hidden_423239_closure0_BB6 [ color=blue ];
	HomeController_hidden_423239_closure0_BB5 -> HomeController_hidden_423239_closure0_BB6 [ color=blue ];
	HomeController_hidden_423239_closure0_BB6 -> HomeController_hidden_423239_closure0_BB7 [ color=blue ];
	HomeController_hidden_423239_closure0_BB6 -> HomeController_hidden_423239_closure0_BB8 [ color=blue ];
	HomeController_hidden_423239_closure0_BB6 -> HomeController_hidden_423239_closure0_BB32 [ color=blue ];
	HomeController_hidden_423239_closure0_BB7 -> HomeController_hidden_423239_closure0_BB9 [ color=blue ];
	HomeController_hidden_423239_closure0_BB8 -> HomeController_hidden_423239_closure0_BB9 [ color=blue ];
	HomeController_hidden_423239_closure0_BB9 -> HomeController_hidden_423239_closure0_BB10 [ color=blue ];
	HomeController_hidden_423239_closure0_BB9 -> HomeController_hidden_423239_closure0_BB11 [ color=blue ];
	HomeController_hidden_423239_closure0_BB9 -> HomeController_hidden_423239_closure0_BB32 [ color=blue ];
	HomeController_hidden_423239_closure0_BB10 -> HomeController_hidden_423239_closure0_BB11 [ color=blue ];
	HomeController_hidden_423239_closure0_BB10 -> HomeController_hidden_423239_closure0_BB32 [ color=blue ];
	HomeController_hidden_423239_closure0_BB11 -> HomeController_hidden_423239_closure0_BB12 [ color=blue ];
	HomeController_hidden_423239_closure0_BB11 -> HomeController_hidden_423239_closure0_BB19 [ color=blue ];
	HomeController_hidden_423239_closure0_BB12 -> HomeController_hidden_423239_closure0_BB13 [ color=blue ];
	HomeController_hidden_423239_closure0_BB12 -> HomeController_hidden_423239_closure0_BB14 [ color=blue ];
	HomeController_hidden_423239_closure0_BB12 -> HomeController_hidden_423239_closure0_BB32 [ color=blue ];
	HomeController_hidden_423239_closure0_BB13 -> HomeController_hidden_423239_closure0_BB15 [ color=blue ];
	HomeController_hidden_423239_closure0_BB14 -> HomeController_hidden_423239_closure0_BB15 [ color=blue ];
	HomeController_hidden_423239_closure0_BB15 -> HomeController_hidden_423239_closure0_BB16 [ color=blue ];
	HomeController_hidden_423239_closure0_BB15 -> HomeController_hidden_423239_closure0_BB17 [ color=blue ];
	HomeController_hidden_423239_closure0_BB15 -> HomeController_hidden_423239_closure0_BB32 [ color=blue ];
	HomeController_hidden_423239_closure0_BB16 -> HomeController_hidden_423239_closure0_BB18 [ color=blue ];
	HomeController_hidden_423239_closure0_BB17 -> HomeController_hidden_423239_closure0_BB18 [ color=blue ];
	HomeController_hidden_423239_closure0_BB17 -> HomeController_hidden_423239_closure0_BB32 [ color=blue ];
	HomeController_hidden_423239_closure0_BB18 -> HomeController_hidden_423239_closure0_BB20 [ color=blue ];
	HomeController_hidden_423239_closure0_BB18 -> HomeController_hidden_423239_closure0_BB32 [ color=blue ];
	HomeController_hidden_423239_closure0_BB19 -> HomeController_hidden_423239_closure0_BB20 [ color=blue ];
	HomeController_hidden_423239_closure0_BB20 -> HomeController_hidden_423239_closure0_BB21 [ color=blue ];
	HomeController_hidden_423239_closure0_BB20 -> HomeController_hidden_423239_closure0_BB30 [ color=blue ];
	HomeController_hidden_423239_closure0_BB21 -> HomeController_hidden_423239_closure0_BB22 [ color=blue ];
	HomeController_hidden_423239_closure0_BB21 -> HomeController_hidden_423239_closure0_BB23 [ color=blue ];
	HomeController_hidden_423239_closure0_BB22 -> HomeController_hidden_423239_closure0_BB23 [ color=blue ];
	HomeController_hidden_423239_closure0_BB22 -> HomeController_hidden_423239_closure0_BB32 [ color=blue ];
	HomeController_hidden_423239_closure0_BB23 -> HomeController_hidden_423239_closure0_BB24 [ color=blue ];
	HomeController_hidden_423239_closure0_BB23 -> HomeController_hidden_423239_closure0_BB25 [ color=blue ];
	HomeController_hidden_423239_closure0_BB24 -> HomeController_hidden_423239_closure0_BB26 [ color=blue ];
	HomeController_hidden_423239_closure0_BB25 -> HomeController_hidden_423239_closure0_BB26 [ color=blue ];
	HomeController_hidden_423239_closure0_BB26 -> HomeController_hidden_423239_closure0_BB27 [ color=blue ];
	HomeController_hidden_423239_closure0_BB26 -> HomeController_hidden_423239_closure0_BB28 [ color=blue ];
	HomeController_hidden_423239_closure0_BB26 -> HomeController_hidden_423239_closure0_BB32 [ color=blue ];
	HomeController_hidden_423239_closure0_BB27 -> HomeController_hidden_423239_closure0_BB29 [ color=blue ];
	HomeController_hidden_423239_closure0_BB28 -> HomeController_hidden_423239_closure0_BB29 [ color=blue ];
	HomeController_hidden_423239_closure0_BB29 -> HomeController_hidden_423239_closure0_BB31 [ color=blue ];
	HomeController_hidden_423239_closure0_BB29 -> HomeController_hidden_423239_closure0_BB32 [ color=blue ];
	HomeController_hidden_423239_closure0_BB30 -> HomeController_hidden_423239_closure0_BB34 [ color=blue ];
	HomeController_hidden_423239_closure0_BB31 -> HomeController_hidden_423239_closure0_BB34 [ color=blue ];
	HomeController_hidden_423239_closure0_BB32 -> HomeController_hidden_423239_closure0_BB34 [ color=blue ];
	HomeController_hidden_423239_closure0_BB34 -> HomeController_hidden_423239_closure0_BB1 [color=blue ];
}