digraph sketch {
	n21 [label=<<i>21__ _self -> session</i>> color=crimson]; 
	n26 [label=<<i>26__ _self -> session</i>> color=crimson]; 
	n26 -> n30 [label="3"]
	n30 [label=<<i>30__ _v_5 -> where</i>> color=blue]; 
	n30 -> n31 [label="0"]
	n31 [label=<<i>31__ _v_10 -> first</i>> color=blue]; 
	n97 [label=<<i>97__ _self -> params</i>> color=crimson]; 
	n141 [label=<<i>141__ _self -> lock</i>> color=blue]; 
	n141 -> n143 [label="0"]
	n143 [label=<<i>143__ _cl_1_3 -> where</i>> color=blue]; 
	n143 -> n144 [label="0"]
	n144 [label=<<i>144__ _cl_1_5 -> first</i>> color=blue]; 
	n144 -> n172 [label="1"]
	n172 [label=<<i>172__ kv -> save!</i>> color=blue]; 
	n241 [label=<<i>241__ traffic_kv -> save!</i>> color=blue]; 
	n245 [label=<<i>245__ date_kv -> save!</i>> color=blue]; 
	n289 [label=<<i>289__ _self -> params</i>> color=crimson]; 
	n346 [label=<<i>346__ traffic_kv -> save!</i>> color=blue]; 
	n350 [label=<<i>350__ date_kv -> save!</i>> color=blue]; 
	n376 [label=<<i>376__ _self -> session</i>> color=crimson]; 
	n381 [label=<<i>381__ _self -> session</i>> color=crimson]; 
	n381 -> n385 [label="3"]
	n385 [label=<<i>385__ _v_5 -> where</i>> color=blue]; 
	n385 -> n386 [label="0"]
	n386 [label=<<i>386__ _v_10 -> first</i>> color=blue]; 
	n456 [label=<<i>456__ _self -> cookies</i>> color=crimson]; 
	n456 -> n463 [label="4"]
	n463 [label=<<i>463__ _v_6 -> where</i>> color=blue]; 
	n483 [label=<<i>483__ _self -> params</i>> color=crimson]; 
	n488 [label=<<i>488__ _self -> params</i>> color=crimson]; 
	n488 -> n1506 [label="10"]
	n488 -> n1510 [label="10"]
	n488 -> n1721 [label="14"]
	n488 -> n1829 [label="14"]
	n1506 [label=<<i>1506__ _cl_2_177 -> try</i>> color=blue]; 
	n1510 [label=<<i>1510__ _cl_2_180 -> try</i>> color=blue]; 
	n1721 [label=<<i>1721__ _v_6 -> where</i>> color=blue]; 
	n1721 -> n1722 [label="0"]
	n1722 [label=<<i>1722__ _v_9 -> count</i>> color=blue]; 
	n1829 [label=<<i>1829__ _v_5 -> where</i>> color=blue]; 
	n1829 -> n1831 [label="0"]
	n1831 [label=<<i>1831__ _v_8 -> where</i>> color=blue]; 
}