dir = ../applications/calagator/
read schema: class taggings (Tagging) cannot be found!
INDEX:: TABLE taggings - Tagging field tag_id cannot be found
INDEX:: TABLE taggings - Tagging field taggable_id cannot be found
ADD INDEX: Tag, name
read schema: class versions (Version) cannot be found!
INDEX:: TABLE versions - Version field item_type cannot be found
Event.url=, Found super ActiveRecord::Base
Event.start_time=, Found super ActiveRecord::Base
Event.start_time=, Found super ActiveRecord::Base
Event.end_time=, Found super ActiveRecord::Base
Event.end_time=, Found super ActiveRecord::Base
Tag.most_used, Found super ::ActiveRecord::Base
Tag.least_used, Found super ::ActiveRecord::Base
Venue.url=, Found super ActiveRecord::Base
Finish reading files
cur_instr is : ruby_code_from_view
cur_instr is : ruby_code_from_view
cur_instr is : ruby_code_from_view
cur_instr is : ruby_code_from_view
cur_instr is : ruby_code_from_view
cur_instr is : ruby_code_from_view
cur_instr is : ruby_code_from_view
cur_instr is : ruby_code_from_view
cur_instr is : ruby_code_from_view
cur_instr is : ruby_code_from_view
cur_instr is : ruby_code_from_view
cur_instr is : ruby_code_from_view
cur_instr is : ruby_code_from_view
cur_instr is : ruby_code_from_view
cur_instr is : ruby_code_from_view
cur_instr is : ruby_code_from_view
cur_instr is : ruby_code_from_view
cur_instr is : ruby_code_from_view
cur_instr is : ruby_code_from_view
cur_instr is : ruby_code_from_view
cur_instr is : ruby_code_from_view
cur_instr is : ruby_code_from_view
cur_instr is : ruby_code_from_view
cur_instr is : ruby_code_from_view
cur_instr is : ruby_code_from_view
cur_instr is : ruby_code_from_view
cur_instr is : ruby_code_from_view
cur_instr is : ruby_code_from_view
cur_instr is : ruby_code_from_view
cur_instr is : ruby_code_from_view
cur_instr is : ruby_code_from_view
cur_instr is : ruby_code_from_view
cur_instr is : ruby_code_from_view
cur_instr is : ruby_code_from_view
cur_instr is : ruby_code_from_view
cur_instr is : ruby_code_from_view
cur_instr is : ruby_code_from_view
cur_instr is : ruby_code_from_view


=================================
=================================
Handling AdminController, events
Qnode: 55, viewstack = 23 41  getViewShow = true
	<Event totalFieldSize="5141">5141</Event>
Compute_field_order: qchain size = 1
55:[Event.on_or_after_date] (3.7) %cl_1_6[3.6]  %cl_1_6 -> order
Field (Event.id, sz=4) has 1 orders: [Event.start_time, ]
Field (Event.title, sz=64) has 1 orders: [Event.start_time, ]
Field (Event.description, sz=2450) has 1 orders: [Event.start_time, ]
Field (Event.start_time, sz=8) has 1 orders: [Event.start_time, ]
Field (Event.venue_id, sz=4) has 1 orders: [Event.start_time, ]
Field (Event.url, sz=64) has 1 orders: [Event.start_time, ]
Field (Event.created_at, sz=8) has 1 orders: [Event.start_time, ]
Field (Event.updated_at, sz=8) has 1 orders: [Event.start_time, ]
Field (Event.source_id, sz=4) has 1 orders: [Event.start_time, ]
Field (Event.duplicate_of_id, sz=4) has 1 orders: [Event.start_time, ]
Field (Event.end_time, sz=8) has 1 orders: [Event.start_time, ]
Field (Event.rrule, sz=64) has 1 orders: [Event.start_time, ]
Field (Event.venue_details, sz=2450) has 1 orders: [Event.start_time, ]
Field (Event.locked, sz=1) has 1 orders: [Event.start_time, ]
!!!!!!!!!!!!!!!!!!!!!!!!!!!!!!!!!!!!!!!!!!!!!!!!!!!!!!!
~~~~~~~~~~~~~Handling loop invariant~~~~~~~~~~~~~~~~~
~~~~~~~~~~~~~Finish handling loop invariant~~~~~~~~~~~
!!!!!!!!!!!!!!!!!!!!!!!!!!!!!!!!!!!!!!!!!!!!!!!!!!!!!!!
command : dot -Tpdf ../applications/calagator//results/AdminController_events/qgraph_vis.gv -o ../applications/calagator//results/AdminController_events/qgraph.pdf
+++ Take time: 00:00:01 +++


=================================
=================================
Handling AdminController, index
Compute_field_order: qchain size = 0
!!!!!!!!!!!!!!!!!!!!!!!!!!!!!!!!!!!!!!!!!!!!!!!!!!!!!!!
~~~~~~~~~~~~~Handling loop invariant~~~~~~~~~~~~~~~~~
~~~~~~~~~~~~~Finish handling loop invariant~~~~~~~~~~~
!!!!!!!!!!!!!!!!!!!!!!!!!!!!!!!!!!!!!!!!!!!!!!!!!!!!!!!
command : dot -Tpdf ../applications/calagator//results/AdminController_index/qgraph_vis.gv -o ../applications/calagator//results/AdminController_index/qgraph.pdf
+++ Take time: 00:00:00 +++


=================================
=================================
Handling AdminController, lock_event
Qnode: 11, viewstack =  getViewShow = false
Compute_field_order: qchain size = 1
11:[AdminController.lock_event] (2.9) %v_3[2.6] %v_5[2.8]  %v_3 -> find
Field (Event.id, sz=4) has 0 orders: []
Field (Event.title, sz=64) has 0 orders: []
Field (Event.locked, sz=1) has 0 orders: []
!!!!!!!!!!!!!!!!!!!!!!!!!!!!!!!!!!!!!!!!!!!!!!!!!!!!!!!
~~~~~~~~~~~~~Handling loop invariant~~~~~~~~~~~~~~~~~
~~~~~~~~~~~~~Finish handling loop invariant~~~~~~~~~~~
!!!!!!!!!!!!!!!!!!!!!!!!!!!!!!!!!!!!!!!!!!!!!!!!!!!!!!!
command : dot -Tpdf ../applications/calagator//results/AdminController_lock_event/qgraph_vis.gv -o ../applications/calagator//results/AdminController_lock_event/qgraph.pdf
+++ Take time: 00:00:00 +++


=================================
=================================
Handling EventsController, clone
Qnode: 15, viewstack =  getViewShow = false
Compute_field_order: qchain size = 37
15:[EventsController.clone] (4.3) %v_5[4.0] %v_7[4.2]  %v_5 -> find
541:[EventsController.clone] (32.6) %cl_1_154[32.5]  %cl_1_154 -> blank?
547:[EventsController.clone] (34.2) %cl_1_157[34.1]  %cl_1_157 -> venue
555:[EventsController.clone] (37.2) %cl_1_161[37.1]  %cl_1_161 -> venue
1192:[EventsController.clone] (37.7) %cl_1_165[37.6]  %cl_1_165 -> new_record?
1197:[EventsController.clone] (39.1) %cl_1_168[39.0]  %cl_1_168 -> venue
1202:[EventsController.clone] (40.2) %cl_1_171[40.1]  %cl_1_171 -> venue
1206:[EventsController.clone] (40.6) %cl_1_174[40.5]  %cl_1_174 -> venue
1214:[EventsController.clone] (43.2) %cl_1_178[43.1]  %cl_1_178 -> venue
1221:[EventsController.clone] (44.2) %cl_1_183[44.1]  %cl_1_183 -> venue
1227:[EventsController.clone] (46.2) %cl_1_186[46.1]  %cl_1_186 -> venue
1234:[EventsController.clone] (47.2) %cl_1_191[47.1]  %cl_1_191 -> venue
1238:[EventsController.clone] (47.6) %cl_1_194[47.5]  %cl_1_194 -> venue
1243:[EventsController.clone] (48.1) %cl_1_198[48.0]  %cl_1_198 -> venue
1249:[EventsController.clone] (50.1) %cl_1_202[50.0]  %cl_1_202 -> venue
1261:[EventsController.clone] (56.2) %cl_1_207[56.1]  %cl_1_207 -> venue
1268:[EventsController.clone] (57.2) %cl_1_212[57.1]  %cl_1_212 -> venue
1272:[EventsController.clone] (57.6) %cl_1_215[57.5]  %cl_1_215 -> venue
1277:[EventsController.clone] (58.1) %cl_1_219[58.0]  %cl_1_219 -> venue
1290:[EventsController.clone] (64.2) %cl_1_225[64.1]  %cl_1_225 -> venue
1297:[EventsController.clone] (65.2) %cl_1_230[65.1]  %cl_1_230 -> venue
1301:[EventsController.clone] (65.6) %cl_1_233[65.5]  %cl_1_233 -> venue
1312:[EventsController.clone] (70.2) %cl_1_238[70.1]  %cl_1_238 -> venue
1319:[EventsController.clone] (71.2) %cl_1_243[71.1]  %cl_1_243 -> venue
1325:[EventsController.clone] (73.2) %cl_1_246[73.1]  %cl_1_246 -> venue
1328:[EventsController.clone] (74.1) %cl_1_248[74.0]  %cl_1_248 -> venue
1361:[EventsController.clone] (76.2) %cl_1_252[76.1]  %cl_1_252 -> venue
1394:[EventsController.clone] (78.2) %cl_1_256[78.1]  %cl_1_256 -> venue
1402:[EventsController.clone] (81.2) %cl_1_260[81.1]  %cl_1_260 -> venue
1408:[EventsController.clone] (82.2) %cl_1_264[82.1]  %cl_1_264 -> venue
1477:[EventsController.clone] (97.2) %cl_1_307[97.1]  %cl_1_307 -> tags
1504:[EventsController.clone] (3.2) %cl_3_3[3.1]  %cl_3_3 -> new_record?
1538:[EventsController.clone] (3.15) %cl_4_14[3.14]  %cl_4_14 -> venue
1543:[EventsController.clone] (4.1) %cl_4_18[4.0]  %cl_4_18 -> venue
1553:[EventsController.clone] (6.4) %cl_4_25[6.3]  %cl_4_25 -> venue
1558:[EventsController.clone] (7.1) %cl_4_29[7.0]  %cl_4_29 -> venue
1681:[Event.tag_list] (9.2) %self[2.0]  %self -> tags
!!!!!!!!!!!!!!!!!!!!!!!!!!!!!!!!!!!!!!!!!!!!!!!!!!!!!!!
~~~~~~~~~~~~~Handling loop invariant~~~~~~~~~~~~~~~~~
defv 
defv %self
defv %cl_3_0
defv f
defv %current_scope
defv %current_module
defv 
defv %cl_3_3
defv %cl_3_4
defv 
defv %cl_3_5
defv 
defv 
defv %cl_3_5
defv 
defv %cl_3_8
defv %cl_3_9
defv 
defv %cl_3_11
defv %cl_3_12
defv %cl_3_13
defv %cl_3_14
defv 
defv %cl_3_15
defv 
defv %cl_3_16
defv %cl_3_17
defv 
defv 
defv 
defv %self
defv %cl_4_0
defv %current_scope
defv %current_module
defv 
defv 
defv %cl_4_4
defv 
defv %cl_4_6
defv 
defv 
defv 
defv %cl_4_9
defv %cl_4_10
defv 
defv 
defv 
defv 
defv %cl_4_14
defv %cl_4_15
defv %cl_4_16
defv %cl_4_17
defv 
defv %cl_4_18
defv %cl_4_19
defv %cl_4_20
defv 
defv %cl_4_21
defv %cl_4_22
defv %cl_4_20
defv 
defv %cl_4_24
defv 
defv %cl_4_25
defv %cl_4_26
defv %cl_4_27
defv %cl_4_28
defv 
defv %cl_4_29
defv %cl_4_30
defv %cl_4_31
defv 
defv %cl_4_32
defv %cl_4_33
defv %cl_4_31
defv %cl_4_34
defv %cl_4_35
defv 
defv 
defv 
defv 
defv 
defv %cl_4_40
defv 
defv 
defv %cl_4_42
defv %cl_4_43
defv 
defv 
defv %cl_4_45
defv %cl_4_46
defv %cl_4_47
defv 
defv 
defv 
defv %cl_4_51
defv 
defv 
defv %cl_4_53
defv %cl_4_54
defv %cl_4_55
defv 
defv 
defv 
defv %cl_4_59
defv 
defv 
defv %cl_4_61
defv %cl_4_62
defv %cl_4_63
defv 
defv 
defv 
defv %cl_4_67
defv 
defv 
defv %cl_4_69
defv %cl_4_70
defv %cl_4_71
defv 
defv 
defv 
defv %cl_4_75
defv 
defv %cl_4_76
defv 
defv 
defv %cl_4_78
defv %cl_4_79
defv 
defv %cl_4_80
defv 
defv 
defv 
defv 
defv 
defv %cl_4_85
defv %cl_4_86
defv 
defv %cl_4_88
defv %cl_4_89
defv 
defv %cl_4_91
defv 
defv %cl_4_92
defv 
defv 
defv %cl_4_95
defv 
defv %cl_4_96
defv %cl_4_97
defv %cl_4_98
defv %cl_4_99
defv 
defv 
defv %cl_4_102
defv 
defv %cl_4_104
defv 
defv 
defv 
defv 
defv %cl_4_108
defv 
defv 
defv %cl_4_110
defv %cl_4_111
defv %cl_4_112
defv 
defv %cl_4_113
defv %cl_4_114
defv 
defv 
~~~~~~~~~~~~~Finish handling loop invariant~~~~~~~~~~~
!!!!!!!!!!!!!!!!!!!!!!!!!!!!!!!!!!!!!!!!!!!!!!!!!!!!!!!
command : dot -Tpdf ../applications/calagator//results/EventsController_clone/qgraph_vis.gv -o ../applications/calagator//results/EventsController_clone/qgraph.pdf
+++ Take time: 00:00:08 +++


=================================
=================================
Handling EventsController, create
Compute_field_order: qchain size = 10
88:[Event.tag_list] (9.2) %self[2.0]  %self -> tags
746:[Event.save_tags] (3.3) %self[2.0]  %self -> tags
1381:[Event.save_tags] (3.8) %self[3.3] %self[2.0]  %self -> taggings
1417:[Event.save_tags] (3.1) %self[-1.-1] %self[2.0]  %self -> taggings
1433:[Event.save_tags] (3.1) %self[-1.-1] %self[2.0]  %self -> tags
1916:[Event::Saver.has_new_venue?] (2.7) %v_3[2.6]  %v_3 -> venue
1921:[Event::Saver.has_new_venue?] (3.3) %v_6[3.2]  %v_6 -> venue
1926:[Event::Saver.has_new_venue?] (3.8) %v_11[3.7]  %v_11 -> venue
1947:[EventsController.create_or_update] (4.8) %cl_2_10[4.7]  %cl_2_10 -> venue
2161:[EventsController.create_or_update] (3.6) %cl_4_5[3.5]  %cl_4_5 -> new_record?
columns (id, title, description, start_time, venue_id, url, created_at, updated_at, source_id, duplicate_of_id, end_time, rrule, venue_details, locked) from table Event take sources: user_input,util_func,query
!!!!!!!!!!!!!!!!!!!!!!!!!!!!!!!!!!!!!!!!!!!!!!!!!!!!!!!
~~~~~~~~~~~~~Handling loop invariant~~~~~~~~~~~~~~~~~
defv 
defv %self
defv %cl_3_0
defv tag
defv %current_scope
defv %current_module
defv 
defv %cl_3_3
defv %cl_3_4
defv 
defv %cl_3_5
defv %cl_3_6
defv 
defv 
defv 
defv %self
defv %cl_4_0
defv new_tag_name
defv %current_scope
defv %current_module
defv 
defv %cl_4_3
defv %cl_4_4
defv %cl_4_5
defv %cl_4_6
defv 
defv %cl_4_7
defv %cl_4_8
defv 
defv 
~~~~~~~~~~~~~Finish handling loop invariant~~~~~~~~~~~
!!!!!!!!!!!!!!!!!!!!!!!!!!!!!!!!!!!!!!!!!!!!!!!!!!!!!!!
command : dot -Tpdf ../applications/calagator//results/EventsController_create/qgraph_vis.gv -o ../applications/calagator//results/EventsController_create/qgraph.pdf
+++ Take time: 00:00:10 +++


=================================
=================================
Handling EventsController, destroy
Qnode: 12, viewstack =  getViewShow = false
Compute_field_order: qchain size = 1
12:[EventsController.find_and_redirect_if_locked] (2.9) %v_3[2.6] %v_5[2.8]  %v_3 -> find
Field (Event.title, sz=64) has 0 orders: []
Field (Event.locked, sz=1) has 0 orders: []
!!!!!!!!!!!!!!!!!!!!!!!!!!!!!!!!!!!!!!!!!!!!!!!!!!!!!!!
~~~~~~~~~~~~~Handling loop invariant~~~~~~~~~~~~~~~~~
~~~~~~~~~~~~~Finish handling loop invariant~~~~~~~~~~~
!!!!!!!!!!!!!!!!!!!!!!!!!!!!!!!!!!!!!!!!!!!!!!!!!!!!!!!
command : dot -Tpdf ../applications/calagator//results/EventsController_destroy/qgraph_vis.gv -o ../applications/calagator//results/EventsController_destroy/qgraph.pdf
+++ Take time: 00:00:00 +++


=================================
=================================
Handling EventsController, duplicates
command : dot -Tpdf ../applications/calagator//results/EventsController_duplicates/qgraph_vis.gv -o ../applications/calagator//results/EventsController_duplicates/qgraph.pdf
+++ Take time: 00:00:00 +++


=================================
=================================
Handling EventsController, edit
Qnode: 12, viewstack =  getViewShow = false
Compute_field_order: qchain size = 1
12:[EventsController.find_and_redirect_if_locked] (2.9) %v_3[2.6] %v_5[2.8]  %v_3 -> find
Field (Event.title, sz=64) has 0 orders: []
Field (Event.locked, sz=1) has 0 orders: []
!!!!!!!!!!!!!!!!!!!!!!!!!!!!!!!!!!!!!!!!!!!!!!!!!!!!!!!
~~~~~~~~~~~~~Handling loop invariant~~~~~~~~~~~~~~~~~
~~~~~~~~~~~~~Finish handling loop invariant~~~~~~~~~~~
!!!!!!!!!!!!!!!!!!!!!!!!!!!!!!!!!!!!!!!!!!!!!!!!!!!!!!!
command : dot -Tpdf ../applications/calagator//results/EventsController_edit/qgraph_vis.gv -o ../applications/calagator//results/EventsController_edit/qgraph.pdf
+++ Take time: 00:00:01 +++


=================================
=================================
Handling EventsController, index
Qnode: 156, viewstack = 94 106 124 142  getViewShow = true
	<Event totalFieldSize="5141">5141</Event>
Qnode: 693, viewstack = 94 375 383 673  getViewShow = true
	<Event totalFieldSize="5141">5141</Event>
Compute_field_order: qchain size = 5
156:[Event.on_or_after_date] (3.7) %cl_1_6[3.6]  %cl_1_6 -> order
693:[EventsController.render_events] (6.2) %cl_6_10[6.1]  %cl_6_10 -> order
1114:[EventsController.render_events] (9.19) event[9.5] event[9.9] event[9.12] event[9.14] event[2.2]  event -> venue
1116:[EventsController.render_events] (10.0) event[2.2]  event -> venue
1123:[EventsController.render_events] (12.1) event[2.2]  event -> venue
Field (Event.id, sz=4) has 1 orders: [Event.start_time, ]
Field (Event.title, sz=64) has 1 orders: [Event.start_time, ]
Field (Event.description, sz=2450) has 1 orders: [Event.start_time, ]
Field (Event.start_time, sz=8) has 1 orders: [Event.start_time, ]
Field (Event.venue_id, sz=4) has 1 orders: [Event.start_time, ]
Field (Event.url, sz=64) has 1 orders: [Event.start_time, ]
Field (Event.created_at, sz=8) has 1 orders: [Event.start_time, ]
Field (Event.updated_at, sz=8) has 1 orders: [Event.start_time, ]
Field (Event.source_id, sz=4) has 1 orders: [Event.start_time, ]
Field (Event.duplicate_of_id, sz=4) has 1 orders: [Event.start_time, ]
Field (Event.end_time, sz=8) has 1 orders: [Event.start_time, ]
Field (Event.rrule, sz=64) has 1 orders: [Event.start_time, ]
Field (Event.venue_details, sz=2450) has 1 orders: [Event.start_time, ]
Field (Event.locked, sz=1) has 1 orders: [Event.start_time, ]
!!!!!!!!!!!!!!!!!!!!!!!!!!!!!!!!!!!!!!!!!!!!!!!!!!!!!!!
~~~~~~~~~~~~~Handling loop invariant~~~~~~~~~~~~~~~~~
defv 
defv %self
defv %cl_8_0
defv event
defv index
defv %current_scope
defv %current_module
defv 
defv %cl_8_3
defv %cl_8_4
defv 
defv 
defv %cl_8_5
defv 
defv %cl_8_6
defv %cl_8_7
defv 
defv %cl_8_8
defv 
defv %cl_8_9
defv %cl_8_10
defv %cl_8_11
defv %cl_8_12
defv %cl_8_13
defv %cl_8_14
defv show_year
defv 
defv %cl_8_15
defv 
defv %cl_8_17
defv 
defv 
defv 
defv %cl_8_19
defv 
defv %cl_8_21
defv %cl_8_22
defv 
defv %cl_8_22
defv 
defv %cl_8_22
defv 
defv %cl_8_23
defv %cl_8_24
defv 
defv 
defv %cl_8_26
defv %cl_8_27
defv 
defv 
defv %cl_8_29
defv %cl_8_30
defv 
defv %cl_8_31
defv 
defv %cl_8_32
defv %cl_8_33
defv %cl_8_34
defv %cl_8_35
defv 
defv %cl_8_36
defv 
defv %cl_8_37
defv %cl_8_38
defv %cl_8_39
defv %cl_8_40
defv %cl_8_36
defv 
defv 
defv %cl_8_41
defv %cl_8_42
defv %cl_8_43
defv 
defv %cl_8_44
defv %cl_8_45
defv 
defv %cl_8_45
defv 
defv %cl_8_46
defv %cl_8_47
defv %cl_8_48
defv 
defv 
defv %cl_8_49
defv %cl_8_50
defv 
defv %cl_8_50
defv 
defv %cl_8_51
defv %cl_8_52
defv %cl_8_53
defv 
defv 
defv 
defv %cl_8_55
defv 
defv 
defv 
defv %cl_8_59
defv 
defv 
defv 
defv %cl_8_60
defv %cl_8_61
defv 
defv 
~~~~~~~~~~~~~Finish handling loop invariant~~~~~~~~~~~
!!!!!!!!!!!!!!!!!!!!!!!!!!!!!!!!!!!!!!!!!!!!!!!!!!!!!!!
command : dot -Tpdf ../applications/calagator//results/EventsController_index/qgraph_vis.gv -o ../applications/calagator//results/EventsController_index/qgraph.pdf
+++ Take time: 00:00:05 +++


=================================
=================================
Handling EventsController, new
Compute_field_order: qchain size = 36
533:[EventsController.new] (32.6) %cl_1_154[32.5]  %cl_1_154 -> blank?
539:[EventsController.new] (34.2) %cl_1_157[34.1]  %cl_1_157 -> venue
547:[EventsController.new] (37.2) %cl_1_161[37.1]  %cl_1_161 -> venue
1184:[EventsController.new] (37.7) %cl_1_165[37.6]  %cl_1_165 -> new_record?
1189:[EventsController.new] (39.1) %cl_1_168[39.0]  %cl_1_168 -> venue
1194:[EventsController.new] (40.2) %cl_1_171[40.1]  %cl_1_171 -> venue
1198:[EventsController.new] (40.6) %cl_1_174[40.5]  %cl_1_174 -> venue
1206:[EventsController.new] (43.2) %cl_1_178[43.1]  %cl_1_178 -> venue
1213:[EventsController.new] (44.2) %cl_1_183[44.1]  %cl_1_183 -> venue
1219:[EventsController.new] (46.2) %cl_1_186[46.1]  %cl_1_186 -> venue
1226:[EventsController.new] (47.2) %cl_1_191[47.1]  %cl_1_191 -> venue
1230:[EventsController.new] (47.6) %cl_1_194[47.5]  %cl_1_194 -> venue
1235:[EventsController.new] (48.1) %cl_1_198[48.0]  %cl_1_198 -> venue
1241:[EventsController.new] (50.1) %cl_1_202[50.0]  %cl_1_202 -> venue
1253:[EventsController.new] (56.2) %cl_1_207[56.1]  %cl_1_207 -> venue
1260:[EventsController.new] (57.2) %cl_1_212[57.1]  %cl_1_212 -> venue
1264:[EventsController.new] (57.6) %cl_1_215[57.5]  %cl_1_215 -> venue
1269:[EventsController.new] (58.1) %cl_1_219[58.0]  %cl_1_219 -> venue
1282:[EventsController.new] (64.2) %cl_1_225[64.1]  %cl_1_225 -> venue
1289:[EventsController.new] (65.2) %cl_1_230[65.1]  %cl_1_230 -> venue
1293:[EventsController.new] (65.6) %cl_1_233[65.5]  %cl_1_233 -> venue
1304:[EventsController.new] (70.2) %cl_1_238[70.1]  %cl_1_238 -> venue
1311:[EventsController.new] (71.2) %cl_1_243[71.1]  %cl_1_243 -> venue
1317:[EventsController.new] (73.2) %cl_1_246[73.1]  %cl_1_246 -> venue
1320:[EventsController.new] (74.1) %cl_1_248[74.0]  %cl_1_248 -> venue
1353:[EventsController.new] (76.2) %cl_1_252[76.1]  %cl_1_252 -> venue
1386:[EventsController.new] (78.2) %cl_1_256[78.1]  %cl_1_256 -> venue
1394:[EventsController.new] (81.2) %cl_1_260[81.1]  %cl_1_260 -> venue
1400:[EventsController.new] (82.2) %cl_1_264[82.1]  %cl_1_264 -> venue
1469:[EventsController.new] (97.2) %cl_1_307[97.1]  %cl_1_307 -> tags
1496:[EventsController.new] (3.2) %cl_3_3[3.1]  %cl_3_3 -> new_record?
1530:[EventsController.new] (3.15) %cl_4_14[3.14]  %cl_4_14 -> venue
1535:[EventsController.new] (4.1) %cl_4_18[4.0]  %cl_4_18 -> venue
1545:[EventsController.new] (6.4) %cl_4_25[6.3]  %cl_4_25 -> venue
1550:[EventsController.new] (7.1) %cl_4_29[7.0]  %cl_4_29 -> venue
1673:[Event.tag_list] (9.2) %self[2.0]  %self -> tags
!!!!!!!!!!!!!!!!!!!!!!!!!!!!!!!!!!!!!!!!!!!!!!!!!!!!!!!
~~~~~~~~~~~~~Handling loop invariant~~~~~~~~~~~~~~~~~
defv 
defv %self
defv %cl_3_0
defv f
defv %current_scope
defv %current_module
defv 
defv %cl_3_3
defv %cl_3_4
defv 
defv %cl_3_5
defv 
defv 
defv %cl_3_5
defv 
defv %cl_3_8
defv %cl_3_9
defv 
defv %cl_3_11
defv %cl_3_12
defv %cl_3_13
defv %cl_3_14
defv 
defv %cl_3_15
defv 
defv %cl_3_16
defv %cl_3_17
defv 
defv 
defv 
defv %self
defv %cl_4_0
defv %current_scope
defv %current_module
defv 
defv 
defv %cl_4_4
defv 
defv %cl_4_6
defv 
defv 
defv 
defv %cl_4_9
defv %cl_4_10
defv 
defv 
defv 
defv 
defv %cl_4_14
defv %cl_4_15
defv %cl_4_16
defv %cl_4_17
defv 
defv %cl_4_18
defv %cl_4_19
defv %cl_4_20
defv 
defv %cl_4_21
defv %cl_4_22
defv %cl_4_20
defv 
defv %cl_4_24
defv 
defv %cl_4_25
defv %cl_4_26
defv %cl_4_27
defv %cl_4_28
defv 
defv %cl_4_29
defv %cl_4_30
defv %cl_4_31
defv 
defv %cl_4_32
defv %cl_4_33
defv %cl_4_31
defv %cl_4_34
defv %cl_4_35
defv 
defv 
defv 
defv 
defv 
defv %cl_4_40
defv 
defv 
defv %cl_4_42
defv %cl_4_43
defv 
defv 
defv %cl_4_45
defv %cl_4_46
defv %cl_4_47
defv 
defv 
defv 
defv %cl_4_51
defv 
defv 
defv %cl_4_53
defv %cl_4_54
defv %cl_4_55
defv 
defv 
defv 
defv %cl_4_59
defv 
defv 
defv %cl_4_61
defv %cl_4_62
defv %cl_4_63
defv 
defv 
defv 
defv %cl_4_67
defv 
defv 
defv %cl_4_69
defv %cl_4_70
defv %cl_4_71
defv 
defv 
defv 
defv %cl_4_75
defv 
defv %cl_4_76
defv 
defv 
defv %cl_4_78
defv %cl_4_79
defv 
defv %cl_4_80
defv 
defv 
defv 
defv 
defv 
defv %cl_4_85
defv %cl_4_86
defv 
defv %cl_4_88
defv %cl_4_89
defv 
defv %cl_4_91
defv 
defv %cl_4_92
defv 
defv 
defv %cl_4_95
defv 
defv %cl_4_96
defv %cl_4_97
defv %cl_4_98
defv %cl_4_99
defv 
defv 
defv %cl_4_102
defv 
defv %cl_4_104
defv 
defv 
defv 
defv 
defv %cl_4_108
defv 
defv 
defv %cl_4_110
defv %cl_4_111
defv %cl_4_112
defv 
defv %cl_4_113
defv %cl_4_114
defv 
defv 
~~~~~~~~~~~~~Finish handling loop invariant~~~~~~~~~~~
!!!!!!!!!!!!!!!!!!!!!!!!!!!!!!!!!!!!!!!!!!!!!!!!!!!!!!!
command : dot -Tpdf ../applications/calagator//results/EventsController_new/qgraph_vis.gv -o ../applications/calagator//results/EventsController_new/qgraph.pdf
+++ Take time: 00:00:08 +++


=================================
=================================
Handling EventsController, search
Qnode: 106, viewstack = 43 55 74 92  getViewShow = true
	<Event totalFieldSize="5141">5141</Event>
Qnode: 643, viewstack = 43 325 333 623  getViewShow = true
	<Event totalFieldSize="5141">5141</Event>
Compute_field_order: qchain size = 5
106:[Event.on_or_after_date] (3.7) %cl_1_6[3.6]  %cl_1_6 -> order
643:[EventsController.render_events] (6.2) %cl_6_10[6.1]  %cl_6_10 -> order
1064:[EventsController.render_events] (9.19) event[9.5] event[9.9] event[9.12] event[9.14] event[2.2]  event -> venue
1066:[EventsController.render_events] (10.0) event[2.2]  event -> venue
1073:[EventsController.render_events] (12.1) event[2.2]  event -> venue
Field (Event.id, sz=4) has 1 orders: [Event.start_time, ]
Field (Event.title, sz=64) has 1 orders: [Event.start_time, ]
Field (Event.description, sz=2450) has 1 orders: [Event.start_time, ]
Field (Event.start_time, sz=8) has 1 orders: [Event.start_time, ]
Field (Event.venue_id, sz=4) has 1 orders: [Event.start_time, ]
Field (Event.url, sz=64) has 1 orders: [Event.start_time, ]
Field (Event.created_at, sz=8) has 1 orders: [Event.start_time, ]
Field (Event.updated_at, sz=8) has 1 orders: [Event.start_time, ]
Field (Event.source_id, sz=4) has 1 orders: [Event.start_time, ]
Field (Event.duplicate_of_id, sz=4) has 1 orders: [Event.start_time, ]
Field (Event.end_time, sz=8) has 1 orders: [Event.start_time, ]
Field (Event.rrule, sz=64) has 1 orders: [Event.start_time, ]
Field (Event.venue_details, sz=2450) has 1 orders: [Event.start_time, ]
Field (Event.locked, sz=1) has 1 orders: [Event.start_time, ]
!!!!!!!!!!!!!!!!!!!!!!!!!!!!!!!!!!!!!!!!!!!!!!!!!!!!!!!
~~~~~~~~~~~~~Handling loop invariant~~~~~~~~~~~~~~~~~
defv 
defv %self
defv %cl_8_0
defv event
defv index
defv %current_scope
defv %current_module
defv 
defv %cl_8_3
defv %cl_8_4
defv 
defv 
defv %cl_8_5
defv 
defv %cl_8_6
defv %cl_8_7
defv 
defv %cl_8_8
defv 
defv %cl_8_9
defv %cl_8_10
defv %cl_8_11
defv %cl_8_12
defv %cl_8_13
defv %cl_8_14
defv show_year
defv 
defv %cl_8_15
defv 
defv %cl_8_17
defv 
defv 
defv 
defv %cl_8_19
defv 
defv %cl_8_21
defv %cl_8_22
defv 
defv %cl_8_22
defv 
defv %cl_8_22
defv 
defv %cl_8_23
defv %cl_8_24
defv 
defv 
defv %cl_8_26
defv %cl_8_27
defv 
defv 
defv %cl_8_29
defv %cl_8_30
defv 
defv %cl_8_31
defv 
defv %cl_8_32
defv %cl_8_33
defv %cl_8_34
defv %cl_8_35
defv 
defv %cl_8_36
defv 
defv %cl_8_37
defv %cl_8_38
defv %cl_8_39
defv %cl_8_40
defv %cl_8_36
defv 
defv 
defv %cl_8_41
defv %cl_8_42
defv %cl_8_43
defv 
defv %cl_8_44
defv %cl_8_45
defv 
defv %cl_8_45
defv 
defv %cl_8_46
defv %cl_8_47
defv %cl_8_48
defv 
defv 
defv %cl_8_49
defv %cl_8_50
defv 
defv %cl_8_50
defv 
defv %cl_8_51
defv %cl_8_52
defv %cl_8_53
defv 
defv 
defv 
defv %cl_8_55
defv 
defv 
defv 
defv %cl_8_59
defv 
defv 
defv 
defv %cl_8_60
defv %cl_8_61
defv 
defv 
~~~~~~~~~~~~~Finish handling loop invariant~~~~~~~~~~~
!!!!!!!!!!!!!!!!!!!!!!!!!!!!!!!!!!!!!!!!!!!!!!!!!!!!!!!
command : dot -Tpdf ../applications/calagator//results/EventsController_search/qgraph_vis.gv -o ../applications/calagator//results/EventsController_search/qgraph.pdf
+++ Take time: 00:00:04 +++


=================================
=================================
Handling EventsController, show
Qnode: 13, viewstack =  getViewShow = false
Compute_field_order: qchain size = 1
13:[EventsController.show] (4.5) %v_6[4.2] %v_8[4.4]  %v_6 -> find
!!!!!!!!!!!!!!!!!!!!!!!!!!!!!!!!!!!!!!!!!!!!!!!!!!!!!!!
~~~~~~~~~~~~~Handling loop invariant~~~~~~~~~~~~~~~~~
~~~~~~~~~~~~~Finish handling loop invariant~~~~~~~~~~~
!!!!!!!!!!!!!!!!!!!!!!!!!!!!!!!!!!!!!!!!!!!!!!!!!!!!!!!
command : dot -Tpdf ../applications/calagator//results/EventsController_show/qgraph_vis.gv -o ../applications/calagator//results/EventsController_show/qgraph.pdf
+++ Take time: 00:00:01 +++


=================================
=================================
Handling EventsController, squash_many_duplicates
command : dot -Tpdf ../applications/calagator//results/EventsController_squash_many_duplicates/qgraph_vis.gv -o ../applications/calagator//results/EventsController_squash_many_duplicates/qgraph.pdf
+++ Take time: 00:00:00 +++


=================================
=================================
Handling EventsController, update
Qnode: 12, viewstack =  getViewShow = false
	<Event totalFieldSize="5141">5141</Event>
Compute_field_order: qchain size = 9
12:[EventsController.find_and_redirect_if_locked] (2.9) %v_3[2.6] %v_5[2.8]  %v_3 -> find
111:[Event.tag_list] (9.2) %self[2.0]  %self -> tags
769:[Event.save_tags] (3.3) %self[2.0]  %self -> tags
1404:[Event.save_tags] (3.8) %self[3.3] %self[2.0]  %self -> taggings
1440:[Event.save_tags] (3.1) %self[-1.-1] %self[2.0]  %self -> taggings
1456:[Event.save_tags] (3.1) %self[-1.-1] %self[2.0]  %self -> tags
1939:[Event::Saver.has_new_venue?] (2.7) %v_3[2.6]  %v_3 -> venue
1944:[Event::Saver.has_new_venue?] (3.3) %v_6[3.2]  %v_6 -> venue
1949:[Event::Saver.has_new_venue?] (3.8) %v_11[3.7]  %v_11 -> venue
Field (Event.id, sz=4) has 0 orders: []
Field (Event.title, sz=64) has 0 orders: []
Field (Event.description, sz=2450) has 0 orders: []
Field (Event.start_time, sz=8) has 0 orders: []
Field (Event.venue_id, sz=4) has 0 orders: []
Field (Event.url, sz=64) has 0 orders: []
Field (Event.created_at, sz=8) has 0 orders: []
Field (Event.updated_at, sz=8) has 0 orders: []
Field (Event.source_id, sz=4) has 0 orders: []
Field (Event.duplicate_of_id, sz=4) has 0 orders: []
Field (Event.end_time, sz=8) has 0 orders: []
Field (Event.rrule, sz=64) has 0 orders: []
Field (Event.venue_details, sz=2450) has 0 orders: []
Field (Event.locked, sz=1) has 0 orders: []
columns (id, title, description, start_time, venue_id, url, created_at, updated_at, source_id, duplicate_of_id, end_time, rrule, venue_details, locked) from table Event take sources: user_input,query,util_func
!!!!!!!!!!!!!!!!!!!!!!!!!!!!!!!!!!!!!!!!!!!!!!!!!!!!!!!
~~~~~~~~~~~~~Handling loop invariant~~~~~~~~~~~~~~~~~
defv 
defv %self
defv %cl_3_0
defv tag
defv %current_scope
defv %current_module
defv 
defv %cl_3_3
defv %cl_3_4
defv 
defv %cl_3_5
defv %cl_3_6
defv 
defv 
defv 
defv %self
defv %cl_4_0
defv new_tag_name
defv %current_scope
defv %current_module
defv 
defv %cl_4_3
defv %cl_4_4
defv %cl_4_5
defv %cl_4_6
defv 
defv %cl_4_7
defv %cl_4_8
defv 
defv 
~~~~~~~~~~~~~Finish handling loop invariant~~~~~~~~~~~
!!!!!!!!!!!!!!!!!!!!!!!!!!!!!!!!!!!!!!!!!!!!!!!!!!!!!!!
command : dot -Tpdf ../applications/calagator//results/EventsController_update/qgraph_vis.gv -o ../applications/calagator//results/EventsController_update/qgraph.pdf
+++ Take time: 00:00:10 +++


=================================
=================================
Handling SiteController, about
Compute_field_order: qchain size = 0
!!!!!!!!!!!!!!!!!!!!!!!!!!!!!!!!!!!!!!!!!!!!!!!!!!!!!!!
~~~~~~~~~~~~~Handling loop invariant~~~~~~~~~~~~~~~~~
~~~~~~~~~~~~~Finish handling loop invariant~~~~~~~~~~~
!!!!!!!!!!!!!!!!!!!!!!!!!!!!!!!!!!!!!!!!!!!!!!!!!!!!!!!
command : dot -Tpdf ../applications/calagator//results/SiteController_about/qgraph_vis.gv -o ../applications/calagator//results/SiteController_about/qgraph.pdf
+++ Take time: 00:00:00 +++


=================================
=================================
Handling SiteController, defunct
Compute_field_order: qchain size = 0
!!!!!!!!!!!!!!!!!!!!!!!!!!!!!!!!!!!!!!!!!!!!!!!!!!!!!!!
~~~~~~~~~~~~~Handling loop invariant~~~~~~~~~~~~~~~~~
~~~~~~~~~~~~~Finish handling loop invariant~~~~~~~~~~~
!!!!!!!!!!!!!!!!!!!!!!!!!!!!!!!!!!!!!!!!!!!!!!!!!!!!!!!
command : dot -Tpdf ../applications/calagator//results/SiteController_defunct/qgraph_vis.gv -o ../applications/calagator//results/SiteController_defunct/qgraph.pdf
+++ Take time: 00:00:01 +++


=================================
=================================
Handling SiteController, hello
Compute_field_order: qchain size = 0
!!!!!!!!!!!!!!!!!!!!!!!!!!!!!!!!!!!!!!!!!!!!!!!!!!!!!!!
~~~~~~~~~~~~~Handling loop invariant~~~~~~~~~~~~~~~~~
~~~~~~~~~~~~~Finish handling loop invariant~~~~~~~~~~~
!!!!!!!!!!!!!!!!!!!!!!!!!!!!!!!!!!!!!!!!!!!!!!!!!!!!!!!
command : dot -Tpdf ../applications/calagator//results/SiteController_hello/qgraph_vis.gv -o ../applications/calagator//results/SiteController_hello/qgraph.pdf
+++ Take time: 00:00:00 +++


=================================
=================================
Handling SiteController, index
Qnode: 468, viewstack = 56 330 457  getViewShow = true
	<Event totalFieldSize="5141">5141</Event>
Qnode: 476, viewstack = 56 330  getViewShow = true
	<Event totalFieldSize="5141">5141</Event>
Qnode: 546, viewstack = 56 330 535  getViewShow = true
	<Event totalFieldSize="5141">5141</Event>
Qnode: 554, viewstack = 56 330  getViewShow = true
	<Event totalFieldSize="5141">5141</Event>
Qnode: 1126, viewstack = 56 330 1115  getViewShow = true
	<Event totalFieldSize="5141">5141</Event>
Qnode: 1134, viewstack = 56 330  getViewShow = true
	<Event totalFieldSize="5141">5141</Event>
Qnode: 1204, viewstack = 56 330 1193  getViewShow = true
	<Event totalFieldSize="5141">5141</Event>
Qnode: 1212, viewstack = 56 330  getViewShow = true
	<Event totalFieldSize="5141">5141</Event>
Compute_field_order: qchain size = 22
368:[SiteController.index] (3.32) %cl_6_27[3.31]  %cl_6_27 -> tags
373:[SiteController.index] (4.2) %cl_6_30[4.1]  %cl_6_30 -> tags
468:[Event.after_date] (3.4) %cl_1_5[3.3]  %cl_1_5 -> order
476:[Event::Overview.more] (2.9) %v_5[2.8]  %v_5 -> first
546:[Event.after_date] (3.4) %cl_1_5[3.3]  %cl_1_5 -> order
554:[Event::Overview.more] (2.9) %v_5[2.8]  %v_5 -> first
583:[SiteController.index] (13.4) %cl_6_56[13.3]  %cl_6_56 -> blank?
671:[SiteController.index] (22.13) event[22.4] event[22.8] event[2.2]  event -> venue
673:[SiteController.index] (23.0) event[2.2]  event -> venue
680:[SiteController.index] (25.1) event[2.2]  event -> venue
749:[SiteController.index] (23.4) %cl_6_72[23.3]  %cl_6_72 -> blank?
837:[SiteController.index] (22.13) event[-1.-1] event[22.4] event[22.8] event[2.2]  event -> venue
839:[SiteController.index] (23.0) event[-1.-1] event[2.2]  event -> venue
846:[SiteController.index] (25.1) event[-1.-1] event[2.2]  event -> venue
915:[SiteController.index] (33.4) %cl_6_88[33.3]  %cl_6_88 -> blank?
1003:[SiteController.index] (22.13) event[-1.-1] event[-1.-1] event[22.4] event[22.8] event[2.2]  event -> venue
1005:[SiteController.index] (23.0) event[-1.-1] event[-1.-1] event[2.2]  event -> venue
1012:[SiteController.index] (25.1) event[-1.-1] event[-1.-1] event[2.2]  event -> venue
1126:[Event.after_date] (3.4) %cl_1_5[3.3]  %cl_1_5 -> order
1134:[Event::Overview.more] (2.9) %v_5[2.8]  %v_5 -> first
1204:[Event.after_date] (3.4) %cl_1_5[3.3]  %cl_1_5 -> order
1212:[Event::Overview.more] (2.9) %v_5[2.8]  %v_5 -> first
Field (Event.id, sz=4) has 1 orders: [Event.start_time, ]
Field (Event.title, sz=64) has 1 orders: [Event.start_time, ]
Field (Event.description, sz=2450) has 1 orders: [Event.start_time, ]
Field (Event.start_time, sz=8) has 1 orders: [Event.start_time, ]
Field (Event.venue_id, sz=4) has 1 orders: [Event.start_time, ]
Field (Event.url, sz=64) has 1 orders: [Event.start_time, ]
Field (Event.created_at, sz=8) has 1 orders: [Event.start_time, ]
Field (Event.updated_at, sz=8) has 1 orders: [Event.start_time, ]
Field (Event.source_id, sz=4) has 1 orders: [Event.start_time, ]
Field (Event.duplicate_of_id, sz=4) has 1 orders: [Event.start_time, ]
Field (Event.end_time, sz=8) has 1 orders: [Event.start_time, ]
Field (Event.rrule, sz=64) has 1 orders: [Event.start_time, ]
Field (Event.venue_details, sz=2450) has 1 orders: [Event.start_time, ]
Field (Event.locked, sz=1) has 1 orders: [Event.start_time, ]
!!!!!!!!!!!!!!!!!!!!!!!!!!!!!!!!!!!!!!!!!!!!!!!!!!!!!!!
~~~~~~~~~~~~~Handling loop invariant~~~~~~~~~~~~~~~~~
defv 
defv %self
defv %cl_8_0
defv event
defv %current_scope
defv %current_module
defv 
defv %cl_8_3
defv 
defv %cl_8_4
defv %cl_8_5
defv %cl_8_6
defv %cl_8_7
defv %cl_8_3
defv new_day
defv 
defv %cl_8_8
defv %cl_8_9
defv 
defv new_day
defv %cl_8_9
defv 
defv %cl_8_10
defv %cl_8_11
defv 
defv %cl_8_12
defv opts
defv %cl_8_11
defv 
defv %cl_8_13
defv 
defv %cl_8_14
defv 
defv %cl_8_14
defv 
defv 
defv %cl_8_15
defv %cl_8_16
defv 
defv show_year
defv %cl_8_16
defv 
defv %cl_8_17
defv %cl_8_18
defv 
defv %cl_8_19
defv %cl_8_18
defv 
defv 
defv 
defv 
defv %cl_8_20
defv date_class
defv 
defv 
defv %cl_8_22
defv 
defv %cl_8_23
defv 
defv %cl_8_25
defv 
defv 
defv 
defv %cl_8_26
defv 
defv %cl_8_28
defv 
defv %cl_8_28
defv 
defv %cl_8_29
defv %cl_8_30
defv 
defv %cl_8_31
defv 
defv %cl_8_32
defv 
defv %cl_8_33
defv %cl_8_34
defv %cl_8_35
defv %cl_8_36
defv 
defv %cl_8_37
defv 
defv %cl_8_38
defv %cl_8_39
defv %cl_8_40
defv %cl_8_41
defv %cl_8_37
defv 
defv 
defv %cl_8_42
defv %cl_8_43
defv %cl_8_44
defv 
defv %cl_8_45
defv %cl_8_46
defv 
defv %cl_8_46
defv 
defv %cl_8_47
defv %cl_8_48
defv %cl_8_49
defv 
defv 
defv %cl_8_50
defv %cl_8_51
defv 
defv %cl_8_51
defv 
defv %cl_8_52
defv %cl_8_53
defv %cl_8_54
defv 
defv 
defv 
defv %cl_8_56
defv %cl_8_57
defv 
defv 
defv 
defv %cl_8_61
defv 
defv %cl_8_61
defv 
defv %cl_8_62
defv previous_start_time
defv 
defv 
defv 
defv %self
defv %cl_9_0
defv event
defv %current_scope
defv %current_module
defv 
defv %cl_9_3
defv 
defv %cl_9_4
defv %cl_9_5
defv %cl_9_6
defv %cl_9_7
defv %cl_9_3
defv new_day
defv 
defv %cl_9_8
defv %cl_9_9
defv 
defv new_day
defv %cl_9_9
defv 
defv %cl_9_10
defv %cl_9_11
defv 
defv %cl_9_12
defv opts
defv %cl_9_11
defv 
defv %cl_9_13
defv 
defv %cl_9_14
defv 
defv %cl_9_14
defv 
defv 
defv %cl_9_15
defv %cl_9_16
defv 
defv show_year
defv %cl_9_16
defv 
defv %cl_9_17
defv %cl_9_18
defv 
defv %cl_9_19
defv %cl_9_18
defv 
defv 
defv 
defv 
defv %cl_9_20
defv date_class
defv 
defv 
defv %cl_9_22
defv 
defv %cl_9_23
defv 
defv %cl_9_25
defv 
defv 
defv 
defv %cl_9_26
defv 
defv %cl_9_28
defv 
defv %cl_9_28
defv 
defv %cl_9_29
defv %cl_9_30
defv 
defv %cl_9_31
defv 
defv %cl_9_32
defv 
defv %cl_9_33
defv %cl_9_34
defv %cl_9_35
defv %cl_9_36
defv 
defv %cl_9_37
defv 
defv %cl_9_38
defv %cl_9_39
defv %cl_9_40
defv %cl_9_41
defv %cl_9_37
defv 
defv 
defv %cl_9_42
defv %cl_9_43
defv %cl_9_44
defv 
defv %cl_9_45
defv %cl_9_46
defv 
defv %cl_9_46
defv 
defv %cl_9_47
defv %cl_9_48
defv %cl_9_49
defv 
defv 
defv %cl_9_50
defv %cl_9_51
defv 
defv %cl_9_51
defv 
defv %cl_9_52
defv %cl_9_53
defv %cl_9_54
defv 
defv 
defv 
defv %cl_9_56
defv %cl_9_57
defv 
defv 
defv 
defv %cl_9_61
defv 
defv %cl_9_61
defv 
defv %cl_9_62
defv previous_start_time
defv 
defv 
defv 
defv %self
defv %cl_10_0
defv event
defv %current_scope
defv %current_module
defv 
defv %cl_10_3
defv 
defv %cl_10_4
defv %cl_10_5
defv %cl_10_6
defv %cl_10_7
defv %cl_10_3
defv new_day
defv 
defv %cl_10_8
defv %cl_10_9
defv 
defv new_day
defv %cl_10_9
defv 
defv %cl_10_10
defv %cl_10_11
defv 
defv %cl_10_12
defv opts
defv %cl_10_11
defv 
defv %cl_10_13
defv 
defv %cl_10_14
defv 
defv %cl_10_14
defv 
defv 
defv %cl_10_15
defv %cl_10_16
defv 
defv show_year
defv %cl_10_16
defv 
defv %cl_10_17
defv %cl_10_18
defv 
defv %cl_10_19
defv %cl_10_18
defv 
defv 
defv 
defv 
defv %cl_10_20
defv date_class
defv 
defv 
defv %cl_10_22
defv 
defv %cl_10_23
defv 
defv %cl_10_25
defv 
defv 
defv 
defv %cl_10_26
defv 
defv %cl_10_28
defv 
defv %cl_10_28
defv 
defv %cl_10_29
defv %cl_10_30
defv 
defv %cl_10_31
defv 
defv %cl_10_32
defv 
defv %cl_10_33
defv %cl_10_34
defv %cl_10_35
defv %cl_10_36
defv 
defv %cl_10_37
defv 
defv %cl_10_38
defv %cl_10_39
defv %cl_10_40
defv %cl_10_41
defv %cl_10_37
defv 
defv 
defv %cl_10_42
defv %cl_10_43
defv %cl_10_44
defv 
defv %cl_10_45
defv %cl_10_46
defv 
defv %cl_10_46
defv 
defv %cl_10_47
defv %cl_10_48
defv %cl_10_49
defv 
defv 
defv %cl_10_50
defv %cl_10_51
defv 
defv %cl_10_51
defv 
defv %cl_10_52
defv %cl_10_53
defv %cl_10_54
defv 
defv 
defv 
defv %cl_10_56
defv %cl_10_57
defv 
defv 
defv 
defv %cl_10_61
defv 
defv %cl_10_61
defv 
defv %cl_10_62
defv previous_start_time
defv 
defv 
~~~~~~~~~~~~~Finish handling loop invariant~~~~~~~~~~~
!!!!!!!!!!!!!!!!!!!!!!!!!!!!!!!!!!!!!!!!!!!!!!!!!!!!!!!
command : dot -Tpdf ../applications/calagator//results/SiteController_index/qgraph_vis.gv -o ../applications/calagator//results/SiteController_index/qgraph.pdf
+++ Take time: 00:00:05 +++


=================================
=================================
Handling SiteController, omfg
Compute_field_order: qchain size = 0
!!!!!!!!!!!!!!!!!!!!!!!!!!!!!!!!!!!!!!!!!!!!!!!!!!!!!!!
~~~~~~~~~~~~~Handling loop invariant~~~~~~~~~~~~~~~~~
~~~~~~~~~~~~~Finish handling loop invariant~~~~~~~~~~~
!!!!!!!!!!!!!!!!!!!!!!!!!!!!!!!!!!!!!!!!!!!!!!!!!!!!!!!
command : dot -Tpdf ../applications/calagator//results/SiteController_omfg/qgraph_vis.gv -o ../applications/calagator//results/SiteController_omfg/qgraph.pdf
+++ Take time: 00:00:00 +++


=================================
=================================
Handling SiteController, opensearch
Compute_field_order: qchain size = 0
!!!!!!!!!!!!!!!!!!!!!!!!!!!!!!!!!!!!!!!!!!!!!!!!!!!!!!!
~~~~~~~~~~~~~Handling loop invariant~~~~~~~~~~~~~~~~~
~~~~~~~~~~~~~Finish handling loop invariant~~~~~~~~~~~
!!!!!!!!!!!!!!!!!!!!!!!!!!!!!!!!!!!!!!!!!!!!!!!!!!!!!!!
command : dot -Tpdf ../applications/calagator//results/SiteController_opensearch/qgraph_vis.gv -o ../applications/calagator//results/SiteController_opensearch/qgraph.pdf
+++ Take time: 00:00:00 +++


=================================
=================================
Handling SiteController, style
command : dot -Tpdf ../applications/calagator//results/SiteController_style/qgraph_vis.gv -o ../applications/calagator//results/SiteController_style/qgraph.pdf
+++ Take time: 00:00:00 +++


=================================
=================================
Handling SourcesController, create
Compute_field_order: qchain size = 1
248:[SourcesController.create_or_update] (3.2) %cl_4_3[3.1]  %cl_4_3 -> new_record?
columns (id, title, url, imported_at, created_at, updated_at) from table Source take sources: user_input
!!!!!!!!!!!!!!!!!!!!!!!!!!!!!!!!!!!!!!!!!!!!!!!!!!!!!!!
~~~~~~~~~~~~~Handling loop invariant~~~~~~~~~~~~~~~~~
~~~~~~~~~~~~~Finish handling loop invariant~~~~~~~~~~~
!!!!!!!!!!!!!!!!!!!!!!!!!!!!!!!!!!!!!!!!!!!!!!!!!!!!!!!
command : dot -Tpdf ../applications/calagator//results/SourcesController_create/qgraph_vis.gv -o ../applications/calagator//results/SourcesController_create/qgraph.pdf
+++ Take time: 00:00:01 +++


=================================
=================================
Handling SourcesController, destroy
Compute_field_order: qchain size = 1
11:[SourcesController.destroy] (2.9) %v_3[2.6] %v_5[2.8]  %v_3 -> find
!!!!!!!!!!!!!!!!!!!!!!!!!!!!!!!!!!!!!!!!!!!!!!!!!!!!!!!
~~~~~~~~~~~~~Handling loop invariant~~~~~~~~~~~~~~~~~
~~~~~~~~~~~~~Finish handling loop invariant~~~~~~~~~~~
!!!!!!!!!!!!!!!!!!!!!!!!!!!!!!!!!!!!!!!!!!!!!!!!!!!!!!!
command : dot -Tpdf ../applications/calagator//results/SourcesController_destroy/qgraph_vis.gv -o ../applications/calagator//results/SourcesController_destroy/qgraph.pdf
+++ Take time: 00:00:00 +++


=================================
=================================
Handling SourcesController, edit
Qnode: 11, viewstack =  getViewShow = false
Compute_field_order: qchain size = 1
11:[SourcesController.edit] (2.9) %v_3[2.6] %v_5[2.8]  %v_3 -> find
!!!!!!!!!!!!!!!!!!!!!!!!!!!!!!!!!!!!!!!!!!!!!!!!!!!!!!!
~~~~~~~~~~~~~Handling loop invariant~~~~~~~~~~~~~~~~~
~~~~~~~~~~~~~Finish handling loop invariant~~~~~~~~~~~
!!!!!!!!!!!!!!!!!!!!!!!!!!!!!!!!!!!!!!!!!!!!!!!!!!!!!!!
command : dot -Tpdf ../applications/calagator//results/SourcesController_edit/qgraph_vis.gv -o ../applications/calagator//results/SourcesController_edit/qgraph.pdf
+++ Take time: 00:00:01 +++


=================================
=================================
Handling SourcesController, import
Qnode: 36, viewstack = 18  getViewShow = true
	<Event totalFieldSize="5141">5141</Event>
Qnode: 344, viewstack = 18 60 68  getViewShow = true
	<Event totalFieldSize="5141">5141</Event>
Qnode: 701, viewstack = 18 417 425  getViewShow = true
	<Event totalFieldSize="5141">5141</Event>
Qnode: 1033, viewstack = 757  getViewShow = false
Compute_field_order: qchain size = 14
31:[SourcesController.import] (4.2) %cl_1_5[4.1]  %cl_1_5 -> events
36:[SourcesController.import] (5.2) %cl_1_9[5.1]  %cl_1_9 -> first
339:[SourcesController.import] (9.69) %cl_4_113[9.68]  %cl_4_113 -> events
344:[SourcesController.import] (9.74) %cl_4_117[9.73]  %cl_4_117 -> take
363:[SourcesController.import] (9.78) %cl_4_120[9.77]  %cl_4_120 -> events
369:[SourcesController.import] (10.2) %cl_4_124[10.1]  %cl_4_124 -> events
696:[SourcesController.import] (9.69) %cl_9_113[9.68]  %cl_9_113 -> events
701:[SourcesController.import] (9.74) %cl_9_117[9.73]  %cl_9_117 -> take
720:[SourcesController.import] (9.78) %cl_9_120[9.77]  %cl_9_120 -> events
726:[SourcesController.import] (10.2) %cl_9_124[10.1]  %cl_9_124 -> events
1028:[SourcesController.import] (9.69) %cl_12_113[9.68]  %cl_12_113 -> events
1033:[SourcesController.import] (9.74) %cl_12_117[9.73]  %cl_12_117 -> take
1052:[SourcesController.import] (9.78) %cl_12_120[9.77]  %cl_12_120 -> events
1058:[SourcesController.import] (10.2) %cl_12_124[10.1]  %cl_12_124 -> events
Field (Event.id, sz=4) has 0 orders: []
Field (Event.title, sz=64) has 0 orders: []
Field (Event.description, sz=2450) has 0 orders: []
Field (Event.start_time, sz=8) has 0 orders: []
Field (Event.venue_id, sz=4) has 0 orders: []
Field (Event.url, sz=64) has 0 orders: []
Field (Event.created_at, sz=8) has 0 orders: []
Field (Event.updated_at, sz=8) has 0 orders: []
Field (Event.source_id, sz=4) has 0 orders: []
Field (Event.duplicate_of_id, sz=4) has 0 orders: []
Field (Event.end_time, sz=8) has 0 orders: []
Field (Event.rrule, sz=64) has 0 orders: []
Field (Event.venue_details, sz=2450) has 0 orders: []
Field (Event.locked, sz=1) has 0 orders: []
!!!!!!!!!!!!!!!!!!!!!!!!!!!!!!!!!!!!!!!!!!!!!!!!!!!!!!!
~~~~~~~~~~~~~Handling loop invariant~~~~~~~~~~~~~~~~~
~~~~~~~~~~~~~Finish handling loop invariant~~~~~~~~~~~
!!!!!!!!!!!!!!!!!!!!!!!!!!!!!!!!!!!!!!!!!!!!!!!!!!!!!!!
command : dot -Tpdf ../applications/calagator//results/SourcesController_import/qgraph_vis.gv -o ../applications/calagator//results/SourcesController_import/qgraph.pdf
+++ Take time: 00:00:03 +++


=================================
=================================
Handling SourcesController, index
Qnode: 19, viewstack =  getViewShow = false
Compute_field_order: qchain size = 1
19:[Source.listing] (2.7) %self[2.0] %v_3[2.6]  %self -> order
!!!!!!!!!!!!!!!!!!!!!!!!!!!!!!!!!!!!!!!!!!!!!!!!!!!!!!!
~~~~~~~~~~~~~Handling loop invariant~~~~~~~~~~~~~~~~~
~~~~~~~~~~~~~Finish handling loop invariant~~~~~~~~~~~
!!!!!!!!!!!!!!!!!!!!!!!!!!!!!!!!!!!!!!!!!!!!!!!!!!!!!!!
command : dot -Tpdf ../applications/calagator//results/SourcesController_index/qgraph_vis.gv -o ../applications/calagator//results/SourcesController_index/qgraph.pdf
+++ Take time: 00:00:02 +++


=================================
=================================
Handling SourcesController, new
Compute_field_order: qchain size = 0
columns (url) from table Source take sources: user_input
!!!!!!!!!!!!!!!!!!!!!!!!!!!!!!!!!!!!!!!!!!!!!!!!!!!!!!!
~~~~~~~~~~~~~Handling loop invariant~~~~~~~~~~~~~~~~~
~~~~~~~~~~~~~Finish handling loop invariant~~~~~~~~~~~
!!!!!!!!!!!!!!!!!!!!!!!!!!!!!!!!!!!!!!!!!!!!!!!!!!!!!!!
command : dot -Tpdf ../applications/calagator//results/SourcesController_new/qgraph_vis.gv -o ../applications/calagator//results/SourcesController_new/qgraph.pdf
+++ Take time: 00:00:01 +++


=================================
=================================
Handling SourcesController, show
Compute_field_order: qchain size = 1
15:[SourcesController.show] (4.7) %v_6[4.2] %v_8[4.4] %v_10[4.6]  %v_6 -> find
!!!!!!!!!!!!!!!!!!!!!!!!!!!!!!!!!!!!!!!!!!!!!!!!!!!!!!!
~~~~~~~~~~~~~Handling loop invariant~~~~~~~~~~~~~~~~~
~~~~~~~~~~~~~Finish handling loop invariant~~~~~~~~~~~
!!!!!!!!!!!!!!!!!!!!!!!!!!!!!!!!!!!!!!!!!!!!!!!!!!!!!!!
command : dot -Tpdf ../applications/calagator//results/SourcesController_show/qgraph_vis.gv -o ../applications/calagator//results/SourcesController_show/qgraph.pdf
+++ Take time: 00:00:01 +++


=================================
=================================
Handling SourcesController, update
Compute_field_order: qchain size = 1
11:[SourcesController.update] (2.9) %v_3[2.6] %v_5[2.8]  %v_3 -> find
columns (id, title, url, imported_at, created_at, updated_at) from table Source take sources: user_input,query,user_input
!!!!!!!!!!!!!!!!!!!!!!!!!!!!!!!!!!!!!!!!!!!!!!!!!!!!!!!
~~~~~~~~~~~~~Handling loop invariant~~~~~~~~~~~~~~~~~
~~~~~~~~~~~~~Finish handling loop invariant~~~~~~~~~~~
!!!!!!!!!!!!!!!!!!!!!!!!!!!!!!!!!!!!!!!!!!!!!!!!!!!!!!!
command : dot -Tpdf ../applications/calagator//results/SourcesController_update/qgraph_vis.gv -o ../applications/calagator//results/SourcesController_update/qgraph.pdf
+++ Take time: 00:00:01 +++


=================================
=================================
Handling VenuesController, autocomplete
command : dot -Tpdf ../applications/calagator//results/VenuesController_autocomplete/qgraph_vis.gv -o ../applications/calagator//results/VenuesController_autocomplete/qgraph.pdf
+++ Take time: 00:00:00 +++


=================================
=================================
Handling VenuesController, create
command : dot -Tpdf ../applications/calagator//results/VenuesController_create/qgraph_vis.gv -o ../applications/calagator//results/VenuesController_create/qgraph.pdf
+++ Take time: 00:00:00 +++


=================================
=================================
Handling VenuesController, destroy
command : dot -Tpdf ../applications/calagator//results/VenuesController_destroy/qgraph_vis.gv -o ../applications/calagator//results/VenuesController_destroy/qgraph.pdf
+++ Take time: 00:00:00 +++


=================================
=================================
Handling VenuesController, duplicates
command : dot -Tpdf ../applications/calagator//results/VenuesController_duplicates/qgraph_vis.gv -o ../applications/calagator//results/VenuesController_duplicates/qgraph.pdf
+++ Take time: 00:00:00 +++


=================================
=================================
Handling VenuesController, edit
command : dot -Tpdf ../applications/calagator//results/VenuesController_edit/qgraph_vis.gv -o ../applications/calagator//results/VenuesController_edit/qgraph.pdf
+++ Take time: 00:00:00 +++


=================================
=================================
Handling VenuesController, index
command : dot -Tpdf ../applications/calagator//results/VenuesController_index/qgraph_vis.gv -o ../applications/calagator//results/VenuesController_index/qgraph.pdf
+++ Take time: 00:00:00 +++


=================================
=================================
Handling VenuesController, map
command : dot -Tpdf ../applications/calagator//results/VenuesController_map/qgraph_vis.gv -o ../applications/calagator//results/VenuesController_map/qgraph.pdf
+++ Take time: 00:00:00 +++


=================================
=================================
Handling VenuesController, new
command : dot -Tpdf ../applications/calagator//results/VenuesController_new/qgraph_vis.gv -o ../applications/calagator//results/VenuesController_new/qgraph.pdf
+++ Take time: 00:00:00 +++


=================================
=================================
Handling VenuesController, show
command : dot -Tpdf ../applications/calagator//results/VenuesController_show/qgraph_vis.gv -o ../applications/calagator//results/VenuesController_show/qgraph.pdf
+++ Take time: 00:00:00 +++


=================================
=================================
Handling VenuesController, squash_many_duplicates
command : dot -Tpdf ../applications/calagator//results/VenuesController_squash_many_duplicates/qgraph_vis.gv -o ../applications/calagator//results/VenuesController_squash_many_duplicates/qgraph.pdf
+++ Take time: 00:00:00 +++


=================================
=================================
Handling VenuesController, update
command : dot -Tpdf ../applications/calagator//results/VenuesController_update/qgraph_vis.gv -o ../applications/calagator//results/VenuesController_update/qgraph.pdf
+++ Take time: 00:00:00 +++


=================================
=================================
Handling VersionsController, edit
Compute_field_order: qchain size = 0
!!!!!!!!!!!!!!!!!!!!!!!!!!!!!!!!!!!!!!!!!!!!!!!!!!!!!!!
~~~~~~~~~~~~~Handling loop invariant~~~~~~~~~~~~~~~~~
~~~~~~~~~~~~~Finish handling loop invariant~~~~~~~~~~~
!!!!!!!!!!!!!!!!!!!!!!!!!!!!!!!!!!!!!!!!!!!!!!!!!!!!!!!
command : dot -Tpdf ../applications/calagator//results/VersionsController_edit/qgraph_vis.gv -o ../applications/calagator//results/VersionsController_edit/qgraph.pdf
+++ Take time: 00:00:01 +++
