total_weight: t -> BigDecimal
total_weight: t -> BigDecimal
total_weight: i -> Shoppe::OrderItem
total_weight: i -> Shoppe::OrderItem
total_weight: t -> BigDecimal
total_weight: i -> Shoppe::OrderItem
delivery_service_prices: prices -> Shoppe::DeliveryServicePrice::ActiveRecord_Relation
delivery_service_prices: prices -> Shoppe::DeliveryServicePrice::ActiveRecord_Relation
delivery_service_prices: prices -> Shoppe::DeliveryServicePrice::ActiveRecord_Relation
delivery_service_prices: prices -> Array
delivery_service_prices: prices -> Array
delivery_service_prices: prices -> Array
delivery_service_prices: y -> Shoppe::DeliveryServicePrice
delivery_service_prices: y -> Shoppe::DeliveryServicePrice
delivery_service_prices: x -> Shoppe::DeliveryServicePrice
delivery_service_prices: x -> Shoppe::DeliveryServicePrice
delivery_service_prices: y -> Shoppe::DeliveryServicePrice
delivery_service_prices: x -> Shoppe::DeliveryServicePrice
total_weight: t -> BigDecimal
total_weight: t -> BigDecimal
total_weight: i -> Shoppe::OrderItem
total_weight: i -> Shoppe::OrderItem
total_weight: t -> BigDecimal
total_weight: i -> Shoppe::OrderItem
total_weight: t -> BigDecimal
total_weight: t -> BigDecimal
total_weight: i -> Shoppe::OrderItem
total_weight: i -> Shoppe::OrderItem
total_weight: t -> BigDecimal
total_weight: i -> Shoppe::OrderItem
delivery_service_prices: prices -> Shoppe::DeliveryServicePrice::ActiveRecord_Relation
delivery_service_prices: prices -> Shoppe::DeliveryServicePrice::ActiveRecord_Relation
delivery_service_prices: prices -> Shoppe::DeliveryServicePrice::ActiveRecord_Relation
delivery_service_prices: prices -> Array
delivery_service_prices: prices -> Array
delivery_service_prices: prices -> Array
delivery_service_prices: y -> Shoppe::DeliveryServicePrice
delivery_service_prices: y -> Shoppe::DeliveryServicePrice
delivery_service_prices: x -> Shoppe::DeliveryServicePrice
delivery_service_prices: x -> Shoppe::DeliveryServicePrice
delivery_service_prices: y -> Shoppe::DeliveryServicePrice
delivery_service_prices: x -> Shoppe::DeliveryServicePrice
total_weight: t -> BigDecimal
total_weight: t -> BigDecimal
total_weight: i -> Shoppe::OrderItem
total_weight: i -> Shoppe::OrderItem
total_weight: t -> BigDecimal
total_weight: i -> Shoppe::OrderItem
total_weight: t -> BigDecimal
total_weight: t -> BigDecimal
total_weight: i -> Shoppe::OrderItem
total_weight: i -> Shoppe::OrderItem
total_weight: t -> BigDecimal
total_weight: i -> Shoppe::OrderItem
delivery_service_prices: prices -> Shoppe::DeliveryServicePrice::ActiveRecord_Relation
delivery_service_prices: prices -> Shoppe::DeliveryServicePrice::ActiveRecord_Relation
delivery_service_prices: prices -> Shoppe::DeliveryServicePrice::ActiveRecord_Relation
delivery_service_prices: prices -> Array
delivery_service_prices: prices -> Array
delivery_service_prices: prices -> Array
delivery_service_prices: y -> Shoppe::DeliveryServicePrice
delivery_service_prices: y -> Shoppe::DeliveryServicePrice
delivery_service_prices: x -> Shoppe::DeliveryServicePrice
delivery_service_prices: x -> Shoppe::DeliveryServicePrice
delivery_service_prices: y -> Shoppe::DeliveryServicePrice
delivery_service_prices: x -> Shoppe::DeliveryServicePrice
add_to_basket: wants -> ActionController::MimeResponds::Collector
add_to_basket: wants -> ActionController::MimeResponds::Collector
total_items: t -> Fixnum
total_items: t -> Fixnum
total_items: i -> Shoppe::OrderItem
total_items: i -> Shoppe::OrderItem
total_items: t -> Fixnum
total_items: i -> Shoppe::OrderItem
total_items: t -> Fixnum
total_items: t -> Fixnum
total_items: i -> Shoppe::OrderItem
total_items: i -> Shoppe::OrderItem
total_items: t -> Fixnum
total_items: i -> Shoppe::OrderItem
total_weight: t -> BigDecimal
total_weight: t -> BigDecimal
total_weight: i -> Shoppe::OrderItem
total_weight: i -> Shoppe::OrderItem
total_weight: t -> BigDecimal
total_weight: i -> Shoppe::OrderItem
total_weight: t -> BigDecimal
total_weight: t -> BigDecimal
total_weight: i -> Shoppe::OrderItem
total_weight: i -> Shoppe::OrderItem
total_weight: t -> BigDecimal
total_weight: i -> Shoppe::OrderItem
delivery_service_prices: prices -> Shoppe::DeliveryServicePrice::ActiveRecord_Relation
delivery_service_prices: prices -> Shoppe::DeliveryServicePrice::ActiveRecord_Relation
delivery_service_prices: prices -> Shoppe::DeliveryServicePrice::ActiveRecord_Relation
delivery_service_prices: prices -> Array
delivery_service_prices: prices -> Array
delivery_service_prices: prices -> Array
delivery_service_prices: y -> Shoppe::DeliveryServicePrice
delivery_service_prices: y -> Shoppe::DeliveryServicePrice
delivery_service_prices: x -> Shoppe::DeliveryServicePrice
delivery_service_prices: x -> Shoppe::DeliveryServicePrice
delivery_service_prices: y -> Shoppe::DeliveryServicePrice
delivery_service_prices: x -> Shoppe::DeliveryServicePrice
total_weight: t -> BigDecimal
total_weight: t -> BigDecimal
total_weight: i -> Shoppe::OrderItem
total_weight: i -> Shoppe::OrderItem
total_weight: t -> BigDecimal
total_weight: i -> Shoppe::OrderItem
total_weight: t -> BigDecimal
total_weight: t -> BigDecimal
total_weight: i -> Shoppe::OrderItem
total_weight: i -> Shoppe::OrderItem
total_weight: t -> BigDecimal
total_weight: i -> Shoppe::OrderItem
delivery_service_prices: prices -> Shoppe::DeliveryServicePrice::ActiveRecord_Relation
delivery_service_prices: prices -> Shoppe::DeliveryServicePrice::ActiveRecord_Relation
delivery_service_prices: prices -> Shoppe::DeliveryServicePrice::ActiveRecord_Relation
delivery_service_prices: prices -> Array
delivery_service_prices: prices -> Array
delivery_service_prices: prices -> Array
delivery_service_prices: y -> Shoppe::DeliveryServicePrice
delivery_service_prices: y -> Shoppe::DeliveryServicePrice
delivery_service_prices: x -> Shoppe::DeliveryServicePrice
delivery_service_prices: x -> Shoppe::DeliveryServicePrice
delivery_service_prices: y -> Shoppe::DeliveryServicePrice
delivery_service_prices: x -> Shoppe::DeliveryServicePrice
total_weight: t -> BigDecimal
total_weight: t -> BigDecimal
total_weight: i -> Shoppe::OrderItem
total_weight: i -> Shoppe::OrderItem
total_weight: t -> BigDecimal
total_weight: i -> Shoppe::OrderItem
items_sub_total: t -> BigDecimal
items_sub_total: t -> BigDecimal
items_sub_total: i -> Shoppe::OrderItem
items_sub_total: i -> Shoppe::OrderItem
items_sub_total: t -> BigDecimal
items_sub_total: i -> Shoppe::OrderItem
: @product_category -> Shoppe::ProductCategory
add_to_basket: @product -> Shoppe::Product
(self ...): new_item -> Shoppe::OrderItem
(self ...): new_item -> Shoppe::OrderItem
(self ...): new_item -> Shoppe::OrderItem
add_to_basket: wants -> ActionController::MimeResponds::Collector
add_to_basket: wants -> ActionController::MimeResponds::Collector
add_to_basket: e -> Shoppe::Errors::NotEnoughStock
total_items: t -> Fixnum
total_items: t -> Fixnum
total_items: i -> Shoppe::OrderItem
total_items: i -> Shoppe::OrderItem
total_items: t -> Fixnum
total_items: i -> Shoppe::OrderItem
total_items: t -> Fixnum
total_items: t -> Fixnum
total_items: i -> Shoppe::OrderItem
total_items: i -> Shoppe::OrderItem
total_items: t -> Fixnum
total_items: i -> Shoppe::OrderItem
total_weight: t -> BigDecimal
total_weight: t -> BigDecimal
total_weight: i -> Shoppe::OrderItem
total_weight: i -> Shoppe::OrderItem
total_weight: t -> BigDecimal
total_weight: i -> Shoppe::OrderItem
total_weight: t -> BigDecimal
total_weight: t -> BigDecimal
total_weight: i -> Shoppe::OrderItem
total_weight: i -> Shoppe::OrderItem
total_weight: t -> BigDecimal
total_weight: i -> Shoppe::OrderItem
delivery_service_prices: prices -> Shoppe::DeliveryServicePrice::ActiveRecord_Relation
delivery_service_prices: prices -> Shoppe::DeliveryServicePrice::ActiveRecord_Relation
delivery_service_prices: prices -> Shoppe::DeliveryServicePrice::ActiveRecord_Relation
delivery_service_prices: prices -> Array
delivery_service_prices: prices -> Array
delivery_service_prices: prices -> Array
delivery_service_prices: y -> Shoppe::DeliveryServicePrice
delivery_service_prices: y -> Shoppe::DeliveryServicePrice
delivery_service_prices: x -> Shoppe::DeliveryServicePrice
delivery_service_prices: x -> Shoppe::DeliveryServicePrice
delivery_service_prices: y -> Shoppe::DeliveryServicePrice
delivery_service_prices: x -> Shoppe::DeliveryServicePrice
total_weight: t -> BigDecimal
total_weight: t -> BigDecimal
total_weight: i -> Shoppe::OrderItem
total_weight: i -> Shoppe::OrderItem
total_weight: t -> BigDecimal
total_weight: i -> Shoppe::OrderItem
total_weight: t -> BigDecimal
total_weight: t -> BigDecimal
total_weight: i -> Shoppe::OrderItem
total_weight: i -> Shoppe::OrderItem
total_weight: t -> BigDecimal
total_weight: i -> Shoppe::OrderItem
delivery_service_prices: prices -> Shoppe::DeliveryServicePrice::ActiveRecord_Relation
delivery_service_prices: prices -> Shoppe::DeliveryServicePrice::ActiveRecord_Relation
delivery_service_prices: prices -> Shoppe::DeliveryServicePrice::ActiveRecord_Relation
delivery_service_prices: prices -> Array
delivery_service_prices: prices -> Array
delivery_service_prices: prices -> Array
delivery_service_prices: y -> Shoppe::DeliveryServicePrice
delivery_service_prices: y -> Shoppe::DeliveryServicePrice
delivery_service_prices: x -> Shoppe::DeliveryServicePrice
delivery_service_prices: x -> Shoppe::DeliveryServicePrice
delivery_service_prices: y -> Shoppe::DeliveryServicePrice
delivery_service_prices: x -> Shoppe::DeliveryServicePrice
total_weight: t -> BigDecimal
total_weight: t -> BigDecimal
total_weight: i -> Shoppe::OrderItem
total_weight: i -> Shoppe::OrderItem
total_weight: t -> BigDecimal
total_weight: i -> Shoppe::OrderItem
items_sub_total: t -> BigDecimal
items_sub_total: t -> BigDecimal
items_sub_total: i -> Shoppe::OrderItem
items_sub_total: i -> Shoppe::OrderItem
items_sub_total: t -> BigDecimal
items_sub_total: i -> Shoppe::OrderItem
