SET IRMethod, name = readable_by?
BB 1
	outgoing: 12 2 
	datadep: 
	instructions:
BB 2
	outgoing: 3 4 
	datadep: 
	instructions:
		 0: 
		 1: 
		 2: 
		 3: 
		 4: 
		 5: 
		 6: 
		 7: user->admin? user[2.5,] 
		 8: BRANCH %v_3[2.7,] 
BB 3
	outgoing: 12 
	datadep: 
	instructions:
		 0: 
		 1: 
		 2: RETURN 
BB 4
	outgoing: 5 6 
	datadep: 2 
	instructions:
		 0: %self->resource %self[2.0,] 
		 1: %v_5->hidden? %v_5[4.0,] 
		 2: BRANCH %v_6[4.1,] 
BB 5
	outgoing: 10 
	datadep: 
	instructions:
		 0: 
		 1: 
		 2: 
BB 6
	outgoing: 7 8 
	datadep: 2 
	instructions:
		 0: %self->resource %self[2.0,] 
		 1: %v_8->group_ids %v_8[6.0,] 
		 2: %v_9->any? %v_9[6.1,] 
		 3: BRANCH %v_10[6.2,] 
BB 7
	outgoing: 9 
	datadep: 2 2 
	instructions:
		 0: 
		 1: %self->resource %self[2.0,] 
		 2: %v_11->group_ids %v_11[7.1,] 
		 3: user->group_ids user[2.5,] 
		 4: %v_13[7.3,] %v_12[7.2,] 
		 5: %v_14->any? %v_14[7.4,] 
		 6: 
BB 8
	outgoing: 9 
	datadep: 
	instructions:
		 0: 
		 1: 
BB 9
	outgoing: 10 
	datadep: 8 7 
	instructions:
		 0: %v_15[8.1,7.5,] 
BB 10
	outgoing: 12 
	datadep: 9 5 
	instructions:
		 0: RETURN %v_7[9.0,5.1,] 
BB 12
	outgoing: 
	datadep: 
	instructions:

SET IRMethod, name = readable_by
BB 1
	outgoing: 8 2 
	datadep: 
	instructions:
BB 2
	outgoing: 3 4 
	datadep: 
	instructions:
		 0: 
		 1: 
		 2: 
		 3: 
		 4: 
		 5: 
		 6: 
		 7: scope[2.6,] 
BB 3
	outgoing: 4 
	datadep: 
	instructions:
		 0: (Album) 
		 1: %v_3->all %v_3[3.0,] 
		 2: %v_4[3.1,] 
BB 4
	outgoing: 5 6 
	datadep: 2 
	instructions:
		 0: 
		 1: user->admin? user[2.5,] 
		 2: BRANCH %v_5[4.1,] 
BB 5
	outgoing: 8 
	datadep: 3 2 3 2 
	instructions:
		 0: 
		 1: scope[3.2,2.6,] 
		 2: RETURN scope[3.2,2.6,] 
BB 6
	outgoing: 8 
	datadep: 3 2 2 
	instructions:
		 0: 
		 1: scope->active scope[3.2,2.6,] 
		 2: 
		 3: %v_7->joins %v_8[6.2,] %v_7[6.1,] 
		 4: 
		 5: user->group_ids user[2.5,] 
		 6: %v_9->where %v_9[6.3,] %v_10[6.4,] %v_11[6.5,] 
		 7: RETURN %v_12[6.6,] 
BB 8
	outgoing: 
	datadep: 
	instructions:

