SET IRMethod, name = creatable_by?
BB 1
	outgoing: 3 2 
	datadep: 
	instructions:
BB 2
	outgoing: 3 
	datadep: 
	instructions:
		 0: 
		 1: 
		 2: 
		 3: 
		 4: 
		 5: 
		 6: 
		 7: user->admin? user[2.5,] 
		 8: RETURN %v_3[2.7,] 
BB 3
	outgoing: 
	datadep: 
	instructions:

SET IRMethod, name = readable_by?
BB 1
	outgoing: 31 2 
	datadep: 
	instructions:
BB 2
	outgoing: 3 4 
	datadep: 
	instructions:
		 0: 
		 1: 
		 2: 
		 3: 
		 4: 
		 5: 
		 6: 
		 7: %self->resource %self[2.0,] 
		 8: user->family user[2.5,] 
		 9: %v_4[2.8,] %v_3[2.7,] 
		 10: BRANCH %v_5[2.9,] 
BB 3
	outgoing: 4 
	datadep: 2 
	instructions:
		 0: %self->resource %self[2.0,] 
		 1: %v_6->deleted? %v_6[3.0,] 
		 2: %v_7->! %v_7[3.1,] 
		 3: %v_8[3.2,] 
BB 4
	outgoing: 5 6 
	datadep: 3 2 
	instructions:
		 0: BRANCH %v_5[3.3,2.9,] 
BB 5
	outgoing: 31 
	datadep: 
	instructions:
		 0: 
		 1: 
		 2: RETURN 
BB 6
	outgoing: 7 8 
	datadep: 2 
	instructions:
		 0: 
		 1: %self->resource %self[2.0,] 
		 2: %v_10->visible? %v_10[6.1,] 
		 3: BRANCH %v_11[6.2,] 
BB 7
	outgoing: 8 
	datadep: 2 
	instructions:
		 0: %self->resource %self[2.0,] 
		 1: %v_12->deleted? %v_12[7.0,] 
		 2: %v_13->! %v_13[7.1,] 
		 3: %v_14[7.2,] 
BB 8
	outgoing: 9 10 
	datadep: 7 6 
	instructions:
		 0: BRANCH %v_11[7.3,6.2,] 
BB 9
	outgoing: 29 
	datadep: 
	instructions:
		 0: 
		 1: 
		 2: 
BB 10
	outgoing: 11 12 
	datadep: 2 
	instructions:
		 0: 
		 1: %self->resource %self[2.0,] 
		 2: %v_16->visible? %v_16[10.1,] 
		 3: BRANCH %v_17[10.2,] 
BB 11
	outgoing: 12 
	datadep: 2 
	instructions:
		 0: %self->resource %self[2.0,] 
		 1: %v_18->deleted? %v_18[11.0,] 
		 2: %v_19[11.1,] 
BB 12
	outgoing: 13 17 
	datadep: 11 10 
	instructions:
		 0: BRANCH %v_17[11.2,10.2,] 
BB 13
	outgoing: 14 15 
	datadep: 2 
	instructions:
		 0: 
		 1: user->admin? user[2.5,] 
		 2: BRANCH %v_20[13.1,] 
BB 14
	outgoing: 16 
	datadep: 
	instructions:
		 0: 
		 1: 
BB 15
	outgoing: 16 
	datadep: 
	instructions:
		 0: 
BB 16
	outgoing: 28 
	datadep: 
	instructions:
		 0: 
BB 17
	outgoing: 18 19 
	datadep: 2 
	instructions:
		 0: 
		 1: %self->resource %self[2.0,] 
		 2: %v_22->visible? %v_22[17.1,] 
		 3: %v_23->! %v_23[17.2,] 
		 4: BRANCH %v_24[17.3,] 
BB 18
	outgoing: 19 
	datadep: 2 
	instructions:
		 0: %self->resource %self[2.0,] 
		 1: %v_25->deleted? %v_25[18.0,] 
		 2: %v_26[18.1,] 
BB 19
	outgoing: 20 26 
	datadep: 18 17 
	instructions:
		 0: BRANCH %v_24[18.2,17.3,] 
BB 20
	outgoing: 21 22 
	datadep: 2 
	instructions:
		 0: 
		 1: user->admin? user[2.5,] 
		 2: BRANCH %v_27[20.1,] 
BB 21
	outgoing: 22 
	datadep: 2 
	instructions:
		 0: user->admin? user[2.5,] 
		 1: %v_28[21.0,] 
BB 22
	outgoing: 23 24 
	datadep: 21 20 
	instructions:
		 0: BRANCH %v_27[21.1,20.1,] 
BB 23
	outgoing: 25 
	datadep: 
	instructions:
		 0: 
		 1: 
BB 24
	outgoing: 25 
	datadep: 
	instructions:
		 0: 
BB 25
	outgoing: 27 
	datadep: 
	instructions:
		 0: 
BB 26
	outgoing: 27 
	datadep: 
	instructions:
		 0: 
BB 27
	outgoing: 28 
	datadep: 26 24 23 
	instructions:
		 0: %v_29[26.0,24.0,23.0,] 
BB 28
	outgoing: 29 
	datadep: 27 15 14 
	instructions:
		 0: %v_21[27.0,15.0,14.0,] 
BB 29
	outgoing: 31 
	datadep: 28 9 
	instructions:
		 0: RETURN %v_15[28.0,9.1,] 
BB 31
	outgoing: 
	datadep: 
	instructions:

SET IRMethod, name = updatable_by?
BB 1
	outgoing: 21 2 
	datadep: 
	instructions:
BB 2
	outgoing: 3 4 
	datadep: 
	instructions:
		 0: 
		 1: 
		 2: 
		 3: 
		 4: 
		 5: 
		 6: 
		 7: %self->resource %self[2.0,] 
		 8: user->family user[2.5,] 
		 9: %v_4[2.8,] %v_3[2.7,] 
		 10: BRANCH %v_5[2.9,] 
BB 3
	outgoing: 4 
	datadep: 2 
	instructions:
		 0: user->adult? user[2.5,] 
		 1: %v_6[3.0,] 
BB 4
	outgoing: 5 6 
	datadep: 3 2 
	instructions:
		 0: BRANCH %v_5[3.1,2.9,] 
BB 5
	outgoing: 6 
	datadep: 2 
	instructions:
		 0: %self->resource %self[2.0,] 
		 1: %v_7->deleted? %v_7[5.0,] 
		 2: %v_8->! %v_8[5.1,] 
		 3: %v_9[5.2,] 
BB 6
	outgoing: 7 8 
	datadep: 5 3 2 
	instructions:
		 0: BRANCH %v_5[5.3,3.1,2.9,] 
BB 7
	outgoing: 8 
	datadep: 2 
	instructions:
		 0: user->account_frozen? user[2.5,] 
		 1: %v_10->! %v_10[7.0,] 
		 2: %v_11[7.1,] 
BB 8
	outgoing: 9 10 
	datadep: 7 5 3 2 
	instructions:
		 0: BRANCH %v_5[7.2,5.3,3.1,2.9,] 
BB 9
	outgoing: 21 
	datadep: 
	instructions:
		 0: 
		 1: 
		 2: RETURN 
BB 10
	outgoing: 11 18 
	datadep: 2 
	instructions:
		 0: 
		 1: user->admin? user[2.5,] 
		 2: BRANCH %v_13[10.1,] 
BB 11
	outgoing: 12 13 
	datadep: 2 
	instructions:
		 0: 
		 1: %self->resource %self[2.0,] 
		 2: %v_14->visible? %v_14[11.1,] 
		 3: BRANCH %v_15[11.2,] 
BB 12
	outgoing: 17 
	datadep: 
	instructions:
		 0: 
		 1: 
		 2: 
BB 13
	outgoing: 14 15 
	datadep: 2 
	instructions:
		 0: 
		 1: user->admin? user[2.5,] 
		 2: BRANCH %v_17[13.1,] 
BB 14
	outgoing: 16 
	datadep: 
	instructions:
		 0: 
		 1: 
		 2: 
BB 15
	outgoing: 16 
	datadep: 
	instructions:
		 0: 
BB 16
	outgoing: 17 
	datadep: 15 14 
	instructions:
		 0: %v_18[15.0,14.1,] 
BB 17
	outgoing: 19 
	datadep: 
	instructions:
		 0: 
BB 18
	outgoing: 19 
	datadep: 
	instructions:
		 0: 
BB 19
	outgoing: 21 
	datadep: 18 16 12 
	instructions:
		 0: RETURN %v_16[18.0,16.0,12.1,] 
BB 21
	outgoing: 
	datadep: 
	instructions:

SET IRMethod, name = deletable_by?
BB 1
	outgoing: 12 2 
	datadep: 
	instructions:
BB 2
	outgoing: 3 10 
	datadep: 
	instructions:
		 0: 
		 1: 
		 2: 
		 3: 
		 4: 
		 5: 
		 6: 
		 7: user->admin? user[2.5,] 
		 8: BRANCH %v_3[2.7,] 
BB 3
	outgoing: 4 5 
	datadep: 2 
	instructions:
		 0: 
		 1: %self->resource %self[2.0,] 
		 2: %v_4->visible? %v_4[3.1,] 
		 3: BRANCH %v_5[3.2,] 
BB 4
	outgoing: 9 
	datadep: 
	instructions:
		 0: 
		 1: 
		 2: 
BB 5
	outgoing: 6 7 
	datadep: 2 
	instructions:
		 0: 
		 1: user->admin? user[2.5,] 
		 2: BRANCH %v_7[5.1,] 
BB 6
	outgoing: 8 
	datadep: 
	instructions:
		 0: 
		 1: 
		 2: 
BB 7
	outgoing: 8 
	datadep: 
	instructions:
		 0: 
BB 8
	outgoing: 9 
	datadep: 7 6 
	instructions:
		 0: %v_8[7.0,6.1,] 
BB 9
	outgoing: 12 
	datadep: 8 4 
	instructions:
		 0: RETURN %v_6[8.0,4.1,] 
BB 10
	outgoing: 12 
	datadep: 
	instructions:
		 0: RETURN 
BB 12
	outgoing: 
	datadep: 
	instructions:

SET IRMethod, name = reorderable_by?
BB 1
	outgoing: 3 2 
	datadep: 
	instructions:
BB 2
	outgoing: 3 
	datadep: 
	instructions:
		 0: 
		 1: 
		 2: 
		 3: 
		 4: 
		 5: 
		 6: 
		 7: user->admin? user[2.5,] 
		 8: RETURN %v_3[2.7,] 
BB 3
	outgoing: 
	datadep: 
	instructions:

