digraph sketch {
	n21 [label=<<i>21__ _self -> session</i>> color=crimson]; 
	n26 [label=<<i>26__ _self -> session</i>> color=crimson]; 
	n26 -> n30 [label="3"]
	n30 [label=<<i>30__ _v_5 -> where</i>> color=blue]; 
	n30 -> n31 [label="0"]
	n31 [label=<<i>31__ _v_10 -> first</i>> color=blue]; 
	n97 [label=<<i>97__ _self -> params</i>> color=crimson]; 
	n141 [label=<<i>141__ _self -> lock</i>> color=blue]; 
	n141 -> n143 [label="0"]
	n143 [label=<<i>143__ _cl_1_3 -> where</i>> color=blue]; 
	n143 -> n144 [label="0"]
	n144 [label=<<i>144__ _cl_1_5 -> first</i>> color=blue]; 
	n144 -> n172 [label="1"]
	n172 [label=<<i>172__ kv -> save!</i>> color=blue]; 
	n241 [label=<<i>241__ traffic_kv -> save!</i>> color=blue]; 
	n245 [label=<<i>245__ date_kv -> save!</i>> color=blue]; 
	n289 [label=<<i>289__ _self -> params</i>> color=crimson]; 
	n346 [label=<<i>346__ traffic_kv -> save!</i>> color=blue]; 
	n350 [label=<<i>350__ date_kv -> save!</i>> color=blue]; 
	n376 [label=<<i>376__ _self -> session</i>> color=crimson]; 
	n381 [label=<<i>381__ _self -> session</i>> color=crimson]; 
	n381 -> n385 [label="3"]
	n385 [label=<<i>385__ _v_5 -> where</i>> color=blue]; 
	n385 -> n386 [label="0"]
	n386 [label=<<i>386__ _v_10 -> first</i>> color=blue]; 
	n431 [label=<<i>431__ _self -> session</i>> color=crimson]; 
	n450 [label=<<i>450__ _self -> params</i>> color=crimson]; 
	n450 -> n454 [label="3"]
	n454 [label=<<i>454__ _v_3 -> try</i>> color=blue]; 
	n750 [label=<<i>750__ self -> where</i>> color=blue]; 
	n752 [label=<<i>752__ _v_3 -> put</i>> color=blue]; 
	n777 [label=<<i>777__ recipient -> where</i>> color=blue]; 
	n779 [label=<<i>779__ author -> where</i>> color=blue]; 
	n926 [label=<<i>926__ m -> save</i>> color=blue]; 
	n929 [label=<<i>929__ m -> save</i>> color=blue]; 
	n1084 [label=<<i>1084__ _cl_1_9 -> execute</i>> color=blue]; 
	n1100 [label=<<i>1100__ _cl_1_23 -> execute</i>> color=blue]; 
	n1130 [label=<<i>1130__ _cl_1_42 -> execute</i>> color=blue]; 
	n1141 [label=<<i>1141__ kv -> save!</i>> color=blue]; 
	n1158 [label=<<i>1158__ _self -> where</i>> color=blue]; 
	n1158 -> n1159 [label="0"]
	n1159 [label=<<i>1159__ _v_4 -> first</i>> color=blue]; 
	n1159 -> n1160 [label="0"]
	n1160 [label=<<i>1160__ _v_5 -> try</i>> color=blue]; 
	n1235 [label=<<i>1235__ _v_3 -> where</i>> color=blue]; 
	n1235 -> n1236 [label="0"]
	n1236 [label=<<i>1236__ _v_5 -> first_or_initialize</i>> color=blue]; 
	n1236 -> n1242 [label="0"]
	n1236 -> n1284 [label="1"]
	n1236 -> n1287 [label="1"]
	n1236 -> n1329 [label="1"]
	n1236 -> n1346 [label="2"]
	n1236 -> n1625 [label="2"]
	n1242 [label=<<i>1242__ _v_6 -> new_record?</i>> color=blue]; 
	n1284 [label=<<i>1284__ v -> destroy!</i>> color=blue]; 
	n1287 [label=<<i>1287__ v -> new_record?</i>> color=blue]; 
	n1329 [label=<<i>1329__ v -> save!</i>> color=blue]; 
	n1346 [label=<<i>1346__ _cl_1_30 -> find</i>> color=blue]; 
	n1346 -> n1420 [label="2"]
	n1346 -> n1474 [label="7"]
	n1346 -> n1496 [label="8"]
	n1346 -> n1531 [label="9"]
	n1420 [label=<<i>1420__ _cl_1_35 -> update_counters</i>> color=blue]; 
	n1474 [label=<<i>1474__ _v_10 -> execute</i>> color=blue]; 
	n1496 [label=<<i>1496__ _v_3 -> select</i>> color=blue]; 
	n1531 [label=<<i>1531__ _v_6 -> where</i>> color=blue]; 
	n1531 -> n1532 [label="0"]
	n1532 [label=<<i>1532__ _v_9 -> select</i>> color=blue]; 
	n1625 [label=<<i>1625__ _cl_1_41 -> find</i>> color=blue]; 
	n1625 -> n1636 [label="2"]
	n1625 -> n2187 [label="6"]
	n1625 -> n1776 [label="9"]
	n1625 -> n2462 [label="9"]
	n1625 -> n1902 [label="10"]
	n1625 -> n1987 [label="11"]
	n1625 -> n1814 [label="13"]
	n1625 -> n2081 [label="15"]
	n1625 -> n2063 [label="16"]
	n1625 -> n2068 [label="18"]
	n1636 [label=<<i>1636__ _cl_1_46 -> update_counters</i>> color=blue]; 
	n1776 [label=<<i>1776__ _self -> new_record?</i>> color=blue]; 
	n1814 [label=<<i>1814__ tg -> new_record?</i>> color=blue]; 
	n1902 [label=<<i>1902__ _v_21 -> try</i>> color=blue]; 
	n1902 -> n1987 [label="1"]
	n1987 [label=<<i>1987__ m -> save</i>> color=blue]; 
	n2060 [label=<<i>2060__ _v_4 -> select</i>> color=blue]; 
	n2060 -> n2063 [label="0"]
	n2063 [label=<<i>2063__ _v_5 -> where</i>> color=blue]; 
	n2063 -> n2068 [label="2"]
	n2068 [label=<<i>2068__ _v_3 -> where</i>> color=blue]; 
	n2068 -> n2081 [label="3"]
	n2081 [label=<<i>2081__ _self -> order</i>> color=blue]; 
	n2081 -> n2082 [label="0"]
	n2082 [label=<<i>2082__ _v_4 -> group_by</i>> color=blue]; 
	n2187 [label=<<i>2187__ _v_12 -> execute</i>> color=blue]; 
	n2231 [label=<<i>2231__ _v_4 -> try</i>> color=blue]; 
	n2358 [label=<<i>2358__ _cl_1_3 -> where</i>> color=blue]; 
	n2358 -> n2359 [label="0"]
	n2359 [label=<<i>2359__ _cl_1_5 -> first</i>> color=blue]; 
	n2462 [label=<<i>2462__ _self -> save</i>> color=blue]; 
	n2488 [label=<<i>2488__ m -> save</i>> color=blue]; 
	n2506 [label=<<i>2506__ m -> save</i>> color=blue]; 
	n2525 [label=<<i>2525__ _self -> save!</i>> color=blue]; 
}