SET IRMethod, name = available_custom_attributes
BB 1
	outgoing: 6 2 
	datadep: 
	instructions:
BB 2
	outgoing: 3 4 
	datadep: 
	instructions:
		 0: def_%self 
		 1: def_%v_0 
		 2: COPY def_%current_scope 
		 3: COPY def_%current_module 
		 4: 
		 5: 
		 6: %self->company def_%v_3 %self[2.0,] 
		 7: %v_3->nil? def_%v_4 %v_3[2.6,] 
		 8: BRANCH %v_4[2.7,] 
BB 3
	outgoing: 6 
	datadep: 
	instructions:
		 0: COPY def_%v_5 
		 1: RETURN %v_5[3.0,] %self[2.0,] 
BB 4
	outgoing: 6 
	datadep: 
	instructions:
		 0: COPY def_%v_6 
		 1: 
		 2: %self->company def_%v_7 %self[2.0,] 
		 3: %v_7->custom_attributes def_%v_8 %v_7[4.2,] 
		 4: %self->class def_%v_9 %self[4.2,2.0,] 
		 5: %v_9->name def_%v_10 %v_9[4.4,] 
		 6: COPY def_%v_11 %v_10[4.5,] 
		 7: %v_8->where def_%v_12 %v_8[4.3,] %v_11[4.6,] 
		 8: COPY def_%v_13 
		 9: %v_12->order def_%v_14 %v_12[4.7,] %v_13[4.8,] 
		 10: RETURN %v_14[4.9,] %self[4.2,4.4,2.0,] 
BB 6
	outgoing: 
	datadep: 
	instructions:

SET IRMethod, name = all_custom_attribute_values
BB 1
	outgoing: 4 2 
	datadep: 
	instructions:
BB 2
	outgoing: 4 
	datadep: 
	instructions:
		 0: def_%self 
		 1: def_%v_0 
		 2: COPY def_%current_scope 
		 3: COPY def_%current_module 
		 4: 
		 5: 
		 6: COPY def_%v_3 
		 7: COPY def_res %v_3[2.6,] 
		 8: 
		 9: %self->available_custom_attributes def_%v_4 %self[2.0,] 
		 10: %v_4->each def_%v_5 %v_4[2.9,] %self[2.0,2.9,] 
CLOSURE BEGIN: %self[2.0,2.9,] attr[] conds[] res[2.7,] existing[] 
BB 1
	outgoing: 9 2 
	datadep: 
	instructions:
BB 2
	outgoing: 3 
	datadep: 
	instructions:
		 0: def_%self 
		 1: def_%cl_1_0 
		 2: RECEIVEARG def_attr 
		 3: COPY def_%current_scope 
		 4: COPY def_%current_module 
BB 3
	outgoing: 4 5 7 
	datadep: 
	instructions:
		 0: 
		 1: %self->class def_%cl_1_3 %self[2.0,] 
		 2: %cl_1_3->name def_%cl_1_4 %cl_1_3[3.1,] 
		 3: %self->id def_%cl_1_5 %self[3.1,2.0,] 
		 4: COPY def_%cl_1_6 %cl_1_4[3.2,] %cl_1_5[3.3,] 
		 5: COPY def_conds %cl_1_6[3.4,] 
		 6: 
		 7: %self->custom_attribute_values def_%cl_1_7 %self[3.1,3.3,2.0,] 
		 8: %cl_1_7->select def_%cl_1_8 %cl_1_7[3.7,] %self[3.1,3.3,3.7,2.0,] 
CLOSURE BEGIN: cav[] attr[2.2,] 
BB 1
	outgoing: 6 2 
	datadep: 
	instructions:
BB 2
	outgoing: 3 
	datadep: 
	instructions:
		 0: def_%self 
		 1: def_%cl_2_0 
		 2: RECEIVEARG def_cav 
		 3: COPY def_%current_scope 
		 4: COPY def_%current_module 
BB 3
	outgoing: 4 6 
	datadep: 
	instructions:
		 0: 
		 1: cav->custom_attribute def_%cl_2_3 cav[2.2,] 
		 2: %cl_2_3->== def_%cl_2_4 %cl_2_3[3.1,] attr[] 
		 3: RETURN %cl_2_4[3.2,] %self[2.0,] 
BB 4
	outgoing: 6 
	datadep: 
	instructions:
		 0: def_%cl_2_5 
		 1: def_%cl_2_6 %cl_2_5[4.0,] 
		 2: RETURN %cl_2_6[4.1,] %self[2.0,] 
BB 6
	outgoing: 
	datadep: 
	instructions:
CLOSURE END
		 9: COPY def_existing %cl_1_8[3.8,] 
		 10: 
		 11: %cl_1_8->empty? def_%cl_1_9 %cl_1_8[3.8,] 
		 12: BRANCH %cl_1_9[3.11,] 
BB 4
	outgoing: 6 7 
	datadep: 
	instructions:
		 0: 
		 1: attr->custom_attribute_values def_%cl_1_10 attr[2.2,] 
		 2: attr->id def_%cl_1_11 attr[4.1,2.2,] 
		 3: COPY def_%cl_1_12 %cl_1_11[4.2,] 
		 4: conds->merge def_%cl_1_13 conds[3.5,] %cl_1_12[4.3,] 
		 5: %cl_1_10->build def_%cl_1_14 %cl_1_10[4.1,] %cl_1_13[4.4,] 
		 6: def_%cl_1_15 res[] %cl_1_14[4.5,] 
		 7: 
BB 5
	outgoing: 7 9 
	datadep: 
	instructions:
		 0: 
		 1: def_%cl_1_16 res[] existing[3.9,] 
		 2: COPY def_res %cl_1_16[5.1,] 
		 3: RETURN %cl_1_16[5.1,] %self[2.0,] 
BB 6
	outgoing: 9 
	datadep: 
	instructions:
		 0: RETURN %cl_1_15[4.6,] %self[2.0,] 
BB 7
	outgoing: 9 
	datadep: 
	instructions:
		 0: def_%cl_1_17 
		 1: def_%cl_1_18 %cl_1_17[7.0,] 
		 2: RETURN %cl_1_18[7.1,] %self[2.0,] 
BB 9
	outgoing: 
	datadep: 
	instructions:
CLOSURE END
		 11: 
		 12: RETURN res[2.7,] %self[2.0,2.9,] 
BB 4
	outgoing: 
	datadep: 
	instructions:

SET IRMethod, name = set_custom_attribute_values=
BB 1
	outgoing: 3 2 
	datadep: 
	instructions:
BB 2
	outgoing: 3 
	datadep: 
	instructions:
		 0: def_%self 
		 1: def_%v_0 
		 2: COPY def_%current_scope 
		 3: COPY def_%current_module 
		 4: 
		 5: RECEIVEARG def_params 
		 6: 
		 7: COPY def_%v_3 
		 8: COPY def_updated %v_3[2.7,] 
		 9: 
		 10: %self->custom_attribute_values def_%v_4 %self[2.0,] 
		 11: %v_4->clone def_%v_5 %v_4[2.10,] 
		 12: COPY def_existing %v_5[2.11,] 
		 13: 
		 14: params->each def_%v_6 params[2.5,] %self[2.0,2.10,] 
CLOSURE BEGIN: values[] existing[2.12,] %self[2.0,2.10,] cav[] attr_id[] updated[2.8,] 
BB 1
	outgoing: 11 2 
	datadep: 
	instructions:
BB 2
	outgoing: 3 
	datadep: 
	instructions:
		 0: def_%self 
		 1: def_%cl_1_0 
		 2: RECEIVEARG def_values 
		 3: COPY def_%current_scope 
		 4: COPY def_%current_module 
BB 3
	outgoing: 4 5 9 
	datadep: 
	instructions:
		 0: 
		 1: def_%cl_1_3 values[2.2,] 
		 2: COPY def_attr_id %cl_1_3[3.1,] 
		 3: 
		 4: existing->detect def_%cl_1_4 existing[] %self[2.0,] 
CLOSURE BEGIN: v[] attr_id[3.2,] 
BB 1
	outgoing: 6 2 
	datadep: 
	instructions:
BB 2
	outgoing: 3 
	datadep: 
	instructions:
		 0: def_%self 
		 1: def_%cl_2_0 
		 2: RECEIVEARG def_v 
		 3: COPY def_%current_scope 
		 4: COPY def_%current_module 
BB 3
	outgoing: 4 6 
	datadep: 
	instructions:
		 0: 
		 1: v->custom_attribute_id def_%cl_2_3 v[2.2,] 
		 2: attr_id->to_i def_%cl_2_4 attr_id[] 
		 3: %cl_2_3->== def_%cl_2_5 %cl_2_3[3.1,] %cl_2_4[3.2,] 
		 4: RETURN %cl_2_5[3.3,] %self[2.0,] 
BB 4
	outgoing: 6 
	datadep: 
	instructions:
		 0: def_%cl_2_6 
		 1: def_%cl_2_7 %cl_2_6[4.0,] 
		 2: RETURN %cl_2_7[4.1,] %self[2.0,] 
BB 6
	outgoing: 
	datadep: 
	instructions:
CLOSURE END
		 5: COPY def_cav %cl_1_4[3.4,] 
		 6: 
		 7: existing->delete def_%cl_1_5 existing[3.4,] %cl_1_4[3.4,] 
		 8: 
		 9: COPY def_%cl_1_6 cav[3.5,] 
		 10: COPY def_%cl_1_7 cav[3.5,] 
		 11: BRANCH cav[3.5,] 
BB 4
	outgoing: 5 9 
	datadep: 
	instructions:
		 0: %self->custom_attribute_values def_%cl_1_8 %self[2.0,] 
		 1: COPY def_%cl_1_9 attr_id[3.2,] 
		 2: %cl_1_8->build def_%cl_1_10 %cl_1_8[4.0,] %cl_1_9[4.1,] 
		 3: COPY def_cav %cl_1_10[4.2,] 
		 4: COPY def_%cl_1_7 %cl_1_10[4.2,] 
BB 5
	outgoing: 6 7 9 
	datadep: 
	instructions:
		 0: 
		 1: ATTRASSIGN cav->attributes cav[4.3,3.5,] values[2.2,] 
		 2: 
		 3: %self->new_record? def_%cl_1_11 %self[2.0,] 
		 4: %cl_1_11->! def_%cl_1_12 %cl_1_11[5.3,] 
		 5: BRANCH %cl_1_12[5.4,] 
BB 6
	outgoing: 8 9 
	datadep: 
	instructions:
		 0: 
		 1: cav->save def_%cl_1_13 cav[5.1,4.3,3.5,] 
		 2: 
BB 7
	outgoing: 8 
	datadep: 
	instructions:
		 0: COPY def_%cl_1_13 
BB 8
	outgoing: 9 11 
	datadep: 
	instructions:
		 0: 
		 1: def_%cl_1_14 updated[] cav[5.1,4.3,3.5,] 
		 2: RETURN %cl_1_14[8.1,] %self[2.0,] 
BB 9
	outgoing: 11 
	datadep: 
	instructions:
		 0: def_%cl_1_15 
		 1: def_%cl_1_16 %cl_1_15[9.0,] 
		 2: RETURN %cl_1_16[9.1,] %self[2.0,] 
BB 11
	outgoing: 
	datadep: 
	instructions:
CLOSURE END
		 15: 
		 16: %self->custom_attribute_values def_%v_7 %self[2.0,2.10,] 
		 17: def_%v_8 %v_7[2.16,] updated[2.8,] 
		 18: COPY def_missing %v_8[2.17,] 
		 19: 
		 20: %self->custom_attribute_values def_%v_9 %self[2.0,2.10,2.16,] 
		 21: %v_9->delete def_%v_10 %v_9[2.20,] missing[2.18,] 
		 22: RETURN %v_10[2.21,] %self[2.0,2.10,2.16,2.20,] 
BB 3
	outgoing: 
	datadep: 
	instructions:

SET IRMethod, name = values_for
BB 1
	outgoing: 4 2 
	datadep: 
	instructions:
BB 2
	outgoing: 4 
	datadep: 
	instructions:
		 0: def_%self 
		 1: def_%v_0 
		 2: COPY def_%current_scope 
		 3: COPY def_%current_module 
		 4: 
		 5: RECEIVEARG def_attribute 
		 6: 
		 7: %self->custom_attribute_values def_%v_3 %self[2.0,] 
		 8: %v_3->select def_%v_4 %v_3[2.7,] %self[2.0,2.7,] 
CLOSURE BEGIN: cav[] attribute[2.5,] 
BB 1
	outgoing: 6 2 
	datadep: 
	instructions:
BB 2
	outgoing: 3 
	datadep: 
	instructions:
		 0: def_%self 
		 1: def_%cl_1_0 
		 2: RECEIVEARG def_cav 
		 3: COPY def_%current_scope 
		 4: COPY def_%current_module 
BB 3
	outgoing: 4 6 
	datadep: 
	instructions:
		 0: 
		 1: cav->custom_attribute def_%cl_1_3 cav[2.2,] 
		 2: %cl_1_3->== def_%cl_1_4 %cl_1_3[3.1,] attribute[] 
		 3: RETURN %cl_1_4[3.2,] %self[2.0,] 
BB 4
	outgoing: 6 
	datadep: 
	instructions:
		 0: def_%cl_1_5 
		 1: def_%cl_1_6 %cl_1_5[4.0,] 
		 2: RETURN %cl_1_6[4.1,] %self[2.0,] 
BB 6
	outgoing: 
	datadep: 
	instructions:
CLOSURE END
		 9: COPY def_vals %v_4[2.8,] 
		 10: 
		 11: %v_4->map def_%v_5 %v_4[2.8,] %self[2.0,2.7,] 
CLOSURE BEGIN: cav[] 
BB 1
	outgoing: 9 2 
	datadep: 
	instructions:
BB 2
	outgoing: 3 
	datadep: 
	instructions:
		 0: def_%self 
		 1: def_%cl_2_0 
		 2: RECEIVEARG def_cav 
		 3: COPY def_%current_scope 
		 4: COPY def_%current_module 
BB 3
	outgoing: 4 5 7 
	datadep: 
	instructions:
		 0: 
		 1: cav->choice def_%cl_2_3 cav[2.2,] 
		 2: BRANCH %cl_2_3[3.1,] 
BB 4
	outgoing: 6 7 
	datadep: 
	instructions:
		 0: 
		 1: cav->choice def_%cl_2_4 cav[2.2,] 
		 2: %cl_2_4->value def_%cl_2_5 %cl_2_4[4.1,] 
		 3: 
BB 5
	outgoing: 7 9 
	datadep: 
	instructions:
		 0: 
		 1: cav->value def_%cl_2_6 cav[2.2,] 
		 2: RETURN %cl_2_6[5.1,] %self[2.0,] 
BB 6
	outgoing: 9 
	datadep: 
	instructions:
		 0: RETURN %cl_2_5[4.2,] %self[2.0,] 
BB 7
	outgoing: 9 
	datadep: 
	instructions:
		 0: def_%cl_2_7 
		 1: def_%cl_2_8 %cl_2_7[7.0,] 
		 2: RETURN %cl_2_8[7.1,] %self[2.0,] 
BB 9
	outgoing: 
	datadep: 
	instructions:
CLOSURE END
		 12: RETURN %v_5[2.11,] %self[2.0,2.7,] 
BB 4
	outgoing: 
	datadep: 
	instructions:

SET IRMethod, name = to_html
BB 1
	outgoing: 9 2 
	datadep: 
	instructions:
BB 2
	outgoing: 3 4 
	datadep: 
	instructions:
		 0: def_%self 
		 1: def_%v_0 
		 2: COPY def_%current_scope 
		 3: COPY def_%current_module 
		 4: 
		 5: def_method 
		 6: method[2.5,] 
BB 3
	outgoing: 4 
	datadep: 
	instructions:
		 0: COPY def_method 
BB 4
	outgoing: 5 6 
	datadep: 
	instructions:
		 0: 
		 1: %self->custom_attribute_values def_%v_3 %self[2.0,] 
		 2: %v_3->map def_%v_4 %v_3[4.1,] %self[4.1,2.0,] 
CLOSURE BEGIN: v[] 
BB 1
	outgoing: 6 2 
	datadep: 
	instructions:
BB 2
	outgoing: 3 
	datadep: 
	instructions:
		 0: def_%self 
		 1: def_%cl_1_0 
		 2: RECEIVEARG def_v 
		 3: COPY def_%current_scope 
		 4: COPY def_%current_module 
BB 3
	outgoing: 4 6 
	datadep: 
	instructions:
		 0: 
		 1: v->choice def_%cl_1_3 v[2.2,] 
		 2: RETURN %cl_1_3[3.1,] %self[2.0,] 
BB 4
	outgoing: 6 
	datadep: 
	instructions:
		 0: def_%cl_1_4 
		 1: def_%cl_1_5 %cl_1_4[4.0,] 
		 2: RETURN %cl_1_5[4.1,] %self[2.0,] 
BB 6
	outgoing: 
	datadep: 
	instructions:
CLOSURE END
		 3: COPY def_choices %v_4[4.2,] 
		 4: 
		 5: %v_4->detect def_%v_5 %v_4[4.2,] %self[4.1,2.0,] 
CLOSURE BEGIN: c[] 
BB 1
	outgoing: 8 2 
	datadep: 
	instructions:
BB 2
	outgoing: 4 5 
	datadep: 
	instructions:
		 0: def_%self 
		 1: def_%cl_2_0 
		 2: RECEIVEARG def_c 
		 3: COPY def_%current_scope 
		 4: COPY def_%current_module 
		 5: 
		 6: COPY def_%cl_2_3 c[2.2,] 
		 7: BRANCH c[2.2,] 
BB 4
	outgoing: 6 8 
	datadep: 
	instructions:
		 0: c->color def_%cl_2_4 c[2.2,] 
		 1: %cl_2_4->present? def_%cl_2_5 %cl_2_4[4.0,] 
		 2: RETURN %cl_2_5[4.1,] %self[2.0,] 
BB 5
	outgoing: 8 
	datadep: 
	instructions:
		 0: RETURN %cl_2_3[2.6,] %self[2.0,] 
BB 6
	outgoing: 8 
	datadep: 
	instructions:
		 0: def_%cl_2_6 
		 1: def_%cl_2_7 %cl_2_6[6.0,] 
		 2: RETURN %cl_2_7[6.1,] %self[2.0,] 
BB 8
	outgoing: 
	datadep: 
	instructions:
CLOSURE END
		 6: COPY def_colored %v_5[4.5,] 
		 7: 
		 8: BRANCH %v_5[4.5,] 
BB 5
	outgoing: 7 
	datadep: 
	instructions:
		 0: COPY def_%v_6 
		 1: colored->color def_%v_7 colored[4.6,] 
		 2: def_%v_8 %v_6[5.0,] %v_7[5.1,] 
		 3: COPY def_style %v_8[5.2,] 
		 4: 
BB 6
	outgoing: 7 
	datadep: 
	instructions:
		 0: COPY def_%v_8 
BB 7
	outgoing: 9 
	datadep: 
	instructions:
		 0: 
		 1: %self->send def_%v_9 %self[2.0,] method[3.0,2.5,] 
		 2: %self->h def_%v_10 %self[7.1,2.0,] %v_9[7.1,] 
		 3: COPY def_content %v_10[7.2,] 
		 4: 
		 5: COPY def_%v_11 style[5.3,] 
		 6: %self->content_tag def_%v_12 %self[7.1,7.2,2.0,] %v_10[7.2,] %v_11[7.5,] 
		 7: RETURN %v_12[7.6,] %self[7.1,7.2,7.6,2.0,] 
BB 9
	outgoing: 
	datadep: 
	instructions:

SET IRMethod, name = validate_custom_attributes
BB 1
	outgoing: 7 2 
	datadep: 
	instructions:
BB 2
	outgoing: 3 4 
	datadep: 
	instructions:
		 0: def_%self 
		 1: def_%v_0 
		 2: COPY def_%current_scope 
		 3: COPY def_%current_module 
		 4: 
		 5: 
		 6: COPY def_valid 
		 7: 
		 8: %self->all_custom_attribute_values def_%v_3 %self[2.0,] 
		 9: %v_3->flatten def_%v_4 %v_3[2.8,] 
		 10: %v_4->select def_%v_5 %v_4[2.9,] %self[2.0,2.8,] 
CLOSURE BEGIN: cav[] 
BB 1
	outgoing: 6 2 
	datadep: 
	instructions:
BB 2
	outgoing: 3 
	datadep: 
	instructions:
		 0: def_%self 
		 1: def_%cl_1_0 
		 2: RECEIVEARG def_cav 
		 3: COPY def_%current_scope 
		 4: COPY def_%current_module 
BB 3
	outgoing: 4 6 
	datadep: 
	instructions:
		 0: 
		 1: cav->valid? def_%cl_1_3 cav[2.2,] 
		 2: %cl_1_3->! def_%cl_1_4 %cl_1_3[3.1,] 
		 3: RETURN %cl_1_4[3.2,] %self[2.0,] 
BB 4
	outgoing: 6 
	datadep: 
	instructions:
		 0: def_%cl_1_5 
		 1: def_%cl_1_6 %cl_1_5[4.0,] 
		 2: RETURN %cl_1_6[4.1,] %self[2.0,] 
BB 6
	outgoing: 
	datadep: 
	instructions:
CLOSURE END
		 11: COPY def_invalid %v_5[2.10,] 
		 12: 
		 13: %v_5->any? def_%v_6 %v_5[2.10,] 
		 14: BRANCH %v_6[2.13,] 
BB 3
	outgoing: 5 
	datadep: 
	instructions:
		 0: 
		 1: COPY def_valid 
		 2: 
		 3: invalid->each def_%v_7 invalid[2.11,] %self[2.0,] 
CLOSURE BEGIN: cav[] %self[2.0,] 
BB 1
	outgoing: 6 2 
	datadep: 
	instructions:
BB 2
	outgoing: 3 
	datadep: 
	instructions:
		 0: def_%self 
		 1: def_%cl_2_0 
		 2: RECEIVEARG def_cav 
		 3: COPY def_%current_scope 
		 4: COPY def_%current_module 
BB 3
	outgoing: 4 6 
	datadep: 
	instructions:
		 0: 
		 1: cav->errors def_%cl_2_3 cav[2.2,] 
		 2: %cl_2_3->each def_%cl_2_4 %cl_2_3[3.1,] %self[2.0,] 
CLOSURE BEGIN: %self[2.0,] err[] 
BB 1
	outgoing: 6 2 
	datadep: 
	instructions:
BB 2
	outgoing: 3 
	datadep: 
	instructions:
		 0: def_%self 
		 1: def_%cl_3_0 
		 2: RECEIVEARG def_attr 
		 3: RECEIVEARG def_err 
		 4: COPY def_%current_scope 
		 5: COPY def_%current_module 
BB 3
	outgoing: 4 6 
	datadep: 
	instructions:
		 0: 
		 1: %self->errors def_%cl_3_3 %self[2.0,] 
		 2: %cl_3_3->add def_%cl_3_4 %cl_3_3[3.1,] err[2.3,] 
		 3: RETURN %cl_3_4[3.2,] %self[3.1,2.0,] 
BB 4
	outgoing: 6 
	datadep: 
	instructions:
		 0: def_%cl_3_5 
		 1: def_%cl_3_6 %cl_3_5[4.0,] 
		 2: RETURN %cl_3_6[4.1,] %self[2.0,] 
BB 6
	outgoing: 
	datadep: 
	instructions:
CLOSURE END
		 3: RETURN %cl_2_4[3.2,] %self[2.0,] 
BB 4
	outgoing: 6 
	datadep: 
	instructions:
		 0: def_%cl_2_5 
		 1: def_%cl_2_6 %cl_2_5[4.0,] 
		 2: RETURN %cl_2_6[4.1,] %self[2.0,] 
BB 6
	outgoing: 
	datadep: 
	instructions:
CLOSURE END
		 4: 
BB 4
	outgoing: 5 
	datadep: 
	instructions:
		 0: COPY def_%v_7 
BB 5
	outgoing: 7 
	datadep: 
	instructions:
		 0: 
		 1: RETURN valid[3.1,2.6,] %self[2.0,] 
BB 7
	outgoing: 
	datadep: 
	instructions:

