SET IRMethod, name = permissions
BB 1
	outgoing: 3 2 
	datadep: 
	instructions:
BB 2
	outgoing: 3 
	datadep: 
	instructions:
		 0: def_%self 
		 1: def_%v_0 
		 2: COPY def_%current_scope 
		 3: COPY def_%current_module 
		 4: 
		 5: 
		 6: COPY def_%v_3 
		 7: COPY def_%v_4 
		 8: COPY def_%v_5 
		 9: COPY def_%v_6 
		 10: COPY def_%v_7 
		 11: COPY def_%v_8 
		 12: COPY def_%v_9 
		 13: COPY def_%v_10 
		 14: COPY def_%v_11 
		 15: COPY def_%v_12 
		 16: COPY def_%v_13 
		 17: COPY def_%v_14 %v_3[2.6,] %v_4[2.7,] %v_5[2.8,] %v_6[2.9,] %v_7[2.10,] %v_8[2.11,] %v_9[2.12,] %v_10[2.13,] %v_11[2.14,] %v_12[2.15,] %v_13[2.16,] 
		 18: RETURN %v_14[2.17,] %self[2.0,] 
BB 3
	outgoing: 
	datadep: 
	instructions:

SET IRMethod, name = message_for
BB 1
	outgoing: 7 2 
	datadep: 
	instructions:
BB 2
	outgoing: 3 4 
	datadep: 
	instructions:
		 0: def_%self 
		 1: def_%v_0 
		 2: COPY def_%current_scope 
		 3: COPY def_%current_module 
		 4: 
		 5: RECEIVEARG def_permission 
		 6: 
		 7: COPY def_%v_3 
		 8: (I18n) def_%v_4 
		 9: COPY def_%v_5 
		 10: %v_4->t def_%v_6 %v_4[2.8,] %v_5[2.9,] 
		 11: COPY def_%v_7 
		 12: (I18n) def_%v_8 
		 13: COPY def_%v_9 
		 14: %v_8->t def_%v_10 %v_8[2.12,] %v_9[2.13,] 
		 15: COPY def_%v_11 
		 16: (I18n) def_%v_12 
		 17: COPY def_%v_13 
		 18: %v_12->t def_%v_14 %v_12[2.16,] %v_13[2.17,] 
		 19: COPY def_%v_15 
		 20: (I18n) def_%v_16 
		 21: COPY def_%v_17 
		 22: %v_16->t def_%v_18 %v_16[2.20,] %v_17[2.21,] 
		 23: COPY def_%v_19 
		 24: (I18n) def_%v_20 
		 25: COPY def_%v_21 
		 26: %v_20->t def_%v_22 %v_20[2.24,] %v_21[2.25,] 
		 27: COPY def_%v_23 
		 28: (I18n) def_%v_24 
		 29: COPY def_%v_25 
		 30: %v_24->t def_%v_26 %v_24[2.28,] %v_25[2.29,] 
		 31: COPY def_%v_27 
		 32: (I18n) def_%v_28 
		 33: COPY def_%v_29 
		 34: %v_28->t def_%v_30 %v_28[2.32,] %v_29[2.33,] 
		 35: COPY def_%v_31 
		 36: (I18n) def_%v_32 
		 37: COPY def_%v_33 
		 38: %v_32->t def_%v_34 %v_32[2.36,] %v_33[2.37,] 
		 39: COPY def_%v_35 
		 40: (I18n) def_%v_36 
		 41: COPY def_%v_37 
		 42: %v_36->t def_%v_38 %v_36[2.40,] %v_37[2.41,] 
		 43: COPY def_%v_39 
		 44: (I18n) def_%v_40 
		 45: COPY def_%v_41 
		 46: %v_40->t def_%v_42 %v_40[2.44,] %v_41[2.45,] 
		 47: COPY def_%v_43 
		 48: (I18n) def_%v_44 
		 49: COPY def_%v_45 
		 50: %v_44->t def_%v_46 %v_44[2.48,] %v_45[2.49,] 
		 51: COPY def_%v_47 %v_3[2.7,] %v_6[2.10,] %v_7[2.11,] %v_10[2.14,] %v_11[2.15,] %v_14[2.18,] %v_15[2.19,] %v_18[2.22,] %v_19[2.23,] %v_22[2.26,] %v_23[2.27,] %v_26[2.30,] %v_27[2.31,] %v_30[2.34,] %v_31[2.35,] %v_34[2.38,] %v_35[2.39,] %v_38[2.42,] %v_39[2.43,] %v_42[2.46,] %v_43[2.47,] %v_46[2.50,] 
		 52: def_%v_48 %v_47[2.51,] permission[2.5,] 
		 53: COPY def_message %v_48[2.52,] 
		 54: 
		 55: %v_48->nil? def_%v_49 %v_48[2.52,] 
		 56: BRANCH %v_49[2.55,] 
BB 3
	outgoing: 5 
	datadep: 
	instructions:
		 0: (I18n) def_%v_50 
		 1: COPY def_%v_51 
		 2: COPY def_%v_52 permission[2.5,] 
		 3: %v_50->t def_%v_53 %v_50[3.0,] %v_51[3.1,] %v_52[3.2,] 
		 4: %self->raise def_%v_54 %self[2.0,] %v_53[3.3,] 
		 5: 
BB 4
	outgoing: 5 
	datadep: 
	instructions:
		 0: COPY def_%v_54 
BB 5
	outgoing: 7 
	datadep: 
	instructions:
		 0: 
		 1: RETURN message[2.53,] %self[2.0,] 
BB 7
	outgoing: 
	datadep: 
	instructions:

SET IRMethod, name = can?
BB 1
	outgoing: 45 2 
	datadep: 
	instructions:
BB 2
	outgoing: 3 14 
	datadep: 
	instructions:
		 0: def_%self 
		 1: def_%v_0 
		 2: COPY def_%current_scope 
		 3: COPY def_%current_module 
		 4: 
		 5: RECEIVEARG def_perm 
		 6: 
		 7: COPY def_%v_5 
		 8: def_%v_4 %v_5[2.7,] perm[2.5,] 
		 9: BRANCH %v_4[2.8,] 
BB 3
	outgoing: 4 15 
	datadep: 
	instructions:
		 0: COPY def_%v_7 
		 1: def_%v_6 %v_7[3.0,] perm[2.5,] 
		 2: BRANCH %v_6[3.1,] 
BB 4
	outgoing: 5 16 
	datadep: 
	instructions:
		 0: COPY def_%v_9 
		 1: def_%v_8 %v_9[4.0,] perm[2.5,] 
		 2: BRANCH %v_8[4.1,] 
BB 5
	outgoing: 6 17 
	datadep: 
	instructions:
		 0: COPY def_%v_11 
		 1: def_%v_10 %v_11[5.0,] perm[2.5,] 
		 2: BRANCH %v_10[5.1,] 
BB 6
	outgoing: 7 18 
	datadep: 
	instructions:
		 0: COPY def_%v_13 
		 1: def_%v_12 %v_13[6.0,] perm[2.5,] 
		 2: BRANCH %v_12[6.1,] 
BB 7
	outgoing: 8 19 
	datadep: 
	instructions:
		 0: COPY def_%v_15 
		 1: def_%v_14 %v_15[7.0,] perm[2.5,] 
		 2: BRANCH %v_14[7.1,] 
BB 8
	outgoing: 9 20 
	datadep: 
	instructions:
		 0: COPY def_%v_17 
		 1: def_%v_16 %v_17[8.0,] perm[2.5,] 
		 2: BRANCH %v_16[8.1,] 
BB 9
	outgoing: 10 21 
	datadep: 
	instructions:
		 0: COPY def_%v_19 
		 1: def_%v_18 %v_19[9.0,] perm[2.5,] 
		 2: BRANCH %v_18[9.1,] 
BB 10
	outgoing: 11 22 
	datadep: 
	instructions:
		 0: COPY def_%v_21 
		 1: def_%v_20 %v_21[10.0,] perm[2.5,] 
		 2: BRANCH %v_20[10.1,] 
BB 11
	outgoing: 12 23 
	datadep: 
	instructions:
		 0: COPY def_%v_23 
		 1: def_%v_22 %v_23[11.0,] perm[2.5,] 
		 2: BRANCH %v_22[11.1,] 
BB 12
	outgoing: 13 24 
	datadep: 
	instructions:
		 0: COPY def_%v_25 
		 1: def_%v_24 %v_25[12.0,] perm[2.5,] 
		 2: BRANCH %v_24[12.1,] 
BB 13
	outgoing: 44 
	datadep: 
	instructions:
		 0: COPY def_%v_3 
		 1: 
BB 14
	outgoing: 45 
	datadep: 
	instructions:
		 0: 
		 1: %self->can_comment? def_%v_26 %self[2.0,] 
		 2: COPY def_%v_3 %v_26[14.1,] 
		 3: RETURN %v_26[14.1,] %self[14.1,2.0,] 
BB 15
	outgoing: 45 
	datadep: 
	instructions:
		 0: 
		 1: %self->can_work? def_%v_27 %self[2.0,] 
		 2: COPY def_%v_3 %v_27[15.1,] 
		 3: RETURN %v_27[15.1,] %self[15.1,2.0,] 
BB 16
	outgoing: 45 
	datadep: 
	instructions:
		 0: 
		 1: %self->can_close? def_%v_28 %self[2.0,] 
		 2: COPY def_%v_3 %v_28[16.1,] 
		 3: RETURN %v_28[16.1,] %self[16.1,2.0,] 
BB 17
	outgoing: 45 
	datadep: 
	instructions:
		 0: 
		 1: %self->can_report? def_%v_29 %self[2.0,] 
		 2: COPY def_%v_3 %v_29[17.1,] 
		 3: RETURN %v_29[17.1,] %self[17.1,2.0,] 
BB 18
	outgoing: 45 
	datadep: 
	instructions:
		 0: 
		 1: %self->can_create? def_%v_30 %self[2.0,] 
		 2: COPY def_%v_3 %v_30[18.1,] 
		 3: RETURN %v_30[18.1,] %self[18.1,2.0,] 
BB 19
	outgoing: 45 
	datadep: 
	instructions:
		 0: 
		 1: %self->can_edit? def_%v_31 %self[2.0,] 
		 2: COPY def_%v_3 %v_31[19.1,] 
		 3: RETURN %v_31[19.1,] %self[19.1,2.0,] 
BB 20
	outgoing: 45 
	datadep: 
	instructions:
		 0: 
		 1: %self->can_reassign? def_%v_32 %self[2.0,] 
		 2: COPY def_%v_3 %v_32[20.1,] 
		 3: RETURN %v_32[20.1,] %self[20.1,2.0,] 
BB 21
	outgoing: 45 
	datadep: 
	instructions:
		 0: 
		 1: %self->can_milestone? def_%v_33 %self[2.0,] 
		 2: COPY def_%v_3 %v_33[21.1,] 
		 3: RETURN %v_33[21.1,] %self[21.1,2.0,] 
BB 22
	outgoing: 45 
	datadep: 
	instructions:
		 0: 
		 1: %self->can_grant? def_%v_34 %self[2.0,] 
		 2: COPY def_%v_3 %v_34[22.1,] 
		 3: RETURN %v_34[22.1,] %self[22.1,2.0,] 
BB 23
	outgoing: 45 
	datadep: 
	instructions:
		 0: 
		 1: %self->can_see_unwatched? def_%v_35 %self[2.0,] 
		 2: COPY def_%v_3 %v_35[23.1,] 
		 3: RETURN %v_35[23.1,] %self[23.1,2.0,] 
BB 24
	outgoing: 25 26 
	datadep: 
	instructions:
		 0: 
		 1: %self->can_comment? def_%v_36 %self[2.0,] 
		 2: BRANCH %v_36[24.1,] 
BB 25
	outgoing: 26 
	datadep: 
	instructions:
		 0: %self->can_work? def_%v_37 %self[2.0,] 
		 1: COPY def_%v_36 %v_37[25.0,] 
BB 26
	outgoing: 27 28 
	datadep: 
	instructions:
		 0: BRANCH %v_36[25.1,24.1,] 
BB 27
	outgoing: 28 
	datadep: 
	instructions:
		 0: %self->can_close? def_%v_38 %self[2.0,] 
		 1: COPY def_%v_36 %v_38[27.0,] 
BB 28
	outgoing: 29 30 
	datadep: 
	instructions:
		 0: BRANCH %v_36[27.1,25.1,24.1,] 
BB 29
	outgoing: 30 
	datadep: 
	instructions:
		 0: %self->can_report? def_%v_39 %self[2.0,] 
		 1: COPY def_%v_36 %v_39[29.0,] 
BB 30
	outgoing: 31 32 
	datadep: 
	instructions:
		 0: BRANCH %v_36[29.1,27.1,25.1,24.1,] 
BB 31
	outgoing: 32 
	datadep: 
	instructions:
		 0: %self->can_create? def_%v_40 %self[2.0,] 
		 1: COPY def_%v_36 %v_40[31.0,] 
BB 32
	outgoing: 33 34 
	datadep: 
	instructions:
		 0: BRANCH %v_36[31.1,29.1,27.1,25.1,24.1,] 
BB 33
	outgoing: 34 
	datadep: 
	instructions:
		 0: %self->can_edit? def_%v_41 %self[2.0,] 
		 1: COPY def_%v_36 %v_41[33.0,] 
BB 34
	outgoing: 35 36 
	datadep: 
	instructions:
		 0: BRANCH %v_36[33.1,31.1,29.1,27.1,25.1,24.1,] 
BB 35
	outgoing: 36 
	datadep: 
	instructions:
		 0: %self->can_reassign? def_%v_42 %self[2.0,] 
		 1: COPY def_%v_36 %v_42[35.0,] 
BB 36
	outgoing: 37 38 
	datadep: 
	instructions:
		 0: BRANCH %v_36[35.1,33.1,31.1,29.1,27.1,25.1,24.1,] 
BB 37
	outgoing: 38 
	datadep: 
	instructions:
		 0: %self->can_milestone? def_%v_43 %self[2.0,] 
		 1: COPY def_%v_36 %v_43[37.0,] 
BB 38
	outgoing: 39 40 
	datadep: 
	instructions:
		 0: BRANCH %v_36[37.1,35.1,33.1,31.1,29.1,27.1,25.1,24.1,] 
BB 39
	outgoing: 40 
	datadep: 
	instructions:
		 0: %self->can_grant? def_%v_44 %self[2.0,] 
		 1: COPY def_%v_36 %v_44[39.0,] 
BB 40
	outgoing: 41 42 
	datadep: 
	instructions:
		 0: BRANCH %v_36[39.1,37.1,35.1,33.1,31.1,29.1,27.1,25.1,24.1,] 
BB 41
	outgoing: 42 
	datadep: 
	instructions:
		 0: %self->can_see_unwatched? def_%v_45 %self[2.0,] 
		 1: COPY def_%v_36 %v_45[41.0,] 
BB 42
	outgoing: 44 
	datadep: 
	instructions:
		 0: COPY def_%v_3 %v_36[41.1,39.1,37.1,35.1,33.1,31.1,29.1,27.1,25.1,24.1,] 
		 1: 
BB 44
	outgoing: 45 
	datadep: 
	instructions:
		 0: RETURN %v_3[42.0,13.0,] %self[2.0,] 
BB 45
	outgoing: 
	datadep: 
	instructions:

SET IRMethod, name = set
BB 1
	outgoing: 27 2 
	datadep: 
	instructions:
BB 2
	outgoing: 3 14 
	datadep: 
	instructions:
		 0: def_%self 
		 1: def_%v_0 
		 2: COPY def_%current_scope 
		 3: COPY def_%current_module 
		 4: 
		 5: RECEIVEARG def_perm 
		 6: 
		 7: COPY def_%v_5 
		 8: def_%v_4 %v_5[2.7,] perm[2.5,] 
		 9: BRANCH %v_4[2.8,] 
BB 3
	outgoing: 4 15 
	datadep: 
	instructions:
		 0: COPY def_%v_7 
		 1: def_%v_6 %v_7[3.0,] perm[2.5,] 
		 2: BRANCH %v_6[3.1,] 
BB 4
	outgoing: 5 16 
	datadep: 
	instructions:
		 0: COPY def_%v_9 
		 1: def_%v_8 %v_9[4.0,] perm[2.5,] 
		 2: BRANCH %v_8[4.1,] 
BB 5
	outgoing: 6 17 
	datadep: 
	instructions:
		 0: COPY def_%v_11 
		 1: def_%v_10 %v_11[5.0,] perm[2.5,] 
		 2: BRANCH %v_10[5.1,] 
BB 6
	outgoing: 7 18 
	datadep: 
	instructions:
		 0: COPY def_%v_13 
		 1: def_%v_12 %v_13[6.0,] perm[2.5,] 
		 2: BRANCH %v_12[6.1,] 
BB 7
	outgoing: 8 19 
	datadep: 
	instructions:
		 0: COPY def_%v_15 
		 1: def_%v_14 %v_15[7.0,] perm[2.5,] 
		 2: BRANCH %v_14[7.1,] 
BB 8
	outgoing: 9 20 
	datadep: 
	instructions:
		 0: COPY def_%v_17 
		 1: def_%v_16 %v_17[8.0,] perm[2.5,] 
		 2: BRANCH %v_16[8.1,] 
BB 9
	outgoing: 10 21 
	datadep: 
	instructions:
		 0: COPY def_%v_19 
		 1: def_%v_18 %v_19[9.0,] perm[2.5,] 
		 2: BRANCH %v_18[9.1,] 
BB 10
	outgoing: 11 22 
	datadep: 
	instructions:
		 0: COPY def_%v_21 
		 1: def_%v_20 %v_21[10.0,] perm[2.5,] 
		 2: BRANCH %v_20[10.1,] 
BB 11
	outgoing: 12 23 
	datadep: 
	instructions:
		 0: COPY def_%v_23 
		 1: def_%v_22 %v_23[11.0,] perm[2.5,] 
		 2: BRANCH %v_22[11.1,] 
BB 12
	outgoing: 13 24 
	datadep: 
	instructions:
		 0: COPY def_%v_25 
		 1: def_%v_24 %v_25[12.0,] perm[2.5,] 
		 2: BRANCH %v_24[12.1,] 
BB 13
	outgoing: 26 
	datadep: 
	instructions:
		 0: COPY def_%v_3 
		 1: 
BB 14
	outgoing: 27 
	datadep: 
	instructions:
		 0: 
		 1: ATTRASSIGN %self->can_comment %self[2.0,] 
		 2: COPY def_%v_3 
		 3: RETURN %self[14.1,] 
BB 15
	outgoing: 27 
	datadep: 
	instructions:
		 0: 
		 1: ATTRASSIGN %self->can_work %self[2.0,] 
		 2: COPY def_%v_3 
		 3: RETURN %self[15.1,] 
BB 16
	outgoing: 27 
	datadep: 
	instructions:
		 0: 
		 1: ATTRASSIGN %self->can_close %self[2.0,] 
		 2: COPY def_%v_3 
		 3: RETURN %self[16.1,] 
BB 17
	outgoing: 27 
	datadep: 
	instructions:
		 0: 
		 1: ATTRASSIGN %self->can_report %self[2.0,] 
		 2: COPY def_%v_3 
		 3: RETURN %self[17.1,] 
BB 18
	outgoing: 27 
	datadep: 
	instructions:
		 0: 
		 1: ATTRASSIGN %self->can_create %self[2.0,] 
		 2: COPY def_%v_3 
		 3: RETURN %self[18.1,] 
BB 19
	outgoing: 27 
	datadep: 
	instructions:
		 0: 
		 1: ATTRASSIGN %self->can_edit %self[2.0,] 
		 2: COPY def_%v_3 
		 3: RETURN %self[19.1,] 
BB 20
	outgoing: 27 
	datadep: 
	instructions:
		 0: 
		 1: ATTRASSIGN %self->can_reassign %self[2.0,] 
		 2: COPY def_%v_3 
		 3: RETURN %self[20.1,] 
BB 21
	outgoing: 27 
	datadep: 
	instructions:
		 0: 
		 1: ATTRASSIGN %self->can_milestone %self[2.0,] 
		 2: COPY def_%v_3 
		 3: RETURN %self[21.1,] 
BB 22
	outgoing: 27 
	datadep: 
	instructions:
		 0: 
		 1: ATTRASSIGN %self->can_grant %self[2.0,] 
		 2: COPY def_%v_3 
		 3: RETURN %self[22.1,] 
BB 23
	outgoing: 27 
	datadep: 
	instructions:
		 0: 
		 1: ATTRASSIGN %self->can_see_unwatched %self[2.0,] 
		 2: COPY def_%v_3 
		 3: RETURN %self[23.1,] 
BB 24
	outgoing: 27 
	datadep: 
	instructions:
		 0: 
		 1: ATTRASSIGN %self->can_comment %self[2.0,] 
		 2: 
		 3: ATTRASSIGN %self->can_work %self[24.1,] 
		 4: 
		 5: ATTRASSIGN %self->can_close %self[24.1,24.3,] 
		 6: 
		 7: ATTRASSIGN %self->can_report %self[24.1,24.3,24.5,] 
		 8: 
		 9: ATTRASSIGN %self->can_create %self[24.1,24.3,24.5,24.7,] 
		 10: 
		 11: ATTRASSIGN %self->can_edit %self[24.1,24.3,24.5,24.7,24.9,] 
		 12: 
		 13: ATTRASSIGN %self->can_reassign %self[24.1,24.3,24.5,24.7,24.9,24.11,] 
		 14: 
		 15: ATTRASSIGN %self->can_milestone %self[24.1,24.3,24.5,24.7,24.9,24.11,24.13,] 
		 16: 
		 17: ATTRASSIGN %self->can_grant %self[24.1,24.3,24.5,24.7,24.9,24.11,24.13,24.15,] 
		 18: 
		 19: ATTRASSIGN %self->can_see_unwatched %self[24.1,24.3,24.5,24.7,24.9,24.11,24.13,24.15,24.17,] 
		 20: COPY def_%v_3 
		 21: RETURN %self[24.1,24.3,24.5,24.7,24.9,24.11,24.13,24.15,24.17,24.19,] 
BB 26
	outgoing: 27 
	datadep: 
	instructions:
		 0: RETURN %v_3[13.0,] %self[2.0,] 
BB 27
	outgoing: 
	datadep: 
	instructions:

SET IRMethod, name = remove
BB 1
	outgoing: 27 2 
	datadep: 
	instructions:
BB 2
	outgoing: 3 14 
	datadep: 
	instructions:
		 0: def_%self 
		 1: def_%v_0 
		 2: COPY def_%current_scope 
		 3: COPY def_%current_module 
		 4: 
		 5: RECEIVEARG def_perm 
		 6: 
		 7: COPY def_%v_5 
		 8: def_%v_4 %v_5[2.7,] perm[2.5,] 
		 9: BRANCH %v_4[2.8,] 
BB 3
	outgoing: 4 15 
	datadep: 
	instructions:
		 0: COPY def_%v_7 
		 1: def_%v_6 %v_7[3.0,] perm[2.5,] 
		 2: BRANCH %v_6[3.1,] 
BB 4
	outgoing: 5 16 
	datadep: 
	instructions:
		 0: COPY def_%v_9 
		 1: def_%v_8 %v_9[4.0,] perm[2.5,] 
		 2: BRANCH %v_8[4.1,] 
BB 5
	outgoing: 6 17 
	datadep: 
	instructions:
		 0: COPY def_%v_11 
		 1: def_%v_10 %v_11[5.0,] perm[2.5,] 
		 2: BRANCH %v_10[5.1,] 
BB 6
	outgoing: 7 18 
	datadep: 
	instructions:
		 0: COPY def_%v_13 
		 1: def_%v_12 %v_13[6.0,] perm[2.5,] 
		 2: BRANCH %v_12[6.1,] 
BB 7
	outgoing: 8 19 
	datadep: 
	instructions:
		 0: COPY def_%v_15 
		 1: def_%v_14 %v_15[7.0,] perm[2.5,] 
		 2: BRANCH %v_14[7.1,] 
BB 8
	outgoing: 9 20 
	datadep: 
	instructions:
		 0: COPY def_%v_17 
		 1: def_%v_16 %v_17[8.0,] perm[2.5,] 
		 2: BRANCH %v_16[8.1,] 
BB 9
	outgoing: 10 21 
	datadep: 
	instructions:
		 0: COPY def_%v_19 
		 1: def_%v_18 %v_19[9.0,] perm[2.5,] 
		 2: BRANCH %v_18[9.1,] 
BB 10
	outgoing: 11 22 
	datadep: 
	instructions:
		 0: COPY def_%v_21 
		 1: def_%v_20 %v_21[10.0,] perm[2.5,] 
		 2: BRANCH %v_20[10.1,] 
BB 11
	outgoing: 12 23 
	datadep: 
	instructions:
		 0: COPY def_%v_23 
		 1: def_%v_22 %v_23[11.0,] perm[2.5,] 
		 2: BRANCH %v_22[11.1,] 
BB 12
	outgoing: 13 24 
	datadep: 
	instructions:
		 0: COPY def_%v_25 
		 1: def_%v_24 %v_25[12.0,] perm[2.5,] 
		 2: BRANCH %v_24[12.1,] 
BB 13
	outgoing: 26 
	datadep: 
	instructions:
		 0: COPY def_%v_3 
		 1: 
BB 14
	outgoing: 27 
	datadep: 
	instructions:
		 0: 
		 1: ATTRASSIGN %self->can_comment %self[2.0,] 
		 2: COPY def_%v_3 
		 3: RETURN %self[14.1,] 
BB 15
	outgoing: 27 
	datadep: 
	instructions:
		 0: 
		 1: ATTRASSIGN %self->can_work %self[2.0,] 
		 2: COPY def_%v_3 
		 3: RETURN %self[15.1,] 
BB 16
	outgoing: 27 
	datadep: 
	instructions:
		 0: 
		 1: ATTRASSIGN %self->can_close %self[2.0,] 
		 2: COPY def_%v_3 
		 3: RETURN %self[16.1,] 
BB 17
	outgoing: 27 
	datadep: 
	instructions:
		 0: 
		 1: ATTRASSIGN %self->can_report %self[2.0,] 
		 2: COPY def_%v_3 
		 3: RETURN %self[17.1,] 
BB 18
	outgoing: 27 
	datadep: 
	instructions:
		 0: 
		 1: ATTRASSIGN %self->can_create %self[2.0,] 
		 2: COPY def_%v_3 
		 3: RETURN %self[18.1,] 
BB 19
	outgoing: 27 
	datadep: 
	instructions:
		 0: 
		 1: ATTRASSIGN %self->can_edit %self[2.0,] 
		 2: COPY def_%v_3 
		 3: RETURN %self[19.1,] 
BB 20
	outgoing: 27 
	datadep: 
	instructions:
		 0: 
		 1: ATTRASSIGN %self->can_reassign %self[2.0,] 
		 2: COPY def_%v_3 
		 3: RETURN %self[20.1,] 
BB 21
	outgoing: 27 
	datadep: 
	instructions:
		 0: 
		 1: ATTRASSIGN %self->can_milestone %self[2.0,] 
		 2: COPY def_%v_3 
		 3: RETURN %self[21.1,] 
BB 22
	outgoing: 27 
	datadep: 
	instructions:
		 0: 
		 1: ATTRASSIGN %self->can_grant %self[2.0,] 
		 2: COPY def_%v_3 
		 3: RETURN %self[22.1,] 
BB 23
	outgoing: 27 
	datadep: 
	instructions:
		 0: 
		 1: ATTRASSIGN %self->can_see_unwatched %self[2.0,] 
		 2: COPY def_%v_3 
		 3: RETURN %self[23.1,] 
BB 24
	outgoing: 27 
	datadep: 
	instructions:
		 0: 
		 1: ATTRASSIGN %self->can_comment %self[2.0,] 
		 2: 
		 3: ATTRASSIGN %self->can_work %self[24.1,] 
		 4: 
		 5: ATTRASSIGN %self->can_close %self[24.1,24.3,] 
		 6: 
		 7: ATTRASSIGN %self->can_report %self[24.1,24.3,24.5,] 
		 8: 
		 9: ATTRASSIGN %self->can_create %self[24.1,24.3,24.5,24.7,] 
		 10: 
		 11: ATTRASSIGN %self->can_edit %self[24.1,24.3,24.5,24.7,24.9,] 
		 12: 
		 13: ATTRASSIGN %self->can_reassign %self[24.1,24.3,24.5,24.7,24.9,24.11,] 
		 14: 
		 15: ATTRASSIGN %self->can_milestone %self[24.1,24.3,24.5,24.7,24.9,24.11,24.13,] 
		 16: 
		 17: ATTRASSIGN %self->can_grant %self[24.1,24.3,24.5,24.7,24.9,24.11,24.13,24.15,] 
		 18: 
		 19: ATTRASSIGN %self->can_see_unwatched %self[24.1,24.3,24.5,24.7,24.9,24.11,24.13,24.15,24.17,] 
		 20: COPY def_%v_3 
		 21: RETURN %self[24.1,24.3,24.5,24.7,24.9,24.11,24.13,24.15,24.17,24.19,] 
BB 26
	outgoing: 27 
	datadep: 
	instructions:
		 0: RETURN %v_3[13.0,] %self[2.0,] 
BB 27
	outgoing: 
	datadep: 
	instructions:

