SET IRMethod, name = attribute_values=
BB 1
	outgoing: 3 2 
	datadep: 
	instructions:
BB 2
	outgoing: 3 
	datadep: 
	instructions:
		 0: def_%self 
		 1: def_%v_0 
		 2: COPY def_%current_scope 
		 3: COPY def_%current_module 
		 4: 
		 5: RECEIVEARG def_params 
		 6: 
		 7: COPY def_%v_3 
		 8: COPY def_updated %v_3[2.7,] 
		 9: 
		 10: params->each def_%v_4 params[2.5,] %self[2.0,] 
CLOSURE BEGIN: values[] %self[2.0,] attr[] updated[2.8,] 
BB 1
	outgoing: 8 2 
	datadep: 
	instructions:
BB 2
	outgoing: 3 
	datadep: 
	instructions:
		 0: def_%self 
		 1: def_%cl_1_0 
		 2: RECEIVEARG def_values 
		 3: COPY def_%current_scope 
		 4: COPY def_%current_module 
BB 3
	outgoing: 4 5 6 
	datadep: 
	instructions:
		 0: 
		 1: def_%cl_1_3 values[2.2,] 
		 2: COPY def_attr_id %cl_1_3[3.1,] 
		 3: 
		 4: %self->resource_attributes def_%cl_1_4 %self[2.0,] 
		 5: %cl_1_4->detect def_%cl_1_5 %cl_1_4[3.4,] %self[3.4,2.0,] 
CLOSURE BEGIN: a[] attr_id[3.2,] 
BB 1
	outgoing: 6 2 
	datadep: 
	instructions:
BB 2
	outgoing: 3 
	datadep: 
	instructions:
		 0: def_%self 
		 1: def_%cl_2_0 
		 2: RECEIVEARG def_a 
		 3: COPY def_%current_scope 
		 4: COPY def_%current_module 
BB 3
	outgoing: 4 6 
	datadep: 
	instructions:
		 0: 
		 1: a->id def_%cl_2_3 a[2.2,] 
		 2: attr_id->to_i def_%cl_2_4 attr_id[] 
		 3: %cl_2_3->== def_%cl_2_5 %cl_2_3[3.1,] %cl_2_4[3.2,] 
		 4: RETURN %cl_2_5[3.3,] %self[2.0,] 
BB 4
	outgoing: 6 
	datadep: 
	instructions:
		 0: def_%cl_2_6 
		 1: def_%cl_2_7 %cl_2_6[4.0,] 
		 2: RETURN %cl_2_7[4.1,] %self[2.0,] 
BB 6
	outgoing: 
	datadep: 
	instructions:
CLOSURE END
		 6: COPY def_attr %cl_1_5[3.5,] 
		 7: 
		 8: COPY def_%cl_1_6 %cl_1_5[3.5,] 
		 9: COPY def_%cl_1_7 %cl_1_5[3.5,] 
		 10: BRANCH %cl_1_5[3.5,] 
BB 4
	outgoing: 5 6 
	datadep: 
	instructions:
		 0: %self->build_new_attribute def_%cl_1_8 %self[2.0,] values[2.2,] 
		 1: COPY def_attr %cl_1_8[4.0,] 
		 2: COPY def_%cl_1_7 %cl_1_8[4.0,] 
BB 5
	outgoing: 6 8 
	datadep: 
	instructions:
		 0: 
		 1: ATTRASSIGN attr->attributes values[2.2,] 
		 2: 
		 3: def_%cl_1_9 updated[] attr[5.1,4.1,3.6,] 
		 4: RETURN %cl_1_9[5.3,] %self[2.0,] 
BB 6
	outgoing: 8 
	datadep: 
	instructions:
		 0: def_%cl_1_10 
		 1: def_%cl_1_11 %cl_1_10[6.0,] 
		 2: RETURN %cl_1_11[6.1,] %self[2.0,] 
BB 8
	outgoing: 
	datadep: 
	instructions:
CLOSURE END
		 11: 
		 12: %self->resource_attributes def_%v_5 %self[2.0,] 
		 13: def_%v_6 %v_5[2.12,] updated[2.8,] 
		 14: COPY def_missing %v_6[2.13,] 
		 15: 
		 16: %self->resource_attributes def_%v_7 %self[2.0,2.12,] 
		 17: %v_7->delete def_%v_8 %v_7[2.16,] missing[2.14,] 
		 18: RETURN %v_8[2.17,] %self[2.0,2.12,2.16,] 
BB 3
	outgoing: 
	datadep: 
	instructions:

SET IRMethod, name = all_attributes
BB 1
	outgoing: 7 2 
	datadep: 
	instructions:
BB 2
	outgoing: 3 4 
	datadep: 
	instructions:
		 0: def_%self 
		 1: def_%v_0 
		 2: COPY def_%current_scope 
		 3: COPY def_%current_module 
		 4: 
		 5: 
		 6: %self->resource_type def_%v_3 %self[2.0,] 
		 7: %v_3->blank? def_%v_4 %v_3[2.6,] 
		 8: BRANCH %v_4[2.7,] 
BB 3
	outgoing: 7 
	datadep: 
	instructions:
		 0: COPY def_%v_5 
		 1: RETURN %v_5[3.0,] %self[2.0,] 
BB 4
	outgoing: 7 
	datadep: 
	instructions:
		 0: COPY def_%v_6 
		 1: 
		 2: COPY def_%v_7 
		 3: COPY def_res %v_7[4.2,] 
		 4: 
		 5: %self->resource_type def_%v_8 %self[2.0,] 
		 6: %v_8->resource_type_attributes def_%v_9 %v_8[4.5,] 
		 7: %v_9->each def_%v_10 %v_9[4.6,] %self[4.5,2.0,] 
CLOSURE BEGIN: %self[4.5,2.0,] rta[] res[4.3,] attrs[] 
BB 1
	outgoing: 9 2 
	datadep: 
	instructions:
BB 2
	outgoing: 3 
	datadep: 
	instructions:
		 0: def_%self 
		 1: def_%cl_1_0 
		 2: RECEIVEARG def_rta 
		 3: COPY def_%current_scope 
		 4: COPY def_%current_module 
BB 3
	outgoing: 4 5 7 
	datadep: 
	instructions:
		 0: 
		 1: %self->resource_attributes def_%cl_1_3 %self[2.0,] 
		 2: %cl_1_3->select def_%cl_1_4 %cl_1_3[3.1,] %self[3.1,2.0,] 
CLOSURE BEGIN: a[] rta[2.2,] 
BB 1
	outgoing: 6 2 
	datadep: 
	instructions:
BB 2
	outgoing: 3 
	datadep: 
	instructions:
		 0: def_%self 
		 1: def_%cl_2_0 
		 2: RECEIVEARG def_a 
		 3: COPY def_%current_scope 
		 4: COPY def_%current_module 
BB 3
	outgoing: 4 6 
	datadep: 
	instructions:
		 0: 
		 1: a->resource_type_attribute_id def_%cl_2_3 a[2.2,] 
		 2: rta->id def_%cl_2_4 rta[] 
		 3: %cl_2_3->== def_%cl_2_5 %cl_2_3[3.1,] %cl_2_4[3.2,] 
		 4: RETURN %cl_2_5[3.3,] %self[2.0,] 
BB 4
	outgoing: 6 
	datadep: 
	instructions:
		 0: def_%cl_2_6 
		 1: def_%cl_2_7 %cl_2_6[4.0,] 
		 2: RETURN %cl_2_7[4.1,] %self[2.0,] 
BB 6
	outgoing: 
	datadep: 
	instructions:
CLOSURE END
		 3: COPY def_attrs %cl_1_4[3.2,] 
		 4: 
		 5: %cl_1_4->empty? def_%cl_1_5 %cl_1_4[3.2,] 
		 6: BRANCH %cl_1_5[3.5,] 
BB 4
	outgoing: 6 7 
	datadep: 
	instructions:
		 0: 
		 1: (ResourceAttribute) def_%cl_1_6 
		 2: rta->id def_%cl_1_7 rta[2.2,] 
		 3: COPY def_%cl_1_8 %cl_1_7[4.2,] 
		 4: %cl_1_6->new def_%cl_1_9 %cl_1_6[4.1,] %cl_1_8[4.3,] 
		 5: def_%cl_1_10 res[] %cl_1_9[4.4,] 
		 6: 
BB 5
	outgoing: 7 9 
	datadep: 
	instructions:
		 0: 
		 1: def_%cl_1_11 res[] attrs[3.3,] 
		 2: COPY def_res %cl_1_11[5.1,] 
		 3: RETURN %cl_1_11[5.1,] %self[2.0,] 
BB 6
	outgoing: 9 
	datadep: 
	instructions:
		 0: RETURN %cl_1_10[4.5,] %self[2.0,] 
BB 7
	outgoing: 9 
	datadep: 
	instructions:
		 0: def_%cl_1_12 
		 1: def_%cl_1_13 %cl_1_12[7.0,] 
		 2: RETURN %cl_1_13[7.1,] %self[2.0,] 
BB 9
	outgoing: 
	datadep: 
	instructions:
CLOSURE END
		 8: 
		 9: RETURN res[4.3,] %self[4.5,2.0,] 
BB 7
	outgoing: 
	datadep: 
	instructions:

SET IRMethod, name = changes_as_html
BB 1
	outgoing: 4 2 
	datadep: 
	instructions:
BB 2
	outgoing: 4 
	datadep: 
	instructions:
		 0: def_%self 
		 1: def_%v_0 
		 2: COPY def_%current_scope 
		 3: COPY def_%current_module 
		 4: 
		 5: 
		 6: COPY def_%v_3 
		 7: COPY def_res %v_3[2.6,] 
		 8: 
		 9: %self->changes def_%v_4 %self[2.0,] 
		 10: %v_4->each def_%v_5 %v_4[2.9,] %self[2.0,2.9,] 
CLOSURE BEGIN: values[] name[] %self[2.0,2.9,] old_value[] new_value[] str[] res[2.7,] 
BB 1
	outgoing: 6 2 
	datadep: 
	instructions:
BB 2
	outgoing: 3 
	datadep: 
	instructions:
		 0: def_%self 
		 1: def_%cl_1_0 
		 2: RECEIVEARG def_name 
		 3: RECEIVEARG def_values 
		 4: COPY def_%current_scope 
		 5: COPY def_%current_module 
BB 3
	outgoing: 4 6 
	datadep: 
	instructions:
		 0: 
		 1: def_%cl_1_3 values[2.3,] 
		 2: COPY def_old_value %cl_1_3[3.1,] 
		 3: 
		 4: def_%cl_1_4 values[2.3,] 
		 5: COPY def_new_value %cl_1_4[3.4,] 
		 6: 
		 7: COPY def_%cl_1_5 
		 8: name->humanize def_%cl_1_6 name[2.2,] 
		 9: %self->h def_%cl_1_7 %self[2.0,] %cl_1_6[3.8,] 
		 10: COPY def_%cl_1_8 
		 11: def_%cl_1_9 %cl_1_5[3.7,] %cl_1_7[3.9,] %cl_1_8[3.10,] 
		 12: COPY def_str %cl_1_9[3.11,] 
		 13: 
		 14: %self->h def_%cl_1_10 %self[3.9,2.0,] old_value[3.2,] 
		 15: COPY def_%cl_1_11 
		 16: %self->h def_%cl_1_12 %self[3.9,3.14,2.0,] new_value[3.5,] 
		 17: def_%cl_1_13 %cl_1_10[3.14,] %cl_1_11[3.15,] %cl_1_12[3.16,] 
		 18: def_%cl_1_14 str[3.12,] %cl_1_13[3.17,] 
		 19: COPY def_str %cl_1_14[3.18,] 
		 20: 
		 21: def_%cl_1_15 res[] %cl_1_14[3.18,] 
		 22: RETURN %cl_1_15[3.21,] %self[3.9,3.14,3.16,2.0,] 
BB 4
	outgoing: 6 
	datadep: 
	instructions:
		 0: def_%cl_1_16 
		 1: def_%cl_1_17 %cl_1_16[4.0,] 
		 2: RETURN %cl_1_17[4.1,] %self[2.0,] 
BB 6
	outgoing: 
	datadep: 
	instructions:
CLOSURE END
		 11: 
		 12: RETURN res[2.7,] %self[2.0,2.9,] 
BB 4
	outgoing: 
	datadep: 
	instructions:

SET IRMethod, name = validate_attributes
BB 1
	outgoing: 7 2 
	datadep: 
	instructions:
BB 2
	outgoing: 3 4 
	datadep: 
	instructions:
		 0: def_%self 
		 1: def_%v_0 
		 2: COPY def_%current_scope 
		 3: COPY def_%current_module 
		 4: 
		 5: 
		 6: %self->resource_attributes def_%v_3 %self[2.0,] 
		 7: %v_3->select def_%v_4 %v_3[2.6,] %self[2.0,2.6,] 
CLOSURE BEGIN: attr[] 
BB 1
	outgoing: 6 2 
	datadep: 
	instructions:
BB 2
	outgoing: 3 
	datadep: 
	instructions:
		 0: def_%self 
		 1: def_%cl_1_0 
		 2: RECEIVEARG def_attr 
		 3: COPY def_%current_scope 
		 4: COPY def_%current_module 
BB 3
	outgoing: 4 6 
	datadep: 
	instructions:
		 0: 
		 1: attr->check_regex def_%cl_1_3 attr[2.2,] 
		 2: %cl_1_3->! def_%cl_1_4 %cl_1_3[3.1,] 
		 3: RETURN %cl_1_4[3.2,] %self[2.0,] 
BB 4
	outgoing: 6 
	datadep: 
	instructions:
		 0: def_%cl_1_5 
		 1: def_%cl_1_6 %cl_1_5[4.0,] 
		 2: RETURN %cl_1_6[4.1,] %self[2.0,] 
BB 6
	outgoing: 
	datadep: 
	instructions:
CLOSURE END
		 8: COPY def_invalid %v_4[2.7,] 
		 9: 
		 10: %v_4->empty? def_%v_5 %v_4[2.7,] 
		 11: COPY def_res %v_5[2.10,] 
		 12: 
		 13: invalid->each def_%v_6 invalid[2.8,] %self[2.0,2.6,] 
CLOSURE BEGIN: attr[] %self[2.0,2.6,] msg[] 
BB 1
	outgoing: 6 2 
	datadep: 
	instructions:
BB 2
	outgoing: 3 
	datadep: 
	instructions:
		 0: def_%self 
		 1: def_%cl_2_0 
		 2: RECEIVEARG def_attr 
		 3: COPY def_%current_scope 
		 4: COPY def_%current_module 
BB 3
	outgoing: 4 6 
	datadep: 
	instructions:
		 0: 
		 1: (I18n) def_%cl_2_3 
		 2: COPY def_%cl_2_4 
		 3: attr->resource_type_attribute def_%cl_2_5 attr[2.2,] 
		 4: %cl_2_5->name def_%cl_2_6 %cl_2_5[3.3,] 
		 5: COPY def_%cl_2_7 %cl_2_6[3.4,] 
		 6: %cl_2_3->t def_%cl_2_8 %cl_2_3[3.1,] %cl_2_4[3.2,] %cl_2_7[3.5,] 
		 7: COPY def_msg %cl_2_8[3.6,] 
		 8: 
		 9: %self->errors def_%cl_2_9 %self[2.0,] 
		 10: %cl_2_9->add def_%cl_2_10 %cl_2_9[3.9,] msg[3.7,] 
		 11: RETURN %cl_2_10[3.10,] %self[3.9,2.0,] 
BB 4
	outgoing: 6 
	datadep: 
	instructions:
		 0: def_%cl_2_11 
		 1: def_%cl_2_12 %cl_2_11[4.0,] 
		 2: RETURN %cl_2_12[4.1,] %self[2.0,] 
BB 6
	outgoing: 
	datadep: 
	instructions:
CLOSURE END
		 14: 
		 15: %self->resource_type def_%v_7 %self[2.0,2.6,] 
		 16: BRANCH %v_7[2.15,] 
BB 3
	outgoing: 5 
	datadep: 
	instructions:
		 0: 
		 1: %self->resource_type def_%v_8 %self[2.0,] 
		 2: %v_8->resource_type_attributes def_%v_9 %v_8[3.1,] 
		 3: %v_9->each def_%v_10 %v_9[3.2,] %self[3.1,2.0,] 
CLOSURE BEGIN: rta[] %self[3.1,2.0,] attr[] value[] 
BB 1
	outgoing: 15 2 
	datadep: 
	instructions:
BB 2
	outgoing: 3 
	datadep: 
	instructions:
		 0: def_%self 
		 1: def_%cl_3_0 
		 2: RECEIVEARG def_rta 
		 3: COPY def_%current_scope 
		 4: COPY def_%current_module 
BB 3
	outgoing: 4 5 13 
	datadep: 
	instructions:
		 0: 
		 1: rta->is_mandatory? def_%cl_3_3 rta[2.2,] 
		 2: %cl_3_3->! def_%cl_3_4 %cl_3_3[3.1,] 
		 3: BRANCH %cl_3_4[3.2,] 
BB 4
	outgoing: 13 15 
	datadep: 
	instructions:
		 0: 
		 1: RETURN %self[2.0,] 
BB 5
	outgoing: 6 
	datadep: 
	instructions:
		 0: COPY def_%cl_3_5 
BB 6
	outgoing: 7 8 13 
	datadep: 
	instructions:
		 0: 
		 1: %self->resource_attributes def_%cl_3_6 %self[2.0,] 
		 2: %cl_3_6->detect def_%cl_3_7 %cl_3_6[6.1,] %self[6.1,2.0,] 
CLOSURE BEGIN: ra[] rta[2.2,] 
BB 1
	outgoing: 6 2 
	datadep: 
	instructions:
BB 2
	outgoing: 3 
	datadep: 
	instructions:
		 0: def_%self 
		 1: def_%cl_4_0 
		 2: RECEIVEARG def_ra 
		 3: COPY def_%current_scope 
		 4: COPY def_%current_module 
BB 3
	outgoing: 4 6 
	datadep: 
	instructions:
		 0: 
		 1: ra->resource_type_attribute def_%cl_4_3 ra[2.2,] 
		 2: %cl_4_3->== def_%cl_4_4 %cl_4_3[3.1,] rta[] 
		 3: RETURN %cl_4_4[3.2,] %self[2.0,] 
BB 4
	outgoing: 6 
	datadep: 
	instructions:
		 0: def_%cl_4_5 
		 1: def_%cl_4_6 %cl_4_5[4.0,] 
		 2: RETURN %cl_4_6[4.1,] %self[2.0,] 
BB 6
	outgoing: 
	datadep: 
	instructions:
CLOSURE END
		 3: COPY def_attr %cl_3_7[6.2,] 
		 4: 
		 5: BRANCH %cl_3_7[6.2,] 
BB 7
	outgoing: 9 13 
	datadep: 
	instructions:
		 0: attr->value def_%cl_3_8 attr[6.3,] 
		 1: COPY def_value %cl_3_8[7.0,] 
		 2: 
BB 8
	outgoing: 9 
	datadep: 
	instructions:
		 0: COPY def_%cl_3_8 
BB 9
	outgoing: 10 11 13 
	datadep: 
	instructions:
		 0: 
		 1: value->blank? def_%cl_3_9 value[7.1,] 
		 2: BRANCH %cl_3_9[9.1,] 
BB 10
	outgoing: 12 13 
	datadep: 
	instructions:
		 0: 
		 1: COPY def_res 
		 2: 
		 3: %self->errors def_%cl_3_10 %self[2.0,] 
		 4: (I18n) def_%cl_3_11 
		 5: COPY def_%cl_3_12 
		 6: rta->name def_%cl_3_13 rta[2.2,] 
		 7: COPY def_%cl_3_14 %cl_3_13[10.6,] 
		 8: %cl_3_11->t def_%cl_3_15 %cl_3_11[10.4,] %cl_3_12[10.5,] %cl_3_14[10.7,] 
		 9: %cl_3_10->add def_%cl_3_16 %cl_3_10[10.3,] %cl_3_15[10.8,] 
		 10: 
BB 11
	outgoing: 15 
	datadep: 
	instructions:
		 0: RETURN %self[2.0,] 
BB 12
	outgoing: 15 
	datadep: 
	instructions:
		 0: RETURN %cl_3_16[10.9,] %self[2.0,] 
BB 13
	outgoing: 15 
	datadep: 
	instructions:
		 0: def_%cl_3_17 
		 1: def_%cl_3_18 %cl_3_17[13.0,] 
		 2: RETURN %cl_3_18[13.1,] %self[2.0,] 
BB 15
	outgoing: 
	datadep: 
	instructions:
CLOSURE END
		 4: 
BB 4
	outgoing: 5 
	datadep: 
	instructions:
		 0: COPY def_%v_10 
BB 5
	outgoing: 7 
	datadep: 
	instructions:
		 0: 
		 1: RETURN res[2.11,] %self[2.0,] 
BB 7
	outgoing: 
	datadep: 
	instructions:

SET IRMethod, name = to_s
BB 1
	outgoing: 3 2 
	datadep: 
	instructions:
BB 2
	outgoing: 3 
	datadep: 
	instructions:
		 0: def_%self 
		 1: def_%v_0 
		 2: COPY def_%current_scope 
		 3: COPY def_%current_module 
		 4: 
		 5: 
		 6: %self->name def_%v_3 %self[2.0,] 
		 7: RETURN %v_3[2.6,] %self[2.0,2.6,] 
BB 3
	outgoing: 
	datadep: 
	instructions:

SET IRMethod, name = to_url
BB 1
	outgoing: 3 2 
	datadep: 
	instructions:
BB 2
	outgoing: 3 
	datadep: 
	instructions:
		 0: def_%self 
		 1: def_%v_0 
		 2: COPY def_%current_scope 
		 3: COPY def_%current_module 
		 4: 
		 5: 
		 6: COPY def_%v_3 
		 7: COPY def_%v_4 
		 8: %self->id def_%v_5 %self[2.0,] 
		 9: COPY def_%v_6 %v_3[2.6,] %v_4[2.7,] %v_5[2.8,] 
		 10: RETURN %v_6[2.9,] %self[2.0,2.8,] 
BB 3
	outgoing: 
	datadep: 
	instructions:

SET IRMethod, name = build_new_attribute
BB 1
	outgoing: 6 2 
	datadep: 
	instructions:
BB 2
	outgoing: 3 4 
	datadep: 
	instructions:
		 0: def_%self 
		 1: def_%v_0 
		 2: COPY def_%current_scope 
		 3: COPY def_%current_module 
		 4: 
		 5: RECEIVEARG def_values 
		 6: 
		 7: def_%v_3 values[2.5,] 
		 8: COPY def_attr_type_id %v_3[2.7,] 
		 9: 
		 10: COPY def_%v_4 
		 11: COPY def_rtas %v_4[2.10,] 
		 12: 
		 13: %self->company def_%v_5 %self[2.0,] 
		 14: %v_5->resource_types def_%v_6 %v_5[2.13,] 
		 15: %v_6->each def_%v_7 %v_6[2.14,] %self[2.0,2.13,] 
CLOSURE BEGIN: rt[] rtas[2.11,] 
BB 1
	outgoing: 6 2 
	datadep: 
	instructions:
BB 2
	outgoing: 3 
	datadep: 
	instructions:
		 0: def_%self 
		 1: def_%cl_1_0 
		 2: RECEIVEARG def_rt 
		 3: COPY def_%current_scope 
		 4: COPY def_%current_module 
BB 3
	outgoing: 4 6 
	datadep: 
	instructions:
		 0: 
		 1: rt->resource_type_attributes def_%cl_1_3 rt[2.2,] 
		 2: def_%cl_1_4 rtas[] %cl_1_3[3.1,] 
		 3: COPY def_rtas %cl_1_4[3.2,] 
		 4: RETURN %cl_1_4[3.2,] %self[2.0,] 
BB 4
	outgoing: 6 
	datadep: 
	instructions:
		 0: def_%cl_1_5 
		 1: def_%cl_1_6 %cl_1_5[4.0,] 
		 2: RETURN %cl_1_6[4.1,] %self[2.0,] 
BB 6
	outgoing: 
	datadep: 
	instructions:
CLOSURE END
		 16: 
		 17: rtas->detect def_%v_8 rtas[2.11,] %self[2.0,2.13,] 
CLOSURE BEGIN: rta[] attr_type_id[2.8,] 
BB 1
	outgoing: 6 2 
	datadep: 
	instructions:
BB 2
	outgoing: 3 
	datadep: 
	instructions:
		 0: def_%self 
		 1: def_%cl_2_0 
		 2: RECEIVEARG def_rta 
		 3: COPY def_%current_scope 
		 4: COPY def_%current_module 
BB 3
	outgoing: 4 6 
	datadep: 
	instructions:
		 0: 
		 1: rta->id def_%cl_2_3 rta[2.2,] 
		 2: attr_type_id->to_i def_%cl_2_4 attr_type_id[] 
		 3: %cl_2_3->== def_%cl_2_5 %cl_2_3[3.1,] %cl_2_4[3.2,] 
		 4: RETURN %cl_2_5[3.3,] %self[2.0,] 
BB 4
	outgoing: 6 
	datadep: 
	instructions:
		 0: def_%cl_2_6 
		 1: def_%cl_2_7 %cl_2_6[4.0,] 
		 2: RETURN %cl_2_7[4.1,] %self[2.0,] 
BB 6
	outgoing: 
	datadep: 
	instructions:
CLOSURE END
		 18: COPY def_rta %v_8[2.17,] 
		 19: 
		 20: BRANCH %v_8[2.17,] 
BB 3
	outgoing: 6 
	datadep: 
	instructions:
		 0: 
		 1: %self->resource_attributes def_%v_9 %self[2.0,] 
		 2: %v_9->build def_%v_10 %v_9[3.1,] 
		 3: RETURN %v_10[3.2,] %self[3.1,2.0,] 
BB 4
	outgoing: 6 
	datadep: 
	instructions:
		 0: RETURN %self[2.0,] 
BB 6
	outgoing: 
	datadep: 
	instructions:

