SET IRMethod, name = create_default_statuses
BB 1
	outgoing: 3 2 
	datadep: 
	instructions:
BB 2
	outgoing: 3 
	datadep: 
	instructions:
		 0: def_%self 
		 1: def_%v_0 
		 2: COPY def_%current_scope 
		 3: COPY def_%current_module 
		 4: 
		 5: RECEIVEARG def_company 
		 6: 
		 7: company->statuses def_%v_3 company[2.5,] 
		 8: %v_3->destroy_all def_%v_4 %v_3[2.7,] 
		 9: 
		 10: company->statuses def_%v_5 company[2.5,2.7,] 
		 11: COPY def_%v_6 
		 12: COPY def_%v_7 %v_6[2.11,] 
		 13: %v_5->build def_%v_8 %v_5[2.10,] %v_7[2.12,] 
		 14: %v_8->save! def_%v_9 %v_8[2.13,] 
		 15: 
		 16: company->statuses def_%v_10 company[2.5,2.7,2.10,] 
		 17: COPY def_%v_11 
		 18: COPY def_%v_12 %v_11[2.17,] 
		 19: %v_10->build def_%v_13 %v_10[2.16,] %v_12[2.18,] 
		 20: %v_13->save! def_%v_14 %v_13[2.19,] 
		 21: 
		 22: company->statuses def_%v_15 company[2.5,2.7,2.10,2.16,] 
		 23: COPY def_%v_16 
		 24: COPY def_%v_17 %v_16[2.23,] 
		 25: %v_15->build def_%v_18 %v_15[2.22,] %v_17[2.24,] 
		 26: %v_18->save! def_%v_19 %v_18[2.25,] 
		 27: 
		 28: company->statuses def_%v_20 company[2.5,2.7,2.10,2.16,2.22,] 
		 29: COPY def_%v_21 
		 30: COPY def_%v_22 %v_21[2.29,] 
		 31: %v_20->build def_%v_23 %v_20[2.28,] %v_22[2.30,] 
		 32: %v_23->save! def_%v_24 %v_23[2.31,] 
		 33: 
		 34: company->statuses def_%v_25 company[2.5,2.7,2.10,2.16,2.22,2.28,] 
		 35: COPY def_%v_26 
		 36: COPY def_%v_27 %v_26[2.35,] 
		 37: %v_25->build def_%v_28 %v_25[2.34,] %v_27[2.36,] 
		 38: %v_28->save! def_%v_29 %v_28[2.37,] 
		 39: RETURN %v_29[2.38,] %self[2.0,] 
BB 3
	outgoing: 
	datadep: 
	instructions:

SET IRMethod, name = to_s
BB 1
	outgoing: 3 2 
	datadep: 
	instructions:
BB 2
	outgoing: 3 
	datadep: 
	instructions:
		 0: def_%self 
		 1: def_%v_0 
		 2: COPY def_%current_scope 
		 3: COPY def_%current_module 
		 4: 
		 5: 
		 6: %self->name def_%v_3 %self[2.0,] 
		 7: RETURN %v_3[2.6,] %self[2.0,2.6,] 
BB 3
	outgoing: 
	datadep: 
	instructions:

