SET IRMethod, name = add_and_install_module
BB 1
	outgoing: 3 2 
	datadep: 
	instructions:
BB 2
	outgoing: 3 
	datadep: 
	instructions:
		 0: def_%self 
		 1: def_%v_0 
		 2: COPY TYPE_CurrentScope def_%current_scope 
		 3: COPY TYPE_ScopeModule def_%current_module 
		 4: 
		 5: 
		 6: %self->name def_%v_3 %self[2.0,] 	 ARGS:
		 7: %self->gem def_%v_4 %self[2.0,2.6,] %v_3[2.6,] 	 ARGS:%v_3,
		 8: 
		 9: %self->name def_%v_5 %self[2.0,2.6,2.7,] 	 ARGS:
		 10: COPY TYPE_StringLiteral def_%v_6 
		 11: BUILDSTRING def_%v_7 %v_5[2.9,] %v_6[2.10,] 
		 12: %self->generate def_%v_8 %self[2.0,2.6,2.7,2.9,] %v_7[2.11,] 	 ARGS:%v_7,
		 13: RETURN %v_8[2.12,] %self[2.0,2.6,2.7,2.9,2.12,] 
BB 3
	outgoing: 
	datadep: 
	instructions:

