authenticate_user: user -> User
authenticate_user: @user -> User
authenticate_user: @user -> User
user_is_spider?: ua -> String
user_is_spider?: ua -> String
increase_traffic_counter: traffic_kv -> Keystore
increase_traffic_counter: now_i -> Fixnum
increase_traffic_counter: date_kv -> Keystore
increase_traffic_counter: traffic -> Fixnum
increase_traffic_counter: traffic_kv -> Keystore
increase_traffic_counter: traffic_kv -> Keystore
increase_traffic_counter: date_kv -> Keystore
increase_traffic_counter: date_kv -> Keystore
set: message.author -> User
set: message.recipient -> User
show: message.author -> User
show: message.recipient -> User
create: message.author -> User
create: message.recipient -> User
index: message.author -> User
index: message.recipient -> User
