SET IRMethod, name = perform
BB 1
	outgoing: 5 2 
	datadep: 
	instructions:
BB 2
	outgoing: 3 4 
	datadep: 
	instructions:
		 0: 
		 1: 
		 2: 
		 3: 
		 4: 
		 5: 
		 6: 
		 7: 
		 8: (ActiveRecord) 
		 9: %v_3[2.8,] 
		 10: %v_4[2.9,] 
BB 3
	outgoing: 4 
	datadep: 2 
	instructions:
		 0: %v_3[2.8,] 
BB 4
	outgoing: 5 
	datadep: 3 2 2 
	instructions:
		 0: %v_4->connection_pool %v_4[3.0,2.9,] 
		 1: %v_5->with_connection %self[2.0,] %v_5[4.0,] 
CLOSURE BEGIN: 
BB 1
	outgoing: 6 2 
	datadep: 
	instructions:
BB 2
	outgoing: 3 
	datadep: 
	instructions:
		 0: 
		 1: 
		 2: 
		 3: 
BB 3
	outgoing: 4 6 
	datadep: 2 
	instructions:
		 0: 
		 1: (Site) 
		 2: %cl_1_3[3.1,] %self[2.0,] 
CLOSURE BEGIN: 
BB 1
	outgoing: 6 2 
	datadep: 
	instructions:
BB 2
	outgoing: 3 
	datadep: 
	instructions:
		 0: 
		 1: 
		 2: 
		 3: 
BB 3
	outgoing: 4 6 
	datadep: 2 
	instructions:
		 0: 
		 1: (Import) 
		 2: %cl_2_3->find %cl_2_3[3.1,] 
		 3: %cl_2_4[3.2,] 
		 4: 
		 5: (Import) 
		 6: 
		 7: site->id 
		 8: 
		 9: import->id import[3.3,] 
		 10: %cl_2_6[3.6,] %cl_2_7[3.7,] %cl_2_8[3.8,] %cl_2_9[3.9,] 
		 11: %cl_2_5->with_advisory_lock %self[2.0,] %cl_2_5[3.5,] %cl_2_10[3.10,] 
CLOSURE BEGIN: 
BB 1
	outgoing: 15 2 
	datadep: 
	instructions:
BB 2
	outgoing: 4 
	datadep: 
	instructions:
		 0: 
		 1: 
		 2: 
		 3: 
		 4: 
		 5: 
BB 4
	outgoing: 6 7 
	datadep: 2 
	instructions:
		 0: 
		 1: 
		 2: (ImportPreview) 
		 3: %cl_3_6->new %cl_3_6[4.2,] 
		 4: %cl_3_7->preview %cl_3_7[4.3,] 
		 5: %cl_3_8[4.4,] 
		 6: %cl_3_3[2.5,] 
BB 6
	outgoing: 12 
	datadep: 
	instructions:
		 0: 
BB 7
	outgoing: 8 9 11 
	datadep: 
	instructions:
		 0: 
		 1: %cl_3_9[7.0,] 
		 2: BRANCH %cl_3_10[7.1,] 
BB 8
	outgoing: 11 15 
	datadep: 7 
	instructions:
		 0: %cl_3_9[7.0,] 
BB 9
	outgoing: 10 11 
	datadep: 2 
	instructions:
		 0: 
		 1: %cl_3_11[9.0,] 
		 2: 
		 3: 
		 4: 
		 5: e->message e[9.1,] 
		 6: import[9.3,] %cl_3_12[9.5,] 
		 7: 
		 8: import->save! import[9.3,9.6,] 
		 9: %cl_3_13[9.8,] 
		 10: %cl_3_3[2.5,] 
BB 10
	outgoing: 12 
	datadep: 
	instructions:
		 0: 
BB 11
	outgoing: 13 15 
	datadep: 2 
	instructions:
		 0: 
		 1: %cl_3_3[2.5,] %cl_3_14[11.0,] 
		 2: %cl_3_14[11.0,] 
BB 12
	outgoing: 15 
	datadep: 4 9 
	instructions:
		 0: RETURN %cl_3_5[4.5,9.9,] 
BB 13
	outgoing: 15 
	datadep: 
	instructions:
		 0: 
		 1: %cl_3_16[13.0,] 
		 2: RETURN %cl_3_17[13.1,] 
BB 15
	outgoing: 
	datadep: 
	instructions:
CLOSURE END
		 12: RETURN %cl_2_11[3.11,] 
BB 4
	outgoing: 6 
	datadep: 
	instructions:
		 0: 
		 1: %cl_2_12[4.0,] 
		 2: RETURN %cl_2_13[4.1,] 
BB 6
	outgoing: 
	datadep: 
	instructions:
CLOSURE END
		 3: RETURN %cl_1_4[3.2,] 
BB 4
	outgoing: 6 
	datadep: 
	instructions:
		 0: 
		 1: %cl_1_5[4.0,] 
		 2: RETURN %cl_1_6[4.1,] 
BB 6
	outgoing: 
	datadep: 
	instructions:
CLOSURE END
		 2: RETURN %v_6[4.1,] 
BB 5
	outgoing: 
	datadep: 
	instructions:

