SET IRMethod, name = perform instanceMethod = true
BB 1
	outgoing: 7 2 
	datadep: 
	instructions:
BB 2
	outgoing: 3 4 
	datadep: 
	instructions:
		 0: def_%self 
		 1: def_%v_0 
		 2: COPY TYPE_CurrentScope def_%current_scope 
		 3: COPY TYPE_ScopeModule def_%current_module 
		 4: 
		 5: RECEIVEARG def_site 
		 6: RECEIVEARG def_person_id 
		 7: RECEIVEARG def_file_id 
		 8: RECEIVECONSTARG def_with_pictures 
		 9: with_pictures[2.8,] 
BB 3
	outgoing: 4 
	datadep: 
	instructions:
		 0: COPY TYPE_Boolean def_with_pictures 
BB 4
	outgoing: 5 6 
	datadep: 
	instructions:
		 0: Line Number 4
		 1: (ActiveRecord) def_%v_3 
		 2: (inherit Base) def_%v_4 %v_3[4.1,] 
		 3: %v_4[4.2,] 
BB 5
	outgoing: 6 
	datadep: 
	instructions:
		 0: %v_3->const_missing def_%v_4 %v_3[4.1,] 	 SYMBOL:Base,	 ARGS:Symbol,
BB 6
	outgoing: 7 
	datadep: 
	instructions:
		 0: %v_4->connection_pool def_%v_5 %v_4[5.0,4.2,] 	 SYMBOL:	 ARGS:
		 1: %v_5->with_connection def_%v_6 %v_5[6.0,] %self[2.0,] 	 SYMBOL:	 ARGS:%v_5,
CLOSURE BEGIN: site[2.5,] %self[2.0,] person_id[2.6,] file_id[2.7,] with_pictures[3.0,2.8,] person[] file[] 
BB 1
	outgoing: 6 2 
	datadep: 
	instructions:
BB 2
	outgoing: 3 
	datadep: 
	instructions:
		 0: def_%self 
		 1: def_%cl_1_0 
		 2: COPY TYPE_CurrentScope def_%current_scope 
		 3: COPY TYPE_ScopeModule def_%current_module 
BB 3
	outgoing: 4 6 
	datadep: 
	instructions:
		 0: Line Number 5
		 1: (Site) def_%cl_1_3 
		 2: %cl_1_3->with_current def_%cl_1_4 %cl_1_3[3.1,] site[] %self[2.0,] 	 SYMBOL:	 ARGS:site,%cl_1_3,
CLOSURE BEGIN: person_id[] file_id[] with_pictures[] person[] file[] 
BB 1
	outgoing: 6 2 
	datadep: 
	instructions:
BB 2
	outgoing: 3 
	datadep: 
	instructions:
		 0: def_%self 
		 1: def_%cl_2_0 
		 2: COPY TYPE_CurrentScope def_%current_scope 
		 3: COPY TYPE_ScopeModule def_%current_module 
BB 3
	outgoing: 4 6 
	datadep: 
	instructions:
		 0: Line Number 6
		 1: (Person) def_%cl_2_3 
		 2: %cl_2_3->find def_%cl_2_4 %cl_2_3[3.1,] person_id[] 	 SYMBOL:	 ARGS:person_id,
		 3: COPY TYPE_PASS def_person %cl_2_4[3.2,] 
		 4: Line Number 7
		 5: %cl_2_4->generated_files def_%cl_2_5 %cl_2_4[3.2,] 	 SYMBOL:	 ARGS:
		 6: %cl_2_5->find def_%cl_2_6 %cl_2_5[3.5,] file_id[] 	 SYMBOL:	 ARGS:file_id,
		 7: COPY TYPE_PASS def_file %cl_2_6[3.6,] 
		 8: Line Number 8
		 9: (PrintableDirectory) def_%cl_2_7 
		 10: HASH-pictures- def_%cl_2_8 with_pictures[] 
		 11: %cl_2_7->new def_%cl_2_9 %cl_2_7[3.9,] person[3.3,] %cl_2_8[3.10,] 	 SYMBOL:	 ARGS:person,%cl_2_8,
		 12: %cl_2_9->render def_%cl_2_10 %cl_2_9[3.11,] 	 SYMBOL:	 ARGS:
		 13: COPY TYPE_PASS def_data %cl_2_10[3.12,] 
		 14: Line Number 9
		 15: (StringIO) def_%cl_2_11 
		 16: %cl_2_11->new def_%cl_2_12 %cl_2_11[3.15,] %cl_2_10[3.12,] 	 SYMBOL:	 ARGS:data,
		 17: ATTRASSIGN file->file %cl_2_12[3.16,] 
		 18: Line Number 10
		 19: file->save def_%cl_2_13 file[3.7,3.17,] 	 SYMBOL:	 ARGS:
		 20: RETURN %cl_2_13[3.19,] %self[2.0,] 
BB 4
	outgoing: 6 
	datadep: 
	instructions:
		 0: def_%cl_2_14 
		 1: def_%cl_2_15 %cl_2_14[4.0,] 
		 2: RETURN %cl_2_15[4.1,] %self[2.0,] 
BB 6
	outgoing: 
	datadep: 
	instructions:
CLOSURE END: file[3.7,3.17,] data[3.13,] 
		 3: RETURN %cl_1_4[3.2,] %self[2.0,] 
BB 4
	outgoing: 6 
	datadep: 
	instructions:
		 0: def_%cl_1_5 
		 1: def_%cl_1_6 %cl_1_5[4.0,] 
		 2: RETURN %cl_1_6[4.1,] %self[2.0,] 
BB 6
	outgoing: 
	datadep: 
	instructions:
CLOSURE END: 
		 2: RETURN %v_6[6.1,] %self[2.0,] 
BB 7
	outgoing: 
	datadep: 
	instructions:

