SET IRMethod, name = contents_hash
BB 1
	outgoing: 3 2 
	datadep: 
	instructions:
BB 2
	outgoing: 3 
	datadep: 
	instructions:
		 0: def_%self 
		 1: def_%v_0 
		 2: COPY TYPE_CurrentScope def_%current_scope 
		 3: COPY TYPE_ScopeModule def_%current_module 
		 4: 
		 5: 
		 6: (Hash) def_%v_3 
		 7: %v_3->new def_%v_4 %v_3[2.6,] 	 ARGS:
		 8: COPY TYPE_PASS def_h %v_4[2.7,] 
		 9: 
		 10: (Content) def_%v_5 
		 11: %v_5->descendants def_%v_6 %v_5[2.10,] 	 ARGS:
		 12: %v_6->each def_%v_7 %v_6[2.11,] %self[2.0,] 	 ARGS:%v_6,
CLOSURE BEGIN: c[] h[2.8,] 
BB 1
	outgoing: 6 2 
	datadep: 
	instructions:
BB 2
	outgoing: 3 
	datadep: 
	instructions:
		 0: def_%self 
		 1: def_%cl_1_0 
		 2: RECEIVEARG def_c 
		 3: COPY TYPE_CurrentScope def_%current_scope 
		 4: COPY TYPE_ScopeModule def_%current_module 
BB 3
	outgoing: 4 6 
	datadep: 
	instructions:
		 0: 
		 1: c->to_s def_%cl_1_3 c[2.2,] 	 ARGS:
		 2: ATTRASSIGN h->[] %cl_1_3[3.1,] 
		 3: RETURN %self[2.0,] 
BB 4
	outgoing: 6 
	datadep: 
	instructions:
		 0: def_%cl_1_4 
		 1: def_%cl_1_5 %cl_1_4[4.0,] 
		 2: RETURN %cl_1_5[4.1,] %self[2.0,] 
BB 6
	outgoing: 
	datadep: 
	instructions:
CLOSURE END
		 13: 
		 14: RETURN h[2.8,] %self[2.0,] 
BB 3
	outgoing: 
	datadep: 
	instructions:

SET IRMethod, name = contents
BB 1
	outgoing: 6 2 
	datadep: 
	instructions:
BB 2
	outgoing: 3 4 
	datadep: 
	instructions:
		 0: def_%self 
		 1: def_%v_0 
		 2: COPY TYPE_CurrentScope def_%current_scope 
		 3: COPY TYPE_ScopeModule def_%current_module 
		 4: 
		 5: 
		 6: GETFIELD %self->contents def_%v_3 %self[2.0,] 
		 7: BRANCH %v_3[2.6,] 
BB 3
	outgoing: 6 
	datadep: 
	instructions:
		 0: GETFIELD %self->contents def_%v_4 %self[2.0,] 
		 1: RETURN %v_4[3.0,] %self[2.0,] 
BB 4
	outgoing: 6 
	datadep: 
	instructions:
		 0: COPY TYPE_Nil def_%v_5 
		 1: 
		 2: %self->contents_hash def_%v_6 %self[2.0,] 	 ARGS:
		 3: ATTRASSIGN %self->contents %v_6[4.2,] 
		 4: 
		 5: COPY TYPE_StringLiteral def_%v_7 
		 6: %self->select_all def_%v_8 %self[4.2,4.3,2.0,] %v_7[4.5,] 	 ARGS:%v_7,
		 7: COPY TYPE_PASS def_by_type %v_8[4.6,] 
		 8: 
		 9: %v_8->each def_%v_9 %v_8[4.6,] %self[4.2,4.3,4.6,2.0,] 	 ARGS:%v_8,
CLOSURE BEGIN: %self[4.2,4.3,4.6,2.0,] content[] 
BB 1
	outgoing: 6 2 
	datadep: 
	instructions:
BB 2
	outgoing: 3 
	datadep: 
	instructions:
		 0: def_%self 
		 1: def_%cl_1_0 
		 2: RECEIVEARG def_content 
		 3: COPY TYPE_CurrentScope def_%current_scope 
		 4: COPY TYPE_ScopeModule def_%current_module 
BB 3
	outgoing: 4 6 
	datadep: 
	instructions:
		 0: 
		 1: GETFIELD %self->contents def_%cl_1_3 %self[2.0,] 
		 2: COPY TYPE_StringLiteral def_%cl_1_4 
		 3: content->[] def_%cl_1_5 content[2.2,] %cl_1_4[3.2,] 	 ARGS:%cl_1_4,
		 4: COPY TYPE_StringLiteral def_%cl_1_6 
		 5: content->[] def_%cl_1_7 content[3.3,2.2,] %cl_1_6[3.4,] 	 ARGS:%cl_1_6,
		 6: ATTRASSIGN %cl_1_3->[] %cl_1_5[3.3,] %cl_1_7[3.5,] 
		 7: RETURN %cl_1_7[3.5,] %self[2.0,] 
BB 4
	outgoing: 6 
	datadep: 
	instructions:
		 0: def_%cl_1_8 
		 1: def_%cl_1_9 %cl_1_8[4.0,] 
		 2: RETURN %cl_1_9[4.1,] %self[2.0,] 
BB 6
	outgoing: 
	datadep: 
	instructions:
CLOSURE END
		 10: 
		 11: GETFIELD %self->contents def_%v_10 %self[4.2,4.3,4.6,2.0,] 
		 12: COPY TYPE_StringLiteral def_%v_11 
		 13: GETFIELD %self->contents def_%v_12 %self[4.2,4.3,4.6,2.0,] 
		 14: %v_12->values def_%v_13 %v_12[4.13,] 	 ARGS:
		 15: %v_13->sum def_%v_14 %v_13[4.14,] 	 ARGS:
		 16: ATTRASSIGN %v_10->[] %v_11[4.12,] %v_14[4.15,] 
		 17: 
		 18: GETFIELD %self->contents def_%v_15 %self[4.2,4.3,4.6,2.0,] 
		 19: RETURN %v_15[4.18,] %self[4.2,4.3,4.6,2.0,] 
BB 6
	outgoing: 
	datadep: 
	instructions:

SET IRMethod, name = news
BB 1
	outgoing: 6 2 
	datadep: 
	instructions:
BB 2
	outgoing: 3 4 
	datadep: 
	instructions:
		 0: def_%self 
		 1: def_%v_0 
		 2: COPY TYPE_CurrentScope def_%current_scope 
		 3: COPY TYPE_ScopeModule def_%current_module 
		 4: 
		 5: 
		 6: GETFIELD %self->news def_%v_3 %self[2.0,] 
		 7: BRANCH %v_3[2.6,] 
BB 3
	outgoing: 6 
	datadep: 
	instructions:
		 0: GETFIELD %self->news def_%v_4 %self[2.0,] 
		 1: RETURN %v_4[3.0,] %self[2.0,] 
BB 4
	outgoing: 6 
	datadep: 
	instructions:
		 0: COPY TYPE_Nil def_%v_5 
		 1: 
		 2: COPY TYPE_StringLiteral def_%v_6 
		 3: COPY TYPE_StringLiteral def_%v_7 
		 4: COPY TYPE_StringLiteral def_%v_8 
		 5: COPY TYPE_StringLiteral def_%v_9 
		 6: HASH- def_%v_10 %v_6[4.2,] %v_7[4.3,] %v_8[4.4,] %v_9[4.5,] 
		 7: ATTRASSIGN %self->news %v_10[4.6,] 
		 8: 
		 9: COPY TYPE_StringLiteral def_%v_11 
		 10: %self->select_all def_%v_12 %self[4.7,2.0,] %v_11[4.9,] 	 ARGS:%v_11,
		 11: COPY TYPE_PASS def_by_state %v_12[4.10,] 
		 12: 
		 13: %v_12->each def_%v_13 %v_12[4.10,] %self[4.7,4.10,2.0,] 	 ARGS:%v_12,
CLOSURE BEGIN: %self[4.7,4.10,2.0,] state[] 
BB 1
	outgoing: 6 2 
	datadep: 
	instructions:
BB 2
	outgoing: 3 
	datadep: 
	instructions:
		 0: def_%self 
		 1: def_%cl_1_0 
		 2: RECEIVEARG def_state 
		 3: COPY TYPE_CurrentScope def_%current_scope 
		 4: COPY TYPE_ScopeModule def_%current_module 
BB 3
	outgoing: 4 6 
	datadep: 
	instructions:
		 0: 
		 1: GETFIELD %self->news def_%cl_1_3 %self[2.0,] 
		 2: COPY TYPE_StringLiteral def_%cl_1_4 
		 3: state->[] def_%cl_1_5 state[2.2,] %cl_1_4[3.2,] 	 ARGS:%cl_1_4,
		 4: COPY TYPE_StringLiteral def_%cl_1_6 
		 5: state->[] def_%cl_1_7 state[3.3,2.2,] %cl_1_6[3.4,] 	 ARGS:%cl_1_6,
		 6: ATTRASSIGN %cl_1_3->[] %cl_1_5[3.3,] %cl_1_7[3.5,] 
		 7: RETURN %cl_1_7[3.5,] %self[2.0,] 
BB 4
	outgoing: 6 
	datadep: 
	instructions:
		 0: def_%cl_1_8 
		 1: def_%cl_1_9 %cl_1_8[4.0,] 
		 2: RETURN %cl_1_9[4.1,] %self[2.0,] 
BB 6
	outgoing: 
	datadep: 
	instructions:
CLOSURE END
		 14: 
		 15: GETFIELD %self->news def_%v_14 %self[4.7,4.10,2.0,] 
		 16: RETURN %v_14[4.15,] %self[4.7,4.10,2.0,] 
BB 6
	outgoing: 
	datadep: 
	instructions:

SET IRMethod, name = nb_news_authors
BB 1
	outgoing: 3 2 
	datadep: 
	instructions:
BB 2
	outgoing: 3 
	datadep: 
	instructions:
		 0: def_%self 
		 1: def_%v_0 
		 2: COPY TYPE_CurrentScope def_%current_scope 
		 3: COPY TYPE_ScopeModule def_%current_module 
		 4: 
		 5: 
		 6: COPY TYPE_StringLiteral def_%v_3 
		 7: %self->count def_%v_4 %self[2.0,] %v_3[2.6,] 	 ARGS:%v_3,
		 8: RETURN %v_4[2.7,] %self[2.0,2.7,] 
BB 3
	outgoing: 
	datadep: 
	instructions:

SET IRMethod, name = nb_news_accounts
BB 1
	outgoing: 3 2 
	datadep: 
	instructions:
BB 2
	outgoing: 3 
	datadep: 
	instructions:
		 0: def_%self 
		 1: def_%v_0 
		 2: COPY TYPE_CurrentScope def_%current_scope 
		 3: COPY TYPE_ScopeModule def_%current_module 
		 4: 
		 5: 
		 6: COPY TYPE_StringLiteral def_%v_3 
		 7: %self->count def_%v_4 %self[2.0,] %v_3[2.6,] 	 ARGS:%v_3,
		 8: RETURN %v_4[2.7,] %self[2.0,2.7,] 
BB 3
	outgoing: 
	datadep: 
	instructions:

SET IRMethod, name = contents_by_year
BB 1
	outgoing: 6 2 
	datadep: 
	instructions:
BB 2
	outgoing: 3 4 
	datadep: 
	instructions:
		 0: def_%self 
		 1: def_%v_0 
		 2: COPY TYPE_CurrentScope def_%current_scope 
		 3: COPY TYPE_ScopeModule def_%current_module 
		 4: 
		 5: 
		 6: GETFIELD %self->contents_by_year def_%v_3 %self[2.0,] 
		 7: BRANCH %v_3[2.6,] 
BB 3
	outgoing: 6 
	datadep: 
	instructions:
		 0: GETFIELD %self->contents_by_year def_%v_4 %self[2.0,] 
		 1: RETURN %v_4[3.0,] %self[2.0,] 
BB 4
	outgoing: 6 
	datadep: 
	instructions:
		 0: COPY TYPE_Nil def_%v_5 
		 1: 
		 2: HASH- def_%v_6 
		 3: ATTRASSIGN %self->contents_by_year %v_6[4.2,] 
		 4: 
		 5: COPY TYPE_StringLiteral def_%v_7 
		 6: %self->select_all def_%v_8 %self[4.3,2.0,] %v_7[4.5,] 	 ARGS:%v_7,
		 7: COPY TYPE_PASS def_entries %v_8[4.6,] 
		 8: 
		 9: %v_8->each def_%v_9 %v_8[4.6,] %self[4.3,4.6,2.0,] 	 ARGS:%v_8,
CLOSURE BEGIN: %self[4.3,4.6,2.0,] entry[] 
BB 1
	outgoing: 8 2 
	datadep: 
	instructions:
BB 2
	outgoing: 3 
	datadep: 
	instructions:
		 0: def_%self 
		 1: def_%cl_1_0 
		 2: RECEIVEARG def_entry 
		 3: COPY TYPE_CurrentScope def_%current_scope 
		 4: COPY TYPE_ScopeModule def_%current_module 
BB 3
	outgoing: 4 5 6 
	datadep: 
	instructions:
		 0: 
		 1: GETFIELD %self->contents_by_year def_%cl_1_3 %self[2.0,] 
		 2: COPY TYPE_StringLiteral def_%cl_1_5 
		 3: entry->[] def_%cl_1_6 entry[2.2,] %cl_1_5[3.2,] 	 ARGS:%cl_1_5,
		 4: %cl_1_3->[] def_%cl_1_4 %cl_1_3[3.1,] %cl_1_6[3.3,] 	 ARGS:%cl_1_6,
		 5: BRANCH %cl_1_4[3.4,] 
BB 4
	outgoing: 5 6 
	datadep: 
	instructions:
		 0: %self->contents_hash def_%cl_1_7 %self[2.0,] 	 ARGS:
		 1: %cl_1_3->[]= def_%cl_1_4 %cl_1_3[3.1,] %cl_1_6[3.3,] %cl_1_7[4.0,] 	 ARGS:%cl_1_6,%cl_1_7,
		 2: COPY TYPE_PASS def_%cl_1_4 %cl_1_7[4.0,] 
BB 5
	outgoing: 6 8 
	datadep: 
	instructions:
		 0: 
		 1: GETFIELD %self->contents_by_year def_%cl_1_8 %self[2.0,] 
		 2: COPY TYPE_StringLiteral def_%cl_1_9 
		 3: entry->[] def_%cl_1_10 entry[2.2,] %cl_1_9[5.2,] 	 ARGS:%cl_1_9,
		 4: %cl_1_8->[] def_%cl_1_11 %cl_1_8[5.1,] %cl_1_10[5.3,] 	 ARGS:%cl_1_10,
		 5: COPY TYPE_StringLiteral def_%cl_1_12 
		 6: entry->[] def_%cl_1_13 entry[5.3,2.2,] %cl_1_12[5.5,] 	 ARGS:%cl_1_12,
		 7: COPY TYPE_StringLiteral def_%cl_1_14 
		 8: entry->[] def_%cl_1_15 entry[5.3,5.6,2.2,] %cl_1_14[5.7,] 	 ARGS:%cl_1_14,
		 9: ATTRASSIGN %cl_1_11->[] %cl_1_13[5.6,] %cl_1_15[5.8,] 
		 10: RETURN %cl_1_15[5.8,] %self[2.0,] 
BB 6
	outgoing: 8 
	datadep: 
	instructions:
		 0: def_%cl_1_16 
		 1: def_%cl_1_17 %cl_1_16[6.0,] 
		 2: RETURN %cl_1_17[6.1,] %self[2.0,] 
BB 8
	outgoing: 
	datadep: 
	instructions:
CLOSURE END
		 10: 
		 11: GETFIELD %self->contents_by_year def_%v_10 %self[4.3,4.6,2.0,] 
		 12: RETURN %v_10[4.11,] %self[4.3,4.6,2.0,] 
BB 6
	outgoing: 
	datadep: 
	instructions:

SET IRMethod, name = contents_by_month
BB 1
	outgoing: 6 2 
	datadep: 
	instructions:
BB 2
	outgoing: 3 4 
	datadep: 
	instructions:
		 0: def_%self 
		 1: def_%v_0 
		 2: COPY TYPE_CurrentScope def_%current_scope 
		 3: COPY TYPE_ScopeModule def_%current_module 
		 4: 
		 5: 
		 6: GETFIELD %self->contents_by_month def_%v_3 %self[2.0,] 
		 7: BRANCH %v_3[2.6,] 
BB 3
	outgoing: 6 
	datadep: 
	instructions:
		 0: GETFIELD %self->contents_by_month def_%v_4 %self[2.0,] 
		 1: RETURN %v_4[3.0,] %self[2.0,] 
BB 4
	outgoing: 6 
	datadep: 
	instructions:
		 0: COPY TYPE_Nil def_%v_5 
		 1: 
		 2: HASH- def_%v_6 
		 3: ATTRASSIGN %self->contents_by_month %v_6[4.2,] 
		 4: 
		 5: COPY TYPE_StringLiteral def_%v_7 
		 6: %self->select_all def_%v_8 %self[4.3,2.0,] %v_7[4.5,] 	 ARGS:%v_7,
		 7: COPY TYPE_PASS def_entries %v_8[4.6,] 
		 8: 
		 9: %v_8->each def_%v_9 %v_8[4.6,] %self[4.3,4.6,2.0,] 	 ARGS:%v_8,
CLOSURE BEGIN: %self[4.3,4.6,2.0,] entry[] 
BB 1
	outgoing: 8 2 
	datadep: 
	instructions:
BB 2
	outgoing: 3 
	datadep: 
	instructions:
		 0: def_%self 
		 1: def_%cl_1_0 
		 2: RECEIVEARG def_entry 
		 3: COPY TYPE_CurrentScope def_%current_scope 
		 4: COPY TYPE_ScopeModule def_%current_module 
BB 3
	outgoing: 4 5 6 
	datadep: 
	instructions:
		 0: 
		 1: GETFIELD %self->contents_by_month def_%cl_1_3 %self[2.0,] 
		 2: COPY TYPE_StringLiteral def_%cl_1_5 
		 3: entry->[] def_%cl_1_6 entry[2.2,] %cl_1_5[3.2,] 	 ARGS:%cl_1_5,
		 4: %cl_1_3->[] def_%cl_1_4 %cl_1_3[3.1,] %cl_1_6[3.3,] 	 ARGS:%cl_1_6,
		 5: BRANCH %cl_1_4[3.4,] 
BB 4
	outgoing: 5 6 
	datadep: 
	instructions:
		 0: %self->contents_hash def_%cl_1_7 %self[2.0,] 	 ARGS:
		 1: %cl_1_3->[]= def_%cl_1_4 %cl_1_3[3.1,] %cl_1_6[3.3,] %cl_1_7[4.0,] 	 ARGS:%cl_1_6,%cl_1_7,
		 2: COPY TYPE_PASS def_%cl_1_4 %cl_1_7[4.0,] 
BB 5
	outgoing: 6 8 
	datadep: 
	instructions:
		 0: 
		 1: GETFIELD %self->contents_by_month def_%cl_1_8 %self[2.0,] 
		 2: COPY TYPE_StringLiteral def_%cl_1_9 
		 3: entry->[] def_%cl_1_10 entry[2.2,] %cl_1_9[5.2,] 	 ARGS:%cl_1_9,
		 4: %cl_1_8->[] def_%cl_1_11 %cl_1_8[5.1,] %cl_1_10[5.3,] 	 ARGS:%cl_1_10,
		 5: COPY TYPE_StringLiteral def_%cl_1_12 
		 6: entry->[] def_%cl_1_13 entry[5.3,2.2,] %cl_1_12[5.5,] 	 ARGS:%cl_1_12,
		 7: COPY TYPE_StringLiteral def_%cl_1_14 
		 8: entry->[] def_%cl_1_15 entry[5.3,5.6,2.2,] %cl_1_14[5.7,] 	 ARGS:%cl_1_14,
		 9: ATTRASSIGN %cl_1_11->[] %cl_1_13[5.6,] %cl_1_15[5.8,] 
		 10: RETURN %cl_1_15[5.8,] %self[2.0,] 
BB 6
	outgoing: 8 
	datadep: 
	instructions:
		 0: def_%cl_1_16 
		 1: def_%cl_1_17 %cl_1_16[6.0,] 
		 2: RETURN %cl_1_17[6.1,] %self[2.0,] 
BB 8
	outgoing: 
	datadep: 
	instructions:
CLOSURE END
		 10: 
		 11: GETFIELD %self->contents_by_month def_%v_10 %self[4.3,4.6,2.0,] 
		 12: RETURN %v_10[4.11,] %self[4.3,4.6,2.0,] 
BB 6
	outgoing: 
	datadep: 
	instructions:

SET IRMethod, name = contents_by_day
BB 1
	outgoing: 3 2 
	datadep: 
	instructions:
BB 2
	outgoing: 3 
	datadep: 
	instructions:
		 0: def_%self 
		 1: def_%v_0 
		 2: COPY TYPE_CurrentScope def_%current_scope 
		 3: COPY TYPE_ScopeModule def_%current_module 
		 4: 
		 5: 
		 6: COPY TYPE_StringLiteral def_%v_3 
		 7: %self->select_all def_%v_4 %self[2.0,] %v_3[2.6,] 	 ARGS:%v_3,
		 8: RETURN %v_4[2.7,] %self[2.0,2.7,] 
BB 3
	outgoing: 
	datadep: 
	instructions:

SET IRMethod, name = news_size
BB 1
	outgoing: 3 2 
	datadep: 
	instructions:
BB 2
	outgoing: 3 
	datadep: 
	instructions:
		 0: def_%self 
		 1: def_%v_0 
		 2: COPY TYPE_CurrentScope def_%current_scope 
		 3: COPY TYPE_ScopeModule def_%current_module 
		 4: 
		 5: 
		 6: COPY TYPE_StringLiteral def_%v_3 
		 7: %self->select_all def_%v_4 %self[2.0,] %v_3[2.6,] 	 ARGS:%v_3,
		 8: RETURN %v_4[2.7,] %self[2.0,2.7,] 
BB 3
	outgoing: 
	datadep: 
	instructions:

SET IRMethod, name = contents_by_license
BB 1
	outgoing: 6 2 
	datadep: 
	instructions:
BB 2
	outgoing: 3 4 
	datadep: 
	instructions:
		 0: def_%self 
		 1: def_%v_0 
		 2: COPY TYPE_CurrentScope def_%current_scope 
		 3: COPY TYPE_ScopeModule def_%current_module 
		 4: 
		 5: 
		 6: GETFIELD %self->contents_by_license def_%v_3 %self[2.0,] 
		 7: BRANCH %v_3[2.6,] 
BB 3
	outgoing: 6 
	datadep: 
	instructions:
		 0: GETFIELD %self->contents_by_license def_%v_4 %self[2.0,] 
		 1: RETURN %v_4[3.0,] %self[2.0,] 
BB 4
	outgoing: 6 
	datadep: 
	instructions:
		 0: COPY TYPE_Nil def_%v_5 
		 1: 
		 2: HASH- def_%v_6 
		 3: ATTRASSIGN %self->contents_by_license %v_6[4.2,] 
		 4: 
		 5: COPY TYPE_StringLiteral def_%v_7 
		 6: %self->select_all def_%v_8 %self[4.3,2.0,] %v_7[4.5,] 	 ARGS:%v_7,
		 7: COPY TYPE_PASS def_entries %v_8[4.6,] 
		 8: 
		 9: %v_8->each def_%v_9 %v_8[4.6,] %self[4.3,4.6,2.0,] 	 ARGS:%v_8,
CLOSURE BEGIN: %self[4.3,4.6,2.0,] entry[] 
BB 1
	outgoing: 8 2 
	datadep: 
	instructions:
BB 2
	outgoing: 3 
	datadep: 
	instructions:
		 0: def_%self 
		 1: def_%cl_1_0 
		 2: RECEIVEARG def_entry 
		 3: COPY TYPE_CurrentScope def_%current_scope 
		 4: COPY TYPE_ScopeModule def_%current_module 
BB 3
	outgoing: 4 5 6 
	datadep: 
	instructions:
		 0: 
		 1: GETFIELD %self->contents_by_license def_%cl_1_3 %self[2.0,] 
		 2: COPY TYPE_StringLiteral def_%cl_1_5 
		 3: entry->[] def_%cl_1_6 entry[2.2,] %cl_1_5[3.2,] 	 ARGS:%cl_1_5,
		 4: %cl_1_3->[] def_%cl_1_4 %cl_1_3[3.1,] %cl_1_6[3.3,] 	 ARGS:%cl_1_6,
		 5: BRANCH %cl_1_4[3.4,] 
BB 4
	outgoing: 5 6 
	datadep: 
	instructions:
		 0: %self->contents_hash def_%cl_1_7 %self[2.0,] 	 ARGS:
		 1: %cl_1_3->[]= def_%cl_1_4 %cl_1_3[3.1,] %cl_1_6[3.3,] %cl_1_7[4.0,] 	 ARGS:%cl_1_6,%cl_1_7,
		 2: COPY TYPE_PASS def_%cl_1_4 %cl_1_7[4.0,] 
BB 5
	outgoing: 6 8 
	datadep: 
	instructions:
		 0: 
		 1: GETFIELD %self->contents_by_license def_%cl_1_8 %self[2.0,] 
		 2: COPY TYPE_StringLiteral def_%cl_1_9 
		 3: entry->[] def_%cl_1_10 entry[2.2,] %cl_1_9[5.2,] 	 ARGS:%cl_1_9,
		 4: %cl_1_8->[] def_%cl_1_11 %cl_1_8[5.1,] %cl_1_10[5.3,] 	 ARGS:%cl_1_10,
		 5: COPY TYPE_StringLiteral def_%cl_1_12 
		 6: entry->[] def_%cl_1_13 entry[5.3,2.2,] %cl_1_12[5.5,] 	 ARGS:%cl_1_12,
		 7: COPY TYPE_StringLiteral def_%cl_1_14 
		 8: entry->[] def_%cl_1_15 entry[5.3,5.6,2.2,] %cl_1_14[5.7,] 	 ARGS:%cl_1_14,
		 9: ATTRASSIGN %cl_1_11->[] %cl_1_13[5.6,] %cl_1_15[5.8,] 
		 10: RETURN %cl_1_15[5.8,] %self[2.0,] 
BB 6
	outgoing: 8 
	datadep: 
	instructions:
		 0: def_%cl_1_16 
		 1: def_%cl_1_17 %cl_1_16[6.0,] 
		 2: RETURN %cl_1_17[6.1,] %self[2.0,] 
BB 8
	outgoing: 
	datadep: 
	instructions:
CLOSURE END
		 10: 
		 11: GETFIELD %self->contents_by_license def_%v_10 %self[4.3,4.6,2.0,] 
		 12: RETURN %v_10[4.11,] %self[4.3,4.6,2.0,] 
BB 6
	outgoing: 
	datadep: 
	instructions:

