digraph SignupController_signup {
	User_is_banned__BB1 -> User_is_banned__BB3 [ color=blue ];
	User_is_banned__BB1 -> User_is_banned__BB2 [ color=blue ];
	User_is_banned__BB2 -> User_is_banned__BB3 [ color=blue ];
	User_is_active__BB1 -> User_is_active__BB5 [ color=blue ];
	User_is_active__BB1 -> User_is_active__BB2 [ color=blue ];
	User_is_active__BB2 -> User_is_active__BB3 [ color=blue ];
	User_is_active__BB2 -> User_is_active__BB4 [ color=blue ];
	User_is_active__BB3 -> User_is_active__BB4 [ color=blue ];
	User_is_active__BB4 -> User_is_active__BB5 [ color=blue ];
	ApplicationController_authenticate_user__BB1 -> ApplicationController_authenticate_user__BB10 [ color=blue ];
	ApplicationController_authenticate_user__BB1 -> ApplicationController_authenticate_user__BB2 [ color=blue ];
	ApplicationController_authenticate_user__BB2 -> ApplicationController_authenticate_user__BB3 [ color=blue ];
	ApplicationController_authenticate_user__BB2 -> ApplicationController_authenticate_user__BB4 [ color=blue ];
	ApplicationController_authenticate_user__BB3 -> ApplicationController_authenticate_user__BB4 [ color=blue ];
	ApplicationController_authenticate_user__BB4 -> ApplicationController_authenticate_user__BB5 [ color=blue ];
	ApplicationController_authenticate_user__BB4 -> ApplicationController_authenticate_user__BB6 [ color=blue ];
	ApplicationController_authenticate_user__BB5 -> ApplicationController_authenticate_user__BB6 [ color=blue ];
	ApplicationController_authenticate_user__BB6 -> ApplicationController_authenticate_user__BB7 [ color=blue ];
	ApplicationController_authenticate_user__BB6 -> ApplicationController_authenticate_user__BB8 [ color=blue ];
	ApplicationController_authenticate_user__BB7 -> ApplicationController_authenticate_user__BB9 [ color=blue ];
	ApplicationController_authenticate_user__BB8 -> ApplicationController_authenticate_user__BB9 [ color=blue ];
	ApplicationController_authenticate_user__BB9 -> ApplicationController_authenticate_user__BB10 [ color=blue ];
	ApplicationController_user_is_spider__BB1 -> ApplicationController_user_is_spider__BB5 [ color=blue ];
	ApplicationController_user_is_spider__BB1 -> ApplicationController_user_is_spider__BB2 [ color=blue ];
	ApplicationController_user_is_spider__BB2 -> ApplicationController_user_is_spider__BB3 [ color=blue ];
	ApplicationController_user_is_spider__BB2 -> ApplicationController_user_is_spider__BB4 [ color=blue ];
	ApplicationController_user_is_spider__BB3 -> ApplicationController_user_is_spider__BB5 [ color=blue ];
	ApplicationController_user_is_spider__BB4 -> ApplicationController_user_is_spider__BB5 [ color=blue ];
	ApplicationController_increase_traffic_counter__BB1 -> ApplicationController_increase_traffic_counter__BB8 [ color=blue ];
	ApplicationController_increase_traffic_counter__BB1 -> ApplicationController_increase_traffic_counter__BB2 [ color=blue ];
	ApplicationController_increase_traffic_counter__BB2 -> ApplicationController_increase_traffic_counter__BB3 [ color=blue ];
	ApplicationController_increase_traffic_counter__BB2 -> ApplicationController_increase_traffic_counter__BB4 [ color=blue ];
	ApplicationController_increase_traffic_counter__BB3 -> ApplicationController_increase_traffic_counter__BB4 [ color=blue ];
	ApplicationController_increase_traffic_counter__BB4 -> ApplicationController_increase_traffic_counter__BB5 [ color=blue ];
	ApplicationController_increase_traffic_counter__BB4 -> ApplicationController_increase_traffic_counter__BB6 [ color=blue ];
	ApplicationController_increase_traffic_counter__BB5 -> ApplicationController_increase_traffic_counter__BB8 [ color=blue ];
	ApplicationController_increase_traffic_counter__BB6 -> ApplicationController_increase_traffic_counter__BB8 [ color=blue ];
	ApplicationController_increase_traffic_counter__BB6:f0 -> ApplicationController_increase_traffic_counter_386788_closure0_BB1 [color=blue ];
	ApplicationController_increase_traffic_counter_386788_closure0_BB6:f0 -> ApplicationController_increase_traffic_counter__BB6 [color=blue ];
	ApplicationController_increase_traffic_counter_386788_closure0_BB1 -> ApplicationController_increase_traffic_counter_386788_closure0_BB6 [ color=blue ];
	ApplicationController_increase_traffic_counter_386788_closure0_BB1 -> ApplicationController_increase_traffic_counter_386788_closure0_BB2 [ color=blue ];
	ApplicationController_increase_traffic_counter_386788_closure0_BB2 -> ApplicationController_increase_traffic_counter_386788_closure0_BB3 [ color=blue ];
	ApplicationController_increase_traffic_counter_386788_closure0_BB3 -> ApplicationController_increase_traffic_counter_386788_closure0_BB4 [ color=blue ];
	ApplicationController_increase_traffic_counter_386788_closure0_BB3 -> ApplicationController_increase_traffic_counter_386788_closure0_BB6 [ color=blue ];
	ApplicationController_increase_traffic_counter_386788_closure0_BB4 -> ApplicationController_increase_traffic_counter_386788_closure0_BB6 [ color=blue ];
	ApplicationController_increase_traffic_counter_386788_closure0_BB6 -> ApplicationController_increase_traffic_counter_386788_closure0_BB1 [color=blue ];
	ApplicationController_require_logged_in_user__BB1 -> ApplicationController_require_logged_in_user__BB9 [ color=blue ];
	ApplicationController_require_logged_in_user__BB1 -> ApplicationController_require_logged_in_user__BB2 [ color=blue ];
	ApplicationController_require_logged_in_user__BB2 -> ApplicationController_require_logged_in_user__BB3 [ color=blue ];
	ApplicationController_require_logged_in_user__BB2 -> ApplicationController_require_logged_in_user__BB4 [ color=blue ];
	ApplicationController_require_logged_in_user__BB3 -> ApplicationController_require_logged_in_user__BB9 [ color=blue ];
	ApplicationController_require_logged_in_user__BB4 -> ApplicationController_require_logged_in_user__BB5 [ color=blue ];
	ApplicationController_require_logged_in_user__BB4 -> ApplicationController_require_logged_in_user__BB6 [ color=blue ];
	ApplicationController_require_logged_in_user__BB5 -> ApplicationController_require_logged_in_user__BB7 [ color=blue ];
	ApplicationController_require_logged_in_user__BB6 -> ApplicationController_require_logged_in_user__BB7 [ color=blue ];
	ApplicationController_require_logged_in_user__BB7 -> ApplicationController_require_logged_in_user__BB9 [ color=blue ];
	SignupController_user_params__BB1 -> SignupController_user_params__BB3 [ color=blue ];
	SignupController_user_params__BB1 -> SignupController_user_params__BB2 [ color=blue ];
	SignupController_user_params__BB2 -> SignupController_user_params__BB3 [ color=blue ];
	User_check_session_token__BB1 -> User_check_session_token__BB6 [ color=blue ];
	User_check_session_token__BB1 -> User_check_session_token__BB2 [ color=blue ];
	User_check_session_token__BB2 -> User_check_session_token__BB3 [ color=blue ];
	User_check_session_token__BB2 -> User_check_session_token__BB4 [ color=blue ];
	User_check_session_token__BB3 -> User_check_session_token__BB6 [ color=blue ];
	User_check_session_token__BB4 -> User_check_session_token__BB6 [ color=blue ];
	User_create_rss_token__BB1 -> User_create_rss_token__BB6 [ color=blue ];
	User_create_rss_token__BB1 -> User_create_rss_token__BB2 [ color=blue ];
	User_create_rss_token__BB2 -> User_create_rss_token__BB3 [ color=blue ];
	User_create_rss_token__BB2 -> User_create_rss_token__BB4 [ color=blue ];
	User_create_rss_token__BB3 -> User_create_rss_token__BB6 [ color=blue ];
	User_create_rss_token__BB4 -> User_create_rss_token__BB6 [ color=blue ];
	User_create_mailing_list_token__BB1 -> User_create_mailing_list_token__BB6 [ color=blue ];
	User_create_mailing_list_token__BB1 -> User_create_mailing_list_token__BB2 [ color=blue ];
	User_create_mailing_list_token__BB2 -> User_create_mailing_list_token__BB3 [ color=blue ];
	User_create_mailing_list_token__BB2 -> User_create_mailing_list_token__BB4 [ color=blue ];
	User_create_mailing_list_token__BB3 -> User_create_mailing_list_token__BB6 [ color=blue ];
	User_create_mailing_list_token__BB4 -> User_create_mailing_list_token__BB6 [ color=blue ];
	User_username_regex_924089_closure0_closure1_BB1 -> User_username_regex_924089_closure0_closure1_BB3 [ color=blue ];
	User_username_regex_924089_closure0_closure1_BB1 -> User_username_regex_924089_closure0_closure1_BB2 [ color=blue ];
	User_username_regex_924089_closure0_closure1_BB2 -> User_username_regex_924089_closure0_closure1_BB3 [ color=blue ];
	User_username_regex_924089_closure0_closure1_BB2:f1 -> User_username_regex_797256_closure0_closure1_closure2_BB1 [color=blue ];
	User_username_regex_797256_closure0_closure1_closure2_BB10:f0 -> User_username_regex_924089_closure0_closure1_BB2 [color=blue ];
	User_username_regex_797256_closure0_closure1_closure2_BB1 -> User_username_regex_797256_closure0_closure1_closure2_BB10 [ color=blue ];
	User_username_regex_797256_closure0_closure1_closure2_BB1 -> User_username_regex_797256_closure0_closure1_closure2_BB2 [ color=blue ];
	User_username_regex_797256_closure0_closure1_closure2_BB2 -> User_username_regex_797256_closure0_closure1_closure2_BB3 [ color=blue ];
	User_username_regex_797256_closure0_closure1_closure2_BB3 -> User_username_regex_797256_closure0_closure1_closure2_BB4 [ color=blue ];
	User_username_regex_797256_closure0_closure1_closure2_BB3 -> User_username_regex_797256_closure0_closure1_closure2_BB5 [ color=blue ];
	User_username_regex_797256_closure0_closure1_closure2_BB3 -> User_username_regex_797256_closure0_closure1_closure2_BB8 [ color=blue ];
	User_username_regex_797256_closure0_closure1_closure2_BB4 -> User_username_regex_797256_closure0_closure1_closure2_BB5 [ color=blue ];
	User_username_regex_797256_closure0_closure1_closure2_BB4 -> User_username_regex_797256_closure0_closure1_closure2_BB8 [ color=blue ];
	User_username_regex_797256_closure0_closure1_closure2_BB5 -> User_username_regex_797256_closure0_closure1_closure2_BB6 [ color=blue ];
	User_username_regex_797256_closure0_closure1_closure2_BB5 -> User_username_regex_797256_closure0_closure1_closure2_BB7 [ color=blue ];
	User_username_regex_797256_closure0_closure1_closure2_BB5 -> User_username_regex_797256_closure0_closure1_closure2_BB8 [ color=blue ];
	User_username_regex_797256_closure0_closure1_closure2_BB6 -> User_username_regex_797256_closure0_closure1_closure2_BB7 [ color=blue ];
	User_username_regex_797256_closure0_closure1_closure2_BB6 -> User_username_regex_797256_closure0_closure1_closure2_BB8 [ color=blue ];
	User_username_regex_797256_closure0_closure1_closure2_BB7 -> User_username_regex_797256_closure0_closure1_closure2_BB8 [ color=blue ];
	User_username_regex_797256_closure0_closure1_closure2_BB7 -> User_username_regex_797256_closure0_closure1_closure2_BB10 [ color=blue ];
	User_username_regex_797256_closure0_closure1_closure2_BB8 -> User_username_regex_797256_closure0_closure1_closure2_BB10 [ color=blue ];
	User_username_regex_797256_closure0_closure1_closure2_BB10 -> User_username_regex_797256_closure0_closure1_closure2_BB1 [color=blue ];
	SignupController_signup__BB1 -> SignupController_signup__BB9 [ color=blue ];
	SignupController_signup__BB1 -> SignupController_signup__BB2 [ color=blue ];
	SignupController_signup__BB2 -> SignupController_signup__BB3 [ color=blue ];
	SignupController_signup__BB2 -> SignupController_signup__BB4 [ color=blue ];
	SignupController_signup__BB3 -> SignupController_signup__BB9 [ color=blue ];
	SignupController_signup__BB4 -> SignupController_signup__BB6 [ color=blue ];
	SignupController_signup__BB4 -> SignupController_signup__BB7 [ color=blue ];
	SignupController_signup__BB6 -> SignupController_signup__BB9 [ color=blue ];
	SignupController_signup__BB7 -> SignupController_signup__BB9 [ color=blue ];
	SignupController_signup__BB7:f1 -> SignupController_signup_899437_closure0_BB1 [color=blue ];
	SignupController_signup_899437_closure0_BB6:f0 -> SignupController_signup__BB7 [color=blue ];
	SignupController_signup_899437_closure0_BB1 -> SignupController_signup_899437_closure0_BB6 [ color=blue ];
	SignupController_signup_899437_closure0_BB1 -> SignupController_signup_899437_closure0_BB2 [ color=blue ];
	SignupController_signup_899437_closure0_BB2 -> SignupController_signup_899437_closure0_BB3 [ color=blue ];
	SignupController_signup_899437_closure0_BB3 -> SignupController_signup_899437_closure0_BB4 [ color=blue ];
	SignupController_signup_899437_closure0_BB3 -> SignupController_signup_899437_closure0_BB6 [ color=blue ];
	SignupController_signup_899437_closure0_BB3:f1 -> SignupController_signup_924089_closure0_closure1_BB1 [color=blue ];
	SignupController_signup_924089_closure0_closure1_BB6:f0 -> SignupController_signup_899437_closure0_BB3 [color=blue ];
	SignupController_signup_924089_closure0_closure1_BB1 -> SignupController_signup_924089_closure0_closure1_BB6 [ color=blue ];
	SignupController_signup_924089_closure0_closure1_BB1 -> SignupController_signup_924089_closure0_closure1_BB2 [ color=blue ];
	SignupController_signup_924089_closure0_closure1_BB2 -> SignupController_signup_924089_closure0_closure1_BB3 [ color=blue ];
	SignupController_signup_924089_closure0_closure1_BB3 -> SignupController_signup_924089_closure0_closure1_BB4 [ color=blue ];
	SignupController_signup_924089_closure0_closure1_BB3 -> SignupController_signup_924089_closure0_closure1_BB6 [ color=blue ];
	SignupController_signup_924089_closure0_closure1_BB4 -> SignupController_signup_924089_closure0_closure1_BB6 [ color=blue ];
	SignupController_signup_924089_closure0_closure1_BB6 -> SignupController_signup_924089_closure0_closure1_BB1 [color=blue ];
	SignupController_signup_899437_closure0_BB4 -> SignupController_signup_899437_closure0_BB6 [ color=blue ];
	SignupController_signup_899437_closure0_BB6 -> SignupController_signup_899437_closure0_BB1 [color=blue ];
}