SET IRMethod, name = create
BB 1
	outgoing: 34 2 
	datadep: 
	instructions:
BB 2
	outgoing: 3 4 
	datadep: 
	instructions:
		 0: def_%self 
		 1: def_%v_0 
		 2: COPY def_%current_scope 
		 3: COPY def_%current_module 
		 4: 
		 5: 
		 6: (Story) def_%v_3 
		 7: %self->params def_%v_4 %self[2.0,] 
		 8: def_%v_5 %v_4[2.7,] 
		 9: COPY def_%v_6 %v_5[2.8,] 
		 10: %v_3->where def_%v_7 %v_3[2.6,] %v_6[2.9,] 
		 11: %v_7->first def_%v_8 %v_7[2.10,] 
		 12: COPY def_story %v_8[2.11,] 
		 13: COPY def_%v_9 %v_8[2.11,] 
		 14: %v_8->! def_%v_10 %v_8[2.11,] 
		 15: BRANCH %v_10[2.14,] 
BB 3
	outgoing: 4 
	datadep: 
	instructions:
		 0: story->is_gone? def_%v_11 story[2.12,] 
		 1: COPY def_%v_10 %v_11[3.0,] 
BB 4
	outgoing: 5 6 
	datadep: 
	instructions:
		 0: BRANCH %v_10[3.1,2.14,] 
BB 5
	outgoing: 34 
	datadep: 
	instructions:
		 0: 
		 1: COPY def_%v_12 
		 2: COPY def_%v_13 %v_12[5.1,] 
		 3: %self->render def_%v_14 %self[2.0,] %v_13[5.2,] 
		 4: RETURN %v_14[5.3,] %self[5.3,2.0,] 
BB 6
	outgoing: 8 9 
	datadep: 
	instructions:
		 0: COPY def_%v_15 
		 1: 
		 2: story->comments def_%v_16 story[2.12,] 
		 3: %v_16->build def_%v_17 %v_16[6.2,] 
		 4: COPY def_comment %v_17[6.3,] 
		 5: 
		 6: %self->params def_%v_18 %self[2.0,] 
		 7: def_%v_19 %v_18[6.6,] 
		 8: %v_19->to_s def_%v_20 %v_19[6.7,] 
		 9: ATTRASSIGN comment->comment %v_20[6.8,] 
		 10: 
		 11: GETFIELD %self->user def_%v_21 %self[6.6,2.0,] 
		 12: ATTRASSIGN comment->user %v_21[6.11,] 
		 13: 
		 14: %self->params def_%v_22 %self[6.6,2.0,] 
		 15: def_%v_23 %v_22[6.14,] 
		 16: BRANCH %v_23[6.15,] 
BB 8
	outgoing: 9 
	datadep: 
	instructions:
		 0: GETFIELD %self->user def_%v_24 %self[2.0,] 
		 1: %v_24->hats def_%v_25 %v_24[8.0,] 
		 2: %self->params def_%v_26 %self[2.0,] 
		 3: def_%v_27 %v_26[8.2,] 
		 4: COPY def_%v_28 %v_27[8.3,] 
		 5: %v_25->where def_%v_29 %v_25[8.1,] %v_28[8.4,] 
		 6: COPY def_%v_23 %v_29[8.5,] 
BB 9
	outgoing: 10 11 
	datadep: 
	instructions:
		 0: BRANCH %v_23[8.6,6.15,] 
BB 10
	outgoing: 12 
	datadep: 
	instructions:
		 0: 
		 1: %self->params def_%v_30 %self[2.0,] 
		 2: def_%v_31 %v_30[10.1,] 
		 3: ATTRASSIGN comment->hat_id %v_31[10.2,] 
		 4: 
BB 11
	outgoing: 12 
	datadep: 
	instructions:
		 0: COPY def_%v_31 
BB 12
	outgoing: 13 17 
	datadep: 
	instructions:
		 0: 
		 1: %self->params def_%v_32 %self[2.0,] 
		 2: def_%v_33 %v_32[12.1,] 
		 3: %v_33->present? def_%v_34 %v_33[12.2,] 
		 4: BRANCH %v_34[12.3,] 
BB 13
	outgoing: 14 15 
	datadep: 
	instructions:
		 0: 
		 1: (Comment) def_%v_35 
		 2: story->id def_%v_36 story[2.12,] 
		 3: %self->params def_%v_37 %self[2.0,] 
		 4: def_%v_38 %v_37[13.3,] 
		 5: COPY def_%v_39 %v_36[13.2,] %v_38[13.4,] 
		 6: %v_35->where def_%v_40 %v_35[13.1,] %v_39[13.5,] 
		 7: %v_40->first def_%v_41 %v_40[13.6,] 
		 8: COPY def_pc %v_41[13.7,] 
		 9: BRANCH %v_41[13.7,] 
BB 14
	outgoing: 18 
	datadep: 
	instructions:
		 0: 
		 1: ATTRASSIGN comment->parent_comment pc[13.8,] 
		 2: COPY def_%v_42 pc[13.8,] 
		 3: 
BB 15
	outgoing: 34 
	datadep: 
	instructions:
		 0: 
		 1: COPY def_%v_43 
		 2: COPY def_%v_44 %v_43[15.1,] 
		 3: COPY def_%v_45 %v_44[15.2,] 
		 4: %self->render def_%v_46 %self[2.0,] %v_45[15.3,] 
		 5: RETURN %v_46[15.4,] %self[15.4,2.0,] 
BB 17
	outgoing: 18 
	datadep: 
	instructions:
		 0: COPY def_%v_42 
BB 18
	outgoing: 19 20 
	datadep: 
	instructions:
		 0: 
		 1: %self->params def_%v_47 %self[2.0,] 
		 2: def_%v_48 %v_47[18.1,] 
		 3: %v_48->blank? def_%v_49 %v_48[18.2,] 
		 4: BRANCH %v_49[18.3,] 
BB 19
	outgoing: 20 
	datadep: 
	instructions:
		 0: 
		 1: (Comment) def_%v_50 
		 2: story->id def_%v_51 story[2.12,] 
		 3: GETFIELD %self->user def_%v_52 %self[2.0,] 
		 4: %v_52->id def_%v_53 %v_52[19.3,] 
		 5: comment->parent_comment_id def_%v_54 comment[14.1,10.3,6.4,6.9,6.12,] 
		 6: COPY def_%v_55 %v_51[19.2,] %v_53[19.4,] %v_54[19.5,] 
		 7: %v_50->where def_%v_56 %v_50[19.1,] %v_55[19.6,] 
		 8: %v_56->first def_%v_57 %v_56[19.7,] 
		 9: COPY def_pc %v_57[19.8,] 
		 10: COPY def_%v_49 %v_57[19.8,] 
BB 20
	outgoing: 21 25 
	datadep: 
	instructions:
		 0: BRANCH %v_49[19.10,18.3,] 
BB 21
	outgoing: 22 23 
	datadep: 
	instructions:
		 0: 
		 1: (Time) def_%v_58 
		 2: %v_58->now def_%v_59 %v_58[21.1,] 
		 3: pc->created_at def_%v_60 pc[19.9,13.8,] 
		 4: def_%v_61 %v_59[21.2,] %v_60[21.3,] 
		 5: def_%v_62 
		 6: def_%v_63 %v_61[21.4,] %v_62[21.5,] 
		 7: BRANCH %v_63[21.6,] 
BB 22
	outgoing: 34 
	datadep: 
	instructions:
		 0: 
		 1: comment->errors def_%v_64 comment[14.1,10.3,6.4,6.9,6.12,] 
		 2: COPY def_%v_65 
		 3: COPY def_%v_66 
		 4: def_%v_67 %v_65[22.2,] %v_66[22.3,] 
		 5: %v_64->add def_%v_68 %v_64[22.1,] %v_67[22.4,] 
		 6: 
		 7: COPY def_%v_69 
		 8: COPY def_%v_70 
		 9: COPY def_%v_71 comment[22.1,14.1,10.3,6.4,6.9,6.12,] 
		 10: COPY def_%v_72 %v_69[22.7,] %v_70[22.8,] %v_71[22.9,] 
		 11: %self->render def_%v_73 %self[2.0,] %v_72[22.10,] 
		 12: RETURN %v_73[22.11,] %self[22.11,2.0,] 
BB 23
	outgoing: 26 
	datadep: 
	instructions:
		 0: COPY def_%v_74 
		 1: 
BB 25
	outgoing: 26 
	datadep: 
	instructions:
		 0: COPY def_%v_74 
BB 26
	outgoing: 27 28 
	datadep: 
	instructions:
		 0: 
		 1: comment->valid? def_%v_75 comment[14.1,10.3,6.4,6.9,6.12,] 
		 2: BRANCH %v_75[26.1,] 
BB 27
	outgoing: 28 
	datadep: 
	instructions:
		 0: %self->params def_%v_76 %self[2.0,] 
		 1: def_%v_77 %v_76[27.0,] 
		 2: %v_77->blank? def_%v_78 %v_77[27.1,] 
		 3: COPY def_%v_75 %v_78[27.2,] 
BB 28
	outgoing: 29 30 
	datadep: 
	instructions:
		 0: BRANCH %v_75[27.3,26.1,] 
BB 29
	outgoing: 30 
	datadep: 
	instructions:
		 0: comment->save def_%v_79 comment[14.1,10.3,6.4,6.9,6.12,] 
		 1: COPY def_%v_75 %v_79[29.0,] 
BB 30
	outgoing: 31 32 
	datadep: 
	instructions:
		 0: BRANCH %v_75[29.1,27.3,26.1,] 
BB 31
	outgoing: 34 
	datadep: 
	instructions:
		 0: 
		 1: COPY def_%v_80 
		 2: ATTRASSIGN comment->current_vote %v_80[31.1,] 
		 3: 
		 4: COPY def_%v_81 
		 5: COPY def_%v_82 
		 6: COPY def_%v_83 comment[31.2,14.1,10.3,6.4,6.9,6.12,] 
		 7: COPY def_%v_84 %v_81[31.4,] %v_82[31.5,] %v_83[31.6,] 
		 8: %self->render def_%v_85 %self[2.0,] %v_84[31.7,] 
		 9: RETURN %v_85[31.8,] %self[31.8,2.0,] 
BB 32
	outgoing: 34 
	datadep: 
	instructions:
		 0: 
		 1: ATTRASSIGN comment->upvotes 
		 2: 
		 3: COPY def_%v_86 
		 4: ATTRASSIGN comment->current_vote %v_86[32.3,] 
		 5: 
		 6: %self->preview def_%v_87 %self[2.0,] comment[32.1,32.4,14.1,10.3,6.4,6.9,6.12,] 
		 7: RETURN %v_87[32.6,] %self[32.6,2.0,] 
BB 34
	outgoing: 
	datadep: 
	instructions:

SET IRMethod, name = show
BB 1
	outgoing: 8 2 
	datadep: 
	instructions:
BB 2
	outgoing: 3 4 
	datadep: 
	instructions:
		 0: def_%self 
		 1: def_%v_0 
		 2: COPY def_%current_scope 
		 3: COPY def_%current_module 
		 4: 
		 5: 
		 6: %self->find_comment def_%v_3 %self[2.0,] 
		 7: COPY def_comment %v_3[2.6,] 
		 8: BRANCH %v_3[2.6,] 
BB 3
	outgoing: 4 
	datadep: 
	instructions:
		 0: GETFIELD %self->user def_%v_4 %self[2.0,] 
		 1: comment->is_editable_by_user? def_%v_5 comment[2.7,] %v_4[3.0,] 
		 2: COPY def_%v_3 %v_5[3.1,] 
BB 4
	outgoing: 5 6 
	datadep: 
	instructions:
		 0: COPY def_%v_6 %v_3[3.2,2.6,] 
		 1: %v_3->! def_%v_7 %v_3[3.2,2.6,] 
		 2: BRANCH %v_7[4.1,] 
BB 5
	outgoing: 8 
	datadep: 
	instructions:
		 0: 
		 1: COPY def_%v_8 
		 2: COPY def_%v_9 %v_8[5.1,] 
		 3: %self->render def_%v_10 %self[2.0,] %v_9[5.2,] 
		 4: RETURN %v_10[5.3,] %self[5.3,2.0,] 
BB 6
	outgoing: 8 
	datadep: 
	instructions:
		 0: COPY def_%v_11 
		 1: 
		 2: COPY def_%v_12 
		 3: COPY def_%v_13 
		 4: COPY def_%v_14 comment[2.7,] 
		 5: COPY def_%v_15 %v_12[6.2,] %v_13[6.3,] %v_14[6.4,] 
		 6: %self->render def_%v_16 %self[2.0,] %v_15[6.5,] 
		 7: RETURN %v_16[6.6,] %self[6.6,2.0,] 
BB 8
	outgoing: 
	datadep: 
	instructions:

SET IRMethod, name = show_short_id
BB 1
	outgoing: 6 2 
	datadep: 
	instructions:
BB 2
	outgoing: 3 4 
	datadep: 
	instructions:
		 0: def_%self 
		 1: def_%v_0 
		 2: COPY def_%current_scope 
		 3: COPY def_%current_module 
		 4: 
		 5: 
		 6: %self->find_comment def_%v_3 %self[2.0,] 
		 7: COPY def_comment %v_3[2.6,] 
		 8: COPY def_%v_4 %v_3[2.6,] 
		 9: %v_3->! def_%v_5 %v_3[2.6,] 
		 10: BRANCH %v_5[2.9,] 
BB 3
	outgoing: 6 
	datadep: 
	instructions:
		 0: 
		 1: COPY def_%v_6 
		 2: COPY def_%v_7 %v_6[3.1,] 
		 3: %self->render def_%v_8 %self[2.0,] %v_7[3.2,] 
		 4: RETURN %v_8[3.3,] %self[3.3,2.0,] 
BB 4
	outgoing: 6 
	datadep: 
	instructions:
		 0: COPY def_%v_9 
		 1: 
		 2: comment->as_json def_%v_10 comment[2.7,] 
		 3: COPY def_%v_11 %v_10[4.2,] 
		 4: %self->render def_%v_12 %self[2.0,] %v_11[4.3,] 
		 5: RETURN %v_12[4.4,] %self[4.4,2.0,] 
BB 6
	outgoing: 
	datadep: 
	instructions:

SET IRMethod, name = redirect_from_short_id
BB 1
	outgoing: 6 2 
	datadep: 
	instructions:
BB 2
	outgoing: 3 4 
	datadep: 
	instructions:
		 0: def_%self 
		 1: def_%v_0 
		 2: COPY def_%current_scope 
		 3: COPY def_%current_module 
		 4: 
		 5: 
		 6: %self->find_comment def_%v_3 %self[2.0,] 
		 7: COPY def_comment %v_3[2.6,] 
		 8: BRANCH %v_3[2.6,] 
BB 3
	outgoing: 6 
	datadep: 
	instructions:
		 0: 
		 1: comment->url def_%v_4 comment[2.7,] 
		 2: %self->redirect_to def_%v_5 %self[2.0,] %v_4[3.1,] 
		 3: RETURN %v_5[3.2,] %self[3.2,2.0,] 
BB 4
	outgoing: 6 
	datadep: 
	instructions:
		 0: 
		 1: COPY def_%v_7 
		 2: COPY def_%v_8 %v_7[4.1,] 
		 3: %self->render def_%v_9 %self[2.0,] %v_8[4.2,] 
		 4: RETURN %v_9[4.3,] %self[4.3,2.0,] 
BB 6
	outgoing: 
	datadep: 
	instructions:

SET IRMethod, name = edit
BB 1
	outgoing: 8 2 
	datadep: 
	instructions:
BB 2
	outgoing: 3 4 
	datadep: 
	instructions:
		 0: def_%self 
		 1: def_%v_0 
		 2: COPY def_%current_scope 
		 3: COPY def_%current_module 
		 4: 
		 5: 
		 6: %self->find_comment def_%v_3 %self[2.0,] 
		 7: COPY def_comment %v_3[2.6,] 
		 8: BRANCH %v_3[2.6,] 
BB 3
	outgoing: 4 
	datadep: 
	instructions:
		 0: GETFIELD %self->user def_%v_4 %self[2.0,] 
		 1: comment->is_editable_by_user? def_%v_5 comment[2.7,] %v_4[3.0,] 
		 2: COPY def_%v_3 %v_5[3.1,] 
BB 4
	outgoing: 5 6 
	datadep: 
	instructions:
		 0: COPY def_%v_6 %v_3[3.2,2.6,] 
		 1: %v_3->! def_%v_7 %v_3[3.2,2.6,] 
		 2: BRANCH %v_7[4.1,] 
BB 5
	outgoing: 8 
	datadep: 
	instructions:
		 0: 
		 1: COPY def_%v_8 
		 2: COPY def_%v_9 %v_8[5.1,] 
		 3: %self->render def_%v_10 %self[2.0,] %v_9[5.2,] 
		 4: RETURN %v_10[5.3,] %self[5.3,2.0,] 
BB 6
	outgoing: 8 
	datadep: 
	instructions:
		 0: COPY def_%v_11 
		 1: 
		 2: COPY def_%v_12 
		 3: COPY def_%v_13 
		 4: COPY def_%v_14 comment[2.7,] 
		 5: COPY def_%v_15 %v_12[6.2,] %v_13[6.3,] %v_14[6.4,] 
		 6: %self->render def_%v_16 %self[2.0,] %v_15[6.5,] 
		 7: RETURN %v_16[6.6,] %self[6.6,2.0,] 
BB 8
	outgoing: 
	datadep: 
	instructions:

SET IRMethod, name = reply
BB 1
	outgoing: 6 2 
	datadep: 
	instructions:
BB 2
	outgoing: 3 4 
	datadep: 
	instructions:
		 0: def_%self 
		 1: def_%v_0 
		 2: COPY def_%current_scope 
		 3: COPY def_%current_module 
		 4: 
		 5: 
		 6: %self->find_comment def_%v_3 %self[2.0,] 
		 7: COPY def_parent_comment %v_3[2.6,] 
		 8: COPY def_%v_4 %v_3[2.6,] 
		 9: %v_3->! def_%v_5 %v_3[2.6,] 
		 10: BRANCH %v_5[2.9,] 
BB 3
	outgoing: 6 
	datadep: 
	instructions:
		 0: 
		 1: COPY def_%v_6 
		 2: COPY def_%v_7 %v_6[3.1,] 
		 3: %self->render def_%v_8 %self[2.0,] %v_7[3.2,] 
		 4: RETURN %v_8[3.3,] %self[3.3,2.0,] 
BB 4
	outgoing: 6 
	datadep: 
	instructions:
		 0: COPY def_%v_9 
		 1: 
		 2: (Comment) def_%v_10 
		 3: %v_10->new def_%v_11 %v_10[4.2,] 
		 4: COPY def_comment %v_11[4.3,] 
		 5: 
		 6: parent_comment->story def_%v_12 parent_comment[2.7,] 
		 7: ATTRASSIGN comment->story %v_12[4.6,] 
		 8: 
		 9: ATTRASSIGN comment->parent_comment parent_comment[4.6,2.7,] 
		 10: 
		 11: COPY def_%v_13 
		 12: COPY def_%v_14 
		 13: COPY def_%v_15 comment[4.4,4.7,4.9,] 
		 14: COPY def_%v_16 %v_13[4.11,] %v_14[4.12,] %v_15[4.13,] 
		 15: %self->render def_%v_17 %self[2.0,] %v_16[4.14,] 
		 16: RETURN %v_17[4.15,] %self[4.15,2.0,] 
BB 6
	outgoing: 
	datadep: 
	instructions:

SET IRMethod, name = delete
BB 1
	outgoing: 8 2 
	datadep: 
	instructions:
BB 2
	outgoing: 3 4 
	datadep: 
	instructions:
		 0: def_%self 
		 1: def_%v_0 
		 2: COPY def_%current_scope 
		 3: COPY def_%current_module 
		 4: 
		 5: 
		 6: %self->find_comment def_%v_3 %self[2.0,] 
		 7: COPY def_comment %v_3[2.6,] 
		 8: BRANCH %v_3[2.6,] 
BB 3
	outgoing: 4 
	datadep: 
	instructions:
		 0: GETFIELD %self->user def_%v_4 %self[2.0,] 
		 1: comment->is_deletable_by_user? def_%v_5 comment[2.7,] %v_4[3.0,] 
		 2: COPY def_%v_3 %v_5[3.1,] 
BB 4
	outgoing: 5 6 
	datadep: 
	instructions:
		 0: COPY def_%v_6 %v_3[3.2,2.6,] 
		 1: %v_3->! def_%v_7 %v_3[3.2,2.6,] 
		 2: BRANCH %v_7[4.1,] 
BB 5
	outgoing: 8 
	datadep: 
	instructions:
		 0: 
		 1: COPY def_%v_8 
		 2: COPY def_%v_9 %v_8[5.1,] 
		 3: %self->render def_%v_10 %self[2.0,] %v_9[5.2,] 
		 4: RETURN %v_10[5.3,] %self[5.3,2.0,] 
BB 6
	outgoing: 8 
	datadep: 
	instructions:
		 0: COPY def_%v_11 
		 1: 
		 2: GETFIELD %self->user def_%v_12 %self[2.0,] 
		 3: comment->delete_for_user def_%v_13 comment[2.7,] %v_12[6.2,] 
		 4: 
		 5: COPY def_%v_14 
		 6: COPY def_%v_15 
		 7: COPY def_%v_16 comment[6.3,2.7,] 
		 8: COPY def_%v_17 %v_14[6.5,] %v_15[6.6,] %v_16[6.7,] 
		 9: %self->render def_%v_18 %self[2.0,] %v_17[6.8,] 
		 10: RETURN %v_18[6.9,] %self[6.9,2.0,] 
BB 8
	outgoing: 
	datadep: 
	instructions:

SET IRMethod, name = undelete
BB 1
	outgoing: 8 2 
	datadep: 
	instructions:
BB 2
	outgoing: 3 4 
	datadep: 
	instructions:
		 0: def_%self 
		 1: def_%v_0 
		 2: COPY def_%current_scope 
		 3: COPY def_%current_module 
		 4: 
		 5: 
		 6: %self->find_comment def_%v_3 %self[2.0,] 
		 7: COPY def_comment %v_3[2.6,] 
		 8: BRANCH %v_3[2.6,] 
BB 3
	outgoing: 4 
	datadep: 
	instructions:
		 0: GETFIELD %self->user def_%v_4 %self[2.0,] 
		 1: comment->is_undeletable_by_user? def_%v_5 comment[2.7,] %v_4[3.0,] 
		 2: COPY def_%v_3 %v_5[3.1,] 
BB 4
	outgoing: 5 6 
	datadep: 
	instructions:
		 0: COPY def_%v_6 %v_3[3.2,2.6,] 
		 1: %v_3->! def_%v_7 %v_3[3.2,2.6,] 
		 2: BRANCH %v_7[4.1,] 
BB 5
	outgoing: 8 
	datadep: 
	instructions:
		 0: 
		 1: COPY def_%v_8 
		 2: COPY def_%v_9 %v_8[5.1,] 
		 3: %self->render def_%v_10 %self[2.0,] %v_9[5.2,] 
		 4: RETURN %v_10[5.3,] %self[5.3,2.0,] 
BB 6
	outgoing: 8 
	datadep: 
	instructions:
		 0: COPY def_%v_11 
		 1: 
		 2: GETFIELD %self->user def_%v_12 %self[2.0,] 
		 3: comment->undelete_for_user def_%v_13 comment[2.7,] %v_12[6.2,] 
		 4: 
		 5: COPY def_%v_14 
		 6: COPY def_%v_15 
		 7: COPY def_%v_16 comment[6.3,2.7,] 
		 8: COPY def_%v_17 %v_14[6.5,] %v_15[6.6,] %v_16[6.7,] 
		 9: %self->render def_%v_18 %self[2.0,] %v_17[6.8,] 
		 10: RETURN %v_18[6.9,] %self[6.9,2.0,] 
BB 8
	outgoing: 
	datadep: 
	instructions:

SET IRMethod, name = update
BB 1
	outgoing: 18 2 
	datadep: 
	instructions:
BB 2
	outgoing: 3 4 
	datadep: 
	instructions:
		 0: def_%self 
		 1: def_%v_0 
		 2: COPY def_%current_scope 
		 3: COPY def_%current_module 
		 4: 
		 5: 
		 6: %self->find_comment def_%v_3 %self[2.0,] 
		 7: COPY def_comment %v_3[2.6,] 
		 8: BRANCH %v_3[2.6,] 
BB 3
	outgoing: 4 
	datadep: 
	instructions:
		 0: GETFIELD %self->user def_%v_4 %self[2.0,] 
		 1: comment->is_editable_by_user? def_%v_5 comment[2.7,] %v_4[3.0,] 
		 2: COPY def_%v_3 %v_5[3.1,] 
BB 4
	outgoing: 5 6 
	datadep: 
	instructions:
		 0: COPY def_%v_6 %v_3[3.2,2.6,] 
		 1: %v_3->! def_%v_7 %v_3[3.2,2.6,] 
		 2: BRANCH %v_7[4.1,] 
BB 5
	outgoing: 18 
	datadep: 
	instructions:
		 0: 
		 1: COPY def_%v_8 
		 2: COPY def_%v_9 %v_8[5.1,] 
		 3: %self->render def_%v_10 %self[2.0,] %v_9[5.2,] 
		 4: RETURN %v_10[5.3,] %self[5.3,2.0,] 
BB 6
	outgoing: 8 9 
	datadep: 
	instructions:
		 0: COPY def_%v_11 
		 1: 
		 2: %self->params def_%v_12 %self[2.0,] 
		 3: def_%v_13 %v_12[6.2,] 
		 4: ATTRASSIGN comment->comment %v_13[6.3,] 
		 5: 
		 6: ATTRASSIGN comment->hat_id 
		 7: 
		 8: %self->params def_%v_14 %self[6.2,2.0,] 
		 9: def_%v_15 %v_14[6.8,] 
		 10: BRANCH %v_15[6.9,] 
BB 8
	outgoing: 9 
	datadep: 
	instructions:
		 0: GETFIELD %self->user def_%v_16 %self[2.0,] 
		 1: %v_16->hats def_%v_17 %v_16[8.0,] 
		 2: %self->params def_%v_18 %self[2.0,] 
		 3: def_%v_19 %v_18[8.2,] 
		 4: COPY def_%v_20 %v_19[8.3,] 
		 5: %v_17->where def_%v_21 %v_17[8.1,] %v_20[8.4,] 
		 6: COPY def_%v_15 %v_21[8.5,] 
BB 9
	outgoing: 10 11 
	datadep: 
	instructions:
		 0: BRANCH %v_15[8.6,6.9,] 
BB 10
	outgoing: 12 
	datadep: 
	instructions:
		 0: 
		 1: %self->params def_%v_22 %self[2.0,] 
		 2: def_%v_23 %v_22[10.1,] 
		 3: ATTRASSIGN comment->hat_id %v_23[10.2,] 
		 4: 
BB 11
	outgoing: 12 
	datadep: 
	instructions:
		 0: COPY def_%v_23 
BB 12
	outgoing: 13 14 
	datadep: 
	instructions:
		 0: 
		 1: %self->params def_%v_24 %self[2.0,] 
		 2: def_%v_25 %v_24[12.1,] 
		 3: %v_25->blank? def_%v_26 %v_25[12.2,] 
		 4: BRANCH %v_26[12.3,] 
BB 13
	outgoing: 14 
	datadep: 
	instructions:
		 0: comment->save def_%v_27 comment[10.3,6.4,6.6,2.7,] 
		 1: COPY def_%v_26 %v_27[13.0,] 
BB 14
	outgoing: 15 16 
	datadep: 
	instructions:
		 0: BRANCH %v_26[13.1,12.3,] 
BB 15
	outgoing: 18 
	datadep: 
	instructions:
		 0: 
		 1: (Vote) def_%v_28 
		 2: GETFIELD %self->user def_%v_29 %self[2.0,] 
		 3: %v_29->id def_%v_30 %v_29[15.2,] 
		 4: comment->id def_%v_31 comment[10.3,6.4,6.6,2.7,] 
		 5: COPY def_%v_32 %v_31[15.4,] 
		 6: %v_28->comment_votes_by_user_for_comment_ids_hash def_%v_33 %v_28[15.1,] %v_30[15.3,] %v_32[15.5,] 
		 7: COPY def_votes %v_33[15.6,] 
		 8: 
		 9: comment->id def_%v_34 comment[15.4,10.3,6.4,6.6,2.7,] 
		 10: def_%v_35 votes[15.7,] %v_34[15.9,] 
		 11: ATTRASSIGN comment->current_vote %v_35[15.10,] 
		 12: 
		 13: COPY def_%v_36 
		 14: COPY def_%v_37 
		 15: COPY def_%v_38 comment[15.4,15.9,15.11,10.3,6.4,6.6,2.7,] 
		 16: COPY def_%v_39 %v_36[15.13,] %v_37[15.14,] %v_38[15.15,] 
		 17: %self->render def_%v_40 %self[2.0,] %v_39[15.16,] 
		 18: RETURN %v_40[15.17,] %self[15.17,2.0,] 
BB 16
	outgoing: 18 
	datadep: 
	instructions:
		 0: 
		 1: COPY def_%v_41 
		 2: ATTRASSIGN comment->current_vote %v_41[16.1,] 
		 3: 
		 4: %self->preview def_%v_42 %self[2.0,] comment[16.2,10.3,6.4,6.6,2.7,] 
		 5: RETURN %v_42[16.4,] %self[16.4,2.0,] 
BB 18
	outgoing: 
	datadep: 
	instructions:

SET IRMethod, name = unvote
BB 1
	outgoing: 6 2 
	datadep: 
	instructions:
BB 2
	outgoing: 3 4 
	datadep: 
	instructions:
		 0: def_%self 
		 1: def_%v_0 
		 2: COPY def_%current_scope 
		 3: COPY def_%current_module 
		 4: 
		 5: 
		 6: %self->find_comment def_%v_3 %self[2.0,] 
		 7: COPY def_comment %v_3[2.6,] 
		 8: COPY def_%v_4 %v_3[2.6,] 
		 9: %v_3->! def_%v_5 %v_3[2.6,] 
		 10: BRANCH %v_5[2.9,] 
BB 3
	outgoing: 6 
	datadep: 
	instructions:
		 0: 
		 1: COPY def_%v_6 
		 2: COPY def_%v_7 %v_6[3.1,] 
		 3: %self->render def_%v_8 %self[2.0,] %v_7[3.2,] 
		 4: RETURN %v_8[3.3,] %self[3.3,2.0,] 
BB 4
	outgoing: 6 
	datadep: 
	instructions:
		 0: COPY def_%v_9 
		 1: 
		 2: (Vote) def_%v_10 
		 3: comment->story_id def_%v_11 comment[2.7,] 
		 4: comment->id def_%v_12 comment[4.3,2.7,] 
		 5: GETFIELD %self->user def_%v_13 %self[2.0,] 
		 6: %v_13->id def_%v_14 %v_13[4.5,] 
		 7: %v_10->vote_thusly_on_story_or_comment_for_user_because def_%v_15 %v_10[4.2,] %v_11[4.3,] %v_12[4.4,] %v_14[4.6,] 
		 8: 
		 9: COPY def_%v_16 
		 10: COPY def_%v_17 %v_16[4.9,] 
		 11: %self->render def_%v_18 %self[2.0,] %v_17[4.10,] 
		 12: RETURN %v_18[4.11,] %self[4.11,2.0,] 
BB 6
	outgoing: 
	datadep: 
	instructions:

SET IRMethod, name = upvote
BB 1
	outgoing: 6 2 
	datadep: 
	instructions:
BB 2
	outgoing: 3 4 
	datadep: 
	instructions:
		 0: def_%self 
		 1: def_%v_0 
		 2: COPY def_%current_scope 
		 3: COPY def_%current_module 
		 4: 
		 5: 
		 6: %self->find_comment def_%v_3 %self[2.0,] 
		 7: COPY def_comment %v_3[2.6,] 
		 8: COPY def_%v_4 %v_3[2.6,] 
		 9: %v_3->! def_%v_5 %v_3[2.6,] 
		 10: BRANCH %v_5[2.9,] 
BB 3
	outgoing: 6 
	datadep: 
	instructions:
		 0: 
		 1: COPY def_%v_6 
		 2: COPY def_%v_7 %v_6[3.1,] 
		 3: %self->render def_%v_8 %self[2.0,] %v_7[3.2,] 
		 4: RETURN %v_8[3.3,] %self[3.3,2.0,] 
BB 4
	outgoing: 6 
	datadep: 
	instructions:
		 0: COPY def_%v_9 
		 1: 
		 2: (Vote) def_%v_10 
		 3: comment->story_id def_%v_11 comment[2.7,] 
		 4: comment->id def_%v_12 comment[4.3,2.7,] 
		 5: GETFIELD %self->user def_%v_13 %self[2.0,] 
		 6: %v_13->id def_%v_14 %v_13[4.5,] 
		 7: %self->params def_%v_15 %self[2.0,] 
		 8: def_%v_16 %v_15[4.7,] 
		 9: %v_10->vote_thusly_on_story_or_comment_for_user_because def_%v_17 %v_10[4.2,] %v_11[4.3,] %v_12[4.4,] %v_14[4.6,] %v_16[4.8,] 
		 10: 
		 11: COPY def_%v_18 
		 12: COPY def_%v_19 %v_18[4.11,] 
		 13: %self->render def_%v_20 %self[4.7,2.0,] %v_19[4.12,] 
		 14: RETURN %v_20[4.13,] %self[4.7,4.13,2.0,] 
BB 6
	outgoing: 
	datadep: 
	instructions:

SET IRMethod, name = downvote
BB 1
	outgoing: 14 2 
	datadep: 
	instructions:
BB 2
	outgoing: 3 4 
	datadep: 
	instructions:
		 0: def_%self 
		 1: def_%v_0 
		 2: COPY def_%current_scope 
		 3: COPY def_%current_module 
		 4: 
		 5: 
		 6: %self->find_comment def_%v_3 %self[2.0,] 
		 7: COPY def_comment %v_3[2.6,] 
		 8: COPY def_%v_4 %v_3[2.6,] 
		 9: %v_3->! def_%v_5 %v_3[2.6,] 
		 10: BRANCH %v_5[2.9,] 
BB 3
	outgoing: 14 
	datadep: 
	instructions:
		 0: 
		 1: COPY def_%v_6 
		 2: COPY def_%v_7 %v_6[3.1,] 
		 3: %self->render def_%v_8 %self[2.0,] %v_7[3.2,] 
		 4: RETURN %v_8[3.3,] %self[3.3,2.0,] 
BB 4
	outgoing: 6 7 
	datadep: 
	instructions:
		 0: COPY def_%v_9 
		 1: 
		 2: (Vote) def_%v_10 
		 3: def_%v_11 %v_10[4.2,] 
		 4: %v_11[4.3,] 
BB 6
	outgoing: 7 
	datadep: 
	instructions:
		 0: def_%v_11 %v_10[4.2,] 
BB 7
	outgoing: 8 9 
	datadep: 
	instructions:
		 0: %self->params def_%v_12 %self[2.0,] 
		 1: def_%v_13 %v_12[7.0,] 
		 2: def_%v_14 %v_11[6.0,4.3,] %v_13[7.1,] 
		 3: %v_14->! def_%v_15 %v_14[7.2,] 
		 4: BRANCH %v_15[7.3,] 
BB 8
	outgoing: 14 
	datadep: 
	instructions:
		 0: 
		 1: COPY def_%v_16 
		 2: COPY def_%v_17 %v_16[8.1,] 
		 3: %self->render def_%v_18 %self[2.0,] %v_17[8.2,] 
		 4: RETURN %v_18[8.3,] %self[8.3,2.0,] 
BB 9
	outgoing: 11 12 
	datadep: 
	instructions:
		 0: COPY def_%v_19 
		 1: 
		 2: GETFIELD %self->user def_%v_20 %self[2.0,] 
		 3: %v_20->can_downvote? def_%v_21 %v_20[9.2,] comment[2.7,] 
		 4: %v_21->! def_%v_22 %v_21[9.3,] 
		 5: BRANCH %v_22[9.4,] 
BB 11
	outgoing: 14 
	datadep: 
	instructions:
		 0: 
		 1: COPY def_%v_23 
		 2: COPY def_%v_24 %v_23[11.1,] 
		 3: %self->render def_%v_25 %self[2.0,] %v_24[11.2,] 
		 4: RETURN %v_25[11.3,] %self[11.3,2.0,] 
BB 12
	outgoing: 14 
	datadep: 
	instructions:
		 0: COPY def_%v_26 
		 1: 
		 2: (Vote) def_%v_27 
		 3: comment->story_id def_%v_28 comment[2.7,] 
		 4: comment->id def_%v_29 comment[12.3,2.7,] 
		 5: GETFIELD %self->user def_%v_30 %self[2.0,] 
		 6: %v_30->id def_%v_31 %v_30[12.5,] 
		 7: %self->params def_%v_32 %self[2.0,] 
		 8: def_%v_33 %v_32[12.7,] 
		 9: %v_27->vote_thusly_on_story_or_comment_for_user_because def_%v_34 %v_27[12.2,] %v_28[12.3,] %v_29[12.4,] %v_31[12.6,] %v_33[12.8,] 
		 10: 
		 11: COPY def_%v_35 
		 12: COPY def_%v_36 %v_35[12.11,] 
		 13: %self->render def_%v_37 %self[12.7,2.0,] %v_36[12.12,] 
		 14: RETURN %v_37[12.13,] %self[12.7,12.13,2.0,] 
BB 14
	outgoing: 
	datadep: 
	instructions:

SET IRMethod, name = index
BB 1
	outgoing: 16 2 
	datadep: 
	instructions:
BB 2
	outgoing: 3 4 
	datadep: 
	instructions:
		 0: def_%self 
		 1: def_%v_0 
		 2: COPY def_%current_scope 
		 3: COPY def_%current_module 
		 4: 
		 5: 
		 6: def_%v_4 %self[2.0,] 
		 7: COPY def_%v_3 %v_4[2.6,] 
		 8: %v_4[2.6,] 
BB 3
	outgoing: 4 
	datadep: 
	instructions:
		 0: GETFIELD %self->rss_link def_%v_5 %self[2.0,] 
		 1: COPY def_%v_3 %v_5[3.0,] 
BB 4
	outgoing: 5 9 
	datadep: 
	instructions:
		 0: BRANCH %v_3[3.1,2.7,] 
BB 5
	outgoing: 6 7 
	datadep: 
	instructions:
		 0: COPY def_%v_6 
		 1: COPY def_%v_7 
		 2: 
		 3: GETFIELD %self->user def_%v_8 %self[2.0,] 
		 4: BRANCH %v_8[5.3,] 
BB 6
	outgoing: 8 
	datadep: 
	instructions:
		 0: COPY def_%v_9 
		 1: GETFIELD %self->user def_%v_10 %self[2.0,] 
		 2: %v_10->rss_token def_%v_11 %v_10[6.1,] 
		 3: def_%v_12 %v_9[6.0,] %v_11[6.2,] 
		 4: 
BB 7
	outgoing: 8 
	datadep: 
	instructions:
		 0: COPY def_%v_13 
		 1: COPY def_%v_12 %v_13[7.0,] 
BB 8
	outgoing: 9 
	datadep: 
	instructions:
		 0: def_%v_14 %v_7[5.1,] %v_12[7.1,6.3,] 
		 1: COPY def_%v_15 %v_6[5.0,] %v_14[8.0,] 
		 2: ATTRASSIGN %self->rss_link %v_15[8.1,] 
		 3: COPY def_%v_5 %v_15[8.1,] 
BB 9
	outgoing: 10 11 
	datadep: 
	instructions:
		 0: 
		 1: COPY def_%v_16 
		 2: ATTRASSIGN %self->title %v_16[9.1,] 
		 3: ATTRASSIGN %self->heading %v_16[9.1,] 
		 4: 
		 5: COPY def_%v_17 
		 6: ATTRASSIGN %self->cur_url %v_17[9.5,] 
		 7: 
		 8: ATTRASSIGN %self->page 
		 9: 
		 10: %self->params def_%v_18 %self[9.2,9.3,9.6,9.8,8.2,2.0,] 
		 11: def_%v_19 %v_18[9.10,] 
		 12: %v_19->to_i def_%v_20 %v_19[9.11,] 
		 13: def_%v_21 %v_20[9.12,] 
		 14: BRANCH %v_21[9.13,] 
BB 10
	outgoing: 12 
	datadep: 
	instructions:
		 0: 
		 1: %self->params def_%v_22 %self[9.2,9.3,9.6,9.8,8.2,2.0,] 
		 2: def_%v_23 %v_22[10.1,] 
		 3: %v_23->to_i def_%v_24 %v_23[10.2,] 
		 4: ATTRASSIGN %self->page %v_24[10.3,] 
		 5: 
BB 11
	outgoing: 12 
	datadep: 
	instructions:
		 0: COPY def_%v_24 
BB 12
	outgoing: 13 14 
	datadep: 
	instructions:
		 0: 
		 1: (Comment) def_%v_25 
		 2: COPY def_%v_26 
		 3: %v_25->where def_%v_27 %v_25[12.1,] %v_26[12.2,] 
		 4: COPY def_%v_28 
		 5: %v_27->order def_%v_29 %v_27[12.3,] %v_28[12.4,] 
		 6: 
		 7: GETFIELD %self->page def_%v_30 %self[10.4,9.8,2.0,] 
		 8: def_%v_31 %v_30[12.7,] 
		 9: (COMMENTS_PER_PAGE) def_%v_32 
		 10: def_%v_33 %v_31[12.8,] %v_32[12.9,] 
		 11: %v_29->offset def_%v_34 %v_29[12.5,] %v_33[12.10,] 
		 12: (COMMENTS_PER_PAGE) def_%v_35 
		 13: %v_34->limit def_%v_36 %v_34[12.11,] %v_35[12.12,] 
		 14: %v_36->includes def_%v_37 %v_36[12.13,] 
		 15: ATTRASSIGN %self->comments %v_37[12.14,] 
		 16: 
		 17: 
		 18: GETFIELD %self->user def_%v_38 %self[2.0,] 
		 19: BRANCH %v_38[12.18,] 
BB 13
	outgoing: 15 
	datadep: 
	instructions:
		 0: GETFIELD %self->comments def_%v_39 %self[12.15,2.0,] 
		 1: COPY def_%v_40 
		 2: COPY def_%v_41 
		 3: def_%v_42 %v_40[13.1,] %v_41[13.2,] 
		 4: GETFIELD %self->user def_%v_43 %self[2.0,] 
		 5: %v_43->id def_%v_44 %v_43[13.4,] 
		 6: %v_39->where def_%v_45 %v_39[13.0,] %v_42[13.3,] %v_44[13.5,] 
		 7: ATTRASSIGN %self->comments %v_45[13.6,] 
		 8: 
		 9: (Vote) def_%v_46 
		 10: GETFIELD %self->user def_%v_47 %self[2.0,] 
		 11: %v_47->id def_%v_48 %v_47[13.10,] 
		 12: GETFIELD %self->comments def_%v_49 %self[13.7,12.15,2.0,] 
		 13: %v_49->map def_%v_50 %v_49[13.12,] %self[13.7,12.15,10.4,9.2,9.3,9.6,9.8,8.2,2.0,] 
CLOSURE BEGIN: c[] 
BB 1
	outgoing: 6 2 
	datadep: 
	instructions:
BB 2
	outgoing: 3 
	datadep: 
	instructions:
		 0: def_%self 
		 1: def_%cl_1_0 
		 2: RECEIVEARG def_c 
		 3: COPY def_%current_scope 
		 4: COPY def_%current_module 
BB 3
	outgoing: 4 6 
	datadep: 
	instructions:
		 0: 
		 1: c->id def_%cl_1_3 c[2.2,] 
		 2: RETURN %cl_1_3[3.1,] %self[2.0,] 
BB 4
	outgoing: 6 
	datadep: 
	instructions:
		 0: def_%cl_1_4 
		 1: def_%cl_1_5 %cl_1_4[4.0,] 
		 2: RETURN %cl_1_5[4.1,] %self[2.0,] 
BB 6
	outgoing: 
	datadep: 
	instructions:
CLOSURE END
		 14: %v_46->comment_votes_by_user_for_comment_ids_hash def_%v_51 %v_46[13.9,] %v_48[13.11,] %v_50[13.13,] 
		 15: ATTRASSIGN %self->votes %v_51[13.14,] 
		 16: 
		 17: GETFIELD %self->comments def_%v_52 %self[13.7,12.15,2.0,] 
		 18: %v_52->each def_%v_53 %v_52[13.17,] %self[13.7,13.15,12.15,10.4,9.2,9.3,9.6,9.8,8.2,2.0,] 
CLOSURE BEGIN: %self[13.7,13.15,12.15,10.4,9.2,9.3,9.6,9.8,8.2,2.0,] c[] 
BB 1
	outgoing: 9 2 
	datadep: 
	instructions:
BB 2
	outgoing: 3 
	datadep: 
	instructions:
		 0: def_%self 
		 1: def_%cl_2_0 
		 2: RECEIVEARG def_c 
		 3: COPY def_%current_scope 
		 4: COPY def_%current_module 
BB 3
	outgoing: 4 5 7 
	datadep: 
	instructions:
		 0: 
		 1: GETFIELD %self->votes def_%cl_2_3 %self[2.0,] 
		 2: c->id def_%cl_2_4 c[2.2,] 
		 3: def_%cl_2_5 %cl_2_3[3.1,] %cl_2_4[3.2,] 
		 4: BRANCH %cl_2_5[3.3,] 
BB 4
	outgoing: 6 7 
	datadep: 
	instructions:
		 0: 
		 1: GETFIELD %self->votes def_%cl_2_6 %self[2.0,] 
		 2: c->id def_%cl_2_7 c[2.2,] 
		 3: def_%cl_2_8 %cl_2_6[4.1,] %cl_2_7[4.2,] 
		 4: ATTRASSIGN c->current_vote %cl_2_8[4.3,] 
		 5: 
BB 5
	outgoing: 9 
	datadep: 
	instructions:
		 0: RETURN %self[2.0,] 
BB 6
	outgoing: 9 
	datadep: 
	instructions:
		 0: RETURN %cl_2_8[4.3,] %self[2.0,] 
BB 7
	outgoing: 9 
	datadep: 
	instructions:
		 0: def_%cl_2_9 
		 1: def_%cl_2_10 %cl_2_9[7.0,] 
		 2: RETURN %cl_2_10[7.1,] %self[2.0,] 
BB 9
	outgoing: 
	datadep: 
	instructions:
CLOSURE END
		 19: 
BB 14
	outgoing: 15 
	datadep: 
	instructions:
		 0: COPY def_%v_53 
BB 15
	outgoing: 16 
	datadep: 
	instructions:
		 0: 
		 1: %self->respond_to def_%v_54 %self[13.7,13.15,12.15,10.4,9.2,9.3,9.6,9.8,8.2,2.0,] %self[13.7,13.15,12.15,10.4,9.2,9.3,9.6,9.8,8.2,2.0,] 
CLOSURE BEGIN: format[] %self[13.7,13.15,12.15,10.4,9.2,9.3,9.6,9.8,8.2,2.0,] 
BB 1
	outgoing: 6 2 
	datadep: 
	instructions:
BB 2
	outgoing: 3 
	datadep: 
	instructions:
		 0: def_%self 
		 1: def_%cl_3_0 
		 2: RECEIVEARG def_format 
		 3: COPY def_%current_scope 
		 4: COPY def_%current_module 
BB 3
	outgoing: 4 6 
	datadep: 
	instructions:
		 0: 
		 1: format->html def_%cl_3_3 format[2.2,] %self[2.0,] 
CLOSURE BEGIN: %self[2.0,] 
BB 1
	outgoing: 6 2 
	datadep: 
	instructions:
BB 2
	outgoing: 3 
	datadep: 
	instructions:
		 0: def_%self 
		 1: def_%cl_4_0 
		 2: COPY def_%current_scope 
		 3: COPY def_%current_module 
BB 3
	outgoing: 4 6 
	datadep: 
	instructions:
		 0: 
		 1: COPY def_%cl_4_3 
		 2: COPY def_%cl_4_4 %cl_4_3[3.1,] 
		 3: %self->render def_%cl_4_5 %self[2.0,] %cl_4_4[3.2,] 
		 4: RETURN %cl_4_5[3.3,] %self[3.3,2.0,] 
BB 4
	outgoing: 6 
	datadep: 
	instructions:
		 0: def_%cl_4_6 
		 1: def_%cl_4_7 %cl_4_6[4.0,] 
		 2: RETURN %cl_4_7[4.1,] %self[2.0,] 
BB 6
	outgoing: 
	datadep: 
	instructions:
CLOSURE END
		 2: 
		 3: format->rss def_%cl_3_4 format[3.1,2.2,] %self[2.0,] 
CLOSURE BEGIN: %self[2.0,] 
BB 1
	outgoing: 11 2 
	datadep: 
	instructions:
BB 2
	outgoing: 4 5 
	datadep: 
	instructions:
		 0: def_%self 
		 1: def_%cl_5_0 
		 2: COPY def_%current_scope 
		 3: COPY def_%current_module 
		 4: 
		 5: GETFIELD %self->user def_%cl_5_3 %self[2.0,] 
		 6: BRANCH %cl_5_3[2.5,] 
BB 4
	outgoing: 5 9 
	datadep: 
	instructions:
		 0: %self->params def_%cl_5_4 %self[2.0,] 
		 1: def_%cl_5_5 %cl_5_4[4.0,] 
		 2: %cl_5_5->present? def_%cl_5_6 %cl_5_5[4.1,] 
		 3: COPY def_%cl_5_3 %cl_5_6[4.2,] 
BB 5
	outgoing: 6 7 
	datadep: 
	instructions:
		 0: BRANCH %cl_5_3[4.3,2.5,] 
BB 6
	outgoing: 8 9 
	datadep: 
	instructions:
		 0: 
		 1: COPY def_%cl_5_7 
		 2: GETFIELD %self->user def_%cl_5_8 %self[2.0,] 
		 3: %cl_5_8->username def_%cl_5_9 %cl_5_8[6.2,] 
		 4: def_%cl_5_10 %cl_5_7[6.1,] %cl_5_9[6.3,] 
		 5: ATTRASSIGN %self->title %cl_5_10[6.4,] 
		 6: 
BB 7
	outgoing: 8 
	datadep: 
	instructions:
		 0: COPY def_%cl_5_10 
BB 8
	outgoing: 9 11 
	datadep: 
	instructions:
		 0: 
		 1: COPY def_%cl_5_11 
		 2: COPY def_%cl_5_12 %cl_5_11[8.1,] 
		 3: %self->render def_%cl_5_13 %self[6.5,2.0,] %cl_5_12[8.2,] 
		 4: RETURN %cl_5_13[8.3,] %self[8.3,6.5,2.0,] 
BB 9
	outgoing: 11 
	datadep: 
	instructions:
		 0: def_%cl_5_14 
		 1: def_%cl_5_15 %cl_5_14[9.0,] 
		 2: RETURN %cl_5_15[9.1,] %self[6.5,2.0,] 
BB 11
	outgoing: 
	datadep: 
	instructions:
CLOSURE END
		 4: RETURN %cl_3_4[3.3,] %self[2.0,] 
BB 4
	outgoing: 6 
	datadep: 
	instructions:
		 0: def_%cl_3_5 
		 1: def_%cl_3_6 %cl_3_5[4.0,] 
		 2: RETURN %cl_3_6[4.1,] %self[2.0,] 
BB 6
	outgoing: 
	datadep: 
	instructions:
CLOSURE END
		 2: RETURN %v_54[15.1,] %self[15.1,13.7,13.15,12.15,10.4,9.2,9.3,9.6,9.8,8.2,2.0,] 
BB 16
	outgoing: 
	datadep: 
	instructions:

SET IRMethod, name = threads
BB 1
	outgoing: 16 2 
	datadep: 
	instructions:
BB 2
	outgoing: 3 4 
	datadep: 
	instructions:
		 0: def_%self 
		 1: def_%v_0 
		 2: COPY def_%current_scope 
		 3: COPY def_%current_module 
		 4: 
		 5: 
		 6: %self->params def_%v_3 %self[2.0,] 
		 7: def_%v_4 %v_3[2.6,] 
		 8: BRANCH %v_4[2.7,] 
BB 3
	outgoing: 8 
	datadep: 
	instructions:
		 0: 
		 1: (User) def_%v_5 
		 2: %self->params def_%v_6 %self[2.0,] 
		 3: def_%v_7 %v_6[3.2,] 
		 4: COPY def_%v_8 %v_7[3.3,] 
		 5: %v_5->where def_%v_9 %v_5[3.1,] %v_8[3.4,] 
		 6: %v_9->first! def_%v_10 %v_9[3.5,] 
		 7: ATTRASSIGN %self->showing_user %v_10[3.6,] 
		 8: 
		 9: COPY def_%v_11 
		 10: GETFIELD %self->showing_user def_%v_12 %self[3.2,3.7,2.0,] 
		 11: %v_12->username def_%v_13 %v_12[3.10,] 
		 12: def_%v_14 %v_11[3.9,] %v_13[3.11,] 
		 13: ATTRASSIGN %self->title %v_14[3.12,] 
		 14: ATTRASSIGN %self->heading %v_14[3.12,] 
		 15: 
		 16: COPY def_%v_15 
		 17: GETFIELD %self->showing_user def_%v_16 %self[3.2,3.7,2.0,] 
		 18: %v_16->username def_%v_17 %v_16[3.17,] 
		 19: def_%v_18 %v_15[3.16,] %v_17[3.18,] 
		 20: ATTRASSIGN %self->cur_url %v_18[3.19,] 
		 21: 
BB 4
	outgoing: 5 6 
	datadep: 
	instructions:
		 0: 
		 1: GETFIELD %self->user def_%v_19 %self[2.0,] 
		 2: %v_19->! def_%v_20 %v_19[4.1,] 
		 3: BRANCH %v_20[4.2,] 
BB 5
	outgoing: 16 
	datadep: 
	instructions:
		 0: 
		 1: COPY def_%v_21 
		 2: %self->redirect_to def_%v_22 %self[2.0,] %v_21[5.1,] 
		 3: RETURN %v_22[5.2,] %self[5.2,2.0,] 
BB 6
	outgoing: 8 
	datadep: 
	instructions:
		 0: 
		 1: GETFIELD %self->user def_%v_24 %self[2.0,] 
		 2: ATTRASSIGN %self->showing_user %v_24[6.1,] 
		 3: 
		 4: COPY def_%v_25 
		 5: ATTRASSIGN %self->title %v_25[6.4,] 
		 6: ATTRASSIGN %self->heading %v_25[6.4,] 
		 7: 
		 8: COPY def_%v_26 
		 9: ATTRASSIGN %self->cur_url %v_26[6.8,] 
		 10: COPY def_%v_23 %v_26[6.8,] 
		 11: COPY def_%v_18 %v_23[6.10,] 
BB 8
	outgoing: 9 10 
	datadep: 
	instructions:
		 0: 
		 1: GETFIELD %self->showing_user def_%v_27 %self[3.7,6.2,2.0,] 
		 2: COPY def_%v_28 %v_27[8.1,] 
		 3: 
		 4: GETFIELD %self->user def_%v_29 %self[2.0,] 
		 5: BRANCH %v_29[8.4,] 
BB 9
	outgoing: 10 
	datadep: 
	instructions:
		 0: GETFIELD %self->user def_%v_30 %self[2.0,] 
		 1: %v_30->id def_%v_31 %v_30[9.0,] 
		 2: GETFIELD %self->showing_user def_%v_32 %self[3.7,6.2,2.0,] 
		 3: %v_32->id def_%v_33 %v_32[9.2,] 
		 4: %v_31->== def_%v_34 %v_31[9.1,] %v_33[9.3,] 
		 5: COPY def_%v_29 %v_34[9.4,] 
BB 10
	outgoing: 11 12 
	datadep: 
	instructions:
		 0: %v_29->! def_%v_35 %v_29[9.5,8.4,] 
		 1: %v_35->! def_%v_36 %v_35[10.0,] 
		 2: COPY def_include_submitted_stories %v_36[10.1,] 
		 3: COPY def_%v_37 %v_36[10.1,] 
		 4: %v_28->recent_threads def_%v_38 %v_28[8.2,] %v_36[10.1,] 
		 5: COPY def_thread_ids %v_38[10.4,] 
		 6: 
		 7: (Comment) def_%v_39 
		 8: COPY def_%v_40 %v_38[10.4,] 
		 9: %v_39->where def_%v_41 %v_39[10.7,] %v_40[10.8,] 
		 10: %v_41->includes def_%v_42 %v_41[10.9,] 
		 11: GETFIELD %self->showing_user def_%v_43 %self[3.7,6.2,2.0,] 
		 12: %v_42->arrange_for_user def_%v_44 %v_42[10.10,] %v_43[10.11,] 
		 13: COPY def_comments %v_44[10.12,] 
		 14: 
		 15: %v_44->group_by def_%v_45 %v_44[10.12,] 
		 16: COPY def_comments_by_thread_id %v_45[10.15,] 
		 17: 
		 18: def_%v_46 thread_ids[10.5,] 
		 19: %v_45->values_at def_%v_47 %v_45[10.15,] %v_46[10.18,] 
		 20: %v_47->compact def_%v_48 %v_47[10.19,] 
		 21: ATTRASSIGN %self->threads %v_48[10.20,] 
		 22: 
		 23: GETFIELD %self->user def_%v_49 %self[2.0,] 
		 24: BRANCH %v_49[10.23,] 
BB 11
	outgoing: 12 
	datadep: 
	instructions:
		 0: GETFIELD %self->showing_user def_%v_50 %self[3.7,6.2,2.0,] 
		 1: %v_50->id def_%v_51 %v_50[11.0,] 
		 2: GETFIELD %self->user def_%v_52 %self[2.0,] 
		 3: %v_52->id def_%v_53 %v_52[11.2,] 
		 4: %v_51->== def_%v_54 %v_51[11.1,] %v_53[11.3,] 
		 5: COPY def_%v_49 %v_54[11.4,] 
BB 12
	outgoing: 13 14 
	datadep: 
	instructions:
		 0: BRANCH %v_49[11.5,10.23,] 
BB 13
	outgoing: 15 
	datadep: 
	instructions:
		 0: 
		 1: (Vote) def_%v_55 
		 2: GETFIELD %self->user def_%v_56 %self[2.0,] 
		 3: %v_56->id def_%v_57 %v_56[13.2,] 
		 4: comments->map def_%v_58 comments[10.13,] 
		 5: %v_58->uniq def_%v_59 %v_58[13.4,] 
		 6: %v_55->comment_votes_by_user_for_story_hash def_%v_60 %v_55[13.1,] %v_57[13.3,] %v_59[13.5,] 
		 7: ATTRASSIGN %self->votes %v_60[13.6,] 
		 8: 
		 9: comments->each def_%v_61 comments[13.4,10.13,] %self[13.7,10.21,3.7,3.13,3.14,3.20,6.2,6.5,6.6,6.9,2.0,] 
CLOSURE BEGIN: %self[13.7,10.21,3.7,3.13,3.14,3.20,6.2,6.5,6.6,6.9,2.0,] c[] 
BB 1
	outgoing: 9 2 
	datadep: 
	instructions:
BB 2
	outgoing: 3 
	datadep: 
	instructions:
		 0: def_%self 
		 1: def_%cl_1_0 
		 2: RECEIVEARG def_c 
		 3: COPY def_%current_scope 
		 4: COPY def_%current_module 
BB 3
	outgoing: 4 5 7 
	datadep: 
	instructions:
		 0: 
		 1: GETFIELD %self->votes def_%cl_1_3 %self[2.0,] 
		 2: c->id def_%cl_1_4 c[2.2,] 
		 3: def_%cl_1_5 %cl_1_3[3.1,] %cl_1_4[3.2,] 
		 4: BRANCH %cl_1_5[3.3,] 
BB 4
	outgoing: 6 7 
	datadep: 
	instructions:
		 0: 
		 1: GETFIELD %self->votes def_%cl_1_6 %self[2.0,] 
		 2: c->id def_%cl_1_7 c[2.2,] 
		 3: def_%cl_1_8 %cl_1_6[4.1,] %cl_1_7[4.2,] 
		 4: ATTRASSIGN c->current_vote %cl_1_8[4.3,] 
		 5: 
BB 5
	outgoing: 9 
	datadep: 
	instructions:
		 0: RETURN %self[2.0,] 
BB 6
	outgoing: 9 
	datadep: 
	instructions:
		 0: RETURN %cl_1_8[4.3,] %self[2.0,] 
BB 7
	outgoing: 9 
	datadep: 
	instructions:
		 0: def_%cl_1_9 
		 1: def_%cl_1_10 %cl_1_9[7.0,] 
		 2: RETURN %cl_1_10[7.1,] %self[2.0,] 
BB 9
	outgoing: 
	datadep: 
	instructions:
CLOSURE END
		 10: 
BB 14
	outgoing: 15 
	datadep: 
	instructions:
		 0: COPY def_%v_61 
BB 15
	outgoing: 16 
	datadep: 
	instructions:
		 0: 
		 1: GETFIELD %self->threads def_%v_62 %self[10.21,2.0,] 
		 2: %v_62->each def_%v_63 %v_62[15.1,] %self[13.7,10.21,3.7,3.13,3.14,3.20,6.2,6.5,6.6,6.9,2.0,] 
CLOSURE BEGIN: thread[] subtree[] comment[] %self[13.7,10.21,3.7,3.13,3.14,3.20,6.2,6.5,6.6,6.9,2.0,] ancestors[] 
BB 1
	outgoing: 124 2 
	datadep: 
	instructions:
BB 2
	outgoing: 3 
	datadep: 
	instructions:
		 0: def_%self 
		 1: def_%cl_2_0 
		 2: RECEIVEARG def_thread 
		 3: COPY def_%current_scope 
		 4: COPY def_%current_module 
BB 3
	outgoing: 4 122 
	datadep: 
	instructions:
		 0: 
		 1: thread->group_by def_%cl_2_3 thread[2.2,] 
		 2: COPY def_comments_by_parent %cl_2_3[3.1,] 
		 3: 
		 4: def_%cl_2_4 %cl_2_3[3.1,] 
		 5: COPY def_subtree %cl_2_4[3.4,] 
		 6: 
		 7: COPY def_%cl_2_5 
		 8: COPY def_ancestors %cl_2_5[3.7,] 
		 9: 
BB 4
	outgoing: 5 120 
	datadep: 
	instructions:
		 0: BRANCH subtree[3.5,114.2,] 
BB 5
	outgoing: 6 114 122 
	datadep: 
	instructions:
		 0: 
		 1: 
		 2: subtree->shift def_%cl_2_7 subtree[3.5,114.2,] 
		 3: COPY def_comment %cl_2_7[5.2,] 
		 4: BRANCH %cl_2_7[5.2,] 
BB 6
	outgoing: 7 8 122 
	datadep: 
	instructions:
		 0: 
		 1: comment->short_id def_%cl_2_8 comment[5.3,] 
		 2: 
		 3: comment->short_id def_%cl_2_9 comment[6.1,5.3,] 
		 4: 
		 5: comment->persisted? def_%cl_2_10 comment[6.1,6.3,5.3,] 
		 6: BRANCH %cl_2_10[6.5,] 
BB 7
	outgoing: 9 122 
	datadep: 
	instructions:
		 0: comment->short_id def_%cl_2_11 comment[5.3,] 
		 1: 
BB 8
	outgoing: 9 
	datadep: 
	instructions:
		 0: COPY def_%cl_2_11 
BB 9
	outgoing: 10 14 122 
	datadep: 
	instructions:
		 0: 
		 1: comment->current_vote def_%cl_2_12 comment[5.3,] 
		 2: BRANCH %cl_2_12[9.1,] 
BB 10
	outgoing: 11 12 122 
	datadep: 
	instructions:
		 0: comment->current_vote def_%cl_2_13 comment[5.3,] 
		 1: def_%cl_2_14 %cl_2_13[10.0,] 
		 2: %cl_2_14->== def_%cl_2_15 %cl_2_14[10.1,] 
		 3: BRANCH %cl_2_15[10.2,] 
BB 11
	outgoing: 13 
	datadep: 
	instructions:
		 0: COPY def_%cl_2_16 
		 1: 
BB 12
	outgoing: 13 
	datadep: 
	instructions:
		 0: COPY def_%cl_2_17 
		 1: COPY def_%cl_2_16 %cl_2_17[12.0,] 
BB 13
	outgoing: 15 
	datadep: 
	instructions:
		 0: 
BB 14
	outgoing: 15 
	datadep: 
	instructions:
		 0: COPY def_%cl_2_18 
		 1: COPY def_%cl_2_16 %cl_2_18[14.0,] 
BB 15
	outgoing: 16 17 122 
	datadep: 
	instructions:
		 0: 
		 1: comment->highlighted def_%cl_2_19 comment[5.3,] 
		 2: BRANCH %cl_2_19[15.1,] 
BB 16
	outgoing: 18 
	datadep: 
	instructions:
		 0: COPY def_%cl_2_20 
		 1: 
BB 17
	outgoing: 18 
	datadep: 
	instructions:
		 0: COPY def_%cl_2_21 
		 1: COPY def_%cl_2_20 %cl_2_21[17.0,] 
BB 18
	outgoing: 19 20 122 
	datadep: 
	instructions:
		 0: 
		 1: comment->score def_%cl_2_22 comment[5.3,] 
		 2: def_%cl_2_23 %cl_2_22[18.1,] 
		 3: BRANCH %cl_2_23[18.2,] 
BB 19
	outgoing: 21 
	datadep: 
	instructions:
		 0: COPY def_%cl_2_24 
		 1: 
BB 20
	outgoing: 21 
	datadep: 
	instructions:
		 0: COPY def_%cl_2_25 
		 1: COPY def_%cl_2_24 %cl_2_25[20.0,] 
BB 21
	outgoing: 22 23 122 
	datadep: 
	instructions:
		 0: 
		 1: comment->score def_%cl_2_26 comment[5.3,] 
		 2: def_%cl_2_27 %cl_2_26[21.1,] 
		 3: BRANCH %cl_2_27[21.2,] 
BB 22
	outgoing: 24 
	datadep: 
	instructions:
		 0: COPY def_%cl_2_28 
		 1: 
BB 23
	outgoing: 24 
	datadep: 
	instructions:
		 0: COPY def_%cl_2_29 
		 1: COPY def_%cl_2_28 %cl_2_29[23.0,] 
BB 24
	outgoing: 25 26 122 
	datadep: 
	instructions:
		 0: 
		 1: comment->score def_%cl_2_30 comment[5.3,] 
		 2: def_%cl_2_31 %cl_2_30[24.1,] 
		 3: BRANCH %cl_2_31[24.2,] 
BB 25
	outgoing: 27 
	datadep: 
	instructions:
		 0: COPY def_%cl_2_32 
		 1: 
BB 26
	outgoing: 27 
	datadep: 
	instructions:
		 0: COPY def_%cl_2_33 
		 1: COPY def_%cl_2_32 %cl_2_33[26.0,] 
BB 27
	outgoing: 28 29 122 
	datadep: 
	instructions:
		 0: 
		 1: comment->score def_%cl_2_34 comment[5.3,] 
		 2: def_%cl_2_35 %cl_2_34[27.1,] 
		 3: BRANCH %cl_2_35[27.2,] 
BB 28
	outgoing: 30 
	datadep: 
	instructions:
		 0: COPY def_%cl_2_36 
		 1: 
BB 29
	outgoing: 30 
	datadep: 
	instructions:
		 0: COPY def_%cl_2_37 
		 1: COPY def_%cl_2_36 %cl_2_37[29.0,] 
BB 30
	outgoing: 31 40 122 
	datadep: 
	instructions:
		 0: 
		 1: comment->is_gone? def_%cl_2_38 comment[5.3,] 
		 2: %cl_2_38->! def_%cl_2_39 %cl_2_38[30.1,] 
		 3: BRANCH %cl_2_39[30.2,] 
BB 31
	outgoing: 32 33 
	datadep: 
	instructions:
		 0: 
		 1: 
		 2: GETFIELD %self->user def_%cl_2_40 %self[2.0,] 
		 3: BRANCH %cl_2_40[31.2,] 
BB 32
	outgoing: 34 
	datadep: 
	instructions:
		 0: COPY def_%cl_2_41 
		 1: 
BB 33
	outgoing: 34 122 
	datadep: 
	instructions:
		 0: 
		 1: COPY def_%cl_2_42 
		 2: %self->login_path def_%cl_2_43 %self[2.0,] 
		 3: COPY def_%cl_2_44 
		 4: COPY def_%cl_2_45 %cl_2_44[33.3,] 
		 5: %self->link_to def_%cl_2_46 %self[33.2,2.0,] %cl_2_42[33.1,] %cl_2_43[33.2,] %cl_2_45[33.4,] 
		 6: COPY def_%cl_2_41 %cl_2_46[33.5,] 
BB 34
	outgoing: 35 36 122 
	datadep: 
	instructions:
		 0: 
		 1: comment->score def_%cl_2_47 comment[5.3,] 
		 2: 
		 3: GETFIELD %self->user def_%cl_2_48 %self[2.0,] 
		 4: BRANCH %cl_2_48[34.3,] 
BB 35
	outgoing: 36 122 
	datadep: 
	instructions:
		 0: GETFIELD %self->user def_%cl_2_49 %self[2.0,] 
		 1: %cl_2_49->can_downvote? def_%cl_2_50 %cl_2_49[35.0,] comment[5.3,] 
		 2: COPY def_%cl_2_48 %cl_2_50[35.1,] 
BB 36
	outgoing: 37 38 
	datadep: 
	instructions:
		 0: BRANCH %cl_2_48[35.2,34.3,] 
BB 37
	outgoing: 39 
	datadep: 
	instructions:
		 0: COPY def_%cl_2_51 
		 1: 
BB 38
	outgoing: 39 
	datadep: 
	instructions:
		 0: COPY def_%cl_2_51 
BB 39
	outgoing: 41 
	datadep: 
	instructions:
		 0: COPY def_%cl_2_52 
		 1: 
BB 40
	outgoing: 41 
	datadep: 
	instructions:
		 0: COPY def_%cl_2_52 
BB 41
	outgoing: 42 43 122 
	datadep: 
	instructions:
		 0: 
		 1: comment->short_id def_%cl_2_53 comment[5.3,] 
		 2: 
		 3: comment->short_id def_%cl_2_54 comment[41.1,5.3,] 
		 4: 
		 5: def_%cl_2_55 %self[2.0,] 
		 6: BRANCH %cl_2_55[41.5,] 
BB 42
	outgoing: 43 122 
	datadep: 
	instructions:
		 0: %self->was_merged def_%cl_2_56 %self[2.0,] 
		 1: COPY def_%cl_2_55 %cl_2_56[42.0,] 
BB 43
	outgoing: 44 45 
	datadep: 
	instructions:
		 0: BRANCH %cl_2_55[42.1,41.5,] 
BB 44
	outgoing: 46 
	datadep: 
	instructions:
		 0: COPY def_%cl_2_57 
		 1: 
BB 45
	outgoing: 46 
	datadep: 
	instructions:
		 0: COPY def_%cl_2_57 
BB 46
	outgoing: 47 48 
	datadep: 
	instructions:
		 0: 
		 1: GETFIELD %self->user def_%cl_2_58 %self[2.0,] 
		 2: BRANCH %cl_2_58[46.1,] 
BB 47
	outgoing: 48 122 
	datadep: 
	instructions:
		 0: GETFIELD %self->user def_%cl_2_59 %self[2.0,] 
		 1: %cl_2_59->show_avatars? def_%cl_2_60 %cl_2_59[47.0,] 
		 2: COPY def_%cl_2_58 %cl_2_60[47.1,] 
BB 48
	outgoing: 49 50 
	datadep: 
	instructions:
		 0: BRANCH %cl_2_58[47.2,46.1,] 
BB 49
	outgoing: 51 122 
	datadep: 
	instructions:
		 0: 
		 1: comment->user def_%cl_2_61 comment[5.3,] 
		 2: %cl_2_61->username def_%cl_2_62 %cl_2_61[49.1,] 
		 3: 
		 4: comment->user def_%cl_2_63 comment[49.1,5.3,] 
		 5: %cl_2_63->avatar_url def_%cl_2_64 %cl_2_63[49.4,] 
		 6: 
BB 50
	outgoing: 51 
	datadep: 
	instructions:
		 0: COPY def_%cl_2_64 
BB 51
	outgoing: 52 53 122 
	datadep: 
	instructions:
		 0: 
		 1: comment->user def_%cl_2_65 comment[5.3,] 
		 2: %cl_2_65->username def_%cl_2_66 %cl_2_65[51.1,] 
		 3: 
		 4: comment->html_class_for_user def_%cl_2_67 comment[51.1,5.3,] 
		 5: 
		 6: comment->user def_%cl_2_68 comment[51.1,51.4,5.3,] 
		 7: %cl_2_68->username def_%cl_2_69 %cl_2_68[51.6,] 
		 8: 
		 9: comment->hat def_%cl_2_70 comment[51.1,51.4,51.6,5.3,] 
		 10: BRANCH %cl_2_70[51.9,] 
BB 52
	outgoing: 54 122 
	datadep: 
	instructions:
		 0: 
		 1: comment->hat def_%cl_2_71 comment[5.3,] 
		 2: %cl_2_71->to_html_label def_%cl_2_72 %cl_2_71[52.1,] 
		 3: 
BB 53
	outgoing: 54 
	datadep: 
	instructions:
		 0: COPY def_%cl_2_72 
BB 54
	outgoing: 55 56 122 
	datadep: 
	instructions:
		 0: 
		 1: comment->previewing def_%cl_2_73 comment[5.3,] 
		 2: BRANCH %cl_2_73[54.1,] 
BB 55
	outgoing: 66 
	datadep: 
	instructions:
		 0: COPY def_%cl_2_74 
		 1: 
BB 56
	outgoing: 57 58 122 
	datadep: 
	instructions:
		 0: 
		 1: comment->has_been_edited? def_%cl_2_75 comment[5.3,] 
		 2: BRANCH %cl_2_75[56.1,] 
BB 57
	outgoing: 62 
	datadep: 
	instructions:
		 0: COPY def_%cl_2_76 
		 1: 
BB 58
	outgoing: 59 60 122 
	datadep: 
	instructions:
		 0: 
		 1: comment->is_from_email? def_%cl_2_77 comment[5.3,] 
		 2: BRANCH %cl_2_77[58.1,] 
BB 59
	outgoing: 61 
	datadep: 
	instructions:
		 0: COPY def_%cl_2_78 
		 1: 
BB 60
	outgoing: 61 
	datadep: 
	instructions:
		 0: COPY def_%cl_2_78 
BB 61
	outgoing: 62 
	datadep: 
	instructions:
		 0: COPY def_%cl_2_76 
BB 62
	outgoing: 63 64 122 
	datadep: 
	instructions:
		 0: 
		 1: comment->has_been_edited? def_%cl_2_79 comment[5.3,] 
		 2: BRANCH %cl_2_79[62.1,] 
BB 63
	outgoing: 65 122 
	datadep: 
	instructions:
		 0: comment->updated_at def_%cl_2_80 comment[5.3,] 
		 1: 
BB 64
	outgoing: 65 122 
	datadep: 
	instructions:
		 0: comment->created_at def_%cl_2_81 comment[5.3,] 
		 1: COPY def_%cl_2_80 %cl_2_81[64.0,] 
BB 65
	outgoing: 66 122 
	datadep: 
	instructions:
		 0: COPY def_%cl_2_82 
		 1: %self->time_ago_in_words_label def_%cl_2_83 %self[2.0,] %cl_2_80[64.1,63.0,] %cl_2_82[65.0,] 
		 2: COPY def_%cl_2_74 %cl_2_83[65.1,] 
BB 66
	outgoing: 67 104 122 
	datadep: 
	instructions:
		 0: 
		 1: comment->previewing def_%cl_2_84 comment[5.3,] 
		 2: %cl_2_84->! def_%cl_2_85 %cl_2_84[66.1,] 
		 3: BRANCH %cl_2_85[66.2,] 
BB 67
	outgoing: 68 69 122 
	datadep: 
	instructions:
		 0: 
		 1: comment->url def_%cl_2_86 comment[5.3,] 
		 2: 
		 3: GETFIELD %self->user def_%cl_2_87 %self[2.0,] 
		 4: comment->is_editable_by_user? def_%cl_2_88 comment[67.1,5.3,] %cl_2_87[67.3,] 
		 5: BRANCH %cl_2_88[67.4,] 
BB 68
	outgoing: 70 
	datadep: 
	instructions:
		 0: COPY def_%cl_2_89 
		 1: 
BB 69
	outgoing: 70 
	datadep: 
	instructions:
		 0: COPY def_%cl_2_89 
BB 70
	outgoing: 71 72 122 
	datadep: 
	instructions:
		 0: 
		 1: comment->is_gone? def_%cl_2_90 comment[5.3,] 
		 2: BRANCH %cl_2_90[70.1,] 
BB 71
	outgoing: 72 122 
	datadep: 
	instructions:
		 0: GETFIELD %self->user def_%cl_2_91 %self[2.0,] 
		 1: comment->is_undeletable_by_user? def_%cl_2_92 comment[5.3,] %cl_2_91[71.0,] 
		 2: COPY def_%cl_2_90 %cl_2_92[71.1,] 
BB 72
	outgoing: 73 74 
	datadep: 
	instructions:
		 0: BRANCH %cl_2_90[71.2,70.1,] 
BB 73
	outgoing: 80 
	datadep: 
	instructions:
		 0: COPY def_%cl_2_93 
		 1: 
BB 74
	outgoing: 75 76 122 
	datadep: 
	instructions:
		 0: 
		 1: comment->is_gone? def_%cl_2_94 comment[5.3,] 
		 2: %cl_2_94->! def_%cl_2_95 %cl_2_94[74.1,] 
		 3: BRANCH %cl_2_95[74.2,] 
BB 75
	outgoing: 76 122 
	datadep: 
	instructions:
		 0: GETFIELD %self->user def_%cl_2_96 %self[2.0,] 
		 1: comment->is_deletable_by_user? def_%cl_2_97 comment[5.3,] %cl_2_96[75.0,] 
		 2: COPY def_%cl_2_95 %cl_2_97[75.1,] 
BB 76
	outgoing: 77 78 
	datadep: 
	instructions:
		 0: BRANCH %cl_2_95[75.2,74.2,] 
BB 77
	outgoing: 79 
	datadep: 
	instructions:
		 0: COPY def_%cl_2_98 
		 1: 
BB 78
	outgoing: 79 
	datadep: 
	instructions:
		 0: COPY def_%cl_2_98 
BB 79
	outgoing: 80 
	datadep: 
	instructions:
		 0: COPY def_%cl_2_93 
BB 80
	outgoing: 81 82 
	datadep: 
	instructions:
		 0: 
		 1: GETFIELD %self->user def_%cl_2_99 %self[2.0,] 
		 2: BRANCH %cl_2_99[80.1,] 
BB 81
	outgoing: 82 122 
	datadep: 
	instructions:
		 0: comment->story def_%cl_2_100 comment[5.3,] 
		 1: %cl_2_100->is_gone? def_%cl_2_101 %cl_2_100[81.0,] 
		 2: %cl_2_101->! def_%cl_2_102 %cl_2_101[81.1,] 
		 3: COPY def_%cl_2_99 %cl_2_102[81.2,] 
BB 82
	outgoing: 83 84 
	datadep: 
	instructions:
		 0: BRANCH %cl_2_99[81.3,80.1,] 
BB 83
	outgoing: 84 122 
	datadep: 
	instructions:
		 0: comment->is_gone? def_%cl_2_103 comment[5.3,] 
		 1: %cl_2_103->! def_%cl_2_104 %cl_2_103[83.0,] 
		 2: COPY def_%cl_2_99 %cl_2_104[83.1,] 
BB 84
	outgoing: 85 86 
	datadep: 
	instructions:
		 0: BRANCH %cl_2_99[83.2,81.3,80.1,] 
BB 85
	outgoing: 87 
	datadep: 
	instructions:
		 0: COPY def_%cl_2_105 
		 1: 
BB 86
	outgoing: 87 
	datadep: 
	instructions:
		 0: COPY def_%cl_2_105 
BB 87
	outgoing: 88 93 122 
	datadep: 
	instructions:
		 0: 
		 1: comment->downvotes def_%cl_2_106 comment[5.3,] 
		 2: def_%cl_2_107 %cl_2_106[87.1,] 
		 3: BRANCH %cl_2_107[87.2,] 
BB 88
	outgoing: 89 90 122 
	datadep: 
	instructions:
		 0: comment->score def_%cl_2_108 comment[5.3,] 
		 1: def_%cl_2_109 %cl_2_108[88.0,] 
		 2: BRANCH %cl_2_109[88.1,] 
BB 89
	outgoing: 90 122 
	datadep: 
	instructions:
		 0: comment->user_id def_%cl_2_110 comment[5.3,] 
		 1: GETFIELD %self->user def_%cl_2_111 %self[2.0,] 
		 2: %cl_2_111->try def_%cl_2_112 %cl_2_111[89.1,] 
		 3: %cl_2_110->== def_%cl_2_113 %cl_2_110[89.0,] %cl_2_112[89.2,] 
		 4: COPY def_%cl_2_109 %cl_2_113[89.3,] 
BB 90
	outgoing: 91 92 
	datadep: 
	instructions:
		 0: BRANCH %cl_2_109[89.4,88.1,] 
BB 91
	outgoing: 92 122 
	datadep: 
	instructions:
		 0: GETFIELD %self->user def_%cl_2_114 %self[2.0,] 
		 1: COPY def_%cl_2_115 
		 2: %cl_2_114->try def_%cl_2_116 %cl_2_114[91.0,] %cl_2_115[91.1,] 
		 3: COPY def_%cl_2_109 %cl_2_116[91.2,] 
BB 92
	outgoing: 93 
	datadep: 
	instructions:
		 0: COPY def_%cl_2_107 %cl_2_109[91.3,89.4,88.1,] 
BB 93
	outgoing: 94 95 
	datadep: 
	instructions:
		 0: BRANCH %cl_2_107[92.0,87.2,] 
BB 94
	outgoing: 103 122 
	datadep: 
	instructions:
		 0: 
		 1: comment->vote_summary def_%cl_2_117 comment[5.3,] 
		 2: %cl_2_117->downcase def_%cl_2_118 %cl_2_117[94.1,] 
		 3: 
BB 95
	outgoing: 96 97 122 
	datadep: 
	instructions:
		 0: 
		 1: comment->current_vote def_%cl_2_119 comment[5.3,] 
		 2: BRANCH %cl_2_119[95.1,] 
BB 96
	outgoing: 97 122 
	datadep: 
	instructions:
		 0: comment->current_vote def_%cl_2_120 comment[5.3,] 
		 1: def_%cl_2_121 %cl_2_120[96.0,] 
		 2: %cl_2_121->== def_%cl_2_122 %cl_2_121[96.1,] 
		 3: COPY def_%cl_2_119 %cl_2_122[96.2,] 
BB 97
	outgoing: 98 101 
	datadep: 
	instructions:
		 0: BRANCH %cl_2_119[96.3,95.1,] 
BB 98
	outgoing: 99 100 122 
	datadep: 
	instructions:
		 0: 
		 1: (Vote) def_%cl_2_123 
		 2: def_%cl_2_124 %cl_2_123[98.1,] 
		 3: %cl_2_124[98.2,] 
BB 99
	outgoing: 100 122 
	datadep: 
	instructions:
		 0: def_%cl_2_124 %cl_2_123[98.1,] 
BB 100
	outgoing: 102 122 
	datadep: 
	instructions:
		 0: comment->current_vote def_%cl_2_125 comment[5.3,] 
		 1: def_%cl_2_126 %cl_2_125[100.0,] 
		 2: def_%cl_2_127 %cl_2_124[99.0,98.2,] %cl_2_126[100.1,] 
		 3: %cl_2_127->downcase def_%cl_2_128 %cl_2_127[100.2,] 
		 4: 
BB 101
	outgoing: 102 
	datadep: 
	instructions:
		 0: COPY def_%cl_2_128 
BB 102
	outgoing: 103 
	datadep: 
	instructions:
		 0: COPY def_%cl_2_118 %cl_2_128[101.0,100.3,] 
BB 103
	outgoing: 105 
	datadep: 
	instructions:
		 0: 
BB 104
	outgoing: 105 
	datadep: 
	instructions:
		 0: COPY def_%cl_2_118 
BB 105
	outgoing: 106 107 122 
	datadep: 
	instructions:
		 0: 
		 1: def_%cl_2_129 %self[2.0,] 
		 2: BRANCH %cl_2_129[105.1,] 
BB 106
	outgoing: 107 122 
	datadep: 
	instructions:
		 0: %self->show_story def_%cl_2_130 %self[2.0,] 
		 1: COPY def_%cl_2_129 %cl_2_130[106.0,] 
BB 107
	outgoing: 108 109 
	datadep: 
	instructions:
		 0: BRANCH %cl_2_129[106.1,105.1,] 
BB 108
	outgoing: 110 122 
	datadep: 
	instructions:
		 0: 
		 1: comment->story def_%cl_2_131 comment[5.3,] 
		 2: %cl_2_131->comments_path def_%cl_2_132 %cl_2_131[108.1,] 
		 3: 
		 4: comment->story def_%cl_2_133 comment[108.1,5.3,] 
		 5: %cl_2_133->title def_%cl_2_134 %cl_2_133[108.4,] 
		 6: 
BB 109
	outgoing: 110 
	datadep: 
	instructions:
		 0: COPY def_%cl_2_134 
BB 110
	outgoing: 111 112 122 
	datadep: 
	instructions:
		 0: 
		 1: comment->is_gone? def_%cl_2_135 comment[5.3,] 
		 2: BRANCH %cl_2_135[110.1,] 
BB 111
	outgoing: 113 122 
	datadep: 
	instructions:
		 0: 
		 1: comment->gone_text def_%cl_2_136 comment[5.3,] 
		 2: 
BB 112
	outgoing: 113 122 
	datadep: 
	instructions:
		 0: 
		 1: comment->markeddown_comment def_%cl_2_137 comment[5.3,] 
		 2: %self->raw def_%cl_2_138 %self[2.0,] %cl_2_137[112.1,] 
		 3: COPY def_%cl_2_136 %cl_2_138[112.2,] 
BB 113
	outgoing: 118 
	datadep: 
	instructions:
		 0: 
BB 114
	outgoing: 115 116 122 
	datadep: 
	instructions:
		 0: 
		 1: ancestors->pop def_%cl_2_139 ancestors[3.8,] 
		 2: COPY def_subtree %cl_2_139[114.1,] 
		 3: BRANCH %cl_2_139[114.1,] 
BB 115
	outgoing: 117 
	datadep: 
	instructions:
		 0: COPY def_%cl_2_140 
		 1: 
BB 116
	outgoing: 117 
	datadep: 
	instructions:
		 0: COPY def_%cl_2_140 
BB 117
	outgoing: 118 
	datadep: 
	instructions:
		 0: COPY def_%cl_2_136 
BB 118
	outgoing: 4 
	datadep: 
	instructions:
		 0: 
BB 120
	outgoing: 124 
	datadep: 
	instructions:
		 0: RETURN %self[2.0,] 
BB 122
	outgoing: 124 
	datadep: 
	instructions:
		 0: def_%cl_2_141 
		 1: def_%cl_2_142 %cl_2_141[122.0,] 
		 2: RETURN %cl_2_142[122.1,] %self[2.0,] 
BB 124
	outgoing: 
	datadep: 
	instructions:
CLOSURE END
		 3: RETURN %v_63[15.2,] %self[13.7,10.21,3.7,3.13,3.14,3.20,6.2,6.5,6.6,6.9,2.0,] 
BB 16
	outgoing: 
	datadep: 
	instructions:

SET IRMethod, name = preview
BB 1
	outgoing: 3 2 
	datadep: 
	instructions:
BB 2
	outgoing: 3 
	datadep: 
	instructions:
		 0: def_%self 
		 1: def_%v_0 
		 2: COPY def_%current_scope 
		 3: COPY def_%current_module 
		 4: 
		 5: RECEIVEARG def_comment 
		 6: 
		 7: ATTRASSIGN comment->previewing 
		 8: 
		 9: ATTRASSIGN comment->is_deleted 
		 10: 
		 11: COPY def_%v_3 
		 12: COPY def_%v_4 
		 13: COPY def_%v_5 comment[2.5,2.7,2.9,] comment[2.5,2.7,2.9,] 
		 14: COPY def_%v_6 %v_3[2.11,] %v_4[2.12,] %v_5[2.13,] 
		 15: %self->render def_%v_7 %self[2.0,] %v_6[2.14,] 
		 16: RETURN %v_7[2.15,] %self[2.0,2.15,] 
BB 3
	outgoing: 
	datadep: 
	instructions:

SET IRMethod, name = find_comment
BB 1
	outgoing: 8 2 
	datadep: 
	instructions:
BB 2
	outgoing: 3 4 
	datadep: 
	instructions:
		 0: def_%self 
		 1: def_%v_0 
		 2: COPY def_%current_scope 
		 3: COPY def_%current_module 
		 4: 
		 5: 
		 6: (Comment) def_%v_3 
		 7: %self->params def_%v_4 %self[2.0,] 
		 8: def_%v_5 %v_4[2.7,] 
		 9: COPY def_%v_6 %v_5[2.8,] 
		 10: %v_3->where def_%v_7 %v_3[2.6,] %v_6[2.9,] 
		 11: %v_7->first def_%v_8 %v_7[2.10,] 
		 12: COPY def_comment %v_8[2.11,] 
		 13: 
		 14: GETFIELD %self->user def_%v_9 %self[2.0,2.7,] 
		 15: BRANCH %v_9[2.14,] 
BB 3
	outgoing: 4 
	datadep: 
	instructions:
		 0: COPY def_%v_9 comment[2.12,] 
BB 4
	outgoing: 5 6 
	datadep: 
	instructions:
		 0: BRANCH %v_9[3.0,2.14,] 
BB 5
	outgoing: 7 
	datadep: 
	instructions:
		 0: 
		 1: (Vote) def_%v_10 
		 2: GETFIELD %self->user def_%v_11 %self[2.0,] 
		 3: %v_11->id def_%v_12 %v_11[5.2,] 
		 4: comment->story_id def_%v_13 comment[2.12,] 
		 5: comment->id def_%v_14 comment[5.4,2.12,] 
		 6: COPY def_%v_15 %v_12[5.3,] %v_13[5.4,] %v_14[5.5,] 
		 7: %v_10->where def_%v_16 %v_10[5.1,] %v_15[5.6,] 
		 8: %v_16->first def_%v_17 %v_16[5.7,] 
		 9: ATTRASSIGN comment->current_vote %v_17[5.8,] 
		 10: 
BB 6
	outgoing: 7 
	datadep: 
	instructions:
		 0: COPY def_%v_17 
BB 7
	outgoing: 8 
	datadep: 
	instructions:
		 0: 
		 1: RETURN comment[5.9,2.12,] %self[2.0,] 
BB 8
	outgoing: 
	datadep: 
	instructions:

