SET IRMethod, name = album_avatar_path
BB 1
	outgoing: 11 2 
	datadep: 
	instructions:
BB 2
	outgoing: 3 4 
	datadep: 
	instructions:
		 0: 
		 1: 
		 2: 
		 3: 
		 4: 
		 5: 
		 6: 
		 7: size[2.6,] 
BB 3
	outgoing: 4 
	datadep: 
	instructions:
		 0: 
BB 4
	outgoing: 5 6 
	datadep: 2 
	instructions:
		 0: 
		 1: album->try album[2.5,] 
		 2: %v_3->try %v_3[4.1,] 
		 3: %v_4->try %v_4[4.2,] 
		 4: BRANCH %v_5[4.3,] 
BB 5
	outgoing: 11 
	datadep: 2 3 2 
	instructions:
		 0: 
		 1: album->cover album[2.5,] 
		 2: %v_6->photo %v_6[5.1,] 
		 3: %v_7->url size[3.0,2.6,] %v_7[5.2,] 
		 4: RETURN %v_8[5.3,] 
BB 6
	outgoing: 7 8 
	datadep: 3 2 
	instructions:
		 0: 
		 1: size[3.0,2.6,] 
		 2: BRANCH %v_9[6.1,] 
BB 7
	outgoing: 9 
	datadep: 
	instructions:
		 0: 
		 1: 
BB 8
	outgoing: 9 
	datadep: 
	instructions:
		 0: 
		 1: 
BB 9
	outgoing: 11 
	datadep: 8 3 2 2 
	instructions:
		 0: 
		 1: 
		 2: 
		 3: size[8.0,3.0,2.6,] %v_11[9.1,] %v_12[9.2,] 
		 4: %self->image_path %v_13[9.3,] %self[2.0,] 
		 5: RETURN %v_14[9.4,] 
BB 11
	outgoing: 
	datadep: 
	instructions:

SET IRMethod, name = album_avatar_tag
BB 1
	outgoing: 5 2 
	datadep: 
	instructions:
BB 2
	outgoing: 3 4 
	datadep: 
	instructions:
		 0: 
		 1: 
		 2: 
		 3: 
		 4: 
		 5: 
		 6: 
		 7: options[2.6,] 
BB 3
	outgoing: 4 
	datadep: 
	instructions:
		 0: 
		 1: %v_3[3.0,] 
BB 4
	outgoing: 5 
	datadep: 3 2 3 2 3 2 2 2 2 2 2 
	instructions:
		 0: 
		 1: 
		 2: options[3.1,2.6,] 
		 3: 
		 4: options[3.1,2.6,] 
		 5: %v_4[4.1,] %v_5[4.2,] %v_6[4.3,] %v_7[4.4,] 
		 6: %v_8[4.5,] options[3.1,2.6,] 
		 7: 
		 8: album->try album[2.5,] 
		 9: %v_9[4.8,] 
		 10: options->reverse_merge! options[4.6,] %v_10[4.9,] 
		 11: 
		 12: 
		 13: album->id album[2.5,] 
		 14: %v_13[4.13,] %v_12[4.12,] 
		 15: options[4.6,] 
		 16: %v_14[4.14,] %v_15[4.15,] 
		 17: %v_16[4.16,] 
		 18: options->reverse_merge! %v_17[4.17,] options[4.6,] 
		 19: 
		 20: options->delete options[4.6,] 
		 21: %self->album_avatar_path %self[2.0,] album[2.5,] %v_19[4.20,] 
		 22: %self->image_tag %self[2.0,] options[4.6,] %v_20[4.21,] 
		 23: RETURN %v_21[4.22,] 
BB 5
	outgoing: 
	datadep: 
	instructions:

SET IRMethod, name = show_album_actions
BB 1
	outgoing: 5 2 
	datadep: 
	instructions:
BB 2
	outgoing: 3 4 
	datadep: 
	instructions:
		 0: 
		 1: 
		 2: 
		 3: 
		 4: 
		 5: 
		 6: %self[2.0,] @logged_in[] 
		 7: %v_3->admin? %v_3[2.6,] 
		 8: BRANCH %v_4[2.7,] 
BB 3
	outgoing: 5 
	datadep: 2 2 
	instructions:
		 0: %self[2.0,] @group[] 
		 1: %self[2.0,] @logged_in[2.6,] 
		 2: %v_5->try %v_5[3.0,] %v_6[3.1,] 
		 3: RETURN %v_7[3.2,] 
BB 4
	outgoing: 5 
	datadep: 2 
	instructions:
		 0: RETURN %v_4[2.7,] 
BB 5
	outgoing: 
	datadep: 
	instructions:

