SET IRMethod, name = flash_messages
BB 1
	outgoing: 3 2 
	datadep: 
	instructions:
BB 2
	outgoing: 3 
	datadep: 
	instructions:
		 0: 
		 1: 
		 2: 
		 3: 
		 4: 
		 5: 
		 6: %self->flash %self[2.0,] 
		 7: %v_3->map %self[2.0,] %v_3[2.6,] 
CLOSURE BEGIN: 
BB 1
	outgoing: 9 2 
	datadep: 
	instructions:
BB 2
	outgoing: 3 
	datadep: 
	instructions:
		 0: 
		 1: 
		 2: 
		 3: 
		 4: 
		 5: 
BB 3
	outgoing: 4 5 7 
	datadep: 2 
	instructions:
		 0: 
		 1: (FLASH_CLASSES) 
		 2: %cl_1_3[3.1,] key[2.2,] 
		 3: %cl_1_4[3.2,] 
		 4: BRANCH %cl_1_4[3.2,] 
BB 4
	outgoing: 6 7 
	datadep: 2 2 3 2 
	instructions:
		 0: 
		 1: %self->preserve_breaks %self[2.0,] value[2.3,] 
		 2: css_class[3.3,] 
		 3: %self->content_tag %self[2.0,] %cl_1_5[4.1,] %cl_1_6[4.2,] 
		 4: 
BB 5
	outgoing: 9 
	datadep: 
	instructions:
		 0: 
		 1: 
		 2: RETURN %cl_1_8[5.1,] 
BB 6
	outgoing: 9 
	datadep: 4 
	instructions:
		 0: RETURN %cl_1_7[4.3,] 
BB 7
	outgoing: 9 
	datadep: 
	instructions:
		 0: 
		 1: %cl_1_9[7.0,] 
		 2: RETURN %cl_1_10[7.1,] 
BB 9
	outgoing: 
	datadep: 
	instructions:
CLOSURE END
		 8: %v_4->join %v_4[2.7,] 
		 9: %v_5->html_safe %v_5[2.8,] 
		 10: RETURN %v_6[2.9,] 
BB 3
	outgoing: 
	datadep: 
	instructions:

SET IRMethod, name = preserve_breaks
BB 1
	outgoing: 8 2 
	datadep: 
	instructions:
BB 2
	outgoing: 3 4 
	datadep: 
	instructions:
		 0: 
		 1: 
		 2: 
		 3: 
		 4: 
		 5: 
		 6: 
		 7: make_safe[2.6,] 
BB 3
	outgoing: 4 
	datadep: 
	instructions:
		 0: 
BB 4
	outgoing: 5 6 
	datadep: 3 2 
	instructions:
		 0: 
		 1: BRANCH make_safe[3.0,2.6,] 
BB 5
	outgoing: 7 
	datadep: 2 2 
	instructions:
		 0: text->to_s text[2.5,] 
		 1: %self->h %self[2.0,] %v_3[5.0,] 
		 2: %v_4[5.1,] 
		 3: 
BB 6
	outgoing: 7 
	datadep: 
	instructions:
		 0: 
BB 7
	outgoing: 8 
	datadep: 5 2 
	instructions:
		 0: 
		 1: 
		 2: 
		 3: text->gsub text[5.2,2.5,] %v_6[7.2,] 
		 4: %v_7->html_safe %v_7[7.3,] 
		 5: RETURN %v_8[7.4,] 
BB 8
	outgoing: 
	datadep: 
	instructions:

SET IRMethod, name = remove_excess_breaks
BB 1
	outgoing: 3 2 
	datadep: 
	instructions:
BB 2
	outgoing: 3 
	datadep: 
	instructions:
		 0: 
		 1: 
		 2: 
		 3: 
		 4: 
		 5: 
		 6: 
		 7: 
		 8: 
		 9: text->gsub %v_4[2.8,] text[2.5,] 
		 10: RETURN %v_5[2.9,] 
BB 3
	outgoing: 
	datadep: 
	instructions:

SET IRMethod, name = format_text
BB 1
	outgoing: 3 2 
	datadep: 
	instructions:
BB 2
	outgoing: 3 
	datadep: 
	instructions:
		 0: 
		 1: 
		 2: 
		 3: 
		 4: 
		 5: 
		 6: 
		 7: %self->auto_link %self[2.0,] text[2.5,] 
		 8: %v_3[2.7,] 
		 9: 
		 10: %self->remove_excess_breaks %self[2.0,] %v_3[2.7,] 
		 11: %v_4->html_safe %v_4[2.10,] 
		 12: %v_5[2.11,] 
		 13: 
		 14: %self->preserve_breaks %self[2.0,] %v_5[2.11,] 
		 15: RETURN %v_6[2.14,] 
BB 3
	outgoing: 
	datadep: 
	instructions:

SET IRMethod, name = simple_url
BB 1
	outgoing: 8 2 
	datadep: 
	instructions:
BB 2
	outgoing: 3 4 
	datadep: 
	instructions:
		 0: 
		 1: 
		 2: 
		 3: 
		 4: 
		 5: 
		 6: 
		 7: options[2.6,] 
BB 3
	outgoing: 4 
	datadep: 
	instructions:
		 0: 
		 1: %v_3[3.0,] 
BB 4
	outgoing: 5 6 
	datadep: 3 2 
	instructions:
		 0: 
		 1: options[3.1,2.6,] 
		 2: BRANCH %v_4[4.1,] 
BB 5
	outgoing: 7 
	datadep: 
	instructions:
		 0: 
		 1: 
		 2: 
		 3: 
BB 6
	outgoing: 7 
	datadep: 
	instructions:
		 0: 
		 1: 
		 2: 
		 3: 
BB 7
	outgoing: 8 
	datadep: 2 6 5 
	instructions:
		 0: 
		 1: 
		 2: url->sub url[2.5,] regex[6.2,5.2,] %v_7[7.1,] 
		 3: 
		 4: 
		 5: %v_8->sub %v_8[7.2,] %v_10[7.4,] 
		 6: RETURN %v_11[7.5,] 
BB 8
	outgoing: 
	datadep: 
	instructions:

SET IRMethod, name = safe_url
BB 1
	outgoing: 6 2 
	datadep: 
	instructions:
BB 2
	outgoing: 3 4 
	datadep: 
	instructions:
		 0: 
		 1: 
		 2: 
		 3: 
		 4: 
		 5: 
		 6: 
		 7: 
		 8: url[2.5,] 
		 9: BRANCH %v_4[2.8,] 
BB 3
	outgoing: 6 
	datadep: 2 
	instructions:
		 0: 
		 1: 
		 2: url[2.5,] 
		 3: RETURN %v_6[3.2,] 
BB 4
	outgoing: 6 
	datadep: 
	instructions:
		 0: RETURN 
BB 6
	outgoing: 
	datadep: 
	instructions:

SET IRMethod, name = me?
BB 1
	outgoing: 7 2 
	datadep: 
	instructions:
BB 2
	outgoing: 3 4 
	datadep: 
	instructions:
		 0: 
		 1: 
		 2: 
		 3: 
		 4: 
		 5: 
		 6: %self[2.0,] @logged_in[] 
		 7: BRANCH %v_3[2.6,] 
BB 3
	outgoing: 4 
	datadep: 2 
	instructions:
		 0: %self[2.0,] @person[] 
		 1: %v_4[3.0,] 
BB 4
	outgoing: 5 6 
	datadep: 3 2 
	instructions:
		 0: BRANCH %v_3[3.1,2.6,] 
BB 5
	outgoing: 7 
	datadep: 2 2 
	instructions:
		 0: %self[2.0,] @logged_in[2.6,2.6,] 
		 1: %self[2.0,] @person[3.0,] 
		 2: %v_5[5.0,] %v_6[5.1,] 
		 3: RETURN %v_7[5.2,] 
BB 6
	outgoing: 7 
	datadep: 3 2 
	instructions:
		 0: RETURN %v_3[3.1,2.6,] 
BB 7
	outgoing: 
	datadep: 
	instructions:

SET IRMethod, name = help_path
BB 1
	outgoing: 5 2 
	datadep: 
	instructions:
BB 2
	outgoing: 3 4 
	datadep: 
	instructions:
		 0: 
		 1: 
		 2: 
		 3: 
		 4: 
		 5: 
		 6: name[2.5,] 
BB 3
	outgoing: 4 
	datadep: 
	instructions:
		 0: 
BB 4
	outgoing: 5 
	datadep: 3 2 2 
	instructions:
		 0: 
		 1: 
		 2: %v_3[4.1,] name[3.0,2.5,] 
		 3: %self->page_for_public_path %self[2.0,] %v_4[4.2,] 
		 4: RETURN %v_5[4.3,] 
BB 5
	outgoing: 
	datadep: 
	instructions:

SET IRMethod, name = render_page_content
BB 1
	outgoing: 6 2 
	datadep: 
	instructions:
BB 2
	outgoing: 3 4 
	datadep: 
	instructions:
		 0: 
		 1: 
		 2: 
		 3: 
		 4: 
		 5: 
		 6: 
		 7: (Page) 
		 8: path[2.5,] 
		 9: %v_3->where %v_4[2.8,] %v_3[2.7,] 
		 10: %v_5->first %v_5[2.9,] 
		 11: %v_6[2.10,] 
		 12: 
		 13: BRANCH %v_6[2.10,] 
BB 3
	outgoing: 6 
	datadep: 2 2 
	instructions:
		 0: 
		 1: 
		 2: page->body page[2.11,] 
		 3: %self->sanitize_html %self[2.0,] %v_8[3.2,] 
		 4: RETURN %v_9[3.3,] 
BB 4
	outgoing: 6 
	datadep: 
	instructions:
		 0: RETURN 
BB 6
	outgoing: 
	datadep: 
	instructions:

SET IRMethod, name = format_phone
BB 1
	outgoing: 19 2 
	datadep: 
	instructions:
BB 2
	outgoing: 3 4 
	datadep: 
	instructions:
		 0: 
		 1: 
		 2: 
		 3: 
		 4: 
		 5: 
		 6: 
		 7: mobile[2.6,] 
BB 3
	outgoing: 4 
	datadep: 
	instructions:
		 0: 
BB 4
	outgoing: 5 6 
	datadep: 3 2 
	instructions:
		 0: 
		 1: (Setting) 
		 2: BRANCH mobile[3.0,2.6,] 
BB 5
	outgoing: 7 
	datadep: 
	instructions:
		 0: 
		 1: 
BB 6
	outgoing: 7 
	datadep: 
	instructions:
		 0: 
BB 7
	outgoing: 8 9 
	datadep: 6 5 4 
	instructions:
		 0: %v_3->get %v_4[6.0,5.0,] %v_3[4.1,] 
		 1: %v_5[7.0,] 
		 2: 
		 3: %v_5->blank? %v_5[7.0,] 
		 4: BRANCH %v_6[7.3,] 
BB 8
	outgoing: 19 
	datadep: 2 
	instructions:
		 0: RETURN phone[2.5,] 
BB 9
	outgoing: 11 12 
	datadep: 7 
	instructions:
		 0: 
		 1: 
		 2: 
		 3: format->scan format[7.1,] 
		 4: %v_9->map %v_9[9.3,] 
		 5: %v_10[9.4,] 
		 6: 
		 7: %v_10->length %v_10[9.4,] 
		 8: %v_11[9.7,] 
		 9: BRANCH %v_12[9.8,] 
BB 11
	outgoing: 13 
	datadep: 
	instructions:
		 0: 
		 1: 
BB 12
	outgoing: 13 
	datadep: 
	instructions:
		 0: 
		 1: %v_14[12.0,] 
		 2: %v_14[12.0,] 
BB 13
	outgoing: 14 15 
	datadep: 
	instructions:
		 0: 
		 1: (ActionController) 
		 2: %v_15[13.1,] 
		 3: %v_16[13.2,] 
BB 14
	outgoing: 15 
	datadep: 13 
	instructions:
		 0: %v_15[13.1,] 
BB 15
	outgoing: 16 17 
	datadep: 14 13 7 
	instructions:
		 0: %v_16->helpers %v_16[14.0,13.2,] 
		 1: 
		 2: 
		 3: format->index %v_18[15.2,] format[7.1,] 
		 4: BRANCH %v_19[15.3,] 
BB 16
	outgoing: 18 
	datadep: 
	instructions:
		 0: 
		 1: 
BB 17
	outgoing: 18 
	datadep: 
	instructions:
		 0: 
BB 18
	outgoing: 19 
	datadep: 7 12 9 17 16 15 2 
	instructions:
		 0: format->reverse format[7.1,] 
		 1: 
		 2: %v_21->match %v_21[18.0,] 
		 3: %v_23->to_s %v_23[18.2,] 
		 4: %v_24[18.3,] groupings[12.1,9.5,] %v_20[17.0,16.0,] 
		 5: %v_17->number_to_phone %v_25[18.4,] %v_17[15.0,] phone[2.5,] 
		 6: RETURN %v_26[18.5,] 
BB 19
	outgoing: 
	datadep: 
	instructions:

SET IRMethod, name = link_to_phone
BB 1
	outgoing: 10 2 
	datadep: 
	instructions:
BB 2
	outgoing: 3 4 
	datadep: 
	instructions:
		 0: 
		 1: 
		 2: 
		 3: 
		 4: 
		 5: 
		 6: 
		 7: options[2.6,] 
BB 3
	outgoing: 4 
	datadep: 
	instructions:
		 0: 
		 1: %v_3[3.0,] 
BB 4
	outgoing: 5 6 
	datadep: 2 
	instructions:
		 0: 
		 1: phone->blank? phone[2.5,] 
		 2: BRANCH %v_4[4.1,] 
BB 5
	outgoing: 10 
	datadep: 
	instructions:
		 0: RETURN 
BB 6
	outgoing: 8 9 
	datadep: 3 2 
	instructions:
		 0: 
		 1: 
		 2: options->delete options[3.1,2.6,] 
		 3: %v_6[6.2,] 
		 4: 
		 5: %v_6[6.2,] 
		 6: %v_6[6.2,] 
		 7: BRANCH %v_6[6.2,] 
BB 8
	outgoing: 9 
	datadep: 3 2 2 2 
	instructions:
		 0: options->delete options[3.1,2.6,] 
		 1: %self->format_phone %self[2.0,] phone[2.5,] %v_9[8.0,] 
		 2: %v_10[8.1,] 
		 3: %v_10[8.1,] 
BB 9
	outgoing: 10 
	datadep: 2 2 8 6 3 2 
	instructions:
		 0: 
		 1: 
		 2: phone->digits_only phone[2.5,] 
		 3: %v_11[9.1,] %v_12[9.2,] 
		 4: %self->link_to %v_13[9.3,] %self[2.0,] label[8.2,6.3,] options[3.1,2.6,] 
		 5: RETURN %v_14[9.4,] 
BB 10
	outgoing: 
	datadep: 
	instructions:

SET IRMethod, name = custom_field_name
BB 1
	outgoing: 6 2 
	datadep: 
	instructions:
BB 2
	outgoing: 3 4 
	datadep: 
	instructions:
		 0: 
		 1: 
		 2: 
		 3: 
		 4: 
		 5: 
		 6: 
		 7: (Setting) 
		 8: %v_3->get %v_3[2.7,] 
		 9: %v_4[2.8,] index[2.5,] 
		 10: %v_5[2.9,] 
		 11: 
		 12: BRANCH %v_5[2.9,] 
BB 3
	outgoing: 6 
	datadep: 2 
	instructions:
		 0: 
		 1: 
		 2: n->sub n[2.10,] %v_7[3.1,] 
		 3: RETURN %v_8[3.2,] 
BB 4
	outgoing: 6 
	datadep: 
	instructions:
		 0: RETURN 
BB 6
	outgoing: 
	datadep: 
	instructions:

SET IRMethod, name = sanitize_html
BB 1
	outgoing: 10 2 
	datadep: 
	instructions:
BB 2
	outgoing: 3 4 
	datadep: 
	instructions:
		 0: 
		 1: 
		 2: 
		 3: 
		 4: 
		 5: 
		 6: 
		 7: BRANCH html[2.5,] 
BB 3
	outgoing: 6 7 
	datadep: 
	instructions:
		 0: 
		 1: 
		 2: (Sanitize) 
		 3: (Sanitize) 
		 4: %v_5[3.3,] 
		 5: %v_6[3.4,] 
BB 4
	outgoing: 10 
	datadep: 
	instructions:
		 0: RETURN 
BB 6
	outgoing: 7 
	datadep: 3 
	instructions:
		 0: %v_5[3.3,] 
BB 7
	outgoing: 8 9 
	datadep: 6 3 
	instructions:
		 0: %v_6[6.0,3.4,] 
		 1: %v_7[7.0,] 
BB 8
	outgoing: 9 
	datadep: 6 3 
	instructions:
		 0: %v_6[6.0,3.4,] 
BB 9
	outgoing: 10 
	datadep: 3 8 7 2 
	instructions:
		 0: %v_4->clean %v_4[3.2,] %v_7[8.0,7.0,] html[2.5,] 
		 1: %v_8->html_safe %v_8[9.0,] 
		 2: RETURN %v_9[9.1,] 
BB 10
	outgoing: 
	datadep: 
	instructions:

SET IRMethod, name = error_messages_for
BB 1
	outgoing: 6 2 
	datadep: 
	instructions:
BB 2
	outgoing: 3 4 
	datadep: 
	instructions:
		 0: 
		 1: 
		 2: 
		 3: 
		 4: 
		 5: 
		 6: 
		 7: form->respond_to? form[2.5,] 
		 8: BRANCH %v_3[2.7,] 
BB 3
	outgoing: 5 
	datadep: 2 
	instructions:
		 0: 
		 1: form->object form[2.5,] 
		 2: %v_4[3.1,] 
		 3: 
BB 4
	outgoing: 5 
	datadep: 2 2 
	instructions:
		 0: 
		 1: form[2.5,] 
		 2: form[2.5,] 
BB 5
	outgoing: 6 
	datadep: 2 4 3 
	instructions:
		 0: 
		 1: %self->error_messages_for_object %self[2.0,] obj[4.1,3.2,] 
		 2: RETURN %v_5[5.1,] 
BB 6
	outgoing: 
	datadep: 
	instructions:

SET IRMethod, name = error_messages_for_object
BB 1
	outgoing: 6 2 
	datadep: 
	instructions:
BB 2
	outgoing: 3 4 
	datadep: 
	instructions:
		 0: 
		 1: 
		 2: 
		 3: 
		 4: 
		 5: 
		 6: 
		 7: obj->errors obj[2.5,] 
		 8: %v_3->empty? %v_3[2.7,] 
		 9: BRANCH %v_4[2.8,] 
BB 3
	outgoing: 6 
	datadep: 
	instructions:
		 0: RETURN 
BB 4
	outgoing: 6 
	datadep: 2 
	instructions:
		 0: 
		 1: 
		 2: 
		 3: %v_6[4.2,] 
		 4: %self->content_tag %self[2.0,] %v_7[4.3,] 
CLOSURE BEGIN: 
BB 1
	outgoing: 6 2 
	datadep: 
	instructions:
BB 2
	outgoing: 3 
	datadep: 
	instructions:
		 0: 
		 1: 
		 2: 
		 3: 
BB 3
	outgoing: 4 6 
	datadep: 2 2 2 
	instructions:
		 0: 
		 1: 
		 2: %self->t %cl_1_3[3.1,] %self[2.0,] 
		 3: %self->content_tag %cl_1_4[3.2,] %self[2.0,] 
		 4: 
		 5: %cl_1_6[3.4,] 
		 6: %self->content_tag %self[2.0,] %cl_1_7[3.5,] 
CLOSURE BEGIN: 
BB 1
	outgoing: 6 2 
	datadep: 
	instructions:
BB 2
	outgoing: 3 
	datadep: 
	instructions:
		 0: 
		 1: 
		 2: 
		 3: 
BB 3
	outgoing: 4 6 
	datadep: 2 2 
	instructions:
		 0: 
		 1: %self->uniq_errors %self[2.0,] 
		 2: %cl_2_3->map %cl_2_3[3.1,] %self[2.0,] 
CLOSURE BEGIN: 
BB 1
	outgoing: 6 2 
	datadep: 
	instructions:
BB 2
	outgoing: 3 
	datadep: 
	instructions:
		 0: 
		 1: 
		 2: 
		 3: 
		 4: 
		 5: 
BB 3
	outgoing: 4 6 
	datadep: 2 2 2 
	instructions:
		 0: 
		 1: obj->class 
		 2: %cl_3_3->name %cl_3_3[3.1,] 
		 3: %cl_3_4->underscore %cl_3_4[3.2,] 
		 4: 
		 5: attribute[2.2,] %cl_3_5[3.3,] %cl_3_6[3.4,] 
		 6: %cl_3_7[3.5,] 
		 7: %cl_3_8[3.6,] 
		 8: %self->content_tag %self[2.0,] message[2.3,] %cl_3_9[3.7,] 
		 9: RETURN %cl_3_10[3.8,] 
BB 4
	outgoing: 6 
	datadep: 
	instructions:
		 0: 
		 1: %cl_3_11[4.0,] 
		 2: RETURN %cl_3_12[4.1,] 
BB 6
	outgoing: 
	datadep: 
	instructions:
CLOSURE END
		 3: %cl_2_4->join %cl_2_4[3.2,] 
		 4: %cl_2_5->html_safe %cl_2_5[3.3,] 
		 5: RETURN %cl_2_6[3.4,] 
BB 4
	outgoing: 6 
	datadep: 
	instructions:
		 0: 
		 1: %cl_2_7[4.0,] 
		 2: RETURN %cl_2_8[4.1,] 
BB 6
	outgoing: 
	datadep: 
	instructions:
CLOSURE END
		 7: %cl_1_5[3.3,] %cl_1_8[3.6,] 
		 8: RETURN %cl_1_9[3.7,] 
BB 4
	outgoing: 6 
	datadep: 
	instructions:
		 0: 
		 1: %cl_1_10[4.0,] 
		 2: RETURN %cl_1_11[4.1,] 
BB 6
	outgoing: 
	datadep: 
	instructions:
CLOSURE END
		 5: RETURN %v_8[4.4,] 
BB 6
	outgoing: 
	datadep: 
	instructions:

SET IRMethod, name = uniq_errors
BB 1
	outgoing: 3 2 
	datadep: 
	instructions:
BB 2
	outgoing: 3 
	datadep: 
	instructions:
		 0: 
		 1: 
		 2: 
		 3: 
		 4: 
		 5: 
		 6: 
		 7: 
		 8: %v_3[2.7,] 
		 9: 
		 10: object->errors object[2.5,] 
		 11: %v_4->select %self[2.0,] %v_4[2.10,] 
CLOSURE BEGIN: 
BB 1
	outgoing: 9 2 
	datadep: 
	instructions:
BB 2
	outgoing: 3 
	datadep: 
	instructions:
		 0: 
		 1: 
		 2: 
		 3: 
		 4: 
		 5: 
BB 3
	outgoing: 4 5 7 
	datadep: 2 
	instructions:
		 0: 
		 1: seen->include? message[2.3,] 
		 2: BRANCH %cl_1_3[3.1,] 
BB 4
	outgoing: 9 
	datadep: 
	instructions:
		 0: 
		 1: RETURN %cl_1_4[4.0,] 
BB 5
	outgoing: 7 9 
	datadep: 2 2 
	instructions:
		 0: 
		 1: message[2.3,] 
		 2: 
		 3: RETURN message[2.3,] 
BB 7
	outgoing: 9 
	datadep: 
	instructions:
		 0: 
		 1: %cl_1_6[7.0,] 
		 2: RETURN %cl_1_7[7.1,] 
BB 9
	outgoing: 
	datadep: 
	instructions:
CLOSURE END
		 12: RETURN %v_5[2.11,] 
BB 3
	outgoing: 
	datadep: 
	instructions:

SET IRMethod, name = sortable_column_heading
BB 1
	outgoing: 5 2 
	datadep: 
	instructions:
BB 2
	outgoing: 3 4 
	datadep: 
	instructions:
		 0: 
		 1: 
		 2: 
		 3: 
		 4: 
		 5: 
		 6: 
		 7: 
		 8: keep_params[2.7,] 
BB 3
	outgoing: 4 
	datadep: 
	instructions:
		 0: 
		 1: %v_3[3.0,] 
BB 4
	outgoing: 5 
	datadep: 2 2 2 2 2 2 2 2 2 2 
	instructions:
		 0: 
		 1: %self->params %self[2.0,] 
		 2: %v_4[4.1,] 
		 3: %self->params %self[2.0,] 
		 4: %v_6[4.3,] 
		 5: %self->params %self[2.0,] 
		 6: %v_8[4.5,] 
		 7: %self->sort_params %self[2.0,] sort[2.6,] 
		 8: %v_5[4.2,] %v_9[4.6,] %v_7[4.4,] %v_10[4.7,] 
		 9: %self->params %self[2.0,] 
		 10: %v_12->reject %self[2.0,] %v_12[4.9,] 
CLOSURE BEGIN: 
BB 1
	outgoing: 6 2 
	datadep: 
	instructions:
BB 2
	outgoing: 3 
	datadep: 
	instructions:
		 0: 
		 1: 
		 2: 
		 3: 
		 4: 
BB 3
	outgoing: 4 6 
	datadep: 2 
	instructions:
		 0: 
		 1: keep_params->include? k[2.2,] 
		 2: %cl_1_3->! %cl_1_3[3.1,] 
		 3: RETURN %cl_1_4[3.2,] 
BB 4
	outgoing: 6 
	datadep: 
	instructions:
		 0: 
		 1: %cl_1_5[4.0,] 
		 2: RETURN %cl_1_6[4.1,] 
BB 6
	outgoing: 
	datadep: 
	instructions:
CLOSURE END
		 11: %v_11->merge %v_13[4.10,] %v_11[4.8,] 
		 12: %v_14[4.11,] 
		 13: 
		 14: %self->url_for %v_14[4.11,] %self[2.0,] 
		 15: %v_15[4.14,] 
		 16: 
		 17: %self->link_to label[2.5,] %self[2.0,] %v_15[4.14,] 
		 18: RETURN %v_16[4.17,] 
BB 5
	outgoing: 
	datadep: 
	instructions:

SET IRMethod, name = sort_params
BB 1
	outgoing: 3 2 
	datadep: 
	instructions:
BB 2
	outgoing: 3 
	datadep: 
	instructions:
		 0: 
		 1: 
		 2: 
		 3: 
		 4: 
		 5: 
		 6: 
		 7: %self->params %self[2.0,] 
		 8: %v_3[2.7,] 
		 9: %v_4->to_s %v_4[2.8,] 
		 10: 
		 11: %v_5->split %v_5[2.9,] %v_6[2.10,] 
		 12: %v_7[2.11,] 
		 13: 
		 14: 
		 15: sort->split %v_8[2.14,] sort[2.5,] 
		 16: %v_9[2.15,] old_params[2.12,] 
		 17: %v_10->uniq %v_10[2.16,] 
		 18: 
		 19: %v_11->join %v_11[2.17,] %v_12[2.18,] 
		 20: RETURN %v_13[2.19,] 
BB 3
	outgoing: 
	datadep: 
	instructions:

SET IRMethod, name = date_format
BB 1
	outgoing: 6 2 
	datadep: 
	instructions:
BB 2
	outgoing: 3 4 
	datadep: 
	instructions:
		 0: 
		 1: 
		 2: 
		 3: 
		 4: 
		 5: 
		 6: (Setting) 
		 7: %v_3->get %v_3[2.6,] 
		 8: 
		 9: (I18n) 
		 10: 
		 11: %v_6->t %v_6[2.9,] %v_7[2.10,] 
		 12: %v_4->gsub %v_4[2.7,] %v_5[2.8,] %v_8[2.11,] 
		 13: 
		 14: (I18n) 
		 15: 
		 16: %v_11->t %v_11[2.14,] %v_12[2.15,] 
		 17: %v_9->gsub %v_13[2.16,] %v_9[2.12,] %v_10[2.13,] 
		 18: 
		 19: (I18n) 
		 20: 
		 21: %v_16->t %v_16[2.19,] %v_17[2.20,] 
		 22: %v_14->gsub %v_14[2.17,] %v_15[2.18,] %v_18[2.21,] 
		 23: %v_19[2.22,] 
		 24: 
		 25: 
		 26: %v_19->include? %v_19[2.22,] %v_20[2.25,] 
		 27: BRANCH %v_21[2.26,] 
BB 3
	outgoing: 6 
	datadep: 
	instructions:
		 0: 
		 1: RETURN %v_22[3.0,] 
BB 4
	outgoing: 6 
	datadep: 2 
	instructions:
		 0: RETURN placeholder[2.23,] 
BB 6
	outgoing: 
	datadep: 
	instructions:

SET IRMethod, name = datepicker_format
BB 1
	outgoing: 3 2 
	datadep: 
	instructions:
BB 2
	outgoing: 3 
	datadep: 
	instructions:
		 0: 
		 1: 
		 2: 
		 3: 
		 4: 
		 5: 
		 6: %self->date_format %self[2.0,] 
		 7: %v_3->downcase %v_3[2.6,] 
		 8: RETURN %v_4[2.7,] 
BB 3
	outgoing: 
	datadep: 
	instructions:

SET IRMethod, name = link_to_function
BB 1
	outgoing: 3 2 
	datadep: 
	instructions:
BB 2
	outgoing: 3 
	datadep: 
	instructions:
		 0: 
		 1: 
		 2: 
		 3: 
		 4: 
		 5: 
		 6: 
		 7: %v_3[2.6,] 
		 8: 
		 9: args->extract_options! args[2.5,] 
		 10: %v_4[2.9,] 
		 11: 
		 12: args->pop args[2.5,] 
		 13: %v_5[2.12,] 
		 14: 
		 15: 
		 16: %v_5[2.12,] %v_6[2.15,] 
		 17: options[2.10,] %v_7[2.16,] 
		 18: 
		 19: js[2.13,] options[2.10,2.17,] 
		 20: %v_8[2.19,] args[2.5,] 
		 21: %v_9[2.20,] 
		 22: 
		 23: %v_9[2.20,] 
		 24: %self->link_to %self[2.0,] block[2.7,] %v_10[2.23,] 
		 25: RETURN %v_11[2.24,] 
BB 3
	outgoing: 
	datadep: 
	instructions:

SET IRMethod, name = icon
BB 1
	outgoing: 5 2 
	datadep: 
	instructions:
BB 2
	outgoing: 3 4 
	datadep: 
	instructions:
		 0: 
		 1: 
		 2: 
		 3: 
		 4: 
		 5: 
		 6: 
		 7: options[2.6,] 
BB 3
	outgoing: 4 
	datadep: 
	instructions:
		 0: 
		 1: %v_3[3.0,] 
BB 4
	outgoing: 5 
	datadep: 3 2 2 2 
	instructions:
		 0: 
		 1: options[3.1,2.6,] css_class[2.5,] 
		 2: 
		 3: 
		 4: %self->content_tag %self[2.0,] %v_4[4.3,] options[4.1,] 
		 5: RETURN %v_5[4.4,] 
BB 5
	outgoing: 
	datadep: 
	instructions:

SET IRMethod, name = setting
BB 1
	outgoing: 6 2 
	datadep: 
	instructions:
BB 2
	outgoing: 3 4 
	datadep: 
	instructions:
		 0: 
		 1: 
		 2: 
		 3: 
		 4: 
		 5: 
		 6: 
		 7: 
		 8: (Array) 
		 9: name->is_a? %v_3[2.8,] name[2.6,] 
		 10: BRANCH %v_4[2.9,] 
BB 3
	outgoing: 6 
	datadep: 2 2 
	instructions:
		 0: 
		 1: name->detect %self[2.0,] name[2.6,] 
CLOSURE BEGIN: 
BB 1
	outgoing: 6 2 
	datadep: 
	instructions:
BB 2
	outgoing: 3 
	datadep: 
	instructions:
		 0: 
		 1: 
		 2: 
		 3: 
		 4: 
BB 3
	outgoing: 4 6 
	datadep: 2 
	instructions:
		 0: 
		 1: (Setting) 
		 2: %cl_1_3->get %cl_1_3[3.1,] n[2.2,] 
		 3: RETURN %cl_1_4[3.2,] 
BB 4
	outgoing: 6 
	datadep: 
	instructions:
		 0: 
		 1: %cl_1_5[4.0,] 
		 2: RETURN %cl_1_6[4.1,] 
BB 6
	outgoing: 
	datadep: 
	instructions:
CLOSURE END
		 2: RETURN %v_5[3.1,] 
BB 4
	outgoing: 6 
	datadep: 2 2 
	instructions:
		 0: 
		 1: (Setting) 
		 2: %v_6->get section[2.5,] %v_6[4.1,] name[2.6,] 
		 3: RETURN %v_7[4.2,] 
BB 6
	outgoing: 
	datadep: 
	instructions:

SET IRMethod, name = pagination
BB 1
	outgoing: 7 2 
	datadep: 
	instructions:
BB 2
	outgoing: 3 4 
	datadep: 
	instructions:
		 0: 
		 1: 
		 2: 
		 3: 
		 4: 
		 5: 
		 6: 
		 7: options[2.6,] 
BB 3
	outgoing: 4 
	datadep: 
	instructions:
		 0: 
		 1: %v_3[3.0,] 
BB 4
	outgoing: 5 6 
	datadep: 
	instructions:
		 0: 
		 1: (BootstrapPagination) 
		 2: %v_4[4.1,] 
		 3: %v_5[4.2,] 
BB 5
	outgoing: 6 
	datadep: 4 
	instructions:
		 0: %v_4[4.1,] 
BB 6
	outgoing: 7 
	datadep: 5 4 3 2 2 2 3 2 
	instructions:
		 0: %v_5[5.0,4.2,] 
		 1: options->reverse_merge! options[3.1,2.6,] %v_6[6.0,] 
		 2: 
		 3: %self->will_paginate %self[2.0,] scope[2.5,] options[3.1,2.6,] 
		 4: RETURN %v_8[6.3,] 
BB 7
	outgoing: 
	datadep: 
	instructions:

SET IRMethod, name = truncate_words
BB 1
	outgoing: 5 2 
	datadep: 
	instructions:
BB 2
	outgoing: 3 4 
	datadep: 
	instructions:
		 0: 
		 1: 
		 2: 
		 3: 
		 4: 
		 5: 
		 6: 
		 7: options[2.6,] 
BB 3
	outgoing: 4 
	datadep: 
	instructions:
		 0: 
		 1: %v_3[3.0,] 
BB 4
	outgoing: 5 
	datadep: 3 2 2 2 
	instructions:
		 0: 
		 1: 
		 2: 
		 3: %v_4[4.1,] %v_5[4.2,] 
		 4: options->reverse_merge options[3.1,2.6,] %v_6[4.3,] 
		 5: %self->truncate %self[2.0,] text[2.5,] %v_7[4.4,] 
		 6: RETURN %v_8[4.5,] 
BB 5
	outgoing: 
	datadep: 
	instructions:

SET IRMethod, name = analytics_js
BB 1
	outgoing: 9 2 
	datadep: 
	instructions:
BB 2
	outgoing: 3 4 
	datadep: 
	instructions:
		 0: 
		 1: 
		 2: 
		 3: 
		 4: 
		 5: 
		 6: %self->params %self[2.0,] 
		 7: %v_3[2.6,] 
		 8: 
		 9: %v_4[2.7,] %v_5[2.8,] 
		 10: BRANCH %v_6[2.9,] 
BB 3
	outgoing: 9 
	datadep: 
	instructions:
		 0: 
		 1: RETURN 
BB 4
	outgoing: 6 7 
	datadep: 
	instructions:
		 0: 
		 1: 
		 2: (Rails) 
		 3: %v_8->env %v_8[4.2,] 
		 4: %v_9->production? %v_9[4.3,] 
		 5: BRANCH %v_10[4.4,] 
BB 6
	outgoing: 9 
	datadep: 2 
	instructions:
		 0: %self->setting %self[2.0,] 
		 1: %v_11->to_s %v_11[6.0,] 
		 2: %v_12->html_safe %v_12[6.1,] 
		 3: RETURN %v_13[6.2,] 
BB 7
	outgoing: 9 
	datadep: 
	instructions:
		 0: RETURN 
BB 9
	outgoing: 
	datadep: 
	instructions:

SET IRMethod, name = t
BB 1
	outgoing: 6 2 
	datadep: 
	instructions:
BB 2
	outgoing: 3 4 
	datadep: 
	instructions:
		 0: 
		 1: 
		 2: 
		 3: 
		 4: 
		 5: 
		 6: 
		 7: (Rails) 
		 8: %v_3->env %v_3[2.7,] 
		 9: %v_4->production? %v_4[2.8,] 
		 10: BRANCH %v_5[2.9,] 
BB 3
	outgoing: 6 
	datadep: 2 2 2 
	instructions:
		 0: 
		 1: %v_0[2.1,] %self[2.0,] args[2.5,] 
		 2: RETURN %v_6[3.1,] 
BB 4
	outgoing: 6 
	datadep: 2 2 2 2 
	instructions:
		 0: 
		 1: %v_0[2.1,] %self[2.0,] args[2.5,] 
		 2: %v_7->tap %self[2.0,] %v_7[4.1,] 
CLOSURE BEGIN: 
BB 1
	outgoing: 9 2 
	datadep: 
	instructions:
BB 2
	outgoing: 3 
	datadep: 
	instructions:
		 0: 
		 1: 
		 2: 
		 3: 
		 4: 
BB 3
	outgoing: 4 5 7 
	datadep: 2 
	instructions:
		 0: 
		 1: 
		 2: result[2.2,] 
		 3: BRANCH %cl_1_4[3.2,] 
BB 4
	outgoing: 6 7 
	datadep: 2 
	instructions:
		 0: 
		 1: 
		 2: %self->raise %self[2.0,] %cl_1_5[4.1,] 
		 3: 
BB 5
	outgoing: 9 
	datadep: 
	instructions:
		 0: RETURN 
BB 6
	outgoing: 9 
	datadep: 4 
	instructions:
		 0: RETURN %cl_1_6[4.2,] 
BB 7
	outgoing: 9 
	datadep: 
	instructions:
		 0: 
		 1: %cl_1_7[7.0,] 
		 2: RETURN %cl_1_8[7.1,] 
BB 9
	outgoing: 
	datadep: 
	instructions:
CLOSURE END
		 3: RETURN %v_8[4.2,] 
BB 6
	outgoing: 
	datadep: 
	instructions:

