SET IRMethod, name = group_box_class instanceMethod = true
BB 1
	outgoing: 9 2 
	datadep: 
	instructions:
BB 2
	outgoing: 3 4 
	datadep: 
	instructions:
		 0: def_%self 
		 1: def_%v_0 
		 2: COPY TYPE_CurrentScope def_%current_scope 
		 3: COPY TYPE_ScopeModule def_%current_module 
		 4: 
		 5: RECEIVEARG def_group 
		 6: 
		 7: group->private? def_%v_3 group[2.5,] 	 SYMBOL:	 ARGS:
		 8: BRANCH %v_3[2.7,] 
BB 3
	outgoing: 9 
	datadep: 
	instructions:
		 0: 
		 1: COPY TYPE_StringLiteral "box-danger" def_%v_4 
		 2: RETURN %self[2.0,] 
BB 4
	outgoing: 5 6 
	datadep: 
	instructions:
		 0: 
		 1: group->hidden? def_%v_5 group[2.5,] 	 SYMBOL:	 ARGS:
		 2: BRANCH %v_5[4.1,] 
BB 5
	outgoing: 7 
	datadep: 
	instructions:
		 0: 
		 1: COPY TYPE_StringLiteral "box-warning" def_%v_6 
		 2: 
BB 6
	outgoing: 7 
	datadep: 
	instructions:
		 0: 
		 1: COPY TYPE_StringLiteral "box-success" def_%v_7 
		 2: COPY TYPE_PASS def_%v_6 %v_7[6.1,] 
BB 7
	outgoing: 9 
	datadep: 
	instructions:
		 0: RETURN %v_6[6.2,5.1,] %self[2.0,] 
BB 9
	outgoing: 
	datadep: 
	instructions:

SET IRMethod, name = group_avatar_path instanceMethod = true
BB 1
	outgoing: 11 2 
	datadep: 
	instructions:
BB 2
	outgoing: 3 4 
	datadep: 
	instructions:
		 0: def_%self 
		 1: def_%v_0 
		 2: COPY TYPE_CurrentScope def_%current_scope 
		 3: COPY TYPE_ScopeModule def_%current_module 
		 4: 
		 5: RECEIVEARG def_group 
		 6: RECEIVECONSTARG def_size 
		 7: size[2.6,] 
BB 3
	outgoing: 4 
	datadep: 
	instructions:
		 0: COPY TYPE_Symbol def_size 
BB 4
	outgoing: 5 6 
	datadep: 
	instructions:
		 0: 
		 1: group->try def_%v_3 group[2.5,] 	 SYMBOL:photo,	 ARGS:Symbol,
		 2: %v_3->try def_%v_4 %v_3[4.1,] 	 SYMBOL:exists?,	 ARGS:Symbol,
		 3: BRANCH %v_4[4.2,] 
BB 5
	outgoing: 11 
	datadep: 
	instructions:
		 0: 
		 1: group->photo def_%v_5 group[2.5,] 	 SYMBOL:	 ARGS:
		 2: %v_5->url def_%v_6 %v_5[5.1,] size[3.0,2.6,] 	 SYMBOL:	 ARGS:size,
		 3: RETURN %v_6[5.2,] %self[2.0,] 
BB 6
	outgoing: 7 8 
	datadep: 
	instructions:
		 0: 
		 1: size->== def_%v_7 size[3.0,2.6,] 	 SYMBOL:tn,	 ARGS:Symbol,
		 2: BRANCH %v_7[6.1,] 
BB 7
	outgoing: 9 
	datadep: 
	instructions:
		 0: COPY TYPE_Nil def_%v_8 
		 1: 
BB 8
	outgoing: 9 
	datadep: 
	instructions:
		 0: COPY TYPE_Symbol def_size 
		 1: COPY TYPE_Symbol def_%v_8 
BB 9
	outgoing: 11 
	datadep: 
	instructions:
		 0: 
		 1: COPY TYPE_StringLiteral "group." def_%v_9 
		 2: COPY TYPE_StringLiteral ".jpg" def_%v_10 
		 3: BUILDSTRING def_%v_11 %v_9[9.1,] size[8.0,3.0,2.6,] %v_10[9.2,] 
		 4: %self->image_path def_%v_12 %self[2.0,] %v_11[9.3,] 	 SYMBOL:	 ARGS:%v_11,
		 5: RETURN %v_12[9.4,] %self[9.4,2.0,] 
BB 11
	outgoing: 
	datadep: 
	instructions:

SET IRMethod, name = group_avatar_tag instanceMethod = true
BB 1
	outgoing: 5 2 
	datadep: 
	instructions:
BB 2
	outgoing: 3 4 
	datadep: 
	instructions:
		 0: def_%self 
		 1: def_%v_0 
		 2: COPY TYPE_CurrentScope def_%current_scope 
		 3: COPY TYPE_ScopeModule def_%current_module 
		 4: 
		 5: RECEIVEARG def_group 
		 6: RECEIVECONSTARG def_options 
		 7: options[2.6,] 
BB 3
	outgoing: 4 
	datadep: 
	instructions:
		 0: HASH- def_%v_3 
		 1: COPY TYPE_PASS def_options %v_3[3.0,] 
BB 4
	outgoing: 5 
	datadep: 
	instructions:
		 0: 
		 1: group->try def_%v_4 group[2.5,] 	 SYMBOL:name,	 ARGS:Symbol,
		 2: HASH-size-alt- def_%v_5 %v_4[4.1,] 
		 3: options->reverse_merge! def_%v_6 options[3.1,2.6,] %v_5[4.2,] 	 SYMBOL:	 ARGS:%v_5,
		 4: 
		 5: COPY TYPE_StringLiteral "avatar " def_%v_7 
		 6: options->[] def_%v_8 options[4.3,3.1,2.6,] 	 SYMBOL:size,	 ARGS:Symbol,
		 7: COPY TYPE_StringLiteral " " def_%v_9 
		 8: options->[] def_%v_10 options[4.3,4.6,3.1,2.6,] 	 SYMBOL:class,	 ARGS:Symbol,
		 9: BUILDSTRING def_%v_11 %v_7[4.5,] %v_8[4.6,] %v_9[4.7,] %v_10[4.8,] 
		 10: HASH-class- def_%v_12 %v_11[4.9,] 
		 11: options->reverse_merge! def_%v_13 options[4.3,4.6,4.8,3.1,2.6,] %v_12[4.10,] 	 SYMBOL:	 ARGS:%v_12,
		 12: 
		 13: COPY TYPE_StringLiteral "group" def_%v_14 
		 14: group->id def_%v_15 group[4.1,2.5,] 	 SYMBOL:	 ARGS:
		 15: BUILDSTRING def_%v_16 %v_14[4.13,] %v_15[4.14,] 
		 16: options->[] def_%v_17 options[4.3,4.6,4.8,4.11,3.1,2.6,] 	 SYMBOL:size,	 ARGS:Symbol,
		 17: HASH-id-size- def_%v_18 %v_16[4.15,] %v_17[4.16,] 
		 18: HASH-data- def_%v_19 %v_18[4.17,] 
		 19: options->reverse_merge! def_%v_20 options[4.3,4.6,4.8,4.11,4.16,3.1,2.6,] %v_19[4.18,] 	 SYMBOL:	 ARGS:%v_19,
		 20: 
		 21: options->delete def_%v_21 options[4.3,4.6,4.8,4.11,4.16,4.19,3.1,2.6,] 	 SYMBOL:size,	 ARGS:Symbol,
		 22: %self->group_avatar_path def_%v_22 %self[2.0,] group[4.1,4.14,2.5,] %v_21[4.21,] 	 SYMBOL:	 ARGS:group,%v_21,
		 23: %self->image_tag def_%v_23 %self[4.22,2.0,] %v_22[4.22,] options[4.3,4.6,4.8,4.11,4.16,4.19,4.21,3.1,2.6,] 	 SYMBOL:	 ARGS:%v_22,options,
		 24: RETURN %v_23[4.23,] %self[4.22,4.23,2.0,] 
BB 5
	outgoing: 
	datadep: 
	instructions:

SET IRMethod, name = group_categories instanceMethod = true
BB 1
	outgoing: 3 2 
	datadep: 
	instructions:
BB 2
	outgoing: 3 
	datadep: 
	instructions:
		 0: def_%self 
		 1: def_%v_0 
		 2: COPY TYPE_CurrentScope def_%current_scope 
		 3: COPY TYPE_ScopeModule def_%current_module 
		 4: 
		 5: 
		 6: COPY TYPE_StringLiteral "groups.edit.category.new" def_%v_3 
		 7: %self->t def_%v_4 %self[2.0,] %v_3[2.6,] 	 SYMBOL:	 ARGS:%v_3,
		 8: COPY TYPE_StringLiteral "!" def_%v_5 
		 9: COPY TYPE_Array def_%v_6 %v_4[2.7,] %v_5[2.8,] 
		 10: COPY TYPE_Array def_%v_7 %v_6[2.9,] 
		 11: (Group) def_%v_8 
		 12: %v_8->categories def_%v_9 %v_8[2.11,] 	 SYMBOL:	 ARGS:
		 13: %v_9->keys def_%v_10 %v_9[2.12,] 	 SYMBOL:	 ARGS:
		 14: %v_7->+ def_%v_11 %v_7[2.10,] %v_10[2.13,] 	 SYMBOL:	 ARGS:%v_10,
		 15: RETURN %v_11[2.14,] %self[2.0,2.7,] 
BB 3
	outgoing: 
	datadep: 
	instructions:

SET IRMethod, name = must_request_group_join? instanceMethod = true
BB 1
	outgoing: 5 2 
	datadep: 
	instructions:
BB 2
	outgoing: 3 4 
	datadep: 
	instructions:
		 0: def_%self 
		 1: def_%v_0 
		 2: COPY TYPE_CurrentScope def_%current_scope 
		 3: COPY TYPE_ScopeModule def_%current_module 
		 4: 
		 5: RECEIVEARG def_group 
		 6: 
		 7: GETFIELD %self->logged_in def_%v_3 %self[2.0,] 
		 8: group->admin? def_%v_4 group[2.5,] %v_3[2.7,] 	 SYMBOL:	 ARGS:%v_3,
		 9: %v_4->! def_%v_5 %v_4[2.8,] 	 SYMBOL:	 ARGS:
		 10: BRANCH %v_5[2.9,] 
BB 3
	outgoing: 5 
	datadep: 
	instructions:
		 0: GETFIELD %self->group def_%v_6 %self[2.0,] 
		 1: %v_6->approval_required_to_join? def_%v_7 %v_6[3.0,] 	 SYMBOL:	 ARGS:
		 2: RETURN %v_7[3.1,] %self[2.0,] 
BB 4
	outgoing: 5 
	datadep: 
	instructions:
		 0: RETURN %v_5[2.9,] %self[2.0,] 
BB 5
	outgoing: 
	datadep: 
	instructions:

SET IRMethod, name = new_groups instanceMethod = true
BB 1
	outgoing: 6 2 
	datadep: 
	instructions:
BB 2
	outgoing: 3 4 
	datadep: 
	instructions:
		 0: def_%self 
		 1: def_%v_0 
		 2: COPY TYPE_CurrentScope def_%current_scope 
		 3: COPY TYPE_ScopeModule def_%current_module 
		 4: 
		 5: 
		 6: (Group) def_%v_3 
		 7: COPY TYPE_StringLiteral "id > ?" def_%v_4 
		 8: GETFIELD %self->logged_in def_%v_5 %self[2.0,] 
		 9: %v_5->last_seen_group_id def_%v_6 %v_5[2.8,] 	 SYMBOL:	 ARGS:
		 10: %v_6->to_i def_%v_7 %v_6[2.9,] 	 SYMBOL:	 ARGS:
		 11: %v_3->where def_%v_8 %v_3[2.6,] %v_4[2.7,] %v_7[2.10,] 	 SYMBOL:	 ARGS:%v_4,%v_7,
		 12: COPY TYPE_PASS def_groups %v_8[2.11,] 
		 13: 
		 14: GETFIELD %self->logged_in def_%v_9 %self[2.0,] 
		 15: %v_9->admin? def_%v_10 %v_9[2.14,] 	 SYMBOL:manage_groups,	 ARGS:Symbol,
		 16: BRANCH %v_10[2.15,] 
BB 3
	outgoing: 5 
	datadep: 
	instructions:
		 0: COPY TYPE_Nil def_%v_11 
		 1: 
BB 4
	outgoing: 5 
	datadep: 
	instructions:
		 0: groups->is_public def_%v_12 groups[2.12,] 	 SYMBOL:	 ARGS:
		 1: COPY TYPE_PASS def_groups %v_12[4.0,] 
		 2: COPY TYPE_PASS def_%v_11 %v_12[4.0,] 
BB 5
	outgoing: 6 
	datadep: 
	instructions:
		 0: 
		 1: RETURN groups[4.1,2.12,] %self[2.0,] 
BB 6
	outgoing: 
	datadep: 
	instructions:

SET IRMethod, name = group_content_column instanceMethod = true
BB 1
	outgoing: 9 2 
	datadep: 
	instructions:
BB 2
	outgoing: 3 4 
	datadep: 
	instructions:
		 0: def_%self 
		 1: def_%v_0 
		 2: COPY TYPE_CurrentScope def_%current_scope 
		 3: COPY TYPE_ScopeModule def_%current_module 
		 4: 
		 5: def_%v_3 
		 6: def_block %v_3[2.5,] 
		 7: 
		 8: GETFIELD %self->group def_%v_4 %self[2.0,] 
		 9: %v_4->email? def_%v_5 %v_4[2.8,] 	 SYMBOL:	 ARGS:
		 10: GETFIELD %self->group def_%v_6 %self[2.0,] 
		 11: %v_6->prayer? def_%v_7 %v_6[2.10,] 	 SYMBOL:	 ARGS:
		 12: GETFIELD %self->group def_%v_8 %self[2.0,] 
		 13: %v_8->pictures? def_%v_9 %v_8[2.12,] 	 SYMBOL:	 ARGS:
		 14: GETFIELD %self->group def_%v_10 %self[2.0,] 
		 15: %v_10->has_tasks? def_%v_11 %v_10[2.14,] 	 SYMBOL:	 ARGS:
		 16: COPY TYPE_Array def_%v_12 %v_5[2.9,] %v_7[2.11,] %v_9[2.13,] %v_11[2.15,] 
		 17: %v_12->count def_%v_13 %v_12[2.16,] %self[2.0,] 	 SYMBOL:	 ARGS:%v_12,
CLOSURE BEGIN: t[] 
BB 1
	outgoing: 6 2 
	datadep: 
	instructions:
BB 2
	outgoing: 6 
	datadep: 
	instructions:
		 0: def_%self 
		 1: def_%cl_1_0 
		 2: RECEIVEARG def_t 
		 3: COPY TYPE_CurrentScope def_%current_scope 
		 4: COPY TYPE_ScopeModule def_%current_module 
		 5: 
		 6: RETURN t[2.2,] %self[2.0,] 
BB 6
	outgoing: 
	datadep: 
	instructions:
CLOSURE END: 
		 18: COPY TYPE_PASS def_count %v_13[2.17,] 
		 19: 
		 20: %v_13->== def_%v_14 %v_13[2.17,] 	 SYMBOL:	 ARGS:Fixnum,
		 21: BRANCH %v_14[2.20,] 
BB 3
	outgoing: 9 
	datadep: 
	instructions:
		 0: RETURN %self[2.0,] 
BB 4
	outgoing: 6 7 
	datadep: 
	instructions:
		 0: COPY TYPE_Nil def_%v_15 
		 1: 
		 2: count->/ def_%v_16 count[2.18,] 	 SYMBOL:	 ARGS:count,
		 3: COPY TYPE_Array def_%v_17 %v_16[4.2,] 
		 4: %v_17->min def_%v_18 %v_17[4.3,] 	 SYMBOL:	 ARGS:
		 5: COPY TYPE_PASS def_width %v_18[4.4,] 
		 6: 
		 7: %v_18-><= def_%v_19 %v_18[4.4,] 	 SYMBOL:	 ARGS:Fixnum,
		 8: BRANCH %v_19[4.7,] 
BB 6
	outgoing: 8 
	datadep: 
	instructions:
		 0: 
		 1: COPY TYPE_StringLiteral "col-md-6" def_%v_20 
		 2: COPY TYPE_PASS def_cls %v_20[6.1,] 
		 3: 
BB 7
	outgoing: 8 
	datadep: 
	instructions:
		 0: 
		 1: COPY TYPE_StringLiteral "col-md-" def_%v_21 
		 2: BUILDSTRING def_%v_22 %v_21[7.1,] width[4.5,] 
		 3: COPY TYPE_PASS def_cls %v_22[7.2,] 
		 4: COPY TYPE_PASS def_%v_20 %v_22[7.2,] 
BB 8
	outgoing: 9 
	datadep: 
	instructions:
		 0: 
		 1: COPY TYPE_StringLiteral " print-inline-block" def_%v_23 
		 2: BUILDSTRING def_%v_24 cls[7.3,6.2,] %v_23[8.1,] 
		 3: HASH-class- def_%v_25 %v_24[8.2,] 
		 4: %self->content_tag def_%v_26 %self[2.0,] %v_25[8.3,] block[2.6,] 	 SYMBOL:div,	 ARGS:Symbol,%v_25,
		 5: RETURN %v_26[8.4,] %self[8.4,2.0,] 
BB 9
	outgoing: 
	datadep: 
	instructions:

SET IRMethod, name = group_membership_modes instanceMethod = true
BB 1
	outgoing: 3 2 
	datadep: 
	instructions:
BB 2
	outgoing: 3 
	datadep: 
	instructions:
		 0: def_%self 
		 1: def_%v_0 
		 2: COPY TYPE_CurrentScope def_%current_scope 
		 3: COPY TYPE_ScopeModule def_%current_module 
		 4: 
		 5: 
		 6: COPY TYPE_StringLiteral "groups.edit.advanced.membership_mode.options" def_%v_3 
		 7: %self->t def_%v_4 %self[2.0,] %v_3[2.6,] 	 SYMBOL:	 ARGS:%v_3,
		 8: %v_4->dup def_%v_5 %v_4[2.7,] 	 SYMBOL:	 ARGS:
		 9: %v_5->tap def_%v_6 %v_5[2.8,] %self[2.0,2.7,] 	 SYMBOL:	 ARGS:%v_5,
CLOSURE BEGIN: options[] 
BB 1
	outgoing: 11 2 
	datadep: 
	instructions:
BB 2
	outgoing: 3 
	datadep: 
	instructions:
		 0: def_%self 
		 1: def_%cl_1_0 
		 2: RECEIVEARG def_options 
		 3: COPY TYPE_CurrentScope def_%current_scope 
		 4: COPY TYPE_ScopeModule def_%current_module 
BB 3
	outgoing: 4 5 9 
	datadep: 
	instructions:
		 0: 
		 1: (Person) def_%cl_1_3 
		 2: %cl_1_3->undeleted def_%cl_1_4 %cl_1_3[3.1,] 	 SYMBOL:	 ARGS:
		 3: %cl_1_4->adults def_%cl_1_5 %cl_1_4[3.2,] 	 SYMBOL:	 ARGS:
		 4: %cl_1_5->count def_%cl_1_6 %cl_1_5[3.3,] 	 SYMBOL:	 ARGS:
		 5: (Group) def_%cl_1_7 
		 6: (inherit EVERYONE_LIMIT) def_%cl_1_8 %cl_1_7[3.5,] 
		 7: %cl_1_8[3.6,] 
BB 4
	outgoing: 5 9 
	datadep: 
	instructions:
		 0: %cl_1_7->const_missing def_%cl_1_8 %cl_1_7[3.5,] 	 SYMBOL:EVERYONE_LIMIT,	 ARGS:Symbol,
BB 5
	outgoing: 6 7 9 
	datadep: 
	instructions:
		 0: %cl_1_6->> def_%cl_1_9 %cl_1_6[3.4,] %cl_1_8[4.0,3.6,] 	 SYMBOL:	 ARGS:%cl_1_8,
		 1: BRANCH %cl_1_9[5.0,] 
BB 6
	outgoing: 8 9 
	datadep: 
	instructions:
		 0: options->delete def_%cl_1_10 options[2.2,] 	 SYMBOL:adults,	 ARGS:Symbol,
		 1: 
BB 7
	outgoing: 11 
	datadep: 
	instructions:
		 0: RETURN %self[2.0,] 
BB 8
	outgoing: 11 
	datadep: 
	instructions:
		 0: RETURN %cl_1_10[6.0,] %self[2.0,] 
BB 9
	outgoing: 11 
	datadep: 
	instructions:
		 0: def_%cl_1_11 
		 1: def_%cl_1_12 %cl_1_11[9.0,] 
		 2: RETURN %cl_1_12[9.1,] %self[2.0,] 
BB 11
	outgoing: 
	datadep: 
	instructions:
CLOSURE END: 
		 10: %v_6->invert def_%v_7 %v_6[2.9,] 	 SYMBOL:	 ARGS:
		 11: RETURN %v_7[2.10,] %self[2.0,2.7,] 
BB 3
	outgoing: 
	datadep: 
	instructions:

SET IRMethod, name = can_see_group_documents? instanceMethod = true
BB 1
	outgoing: 5 2 
	datadep: 
	instructions:
BB 2
	outgoing: 3 4 
	datadep: 
	instructions:
		 0: def_%self 
		 1: def_%v_0 
		 2: COPY TYPE_CurrentScope def_%current_scope 
		 3: COPY TYPE_ScopeModule def_%current_module 
		 4: 
		 5: RECEIVEARG def_group 
		 6: 
		 7: GETFIELD %self->logged_in def_%v_3 %self[2.0,] 
		 8: %v_3->member_of? def_%v_4 %v_3[2.7,] group[2.5,] 	 SYMBOL:	 ARGS:group,
		 9: BRANCH %v_4[2.8,] 
BB 3
	outgoing: 5 
	datadep: 
	instructions:
		 0: GETFIELD %self->logged_in def_%v_5 %self[2.0,] 
		 1: %v_5->admin? def_%v_6 %v_5[3.0,] 	 SYMBOL:manage_documents,	 ARGS:Symbol,
		 2: RETURN %v_6[3.1,] %self[2.0,] 
BB 4
	outgoing: 5 
	datadep: 
	instructions:
		 0: RETURN %v_4[2.8,] %self[2.0,] 
BB 5
	outgoing: 
	datadep: 
	instructions:

