SET IRMethod, name = import_change_value
BB 1
	outgoing: 11 2 
	datadep: 
	instructions:
BB 2
	outgoing: 3 4 
	datadep: 
	instructions:
		 0: 
		 1: 
		 2: 
		 3: 
		 4: 
		 5: 
		 6: 
		 7: (Date) 
		 8: value->is_a? %v_3[2.7,] value[2.5,] 
		 9: BRANCH %v_4[2.8,] 
BB 3
	outgoing: 4 
	datadep: 2 
	instructions:
		 0: (Time) 
		 1: value->is_a? %v_5[3.0,] value[2.5,] 
		 2: %v_6[3.1,] 
BB 4
	outgoing: 5 6 
	datadep: 3 2 
	instructions:
		 0: BRANCH %v_4[3.2,2.8,] 
BB 5
	outgoing: 11 
	datadep: 2 
	instructions:
		 0: 
		 1: value->to_s value[2.5,] 
		 2: RETURN %v_7[5.1,] 
BB 6
	outgoing: 7 8 
	datadep: 2 
	instructions:
		 0: 
		 1: value->nil? value[2.5,] 
		 2: BRANCH %v_8[6.1,] 
BB 7
	outgoing: 9 
	datadep: 
	instructions:
		 0: 
		 1: 
		 2: 
BB 8
	outgoing: 9 
	datadep: 2 
	instructions:
		 0: 
		 1: value->inspect value[2.5,] 
		 2: %v_10[8.1,] 
BB 9
	outgoing: 11 
	datadep: 8 7 
	instructions:
		 0: RETURN %v_9[8.2,7.1,] 
BB 11
	outgoing: 
	datadep: 
	instructions:

