SET IRMethod, name = map_header
BB 1
	outgoing: 6 2 
	datadep: 
	instructions:
BB 2
	outgoing: 3 4 
	datadep: 
	instructions:
		 0: def_%self 
		 1: def_%v_0 
		 2: COPY def_%current_scope 
		 3: COPY def_%current_module 
		 4: 
		 5: RECEIVEARG def_object 
		 6: 
		 7: object->mapable? def_%v_3 object[2.5,] 
		 8: BRANCH %v_3[2.7,] 
BB 3
	outgoing: 6 
	datadep: 
	instructions:
		 0: COPY def_%v_4 
		 1: 
		 2: def_%v_5 %self[2.0,] %self[2.0,] 
CLOSURE BEGIN: %self[2.0,] object[2.5,] 
BB 1
	outgoing: 6 2 
	datadep: 
	instructions:
BB 2
	outgoing: 3 
	datadep: 
	instructions:
		 0: def_%self 
		 1: def_%cl_1_0 
		 2: COPY def_%current_scope 
		 3: COPY def_%current_module 
BB 3
	outgoing: 4 6 
	datadep: 
	instructions:
		 0: 
		 1: COPY def_%cl_1_3 
		 2: COPY def_%cl_1_4 
		 3: %self->map_data def_%cl_1_5 %self[2.0,] object[] 
		 4: COPY def_%cl_1_6 %cl_1_4[3.2,] %cl_1_5[3.3,] 
		 5: %self->content_tag def_%cl_1_7 %self[3.3,2.0,] %cl_1_3[3.1,] %cl_1_6[3.4,] 
		 6: COPY def_%cl_1_8 
		 7: COPY def_%cl_1_9 %cl_1_8[3.6,] 
		 8: %self->content_tag def_%cl_1_10 %self[3.3,3.5,2.0,] %cl_1_9[3.7,] %self[3.3,3.5,2.0,] 
CLOSURE BEGIN: %self[3.3,3.5,2.0,] 
BB 1
	outgoing: 6 2 
	datadep: 
	instructions:
BB 2
	outgoing: 3 
	datadep: 
	instructions:
		 0: def_%self 
		 1: def_%cl_2_0 
		 2: COPY def_%current_scope 
		 3: COPY def_%current_module 
BB 3
	outgoing: 4 6 
	datadep: 
	instructions:
		 0: 
		 1: %self->breadcrumbs def_%cl_2_3 %self[2.0,] 
		 2: def_%cl_2_4 %self[3.1,2.0,] %self[3.1,2.0,] 
CLOSURE BEGIN: %self[3.1,2.0,] 
BB 1
	outgoing: 6 2 
	datadep: 
	instructions:
BB 2
	outgoing: 3 
	datadep: 
	instructions:
		 0: def_%self 
		 1: def_%cl_3_0 
		 2: COPY def_%current_scope 
		 3: COPY def_%current_module 
BB 3
	outgoing: 4 6 
	datadep: 
	instructions:
		 0: 
		 1: GETFIELD %self->title def_%cl_3_3 %self[2.0,] 
		 2: %self->map_sub_title def_%cl_3_4 %self[2.0,] 
		 3: def_%cl_3_5 %cl_3_3[3.1,] %cl_3_4[3.2,] 
		 4: %cl_3_5->html_safe def_%cl_3_6 %cl_3_5[3.3,] 
		 5: RETURN %cl_3_6[3.4,] %self[3.2,2.0,] 
BB 4
	outgoing: 6 
	datadep: 
	instructions:
		 0: def_%cl_3_7 
		 1: def_%cl_3_8 %cl_3_7[4.0,] 
		 2: RETURN %cl_3_8[4.1,] %self[2.0,] 
BB 6
	outgoing: 
	datadep: 
	instructions:
CLOSURE END
		 3: def_%cl_2_5 %cl_2_3[3.1,] %cl_2_4[3.2,] 
		 4: RETURN %cl_2_5[3.3,] %self[3.1,2.0,] 
BB 4
	outgoing: 6 
	datadep: 
	instructions:
		 0: def_%cl_2_6 
		 1: def_%cl_2_7 %cl_2_6[4.0,] 
		 2: RETURN %cl_2_7[4.1,] %self[2.0,] 
BB 6
	outgoing: 
	datadep: 
	instructions:
CLOSURE END
		 9: def_%cl_1_11 %cl_1_7[3.5,] %cl_1_10[3.8,] 
		 10: RETURN %cl_1_11[3.9,] %self[3.3,3.5,3.8,2.0,] 
BB 4
	outgoing: 6 
	datadep: 
	instructions:
		 0: def_%cl_1_12 
		 1: def_%cl_1_13 %cl_1_12[4.0,] 
		 2: RETURN %cl_1_13[4.1,] %self[2.0,] 
BB 6
	outgoing: 
	datadep: 
	instructions:
CLOSURE END
		 3: RETURN %v_5[3.2,] %self[2.0,] 
BB 4
	outgoing: 6 
	datadep: 
	instructions:
		 0: RETURN %self[2.0,] 
BB 6
	outgoing: 
	datadep: 
	instructions:

SET IRMethod, name = map_sub_title
BB 1
	outgoing: 6 2 
	datadep: 
	instructions:
BB 2
	outgoing: 3 4 
	datadep: 
	instructions:
		 0: def_%self 
		 1: def_%v_0 
		 2: COPY def_%current_scope 
		 3: COPY def_%current_module 
		 4: 
		 5: 
		 6: %self->content_for def_%v_3 %self[2.0,] 
		 7: COPY def_sub_title %v_3[2.6,] 
		 8: 
		 9: BRANCH %v_3[2.6,] 
BB 3
	outgoing: 6 
	datadep: 
	instructions:
		 0: COPY def_%v_4 
		 1: 
		 2: %self->content_tag def_%v_6 %self[2.0,] sub_title[2.7,] 
		 3: RETURN %v_6[3.2,] %self[3.2,2.0,] 
BB 4
	outgoing: 6 
	datadep: 
	instructions:
		 0: COPY def_%v_5 
		 1: RETURN %v_5[4.0,] %self[2.0,] 
BB 6
	outgoing: 
	datadep: 
	instructions:

SET IRMethod, name = map_data
BB 1
	outgoing: 6 2 
	datadep: 
	instructions:
BB 2
	outgoing: 3 4 
	datadep: 
	instructions:
		 0: def_%self 
		 1: def_%v_0 
		 2: COPY def_%current_scope 
		 3: COPY def_%current_module 
		 4: 
		 5: RECEIVEARG def_object 
		 6: 
		 7: object->latitude def_%v_3 object[2.5,] 
		 8: object->longitude def_%v_4 object[2.5,2.7,] 
		 9: object->pretty_address def_%v_5 object[2.5,2.7,2.8,] 
		 10: %self->preserve_breaks def_%v_6 %self[2.0,] %v_5[2.9,] 
		 11: COPY def_%v_7 
		 12: %self->t def_%v_8 %self[2.0,2.10,] %v_7[2.11,] 
		 13: 
		 14: (Setting) def_%v_9 
		 15: %v_9->get def_%v_10 %v_9[2.14,] 
		 16: BRANCH %v_10[2.15,] 
BB 3
	outgoing: 5 
	datadep: 
	instructions:
		 0: COPY def_%v_11 
		 1: 
BB 4
	outgoing: 5 
	datadep: 
	instructions:
		 0: COPY def_%v_12 
		 1: COPY def_%v_11 %v_12[4.0,] 
BB 5
	outgoing: 6 
	datadep: 
	instructions:
		 0: (Setting) def_%v_13 
		 1: %v_13->get def_%v_14 %v_13[5.0,] 
		 2: COPY def_%v_15 %v_3[2.7,] %v_4[2.8,] %v_6[2.10,] %v_8[2.12,] %v_11[4.1,3.0,] %v_14[5.1,] 
		 3: RETURN %v_15[5.2,] %self[2.0,] 
BB 6
	outgoing: 
	datadep: 
	instructions:

SET IRMethod, name = directory_map_div
BB 1
	outgoing: 3 2 
	datadep: 
	instructions:
BB 2
	outgoing: 3 
	datadep: 
	instructions:
		 0: def_%self 
		 1: def_%v_0 
		 2: COPY def_%current_scope 
		 3: COPY def_%current_module 
		 4: 
		 5: 
		 6: COPY def_%v_3 
		 7: COPY def_%v_4 
		 8: %self->directory_map_data def_%v_5 %self[2.0,] 
		 9: COPY def_%v_6 %v_4[2.7,] %v_5[2.8,] 
		 10: %self->content_tag def_%v_7 %self[2.0,2.8,] %v_3[2.6,] %v_6[2.9,] 
		 11: RETURN %v_7[2.10,] %self[2.0,2.8,2.10,] 
BB 3
	outgoing: 
	datadep: 
	instructions:

SET IRMethod, name = directory_map_data
BB 1
	outgoing: 6 2 
	datadep: 
	instructions:
BB 2
	outgoing: 3 4 
	datadep: 
	instructions:
		 0: def_%self 
		 1: def_%v_0 
		 2: COPY def_%current_scope 
		 3: COPY def_%current_module 
		 4: 
		 5: 
		 6: COPY def_%v_3 
		 7: %self->t def_%v_4 %self[2.0,] %v_3[2.6,] 
		 8: 
		 9: (Setting) def_%v_5 
		 10: %v_5->get def_%v_6 %v_5[2.9,] 
		 11: BRANCH %v_6[2.10,] 
BB 3
	outgoing: 5 
	datadep: 
	instructions:
		 0: COPY def_%v_7 
		 1: 
BB 4
	outgoing: 5 
	datadep: 
	instructions:
		 0: COPY def_%v_8 
		 1: COPY def_%v_7 %v_8[4.0,] 
BB 5
	outgoing: 6 
	datadep: 
	instructions:
		 0: COPY def_%v_9 %v_4[2.7,] %v_7[4.1,3.0,] 
		 1: RETURN %v_9[5.0,] %self[2.0,] 
BB 6
	outgoing: 
	datadep: 
	instructions:

SET IRMethod, name = directory_map_header
BB 1
	outgoing: 3 2 
	datadep: 
	instructions:
BB 2
	outgoing: 3 
	datadep: 
	instructions:
		 0: def_%self 
		 1: def_%v_0 
		 2: COPY def_%current_scope 
		 3: COPY def_%current_module 
		 4: 
		 5: 
		 6: def_%v_3 %self[2.0,] %self[2.0,] 
CLOSURE BEGIN: %self[2.0,] 
BB 1
	outgoing: 6 2 
	datadep: 
	instructions:
BB 2
	outgoing: 3 
	datadep: 
	instructions:
		 0: def_%self 
		 1: def_%cl_1_0 
		 2: COPY def_%current_scope 
		 3: COPY def_%current_module 
BB 3
	outgoing: 4 6 
	datadep: 
	instructions:
		 0: 
		 1: COPY def_%cl_1_3 
		 2: COPY def_%cl_1_4 %cl_1_3[3.1,] 
		 3: %self->content_tag def_%cl_1_5 %self[2.0,] %cl_1_4[3.2,] %self[2.0,] 
CLOSURE BEGIN: %self[2.0,] 
BB 1
	outgoing: 6 2 
	datadep: 
	instructions:
BB 2
	outgoing: 3 
	datadep: 
	instructions:
		 0: def_%self 
		 1: def_%cl_2_0 
		 2: COPY def_%current_scope 
		 3: COPY def_%current_module 
BB 3
	outgoing: 4 6 
	datadep: 
	instructions:
		 0: 
		 1: %self->breadcrumbs def_%cl_2_3 %self[2.0,] 
		 2: def_%cl_2_4 %self[3.1,2.0,] %self[3.1,2.0,] 
CLOSURE BEGIN: 
BB 1
	outgoing: 6 2 
	datadep: 
	instructions:
BB 2
	outgoing: 6 
	datadep: 
	instructions:
		 0: def_%self 
		 1: def_%cl_3_0 
		 2: COPY def_%current_scope 
		 3: COPY def_%current_module 
		 4: 
		 5: COPY def_%cl_3_3 
		 6: RETURN %cl_3_3[2.5,] %self[2.0,] 
BB 6
	outgoing: 
	datadep: 
	instructions:
CLOSURE END
		 3: def_%cl_2_5 %cl_2_3[3.1,] %cl_2_4[3.2,] 
		 4: RETURN %cl_2_5[3.3,] %self[3.1,2.0,] 
BB 4
	outgoing: 6 
	datadep: 
	instructions:
		 0: def_%cl_2_6 
		 1: def_%cl_2_7 %cl_2_6[4.0,] 
		 2: RETURN %cl_2_7[4.1,] %self[2.0,] 
BB 6
	outgoing: 
	datadep: 
	instructions:
CLOSURE END
		 4: RETURN %cl_1_5[3.3,] %self[3.3,2.0,] 
BB 4
	outgoing: 6 
	datadep: 
	instructions:
		 0: def_%cl_1_6 
		 1: def_%cl_1_7 %cl_1_6[4.0,] 
		 2: RETURN %cl_1_7[4.1,] %self[2.0,] 
BB 6
	outgoing: 
	datadep: 
	instructions:
CLOSURE END
		 7: RETURN %v_3[2.6,] %self[2.0,] 
BB 3
	outgoing: 
	datadep: 
	instructions:

