SET IRMethod, name = linkify
BB 1
	outgoing: 3 2 
	datadep: 
	instructions:
BB 2
	outgoing: 3 
	datadep: 
	instructions:
		 0: 
		 1: 
		 2: 
		 3: 
		 4: 
		 5: 
		 6: 
		 7: 
		 8: %self->h %self[2.0,] text[2.5,] 
		 9: %v_3[2.8,] 
		 10: 
		 11: 
		 12: %v_3->split %v_3[2.8,] 
		 13: %v_5->map %self[2.0,] %v_5[2.12,] 
CLOSURE BEGIN: 
BB 1
	outgoing: 6 2 
	datadep: 
	instructions:
BB 2
	outgoing: 3 
	datadep: 
	instructions:
		 0: 
		 1: 
		 2: 
		 3: 
		 4: 
BB 3
	outgoing: 4 6 
	datadep: 2 2 2 2 
	instructions:
		 0: 
		 1: item[2.2,] 
		 2: %self->search_path %cl_1_3[3.1,] %self[2.0,] 
		 3: %self->link_to %cl_1_4[3.2,] %self[2.0,] item[2.2,] 
		 4: RETURN %cl_1_5[3.3,] 
BB 4
	outgoing: 6 
	datadep: 
	instructions:
		 0: 
		 1: %cl_1_6[4.0,] 
		 2: RETURN %cl_1_7[4.1,] 
BB 6
	outgoing: 
	datadep: 
	instructions:
CLOSURE END
		 14: RETURN %v_6[2.13,] 
BB 3
	outgoing: 
	datadep: 
	instructions:

SET IRMethod, name = show_attribute?
BB 1
	outgoing: 5 2 
	datadep: 
	instructions:
BB 2
	outgoing: 3 4 
	datadep: 
	instructions:
		 0: 
		 1: 
		 2: 
		 3: 
		 4: 
		 5: 
		 6: 
		 7: %self[2.0,] @person[] 
		 8: %v_3->send attribute[2.5,] %v_3[2.7,] 
		 9: %v_4->present? %v_4[2.8,] 
		 10: BRANCH %v_5[2.9,] 
BB 3
	outgoing: 5 
	datadep: 2 2 2 
	instructions:
		 0: %self[2.0,] @person[2.7,] 
		 1: %self[2.0,] @logged_in[] 
		 2: %v_6->show_attribute_to? attribute[2.5,] %v_6[3.0,] %v_7[3.1,] 
		 3: RETURN %v_8[3.2,] 
BB 4
	outgoing: 5 
	datadep: 2 
	instructions:
		 0: RETURN %v_5[2.9,] 
BB 5
	outgoing: 
	datadep: 
	instructions:

SET IRMethod, name = show_attribute
BB 1
	outgoing: 6 2 
	datadep: 
	instructions:
BB 2
	outgoing: 3 4 
	datadep: 
	instructions:
		 0: 
		 1: 
		 2: 
		 3: 
		 4: 
		 5: 
		 6: 
		 7: %v_3[2.6,] 
		 8: 
		 9: %self->show_attribute? %self[2.0,] attribute[2.5,] 
		 10: BRANCH %v_4[2.9,] 
BB 3
	outgoing: 6 
	datadep: 2 2 
	instructions:
		 0: %self->capture %self[2.0,] block[2.7,] 
		 1: RETURN %v_5[3.0,] 
BB 4
	outgoing: 6 
	datadep: 
	instructions:
		 0: RETURN 
BB 6
	outgoing: 
	datadep: 
	instructions:

SET IRMethod, name = showing_attribute_because_admin?
BB 1
	outgoing: 9 2 
	datadep: 
	instructions:
BB 2
	outgoing: 3 4 
	datadep: 
	instructions:
		 0: 
		 1: 
		 2: 
		 3: 
		 4: 
		 5: 
		 6: 
		 7: %self->show_attribute? %self[2.0,] attribute[2.5,] 
		 8: BRANCH %v_3[2.7,] 
BB 3
	outgoing: 4 
	datadep: 2 2 
	instructions:
		 0: %self[2.0,] @person[] 
		 1: 
		 2: 
		 3: 
		 4: %v_5[3.1,] attribute[2.5,] %v_6[3.3,] 
		 5: %v_4->respond_to? %v_4[3.0,] %v_7[3.4,] 
		 6: %v_8[3.5,] 
BB 4
	outgoing: 5 6 
	datadep: 3 2 
	instructions:
		 0: BRANCH %v_3[3.6,2.7,] 
BB 5
	outgoing: 6 
	datadep: 2 2 
	instructions:
		 0: %self[2.0,] @person[3.0,] 
		 1: 
		 2: 
		 3: 
		 4: attribute[2.5,] %v_10[5.1,] %v_11[5.3,] 
		 5: %v_9->send %v_9[5.0,] %v_12[5.4,] 
		 6: %v_13[5.5,] 
		 7: %v_14[5.6,] 
BB 6
	outgoing: 7 8 
	datadep: 5 3 2 
	instructions:
		 0: BRANCH %v_3[5.7,3.6,2.7,] 
BB 7
	outgoing: 9 
	datadep: 2 
	instructions:
		 0: %self[2.0,] @logged_in[] 
		 1: %v_15->admin? %v_15[7.0,] 
		 2: RETURN %v_16[7.1,] 
BB 8
	outgoing: 9 
	datadep: 5 3 2 
	instructions:
		 0: RETURN %v_3[5.7,3.6,2.7,] 
BB 9
	outgoing: 
	datadep: 
	instructions:

SET IRMethod, name = showing_attribute_because_admin_icon
BB 1
	outgoing: 6 2 
	datadep: 
	instructions:
BB 2
	outgoing: 3 4 
	datadep: 
	instructions:
		 0: 
		 1: 
		 2: 
		 3: 
		 4: 
		 5: 
		 6: 
		 7: %self->showing_attribute_because_admin? %self[2.0,] attribute[2.5,] 
		 8: BRANCH %v_3[2.7,] 
BB 3
	outgoing: 6 
	datadep: 2 2 
	instructions:
		 0: 
		 1: 
		 2: 
		 3: 
		 4: %self->t %self[2.0,] %v_6[3.3,] 
		 5: %v_7[3.4,] 
		 6: %self->icon %self[2.0,] %v_5[3.2,] %v_8[3.5,] 
		 7: RETURN %v_9[3.6,] 
BB 4
	outgoing: 6 
	datadep: 
	instructions:
		 0: RETURN 
BB 6
	outgoing: 
	datadep: 
	instructions:

SET IRMethod, name = person_title
BB 1
	outgoing: 6 2 
	datadep: 
	instructions:
BB 2
	outgoing: 3 4 
	datadep: 
	instructions:
		 0: 
		 1: 
		 2: 
		 3: 
		 4: 
		 5: 
		 6: 
		 7: person->description person[2.5,] 
		 8: %v_3->present? %v_3[2.7,] 
		 9: BRANCH %v_4[2.8,] 
BB 3
	outgoing: 6 
	datadep: 2 2 2 
	instructions:
		 0: 
		 1: 
		 2: person->name person[2.5,] 
		 3: person->description person[2.5,] 
		 4: %v_6[3.2,] %v_7[3.3,] 
		 5: %self->t %self[2.0,] %v_5[3.1,] %v_8[3.4,] 
		 6: RETURN %v_9[3.5,] 
BB 4
	outgoing: 6 
	datadep: 2 
	instructions:
		 0: 
		 1: person->name person[2.5,] 
		 2: RETURN %v_10[4.1,] 
BB 6
	outgoing: 
	datadep: 
	instructions:

SET IRMethod, name = business_categories
BB 1
	outgoing: 3 2 
	datadep: 
	instructions:
BB 2
	outgoing: 3 
	datadep: 
	instructions:
		 0: 
		 1: 
		 2: 
		 3: 
		 4: 
		 5: 
		 6: 
		 7: %self->t %self[2.0,] %v_3[2.6,] 
		 8: 
		 9: %v_4[2.7,] %v_5[2.8,] 
		 10: %v_6[2.9,] 
		 11: (Person) 
		 12: %v_8->business_categories %v_8[2.11,] 
		 13: %v_9[2.12,] %v_7[2.10,] 
		 14: RETURN %v_10[2.13,] 
BB 3
	outgoing: 
	datadep: 
	instructions:

SET IRMethod, name = custom_types
BB 1
	outgoing: 3 2 
	datadep: 
	instructions:
BB 2
	outgoing: 3 
	datadep: 
	instructions:
		 0: 
		 1: 
		 2: 
		 3: 
		 4: 
		 5: 
		 6: 
		 7: %self->t %self[2.0,] %v_3[2.6,] 
		 8: 
		 9: %v_4[2.7,] %v_5[2.8,] 
		 10: %v_6[2.9,] 
		 11: (Person) 
		 12: %v_8->custom_types %v_8[2.11,] 
		 13: %v_9[2.12,] %v_7[2.10,] 
		 14: RETURN %v_10[2.13,] 
BB 3
	outgoing: 
	datadep: 
	instructions:

SET IRMethod, name = has_type?
BB 1
	outgoing: 11 2 
	datadep: 
	instructions:
BB 2
	outgoing: 3 4 
	datadep: 
	instructions:
		 0: 
		 1: 
		 2: 
		 3: 
		 4: 
		 5: 
		 6: 
		 7: person->elder? person[2.5,] 
		 8: BRANCH %v_3[2.7,] 
BB 3
	outgoing: 4 
	datadep: 2 
	instructions:
		 0: person->deacon? person[2.5,] 
		 1: %v_4[3.0,] 
BB 4
	outgoing: 5 6 
	datadep: 3 2 
	instructions:
		 0: BRANCH %v_3[3.1,2.7,] 
BB 5
	outgoing: 6 
	datadep: 2 
	instructions:
		 0: person->staff? person[2.5,] 
		 1: %v_5[5.0,] 
BB 6
	outgoing: 7 8 
	datadep: 5 3 2 
	instructions:
		 0: BRANCH %v_3[5.1,3.1,2.7,] 
BB 7
	outgoing: 8 
	datadep: 2 
	instructions:
		 0: person->member? person[2.5,] 
		 1: %v_6[7.0,] 
BB 8
	outgoing: 9 10 
	datadep: 7 5 3 2 
	instructions:
		 0: BRANCH %v_3[7.1,5.1,3.1,2.7,] 
BB 9
	outgoing: 11 
	datadep: 2 
	instructions:
		 0: person->custom_type person[2.5,] 
		 1: %v_7->present? %v_7[9.0,] 
		 2: RETURN %v_8[9.1,] 
BB 10
	outgoing: 11 
	datadep: 7 5 3 2 
	instructions:
		 0: RETURN %v_3[7.1,5.1,3.1,2.7,] 
BB 11
	outgoing: 
	datadep: 
	instructions:

SET IRMethod, name = avatar_path
BB 1
	outgoing: 28 2 
	datadep: 
	instructions:
BB 2
	outgoing: 3 4 
	datadep: 
	instructions:
		 0: 
		 1: 
		 2: 
		 3: 
		 4: 
		 5: 
		 6: 
		 7: size[2.6,] 
BB 3
	outgoing: 4 
	datadep: 
	instructions:
		 0: 
BB 4
	outgoing: 5 6 
	datadep: 
	instructions:
		 0: 
		 1: variation[4.0,] 
BB 5
	outgoing: 6 
	datadep: 
	instructions:
		 0: 
BB 6
	outgoing: 7 8 
	datadep: 2 
	instructions:
		 0: 
		 1: (Family) 
		 2: person->is_a? person[2.5,] %v_3[6.1,] 
		 3: BRANCH %v_4[6.2,] 
BB 7
	outgoing: 28 
	datadep: 2 2 3 2 
	instructions:
		 0: 
		 1: %self->family_avatar_path person[2.5,] %self[2.0,] size[3.0,2.6,] 
		 2: RETURN %v_5[7.1,] 
BB 8
	outgoing: 9 10 
	datadep: 2 
	instructions:
		 0: 
		 1: (Group) 
		 2: person->is_a? person[2.5,] %v_6[8.1,] 
		 3: BRANCH %v_7[8.2,] 
BB 9
	outgoing: 26 
	datadep: 2 2 3 2 
	instructions:
		 0: 
		 1: %self->group_avatar_path person[2.5,] %self[2.0,] size[3.0,2.6,] 
		 2: 
BB 10
	outgoing: 11 12 
	datadep: 2 
	instructions:
		 0: 
		 1: (Album) 
		 2: person->is_a? person[2.5,] %v_9[10.1,] 
		 3: BRANCH %v_10[10.2,] 
BB 11
	outgoing: 25 
	datadep: 2 2 3 2 
	instructions:
		 0: 
		 1: %self->album_avatar_path person[2.5,] %self[2.0,] size[3.0,2.6,] 
		 2: 
BB 12
	outgoing: 13 14 
	datadep: 2 
	instructions:
		 0: 
		 1: person->try person[2.5,] 
		 2: %v_12->try %v_12[12.1,] 
		 3: BRANCH %v_13[12.2,] 
BB 13
	outgoing: 24 
	datadep: 2 3 2 
	instructions:
		 0: 
		 1: person->photo person[2.5,] 
		 2: %v_14->url %v_14[13.1,] size[3.0,2.6,] 
		 3: 
BB 14
	outgoing: 15 16 
	datadep: 3 2 
	instructions:
		 0: 
		 1: size[3.0,2.6,] 
		 2: BRANCH %v_16[14.1,] 
BB 15
	outgoing: 17 
	datadep: 
	instructions:
		 0: 
		 1: 
BB 16
	outgoing: 17 
	datadep: 
	instructions:
		 0: 
		 1: 
BB 17
	outgoing: 18 19 
	datadep: 2 
	instructions:
		 0: 
		 1: person->try person[2.5,] 
		 2: 
		 3: %v_18[17.1,] %v_19[17.2,] 
		 4: BRANCH %v_20[17.3,] 
BB 18
	outgoing: 20 
	datadep: 
	instructions:
		 0: 
		 1: 
BB 19
	outgoing: 20 
	datadep: 
	instructions:
		 0: 
		 1: %v_22[19.0,] 
BB 20
	outgoing: 21 22 
	datadep: 19 18 5 4 
	instructions:
		 0: %v_21[19.1,18.0,] 
		 1: 
		 2: variation[5.0,4.0,] 
		 3: BRANCH %v_23[20.2,] 
BB 21
	outgoing: 23 
	datadep: 16 3 2 20 2 
	instructions:
		 0: 
		 1: 
		 2: 
		 3: %v_24[21.1,] %v_25[21.2,] size[16.0,3.0,2.6,] img[20.0,] 
		 4: %self->image_path %self[2.0,] %v_26[21.3,] 
		 5: 
BB 22
	outgoing: 23 
	datadep: 16 3 2 20 2 
	instructions:
		 0: 
		 1: 
		 2: 
		 3: %v_28[22.1,] size[16.0,3.0,2.6,] %v_29[22.2,] img[20.0,] 
		 4: %self->image_path %self[2.0,] %v_30[22.3,] 
		 5: %v_31[22.4,] 
BB 23
	outgoing: 24 
	datadep: 22 21 
	instructions:
		 0: %v_27[22.5,21.4,] 
BB 24
	outgoing: 25 
	datadep: 23 13 
	instructions:
		 0: %v_15[23.0,13.2,] 
BB 25
	outgoing: 26 
	datadep: 24 11 
	instructions:
		 0: %v_11[24.0,11.1,] 
BB 26
	outgoing: 28 
	datadep: 25 9 
	instructions:
		 0: RETURN %v_8[25.0,9.1,] 
BB 28
	outgoing: 
	datadep: 
	instructions:

SET IRMethod, name = avatar_tag
BB 1
	outgoing: 24 2 
	datadep: 
	instructions:
BB 2
	outgoing: 3 4 
	datadep: 
	instructions:
		 0: 
		 1: 
		 2: 
		 3: 
		 4: 
		 5: 
		 6: 
		 7: options[2.6,] 
BB 3
	outgoing: 4 
	datadep: 
	instructions:
		 0: 
		 1: %v_3[3.0,] 
BB 4
	outgoing: 5 6 
	datadep: 2 
	instructions:
		 0: 
		 1: person->nil? person[2.5,] 
		 2: BRANCH %v_4[4.1,] 
BB 5
	outgoing: 24 
	datadep: 
	instructions:
		 0: RETURN 
BB 6
	outgoing: 8 9 
	datadep: 2 
	instructions:
		 0: 
		 1: 
		 2: (Family) 
		 3: person->is_a? person[2.5,] %v_6[6.2,] 
		 4: BRANCH %v_7[6.3,] 
BB 8
	outgoing: 24 
	datadep: 2 2 3 2 
	instructions:
		 0: 
		 1: %self->family_avatar_tag person[2.5,] %self[2.0,] options[3.1,2.6,] 
		 2: RETURN %v_8[8.1,] 
BB 9
	outgoing: 10 11 
	datadep: 2 
	instructions:
		 0: 
		 1: (Group) 
		 2: person->is_a? person[2.5,] %v_9[9.1,] 
		 3: BRANCH %v_10[9.2,] 
BB 10
	outgoing: 22 
	datadep: 2 2 3 2 
	instructions:
		 0: 
		 1: %self->group_avatar_tag person[2.5,] %self[2.0,] options[3.1,2.6,] 
		 2: 
BB 11
	outgoing: 12 13 
	datadep: 2 
	instructions:
		 0: 
		 1: (Album) 
		 2: person->is_a? person[2.5,] %v_12[11.1,] 
		 3: BRANCH %v_13[11.2,] 
BB 12
	outgoing: 21 
	datadep: 2 2 3 2 
	instructions:
		 0: 
		 1: %self->album_avatar_tag person[2.5,] %self[2.0,] options[3.1,2.6,] 
		 2: 
BB 13
	outgoing: 14 15 
	datadep: 2 3 2 3 2 3 2 3 2 2 3 2 3 2 3 2 2 
	instructions:
		 0: 
		 1: person->try person[2.5,] 
		 2: %v_15[13.1,] 
		 3: options->reverse_merge! %v_16[13.2,] options[3.1,2.6,] 
		 4: 
		 5: 
		 6: options[3.1,2.6,] 
		 7: 
		 8: options[3.1,2.6,] 
		 9: %v_18[13.5,] %v_19[13.6,] %v_20[13.7,] %v_21[13.8,] 
		 10: %v_22[13.9,] 
		 11: options->reverse_merge! options[3.1,2.6,] %v_23[13.10,] 
		 12: 
		 13: 
		 14: person->id person[2.5,] 
		 15: %v_25[13.13,] %v_26[13.14,] 
		 16: options[3.1,2.6,] 
		 17: %v_27[13.15,] %v_28[13.16,] 
		 18: %v_29[13.17,] 
		 19: options->reverse_merge! options[3.1,2.6,] %v_30[13.18,] 
		 20: 
		 21: options->delete options[3.1,2.6,] 
		 22: %v_32[13.21,] 
		 23: 
		 24: person->try person[2.5,] 
		 25: %v_33->try %v_33[13.24,] 
		 26: %v_34->! %v_34[13.25,] 
		 27: BRANCH %v_35[13.26,] 
BB 14
	outgoing: 15 
	datadep: 13 
	instructions:
		 0: fallback_to_family[13.22,] 
BB 15
	outgoing: 16 17 
	datadep: 14 13 
	instructions:
		 0: BRANCH %v_35[14.0,13.26,] 
BB 16
	outgoing: 17 
	datadep: 2 
	instructions:
		 0: person->try person[2.5,] 
		 1: %v_36->try %v_36[16.0,] 
		 2: %v_37->try %v_37[16.1,] 
		 3: %v_38[16.2,] 
BB 17
	outgoing: 18 19 
	datadep: 16 14 13 
	instructions:
		 0: BRANCH %v_35[16.3,14.0,13.26,] 
BB 18
	outgoing: 20 
	datadep: 2 2 
	instructions:
		 0: 
		 1: person->family person[2.5,] 
		 2: %self->family_avatar_path %self[2.0,] %v_39[18.1,] 
		 3: %v_40[18.2,] 
		 4: 
BB 19
	outgoing: 20 
	datadep: 3 2 3 2 2 2 
	instructions:
		 0: 
		 1: options->delete options[3.1,2.6,] 
		 2: options->delete options[3.1,2.6,] 
		 3: %self->avatar_path person[2.5,] %self[2.0,] %v_41[19.1,] %v_42[19.2,] 
		 4: %v_43[19.3,] 
		 5: %v_43[19.3,] 
BB 20
	outgoing: 21 
	datadep: 2 19 18 3 2 
	instructions:
		 0: 
		 1: %self->image_tag %self[2.0,] path[19.4,18.3,] options[3.1,2.6,] 
		 2: %v_44[20.1,] 
BB 21
	outgoing: 22 
	datadep: 20 12 
	instructions:
		 0: %v_14[20.2,12.1,] 
BB 22
	outgoing: 24 
	datadep: 21 10 
	instructions:
		 0: RETURN %v_11[21.0,10.1,] 
BB 24
	outgoing: 
	datadep: 
	instructions:

SET IRMethod, name = link_to_person_role
BB 1
	outgoing: 16 2 
	datadep: 
	instructions:
BB 2
	outgoing: 4 5 14 
	datadep: 
	instructions:
		 0: 
		 1: 
		 2: 
		 3: 
		 4: 
		 5: 
		 6: 
		 7: options[2.6,] 
BB 4
	outgoing: 5 
	datadep: 
	instructions:
		 0: 
		 1: %v_3[4.0,] 
BB 5
	outgoing: 6 7 14 
	datadep: 4 2 
	instructions:
		 0: 
		 1: 
		 2: %v_4[5.1,] 
		 3: options->reverse_merge! %v_5[5.2,] options[4.1,2.6,] 
		 4: 
		 5: 
		 6: %v_7[5.5,] 
		 7: 
		 8: (Setting) 
		 9: %v_8->get %v_8[5.8,] 
		 10: BRANCH %v_9[5.9,] 
BB 6
	outgoing: 7 14 
	datadep: 2 
	instructions:
		 0: person->custom_type person[2.5,] 
		 1: %v_10->present? %v_10[6.0,] 
		 2: %v_11[6.1,] 
BB 7
	outgoing: 8 9 
	datadep: 6 5 
	instructions:
		 0: BRANCH %v_9[6.2,5.9,] 
BB 8
	outgoing: 10 14 
	datadep: 2 5 
	instructions:
		 0: 
		 1: person->custom_type person[2.5,] 
		 2: roles[5.6,] %v_12[8.1,] 
		 3: 
BB 9
	outgoing: 10 
	datadep: 
	instructions:
		 0: 
BB 10
	outgoing: 11 12 14 
	datadep: 2 5 4 2 
	instructions:
		 0: 
		 1: 
		 2: 
		 3: 
		 4: 
		 5: %v_14[10.1,] %v_15[10.2,] %v_16[10.3,] %v_17[10.4,] 
		 6: %v_18->select %self[2.0,] %v_18[10.5,] 
CLOSURE BEGIN: 
BB 1
	outgoing: 6 2 
	datadep: 
	instructions:
BB 2
	outgoing: 3 
	datadep: 
	instructions:
		 0: 
		 1: 
		 2: 
		 3: 
		 4: 
BB 3
	outgoing: 4 6 
	datadep: 2 
	instructions:
		 0: 
		 1: 
		 2: %cl_1_3[3.1,] role[2.2,] 
		 3: person->send %cl_1_4[3.2,] 
		 4: RETURN %cl_1_5[3.3,] 
BB 4
	outgoing: 6 
	datadep: 
	instructions:
		 0: 
		 1: %cl_1_6[4.0,] 
		 2: RETURN %cl_1_7[4.1,] 
BB 6
	outgoing: 
	datadep: 
	instructions:
CLOSURE END
		 7: roles[5.6,] %v_19[10.6,] 
		 8: %v_20[10.7,] 
		 9: 
		 10: options[4.1,2.6,] 
		 11: BRANCH %v_21[10.10,] 
BB 11
	outgoing: 13 14 
	datadep: 10 2 
	instructions:
		 0: 
		 1: roles->first roles[10.8,] 
		 2: %self->link_to_role %self[2.0,] %v_22[11.1,] 
		 3: 
BB 12
	outgoing: 14 16 
	datadep: 2 10 4 2 
	instructions:
		 0: 
		 1: roles->map %self[2.0,] roles[10.8,] 
CLOSURE BEGIN: 
BB 1
	outgoing: 6 2 
	datadep: 
	instructions:
BB 2
	outgoing: 3 
	datadep: 
	instructions:
		 0: 
		 1: 
		 2: 
		 3: 
		 4: 
BB 3
	outgoing: 4 6 
	datadep: 2 2 
	instructions:
		 0: 
		 1: %self->link_to_role %self[2.0,] r[2.2,] 
		 2: RETURN %cl_2_3[3.1,] 
BB 4
	outgoing: 6 
	datadep: 
	instructions:
		 0: 
		 1: %cl_2_4[4.0,] 
		 2: RETURN %cl_2_5[4.1,] 
BB 6
	outgoing: 
	datadep: 
	instructions:
CLOSURE END
		 2: options[4.1,2.6,] 
		 3: %v_24->join %v_24[12.1,] %v_25[12.2,] 
		 4: %v_26->html_safe %v_26[12.3,] 
		 5: RETURN %v_27[12.4,] 
BB 13
	outgoing: 16 
	datadep: 11 
	instructions:
		 0: RETURN %v_23[11.2,] 
BB 14
	outgoing: 16 
	datadep: 
	instructions:
		 0: 
		 1: %v_28[14.0,] 
		 2: RETURN %v_29[14.1,] 
BB 16
	outgoing: 
	datadep: 
	instructions:

SET IRMethod, name = link_to_role
BB 1
	outgoing: 3 2 
	datadep: 
	instructions:
BB 2
	outgoing: 3 
	datadep: 
	instructions:
		 0: 
		 1: 
		 2: 
		 3: 
		 4: 
		 5: 
		 6: 
		 7: role[2.5,] 
		 8: %self->search_path %self[2.0,] %v_3[2.7,] 
		 9: %self[2.0,] %v_4[2.8,] 
CLOSURE BEGIN: 
BB 1
	outgoing: 6 2 
	datadep: 
	instructions:
BB 2
	outgoing: 3 
	datadep: 
	instructions:
		 0: 
		 1: 
		 2: 
		 3: 
BB 3
	outgoing: 4 6 
	datadep: 2 2 
	instructions:
		 0: 
		 1: 
		 2: %self->icon %cl_1_3[3.1,] %self[2.0,] 
		 3: 
		 4: %cl_1_4[3.2,] %cl_1_5[3.3,] 
		 5: 
		 6: %cl_1_7[3.5,] 
		 7: %self->t %self[2.0,] %cl_1_8[3.6,] 
		 8: %cl_1_6[3.4,] %cl_1_9[3.7,] 
		 9: RETURN %cl_1_10[3.8,] 
BB 4
	outgoing: 6 
	datadep: 
	instructions:
		 0: 
		 1: %cl_1_11[4.0,] 
		 2: RETURN %cl_1_12[4.1,] 
BB 6
	outgoing: 
	datadep: 
	instructions:
CLOSURE END
		 10: RETURN %v_5[2.9,] 
BB 3
	outgoing: 
	datadep: 
	instructions:

SET IRMethod, name = submit_or_save_button
BB 1
	outgoing: 8 2 
	datadep: 
	instructions:
BB 2
	outgoing: 3 4 
	datadep: 
	instructions:
		 0: 
		 1: 
		 2: 
		 3: 
		 4: 
		 5: 
		 6: (Setting) 
		 7: %v_3->get %v_3[2.6,] 
		 8: BRANCH %v_4[2.7,] 
BB 3
	outgoing: 4 
	datadep: 2 
	instructions:
		 0: %self[2.0,] @logged_in[] 
		 1: %v_5->admin? %v_5[3.0,] 
		 2: %v_6->! %v_6[3.1,] 
		 3: %v_7[3.2,] 
BB 4
	outgoing: 5 6 
	datadep: 3 2 
	instructions:
		 0: BRANCH %v_4[3.3,2.7,] 
BB 5
	outgoing: 7 
	datadep: 2 
	instructions:
		 0: 
		 1: 
		 2: %self->t %self[2.0,] %v_8[5.1,] 
		 3: 
BB 6
	outgoing: 7 
	datadep: 2 
	instructions:
		 0: 
		 1: 
		 2: %self->t %self[2.0,] %v_10[6.1,] 
		 3: %v_11[6.2,] 
BB 7
	outgoing: 8 
	datadep: 6 5 2 6 5 
	instructions:
		 0: %v_9[6.3,5.2,] 
		 1: 
		 2: 
		 3: %v_12[7.2,] 
		 4: %self->button_tag %v_13[7.3,] %self[2.0,] %v_9[6.3,5.2,] 
		 5: RETURN %v_14[7.4,] 
BB 8
	outgoing: 
	datadep: 
	instructions:

SET IRMethod, name = has_social_networks?
BB 1
	outgoing: 5 2 
	datadep: 
	instructions:
BB 2
	outgoing: 3 4 
	datadep: 
	instructions:
		 0: 
		 1: 
		 2: 
		 3: 
		 4: 
		 5: 
		 6: 
		 7: person->twitter person[2.5,] 
		 8: %v_3->present? %v_3[2.7,] 
		 9: BRANCH %v_4[2.8,] 
BB 3
	outgoing: 5 
	datadep: 2 
	instructions:
		 0: person->facebook_url person[2.5,] 
		 1: %v_5->present? %v_5[3.0,] 
		 2: RETURN %v_6[3.1,] 
BB 4
	outgoing: 5 
	datadep: 2 
	instructions:
		 0: RETURN %v_4[2.8,] 
BB 5
	outgoing: 
	datadep: 
	instructions:

SET IRMethod, name = twitter_url
BB 1
	outgoing: 6 2 
	datadep: 
	instructions:
BB 2
	outgoing: 3 4 
	datadep: 
	instructions:
		 0: 
		 1: 
		 2: 
		 3: 
		 4: 
		 5: 
		 6: 
		 7: person->twitter person[2.5,] 
		 8: %v_3->present? %v_3[2.7,] 
		 9: BRANCH %v_4[2.8,] 
BB 3
	outgoing: 6 
	datadep: 2 
	instructions:
		 0: 
		 1: 
		 2: 
		 3: person->twitter person[2.5,] 
		 4: %v_6[3.2,] %v_7[3.3,] 
		 5: RETURN %v_8[3.4,] 
BB 4
	outgoing: 6 
	datadep: 
	instructions:
		 0: RETURN 
BB 6
	outgoing: 
	datadep: 
	instructions:

