SET IRMethod, name = small_verse?
BB 1
	outgoing: 3 2 
	datadep: 
	instructions:
BB 2
	outgoing: 3 
	datadep: 
	instructions:
		 0: def_%self 
		 1: def_%v_0 
		 2: COPY def_%current_scope 
		 3: COPY def_%current_module 
		 4: 
		 5: RECEIVEARG def_verse 
		 6: 
		 7: verse->text def_%v_3 verse[2.5,] 
		 8: %v_3->length def_%v_4 %v_3[2.7,] 
		 9: (SMALL_VERSE_MAX_LENGTH) def_%v_5 
		 10: def_%v_6 %v_4[2.8,] %v_5[2.9,] 
		 11: RETURN %v_6[2.10,] %self[2.0,] 
BB 3
	outgoing: 
	datadep: 
	instructions:

