digraph MessagesController_keep_as_new {
	User_is_banned__BB1 -> User_is_banned__BB3 [ color=blue ];
	User_is_banned__BB1 -> User_is_banned__BB2 [ color=blue ];
	User_is_banned__BB2 -> User_is_banned__BB3 [ color=blue ];
	User_is_active__BB1 -> User_is_active__BB5 [ color=blue ];
	User_is_active__BB1 -> User_is_active__BB2 [ color=blue ];
	User_is_active__BB2 -> User_is_active__BB3 [ color=blue ];
	User_is_active__BB2 -> User_is_active__BB4 [ color=blue ];
	User_is_active__BB3 -> User_is_active__BB4 [ color=blue ];
	User_is_active__BB4 -> User_is_active__BB5 [ color=blue ];
	ApplicationController_authenticate_user__BB1 -> ApplicationController_authenticate_user__BB10 [ color=blue ];
	ApplicationController_authenticate_user__BB1 -> ApplicationController_authenticate_user__BB2 [ color=blue ];
	ApplicationController_authenticate_user__BB2 -> ApplicationController_authenticate_user__BB3 [ color=blue ];
	ApplicationController_authenticate_user__BB2 -> ApplicationController_authenticate_user__BB4 [ color=blue ];
	ApplicationController_authenticate_user__BB3 -> ApplicationController_authenticate_user__BB4 [ color=blue ];
	ApplicationController_authenticate_user__BB4 -> ApplicationController_authenticate_user__BB5 [ color=blue ];
	ApplicationController_authenticate_user__BB4 -> ApplicationController_authenticate_user__BB6 [ color=blue ];
	ApplicationController_authenticate_user__BB5 -> ApplicationController_authenticate_user__BB6 [ color=blue ];
	ApplicationController_authenticate_user__BB6 -> ApplicationController_authenticate_user__BB7 [ color=blue ];
	ApplicationController_authenticate_user__BB6 -> ApplicationController_authenticate_user__BB8 [ color=blue ];
	ApplicationController_authenticate_user__BB7 -> ApplicationController_authenticate_user__BB9 [ color=blue ];
	ApplicationController_authenticate_user__BB8 -> ApplicationController_authenticate_user__BB9 [ color=blue ];
	ApplicationController_authenticate_user__BB9 -> ApplicationController_authenticate_user__BB10 [ color=blue ];
	ApplicationController_user_is_spider__BB1 -> ApplicationController_user_is_spider__BB5 [ color=blue ];
	ApplicationController_user_is_spider__BB1 -> ApplicationController_user_is_spider__BB2 [ color=blue ];
	ApplicationController_user_is_spider__BB2 -> ApplicationController_user_is_spider__BB3 [ color=blue ];
	ApplicationController_user_is_spider__BB2 -> ApplicationController_user_is_spider__BB4 [ color=blue ];
	ApplicationController_user_is_spider__BB3 -> ApplicationController_user_is_spider__BB5 [ color=blue ];
	ApplicationController_user_is_spider__BB4 -> ApplicationController_user_is_spider__BB5 [ color=blue ];
	ApplicationController_increase_traffic_counter__BB1 -> ApplicationController_increase_traffic_counter__BB8 [ color=blue ];
	ApplicationController_increase_traffic_counter__BB1 -> ApplicationController_increase_traffic_counter__BB2 [ color=blue ];
	ApplicationController_increase_traffic_counter__BB2 -> ApplicationController_increase_traffic_counter__BB3 [ color=blue ];
	ApplicationController_increase_traffic_counter__BB2 -> ApplicationController_increase_traffic_counter__BB4 [ color=blue ];
	ApplicationController_increase_traffic_counter__BB3 -> ApplicationController_increase_traffic_counter__BB4 [ color=blue ];
	ApplicationController_increase_traffic_counter__BB4 -> ApplicationController_increase_traffic_counter__BB5 [ color=blue ];
	ApplicationController_increase_traffic_counter__BB4 -> ApplicationController_increase_traffic_counter__BB6 [ color=blue ];
	ApplicationController_increase_traffic_counter__BB5 -> ApplicationController_increase_traffic_counter__BB8 [ color=blue ];
	ApplicationController_increase_traffic_counter__BB6 -> ApplicationController_increase_traffic_counter__BB8 [ color=blue ];
	ApplicationController_increase_traffic_counter__BB6:f0 -> ApplicationController_increase_traffic_counter_386788_closure0_BB1 [color=blue ];
	ApplicationController_increase_traffic_counter_386788_closure0_BB6:f0 -> ApplicationController_increase_traffic_counter__BB6 [color=blue ];
	ApplicationController_increase_traffic_counter_386788_closure0_BB1 -> ApplicationController_increase_traffic_counter_386788_closure0_BB6 [ color=blue ];
	ApplicationController_increase_traffic_counter_386788_closure0_BB1 -> ApplicationController_increase_traffic_counter_386788_closure0_BB2 [ color=blue ];
	ApplicationController_increase_traffic_counter_386788_closure0_BB2 -> ApplicationController_increase_traffic_counter_386788_closure0_BB3 [ color=blue ];
	ApplicationController_increase_traffic_counter_386788_closure0_BB3 -> ApplicationController_increase_traffic_counter_386788_closure0_BB4 [ color=blue ];
	ApplicationController_increase_traffic_counter_386788_closure0_BB3 -> ApplicationController_increase_traffic_counter_386788_closure0_BB6 [ color=blue ];
	ApplicationController_increase_traffic_counter_386788_closure0_BB4 -> ApplicationController_increase_traffic_counter_386788_closure0_BB6 [ color=blue ];
	ApplicationController_increase_traffic_counter_386788_closure0_BB6 -> ApplicationController_increase_traffic_counter_386788_closure0_BB1 [color=blue ];
	ApplicationController_require_logged_in_user__BB1 -> ApplicationController_require_logged_in_user__BB9 [ color=blue ];
	ApplicationController_require_logged_in_user__BB1 -> ApplicationController_require_logged_in_user__BB2 [ color=blue ];
	ApplicationController_require_logged_in_user__BB2 -> ApplicationController_require_logged_in_user__BB3 [ color=blue ];
	ApplicationController_require_logged_in_user__BB2 -> ApplicationController_require_logged_in_user__BB4 [ color=blue ];
	ApplicationController_require_logged_in_user__BB3 -> ApplicationController_require_logged_in_user__BB9 [ color=blue ];
	ApplicationController_require_logged_in_user__BB4 -> ApplicationController_require_logged_in_user__BB5 [ color=blue ];
	ApplicationController_require_logged_in_user__BB4 -> ApplicationController_require_logged_in_user__BB6 [ color=blue ];
	ApplicationController_require_logged_in_user__BB5 -> ApplicationController_require_logged_in_user__BB7 [ color=blue ];
	ApplicationController_require_logged_in_user__BB6 -> ApplicationController_require_logged_in_user__BB7 [ color=blue ];
	ApplicationController_require_logged_in_user__BB7 -> ApplicationController_require_logged_in_user__BB9 [ color=blue ];
	MessagesController_find_message__BB1 -> MessagesController_find_message__BB14 [ color=blue ];
	MessagesController_find_message__BB1 -> MessagesController_find_message__BB2 [ color=blue ];
	MessagesController_find_message__BB2 -> MessagesController_find_message__BB3 [ color=blue ];
	MessagesController_find_message__BB2 -> MessagesController_find_message__BB4 [ color=blue ];
	MessagesController_find_message__BB3 -> MessagesController_find_message__BB4 [ color=blue ];
	MessagesController_find_message__BB4 -> MessagesController_find_message__BB5 [ color=blue ];
	MessagesController_find_message__BB4 -> MessagesController_find_message__BB11 [ color=blue ];
	MessagesController_find_message__BB5 -> MessagesController_find_message__BB6 [ color=blue ];
	MessagesController_find_message__BB5 -> MessagesController_find_message__BB7 [ color=blue ];
	MessagesController_find_message__BB6 -> MessagesController_find_message__BB7 [ color=blue ];
	MessagesController_find_message__BB7 -> MessagesController_find_message__BB8 [ color=blue ];
	MessagesController_find_message__BB7 -> MessagesController_find_message__BB9 [ color=blue ];
	MessagesController_find_message__BB8 -> MessagesController_find_message__BB14 [ color=blue ];
	MessagesController_find_message__BB9 -> MessagesController_find_message__BB12 [ color=blue ];
	MessagesController_find_message__BB11 -> MessagesController_find_message__BB12 [ color=blue ];
	MessagesController_find_message__BB12 -> MessagesController_find_message__BB14 [ color=blue ];
	User_update_unread_message_count__BB1 -> User_update_unread_message_count__BB3 [ color=blue ];
	User_update_unread_message_count__BB1 -> User_update_unread_message_count__BB2 [ color=blue ];
	User_update_unread_message_count__BB2 -> User_update_unread_message_count__BB3 [ color=blue ];
	Message_update_unread_counts__BB1 -> Message_update_unread_counts__BB3 [ color=blue ];
	Message_update_unread_counts__BB1 -> Message_update_unread_counts__BB2 [ color=blue ];
	Message_update_unread_counts__BB2 -> Message_update_unread_counts__BB3 [ color=blue ];
	Message_check_for_both_deleted__BB1 -> Message_check_for_both_deleted__BB8 [ color=blue ];
	Message_check_for_both_deleted__BB1 -> Message_check_for_both_deleted__BB2 [ color=blue ];
	Message_check_for_both_deleted__BB2 -> Message_check_for_both_deleted__BB3 [ color=blue ];
	Message_check_for_both_deleted__BB2 -> Message_check_for_both_deleted__BB4 [ color=blue ];
	Message_check_for_both_deleted__BB3 -> Message_check_for_both_deleted__BB4 [ color=blue ];
	Message_check_for_both_deleted__BB4 -> Message_check_for_both_deleted__BB5 [ color=blue ];
	Message_check_for_both_deleted__BB4 -> Message_check_for_both_deleted__BB6 [ color=blue ];
	Message_check_for_both_deleted__BB5 -> Message_check_for_both_deleted__BB8 [ color=blue ];
	Message_check_for_both_deleted__BB6 -> Message_check_for_both_deleted__BB8 [ color=blue ];
	ShortId_candidate_id__BB1 -> ShortId_candidate_id__BB3 [ color=blue ];
	ShortId_candidate_id__BB1 -> ShortId_candidate_id__BB2 [ color=blue ];
	ShortId_candidate_id__BB2 -> ShortId_candidate_id__BB3 [ color=blue ];
	ShortId_generate__BB1 -> ShortId_generate__BB13 [ color=blue ];
	ShortId_generate__BB1 -> ShortId_generate__BB2 [ color=blue ];
	ShortId_generate__BB2 -> ShortId_generate__BB3 [ color=blue ];
	ShortId_generate__BB3 -> ShortId_generate__BB4 [ color=blue ];
	ShortId_generate__BB3 -> ShortId_generate__BB5 [ color=blue ];
	ShortId_generate__BB4 -> ShortId_generate__BB5 [ color=blue ];
	ShortId_generate__BB5 -> ShortId_generate__BB6 [ color=blue ];
	ShortId_generate__BB5 -> ShortId_generate__BB11 [ color=blue ];
	ShortId_generate__BB6 -> ShortId_generate__BB7 [ color=blue ];
	ShortId_generate__BB6 -> ShortId_generate__BB8 [ color=blue ];
	ShortId_generate__BB7 -> ShortId_generate__BB9 [ color=blue ];
	ShortId_generate__BB8 -> ShortId_generate__BB9 [ color=blue ];
	ShortId_generate__BB9 -> ShortId_generate__BB3 [ color=blue ];
	ShortId_generate__BB11 -> ShortId_generate__BB13 [ color=blue ];
	Message_assign_short_id__BB1 -> Message_assign_short_id__BB3 [ color=blue ];
	Message_assign_short_id__BB1 -> Message_assign_short_id__BB2 [ color=blue ];
	Message_assign_short_id__BB2 -> Message_assign_short_id__BB3 [ color=blue ];
	Message_plaintext_body__BB1 -> Message_plaintext_body__BB3 [ color=blue ];
	Message_plaintext_body__BB1 -> Message_plaintext_body__BB2 [ color=blue ];
	Message_plaintext_body__BB2 -> Message_plaintext_body__BB3 [ color=blue ];
	Message_url__BB1 -> Message_url__BB3 [ color=blue ];
	Message_url__BB1 -> Message_url__BB2 [ color=blue ];
	Message_url__BB2 -> Message_url__BB3 [ color=blue ];
	User_pushover__BB1 -> User_pushover__BB6 [ color=blue ];
	User_pushover__BB1 -> User_pushover__BB2 [ color=blue ];
	User_pushover__BB2 -> User_pushover__BB3 [ color=blue ];
	User_pushover__BB2 -> User_pushover__BB4 [ color=blue ];
	User_pushover__BB3 -> User_pushover__BB6 [ color=blue ];
	User_pushover__BB4 -> User_pushover__BB6 [ color=blue ];
	Message_deliver_email_notifications__BB1 -> Message_deliver_email_notifications__BB21 [ color=blue ];
	Message_deliver_email_notifications__BB1 -> Message_deliver_email_notifications__BB2 [ color=blue ];
	Message_deliver_email_notifications__BB2 -> Message_deliver_email_notifications__BB3 [ color=blue ];
	Message_deliver_email_notifications__BB2 -> Message_deliver_email_notifications__BB4 [ color=blue ];
	Message_deliver_email_notifications__BB3 -> Message_deliver_email_notifications__BB21 [ color=blue ];
	Message_deliver_email_notifications__BB4 -> Message_deliver_email_notifications__BB6 [ color=blue ];
	Message_deliver_email_notifications__BB4 -> Message_deliver_email_notifications__BB16 [ color=blue ];
	Message_deliver_email_notifications__BB6 -> Message_deliver_email_notifications__BB8 [ color=blue ];
	Message_deliver_email_notifications__BB8 -> Message_deliver_email_notifications__BB9 [ color=blue ];
	Message_deliver_email_notifications__BB8 -> Message_deliver_email_notifications__BB10 [ color=blue ];
	Message_deliver_email_notifications__BB9 -> Message_deliver_email_notifications__BB15 [ color=blue ];
	Message_deliver_email_notifications__BB10 -> Message_deliver_email_notifications__BB11 [ color=blue ];
	Message_deliver_email_notifications__BB10 -> Message_deliver_email_notifications__BB12 [ color=blue ];
	Message_deliver_email_notifications__BB10 -> Message_deliver_email_notifications__BB14 [ color=blue ];
	Message_deliver_email_notifications__BB11 -> Message_deliver_email_notifications__BB14 [ color=blue ];
	Message_deliver_email_notifications__BB11 -> Message_deliver_email_notifications__BB21 [ color=blue ];
	Message_deliver_email_notifications__BB12 -> Message_deliver_email_notifications__BB13 [ color=blue ];
	Message_deliver_email_notifications__BB12 -> Message_deliver_email_notifications__BB14 [ color=blue ];
	Message_deliver_email_notifications__BB13 -> Message_deliver_email_notifications__BB15 [ color=blue ];
	Message_deliver_email_notifications__BB14 -> Message_deliver_email_notifications__BB21 [ color=blue ];
	Message_deliver_email_notifications__BB15 -> Message_deliver_email_notifications__BB17 [ color=blue ];
	Message_deliver_email_notifications__BB16 -> Message_deliver_email_notifications__BB17 [ color=blue ];
	Message_deliver_email_notifications__BB17 -> Message_deliver_email_notifications__BB18 [ color=blue ];
	Message_deliver_email_notifications__BB17 -> Message_deliver_email_notifications__BB19 [ color=blue ];
	Message_deliver_email_notifications__BB18 -> Message_deliver_email_notifications__BB21 [ color=blue ];
	Message_deliver_email_notifications__BB19 -> Message_deliver_email_notifications__BB21 [ color=blue ];
	MessagesController_keep_as_new__BB1 -> MessagesController_keep_as_new__BB4 [ color=blue ];
	MessagesController_keep_as_new__BB1 -> MessagesController_keep_as_new__BB2 [ color=blue ];
	MessagesController_keep_as_new__BB2 -> MessagesController_keep_as_new__BB4 [ color=blue ];
}