SET IRMethod, name = initialize
BB 1
	outgoing: 5 2 
	datadep: 
	instructions:
BB 2
	outgoing: 3 4 
	datadep: 
	instructions:
		 0: def_%self 
		 1: def_%v_0 
		 2: COPY TYPE_CurrentScope def_%current_scope 
		 3: COPY TYPE_ScopeModule def_%current_module 
		 4: 
		 5: RECEIVEARG def_controller 
		 6: RECEIVEARG def_resources 
		 7: RECEIVECONSTARG def_options 
		 8: options[2.7,] 
BB 3
	outgoing: 4 
	datadep: 
	instructions:
		 0: HASH- def_%v_3 
		 1: COPY TYPE_PASS def_options %v_3[3.0,] 
BB 4
	outgoing: 5 
	datadep: 
	instructions:
		 0: 
		 1: resources->[] def_%v_4 resources[2.6,] 	 ARGS:Fixnum,
		 2: ATTRASSIGN %self->page %v_4[4.1,] 
		 3: 
		 4: resources->[] def_%v_5 resources[4.1,2.6,] 	 ARGS:Fixnum,
		 5: ATTRASSIGN %self->page_layout %v_5[4.4,] 
		 6: 
		 7: %current_module->initialize def_%v_6 %current_module[2.3,] controller[2.5,] resources[4.1,4.4,2.6,] options[3.1,2.7,] %v_0[2.1,] 	 ARGS:controller,resources,options,
		 8: RETURN %v_6[4.7,] %self[4.2,4.5,2.0,] 
BB 5
	outgoing: 
	datadep: 
	instructions:

SET IRMethod, name = to_html
BB 1
	outgoing: 3 2 
	datadep: 
	instructions:
BB 2
	outgoing: 3 
	datadep: 
	instructions:
		 0: def_%self 
		 1: def_%v_0 
		 2: COPY TYPE_CurrentScope def_%current_scope 
		 3: COPY TYPE_ScopeModule def_%current_module 
		 4: 
		 5: 
		 6: GETFIELD %self->page_layout def_%v_3 %self[2.0,] 
		 7: COPY TYPE_StringLiteral def_%v_4 
		 8: HASH-layout-action- def_%v_5 %v_3[2.6,] %v_4[2.7,] 
		 9: %self->render def_%v_6 %self[2.0,] %v_5[2.8,] 	 ARGS:%v_5,
		 10: RETURN %v_6[2.9,] %self[2.0,2.9,] 
BB 3
	outgoing: 
	datadep: 
	instructions:

