SET IRMethod, name = show
BB 1
	outgoing: 12 2 
	datadep: 
	instructions:
BB 2
	outgoing: 3 4 
	datadep: 
	instructions:
		 0: def_%self 
		 1: def_%v_0 
		 2: COPY def_%current_scope 
		 3: COPY def_%current_module 
		 4: 
		 5: 
		 6: ATTRASSIGN %self->@cache_size %self[2.0,] 
		 7: 
		 8: ATTRASSIGN %self->@cache_number %self[2.0,] 
		 9: 
		 10: (File) def_%v_3 
		 11: (Publify) def_%v_4 
		 12: def_%v_5 %v_4[2.11,] 
		 13: %v_5[2.12,] 
BB 3
	outgoing: 4 
	datadep: 
	instructions:
		 0: def_%v_5 %v_4[2.11,] 
BB 4
	outgoing: 5 6 
	datadep: 
	instructions:
		 0: %v_5->config def_%v_6 %v_5[3.0,2.12,] 
		 1: %v_6->action_controller def_%v_7 %v_6[4.0,] 
		 2: %v_7->page_cache_directory def_%v_8 %v_7[4.1,] 
		 3: %v_3->exist? def_%v_9 %v_3[2.10,] %v_8[4.2,] 
		 4: BRANCH %v_9[4.3,] 
BB 5
	outgoing: 9 
	datadep: 
	instructions:
		 0: COPY def_%v_10 
		 1: 
BB 6
	outgoing: 7 8 
	datadep: 
	instructions:
		 0: (FileUtils) def_%v_11 
		 1: (Publify) def_%v_12 
		 2: def_%v_13 %v_12[6.1,] 
		 3: %v_13[6.2,] 
BB 7
	outgoing: 8 
	datadep: 
	instructions:
		 0: def_%v_13 %v_12[6.1,] 
BB 8
	outgoing: 9 
	datadep: 
	instructions:
		 0: %v_13->config def_%v_14 %v_13[7.0,6.2,] 
		 1: %v_14->action_controller def_%v_15 %v_14[8.0,] 
		 2: %v_15->page_cache_directory def_%v_16 %v_15[8.1,] 
		 3: %v_11->mkdir_p def_%v_17 %v_11[6.0,] %v_16[8.2,] 
		 4: COPY def_%v_10 %v_17[8.3,] 
BB 9
	outgoing: 10 11 
	datadep: 
	instructions:
		 0: 
		 1: (Find) def_%v_18 
		 2: (Publify) def_%v_19 
		 3: def_%v_20 %v_19[9.2,] 
		 4: %v_20[9.3,] 
BB 10
	outgoing: 11 
	datadep: 
	instructions:
		 0: def_%v_20 %v_19[9.2,] 
BB 11
	outgoing: 12 
	datadep: 
	instructions:
		 0: %v_20->config def_%v_21 %v_20[10.0,9.3,] 
		 1: %v_21->action_controller def_%v_22 %v_21[11.0,] 
		 2: %v_22->page_cache_directory def_%v_23 %v_22[11.1,] 
		 3: def_%v_24 %v_18[9.1,] %v_23[11.2,] %self[2.0,] 
CLOSURE BEGIN: path[] %self[2.0,] 
BB 1
	outgoing: 12 2 
	datadep: 
	instructions:
BB 2
	outgoing: 3 
	datadep: 
	instructions:
		 0: def_%self 
		 1: def_%cl_1_0 
		 2: RECEIVEARG def_path 
		 3: COPY def_%current_scope 
		 4: COPY def_%current_module 
BB 3
	outgoing: 4 8 10 
	datadep: 
	instructions:
		 0: 
		 1: (FileTest) def_%cl_1_3 
		 2: %cl_1_3->directory? def_%cl_1_4 %cl_1_3[3.1,] path[2.2,] 
		 3: BRANCH %cl_1_4[3.2,] 
BB 4
	outgoing: 5 6 10 
	datadep: 
	instructions:
		 0: 
		 1: (File) def_%cl_1_5 
		 2: %cl_1_5->basename def_%cl_1_6 %cl_1_5[4.1,] path[2.2,] 
		 3: def_%cl_1_7 %cl_1_6[4.2,] 
		 4: COPY def_%cl_1_8 
		 5: %cl_1_7->== def_%cl_1_9 %cl_1_7[4.3,] %cl_1_8[4.4,] 
		 6: BRANCH %cl_1_9[4.5,] 
BB 5
	outgoing: 7 10 
	datadep: 
	instructions:
		 0: 
		 1: (Find) def_%cl_1_10 
		 2: %cl_1_10->prune def_%cl_1_11 %cl_1_10[5.1,] 
		 3: 
BB 6
	outgoing: 10 12 
	datadep: 
	instructions:
		 0: 
		 1: 
		 2: RETURN %self[2.0,] 
BB 7
	outgoing: 12 
	datadep: 
	instructions:
		 0: RETURN %cl_1_11[5.2,] %self[2.0,] 
BB 8
	outgoing: 10 12 
	datadep: 
	instructions:
		 0: 
		 1: def_%cl_1_12 %self[2.0,] 
		 2: (FileTest) def_%cl_1_13 
		 3: %cl_1_13->size def_%cl_1_14 %cl_1_13[8.2,] path[2.2,] 
		 4: def_%cl_1_15 %cl_1_12[8.1,] %cl_1_14[8.3,] 
		 5: ATTRASSIGN %self->@cache_size %self[2.0,] %cl_1_15[8.4,] 
		 6: 
		 7: def_%cl_1_16 %self[2.0,] 
		 8: def_%cl_1_17 %cl_1_16[8.7,] 
		 9: ATTRASSIGN %self->@cache_number %self[2.0,] %cl_1_17[8.8,] 
		 10: RETURN %cl_1_17[8.8,] %self[2.0,] 
BB 10
	outgoing: 12 
	datadep: 
	instructions:
		 0: def_%cl_1_18 
		 1: def_%cl_1_19 %cl_1_18[10.0,] 
		 2: RETURN %cl_1_19[10.1,] %self[2.0,] 
BB 12
	outgoing: 
	datadep: 
	instructions:
CLOSURE END
		 4: RETURN %v_24[11.3,] %self[2.0,] 
BB 12
	outgoing: 
	datadep: 
	instructions:

SET IRMethod, name = destroy
BB 1
	outgoing: 12 2 
	datadep: 
	instructions:
BB 2
	outgoing: 4 
	datadep: 
	instructions:
		 0: def_%self 
		 1: def_%v_0 
		 2: COPY def_%current_scope 
		 3: COPY def_%current_module 
		 4: 
		 5: 
		 6: def_%v_3 
BB 4
	outgoing: 5 6 
	datadep: 
	instructions:
		 0: 
		 1: 
		 2: (PageCache) def_%v_6 
		 3: %v_6->sweep_all def_%v_7 %v_6[4.2,] 
		 4: 
		 5: %self->flash def_%v_8 %self[2.0,] 
		 6: COPY def_%v_9 
		 7: %self->t def_%v_10 %self[4.5,2.0,] %v_9[4.6,] 
		 8: %v_8[4.5,] %v_10[4.7,] 
		 9: COPY def_%v_5 %v_10[4.7,] 
		 10: %v_3[2.6,] 
BB 5
	outgoing: 11 
	datadep: 
	instructions:
		 0: 
BB 6
	outgoing: 7 8 10 
	datadep: 
	instructions:
		 0: def_%v_11 
		 1: def_%v_12 %v_11[6.0,] 
		 2: BRANCH %v_12[6.1,] 
BB 7
	outgoing: 10 12 
	datadep: 
	instructions:
		 0: %v_11[6.0,] 
BB 8
	outgoing: 9 10 
	datadep: 
	instructions:
		 0: 
		 1: %self->flash def_%v_13 %self[2.0,] 
		 2: COPY def_%v_14 
		 3: %self->t def_%v_15 %self[8.1,2.0,] %v_14[8.2,] 
		 4: %v_13[8.1,] %v_15[8.3,] 
		 5: COPY def_%v_5 %v_15[8.3,] 
		 6: %v_3[2.6,] 
BB 9
	outgoing: 11 
	datadep: 
	instructions:
		 0: 
BB 10
	outgoing: 12 
	datadep: 
	instructions:
		 0: def_%v_16 
		 1: def_%v_17 %v_16[10.0,] %v_3[2.6,] 
		 2: %v_16[10.0,] 
BB 11
	outgoing: 12 
	datadep: 
	instructions:
		 0: 
		 1: %self->admin_cache_url def_%v_18 %self[2.0,] 
		 2: %self->redirect_to def_%v_19 %self[11.1,2.0,] %v_18[11.1,] 
		 3: RETURN %v_19[11.2,] %self[11.1,11.2,2.0,] 
BB 12
	outgoing: 
	datadep: 
	instructions:

