SET IRMethod, name = index
BB 1
	outgoing: 9 2 
	datadep: 
	instructions:
BB 2
	outgoing: 3 4 
	datadep: 
	instructions:
		 0: 
		 1: 
		 2: 
		 3: 
		 4: 
		 5: 
		 6: %self->params %self[2.0,] 
		 7: %v_3[2.6,] 
		 8: BRANCH %v_4[2.7,] 
BB 3
	outgoing: 5 
	datadep: 2 
	instructions:
		 0: %self->params %self[2.0,] 
		 1: %v_5[3.0,] 
		 2: 
BB 4
	outgoing: 5 
	datadep: 
	instructions:
		 0: 
		 1: %v_7[4.0,] 
BB 5
	outgoing: 6 7 
	datadep: 2 4 3 2 2 2 2 
	instructions:
		 0: %self[2.0,] %v_6[4.1,3.1,] @search[] 
		 1: 
		 2: (Article) 
		 3: @search[5.0,] 
		 4: %v_8->search_with %v_8[5.2,] %v_9[5.3,] 
		 5: %self->params %self[2.0,] 
		 6: %v_11[5.5,] 
		 7: %v_10->page %v_10[5.4,] %v_12[5.6,] 
		 8: %self->this_blog %self[2.0,] 
		 9: %v_14->admin_display_elements %v_14[5.8,] 
		 10: %v_13->per %v_13[5.7,] %v_15[5.9,] 
		 11: %self[2.0,] %v_16[5.10,] @articles[] 
		 12: 
		 13: %self->request %self[2.0,] 
		 14: %v_17->xhr? %v_17[5.13,] 
		 15: BRANCH %v_18[5.14,] 
BB 6
	outgoing: 8 
	datadep: 2 
	instructions:
		 0: 
		 1: %self->respond_to %self[2.0,] 
CLOSURE BEGIN: @search[5.0,] @articles[5.11,] @article[] 
BB 1
	outgoing: 6 2 
	datadep: 
	instructions:
BB 2
	outgoing: 3 
	datadep: 
	instructions:
		 0: 
		 1: 
		 2: 
		 3: 
		 4: 
BB 3
	outgoing: 4 6 
	datadep: 2 2 
	instructions:
		 0: 
		 1: format->js %self[2.0,] format[2.2,] 
CLOSURE BEGIN: 
BB 1
	outgoing: 6 2 
	datadep: 
	instructions:
BB 2
	outgoing: 6 
	datadep: 
	instructions:
		 0: 
		 1: 
		 2: 
		 3: 
		 4: RETURN 
BB 6
	outgoing: 
	datadep: 
	instructions:
CLOSURE END
		 2: RETURN %cl_1_3[3.1,] 
BB 4
	outgoing: 6 
	datadep: 
	instructions:
		 0: 
		 1: %cl_1_4[4.0,] 
		 2: RETURN %cl_1_5[4.1,] 
BB 6
	outgoing: 
	datadep: 
	instructions:
CLOSURE END
		 2: 
BB 7
	outgoing: 8 
	datadep: 2 2 
	instructions:
		 0: 
		 1: (Article) 
		 2: %self->params %self[2.0,] 
		 3: %v_21[7.2,] 
		 4: %v_20->new %v_20[7.1,] %v_22[7.3,] 
		 5: %self[2.0,] %v_23[7.4,] @article[] 
		 6: %v_23[7.4,] 
BB 8
	outgoing: 9 
	datadep: 2 2 
	instructions:
		 0: 
		 1: %self[2.0,] 
CLOSURE BEGIN: @search[5.0,] @articles[5.11,] @article[7.5,] 
BB 1
	outgoing: 6 2 
	datadep: 
	instructions:
BB 2
	outgoing: 3 
	datadep: 
	instructions:
		 0: 
		 1: 
		 2: 
		 3: 
BB 3
	outgoing: 4 6 
	datadep: 2 2 2 
	instructions:
		 0: 
		 1: 
		 2: %self->t %self[2.0,] %cl_3_3[3.1,] 
		 3: 
		 4: 
		 5: %self->t %self[2.0,] %cl_3_5[3.4,] 
		 6: 
		 7: 
		 8: %cl_3_7[3.6,] %cl_3_8[3.7,] 
		 9: 
		 10: 
		 11: %cl_3_11[3.10,] %cl_3_10[3.9,] 
		 12: %self->link_to %self[2.0,] %cl_3_9[3.8,] %cl_3_6[3.5,] %cl_3_12[3.11,] 
		 13: RETURN %cl_3_13[3.12,] 
BB 4
	outgoing: 6 
	datadep: 
	instructions:
		 0: 
		 1: %cl_3_14[4.0,] 
		 2: RETURN %cl_3_15[4.1,] 
BB 6
	outgoing: 
	datadep: 
	instructions:
CLOSURE END
		 2: 
		 3: 
		 4: %v_25[8.3,] 
		 5: 
		 6: 
		 7: 
		 8: %v_27[8.5,] %v_28[8.6,] %v_29[8.7,] 
		 9: %self->form_tag %self[2.0,] %v_26[8.4,] %v_30[8.8,] 
CLOSURE BEGIN: @search[5.0,] @articles[5.11,] @article[7.5,] 
BB 1
	outgoing: 11 2 
	datadep: 
	instructions:
BB 2
	outgoing: 3 
	datadep: 
	instructions:
		 0: 
		 1: 
		 2: 
		 3: 
BB 3
	outgoing: 4 5 9 
	datadep: 2 
	instructions:
		 0: 
		 1: %self->params %self[2.0,] 
		 2: %cl_4_3[3.1,] 
		 3: BRANCH %cl_4_4[3.2,] 
BB 4
	outgoing: 5 9 
	datadep: 2 
	instructions:
		 0: %self->params %self[2.0,] 
		 1: %cl_4_5[4.0,] 
		 2: 
		 3: %cl_4_6[4.1,] %cl_4_7[4.2,] 
		 4: %cl_4_8[4.3,] 
BB 5
	outgoing: 6 7 
	datadep: 4 3 
	instructions:
		 0: BRANCH %cl_4_4[4.4,3.2,] 
BB 6
	outgoing: 8 9 
	datadep: 2 
	instructions:
		 0: 
		 1: %self->params %self[2.0,] 
		 2: %cl_4_9[6.1,] 
		 3: 
		 4: %cl_4_10[6.2,] %cl_4_11[6.3,] 
		 5: 
BB 7
	outgoing: 8 
	datadep: 
	instructions:
		 0: 
BB 8
	outgoing: 9 11 
	datadep: 2 2 2 2 2 2 2 2 2 2 2 2 2 2 2 2 2 2 2 2 2 
	instructions:
		 0: 
		 1: 
		 2: %self->t %self[2.0,] %cl_4_13[8.1,] 
		 3: 
		 4: %cl_4_15[8.3,] 
		 5: 
		 6: %cl_4_17[8.5,] 
		 7: %self->link_to %cl_4_18[8.6,] %self[2.0,] %cl_4_16[8.4,] %cl_4_14[8.2,] 
		 8: 
		 9: 
		 10: %self->t %self[2.0,] %cl_4_20[8.9,] 
		 11: 
		 12: 
		 13: %cl_4_23[8.12,] 
		 14: %cl_4_24[8.13,] %cl_4_22[8.11,] 
		 15: 
		 16: %cl_4_26[8.15,] 
		 17: %self->link_to %self[2.0,] %cl_4_27[8.16,] %cl_4_21[8.10,] %cl_4_25[8.14,] 
		 18: 
		 19: 
		 20: %self->t %cl_4_29[8.19,] %self[2.0,] 
		 21: 
		 22: 
		 23: %cl_4_32[8.22,] 
		 24: %cl_4_31[8.21,] %cl_4_33[8.23,] 
		 25: 
		 26: %cl_4_35[8.25,] 
		 27: %self->link_to %self[2.0,] %cl_4_30[8.20,] %cl_4_36[8.26,] %cl_4_34[8.24,] 
		 28: 
		 29: 
		 30: %self->t %self[2.0,] %cl_4_38[8.29,] 
		 31: 
		 32: 
		 33: %cl_4_41[8.32,] 
		 34: %cl_4_42[8.33,] %cl_4_40[8.31,] 
		 35: 
		 36: %cl_4_44[8.35,] 
		 37: %self->link_to %cl_4_39[8.30,] %self[2.0,] %cl_4_43[8.34,] %cl_4_45[8.36,] 
		 38: 
		 39: 
		 40: %self->t %self[2.0,] %cl_4_47[8.39,] 
		 41: 
		 42: 
		 43: %cl_4_50[8.42,] 
		 44: %cl_4_49[8.41,] %cl_4_51[8.43,] 
		 45: 
		 46: %cl_4_53[8.45,] 
		 47: %self->link_to %self[2.0,] %cl_4_48[8.40,] %cl_4_54[8.46,] %cl_4_52[8.44,] 
		 48: 
		 49: 
		 50: (User) 
		 51: %cl_4_57->all %cl_4_57[8.50,] 
		 52: 
		 53: 
		 54: %self->options_from_collection_for_select %self[2.0,] %cl_4_59[8.52,] %cl_4_60[8.53,] %cl_4_58[8.51,] 
		 55: 
		 56: %self->t %self[2.0,] %cl_4_62[8.55,] 
		 57: 
		 58: %cl_4_64[8.57,] %cl_4_63[8.56,] 
		 59: %self->select_tag %self[2.0,] %cl_4_61[8.54,] %cl_4_65[8.58,] %cl_4_56[8.49,] 
		 60: 
		 61: 
		 62: (Article) 
		 63: %cl_4_68->find_by_published_at %cl_4_68[8.62,] 
		 64: %self->options_for_select %self[2.0,] %cl_4_69[8.63,] 
		 65: 
		 66: %self->t %self[2.0,] %cl_4_71[8.65,] 
		 67: 
		 68: %cl_4_72[8.66,] %cl_4_73[8.67,] 
		 69: %self->select_tag %self[2.0,] %cl_4_70[8.64,] %cl_4_74[8.68,] %cl_4_67[8.61,] 
		 70: 
		 71: 
		 72: %self->t %self[2.0,] %cl_4_76[8.71,] 
		 73: 
		 74: %cl_4_78[8.73,] 
		 75: %self->submit_tag %self[2.0,] %cl_4_79[8.74,] %cl_4_77[8.72,] 
		 76: 
		 77: 
		 78: %self->image_tag %self[2.0,] %cl_4_81[8.77,] 
		 79: 
		 80: %self->ruby_code_from_view %self[2.0,] 
		 81: %cl_4_83->ruby_code_from_view %self[2.0,] %cl_4_83[8.80,] 
CLOSURE BEGIN: 
BB 1
	outgoing: 9 2 
	datadep: 
	instructions:
BB 2
	outgoing: 3 
	datadep: 
	instructions:
		 0: 
		 1: 
		 2: 
		 3: 
		 4: 
BB 3
	outgoing: 4 5 7 
	datadep: 2 
	instructions:
		 0: 
		 1: %self[2.0,] @articles[] 
		 2: %cl_5_3->empty? %cl_5_3[3.1,] 
		 3: BRANCH %cl_5_4[3.2,] 
BB 4
	outgoing: 6 7 
	datadep: 2 
	instructions:
		 0: 
		 1: 
		 2: %self->t %self[2.0,] %cl_5_5[4.1,] 
		 3: 
BB 5
	outgoing: 6 
	datadep: 
	instructions:
		 0: 
BB 6
	outgoing: 7 9 
	datadep: 2 2 2 
	instructions:
		 0: 
		 1: %self[2.0,] @articles[3.1,3.1,] 
		 2: %cl_5_8->each %self[2.0,] %cl_5_8[6.1,] 
CLOSURE BEGIN: @articles[6.1,] 
BB 1
	outgoing: 10 2 
	datadep: 
	instructions:
BB 2
	outgoing: 4 5 
	datadep: 
	instructions:
		 0: 
		 1: 
		 2: 
		 3: 
		 4: 
		 5: 
		 6: article->published article[2.2,] 
		 7: BRANCH %cl_6_3[2.6,] 
BB 4
	outgoing: 6 
	datadep: 2 2 2 
	instructions:
		 0: 
		 1: article->title article[2.2,] 
		 2: 
		 3: %self->link_to_permalink %self[2.0,] article[2.2,] %cl_6_4[4.1,] %cl_6_5[4.2,] 
		 4: 
BB 5
	outgoing: 6 
	datadep: 2 2 2 
	instructions:
		 0: 
		 1: article->title article[2.2,] 
		 2: 
		 3: 
		 4: article->id article[2.2,] 
		 5: %cl_6_8[5.2,] %cl_6_9[5.3,] %cl_6_10[5.4,] 
		 6: 
		 7: 
		 8: %cl_6_13[5.7,] %cl_6_12[5.6,] 
		 9: %self->link_to %self[2.0,] %cl_6_7[5.1,] %cl_6_14[5.8,] %cl_6_11[5.5,] 
		 10: %cl_6_15[5.9,] 
BB 6
	outgoing: 7 8 
	datadep: 2 2 2 2 2 2 2 
	instructions:
		 0: 
		 1: %self->show_actions %self[2.0,] article[2.2,] 
		 2: 
		 3: %self->author_link %self[2.0,] article[2.2,] 
		 4: 
		 5: article->published_at article[2.2,] 
		 6: %self->l %self[2.0,] %cl_6_18[6.5,] 
		 7: 
		 8: article->allow_comments? article[2.2,] 
		 9: BRANCH %cl_6_20[6.8,] 
BB 7
	outgoing: 10 
	datadep: 2 2 2 
	instructions:
		 0: article->comments article[2.2,] 
		 1: %cl_6_21->ham %cl_6_21[7.0,] 
		 2: %cl_6_22->size %cl_6_22[7.1,] 
		 3: %cl_6_23->to_s %cl_6_23[7.2,] 
		 4: 
		 5: %cl_6_24[7.3,] %cl_6_25[7.4,] 
		 6: %cl_6_26->html_safe %cl_6_26[7.5,] 
		 7: 
		 8: article->id article[2.2,] 
		 9: 
		 10: %cl_6_30[7.9,] %cl_6_28[7.7,] %cl_6_29[7.8,] 
		 11: %self->link_to %self[2.0,] %cl_6_27[7.6,] %cl_6_31[7.10,] 
		 12: RETURN %cl_6_32[7.11,] 
BB 8
	outgoing: 10 
	datadep: 
	instructions:
		 0: 
		 1: RETURN %cl_6_33[8.0,] 
BB 10
	outgoing: 
	datadep: 
	instructions:
CLOSURE END
		 3: 
		 4: @articles[6.1,] 
		 5: 
		 6: 
		 7: %self->display_pagination %self[2.0,] %cl_5_9[6.4,] %cl_5_10[6.5,] %cl_5_11[6.6,] 
		 8: RETURN %cl_5_12[6.7,] 
BB 7
	outgoing: 9 
	datadep: 
	instructions:
		 0: 
		 1: %cl_5_13[7.0,] 
		 2: RETURN %cl_5_14[7.1,] 
BB 9
	outgoing: 
	datadep: 
	instructions:
CLOSURE END
		 82: RETURN %cl_4_84[8.81,] 
BB 9
	outgoing: 11 
	datadep: 
	instructions:
		 0: 
		 1: %cl_4_85[9.0,] 
		 2: RETURN %cl_4_86[9.1,] 
BB 11
	outgoing: 
	datadep: 
	instructions:
CLOSURE END
		 10: RETURN %v_31[8.9,] 
BB 9
	outgoing: 
	datadep: 
	instructions:

SET IRMethod, name = new
BB 1
	outgoing: 5 2 
	datadep: 
	instructions:
BB 2
	outgoing: 3 4 
	datadep: 
	instructions:
		 0: 
		 1: 
		 2: 
		 3: 
		 4: 
		 5: 
		 6: (Article) 
		 7: %v_3[2.6,] 
		 8: %v_4[2.7,] 
BB 3
	outgoing: 4 
	datadep: 2 
	instructions:
		 0: %v_3[2.6,] 
BB 4
	outgoing: 5 
	datadep: 2 2 3 2 2 2 2 
	instructions:
		 0: %self->this_blog %self[2.0,] 
		 1: %self->current_user %self[2.0,] 
		 2: %v_4->new %v_4[3.0,2.7,] %v_5[4.0,] %v_6[4.1,] 
		 3: %v_7->default %v_7[4.2,] 
		 4: %self[2.0,] %v_8[4.3,] @article[] 
		 5: 
		 6: %self->load_resources %self[2.0,] 
		 7: 
		 8: 
		 9: %v_10[4.8,] 
		 10: 
		 11: 
		 12: %v_13[4.11,] %v_12[4.10,] 
		 13: %self->form_tag %v_14[4.12,] %self[2.0,] %v_11[4.9,] 
CLOSURE BEGIN: @article[4.4,] 
BB 1
	outgoing: 6 2 
	datadep: 
	instructions:
BB 2
	outgoing: 3 
	datadep: 
	instructions:
		 0: 
		 1: 
		 2: 
		 3: 
BB 3
	outgoing: 4 6 
	datadep: 2 
	instructions:
		 0: 
		 1: 
		 2: %cl_1_3[3.1,] 
		 3: %self->render %cl_1_4[3.2,] %self[2.0,] 
		 4: RETURN %cl_1_5[3.3,] 
BB 4
	outgoing: 6 
	datadep: 
	instructions:
		 0: 
		 1: %cl_1_6[4.0,] 
		 2: RETURN %cl_1_7[4.1,] 
BB 6
	outgoing: 
	datadep: 
	instructions:
CLOSURE END
		 14: RETURN %v_15[4.13,] 
BB 5
	outgoing: 
	datadep: 
	instructions:

SET IRMethod, name = edit
BB 1
	outgoing: 8 2 
	datadep: 
	instructions:
BB 2
	outgoing: 3 4 
	datadep: 
	instructions:
		 0: 
		 1: 
		 2: 
		 3: 
		 4: 
		 5: 
		 6: %self->params %self[2.0,] 
		 7: %v_3[2.6,] 
		 8: %self->access_granted? %self[2.0,] %v_4[2.7,] 
		 9: BRANCH %v_5[2.8,] 
BB 3
	outgoing: 6 7 
	datadep: 2 2 
	instructions:
		 0: 
		 1: 
		 2: (Article) 
		 3: %self->params %self[2.0,] 
		 4: %v_8[3.3,] 
		 5: %v_7->find %v_9[3.4,] %v_7[3.2,] 
		 6: %self[2.0,] %v_10[3.5,] @article[] 
		 7: 
		 8: @article[3.6,] 
		 9: %v_13->text_filter %v_13[3.8,] 
		 10: BRANCH %v_11[3.9,] 
BB 4
	outgoing: 8 
	datadep: 
	instructions:
		 0: RETURN 
BB 6
	outgoing: 7 
	datadep: 2 3 
	instructions:
		 0: %self->current_user %self[2.0,] 
		 1: %v_14->default_text_filter %v_14[6.0,] 
		 2: %v_13[3.8,] %v_15[6.1,] 
		 3: %v_15[6.1,] 
BB 7
	outgoing: 8 
	datadep: 2 2 2 
	instructions:
		 0: 
		 1: %self[2.0,] @article[3.6,3.8,3.6,3.8,] 
		 2: (Tag) 
		 3: @article[7.1,] 
		 4: %v_18->tags %v_18[7.3,] 
		 5: %v_17->collection_to_string %v_17[7.2,] %v_19[7.4,] 
		 6: %v_16[7.1,] %v_20[7.5,] 
		 7: 
		 8: %self->load_resources %self[2.0,] 
		 9: 
		 10: 
		 11: @article[7.1,7.3,] 
		 12: %v_23->id %v_23[7.11,] 
		 13: %v_24[7.12,] %v_22[7.10,] 
		 14: 
		 15: 
		 16: %v_26[7.14,] %v_27[7.15,] 
		 17: %self->form_tag %v_25[7.13,] %self[2.0,] %v_28[7.16,] 
CLOSURE BEGIN: @article[7.1,] 
BB 1
	outgoing: 6 2 
	datadep: 
	instructions:
BB 2
	outgoing: 3 
	datadep: 
	instructions:
		 0: 
		 1: 
		 2: 
		 3: 
BB 3
	outgoing: 4 6 
	datadep: 2 2 
	instructions:
		 0: 
		 1: %self->ruby_code_from_view %self[2.0,] 
		 2: %cl_1_3->ruby_code_from_view %cl_1_3[3.1,] %self[2.0,] 
CLOSURE BEGIN: 
BB 1
	outgoing: 32 2 
	datadep: 
	instructions:
BB 2
	outgoing: 3 
	datadep: 
	instructions:
		 0: 
		 1: 
		 2: 
		 3: 
		 4: 
BB 3
	outgoing: 4 5 30 
	datadep: 2 2 2 
	instructions:
		 0: 
		 1: 
		 2: %self->current_user %self[2.0,] 
		 3: %cl_2_4->text_filter_name %cl_2_4[3.2,] 
		 4: %self->hidden_field_tag %cl_2_3[3.1,] %self[2.0,] %cl_2_5[3.3,] 
		 5: 
		 6: %self[2.0,] @article[] 
		 7: %cl_2_7->present? %cl_2_7[3.6,] 
		 8: BRANCH %cl_2_8[3.7,] 
BB 4
	outgoing: 6 30 
	datadep: 2 2 
	instructions:
		 0: 
		 1: %self[2.0,] @article[3.6,] 
		 2: %cl_2_10->id %cl_2_10[4.1,] 
		 3: %self->hidden_field_tag %self[2.0,] %cl_2_11[4.2,] %cl_2_9[4.0,] 
		 4: 
BB 5
	outgoing: 6 
	datadep: 
	instructions:
		 0: 
BB 6
	outgoing: 7 8 30 
	datadep: 2 2 2 
	instructions:
		 0: 
		 1: 
		 2: %self->t %self[2.0,] %cl_2_13[6.1,] 
		 3: 
		 4: %cl_2_15[6.3,] 
		 5: 
		 6: %cl_2_17[6.5,] 
		 7: %self->link_to %cl_2_16[6.4,] %self[2.0,] %cl_2_14[6.2,] %cl_2_18[6.6,] 
		 8: 
		 9: %self[2.0,] @article[4.1,3.6,] 
		 10: %cl_2_20->id %cl_2_20[6.9,] 
		 11: BRANCH %cl_2_21[6.10,] 
BB 7
	outgoing: 9 30 
	datadep: 2 2 2 
	instructions:
		 0: 
		 1: %self->t %self[2.0,] %cl_2_22[7.0,] 
		 2: 
		 3: 
		 4: %self[2.0,] @article[6.9,] 
		 5: %cl_2_26->id %cl_2_26[7.4,] 
		 6: %cl_2_27[7.5,] %cl_2_24[7.2,] %cl_2_25[7.3,] 
		 7: 
		 8: 
		 9: %cl_2_29[7.7,] %cl_2_30[7.8,] 
		 10: %self->link_to %self[2.0,] %cl_2_28[7.6,] %cl_2_23[7.1,] %cl_2_31[7.9,] 
		 11: 
BB 8
	outgoing: 9 
	datadep: 
	instructions:
		 0: 
BB 9
	outgoing: 10 11 30 
	datadep: 2 2 
	instructions:
		 0: 
		 1: 
		 2: %self->t %self[2.0,] %cl_2_33[9.1,] 
		 3: 
		 4: %self->controller %self[2.0,] 
		 5: %cl_2_35->action_name %cl_2_35[9.4,] 
		 6: 
		 7: %cl_2_37[9.6,] %cl_2_36[9.5,] 
		 8: BRANCH %cl_2_38[9.7,] 
BB 10
	outgoing: 12 30 
	datadep: 2 
	instructions:
		 0: 
		 1: %self->t %self[2.0,] %cl_2_39[10.0,] 
		 2: 
BB 11
	outgoing: 12 30 
	datadep: 2 
	instructions:
		 0: 
		 1: %self->t %self[2.0,] %cl_2_41[11.0,] 
		 2: %cl_2_42[11.1,] 
BB 12
	outgoing: 13 14 30 
	datadep: 2 2 2 2 2 2 2 2 2 2 2 2 2 2 2 
	instructions:
		 0: 
		 1: 
		 2: %self->flash %self[2.0,] 
		 3: %cl_2_44[12.2,] 
		 4: %self->render %self[2.0,] %cl_2_45[12.3,] %cl_2_43[12.1,] 
		 5: 
		 6: 
		 7: %self->error_messages_for %self[2.0,] %cl_2_47[12.6,] 
		 8: 
		 9: %self[2.0,] @article[7.4,7.4,6.9,6.9,] 
		 10: %cl_2_49->text_filter %cl_2_49[12.9,] 
		 11: 
		 12: 
		 13: 
		 14: 
		 15: 
		 16: %self->t %self[2.0,] %cl_2_54[12.15,] 
		 17: %cl_2_55[12.16,] %cl_2_53[12.14,] 
		 18: %self->text_field %self[2.0,] %cl_2_51[12.12,] %cl_2_52[12.13,] %cl_2_56[12.17,] 
		 19: 
		 20: 
		 21: 
		 22: 
		 23: 
		 24: 
		 25: %self->t %self[2.0,] %cl_2_62[12.24,] 
		 26: 
		 27: %cl_2_63[12.25,] %cl_2_60[12.22,] %cl_2_61[12.23,] %cl_2_64[12.26,] 
		 28: %self->text_area %cl_2_59[12.21,] %self[2.0,] %cl_2_58[12.20,] %cl_2_65[12.27,] 
		 29: 
		 30: 
		 31: %self->t %self[2.0,] %cl_2_67[12.30,] 
		 32: 
		 33: 
		 34: %self->t %self[2.0,] %cl_2_69[12.33,] 
		 35: 
		 36: %cl_2_71[12.35,] 
		 37: %self->submit_tag %self[2.0,] %cl_2_70[12.34,] %cl_2_72[12.36,] 
		 38: 
		 39: 
		 40: %self->t %self[2.0,] %cl_2_74[12.39,] 
		 41: 
		 42: 
		 43: 
		 44: 
		 45: 
		 46: %cl_2_79[12.45,] %cl_2_78[12.44,] 
		 47: %self->text_field %self[2.0,] %cl_2_80[12.46,] %cl_2_77[12.43,] %cl_2_76[12.42,] 
		 48: 
		 49: 
		 50: %self->t %self[2.0,] %cl_2_82[12.49,] 
		 51: 
		 52: %self[2.0,] @post_types[] 
		 53: BRANCH %cl_2_84[12.52,] 
BB 13
	outgoing: 14 
	datadep: 
	instructions:
		 0: 
		 1: %cl_2_85[13.0,] 
BB 14
	outgoing: 15 16 30 
	datadep: 13 12 13 12 
	instructions:
		 0: %cl_2_84[13.1,12.52,] 
		 1: 
		 2: %cl_2_84->size %cl_2_84[13.1,12.52,] 
		 3: %cl_2_86->zero? %cl_2_86[14.2,] 
		 4: BRANCH %cl_2_87[14.3,] 
BB 15
	outgoing: 17 30 
	datadep: 2 
	instructions:
		 0: 
		 1: 
		 2: 
		 3: %self->hidden_field_tag %self[2.0,] %cl_2_88[15.1,] %cl_2_89[15.2,] 
		 4: 
BB 16
	outgoing: 17 30 
	datadep: 2 2 14 2 2 
	instructions:
		 0: 
		 1: 
		 2: %self->t %self[2.0,] %cl_2_91[16.1,] 
		 3: 
		 4: post_types->map %self[2.0,] post_types[14.0,] 
CLOSURE BEGIN: @article[] @post_types[12.52,] 
BB 1
	outgoing: 6 2 
	datadep: 
	instructions:
BB 2
	outgoing: 3 
	datadep: 
	instructions:
		 0: 
		 1: 
		 2: 
		 3: 
		 4: 
BB 3
	outgoing: 4 6 
	datadep: 2 2 
	instructions:
		 0: 
		 1: pt->name pt[2.2,] 
		 2: pt->permalink pt[2.2,] 
		 3: %cl_3_3[3.1,] %cl_3_4[3.2,] 
		 4: RETURN %cl_3_5[3.3,] 
BB 4
	outgoing: 6 
	datadep: 
	instructions:
		 0: 
		 1: %cl_3_6[4.0,] 
		 2: RETURN %cl_3_7[4.1,] 
BB 6
	outgoing: 
	datadep: 
	instructions:
CLOSURE END
		 5: 
		 6: %self->t %self[2.0,] %cl_2_94[16.5,] 
		 7: %cl_2_95[16.6,] 
		 8: %self->select %self[2.0,] %cl_2_96[16.7,] %cl_2_93[16.4,] 
		 9: %cl_2_97[16.8,] 
BB 17
	outgoing: 18 19 30 
	datadep: 2 2 2 2 2 2 2 2 2 2 2 2 2 
	instructions:
		 0: 
		 1: 
		 2: %self->t %self[2.0,] %cl_2_98[17.1,] 
		 3: 
		 4: 
		 5: %self->t %cl_2_100[17.4,] %self[2.0,] 
		 6: 
		 7: 
		 8: %self->toggle_element %self[2.0,] %cl_2_102[17.7,] 
		 9: 
		 10: 
		 11: 
		 12: 
		 13: 
		 14: %cl_2_107[17.13,] %cl_2_106[17.12,] 
		 15: %self->text_field %self[2.0,] %cl_2_104[17.10,] %cl_2_108[17.14,] %cl_2_105[17.11,] 
		 16: 
		 17: 
		 18: 
		 19: %self->t %cl_2_111[17.18,] %self[2.0,] 
		 20: %self->toggle_element %cl_2_110[17.17,] %self[2.0,] %cl_2_112[17.19,] 
		 21: 
		 22: 
		 23: %self->t %self[2.0,] %cl_2_114[17.22,] 
		 24: 
		 25: %self[2.0,] @article[12.9,12.9,12.9,12.9,] 
		 26: %cl_2_116->state %cl_2_116[17.25,] 
		 27: %cl_2_117->to_s %cl_2_117[17.26,] 
		 28: %cl_2_118->downcase %cl_2_118[17.27,] 
		 29: 
		 30: 
		 31: %self->toggle_element %self[2.0,] %cl_2_120[17.30,] 
		 32: 
		 33: 
		 34: 
		 35: %self->check_box %cl_2_122[17.33,] %self[2.0,] %cl_2_123[17.34,] 
		 36: 
		 37: 
		 38: %self->t %self[2.0,] %cl_2_125[17.37,] 
		 39: 
		 40: 
		 41: 
		 42: %self->t %self[2.0,] %cl_2_128[17.41,] 
		 43: %self->toggle_element %self[2.0,] %cl_2_129[17.42,] %cl_2_127[17.40,] 
		 44: 
		 45: 
		 46: 
		 47: @article[17.25,] 
		 48: %cl_2_133->allow_comments %cl_2_133[17.47,] 
		 49: BRANCH %cl_2_134[17.48,] 
BB 18
	outgoing: 20 
	datadep: 
	instructions:
		 0: 
		 1: 
BB 19
	outgoing: 20 
	datadep: 
	instructions:
		 0: 
BB 20
	outgoing: 21 22 30 
	datadep: 19 18 17 2 2 2 
	instructions:
		 0: %cl_2_135[19.0,18.0,] 
		 1: %self->t %cl_2_132[17.46,] %self[2.0,] %cl_2_136[20.0,] 
		 2: %self->content_tag %self[2.0,] %cl_2_137[20.1,] 
		 3: 
		 4: %self[2.0,] @article[17.25,17.47,17.25,17.47,] 
		 5: %cl_2_140->allow_pings %cl_2_140[20.4,] 
		 6: BRANCH %cl_2_141[20.5,] 
BB 21
	outgoing: 23 
	datadep: 
	instructions:
		 0: 
		 1: 
BB 22
	outgoing: 23 
	datadep: 
	instructions:
		 0: 
BB 23
	outgoing: 24 25 30 
	datadep: 22 21 2 20 2 20 2 17 2 2 2 2 2 2 2 2 2 
	instructions:
		 0: %cl_2_142[22.0,21.0,] 
		 1: %self->t %cl_2_143[23.0,] %self[2.0,] %cl_2_139[20.3,] 
		 2: %self->content_tag %cl_2_144[23.1,] %self[2.0,] 
		 3: %cl_2_145[23.2,] %cl_2_138[20.2,] 
		 4: %self->t %self[2.0,] %cl_2_131[17.45,] %cl_2_146[23.3,] 
		 5: 
		 6: 
		 7: %self->toggle_element %self[2.0,] %cl_2_148[23.6,] 
		 8: 
		 9: 
		 10: 
		 11: %self->check_box %self[2.0,] %cl_2_150[23.9,] %cl_2_151[23.10,] 
		 12: 
		 13: 
		 14: %self->t %self[2.0,] %cl_2_153[23.13,] 
		 15: 
		 16: 
		 17: 
		 18: %self->check_box %cl_2_155[23.16,] %self[2.0,] %cl_2_156[23.17,] 
		 19: 
		 20: 
		 21: %self->t %self[2.0,] %cl_2_158[23.20,] 
		 22: 
		 23: 
		 24: 
		 25: %self->t %self[2.0,] %cl_2_161[23.24,] 
		 26: %self->toggle_element %self[2.0,] %cl_2_162[23.25,] %cl_2_160[23.23,] 
		 27: 
		 28: 
		 29: %self->t %self[2.0,] %cl_2_164[23.28,] 
		 30: 
		 31: %self[2.0,] @article[20.4,20.4,] 
		 32: %cl_2_166->published %cl_2_166[23.31,] 
		 33: BRANCH %cl_2_167[23.32,] 
BB 24
	outgoing: 26 30 
	datadep: 2 2 
	instructions:
		 0: 
		 1: %self[2.0,] @article[23.31,] 
		 2: %cl_2_168->published_at %cl_2_168[24.1,] 
		 3: %self->display_date_and_time %self[2.0,] %cl_2_169[24.2,] 
		 4: 
BB 25
	outgoing: 26 30 
	datadep: 2 
	instructions:
		 0: 
		 1: 
		 2: %self->t %self[2.0,] %cl_2_171[25.1,] 
		 3: %cl_2_172[25.2,] 
BB 26
	outgoing: 27 28 30 
	datadep: 2 2 2 2 2 2 
	instructions:
		 0: 
		 1: 
		 2: %self->toggle_element %self[2.0,] %cl_2_173[26.1,] 
		 3: 
		 4: 
		 5: 
		 6: %self->text_field %cl_2_176[26.5,] %self[2.0,] %cl_2_175[26.4,] 
		 7: 
		 8: 
		 9: 
		 10: %self->t %self[2.0,] %cl_2_179[26.9,] 
		 11: %self->toggle_element %self[2.0,] %cl_2_178[26.8,] %cl_2_180[26.10,] 
		 12: 
		 13: 
		 14: %self->t %self[2.0,] %cl_2_182[26.13,] 
		 15: 
		 16: %self[2.0,] @article[24.1,23.31,] 
		 17: %cl_2_184->password %cl_2_184[26.16,] 
		 18: %cl_2_185->blank? %cl_2_185[26.17,] 
		 19: BRANCH %cl_2_186[26.18,] 
BB 27
	outgoing: 29 30 
	datadep: 2 
	instructions:
		 0: 
		 1: %self->t %cl_2_187[27.0,] %self[2.0,] 
		 2: 
BB 28
	outgoing: 29 30 
	datadep: 2 
	instructions:
		 0: 
		 1: %self->t %self[2.0,] %cl_2_189[28.0,] 
		 2: %cl_2_190[28.1,] 
BB 29
	outgoing: 30 32 
	datadep: 2 2 2 2 2 2 2 2 
	instructions:
		 0: 
		 1: 
		 2: %self->toggle_element %self[2.0,] %cl_2_191[29.1,] 
		 3: 
		 4: 
		 5: %self->t %self[2.0,] %cl_2_193[29.4,] 
		 6: 
		 7: 
		 8: 
		 9: 
		 10: %cl_2_197[29.9,] 
		 11: %self->text_field %cl_2_198[29.10,] %self[2.0,] %cl_2_196[29.8,] %cl_2_195[29.7,] 
		 12: 
		 13: 
		 14: 
		 15: %self->t %self[2.0,] %cl_2_201[29.14,] 
		 16: %self->toggle_element %self[2.0,] %cl_2_202[29.15,] %cl_2_200[29.13,] 
		 17: 
		 18: 
		 19: %self->t %self[2.0,] %cl_2_204[29.18,] 
		 20: 
		 21: 
		 22: %self->t %self[2.0,] %cl_2_206[29.21,] 
		 23: 
		 24: %cl_2_208[29.23,] 
		 25: %self->submit_tag %self[2.0,] %cl_2_207[29.22,] %cl_2_209[29.24,] 
		 26: RETURN %cl_2_210[29.25,] 
BB 30
	outgoing: 32 
	datadep: 
	instructions:
		 0: 
		 1: %cl_2_211[30.0,] 
		 2: RETURN %cl_2_212[30.1,] 
BB 32
	outgoing: 
	datadep: 
	instructions:
CLOSURE END
		 3: RETURN %cl_1_4[3.2,] 
BB 4
	outgoing: 6 
	datadep: 
	instructions:
		 0: 
		 1: %cl_1_5[4.0,] 
		 2: RETURN %cl_1_6[4.1,] 
BB 6
	outgoing: 
	datadep: 
	instructions:
CLOSURE END
		 18: RETURN %v_29[7.17,] 
BB 8
	outgoing: 
	datadep: 
	instructions:

SET IRMethod, name = create
BB 1
	outgoing: 8 2 
	datadep: 
	instructions:
BB 2
	outgoing: 3 4 
	datadep: 
	instructions:
		 0: 
		 1: 
		 2: 
		 3: 
		 4: 
		 5: 
		 6: (Article) 
		 7: %v_3[2.6,] 
		 8: %v_4[2.7,] 
BB 3
	outgoing: 4 
	datadep: 2 
	instructions:
		 0: %v_3[2.6,] 
BB 4
	outgoing: 5 6 
	datadep: 2 2 3 2 2 2 2 
	instructions:
		 0: %self->this_blog %self[2.0,] 
		 1: %self->current_user %self[2.0,] 
		 2: %v_4->new %v_4[3.0,2.7,] %v_5[4.0,] %v_6[4.1,] 
		 3: %v_7[4.2,] 
		 4: 
		 5: %self->params %self[2.0,] 
		 6: %v_8[4.5,] 
		 7: %v_9[4.6,] 
		 8: article_factory->get_or_build_from article_factory[4.3,] %v_10[4.7,] 
		 9: %self[2.0,] %v_11[4.8,] @article[] 
		 10: 
		 11: %self->update_article_attributes %self[2.0,] 
		 12: 
		 13: @article[4.9,] 
		 14: %v_13->save %v_13[4.13,] 
		 15: BRANCH %v_14[4.14,] 
BB 5
	outgoing: 8 
	datadep: 2 2 
	instructions:
		 0: 
		 1: %self->flash %self[2.0,] 
		 2: (I18n) 
		 3: 
		 4: %v_16->t %v_16[5.2,] %v_17[5.3,] 
		 5: %v_15[5.1,] %v_18[5.4,] 
		 6: 
		 7: 
		 8: %v_19[5.7,] 
		 9: %self->redirect_to %self[2.0,] %v_20[5.8,] 
		 10: RETURN %v_21[5.9,] 
BB 6
	outgoing: 8 
	datadep: 2 2 2 2 
	instructions:
		 0: 
		 1: %self[2.0,] @article[4.9,4.13,] 
		 2: (Tag) 
		 3: @article[6.1,] 
		 4: %v_24->tags %v_24[6.3,] 
		 5: %v_23->collection_to_string %v_25[6.4,] %v_23[6.2,] 
		 6: %v_26[6.5,] %v_22[6.1,] 
		 7: 
		 8: %self->load_resources %self[2.0,] 
		 9: 
		 10: %self->ruby_code_from_view %self[2.0,] 
		 11: %v_28->ruby_code_from_view %self[2.0,] %v_28[6.10,] 
CLOSURE BEGIN: @article[6.1,] 
BB 1
	outgoing: 6 2 
	datadep: 
	instructions:
BB 2
	outgoing: 3 
	datadep: 
	instructions:
		 0: 
		 1: 
		 2: 
		 3: 
		 4: 
BB 3
	outgoing: 4 6 
	datadep: 2 
	instructions:
		 0: 
		 1: 
		 2: %cl_1_3[3.1,] 
		 3: 
		 4: 
		 5: %cl_1_5[3.3,] %cl_1_6[3.4,] 
		 6: %self->form_tag %cl_1_4[3.2,] %self[2.0,] %cl_1_7[3.5,] 
CLOSURE BEGIN: 
BB 1
	outgoing: 6 2 
	datadep: 
	instructions:
BB 2
	outgoing: 3 
	datadep: 
	instructions:
		 0: 
		 1: 
		 2: 
		 3: 
BB 3
	outgoing: 4 6 
	datadep: 2 
	instructions:
		 0: 
		 1: 
		 2: %cl_2_3[3.1,] 
		 3: %self->render %self[2.0,] %cl_2_4[3.2,] 
		 4: RETURN %cl_2_5[3.3,] 
BB 4
	outgoing: 6 
	datadep: 
	instructions:
		 0: 
		 1: %cl_2_6[4.0,] 
		 2: RETURN %cl_2_7[4.1,] 
BB 6
	outgoing: 
	datadep: 
	instructions:
CLOSURE END
		 7: RETURN %cl_1_8[3.6,] 
BB 4
	outgoing: 6 
	datadep: 
	instructions:
		 0: 
		 1: %cl_1_9[4.0,] 
		 2: RETURN %cl_1_10[4.1,] 
BB 6
	outgoing: 
	datadep: 
	instructions:
CLOSURE END
		 12: RETURN %v_29[6.11,] 
BB 8
	outgoing: 
	datadep: 
	instructions:

SET IRMethod, name = update
BB 1
	outgoing: 20 2 
	datadep: 
	instructions:
BB 2
	outgoing: 3 4 
	datadep: 
	instructions:
		 0: 
		 1: 
		 2: 
		 3: 
		 4: 
		 5: 
		 6: %self->params %self[2.0,] 
		 7: %v_3[2.6,] 
		 8: %self->access_granted? %self[2.0,] %v_4[2.7,] 
		 9: BRANCH %v_5[2.8,] 
BB 3
	outgoing: 6 7 
	datadep: 2 
	instructions:
		 0: 
		 1: 
		 2: %self->params %self[2.0,] 
		 3: %v_7[3.2,] 
		 4: %v_8[3.3,] 
		 5: BRANCH %v_9[3.4,] 
BB 4
	outgoing: 20 
	datadep: 
	instructions:
		 0: RETURN 
BB 6
	outgoing: 7 
	datadep: 2 
	instructions:
		 0: %self->params %self[2.0,] 
		 1: %v_10[6.0,] 
		 2: %v_11[6.1,] 
BB 7
	outgoing: 8 9 
	datadep: 6 3 6 3 2 2 
	instructions:
		 0: %v_9[6.2,3.4,] 
		 1: 
		 2: (Article) 
		 3: %v_12->find %v_9[6.2,3.4,] %v_12[7.2,] 
		 4: %v_13[7.3,] %self[2.0,] @article[] 
		 5: 
		 6: %self->params %self[2.0,] 
		 7: %v_14[7.6,] 
		 8: %v_15[7.7,] 
		 9: BRANCH %v_16[7.8,] 
BB 8
	outgoing: 13 
	datadep: 2 
	instructions:
		 0: 
		 1: %self->get_fresh_or_existing_draft_for_article %self[2.0,] 
		 2: 
BB 9
	outgoing: 10 11 
	datadep: 2 
	instructions:
		 0: 
		 1: %self[2.0,] @article[7.4,] 
		 2: %v_18->parent_id %v_18[9.1,] 
		 3: %v_19->nil? %v_19[9.2,] 
		 4: BRANCH %v_20[9.3,] 
BB 10
	outgoing: 12 
	datadep: 
	instructions:
		 0: 
		 1: 
BB 11
	outgoing: 12 
	datadep: 2 
	instructions:
		 0: (Article) 
		 1: %self[2.0,] @article[9.1,] 
		 2: %v_23->parent_id %v_23[11.1,] 
		 3: %v_22->find %v_24[11.2,] %v_22[11.0,] 
		 4: @article[11.1,] 
		 5: %v_25[11.3,] 
BB 12
	outgoing: 13 
	datadep: 11 10 
	instructions:
		 0: %v_21[11.5,10.0,] 
BB 13
	outgoing: 14 18 
	datadep: 2 2 
	instructions:
		 0: 
		 1: %self->update_article_attributes %self[2.0,] 
		 2: 
		 3: %self[2.0,] @article[11.1,11.4,7.4,9.1,] 
		 4: %v_27->save %v_27[13.3,] 
		 5: BRANCH %v_28[13.4,] 
BB 14
	outgoing: 15 16 
	datadep: 2 
	instructions:
		 0: 
		 1: %self[2.0,] @article[13.3,] 
		 2: %v_29->draft %v_29[14.1,] 
		 3: BRANCH %v_30[14.2,] 
BB 15
	outgoing: 17 
	datadep: 
	instructions:
		 0: 
		 1: 
BB 16
	outgoing: 17 
	datadep: 2 
	instructions:
		 0: (Article) 
		 1: %self[2.0,] @article[14.1,] 
		 2: %v_33->id %v_33[16.1,] 
		 3: %v_34[16.2,] 
		 4: %v_32->where %v_35[16.3,] %v_32[16.0,] 
		 5: %v_36->map %v_36[16.4,] 
		 6: %v_37[16.5,] 
BB 17
	outgoing: 20 
	datadep: 2 2 
	instructions:
		 0: 
		 1: %self->flash %self[2.0,] 
		 2: (I18n) 
		 3: 
		 4: %v_39->t %v_39[17.2,] %v_40[17.3,] 
		 5: %v_38[17.1,] %v_41[17.4,] 
		 6: 
		 7: 
		 8: %v_42[17.7,] 
		 9: %self->redirect_to %self[2.0,] %v_43[17.8,] 
		 10: RETURN %v_44[17.9,] 
BB 18
	outgoing: 20 
	datadep: 2 2 2 2 
	instructions:
		 0: 
		 1: %self[2.0,] @article[13.3,] 
		 2: (Tag) 
		 3: @article[18.1,] 
		 4: %v_47->tags %v_47[18.3,] 
		 5: %v_46->collection_to_string %v_46[18.2,] %v_48[18.4,] 
		 6: %v_49[18.5,] %v_45[18.1,] 
		 7: 
		 8: %self->load_resources %self[2.0,] 
		 9: 
		 10: %self->ruby_code_from_view %self[2.0,] 
		 11: %v_51->ruby_code_from_view %self[2.0,] %v_51[18.10,] 
CLOSURE BEGIN: @article[16.1,18.1,] 
BB 1
	outgoing: 6 2 
	datadep: 
	instructions:
BB 2
	outgoing: 3 
	datadep: 
	instructions:
		 0: 
		 1: 
		 2: 
		 3: 
		 4: 
BB 3
	outgoing: 4 6 
	datadep: 2 2 
	instructions:
		 0: 
		 1: 
		 2: %self[2.0,] @article[] 
		 3: %cl_1_4->id %cl_1_4[3.2,] 
		 4: %cl_1_3[3.1,] %cl_1_5[3.3,] 
		 5: 
		 6: 
		 7: %cl_1_7[3.5,] %cl_1_8[3.6,] 
		 8: %self->form_tag %self[2.0,] %cl_1_6[3.4,] %cl_1_9[3.7,] 
CLOSURE BEGIN: @article[3.2,] 
BB 1
	outgoing: 6 2 
	datadep: 
	instructions:
BB 2
	outgoing: 3 
	datadep: 
	instructions:
		 0: 
		 1: 
		 2: 
		 3: 
BB 3
	outgoing: 4 6 
	datadep: 2 2 
	instructions:
		 0: 
		 1: %self->ruby_code_from_view %self[2.0,] 
		 2: %cl_2_3->ruby_code_from_view %cl_2_3[3.1,] %self[2.0,] 
CLOSURE BEGIN: 
BB 1
	outgoing: 32 2 
	datadep: 
	instructions:
BB 2
	outgoing: 3 
	datadep: 
	instructions:
		 0: 
		 1: 
		 2: 
		 3: 
		 4: 
BB 3
	outgoing: 4 5 30 
	datadep: 2 2 2 
	instructions:
		 0: 
		 1: 
		 2: %self->current_user %self[2.0,] 
		 3: %cl_3_4->text_filter_name %cl_3_4[3.2,] 
		 4: %self->hidden_field_tag %self[2.0,] %cl_3_3[3.1,] %cl_3_5[3.3,] 
		 5: 
		 6: %self[2.0,] @article[] 
		 7: %cl_3_7->present? %cl_3_7[3.6,] 
		 8: BRANCH %cl_3_8[3.7,] 
BB 4
	outgoing: 6 30 
	datadep: 2 2 
	instructions:
		 0: 
		 1: %self[2.0,] @article[3.6,] 
		 2: %cl_3_10->id %cl_3_10[4.1,] 
		 3: %self->hidden_field_tag %self[2.0,] %cl_3_9[4.0,] %cl_3_11[4.2,] 
		 4: 
BB 5
	outgoing: 6 
	datadep: 
	instructions:
		 0: 
BB 6
	outgoing: 7 8 30 
	datadep: 2 2 2 
	instructions:
		 0: 
		 1: 
		 2: %self->t %self[2.0,] %cl_3_13[6.1,] 
		 3: 
		 4: %cl_3_15[6.3,] 
		 5: 
		 6: %cl_3_17[6.5,] 
		 7: %self->link_to %cl_3_16[6.4,] %self[2.0,] %cl_3_14[6.2,] %cl_3_18[6.6,] 
		 8: 
		 9: %self[2.0,] @article[4.1,3.6,] 
		 10: %cl_3_20->id %cl_3_20[6.9,] 
		 11: BRANCH %cl_3_21[6.10,] 
BB 7
	outgoing: 9 30 
	datadep: 2 2 2 
	instructions:
		 0: 
		 1: %self->t %self[2.0,] %cl_3_22[7.0,] 
		 2: 
		 3: 
		 4: %self[2.0,] @article[6.9,] 
		 5: %cl_3_26->id %cl_3_26[7.4,] 
		 6: %cl_3_27[7.5,] %cl_3_25[7.3,] %cl_3_24[7.2,] 
		 7: 
		 8: 
		 9: %cl_3_29[7.7,] %cl_3_30[7.8,] 
		 10: %self->link_to %cl_3_28[7.6,] %self[2.0,] %cl_3_31[7.9,] %cl_3_23[7.1,] 
		 11: 
BB 8
	outgoing: 9 
	datadep: 
	instructions:
		 0: 
BB 9
	outgoing: 10 11 30 
	datadep: 2 2 
	instructions:
		 0: 
		 1: 
		 2: %self->t %self[2.0,] %cl_3_33[9.1,] 
		 3: 
		 4: %self->controller %self[2.0,] 
		 5: %cl_3_35->action_name %cl_3_35[9.4,] 
		 6: 
		 7: %cl_3_37[9.6,] %cl_3_36[9.5,] 
		 8: BRANCH %cl_3_38[9.7,] 
BB 10
	outgoing: 12 30 
	datadep: 2 
	instructions:
		 0: 
		 1: %self->t %cl_3_39[10.0,] %self[2.0,] 
		 2: 
BB 11
	outgoing: 12 30 
	datadep: 2 
	instructions:
		 0: 
		 1: %self->t %self[2.0,] %cl_3_41[11.0,] 
		 2: %cl_3_42[11.1,] 
BB 12
	outgoing: 13 14 30 
	datadep: 2 2 2 2 2 2 2 2 2 2 2 2 2 2 2 
	instructions:
		 0: 
		 1: 
		 2: %self->flash %self[2.0,] 
		 3: %cl_3_44[12.2,] 
		 4: %self->render %self[2.0,] %cl_3_45[12.3,] %cl_3_43[12.1,] 
		 5: 
		 6: 
		 7: %self->error_messages_for %self[2.0,] %cl_3_47[12.6,] 
		 8: 
		 9: %self[2.0,] @article[7.4,7.4,6.9,6.9,] 
		 10: %cl_3_49->text_filter %cl_3_49[12.9,] 
		 11: 
		 12: 
		 13: 
		 14: 
		 15: 
		 16: %self->t %self[2.0,] %cl_3_54[12.15,] 
		 17: %cl_3_53[12.14,] %cl_3_55[12.16,] 
		 18: %self->text_field %self[2.0,] %cl_3_52[12.13,] %cl_3_51[12.12,] %cl_3_56[12.17,] 
		 19: 
		 20: 
		 21: 
		 22: 
		 23: 
		 24: 
		 25: %self->t %self[2.0,] %cl_3_62[12.24,] 
		 26: 
		 27: %cl_3_60[12.22,] %cl_3_64[12.26,] %cl_3_63[12.25,] %cl_3_61[12.23,] 
		 28: %self->text_area %self[2.0,] %cl_3_59[12.21,] %cl_3_58[12.20,] %cl_3_65[12.27,] 
		 29: 
		 30: 
		 31: %self->t %self[2.0,] %cl_3_67[12.30,] 
		 32: 
		 33: 
		 34: %self->t %self[2.0,] %cl_3_69[12.33,] 
		 35: 
		 36: %cl_3_71[12.35,] 
		 37: %self->submit_tag %self[2.0,] %cl_3_70[12.34,] %cl_3_72[12.36,] 
		 38: 
		 39: 
		 40: %self->t %self[2.0,] %cl_3_74[12.39,] 
		 41: 
		 42: 
		 43: 
		 44: 
		 45: 
		 46: %cl_3_79[12.45,] %cl_3_78[12.44,] 
		 47: %self->text_field %self[2.0,] %cl_3_80[12.46,] %cl_3_77[12.43,] %cl_3_76[12.42,] 
		 48: 
		 49: 
		 50: %self->t %self[2.0,] %cl_3_82[12.49,] 
		 51: 
		 52: %self[2.0,] @post_types[] 
		 53: BRANCH %cl_3_84[12.52,] 
BB 13
	outgoing: 14 
	datadep: 
	instructions:
		 0: 
		 1: %cl_3_85[13.0,] 
BB 14
	outgoing: 15 16 30 
	datadep: 13 12 13 12 
	instructions:
		 0: %cl_3_84[13.1,12.52,] 
		 1: 
		 2: %cl_3_84->size %cl_3_84[13.1,12.52,] 
		 3: %cl_3_86->zero? %cl_3_86[14.2,] 
		 4: BRANCH %cl_3_87[14.3,] 
BB 15
	outgoing: 17 30 
	datadep: 2 
	instructions:
		 0: 
		 1: 
		 2: 
		 3: %self->hidden_field_tag %self[2.0,] %cl_3_89[15.2,] %cl_3_88[15.1,] 
		 4: 
BB 16
	outgoing: 17 30 
	datadep: 2 2 14 2 2 
	instructions:
		 0: 
		 1: 
		 2: %self->t %self[2.0,] %cl_3_91[16.1,] 
		 3: 
		 4: post_types->map %self[2.0,] post_types[14.0,] 
CLOSURE BEGIN: @article[] @post_types[12.52,] 
BB 1
	outgoing: 6 2 
	datadep: 
	instructions:
BB 2
	outgoing: 3 
	datadep: 
	instructions:
		 0: 
		 1: 
		 2: 
		 3: 
		 4: 
BB 3
	outgoing: 4 6 
	datadep: 2 2 
	instructions:
		 0: 
		 1: pt->name pt[2.2,] 
		 2: pt->permalink pt[2.2,] 
		 3: %cl_4_3[3.1,] %cl_4_4[3.2,] 
		 4: RETURN %cl_4_5[3.3,] 
BB 4
	outgoing: 6 
	datadep: 
	instructions:
		 0: 
		 1: %cl_4_6[4.0,] 
		 2: RETURN %cl_4_7[4.1,] 
BB 6
	outgoing: 
	datadep: 
	instructions:
CLOSURE END
		 5: 
		 6: %self->t %self[2.0,] %cl_3_94[16.5,] 
		 7: %cl_3_95[16.6,] 
		 8: %self->select %self[2.0,] %cl_3_93[16.4,] %cl_3_96[16.7,] 
		 9: %cl_3_97[16.8,] 
BB 17
	outgoing: 18 19 30 
	datadep: 2 2 2 2 2 2 2 2 2 2 2 2 2 
	instructions:
		 0: 
		 1: 
		 2: %self->t %self[2.0,] %cl_3_98[17.1,] 
		 3: 
		 4: 
		 5: %self->t %self[2.0,] %cl_3_100[17.4,] 
		 6: 
		 7: 
		 8: %self->toggle_element %self[2.0,] %cl_3_102[17.7,] 
		 9: 
		 10: 
		 11: 
		 12: 
		 13: 
		 14: %cl_3_106[17.12,] %cl_3_107[17.13,] 
		 15: %self->text_field %self[2.0,] %cl_3_104[17.10,] %cl_3_105[17.11,] %cl_3_108[17.14,] 
		 16: 
		 17: 
		 18: 
		 19: %self->t %self[2.0,] %cl_3_111[17.18,] 
		 20: %self->toggle_element %self[2.0,] %cl_3_110[17.17,] %cl_3_112[17.19,] 
		 21: 
		 22: 
		 23: %self->t %self[2.0,] %cl_3_114[17.22,] 
		 24: 
		 25: %self[2.0,] @article[12.9,12.9,12.9,12.9,] 
		 26: %cl_3_116->state %cl_3_116[17.25,] 
		 27: %cl_3_117->to_s %cl_3_117[17.26,] 
		 28: %cl_3_118->downcase %cl_3_118[17.27,] 
		 29: 
		 30: 
		 31: %self->toggle_element %self[2.0,] %cl_3_120[17.30,] 
		 32: 
		 33: 
		 34: 
		 35: %self->check_box %self[2.0,] %cl_3_122[17.33,] %cl_3_123[17.34,] 
		 36: 
		 37: 
		 38: %self->t %self[2.0,] %cl_3_125[17.37,] 
		 39: 
		 40: 
		 41: 
		 42: %self->t %self[2.0,] %cl_3_128[17.41,] 
		 43: %self->toggle_element %self[2.0,] %cl_3_127[17.40,] %cl_3_129[17.42,] 
		 44: 
		 45: 
		 46: 
		 47: @article[17.25,] 
		 48: %cl_3_133->allow_comments %cl_3_133[17.47,] 
		 49: BRANCH %cl_3_134[17.48,] 
BB 18
	outgoing: 20 
	datadep: 
	instructions:
		 0: 
		 1: 
BB 19
	outgoing: 20 
	datadep: 
	instructions:
		 0: 
BB 20
	outgoing: 21 22 30 
	datadep: 19 18 2 17 2 2 
	instructions:
		 0: %cl_3_135[19.0,18.0,] 
		 1: %self->t %self[2.0,] %cl_3_132[17.46,] %cl_3_136[20.0,] 
		 2: %self->content_tag %self[2.0,] %cl_3_137[20.1,] 
		 3: 
		 4: %self[2.0,] @article[17.25,17.47,17.25,17.47,] 
		 5: %cl_3_140->allow_pings %cl_3_140[20.4,] 
		 6: BRANCH %cl_3_141[20.5,] 
BB 21
	outgoing: 23 
	datadep: 
	instructions:
		 0: 
		 1: 
BB 22
	outgoing: 23 
	datadep: 
	instructions:
		 0: 
BB 23
	outgoing: 24 25 30 
	datadep: 22 21 2 20 2 20 2 17 2 2 2 2 2 2 2 2 2 
	instructions:
		 0: %cl_3_142[22.0,21.0,] 
		 1: %self->t %self[2.0,] %cl_3_143[23.0,] %cl_3_139[20.3,] 
		 2: %self->content_tag %self[2.0,] %cl_3_144[23.1,] 
		 3: %cl_3_145[23.2,] %cl_3_138[20.2,] 
		 4: %self->t %self[2.0,] %cl_3_131[17.45,] %cl_3_146[23.3,] 
		 5: 
		 6: 
		 7: %self->toggle_element %self[2.0,] %cl_3_148[23.6,] 
		 8: 
		 9: 
		 10: 
		 11: %self->check_box %cl_3_151[23.10,] %self[2.0,] %cl_3_150[23.9,] 
		 12: 
		 13: 
		 14: %self->t %self[2.0,] %cl_3_153[23.13,] 
		 15: 
		 16: 
		 17: 
		 18: %self->check_box %self[2.0,] %cl_3_155[23.16,] %cl_3_156[23.17,] 
		 19: 
		 20: 
		 21: %self->t %self[2.0,] %cl_3_158[23.20,] 
		 22: 
		 23: 
		 24: 
		 25: %self->t %self[2.0,] %cl_3_161[23.24,] 
		 26: %self->toggle_element %cl_3_162[23.25,] %self[2.0,] %cl_3_160[23.23,] 
		 27: 
		 28: 
		 29: %self->t %self[2.0,] %cl_3_164[23.28,] 
		 30: 
		 31: %self[2.0,] @article[20.4,20.4,] 
		 32: %cl_3_166->published %cl_3_166[23.31,] 
		 33: BRANCH %cl_3_167[23.32,] 
BB 24
	outgoing: 26 30 
	datadep: 2 2 
	instructions:
		 0: 
		 1: %self[2.0,] @article[23.31,] 
		 2: %cl_3_168->published_at %cl_3_168[24.1,] 
		 3: %self->display_date_and_time %self[2.0,] %cl_3_169[24.2,] 
		 4: 
BB 25
	outgoing: 26 30 
	datadep: 2 
	instructions:
		 0: 
		 1: 
		 2: %self->t %self[2.0,] %cl_3_171[25.1,] 
		 3: %cl_3_172[25.2,] 
BB 26
	outgoing: 27 28 30 
	datadep: 2 2 2 2 2 2 
	instructions:
		 0: 
		 1: 
		 2: %self->toggle_element %cl_3_173[26.1,] %self[2.0,] 
		 3: 
		 4: 
		 5: 
		 6: %self->text_field %self[2.0,] %cl_3_175[26.4,] %cl_3_176[26.5,] 
		 7: 
		 8: 
		 9: 
		 10: %self->t %self[2.0,] %cl_3_179[26.9,] 
		 11: %self->toggle_element %self[2.0,] %cl_3_178[26.8,] %cl_3_180[26.10,] 
		 12: 
		 13: 
		 14: %self->t %self[2.0,] %cl_3_182[26.13,] 
		 15: 
		 16: %self[2.0,] @article[24.1,23.31,] 
		 17: %cl_3_184->password %cl_3_184[26.16,] 
		 18: %cl_3_185->blank? %cl_3_185[26.17,] 
		 19: BRANCH %cl_3_186[26.18,] 
BB 27
	outgoing: 29 30 
	datadep: 2 
	instructions:
		 0: 
		 1: %self->t %self[2.0,] %cl_3_187[27.0,] 
		 2: 
BB 28
	outgoing: 29 30 
	datadep: 2 
	instructions:
		 0: 
		 1: %self->t %self[2.0,] %cl_3_189[28.0,] 
		 2: %cl_3_190[28.1,] 
BB 29
	outgoing: 30 32 
	datadep: 2 2 2 2 2 2 2 2 
	instructions:
		 0: 
		 1: 
		 2: %self->toggle_element %self[2.0,] %cl_3_191[29.1,] 
		 3: 
		 4: 
		 5: %self->t %self[2.0,] %cl_3_193[29.4,] 
		 6: 
		 7: 
		 8: 
		 9: 
		 10: %cl_3_197[29.9,] 
		 11: %self->text_field %cl_3_195[29.7,] %cl_3_196[29.8,] %self[2.0,] %cl_3_198[29.10,] 
		 12: 
		 13: 
		 14: 
		 15: %self->t %self[2.0,] %cl_3_201[29.14,] 
		 16: %self->toggle_element %self[2.0,] %cl_3_200[29.13,] %cl_3_202[29.15,] 
		 17: 
		 18: 
		 19: %self->t %self[2.0,] %cl_3_204[29.18,] 
		 20: 
		 21: 
		 22: %self->t %self[2.0,] %cl_3_206[29.21,] 
		 23: 
		 24: %cl_3_208[29.23,] 
		 25: %self->submit_tag %self[2.0,] %cl_3_207[29.22,] %cl_3_209[29.24,] 
		 26: RETURN %cl_3_210[29.25,] 
BB 30
	outgoing: 32 
	datadep: 
	instructions:
		 0: 
		 1: %cl_3_211[30.0,] 
		 2: RETURN %cl_3_212[30.1,] 
BB 32
	outgoing: 
	datadep: 
	instructions:
CLOSURE END
		 3: RETURN %cl_2_4[3.2,] 
BB 4
	outgoing: 6 
	datadep: 
	instructions:
		 0: 
		 1: %cl_2_5[4.0,] 
		 2: RETURN %cl_2_6[4.1,] 
BB 6
	outgoing: 
	datadep: 
	instructions:
CLOSURE END
		 9: RETURN %cl_1_10[3.8,] 
BB 4
	outgoing: 6 
	datadep: 
	instructions:
		 0: 
		 1: %cl_1_11[4.0,] 
		 2: RETURN %cl_1_12[4.1,] 
BB 6
	outgoing: 
	datadep: 
	instructions:
CLOSURE END
		 12: RETURN %v_52[18.11,] 
BB 20
	outgoing: 
	datadep: 
	instructions:

SET IRMethod, name = destroy
BB 1
	outgoing: 3 2 
	datadep: 
	instructions:
BB 2
	outgoing: 3 
	datadep: 
	instructions:
		 0: 
		 1: 
		 2: 
		 3: 
		 4: 
		 5: 
		 6: (Article) 
		 7: %self->destroy_a %self[2.0,] %v_3[2.6,] 
		 8: RETURN %v_4[2.7,] 
BB 3
	outgoing: 
	datadep: 
	instructions:

SET IRMethod, name = auto_complete_for_article_keywords
BB 1
	outgoing: 3 2 
	datadep: 
	instructions:
BB 2
	outgoing: 3 
	datadep: 
	instructions:
		 0: 
		 1: 
		 2: 
		 3: 
		 4: 
		 5: 
		 6: (Tag) 
		 7: %v_3->select %v_3[2.6,] 
		 8: %v_4->order %v_4[2.7,] 
		 9: %v_5->map %v_5[2.8,] 
		 10: %self[2.0,] %v_6[2.9,] @items[] 
		 11: 
		 12: @items[2.10,] 
		 13: %v_7[2.12,] 
		 14: %self->render %self[2.0,] %v_8[2.13,] 
		 15: RETURN %v_9[2.14,] 
BB 3
	outgoing: 
	datadep: 
	instructions:

SET IRMethod, name = autosave
BB 1
	outgoing: 28 2 
	datadep: 
	instructions:
BB 2
	outgoing: 3 4 
	datadep: 
	instructions:
		 0: 
		 1: 
		 2: 
		 3: 
		 4: 
		 5: 
		 6: %self->request %self[2.0,] 
		 7: %v_3->xhr? %v_3[2.6,] 
		 8: BRANCH %v_4[2.7,] 
BB 3
	outgoing: 6 7 
	datadep: 2 
	instructions:
		 0: 
		 1: 
		 2: %self->params %self[2.0,] 
		 3: %v_6[3.2,] 
		 4: %v_7[3.3,] 
		 5: BRANCH %v_8[3.4,] 
BB 4
	outgoing: 28 
	datadep: 
	instructions:
		 0: RETURN 
BB 6
	outgoing: 7 
	datadep: 2 
	instructions:
		 0: %self->params %self[2.0,] 
		 1: %v_9[6.0,] 
		 2: %v_10[6.1,] 
BB 7
	outgoing: 8 9 
	datadep: 6 3 
	instructions:
		 0: %v_8[6.2,3.4,] 
		 1: 
		 2: (Article) 
		 3: %v_11[7.2,] 
		 4: %v_12[7.3,] 
BB 8
	outgoing: 9 
	datadep: 7 
	instructions:
		 0: %v_11[7.2,] 
BB 9
	outgoing: 10 11 
	datadep: 2 2 8 7 7 2 2 2 2 2 
	instructions:
		 0: %self->this_blog %self[2.0,] 
		 1: %self->current_user %self[2.0,] 
		 2: %v_12->new %v_13[9.0,] %v_14[9.1,] %v_12[8.0,7.3,] 
		 3: %v_15[9.2,] 
		 4: 
		 5: %v_15->get_or_build_from id[7.0,] %v_15[9.2,] 
		 6: %self[2.0,] %v_16[9.5,] @article[] 
		 7: 
		 8: %self->get_fresh_or_existing_draft_for_article %self[2.0,] 
		 9: 
		 10: @article[9.6,] 
		 11: %self->params %self[2.0,] 
		 12: %v_19[9.11,] 
		 13: %v_20->permit! %v_20[9.12,] 
		 14: %v_18[9.10,] %v_21[9.13,] 
		 15: 
		 16: @article[9.6,9.10,] 
		 17: %v_22[9.16,] 
		 18: 
		 19: @article[9.6,9.10,9.16,] 
		 20: %self->current_user %self[2.0,] 
		 21: %v_24[9.20,] %v_23[9.19,] 
		 22: 
		 23: @article[9.6,9.10,9.16,9.19,] 
		 24: %self->params %self[2.0,] 
		 25: %v_26[9.24,] 
		 26: %v_25->save_attachments! %v_25[9.23,] %v_27[9.25,] 
		 27: 
		 28: @article[9.6,9.10,9.16,9.19,9.23,] 
		 29: %v_29->state %v_29[9.28,] 
		 30: 
		 31: %v_30[9.29,] %v_31[9.30,] 
		 32: BRANCH %v_32[9.31,] 
BB 10
	outgoing: 12 
	datadep: 
	instructions:
		 0: 
		 1: 
BB 11
	outgoing: 12 
	datadep: 2 
	instructions:
		 0: %self[2.0,] @article[9.6,9.10,9.16,9.19,9.23,9.28,] 
		 1: 
		 2: %v_35[11.1,] %v_34[11.0,] 
		 3: %v_35[11.1,] 
BB 12
	outgoing: 13 14 
	datadep: 2 
	instructions:
		 0: 
		 1: %self[2.0,] @article[11.0,9.6,9.10,9.16,9.19,9.23,9.28,] 
		 2: %v_38->text_filter %v_38[12.1,] 
		 3: BRANCH %v_36[12.2,] 
BB 13
	outgoing: 14 
	datadep: 2 12 
	instructions:
		 0: %self->current_user %self[2.0,] 
		 1: %v_39->default_text_filter %v_39[13.0,] 
		 2: %v_38[12.1,] %v_40[13.1,] 
		 3: %v_40[13.1,] 
BB 14
	outgoing: 15 16 
	datadep: 2 
	instructions:
		 0: 
		 1: %self[2.0,] @article[12.1,12.1,] 
		 2: %v_41->title %v_41[14.1,] 
		 3: %v_42->blank? %v_42[14.2,] 
		 4: BRANCH %v_43[14.3,] 
BB 15
	outgoing: 17 
	datadep: 2 
	instructions:
		 0: 
		 1: (Article) 
		 2: 
		 3: %v_44->order %v_44[15.1,] %v_45[15.2,] 
		 4: %v_46->first %v_46[15.3,] 
		 5: %v_47->id %v_47[15.4,] 
		 6: %v_48[15.5,] 
		 7: 
		 8: %self[2.0,] @article[14.1,] 
		 9: 
		 10: %v_48->to_s %v_48[15.5,] 
		 11: %v_50[15.9,] %v_51[15.10,] 
		 12: %v_49[15.8,] %v_52[15.11,] 
		 13: 
BB 16
	outgoing: 17 
	datadep: 
	instructions:
		 0: 
BB 17
	outgoing: 18 23 
	datadep: 2 
	instructions:
		 0: 
		 1: %self[2.0,] @article[15.8,14.1,] 
		 2: %v_53->save %v_53[17.1,] 
		 3: BRANCH %v_54[17.2,] 
BB 18
	outgoing: 19 20 
	datadep: 2 2 
	instructions:
		 0: 
		 1: %self->flash %self[2.0,] 
		 2: (I18n) 
		 3: 
		 4: %v_56->t %v_57[18.3,] %v_56[18.2,] 
		 5: %v_58[18.4,] %v_55[18.1,] 
		 6: 
		 7: %self->params %self[2.0,] 
		 8: %v_59[18.7,] 
		 9: %v_60[18.8,] 
		 10: BRANCH %v_61[18.9,] 
BB 19
	outgoing: 20 
	datadep: 2 
	instructions:
		 0: %self->params %self[2.0,] 
		 1: %v_62[19.0,] 
		 2: %v_63[19.1,] 
		 3: %v_64->to_time %v_64[19.2,] 
		 4: %v_65->to_i %v_65[19.3,] 
		 5: (Time) 
		 6: %v_67->now %v_67[19.5,] 
		 7: %v_68->to_time %v_68[19.6,] 
		 8: %v_69->to_i %v_69[19.7,] 
		 9: %v_70[19.8,] %v_66[19.4,] 
		 10: %v_71[19.9,] 
BB 20
	outgoing: 21 22 
	datadep: 19 18 
	instructions:
		 0: BRANCH %v_61[19.10,18.9,] 
BB 21
	outgoing: 22 
	datadep: 2 
	instructions:
		 0: %self[2.0,] @article[17.1,17.1,] 
		 1: %v_72->parent_id %v_72[21.0,] 
		 2: %v_73->nil? %v_73[21.1,] 
		 3: %v_74[21.2,] 
BB 22
	outgoing: 24 
	datadep: 2 21 19 18 2 
	instructions:
		 0: %self[2.0,] %v_61[21.3,19.10,18.9,] @must_update_calendar[] 
		 1: 
		 2: %self->respond_to %self[2.0,] 
CLOSURE BEGIN: @article[] @must_update_calendar[22.0,] 
BB 1
	outgoing: 6 2 
	datadep: 
	instructions:
BB 2
	outgoing: 3 
	datadep: 
	instructions:
		 0: 
		 1: 
		 2: 
		 3: 
		 4: 
BB 3
	outgoing: 4 6 
	datadep: 2 
	instructions:
		 0: 
		 1: format->js format[2.2,] 
		 2: RETURN %cl_1_3[3.1,] 
BB 4
	outgoing: 6 
	datadep: 
	instructions:
		 0: 
		 1: %cl_1_4[4.0,] 
		 2: RETURN %cl_1_5[4.1,] 
BB 6
	outgoing: 
	datadep: 
	instructions:
CLOSURE END
		 3: 
BB 23
	outgoing: 24 
	datadep: 
	instructions:
		 0: 
BB 24
	outgoing: 25 26 
	datadep: 2 2 2 
	instructions:
		 0: 
		 1: 
		 2: %self[2.0,] @article[17.1,21.0,17.1,17.1,] 
		 3: %v_77->id %v_77[24.2,] 
		 4: %self->hidden_field_tag %self[2.0,] %v_76[24.1,] %v_78[24.3,] 
		 5: 
		 6: 
		 7: 
		 8: 
		 9: @article[24.2,] 
		 10: %v_83->id %v_83[24.9,] 
		 11: %v_81[24.7,] %v_82[24.8,] %v_84[24.10,] 
		 12: 
		 13: 
		 14: %v_86[24.12,] %v_87[24.13,] 
		 15: %self->link_to %self[2.0,] %v_80[24.6,] %v_85[24.11,] %v_88[24.14,] 
		 16: 
		 17: @article[24.2,24.9,] 
		 18: %v_90->state %v_90[24.17,] 
		 19: %v_91->to_s %v_91[24.18,] 
		 20: %v_92->downcase %v_92[24.19,] 
		 21: 
		 22: %v_93[24.20,] %v_94[24.21,] 
		 23: BRANCH %v_95[24.22,] 
BB 25
	outgoing: 28 
	datadep: 
	instructions:
		 0: 
		 1: (Time) 
		 2: %v_96->now %v_96[25.1,] 
		 3: RETURN %v_97[25.2,] 
BB 26
	outgoing: 28 
	datadep: 
	instructions:
		 0: RETURN 
BB 28
	outgoing: 
	datadep: 
	instructions:

SET IRMethod, name = get_fresh_or_existing_draft_for_article
BB 1
	outgoing: 10 2 
	datadep: 
	instructions:
BB 2
	outgoing: 3 4 
	datadep: 
	instructions:
		 0: 
		 1: 
		 2: 
		 3: 
		 4: 
		 5: 
		 6: %self[2.0,] @article[] 
		 7: %v_3->published %v_3[2.6,] 
		 8: BRANCH %v_4[2.7,] 
BB 3
	outgoing: 4 
	datadep: 2 
	instructions:
		 0: %self[2.0,] @article[2.6,] 
		 1: %v_5->id %v_5[3.0,] 
		 2: %v_6[3.1,] 
BB 4
	outgoing: 5 8 
	datadep: 3 2 
	instructions:
		 0: BRANCH %v_4[3.2,2.7,] 
BB 5
	outgoing: 6 7 
	datadep: 2 
	instructions:
		 0: 
		 1: %self[2.0,] @article[3.0,2.6,] 
		 2: %v_7->id %v_7[5.1,] 
		 3: %v_8[5.2,] 
		 4: 
		 5: (Article) 
		 6: %v_9->drafts %v_9[5.5,] 
		 7: %v_10->child_of parent_id[5.3,] %v_10[5.6,] 
		 8: %v_11->first %v_11[5.7,] 
		 9: BRANCH %v_12[5.8,] 
BB 6
	outgoing: 7 
	datadep: 
	instructions:
		 0: (Article) 
		 1: %v_13->new %v_13[6.0,] 
		 2: %v_14[6.1,] 
BB 7
	outgoing: 10 
	datadep: 2 6 5 2 2 5 5 5 
	instructions:
		 0: %self[2.0,] %v_12[6.2,5.8,] @article[5.1,5.1,] 
		 1: 
		 2: @article[7.0,] 
		 3: %self->this_blog %self[2.0,] 
		 4: %v_16->default_allow_comments %v_16[7.3,] 
		 5: %v_15[7.2,] %v_17[7.4,] 
		 6: 
		 7: @article[7.0,7.2,] 
		 8: %self->this_blog %self[2.0,] 
		 9: %v_19->default_allow_pings %v_19[7.8,] 
		 10: %v_18[7.7,] %v_20[7.9,] 
		 11: 
		 12: @article[7.0,7.2,7.7,] 
		 13: parent_id[5.3,] %v_21[7.12,] 
		 14: parent_id[5.3,] 
		 15: RETURN parent_id[5.3,] 
BB 8
	outgoing: 10 
	datadep: 
	instructions:
		 0: RETURN 
BB 10
	outgoing: 
	datadep: 
	instructions:

SET IRMethod, name = load_resources
BB 1
	outgoing: 3 2 
	datadep: 
	instructions:
BB 2
	outgoing: 3 
	datadep: 
	instructions:
		 0: 
		 1: 
		 2: 
		 3: 
		 4: 
		 5: 
		 6: (PostType) 
		 7: %v_3->all %v_3[2.6,] 
		 8: %self[2.0,] %v_4[2.7,] @post_types[] 
		 9: 
		 10: (Resource) 
		 11: %v_5->images_by_created_at %v_5[2.10,] 
		 12: %self->params %self[2.0,] 
		 13: %v_7[2.12,] 
		 14: %v_6->page %v_8[2.13,] %v_6[2.11,] 
		 15: %v_9[2.14,] 
		 16: %self[2.0,] %v_10[2.15,] @images[] 
		 17: 
		 18: (Resource) 
		 19: %v_11->without_images_by_filename %v_11[2.18,] 
		 20: %self[2.0,] %v_12[2.19,] @resources[] 
		 21: 
		 22: (TextFilter) 
		 23: %v_13->macro_filters %v_13[2.22,] 
		 24: %v_14[2.23,] %self[2.0,] @macros[] 
		 25: RETURN %v_14[2.23,] 
BB 3
	outgoing: 
	datadep: 
	instructions:

SET IRMethod, name = access_granted?
BB 1
	outgoing: 6 2 
	datadep: 
	instructions:
BB 2
	outgoing: 3 4 
	datadep: 
	instructions:
		 0: 
		 1: 
		 2: 
		 3: 
		 4: 
		 5: 
		 6: 
		 7: (Article) 
		 8: %v_3->find article_id[2.5,] %v_3[2.7,] 
		 9: %v_4[2.8,] 
		 10: 
		 11: %self->current_user %self[2.0,] 
		 12: article->access_by? article[2.9,] %v_5[2.11,] 
		 13: BRANCH %v_6[2.12,] 
BB 3
	outgoing: 6 
	datadep: 
	instructions:
		 0: 
		 1: RETURN 
BB 4
	outgoing: 6 
	datadep: 2 2 
	instructions:
		 0: 
		 1: %self->flash %self[2.0,] 
		 2: (I18n) 
		 3: 
		 4: %v_9->t %v_9[4.2,] %v_10[4.3,] 
		 5: %v_8[4.1,] %v_11[4.4,] 
		 6: 
		 7: 
		 8: %v_12[4.7,] 
		 9: %self->redirect_to %v_13[4.8,] %self[2.0,] 
		 10: 
		 11: RETURN 
BB 6
	outgoing: 
	datadep: 
	instructions:

SET IRMethod, name = update_article_attributes
BB 1
	outgoing: 8 2 
	datadep: 
	instructions:
BB 2
	outgoing: 3 4 
	datadep: 
	instructions:
		 0: 
		 1: 
		 2: 
		 3: 
		 4: 
		 5: 
		 6: %self[2.0,] @article[] 
		 7: %self->update_params %self[2.0,] 
		 8: %v_4[2.7,] %v_3[2.6,] 
		 9: 
		 10: @article[2.6,] 
		 11: %self->params %self[2.0,] 
		 12: %v_6[2.11,] 
		 13: %v_7[2.12,] 
		 14: %self->parse_date_time %self[2.0,] %v_8[2.13,] 
		 15: %v_5[2.10,] %v_9[2.14,] 
		 16: 
		 17: @article[2.6,2.10,] 
		 18: %self->current_user %self[2.0,] 
		 19: %v_10[2.17,] %v_11[2.18,] 
		 20: 
		 21: @article[2.6,2.10,2.17,] 
		 22: %self->params %self[2.0,] 
		 23: %v_13[2.22,] 
		 24: %v_12->save_attachments! %v_14[2.23,] %v_12[2.21,] 
		 25: 
		 26: @article[2.6,2.10,2.17,2.21,] 
		 27: %v_16->draft %v_16[2.26,] 
		 28: BRANCH %v_17[2.27,] 
BB 3
	outgoing: 5 
	datadep: 2 
	instructions:
		 0: %self[2.0,] @article[2.6,2.10,2.17,2.21,2.26,] 
		 1: 
		 2: %v_18[3.0,] %v_19[3.1,] 
		 3: 
BB 4
	outgoing: 5 
	datadep: 
	instructions:
		 0: 
BB 5
	outgoing: 6 7 
	datadep: 2 
	instructions:
		 0: 
		 1: %self[2.0,] @article[3.0,2.6,2.10,2.17,2.21,2.26,] 
		 2: %v_22->text_filter %v_22[5.1,] 
		 3: BRANCH %v_20[5.2,] 
BB 6
	outgoing: 8 
	datadep: 2 5 
	instructions:
		 0: %self->current_user %self[2.0,] 
		 1: %v_23->default_text_filter %v_23[6.0,] 
		 2: %v_24[6.1,] %v_22[5.1,] 
		 3: RETURN %v_24[6.1,] 
BB 7
	outgoing: 8 
	datadep: 5 
	instructions:
		 0: RETURN %v_20[5.2,] 
BB 8
	outgoing: 
	datadep: 
	instructions:

SET IRMethod, name = update_params
BB 1
	outgoing: 3 2 
	datadep: 
	instructions:
BB 2
	outgoing: 3 
	datadep: 
	instructions:
		 0: 
		 1: 
		 2: 
		 3: 
		 4: 
		 5: 
		 6: %self->params %self[2.0,] 
		 7: %v_3->require %v_3[2.6,] 
		 8: %v_4->except %v_4[2.7,] 
		 9: %v_5->permit! %v_5[2.8,] 
		 10: RETURN %v_6[2.9,] 
BB 3
	outgoing: 
	datadep: 
	instructions:

SET IRMethod, name = get_layout
BB 1
	outgoing: 15 2 
	datadep: 
	instructions:
BB 2
	outgoing: 3 8 
	datadep: 
	instructions:
		 0: 
		 1: 
		 2: 
		 3: 
		 4: 
		 5: 
		 6: %self->action_name %self[2.0,] 
		 7: 
		 8: %v_3[2.6,] %v_6[2.7,] 
		 9: BRANCH %v_5[2.8,] 
BB 3
	outgoing: 4 9 
	datadep: 2 
	instructions:
		 0: 
		 1: %v_3[2.6,] %v_8[3.0,] 
		 2: BRANCH %v_7[3.1,] 
BB 4
	outgoing: 5 10 
	datadep: 2 
	instructions:
		 0: 
		 1: %v_3[2.6,] %v_10[4.0,] 
		 2: BRANCH %v_9[4.1,] 
BB 5
	outgoing: 6 11 
	datadep: 2 
	instructions:
		 0: 
		 1: %v_3[2.6,] %v_12[5.0,] 
		 2: BRANCH %v_11[5.1,] 
BB 6
	outgoing: 7 12 
	datadep: 2 
	instructions:
		 0: 
		 1: %v_14[6.0,] %v_3[2.6,] 
		 2: BRANCH %v_13[6.1,] 
BB 7
	outgoing: 15 
	datadep: 
	instructions:
		 0: 
		 1: 
		 2: %v_18[7.1,] 
		 3: RETURN %v_18[7.1,] 
BB 8
	outgoing: 15 
	datadep: 
	instructions:
		 0: 
		 1: 
		 2: %v_15[8.1,] 
		 3: RETURN %v_15[8.1,] 
BB 9
	outgoing: 15 
	datadep: 
	instructions:
		 0: 
		 1: %v_16[9.0,] 
		 2: RETURN %v_16[9.0,] 
BB 10
	outgoing: 15 
	datadep: 
	instructions:
		 0: 
		 1: %v_17[10.0,] 
		 2: RETURN %v_17[10.0,] 
BB 11
	outgoing: 15 
	datadep: 
	instructions:
		 0: 
		 1: 
		 2: RETURN 
BB 12
	outgoing: 15 
	datadep: 
	instructions:
		 0: 
		 1: RETURN %v_4[12.0,] 
BB 15
	outgoing: 
	datadep: 
	instructions:

