SET IRMethod, name = admin?
BB 1
	outgoing: 16 2 
	datadep: 
	instructions:
BB 2
	outgoing: 3 4 
	datadep: 
	instructions:
		 0: 
		 1: 
		 2: 
		 3: 
		 4: 
		 5: 
		 6: perm[2.5,] 
BB 3
	outgoing: 4 
	datadep: 
	instructions:
		 0: 
BB 4
	outgoing: 5 6 
	datadep: 2 
	instructions:
		 0: 
		 1: %self->super_admin? %self[2.0,] 
		 2: BRANCH %v_3[4.1,] 
BB 5
	outgoing: 16 
	datadep: 
	instructions:
		 0: 
		 1: 
		 2: RETURN 
BB 6
	outgoing: 7 10 
	datadep: 3 2 
	instructions:
		 0: BRANCH perm[3.0,2.5,] 
BB 7
	outgoing: 8 9 
	datadep: 2 
	instructions:
		 0: 
		 1: %self->admin %self[2.0,] 
		 2: BRANCH %v_5[7.1,] 
BB 8
	outgoing: 9 
	datadep: 2 3 2 
	instructions:
		 0: %self->admin %self[2.0,] 
		 1: %v_6->flags %v_6[8.0,] 
		 2: perm->to_s perm[3.0,2.5,] 
		 3: %v_8[8.2,] %v_7[8.1,] 
		 4: %v_9[8.3,] 
BB 9
	outgoing: 14 
	datadep: 
	instructions:
		 0: 
BB 10
	outgoing: 11 12 
	datadep: 2 
	instructions:
		 0: 
		 1: %self->admin %self[2.0,] 
		 2: BRANCH %v_10[10.1,] 
BB 11
	outgoing: 13 
	datadep: 
	instructions:
		 0: 
		 1: 
BB 12
	outgoing: 13 
	datadep: 
	instructions:
		 0: 
BB 13
	outgoing: 14 
	datadep: 12 11 
	instructions:
		 0: %v_11[12.0,11.0,] 
BB 14
	outgoing: 16 
	datadep: 13 8 7 
	instructions:
		 0: RETURN %v_5[13.0,8.4,7.1,] 
BB 16
	outgoing: 
	datadep: 
	instructions:

SET IRMethod, name = super_admin?
BB 1
	outgoing: 3 2 
	datadep: 
	instructions:
BB 2
	outgoing: 3 
	datadep: 
	instructions:
		 0: 
		 1: 
		 2: 
		 3: 
		 4: 
		 5: 
		 6: %self->admin %self[2.0,] 
		 7: %v_3->try %v_3[2.6,] 
		 8: RETURN %v_4[2.7,] 
BB 3
	outgoing: 
	datadep: 
	instructions:

SET IRMethod, name = destroy_admin
BB 1
	outgoing: 8 2 
	datadep: 
	instructions:
BB 2
	outgoing: 3 4 
	datadep: 
	instructions:
		 0: 
		 1: 
		 2: 
		 3: 
		 4: 
		 5: 
		 6: %self->admin %self[2.0,] 
		 7: BRANCH %v_3[2.6,] 
BB 3
	outgoing: 4 
	datadep: 2 
	instructions:
		 0: %self->admin %self[2.0,] 
		 1: %v_4->template_name %v_4[3.0,] 
		 2: %v_5->nil? %v_5[3.1,] 
		 3: %v_6[3.2,] 
BB 4
	outgoing: 5 6 
	datadep: 3 2 
	instructions:
		 0: BRANCH %v_3[3.3,2.6,] 
BB 5
	outgoing: 8 
	datadep: 2 
	instructions:
		 0: 
		 1: 
		 2: %self->admin %self[2.0,] 
		 3: %v_8->destroy %v_8[5.2,] 
		 4: RETURN %v_9[5.3,] 
BB 6
	outgoing: 8 
	datadep: 
	instructions:
		 0: RETURN 
BB 8
	outgoing: 
	datadep: 
	instructions:

