SET IRMethod, name = in_groups instanceMethod = true
BB 1
	outgoing: 3 2 
	datadep: 
	instructions:
BB 2
	outgoing: 3 
	datadep: 
	instructions:
		 0: def_%self 
		 1: def_%v_0 
		 2: COPY TYPE_CurrentScope def_%current_scope 
		 3: COPY TYPE_ScopeModule def_%current_module 
		 4: 
		 5: RECEIVEARG def_groups 
		 6: Line Number 12
		 7: groups->map def_%v_3 groups[2.5,] 	 SYMBOL:id,	 ARGS:
		 8: %self->in_group_ids def_%v_4 %self[2.0,] %v_3[2.7,] 	 SYMBOL:	 ARGS:%v_3,
		 9: RETURN %v_4[2.8,] %self[2.0,2.8,] 
BB 3
	outgoing: 
	datadep: 
	instructions:

SET IRMethod, name = small_groups instanceMethod = true
BB 1
	outgoing: 6 2 
	datadep: 
	instructions:
BB 2
	outgoing: 3 4 
	datadep: 
	instructions:
		 0: def_%self 
		 1: def_%v_0 
		 2: COPY TYPE_CurrentScope def_%current_scope 
		 3: COPY TYPE_ScopeModule def_%current_module 
		 4: 
		 5: Line Number 16
		 6: (Setting) def_%v_3 
		 7: %v_3->get def_%v_4 %v_3[2.6,] 	 SYMBOL:features,small_group_size,	 ARGS:Symbol,Symbol,
		 8: COPY TYPE_PASS def_size %v_4[2.7,] 
		 9: Line Number 17
		 10: COPY TYPE_StringLiteral "all" def_%v_5 
		 11: %v_4->== def_%v_6 %v_4[2.7,] %v_5[2.10,] 	 SYMBOL:	 ARGS:%v_5,
		 12: BRANCH %v_6[2.11,] 
BB 3
	outgoing: 6 
	datadep: 
	instructions:
		 0: Line Number 18
		 1: %self->groups def_%v_7 %self[2.0,] 	 SYMBOL:	 ARGS:
		 2: %v_7->active def_%v_8 %v_7[3.1,] 	 SYMBOL:	 ARGS:
		 3: RETURN %v_8[3.2,] %self[3.1,2.0,] 
BB 4
	outgoing: 6 
	datadep: 
	instructions:
		 0: Line Number 20
		 1: %self->groups def_%v_9 %self[2.0,] 	 SYMBOL:	 ARGS:
		 2: %v_9->active def_%v_10 %v_9[4.1,] 	 SYMBOL:	 ARGS:
		 3: COPY TYPE_StringLiteral "(select count(*) from memberships where group_id=groups.id) <= " def_%v_11 
		 4: size->to_i def_%v_12 size[2.8,] 	 SYMBOL:	 ARGS:
		 5: BUILDSTRING def_%v_13 %v_11[4.3,] %v_12[4.4,] 
		 6: %v_10->where def_%v_14 %v_10[4.2,] %v_13[4.5,] 	 SYMBOL:	 ARGS:%v_13,
		 7: RETURN %v_14[4.6,] %self[4.1,2.0,] 
BB 6
	outgoing: 
	datadep: 
	instructions:

SET IRMethod, name = small_group_people instanceMethod = true
BB 1
	outgoing: 5 2 
	datadep: 
	instructions:
BB 2
	outgoing: 3 4 
	datadep: 
	instructions:
		 0: def_%self 
		 1: def_%v_0 
		 2: COPY TYPE_CurrentScope def_%current_scope 
		 3: COPY TYPE_ScopeModule def_%current_module 
		 4: 
		 5: Line Number 25
		 6: (inherit Person) def_%v_3 
		 7: %v_3[2.6,] 
BB 3
	outgoing: 4 
	datadep: 
	instructions:
		 0: CONSTANT def_%v_3 	 SYMBOL:Person,	 ARGS:Symbol,
BB 4
	outgoing: 5 
	datadep: 
	instructions:
		 0: %self->small_groups def_%v_4 %self[2.0,] 	 SYMBOL:	 ARGS:
		 1: %v_4->pluck def_%v_5 %v_4[4.0,] 	 SYMBOL:id,	 ARGS:Symbol,
		 2: %v_3->in_group_ids def_%v_6 %v_3[3.0,2.6,] %v_5[4.1,] 	 SYMBOL:	 ARGS:%v_5,
		 3: COPY TYPE_StringLiteral "people.id != ?" def_%v_7 
		 4: %self->id def_%v_8 %self[4.0,2.0,] 	 SYMBOL:	 ARGS:
		 5: %v_6->where def_%v_9 %v_6[4.2,] %v_7[4.3,] %v_8[4.4,] 	 SYMBOL:	 ARGS:%v_7,%v_8,
		 6: RETURN %v_9[4.5,] %self[4.0,4.4,2.0,] 
BB 5
	outgoing: 
	datadep: 
	instructions:

SET IRMethod, name = sharing_with_people instanceMethod = true
BB 1
	outgoing: 5 2 
	datadep: 
	instructions:
BB 2
	outgoing: 3 4 
	datadep: 
	instructions:
		 0: def_%self 
		 1: def_%v_0 
		 2: COPY TYPE_CurrentScope def_%current_scope 
		 3: COPY TYPE_ScopeModule def_%current_module 
		 4: 
		 5: Line Number 29
		 6: %self->sharing_with_people_ids def_%v_3 %self[2.0,] 	 SYMBOL:	 ARGS:
		 7: COPY TYPE_PASS def_ids %v_3[2.6,] 
		 8: Line Number 30
		 9: (inherit Person) def_%v_4 
		 10: %v_4[2.9,] 
BB 3
	outgoing: 4 
	datadep: 
	instructions:
		 0: CONSTANT def_%v_4 	 SYMBOL:Person,	 ARGS:Symbol,
BB 4
	outgoing: 5 
	datadep: 
	instructions:
		 0: ids->[] def_%v_5 ids[2.7,] 	 SYMBOL:family_ids,	 ARGS:Symbol,
		 1: ids->[] def_%v_6 ids[4.0,2.7,] 	 SYMBOL:friend_ids,	 ARGS:Symbol,
		 2: %v_5->+ def_%v_7 %v_5[4.0,] %v_6[4.1,] 	 SYMBOL:	 ARGS:%v_6,
		 3: ids->[] def_%v_8 ids[4.0,4.1,2.7,] 	 SYMBOL:groupy_ids,	 ARGS:Symbol,
		 4: %v_8->map def_%v_9 %v_8[4.3,] 	 SYMBOL:first,	 ARGS:
		 5: %v_7->+ def_%v_10 %v_7[4.2,] %v_9[4.4,] 	 SYMBOL:	 ARGS:%v_9,
		 6: HASH-id- def_%v_11 %v_10[4.5,] 
		 7: %v_4->where def_%v_12 %v_4[3.0,2.9,] %v_11[4.6,] 	 SYMBOL:	 ARGS:%v_11,
		 8: RETURN %v_12[4.7,] %self[2.0,] 
BB 5
	outgoing: 
	datadep: 
	instructions:

SET IRMethod, name = sharing_with_people_ids instanceMethod = true
BB 1
	outgoing: 6 2 
	datadep: 
	instructions:
BB 2
	outgoing: 3 4 
	datadep: 
	instructions:
		 0: def_%self 
		 1: def_%v_0 
		 2: COPY TYPE_CurrentScope def_%current_scope 
		 3: COPY TYPE_ScopeModule def_%current_module 
		 4: 
		 5: Line Number 35
		 6: %self->family def_%v_3 %self[2.0,] 	 SYMBOL:	 ARGS:
		 7: %v_3->people def_%v_4 %v_3[2.6,] 	 SYMBOL:	 ARGS:
		 8: %v_4->undeleted def_%v_5 %v_4[2.7,] 	 SYMBOL:	 ARGS:
		 9: %v_5->where def_%v_6 %v_5[2.8,] 	 SYMBOL:	 ARGS:
		 10: %self->id def_%v_7 %self[2.0,2.6,] 	 SYMBOL:	 ARGS:
		 11: HASH-id- def_%v_8 %v_7[2.10,] 
		 12: %v_6->not def_%v_9 %v_6[2.9,] %v_8[2.11,] 	 SYMBOL:	 ARGS:%v_8,
		 13: %v_9->pluck def_%v_10 %v_9[2.12,] 	 SYMBOL:id,	 ARGS:Symbol,
		 14: Line Number 36
		 15: (Setting) def_%v_11 
		 16: %v_11->get def_%v_12 %v_11[2.15,] 	 SYMBOL:features,friends,	 ARGS:Symbol,Symbol,
		 17: BRANCH %v_12[2.16,] 
BB 3
	outgoing: 5 
	datadep: 
	instructions:
		 0: %self->friends def_%v_13 %self[2.0,] 	 SYMBOL:	 ARGS:
		 1: %v_13->pluck def_%v_14 %v_13[3.0,] 	 SYMBOL:id,	 ARGS:Symbol,
		 2: 
BB 4
	outgoing: 5 
	datadep: 
	instructions:
		 0: COPY TYPE_Array def_%v_15 
		 1: COPY TYPE_PASS def_%v_14 %v_15[4.0,] 
BB 5
	outgoing: 6 
	datadep: 
	instructions:
		 0: %self->small_group_people def_%v_16 %self[2.0,] 	 SYMBOL:	 ARGS:
		 1: %v_16->pluck def_%v_17 %v_16[5.0,] 	 SYMBOL:id,group_id,	 ARGS:Symbol,Symbol,
		 2: HASH-family_ids-friend_ids-groupy_ids- def_%v_18 %v_10[2.13,] %v_14[4.1,3.1,] %v_17[5.1,] 
		 3: RETURN %v_18[5.2,] %self[5.0,2.0,] 
BB 6
	outgoing: 
	datadep: 
	instructions:

SET IRMethod, name = reason_sharing_with instanceMethod = true
BB 1
	outgoing: 3 2 
	datadep: 
	instructions:
BB 2
	outgoing: 3 
	datadep: 
	instructions:
		 0: def_%self 
		 1: def_%v_0 
		 2: COPY TYPE_CurrentScope def_%current_scope 
		 3: COPY TYPE_ScopeModule def_%current_module 
		 4: 
		 5: RECEIVEARG def_person 
		 6: Line Number 42
		 7: %self->sharing_with_people_ids def_%v_3 %self[2.0,] 	 SYMBOL:	 ARGS:
		 8: COPY TYPE_PASS def_ids %v_3[2.7,] 
		 9: Line Number 43
		 10: HASH- def_%v_4 
		 11: %v_4->tap def_%v_5 %v_4[2.10,] %self[2.0,2.7,] 	 SYMBOL:	 ARGS:%v_4,
CLOSURE BEGIN: ids[2.8,] person[2.5,] reasons[] %self[2.0,2.7,] id[] 
BB 1
	outgoing: 15 2 
	datadep: 
	instructions:
BB 2
	outgoing: 3 
	datadep: 
	instructions:
		 0: def_%self 
		 1: def_%cl_1_0 
		 2: RECEIVEARG def_reasons 
		 3: COPY TYPE_CurrentScope def_%current_scope 
		 4: COPY TYPE_ScopeModule def_%current_module 
BB 3
	outgoing: 4 5 13 
	datadep: 
	instructions:
		 0: Line Number 44
		 1: ids->[] def_%cl_1_3 ids[] 	 SYMBOL:family_ids,	 ARGS:Symbol,
		 2: person->id def_%cl_1_4 person[] 	 SYMBOL:	 ARGS:
		 3: %cl_1_3->include? def_%cl_1_5 %cl_1_3[3.1,] %cl_1_4[3.2,] 	 SYMBOL:	 ARGS:%cl_1_4,
		 4: BRANCH %cl_1_5[3.3,] 
BB 4
	outgoing: 6 13 
	datadep: 
	instructions:
		 0: person->family def_%cl_1_6 person[] 	 SYMBOL:	 ARGS:
		 1: ATTRASSIGN reasons->[] %cl_1_6[4.0,] 
		 2: 
BB 5
	outgoing: 6 
	datadep: 
	instructions:
		 0: COPY TYPE_Nil def_%cl_1_6 
BB 6
	outgoing: 7 8 13 
	datadep: 
	instructions:
		 0: Line Number 45
		 1: ids->[] def_%cl_1_7 ids[] 	 SYMBOL:friend_ids,	 ARGS:Symbol,
		 2: person->id def_%cl_1_8 person[] 	 SYMBOL:	 ARGS:
		 3: %cl_1_7->include? def_%cl_1_9 %cl_1_7[6.1,] %cl_1_8[6.2,] 	 SYMBOL:	 ARGS:%cl_1_8,
		 4: BRANCH %cl_1_9[6.3,] 
BB 7
	outgoing: 9 13 
	datadep: 
	instructions:
		 0: ATTRASSIGN reasons->[] 
		 1: COPY TYPE_Boolean def_%cl_1_10 
		 2: 
BB 8
	outgoing: 9 
	datadep: 
	instructions:
		 0: COPY TYPE_Nil def_%cl_1_10 
BB 9
	outgoing: 10 11 13 
	datadep: 
	instructions:
		 0: Line Number 46
		 1: (Group) def_%cl_1_11 
		 2: ids->[] def_%cl_1_12 ids[] 	 SYMBOL:groupy_ids,	 ARGS:Symbol,
		 3: %cl_1_12->select def_%cl_1_13 %cl_1_12[9.2,] %self[2.0,] 	 SYMBOL:	 ARGS:%cl_1_12,
CLOSURE BEGIN: person[] id[] 
BB 1
	outgoing: 6 2 
	datadep: 
	instructions:
BB 2
	outgoing: 3 
	datadep: 
	instructions:
		 0: def_%self 
		 1: def_%cl_2_0 
		 2: RECEIVEARG def_id 
		 3: RECEIVEARG def__group_id 
		 4: COPY TYPE_CurrentScope def_%current_scope 
		 5: COPY TYPE_ScopeModule def_%current_module 
BB 3
	outgoing: 4 6 
	datadep: 
	instructions:
		 0: Line Number 46
		 1: person->id def_%cl_2_3 person[] 	 SYMBOL:	 ARGS:
		 2: id->== def_%cl_2_4 id[2.2,] %cl_2_3[3.1,] 	 SYMBOL:	 ARGS:%cl_2_3,
		 3: RETURN %cl_2_4[3.2,] %self[2.0,] 
BB 4
	outgoing: 6 
	datadep: 
	instructions:
		 0: def_%cl_2_5 
		 1: def_%cl_2_6 %cl_2_5[4.0,] 
		 2: RETURN %cl_2_6[4.1,] %self[2.0,] 
BB 6
	outgoing: 
	datadep: 
	instructions:
CLOSURE END: _group_id[2.3,] 
		 4: %cl_1_13->map def_%cl_1_14 %cl_1_13[9.3,] 	 SYMBOL:last,	 ARGS:
		 5: %cl_1_11->find def_%cl_1_15 %cl_1_11[9.1,] %cl_1_14[9.4,] 	 SYMBOL:	 ARGS:%cl_1_14,
		 6: ATTRASSIGN reasons->[] %cl_1_15[9.5,] 
		 7: Line Number 47
		 8: reasons->[] def_%cl_1_16 reasons[9.6,7.0,4.1,2.2,] 	 SYMBOL:groups,	 ARGS:Symbol,
		 9: %cl_1_16->empty? def_%cl_1_17 %cl_1_16[9.8,] 	 SYMBOL:	 ARGS:
		 10: BRANCH %cl_1_17[9.9,] 
BB 10
	outgoing: 12 13 
	datadep: 
	instructions:
		 0: reasons->delete def_%cl_1_18 reasons[9.6,7.0,4.1,2.2,] 	 SYMBOL:groups,	 ARGS:Symbol,
		 1: 
BB 11
	outgoing: 15 
	datadep: 
	instructions:
		 0: RETURN %self[2.0,] 
BB 12
	outgoing: 15 
	datadep: 
	instructions:
		 0: RETURN %cl_1_18[10.0,] %self[2.0,] 
BB 13
	outgoing: 15 
	datadep: 
	instructions:
		 0: def_%cl_1_19 
		 1: def_%cl_1_20 %cl_1_19[13.0,] 
		 2: RETURN %cl_1_20[13.1,] %self[2.0,] 
BB 15
	outgoing: 
	datadep: 
	instructions:
CLOSURE END: 
		 12: RETURN %v_5[2.11,] %self[2.0,2.7,] 
BB 3
	outgoing: 
	datadep: 
	instructions:

