SET IRMethod, name = index
BB 1
	outgoing: 3 2 
	datadep: 
	instructions:
BB 2
	outgoing: 3 
	datadep: 
	instructions:
		 0: def_%self 
		 1: def_%v_0 
		 2: COPY TYPE_CurrentScope def_%current_scope 
		 3: COPY TYPE_ScopeModule def_%current_module 
		 4: 
		 5: 
		 6: GETFIELD %self->node def_%v_3 %self[2.0,] 
		 7: %v_3->comments def_%v_4 %v_3[2.6,] 	 ARGS:
		 8: %v_4->published def_%v_5 %v_4[2.7,] 	 ARGS:
		 9: COPY TYPE_StringLiteral def_%v_6 
		 10: %v_5->order def_%v_7 %v_5[2.8,] %v_6[2.9,] 	 ARGS:%v_6,
		 11: ATTRASSIGN %self->comments %v_7[2.10,] 
		 12: 
		 13: %self->respond_to def_%v_8 %self[2.0,2.11,] %self[2.0,2.11,] 	 ARGS:%self,
CLOSURE BEGIN: wants[] 
BB 1
	outgoing: 6 2 
	datadep: 
	instructions:
BB 2
	outgoing: 3 
	datadep: 
	instructions:
		 0: def_%self 
		 1: def_%cl_1_0 
		 2: RECEIVEARG def_wants 
		 3: COPY TYPE_CurrentScope def_%current_scope 
		 4: COPY TYPE_ScopeModule def_%current_module 
BB 3
	outgoing: 4 6 
	datadep: 
	instructions:
		 0: 
		 1: wants->html def_%cl_1_3 wants[2.2,] 	 ARGS:
		 2: 
		 3: wants->atom def_%cl_1_4 wants[3.1,2.2,] 	 ARGS:
		 4: RETURN %cl_1_4[3.3,] %self[2.0,] 
BB 4
	outgoing: 6 
	datadep: 
	instructions:
		 0: def_%cl_1_5 
		 1: def_%cl_1_6 %cl_1_5[4.0,] 
		 2: RETURN %cl_1_6[4.1,] %self[2.0,] 
BB 6
	outgoing: 
	datadep: 
	instructions:
CLOSURE END
		 14: 
		 15: %self->ruby_code_from_view def_%v_9 %self[2.0,2.11,2.13,] 	 ARGS:
		 16: %v_9->ruby_code_from_view def_%v_10 %v_9[2.15,] %self[2.0,2.11,2.13,2.15,] 	 ARGS:%v_9,
CLOSURE BEGIN: %self[2.0,2.11,2.13,2.15,] 
BB 1
	outgoing: 6 2 
	datadep: 
	instructions:
BB 2
	outgoing: 3 
	datadep: 
	instructions:
		 0: def_%self 
		 1: def_%cl_2_0 
		 2: RECEIVEARG def_rb_from_view 
		 3: COPY TYPE_CurrentScope def_%current_scope 
		 4: COPY TYPE_ScopeModule def_%current_module 
BB 3
	outgoing: 4 6 
	datadep: 
	instructions:
		 0: 
		 1: COPY TYPE_StringLiteral def_%cl_2_3 
		 2: %self->h1 def_%cl_2_4 %self[2.0,] %cl_2_3[3.1,] 	 ARGS:%cl_2_3,
		 3: 
		 4: GETFIELD %self->comments def_%cl_2_5 %self[3.2,2.0,] 
		 5: %cl_2_5->each def_%cl_2_6 %cl_2_5[3.4,] %self[3.2,2.0,] 	 ARGS:%cl_2_5,
CLOSURE BEGIN: %self[3.2,2.0,] comment[] 
BB 1
	outgoing: 6 2 
	datadep: 
	instructions:
BB 2
	outgoing: 3 
	datadep: 
	instructions:
		 0: def_%self 
		 1: def_%cl_3_0 
		 2: RECEIVEARG def_comment 
		 3: COPY TYPE_CurrentScope def_%current_scope 
		 4: COPY TYPE_ScopeModule def_%current_module 
BB 3
	outgoing: 4 6 
	datadep: 
	instructions:
		 0: 
		 1: %self->render def_%cl_3_3 %self[2.0,] comment[2.2,] 	 ARGS:comment,
		 2: RETURN %cl_3_3[3.1,] %self[3.1,2.0,] 
BB 4
	outgoing: 6 
	datadep: 
	instructions:
		 0: def_%cl_3_4 
		 1: def_%cl_3_5 %cl_3_4[4.0,] 
		 2: RETURN %cl_3_5[4.1,] %self[2.0,] 
BB 6
	outgoing: 
	datadep: 
	instructions:
CLOSURE END
		 6: RETURN %cl_2_6[3.5,] %self[3.2,2.0,] 
BB 4
	outgoing: 6 
	datadep: 
	instructions:
		 0: def_%cl_2_7 
		 1: def_%cl_2_8 %cl_2_7[4.0,] 
		 2: RETURN %cl_2_8[4.1,] %self[2.0,] 
BB 6
	outgoing: 
	datadep: 
	instructions:
CLOSURE END
		 17: RETURN %v_10[2.16,] %self[2.0,2.11,2.13,2.15,] 
BB 3
	outgoing: 
	datadep: 
	instructions:

SET IRMethod, name = show
BB 1
	outgoing: 3 2 
	datadep: 
	instructions:
BB 2
	outgoing: 3 
	datadep: 
	instructions:
		 0: def_%self 
		 1: def_%v_0 
		 2: COPY TYPE_CurrentScope def_%current_scope 
		 3: COPY TYPE_ScopeModule def_%current_module 
		 4: 
		 5: 
		 6: GETFIELD %self->comment def_%v_3 %self[2.0,] 
		 7: %self->enforce_view_permission def_%v_4 %self[2.0,] %v_3[2.6,] 	 ARGS:%v_3,
		 8: 
		 9: %self->ruby_code_from_view def_%v_5 %self[2.0,2.7,] 	 ARGS:
		 10: %v_5->ruby_code_from_view def_%v_6 %v_5[2.9,] %self[2.0,2.7,2.9,] 	 ARGS:%v_5,
CLOSURE BEGIN: 
BB 1
	outgoing: 6 2 
	datadep: 
	instructions:
BB 2
	outgoing: 6 
	datadep: 
	instructions:
		 0: def_%self 
		 1: def_%cl_1_0 
		 2: RECEIVEARG def_rb_from_view 
		 3: COPY TYPE_CurrentScope def_%current_scope 
		 4: COPY TYPE_ScopeModule def_%current_module 
		 5: RETURN %self[2.0,] 
BB 6
	outgoing: 
	datadep: 
	instructions:
CLOSURE END
		 11: RETURN %v_6[2.10,] %self[2.0,2.7,2.9,] 
BB 3
	outgoing: 
	datadep: 
	instructions:

SET IRMethod, name = new
BB 1
	outgoing: 17 2 
	datadep: 
	instructions:
BB 2
	outgoing: 4 
	datadep: 
	instructions:
		 0: def_%self 
		 1: def_%v_0 
		 2: COPY TYPE_CurrentScope def_%current_scope 
		 3: COPY TYPE_ScopeModule def_%current_module 
		 4: 
		 5: def_%v_3 
BB 4
	outgoing: 5 6 
	datadep: 
	instructions:
		 0: 
		 1: 
		 2: GETFIELD %self->node def_%v_6 %self[2.0,] 
		 3: %v_6->comments def_%v_7 %v_6[4.2,] 	 ARGS:
		 4: %v_7->build def_%v_8 %v_7[4.3,] 	 ARGS:
		 5: ATTRASSIGN %self->comment %v_8[4.4,] 
		 6: 
		 7: GETFIELD %self->comment def_%v_9 %self[4.5,2.0,] 
		 8: %self->enforce_create_permission def_%v_10 %self[4.5,2.0,] %v_9[4.7,] 	 ARGS:%v_9,
		 9: COPY TYPE_PASS def_%v_5 %v_10[4.8,] 
		 10: %v_3[2.5,] 
BB 5
	outgoing: 16 
	datadep: 
	instructions:
		 0: 
BB 6
	outgoing: 7 8 15 
	datadep: 
	instructions:
		 0: def_%v_11 
		 1: (Canable) def_%v_12 
		 2: (inherit Transgression) def_%v_13 %v_12[6.1,] 
		 3: %v_13[6.2,] 
BB 7
	outgoing: 8 15 
	datadep: 
	instructions:
		 0: %v_12->const_missing def_%v_13 %v_12[6.1,] 	 ARGS:Symbol,
BB 8
	outgoing: 9 10 15 
	datadep: 
	instructions:
		 0: def_%v_14 %v_13[7.0,6.2,] %v_11[6.0,] 
		 1: BRANCH %v_14[8.0,] 
BB 9
	outgoing: 15 17 
	datadep: 
	instructions:
		 0: %v_11[6.0,] 
BB 10
	outgoing: 11 12 15 
	datadep: 
	instructions:
		 0: 
		 1: %self->current_account def_%v_15 %self[4.5,2.0,] 	 ARGS:
		 2: %v_15->blocked? def_%v_16 %v_15[10.1,] 	 ARGS:
		 3: BRANCH %v_16[10.2,] 
BB 11
	outgoing: 13 15 
	datadep: 
	instructions:
		 0: 
		 1: %self->flash def_%v_17 %self[4.5,2.0,] 	 ARGS:
		 2: COPY TYPE_StringLiteral def_%v_18 
		 3: ATTRASSIGN %v_17->[] %v_18[11.2,] 
		 4: 
BB 12
	outgoing: 13 15 
	datadep: 
	instructions:
		 0: 
		 1: %self->flash def_%v_19 %self[4.5,2.0,] 	 ARGS:
		 2: COPY TYPE_StringLiteral def_%v_20 
		 3: ATTRASSIGN %v_19->[] %v_20[12.2,] 
		 4: COPY TYPE_PASS def_%v_18 %v_20[12.2,] 
BB 13
	outgoing: 14 15 
	datadep: 
	instructions:
		 0: 
		 1: GETFIELD %self->node def_%v_21 %self[2.0,] 
		 2: %v_21->content def_%v_22 %v_21[13.1,] 	 ARGS:
		 3: %self->redirect_to_content def_%v_23 %self[4.5,2.0,] %v_22[13.2,] 	 ARGS:%v_22,
		 4: COPY TYPE_PASS def_%v_5 %v_23[13.3,] 
		 5: %v_3[2.5,] 
BB 14
	outgoing: 16 
	datadep: 
	instructions:
		 0: 
BB 15
	outgoing: 17 
	datadep: 
	instructions:
		 0: def_%v_24 
		 1: def_%v_25 %v_24[15.0,] %v_3[2.5,] 
		 2: %v_24[15.0,] 
BB 16
	outgoing: 17 
	datadep: 
	instructions:
		 0: RETURN %v_5[4.9,13.4,] %self[4.5,2.0,] 
BB 17
	outgoing: 
	datadep: 
	instructions:

SET IRMethod, name = answer
BB 1
	outgoing: 6 2 
	datadep: 
	instructions:
BB 2
	outgoing: 3 4 
	datadep: 
	instructions:
		 0: def_%self 
		 1: def_%v_0 
		 2: COPY TYPE_CurrentScope def_%current_scope 
		 3: COPY TYPE_ScopeModule def_%current_module 
		 4: 
		 5: 
		 6: %self->new def_%v_3 %self[2.0,] 	 ARGS:
		 7: 
		 8: GETFIELD %self->comment def_%v_4 %self[2.0,2.6,] 
		 9: %self->params def_%v_5 %self[2.0,2.6,] 	 ARGS:
		 10: %v_5->[] def_%v_6 %v_5[2.9,] 	 ARGS:Symbol,
		 11: ATTRASSIGN %v_4->parent_id %v_6[2.10,] 
		 12: 
		 13: %self->current_account def_%v_7 %self[2.0,2.6,2.9,] 	 ARGS:
		 14: GETFIELD %self->comment def_%v_8 %self[2.0,2.6,2.9,2.13,] 
		 15: %v_7->can_create? def_%v_9 %v_7[2.13,] %v_8[2.14,] 	 ARGS:%v_8,
		 16: BRANCH %v_9[2.15,] 
BB 3
	outgoing: 6 
	datadep: 
	instructions:
		 0: %self->render def_%v_10 %self[2.0,] 	 ARGS:Symbol,
		 1: RETURN %v_10[3.0,] %self[3.0,2.0,] 
BB 4
	outgoing: 6 
	datadep: 
	instructions:
		 0: RETURN %self[2.0,] 
BB 6
	outgoing: 
	datadep: 
	instructions:

SET IRMethod, name = create
BB 1
	outgoing: 8 2 
	datadep: 
	instructions:
BB 2
	outgoing: 3 4 
	datadep: 
	instructions:
		 0: def_%self 
		 1: def_%v_0 
		 2: COPY TYPE_CurrentScope def_%current_scope 
		 3: COPY TYPE_ScopeModule def_%current_module 
		 4: 
		 5: 
		 6: GETFIELD %self->node def_%v_3 %self[2.0,] 
		 7: %v_3->comments def_%v_4 %v_3[2.6,] 	 ARGS:
		 8: %v_4->build def_%v_5 %v_4[2.7,] 	 ARGS:
		 9: ATTRASSIGN %self->comment %v_5[2.8,] 
		 10: 
		 11: GETFIELD %self->comment def_%v_6 %self[2.0,2.9,] 
		 12: %self->enforce_create_permission def_%v_7 %self[2.0,2.9,] %v_6[2.11,] 	 ARGS:%v_6,
		 13: 
		 14: GETFIELD %self->comment def_%v_8 %self[2.0,2.9,2.12,] 
		 15: %self->comment_params def_%v_9 %self[2.0,2.9,2.12,] 	 ARGS:
		 16: ATTRASSIGN %v_8->attributes %v_9[2.15,] 
		 17: 
		 18: GETFIELD %self->comment def_%v_10 %self[2.0,2.9,2.12,2.15,] 
		 19: %self->current_account def_%v_11 %self[2.0,2.9,2.12,2.15,] 	 ARGS:
		 20: %v_11->user def_%v_12 %v_11[2.19,] 	 ARGS:
		 21: ATTRASSIGN %v_10->user %v_12[2.20,] 
		 22: 
		 23: GETFIELD %self->comment def_%v_13 %self[2.0,2.9,2.12,2.15,2.19,] 
		 24: %v_13->default_score def_%v_14 %v_13[2.23,] 	 ARGS:
		 25: 
		 26: %self->preview_mode def_%v_15 %self[2.0,2.9,2.12,2.15,2.19,] 	 ARGS:
		 27: %v_15->! def_%v_16 %v_15[2.26,] 	 ARGS:
		 28: BRANCH %v_16[2.27,] 
BB 3
	outgoing: 4 
	datadep: 
	instructions:
		 0: GETFIELD %self->comment def_%v_17 %self[2.0,2.9,] 
		 1: %v_17->save def_%v_18 %v_17[3.0,] 	 ARGS:
		 2: COPY TYPE_PASS def_%v_16 %v_18[3.1,] 
BB 4
	outgoing: 5 6 
	datadep: 
	instructions:
		 0: BRANCH %v_16[3.2,2.27,] 
BB 5
	outgoing: 8 
	datadep: 
	instructions:
		 0: 
		 1: %self->flash def_%v_19 %self[2.0,2.9,] 	 ARGS:
		 2: COPY TYPE_StringLiteral def_%v_20 
		 3: ATTRASSIGN %v_19->[] %v_20[5.2,] 
		 4: 
		 5: GETFIELD %self->node def_%v_21 %self[5.1,2.0,] 
		 6: %v_21->content def_%v_22 %v_21[5.5,] 	 ARGS:
		 7: %self->url_for_content def_%v_23 %self[5.1,2.0,2.9,] %v_22[5.6,] 	 ARGS:%v_22,
		 8: COPY TYPE_StringLiteral def_%v_24 
		 9: GETFIELD %self->comment def_%v_25 %self[5.1,5.7,2.0,2.9,] 
		 10: %v_25->id def_%v_26 %v_25[5.9,] 	 ARGS:
		 11: BUILDSTRING def_%v_27 %v_24[5.8,] %v_26[5.10,] 
		 12: %v_23->+ def_%v_28 %v_23[5.7,] %v_27[5.11,] 	 ARGS:%v_27,
		 13: %self->redirect_to def_%v_29 %self[5.1,5.7,2.0,2.9,] %v_28[5.12,] 	 ARGS:%v_28,
		 14: RETURN %v_29[5.13,] %self[5.1,5.7,5.13,2.0,2.9,] 
BB 6
	outgoing: 8 
	datadep: 
	instructions:
		 0: 
		 1: GETFIELD %self->comment def_%v_30 %self[2.0,2.9,] 
		 2: %v_30->valid? def_%v_31 %v_30[6.1,] 	 ARGS:
		 3: 
		 4: %self->ruby_code_from_view def_%v_32 %self[2.0,2.9,] 	 ARGS:
		 5: %v_32->ruby_code_from_view def_%v_33 %v_32[6.4,] %self[6.4,2.0,2.9,] 	 ARGS:%v_32,
CLOSURE BEGIN: 
BB 1
	outgoing: 6 2 
	datadep: 
	instructions:
BB 2
	outgoing: 6 
	datadep: 
	instructions:
		 0: def_%self 
		 1: def_%cl_1_0 
		 2: RECEIVEARG def_rb_from_view 
		 3: COPY TYPE_CurrentScope def_%current_scope 
		 4: COPY TYPE_ScopeModule def_%current_module 
		 5: RETURN %self[2.0,] 
BB 6
	outgoing: 
	datadep: 
	instructions:
CLOSURE END
		 6: RETURN %v_33[6.5,] %self[6.4,2.0,2.9,] 
BB 8
	outgoing: 
	datadep: 
	instructions:

SET IRMethod, name = edit
BB 1
	outgoing: 3 2 
	datadep: 
	instructions:
BB 2
	outgoing: 3 
	datadep: 
	instructions:
		 0: def_%self 
		 1: def_%v_0 
		 2: COPY TYPE_CurrentScope def_%current_scope 
		 3: COPY TYPE_ScopeModule def_%current_module 
		 4: 
		 5: 
		 6: GETFIELD %self->comment def_%v_3 %self[2.0,] 
		 7: %self->enforce_update_permission def_%v_4 %self[2.0,] %v_3[2.6,] 	 ARGS:%v_3,
		 8: 
		 9: %self->ruby_code_from_view def_%v_5 %self[2.0,2.7,] 	 ARGS:
		 10: %v_5->ruby_code_from_view def_%v_6 %v_5[2.9,] %self[2.0,2.7,2.9,] 	 ARGS:%v_5,
CLOSURE BEGIN: %self[2.0,2.7,2.9,] 
BB 1
	outgoing: 22 2 
	datadep: 
	instructions:
BB 2
	outgoing: 3 
	datadep: 
	instructions:
		 0: def_%self 
		 1: def_%cl_1_0 
		 2: RECEIVEARG def_rb_from_view 
		 3: COPY TYPE_CurrentScope def_%current_scope 
		 4: COPY TYPE_ScopeModule def_%current_module 
BB 3
	outgoing: 4 5 20 
	datadep: 
	instructions:
		 0: 
		 1: COPY TYPE_StringLiteral def_%cl_1_3 
		 2: %self->h1 def_%cl_1_4 %self[2.0,] %cl_1_3[3.1,] 	 ARGS:%cl_1_3,
		 3: 
		 4: %self->preview def_%cl_1_5 %self[3.2,2.0,] 	 ARGS:
		 5: %cl_1_5->title def_%cl_1_6 %cl_1_5[3.4,] 	 ARGS:
		 6: %self->spellcheck def_%cl_1_7 %self[3.2,3.4,2.0,] %cl_1_6[3.5,] 	 ARGS:%cl_1_6,
		 7: COPY TYPE_StringLiteral def_%cl_1_8 
		 8: COPY TYPE_StringLiteral def_%cl_1_9 
		 9: HASH-class- def_%cl_1_10 %cl_1_9[3.8,] 
		 10: %self->link_to def_%cl_1_11 %self[3.2,3.4,3.6,2.0,] %cl_1_7[3.6,] %cl_1_8[3.7,] %cl_1_10[3.9,] 	 ARGS:%cl_1_7,%cl_1_8,%cl_1_10,
		 11: 
		 12: %self->preview def_%cl_1_12 %self[3.2,3.4,3.6,3.10,2.0,] 	 ARGS:
		 13: %self->posted_by def_%cl_1_13 %self[3.2,3.4,3.6,3.10,3.12,2.0,] %cl_1_12[3.12,] 	 ARGS:%cl_1_12,
		 14: 
		 15: %self->current_user def_%cl_1_14 %self[3.2,3.4,3.6,3.10,3.12,3.13,2.0,] 	 ARGS:
		 16: %self->avatar_img def_%cl_1_15 %self[3.2,3.4,3.6,3.10,3.12,3.13,3.15,2.0,] %cl_1_14[3.15,] 	 ARGS:%cl_1_14,
		 17: 
		 18: %self->preview def_%cl_1_16 %self[3.2,3.4,3.6,3.10,3.12,3.13,3.15,3.16,2.0,] 	 ARGS:
		 19: %cl_1_16->body def_%cl_1_17 %cl_1_16[3.18,] 	 ARGS:
		 20: %self->spellcheck def_%cl_1_18 %self[3.2,3.4,3.6,3.10,3.12,3.13,3.15,3.16,3.18,2.0,] %cl_1_17[3.19,] 	 ARGS:%cl_1_17,
		 21: 
		 22: %self->current_user def_%cl_1_19 %self[3.2,3.4,3.6,3.10,3.12,3.13,3.15,3.16,3.18,3.20,2.0,] 	 ARGS:
		 23: %cl_1_19->signature def_%cl_1_20 %cl_1_19[3.22,] 	 ARGS:
		 24: %cl_1_20->present? def_%cl_1_21 %cl_1_20[3.23,] 	 ARGS:
		 25: BRANCH %cl_1_21[3.24,] 
BB 4
	outgoing: 5 20 
	datadep: 
	instructions:
		 0: %self->current_account def_%cl_1_22 %self[2.0,] 	 ARGS:
		 1: %cl_1_22->try def_%cl_1_23 %cl_1_22[4.0,] 	 ARGS:Symbol,
		 2: %cl_1_23->! def_%cl_1_24 %cl_1_23[4.1,] 	 ARGS:
		 3: COPY TYPE_PASS def_%cl_1_21 %cl_1_24[4.2,] 
BB 5
	outgoing: 6 7 
	datadep: 
	instructions:
		 0: BRANCH %cl_1_21[4.3,3.24,] 
BB 6
	outgoing: 8 20 
	datadep: 
	instructions:
		 0: 
		 1: %self->current_user def_%cl_1_25 %self[2.0,] 	 ARGS:
		 2: %cl_1_25->signature def_%cl_1_26 %cl_1_25[6.1,] 	 ARGS:
		 3: 
BB 7
	outgoing: 8 
	datadep: 
	instructions:
		 0: COPY TYPE_Nil def_%cl_1_26 
BB 8
	outgoing: 9 10 20 
	datadep: 
	instructions:
		 0: 
		 1: %self->preview def_%cl_1_27 %self[2.0,] 	 ARGS:
		 2: %cl_1_27->parent def_%cl_1_28 %cl_1_27[8.1,] 	 ARGS:
		 3: %cl_1_28->try def_%cl_1_29 %cl_1_28[8.2,] 	 ARGS:Symbol,
		 4: %self->current_account def_%cl_1_30 %self[8.1,2.0,] 	 ARGS:
		 5: %cl_1_30->user_id def_%cl_1_31 %cl_1_30[8.4,] 	 ARGS:
		 6: %cl_1_29->== def_%cl_1_32 %cl_1_29[8.3,] %cl_1_31[8.5,] 	 ARGS:%cl_1_31,
		 7: BRANCH %cl_1_32[8.6,] 
BB 9
	outgoing: 14 20 
	datadep: 
	instructions:
		 0: 
		 1: COPY TYPE_StringLiteral def_%cl_1_33 
		 2: COPY TYPE_StringLiteral def_%cl_1_34 
		 3: COPY TYPE_StringLiteral def_%cl_1_35 
		 4: HASH-alt-title- def_%cl_1_36 %cl_1_34[9.2,] %cl_1_35[9.3,] 
		 5: %self->image_tag def_%cl_1_37 %self[2.0,] %cl_1_33[9.1,] %cl_1_36[9.4,] 	 ARGS:%cl_1_33,%cl_1_36,
		 6: 
BB 10
	outgoing: 11 12 20 
	datadep: 
	instructions:
		 0: 
		 1: %self->preview def_%cl_1_38 %self[2.0,] 	 ARGS:
		 2: %cl_1_38->parent def_%cl_1_39 %cl_1_38[10.1,] 	 ARGS:
		 3: %cl_1_39->try def_%cl_1_40 %cl_1_39[10.2,] 	 ARGS:Symbol,
		 4: %cl_1_40->to_i def_%cl_1_41 %cl_1_40[10.3,] 	 ARGS:
		 5: %cl_1_41->> def_%cl_1_42 %cl_1_41[10.4,] 	 ARGS:Fixnum,
		 6: BRANCH %cl_1_42[10.5,] 
BB 11
	outgoing: 13 20 
	datadep: 
	instructions:
		 0: 
		 1: COPY TYPE_StringLiteral def_%cl_1_43 
		 2: COPY TYPE_StringLiteral def_%cl_1_44 
		 3: COPY TYPE_StringLiteral def_%cl_1_45 
		 4: HASH-alt-title- def_%cl_1_46 %cl_1_44[11.2,] %cl_1_45[11.3,] 
		 5: %self->image_tag def_%cl_1_47 %self[2.0,] %cl_1_43[11.1,] %cl_1_46[11.4,] 	 ARGS:%cl_1_43,%cl_1_46,
		 6: 
BB 12
	outgoing: 13 
	datadep: 
	instructions:
		 0: COPY TYPE_Nil def_%cl_1_47 
BB 13
	outgoing: 14 
	datadep: 
	instructions:
		 0: COPY TYPE_PASS def_%cl_1_37 %cl_1_47[12.0,11.5,] 
BB 14
	outgoing: 15 16 20 
	datadep: 
	instructions:
		 0: 
		 1: GETFIELD %self->comment def_%cl_1_48 %self[2.0,] 
		 2: %cl_1_48->node def_%cl_1_49 %cl_1_48[14.1,] 	 ARGS:
		 3: GETFIELD %self->comment def_%cl_1_50 %self[2.0,] 
		 4: COPY TYPE_Array def_%cl_1_51 %cl_1_49[14.2,] %cl_1_50[14.3,] 
		 5: %self->form_for def_%cl_1_52 %self[2.0,] %cl_1_51[14.4,] %self[2.0,] 	 ARGS:%cl_1_51,%self,
CLOSURE BEGIN: %self[2.0,] form[] 
BB 1
	outgoing: 6 2 
	datadep: 
	instructions:
BB 2
	outgoing: 3 
	datadep: 
	instructions:
		 0: def_%self 
		 1: def_%cl_2_0 
		 2: RECEIVEARG def_form 
		 3: COPY TYPE_CurrentScope def_%current_scope 
		 4: COPY TYPE_ScopeModule def_%current_module 
BB 3
	outgoing: 4 6 
	datadep: 
	instructions:
		 0: 
		 1: %self->render def_%cl_2_3 %self[2.0,] form[2.2,] 	 ARGS:form,
		 2: RETURN %cl_2_3[3.1,] %self[3.1,2.0,] 
BB 4
	outgoing: 6 
	datadep: 
	instructions:
		 0: def_%cl_2_4 
		 1: def_%cl_2_5 %cl_2_4[4.0,] 
		 2: RETURN %cl_2_5[4.1,] %self[2.0,] 
BB 6
	outgoing: 
	datadep: 
	instructions:
CLOSURE END
		 6: 
		 7: %self->current_account def_%cl_1_53 %self[14.5,2.0,] 	 ARGS:
		 8: BRANCH %cl_1_53[14.7,] 
BB 15
	outgoing: 16 20 
	datadep: 
	instructions:
		 0: %self->current_account def_%cl_1_54 %self[2.0,] 	 ARGS:
		 1: GETFIELD %self->comment def_%cl_1_55 %self[15.0,2.0,] 
		 2: %cl_1_54->can_destroy? def_%cl_1_56 %cl_1_54[15.0,] %cl_1_55[15.1,] 	 ARGS:%cl_1_55,
		 3: COPY TYPE_PASS def_%cl_1_53 %cl_1_56[15.2,] 
BB 16
	outgoing: 17 18 
	datadep: 
	instructions:
		 0: BRANCH %cl_1_53[15.3,14.7,] 
BB 17
	outgoing: 19 20 
	datadep: 
	instructions:
		 0: 
		 1: COPY TYPE_StringLiteral def_%cl_1_57 
		 2: GETFIELD %self->comment def_%cl_1_58 %self[2.0,] 
		 3: %cl_1_58->node def_%cl_1_59 %cl_1_58[17.2,] 	 ARGS:
		 4: GETFIELD %self->comment def_%cl_1_60 %self[2.0,] 
		 5: COPY TYPE_Array def_%cl_1_61 %cl_1_59[17.3,] %cl_1_60[17.4,] 
		 6: COPY TYPE_StringLiteral def_%cl_1_62 
		 7: HASH-confirm- def_%cl_1_63 %cl_1_62[17.6,] 
		 8: COPY TYPE_StringLiteral def_%cl_1_64 
		 9: HASH-method-data-class- def_%cl_1_65 %cl_1_63[17.7,] %cl_1_64[17.8,] 
		 10: %self->button_to def_%cl_1_66 %self[2.0,] %cl_1_57[17.1,] %cl_1_61[17.5,] %cl_1_65[17.9,] 	 ARGS:%cl_1_57,%cl_1_61,%cl_1_65,
		 11: 
BB 18
	outgoing: 19 
	datadep: 
	instructions:
		 0: COPY TYPE_Nil def_%cl_1_66 
BB 19
	outgoing: 20 22 
	datadep: 
	instructions:
		 0: 
		 1: COPY TYPE_StringLiteral def_%cl_1_67 
		 2: COPY TYPE_StringLiteral def_%cl_1_68 
		 3: COPY TYPE_StringLiteral def_%cl_1_69 
		 4: COPY TYPE_StringLiteral def_%cl_1_70 
		 5: HASH-alt-title-class- def_%cl_1_71 %cl_1_68[19.2,] %cl_1_69[19.3,] %cl_1_70[19.4,] 
		 6: %self->image_tag def_%cl_1_72 %self[2.0,] %cl_1_67[19.1,] %cl_1_71[19.5,] 	 ARGS:%cl_1_67,%cl_1_71,
		 7: RETURN %cl_1_72[19.6,] %self[19.6,2.0,] 
BB 20
	outgoing: 22 
	datadep: 
	instructions:
		 0: def_%cl_1_73 
		 1: def_%cl_1_74 %cl_1_73[20.0,] 
		 2: RETURN %cl_1_74[20.1,] %self[2.0,] 
BB 22
	outgoing: 
	datadep: 
	instructions:
CLOSURE END
		 11: RETURN %v_6[2.10,] %self[2.0,2.7,2.9,] 
BB 3
	outgoing: 
	datadep: 
	instructions:

SET IRMethod, name = update
BB 1
	outgoing: 11 2 
	datadep: 
	instructions:
BB 2
	outgoing: 3 4 
	datadep: 
	instructions:
		 0: def_%self 
		 1: def_%v_0 
		 2: COPY TYPE_CurrentScope def_%current_scope 
		 3: COPY TYPE_ScopeModule def_%current_module 
		 4: 
		 5: 
		 6: GETFIELD %self->comment def_%v_3 %self[2.0,] 
		 7: %self->enforce_update_permission def_%v_4 %self[2.0,] %v_3[2.6,] 	 ARGS:%v_3,
		 8: 
		 9: GETFIELD %self->comment def_%v_5 %self[2.0,2.7,] 
		 10: %self->comment_params def_%v_6 %self[2.0,2.7,] 	 ARGS:
		 11: ATTRASSIGN %v_5->attributes %v_6[2.10,] 
		 12: 
		 13: %self->preview_mode def_%v_7 %self[2.0,2.7,2.10,] 	 ARGS:
		 14: %v_7->! def_%v_8 %v_7[2.13,] 	 ARGS:
		 15: BRANCH %v_8[2.14,] 
BB 3
	outgoing: 4 
	datadep: 
	instructions:
		 0: GETFIELD %self->comment def_%v_9 %self[2.0,] 
		 1: %v_9->save def_%v_10 %v_9[3.0,] 	 ARGS:
		 2: COPY TYPE_PASS def_%v_8 %v_10[3.1,] 
BB 4
	outgoing: 5 6 
	datadep: 
	instructions:
		 0: BRANCH %v_8[3.2,2.14,] 
BB 5
	outgoing: 11 
	datadep: 
	instructions:
		 0: 
		 1: %self->flash def_%v_11 %self[2.0,] 	 ARGS:
		 2: COPY TYPE_StringLiteral def_%v_12 
		 3: ATTRASSIGN %v_11->[] %v_12[5.2,] 
		 4: 
		 5: GETFIELD %self->node def_%v_13 %self[5.1,2.0,] 
		 6: %v_13->content def_%v_14 %v_13[5.5,] 	 ARGS:
		 7: %self->redirect_to_content def_%v_15 %self[5.1,2.0,] %v_14[5.6,] 	 ARGS:%v_14,
		 8: RETURN %v_15[5.7,] %self[5.1,5.7,2.0,] 
BB 6
	outgoing: 7 8 
	datadep: 
	instructions:
		 0: 
		 1: GETFIELD %self->comment def_%v_16 %self[2.0,] 
		 2: %v_16->invalid? def_%v_17 %v_16[6.1,] 	 ARGS:
		 3: BRANCH %v_17[6.2,] 
BB 7
	outgoing: 9 
	datadep: 
	instructions:
		 0: %self->flash def_%v_18 %self[2.0,] 	 ARGS:
		 1: %v_18->now def_%v_19 %v_18[7.0,] 	 ARGS:
		 2: COPY TYPE_StringLiteral def_%v_20 
		 3: ATTRASSIGN %v_19->[] %v_20[7.2,] 
		 4: 
BB 8
	outgoing: 9 
	datadep: 
	instructions:
		 0: COPY TYPE_Nil def_%v_20 
BB 9
	outgoing: 11 
	datadep: 
	instructions:
		 0: 
		 1: %self->ruby_code_from_view def_%v_21 %self[2.0,] 	 ARGS:
		 2: %v_21->ruby_code_from_view def_%v_22 %v_21[9.1,] %self[9.1,2.0,] 	 ARGS:%v_21,
CLOSURE BEGIN: %self[9.1,2.0,] 
BB 1
	outgoing: 22 2 
	datadep: 
	instructions:
BB 2
	outgoing: 3 
	datadep: 
	instructions:
		 0: def_%self 
		 1: def_%cl_1_0 
		 2: RECEIVEARG def_rb_from_view 
		 3: COPY TYPE_CurrentScope def_%current_scope 
		 4: COPY TYPE_ScopeModule def_%current_module 
BB 3
	outgoing: 4 5 20 
	datadep: 
	instructions:
		 0: 
		 1: COPY TYPE_StringLiteral def_%cl_1_3 
		 2: %self->h1 def_%cl_1_4 %self[2.0,] %cl_1_3[3.1,] 	 ARGS:%cl_1_3,
		 3: 
		 4: %self->preview def_%cl_1_5 %self[3.2,2.0,] 	 ARGS:
		 5: %cl_1_5->title def_%cl_1_6 %cl_1_5[3.4,] 	 ARGS:
		 6: %self->spellcheck def_%cl_1_7 %self[3.2,3.4,2.0,] %cl_1_6[3.5,] 	 ARGS:%cl_1_6,
		 7: COPY TYPE_StringLiteral def_%cl_1_8 
		 8: COPY TYPE_StringLiteral def_%cl_1_9 
		 9: HASH-class- def_%cl_1_10 %cl_1_9[3.8,] 
		 10: %self->link_to def_%cl_1_11 %self[3.2,3.4,3.6,2.0,] %cl_1_7[3.6,] %cl_1_8[3.7,] %cl_1_10[3.9,] 	 ARGS:%cl_1_7,%cl_1_8,%cl_1_10,
		 11: 
		 12: %self->preview def_%cl_1_12 %self[3.2,3.4,3.6,3.10,2.0,] 	 ARGS:
		 13: %self->posted_by def_%cl_1_13 %self[3.2,3.4,3.6,3.10,3.12,2.0,] %cl_1_12[3.12,] 	 ARGS:%cl_1_12,
		 14: 
		 15: %self->current_user def_%cl_1_14 %self[3.2,3.4,3.6,3.10,3.12,3.13,2.0,] 	 ARGS:
		 16: %self->avatar_img def_%cl_1_15 %self[3.2,3.4,3.6,3.10,3.12,3.13,3.15,2.0,] %cl_1_14[3.15,] 	 ARGS:%cl_1_14,
		 17: 
		 18: %self->preview def_%cl_1_16 %self[3.2,3.4,3.6,3.10,3.12,3.13,3.15,3.16,2.0,] 	 ARGS:
		 19: %cl_1_16->body def_%cl_1_17 %cl_1_16[3.18,] 	 ARGS:
		 20: %self->spellcheck def_%cl_1_18 %self[3.2,3.4,3.6,3.10,3.12,3.13,3.15,3.16,3.18,2.0,] %cl_1_17[3.19,] 	 ARGS:%cl_1_17,
		 21: 
		 22: %self->current_user def_%cl_1_19 %self[3.2,3.4,3.6,3.10,3.12,3.13,3.15,3.16,3.18,3.20,2.0,] 	 ARGS:
		 23: %cl_1_19->signature def_%cl_1_20 %cl_1_19[3.22,] 	 ARGS:
		 24: %cl_1_20->present? def_%cl_1_21 %cl_1_20[3.23,] 	 ARGS:
		 25: BRANCH %cl_1_21[3.24,] 
BB 4
	outgoing: 5 20 
	datadep: 
	instructions:
		 0: %self->current_account def_%cl_1_22 %self[2.0,] 	 ARGS:
		 1: %cl_1_22->try def_%cl_1_23 %cl_1_22[4.0,] 	 ARGS:Symbol,
		 2: %cl_1_23->! def_%cl_1_24 %cl_1_23[4.1,] 	 ARGS:
		 3: COPY TYPE_PASS def_%cl_1_21 %cl_1_24[4.2,] 
BB 5
	outgoing: 6 7 
	datadep: 
	instructions:
		 0: BRANCH %cl_1_21[4.3,3.24,] 
BB 6
	outgoing: 8 20 
	datadep: 
	instructions:
		 0: 
		 1: %self->current_user def_%cl_1_25 %self[2.0,] 	 ARGS:
		 2: %cl_1_25->signature def_%cl_1_26 %cl_1_25[6.1,] 	 ARGS:
		 3: 
BB 7
	outgoing: 8 
	datadep: 
	instructions:
		 0: COPY TYPE_Nil def_%cl_1_26 
BB 8
	outgoing: 9 10 20 
	datadep: 
	instructions:
		 0: 
		 1: %self->preview def_%cl_1_27 %self[2.0,] 	 ARGS:
		 2: %cl_1_27->parent def_%cl_1_28 %cl_1_27[8.1,] 	 ARGS:
		 3: %cl_1_28->try def_%cl_1_29 %cl_1_28[8.2,] 	 ARGS:Symbol,
		 4: %self->current_account def_%cl_1_30 %self[8.1,2.0,] 	 ARGS:
		 5: %cl_1_30->user_id def_%cl_1_31 %cl_1_30[8.4,] 	 ARGS:
		 6: %cl_1_29->== def_%cl_1_32 %cl_1_29[8.3,] %cl_1_31[8.5,] 	 ARGS:%cl_1_31,
		 7: BRANCH %cl_1_32[8.6,] 
BB 9
	outgoing: 14 20 
	datadep: 
	instructions:
		 0: 
		 1: COPY TYPE_StringLiteral def_%cl_1_33 
		 2: COPY TYPE_StringLiteral def_%cl_1_34 
		 3: COPY TYPE_StringLiteral def_%cl_1_35 
		 4: HASH-alt-title- def_%cl_1_36 %cl_1_34[9.2,] %cl_1_35[9.3,] 
		 5: %self->image_tag def_%cl_1_37 %self[2.0,] %cl_1_33[9.1,] %cl_1_36[9.4,] 	 ARGS:%cl_1_33,%cl_1_36,
		 6: 
BB 10
	outgoing: 11 12 20 
	datadep: 
	instructions:
		 0: 
		 1: %self->preview def_%cl_1_38 %self[2.0,] 	 ARGS:
		 2: %cl_1_38->parent def_%cl_1_39 %cl_1_38[10.1,] 	 ARGS:
		 3: %cl_1_39->try def_%cl_1_40 %cl_1_39[10.2,] 	 ARGS:Symbol,
		 4: %cl_1_40->to_i def_%cl_1_41 %cl_1_40[10.3,] 	 ARGS:
		 5: %cl_1_41->> def_%cl_1_42 %cl_1_41[10.4,] 	 ARGS:Fixnum,
		 6: BRANCH %cl_1_42[10.5,] 
BB 11
	outgoing: 13 20 
	datadep: 
	instructions:
		 0: 
		 1: COPY TYPE_StringLiteral def_%cl_1_43 
		 2: COPY TYPE_StringLiteral def_%cl_1_44 
		 3: COPY TYPE_StringLiteral def_%cl_1_45 
		 4: HASH-alt-title- def_%cl_1_46 %cl_1_44[11.2,] %cl_1_45[11.3,] 
		 5: %self->image_tag def_%cl_1_47 %self[2.0,] %cl_1_43[11.1,] %cl_1_46[11.4,] 	 ARGS:%cl_1_43,%cl_1_46,
		 6: 
BB 12
	outgoing: 13 
	datadep: 
	instructions:
		 0: COPY TYPE_Nil def_%cl_1_47 
BB 13
	outgoing: 14 
	datadep: 
	instructions:
		 0: COPY TYPE_PASS def_%cl_1_37 %cl_1_47[12.0,11.5,] 
BB 14
	outgoing: 15 16 20 
	datadep: 
	instructions:
		 0: 
		 1: GETFIELD %self->comment def_%cl_1_48 %self[2.0,] 
		 2: %cl_1_48->node def_%cl_1_49 %cl_1_48[14.1,] 	 ARGS:
		 3: GETFIELD %self->comment def_%cl_1_50 %self[2.0,] 
		 4: COPY TYPE_Array def_%cl_1_51 %cl_1_49[14.2,] %cl_1_50[14.3,] 
		 5: %self->form_for def_%cl_1_52 %self[2.0,] %cl_1_51[14.4,] %self[2.0,] 	 ARGS:%cl_1_51,%self,
CLOSURE BEGIN: %self[2.0,] form[] 
BB 1
	outgoing: 6 2 
	datadep: 
	instructions:
BB 2
	outgoing: 3 
	datadep: 
	instructions:
		 0: def_%self 
		 1: def_%cl_2_0 
		 2: RECEIVEARG def_form 
		 3: COPY TYPE_CurrentScope def_%current_scope 
		 4: COPY TYPE_ScopeModule def_%current_module 
BB 3
	outgoing: 4 6 
	datadep: 
	instructions:
		 0: 
		 1: %self->render def_%cl_2_3 %self[2.0,] form[2.2,] 	 ARGS:form,
		 2: RETURN %cl_2_3[3.1,] %self[3.1,2.0,] 
BB 4
	outgoing: 6 
	datadep: 
	instructions:
		 0: def_%cl_2_4 
		 1: def_%cl_2_5 %cl_2_4[4.0,] 
		 2: RETURN %cl_2_5[4.1,] %self[2.0,] 
BB 6
	outgoing: 
	datadep: 
	instructions:
CLOSURE END
		 6: 
		 7: %self->current_account def_%cl_1_53 %self[14.5,2.0,] 	 ARGS:
		 8: BRANCH %cl_1_53[14.7,] 
BB 15
	outgoing: 16 20 
	datadep: 
	instructions:
		 0: %self->current_account def_%cl_1_54 %self[2.0,] 	 ARGS:
		 1: GETFIELD %self->comment def_%cl_1_55 %self[15.0,2.0,] 
		 2: %cl_1_54->can_destroy? def_%cl_1_56 %cl_1_54[15.0,] %cl_1_55[15.1,] 	 ARGS:%cl_1_55,
		 3: COPY TYPE_PASS def_%cl_1_53 %cl_1_56[15.2,] 
BB 16
	outgoing: 17 18 
	datadep: 
	instructions:
		 0: BRANCH %cl_1_53[15.3,14.7,] 
BB 17
	outgoing: 19 20 
	datadep: 
	instructions:
		 0: 
		 1: COPY TYPE_StringLiteral def_%cl_1_57 
		 2: GETFIELD %self->comment def_%cl_1_58 %self[2.0,] 
		 3: %cl_1_58->node def_%cl_1_59 %cl_1_58[17.2,] 	 ARGS:
		 4: GETFIELD %self->comment def_%cl_1_60 %self[2.0,] 
		 5: COPY TYPE_Array def_%cl_1_61 %cl_1_59[17.3,] %cl_1_60[17.4,] 
		 6: COPY TYPE_StringLiteral def_%cl_1_62 
		 7: HASH-confirm- def_%cl_1_63 %cl_1_62[17.6,] 
		 8: COPY TYPE_StringLiteral def_%cl_1_64 
		 9: HASH-method-data-class- def_%cl_1_65 %cl_1_63[17.7,] %cl_1_64[17.8,] 
		 10: %self->button_to def_%cl_1_66 %self[2.0,] %cl_1_57[17.1,] %cl_1_61[17.5,] %cl_1_65[17.9,] 	 ARGS:%cl_1_57,%cl_1_61,%cl_1_65,
		 11: 
BB 18
	outgoing: 19 
	datadep: 
	instructions:
		 0: COPY TYPE_Nil def_%cl_1_66 
BB 19
	outgoing: 20 22 
	datadep: 
	instructions:
		 0: 
		 1: COPY TYPE_StringLiteral def_%cl_1_67 
		 2: COPY TYPE_StringLiteral def_%cl_1_68 
		 3: COPY TYPE_StringLiteral def_%cl_1_69 
		 4: COPY TYPE_StringLiteral def_%cl_1_70 
		 5: HASH-alt-title-class- def_%cl_1_71 %cl_1_68[19.2,] %cl_1_69[19.3,] %cl_1_70[19.4,] 
		 6: %self->image_tag def_%cl_1_72 %self[2.0,] %cl_1_67[19.1,] %cl_1_71[19.5,] 	 ARGS:%cl_1_67,%cl_1_71,
		 7: RETURN %cl_1_72[19.6,] %self[19.6,2.0,] 
BB 20
	outgoing: 22 
	datadep: 
	instructions:
		 0: def_%cl_1_73 
		 1: def_%cl_1_74 %cl_1_73[20.0,] 
		 2: RETURN %cl_1_74[20.1,] %self[2.0,] 
BB 22
	outgoing: 
	datadep: 
	instructions:
CLOSURE END
		 3: RETURN %v_22[9.2,] %self[9.1,2.0,] 
BB 11
	outgoing: 
	datadep: 
	instructions:

SET IRMethod, name = destroy
BB 1
	outgoing: 3 2 
	datadep: 
	instructions:
BB 2
	outgoing: 3 
	datadep: 
	instructions:
		 0: def_%self 
		 1: def_%v_0 
		 2: COPY TYPE_CurrentScope def_%current_scope 
		 3: COPY TYPE_ScopeModule def_%current_module 
		 4: 
		 5: 
		 6: GETFIELD %self->comment def_%v_3 %self[2.0,] 
		 7: %self->enforce_destroy_permission def_%v_4 %self[2.0,] %v_3[2.6,] 	 ARGS:%v_3,
		 8: 
		 9: GETFIELD %self->comment def_%v_5 %self[2.0,2.7,] 
		 10: %v_5->mark_as_deleted def_%v_6 %v_5[2.9,] 	 ARGS:
		 11: 
		 12: %self->flash def_%v_7 %self[2.0,2.7,] 	 ARGS:
		 13: COPY TYPE_StringLiteral def_%v_8 
		 14: ATTRASSIGN %v_7->[] %v_8[2.13,] 
		 15: 
		 16: GETFIELD %self->node def_%v_9 %self[2.0,2.7,2.12,] 
		 17: %v_9->content def_%v_10 %v_9[2.16,] 	 ARGS:
		 18: %self->redirect_to_content def_%v_11 %self[2.0,2.7,2.12,] %v_10[2.17,] 	 ARGS:%v_10,
		 19: RETURN %v_11[2.18,] %self[2.0,2.7,2.12,2.18,] 
BB 3
	outgoing: 
	datadep: 
	instructions:

SET IRMethod, name = templeet
BB 1
	outgoing: 3 2 
	datadep: 
	instructions:
BB 2
	outgoing: 3 
	datadep: 
	instructions:
		 0: def_%self 
		 1: def_%v_0 
		 2: COPY TYPE_CurrentScope def_%current_scope 
		 3: COPY TYPE_ScopeModule def_%current_module 
		 4: 
		 5: 
		 6: (Comment) def_%v_3 
		 7: %self->params def_%v_4 %self[2.0,] 	 ARGS:
		 8: %v_4->[] def_%v_5 %v_4[2.7,] 	 ARGS:Symbol,
		 9: %v_3->find def_%v_6 %v_3[2.6,] %v_5[2.8,] 	 ARGS:%v_5,
		 10: COPY TYPE_PASS def_comment %v_6[2.9,] 
		 11: 
		 12: %v_6->node def_%v_7 %v_6[2.9,] 	 ARGS:
		 13: COPY TYPE_Array def_%v_8 %v_7[2.12,] comment[2.10,] 
		 14: HASH-status- def_%v_9 
		 15: %self->redirect_to def_%v_10 %self[2.0,2.7,] %v_8[2.13,] %v_9[2.14,] 	 ARGS:%v_8,%v_9,
		 16: RETURN %v_10[2.15,] %self[2.0,2.7,2.15,] 
BB 3
	outgoing: 
	datadep: 
	instructions:

SET IRMethod, name = comment_params
BB 1
	outgoing: 3 2 
	datadep: 
	instructions:
BB 2
	outgoing: 3 
	datadep: 
	instructions:
		 0: def_%self 
		 1: def_%v_0 
		 2: COPY TYPE_CurrentScope def_%current_scope 
		 3: COPY TYPE_ScopeModule def_%current_module 
		 4: 
		 5: 
		 6: %self->params def_%v_3 %self[2.0,] 	 ARGS:
		 7: %v_3->require def_%v_4 %v_3[2.6,] 	 ARGS:Symbol,
		 8: %v_4->permit def_%v_5 %v_4[2.7,] 	 ARGS:Symbol,Symbol,Symbol,Symbol,
		 9: RETURN %v_5[2.8,] %self[2.0,2.6,] 
BB 3
	outgoing: 
	datadep: 
	instructions:

SET IRMethod, name = find_node
BB 1
	outgoing: 3 2 
	datadep: 
	instructions:
BB 2
	outgoing: 3 
	datadep: 
	instructions:
		 0: def_%self 
		 1: def_%v_0 
		 2: COPY TYPE_CurrentScope def_%current_scope 
		 3: COPY TYPE_ScopeModule def_%current_module 
		 4: 
		 5: 
		 6: (Node) def_%v_3 
		 7: %self->params def_%v_4 %self[2.0,] 	 ARGS:
		 8: %v_4->[] def_%v_5 %v_4[2.7,] 	 ARGS:Symbol,
		 9: %v_3->find def_%v_6 %v_3[2.6,] %v_5[2.8,] 	 ARGS:%v_5,
		 10: ATTRASSIGN %self->node %v_6[2.9,] 
		 11: RETURN %v_6[2.9,] %self[2.0,2.7,2.10,] 
BB 3
	outgoing: 
	datadep: 
	instructions:

SET IRMethod, name = find_comment
BB 1
	outgoing: 3 2 
	datadep: 
	instructions:
BB 2
	outgoing: 3 
	datadep: 
	instructions:
		 0: def_%self 
		 1: def_%v_0 
		 2: COPY TYPE_CurrentScope def_%current_scope 
		 3: COPY TYPE_ScopeModule def_%current_module 
		 4: 
		 5: 
		 6: GETFIELD %self->node def_%v_3 %self[2.0,] 
		 7: %v_3->comments def_%v_4 %v_3[2.6,] 	 ARGS:
		 8: %self->params def_%v_5 %self[2.0,] 	 ARGS:
		 9: %v_5->[] def_%v_6 %v_5[2.8,] 	 ARGS:Symbol,
		 10: %v_4->find def_%v_7 %v_4[2.7,] %v_6[2.9,] 	 ARGS:%v_6,
		 11: ATTRASSIGN %self->comment %v_7[2.10,] 
		 12: RETURN %v_7[2.10,] %self[2.0,2.8,2.11,] 
BB 3
	outgoing: 
	datadep: 
	instructions:

