SET IRMethod, name = index
BB 1
	outgoing: 6 2 
	datadep: 
	instructions:
BB 2
	outgoing: 3 4 
	datadep: 
	instructions:
		 0: def_%self 
		 1: def_%v_0 
		 2: COPY TYPE_CurrentScope def_%current_scope 
		 3: COPY TYPE_ScopeModule def_%current_module 
		 4: 
		 5: 
		 6: %self->params def_%v_3 %self[2.0,] 	 ARGS:
		 7: %v_3->[] def_%v_4 %v_3[2.6,] 	 ARGS:Symbol,
		 8: ATTRASSIGN %self->order %v_4[2.7,] 
		 9: 
		 10: (VALID_ORDERS) def_%v_5 
		 11: GETFIELD %self->order def_%v_6 %self[2.0,2.6,2.8,] 
		 12: %v_5->include? def_%v_7 %v_5[2.10,] %v_6[2.11,] 	 ARGS:%v_6,
		 13: BRANCH %v_7[2.12,] 
BB 3
	outgoing: 5 
	datadep: 
	instructions:
		 0: COPY TYPE_Nil def_%v_8 
		 1: 
BB 4
	outgoing: 5 
	datadep: 
	instructions:
		 0: COPY TYPE_StringLiteral def_%v_9 
		 1: ATTRASSIGN %self->order %v_9[4.0,] 
		 2: COPY TYPE_PASS def_%v_8 %v_9[4.0,] 
BB 5
	outgoing: 6 
	datadep: 
	instructions:
		 0: 
		 1: (Node) def_%v_10 
		 2: (Diary) def_%v_11 
		 3: GETFIELD %self->order def_%v_12 %self[4.1,2.0,2.8,] 
		 4: %v_10->public_listing def_%v_13 %v_10[5.1,] %v_11[5.2,] %v_12[5.3,] 	 ARGS:%v_11,%v_12,
		 5: %self->params def_%v_14 %self[4.1,2.0,2.8,] 	 ARGS:
		 6: %v_14->[] def_%v_15 %v_14[5.5,] 	 ARGS:Symbol,
		 7: %v_13->page def_%v_16 %v_13[5.4,] %v_15[5.6,] 	 ARGS:%v_15,
		 8: ATTRASSIGN %self->nodes %v_16[5.7,] 
		 9: 
		 10: GETFIELD %self->nodes def_%v_17 %self[5.5,5.8,2.0,] 
		 11: %self->respond_with def_%v_18 %self[5.5,5.8,4.1,2.0,2.8,] %v_17[5.10,] 	 ARGS:%v_17,
		 12: 
		 13: %self->ruby_code_from_view def_%v_19 %self[5.5,5.8,5.11,4.1,2.0,2.8,] 	 ARGS:
		 14: %v_19->ruby_code_from_view def_%v_20 %v_19[5.13,] %self[5.5,5.8,5.11,5.13,4.1,2.0,2.8,] 	 ARGS:%v_19,
CLOSURE BEGIN: %self[5.5,5.8,5.11,5.13,4.1,2.0,2.8,] new_content_link[] 
BB 1
	outgoing: 9 2 
	datadep: 
	instructions:
BB 2
	outgoing: 3 
	datadep: 
	instructions:
		 0: def_%self 
		 1: def_%cl_1_0 
		 2: RECEIVEARG def_rb_from_view 
		 3: COPY TYPE_CurrentScope def_%current_scope 
		 4: COPY TYPE_ScopeModule def_%current_module 
BB 3
	outgoing: 4 5 7 
	datadep: 
	instructions:
		 0: 
		 1: COPY TYPE_StringLiteral def_%cl_1_3 
		 2: %self->h1 def_%cl_1_4 %self[2.0,] %cl_1_3[3.1,] 	 ARGS:%cl_1_3,
		 3: 
		 4: COPY TYPE_StringLiteral def_%cl_1_5 
		 5: %self->feed def_%cl_1_6 %self[3.2,2.0,] %cl_1_5[3.4,] 	 ARGS:%cl_1_5,
		 6: 
		 7: %self->current_account def_%cl_1_7 %self[3.2,3.5,2.0,] 	 ARGS:
		 8: BRANCH %cl_1_7[3.7,] 
BB 4
	outgoing: 6 7 
	datadep: 
	instructions:
		 0: COPY TYPE_StringLiteral def_%cl_1_8 
		 1: COPY TYPE_StringLiteral def_%cl_1_9 
		 2: %self->link_to def_%cl_1_10 %self[2.0,] %cl_1_8[4.0,] %cl_1_9[4.1,] 	 ARGS:%cl_1_8,%cl_1_9,
		 3: COPY TYPE_PASS def_new_content_link %cl_1_10[4.2,] 
		 4: 
BB 5
	outgoing: 6 
	datadep: 
	instructions:
		 0: COPY TYPE_Nil def_%cl_1_10 
BB 6
	outgoing: 7 9 
	datadep: 
	instructions:
		 0: 
		 1: GETFIELD %self->nodes def_%cl_1_11 %self[2.0,] 
		 2: %self->paginated_nodes def_%cl_1_12 %self[2.0,] %cl_1_11[6.1,] new_content_link[4.3,] 	 ARGS:%cl_1_11,new_content_link,
		 3: RETURN %cl_1_12[6.2,] %self[6.2,2.0,] 
BB 7
	outgoing: 9 
	datadep: 
	instructions:
		 0: def_%cl_1_13 
		 1: def_%cl_1_14 %cl_1_13[7.0,] 
		 2: RETURN %cl_1_14[7.1,] %self[2.0,] 
BB 9
	outgoing: 
	datadep: 
	instructions:
CLOSURE END
		 15: RETURN %v_20[5.14,] %self[5.5,5.8,5.11,5.13,4.1,2.0,2.8,] 
BB 6
	outgoing: 
	datadep: 
	instructions:

SET IRMethod, name = new
BB 1
	outgoing: 3 2 
	datadep: 
	instructions:
BB 2
	outgoing: 3 
	datadep: 
	instructions:
		 0: def_%self 
		 1: def_%v_0 
		 2: COPY TYPE_CurrentScope def_%current_scope 
		 3: COPY TYPE_ScopeModule def_%current_module 
		 4: 
		 5: 
		 6: %self->current_user def_%v_3 %self[2.0,] 	 ARGS:
		 7: %v_3->diaries def_%v_4 %v_3[2.6,] 	 ARGS:
		 8: %v_4->build def_%v_5 %v_4[2.7,] 	 ARGS:
		 9: ATTRASSIGN %self->diary %v_5[2.8,] 
		 10: 
		 11: GETFIELD %self->diary def_%v_6 %self[2.0,2.6,2.9,] 
		 12: ATTRASSIGN %v_6->cc_licensed 
		 13: 
		 14: GETFIELD %self->diary def_%v_7 %self[2.0,2.6,2.9,] 
		 15: %self->enforce_create_permission def_%v_8 %self[2.0,2.6,2.9,] %v_7[2.14,] 	 ARGS:%v_7,
		 16: 
		 17: %self->ruby_code_from_view def_%v_9 %self[2.0,2.6,2.9,2.15,] 	 ARGS:
		 18: %v_9->ruby_code_from_view def_%v_10 %v_9[2.17,] %self[2.0,2.6,2.9,2.15,2.17,] 	 ARGS:%v_9,
CLOSURE BEGIN: %self[2.0,2.6,2.9,2.15,2.17,] 
BB 1
	outgoing: 6 2 
	datadep: 
	instructions:
BB 2
	outgoing: 3 
	datadep: 
	instructions:
		 0: def_%self 
		 1: def_%cl_1_0 
		 2: RECEIVEARG def_rb_from_view 
		 3: COPY TYPE_CurrentScope def_%current_scope 
		 4: COPY TYPE_ScopeModule def_%current_module 
BB 3
	outgoing: 4 6 
	datadep: 
	instructions:
		 0: 
		 1: COPY TYPE_StringLiteral def_%cl_1_3 
		 2: %self->h1 def_%cl_1_4 %self[2.0,] %cl_1_3[3.1,] 	 ARGS:%cl_1_3,
		 3: 
		 4: %self->preview def_%cl_1_5 %self[3.2,2.0,] 	 ARGS:
		 5: %self->article_for def_%cl_1_6 %self[3.2,3.4,2.0,] %cl_1_5[3.4,] %self[3.2,3.4,2.0,] 	 ARGS:%cl_1_5,%self,
CLOSURE BEGIN: %self[3.2,3.4,2.0,] c[] 
BB 1
	outgoing: 6 2 
	datadep: 
	instructions:
BB 2
	outgoing: 3 
	datadep: 
	instructions:
		 0: def_%self 
		 1: def_%cl_2_0 
		 2: RECEIVEARG def_c 
		 3: COPY TYPE_CurrentScope def_%current_scope 
		 4: COPY TYPE_ScopeModule def_%current_module 
BB 3
	outgoing: 4 6 
	datadep: 
	instructions:
		 0: 
		 1: COPY TYPE_StringLiteral def_%cl_2_3 
		 2: COPY TYPE_StringLiteral def_%cl_2_4 
		 3: COPY TYPE_StringLiteral def_%cl_2_5 
		 4: HASH-class- def_%cl_2_6 %cl_2_5[3.3,] 
		 5: %self->link_to def_%cl_2_7 %self[2.0,] %cl_2_3[3.1,] %cl_2_4[3.2,] %cl_2_6[3.4,] 	 ARGS:%cl_2_3,%cl_2_4,%cl_2_6,
		 6: COPY TYPE_StringLiteral def_%cl_2_8 
		 7: %self->preview def_%cl_2_9 %self[3.5,2.0,] 	 ARGS:
		 8: %cl_2_9->title def_%cl_2_10 %cl_2_9[3.7,] 	 ARGS:
		 9: %self->spellcheck def_%cl_2_11 %self[3.5,3.7,2.0,] %cl_2_10[3.8,] 	 ARGS:%cl_2_10,
		 10: COPY TYPE_StringLiteral def_%cl_2_12 
		 11: %self->link_to def_%cl_2_13 %self[3.5,3.7,3.9,2.0,] %cl_2_11[3.9,] %cl_2_12[3.10,] 	 ARGS:%cl_2_11,%cl_2_12,
		 12: BUILDSTRING def_%cl_2_14 %cl_2_7[3.5,] %cl_2_8[3.6,] %cl_2_13[3.11,] 
		 13: %cl_2_14->html_safe def_%cl_2_15 %cl_2_14[3.12,] 	 ARGS:
		 14: ATTRASSIGN c->title %cl_2_15[3.13,] 
		 15: 
		 16: %self->preview def_%cl_2_16 %self[3.5,3.7,3.9,3.11,2.0,] 	 ARGS:
		 17: %cl_2_16->node def_%cl_2_17 %cl_2_16[3.16,] 	 ARGS:
		 18: %cl_2_17->user def_%cl_2_18 %cl_2_17[3.17,] 	 ARGS:
		 19: %self->avatar_img def_%cl_2_19 %self[3.5,3.7,3.9,3.11,3.16,2.0,] %cl_2_18[3.18,] 	 ARGS:%cl_2_18,
		 20: ATTRASSIGN c->image %cl_2_19[3.19,] 
		 21: 
		 22: %self->preview def_%cl_2_20 %self[3.5,3.7,3.9,3.11,3.16,3.19,2.0,] 	 ARGS:
		 23: %cl_2_20->body def_%cl_2_21 %cl_2_20[3.22,] 	 ARGS:
		 24: %self->spellcheck def_%cl_2_22 %self[3.5,3.7,3.9,3.11,3.16,3.19,3.22,2.0,] %cl_2_21[3.23,] 	 ARGS:%cl_2_21,
		 25: ATTRASSIGN c->body %cl_2_22[3.24,] 
		 26: RETURN %cl_2_22[3.24,] %self[3.5,3.7,3.9,3.11,3.16,3.19,3.22,3.24,2.0,] 
BB 4
	outgoing: 6 
	datadep: 
	instructions:
		 0: def_%cl_2_23 
		 1: def_%cl_2_24 %cl_2_23[4.0,] 
		 2: RETURN %cl_2_24[4.1,] %self[2.0,] 
BB 6
	outgoing: 
	datadep: 
	instructions:
CLOSURE END
		 6: 
		 7: GETFIELD %self->diary def_%cl_1_7 %self[3.2,3.4,3.5,2.0,] 
		 8: %self->form_for def_%cl_1_8 %self[3.2,3.4,3.5,2.0,] %cl_1_7[3.7,] %self[3.2,3.4,3.5,2.0,] 	 ARGS:%cl_1_7,%self,
CLOSURE BEGIN: %self[3.2,3.4,3.5,2.0,] form[] 
BB 1
	outgoing: 6 2 
	datadep: 
	instructions:
BB 2
	outgoing: 3 
	datadep: 
	instructions:
		 0: def_%self 
		 1: def_%cl_3_0 
		 2: RECEIVEARG def_form 
		 3: COPY TYPE_CurrentScope def_%current_scope 
		 4: COPY TYPE_ScopeModule def_%current_module 
BB 3
	outgoing: 4 6 
	datadep: 
	instructions:
		 0: 
		 1: %self->render def_%cl_3_3 %self[2.0,] form[2.2,] 	 ARGS:form,
		 2: RETURN %cl_3_3[3.1,] %self[3.1,2.0,] 
BB 4
	outgoing: 6 
	datadep: 
	instructions:
		 0: def_%cl_3_4 
		 1: def_%cl_3_5 %cl_3_4[4.0,] 
		 2: RETURN %cl_3_5[4.1,] %self[2.0,] 
BB 6
	outgoing: 
	datadep: 
	instructions:
CLOSURE END
		 9: 
		 10: COPY TYPE_StringLiteral def_%cl_1_9 
		 11: COPY TYPE_StringLiteral def_%cl_1_10 
		 12: COPY TYPE_StringLiteral def_%cl_1_11 
		 13: COPY TYPE_StringLiteral def_%cl_1_12 
		 14: HASH-alt-title-class- def_%cl_1_13 %cl_1_10[3.11,] %cl_1_11[3.12,] %cl_1_12[3.13,] 
		 15: %self->image_tag def_%cl_1_14 %self[3.2,3.4,3.5,3.8,2.0,] %cl_1_9[3.10,] %cl_1_13[3.14,] 	 ARGS:%cl_1_9,%cl_1_13,
		 16: RETURN %cl_1_14[3.15,] %self[3.2,3.4,3.5,3.8,3.15,2.0,] 
BB 4
	outgoing: 6 
	datadep: 
	instructions:
		 0: def_%cl_1_15 
		 1: def_%cl_1_16 %cl_1_15[4.0,] 
		 2: RETURN %cl_1_16[4.1,] %self[2.0,] 
BB 6
	outgoing: 
	datadep: 
	instructions:
CLOSURE END
		 19: RETURN %v_10[2.18,] %self[2.0,2.6,2.9,2.15,2.17,] 
BB 3
	outgoing: 
	datadep: 
	instructions:

SET IRMethod, name = create
BB 1
	outgoing: 11 2 
	datadep: 
	instructions:
BB 2
	outgoing: 3 4 
	datadep: 
	instructions:
		 0: def_%self 
		 1: def_%v_0 
		 2: COPY TYPE_CurrentScope def_%current_scope 
		 3: COPY TYPE_ScopeModule def_%current_module 
		 4: 
		 5: 
		 6: %self->current_user def_%v_3 %self[2.0,] 	 ARGS:
		 7: %v_3->diaries def_%v_4 %v_3[2.6,] 	 ARGS:
		 8: %v_4->build def_%v_5 %v_4[2.7,] 	 ARGS:
		 9: ATTRASSIGN %self->diary %v_5[2.8,] 
		 10: 
		 11: GETFIELD %self->diary def_%v_6 %self[2.0,2.6,2.9,] 
		 12: %self->enforce_create_permission def_%v_7 %self[2.0,2.6,2.9,] %v_6[2.11,] 	 ARGS:%v_6,
		 13: 
		 14: GETFIELD %self->diary def_%v_8 %self[2.0,2.6,2.9,2.12,] 
		 15: %self->diary_params def_%v_9 %self[2.0,2.6,2.9,2.12,] 	 ARGS:
		 16: ATTRASSIGN %v_8->attributes %v_9[2.15,] 
		 17: 
		 18: %self->preview_mode def_%v_10 %self[2.0,2.6,2.9,2.12,2.15,] 	 ARGS:
		 19: %v_10->! def_%v_11 %v_10[2.18,] 	 ARGS:
		 20: BRANCH %v_11[2.19,] 
BB 3
	outgoing: 4 
	datadep: 
	instructions:
		 0: GETFIELD %self->diary def_%v_12 %self[2.0,2.9,] 
		 1: %v_12->save def_%v_13 %v_12[3.0,] 	 ARGS:
		 2: COPY TYPE_PASS def_%v_11 %v_13[3.1,] 
BB 4
	outgoing: 5 6 
	datadep: 
	instructions:
		 0: BRANCH %v_11[3.2,2.19,] 
BB 5
	outgoing: 11 
	datadep: 
	instructions:
		 0: 
		 1: %self->current_account def_%v_14 %self[2.0,2.9,] 	 ARGS:
		 2: GETFIELD %self->diary def_%v_15 %self[5.1,2.0,2.9,] 
		 3: %v_15->node def_%v_16 %v_15[5.2,] 	 ARGS:
		 4: %self->params def_%v_17 %self[5.1,2.0,2.9,] 	 ARGS:
		 5: %v_17->[] def_%v_18 %v_17[5.4,] 	 ARGS:Symbol,
		 6: %v_14->tag def_%v_19 %v_14[5.1,] %v_16[5.3,] %v_18[5.5,] 	 ARGS:%v_16,%v_18,
		 7: 
		 8: GETFIELD %self->diary def_%v_20 %self[5.1,5.4,2.0,2.9,] 
		 9: %v_20->owner def_%v_21 %v_20[5.8,] 	 ARGS:
		 10: GETFIELD %self->diary def_%v_22 %self[5.1,5.4,2.0,2.9,] 
		 11: COPY TYPE_Array def_%v_23 %v_21[5.9,] %v_22[5.10,] 
		 12: COPY TYPE_StringLiteral def_%v_24 
		 13: HASH-notice- def_%v_25 %v_24[5.12,] 
		 14: %self->redirect_to def_%v_26 %self[5.1,5.4,2.0,2.9,] %v_23[5.11,] %v_25[5.13,] 	 ARGS:%v_23,%v_25,
		 15: RETURN %v_26[5.14,] %self[5.1,5.4,5.14,2.0,2.9,] 
BB 6
	outgoing: 7 8 
	datadep: 
	instructions:
		 0: 
		 1: GETFIELD %self->diary def_%v_27 %self[2.0,2.9,] 
		 2: (Node) def_%v_28 
		 3: %self->current_user def_%v_29 %self[2.0,2.9,] 	 ARGS:
		 4: %v_29->id def_%v_30 %v_29[6.3,] 	 ARGS:
		 5: HASH-user_id- def_%v_31 %v_30[6.4,] 
		 6: %v_28->new def_%v_32 %v_28[6.2,] %v_31[6.5,] 	 ARGS:%v_31,
		 7: ATTRASSIGN %v_27->node %v_32[6.6,] 
		 8: 
		 9: GETFIELD %self->diary def_%v_33 %self[6.3,2.0,2.9,] 
		 10: %v_33->valid? def_%v_34 %v_33[6.9,] 	 ARGS:
		 11: 
		 12: GETFIELD %self->diary def_%v_35 %self[6.3,2.0,2.9,] 
		 13: %v_35->body def_%v_36 %v_35[6.12,] 	 ARGS:
		 14: COPY TYPE_Regexp def_%v_37 
		 15: %v_36->=~ def_%v_38 %v_36[6.13,] 	 ARGS:%v_37,
		 16: BRANCH %v_38[6.15,] 
BB 7
	outgoing: 9 
	datadep: 
	instructions:
		 0: COPY TYPE_Nil def_%v_39 
		 1: 
BB 8
	outgoing: 9 
	datadep: 
	instructions:
		 0: %self->flash def_%v_40 %self[2.0,2.9,] 	 ARGS:
		 1: %v_40->now def_%v_41 %v_40[8.0,] 	 ARGS:
		 2: COPY TYPE_StringLiteral def_%v_42 
		 3: ATTRASSIGN %v_41->[] %v_42[8.2,] 
		 4: COPY TYPE_PASS def_%v_39 %v_42[8.2,] 
BB 9
	outgoing: 11 
	datadep: 
	instructions:
		 0: 
		 1: %self->ruby_code_from_view def_%v_43 %self[2.0,2.9,] 	 ARGS:
		 2: %v_43->ruby_code_from_view def_%v_44 %v_43[9.1,] %self[9.1,2.0,2.9,] 	 ARGS:%v_43,
CLOSURE BEGIN: %self[9.1,2.0,2.9,] 
BB 1
	outgoing: 6 2 
	datadep: 
	instructions:
BB 2
	outgoing: 3 
	datadep: 
	instructions:
		 0: def_%self 
		 1: def_%cl_1_0 
		 2: RECEIVEARG def_rb_from_view 
		 3: COPY TYPE_CurrentScope def_%current_scope 
		 4: COPY TYPE_ScopeModule def_%current_module 
BB 3
	outgoing: 4 6 
	datadep: 
	instructions:
		 0: 
		 1: COPY TYPE_StringLiteral def_%cl_1_3 
		 2: %self->h1 def_%cl_1_4 %self[2.0,] %cl_1_3[3.1,] 	 ARGS:%cl_1_3,
		 3: 
		 4: %self->preview def_%cl_1_5 %self[3.2,2.0,] 	 ARGS:
		 5: %self->article_for def_%cl_1_6 %self[3.2,3.4,2.0,] %cl_1_5[3.4,] %self[3.2,3.4,2.0,] 	 ARGS:%cl_1_5,%self,
CLOSURE BEGIN: %self[3.2,3.4,2.0,] c[] 
BB 1
	outgoing: 6 2 
	datadep: 
	instructions:
BB 2
	outgoing: 3 
	datadep: 
	instructions:
		 0: def_%self 
		 1: def_%cl_2_0 
		 2: RECEIVEARG def_c 
		 3: COPY TYPE_CurrentScope def_%current_scope 
		 4: COPY TYPE_ScopeModule def_%current_module 
BB 3
	outgoing: 4 6 
	datadep: 
	instructions:
		 0: 
		 1: COPY TYPE_StringLiteral def_%cl_2_3 
		 2: COPY TYPE_StringLiteral def_%cl_2_4 
		 3: COPY TYPE_StringLiteral def_%cl_2_5 
		 4: HASH-class- def_%cl_2_6 %cl_2_5[3.3,] 
		 5: %self->link_to def_%cl_2_7 %self[2.0,] %cl_2_3[3.1,] %cl_2_4[3.2,] %cl_2_6[3.4,] 	 ARGS:%cl_2_3,%cl_2_4,%cl_2_6,
		 6: COPY TYPE_StringLiteral def_%cl_2_8 
		 7: %self->preview def_%cl_2_9 %self[3.5,2.0,] 	 ARGS:
		 8: %cl_2_9->title def_%cl_2_10 %cl_2_9[3.7,] 	 ARGS:
		 9: %self->spellcheck def_%cl_2_11 %self[3.5,3.7,2.0,] %cl_2_10[3.8,] 	 ARGS:%cl_2_10,
		 10: COPY TYPE_StringLiteral def_%cl_2_12 
		 11: %self->link_to def_%cl_2_13 %self[3.5,3.7,3.9,2.0,] %cl_2_11[3.9,] %cl_2_12[3.10,] 	 ARGS:%cl_2_11,%cl_2_12,
		 12: BUILDSTRING def_%cl_2_14 %cl_2_7[3.5,] %cl_2_8[3.6,] %cl_2_13[3.11,] 
		 13: %cl_2_14->html_safe def_%cl_2_15 %cl_2_14[3.12,] 	 ARGS:
		 14: ATTRASSIGN c->title %cl_2_15[3.13,] 
		 15: 
		 16: %self->preview def_%cl_2_16 %self[3.5,3.7,3.9,3.11,2.0,] 	 ARGS:
		 17: %cl_2_16->node def_%cl_2_17 %cl_2_16[3.16,] 	 ARGS:
		 18: %cl_2_17->user def_%cl_2_18 %cl_2_17[3.17,] 	 ARGS:
		 19: %self->avatar_img def_%cl_2_19 %self[3.5,3.7,3.9,3.11,3.16,2.0,] %cl_2_18[3.18,] 	 ARGS:%cl_2_18,
		 20: ATTRASSIGN c->image %cl_2_19[3.19,] 
		 21: 
		 22: %self->preview def_%cl_2_20 %self[3.5,3.7,3.9,3.11,3.16,3.19,2.0,] 	 ARGS:
		 23: %cl_2_20->body def_%cl_2_21 %cl_2_20[3.22,] 	 ARGS:
		 24: %self->spellcheck def_%cl_2_22 %self[3.5,3.7,3.9,3.11,3.16,3.19,3.22,2.0,] %cl_2_21[3.23,] 	 ARGS:%cl_2_21,
		 25: ATTRASSIGN c->body %cl_2_22[3.24,] 
		 26: RETURN %cl_2_22[3.24,] %self[3.5,3.7,3.9,3.11,3.16,3.19,3.22,3.24,2.0,] 
BB 4
	outgoing: 6 
	datadep: 
	instructions:
		 0: def_%cl_2_23 
		 1: def_%cl_2_24 %cl_2_23[4.0,] 
		 2: RETURN %cl_2_24[4.1,] %self[2.0,] 
BB 6
	outgoing: 
	datadep: 
	instructions:
CLOSURE END
		 6: 
		 7: GETFIELD %self->diary def_%cl_1_7 %self[3.2,3.4,3.5,2.0,] 
		 8: %self->form_for def_%cl_1_8 %self[3.2,3.4,3.5,2.0,] %cl_1_7[3.7,] %self[3.2,3.4,3.5,2.0,] 	 ARGS:%cl_1_7,%self,
CLOSURE BEGIN: %self[3.2,3.4,3.5,2.0,] form[] 
BB 1
	outgoing: 6 2 
	datadep: 
	instructions:
BB 2
	outgoing: 3 
	datadep: 
	instructions:
		 0: def_%self 
		 1: def_%cl_3_0 
		 2: RECEIVEARG def_form 
		 3: COPY TYPE_CurrentScope def_%current_scope 
		 4: COPY TYPE_ScopeModule def_%current_module 
BB 3
	outgoing: 4 6 
	datadep: 
	instructions:
		 0: 
		 1: %self->render def_%cl_3_3 %self[2.0,] form[2.2,] 	 ARGS:form,
		 2: RETURN %cl_3_3[3.1,] %self[3.1,2.0,] 
BB 4
	outgoing: 6 
	datadep: 
	instructions:
		 0: def_%cl_3_4 
		 1: def_%cl_3_5 %cl_3_4[4.0,] 
		 2: RETURN %cl_3_5[4.1,] %self[2.0,] 
BB 6
	outgoing: 
	datadep: 
	instructions:
CLOSURE END
		 9: 
		 10: COPY TYPE_StringLiteral def_%cl_1_9 
		 11: COPY TYPE_StringLiteral def_%cl_1_10 
		 12: COPY TYPE_StringLiteral def_%cl_1_11 
		 13: COPY TYPE_StringLiteral def_%cl_1_12 
		 14: HASH-alt-title-class- def_%cl_1_13 %cl_1_10[3.11,] %cl_1_11[3.12,] %cl_1_12[3.13,] 
		 15: %self->image_tag def_%cl_1_14 %self[3.2,3.4,3.5,3.8,2.0,] %cl_1_9[3.10,] %cl_1_13[3.14,] 	 ARGS:%cl_1_9,%cl_1_13,
		 16: RETURN %cl_1_14[3.15,] %self[3.2,3.4,3.5,3.8,3.15,2.0,] 
BB 4
	outgoing: 6 
	datadep: 
	instructions:
		 0: def_%cl_1_15 
		 1: def_%cl_1_16 %cl_1_15[4.0,] 
		 2: RETURN %cl_1_16[4.1,] %self[2.0,] 
BB 6
	outgoing: 
	datadep: 
	instructions:
CLOSURE END
		 3: RETURN %v_44[9.2,] %self[9.1,2.0,2.9,] 
BB 11
	outgoing: 
	datadep: 
	instructions:

SET IRMethod, name = show
BB 1
	outgoing: 9 2 
	datadep: 
	instructions:
BB 2
	outgoing: 3 4 
	datadep: 
	instructions:
		 0: def_%self 
		 1: def_%v_0 
		 2: COPY TYPE_CurrentScope def_%current_scope 
		 3: COPY TYPE_ScopeModule def_%current_module 
		 4: 
		 5: 
		 6: GETFIELD %self->diary def_%v_3 %self[2.0,] 
		 7: %self->enforce_view_permission def_%v_4 %self[2.0,] %v_3[2.6,] 	 ARGS:%v_3,
		 8: 
		 9: GETFIELD %self->user def_%v_5 %self[2.0,2.7,] 
		 10: GETFIELD %self->diary def_%v_6 %self[2.0,2.7,] 
		 11: %self->params def_%v_7 %self[2.0,2.7,] 	 ARGS:
		 12: %v_7->[] def_%v_8 %v_7[2.11,] 	 ARGS:Symbol,
		 13: HASH-format- def_%v_9 %v_8[2.12,] 
		 14: %self->user_diary_path def_%v_10 %self[2.0,2.7,2.11,] %v_5[2.9,] %v_6[2.10,] %v_9[2.13,] 	 ARGS:%v_5,%v_6,%v_9,
		 15: COPY TYPE_PASS def_path %v_10[2.14,] 
		 16: 
		 17: %self->request def_%v_11 %self[2.0,2.7,2.11,2.14,] 	 ARGS:
		 18: %v_11->path def_%v_12 %v_11[2.17,] 	 ARGS:
		 19: %v_12->!= def_%v_13 %v_12[2.18,] path[2.15,] 	 ARGS:path,
		 20: BRANCH %v_13[2.19,] 
BB 3
	outgoing: 5 
	datadep: 
	instructions:
		 0: HASH-status- def_%v_14 
		 1: %self->redirect_to def_%v_15 %self[2.0,] path[2.15,] %v_14[3.0,] 	 ARGS:path,%v_14,
		 2: 
BB 4
	outgoing: 5 
	datadep: 
	instructions:
		 0: COPY TYPE_Nil def_%v_15 
BB 5
	outgoing: 6 7 
	datadep: 
	instructions:
		 0: 
		 1: %self->headers def_%v_16 %self[2.0,] 	 ARGS:
		 2: COPY TYPE_StringLiteral def_%v_17 
		 3: COPY TYPE_StringLiteral def_%v_18 
		 4: GETFIELD %self->user def_%v_19 %self[5.1,2.0,] 
		 5: GETFIELD %self->diary def_%v_20 %self[5.1,2.0,] 
		 6: %self->user_diary_url def_%v_21 %self[5.1,2.0,] %v_19[5.4,] %v_20[5.5,] 	 ARGS:%v_19,%v_20,
		 7: COPY TYPE_StringLiteral def_%v_22 
		 8: BUILDSTRING def_%v_23 %v_18[5.3,] %v_21[5.6,] %v_22[5.7,] 
		 9: ATTRASSIGN %v_16->[] %v_17[5.2,] %v_23[5.8,] 
		 10: 
		 11: GETFIELD %self->diary def_%v_24 %self[5.1,5.6,2.0,] 
		 12: %v_24->visible? def_%v_25 %v_24[5.11,] 	 ARGS:
		 13: BRANCH %v_25[5.12,] 
BB 6
	outgoing: 8 
	datadep: 
	instructions:
		 0: COPY TYPE_Nil def_%v_26 
		 1: 
BB 7
	outgoing: 8 
	datadep: 
	instructions:
		 0: %self->flash def_%v_27 %self[2.0,] 	 ARGS:
		 1: %v_27->now def_%v_28 %v_27[7.0,] 	 ARGS:
		 2: COPY TYPE_StringLiteral def_%v_29 
		 3: ATTRASSIGN %v_28->[] %v_29[7.2,] 
		 4: COPY TYPE_PASS def_%v_26 %v_29[7.2,] 
BB 8
	outgoing: 9 
	datadep: 
	instructions:
		 0: 
		 1: %self->ruby_code_from_view def_%v_30 %self[2.0,] 	 ARGS:
		 2: %v_30->ruby_code_from_view def_%v_31 %v_30[8.1,] %self[8.1,2.0,] 	 ARGS:%v_30,
CLOSURE BEGIN: %self[8.1,2.0,] 
BB 1
	outgoing: 6 2 
	datadep: 
	instructions:
BB 2
	outgoing: 3 
	datadep: 
	instructions:
		 0: def_%self 
		 1: def_%cl_1_0 
		 2: RECEIVEARG def_rb_from_view 
		 3: COPY TYPE_CurrentScope def_%current_scope 
		 4: COPY TYPE_ScopeModule def_%current_module 
BB 3
	outgoing: 4 6 
	datadep: 
	instructions:
		 0: 
		 1: GETFIELD %self->diary def_%cl_1_3 %self[2.0,] 
		 2: %cl_1_3->title def_%cl_1_4 %cl_1_3[3.1,] 	 ARGS:
		 3: %self->title def_%cl_1_5 %self[2.0,] %cl_1_4[3.2,] 	 ARGS:%cl_1_4,
		 4: 
		 5: GETFIELD %self->diary def_%cl_1_6 %self[3.3,2.0,] 
		 6: %self->meta_for def_%cl_1_7 %self[3.3,2.0,] %cl_1_6[3.5,] 	 ARGS:%cl_1_6,
		 7: 
		 8: GETFIELD %self->diary def_%cl_1_8 %self[3.3,3.6,2.0,] 
		 9: %self->render def_%cl_1_9 %self[3.3,3.6,2.0,] %cl_1_8[3.8,] 	 ARGS:%cl_1_8,
		 10: 
		 11: GETFIELD %self->diary def_%cl_1_10 %self[3.3,3.6,3.9,2.0,] 
		 12: %cl_1_10->node def_%cl_1_11 %cl_1_10[3.11,] 	 ARGS:
		 13: %self->render def_%cl_1_12 %self[3.3,3.6,3.9,2.0,] %cl_1_11[3.12,] 	 ARGS:%cl_1_11,
		 14: RETURN %cl_1_12[3.13,] %self[3.3,3.6,3.9,3.13,2.0,] 
BB 4
	outgoing: 6 
	datadep: 
	instructions:
		 0: def_%cl_1_13 
		 1: def_%cl_1_14 %cl_1_13[4.0,] 
		 2: RETURN %cl_1_14[4.1,] %self[2.0,] 
BB 6
	outgoing: 
	datadep: 
	instructions:
CLOSURE END
		 3: RETURN %v_31[8.2,] %self[8.1,2.0,] 
BB 9
	outgoing: 
	datadep: 
	instructions:

SET IRMethod, name = edit
BB 1
	outgoing: 3 2 
	datadep: 
	instructions:
BB 2
	outgoing: 3 
	datadep: 
	instructions:
		 0: def_%self 
		 1: def_%v_0 
		 2: COPY TYPE_CurrentScope def_%current_scope 
		 3: COPY TYPE_ScopeModule def_%current_module 
		 4: 
		 5: 
		 6: GETFIELD %self->diary def_%v_3 %self[2.0,] 
		 7: %self->enforce_update_permission def_%v_4 %self[2.0,] %v_3[2.6,] 	 ARGS:%v_3,
		 8: 
		 9: %self->ruby_code_from_view def_%v_5 %self[2.0,2.7,] 	 ARGS:
		 10: %v_5->ruby_code_from_view def_%v_6 %v_5[2.9,] %self[2.0,2.7,2.9,] 	 ARGS:%v_5,
CLOSURE BEGIN: %self[2.0,2.7,2.9,] 
BB 1
	outgoing: 6 2 
	datadep: 
	instructions:
BB 2
	outgoing: 3 
	datadep: 
	instructions:
		 0: def_%self 
		 1: def_%cl_1_0 
		 2: RECEIVEARG def_rb_from_view 
		 3: COPY TYPE_CurrentScope def_%current_scope 
		 4: COPY TYPE_ScopeModule def_%current_module 
BB 3
	outgoing: 4 6 
	datadep: 
	instructions:
		 0: 
		 1: COPY TYPE_StringLiteral def_%cl_1_3 
		 2: %self->h1 def_%cl_1_4 %self[2.0,] %cl_1_3[3.1,] 	 ARGS:%cl_1_3,
		 3: 
		 4: %self->preview def_%cl_1_5 %self[3.2,2.0,] 	 ARGS:
		 5: %self->article_for def_%cl_1_6 %self[3.2,3.4,2.0,] %cl_1_5[3.4,] %self[3.2,3.4,2.0,] 	 ARGS:%cl_1_5,%self,
CLOSURE BEGIN: %self[3.2,3.4,2.0,] c[] 
BB 1
	outgoing: 6 2 
	datadep: 
	instructions:
BB 2
	outgoing: 3 
	datadep: 
	instructions:
		 0: def_%self 
		 1: def_%cl_2_0 
		 2: RECEIVEARG def_c 
		 3: COPY TYPE_CurrentScope def_%current_scope 
		 4: COPY TYPE_ScopeModule def_%current_module 
BB 3
	outgoing: 4 6 
	datadep: 
	instructions:
		 0: 
		 1: COPY TYPE_StringLiteral def_%cl_2_3 
		 2: COPY TYPE_StringLiteral def_%cl_2_4 
		 3: COPY TYPE_StringLiteral def_%cl_2_5 
		 4: HASH-class- def_%cl_2_6 %cl_2_5[3.3,] 
		 5: %self->link_to def_%cl_2_7 %self[2.0,] %cl_2_3[3.1,] %cl_2_4[3.2,] %cl_2_6[3.4,] 	 ARGS:%cl_2_3,%cl_2_4,%cl_2_6,
		 6: COPY TYPE_StringLiteral def_%cl_2_8 
		 7: %self->preview def_%cl_2_9 %self[3.5,2.0,] 	 ARGS:
		 8: %cl_2_9->title def_%cl_2_10 %cl_2_9[3.7,] 	 ARGS:
		 9: %self->spellcheck def_%cl_2_11 %self[3.5,3.7,2.0,] %cl_2_10[3.8,] 	 ARGS:%cl_2_10,
		 10: COPY TYPE_StringLiteral def_%cl_2_12 
		 11: %self->link_to def_%cl_2_13 %self[3.5,3.7,3.9,2.0,] %cl_2_11[3.9,] %cl_2_12[3.10,] 	 ARGS:%cl_2_11,%cl_2_12,
		 12: BUILDSTRING def_%cl_2_14 %cl_2_7[3.5,] %cl_2_8[3.6,] %cl_2_13[3.11,] 
		 13: %cl_2_14->html_safe def_%cl_2_15 %cl_2_14[3.12,] 	 ARGS:
		 14: ATTRASSIGN c->title %cl_2_15[3.13,] 
		 15: 
		 16: %self->preview def_%cl_2_16 %self[3.5,3.7,3.9,3.11,2.0,] 	 ARGS:
		 17: %cl_2_16->node def_%cl_2_17 %cl_2_16[3.16,] 	 ARGS:
		 18: %cl_2_17->user def_%cl_2_18 %cl_2_17[3.17,] 	 ARGS:
		 19: %self->avatar_img def_%cl_2_19 %self[3.5,3.7,3.9,3.11,3.16,2.0,] %cl_2_18[3.18,] 	 ARGS:%cl_2_18,
		 20: ATTRASSIGN c->image %cl_2_19[3.19,] 
		 21: 
		 22: %self->preview def_%cl_2_20 %self[3.5,3.7,3.9,3.11,3.16,3.19,2.0,] 	 ARGS:
		 23: %cl_2_20->body def_%cl_2_21 %cl_2_20[3.22,] 	 ARGS:
		 24: %self->spellcheck def_%cl_2_22 %self[3.5,3.7,3.9,3.11,3.16,3.19,3.22,2.0,] %cl_2_21[3.23,] 	 ARGS:%cl_2_21,
		 25: ATTRASSIGN c->body %cl_2_22[3.24,] 
		 26: RETURN %cl_2_22[3.24,] %self[3.5,3.7,3.9,3.11,3.16,3.19,3.22,3.24,2.0,] 
BB 4
	outgoing: 6 
	datadep: 
	instructions:
		 0: def_%cl_2_23 
		 1: def_%cl_2_24 %cl_2_23[4.0,] 
		 2: RETURN %cl_2_24[4.1,] %self[2.0,] 
BB 6
	outgoing: 
	datadep: 
	instructions:
CLOSURE END
		 6: 
		 7: GETFIELD %self->diary def_%cl_1_7 %self[3.2,3.4,3.5,2.0,] 
		 8: %cl_1_7->owner def_%cl_1_8 %cl_1_7[3.7,] 	 ARGS:
		 9: GETFIELD %self->diary def_%cl_1_9 %self[3.2,3.4,3.5,2.0,] 
		 10: COPY TYPE_Array def_%cl_1_10 %cl_1_8[3.8,] %cl_1_9[3.9,] 
		 11: %self->form_for def_%cl_1_11 %self[3.2,3.4,3.5,2.0,] %cl_1_10[3.10,] %self[3.2,3.4,3.5,2.0,] 	 ARGS:%cl_1_10,%self,
CLOSURE BEGIN: %self[3.2,3.4,3.5,2.0,] form[] 
BB 1
	outgoing: 6 2 
	datadep: 
	instructions:
BB 2
	outgoing: 3 
	datadep: 
	instructions:
		 0: def_%self 
		 1: def_%cl_3_0 
		 2: RECEIVEARG def_form 
		 3: COPY TYPE_CurrentScope def_%current_scope 
		 4: COPY TYPE_ScopeModule def_%current_module 
BB 3
	outgoing: 4 6 
	datadep: 
	instructions:
		 0: 
		 1: %self->render def_%cl_3_3 %self[2.0,] form[2.2,] 	 ARGS:form,
		 2: RETURN %cl_3_3[3.1,] %self[3.1,2.0,] 
BB 4
	outgoing: 6 
	datadep: 
	instructions:
		 0: def_%cl_3_4 
		 1: def_%cl_3_5 %cl_3_4[4.0,] 
		 2: RETURN %cl_3_5[4.1,] %self[2.0,] 
BB 6
	outgoing: 
	datadep: 
	instructions:
CLOSURE END
		 12: 
		 13: (Post) def_%cl_1_12 
		 14: %cl_1_12->new def_%cl_1_13 %cl_1_12[3.13,] 	 ARGS:
		 15: GETFIELD %self->diary def_%cl_1_14 %self[3.2,3.4,3.5,3.11,2.0,] 
		 16: %cl_1_14->owner def_%cl_1_15 %cl_1_14[3.15,] 	 ARGS:
		 17: GETFIELD %self->diary def_%cl_1_16 %self[3.2,3.4,3.5,3.11,2.0,] 
		 18: HASH-user_id-id- def_%cl_1_17 %cl_1_15[3.16,] %cl_1_16[3.17,] 
		 19: %self->move_user_diary_path def_%cl_1_18 %self[3.2,3.4,3.5,3.11,2.0,] %cl_1_17[3.18,] 	 ARGS:%cl_1_17,
		 20: HASH-url- def_%cl_1_19 %cl_1_18[3.19,] 
		 21: %self->form_for def_%cl_1_20 %self[3.2,3.4,3.5,3.11,3.19,2.0,] %cl_1_13[3.14,] %cl_1_19[3.20,] %self[3.2,3.4,3.5,3.11,3.19,2.0,] 	 ARGS:%cl_1_13,%cl_1_19,%self,
CLOSURE BEGIN: form[] %self[3.2,3.4,3.5,3.11,3.19,2.0,] 
BB 1
	outgoing: 6 2 
	datadep: 
	instructions:
BB 2
	outgoing: 3 
	datadep: 
	instructions:
		 0: def_%self 
		 1: def_%cl_4_0 
		 2: RECEIVEARG def_form 
		 3: COPY TYPE_CurrentScope def_%current_scope 
		 4: COPY TYPE_ScopeModule def_%current_module 
BB 3
	outgoing: 4 6 
	datadep: 
	instructions:
		 0: 
		 1: COPY TYPE_StringLiteral def_%cl_4_3 
		 2: form->label def_%cl_4_4 form[2.2,] %cl_4_3[3.1,] 	 ARGS:Symbol,%cl_4_3,
		 3: 
		 4: %self->forums_select_list def_%cl_4_5 %self[2.0,] 	 ARGS:
		 5: HASH-include_blank- def_%cl_4_6 
		 6: COPY TYPE_StringLiteral def_%cl_4_7 
		 7: HASH-required- def_%cl_4_8 %cl_4_7[3.6,] 
		 8: form->select def_%cl_4_9 form[3.2,2.2,] %cl_4_5[3.4,] %cl_4_6[3.5,] %cl_4_8[3.7,] 	 ARGS:Symbol,%cl_4_5,%cl_4_6,%cl_4_8,
		 9: 
		 10: COPY TYPE_StringLiteral def_%cl_4_10 
		 11: COPY TYPE_StringLiteral def_%cl_4_11 
		 12: HASH-confirm- def_%cl_4_12 %cl_4_11[3.11,] 
		 13: HASH-data- def_%cl_4_13 %cl_4_12[3.12,] 
		 14: form->submit def_%cl_4_14 form[3.2,3.8,2.2,] %cl_4_10[3.10,] %cl_4_13[3.13,] 	 ARGS:%cl_4_10,%cl_4_13,
		 15: RETURN %cl_4_14[3.14,] %self[3.4,2.0,] 
BB 4
	outgoing: 6 
	datadep: 
	instructions:
		 0: def_%cl_4_15 
		 1: def_%cl_4_16 %cl_4_15[4.0,] 
		 2: RETURN %cl_4_16[4.1,] %self[2.0,] 
BB 6
	outgoing: 
	datadep: 
	instructions:
CLOSURE END
		 22: 
		 23: COPY TYPE_StringLiteral def_%cl_1_21 
		 24: GETFIELD %self->diary def_%cl_1_22 %self[3.2,3.4,3.5,3.11,3.19,3.21,2.0,] 
		 25: %cl_1_22->owner def_%cl_1_23 %cl_1_22[3.24,] 	 ARGS:
		 26: GETFIELD %self->diary def_%cl_1_24 %self[3.2,3.4,3.5,3.11,3.19,3.21,2.0,] 
		 27: HASH-user_id-id- def_%cl_1_25 %cl_1_23[3.25,] %cl_1_24[3.26,] 
		 28: %self->convert_user_diary_path def_%cl_1_26 %self[3.2,3.4,3.5,3.11,3.19,3.21,2.0,] %cl_1_25[3.27,] 	 ARGS:%cl_1_25,
		 29: COPY TYPE_StringLiteral def_%cl_1_27 
		 30: HASH-class- def_%cl_1_28 %cl_1_27[3.29,] 
		 31: %self->button_to def_%cl_1_29 %self[3.2,3.4,3.5,3.11,3.19,3.21,3.28,2.0,] %cl_1_21[3.23,] %cl_1_26[3.28,] %cl_1_28[3.30,] 	 ARGS:%cl_1_21,%cl_1_26,%cl_1_28,
		 32: 
		 33: COPY TYPE_StringLiteral def_%cl_1_30 
		 34: GETFIELD %self->diary def_%cl_1_31 %self[3.2,3.4,3.5,3.11,3.19,3.21,3.28,3.31,2.0,] 
		 35: %cl_1_31->owner def_%cl_1_32 %cl_1_31[3.34,] 	 ARGS:
		 36: GETFIELD %self->diary def_%cl_1_33 %self[3.2,3.4,3.5,3.11,3.19,3.21,3.28,3.31,2.0,] 
		 37: COPY TYPE_Array def_%cl_1_34 %cl_1_32[3.35,] %cl_1_33[3.36,] 
		 38: COPY TYPE_StringLiteral def_%cl_1_35 
		 39: HASH-confirm- def_%cl_1_36 %cl_1_35[3.38,] 
		 40: COPY TYPE_StringLiteral def_%cl_1_37 
		 41: HASH-method-data-class- def_%cl_1_38 %cl_1_36[3.39,] %cl_1_37[3.40,] 
		 42: %self->button_to def_%cl_1_39 %self[3.2,3.4,3.5,3.11,3.19,3.21,3.28,3.31,2.0,] %cl_1_30[3.33,] %cl_1_34[3.37,] %cl_1_38[3.41,] 	 ARGS:%cl_1_30,%cl_1_34,%cl_1_38,
		 43: 
		 44: COPY TYPE_StringLiteral def_%cl_1_40 
		 45: COPY TYPE_StringLiteral def_%cl_1_41 
		 46: COPY TYPE_StringLiteral def_%cl_1_42 
		 47: COPY TYPE_StringLiteral def_%cl_1_43 
		 48: HASH-alt-title-class- def_%cl_1_44 %cl_1_41[3.45,] %cl_1_42[3.46,] %cl_1_43[3.47,] 
		 49: %self->image_tag def_%cl_1_45 %self[3.2,3.4,3.5,3.11,3.19,3.21,3.28,3.31,3.42,2.0,] %cl_1_40[3.44,] %cl_1_44[3.48,] 	 ARGS:%cl_1_40,%cl_1_44,
		 50: RETURN %cl_1_45[3.49,] %self[3.2,3.4,3.5,3.11,3.19,3.21,3.28,3.31,3.42,3.49,2.0,] 
BB 4
	outgoing: 6 
	datadep: 
	instructions:
		 0: def_%cl_1_46 
		 1: def_%cl_1_47 %cl_1_46[4.0,] 
		 2: RETURN %cl_1_47[4.1,] %self[2.0,] 
BB 6
	outgoing: 
	datadep: 
	instructions:
CLOSURE END
		 11: RETURN %v_6[2.10,] %self[2.0,2.7,2.9,] 
BB 3
	outgoing: 
	datadep: 
	instructions:

SET IRMethod, name = update
BB 1
	outgoing: 11 2 
	datadep: 
	instructions:
BB 2
	outgoing: 3 4 
	datadep: 
	instructions:
		 0: def_%self 
		 1: def_%v_0 
		 2: COPY TYPE_CurrentScope def_%current_scope 
		 3: COPY TYPE_ScopeModule def_%current_module 
		 4: 
		 5: 
		 6: GETFIELD %self->diary def_%v_3 %self[2.0,] 
		 7: %self->enforce_update_permission def_%v_4 %self[2.0,] %v_3[2.6,] 	 ARGS:%v_3,
		 8: 
		 9: GETFIELD %self->diary def_%v_5 %self[2.0,2.7,] 
		 10: %self->diary_params def_%v_6 %self[2.0,2.7,] 	 ARGS:
		 11: ATTRASSIGN %v_5->attributes %v_6[2.10,] 
		 12: 
		 13: %self->preview_mode def_%v_7 %self[2.0,2.7,2.10,] 	 ARGS:
		 14: %v_7->! def_%v_8 %v_7[2.13,] 	 ARGS:
		 15: BRANCH %v_8[2.14,] 
BB 3
	outgoing: 4 
	datadep: 
	instructions:
		 0: GETFIELD %self->diary def_%v_9 %self[2.0,] 
		 1: %v_9->save def_%v_10 %v_9[3.0,] 	 ARGS:
		 2: COPY TYPE_PASS def_%v_8 %v_10[3.1,] 
BB 4
	outgoing: 5 6 
	datadep: 
	instructions:
		 0: BRANCH %v_8[3.2,2.14,] 
BB 5
	outgoing: 11 
	datadep: 
	instructions:
		 0: 
		 1: GETFIELD %self->user def_%v_11 %self[2.0,] 
		 2: GETFIELD %self->diary def_%v_12 %self[2.0,] 
		 3: COPY TYPE_Array def_%v_13 %v_11[5.1,] %v_12[5.2,] 
		 4: COPY TYPE_StringLiteral def_%v_14 
		 5: HASH-notice- def_%v_15 %v_14[5.4,] 
		 6: %self->redirect_to def_%v_16 %self[2.0,] %v_13[5.3,] %v_15[5.5,] 	 ARGS:%v_13,%v_15,
		 7: RETURN %v_16[5.6,] %self[5.6,2.0,] 
BB 6
	outgoing: 7 8 
	datadep: 
	instructions:
		 0: 
		 1: GETFIELD %self->diary def_%v_17 %self[2.0,] 
		 2: %v_17->invalid? def_%v_18 %v_17[6.1,] 	 ARGS:
		 3: BRANCH %v_18[6.2,] 
BB 7
	outgoing: 9 
	datadep: 
	instructions:
		 0: %self->flash def_%v_19 %self[2.0,] 	 ARGS:
		 1: %v_19->now def_%v_20 %v_19[7.0,] 	 ARGS:
		 2: COPY TYPE_StringLiteral def_%v_21 
		 3: ATTRASSIGN %v_20->[] %v_21[7.2,] 
		 4: 
BB 8
	outgoing: 9 
	datadep: 
	instructions:
		 0: COPY TYPE_Nil def_%v_21 
BB 9
	outgoing: 11 
	datadep: 
	instructions:
		 0: 
		 1: %self->ruby_code_from_view def_%v_22 %self[2.0,] 	 ARGS:
		 2: %v_22->ruby_code_from_view def_%v_23 %v_22[9.1,] %self[9.1,2.0,] 	 ARGS:%v_22,
CLOSURE BEGIN: %self[9.1,2.0,] 
BB 1
	outgoing: 6 2 
	datadep: 
	instructions:
BB 2
	outgoing: 3 
	datadep: 
	instructions:
		 0: def_%self 
		 1: def_%cl_1_0 
		 2: RECEIVEARG def_rb_from_view 
		 3: COPY TYPE_CurrentScope def_%current_scope 
		 4: COPY TYPE_ScopeModule def_%current_module 
BB 3
	outgoing: 4 6 
	datadep: 
	instructions:
		 0: 
		 1: COPY TYPE_StringLiteral def_%cl_1_3 
		 2: %self->h1 def_%cl_1_4 %self[2.0,] %cl_1_3[3.1,] 	 ARGS:%cl_1_3,
		 3: 
		 4: %self->preview def_%cl_1_5 %self[3.2,2.0,] 	 ARGS:
		 5: %self->article_for def_%cl_1_6 %self[3.2,3.4,2.0,] %cl_1_5[3.4,] %self[3.2,3.4,2.0,] 	 ARGS:%cl_1_5,%self,
CLOSURE BEGIN: %self[3.2,3.4,2.0,] c[] 
BB 1
	outgoing: 6 2 
	datadep: 
	instructions:
BB 2
	outgoing: 3 
	datadep: 
	instructions:
		 0: def_%self 
		 1: def_%cl_2_0 
		 2: RECEIVEARG def_c 
		 3: COPY TYPE_CurrentScope def_%current_scope 
		 4: COPY TYPE_ScopeModule def_%current_module 
BB 3
	outgoing: 4 6 
	datadep: 
	instructions:
		 0: 
		 1: COPY TYPE_StringLiteral def_%cl_2_3 
		 2: COPY TYPE_StringLiteral def_%cl_2_4 
		 3: COPY TYPE_StringLiteral def_%cl_2_5 
		 4: HASH-class- def_%cl_2_6 %cl_2_5[3.3,] 
		 5: %self->link_to def_%cl_2_7 %self[2.0,] %cl_2_3[3.1,] %cl_2_4[3.2,] %cl_2_6[3.4,] 	 ARGS:%cl_2_3,%cl_2_4,%cl_2_6,
		 6: COPY TYPE_StringLiteral def_%cl_2_8 
		 7: %self->preview def_%cl_2_9 %self[3.5,2.0,] 	 ARGS:
		 8: %cl_2_9->title def_%cl_2_10 %cl_2_9[3.7,] 	 ARGS:
		 9: %self->spellcheck def_%cl_2_11 %self[3.5,3.7,2.0,] %cl_2_10[3.8,] 	 ARGS:%cl_2_10,
		 10: COPY TYPE_StringLiteral def_%cl_2_12 
		 11: %self->link_to def_%cl_2_13 %self[3.5,3.7,3.9,2.0,] %cl_2_11[3.9,] %cl_2_12[3.10,] 	 ARGS:%cl_2_11,%cl_2_12,
		 12: BUILDSTRING def_%cl_2_14 %cl_2_7[3.5,] %cl_2_8[3.6,] %cl_2_13[3.11,] 
		 13: %cl_2_14->html_safe def_%cl_2_15 %cl_2_14[3.12,] 	 ARGS:
		 14: ATTRASSIGN c->title %cl_2_15[3.13,] 
		 15: 
		 16: %self->preview def_%cl_2_16 %self[3.5,3.7,3.9,3.11,2.0,] 	 ARGS:
		 17: %cl_2_16->node def_%cl_2_17 %cl_2_16[3.16,] 	 ARGS:
		 18: %cl_2_17->user def_%cl_2_18 %cl_2_17[3.17,] 	 ARGS:
		 19: %self->avatar_img def_%cl_2_19 %self[3.5,3.7,3.9,3.11,3.16,2.0,] %cl_2_18[3.18,] 	 ARGS:%cl_2_18,
		 20: ATTRASSIGN c->image %cl_2_19[3.19,] 
		 21: 
		 22: %self->preview def_%cl_2_20 %self[3.5,3.7,3.9,3.11,3.16,3.19,2.0,] 	 ARGS:
		 23: %cl_2_20->body def_%cl_2_21 %cl_2_20[3.22,] 	 ARGS:
		 24: %self->spellcheck def_%cl_2_22 %self[3.5,3.7,3.9,3.11,3.16,3.19,3.22,2.0,] %cl_2_21[3.23,] 	 ARGS:%cl_2_21,
		 25: ATTRASSIGN c->body %cl_2_22[3.24,] 
		 26: RETURN %cl_2_22[3.24,] %self[3.5,3.7,3.9,3.11,3.16,3.19,3.22,3.24,2.0,] 
BB 4
	outgoing: 6 
	datadep: 
	instructions:
		 0: def_%cl_2_23 
		 1: def_%cl_2_24 %cl_2_23[4.0,] 
		 2: RETURN %cl_2_24[4.1,] %self[2.0,] 
BB 6
	outgoing: 
	datadep: 
	instructions:
CLOSURE END
		 6: 
		 7: GETFIELD %self->diary def_%cl_1_7 %self[3.2,3.4,3.5,2.0,] 
		 8: %cl_1_7->owner def_%cl_1_8 %cl_1_7[3.7,] 	 ARGS:
		 9: GETFIELD %self->diary def_%cl_1_9 %self[3.2,3.4,3.5,2.0,] 
		 10: COPY TYPE_Array def_%cl_1_10 %cl_1_8[3.8,] %cl_1_9[3.9,] 
		 11: %self->form_for def_%cl_1_11 %self[3.2,3.4,3.5,2.0,] %cl_1_10[3.10,] %self[3.2,3.4,3.5,2.0,] 	 ARGS:%cl_1_10,%self,
CLOSURE BEGIN: %self[3.2,3.4,3.5,2.0,] form[] 
BB 1
	outgoing: 6 2 
	datadep: 
	instructions:
BB 2
	outgoing: 3 
	datadep: 
	instructions:
		 0: def_%self 
		 1: def_%cl_3_0 
		 2: RECEIVEARG def_form 
		 3: COPY TYPE_CurrentScope def_%current_scope 
		 4: COPY TYPE_ScopeModule def_%current_module 
BB 3
	outgoing: 4 6 
	datadep: 
	instructions:
		 0: 
		 1: %self->render def_%cl_3_3 %self[2.0,] form[2.2,] 	 ARGS:form,
		 2: RETURN %cl_3_3[3.1,] %self[3.1,2.0,] 
BB 4
	outgoing: 6 
	datadep: 
	instructions:
		 0: def_%cl_3_4 
		 1: def_%cl_3_5 %cl_3_4[4.0,] 
		 2: RETURN %cl_3_5[4.1,] %self[2.0,] 
BB 6
	outgoing: 
	datadep: 
	instructions:
CLOSURE END
		 12: 
		 13: (Post) def_%cl_1_12 
		 14: %cl_1_12->new def_%cl_1_13 %cl_1_12[3.13,] 	 ARGS:
		 15: GETFIELD %self->diary def_%cl_1_14 %self[3.2,3.4,3.5,3.11,2.0,] 
		 16: %cl_1_14->owner def_%cl_1_15 %cl_1_14[3.15,] 	 ARGS:
		 17: GETFIELD %self->diary def_%cl_1_16 %self[3.2,3.4,3.5,3.11,2.0,] 
		 18: HASH-user_id-id- def_%cl_1_17 %cl_1_15[3.16,] %cl_1_16[3.17,] 
		 19: %self->move_user_diary_path def_%cl_1_18 %self[3.2,3.4,3.5,3.11,2.0,] %cl_1_17[3.18,] 	 ARGS:%cl_1_17,
		 20: HASH-url- def_%cl_1_19 %cl_1_18[3.19,] 
		 21: %self->form_for def_%cl_1_20 %self[3.2,3.4,3.5,3.11,3.19,2.0,] %cl_1_13[3.14,] %cl_1_19[3.20,] %self[3.2,3.4,3.5,3.11,3.19,2.0,] 	 ARGS:%cl_1_13,%cl_1_19,%self,
CLOSURE BEGIN: form[] %self[3.2,3.4,3.5,3.11,3.19,2.0,] 
BB 1
	outgoing: 6 2 
	datadep: 
	instructions:
BB 2
	outgoing: 3 
	datadep: 
	instructions:
		 0: def_%self 
		 1: def_%cl_4_0 
		 2: RECEIVEARG def_form 
		 3: COPY TYPE_CurrentScope def_%current_scope 
		 4: COPY TYPE_ScopeModule def_%current_module 
BB 3
	outgoing: 4 6 
	datadep: 
	instructions:
		 0: 
		 1: COPY TYPE_StringLiteral def_%cl_4_3 
		 2: form->label def_%cl_4_4 form[2.2,] %cl_4_3[3.1,] 	 ARGS:Symbol,%cl_4_3,
		 3: 
		 4: %self->forums_select_list def_%cl_4_5 %self[2.0,] 	 ARGS:
		 5: HASH-include_blank- def_%cl_4_6 
		 6: COPY TYPE_StringLiteral def_%cl_4_7 
		 7: HASH-required- def_%cl_4_8 %cl_4_7[3.6,] 
		 8: form->select def_%cl_4_9 form[3.2,2.2,] %cl_4_5[3.4,] %cl_4_6[3.5,] %cl_4_8[3.7,] 	 ARGS:Symbol,%cl_4_5,%cl_4_6,%cl_4_8,
		 9: 
		 10: COPY TYPE_StringLiteral def_%cl_4_10 
		 11: COPY TYPE_StringLiteral def_%cl_4_11 
		 12: HASH-confirm- def_%cl_4_12 %cl_4_11[3.11,] 
		 13: HASH-data- def_%cl_4_13 %cl_4_12[3.12,] 
		 14: form->submit def_%cl_4_14 form[3.2,3.8,2.2,] %cl_4_10[3.10,] %cl_4_13[3.13,] 	 ARGS:%cl_4_10,%cl_4_13,
		 15: RETURN %cl_4_14[3.14,] %self[3.4,2.0,] 
BB 4
	outgoing: 6 
	datadep: 
	instructions:
		 0: def_%cl_4_15 
		 1: def_%cl_4_16 %cl_4_15[4.0,] 
		 2: RETURN %cl_4_16[4.1,] %self[2.0,] 
BB 6
	outgoing: 
	datadep: 
	instructions:
CLOSURE END
		 22: 
		 23: COPY TYPE_StringLiteral def_%cl_1_21 
		 24: GETFIELD %self->diary def_%cl_1_22 %self[3.2,3.4,3.5,3.11,3.19,3.21,2.0,] 
		 25: %cl_1_22->owner def_%cl_1_23 %cl_1_22[3.24,] 	 ARGS:
		 26: GETFIELD %self->diary def_%cl_1_24 %self[3.2,3.4,3.5,3.11,3.19,3.21,2.0,] 
		 27: HASH-user_id-id- def_%cl_1_25 %cl_1_23[3.25,] %cl_1_24[3.26,] 
		 28: %self->convert_user_diary_path def_%cl_1_26 %self[3.2,3.4,3.5,3.11,3.19,3.21,2.0,] %cl_1_25[3.27,] 	 ARGS:%cl_1_25,
		 29: COPY TYPE_StringLiteral def_%cl_1_27 
		 30: HASH-class- def_%cl_1_28 %cl_1_27[3.29,] 
		 31: %self->button_to def_%cl_1_29 %self[3.2,3.4,3.5,3.11,3.19,3.21,3.28,2.0,] %cl_1_21[3.23,] %cl_1_26[3.28,] %cl_1_28[3.30,] 	 ARGS:%cl_1_21,%cl_1_26,%cl_1_28,
		 32: 
		 33: COPY TYPE_StringLiteral def_%cl_1_30 
		 34: GETFIELD %self->diary def_%cl_1_31 %self[3.2,3.4,3.5,3.11,3.19,3.21,3.28,3.31,2.0,] 
		 35: %cl_1_31->owner def_%cl_1_32 %cl_1_31[3.34,] 	 ARGS:
		 36: GETFIELD %self->diary def_%cl_1_33 %self[3.2,3.4,3.5,3.11,3.19,3.21,3.28,3.31,2.0,] 
		 37: COPY TYPE_Array def_%cl_1_34 %cl_1_32[3.35,] %cl_1_33[3.36,] 
		 38: COPY TYPE_StringLiteral def_%cl_1_35 
		 39: HASH-confirm- def_%cl_1_36 %cl_1_35[3.38,] 
		 40: COPY TYPE_StringLiteral def_%cl_1_37 
		 41: HASH-method-data-class- def_%cl_1_38 %cl_1_36[3.39,] %cl_1_37[3.40,] 
		 42: %self->button_to def_%cl_1_39 %self[3.2,3.4,3.5,3.11,3.19,3.21,3.28,3.31,2.0,] %cl_1_30[3.33,] %cl_1_34[3.37,] %cl_1_38[3.41,] 	 ARGS:%cl_1_30,%cl_1_34,%cl_1_38,
		 43: 
		 44: COPY TYPE_StringLiteral def_%cl_1_40 
		 45: COPY TYPE_StringLiteral def_%cl_1_41 
		 46: COPY TYPE_StringLiteral def_%cl_1_42 
		 47: COPY TYPE_StringLiteral def_%cl_1_43 
		 48: HASH-alt-title-class- def_%cl_1_44 %cl_1_41[3.45,] %cl_1_42[3.46,] %cl_1_43[3.47,] 
		 49: %self->image_tag def_%cl_1_45 %self[3.2,3.4,3.5,3.11,3.19,3.21,3.28,3.31,3.42,2.0,] %cl_1_40[3.44,] %cl_1_44[3.48,] 	 ARGS:%cl_1_40,%cl_1_44,
		 50: RETURN %cl_1_45[3.49,] %self[3.2,3.4,3.5,3.11,3.19,3.21,3.28,3.31,3.42,3.49,2.0,] 
BB 4
	outgoing: 6 
	datadep: 
	instructions:
		 0: def_%cl_1_46 
		 1: def_%cl_1_47 %cl_1_46[4.0,] 
		 2: RETURN %cl_1_47[4.1,] %self[2.0,] 
BB 6
	outgoing: 
	datadep: 
	instructions:
CLOSURE END
		 3: RETURN %v_23[9.2,] %self[9.1,2.0,] 
BB 11
	outgoing: 
	datadep: 
	instructions:

SET IRMethod, name = destroy
BB 1
	outgoing: 3 2 
	datadep: 
	instructions:
BB 2
	outgoing: 3 
	datadep: 
	instructions:
		 0: def_%self 
		 1: def_%v_0 
		 2: COPY TYPE_CurrentScope def_%current_scope 
		 3: COPY TYPE_ScopeModule def_%current_module 
		 4: 
		 5: 
		 6: GETFIELD %self->diary def_%v_3 %self[2.0,] 
		 7: %self->enforce_destroy_permission def_%v_4 %self[2.0,] %v_3[2.6,] 	 ARGS:%v_3,
		 8: 
		 9: GETFIELD %self->diary def_%v_5 %self[2.0,2.7,] 
		 10: %v_5->mark_as_deleted def_%v_6 %v_5[2.9,] 	 ARGS:
		 11: 
		 12: %self->diaries_url def_%v_7 %self[2.0,2.7,] 	 ARGS:
		 13: COPY TYPE_StringLiteral def_%v_8 
		 14: HASH-notice- def_%v_9 %v_8[2.13,] 
		 15: %self->redirect_to def_%v_10 %self[2.0,2.7,2.12,] %v_7[2.12,] %v_9[2.14,] 	 ARGS:%v_7,%v_9,
		 16: RETURN %v_10[2.15,] %self[2.0,2.7,2.12,2.15,] 
BB 3
	outgoing: 
	datadep: 
	instructions:

SET IRMethod, name = convert
BB 1
	outgoing: 9 2 
	datadep: 
	instructions:
BB 2
	outgoing: 3 7 
	datadep: 
	instructions:
		 0: def_%self 
		 1: def_%v_0 
		 2: COPY TYPE_CurrentScope def_%current_scope 
		 3: COPY TYPE_ScopeModule def_%current_module 
		 4: 
		 5: 
		 6: GETFIELD %self->diary def_%v_3 %self[2.0,] 
		 7: %self->enforce_update_permission def_%v_4 %self[2.0,] %v_3[2.6,] 	 ARGS:%v_3,
		 8: 
		 9: GETFIELD %self->diary def_%v_5 %self[2.0,2.7,] 
		 10: %v_5->convert def_%v_6 %v_5[2.9,] 	 ARGS:
		 11: ATTRASSIGN %self->news %v_6[2.10,] 
		 12: BRANCH %v_6[2.10,] 
BB 3
	outgoing: 4 5 
	datadep: 
	instructions:
		 0: 
		 1: %self->current_account def_%v_7 %self[2.0,2.11,] 	 ARGS:
		 2: %v_7->amr? def_%v_8 %v_7[3.1,] 	 ARGS:
		 3: BRANCH %v_8[3.2,] 
BB 4
	outgoing: 6 
	datadep: 
	instructions:
		 0: 
		 1: GETFIELD %self->news def_%v_9 %self[2.0,2.11,] 
		 2: COPY TYPE_Array def_%v_10 %v_9[4.1,] 
		 3: %self->redirect_to def_%v_11 %self[2.0,2.11,] %v_10[4.2,] 	 ARGS:%v_10,
		 4: 
BB 5
	outgoing: 6 
	datadep: 
	instructions:
		 0: 
		 1: COPY TYPE_StringLiteral def_%v_12 
		 2: COPY TYPE_StringLiteral def_%v_13 
		 3: HASH-notice- def_%v_14 %v_13[5.2,] 
		 4: %self->redirect_to def_%v_15 %self[2.0,2.11,] %v_12[5.1,] %v_14[5.3,] 	 ARGS:%v_12,%v_14,
		 5: COPY TYPE_PASS def_%v_11 %v_15[5.4,] 
BB 6
	outgoing: 9 
	datadep: 
	instructions:
		 0: RETURN %v_11[5.5,4.3,] %self[2.0,2.11,] 
BB 7
	outgoing: 9 
	datadep: 
	instructions:
		 0: 
		 1: %self->flash def_%v_16 %self[2.0,2.11,] 	 ARGS:
		 2: %v_16->now def_%v_17 %v_16[7.1,] 	 ARGS:
		 3: COPY TYPE_StringLiteral def_%v_18 
		 4: ATTRASSIGN %v_17->[] %v_18[7.3,] 
		 5: 
		 6: %self->ruby_code_from_view def_%v_19 %self[7.1,2.0,2.11,] 	 ARGS:
		 7: %v_19->ruby_code_from_view def_%v_20 %v_19[7.6,] %self[7.1,7.6,2.0,2.11,] 	 ARGS:%v_19,
CLOSURE BEGIN: %self[7.1,7.6,2.0,2.11,] 
BB 1
	outgoing: 6 2 
	datadep: 
	instructions:
BB 2
	outgoing: 3 
	datadep: 
	instructions:
		 0: def_%self 
		 1: def_%cl_1_0 
		 2: RECEIVEARG def_rb_from_view 
		 3: COPY TYPE_CurrentScope def_%current_scope 
		 4: COPY TYPE_ScopeModule def_%current_module 
BB 3
	outgoing: 4 6 
	datadep: 
	instructions:
		 0: 
		 1: COPY TYPE_StringLiteral def_%cl_1_3 
		 2: %self->h1 def_%cl_1_4 %self[2.0,] %cl_1_3[3.1,] 	 ARGS:%cl_1_3,
		 3: 
		 4: %self->preview def_%cl_1_5 %self[3.2,2.0,] 	 ARGS:
		 5: %self->article_for def_%cl_1_6 %self[3.2,3.4,2.0,] %cl_1_5[3.4,] %self[3.2,3.4,2.0,] 	 ARGS:%cl_1_5,%self,
CLOSURE BEGIN: %self[3.2,3.4,2.0,] c[] 
BB 1
	outgoing: 6 2 
	datadep: 
	instructions:
BB 2
	outgoing: 3 
	datadep: 
	instructions:
		 0: def_%self 
		 1: def_%cl_2_0 
		 2: RECEIVEARG def_c 
		 3: COPY TYPE_CurrentScope def_%current_scope 
		 4: COPY TYPE_ScopeModule def_%current_module 
BB 3
	outgoing: 4 6 
	datadep: 
	instructions:
		 0: 
		 1: COPY TYPE_StringLiteral def_%cl_2_3 
		 2: COPY TYPE_StringLiteral def_%cl_2_4 
		 3: COPY TYPE_StringLiteral def_%cl_2_5 
		 4: HASH-class- def_%cl_2_6 %cl_2_5[3.3,] 
		 5: %self->link_to def_%cl_2_7 %self[2.0,] %cl_2_3[3.1,] %cl_2_4[3.2,] %cl_2_6[3.4,] 	 ARGS:%cl_2_3,%cl_2_4,%cl_2_6,
		 6: COPY TYPE_StringLiteral def_%cl_2_8 
		 7: %self->preview def_%cl_2_9 %self[3.5,2.0,] 	 ARGS:
		 8: %cl_2_9->title def_%cl_2_10 %cl_2_9[3.7,] 	 ARGS:
		 9: %self->spellcheck def_%cl_2_11 %self[3.5,3.7,2.0,] %cl_2_10[3.8,] 	 ARGS:%cl_2_10,
		 10: COPY TYPE_StringLiteral def_%cl_2_12 
		 11: %self->link_to def_%cl_2_13 %self[3.5,3.7,3.9,2.0,] %cl_2_11[3.9,] %cl_2_12[3.10,] 	 ARGS:%cl_2_11,%cl_2_12,
		 12: BUILDSTRING def_%cl_2_14 %cl_2_7[3.5,] %cl_2_8[3.6,] %cl_2_13[3.11,] 
		 13: %cl_2_14->html_safe def_%cl_2_15 %cl_2_14[3.12,] 	 ARGS:
		 14: ATTRASSIGN c->title %cl_2_15[3.13,] 
		 15: 
		 16: %self->preview def_%cl_2_16 %self[3.5,3.7,3.9,3.11,2.0,] 	 ARGS:
		 17: %cl_2_16->node def_%cl_2_17 %cl_2_16[3.16,] 	 ARGS:
		 18: %cl_2_17->user def_%cl_2_18 %cl_2_17[3.17,] 	 ARGS:
		 19: %self->avatar_img def_%cl_2_19 %self[3.5,3.7,3.9,3.11,3.16,2.0,] %cl_2_18[3.18,] 	 ARGS:%cl_2_18,
		 20: ATTRASSIGN c->image %cl_2_19[3.19,] 
		 21: 
		 22: %self->preview def_%cl_2_20 %self[3.5,3.7,3.9,3.11,3.16,3.19,2.0,] 	 ARGS:
		 23: %cl_2_20->body def_%cl_2_21 %cl_2_20[3.22,] 	 ARGS:
		 24: %self->spellcheck def_%cl_2_22 %self[3.5,3.7,3.9,3.11,3.16,3.19,3.22,2.0,] %cl_2_21[3.23,] 	 ARGS:%cl_2_21,
		 25: ATTRASSIGN c->body %cl_2_22[3.24,] 
		 26: RETURN %cl_2_22[3.24,] %self[3.5,3.7,3.9,3.11,3.16,3.19,3.22,3.24,2.0,] 
BB 4
	outgoing: 6 
	datadep: 
	instructions:
		 0: def_%cl_2_23 
		 1: def_%cl_2_24 %cl_2_23[4.0,] 
		 2: RETURN %cl_2_24[4.1,] %self[2.0,] 
BB 6
	outgoing: 
	datadep: 
	instructions:
CLOSURE END
		 6: 
		 7: GETFIELD %self->diary def_%cl_1_7 %self[3.2,3.4,3.5,2.0,] 
		 8: %cl_1_7->owner def_%cl_1_8 %cl_1_7[3.7,] 	 ARGS:
		 9: GETFIELD %self->diary def_%cl_1_9 %self[3.2,3.4,3.5,2.0,] 
		 10: COPY TYPE_Array def_%cl_1_10 %cl_1_8[3.8,] %cl_1_9[3.9,] 
		 11: %self->form_for def_%cl_1_11 %self[3.2,3.4,3.5,2.0,] %cl_1_10[3.10,] %self[3.2,3.4,3.5,2.0,] 	 ARGS:%cl_1_10,%self,
CLOSURE BEGIN: %self[3.2,3.4,3.5,2.0,] form[] 
BB 1
	outgoing: 6 2 
	datadep: 
	instructions:
BB 2
	outgoing: 3 
	datadep: 
	instructions:
		 0: def_%self 
		 1: def_%cl_3_0 
		 2: RECEIVEARG def_form 
		 3: COPY TYPE_CurrentScope def_%current_scope 
		 4: COPY TYPE_ScopeModule def_%current_module 
BB 3
	outgoing: 4 6 
	datadep: 
	instructions:
		 0: 
		 1: %self->render def_%cl_3_3 %self[2.0,] form[2.2,] 	 ARGS:form,
		 2: RETURN %cl_3_3[3.1,] %self[3.1,2.0,] 
BB 4
	outgoing: 6 
	datadep: 
	instructions:
		 0: def_%cl_3_4 
		 1: def_%cl_3_5 %cl_3_4[4.0,] 
		 2: RETURN %cl_3_5[4.1,] %self[2.0,] 
BB 6
	outgoing: 
	datadep: 
	instructions:
CLOSURE END
		 12: 
		 13: (Post) def_%cl_1_12 
		 14: %cl_1_12->new def_%cl_1_13 %cl_1_12[3.13,] 	 ARGS:
		 15: GETFIELD %self->diary def_%cl_1_14 %self[3.2,3.4,3.5,3.11,2.0,] 
		 16: %cl_1_14->owner def_%cl_1_15 %cl_1_14[3.15,] 	 ARGS:
		 17: GETFIELD %self->diary def_%cl_1_16 %self[3.2,3.4,3.5,3.11,2.0,] 
		 18: HASH-user_id-id- def_%cl_1_17 %cl_1_15[3.16,] %cl_1_16[3.17,] 
		 19: %self->move_user_diary_path def_%cl_1_18 %self[3.2,3.4,3.5,3.11,2.0,] %cl_1_17[3.18,] 	 ARGS:%cl_1_17,
		 20: HASH-url- def_%cl_1_19 %cl_1_18[3.19,] 
		 21: %self->form_for def_%cl_1_20 %self[3.2,3.4,3.5,3.11,3.19,2.0,] %cl_1_13[3.14,] %cl_1_19[3.20,] %self[3.2,3.4,3.5,3.11,3.19,2.0,] 	 ARGS:%cl_1_13,%cl_1_19,%self,
CLOSURE BEGIN: form[] %self[3.2,3.4,3.5,3.11,3.19,2.0,] 
BB 1
	outgoing: 6 2 
	datadep: 
	instructions:
BB 2
	outgoing: 3 
	datadep: 
	instructions:
		 0: def_%self 
		 1: def_%cl_4_0 
		 2: RECEIVEARG def_form 
		 3: COPY TYPE_CurrentScope def_%current_scope 
		 4: COPY TYPE_ScopeModule def_%current_module 
BB 3
	outgoing: 4 6 
	datadep: 
	instructions:
		 0: 
		 1: COPY TYPE_StringLiteral def_%cl_4_3 
		 2: form->label def_%cl_4_4 form[2.2,] %cl_4_3[3.1,] 	 ARGS:Symbol,%cl_4_3,
		 3: 
		 4: %self->forums_select_list def_%cl_4_5 %self[2.0,] 	 ARGS:
		 5: HASH-include_blank- def_%cl_4_6 
		 6: COPY TYPE_StringLiteral def_%cl_4_7 
		 7: HASH-required- def_%cl_4_8 %cl_4_7[3.6,] 
		 8: form->select def_%cl_4_9 form[3.2,2.2,] %cl_4_5[3.4,] %cl_4_6[3.5,] %cl_4_8[3.7,] 	 ARGS:Symbol,%cl_4_5,%cl_4_6,%cl_4_8,
		 9: 
		 10: COPY TYPE_StringLiteral def_%cl_4_10 
		 11: COPY TYPE_StringLiteral def_%cl_4_11 
		 12: HASH-confirm- def_%cl_4_12 %cl_4_11[3.11,] 
		 13: HASH-data- def_%cl_4_13 %cl_4_12[3.12,] 
		 14: form->submit def_%cl_4_14 form[3.2,3.8,2.2,] %cl_4_10[3.10,] %cl_4_13[3.13,] 	 ARGS:%cl_4_10,%cl_4_13,
		 15: RETURN %cl_4_14[3.14,] %self[3.4,2.0,] 
BB 4
	outgoing: 6 
	datadep: 
	instructions:
		 0: def_%cl_4_15 
		 1: def_%cl_4_16 %cl_4_15[4.0,] 
		 2: RETURN %cl_4_16[4.1,] %self[2.0,] 
BB 6
	outgoing: 
	datadep: 
	instructions:
CLOSURE END
		 22: 
		 23: COPY TYPE_StringLiteral def_%cl_1_21 
		 24: GETFIELD %self->diary def_%cl_1_22 %self[3.2,3.4,3.5,3.11,3.19,3.21,2.0,] 
		 25: %cl_1_22->owner def_%cl_1_23 %cl_1_22[3.24,] 	 ARGS:
		 26: GETFIELD %self->diary def_%cl_1_24 %self[3.2,3.4,3.5,3.11,3.19,3.21,2.0,] 
		 27: HASH-user_id-id- def_%cl_1_25 %cl_1_23[3.25,] %cl_1_24[3.26,] 
		 28: %self->convert_user_diary_path def_%cl_1_26 %self[3.2,3.4,3.5,3.11,3.19,3.21,2.0,] %cl_1_25[3.27,] 	 ARGS:%cl_1_25,
		 29: COPY TYPE_StringLiteral def_%cl_1_27 
		 30: HASH-class- def_%cl_1_28 %cl_1_27[3.29,] 
		 31: %self->button_to def_%cl_1_29 %self[3.2,3.4,3.5,3.11,3.19,3.21,3.28,2.0,] %cl_1_21[3.23,] %cl_1_26[3.28,] %cl_1_28[3.30,] 	 ARGS:%cl_1_21,%cl_1_26,%cl_1_28,
		 32: 
		 33: COPY TYPE_StringLiteral def_%cl_1_30 
		 34: GETFIELD %self->diary def_%cl_1_31 %self[3.2,3.4,3.5,3.11,3.19,3.21,3.28,3.31,2.0,] 
		 35: %cl_1_31->owner def_%cl_1_32 %cl_1_31[3.34,] 	 ARGS:
		 36: GETFIELD %self->diary def_%cl_1_33 %self[3.2,3.4,3.5,3.11,3.19,3.21,3.28,3.31,2.0,] 
		 37: COPY TYPE_Array def_%cl_1_34 %cl_1_32[3.35,] %cl_1_33[3.36,] 
		 38: COPY TYPE_StringLiteral def_%cl_1_35 
		 39: HASH-confirm- def_%cl_1_36 %cl_1_35[3.38,] 
		 40: COPY TYPE_StringLiteral def_%cl_1_37 
		 41: HASH-method-data-class- def_%cl_1_38 %cl_1_36[3.39,] %cl_1_37[3.40,] 
		 42: %self->button_to def_%cl_1_39 %self[3.2,3.4,3.5,3.11,3.19,3.21,3.28,3.31,2.0,] %cl_1_30[3.33,] %cl_1_34[3.37,] %cl_1_38[3.41,] 	 ARGS:%cl_1_30,%cl_1_34,%cl_1_38,
		 43: 
		 44: COPY TYPE_StringLiteral def_%cl_1_40 
		 45: COPY TYPE_StringLiteral def_%cl_1_41 
		 46: COPY TYPE_StringLiteral def_%cl_1_42 
		 47: COPY TYPE_StringLiteral def_%cl_1_43 
		 48: HASH-alt-title-class- def_%cl_1_44 %cl_1_41[3.45,] %cl_1_42[3.46,] %cl_1_43[3.47,] 
		 49: %self->image_tag def_%cl_1_45 %self[3.2,3.4,3.5,3.11,3.19,3.21,3.28,3.31,3.42,2.0,] %cl_1_40[3.44,] %cl_1_44[3.48,] 	 ARGS:%cl_1_40,%cl_1_44,
		 50: RETURN %cl_1_45[3.49,] %self[3.2,3.4,3.5,3.11,3.19,3.21,3.28,3.31,3.42,3.49,2.0,] 
BB 4
	outgoing: 6 
	datadep: 
	instructions:
		 0: def_%cl_1_46 
		 1: def_%cl_1_47 %cl_1_46[4.0,] 
		 2: RETURN %cl_1_47[4.1,] %self[2.0,] 
BB 6
	outgoing: 
	datadep: 
	instructions:
CLOSURE END
		 8: RETURN %v_20[7.7,] %self[7.1,7.6,2.0,2.11,] 
BB 9
	outgoing: 
	datadep: 
	instructions:

SET IRMethod, name = move
BB 1
	outgoing: 6 2 
	datadep: 
	instructions:
BB 2
	outgoing: 3 4 
	datadep: 
	instructions:
		 0: def_%self 
		 1: def_%v_0 
		 2: COPY TYPE_CurrentScope def_%current_scope 
		 3: COPY TYPE_ScopeModule def_%current_module 
		 4: 
		 5: 
		 6: GETFIELD %self->diary def_%v_3 %self[2.0,] 
		 7: %self->enforce_destroy_permission def_%v_4 %self[2.0,] %v_3[2.6,] 	 ARGS:%v_3,
		 8: 
		 9: GETFIELD %self->diary def_%v_5 %self[2.0,2.7,] 
		 10: %self->params def_%v_6 %self[2.0,2.7,] 	 ARGS:
		 11: %v_6->require def_%v_7 %v_6[2.10,] 	 ARGS:Symbol,
		 12: %v_7->permit def_%v_8 %v_7[2.11,] 	 ARGS:Symbol,
		 13: %v_5->move_to_forum def_%v_9 %v_5[2.9,] %v_8[2.12,] 	 ARGS:%v_8,
		 14: BRANCH %v_9[2.13,] 
BB 3
	outgoing: 6 
	datadep: 
	instructions:
		 0: 
		 1: %self->diaries_url def_%v_10 %self[2.0,] 	 ARGS:
		 2: COPY TYPE_StringLiteral def_%v_11 
		 3: HASH-notice- def_%v_12 %v_11[3.2,] 
		 4: %self->redirect_to def_%v_13 %self[3.1,2.0,] %v_10[3.1,] %v_12[3.3,] 	 ARGS:%v_10,%v_12,
		 5: RETURN %v_13[3.4,] %self[3.1,3.4,2.0,] 
BB 4
	outgoing: 6 
	datadep: 
	instructions:
		 0: 
		 1: %self->flash def_%v_14 %self[2.0,] 	 ARGS:
		 2: %v_14->now def_%v_15 %v_14[4.1,] 	 ARGS:
		 3: COPY TYPE_StringLiteral def_%v_16 
		 4: ATTRASSIGN %v_15->[] %v_16[4.3,] 
		 5: 
		 6: %self->ruby_code_from_view def_%v_17 %self[4.1,2.0,] 	 ARGS:
		 7: %v_17->ruby_code_from_view def_%v_18 %v_17[4.6,] %self[4.1,4.6,2.0,] 	 ARGS:%v_17,
CLOSURE BEGIN: %self[4.1,4.6,2.0,] 
BB 1
	outgoing: 6 2 
	datadep: 
	instructions:
BB 2
	outgoing: 3 
	datadep: 
	instructions:
		 0: def_%self 
		 1: def_%cl_1_0 
		 2: RECEIVEARG def_rb_from_view 
		 3: COPY TYPE_CurrentScope def_%current_scope 
		 4: COPY TYPE_ScopeModule def_%current_module 
BB 3
	outgoing: 4 6 
	datadep: 
	instructions:
		 0: 
		 1: COPY TYPE_StringLiteral def_%cl_1_3 
		 2: %self->h1 def_%cl_1_4 %self[2.0,] %cl_1_3[3.1,] 	 ARGS:%cl_1_3,
		 3: 
		 4: %self->preview def_%cl_1_5 %self[3.2,2.0,] 	 ARGS:
		 5: %self->article_for def_%cl_1_6 %self[3.2,3.4,2.0,] %cl_1_5[3.4,] %self[3.2,3.4,2.0,] 	 ARGS:%cl_1_5,%self,
CLOSURE BEGIN: %self[3.2,3.4,2.0,] c[] 
BB 1
	outgoing: 6 2 
	datadep: 
	instructions:
BB 2
	outgoing: 3 
	datadep: 
	instructions:
		 0: def_%self 
		 1: def_%cl_2_0 
		 2: RECEIVEARG def_c 
		 3: COPY TYPE_CurrentScope def_%current_scope 
		 4: COPY TYPE_ScopeModule def_%current_module 
BB 3
	outgoing: 4 6 
	datadep: 
	instructions:
		 0: 
		 1: COPY TYPE_StringLiteral def_%cl_2_3 
		 2: COPY TYPE_StringLiteral def_%cl_2_4 
		 3: COPY TYPE_StringLiteral def_%cl_2_5 
		 4: HASH-class- def_%cl_2_6 %cl_2_5[3.3,] 
		 5: %self->link_to def_%cl_2_7 %self[2.0,] %cl_2_3[3.1,] %cl_2_4[3.2,] %cl_2_6[3.4,] 	 ARGS:%cl_2_3,%cl_2_4,%cl_2_6,
		 6: COPY TYPE_StringLiteral def_%cl_2_8 
		 7: %self->preview def_%cl_2_9 %self[3.5,2.0,] 	 ARGS:
		 8: %cl_2_9->title def_%cl_2_10 %cl_2_9[3.7,] 	 ARGS:
		 9: %self->spellcheck def_%cl_2_11 %self[3.5,3.7,2.0,] %cl_2_10[3.8,] 	 ARGS:%cl_2_10,
		 10: COPY TYPE_StringLiteral def_%cl_2_12 
		 11: %self->link_to def_%cl_2_13 %self[3.5,3.7,3.9,2.0,] %cl_2_11[3.9,] %cl_2_12[3.10,] 	 ARGS:%cl_2_11,%cl_2_12,
		 12: BUILDSTRING def_%cl_2_14 %cl_2_7[3.5,] %cl_2_8[3.6,] %cl_2_13[3.11,] 
		 13: %cl_2_14->html_safe def_%cl_2_15 %cl_2_14[3.12,] 	 ARGS:
		 14: ATTRASSIGN c->title %cl_2_15[3.13,] 
		 15: 
		 16: %self->preview def_%cl_2_16 %self[3.5,3.7,3.9,3.11,2.0,] 	 ARGS:
		 17: %cl_2_16->node def_%cl_2_17 %cl_2_16[3.16,] 	 ARGS:
		 18: %cl_2_17->user def_%cl_2_18 %cl_2_17[3.17,] 	 ARGS:
		 19: %self->avatar_img def_%cl_2_19 %self[3.5,3.7,3.9,3.11,3.16,2.0,] %cl_2_18[3.18,] 	 ARGS:%cl_2_18,
		 20: ATTRASSIGN c->image %cl_2_19[3.19,] 
		 21: 
		 22: %self->preview def_%cl_2_20 %self[3.5,3.7,3.9,3.11,3.16,3.19,2.0,] 	 ARGS:
		 23: %cl_2_20->body def_%cl_2_21 %cl_2_20[3.22,] 	 ARGS:
		 24: %self->spellcheck def_%cl_2_22 %self[3.5,3.7,3.9,3.11,3.16,3.19,3.22,2.0,] %cl_2_21[3.23,] 	 ARGS:%cl_2_21,
		 25: ATTRASSIGN c->body %cl_2_22[3.24,] 
		 26: RETURN %cl_2_22[3.24,] %self[3.5,3.7,3.9,3.11,3.16,3.19,3.22,3.24,2.0,] 
BB 4
	outgoing: 6 
	datadep: 
	instructions:
		 0: def_%cl_2_23 
		 1: def_%cl_2_24 %cl_2_23[4.0,] 
		 2: RETURN %cl_2_24[4.1,] %self[2.0,] 
BB 6
	outgoing: 
	datadep: 
	instructions:
CLOSURE END
		 6: 
		 7: GETFIELD %self->diary def_%cl_1_7 %self[3.2,3.4,3.5,2.0,] 
		 8: %cl_1_7->owner def_%cl_1_8 %cl_1_7[3.7,] 	 ARGS:
		 9: GETFIELD %self->diary def_%cl_1_9 %self[3.2,3.4,3.5,2.0,] 
		 10: COPY TYPE_Array def_%cl_1_10 %cl_1_8[3.8,] %cl_1_9[3.9,] 
		 11: %self->form_for def_%cl_1_11 %self[3.2,3.4,3.5,2.0,] %cl_1_10[3.10,] %self[3.2,3.4,3.5,2.0,] 	 ARGS:%cl_1_10,%self,
CLOSURE BEGIN: %self[3.2,3.4,3.5,2.0,] form[] 
BB 1
	outgoing: 6 2 
	datadep: 
	instructions:
BB 2
	outgoing: 3 
	datadep: 
	instructions:
		 0: def_%self 
		 1: def_%cl_3_0 
		 2: RECEIVEARG def_form 
		 3: COPY TYPE_CurrentScope def_%current_scope 
		 4: COPY TYPE_ScopeModule def_%current_module 
BB 3
	outgoing: 4 6 
	datadep: 
	instructions:
		 0: 
		 1: %self->render def_%cl_3_3 %self[2.0,] form[2.2,] 	 ARGS:form,
		 2: RETURN %cl_3_3[3.1,] %self[3.1,2.0,] 
BB 4
	outgoing: 6 
	datadep: 
	instructions:
		 0: def_%cl_3_4 
		 1: def_%cl_3_5 %cl_3_4[4.0,] 
		 2: RETURN %cl_3_5[4.1,] %self[2.0,] 
BB 6
	outgoing: 
	datadep: 
	instructions:
CLOSURE END
		 12: 
		 13: (Post) def_%cl_1_12 
		 14: %cl_1_12->new def_%cl_1_13 %cl_1_12[3.13,] 	 ARGS:
		 15: GETFIELD %self->diary def_%cl_1_14 %self[3.2,3.4,3.5,3.11,2.0,] 
		 16: %cl_1_14->owner def_%cl_1_15 %cl_1_14[3.15,] 	 ARGS:
		 17: GETFIELD %self->diary def_%cl_1_16 %self[3.2,3.4,3.5,3.11,2.0,] 
		 18: HASH-user_id-id- def_%cl_1_17 %cl_1_15[3.16,] %cl_1_16[3.17,] 
		 19: %self->move_user_diary_path def_%cl_1_18 %self[3.2,3.4,3.5,3.11,2.0,] %cl_1_17[3.18,] 	 ARGS:%cl_1_17,
		 20: HASH-url- def_%cl_1_19 %cl_1_18[3.19,] 
		 21: %self->form_for def_%cl_1_20 %self[3.2,3.4,3.5,3.11,3.19,2.0,] %cl_1_13[3.14,] %cl_1_19[3.20,] %self[3.2,3.4,3.5,3.11,3.19,2.0,] 	 ARGS:%cl_1_13,%cl_1_19,%self,
CLOSURE BEGIN: form[] %self[3.2,3.4,3.5,3.11,3.19,2.0,] 
BB 1
	outgoing: 6 2 
	datadep: 
	instructions:
BB 2
	outgoing: 3 
	datadep: 
	instructions:
		 0: def_%self 
		 1: def_%cl_4_0 
		 2: RECEIVEARG def_form 
		 3: COPY TYPE_CurrentScope def_%current_scope 
		 4: COPY TYPE_ScopeModule def_%current_module 
BB 3
	outgoing: 4 6 
	datadep: 
	instructions:
		 0: 
		 1: COPY TYPE_StringLiteral def_%cl_4_3 
		 2: form->label def_%cl_4_4 form[2.2,] %cl_4_3[3.1,] 	 ARGS:Symbol,%cl_4_3,
		 3: 
		 4: %self->forums_select_list def_%cl_4_5 %self[2.0,] 	 ARGS:
		 5: HASH-include_blank- def_%cl_4_6 
		 6: COPY TYPE_StringLiteral def_%cl_4_7 
		 7: HASH-required- def_%cl_4_8 %cl_4_7[3.6,] 
		 8: form->select def_%cl_4_9 form[3.2,2.2,] %cl_4_5[3.4,] %cl_4_6[3.5,] %cl_4_8[3.7,] 	 ARGS:Symbol,%cl_4_5,%cl_4_6,%cl_4_8,
		 9: 
		 10: COPY TYPE_StringLiteral def_%cl_4_10 
		 11: COPY TYPE_StringLiteral def_%cl_4_11 
		 12: HASH-confirm- def_%cl_4_12 %cl_4_11[3.11,] 
		 13: HASH-data- def_%cl_4_13 %cl_4_12[3.12,] 
		 14: form->submit def_%cl_4_14 form[3.2,3.8,2.2,] %cl_4_10[3.10,] %cl_4_13[3.13,] 	 ARGS:%cl_4_10,%cl_4_13,
		 15: RETURN %cl_4_14[3.14,] %self[3.4,2.0,] 
BB 4
	outgoing: 6 
	datadep: 
	instructions:
		 0: def_%cl_4_15 
		 1: def_%cl_4_16 %cl_4_15[4.0,] 
		 2: RETURN %cl_4_16[4.1,] %self[2.0,] 
BB 6
	outgoing: 
	datadep: 
	instructions:
CLOSURE END
		 22: 
		 23: COPY TYPE_StringLiteral def_%cl_1_21 
		 24: GETFIELD %self->diary def_%cl_1_22 %self[3.2,3.4,3.5,3.11,3.19,3.21,2.0,] 
		 25: %cl_1_22->owner def_%cl_1_23 %cl_1_22[3.24,] 	 ARGS:
		 26: GETFIELD %self->diary def_%cl_1_24 %self[3.2,3.4,3.5,3.11,3.19,3.21,2.0,] 
		 27: HASH-user_id-id- def_%cl_1_25 %cl_1_23[3.25,] %cl_1_24[3.26,] 
		 28: %self->convert_user_diary_path def_%cl_1_26 %self[3.2,3.4,3.5,3.11,3.19,3.21,2.0,] %cl_1_25[3.27,] 	 ARGS:%cl_1_25,
		 29: COPY TYPE_StringLiteral def_%cl_1_27 
		 30: HASH-class- def_%cl_1_28 %cl_1_27[3.29,] 
		 31: %self->button_to def_%cl_1_29 %self[3.2,3.4,3.5,3.11,3.19,3.21,3.28,2.0,] %cl_1_21[3.23,] %cl_1_26[3.28,] %cl_1_28[3.30,] 	 ARGS:%cl_1_21,%cl_1_26,%cl_1_28,
		 32: 
		 33: COPY TYPE_StringLiteral def_%cl_1_30 
		 34: GETFIELD %self->diary def_%cl_1_31 %self[3.2,3.4,3.5,3.11,3.19,3.21,3.28,3.31,2.0,] 
		 35: %cl_1_31->owner def_%cl_1_32 %cl_1_31[3.34,] 	 ARGS:
		 36: GETFIELD %self->diary def_%cl_1_33 %self[3.2,3.4,3.5,3.11,3.19,3.21,3.28,3.31,2.0,] 
		 37: COPY TYPE_Array def_%cl_1_34 %cl_1_32[3.35,] %cl_1_33[3.36,] 
		 38: COPY TYPE_StringLiteral def_%cl_1_35 
		 39: HASH-confirm- def_%cl_1_36 %cl_1_35[3.38,] 
		 40: COPY TYPE_StringLiteral def_%cl_1_37 
		 41: HASH-method-data-class- def_%cl_1_38 %cl_1_36[3.39,] %cl_1_37[3.40,] 
		 42: %self->button_to def_%cl_1_39 %self[3.2,3.4,3.5,3.11,3.19,3.21,3.28,3.31,2.0,] %cl_1_30[3.33,] %cl_1_34[3.37,] %cl_1_38[3.41,] 	 ARGS:%cl_1_30,%cl_1_34,%cl_1_38,
		 43: 
		 44: COPY TYPE_StringLiteral def_%cl_1_40 
		 45: COPY TYPE_StringLiteral def_%cl_1_41 
		 46: COPY TYPE_StringLiteral def_%cl_1_42 
		 47: COPY TYPE_StringLiteral def_%cl_1_43 
		 48: HASH-alt-title-class- def_%cl_1_44 %cl_1_41[3.45,] %cl_1_42[3.46,] %cl_1_43[3.47,] 
		 49: %self->image_tag def_%cl_1_45 %self[3.2,3.4,3.5,3.11,3.19,3.21,3.28,3.31,3.42,2.0,] %cl_1_40[3.44,] %cl_1_44[3.48,] 	 ARGS:%cl_1_40,%cl_1_44,
		 50: RETURN %cl_1_45[3.49,] %self[3.2,3.4,3.5,3.11,3.19,3.21,3.28,3.31,3.42,3.49,2.0,] 
BB 4
	outgoing: 6 
	datadep: 
	instructions:
		 0: def_%cl_1_46 
		 1: def_%cl_1_47 %cl_1_46[4.0,] 
		 2: RETURN %cl_1_47[4.1,] %self[2.0,] 
BB 6
	outgoing: 
	datadep: 
	instructions:
CLOSURE END
		 8: RETURN %v_18[4.7,] %self[4.1,4.6,2.0,] 
BB 6
	outgoing: 
	datadep: 
	instructions:

SET IRMethod, name = diary_params
BB 1
	outgoing: 3 2 
	datadep: 
	instructions:
BB 2
	outgoing: 3 
	datadep: 
	instructions:
		 0: def_%self 
		 1: def_%v_0 
		 2: COPY TYPE_CurrentScope def_%current_scope 
		 3: COPY TYPE_ScopeModule def_%current_module 
		 4: 
		 5: 
		 6: %self->params def_%v_3 %self[2.0,] 	 ARGS:
		 7: %v_3->require def_%v_4 %v_3[2.6,] 	 ARGS:Symbol,
		 8: %v_4->permit def_%v_5 %v_4[2.7,] 	 ARGS:Symbol,Symbol,Symbol,
		 9: RETURN %v_5[2.8,] %self[2.0,2.6,] 
BB 3
	outgoing: 
	datadep: 
	instructions:

SET IRMethod, name = find_diary
BB 1
	outgoing: 14 2 
	datadep: 
	instructions:
BB 2
	outgoing: 4 
	datadep: 
	instructions:
		 0: def_%self 
		 1: def_%v_0 
		 2: COPY TYPE_CurrentScope def_%current_scope 
		 3: COPY TYPE_ScopeModule def_%current_module 
		 4: 
		 5: def_%v_3 
BB 4
	outgoing: 5 6 
	datadep: 
	instructions:
		 0: 
		 1: 
		 2: (User) def_%v_6 
		 3: %self->params def_%v_7 %self[2.0,] 	 ARGS:
		 4: %v_7->[] def_%v_8 %v_7[4.3,] 	 ARGS:Symbol,
		 5: %v_6->find def_%v_9 %v_6[4.2,] %v_8[4.4,] 	 ARGS:%v_8,
		 6: ATTRASSIGN %self->user %v_9[4.5,] 
		 7: 
		 8: GETFIELD %self->user def_%v_10 %self[4.3,4.6,2.0,] 
		 9: %v_10->diaries def_%v_11 %v_10[4.8,] 	 ARGS:
		 10: %self->params def_%v_12 %self[4.3,4.6,2.0,] 	 ARGS:
		 11: %v_12->[] def_%v_13 %v_12[4.10,] 	 ARGS:Symbol,
		 12: %v_11->find def_%v_14 %v_11[4.9,] %v_13[4.11,] 	 ARGS:%v_13,
		 13: ATTRASSIGN %self->diary %v_14[4.12,] 
		 14: COPY TYPE_PASS def_%v_5 %v_14[4.12,] 
		 15: %v_3[2.5,] 
BB 5
	outgoing: 13 
	datadep: 
	instructions:
		 0: 
BB 6
	outgoing: 7 8 12 
	datadep: 
	instructions:
		 0: def_%v_15 
		 1: (ActiveRecord) def_%v_16 
		 2: (inherit RecordNotFound) def_%v_17 %v_16[6.1,] 
		 3: %v_17[6.2,] 
BB 7
	outgoing: 8 12 
	datadep: 
	instructions:
		 0: %v_16->const_missing def_%v_17 %v_16[6.1,] 	 ARGS:Symbol,
BB 8
	outgoing: 9 10 12 
	datadep: 
	instructions:
		 0: def_%v_18 %v_17[7.0,6.2,] %v_15[6.0,] 
		 1: BRANCH %v_18[8.0,] 
BB 9
	outgoing: 12 14 
	datadep: 
	instructions:
		 0: %v_15[6.0,] 
BB 10
	outgoing: 11 12 
	datadep: 
	instructions:
		 0: 
		 1: (Diary) def_%v_19 
		 2: %self->params def_%v_20 %self[4.6,4.13,2.0,] 	 ARGS:
		 3: %v_20->[] def_%v_21 %v_20[10.2,] 	 ARGS:Symbol,
		 4: %v_19->find def_%v_22 %v_19[10.1,] %v_21[10.3,] 	 ARGS:%v_21,
		 5: COPY TYPE_PASS def_diary %v_22[10.4,] 
		 6: 
		 7: %v_22->owner def_%v_23 %v_22[10.4,] 	 ARGS:
		 8: COPY TYPE_Array def_%v_24 %v_23[10.7,] diary[10.5,] 
		 9: %self->redirect_to def_%v_25 %self[10.2,4.6,4.13,2.0,] %v_24[10.8,] 	 ARGS:%v_24,
		 10: COPY TYPE_PASS def_%v_5 %v_25[10.9,] 
		 11: %v_3[2.5,] 
BB 11
	outgoing: 13 
	datadep: 
	instructions:
		 0: 
BB 12
	outgoing: 14 
	datadep: 
	instructions:
		 0: def_%v_26 
		 1: def_%v_27 %v_26[12.0,] %v_3[2.5,] 
		 2: %v_26[12.0,] 
BB 13
	outgoing: 14 
	datadep: 
	instructions:
		 0: RETURN %v_5[4.14,10.10,] %self[4.6,4.13,2.0,] 
BB 14
	outgoing: 
	datadep: 
	instructions:

SET IRMethod, name = marked_as_read
BB 1
	outgoing: 6 2 
	datadep: 
	instructions:
BB 2
	outgoing: 3 4 
	datadep: 
	instructions:
		 0: def_%self 
		 1: def_%v_0 
		 2: COPY TYPE_CurrentScope def_%current_scope 
		 3: COPY TYPE_ScopeModule def_%current_module 
		 4: 
		 5: 
		 6: %self->params def_%v_3 %self[2.0,] 	 ARGS:
		 7: %v_3->[] def_%v_4 %v_3[2.6,] 	 ARGS:Symbol,
		 8: COPY TYPE_StringLiteral def_%v_5 
		 9: %v_4->== def_%v_6 %v_4[2.7,] %v_5[2.8,] 	 ARGS:%v_5,
		 10: BRANCH %v_6[2.9,] 
BB 3
	outgoing: 6 
	datadep: 
	instructions:
		 0: COPY TYPE_Nil def_%v_7 
		 1: RETURN %v_7[3.0,] %self[2.0,] 
BB 4
	outgoing: 6 
	datadep: 
	instructions:
		 0: %self->current_account def_%v_8 %self[2.0,] 	 ARGS:
		 1: GETFIELD %self->diary def_%v_9 %self[4.0,2.0,] 
		 2: %v_9->node def_%v_10 %v_9[4.1,] 	 ARGS:
		 3: %v_8->read def_%v_11 %v_8[4.0,] %v_10[4.2,] 	 ARGS:%v_10,
		 4: RETURN %v_11[4.3,] %self[4.0,2.0,] 
BB 6
	outgoing: 
	datadep: 
	instructions:

SET IRMethod, name = expire_cache
BB 1
	outgoing: 6 2 
	datadep: 
	instructions:
BB 2
	outgoing: 3 4 
	datadep: 
	instructions:
		 0: def_%self 
		 1: def_%v_0 
		 2: COPY TYPE_CurrentScope def_%current_scope 
		 3: COPY TYPE_ScopeModule def_%current_module 
		 4: 
		 5: 
		 6: GETFIELD %self->diary def_%v_3 %self[2.0,] 
		 7: %v_3->new_record? def_%v_4 %v_3[2.6,] 	 ARGS:
		 8: BRANCH %v_4[2.7,] 
BB 3
	outgoing: 6 
	datadep: 
	instructions:
		 0: RETURN %self[2.0,] 
BB 4
	outgoing: 6 
	datadep: 
	instructions:
		 0: COPY TYPE_Nil def_%v_5 
		 1: 
		 2: HASH-action-format- def_%v_6 
		 3: %self->expire_page def_%v_7 %self[2.0,] %v_6[4.2,] 	 ARGS:%v_6,
		 4: RETURN %v_7[4.3,] %self[4.3,2.0,] 
BB 6
	outgoing: 
	datadep: 
	instructions:

