SET IRMethod, name = index
BB 1
	outgoing: 3 2 
	datadep: 
	instructions:
BB 2
	outgoing: 3 
	datadep: 
	instructions:
		 0: def_%self 
		 1: def_%v_0 
		 2: COPY TYPE_CurrentScope def_%current_scope 
		 3: COPY TYPE_ScopeModule def_%current_module 
		 4: 
		 5: 
		 6: (Section) def_%v_3 
		 7: %v_3->published def_%v_4 %v_3[2.6,] 	 ARGS:
		 8: ATTRASSIGN %self->sections %v_4[2.7,] 
		 9: 
		 10: %self->ruby_code_from_view def_%v_5 %self[2.0,2.8,] 	 ARGS:
		 11: %v_5->ruby_code_from_view def_%v_6 %v_5[2.10,] %self[2.0,2.8,2.10,] 	 ARGS:%v_5,
CLOSURE BEGIN: %self[2.0,2.8,2.10,] 
BB 1
	outgoing: 6 2 
	datadep: 
	instructions:
BB 2
	outgoing: 3 
	datadep: 
	instructions:
		 0: def_%self 
		 1: def_%cl_1_0 
		 2: RECEIVEARG def_rb_from_view 
		 3: COPY TYPE_CurrentScope def_%current_scope 
		 4: COPY TYPE_ScopeModule def_%current_module 
BB 3
	outgoing: 4 6 
	datadep: 
	instructions:
		 0: 
		 1: COPY TYPE_StringLiteral def_%cl_1_3 
		 2: %self->h1 def_%cl_1_4 %self[2.0,] %cl_1_3[3.1,] 	 ARGS:%cl_1_3,
		 3: 
		 4: GETFIELD %self->sections def_%cl_1_5 %self[3.2,2.0,] 
		 5: %cl_1_5->each def_%cl_1_6 %cl_1_5[3.4,] %self[3.2,2.0,] 	 ARGS:%cl_1_5,
CLOSURE BEGIN: %self[3.2,2.0,] section[3.5,] 
BB 1
	outgoing: 6 2 
	datadep: 
	instructions:
BB 2
	outgoing: 3 
	datadep: 
	instructions:
		 0: def_%self 
		 1: def_%cl_2_0 
		 2: RECEIVEARG def_section 
		 3: COPY TYPE_CurrentScope def_%current_scope 
		 4: COPY TYPE_ScopeModule def_%current_module 
BB 3
	outgoing: 4 6 
	datadep: 
	instructions:
		 0: 
		 1: %self->div_for def_%cl_2_3 %self[2.0,] section[2.2,] %self[2.0,] 	 ARGS:section,%self,
CLOSURE BEGIN: %self[2.0,] section[2.2,] 
BB 1
	outgoing: 6 2 
	datadep: 
	instructions:
BB 2
	outgoing: 3 
	datadep: 
	instructions:
		 0: def_%self 
		 1: def_%cl_3_0 
		 2: COPY TYPE_CurrentScope def_%current_scope 
		 3: COPY TYPE_ScopeModule def_%current_module 
BB 3
	outgoing: 4 6 
	datadep: 
	instructions:
		 0: 
		 1: %self->link_to def_%cl_3_3 %self[2.0,] section[] %self[2.0,] 	 ARGS:section,%self,
CLOSURE BEGIN: section[] %self[2.0,] 
BB 1
	outgoing: 6 2 
	datadep: 
	instructions:
BB 2
	outgoing: 3 
	datadep: 
	instructions:
		 0: def_%self 
		 1: def_%cl_4_0 
		 2: COPY TYPE_CurrentScope def_%current_scope 
		 3: COPY TYPE_ScopeModule def_%current_module 
BB 3
	outgoing: 4 6 
	datadep: 
	instructions:
		 0: 
		 1: section->image def_%cl_4_3 section[] 	 ARGS:
		 2: section->title def_%cl_4_4 section[3.1,] 	 ARGS:
		 3: section->title def_%cl_4_5 section[3.1,3.2,] 	 ARGS:
		 4: HASH-alt-title- def_%cl_4_6 %cl_4_4[3.2,] %cl_4_5[3.3,] 
		 5: %self->image_tag def_%cl_4_7 %self[2.0,] %cl_4_3[3.1,] %cl_4_6[3.4,] 	 ARGS:%cl_4_3,%cl_4_6,
		 6: 
		 7: section->title def_%cl_4_8 section[3.1,3.2,3.3,] 	 ARGS:
		 8: RETURN %cl_4_8[3.7,] %self[3.5,2.0,] 
BB 4
	outgoing: 6 
	datadep: 
	instructions:
		 0: def_%cl_4_9 
		 1: def_%cl_4_10 %cl_4_9[4.0,] 
		 2: RETURN %cl_4_10[4.1,] %self[2.0,] 
BB 6
	outgoing: 
	datadep: 
	instructions:
CLOSURE END: 
		 2: RETURN %cl_3_3[3.1,] %self[3.1,2.0,] 
BB 4
	outgoing: 6 
	datadep: 
	instructions:
		 0: def_%cl_3_4 
		 1: def_%cl_3_5 %cl_3_4[4.0,] 
		 2: RETURN %cl_3_5[4.1,] %self[2.0,] 
BB 6
	outgoing: 
	datadep: 
	instructions:
CLOSURE END: 
		 2: RETURN %cl_2_3[3.1,] %self[3.1,2.0,] 
BB 4
	outgoing: 6 
	datadep: 
	instructions:
		 0: def_%cl_2_4 
		 1: def_%cl_2_5 %cl_2_4[4.0,] 
		 2: RETURN %cl_2_5[4.1,] %self[2.0,] 
BB 6
	outgoing: 
	datadep: 
	instructions:
CLOSURE END: 
		 6: RETURN %cl_1_6[3.5,] %self[3.2,2.0,] 
BB 4
	outgoing: 6 
	datadep: 
	instructions:
		 0: def_%cl_1_7 
		 1: def_%cl_1_8 %cl_1_7[4.0,] 
		 2: RETURN %cl_1_8[4.1,] %self[2.0,] 
BB 6
	outgoing: 
	datadep: 
	instructions:
CLOSURE END: 
		 12: RETURN %v_6[2.11,] %self[2.0,2.8,2.10,] 
BB 3
	outgoing: 
	datadep: 
	instructions:

SET IRMethod, name = show
BB 1
	outgoing: 12 2 
	datadep: 
	instructions:
BB 2
	outgoing: 3 7 
	datadep: 
	instructions:
		 0: def_%self 
		 1: def_%v_0 
		 2: COPY TYPE_CurrentScope def_%current_scope 
		 3: COPY TYPE_ScopeModule def_%current_module 
		 4: 
		 5: 
		 6: (Section) def_%v_3 
		 7: %self->params def_%v_4 %self[2.0,] 	 ARGS:
		 8: %v_4->[] def_%v_5 %v_4[2.7,] 	 ARGS:Symbol,
		 9: %v_3->find def_%v_6 %v_3[2.6,] %v_5[2.8,] 	 ARGS:%v_5,
		 10: ATTRASSIGN %self->section %v_6[2.9,] 
		 11: 
		 12: GETFIELD %self->section def_%v_7 %self[2.0,2.7,2.10,] 
		 13: %self->params def_%v_8 %self[2.0,2.7,2.10,] 	 ARGS:
		 14: %v_8->[] def_%v_9 %v_8[2.13,] 	 ARGS:Symbol,
		 15: HASH-id-format- def_%v_10 %v_7[2.12,] %v_9[2.14,] 
		 16: %self->section_path def_%v_11 %self[2.0,2.7,2.10,2.13,] %v_10[2.15,] 	 ARGS:%v_10,
		 17: COPY TYPE_PASS def_path %v_11[2.16,] 
		 18: 
		 19: %self->request def_%v_12 %self[2.0,2.7,2.10,2.13,2.16,] 	 ARGS:
		 20: %v_12->path def_%v_13 %v_12[2.19,] 	 ARGS:
		 21: %v_13->!= def_%v_14 %v_13[2.20,] path[2.17,] 	 ARGS:path,
		 22: BRANCH %v_14[2.21,] 
BB 3
	outgoing: 4 6 
	datadep: 
	instructions:
		 0: HASH-status- def_%v_15 
		 1: %self->redirect_to def_%v_16 %self[2.0,2.10,] path[2.17,] %v_15[3.0,] 	 ARGS:path,%v_15,
		 2: BRANCH %v_16[3.1,] 
BB 4
	outgoing: 12 
	datadep: 
	instructions:
		 0: RETURN %self[2.0,2.10,] 
BB 6
	outgoing: 8 
	datadep: 
	instructions:
		 0: 
BB 7
	outgoing: 8 
	datadep: 
	instructions:
		 0: COPY TYPE_Nil def_%v_16 
BB 8
	outgoing: 9 10 
	datadep: 
	instructions:
		 0: 
		 1: (Section) def_%v_17 
		 2: %v_17->published def_%v_18 %v_17[8.1,] 	 ARGS:
		 3: ATTRASSIGN %self->sections %v_18[8.2,] 
		 4: 
		 5: %self->params def_%v_19 %self[8.3,2.0,2.10,] 	 ARGS:
		 6: %v_19->[] def_%v_20 %v_19[8.5,] 	 ARGS:Symbol,
		 7: ATTRASSIGN %self->order %v_20[8.6,] 
		 8: 
		 9: (VALID_ORDERS) def_%v_21 
		 10: GETFIELD %self->order def_%v_22 %self[8.5,8.7,2.0,] 
		 11: %v_21->include? def_%v_23 %v_21[8.9,] %v_22[8.10,] 	 ARGS:%v_22,
		 12: BRANCH %v_23[8.11,] 
BB 9
	outgoing: 11 
	datadep: 
	instructions:
		 0: COPY TYPE_Nil def_%v_24 
		 1: 
BB 10
	outgoing: 11 
	datadep: 
	instructions:
		 0: COPY TYPE_StringLiteral def_%v_25 
		 1: ATTRASSIGN %self->order %v_25[10.0,] 
		 2: COPY TYPE_PASS def_%v_24 %v_25[10.0,] 
BB 11
	outgoing: 12 
	datadep: 
	instructions:
		 0: 
		 1: GETFIELD %self->section def_%v_26 %self[2.0,2.10,] 
		 2: %v_26->news def_%v_27 %v_26[11.1,] 	 ARGS:
		 3: GETFIELD %self->order def_%v_28 %self[10.1,8.7,2.0,] 
		 4: %v_27->with_node_ordered_by def_%v_29 %v_27[11.2,] %v_28[11.3,] 	 ARGS:%v_28,
		 5: %self->params def_%v_30 %self[10.1,8.3,8.7,2.0,2.10,] 	 ARGS:
		 6: %v_30->[] def_%v_31 %v_30[11.5,] 	 ARGS:Symbol,
		 7: %v_29->page def_%v_32 %v_29[11.4,] %v_31[11.6,] 	 ARGS:%v_31,
		 8: ATTRASSIGN %self->news %v_32[11.7,] 
		 9: 
		 10: %self->respond_to def_%v_33 %self[11.5,11.8,10.1,8.3,8.7,2.0,2.10,] %self[11.5,11.8,10.1,8.3,8.7,2.0,2.10,] 	 ARGS:%self,
CLOSURE BEGIN: wants[11.10,] 
BB 1
	outgoing: 6 2 
	datadep: 
	instructions:
BB 2
	outgoing: 3 
	datadep: 
	instructions:
		 0: def_%self 
		 1: def_%cl_1_0 
		 2: RECEIVEARG def_wants 
		 3: COPY TYPE_CurrentScope def_%current_scope 
		 4: COPY TYPE_ScopeModule def_%current_module 
BB 3
	outgoing: 4 6 
	datadep: 
	instructions:
		 0: 
		 1: wants->html def_%cl_1_3 wants[2.2,] 	 ARGS:
		 2: 
		 3: wants->atom def_%cl_1_4 wants[3.1,2.2,] 	 ARGS:
		 4: RETURN %cl_1_4[3.3,] %self[2.0,] 
BB 4
	outgoing: 6 
	datadep: 
	instructions:
		 0: def_%cl_1_5 
		 1: def_%cl_1_6 %cl_1_5[4.0,] 
		 2: RETURN %cl_1_6[4.1,] %self[2.0,] 
BB 6
	outgoing: 
	datadep: 
	instructions:
CLOSURE END: 
		 11: 
		 12: %self->ruby_code_from_view def_%v_34 %self[11.5,11.8,11.10,10.1,8.3,8.7,2.0,2.10,] 	 ARGS:
		 13: %v_34->ruby_code_from_view def_%v_35 %v_34[11.12,] %self[11.5,11.8,11.10,11.12,10.1,8.3,8.7,2.0,2.10,] 	 ARGS:%v_34,
CLOSURE BEGIN: %self[11.5,11.8,11.10,11.12,10.1,8.3,8.7,2.0,2.10,] 
BB 1
	outgoing: 6 2 
	datadep: 
	instructions:
BB 2
	outgoing: 3 
	datadep: 
	instructions:
		 0: def_%self 
		 1: def_%cl_2_0 
		 2: RECEIVEARG def_rb_from_view 
		 3: COPY TYPE_CurrentScope def_%current_scope 
		 4: COPY TYPE_ScopeModule def_%current_module 
BB 3
	outgoing: 4 6 
	datadep: 
	instructions:
		 0: 
		 1: %self->content_for def_%cl_2_3 %self[2.0,] %self[2.0,] 	 ARGS:Symbol,%self,
CLOSURE BEGIN: %self[2.0,] 
BB 1
	outgoing: 6 2 
	datadep: 
	instructions:
BB 2
	outgoing: 3 
	datadep: 
	instructions:
		 0: def_%self 
		 1: def_%cl_3_0 
		 2: COPY TYPE_CurrentScope def_%current_scope 
		 3: COPY TYPE_ScopeModule def_%current_module 
BB 3
	outgoing: 4 6 
	datadep: 
	instructions:
		 0: 
		 1: COPY TYPE_StringLiteral def_%cl_3_3 
		 2: COPY TYPE_StringLiteral def_%cl_3_4 
		 3: %self->link_to def_%cl_3_5 %self[2.0,] %cl_3_3[3.1,] %cl_3_4[3.2,] 	 ARGS:%cl_3_3,%cl_3_4,
		 4: 
		 5: GETFIELD %self->sections def_%cl_3_6 %self[3.3,2.0,] 
		 6: %self->list_of def_%cl_3_7 %self[3.3,2.0,] %cl_3_6[3.5,] %self[3.3,2.0,] 	 ARGS:%cl_3_6,%self,
CLOSURE BEGIN: section[3.6,] %self[3.3,2.0,] 
BB 1
	outgoing: 6 2 
	datadep: 
	instructions:
BB 2
	outgoing: 3 
	datadep: 
	instructions:
		 0: def_%self 
		 1: def_%cl_4_0 
		 2: RECEIVEARG def_section 
		 3: COPY TYPE_CurrentScope def_%current_scope 
		 4: COPY TYPE_ScopeModule def_%current_module 
BB 3
	outgoing: 4 6 
	datadep: 
	instructions:
		 0: 
		 1: section->title def_%cl_4_3 section[2.2,] 	 ARGS:
		 2: %self->link_to def_%cl_4_4 %self[2.0,] %cl_4_3[3.1,] section[3.1,2.2,] 	 ARGS:%cl_4_3,section,
		 3: RETURN %cl_4_4[3.2,] %self[3.2,2.0,] 
BB 4
	outgoing: 6 
	datadep: 
	instructions:
		 0: def_%cl_4_5 
		 1: def_%cl_4_6 %cl_4_5[4.0,] 
		 2: RETURN %cl_4_6[4.1,] %self[2.0,] 
BB 6
	outgoing: 
	datadep: 
	instructions:
CLOSURE END: 
		 7: RETURN %cl_3_7[3.6,] %self[3.3,3.6,2.0,] 
BB 4
	outgoing: 6 
	datadep: 
	instructions:
		 0: def_%cl_3_8 
		 1: def_%cl_3_9 %cl_3_8[4.0,] 
		 2: RETURN %cl_3_9[4.1,] %self[2.0,] 
BB 6
	outgoing: 
	datadep: 
	instructions:
CLOSURE END: 
		 2: 
		 3: GETFIELD %self->section def_%cl_2_4 %self[3.1,2.0,] 
		 4: %cl_2_4->title def_%cl_2_5 %cl_2_4[3.3,] 	 ARGS:
		 5: %self->h1 def_%cl_2_6 %self[3.1,2.0,] %cl_2_5[3.4,] 	 ARGS:%cl_2_5,
		 6: 
		 7: COPY TYPE_StringLiteral def_%cl_2_7 
		 8: GETFIELD %self->section def_%cl_2_8 %self[3.1,3.5,2.0,] 
		 9: %cl_2_8->title def_%cl_2_9 %cl_2_8[3.8,] 	 ARGS:
		 10: BUILDSTRING def_%cl_2_10 %cl_2_7[3.7,] %cl_2_9[3.9,] 
		 11: %self->feed def_%cl_2_11 %self[3.1,3.5,2.0,] %cl_2_10[3.10,] 	 ARGS:%cl_2_10,
		 12: 
		 13: GETFIELD %self->news def_%cl_2_12 %self[3.1,3.5,3.11,2.0,] 
		 14: COPY TYPE_StringLiteral def_%cl_2_13 
		 15: COPY TYPE_StringLiteral def_%cl_2_14 
		 16: %self->link_to def_%cl_2_15 %self[3.1,3.5,3.11,2.0,] %cl_2_13[3.14,] %cl_2_14[3.15,] 	 ARGS:%cl_2_13,%cl_2_14,
		 17: %self->paginated_contents def_%cl_2_16 %self[3.1,3.5,3.11,3.16,2.0,] %cl_2_12[3.13,] %cl_2_15[3.16,] 	 ARGS:%cl_2_12,%cl_2_15,
		 18: RETURN %cl_2_16[3.17,] %self[3.1,3.5,3.11,3.16,3.17,2.0,] 
BB 4
	outgoing: 6 
	datadep: 
	instructions:
		 0: def_%cl_2_17 
		 1: def_%cl_2_18 %cl_2_17[4.0,] 
		 2: RETURN %cl_2_18[4.1,] %self[2.0,] 
BB 6
	outgoing: 
	datadep: 
	instructions:
CLOSURE END: 
		 14: RETURN %v_35[11.13,] %self[11.5,11.8,11.10,11.12,10.1,8.3,8.7,2.0,2.10,] 
BB 12
	outgoing: 
	datadep: 
	instructions:

