SET IRMethod, name = index
BB 1
	outgoing: 23 2 
	datadep: 
	instructions:
BB 2
	outgoing: 3 4 
	datadep: 
	instructions:
		 0: def_%self 
		 1: def_%v_0 
		 2: COPY TYPE_CurrentScope def_%current_scope 
		 3: COPY TYPE_ScopeModule def_%current_module 
		 4: 
		 5: 
		 6: COPY TYPE_StringLiteral def_%v_3 
		 7: COPY TYPE_StringLiteral def_%v_4 
		 8: HASH- def_%v_5 %v_3[2.6,] %v_4[2.7,] 
		 9: %self->params def_%v_6 %self[2.0,] 	 ARGS:
		 10: %v_6->[] def_%v_7 %v_6[2.9,] 	 ARGS:Symbol,
		 11: BRANCH %v_7[2.10,] 
BB 3
	outgoing: 4 
	datadep: 
	instructions:
		 0: HASH- def_%v_8 
		 1: COPY TYPE_PASS def_%v_7 %v_8[3.0,] 
BB 4
	outgoing: 5 6 
	datadep: 
	instructions:
		 0: %v_5->merge def_%v_9 %v_5[2.8,] %v_7[3.1,2.10,] 	 ARGS:%v_7,
		 1: ATTRASSIGN %self->attrs %v_9[4.0,] 
		 2: 
		 3: %self->params def_%v_10 %self[4.1,2.0,] 	 ARGS:
		 4: %v_10->[] def_%v_11 %v_10[4.3,] 	 ARGS:Symbol,
		 5: ATTRASSIGN %self->order %v_11[4.4,] 
		 6: 
		 7: (VALID_ORDERS) def_%v_12 
		 8: GETFIELD %self->order def_%v_13 %self[4.3,4.5,2.0,] 
		 9: %v_12->include? def_%v_14 %v_12[4.7,] %v_13[4.8,] 	 ARGS:%v_13,
		 10: BRANCH %v_14[4.9,] 
BB 5
	outgoing: 7 
	datadep: 
	instructions:
		 0: COPY TYPE_Nil def_%v_15 
		 1: 
BB 6
	outgoing: 7 
	datadep: 
	instructions:
		 0: COPY TYPE_StringLiteral def_%v_16 
		 1: ATTRASSIGN %self->order %v_16[6.0,] 
		 2: COPY TYPE_PASS def_%v_15 %v_16[6.0,] 
BB 7
	outgoing: 8 9 
	datadep: 
	instructions:
		 0: 
		 1: (Tracker) def_%v_17 
		 2: %v_17->all def_%v_18 %v_17[7.1,] 	 ARGS:
		 3: ATTRASSIGN %self->trackers %v_18[7.2,] 
		 4: 
		 5: GETFIELD %self->order def_%v_19 %self[6.1,4.5,2.0,] 
		 6: COPY TYPE_StringLiteral def_%v_20 
		 7: %v_19->== def_%v_21 %v_19[7.5,] %v_20[7.6,] 	 ARGS:%v_20,
		 8: BRANCH %v_21[7.7,] 
BB 8
	outgoing: 10 
	datadep: 
	instructions:
		 0: 
		 1: GETFIELD %self->trackers def_%v_22 %self[7.3,2.0,] 
		 2: GETFIELD %self->order def_%v_23 %self[6.1,4.5,2.0,] 
		 3: COPY TYPE_StringLiteral def_%v_24 
		 4: BUILDSTRING def_%v_25 %v_23[8.2,] %v_24[8.3,] 
		 5: %v_22->order def_%v_26 %v_22[8.1,] %v_25[8.4,] 	 ARGS:%v_25,
		 6: ATTRASSIGN %self->trackers %v_26[8.5,] 
		 7: 
BB 9
	outgoing: 10 
	datadep: 
	instructions:
		 0: 
		 1: GETFIELD %self->trackers def_%v_27 %self[7.3,2.0,] 
		 2: %v_27->joins def_%v_28 %v_27[9.1,] 	 ARGS:Symbol,
		 3: COPY TYPE_StringLiteral def_%v_29 
		 4: GETFIELD %self->order def_%v_30 %self[6.1,4.5,2.0,] 
		 5: COPY TYPE_StringLiteral def_%v_31 
		 6: BUILDSTRING def_%v_32 %v_29[9.3,] %v_30[9.4,] %v_31[9.5,] 
		 7: %v_28->order def_%v_33 %v_28[9.2,] %v_32[9.6,] 	 ARGS:%v_32,
		 8: ATTRASSIGN %self->trackers %v_33[9.7,] 
		 9: COPY TYPE_PASS def_%v_26 %v_33[9.7,] 
BB 10
	outgoing: 11 12 
	datadep: 
	instructions:
		 0: 
		 1: (Tracker) def_%v_34 
		 2: GETFIELD %self->attrs def_%v_35 %self[4.1,2.0,] 
		 3: COPY TYPE_StringLiteral def_%v_36 
		 4: %v_35->except def_%v_37 %v_35[10.2,] %v_36[10.3,] 	 ARGS:%v_36,
		 5: %v_34->new def_%v_38 %v_34[10.1,] %v_37[10.4,] 	 ARGS:%v_37,
		 6: ATTRASSIGN %self->tracker %v_38[10.5,] 
		 7: 
		 8: GETFIELD %self->tracker def_%v_39 %self[10.6,2.0,] 
		 9: GETFIELD %self->attrs def_%v_40 %self[4.1,2.0,] 
		 10: COPY TYPE_StringLiteral def_%v_41 
		 11: %v_40->[] def_%v_42 %v_40[10.9,] %v_41[10.10,] 	 ARGS:%v_41,
		 12: ATTRASSIGN %v_39->state %v_42[10.11,] 
		 13: 
		 14: GETFIELD %self->attrs def_%v_43 %self[4.1,2.0,] 
		 15: COPY TYPE_StringLiteral def_%v_44 
		 16: %v_43->[] def_%v_45 %v_43[10.14,] %v_44[10.15,] 	 ARGS:%v_44,
		 17: %v_45->present? def_%v_46 %v_45[10.16,] 	 ARGS:
		 18: BRANCH %v_46[10.17,] 
BB 11
	outgoing: 13 
	datadep: 
	instructions:
		 0: GETFIELD %self->trackers def_%v_47 %self[9.8,8.6,7.3,2.0,] 
		 1: GETFIELD %self->tracker def_%v_48 %self[10.6,2.0,] 
		 2: %v_48->state def_%v_49 %v_48[11.1,] 	 ARGS:
		 3: HASH-state- def_%v_50 %v_49[11.2,] 
		 4: %v_47->where def_%v_51 %v_47[11.0,] %v_50[11.3,] 	 ARGS:%v_50,
		 5: ATTRASSIGN %self->trackers %v_51[11.4,] 
		 6: 
BB 12
	outgoing: 13 
	datadep: 
	instructions:
		 0: COPY TYPE_Nil def_%v_51 
BB 13
	outgoing: 14 15 
	datadep: 
	instructions:
		 0: 
		 1: GETFIELD %self->attrs def_%v_52 %self[4.1,2.0,] 
		 2: COPY TYPE_StringLiteral def_%v_53 
		 3: %v_52->[] def_%v_54 %v_52[13.1,] %v_53[13.2,] 	 ARGS:%v_53,
		 4: %v_54->present? def_%v_55 %v_54[13.3,] 	 ARGS:
		 5: BRANCH %v_55[13.4,] 
BB 14
	outgoing: 16 
	datadep: 
	instructions:
		 0: GETFIELD %self->trackers def_%v_56 %self[11.5,9.8,8.6,7.3,2.0,] 
		 1: GETFIELD %self->tracker def_%v_57 %self[10.6,2.0,] 
		 2: %v_57->category_id def_%v_58 %v_57[14.1,] 	 ARGS:
		 3: HASH-category_id- def_%v_59 %v_58[14.2,] 
		 4: %v_56->where def_%v_60 %v_56[14.0,] %v_59[14.3,] 	 ARGS:%v_59,
		 5: ATTRASSIGN %self->trackers %v_60[14.4,] 
		 6: 
BB 15
	outgoing: 16 
	datadep: 
	instructions:
		 0: COPY TYPE_Nil def_%v_60 
BB 16
	outgoing: 17 18 
	datadep: 
	instructions:
		 0: 
		 1: GETFIELD %self->attrs def_%v_61 %self[4.1,2.0,] 
		 2: COPY TYPE_StringLiteral def_%v_62 
		 3: %v_61->[] def_%v_63 %v_61[16.1,] %v_62[16.2,] 	 ARGS:%v_62,
		 4: %v_63->== def_%v_64 %v_63[16.3,] 	 ARGS:Fixnum,
		 5: BRANCH %v_64[16.4,] 
BB 17
	outgoing: 22 
	datadep: 
	instructions:
		 0: 
		 1: GETFIELD %self->trackers def_%v_65 %self[14.5,11.5,9.8,8.6,7.3,2.0,] 
		 2: HASH-assigned_to_user_id- def_%v_66 
		 3: %v_65->where def_%v_67 %v_65[17.1,] %v_66[17.2,] 	 ARGS:%v_66,
		 4: ATTRASSIGN %self->trackers %v_67[17.3,] 
		 5: 
BB 18
	outgoing: 19 20 
	datadep: 
	instructions:
		 0: 
		 1: GETFIELD %self->attrs def_%v_68 %self[4.1,2.0,] 
		 2: COPY TYPE_StringLiteral def_%v_69 
		 3: %v_68->[] def_%v_70 %v_68[18.1,] %v_69[18.2,] 	 ARGS:%v_69,
		 4: %v_70->present? def_%v_71 %v_70[18.3,] 	 ARGS:
		 5: BRANCH %v_71[18.4,] 
BB 19
	outgoing: 21 
	datadep: 
	instructions:
		 0: 
		 1: GETFIELD %self->trackers def_%v_72 %self[14.5,11.5,9.8,8.6,7.3,2.0,] 
		 2: GETFIELD %self->tracker def_%v_73 %self[10.6,2.0,] 
		 3: %v_73->assigned_to_user_id def_%v_74 %v_73[19.2,] 	 ARGS:
		 4: HASH-assigned_to_user_id- def_%v_75 %v_74[19.3,] 
		 5: %v_72->where def_%v_76 %v_72[19.1,] %v_75[19.4,] 	 ARGS:%v_75,
		 6: ATTRASSIGN %self->trackers %v_76[19.5,] 
		 7: 
BB 20
	outgoing: 21 
	datadep: 
	instructions:
		 0: COPY TYPE_Nil def_%v_76 
BB 21
	outgoing: 22 
	datadep: 
	instructions:
		 0: COPY TYPE_PASS def_%v_67 %v_76[20.0,19.5,] 
BB 22
	outgoing: 23 
	datadep: 
	instructions:
		 0: 
		 1: %self->respond_to def_%v_77 %self[17.4,19.6,14.5,11.5,10.6,9.8,8.6,7.3,6.1,4.1,4.5,2.0,] %self[17.4,19.6,14.5,11.5,10.6,9.8,8.6,7.3,6.1,4.1,4.5,2.0,] 	 ARGS:%self,
CLOSURE BEGIN: wants[22.1,] %self[17.4,19.6,14.5,11.5,10.6,9.8,8.6,7.3,6.1,4.1,4.5,2.0,] 
BB 1
	outgoing: 6 2 
	datadep: 
	instructions:
BB 2
	outgoing: 3 
	datadep: 
	instructions:
		 0: def_%self 
		 1: def_%cl_1_0 
		 2: RECEIVEARG def_wants 
		 3: COPY TYPE_CurrentScope def_%current_scope 
		 4: COPY TYPE_ScopeModule def_%current_module 
BB 3
	outgoing: 4 6 
	datadep: 
	instructions:
		 0: 
		 1: wants->html def_%cl_1_3 wants[2.2,] %self[2.0,] 	 ARGS:wants,
CLOSURE BEGIN: %self[2.0,] 
BB 1
	outgoing: 6 2 
	datadep: 
	instructions:
BB 2
	outgoing: 3 
	datadep: 
	instructions:
		 0: def_%self 
		 1: def_%cl_2_0 
		 2: COPY TYPE_CurrentScope def_%current_scope 
		 3: COPY TYPE_ScopeModule def_%current_module 
BB 3
	outgoing: 4 6 
	datadep: 
	instructions:
		 0: 
		 1: GETFIELD %self->trackers def_%cl_2_3 %self[2.0,] 
		 2: %self->params def_%cl_2_4 %self[2.0,] 	 ARGS:
		 3: %cl_2_4->[] def_%cl_2_5 %cl_2_4[3.2,] 	 ARGS:Symbol,
		 4: %cl_2_3->page def_%cl_2_6 %cl_2_3[3.1,] %cl_2_5[3.3,] 	 ARGS:%cl_2_5,
		 5: %cl_2_6->per def_%cl_2_7 %cl_2_6[3.4,] 	 ARGS:Fixnum,
		 6: ATTRASSIGN %self->trackers %cl_2_7[3.5,] 
		 7: RETURN %cl_2_7[3.5,] %self[3.2,3.6,2.0,] 
BB 4
	outgoing: 6 
	datadep: 
	instructions:
		 0: def_%cl_2_8 
		 1: def_%cl_2_9 %cl_2_8[4.0,] 
		 2: RETURN %cl_2_9[4.1,] %self[3.6,2.0,] 
BB 6
	outgoing: 
	datadep: 
	instructions:
CLOSURE END: 
		 2: 
		 3: wants->atom def_%cl_1_4 wants[3.1,2.2,] 	 ARGS:
		 4: RETURN %cl_1_4[3.3,] %self[2.0,] 
BB 4
	outgoing: 6 
	datadep: 
	instructions:
		 0: def_%cl_1_5 
		 1: def_%cl_1_6 %cl_1_5[4.0,] 
		 2: RETURN %cl_1_6[4.1,] %self[2.0,] 
BB 6
	outgoing: 
	datadep: 
	instructions:
CLOSURE END: 
		 2: 
		 3: %self->ruby_code_from_view def_%v_78 %self[22.1,17.4,19.6,14.5,11.5,10.6,9.8,8.6,7.3,6.1,4.1,4.5,2.0,] 	 ARGS:
		 4: %v_78->ruby_code_from_view def_%v_79 %v_78[22.3,] %self[22.1,22.3,17.4,19.6,14.5,11.5,10.6,9.8,8.6,7.3,6.1,4.1,4.5,2.0,] 	 ARGS:%v_78,
CLOSURE BEGIN: %self[22.1,22.3,17.4,19.6,14.5,11.5,10.6,9.8,8.6,7.3,6.1,4.1,4.5,2.0,] 
BB 1
	outgoing: 9 2 
	datadep: 
	instructions:
BB 2
	outgoing: 3 
	datadep: 
	instructions:
		 0: def_%self 
		 1: def_%cl_3_0 
		 2: RECEIVEARG def_rb_from_view 
		 3: COPY TYPE_CurrentScope def_%current_scope 
		 4: COPY TYPE_ScopeModule def_%current_module 
BB 3
	outgoing: 4 5 7 
	datadep: 
	instructions:
		 0: 
		 1: COPY TYPE_StringLiteral def_%cl_3_3 
		 2: %self->h1 def_%cl_3_4 %self[2.0,] %cl_3_3[3.1,] 	 ARGS:%cl_3_3,
		 3: 
		 4: COPY TYPE_StringLiteral def_%cl_3_5 
		 5: %self->feed def_%cl_3_6 %self[3.2,2.0,] %cl_3_5[3.4,] 	 ARGS:%cl_3_5,
		 6: 
		 7: COPY TYPE_StringLiteral def_%cl_3_7 
		 8: COPY TYPE_StringLiteral def_%cl_3_8 
		 9: %self->feed def_%cl_3_9 %self[3.2,3.5,2.0,] %cl_3_7[3.7,] %cl_3_8[3.8,] 	 ARGS:%cl_3_7,%cl_3_8,
		 10: 
		 11: COPY TYPE_StringLiteral def_%cl_3_10 
		 12: COPY TYPE_StringLiteral def_%cl_3_11 
		 13: %self->link_to def_%cl_3_12 %self[3.2,3.5,3.9,2.0,] %cl_3_10[3.11,] %cl_3_11[3.12,] 	 ARGS:%cl_3_10,%cl_3_11,
		 14: 
		 15: COPY TYPE_StringLiteral def_%cl_3_13 
		 16: COPY TYPE_StringLiteral def_%cl_3_14 
		 17: %self->link_to def_%cl_3_15 %self[3.2,3.5,3.9,3.13,2.0,] %cl_3_13[3.15,] %cl_3_14[3.16,] 	 ARGS:%cl_3_13,%cl_3_14,
		 18: 
		 19: GETFIELD %self->tracker def_%cl_3_16 %self[3.2,3.5,3.9,3.13,3.17,2.0,] 
		 20: %self->trackers_path def_%cl_3_17 %self[3.2,3.5,3.9,3.13,3.17,2.0,] 	 ARGS:
		 21: HASH-url-method- def_%cl_3_18 %cl_3_17[3.20,] 
		 22: %self->form_for def_%cl_3_19 %self[3.2,3.5,3.9,3.13,3.17,3.20,2.0,] %cl_3_16[3.19,] %cl_3_18[3.21,] %self[3.2,3.5,3.9,3.13,3.17,3.20,2.0,] 	 ARGS:%cl_3_16,%cl_3_18,%self,
CLOSURE BEGIN: f[3.22,] %self[3.2,3.5,3.9,3.13,3.17,3.20,2.0,] 
BB 1
	outgoing: 8 2 
	datadep: 
	instructions:
BB 2
	outgoing: 3 
	datadep: 
	instructions:
		 0: def_%self 
		 1: def_%cl_4_0 
		 2: RECEIVEARG def_f 
		 3: COPY TYPE_CurrentScope def_%current_scope 
		 4: COPY TYPE_ScopeModule def_%current_module 
BB 3
	outgoing: 4 5 6 
	datadep: 
	instructions:
		 0: 
		 1: COPY TYPE_StringLiteral def_%cl_4_3 
		 2: %cl_4_3->html_safe def_%cl_4_4 %cl_4_3[3.1,] 	 ARGS:
		 3: f->label def_%cl_4_5 f[2.2,] %cl_4_4[3.2,] 	 ARGS:Symbol,%cl_4_4,
		 4: 
		 5: (Tracker) def_%cl_4_6 
		 6: (inherit States) def_%cl_4_7 %cl_4_6[3.5,] 
		 7: %cl_4_7[3.6,] 
BB 4
	outgoing: 5 6 
	datadep: 
	instructions:
		 0: %cl_4_6->const_missing def_%cl_4_7 %cl_4_6[3.5,] 	 ARGS:Symbol,
BB 5
	outgoing: 6 8 
	datadep: 
	instructions:
		 0: %cl_4_7->invert def_%cl_4_8 %cl_4_7[4.0,3.6,] 	 ARGS:
		 1: HASH-include_blank- def_%cl_4_9 
		 2: f->select def_%cl_4_10 f[2.2,] %cl_4_8[5.0,] %cl_4_9[5.1,] 	 ARGS:Symbol,%cl_4_8,%cl_4_9,
		 3: 
		 4: COPY TYPE_StringLiteral def_%cl_4_11 
		 5: %cl_4_11->html_safe def_%cl_4_12 %cl_4_11[5.4,] 	 ARGS:
		 6: f->label def_%cl_4_13 f[5.2,2.2,] %cl_4_12[5.5,] 	 ARGS:Symbol,%cl_4_12,
		 7: 
		 8: (Category) def_%cl_4_14 
		 9: %cl_4_14->all def_%cl_4_15 %cl_4_14[5.8,] 	 ARGS:
		 10: HASH-include_blank- def_%cl_4_16 
		 11: f->collection_select def_%cl_4_17 f[5.2,5.6,2.2,] %cl_4_15[5.9,] %cl_4_16[5.10,] 	 ARGS:Symbol,%cl_4_15,Symbol,Symbol,%cl_4_16,
		 12: 
		 13: COPY TYPE_StringLiteral def_%cl_4_18 
		 14: %cl_4_18->html_safe def_%cl_4_19 %cl_4_18[5.13,] 	 ARGS:
		 15: f->label def_%cl_4_20 f[5.2,5.6,5.11,2.2,] %cl_4_19[5.14,] 	 ARGS:Symbol,%cl_4_19,
		 16: 
		 17: (Account) def_%cl_4_21 
		 18: %cl_4_21->admin def_%cl_4_22 %cl_4_21[5.17,] 	 ARGS:
		 19: HASH-include_blank- def_%cl_4_23 
		 20: f->collection_select def_%cl_4_24 f[5.2,5.6,5.11,5.15,2.2,] %cl_4_22[5.18,] %cl_4_23[5.19,] 	 ARGS:Symbol,%cl_4_22,Symbol,Symbol,%cl_4_23,
		 21: 
		 22: COPY TYPE_StringLiteral def_%cl_4_25 
		 23: %cl_4_25->html_safe def_%cl_4_26 %cl_4_25[5.22,] 	 ARGS:
		 24: %self->label_tag def_%cl_4_27 %self[2.0,] %cl_4_26[5.23,] 	 ARGS:Symbol,%cl_4_26,
		 25: 
		 26: COPY TYPE_StringLiteral def_%cl_4_28 
		 27: COPY TYPE_StringLiteral def_%cl_4_29 
		 28: COPY TYPE_StringLiteral def_%cl_4_30 
		 29: COPY TYPE_StringLiteral def_%cl_4_31 
		 30: COPY TYPE_StringLiteral def_%cl_4_32 
		 31: COPY TYPE_StringLiteral def_%cl_4_33 
		 32: COPY TYPE_StringLiteral def_%cl_4_34 
		 33: COPY TYPE_StringLiteral def_%cl_4_35 
		 34: HASH- def_%cl_4_36 %cl_4_28[5.26,] %cl_4_29[5.27,] %cl_4_30[5.28,] %cl_4_31[5.29,] %cl_4_32[5.30,] %cl_4_33[5.31,] %cl_4_34[5.32,] %cl_4_35[5.33,] 
		 35: GETFIELD %self->order def_%cl_4_37 %self[5.24,2.0,] 
		 36: %self->options_for_select def_%cl_4_38 %self[5.24,2.0,] %cl_4_36[5.34,] %cl_4_37[5.35,] 	 ARGS:%cl_4_36,%cl_4_37,
		 37: %self->select_tag def_%cl_4_39 %self[5.24,5.36,2.0,] %cl_4_38[5.36,] 	 ARGS:Symbol,%cl_4_38,
		 38: 
		 39: COPY TYPE_StringLiteral def_%cl_4_40 
		 40: %self->submit_tag def_%cl_4_41 %self[5.24,5.36,5.37,2.0,] %cl_4_40[5.39,] 	 ARGS:%cl_4_40,
		 41: RETURN %cl_4_41[5.40,] %self[5.24,5.36,5.37,5.40,2.0,] 
BB 6
	outgoing: 8 
	datadep: 
	instructions:
		 0: def_%cl_4_42 
		 1: def_%cl_4_43 %cl_4_42[6.0,] 
		 2: RETURN %cl_4_43[6.1,] %self[2.0,] 
BB 8
	outgoing: 
	datadep: 
	instructions:
CLOSURE END: 
		 23: 
		 24: GETFIELD %self->trackers def_%cl_3_20 %self[3.2,3.5,3.9,3.13,3.17,3.20,3.22,2.0,] 
		 25: %cl_3_20->empty? def_%cl_3_21 %cl_3_20[3.24,] 	 ARGS:
		 26: BRANCH %cl_3_21[3.25,] 
BB 4
	outgoing: 9 
	datadep: 
	instructions:
		 0: COPY TYPE_Nil def_%cl_3_22 
		 1: RETURN %cl_3_22[4.0,] %self[2.0,] 
BB 5
	outgoing: 7 9 
	datadep: 
	instructions:
		 0: 
		 1: GETFIELD %self->trackers def_%cl_3_23 %self[2.0,] 
		 2: %cl_3_23->each def_%cl_3_24 %cl_3_23[5.1,] %self[2.0,] 	 ARGS:%cl_3_23,
CLOSURE BEGIN: tracker[5.2,] %self[2.0,] 
BB 1
	outgoing: 14 2 
	datadep: 
	instructions:
BB 2
	outgoing: 3 
	datadep: 
	instructions:
		 0: def_%self 
		 1: def_%cl_5_0 
		 2: RECEIVEARG def_tracker 
		 3: COPY TYPE_CurrentScope def_%current_scope 
		 4: COPY TYPE_ScopeModule def_%current_module 
BB 3
	outgoing: 4 5 12 
	datadep: 
	instructions:
		 0: 
		 1: tracker->state def_%cl_5_3 tracker[2.2,] 	 ARGS:
		 2: 
		 3: tracker->id def_%cl_5_4 tracker[3.1,2.2,] 	 ARGS:
		 4: %self->link_to def_%cl_5_5 %self[2.0,] %cl_5_4[3.3,] tracker[3.1,3.3,2.2,] 	 ARGS:%cl_5_4,tracker,
		 5: 
		 6: tracker->title def_%cl_5_6 tracker[3.1,3.3,2.2,] 	 ARGS:
		 7: %self->link_to def_%cl_5_7 %self[3.4,2.0,] %cl_5_6[3.6,] tracker[3.1,3.3,3.6,2.2,] 	 ARGS:%cl_5_6,tracker,
		 8: 
		 9: tracker->created_at def_%cl_5_8 tracker[3.1,3.3,3.6,2.2,] 	 ARGS:
		 10: %cl_5_8->to_s def_%cl_5_9 %cl_5_8[3.9,] 	 ARGS:Symbol,
		 11: 
		 12: tracker->assigned_to def_%cl_5_10 tracker[3.1,3.3,3.6,3.9,2.2,] 	 ARGS:
		 13: 
		 14: tracker->user def_%cl_5_11 tracker[3.1,3.3,3.6,3.9,3.12,2.2,] 	 ARGS:
		 15: BRANCH %cl_5_11[3.14,] 
BB 4
	outgoing: 6 12 
	datadep: 
	instructions:
		 0: tracker->user def_%cl_5_12 tracker[2.2,] 	 ARGS:
		 1: %cl_5_12->name def_%cl_5_13 %cl_5_12[4.0,] 	 ARGS:
		 2: tracker->user def_%cl_5_14 tracker[4.0,2.2,] 	 ARGS:
		 3: %self->link_to def_%cl_5_15 %self[2.0,] %cl_5_13[4.1,] %cl_5_14[4.2,] 	 ARGS:%cl_5_13,%cl_5_14,
		 4: 
BB 5
	outgoing: 6 
	datadep: 
	instructions:
		 0: COPY TYPE_StringLiteral def_%cl_5_16 
		 1: COPY TYPE_PASS def_%cl_5_15 %cl_5_16[5.0,] 
BB 6
	outgoing: 7 8 12 
	datadep: 
	instructions:
		 0: 
		 1: tracker->category_title def_%cl_5_17 tracker[2.2,] 	 ARGS:
		 2: COPY TYPE_StringLiteral def_%cl_5_18 
		 3: tracker->category_id def_%cl_5_19 tracker[6.1,2.2,] 	 ARGS:
		 4: BUILDSTRING def_%cl_5_20 %cl_5_18[6.2,] %cl_5_19[6.3,] 
		 5: %self->link_to def_%cl_5_21 %self[2.0,] %cl_5_17[6.1,] %cl_5_20[6.4,] 	 ARGS:%cl_5_17,%cl_5_20,
		 6: 
		 7: tracker->state_name def_%cl_5_22 tracker[6.1,6.3,2.2,] 	 ARGS:
		 8: 
		 9: tracker->score def_%cl_5_23 tracker[6.1,6.3,6.7,2.2,] 	 ARGS:
		 10: 
		 11: tracker->comments def_%cl_5_24 tracker[6.1,6.3,6.7,6.9,2.2,] 	 ARGS:
		 12: %cl_5_24->count def_%cl_5_25 %cl_5_24[6.11,] 	 ARGS:
		 13: 
		 14: %self->current_account def_%cl_5_26 %self[6.5,2.0,] 	 ARGS:
		 15: BRANCH %cl_5_26[6.14,] 
BB 7
	outgoing: 8 12 
	datadep: 
	instructions:
		 0: %self->current_account def_%cl_5_27 %self[2.0,] 	 ARGS:
		 1: %cl_5_27->can_update? def_%cl_5_28 %cl_5_27[7.0,] tracker[2.2,] 	 ARGS:tracker,
		 2: COPY TYPE_PASS def_%cl_5_26 %cl_5_28[7.1,] 
BB 8
	outgoing: 9 10 
	datadep: 
	instructions:
		 0: BRANCH %cl_5_26[7.2,6.14,] 
BB 9
	outgoing: 11 12 
	datadep: 
	instructions:
		 0: 
		 1: COPY TYPE_StringLiteral def_%cl_5_29 
		 2: COPY TYPE_StringLiteral def_%cl_5_30 
		 3: tracker->to_param def_%cl_5_31 tracker[2.2,] 	 ARGS:
		 4: COPY TYPE_StringLiteral def_%cl_5_32 
		 5: BUILDSTRING def_%cl_5_33 %cl_5_30[9.2,] %cl_5_31[9.3,] %cl_5_32[9.4,] 
		 6: %self->link_to def_%cl_5_34 %self[2.0,] %cl_5_29[9.1,] %cl_5_33[9.5,] 	 ARGS:%cl_5_29,%cl_5_33,
		 7: 
BB 10
	outgoing: 14 
	datadep: 
	instructions:
		 0: RETURN %self[2.0,] 
BB 11
	outgoing: 14 
	datadep: 
	instructions:
		 0: RETURN %cl_5_34[9.6,] %self[2.0,] 
BB 12
	outgoing: 14 
	datadep: 
	instructions:
		 0: def_%cl_5_35 
		 1: def_%cl_5_36 %cl_5_35[12.0,] 
		 2: RETURN %cl_5_36[12.1,] %self[2.0,] 
BB 14
	outgoing: 
	datadep: 
	instructions:
CLOSURE END: 
		 3: 
		 4: GETFIELD %self->trackers def_%cl_3_25 %self[2.0,] 
		 5: %self->paginate def_%cl_3_26 %self[2.0,] %cl_3_25[5.4,] 	 ARGS:%cl_3_25,
		 6: RETURN %cl_3_26[5.5,] %self[5.5,2.0,] 
BB 7
	outgoing: 9 
	datadep: 
	instructions:
		 0: def_%cl_3_27 
		 1: def_%cl_3_28 %cl_3_27[7.0,] 
		 2: RETURN %cl_3_28[7.1,] %self[2.0,] 
BB 9
	outgoing: 
	datadep: 
	instructions:
CLOSURE END: 
		 5: RETURN %v_79[22.4,] %self[22.1,22.3,17.4,19.6,14.5,11.5,10.6,9.8,8.6,7.3,6.1,4.1,4.5,2.0,] 
BB 23
	outgoing: 
	datadep: 
	instructions:

SET IRMethod, name = comments
BB 1
	outgoing: 3 2 
	datadep: 
	instructions:
BB 2
	outgoing: 3 
	datadep: 
	instructions:
		 0: def_%self 
		 1: def_%v_0 
		 2: COPY TYPE_CurrentScope def_%current_scope 
		 3: COPY TYPE_ScopeModule def_%current_module 
		 4: 
		 5: 
		 6: (Comment) def_%v_3 
		 7: %v_3->published def_%v_4 %v_3[2.6,] 	 ARGS:
		 8: %v_4->joins def_%v_5 %v_4[2.7,] 	 ARGS:Symbol,
		 9: COPY TYPE_StringLiteral def_%v_6 
		 10: COPY TYPE_StringLiteral def_%v_7 
		 11: HASH- def_%v_8 %v_6[2.9,] %v_7[2.10,] 
		 12: %v_5->where def_%v_9 %v_5[2.8,] %v_8[2.11,] 	 ARGS:%v_8,
		 13: COPY TYPE_StringLiteral def_%v_10 
		 14: %v_9->order def_%v_11 %v_9[2.12,] %v_10[2.13,] 	 ARGS:%v_10,
		 15: %v_11->limit def_%v_12 %v_11[2.14,] 	 ARGS:Fixnum,
		 16: ATTRASSIGN %self->comments %v_12[2.15,] 
		 17: 
		 18: %self->respond_to def_%v_13 %self[2.0,2.16,] %self[2.0,2.16,] 	 ARGS:%self,
CLOSURE BEGIN: wants[2.18,] 
BB 1
	outgoing: 6 2 
	datadep: 
	instructions:
BB 2
	outgoing: 3 
	datadep: 
	instructions:
		 0: def_%self 
		 1: def_%cl_1_0 
		 2: RECEIVEARG def_wants 
		 3: COPY TYPE_CurrentScope def_%current_scope 
		 4: COPY TYPE_ScopeModule def_%current_module 
BB 3
	outgoing: 4 6 
	datadep: 
	instructions:
		 0: 
		 1: wants->atom def_%cl_1_3 wants[2.2,] 	 ARGS:
		 2: RETURN %cl_1_3[3.1,] %self[2.0,] 
BB 4
	outgoing: 6 
	datadep: 
	instructions:
		 0: def_%cl_1_4 
		 1: def_%cl_1_5 %cl_1_4[4.0,] 
		 2: RETURN %cl_1_5[4.1,] %self[2.0,] 
BB 6
	outgoing: 
	datadep: 
	instructions:
CLOSURE END: 
		 19: RETURN %v_13[2.18,] %self[2.0,2.16,2.18,] 
BB 3
	outgoing: 
	datadep: 
	instructions:

SET IRMethod, name = show
BB 1
	outgoing: 6 2 
	datadep: 
	instructions:
BB 2
	outgoing: 3 4 
	datadep: 
	instructions:
		 0: def_%self 
		 1: def_%v_0 
		 2: COPY TYPE_CurrentScope def_%current_scope 
		 3: COPY TYPE_ScopeModule def_%current_module 
		 4: 
		 5: 
		 6: GETFIELD %self->tracker def_%v_3 %self[2.0,] 
		 7: %self->enforce_view_permission def_%v_4 %self[2.0,] %v_3[2.6,] 	 ARGS:%v_3,
		 8: 
		 9: GETFIELD %self->tracker def_%v_5 %self[2.0,2.7,] 
		 10: %self->params def_%v_6 %self[2.0,2.7,] 	 ARGS:
		 11: %v_6->[] def_%v_7 %v_6[2.10,] 	 ARGS:Symbol,
		 12: HASH-format- def_%v_8 %v_7[2.11,] 
		 13: %self->tracker_path def_%v_9 %self[2.0,2.7,2.10,] %v_5[2.9,] %v_8[2.12,] 	 ARGS:%v_5,%v_8,
		 14: COPY TYPE_PASS def_path %v_9[2.13,] 
		 15: 
		 16: %self->headers def_%v_10 %self[2.0,2.7,2.10,2.13,] 	 ARGS:
		 17: COPY TYPE_StringLiteral def_%v_11 
		 18: COPY TYPE_StringLiteral def_%v_12 
		 19: GETFIELD %self->tracker def_%v_13 %self[2.0,2.7,2.10,2.13,2.16,] 
		 20: %self->tracker_url def_%v_14 %self[2.0,2.7,2.10,2.13,2.16,] %v_13[2.19,] 	 ARGS:%v_13,
		 21: COPY TYPE_StringLiteral def_%v_15 
		 22: BUILDSTRING def_%v_16 %v_12[2.18,] %v_14[2.20,] %v_15[2.21,] 
		 23: ATTRASSIGN %v_10->[] %v_11[2.17,] %v_16[2.22,] 
		 24: 
		 25: %self->request def_%v_17 %self[2.0,2.7,2.10,2.13,2.16,2.20,] 	 ARGS:
		 26: %v_17->path def_%v_18 %v_17[2.25,] 	 ARGS:
		 27: %v_18->!= def_%v_19 %v_18[2.26,] path[2.14,] 	 ARGS:path,
		 28: BRANCH %v_19[2.27,] 
BB 3
	outgoing: 6 
	datadep: 
	instructions:
		 0: HASH-status- def_%v_20 
		 1: %self->redirect_to def_%v_21 %self[2.0,] path[2.14,] %v_20[3.0,] 	 ARGS:path,%v_20,
		 2: RETURN %v_21[3.1,] %self[3.1,2.0,] 
BB 4
	outgoing: 6 
	datadep: 
	instructions:
		 0: RETURN %self[2.0,] 
BB 6
	outgoing: 
	datadep: 
	instructions:

SET IRMethod, name = new
BB 1
	outgoing: 3 2 
	datadep: 
	instructions:
BB 2
	outgoing: 3 
	datadep: 
	instructions:
		 0: def_%self 
		 1: def_%v_0 
		 2: COPY TYPE_CurrentScope def_%current_scope 
		 3: COPY TYPE_ScopeModule def_%current_module 
		 4: 
		 5: 
		 6: (Tracker) def_%v_3 
		 7: %v_3->new def_%v_4 %v_3[2.6,] 	 ARGS:
		 8: ATTRASSIGN %self->tracker %v_4[2.7,] 
		 9: 
		 10: %self->ruby_code_from_view def_%v_5 %self[2.0,2.8,] 	 ARGS:
		 11: %v_5->ruby_code_from_view def_%v_6 %v_5[2.10,] %self[2.0,2.8,2.10,] 	 ARGS:%v_5,
CLOSURE BEGIN: %self[2.0,2.8,2.10,] 
BB 1
	outgoing: 9 2 
	datadep: 
	instructions:
BB 2
	outgoing: 3 
	datadep: 
	instructions:
		 0: def_%self 
		 1: def_%cl_1_0 
		 2: RECEIVEARG def_rb_from_view 
		 3: COPY TYPE_CurrentScope def_%current_scope 
		 4: COPY TYPE_ScopeModule def_%current_module 
BB 3
	outgoing: 4 5 7 
	datadep: 
	instructions:
		 0: 
		 1: COPY TYPE_StringLiteral def_%cl_1_3 
		 2: %self->h1 def_%cl_1_4 %self[2.0,] %cl_1_3[3.1,] 	 ARGS:%cl_1_3,
		 3: 
		 4: 
		 5: GETFIELD %self->preview_mode def_%cl_1_5 %self[3.2,2.0,] 
		 6: BRANCH %cl_1_5[3.5,] 
BB 4
	outgoing: 6 7 
	datadep: 
	instructions:
		 0: %self->preview def_%cl_1_6 %self[2.0,] 	 ARGS:
		 1: %self->article_for def_%cl_1_7 %self[4.0,2.0,] %cl_1_6[4.0,] %self[4.0,2.0,] 	 ARGS:%cl_1_6,%self,
CLOSURE BEGIN: %self[4.0,2.0,] c[4.1,] 
BB 1
	outgoing: 6 2 
	datadep: 
	instructions:
BB 2
	outgoing: 3 
	datadep: 
	instructions:
		 0: def_%self 
		 1: def_%cl_2_0 
		 2: RECEIVEARG def_c 
		 3: COPY TYPE_CurrentScope def_%current_scope 
		 4: COPY TYPE_ScopeModule def_%current_module 
BB 3
	outgoing: 4 6 
	datadep: 
	instructions:
		 0: 
		 1: COPY TYPE_StringLiteral def_%cl_2_3 
		 2: %self->preview def_%cl_2_4 %self[2.0,] 	 ARGS:
		 3: %cl_2_4->category_title def_%cl_2_5 %cl_2_4[3.2,] 	 ARGS:
		 4: BUILDSTRING def_%cl_2_6 %cl_2_3[3.1,] %cl_2_5[3.3,] 
		 5: COPY TYPE_StringLiteral def_%cl_2_7 
		 6: COPY TYPE_StringLiteral def_%cl_2_8 
		 7: HASH-class- def_%cl_2_9 %cl_2_8[3.6,] 
		 8: %self->link_to def_%cl_2_10 %self[3.2,2.0,] %cl_2_6[3.4,] %cl_2_7[3.5,] %cl_2_9[3.7,] 	 ARGS:%cl_2_6,%cl_2_7,%cl_2_9,
		 9: COPY TYPE_StringLiteral def_%cl_2_11 
		 10: %self->preview def_%cl_2_12 %self[3.2,3.8,2.0,] 	 ARGS:
		 11: %cl_2_12->title def_%cl_2_13 %cl_2_12[3.10,] 	 ARGS:
		 12: %self->spellcheck def_%cl_2_14 %self[3.2,3.8,3.10,2.0,] %cl_2_13[3.11,] 	 ARGS:%cl_2_13,
		 13: %self->preview def_%cl_2_15 %self[3.2,3.8,3.10,3.12,2.0,] 	 ARGS:
		 14: %self->link_to def_%cl_2_16 %self[3.2,3.8,3.10,3.12,3.13,2.0,] %cl_2_14[3.12,] %cl_2_15[3.13,] 	 ARGS:%cl_2_14,%cl_2_15,
		 15: BUILDSTRING def_%cl_2_17 %cl_2_10[3.8,] %cl_2_11[3.9,] %cl_2_16[3.14,] 
		 16: %cl_2_17->html_safe def_%cl_2_18 %cl_2_17[3.15,] 	 ARGS:
		 17: ATTRASSIGN c->title %cl_2_18[3.16,] 
		 18: 
		 19: %self->preview def_%cl_2_19 %self[3.2,3.8,3.10,3.12,3.13,3.14,2.0,] 	 ARGS:
		 20: %cl_2_19->body def_%cl_2_20 %cl_2_19[3.19,] 	 ARGS:
		 21: %self->spellcheck def_%cl_2_21 %self[3.2,3.8,3.10,3.12,3.13,3.14,3.19,2.0,] %cl_2_20[3.20,] 	 ARGS:%cl_2_20,
		 22: ATTRASSIGN c->body %cl_2_21[3.21,] 
		 23: RETURN %cl_2_21[3.21,] %self[3.2,3.8,3.10,3.12,3.13,3.14,3.19,3.21,2.0,] 
BB 4
	outgoing: 6 
	datadep: 
	instructions:
		 0: def_%cl_2_22 
		 1: def_%cl_2_23 %cl_2_22[4.0,] 
		 2: RETURN %cl_2_23[4.1,] %self[2.0,] 
BB 6
	outgoing: 
	datadep: 
	instructions:
CLOSURE END: 
		 2: 
BB 5
	outgoing: 6 7 
	datadep: 
	instructions:
		 0: 
		 1: COPY TYPE_StringLiteral def_%cl_1_8 
		 2: COPY TYPE_StringLiteral def_%cl_1_9 
		 3: COPY TYPE_StringLiteral def_%cl_1_10 
		 4: HASH-alt-title- def_%cl_1_11 %cl_1_9[5.2,] %cl_1_10[5.3,] 
		 5: %self->image_tag def_%cl_1_12 %self[2.0,] %cl_1_8[5.1,] %cl_1_11[5.4,] 	 ARGS:%cl_1_8,%cl_1_11,
		 6: COPY TYPE_PASS def_%cl_1_7 %cl_1_12[5.5,] 
BB 6
	outgoing: 7 9 
	datadep: 
	instructions:
		 0: 
		 1: GETFIELD %self->tracker def_%cl_1_13 %self[2.0,] 
		 2: %self->form_for def_%cl_1_14 %self[2.0,] %cl_1_13[6.1,] %self[2.0,] 	 ARGS:%cl_1_13,%self,
CLOSURE BEGIN: %self[2.0,] form[6.2,] 
BB 1
	outgoing: 6 2 
	datadep: 
	instructions:
BB 2
	outgoing: 3 
	datadep: 
	instructions:
		 0: def_%self 
		 1: def_%cl_3_0 
		 2: RECEIVEARG def_form 
		 3: COPY TYPE_CurrentScope def_%current_scope 
		 4: COPY TYPE_ScopeModule def_%current_module 
BB 3
	outgoing: 4 6 
	datadep: 
	instructions:
		 0: 
		 1: %self->render def_%cl_3_3 %self[2.0,] form[2.2,] 	 ARGS:form,
		 2: RETURN %cl_3_3[3.1,] %self[3.1,2.0,] 
BB 4
	outgoing: 6 
	datadep: 
	instructions:
		 0: def_%cl_3_4 
		 1: def_%cl_3_5 %cl_3_4[4.0,] 
		 2: RETURN %cl_3_5[4.1,] %self[2.0,] 
BB 6
	outgoing: 
	datadep: 
	instructions:
CLOSURE END: 
		 3: 
		 4: COPY TYPE_StringLiteral def_%cl_1_15 
		 5: COPY TYPE_StringLiteral def_%cl_1_16 
		 6: COPY TYPE_StringLiteral def_%cl_1_17 
		 7: COPY TYPE_StringLiteral def_%cl_1_18 
		 8: HASH-alt-title-class- def_%cl_1_19 %cl_1_16[6.5,] %cl_1_17[6.6,] %cl_1_18[6.7,] 
		 9: %self->image_tag def_%cl_1_20 %self[6.2,2.0,] %cl_1_15[6.4,] %cl_1_19[6.8,] 	 ARGS:%cl_1_15,%cl_1_19,
		 10: RETURN %cl_1_20[6.9,] %self[6.2,6.9,2.0,] 
BB 7
	outgoing: 9 
	datadep: 
	instructions:
		 0: def_%cl_1_21 
		 1: def_%cl_1_22 %cl_1_21[7.0,] 
		 2: RETURN %cl_1_22[7.1,] %self[2.0,] 
BB 9
	outgoing: 
	datadep: 
	instructions:
CLOSURE END: 
		 12: RETURN %v_6[2.11,] %self[2.0,2.8,2.10,] 
BB 3
	outgoing: 
	datadep: 
	instructions:

SET IRMethod, name = create
BB 1
	outgoing: 8 2 
	datadep: 
	instructions:
BB 2
	outgoing: 3 4 
	datadep: 
	instructions:
		 0: def_%self 
		 1: def_%v_0 
		 2: COPY TYPE_CurrentScope def_%current_scope 
		 3: COPY TYPE_ScopeModule def_%current_module 
		 4: 
		 5: 
		 6: (Tracker) def_%v_3 
		 7: %self->tracker_params def_%v_4 %self[2.0,] 	 ARGS:
		 8: %v_3->new def_%v_5 %v_3[2.6,] %v_4[2.7,] 	 ARGS:%v_4,
		 9: ATTRASSIGN %self->tracker %v_5[2.8,] 
		 10: 
		 11: GETFIELD %self->tracker def_%v_6 %self[2.0,2.7,2.9,] 
		 12: %self->current_user def_%v_7 %self[2.0,2.7,2.9,] 	 ARGS:
		 13: %v_7->try def_%v_8 %v_7[2.12,] 	 ARGS:Symbol,
		 14: ATTRASSIGN %v_6->tmp_owner_id %v_8[2.13,] 
		 15: 
		 16: %self->preview_mode def_%v_9 %self[2.0,2.7,2.9,2.12,] 	 ARGS:
		 17: %v_9->! def_%v_10 %v_9[2.16,] 	 ARGS:
		 18: BRANCH %v_10[2.17,] 
BB 3
	outgoing: 4 
	datadep: 
	instructions:
		 0: GETFIELD %self->tracker def_%v_11 %self[2.0,2.9,] 
		 1: %v_11->save def_%v_12 %v_11[3.0,] 	 ARGS:
		 2: COPY TYPE_PASS def_%v_10 %v_12[3.1,] 
BB 4
	outgoing: 5 6 
	datadep: 
	instructions:
		 0: BRANCH %v_10[3.2,2.17,] 
BB 5
	outgoing: 8 
	datadep: 
	instructions:
		 0: 
		 1: GETFIELD %self->tracker def_%v_13 %self[2.0,2.9,] 
		 2: COPY TYPE_StringLiteral def_%v_14 
		 3: HASH-notice- def_%v_15 %v_14[5.2,] 
		 4: %self->redirect_to def_%v_16 %self[2.0,2.9,] %v_13[5.1,] %v_15[5.3,] 	 ARGS:%v_13,%v_15,
		 5: RETURN %v_16[5.4,] %self[5.4,2.0,2.9,] 
BB 6
	outgoing: 8 
	datadep: 
	instructions:
		 0: 
		 1: GETFIELD %self->tracker def_%v_17 %self[2.0,2.9,] 
		 2: (Node) def_%v_18 
		 3: %v_18->new def_%v_19 %v_18[6.2,] 	 ARGS:
		 4: ATTRASSIGN %v_17->node %v_19[6.3,] 
		 5: 
		 6: GETFIELD %self->tracker def_%v_20 %self[2.0,2.9,] 
		 7: %v_20->valid? def_%v_21 %v_20[6.6,] 	 ARGS:
		 8: 
		 9: %self->ruby_code_from_view def_%v_22 %self[2.0,2.9,] 	 ARGS:
		 10: %v_22->ruby_code_from_view def_%v_23 %v_22[6.9,] %self[6.9,2.0,2.9,] 	 ARGS:%v_22,
CLOSURE BEGIN: %self[6.9,2.0,2.9,] 
BB 1
	outgoing: 9 2 
	datadep: 
	instructions:
BB 2
	outgoing: 3 
	datadep: 
	instructions:
		 0: def_%self 
		 1: def_%cl_1_0 
		 2: RECEIVEARG def_rb_from_view 
		 3: COPY TYPE_CurrentScope def_%current_scope 
		 4: COPY TYPE_ScopeModule def_%current_module 
BB 3
	outgoing: 4 5 7 
	datadep: 
	instructions:
		 0: 
		 1: COPY TYPE_StringLiteral def_%cl_1_3 
		 2: %self->h1 def_%cl_1_4 %self[2.0,] %cl_1_3[3.1,] 	 ARGS:%cl_1_3,
		 3: 
		 4: 
		 5: GETFIELD %self->preview_mode def_%cl_1_5 %self[3.2,2.0,] 
		 6: BRANCH %cl_1_5[3.5,] 
BB 4
	outgoing: 6 7 
	datadep: 
	instructions:
		 0: %self->preview def_%cl_1_6 %self[2.0,] 	 ARGS:
		 1: %self->article_for def_%cl_1_7 %self[4.0,2.0,] %cl_1_6[4.0,] %self[4.0,2.0,] 	 ARGS:%cl_1_6,%self,
CLOSURE BEGIN: %self[4.0,2.0,] c[4.1,] 
BB 1
	outgoing: 6 2 
	datadep: 
	instructions:
BB 2
	outgoing: 3 
	datadep: 
	instructions:
		 0: def_%self 
		 1: def_%cl_2_0 
		 2: RECEIVEARG def_c 
		 3: COPY TYPE_CurrentScope def_%current_scope 
		 4: COPY TYPE_ScopeModule def_%current_module 
BB 3
	outgoing: 4 6 
	datadep: 
	instructions:
		 0: 
		 1: COPY TYPE_StringLiteral def_%cl_2_3 
		 2: %self->preview def_%cl_2_4 %self[2.0,] 	 ARGS:
		 3: %cl_2_4->category_title def_%cl_2_5 %cl_2_4[3.2,] 	 ARGS:
		 4: BUILDSTRING def_%cl_2_6 %cl_2_3[3.1,] %cl_2_5[3.3,] 
		 5: COPY TYPE_StringLiteral def_%cl_2_7 
		 6: COPY TYPE_StringLiteral def_%cl_2_8 
		 7: HASH-class- def_%cl_2_9 %cl_2_8[3.6,] 
		 8: %self->link_to def_%cl_2_10 %self[3.2,2.0,] %cl_2_6[3.4,] %cl_2_7[3.5,] %cl_2_9[3.7,] 	 ARGS:%cl_2_6,%cl_2_7,%cl_2_9,
		 9: COPY TYPE_StringLiteral def_%cl_2_11 
		 10: %self->preview def_%cl_2_12 %self[3.2,3.8,2.0,] 	 ARGS:
		 11: %cl_2_12->title def_%cl_2_13 %cl_2_12[3.10,] 	 ARGS:
		 12: %self->spellcheck def_%cl_2_14 %self[3.2,3.8,3.10,2.0,] %cl_2_13[3.11,] 	 ARGS:%cl_2_13,
		 13: %self->preview def_%cl_2_15 %self[3.2,3.8,3.10,3.12,2.0,] 	 ARGS:
		 14: %self->link_to def_%cl_2_16 %self[3.2,3.8,3.10,3.12,3.13,2.0,] %cl_2_14[3.12,] %cl_2_15[3.13,] 	 ARGS:%cl_2_14,%cl_2_15,
		 15: BUILDSTRING def_%cl_2_17 %cl_2_10[3.8,] %cl_2_11[3.9,] %cl_2_16[3.14,] 
		 16: %cl_2_17->html_safe def_%cl_2_18 %cl_2_17[3.15,] 	 ARGS:
		 17: ATTRASSIGN c->title %cl_2_18[3.16,] 
		 18: 
		 19: %self->preview def_%cl_2_19 %self[3.2,3.8,3.10,3.12,3.13,3.14,2.0,] 	 ARGS:
		 20: %cl_2_19->body def_%cl_2_20 %cl_2_19[3.19,] 	 ARGS:
		 21: %self->spellcheck def_%cl_2_21 %self[3.2,3.8,3.10,3.12,3.13,3.14,3.19,2.0,] %cl_2_20[3.20,] 	 ARGS:%cl_2_20,
		 22: ATTRASSIGN c->body %cl_2_21[3.21,] 
		 23: RETURN %cl_2_21[3.21,] %self[3.2,3.8,3.10,3.12,3.13,3.14,3.19,3.21,2.0,] 
BB 4
	outgoing: 6 
	datadep: 
	instructions:
		 0: def_%cl_2_22 
		 1: def_%cl_2_23 %cl_2_22[4.0,] 
		 2: RETURN %cl_2_23[4.1,] %self[2.0,] 
BB 6
	outgoing: 
	datadep: 
	instructions:
CLOSURE END: 
		 2: 
BB 5
	outgoing: 6 7 
	datadep: 
	instructions:
		 0: 
		 1: COPY TYPE_StringLiteral def_%cl_1_8 
		 2: COPY TYPE_StringLiteral def_%cl_1_9 
		 3: COPY TYPE_StringLiteral def_%cl_1_10 
		 4: HASH-alt-title- def_%cl_1_11 %cl_1_9[5.2,] %cl_1_10[5.3,] 
		 5: %self->image_tag def_%cl_1_12 %self[2.0,] %cl_1_8[5.1,] %cl_1_11[5.4,] 	 ARGS:%cl_1_8,%cl_1_11,
		 6: COPY TYPE_PASS def_%cl_1_7 %cl_1_12[5.5,] 
BB 6
	outgoing: 7 9 
	datadep: 
	instructions:
		 0: 
		 1: GETFIELD %self->tracker def_%cl_1_13 %self[2.0,] 
		 2: %self->form_for def_%cl_1_14 %self[2.0,] %cl_1_13[6.1,] %self[2.0,] 	 ARGS:%cl_1_13,%self,
CLOSURE BEGIN: %self[2.0,] form[6.2,] 
BB 1
	outgoing: 6 2 
	datadep: 
	instructions:
BB 2
	outgoing: 3 
	datadep: 
	instructions:
		 0: def_%self 
		 1: def_%cl_3_0 
		 2: RECEIVEARG def_form 
		 3: COPY TYPE_CurrentScope def_%current_scope 
		 4: COPY TYPE_ScopeModule def_%current_module 
BB 3
	outgoing: 4 6 
	datadep: 
	instructions:
		 0: 
		 1: %self->render def_%cl_3_3 %self[2.0,] form[2.2,] 	 ARGS:form,
		 2: RETURN %cl_3_3[3.1,] %self[3.1,2.0,] 
BB 4
	outgoing: 6 
	datadep: 
	instructions:
		 0: def_%cl_3_4 
		 1: def_%cl_3_5 %cl_3_4[4.0,] 
		 2: RETURN %cl_3_5[4.1,] %self[2.0,] 
BB 6
	outgoing: 
	datadep: 
	instructions:
CLOSURE END: 
		 3: 
		 4: COPY TYPE_StringLiteral def_%cl_1_15 
		 5: COPY TYPE_StringLiteral def_%cl_1_16 
		 6: COPY TYPE_StringLiteral def_%cl_1_17 
		 7: COPY TYPE_StringLiteral def_%cl_1_18 
		 8: HASH-alt-title-class- def_%cl_1_19 %cl_1_16[6.5,] %cl_1_17[6.6,] %cl_1_18[6.7,] 
		 9: %self->image_tag def_%cl_1_20 %self[6.2,2.0,] %cl_1_15[6.4,] %cl_1_19[6.8,] 	 ARGS:%cl_1_15,%cl_1_19,
		 10: RETURN %cl_1_20[6.9,] %self[6.2,6.9,2.0,] 
BB 7
	outgoing: 9 
	datadep: 
	instructions:
		 0: def_%cl_1_21 
		 1: def_%cl_1_22 %cl_1_21[7.0,] 
		 2: RETURN %cl_1_22[7.1,] %self[2.0,] 
BB 9
	outgoing: 
	datadep: 
	instructions:
CLOSURE END: 
		 11: RETURN %v_23[6.10,] %self[6.9,2.0,2.9,] 
BB 8
	outgoing: 
	datadep: 
	instructions:

SET IRMethod, name = edit
BB 1
	outgoing: 5 2 
	datadep: 
	instructions:
BB 2
	outgoing: 3 4 
	datadep: 
	instructions:
		 0: def_%self 
		 1: def_%v_0 
		 2: COPY TYPE_CurrentScope def_%current_scope 
		 3: COPY TYPE_ScopeModule def_%current_module 
		 4: 
		 5: 
		 6: GETFIELD %self->tracker def_%v_3 %self[2.0,] 
		 7: %self->enforce_update_permission def_%v_4 %self[2.0,] %v_3[2.6,] 	 ARGS:%v_3,
		 8: 
		 9: GETFIELD %self->tracker def_%v_7 %self[2.0,2.7,] 
		 10: %v_7->assigned_to_user def_%v_5 %v_7[2.9,] 	 ARGS:
		 11: BRANCH %v_5[2.10,] 
BB 3
	outgoing: 4 
	datadep: 
	instructions:
		 0: %self->current_user def_%v_8 %self[2.0,] 	 ARGS:
		 1: %v_7->assigned_to_user= def_%v_6 %v_8[3.0,] 	 ARGS:%v_8,
		 2: COPY TYPE_PASS def_%v_5 %v_8[3.0,] 
BB 4
	outgoing: 5 
	datadep: 
	instructions:
		 0: 
		 1: %self->ruby_code_from_view def_%v_9 %self[2.0,] 	 ARGS:
		 2: %v_9->ruby_code_from_view def_%v_10 %v_9[4.1,] %self[4.1,2.0,] 	 ARGS:%v_9,
CLOSURE BEGIN: %self[4.1,2.0,] 
BB 1
	outgoing: 6 2 
	datadep: 
	instructions:
BB 2
	outgoing: 3 
	datadep: 
	instructions:
		 0: def_%self 
		 1: def_%cl_1_0 
		 2: RECEIVEARG def_rb_from_view 
		 3: COPY TYPE_CurrentScope def_%current_scope 
		 4: COPY TYPE_ScopeModule def_%current_module 
BB 3
	outgoing: 4 6 
	datadep: 
	instructions:
		 0: 
		 1: COPY TYPE_StringLiteral def_%cl_1_3 
		 2: %self->h1 def_%cl_1_4 %self[2.0,] %cl_1_3[3.1,] 	 ARGS:%cl_1_3,
		 3: 
		 4: %self->preview def_%cl_1_5 %self[3.2,2.0,] 	 ARGS:
		 5: %self->article_for def_%cl_1_6 %self[3.2,3.4,2.0,] %cl_1_5[3.4,] %self[3.2,3.4,2.0,] 	 ARGS:%cl_1_5,%self,
CLOSURE BEGIN: %self[3.2,3.4,2.0,] c[3.5,] 
BB 1
	outgoing: 6 2 
	datadep: 
	instructions:
BB 2
	outgoing: 3 
	datadep: 
	instructions:
		 0: def_%self 
		 1: def_%cl_2_0 
		 2: RECEIVEARG def_c 
		 3: COPY TYPE_CurrentScope def_%current_scope 
		 4: COPY TYPE_ScopeModule def_%current_module 
BB 3
	outgoing: 4 6 
	datadep: 
	instructions:
		 0: 
		 1: COPY TYPE_StringLiteral def_%cl_2_3 
		 2: %self->preview def_%cl_2_4 %self[2.0,] 	 ARGS:
		 3: %cl_2_4->category_title def_%cl_2_5 %cl_2_4[3.2,] 	 ARGS:
		 4: BUILDSTRING def_%cl_2_6 %cl_2_3[3.1,] %cl_2_5[3.3,] 
		 5: COPY TYPE_StringLiteral def_%cl_2_7 
		 6: COPY TYPE_StringLiteral def_%cl_2_8 
		 7: HASH-class- def_%cl_2_9 %cl_2_8[3.6,] 
		 8: %self->link_to def_%cl_2_10 %self[3.2,2.0,] %cl_2_6[3.4,] %cl_2_7[3.5,] %cl_2_9[3.7,] 	 ARGS:%cl_2_6,%cl_2_7,%cl_2_9,
		 9: COPY TYPE_StringLiteral def_%cl_2_11 
		 10: %self->preview def_%cl_2_12 %self[3.2,3.8,2.0,] 	 ARGS:
		 11: %cl_2_12->title def_%cl_2_13 %cl_2_12[3.10,] 	 ARGS:
		 12: %self->spellcheck def_%cl_2_14 %self[3.2,3.8,3.10,2.0,] %cl_2_13[3.11,] 	 ARGS:%cl_2_13,
		 13: %self->preview def_%cl_2_15 %self[3.2,3.8,3.10,3.12,2.0,] 	 ARGS:
		 14: %self->link_to def_%cl_2_16 %self[3.2,3.8,3.10,3.12,3.13,2.0,] %cl_2_14[3.12,] %cl_2_15[3.13,] 	 ARGS:%cl_2_14,%cl_2_15,
		 15: BUILDSTRING def_%cl_2_17 %cl_2_10[3.8,] %cl_2_11[3.9,] %cl_2_16[3.14,] 
		 16: %cl_2_17->html_safe def_%cl_2_18 %cl_2_17[3.15,] 	 ARGS:
		 17: ATTRASSIGN c->title %cl_2_18[3.16,] 
		 18: 
		 19: %self->preview def_%cl_2_19 %self[3.2,3.8,3.10,3.12,3.13,3.14,2.0,] 	 ARGS:
		 20: %cl_2_19->body def_%cl_2_20 %cl_2_19[3.19,] 	 ARGS:
		 21: %self->spellcheck def_%cl_2_21 %self[3.2,3.8,3.10,3.12,3.13,3.14,3.19,2.0,] %cl_2_20[3.20,] 	 ARGS:%cl_2_20,
		 22: ATTRASSIGN c->body %cl_2_21[3.21,] 
		 23: RETURN %cl_2_21[3.21,] %self[3.2,3.8,3.10,3.12,3.13,3.14,3.19,3.21,2.0,] 
BB 4
	outgoing: 6 
	datadep: 
	instructions:
		 0: def_%cl_2_22 
		 1: def_%cl_2_23 %cl_2_22[4.0,] 
		 2: RETURN %cl_2_23[4.1,] %self[2.0,] 
BB 6
	outgoing: 
	datadep: 
	instructions:
CLOSURE END: 
		 6: 
		 7: GETFIELD %self->tracker def_%cl_1_7 %self[3.2,3.4,3.5,2.0,] 
		 8: %self->form_for def_%cl_1_8 %self[3.2,3.4,3.5,2.0,] %cl_1_7[3.7,] %self[3.2,3.4,3.5,2.0,] 	 ARGS:%cl_1_7,%self,
CLOSURE BEGIN: %self[3.2,3.4,3.5,2.0,] form[3.8,] 
BB 1
	outgoing: 6 2 
	datadep: 
	instructions:
BB 2
	outgoing: 3 
	datadep: 
	instructions:
		 0: def_%self 
		 1: def_%cl_3_0 
		 2: RECEIVEARG def_form 
		 3: COPY TYPE_CurrentScope def_%current_scope 
		 4: COPY TYPE_ScopeModule def_%current_module 
BB 3
	outgoing: 4 6 
	datadep: 
	instructions:
		 0: 
		 1: %self->render def_%cl_3_3 %self[2.0,] form[2.2,] 	 ARGS:form,
		 2: RETURN %cl_3_3[3.1,] %self[3.1,2.0,] 
BB 4
	outgoing: 6 
	datadep: 
	instructions:
		 0: def_%cl_3_4 
		 1: def_%cl_3_5 %cl_3_4[4.0,] 
		 2: RETURN %cl_3_5[4.1,] %self[2.0,] 
BB 6
	outgoing: 
	datadep: 
	instructions:
CLOSURE END: 
		 9: 
		 10: COPY TYPE_StringLiteral def_%cl_1_9 
		 11: GETFIELD %self->tracker def_%cl_1_10 %self[3.2,3.4,3.5,3.8,2.0,] 
		 12: COPY TYPE_StringLiteral def_%cl_1_11 
		 13: HASH-confirm- def_%cl_1_12 %cl_1_11[3.12,] 
		 14: COPY TYPE_StringLiteral def_%cl_1_13 
		 15: HASH-method-data-class- def_%cl_1_14 %cl_1_12[3.13,] %cl_1_13[3.14,] 
		 16: %self->button_to def_%cl_1_15 %self[3.2,3.4,3.5,3.8,2.0,] %cl_1_9[3.10,] %cl_1_10[3.11,] %cl_1_14[3.15,] 	 ARGS:%cl_1_9,%cl_1_10,%cl_1_14,
		 17: 
		 18: COPY TYPE_StringLiteral def_%cl_1_16 
		 19: COPY TYPE_StringLiteral def_%cl_1_17 
		 20: COPY TYPE_StringLiteral def_%cl_1_18 
		 21: COPY TYPE_StringLiteral def_%cl_1_19 
		 22: HASH-alt-title-class- def_%cl_1_20 %cl_1_17[3.19,] %cl_1_18[3.20,] %cl_1_19[3.21,] 
		 23: %self->image_tag def_%cl_1_21 %self[3.2,3.4,3.5,3.8,3.16,2.0,] %cl_1_16[3.18,] %cl_1_20[3.22,] 	 ARGS:%cl_1_16,%cl_1_20,
		 24: RETURN %cl_1_21[3.23,] %self[3.2,3.4,3.5,3.8,3.16,3.23,2.0,] 
BB 4
	outgoing: 6 
	datadep: 
	instructions:
		 0: def_%cl_1_22 
		 1: def_%cl_1_23 %cl_1_22[4.0,] 
		 2: RETURN %cl_1_23[4.1,] %self[2.0,] 
BB 6
	outgoing: 
	datadep: 
	instructions:
CLOSURE END: 
		 3: RETURN %v_10[4.2,] %self[4.1,2.0,] 
BB 5
	outgoing: 
	datadep: 
	instructions:

SET IRMethod, name = update
BB 1
	outgoing: 11 2 
	datadep: 
	instructions:
BB 2
	outgoing: 3 4 
	datadep: 
	instructions:
		 0: def_%self 
		 1: def_%v_0 
		 2: COPY TYPE_CurrentScope def_%current_scope 
		 3: COPY TYPE_ScopeModule def_%current_module 
		 4: 
		 5: 
		 6: GETFIELD %self->tracker def_%v_3 %self[2.0,] 
		 7: %self->enforce_update_permission def_%v_4 %self[2.0,] %v_3[2.6,] 	 ARGS:%v_3,
		 8: 
		 9: GETFIELD %self->tracker def_%v_5 %self[2.0,2.7,] 
		 10: %self->tracker_params def_%v_6 %self[2.0,2.7,] 	 ARGS:
		 11: ATTRASSIGN %v_5->attributes %v_6[2.10,] 
		 12: 
		 13: %self->preview_mode def_%v_7 %self[2.0,2.7,2.10,] 	 ARGS:
		 14: %v_7->! def_%v_8 %v_7[2.13,] 	 ARGS:
		 15: BRANCH %v_8[2.14,] 
BB 3
	outgoing: 4 
	datadep: 
	instructions:
		 0: GETFIELD %self->tracker def_%v_9 %self[2.0,] 
		 1: %v_9->save def_%v_10 %v_9[3.0,] 	 ARGS:
		 2: COPY TYPE_PASS def_%v_8 %v_10[3.1,] 
BB 4
	outgoing: 5 6 
	datadep: 
	instructions:
		 0: BRANCH %v_8[3.2,2.14,] 
BB 5
	outgoing: 11 
	datadep: 
	instructions:
		 0: 
		 1: GETFIELD %self->tracker def_%v_11 %self[2.0,] 
		 2: COPY TYPE_StringLiteral def_%v_12 
		 3: HASH-notice- def_%v_13 %v_12[5.2,] 
		 4: %self->redirect_to def_%v_14 %self[2.0,] %v_11[5.1,] %v_13[5.3,] 	 ARGS:%v_11,%v_13,
		 5: RETURN %v_14[5.4,] %self[5.4,2.0,] 
BB 6
	outgoing: 7 8 
	datadep: 
	instructions:
		 0: 
		 1: GETFIELD %self->tracker def_%v_15 %self[2.0,] 
		 2: %v_15->valid? def_%v_16 %v_15[6.1,] 	 ARGS:
		 3: BRANCH %v_16[6.2,] 
BB 7
	outgoing: 9 
	datadep: 
	instructions:
		 0: COPY TYPE_Nil def_%v_17 
		 1: 
BB 8
	outgoing: 9 
	datadep: 
	instructions:
		 0: %self->flash def_%v_18 %self[2.0,] 	 ARGS:
		 1: %v_18->now def_%v_19 %v_18[8.0,] 	 ARGS:
		 2: COPY TYPE_StringLiteral def_%v_20 
		 3: ATTRASSIGN %v_19->[] %v_20[8.2,] 
		 4: COPY TYPE_PASS def_%v_17 %v_20[8.2,] 
BB 9
	outgoing: 11 
	datadep: 
	instructions:
		 0: 
		 1: %self->ruby_code_from_view def_%v_21 %self[2.0,] 	 ARGS:
		 2: %v_21->ruby_code_from_view def_%v_22 %v_21[9.1,] %self[9.1,2.0,] 	 ARGS:%v_21,
CLOSURE BEGIN: %self[9.1,2.0,] 
BB 1
	outgoing: 6 2 
	datadep: 
	instructions:
BB 2
	outgoing: 3 
	datadep: 
	instructions:
		 0: def_%self 
		 1: def_%cl_1_0 
		 2: RECEIVEARG def_rb_from_view 
		 3: COPY TYPE_CurrentScope def_%current_scope 
		 4: COPY TYPE_ScopeModule def_%current_module 
BB 3
	outgoing: 4 6 
	datadep: 
	instructions:
		 0: 
		 1: COPY TYPE_StringLiteral def_%cl_1_3 
		 2: %self->h1 def_%cl_1_4 %self[2.0,] %cl_1_3[3.1,] 	 ARGS:%cl_1_3,
		 3: 
		 4: %self->preview def_%cl_1_5 %self[3.2,2.0,] 	 ARGS:
		 5: %self->article_for def_%cl_1_6 %self[3.2,3.4,2.0,] %cl_1_5[3.4,] %self[3.2,3.4,2.0,] 	 ARGS:%cl_1_5,%self,
CLOSURE BEGIN: %self[3.2,3.4,2.0,] c[3.5,] 
BB 1
	outgoing: 6 2 
	datadep: 
	instructions:
BB 2
	outgoing: 3 
	datadep: 
	instructions:
		 0: def_%self 
		 1: def_%cl_2_0 
		 2: RECEIVEARG def_c 
		 3: COPY TYPE_CurrentScope def_%current_scope 
		 4: COPY TYPE_ScopeModule def_%current_module 
BB 3
	outgoing: 4 6 
	datadep: 
	instructions:
		 0: 
		 1: COPY TYPE_StringLiteral def_%cl_2_3 
		 2: %self->preview def_%cl_2_4 %self[2.0,] 	 ARGS:
		 3: %cl_2_4->category_title def_%cl_2_5 %cl_2_4[3.2,] 	 ARGS:
		 4: BUILDSTRING def_%cl_2_6 %cl_2_3[3.1,] %cl_2_5[3.3,] 
		 5: COPY TYPE_StringLiteral def_%cl_2_7 
		 6: COPY TYPE_StringLiteral def_%cl_2_8 
		 7: HASH-class- def_%cl_2_9 %cl_2_8[3.6,] 
		 8: %self->link_to def_%cl_2_10 %self[3.2,2.0,] %cl_2_6[3.4,] %cl_2_7[3.5,] %cl_2_9[3.7,] 	 ARGS:%cl_2_6,%cl_2_7,%cl_2_9,
		 9: COPY TYPE_StringLiteral def_%cl_2_11 
		 10: %self->preview def_%cl_2_12 %self[3.2,3.8,2.0,] 	 ARGS:
		 11: %cl_2_12->title def_%cl_2_13 %cl_2_12[3.10,] 	 ARGS:
		 12: %self->spellcheck def_%cl_2_14 %self[3.2,3.8,3.10,2.0,] %cl_2_13[3.11,] 	 ARGS:%cl_2_13,
		 13: %self->preview def_%cl_2_15 %self[3.2,3.8,3.10,3.12,2.0,] 	 ARGS:
		 14: %self->link_to def_%cl_2_16 %self[3.2,3.8,3.10,3.12,3.13,2.0,] %cl_2_14[3.12,] %cl_2_15[3.13,] 	 ARGS:%cl_2_14,%cl_2_15,
		 15: BUILDSTRING def_%cl_2_17 %cl_2_10[3.8,] %cl_2_11[3.9,] %cl_2_16[3.14,] 
		 16: %cl_2_17->html_safe def_%cl_2_18 %cl_2_17[3.15,] 	 ARGS:
		 17: ATTRASSIGN c->title %cl_2_18[3.16,] 
		 18: 
		 19: %self->preview def_%cl_2_19 %self[3.2,3.8,3.10,3.12,3.13,3.14,2.0,] 	 ARGS:
		 20: %cl_2_19->body def_%cl_2_20 %cl_2_19[3.19,] 	 ARGS:
		 21: %self->spellcheck def_%cl_2_21 %self[3.2,3.8,3.10,3.12,3.13,3.14,3.19,2.0,] %cl_2_20[3.20,] 	 ARGS:%cl_2_20,
		 22: ATTRASSIGN c->body %cl_2_21[3.21,] 
		 23: RETURN %cl_2_21[3.21,] %self[3.2,3.8,3.10,3.12,3.13,3.14,3.19,3.21,2.0,] 
BB 4
	outgoing: 6 
	datadep: 
	instructions:
		 0: def_%cl_2_22 
		 1: def_%cl_2_23 %cl_2_22[4.0,] 
		 2: RETURN %cl_2_23[4.1,] %self[2.0,] 
BB 6
	outgoing: 
	datadep: 
	instructions:
CLOSURE END: 
		 6: 
		 7: GETFIELD %self->tracker def_%cl_1_7 %self[3.2,3.4,3.5,2.0,] 
		 8: %self->form_for def_%cl_1_8 %self[3.2,3.4,3.5,2.0,] %cl_1_7[3.7,] %self[3.2,3.4,3.5,2.0,] 	 ARGS:%cl_1_7,%self,
CLOSURE BEGIN: %self[3.2,3.4,3.5,2.0,] form[3.8,] 
BB 1
	outgoing: 6 2 
	datadep: 
	instructions:
BB 2
	outgoing: 3 
	datadep: 
	instructions:
		 0: def_%self 
		 1: def_%cl_3_0 
		 2: RECEIVEARG def_form 
		 3: COPY TYPE_CurrentScope def_%current_scope 
		 4: COPY TYPE_ScopeModule def_%current_module 
BB 3
	outgoing: 4 6 
	datadep: 
	instructions:
		 0: 
		 1: %self->render def_%cl_3_3 %self[2.0,] form[2.2,] 	 ARGS:form,
		 2: RETURN %cl_3_3[3.1,] %self[3.1,2.0,] 
BB 4
	outgoing: 6 
	datadep: 
	instructions:
		 0: def_%cl_3_4 
		 1: def_%cl_3_5 %cl_3_4[4.0,] 
		 2: RETURN %cl_3_5[4.1,] %self[2.0,] 
BB 6
	outgoing: 
	datadep: 
	instructions:
CLOSURE END: 
		 9: 
		 10: COPY TYPE_StringLiteral def_%cl_1_9 
		 11: GETFIELD %self->tracker def_%cl_1_10 %self[3.2,3.4,3.5,3.8,2.0,] 
		 12: COPY TYPE_StringLiteral def_%cl_1_11 
		 13: HASH-confirm- def_%cl_1_12 %cl_1_11[3.12,] 
		 14: COPY TYPE_StringLiteral def_%cl_1_13 
		 15: HASH-method-data-class- def_%cl_1_14 %cl_1_12[3.13,] %cl_1_13[3.14,] 
		 16: %self->button_to def_%cl_1_15 %self[3.2,3.4,3.5,3.8,2.0,] %cl_1_9[3.10,] %cl_1_10[3.11,] %cl_1_14[3.15,] 	 ARGS:%cl_1_9,%cl_1_10,%cl_1_14,
		 17: 
		 18: COPY TYPE_StringLiteral def_%cl_1_16 
		 19: COPY TYPE_StringLiteral def_%cl_1_17 
		 20: COPY TYPE_StringLiteral def_%cl_1_18 
		 21: COPY TYPE_StringLiteral def_%cl_1_19 
		 22: HASH-alt-title-class- def_%cl_1_20 %cl_1_17[3.19,] %cl_1_18[3.20,] %cl_1_19[3.21,] 
		 23: %self->image_tag def_%cl_1_21 %self[3.2,3.4,3.5,3.8,3.16,2.0,] %cl_1_16[3.18,] %cl_1_20[3.22,] 	 ARGS:%cl_1_16,%cl_1_20,
		 24: RETURN %cl_1_21[3.23,] %self[3.2,3.4,3.5,3.8,3.16,3.23,2.0,] 
BB 4
	outgoing: 6 
	datadep: 
	instructions:
		 0: def_%cl_1_22 
		 1: def_%cl_1_23 %cl_1_22[4.0,] 
		 2: RETURN %cl_1_23[4.1,] %self[2.0,] 
BB 6
	outgoing: 
	datadep: 
	instructions:
CLOSURE END: 
		 3: RETURN %v_22[9.2,] %self[9.1,2.0,] 
BB 11
	outgoing: 
	datadep: 
	instructions:

SET IRMethod, name = destroy
BB 1
	outgoing: 3 2 
	datadep: 
	instructions:
BB 2
	outgoing: 3 
	datadep: 
	instructions:
		 0: def_%self 
		 1: def_%v_0 
		 2: COPY TYPE_CurrentScope def_%current_scope 
		 3: COPY TYPE_ScopeModule def_%current_module 
		 4: 
		 5: 
		 6: GETFIELD %self->tracker def_%v_3 %self[2.0,] 
		 7: %self->enforce_destroy_permission def_%v_4 %self[2.0,] %v_3[2.6,] 	 ARGS:%v_3,
		 8: 
		 9: GETFIELD %self->tracker def_%v_5 %self[2.0,2.7,] 
		 10: %v_5->mark_as_deleted def_%v_6 %v_5[2.9,] 	 ARGS:
		 11: 
		 12: %self->trackers_url def_%v_7 %self[2.0,2.7,] 	 ARGS:
		 13: COPY TYPE_StringLiteral def_%v_8 
		 14: HASH-notice- def_%v_9 %v_8[2.13,] 
		 15: %self->redirect_to def_%v_10 %self[2.0,2.7,2.12,] %v_7[2.12,] %v_9[2.14,] 	 ARGS:%v_7,%v_9,
		 16: RETURN %v_10[2.15,] %self[2.0,2.7,2.12,2.15,] 
BB 3
	outgoing: 
	datadep: 
	instructions:

SET IRMethod, name = tracker_params
BB 1
	outgoing: 6 2 
	datadep: 
	instructions:
BB 2
	outgoing: 3 4 
	datadep: 
	instructions:
		 0: def_%self 
		 1: def_%v_0 
		 2: COPY TYPE_CurrentScope def_%current_scope 
		 3: COPY TYPE_ScopeModule def_%current_module 
		 4: 
		 5: 
		 6: %self->current_account def_%v_3 %self[2.0,] 	 ARGS:
		 7: %v_3->try def_%v_4 %v_3[2.6,] 	 ARGS:Symbol,
		 8: BRANCH %v_4[2.7,] 
BB 3
	outgoing: 6 
	datadep: 
	instructions:
		 0: 
		 1: %self->params def_%v_5 %self[2.0,] 	 ARGS:
		 2: %v_5->require def_%v_6 %v_5[3.1,] 	 ARGS:Symbol,
		 3: %v_6->permit! def_%v_7 %v_6[3.2,] 	 ARGS:
		 4: RETURN %v_7[3.3,] %self[3.1,2.0,] 
BB 4
	outgoing: 6 
	datadep: 
	instructions:
		 0: 
		 1: %self->params def_%v_8 %self[2.0,] 	 ARGS:
		 2: %v_8->require def_%v_9 %v_8[4.1,] 	 ARGS:Symbol,
		 3: %v_9->permit def_%v_10 %v_9[4.2,] 	 ARGS:Symbol,Symbol,Symbol,Symbol,
		 4: RETURN %v_10[4.3,] %self[4.1,2.0,] 
BB 6
	outgoing: 
	datadep: 
	instructions:

SET IRMethod, name = honeypot
BB 1
	outgoing: 6 2 
	datadep: 
	instructions:
BB 2
	outgoing: 3 4 
	datadep: 
	instructions:
		 0: def_%self 
		 1: def_%v_0 
		 2: COPY TYPE_CurrentScope def_%current_scope 
		 3: COPY TYPE_ScopeModule def_%current_module 
		 4: 
		 5: 
		 6: %self->params def_%v_3 %self[2.0,] 	 ARGS:
		 7: %v_3->[] def_%v_4 %v_3[2.6,] 	 ARGS:Symbol,
		 8: %v_4->delete def_%v_5 %v_4[2.7,] 	 ARGS:Symbol,
		 9: COPY TYPE_PASS def_honeypot %v_5[2.8,] 
		 10: 
		 11: %v_5->present? def_%v_6 %v_5[2.8,] 	 ARGS:
		 12: BRANCH %v_6[2.11,] 
BB 3
	outgoing: 6 
	datadep: 
	instructions:
		 0: HASH-nothing- def_%v_7 
		 1: %self->render def_%v_8 %self[2.0,] %v_7[3.0,] 	 ARGS:%v_7,
		 2: RETURN %v_8[3.1,] %self[3.1,2.0,] 
BB 4
	outgoing: 6 
	datadep: 
	instructions:
		 0: RETURN %self[2.0,] 
BB 6
	outgoing: 
	datadep: 
	instructions:

SET IRMethod, name = marked_as_read
BB 1
	outgoing: 6 2 
	datadep: 
	instructions:
BB 2
	outgoing: 3 4 
	datadep: 
	instructions:
		 0: def_%self 
		 1: def_%v_0 
		 2: COPY TYPE_CurrentScope def_%current_scope 
		 3: COPY TYPE_ScopeModule def_%current_module 
		 4: 
		 5: 
		 6: %self->params def_%v_3 %self[2.0,] 	 ARGS:
		 7: %v_3->[] def_%v_4 %v_3[2.6,] 	 ARGS:Symbol,
		 8: COPY TYPE_StringLiteral def_%v_5 
		 9: %v_4->== def_%v_6 %v_4[2.7,] %v_5[2.8,] 	 ARGS:%v_5,
		 10: BRANCH %v_6[2.9,] 
BB 3
	outgoing: 6 
	datadep: 
	instructions:
		 0: COPY TYPE_Nil def_%v_7 
		 1: RETURN %v_7[3.0,] %self[2.0,] 
BB 4
	outgoing: 6 
	datadep: 
	instructions:
		 0: %self->current_account def_%v_8 %self[2.0,] 	 ARGS:
		 1: GETFIELD %self->tracker def_%v_9 %self[4.0,2.0,] 
		 2: %v_9->node def_%v_10 %v_9[4.1,] 	 ARGS:
		 3: %v_8->read def_%v_11 %v_8[4.0,] %v_10[4.2,] 	 ARGS:%v_10,
		 4: RETURN %v_11[4.3,] %self[4.0,2.0,] 
BB 6
	outgoing: 
	datadep: 
	instructions:

SET IRMethod, name = load_tracker
BB 1
	outgoing: 3 2 
	datadep: 
	instructions:
BB 2
	outgoing: 3 
	datadep: 
	instructions:
		 0: def_%self 
		 1: def_%v_0 
		 2: COPY TYPE_CurrentScope def_%current_scope 
		 3: COPY TYPE_ScopeModule def_%current_module 
		 4: 
		 5: 
		 6: (Tracker) def_%v_3 
		 7: %self->params def_%v_4 %self[2.0,] 	 ARGS:
		 8: %v_4->[] def_%v_5 %v_4[2.7,] 	 ARGS:Symbol,
		 9: %v_3->find def_%v_6 %v_3[2.6,] %v_5[2.8,] 	 ARGS:%v_5,
		 10: ATTRASSIGN %self->tracker %v_6[2.9,] 
		 11: RETURN %v_6[2.9,] %self[2.0,2.7,2.10,] 
BB 3
	outgoing: 
	datadep: 
	instructions:

