SET IRMethod, name = display_active instanceMethod = true
BB 1
	outgoing: 3 2 
	datadep: 
	instructions:
BB 2
	outgoing: 3 
	datadep: 
	instructions:
		 0: def_%self 
		 1: def_%v_0 
		 2: COPY TYPE_CurrentScope def_%current_scope 
		 3: COPY TYPE_ScopeModule def_%current_module 
		 4: 
		 5: Line Number 9
		 6: %self->active? def_%v_3 %self[2.0,] 	 SYMBOL:	 ARGS:
		 7: %v_3->to_s def_%v_4 %v_3[2.6,] 	 SYMBOL:	 ARGS:
		 8: RETURN %v_4[2.7,] %self[2.0,2.6,] 
BB 3
	outgoing: 
	datadep: 
	instructions:

SET IRMethod, name = name instanceMethod = true
BB 1
	outgoing: 8 2 
	datadep: 
	instructions:
BB 2
	outgoing: 3 4 
	datadep: 
	instructions:
		 0: def_%self 
		 1: def_%v_0 
		 2: COPY TYPE_CurrentScope def_%current_scope 
		 3: COPY TYPE_ScopeModule def_%current_module 
		 4: 
		 5: Line Number 17
		 6: %self->first_name? def_%v_3 %self[2.0,] 	 SYMBOL:	 ARGS:
		 7: BRANCH %v_3[2.6,] 
BB 3
	outgoing: 4 
	datadep: 
	instructions:
		 0: %self->last_name? def_%v_4 %self[2.0,] 	 SYMBOL:	 ARGS:
		 1: COPY TYPE_PASS def_%v_3 %v_4[3.0,] 
BB 4
	outgoing: 5 6 
	datadep: 
	instructions:
		 0: BRANCH %v_3[3.1,2.6,] 
BB 5
	outgoing: 8 
	datadep: 
	instructions:
		 0: %self->first_name def_%v_5 %self[2.0,] 	 SYMBOL:	 ARGS:
		 1: %v_5->capitalize def_%v_6 %v_5[5.0,] 	 SYMBOL:	 ARGS:
		 2: %self->last_name def_%v_7 %self[5.0,2.0,] 	 SYMBOL:	 ARGS:
		 3: %v_7->capitalize def_%v_8 %v_7[5.2,] 	 SYMBOL:	 ARGS:
		 4: COPY TYPE_Array def_%v_9 %v_6[5.1,] %v_8[5.3,] 
		 5: COPY TYPE_StringLiteral " " def_%v_10 
		 6: %v_9->join def_%v_11 %v_9[5.4,] %v_10[5.5,] 	 SYMBOL:	 ARGS:%v_10,
		 7: RETURN %v_11[5.6,] %self[5.0,5.2,2.0,] 
BB 6
	outgoing: 8 
	datadep: 
	instructions:
		 0: %self->email def_%v_12 %self[2.0,] 	 SYMBOL:	 ARGS:
		 1: RETURN %v_12[6.0,] %self[6.0,2.0,] 
BB 8
	outgoing: 
	datadep: 
	instructions:

SET IRMethod, name = email_address_with_name instanceMethod = true
BB 1
	outgoing: 3 2 
	datadep: 
	instructions:
BB 2
	outgoing: 3 
	datadep: 
	instructions:
		 0: def_%self 
		 1: def_%v_0 
		 2: COPY TYPE_CurrentScope def_%current_scope 
		 3: COPY TYPE_ScopeModule def_%current_module 
		 4: 
		 5: Line Number 26
		 6: COPY TYPE_StringLiteral """ def_%v_3 
		 7: %self->name def_%v_4 %self[2.0,] 	 SYMBOL:	 ARGS:
		 8: COPY TYPE_StringLiteral "" <" def_%v_5 
		 9: %self->email def_%v_6 %self[2.0,2.7,] 	 SYMBOL:	 ARGS:
		 10: COPY TYPE_StringLiteral ">" def_%v_7 
		 11: BUILDSTRING def_%v_8 %v_3[2.6,] %v_4[2.7,] %v_5[2.8,] %v_6[2.9,] %v_7[2.10,] 
		 12: RETURN %v_8[2.11,] %self[2.0,2.7,2.9,] 
BB 3
	outgoing: 
	datadep: 
	instructions:

