digraph FiltersController_index {
	User_is_banned__BB1 -> User_is_banned__BB3 [ color=blue ];
	User_is_banned__BB1 -> User_is_banned__BB2 [ color=blue ];
	User_is_banned__BB2 -> User_is_banned__BB3 [ color=blue ];
	User_is_active__BB1 -> User_is_active__BB5 [ color=blue ];
	User_is_active__BB1 -> User_is_active__BB2 [ color=blue ];
	User_is_active__BB2 -> User_is_active__BB3 [ color=blue ];
	User_is_active__BB2 -> User_is_active__BB4 [ color=blue ];
	User_is_active__BB3 -> User_is_active__BB4 [ color=blue ];
	User_is_active__BB4 -> User_is_active__BB5 [ color=blue ];
	ApplicationController_authenticate_user__BB1 -> ApplicationController_authenticate_user__BB10 [ color=blue ];
	ApplicationController_authenticate_user__BB1 -> ApplicationController_authenticate_user__BB2 [ color=blue ];
	ApplicationController_authenticate_user__BB2 -> ApplicationController_authenticate_user__BB3 [ color=blue ];
	ApplicationController_authenticate_user__BB2 -> ApplicationController_authenticate_user__BB4 [ color=blue ];
	ApplicationController_authenticate_user__BB3 -> ApplicationController_authenticate_user__BB4 [ color=blue ];
	ApplicationController_authenticate_user__BB4 -> ApplicationController_authenticate_user__BB5 [ color=blue ];
	ApplicationController_authenticate_user__BB4 -> ApplicationController_authenticate_user__BB6 [ color=blue ];
	ApplicationController_authenticate_user__BB5 -> ApplicationController_authenticate_user__BB6 [ color=blue ];
	ApplicationController_authenticate_user__BB6 -> ApplicationController_authenticate_user__BB7 [ color=blue ];
	ApplicationController_authenticate_user__BB6 -> ApplicationController_authenticate_user__BB8 [ color=blue ];
	ApplicationController_authenticate_user__BB7 -> ApplicationController_authenticate_user__BB9 [ color=blue ];
	ApplicationController_authenticate_user__BB8 -> ApplicationController_authenticate_user__BB9 [ color=blue ];
	ApplicationController_authenticate_user__BB9 -> ApplicationController_authenticate_user__BB10 [ color=blue ];
	ApplicationController_user_is_spider__BB1 -> ApplicationController_user_is_spider__BB5 [ color=blue ];
	ApplicationController_user_is_spider__BB1 -> ApplicationController_user_is_spider__BB2 [ color=blue ];
	ApplicationController_user_is_spider__BB2 -> ApplicationController_user_is_spider__BB3 [ color=blue ];
	ApplicationController_user_is_spider__BB2 -> ApplicationController_user_is_spider__BB4 [ color=blue ];
	ApplicationController_user_is_spider__BB3 -> ApplicationController_user_is_spider__BB5 [ color=blue ];
	ApplicationController_user_is_spider__BB4 -> ApplicationController_user_is_spider__BB5 [ color=blue ];
	ApplicationController_increase_traffic_counter__BB1 -> ApplicationController_increase_traffic_counter__BB8 [ color=blue ];
	ApplicationController_increase_traffic_counter__BB1 -> ApplicationController_increase_traffic_counter__BB2 [ color=blue ];
	ApplicationController_increase_traffic_counter__BB2 -> ApplicationController_increase_traffic_counter__BB3 [ color=blue ];
	ApplicationController_increase_traffic_counter__BB2 -> ApplicationController_increase_traffic_counter__BB4 [ color=blue ];
	ApplicationController_increase_traffic_counter__BB3 -> ApplicationController_increase_traffic_counter__BB4 [ color=blue ];
	ApplicationController_increase_traffic_counter__BB4 -> ApplicationController_increase_traffic_counter__BB5 [ color=blue ];
	ApplicationController_increase_traffic_counter__BB4 -> ApplicationController_increase_traffic_counter__BB6 [ color=blue ];
	ApplicationController_increase_traffic_counter__BB5 -> ApplicationController_increase_traffic_counter__BB8 [ color=blue ];
	ApplicationController_increase_traffic_counter__BB6 -> ApplicationController_increase_traffic_counter__BB8 [ color=blue ];
	ApplicationController_increase_traffic_counter__BB6:f0 -> ApplicationController_increase_traffic_counter_386788_closure0_BB1 [color=blue ];
	ApplicationController_increase_traffic_counter_386788_closure0_BB6:f0 -> ApplicationController_increase_traffic_counter__BB6 [color=blue ];
	ApplicationController_increase_traffic_counter_386788_closure0_BB1 -> ApplicationController_increase_traffic_counter_386788_closure0_BB6 [ color=blue ];
	ApplicationController_increase_traffic_counter_386788_closure0_BB1 -> ApplicationController_increase_traffic_counter_386788_closure0_BB2 [ color=blue ];
	ApplicationController_increase_traffic_counter_386788_closure0_BB2 -> ApplicationController_increase_traffic_counter_386788_closure0_BB3 [ color=blue ];
	ApplicationController_increase_traffic_counter_386788_closure0_BB3 -> ApplicationController_increase_traffic_counter_386788_closure0_BB4 [ color=blue ];
	ApplicationController_increase_traffic_counter_386788_closure0_BB3 -> ApplicationController_increase_traffic_counter_386788_closure0_BB6 [ color=blue ];
	ApplicationController_increase_traffic_counter_386788_closure0_BB4 -> ApplicationController_increase_traffic_counter_386788_closure0_BB6 [ color=blue ];
	ApplicationController_increase_traffic_counter_386788_closure0_BB6 -> ApplicationController_increase_traffic_counter_386788_closure0_BB1 [color=blue ];
	Tag_valid_for_397300_closure0_BB1 -> Tag_valid_for_397300_closure0_BB6 [ color=blue ];
	Tag_valid_for_397300_closure0_BB1 -> Tag_valid_for_397300_closure0_BB2 [ color=blue ];
	Tag_valid_for_397300_closure0_BB2 -> Tag_valid_for_397300_closure0_BB3 [ color=blue ];
	Tag_valid_for_397300_closure0_BB2 -> Tag_valid_for_397300_closure0_BB4 [ color=blue ];
	Tag_valid_for_397300_closure0_BB3 -> Tag_valid_for_397300_closure0_BB6 [ color=blue ];
	Tag_valid_for_397300_closure0_BB4 -> Tag_valid_for_397300_closure0_BB6 [ color=blue ];
	Tag_all_with_story_counts_for__BB1 -> Tag_all_with_story_counts_for__BB3 [ color=blue ];
	Tag_all_with_story_counts_for__BB1 -> Tag_all_with_story_counts_for__BB2 [ color=blue ];
	Tag_all_with_story_counts_for__BB2 -> Tag_all_with_story_counts_for__BB3 [ color=blue ];
	Tag_all_with_story_counts_for__BB2:f4 -> Tag_all_with_story_counts_for_397300_closure0_BB1 [color=blue ];
	Tag_all_with_story_counts_for_397300_closure0_BB6:f0 -> Tag_all_with_story_counts_for__BB2 [color=blue ];
	Tag_all_with_story_counts_for_397300_closure0_BB1 -> Tag_all_with_story_counts_for_397300_closure0_BB6 [ color=blue ];
	Tag_all_with_story_counts_for_397300_closure0_BB1 -> Tag_all_with_story_counts_for_397300_closure0_BB2 [ color=blue ];
	Tag_all_with_story_counts_for_397300_closure0_BB2 -> Tag_all_with_story_counts_for_397300_closure0_BB3 [ color=blue ];
	Tag_all_with_story_counts_for_397300_closure0_BB3 -> Tag_all_with_story_counts_for_397300_closure0_BB4 [ color=blue ];
	Tag_all_with_story_counts_for_397300_closure0_BB3 -> Tag_all_with_story_counts_for_397300_closure0_BB6 [ color=blue ];
	Tag_all_with_story_counts_for_397300_closure0_BB4 -> Tag_all_with_story_counts_for_397300_closure0_BB6 [ color=blue ];
	Tag_all_with_story_counts_for_397300_closure0_BB6 -> Tag_all_with_story_counts_for_397300_closure0_BB1 [color=blue ];
	Tag_all_with_story_counts_for__BB2:f0 -> Tag_all_with_story_counts_for_650288_closure0_BB1 [color=blue ];
	Tag_all_with_story_counts_for_650288_closure0_BB6:f0 -> Tag_all_with_story_counts_for__BB2 [color=blue ];
	Tag_all_with_story_counts_for_650288_closure0_BB1 -> Tag_all_with_story_counts_for_650288_closure0_BB6 [ color=blue ];
	Tag_all_with_story_counts_for_650288_closure0_BB1 -> Tag_all_with_story_counts_for_650288_closure0_BB2 [ color=blue ];
	Tag_all_with_story_counts_for_650288_closure0_BB2 -> Tag_all_with_story_counts_for_650288_closure0_BB3 [ color=blue ];
	Tag_all_with_story_counts_for_650288_closure0_BB3 -> Tag_all_with_story_counts_for_650288_closure0_BB4 [ color=blue ];
	Tag_all_with_story_counts_for_650288_closure0_BB3 -> Tag_all_with_story_counts_for_650288_closure0_BB6 [ color=blue ];
	Tag_all_with_story_counts_for_650288_closure0_BB4 -> Tag_all_with_story_counts_for_650288_closure0_BB6 [ color=blue ];
	Tag_all_with_story_counts_for_650288_closure0_BB6 -> Tag_all_with_story_counts_for_650288_closure0_BB1 [color=blue ];
	ApplicationController_tags_filtered_by_cookie__BB1 -> ApplicationController_tags_filtered_by_cookie__BB7 [ color=blue ];
	ApplicationController_tags_filtered_by_cookie__BB1 -> ApplicationController_tags_filtered_by_cookie__BB2 [ color=blue ];
	ApplicationController_tags_filtered_by_cookie__BB2 -> ApplicationController_tags_filtered_by_cookie__BB3 [ color=blue ];
	ApplicationController_tags_filtered_by_cookie__BB2 -> ApplicationController_tags_filtered_by_cookie__BB4 [ color=blue ];
	ApplicationController_tags_filtered_by_cookie__BB3 -> ApplicationController_tags_filtered_by_cookie__BB4 [ color=blue ];
	ApplicationController_tags_filtered_by_cookie__BB4 -> ApplicationController_tags_filtered_by_cookie__BB5 [ color=blue ];
	ApplicationController_tags_filtered_by_cookie__BB4 -> ApplicationController_tags_filtered_by_cookie__BB6 [ color=blue ];
	ApplicationController_tags_filtered_by_cookie__BB5 -> ApplicationController_tags_filtered_by_cookie__BB7 [ color=blue ];
	ApplicationController_tags_filtered_by_cookie__BB6 -> ApplicationController_tags_filtered_by_cookie__BB7 [ color=blue ];
	FiltersController_index__BB1 -> FiltersController_index__BB6 [ color=blue ];
	FiltersController_index__BB1 -> FiltersController_index__BB2 [ color=blue ];
	FiltersController_index__BB2 -> FiltersController_index__BB3 [ color=blue ];
	FiltersController_index__BB2 -> FiltersController_index__BB4 [ color=blue ];
	FiltersController_index__BB3 -> FiltersController_index__BB6 [ color=blue ];
	FiltersController_index__BB4 -> FiltersController_index__BB6 [ color=blue ];
}