SET IRMethod, name = index
BB 1
	outgoing: 3 2 
	datadep: 
	instructions:
BB 2
	outgoing: 3 
	datadep: 
	instructions:
		 0: 
		 1: 
		 2: 
		 3: 
		 4: 
		 5: 
		 6: (CheckinTime) 
		 7: %self->params %self[2.0,] 
		 8: %v_4[2.7,] 
		 9: %v_3->find %v_5[2.8,] %v_3[2.6,] 
		 10: %v_6->decorate %v_6[2.9,] 
		 11: %self[2.0,] %v_7[2.10,] @time[] 
		 12: 
		 13: @time[2.11,] 
		 14: %v_8->entries %v_8[2.13,] 
		 15: %self[2.0,] %v_9[2.14,] @entries[] 
		 16: 
		 17: (CheckinLabel) 
		 18: %v_10->all %v_10[2.17,] 
		 19: %v_11->order %v_11[2.18,] 
		 20: %self[2.0,] %v_12[2.19,] @labels[] 
		 21: RETURN %v_12[2.19,] 
BB 3
	outgoing: 
	datadep: 
	instructions:

SET IRMethod, name = create
BB 1
	outgoing: 6 2 
	datadep: 
	instructions:
BB 2
	outgoing: 3 4 
	datadep: 
	instructions:
		 0: 
		 1: 
		 2: 
		 3: 
		 4: 
		 5: 
		 6: (CheckinTime) 
		 7: %self->params %self[2.0,] 
		 8: %v_4[2.7,] 
		 9: %v_3->find %v_5[2.8,] %v_3[2.6,] 
		 10: %self[2.0,] %v_6[2.9,] @time[] 
		 11: 
		 12: %self->params %self[2.0,] 
		 13: %v_7[2.12,] 
		 14: BRANCH %v_8[2.13,] 
BB 3
	outgoing: 5 
	datadep: 2 
	instructions:
		 0: 
		 1: %self->create_folder %self[2.0,] 
		 2: 
BB 4
	outgoing: 5 
	datadep: 2 
	instructions:
		 0: 
		 1: %self->create_group %self[2.0,] 
		 2: %v_10[4.1,] 
BB 5
	outgoing: 6 
	datadep: 2 
	instructions:
		 0: 
		 1: %self->respond_to %self[2.0,] 
CLOSURE BEGIN: @time[2.10,] 
BB 1
	outgoing: 6 2 
	datadep: 
	instructions:
BB 2
	outgoing: 3 
	datadep: 
	instructions:
		 0: 
		 1: 
		 2: 
		 3: 
		 4: 
BB 3
	outgoing: 4 6 
	datadep: 2 2 2 2 
	instructions:
		 0: 
		 1: format->html %self[2.0,] format[2.2,] 
CLOSURE BEGIN: 
BB 1
	outgoing: 6 2 
	datadep: 
	instructions:
BB 2
	outgoing: 3 
	datadep: 
	instructions:
		 0: 
		 1: 
		 2: 
		 3: 
BB 3
	outgoing: 4 6 
	datadep: 2 2 2 
	instructions:
		 0: 
		 1: %self[2.0,] @time[] 
		 2: %self->edit_administration_checkin_time_path %cl_2_3[3.1,] %self[2.0,] 
		 3: %self->redirect_to %self[2.0,] %cl_2_4[3.2,] 
		 4: RETURN %cl_2_5[3.3,] 
BB 4
	outgoing: 6 
	datadep: 
	instructions:
		 0: 
		 1: %cl_2_6[4.0,] 
		 2: RETURN %cl_2_7[4.1,] 
BB 6
	outgoing: 
	datadep: 
	instructions:
CLOSURE END
		 2: 
		 3: format->js %self[2.0,] format[2.2,] 
CLOSURE BEGIN: 
BB 1
	outgoing: 6 2 
	datadep: 
	instructions:
BB 2
	outgoing: 3 
	datadep: 
	instructions:
		 0: 
		 1: 
		 2: 
		 3: 
BB 3
	outgoing: 4 6 
	datadep: 2 2 2 
	instructions:
		 0: 
		 1: (CheckinLabel) 
		 2: %cl_3_3->all %cl_3_3[3.1,] 
		 3: %cl_3_4->order %cl_3_4[3.2,] 
		 4: %self[2.0,] %cl_3_5[3.3,] @labels[] 
		 5: 
		 6: %self[2.0,] @time[] 
		 7: %cl_3_6->entries %cl_3_6[3.6,] 
		 8: %self[2.0,] %cl_3_7[3.7,] @entries[] 
		 9: RETURN %cl_3_7[3.7,] 
BB 4
	outgoing: 6 
	datadep: 
	instructions:
		 0: 
		 1: %cl_3_8[4.0,] 
		 2: RETURN %cl_3_9[4.1,] 
BB 6
	outgoing: 
	datadep: 
	instructions:
CLOSURE END
		 4: RETURN %cl_1_4[3.3,] 
BB 4
	outgoing: 6 
	datadep: 
	instructions:
		 0: 
		 1: %cl_1_5[4.0,] 
		 2: RETURN %cl_1_6[4.1,] 
BB 6
	outgoing: 
	datadep: 
	instructions:
CLOSURE END
		 2: RETURN %v_11[5.1,] 
BB 6
	outgoing: 
	datadep: 
	instructions:

SET IRMethod, name = update
BB 1
	outgoing: 6 2 
	datadep: 
	instructions:
BB 2
	outgoing: 3 4 
	datadep: 
	instructions:
		 0: 
		 1: 
		 2: 
		 3: 
		 4: 
		 5: 
		 6: (GroupTime) 
		 7: %self->params %self[2.0,] 
		 8: %v_4[2.7,] 
		 9: %v_3->find %v_5[2.8,] %v_3[2.6,] 
		 10: %self[2.0,] %v_6[2.9,] @group_time[] 
		 11: BRANCH %v_6[2.9,] 
BB 3
	outgoing: 6 
	datadep: 2 2 
	instructions:
		 0: 
		 1: %self[2.0,] @group_time[2.10,] 
		 2: %self->params %self[2.0,] 
		 3: %v_8->permit %v_8[3.2,] 
		 4: %v_9[3.3,] %v_7[3.1,] 
		 5: 
		 6: @group_time[3.1,] 
		 7: %v_10->save %v_10[3.6,] 
		 8: RETURN %v_11[3.7,] 
BB 4
	outgoing: 6 
	datadep: 
	instructions:
		 0: RETURN 
BB 6
	outgoing: 
	datadep: 
	instructions:

SET IRMethod, name = destroy
BB 1
	outgoing: 3 2 
	datadep: 
	instructions:
BB 2
	outgoing: 3 
	datadep: 
	instructions:
		 0: 
		 1: 
		 2: 
		 3: 
		 4: 
		 5: 
		 6: %self->params %self[2.0,] 
		 7: %v_3[2.6,] 
		 8: %self->find_entry %self[2.0,] %v_4[2.7,] 
		 9: %self[2.0,] %v_5[2.8,] @entry[] 
		 10: 
		 11: @entry[2.9,] 
		 12: %v_6->destroy %v_6[2.11,] 
		 13: 
		 14: %self->respond_to %self[2.0,] 
CLOSURE BEGIN: @entry[2.9,] 
BB 1
	outgoing: 6 2 
	datadep: 
	instructions:
BB 2
	outgoing: 3 
	datadep: 
	instructions:
		 0: 
		 1: 
		 2: 
		 3: 
		 4: 
BB 3
	outgoing: 4 6 
	datadep: 2 2 2 
	instructions:
		 0: 
		 1: format->html %self[2.0,] format[2.2,] 
CLOSURE BEGIN: 
BB 1
	outgoing: 6 2 
	datadep: 
	instructions:
BB 2
	outgoing: 3 
	datadep: 
	instructions:
		 0: 
		 1: 
		 2: 
		 3: 
BB 3
	outgoing: 4 6 
	datadep: 2 2 2 
	instructions:
		 0: 
		 1: %self[2.0,] @entry[] 
		 2: %cl_2_3->time %cl_2_3[3.1,] 
		 3: %self->administration_checkin_time_groups_path %self[2.0,] %cl_2_4[3.2,] 
		 4: %self->redirect_to %self[2.0,] %cl_2_5[3.3,] 
		 5: RETURN %cl_2_6[3.4,] 
BB 4
	outgoing: 6 
	datadep: 
	instructions:
		 0: 
		 1: %cl_2_7[4.0,] 
		 2: RETURN %cl_2_8[4.1,] 
BB 6
	outgoing: 
	datadep: 
	instructions:
CLOSURE END
		 2: 
		 3: format->js format[2.2,] 
		 4: RETURN %cl_1_4[3.3,] 
BB 4
	outgoing: 6 
	datadep: 
	instructions:
		 0: 
		 1: %cl_1_5[4.0,] 
		 2: RETURN %cl_1_6[4.1,] 
BB 6
	outgoing: 
	datadep: 
	instructions:
CLOSURE END
		 15: RETURN %v_8[2.14,] 
BB 3
	outgoing: 
	datadep: 
	instructions:

SET IRMethod, name = reorder
BB 1
	outgoing: 15 2 
	datadep: 
	instructions:
BB 2
	outgoing: 3 7 
	datadep: 
	instructions:
		 0: 
		 1: 
		 2: 
		 3: 
		 4: 
		 5: 
		 6: %self->params %self[2.0,] 
		 7: %v_3[2.6,] 
		 8: %self->find_entry %self[2.0,] %v_4[2.7,] 
		 9: %self[2.0,] %v_5[2.8,] @entry[] 
		 10: 
		 11: %self->params %self[2.0,] 
		 12: %v_6[2.11,] 
		 13: BRANCH %v_7[2.12,] 
BB 3
	outgoing: 4 5 
	datadep: 2 2 2 2 
	instructions:
		 0: 
		 1: %self->params %self[2.0,] 
		 2: %v_8[3.1,] 
		 3: %self->find_entry %self[2.0,] %v_9[3.2,] 
		 4: %self[2.0,] @entry[2.9,] 
		 5: %self->params %self[2.0,] 
		 6: %v_12[3.5,] 
		 7: 
		 8: %v_13[3.6,] %v_14[3.7,] 
		 9: BRANCH %v_15[3.8,] 
BB 4
	outgoing: 6 
	datadep: 
	instructions:
		 0: 
		 1: 
BB 5
	outgoing: 6 
	datadep: 
	instructions:
		 0: 
BB 6
	outgoing: 14 
	datadep: 5 4 3 3 
	instructions:
		 0: %v_10->insert %v_16[5.0,4.0,] %v_10[3.3,] %v_11[3.4,] 
		 1: 
BB 7
	outgoing: 8 12 
	datadep: 2 
	instructions:
		 0: 
		 1: %self->params %self[2.0,] 
		 2: %v_18[7.1,] 
		 3: BRANCH %v_19[7.2,] 
BB 8
	outgoing: 9 10 
	datadep: 2 2 
	instructions:
		 0: 
		 1: %self[2.0,] @entry[2.9,] 
		 2: %self->params %self[2.0,] 
		 3: %v_21[8.2,] 
		 4: 
		 5: %v_22[8.3,] %v_23[8.4,] 
		 6: BRANCH %v_24[8.5,] 
BB 9
	outgoing: 11 
	datadep: 
	instructions:
		 0: 
		 1: 
BB 10
	outgoing: 11 
	datadep: 
	instructions:
		 0: 
BB 11
	outgoing: 13 
	datadep: 10 9 8 
	instructions:
		 0: %v_20->remove_from_checkin_folder %v_25[10.0,9.0,] %v_20[8.1,] 
		 1: 
BB 12
	outgoing: 13 
	datadep: 2 2 2 
	instructions:
		 0: 
		 1: %self[2.0,] @entry[2.9,] 
		 2: %v_27->parent %v_27[12.1,] 
		 3: @entry[12.1,] 
		 4: %self->params %self[2.0,] 
		 5: %v_30[12.4,] 
		 6: %self->params %self[2.0,] 
		 7: %v_32[12.6,] 
		 8: %v_33->present? %v_33[12.7,] 
		 9: %v_28->reorder_entry %v_28[12.2,] %v_29[12.3,] %v_31[12.5,] %v_34[12.8,] 
		 10: %v_35[12.9,] 
BB 13
	outgoing: 14 
	datadep: 12 11 
	instructions:
		 0: %v_26[12.10,11.0,] 
BB 14
	outgoing: 15 
	datadep: 2 2 2 
	instructions:
		 0: 
		 1: %self[2.0,] @entry[12.1,12.3,3.4,3.4,8.1,8.1,] 
		 2: %v_36->time %v_36[14.1,] 
		 3: %self[2.0,] %v_37[14.2,] @time[] 
		 4: 
		 5: %self->respond_to %self[2.0,] 
CLOSURE BEGIN: @time[14.3,] @entry[14.1,] 
BB 1
	outgoing: 6 2 
	datadep: 
	instructions:
BB 2
	outgoing: 3 
	datadep: 
	instructions:
		 0: 
		 1: 
		 2: 
		 3: 
		 4: 
BB 3
	outgoing: 4 6 
	datadep: 2 2 2 2 
	instructions:
		 0: 
		 1: format->html %self[2.0,] format[2.2,] 
CLOSURE BEGIN: 
BB 1
	outgoing: 6 2 
	datadep: 
	instructions:
BB 2
	outgoing: 3 
	datadep: 
	instructions:
		 0: 
		 1: 
		 2: 
		 3: 
BB 3
	outgoing: 4 6 
	datadep: 2 2 2 
	instructions:
		 0: 
		 1: %self[2.0,] @time[] 
		 2: %self->administration_checkin_time_groups_path %cl_2_3[3.1,] %self[2.0,] 
		 3: %self->redirect_to %self[2.0,] %cl_2_4[3.2,] 
		 4: RETURN %cl_2_5[3.3,] 
BB 4
	outgoing: 6 
	datadep: 
	instructions:
		 0: 
		 1: %cl_2_6[4.0,] 
		 2: RETURN %cl_2_7[4.1,] 
BB 6
	outgoing: 
	datadep: 
	instructions:
CLOSURE END
		 2: 
		 3: format->js %self[2.0,] format[2.2,] 
CLOSURE BEGIN: 
BB 1
	outgoing: 6 2 
	datadep: 
	instructions:
BB 2
	outgoing: 3 
	datadep: 
	instructions:
		 0: 
		 1: 
		 2: 
		 3: 
BB 3
	outgoing: 4 6 
	datadep: 2 2 2 
	instructions:
		 0: 
		 1: (CheckinLabel) 
		 2: %cl_3_3->all %cl_3_3[3.1,] 
		 3: %cl_3_4->order %cl_3_4[3.2,] 
		 4: %self[2.0,] %cl_3_5[3.3,] @labels[] 
		 5: 
		 6: %self[2.0,] @time[] 
		 7: %cl_3_6->entries %cl_3_6[3.6,] 
		 8: %self[2.0,] %cl_3_7[3.7,] @entries[] 
		 9: RETURN %cl_3_7[3.7,] 
BB 4
	outgoing: 6 
	datadep: 
	instructions:
		 0: 
		 1: %cl_3_8[4.0,] 
		 2: RETURN %cl_3_9[4.1,] 
BB 6
	outgoing: 
	datadep: 
	instructions:
CLOSURE END
		 4: RETURN %cl_1_4[3.3,] 
BB 4
	outgoing: 6 
	datadep: 
	instructions:
		 0: 
		 1: %cl_1_5[4.0,] 
		 2: RETURN %cl_1_6[4.1,] 
BB 6
	outgoing: 
	datadep: 
	instructions:
CLOSURE END
		 6: RETURN %v_38[14.5,] 
BB 15
	outgoing: 
	datadep: 
	instructions:

SET IRMethod, name = create_folder
BB 1
	outgoing: 3 2 
	datadep: 
	instructions:
BB 2
	outgoing: 3 
	datadep: 
	instructions:
		 0: 
		 1: 
		 2: 
		 3: 
		 4: 
		 5: 
		 6: %self[2.0,] @time[] 
		 7: %v_3->checkin_folders %v_3[2.6,] 
		 8: %self->params %self[2.0,] 
		 9: %v_5[2.8,] 
		 10: %v_6[2.9,] 
		 11: %v_4->create! %v_4[2.7,] %v_7[2.10,] 
		 12: %v_8[2.11,] 
		 13: %self[2.0,] %v_9[2.12,] @added[] 
		 14: RETURN %v_9[2.12,] 
BB 3
	outgoing: 
	datadep: 
	instructions:

SET IRMethod, name = create_group
BB 1
	outgoing: 3 2 
	datadep: 
	instructions:
BB 2
	outgoing: 3 
	datadep: 
	instructions:
		 0: 
		 1: 
		 2: 
		 3: 
		 4: 
		 5: 
		 6: %self->params %self[2.0,] 
		 7: %v_3[2.6,] 
		 8: %self->Array %self[2.0,] %v_4[2.7,] 
		 9: %v_5->map %self[2.0,] %v_5[2.8,] 
CLOSURE BEGIN: @added[] 
BB 1
	outgoing: 12 2 
	datadep: 
	instructions:
BB 2
	outgoing: 3 
	datadep: 
	instructions:
		 0: 
		 1: 
		 2: 
		 3: 
		 4: 
BB 3
	outgoing: 4 5 10 
	datadep: 2 2 
	instructions:
		 0: 
		 1: (Group) 
		 2: %cl_1_3->find %cl_1_3[3.1,] id[2.2,] 
		 3: %cl_1_4[3.2,] 
		 4: 
		 5: %cl_1_4->update_attribute %cl_1_4[3.2,] 
		 6: 
		 7: %self->params %self[2.0,] 
		 8: %cl_1_6[3.7,] 
		 9: %cl_1_7->present? %cl_1_7[3.8,] 
		 10: BRANCH %cl_1_8[3.9,] 
BB 4
	outgoing: 6 10 
	datadep: 2 
	instructions:
		 0: 
		 1: %self->params %self[2.0,] 
		 2: %cl_1_9[4.1,] 
		 3: %cl_1_10[4.2,] 
		 4: 
BB 5
	outgoing: 6 10 
	datadep: 2 
	instructions:
		 0: 
		 1: %self[2.0,] @time[] 
		 2: %cl_1_12->id %cl_1_12[5.1,] 
		 3: %cl_1_13[5.2,] 
		 4: %cl_1_14[5.3,] 
BB 6
	outgoing: 7 8 10 
	datadep: 5 4 3 
	instructions:
		 0: %cl_1_11[5.4,4.3,] 
		 1: 
		 2: group->group_times group[3.3,] 
		 3: %cl_1_15->where %cl_1_15[6.2,] opts[6.0,] 
		 4: %cl_1_16->any? %cl_1_16[6.3,] 
		 5: BRANCH %cl_1_17[6.4,] 
BB 7
	outgoing: 12 
	datadep: 
	instructions:
		 0: 
		 1: RETURN %cl_1_18[7.0,] 
BB 8
	outgoing: 10 12 
	datadep: 3 6 
	instructions:
		 0: group->group_times group[3.3,] 
		 1: %cl_1_19->create opts[6.0,] %cl_1_19[8.0,] 
		 2: RETURN %cl_1_20[8.1,] 
BB 10
	outgoing: 12 
	datadep: 
	instructions:
		 0: 
		 1: %cl_1_21[10.0,] 
		 2: RETURN %cl_1_22[10.1,] 
BB 12
	outgoing: 
	datadep: 
	instructions:
CLOSURE END
		 10: %v_6->compact %v_6[2.9,] 
		 11: %self[2.0,] %v_7[2.10,] @added[] 
		 12: RETURN %v_7[2.10,] 
BB 3
	outgoing: 
	datadep: 
	instructions:

SET IRMethod, name = find_entry
BB 1
	outgoing: 9 2 
	datadep: 
	instructions:
BB 2
	outgoing: 3 4 
	datadep: 
	instructions:
		 0: 
		 1: 
		 2: 
		 3: 
		 4: 
		 5: 
		 6: 
		 7: 
		 8: 
		 9: id->sub! id[2.5,] %v_4[2.8,] 
		 10: BRANCH %v_5[2.9,] 
BB 3
	outgoing: 9 
	datadep: 2 
	instructions:
		 0: 
		 1: (GroupTime) 
		 2: %v_6->find id[2.5,] %v_6[3.1,] 
		 3: RETURN %v_7[3.2,] 
BB 4
	outgoing: 5 6 
	datadep: 2 
	instructions:
		 0: 
		 1: 
		 2: 
		 3: id->sub! id[2.5,] %v_9[4.2,] 
		 4: BRANCH %v_10[4.3,] 
BB 5
	outgoing: 7 
	datadep: 2 
	instructions:
		 0: 
		 1: (CheckinFolder) 
		 2: %v_11->find id[2.5,] %v_11[5.1,] 
		 3: 
BB 6
	outgoing: 7 
	datadep: 2 2 
	instructions:
		 0: 
		 1: 
		 2: %v_13[6.1,] id[2.5,] 
		 3: %self->raise %v_14[6.2,] %self[2.0,] 
		 4: %v_15[6.3,] 
BB 7
	outgoing: 9 
	datadep: 6 5 
	instructions:
		 0: RETURN %v_12[6.4,5.2,] 
BB 9
	outgoing: 
	datadep: 
	instructions:

SET IRMethod, name = only_admins
BB 1
	outgoing: 6 2 
	datadep: 
	instructions:
BB 2
	outgoing: 3 4 
	datadep: 
	instructions:
		 0: 
		 1: 
		 2: 
		 3: 
		 4: 
		 5: 
		 6: %self[2.0,] @logged_in[] 
		 7: %v_3->admin? %v_3[2.6,] 
		 8: BRANCH %v_4[2.7,] 
BB 3
	outgoing: 6 
	datadep: 
	instructions:
		 0: 
		 1: RETURN %v_5[3.0,] 
BB 4
	outgoing: 6 
	datadep: 2 
	instructions:
		 0: 
		 1: 
		 2: %v_6[4.1,] 
		 3: %self->render %self[2.0,] %v_7[4.2,] 
		 4: 
		 5: RETURN 
BB 6
	outgoing: 
	datadep: 
	instructions:

SET IRMethod, name = feature_enabled?
BB 1
	outgoing: 6 2 
	datadep: 
	instructions:
BB 2
	outgoing: 3 4 
	datadep: 
	instructions:
		 0: 
		 1: 
		 2: 
		 3: 
		 4: 
		 5: 
		 6: (Setting) 
		 7: %v_3->get %v_3[2.6,] 
		 8: BRANCH %v_4[2.7,] 
BB 3
	outgoing: 6 
	datadep: 
	instructions:
		 0: 
		 1: RETURN %v_5[3.0,] 
BB 4
	outgoing: 6 
	datadep: 2 
	instructions:
		 0: 
		 1: 
		 2: %v_6[4.1,] 
		 3: %self->render %self[2.0,] %v_7[4.2,] 
		 4: 
		 5: RETURN 
BB 6
	outgoing: 
	datadep: 
	instructions:

