digraph FiltersController_index_forward_70256773774840 {
	n18 -> n19
	n19 -> n20
	n20 -> n23
	n23 -> n49
	n49 -> n50
	n20 -> n52
	n52 -> n57
	n57 -> n58
	n58 -> n63
	n63 -> n64
	n57 -> n60
	n60 -> n61
	n61 -> n63
	n52 -> n60
	n19 -> n21
	n21 -> n22
	n21 -> n50
	n18 [label=<<i>User.where</i>> color=crimson shape=doubleoctagon]; 
	n19 [label = <<i>User_where(session_token=Isession[u]_to_s).first</i>> color=coral1 ]
	n20 []
	n23 [label = <<i>user.is_active?</i>> ]
	n49 []
	n50 []
	n52 []
	n57 []
	n58 [label = <<i>@user.id</i>> ]
	n63 []
	n64 [label = <<i>Rails_logger.info</i>> ]
	n60 []
	n61 [label = <<i>@user.username</i>> ]
	n21 []
	n22 []
}

digraph FiltersController_index_backward_70256773774840 {
	n13 -> n18
	n17 -> n18
	n16 -> n17
	n15 -> n16
	n14 -> n15
	n3 -> n14
	n18 [label=<<i>User.where</i>> color=crimson shape=doubleoctagon]; 
	n13 []
	n17 []
	n16 [label = <<i>session[u].to_s</i>> ]
	n15 []
	n14 [label = <<i>self.session</i>> ]
	n3 []
}

digraph FiltersController_index_forward_70256773773460 {
	n19 -> n20
	n20 -> n23
	n23 -> n49
	n49 -> n50
	n20 -> n52
	n52 -> n57
	n57 -> n58
	n58 -> n63
	n63 -> n64
	n57 -> n60
	n60 -> n61
	n61 -> n63
	n52 -> n60
	n19 -> n21
	n21 -> n22
	n21 -> n50
	n19 [label=<<i>User_where(session_token=Isession[u]_to_s).first</i>> color=crimson shape=doubleoctagon]; 
	n20 []
	n23 [label = <<i>user.is_active?</i>> ]
	n49 []
	n50 []
	n52 []
	n57 []
	n58 [label = <<i>@user.id</i>> ]
	n63 []
	n64 [label = <<i>Rails_logger.info</i>> ]
	n60 []
	n61 [label = <<i>@user.username</i>> ]
	n21 []
	n22 []
}

digraph FiltersController_index_backward_70256773773460 {
	n18 -> n19
	n13 -> n18
	n17 -> n18
	n16 -> n17
	n15 -> n16
	n14 -> n15
	n3 -> n14
	n19 [label=<<i>User_where(session_token=Isession[u]_to_s).first</i>> color=crimson shape=doubleoctagon]; 
	n18 [label = <<i>User.where</i>> color=coral1 ]
	n13 []
	n17 []
	n16 [label = <<i>session[u].to_s</i>> ]
	n15 []
	n14 [label = <<i>self.session</i>> ]
	n3 []
}

digraph FiltersController_index_forward_70256794374140 {
	n122 [label=<<i>Keystore.transaction</i>> color=crimson shape=doubleoctagon]; 
}

digraph FiltersController_index_backward_70256794374140 {
	n121 -> n122
	n72 -> n122
	n122 [label=<<i>Keystore.transaction</i>> color=crimson shape=doubleoctagon]; 
	n121 []
	n72 []
}

digraph FiltersController_index_forward_70256794342440 {
	n156 -> n158
	n158 -> n159
	n159 -> n160
	n160 -> n164
	n159 -> n162
	n156 [label=<<i>self.lock</i>> color=crimson shape=doubleoctagon]; 
	n158 [label = <<i>self_lock(true).where</i>> color=coral1 ]
	n159 [label = <<i>%cl_1_5.first</i>> ]
	n160 []
	n164 []
	n162 []
}

digraph FiltersController_index_backward_70256794342440 {
	n151 -> n156
	n156 [label=<<i>self.lock</i>> color=crimson shape=doubleoctagon]; 
	n151 []
}

digraph FiltersController_index_forward_70256794340720 {
	n158 -> n159
	n159 -> n160
	n160 -> n164
	n159 -> n162
	n158 [label=<<i>self_lock(true).where</i>> color=crimson shape=doubleoctagon]; 
	n159 [label = <<i>%cl_1_5.first</i>> ]
	n160 []
	n164 []
	n162 []
}

digraph FiltersController_index_backward_70256794340720 {
	n156 -> n158
	n151 -> n156
	n157 -> n158
	n158 [label=<<i>self_lock(true).where</i>> color=crimson shape=doubleoctagon]; 
	n156 [label = <<i>self.lock</i>> color=coral1 ]
	n151 []
	n157 []
}

digraph FiltersController_index_forward_70256794321300 {
	n182 -> n187
	n182 [label=<<i>kv.save!</i>> color=crimson shape=doubleoctagon]; 
	n187 []
}

digraph FiltersController_index_backward_70256794321300 {
	n178 -> n182
	n174 -> n178
	n180 -> n182
	n178 -> n180
	n182 [label=<<i>kv.save!</i>> color=crimson shape=doubleoctagon]; 
	n178 []
	n174 []
	n180 []
}

digraph FiltersController_index_forward_70256794309460 {
	n185 [label=<<i>self.where</i>> color=crimson shape=doubleoctagon]; 
}

digraph FiltersController_index_backward_70256794309460 {
	n185 [label=<<i>self.where</i>> color=crimson shape=doubleoctagon]; 
}

digraph FiltersController_index_forward_70256794228620 {
	n255 [label=<<i>traffic_kv.save!</i>> color=crimson shape=doubleoctagon]; 
}

digraph FiltersController_index_backward_70256794228620 {
	n228 -> n255
	n227 -> n228
	n226 -> n227
	n225 -> n227
	n253 -> n255
	n228 -> n253
	n233 -> n253
	n232 -> n233
	n231 -> n232
	n230 -> n231
	n227 -> n230
	n242 -> n253
	n241 -> n242
	n233 -> n241
	n240 -> n241
	n239 -> n240
	n238 -> n239
	n237 -> n239
	n236 -> n237
	n235 -> n236
	n223 -> n235
	n136 -> n223
	n131 -> n136
	n130 -> n131
	n129 -> n130
	n134 -> n136
	n135 -> n136
	n218 -> n136
	n149 -> n218
	n139 -> n149
	n218 -> n136
	n221 -> n136
	n220 -> n221
	n219 -> n220
	n132 -> n236
	n131 -> n132
	n248 -> n253
	n247 -> n248
	n246 -> n247
	n245 -> n246
	n244 -> n245
	n241 -> n244
	n255 [label=<<i>traffic_kv.save!</i>> color=crimson shape=doubleoctagon]; 
	n228 []
	n227 [label = <<i>Keystore.find_or_create_key_for_update</i>> ]
	n226 []
	n225 []
	n253 []
	n233 []
	n232 []
	n231 [label = <<i>%cl_1_12.to_i</i>> ]
	n230 [label = <<i>%cl_1_11.value</i>> ]
	n242 []
	n241 []
	n240 [label = <<i>Time_now.to_i</i>> ]
	n239 []
	n238 []
	n237 []
	n236 []
	n235 [label = <<i>date_kv.value</i>> ]
	n223 []
	n136 [label = <<i>Keystore.find_or_create_key_for_update</i>> ]
	n131 [label = <<i>Time_now.to_i</i>> ]
	n130 [label = <<i>Time.now</i>> ]
	n129 []
	n134 []
	n135 []
	n218 []
	n149 [label = <<i>self.loop</i>> ]
	n139 []
	n221 []
	n220 []
	n219 []
	n132 []
	n248 []
	n247 [label = <<i>[[100,traffic]_max,10000].min</i>> ]
	n246 []
	n245 [label = <<i>[100,traffic].max</i>> ]
	n244 []
}

digraph FiltersController_index_forward_70256794225640 {
	n259 [label=<<i>date_kv.save!</i>> color=crimson shape=doubleoctagon]; 
}

digraph FiltersController_index_backward_70256794225640 {
	n223 -> n259
	n136 -> n223
	n131 -> n136
	n130 -> n131
	n129 -> n130
	n134 -> n136
	n135 -> n136
	n218 -> n136
	n149 -> n218
	n139 -> n149
	n218 -> n136
	n221 -> n136
	n220 -> n221
	n219 -> n220
	n257 -> n259
	n223 -> n257
	n132 -> n257
	n131 -> n132
	n259 [label=<<i>date_kv.save!</i>> color=crimson shape=doubleoctagon]; 
	n223 []
	n136 [label = <<i>Keystore.find_or_create_key_for_update</i>> ]
	n131 [label = <<i>Time_now.to_i</i>> ]
	n130 [label = <<i>Time.now</i>> ]
	n129 []
	n134 []
	n135 []
	n218 []
	n149 [label = <<i>self.loop</i>> ]
	n139 []
	n221 []
	n220 []
	n219 []
	n257 []
	n132 []
}

digraph FiltersController_index_forward_70256794181220 {
	n294 [label=<<i>self.where</i>> color=crimson shape=doubleoctagon]; 
}

digraph FiltersController_index_backward_70256794181220 {
	n294 [label=<<i>self.where</i>> color=crimson shape=doubleoctagon]; 
}

digraph FiltersController_index_forward_70256794176300 {
	n306 -> n307
	n307 -> n308
	n306 [label=<<i>Tagging.group</i>> color=crimson shape=doubleoctagon]; 
	n307 [label = <<i>Tagging_group(tag_id).count</i>> color=coral1 ]
	n308 []
}

digraph FiltersController_index_backward_70256794176300 {
	n305 -> n306
	n306 [label=<<i>Tagging.group</i>> color=crimson shape=doubleoctagon]; 
	n305 []
}

digraph FiltersController_index_forward_70256794175120 {
	n307 -> n308
	n307 [label=<<i>Tagging_group(tag_id).count</i>> color=crimson shape=doubleoctagon]; 
	n308 []
}

digraph FiltersController_index_backward_70256794175120 {
	n306 -> n307
	n305 -> n306
	n307 [label=<<i>Tagging_group(tag_id).count</i>> color=crimson shape=doubleoctagon]; 
	n306 [label = <<i>Tagging.group</i>> color=coral1 ]
	n305 []
}

digraph FiltersController_index_forward_70256794163900 {
	n312 -> n313
	n313 -> n345
	n345 -> n363
	n363 -> n296
	n296 -> n365
	n312 [label=<<i>Tag_active.order</i>> color=crimson shape=doubleoctagon]; 
	n313 [label = <<i>Tag_active_order(tag).select</i>> color=coral1 ]
	n345 [label = <<i>%v_9.map</i>> ]
	n363 []
	n296 [label = <<i>Tag_active.all_with_story_counts_for</i>> ]
	n365 []
}

digraph FiltersController_index_backward_70256794163900 {
	n311 -> n312
	n310 -> n311
	n312 [label=<<i>Tag_active.order</i>> color=crimson shape=doubleoctagon]; 
	n311 [label = <<i>Tag.active</i>> ]
	n310 []
}

digraph FiltersController_index_forward_70256794162600 {
	n313 -> n345
	n345 -> n363
	n363 -> n296
	n296 -> n365
	n313 [label=<<i>Tag_active_order(tag).select</i>> color=crimson shape=doubleoctagon]; 
	n345 [label = <<i>%v_9.map</i>> ]
	n363 []
	n296 [label = <<i>Tag_active.all_with_story_counts_for</i>> ]
	n365 []
}

digraph FiltersController_index_backward_70256794162600 {
	n298 -> n313
	n312 -> n313
	n311 -> n312
	n310 -> n311
	n313 [label=<<i>Tag_active_order(tag).select</i>> color=crimson shape=doubleoctagon]; 
	n298 []
	n312 [label = <<i>Tag_active.order</i>> color=coral1 ]
	n311 [label = <<i>Tag.active</i>> ]
	n310 []
}

digraph FiltersController_index_forward_70256794145360 {
	n333 -> n334
	n334 -> n335
	n335 -> n336
	n336 -> n321
	n321 -> n340
	n333 [label=<<i>user.try</i>> color=crimson shape=doubleoctagon]; 
	n334 [label = <<i>%v_4.!</i>> ]
	n335 [label = <<i>%v_5.!</i>> ]
	n336 []
	n321 [label = <<i>t.valid_for?</i>> ]
	n340 []
}

digraph FiltersController_index_backward_70256794145360 {
	n328 -> n333
	n333 [label=<<i>user.try</i>> color=crimson shape=doubleoctagon]; 
	n328 []
}

digraph FiltersController_index_forward_70256794080760 {
	n398 -> n399
	n398 -> n400
	n400 -> n376
	n376 -> n403
	n403 -> n404
	n403 -> n405
	n398 [label=<<i>Tag.where</i>> color=crimson shape=doubleoctagon]; 
	n399 []
	n400 []
	n376 [label = <<i>self.tags_filtered_by_cookie</i>> ]
	n403 [label = <<i>tags_filtered_by_cookie.to_a</i>> ]
	n404 []
	n405 []
}

digraph FiltersController_index_backward_70256794080760 {
	n397 -> n398
	n396 -> n397
	n394 -> n396
	n393 -> n394
	n392 -> n393
	n391 -> n393
	n378 -> n391
	n395 -> n396
	n390 -> n398
	n398 [label=<<i>Tag.where</i>> color=crimson shape=doubleoctagon]; 
	n397 []
	n396 [label = <<i>cookies[TAG_FILTER_COOKIE]_to_s.split</i>> ]
	n394 [label = <<i>cookies[TAG_FILTER_COOKIE].to_s</i>> ]
	n393 []
	n392 []
	n391 [label = <<i>self.cookies</i>> ]
	n378 []
	n395 []
	n390 []
}

