SET IRMethod, name = authenticate_admin_user! instanceMethod = true
BB 1
	outgoing: 8 2 
	datadep: 
	instructions:
BB 2
	outgoing: 3 4 
	datadep: 
	instructions:
		 0: def_%self 
		 1: def_%v_0 
		 2: COPY TYPE_CurrentScope def_%current_scope 
		 3: COPY TYPE_ScopeModule def_%current_module 
		 4: 
		 5: 
		 6: %self->current_user def_%v_3 %self[2.0,] 	 SYMBOL:	 ARGS:
		 7: %v_3->try def_%v_4 %v_3[2.6,] 	 SYMBOL:admin?,	 ARGS:Symbol,
		 8: BRANCH %v_4[2.7,] 
BB 3
	outgoing: 4 
	datadep: 
	instructions:
		 0: %self->current_user def_%v_5 %self[2.0,] 	 SYMBOL:	 ARGS:
		 1: %v_5->try def_%v_6 %v_5[3.0,] 	 SYMBOL:moderator?,	 ARGS:Symbol,
		 2: COPY TYPE_PASS def_%v_4 %v_6[3.1,] 
BB 4
	outgoing: 5 6 
	datadep: 
	instructions:
		 0: BRANCH %v_4[3.2,2.7,] 
BB 5
	outgoing: 8 
	datadep: 
	instructions:
		 0: COPY TYPE_Nil def_%v_7 
		 1: RETURN %v_7[5.0,] %self[2.0,] 
BB 6
	outgoing: 8 
	datadep: 
	instructions:
		 0: (AccessDenied) def_%v_8 
		 1: %self->raise def_%v_9 %self[2.0,] %v_8[6.0,] 	 SYMBOL:	 ARGS:%v_8,
		 2: RETURN %v_9[6.1,] %self[6.1,2.0,] 
BB 8
	outgoing: 
	datadep: 
	instructions:

SET IRMethod, name = configure_permitted_parameters instanceMethod = true
BB 1
	outgoing: 3 2 
	datadep: 
	instructions:
BB 2
	outgoing: 3 
	datadep: 
	instructions:
		 0: def_%self 
		 1: def_%v_0 
		 2: COPY TYPE_CurrentScope def_%current_scope 
		 3: COPY TYPE_ScopeModule def_%current_module 
		 4: 
		 5: 
		 6: %self->devise_parameter_sanitizer def_%v_3 %self[2.0,] 	 SYMBOL:	 ARGS:
		 7: %v_3->for def_%v_4 %v_3[2.6,] %self[2.0,2.6,] 	 SYMBOL:sign_up,	 ARGS:Symbol,%v_3,
CLOSURE BEGIN: u[] 
BB 1
	outgoing: 6 2 
	datadep: 
	instructions:
BB 2
	outgoing: 3 
	datadep: 
	instructions:
		 0: def_%self 
		 1: def_%cl_1_0 
		 2: RECEIVEARG def_u 
		 3: COPY TYPE_CurrentScope def_%current_scope 
		 4: COPY TYPE_ScopeModule def_%current_module 
BB 3
	outgoing: 4 6 
	datadep: 
	instructions:
		 0: 
		 1: u->permit def_%cl_1_3 u[2.2,] 	 SYMBOL:username,email,password,password_confirmation,	 ARGS:Symbol,Symbol,Symbol,Symbol,
		 2: RETURN %cl_1_3[3.1,] %self[2.0,] 
BB 4
	outgoing: 6 
	datadep: 
	instructions:
		 0: def_%cl_1_4 
		 1: def_%cl_1_5 %cl_1_4[4.0,] 
		 2: RETURN %cl_1_5[4.1,] %self[2.0,] 
BB 6
	outgoing: 
	datadep: 
	instructions:
CLOSURE END: 
		 8: 
		 9: %self->devise_parameter_sanitizer def_%v_5 %self[2.0,2.6,] 	 SYMBOL:	 ARGS:
		 10: %v_5->for def_%v_6 %v_5[2.9,] %self[2.0,2.6,2.9,] 	 SYMBOL:sign_in,	 ARGS:Symbol,%v_5,
CLOSURE BEGIN: u[2.7,] 
BB 1
	outgoing: 6 2 
	datadep: 
	instructions:
BB 2
	outgoing: 3 
	datadep: 
	instructions:
		 0: def_%self 
		 1: def_%cl_2_0 
		 2: RECEIVEARG def_u 
		 3: COPY TYPE_CurrentScope def_%current_scope 
		 4: COPY TYPE_ScopeModule def_%current_module 
BB 3
	outgoing: 4 6 
	datadep: 
	instructions:
		 0: 
		 1: u->permit def_%cl_2_3 u[2.2,] 	 SYMBOL:login,password,remember_me,	 ARGS:Symbol,Symbol,Symbol,
		 2: RETURN %cl_2_3[3.1,] %self[2.0,] 
BB 4
	outgoing: 6 
	datadep: 
	instructions:
		 0: def_%cl_2_4 
		 1: def_%cl_2_5 %cl_2_4[4.0,] 
		 2: RETURN %cl_2_5[4.1,] %self[2.0,] 
BB 6
	outgoing: 
	datadep: 
	instructions:
CLOSURE END: 
		 11: RETURN %v_6[2.10,] %self[2.0,2.6,2.9,] 
BB 3
	outgoing: 
	datadep: 
	instructions:

SET IRMethod, name = last_deploy_time instanceMethod = true
BB 1
	outgoing: 16 2 
	datadep: 
	instructions:
BB 2
	outgoing: 3 4 
	datadep: 
	instructions:
		 0: def_%self 
		 1: def_%v_0 
		 2: COPY TYPE_CurrentScope def_%current_scope 
		 3: COPY TYPE_ScopeModule def_%current_module 
		 4: 
		 5: 
		 6: def_%v_4 %self[2.0,] 
		 7: COPY TYPE_PASS def_%v_3 %v_4[2.6,] 
		 8: %v_4[2.6,] 
BB 3
	outgoing: 4 
	datadep: 
	instructions:
		 0: GETFIELD %self->last_deploy_time def_%v_5 %self[2.0,] 
		 1: COPY TYPE_PASS def_%v_3 %v_5[3.0,] 
BB 4
	outgoing: 5 15 
	datadep: 
	instructions:
		 0: BRANCH %v_3[3.1,2.7,] 
BB 5
	outgoing: 7 
	datadep: 
	instructions:
		 0: GLOBALVAR $! def_%v_6 
BB 7
	outgoing: 8 9 
	datadep: 
	instructions:
		 0: 
		 1: (File) def_%v_9 
		 2: (Rails) def_%v_10 
		 3: %v_10->root def_%v_11 %v_10[7.2,] 	 SYMBOL:	 ARGS:
		 4: COPY TYPE_StringLiteral "last_deploy" def_%v_12 
		 5: %v_11->join def_%v_13 %v_11[7.3,] %v_12[7.4,] 	 SYMBOL:	 ARGS:%v_12,
		 6: %v_9->new def_%v_14 %v_9[7.1,] %v_13[7.5,] 	 SYMBOL:	 ARGS:%v_13,
		 7: %v_14->atime def_%v_15 %v_14[7.6,] 	 SYMBOL:	 ARGS:
		 8: COPY TYPE_PASS def_%v_8 %v_15[7.7,] 
		 9: 
		 10: %v_6[5.0,] 
BB 8
	outgoing: 14 
	datadep: 
	instructions:
		 0: 
BB 9
	outgoing: 10 11 13 
	datadep: 
	instructions:
		 0: 
		 1: def_%v_16 
		 2: def_%v_17 %v_16[9.1,] 
		 3: BRANCH %v_17[9.2,] 
BB 10
	outgoing: 13 16 
	datadep: 
	instructions:
		 0: %v_16[9.1,] 
BB 11
	outgoing: 12 13 
	datadep: 
	instructions:
		 0: COPY TYPE_Nil def_%v_8 
		 1: 
		 2: %v_6[5.0,] 
BB 12
	outgoing: 14 
	datadep: 
	instructions:
		 0: 
BB 13
	outgoing: 16 
	datadep: 
	instructions:
		 0: def_%v_18 
		 1: def_%v_19 %v_18[13.0,] %v_6[5.0,] 
		 2: %v_18[13.0,] 
BB 14
	outgoing: 16 
	datadep: 
	instructions:
		 0: ATTRASSIGN %self->last_deploy_time %v_8[7.8,11.0,] 
		 1: RETURN %v_8[7.8,11.0,] %self[14.0,2.0,] 
BB 15
	outgoing: 16 
	datadep: 
	instructions:
		 0: RETURN %v_5[3.0,] %self[2.0,] 
BB 16
	outgoing: 
	datadep: 
	instructions:

SET IRMethod, name = current_profile instanceMethod = true
BB 1
	outgoing: 10 2 
	datadep: 
	instructions:
BB 2
	outgoing: 3 4 
	datadep: 
	instructions:
		 0: def_%self 
		 1: def_%v_0 
		 2: COPY TYPE_CurrentScope def_%current_scope 
		 3: COPY TYPE_ScopeModule def_%current_module 
		 4: 
		 5: 
		 6: def_%v_4 %self[2.0,] 
		 7: COPY TYPE_PASS def_%v_3 %v_4[2.6,] 
		 8: %v_4[2.6,] 
BB 3
	outgoing: 4 
	datadep: 
	instructions:
		 0: GETFIELD %self->current_profile def_%v_5 %self[2.0,] 
		 1: COPY TYPE_PASS def_%v_3 %v_5[3.0,] 
BB 4
	outgoing: 5 9 
	datadep: 
	instructions:
		 0: BRANCH %v_3[3.1,2.7,] 
BB 5
	outgoing: 6 7 
	datadep: 
	instructions:
		 0: 
		 1: %self->user_signed_in? def_%v_6 %self[2.0,] 	 SYMBOL:	 ARGS:
		 2: BRANCH %v_6[5.1,] 
BB 6
	outgoing: 8 
	datadep: 
	instructions:
		 0: 
		 1: %self->current_user def_%v_7 %self[2.0,] 	 SYMBOL:	 ARGS:
		 2: %v_7->profile def_%v_8 %v_7[6.1,] 	 SYMBOL:	 ARGS:
		 3: 
BB 7
	outgoing: 8 
	datadep: 
	instructions:
		 0: 
		 1: (UserProfile) def_%v_9 
		 2: %v_9->new def_%v_10 %v_9[7.1,] 	 SYMBOL:	 ARGS:
		 3: COPY TYPE_PASS def_%v_8 %v_10[7.2,] 
BB 8
	outgoing: 10 
	datadep: 
	instructions:
		 0: ATTRASSIGN %self->current_profile %v_8[7.3,6.2,] 
		 1: RETURN %v_8[7.3,6.2,] %self[8.0,2.0,] 
BB 9
	outgoing: 10 
	datadep: 
	instructions:
		 0: RETURN %v_5[3.0,] %self[2.0,] 
BB 10
	outgoing: 
	datadep: 
	instructions:

SET IRMethod, name = current_purities instanceMethod = true
BB 1
	outgoing: 3 2 
	datadep: 
	instructions:
BB 2
	outgoing: 3 
	datadep: 
	instructions:
		 0: def_%self 
		 1: def_%v_0 
		 2: COPY TYPE_CurrentScope def_%current_scope 
		 3: COPY TYPE_ScopeModule def_%current_module 
		 4: 
		 5: 
		 6: %self->current_settings def_%v_3 %self[2.0,] 	 SYMBOL:	 ARGS:
		 7: %v_3->purities def_%v_4 %v_3[2.6,] 	 SYMBOL:	 ARGS:
		 8: RETURN %v_4[2.7,] %self[2.0,2.6,] 
BB 3
	outgoing: 
	datadep: 
	instructions:

SET IRMethod, name = current_settings instanceMethod = true
BB 1
	outgoing: 10 2 
	datadep: 
	instructions:
BB 2
	outgoing: 3 4 
	datadep: 
	instructions:
		 0: def_%self 
		 1: def_%v_0 
		 2: COPY TYPE_CurrentScope def_%current_scope 
		 3: COPY TYPE_ScopeModule def_%current_module 
		 4: 
		 5: 
		 6: def_%v_4 %self[2.0,] 
		 7: COPY TYPE_PASS def_%v_3 %v_4[2.6,] 
		 8: %v_4[2.6,] 
BB 3
	outgoing: 4 
	datadep: 
	instructions:
		 0: GETFIELD %self->current_settings def_%v_5 %self[2.0,] 
		 1: COPY TYPE_PASS def_%v_3 %v_5[3.0,] 
BB 4
	outgoing: 5 9 
	datadep: 
	instructions:
		 0: BRANCH %v_3[3.1,2.7,] 
BB 5
	outgoing: 6 7 
	datadep: 
	instructions:
		 0: 
		 1: %self->user_signed_in? def_%v_6 %self[2.0,] 	 SYMBOL:	 ARGS:
		 2: BRANCH %v_6[5.1,] 
BB 6
	outgoing: 8 
	datadep: 
	instructions:
		 0: 
		 1: %self->current_user def_%v_7 %self[2.0,] 	 SYMBOL:	 ARGS:
		 2: %v_7->settings def_%v_8 %v_7[6.1,] 	 SYMBOL:	 ARGS:
		 3: 
BB 7
	outgoing: 8 
	datadep: 
	instructions:
		 0: 
		 1: (UserSetting) def_%v_9 
		 2: %v_9->new def_%v_10 %v_9[7.1,] 	 SYMBOL:	 ARGS:
		 3: COPY TYPE_PASS def_%v_8 %v_10[7.2,] 
BB 8
	outgoing: 10 
	datadep: 
	instructions:
		 0: ATTRASSIGN %self->current_settings %v_8[7.3,6.2,] 
		 1: RETURN %v_8[7.3,6.2,] %self[8.0,2.0,] 
BB 9
	outgoing: 10 
	datadep: 
	instructions:
		 0: RETURN %v_5[3.0,] %self[2.0,] 
BB 10
	outgoing: 
	datadep: 
	instructions:

SET IRMethod, name = access_denied_response instanceMethod = true
BB 1
	outgoing: 3 2 
	datadep: 
	instructions:
BB 2
	outgoing: 3 
	datadep: 
	instructions:
		 0: def_%self 
		 1: def_%v_0 
		 2: COPY TYPE_CurrentScope def_%current_scope 
		 3: COPY TYPE_ScopeModule def_%current_module 
		 4: 
		 5: RECEIVEARG def_exception 
		 6: 
		 7: %self->respond_to def_%v_3 %self[2.0,] %self[2.0,] 	 SYMBOL:	 ARGS:%self,
CLOSURE BEGIN: format[] %self[2.0,] exception[2.5,] 
BB 1
	outgoing: 6 2 
	datadep: 
	instructions:
BB 2
	outgoing: 3 
	datadep: 
	instructions:
		 0: def_%self 
		 1: def_%cl_1_0 
		 2: RECEIVEARG def_format 
		 3: COPY TYPE_CurrentScope def_%current_scope 
		 4: COPY TYPE_ScopeModule def_%current_module 
BB 3
	outgoing: 4 6 
	datadep: 
	instructions:
		 0: 
		 1: format->html def_%cl_1_3 format[2.2,] %self[2.0,] 	 SYMBOL:	 ARGS:format,
CLOSURE BEGIN: %self[2.0,] exception[] 
BB 1
	outgoing: 6 2 
	datadep: 
	instructions:
BB 2
	outgoing: 3 
	datadep: 
	instructions:
		 0: def_%self 
		 1: def_%cl_2_0 
		 2: COPY TYPE_CurrentScope def_%current_scope 
		 3: COPY TYPE_ScopeModule def_%current_module 
BB 3
	outgoing: 4 6 
	datadep: 
	instructions:
		 0: 
		 1: %self->root_url def_%cl_2_3 %self[2.0,] 	 SYMBOL:	 ARGS:
		 2: exception->message def_%cl_2_4 exception[] 	 SYMBOL:	 ARGS:
		 3: HASH-alert- def_%cl_2_5 %cl_2_4[3.2,] 
		 4: %self->redirect_to def_%cl_2_6 %self[3.1,2.0,] %cl_2_3[3.1,] %cl_2_5[3.3,] 	 SYMBOL:	 ARGS:%cl_2_3,%cl_2_5,
		 5: RETURN %cl_2_6[3.4,] %self[3.1,3.4,2.0,] 
BB 4
	outgoing: 6 
	datadep: 
	instructions:
		 0: def_%cl_2_7 
		 1: def_%cl_2_8 %cl_2_7[4.0,] 
		 2: RETURN %cl_2_8[4.1,] %self[2.0,] 
BB 6
	outgoing: 
	datadep: 
	instructions:
CLOSURE END: 
		 2: 
		 3: format->json def_%cl_1_4 format[3.1,2.2,] %self[2.0,] 	 SYMBOL:	 ARGS:format,
CLOSURE BEGIN: exception[] %self[2.0,] 
BB 1
	outgoing: 6 2 
	datadep: 
	instructions:
BB 2
	outgoing: 3 
	datadep: 
	instructions:
		 0: def_%self 
		 1: def_%cl_3_0 
		 2: COPY TYPE_CurrentScope def_%current_scope 
		 3: COPY TYPE_ScopeModule def_%current_module 
BB 3
	outgoing: 4 6 
	datadep: 
	instructions:
		 0: 
		 1: exception->message def_%cl_3_3 exception[] 	 SYMBOL:	 ARGS:
		 2: HASH-message- def_%cl_3_4 %cl_3_3[3.1,] 
		 3: HASH-error- def_%cl_3_5 %cl_3_4[3.2,] 
		 4: COPY TYPE_PASS def_response %cl_3_5[3.3,] 
		 5: 
		 6: HASH-json-status- def_%cl_3_6 %cl_3_5[3.3,] 
		 7: %self->render def_%cl_3_7 %self[2.0,] %cl_3_6[3.6,] 	 SYMBOL:	 ARGS:%cl_3_6,
		 8: RETURN %cl_3_7[3.7,] %self[3.7,2.0,] 
BB 4
	outgoing: 6 
	datadep: 
	instructions:
		 0: def_%cl_3_8 
		 1: def_%cl_3_9 %cl_3_8[4.0,] 
		 2: RETURN %cl_3_9[4.1,] %self[2.0,] 
BB 6
	outgoing: 
	datadep: 
	instructions:
CLOSURE END: 
		 4: RETURN %cl_1_4[3.3,] %self[2.0,] 
BB 4
	outgoing: 6 
	datadep: 
	instructions:
		 0: def_%cl_1_5 
		 1: def_%cl_1_6 %cl_1_5[4.0,] 
		 2: RETURN %cl_1_6[4.1,] %self[2.0,] 
BB 6
	outgoing: 
	datadep: 
	instructions:
CLOSURE END: 
		 8: RETURN %v_3[2.7,] %self[2.0,2.7,] 
BB 3
	outgoing: 
	datadep: 
	instructions:

