SET IRMethod, name = new instanceMethod = true
BB 1
	outgoing: 3 2 
	datadep: 
	instructions:
BB 2
	outgoing: 3 
	datadep: 
	instructions:
		 0: def_%self 
		 1: def_%v_0 
		 2: COPY TYPE_CurrentScope def_%current_scope 
		 3: COPY TYPE_ScopeModule def_%current_module 
		 4: 
		 5: 
		 6: COPY TYPE_StringLiteral "Forgot Password" def_%v_3 
		 7: %self->use_page_title def_%v_4 %self[2.0,] %v_3[2.6,] 	 SYMBOL:	 ARGS:%v_3,
		 8: 
		 9: %self->super def_%v_5 %current_module[2.3,] %v_0[2.1,] 	 SYMBOL:	 ARGS:
		 10: 
		 11: %self->ruby_code_from_view def_%v_6 %self[2.0,2.7,] 	 SYMBOL:	 ARGS:
		 12: %v_6->ruby_code_from_view def_%v_7 %v_6[2.11,] %self[2.0,2.7,2.11,] 	 SYMBOL:	 ARGS:%v_6,
CLOSURE BEGIN: %self[2.0,2.7,2.11,] msg[] f[] provider[] 
BB 1
	outgoing: 36 2 
	datadep: 
	instructions:
BB 2
	outgoing: 3 
	datadep: 
	instructions:
		 0: def_%self 
		 1: def_%cl_1_0 
		 2: RECEIVEARG def_rb_from_view 
		 3: COPY TYPE_CurrentScope def_%current_scope 
		 4: COPY TYPE_ScopeModule def_%current_module 
BB 3
	outgoing: 4 5 34 
	datadep: 
	instructions:
		 0: 
		 1: %self->flash def_%cl_1_3 %self[2.0,] 	 SYMBOL:	 ARGS:
		 2: %cl_1_3->each def_%cl_1_4 %cl_1_3[3.1,] %self[3.1,2.0,] 	 SYMBOL:	 ARGS:%cl_1_3,
CLOSURE BEGIN: %self[3.1,2.0,] msg[] 
BB 1
	outgoing: 6 2 
	datadep: 
	instructions:
BB 2
	outgoing: 3 
	datadep: 
	instructions:
		 0: def_%self 
		 1: def_%cl_2_0 
		 2: RECEIVEARG def_name 
		 3: RECEIVEARG def_msg 
		 4: COPY TYPE_CurrentScope def_%current_scope 
		 5: COPY TYPE_ScopeModule def_%current_module 
BB 3
	outgoing: 4 6 
	datadep: 
	instructions:
		 0: 
		 1: COPY TYPE_StringLiteral "flash-message" def_%cl_2_3 
		 2: HASH-class- def_%cl_2_4 %cl_2_3[3.1,] 
		 3: %self->content_tag def_%cl_2_5 %self[2.0,] %cl_2_4[3.2,] %self[2.0,] 	 SYMBOL:div,	 ARGS:Symbol,%cl_2_4,%self,
CLOSURE BEGIN: msg[2.3,] 
BB 1
	outgoing: 6 2 
	datadep: 
	instructions:
BB 2
	outgoing: 6 
	datadep: 
	instructions:
		 0: def_%self 
		 1: def_%cl_3_0 
		 2: COPY TYPE_CurrentScope def_%current_scope 
		 3: COPY TYPE_ScopeModule def_%current_module 
		 4: 
		 5: RETURN msg[] %self[2.0,] 
BB 6
	outgoing: 
	datadep: 
	instructions:
CLOSURE END: 
		 4: RETURN %cl_2_5[3.3,] %self[3.3,2.0,] 
BB 4
	outgoing: 6 
	datadep: 
	instructions:
		 0: def_%cl_2_6 
		 1: def_%cl_2_7 %cl_2_6[4.0,] 
		 2: RETURN %cl_2_7[4.1,] %self[2.0,] 
BB 6
	outgoing: 
	datadep: 
	instructions:
CLOSURE END: msg[2.3,] 
		 3: 
		 4: %self->resource def_%cl_1_5 %self[3.1,2.0,] 	 SYMBOL:	 ARGS:
		 5: %self->resource_name def_%cl_1_6 %self[3.1,3.4,2.0,] 	 SYMBOL:	 ARGS:
		 6: %self->resource_name def_%cl_1_7 %self[3.1,3.4,3.5,2.0,] 	 SYMBOL:	 ARGS:
		 7: %self->password_path def_%cl_1_8 %self[3.1,3.4,3.5,3.6,2.0,] %cl_1_7[3.6,] 	 SYMBOL:	 ARGS:%cl_1_7,
		 8: HASH-method- def_%cl_1_9 
		 9: HASH-as-url-html- def_%cl_1_10 %cl_1_6[3.5,] %cl_1_8[3.7,] %cl_1_9[3.8,] 
		 10: %self->simple_form_for def_%cl_1_11 %self[3.1,3.4,3.5,3.6,3.7,2.0,] %cl_1_5[3.4,] %cl_1_10[3.9,] %self[3.1,3.4,3.5,3.6,3.7,2.0,] 	 SYMBOL:	 ARGS:%cl_1_5,%cl_1_10,%self,
CLOSURE BEGIN: f[] 
BB 1
	outgoing: 6 2 
	datadep: 
	instructions:
BB 2
	outgoing: 3 
	datadep: 
	instructions:
		 0: def_%self 
		 1: def_%cl_4_0 
		 2: RECEIVEARG def_f 
		 3: COPY TYPE_CurrentScope def_%current_scope 
		 4: COPY TYPE_ScopeModule def_%current_module 
BB 3
	outgoing: 4 6 
	datadep: 
	instructions:
		 0: 
		 1: f->error_notification def_%cl_4_3 f[2.2,] 	 SYMBOL:	 ARGS:
		 2: 
		 3: HASH-required-autofocus- def_%cl_4_4 
		 4: f->input def_%cl_4_5 f[3.1,2.2,] %cl_4_4[3.3,] 	 SYMBOL:email,	 ARGS:Symbol,%cl_4_4,
		 5: 
		 6: COPY TYPE_StringLiteral "Send me reset password instructions" def_%cl_4_6 
		 7: f->button def_%cl_4_7 f[3.1,3.4,2.2,] %cl_4_6[3.6,] 	 SYMBOL:submit,	 ARGS:Symbol,%cl_4_6,
		 8: RETURN %cl_4_7[3.7,] %self[2.0,] 
BB 4
	outgoing: 6 
	datadep: 
	instructions:
		 0: def_%cl_4_8 
		 1: def_%cl_4_9 %cl_4_8[4.0,] 
		 2: RETURN %cl_4_9[4.1,] %self[2.0,] 
BB 6
	outgoing: 
	datadep: 
	instructions:
CLOSURE END: 
		 11: 
		 12: %self->controller_name def_%cl_1_12 %self[3.1,3.4,3.5,3.6,3.7,3.10,2.0,] 	 SYMBOL:	 ARGS:
		 13: COPY TYPE_StringLiteral "sessions" def_%cl_1_13 
		 14: %cl_1_12->!= def_%cl_1_14 %cl_1_12[3.12,] %cl_1_13[3.13,] 	 SYMBOL:	 ARGS:%cl_1_13,
		 15: BRANCH %cl_1_14[3.14,] 
BB 4
	outgoing: 6 34 
	datadep: 
	instructions:
		 0: 
		 1: COPY TYPE_StringLiteral "Sign in" def_%cl_1_15 
		 2: %self->resource_name def_%cl_1_16 %self[2.0,] 	 SYMBOL:	 ARGS:
		 3: %self->new_session_path def_%cl_1_17 %self[4.2,2.0,] %cl_1_16[4.2,] 	 SYMBOL:	 ARGS:%cl_1_16,
		 4: %self->link_to def_%cl_1_18 %self[4.2,4.3,2.0,] %cl_1_15[4.1,] %cl_1_17[4.3,] 	 SYMBOL:	 ARGS:%cl_1_15,%cl_1_17,
		 5: 
BB 5
	outgoing: 6 
	datadep: 
	instructions:
		 0: COPY TYPE_Nil def_%cl_1_18 
BB 6
	outgoing: 7 8 34 
	datadep: 
	instructions:
		 0: 
		 1: %self->devise_mapping def_%cl_1_19 %self[2.0,] 	 SYMBOL:	 ARGS:
		 2: %cl_1_19->registerable? def_%cl_1_20 %cl_1_19[6.1,] 	 SYMBOL:	 ARGS:
		 3: BRANCH %cl_1_20[6.2,] 
BB 7
	outgoing: 8 34 
	datadep: 
	instructions:
		 0: %self->controller_name def_%cl_1_21 %self[2.0,] 	 SYMBOL:	 ARGS:
		 1: COPY TYPE_StringLiteral "registrations" def_%cl_1_22 
		 2: %cl_1_21->!= def_%cl_1_23 %cl_1_21[7.0,] %cl_1_22[7.1,] 	 SYMBOL:	 ARGS:%cl_1_22,
		 3: COPY TYPE_PASS def_%cl_1_20 %cl_1_23[7.2,] 
BB 8
	outgoing: 9 10 
	datadep: 
	instructions:
		 0: BRANCH %cl_1_20[7.3,6.2,] 
BB 9
	outgoing: 11 34 
	datadep: 
	instructions:
		 0: 
		 1: COPY TYPE_StringLiteral "Sign up" def_%cl_1_24 
		 2: %self->resource_name def_%cl_1_25 %self[2.0,] 	 SYMBOL:	 ARGS:
		 3: %self->new_registration_path def_%cl_1_26 %self[9.2,2.0,] %cl_1_25[9.2,] 	 SYMBOL:	 ARGS:%cl_1_25,
		 4: %self->link_to def_%cl_1_27 %self[9.2,9.3,2.0,] %cl_1_24[9.1,] %cl_1_26[9.3,] 	 SYMBOL:	 ARGS:%cl_1_24,%cl_1_26,
		 5: 
BB 10
	outgoing: 11 
	datadep: 
	instructions:
		 0: COPY TYPE_Nil def_%cl_1_27 
BB 11
	outgoing: 12 13 34 
	datadep: 
	instructions:
		 0: 
		 1: %self->devise_mapping def_%cl_1_28 %self[2.0,] 	 SYMBOL:	 ARGS:
		 2: %cl_1_28->recoverable? def_%cl_1_29 %cl_1_28[11.1,] 	 SYMBOL:	 ARGS:
		 3: BRANCH %cl_1_29[11.2,] 
BB 12
	outgoing: 13 34 
	datadep: 
	instructions:
		 0: %self->controller_name def_%cl_1_30 %self[2.0,] 	 SYMBOL:	 ARGS:
		 1: COPY TYPE_StringLiteral "passwords" def_%cl_1_31 
		 2: %cl_1_30->!= def_%cl_1_32 %cl_1_30[12.0,] %cl_1_31[12.1,] 	 SYMBOL:	 ARGS:%cl_1_31,
		 3: COPY TYPE_PASS def_%cl_1_29 %cl_1_32[12.2,] 
BB 13
	outgoing: 14 15 
	datadep: 
	instructions:
		 0: BRANCH %cl_1_29[12.3,11.2,] 
BB 14
	outgoing: 15 34 
	datadep: 
	instructions:
		 0: %self->controller_name def_%cl_1_33 %self[2.0,] 	 SYMBOL:	 ARGS:
		 1: COPY TYPE_StringLiteral "registrations" def_%cl_1_34 
		 2: %cl_1_33->!= def_%cl_1_35 %cl_1_33[14.0,] %cl_1_34[14.1,] 	 SYMBOL:	 ARGS:%cl_1_34,
		 3: COPY TYPE_PASS def_%cl_1_29 %cl_1_35[14.2,] 
BB 15
	outgoing: 16 17 
	datadep: 
	instructions:
		 0: BRANCH %cl_1_29[14.3,12.3,11.2,] 
BB 16
	outgoing: 18 34 
	datadep: 
	instructions:
		 0: 
		 1: COPY TYPE_StringLiteral "Forgot your password?" def_%cl_1_36 
		 2: %self->resource_name def_%cl_1_37 %self[2.0,] 	 SYMBOL:	 ARGS:
		 3: %self->new_password_path def_%cl_1_38 %self[16.2,2.0,] %cl_1_37[16.2,] 	 SYMBOL:	 ARGS:%cl_1_37,
		 4: %self->link_to def_%cl_1_39 %self[16.2,16.3,2.0,] %cl_1_36[16.1,] %cl_1_38[16.3,] 	 SYMBOL:	 ARGS:%cl_1_36,%cl_1_38,
		 5: 
BB 17
	outgoing: 18 
	datadep: 
	instructions:
		 0: COPY TYPE_Nil def_%cl_1_39 
BB 18
	outgoing: 19 20 34 
	datadep: 
	instructions:
		 0: 
		 1: %self->devise_mapping def_%cl_1_40 %self[2.0,] 	 SYMBOL:	 ARGS:
		 2: %cl_1_40->confirmable? def_%cl_1_41 %cl_1_40[18.1,] 	 SYMBOL:	 ARGS:
		 3: BRANCH %cl_1_41[18.2,] 
BB 19
	outgoing: 20 34 
	datadep: 
	instructions:
		 0: %self->controller_name def_%cl_1_42 %self[2.0,] 	 SYMBOL:	 ARGS:
		 1: COPY TYPE_StringLiteral "confirmations" def_%cl_1_43 
		 2: %cl_1_42->!= def_%cl_1_44 %cl_1_42[19.0,] %cl_1_43[19.1,] 	 SYMBOL:	 ARGS:%cl_1_43,
		 3: COPY TYPE_PASS def_%cl_1_41 %cl_1_44[19.2,] 
BB 20
	outgoing: 21 22 
	datadep: 
	instructions:
		 0: BRANCH %cl_1_41[19.3,18.2,] 
BB 21
	outgoing: 23 34 
	datadep: 
	instructions:
		 0: 
		 1: COPY TYPE_StringLiteral "Didn't receive confirmation instructions?" def_%cl_1_45 
		 2: %self->resource_name def_%cl_1_46 %self[2.0,] 	 SYMBOL:	 ARGS:
		 3: %self->new_confirmation_path def_%cl_1_47 %self[21.2,2.0,] %cl_1_46[21.2,] 	 SYMBOL:	 ARGS:%cl_1_46,
		 4: %self->link_to def_%cl_1_48 %self[21.2,21.3,2.0,] %cl_1_45[21.1,] %cl_1_47[21.3,] 	 SYMBOL:	 ARGS:%cl_1_45,%cl_1_47,
		 5: 
BB 22
	outgoing: 23 
	datadep: 
	instructions:
		 0: COPY TYPE_Nil def_%cl_1_48 
BB 23
	outgoing: 24 25 34 
	datadep: 
	instructions:
		 0: 
		 1: %self->devise_mapping def_%cl_1_49 %self[2.0,] 	 SYMBOL:	 ARGS:
		 2: %cl_1_49->lockable? def_%cl_1_50 %cl_1_49[23.1,] 	 SYMBOL:	 ARGS:
		 3: BRANCH %cl_1_50[23.2,] 
BB 24
	outgoing: 25 34 
	datadep: 
	instructions:
		 0: %self->resource_class def_%cl_1_51 %self[2.0,] 	 SYMBOL:	 ARGS:
		 1: %cl_1_51->unlock_strategy_enabled? def_%cl_1_52 %cl_1_51[24.0,] 	 SYMBOL:email,	 ARGS:Symbol,
		 2: COPY TYPE_PASS def_%cl_1_50 %cl_1_52[24.1,] 
BB 25
	outgoing: 26 27 
	datadep: 
	instructions:
		 0: BRANCH %cl_1_50[24.2,23.2,] 
BB 26
	outgoing: 27 34 
	datadep: 
	instructions:
		 0: %self->controller_name def_%cl_1_53 %self[2.0,] 	 SYMBOL:	 ARGS:
		 1: COPY TYPE_StringLiteral "unlocks" def_%cl_1_54 
		 2: %cl_1_53->!= def_%cl_1_55 %cl_1_53[26.0,] %cl_1_54[26.1,] 	 SYMBOL:	 ARGS:%cl_1_54,
		 3: COPY TYPE_PASS def_%cl_1_50 %cl_1_55[26.2,] 
BB 27
	outgoing: 28 29 
	datadep: 
	instructions:
		 0: BRANCH %cl_1_50[26.3,24.2,23.2,] 
BB 28
	outgoing: 30 34 
	datadep: 
	instructions:
		 0: 
		 1: COPY TYPE_StringLiteral "Didn't receive unlock instructions?" def_%cl_1_56 
		 2: %self->resource_name def_%cl_1_57 %self[2.0,] 	 SYMBOL:	 ARGS:
		 3: %self->new_unlock_path def_%cl_1_58 %self[28.2,2.0,] %cl_1_57[28.2,] 	 SYMBOL:	 ARGS:%cl_1_57,
		 4: %self->link_to def_%cl_1_59 %self[28.2,28.3,2.0,] %cl_1_56[28.1,] %cl_1_58[28.3,] 	 SYMBOL:	 ARGS:%cl_1_56,%cl_1_58,
		 5: 
BB 29
	outgoing: 30 
	datadep: 
	instructions:
		 0: COPY TYPE_Nil def_%cl_1_59 
BB 30
	outgoing: 31 32 34 
	datadep: 
	instructions:
		 0: 
		 1: %self->devise_mapping def_%cl_1_60 %self[2.0,] 	 SYMBOL:	 ARGS:
		 2: %cl_1_60->omniauthable? def_%cl_1_61 %cl_1_60[30.1,] 	 SYMBOL:	 ARGS:
		 3: BRANCH %cl_1_61[30.2,] 
BB 31
	outgoing: 33 34 
	datadep: 
	instructions:
		 0: 
		 1: %self->resource_class def_%cl_1_62 %self[2.0,] 	 SYMBOL:	 ARGS:
		 2: %cl_1_62->omniauth_providers def_%cl_1_63 %cl_1_62[31.1,] 	 SYMBOL:	 ARGS:
		 3: %cl_1_63->each def_%cl_1_64 %cl_1_63[31.2,] %self[31.1,2.0,] 	 SYMBOL:	 ARGS:%cl_1_63,
CLOSURE BEGIN: provider[] %self[31.1,2.0,] 
BB 1
	outgoing: 6 2 
	datadep: 
	instructions:
BB 2
	outgoing: 3 
	datadep: 
	instructions:
		 0: def_%self 
		 1: def_%cl_5_0 
		 2: RECEIVEARG def_provider 
		 3: COPY TYPE_CurrentScope def_%current_scope 
		 4: COPY TYPE_ScopeModule def_%current_module 
BB 3
	outgoing: 4 6 
	datadep: 
	instructions:
		 0: 
		 1: COPY TYPE_StringLiteral "Sign in with " def_%cl_5_3 
		 2: provider->to_s def_%cl_5_4 provider[2.2,] 	 SYMBOL:	 ARGS:
		 3: %cl_5_4->titleize def_%cl_5_5 %cl_5_4[3.2,] 	 SYMBOL:	 ARGS:
		 4: BUILDSTRING def_%cl_5_6 %cl_5_3[3.1,] %cl_5_5[3.3,] 
		 5: %self->resource_name def_%cl_5_7 %self[2.0,] 	 SYMBOL:	 ARGS:
		 6: %self->omniauth_authorize_path def_%cl_5_8 %self[3.5,2.0,] %cl_5_7[3.5,] provider[3.2,2.2,] 	 SYMBOL:	 ARGS:%cl_5_7,provider,
		 7: %self->link_to def_%cl_5_9 %self[3.5,3.6,2.0,] %cl_5_6[3.4,] %cl_5_8[3.6,] 	 SYMBOL:	 ARGS:%cl_5_6,%cl_5_8,
		 8: RETURN %cl_5_9[3.7,] %self[3.5,3.6,3.7,2.0,] 
BB 4
	outgoing: 6 
	datadep: 
	instructions:
		 0: def_%cl_5_10 
		 1: def_%cl_5_11 %cl_5_10[4.0,] 
		 2: RETURN %cl_5_11[4.1,] %self[2.0,] 
BB 6
	outgoing: 
	datadep: 
	instructions:
CLOSURE END: 
		 4: 
BB 32
	outgoing: 36 
	datadep: 
	instructions:
		 0: RETURN %self[2.0,] 
BB 33
	outgoing: 36 
	datadep: 
	instructions:
		 0: RETURN %cl_1_64[31.3,] %self[2.0,] 
BB 34
	outgoing: 36 
	datadep: 
	instructions:
		 0: def_%cl_1_65 
		 1: def_%cl_1_66 %cl_1_65[34.0,] 
		 2: RETURN %cl_1_66[34.1,] %self[2.0,] 
BB 36
	outgoing: 
	datadep: 
	instructions:
CLOSURE END: 
		 13: RETURN %v_7[2.12,] %self[2.0,2.7,2.11,] 
BB 3
	outgoing: 
	datadep: 
	instructions:

SET IRMethod, name = create instanceMethod = true
BB 1
	outgoing: 3 2 
	datadep: 
	instructions:
BB 2
	outgoing: 3 
	datadep: 
	instructions:
		 0: def_%self 
		 1: def_%v_0 
		 2: COPY TYPE_CurrentScope def_%current_scope 
		 3: COPY TYPE_ScopeModule def_%current_module 
		 4: 
		 5: 
		 6: COPY TYPE_StringLiteral "Forgot Password" def_%v_3 
		 7: %self->use_page_title def_%v_4 %self[2.0,] %v_3[2.6,] 	 SYMBOL:	 ARGS:%v_3,
		 8: 
		 9: %self->super def_%v_5 %current_module[2.3,] %v_0[2.1,] 	 SYMBOL:	 ARGS:
		 10: RETURN %v_5[2.9,] %self[2.0,2.7,] 
BB 3
	outgoing: 
	datadep: 
	instructions:

SET IRMethod, name = edit instanceMethod = true
BB 1
	outgoing: 3 2 
	datadep: 
	instructions:
BB 2
	outgoing: 3 
	datadep: 
	instructions:
		 0: def_%self 
		 1: def_%v_0 
		 2: COPY TYPE_CurrentScope def_%current_scope 
		 3: COPY TYPE_ScopeModule def_%current_module 
		 4: 
		 5: 
		 6: COPY TYPE_StringLiteral "Reset Password" def_%v_3 
		 7: %self->use_page_title def_%v_4 %self[2.0,] %v_3[2.6,] 	 SYMBOL:	 ARGS:%v_3,
		 8: 
		 9: %self->super def_%v_5 %current_module[2.3,] %v_0[2.1,] 	 SYMBOL:	 ARGS:
		 10: RETURN %v_5[2.9,] %self[2.0,2.7,] 
BB 3
	outgoing: 
	datadep: 
	instructions:

SET IRMethod, name = after_sending_reset_password_instructions_path_for instanceMethod = true
BB 1
	outgoing: 3 2 
	datadep: 
	instructions:
BB 2
	outgoing: 3 
	datadep: 
	instructions:
		 0: def_%self 
		 1: def_%v_0 
		 2: COPY TYPE_CurrentScope def_%current_scope 
		 3: COPY TYPE_ScopeModule def_%current_module 
		 4: 
		 5: RECEIVEARG def_resource_name 
		 6: 
		 7: %self->main_app def_%v_3 %self[2.0,] 	 SYMBOL:	 ARGS:
		 8: %v_3->new_cms_user_session_path def_%v_4 %v_3[2.7,] 	 SYMBOL:	 ARGS:
		 9: RETURN %v_4[2.8,] %self[2.0,2.7,] 
BB 3
	outgoing: 
	datadep: 
	instructions:

