SET IRMethod, name = new instanceMethod = true
BB 1
	outgoing: 3 2 
	datadep: 
	instructions:
BB 2
	outgoing: 3 
	datadep: 
	instructions:
		 0: def_%self 
		 1: def_%v_0 
		 2: COPY TYPE_CurrentScope def_%current_scope 
		 3: COPY TYPE_ScopeModule def_%current_module 
		 4: 
		 5: 
		 6: COPY TYPE_StringLiteral "Login" def_%v_3 
		 7: %self->use_page_title def_%v_4 %self[2.0,] %v_3[2.6,] 	 SYMBOL:	 ARGS:%v_3,
		 8: 
		 9: %self->super def_%v_5 %current_module[2.3,] %v_0[2.1,] 	 SYMBOL:	 ARGS:
		 10: 
		 11: %self->ruby_code_from_view def_%v_6 %self[2.0,2.7,] 	 SYMBOL:	 ARGS:
		 12: %v_6->ruby_code_from_view def_%v_7 %v_6[2.11,] %self[2.0,2.7,2.11,] 	 SYMBOL:	 ARGS:%v_6,
CLOSURE BEGIN: %self[2.0,2.7,2.11,] msg[] f[] 
BB 1
	outgoing: 9 2 
	datadep: 
	instructions:
BB 2
	outgoing: 3 
	datadep: 
	instructions:
		 0: def_%self 
		 1: def_%cl_1_0 
		 2: RECEIVEARG def_rb_from_view 
		 3: COPY TYPE_CurrentScope def_%current_scope 
		 4: COPY TYPE_ScopeModule def_%current_module 
BB 3
	outgoing: 4 5 7 
	datadep: 
	instructions:
		 0: 
		 1: %self->flash def_%cl_1_3 %self[2.0,] 	 SYMBOL:	 ARGS:
		 2: %cl_1_3->each def_%cl_1_4 %cl_1_3[3.1,] %self[3.1,2.0,] 	 SYMBOL:	 ARGS:%cl_1_3,
CLOSURE BEGIN: %self[3.1,2.0,] msg[] 
BB 1
	outgoing: 6 2 
	datadep: 
	instructions:
BB 2
	outgoing: 3 
	datadep: 
	instructions:
		 0: def_%self 
		 1: def_%cl_2_0 
		 2: RECEIVEARG def_name 
		 3: RECEIVEARG def_msg 
		 4: COPY TYPE_CurrentScope def_%current_scope 
		 5: COPY TYPE_ScopeModule def_%current_module 
BB 3
	outgoing: 4 6 
	datadep: 
	instructions:
		 0: 
		 1: COPY TYPE_StringLiteral "flash-message" def_%cl_2_3 
		 2: HASH-class- def_%cl_2_4 %cl_2_3[3.1,] 
		 3: %self->content_tag def_%cl_2_5 %self[2.0,] %cl_2_4[3.2,] %self[2.0,] 	 SYMBOL:div,	 ARGS:Symbol,%cl_2_4,%self,
CLOSURE BEGIN: msg[2.3,] 
BB 1
	outgoing: 6 2 
	datadep: 
	instructions:
BB 2
	outgoing: 6 
	datadep: 
	instructions:
		 0: def_%self 
		 1: def_%cl_3_0 
		 2: COPY TYPE_CurrentScope def_%current_scope 
		 3: COPY TYPE_ScopeModule def_%current_module 
		 4: 
		 5: RETURN msg[] %self[2.0,] 
BB 6
	outgoing: 
	datadep: 
	instructions:
CLOSURE END: 
		 4: RETURN %cl_2_5[3.3,] %self[3.3,2.0,] 
BB 4
	outgoing: 6 
	datadep: 
	instructions:
		 0: def_%cl_2_6 
		 1: def_%cl_2_7 %cl_2_6[4.0,] 
		 2: RETURN %cl_2_7[4.1,] %self[2.0,] 
BB 6
	outgoing: 
	datadep: 
	instructions:
CLOSURE END: msg[2.3,] 
		 3: 
		 4: COPY TYPE_StringLiteral "Sign in" def_%cl_1_5 
		 5: %self->use_page_title def_%cl_1_6 %self[3.1,2.0,] %cl_1_5[3.4,] 	 SYMBOL:	 ARGS:%cl_1_5,
		 6: 
		 7: %self->local_assigns def_%cl_1_7 %self[3.1,3.5,2.0,] 	 SYMBOL:	 ARGS:
		 8: %cl_1_7->has_key? def_%cl_1_8 %cl_1_7[3.7,] 	 SYMBOL:span,	 ARGS:Symbol,
		 9: BRANCH %cl_1_8[3.8,] 
BB 4
	outgoing: 6 
	datadep: 
	instructions:
		 0: COPY TYPE_Nil def_%cl_1_9 
		 1: 
BB 5
	outgoing: 6 
	datadep: 
	instructions:
		 0: COPY TYPE_StringLiteral "span6" def_%cl_1_10 
		 1: COPY TYPE_PASS def_span %cl_1_10[5.0,] 
		 2: COPY TYPE_PASS def_%cl_1_9 %cl_1_10[5.0,] 
BB 6
	outgoing: 7 9 
	datadep: 
	instructions:
		 0: 
		 1: 
		 2: %self->page_title def_%cl_1_11 %self[2.0,] 	 SYMBOL:	 ARGS:
		 3: 
		 4: def_%cl_1_12 %cl_1_0[2.1,] 
		 5: 
		 6: %self->resource def_%cl_1_13 %self[6.2,2.0,] 	 SYMBOL:	 ARGS:
		 7: %self->resource_name def_%cl_1_14 %self[6.2,6.6,2.0,] 	 SYMBOL:	 ARGS:
		 8: %self->resource_name def_%cl_1_15 %self[6.2,6.6,6.7,2.0,] 	 SYMBOL:	 ARGS:
		 9: %self->session_path def_%cl_1_16 %self[6.2,6.6,6.7,6.8,2.0,] %cl_1_15[6.8,] 	 SYMBOL:	 ARGS:%cl_1_15,
		 10: HASH-as-url- def_%cl_1_17 %cl_1_14[6.7,] %cl_1_16[6.9,] 
		 11: %self->simple_form_for def_%cl_1_18 %self[6.2,6.6,6.7,6.8,6.9,2.0,] %cl_1_13[6.6,] %cl_1_17[6.10,] %self[6.2,6.6,6.7,6.8,6.9,2.0,] 	 SYMBOL:	 ARGS:%cl_1_13,%cl_1_17,%self,
CLOSURE BEGIN: %self[6.2,6.6,6.7,6.8,6.9,2.0,] f[] 
BB 1
	outgoing: 6 2 
	datadep: 
	instructions:
BB 2
	outgoing: 3 
	datadep: 
	instructions:
		 0: def_%self 
		 1: def_%cl_4_0 
		 2: RECEIVEARG def_f 
		 3: COPY TYPE_CurrentScope def_%current_scope 
		 4: COPY TYPE_ScopeModule def_%current_module 
BB 3
	outgoing: 4 6 
	datadep: 
	instructions:
		 0: 
		 1: COPY TYPE_StringLiteral "cms/application/main_with_sidebar" def_%cl_4_3 
		 2: HASH-layout- def_%cl_4_4 %cl_4_3[3.1,] 
		 3: %self->render def_%cl_4_5 %self[2.0,] %cl_4_4[3.2,] %self[2.0,] 	 SYMBOL:	 ARGS:%cl_4_4,%self,
CLOSURE BEGIN: f[2.2,] %self[2.0,] 
BB 1
	outgoing: 9 2 
	datadep: 
	instructions:
BB 2
	outgoing: 3 
	datadep: 
	instructions:
		 0: def_%self 
		 1: def_%cl_5_0 
		 2: COPY TYPE_CurrentScope def_%current_scope 
		 3: COPY TYPE_ScopeModule def_%current_module 
BB 3
	outgoing: 4 5 7 
	datadep: 
	instructions:
		 0: 
		 1: HASH-required-autofocus- def_%cl_5_3 
		 2: f->input def_%cl_5_4 f[] %cl_5_3[3.1,] 	 SYMBOL:login,	 ARGS:Symbol,%cl_5_3,
		 3: 
		 4: HASH-required- def_%cl_5_5 
		 5: f->input def_%cl_5_6 f[3.2,] %cl_5_5[3.4,] 	 SYMBOL:password,	 ARGS:Symbol,%cl_5_5,
		 6: 
		 7: %self->devise_mapping def_%cl_5_7 %self[2.0,] 	 SYMBOL:	 ARGS:
		 8: %cl_5_7->rememberable? def_%cl_5_8 %cl_5_7[3.7,] 	 SYMBOL:	 ARGS:
		 9: BRANCH %cl_5_8[3.8,] 
BB 4
	outgoing: 6 7 
	datadep: 
	instructions:
		 0: HASH-as- def_%cl_5_9 
		 1: f->input def_%cl_5_10 f[] %cl_5_9[4.0,] 	 SYMBOL:remember_me,	 ARGS:Symbol,%cl_5_9,
		 2: 
BB 5
	outgoing: 6 
	datadep: 
	instructions:
		 0: COPY TYPE_Nil def_%cl_5_10 
BB 6
	outgoing: 7 9 
	datadep: 
	instructions:
		 0: 
		 1: COPY TYPE_StringLiteral "devise/shared/links" def_%cl_5_11 
		 2: %self->render def_%cl_5_12 %self[2.0,] %cl_5_11[6.1,] 	 SYMBOL:	 ARGS:%cl_5_11,
		 3: RETURN %cl_5_12[6.2,] %self[6.2,2.0,] 
BB 7
	outgoing: 9 
	datadep: 
	instructions:
		 0: def_%cl_5_13 
		 1: def_%cl_5_14 %cl_5_13[7.0,] 
		 2: RETURN %cl_5_14[7.1,] %self[2.0,] 
BB 9
	outgoing: 
	datadep: 
	instructions:
CLOSURE END: 
		 4: 
		 5: COPY TYPE_StringLiteral "cms/application/row" def_%cl_4_6 
		 6: HASH-layout- def_%cl_4_7 %cl_4_6[3.5,] 
		 7: %self->render def_%cl_4_8 %self[3.3,2.0,] %cl_4_7[3.6,] %self[3.3,2.0,] 	 SYMBOL:	 ARGS:%cl_4_7,%self,
CLOSURE BEGIN: %self[3.3,2.0,] f[2.2,] 
BB 1
	outgoing: 6 2 
	datadep: 
	instructions:
BB 2
	outgoing: 3 
	datadep: 
	instructions:
		 0: def_%self 
		 1: def_%cl_6_0 
		 2: COPY TYPE_CurrentScope def_%current_scope 
		 3: COPY TYPE_ScopeModule def_%current_module 
BB 3
	outgoing: 4 6 
	datadep: 
	instructions:
		 0: 
		 1: %self->button_menu def_%cl_6_3 %self[2.0,] %self[2.0,] 	 SYMBOL:bottom,	 ARGS:Symbol,%self,
CLOSURE BEGIN: f[] 
BB 1
	outgoing: 6 2 
	datadep: 
	instructions:
BB 2
	outgoing: 3 
	datadep: 
	instructions:
		 0: def_%self 
		 1: def_%cl_7_0 
		 2: COPY TYPE_CurrentScope def_%current_scope 
		 3: COPY TYPE_ScopeModule def_%current_module 
BB 3
	outgoing: 4 6 
	datadep: 
	instructions:
		 0: 
		 1: COPY TYPE_StringLiteral "Sign in" def_%cl_7_3 
		 2: COPY TYPE_StringLiteral "right btn-primary" def_%cl_7_4 
		 3: HASH-class- def_%cl_7_5 %cl_7_4[3.2,] 
		 4: f->button def_%cl_7_6 f[] %cl_7_3[3.1,] %cl_7_5[3.3,] 	 SYMBOL:submit,	 ARGS:Symbol,%cl_7_3,%cl_7_5,
		 5: RETURN %cl_7_6[3.4,] %self[2.0,] 
BB 4
	outgoing: 6 
	datadep: 
	instructions:
		 0: def_%cl_7_7 
		 1: def_%cl_7_8 %cl_7_7[4.0,] 
		 2: RETURN %cl_7_8[4.1,] %self[2.0,] 
BB 6
	outgoing: 
	datadep: 
	instructions:
CLOSURE END: 
		 2: RETURN %cl_6_3[3.1,] %self[3.1,2.0,] 
BB 4
	outgoing: 6 
	datadep: 
	instructions:
		 0: def_%cl_6_4 
		 1: def_%cl_6_5 %cl_6_4[4.0,] 
		 2: RETURN %cl_6_5[4.1,] %self[2.0,] 
BB 6
	outgoing: 
	datadep: 
	instructions:
CLOSURE END: 
		 8: RETURN %cl_4_8[3.7,] %self[3.3,3.7,2.0,] 
BB 4
	outgoing: 6 
	datadep: 
	instructions:
		 0: def_%cl_4_9 
		 1: def_%cl_4_10 %cl_4_9[4.0,] 
		 2: RETURN %cl_4_10[4.1,] %self[2.0,] 
BB 6
	outgoing: 
	datadep: 
	instructions:
CLOSURE END: 
		 12: RETURN %cl_1_18[6.11,] %self[6.2,6.6,6.7,6.8,6.9,6.11,2.0,] 
BB 7
	outgoing: 9 
	datadep: 
	instructions:
		 0: def_%cl_1_19 
		 1: def_%cl_1_20 %cl_1_19[7.0,] 
		 2: RETURN %cl_1_20[7.1,] %self[2.0,] 
BB 9
	outgoing: 
	datadep: 
	instructions:
CLOSURE END: span[5.1,] 
		 13: RETURN %v_7[2.12,] %self[2.0,2.7,2.11,] 
BB 3
	outgoing: 
	datadep: 
	instructions:

