SET IRMethod, name = included
BB 1
	outgoing: 3 2 
	datadep: 
	instructions:
BB 2
	outgoing: 3 
	datadep: 
	instructions:
		 0: def_%self 
		 1: def_%v_0 
		 2: def_%current_scope 
		 3: def_%current_module 
		 4: 
		 5: def_base RECEIVEARG 
		 6: 
		 7: def_%v_3 (ClassMethods) 
		 8: def_%v_4 base->extend base[2.5,] %v_3[2.7,] 
		 9: RETURN %v_4[2.8,] 
BB 3
	outgoing: 
	datadep: 
	instructions:

SET IRMethod, name = blog
BB 1
	outgoing: 7 2 
	datadep: 
	instructions:
BB 2
	outgoing: 3 4 
	datadep: 
	instructions:
		 0: def_%self 
		 1: def_%v_0 
		 2: def_%current_scope 
		 3: def_%current_module 
		 4: 
		 5: 
		 6: def_%v_4 %self[2.0,] 
		 7: def_%v_3 %v_4[2.6,] 
		 8: %v_4[2.6,] 
BB 3
	outgoing: 4 
	datadep: 
	instructions:
		 0: def_%v_5 %self[2.0,] @blog[] 
		 1: def_%v_3 %v_5[3.0,] 
BB 4
	outgoing: 5 6 
	datadep: 
	instructions:
		 0: BRANCH %v_3[3.1,2.7,] 
BB 5
	outgoing: 7 
	datadep: 
	instructions:
		 0: def_%v_6 (Blog) 
		 1: def_%v_7 %v_6->default %v_6[5.0,] 
		 2: %self[2.0,] %v_7[5.1,] @blog[3.0,] 
		 3: RETURN %v_7[5.1,] 
BB 6
	outgoing: 7 
	datadep: 
	instructions:
		 0: RETURN %v_5[3.0,] 
BB 7
	outgoing: 
	datadep: 
	instructions:

SET IRMethod, name = really_send_notifications
BB 1
	outgoing: 3 2 
	datadep: 
	instructions:
BB 2
	outgoing: 3 
	datadep: 
	instructions:
		 0: def_%self 
		 1: def_%v_0 
		 2: def_%current_scope 
		 3: def_%current_module 
		 4: 
		 5: 
		 6: def_%v_3 %self->interested_users %self[2.0,] 
		 7: def_%v_4 %v_3->each %v_3[2.6,] %self[2.0,2.6,] 
CLOSURE BEGIN: %self[2.0,2.6,] value[] 
BB 1
	outgoing: 6 2 
	datadep: 
	instructions:
BB 2
	outgoing: 3 
	datadep: 
	instructions:
		 0: def_%self 
		 1: def_%cl_1_0 
		 2: def_value RECEIVEARG 
		 3: def_%current_scope 
		 4: def_%current_module 
BB 3
	outgoing: 4 6 
	datadep: 
	instructions:
		 0: 
		 1: def_%cl_1_3 %self->send_notification_to_user %self[2.0,] value[2.2,] 
		 2: RETURN %cl_1_3[3.1,] 
BB 4
	outgoing: 6 
	datadep: 
	instructions:
		 0: def_%cl_1_4 
		 1: def_%cl_1_5 %cl_1_4[4.0,] 
		 2: RETURN %cl_1_5[4.1,] 
BB 6
	outgoing: 
	datadep: 
	instructions:
CLOSURE END
		 8: 
		 9: RETURN 
BB 3
	outgoing: 
	datadep: 
	instructions:

SET IRMethod, name = send_notification_to_user
BB 1
	outgoing: 3 2 
	datadep: 
	instructions:
BB 2
	outgoing: 3 
	datadep: 
	instructions:
		 0: def_%self 
		 1: def_%v_0 
		 2: def_%current_scope 
		 3: def_%current_module 
		 4: 
		 5: def_user RECEIVEARG 
		 6: 
		 7: def_%v_3 %self->notify_user_via_email %self[2.0,] user[2.5,] 
		 8: RETURN %v_3[2.7,] 
BB 3
	outgoing: 
	datadep: 
	instructions:

SET IRMethod, name = html
BB 1
	outgoing: 11 2 
	datadep: 
	instructions:
BB 2
	outgoing: 3 4 
	datadep: 
	instructions:
		 0: def_%self 
		 1: def_%v_0 
		 2: def_%current_scope 
		 3: def_%current_module 
		 4: 
		 5: def_field 
		 6: field[2.5,] 
BB 3
	outgoing: 4 
	datadep: 
	instructions:
		 0: def_field 
BB 4
	outgoing: 5 6 
	datadep: 
	instructions:
		 0: 
		 1: def_%v_3 field[3.0,2.5,] 
		 2: BRANCH %v_3[4.1,] 
BB 5
	outgoing: 11 
	datadep: 
	instructions:
		 0: 
		 1: def_%v_4 %self->content_fields %self[2.0,] 
		 2: def_%v_5 %v_4->map %v_4[5.1,] %self[5.1,2.0,] 
CLOSURE BEGIN: %self[5.1,2.0,] f[] 
BB 1
	outgoing: 6 2 
	datadep: 
	instructions:
BB 2
	outgoing: 3 
	datadep: 
	instructions:
		 0: def_%self 
		 1: def_%cl_1_0 
		 2: def_f RECEIVEARG 
		 3: def_%current_scope 
		 4: def_%current_module 
BB 3
	outgoing: 4 6 
	datadep: 
	instructions:
		 0: 
		 1: def_%cl_1_3 %self[2.0,] f[2.2,] 
		 2: def_%cl_1_4 %cl_1_3->to_s %cl_1_3[3.1,] 
		 3: RETURN %cl_1_4[3.2,] 
BB 4
	outgoing: 6 
	datadep: 
	instructions:
		 0: def_%cl_1_5 
		 1: def_%cl_1_6 %cl_1_5[4.0,] 
		 2: RETURN %cl_1_6[4.1,] 
BB 6
	outgoing: 
	datadep: 
	instructions:
CLOSURE END
		 3: def_%v_6 
		 4: def_%v_7 %v_5->join %v_5[5.2,] %v_6[5.3,] 
		 5: def_%v_8 %self->generate_html %self[5.1,2.0,] %v_7[5.4,] 
		 6: RETURN %v_8[5.5,] 
BB 6
	outgoing: 7 8 
	datadep: 
	instructions:
		 0: 
		 1: def_%v_9 %self->html_map %self[2.0,] field[3.0,2.5,] 
		 2: BRANCH %v_9[6.1,] 
BB 7
	outgoing: 9 
	datadep: 
	instructions:
		 0: 
		 1: def_%v_10 %self->generate_html %self[2.0,] field[3.0,2.5,] 
		 2: 
BB 8
	outgoing: 9 
	datadep: 
	instructions:
		 0: 
		 1: def_%v_11 
		 2: def_%v_12 field->inspect field[3.0,2.5,] 
		 3: def_%v_13 
		 4: def_%v_14 %v_11[8.1,] %v_12[8.2,] %v_13[8.3,] 
		 5: def_%v_15 %self->raise %self[2.0,] %v_14[8.4,] 
		 6: def_%v_10 %v_15[8.5,] 
BB 9
	outgoing: 11 
	datadep: 
	instructions:
		 0: RETURN %v_10[8.6,7.1,] 
BB 11
	outgoing: 
	datadep: 
	instructions:

SET IRMethod, name = generate_html
BB 1
	outgoing: 11 2 
	datadep: 
	instructions:
BB 2
	outgoing: 3 4 
	datadep: 
	instructions:
		 0: def_%self 
		 1: def_%v_0 
		 2: def_%current_scope 
		 3: def_%current_module 
		 4: 
		 5: def_field RECEIVEARG 
		 6: def_text 
		 7: text[2.6,] 
BB 3
	outgoing: 4 
	datadep: 
	instructions:
		 0: def_text 
BB 4
	outgoing: 5 6 
	datadep: 
	instructions:
		 0: 
		 1: def_%v_3 text[3.0,2.6,] 
		 2: def_%v_4 text[3.0,2.6,] 
		 3: BRANCH text[3.0,2.6,] 
BB 5
	outgoing: 6 
	datadep: 
	instructions:
		 0: def_%v_5 %self[2.0,] field[2.5,] 
		 1: def_%v_6 %v_5->to_s %v_5[5.0,] 
		 2: def_text %v_6[5.1,] 
		 3: def_%v_4 %v_6[5.1,] 
BB 6
	outgoing: 7 8 
	datadep: 
	instructions:
		 0: 
		 1: def_%v_7 %self->html_preprocess %self[2.0,] field[2.5,] text[5.2,3.0,2.6,] 
		 2: def_%v_8 %v_7->to_s %v_7[6.1,] 
		 3: def_prehtml %v_8[6.2,] 
		 4: 
		 5: def_%v_9 %self->text_filter %self[6.1,2.0,] 
		 6: BRANCH %v_9[6.5,] 
BB 7
	outgoing: 8 
	datadep: 
	instructions:
		 0: def_%v_10 %self->default_text_filter %self[2.0,] 
		 1: def_%v_9 %v_10[7.0,] 
BB 8
	outgoing: 9 10 
	datadep: 
	instructions:
		 0: def_%v_11 %self->blog %self[2.0,] 
		 1: def_%v_12 %v_9->filter_text_for_content %v_9[7.1,6.5,] %v_11[8.0,] prehtml[6.3,] %self[8.0,2.0,] 
		 2: BRANCH %v_12[8.1,] 
BB 9
	outgoing: 10 
	datadep: 
	instructions:
		 0: def_%v_12 prehtml[6.3,] 
BB 10
	outgoing: 11 
	datadep: 
	instructions:
		 0: def_html %v_12[9.0,8.1,] 
		 1: 
		 2: def_%v_13 %self->html_postprocess %self[2.0,] field[2.5,] %v_12[9.0,8.1,] 
		 3: def_%v_14 %v_13->to_s %v_13[10.2,] 
		 4: RETURN %v_14[10.3,] 
BB 11
	outgoing: 
	datadep: 
	instructions:

SET IRMethod, name = html_postprocess
BB 1
	outgoing: 3 2 
	datadep: 
	instructions:
BB 2
	outgoing: 3 
	datadep: 
	instructions:
		 0: def_%self 
		 1: def_%v_0 
		 2: def_%current_scope 
		 3: def_%current_module 
		 4: 
		 5: def__field RECEIVEARG 
		 6: def_html RECEIVEARG 
		 7: 
		 8: RETURN html[2.6,] 
BB 3
	outgoing: 
	datadep: 
	instructions:

SET IRMethod, name = html_preprocess
BB 1
	outgoing: 3 2 
	datadep: 
	instructions:
BB 2
	outgoing: 3 
	datadep: 
	instructions:
		 0: def_%self 
		 1: def_%v_0 
		 2: def_%current_scope 
		 3: def_%current_module 
		 4: 
		 5: def__field RECEIVEARG 
		 6: def_html RECEIVEARG 
		 7: 
		 8: RETURN html[2.6,] 
BB 3
	outgoing: 
	datadep: 
	instructions:

SET IRMethod, name = html_map
BB 1
	outgoing: 3 2 
	datadep: 
	instructions:
BB 2
	outgoing: 3 
	datadep: 
	instructions:
		 0: def_%self 
		 1: def_%v_0 
		 2: def_%current_scope 
		 3: def_%current_module 
		 4: 
		 5: def_field RECEIVEARG 
		 6: 
		 7: def_%v_3 %self->content_fields %self[2.0,] 
		 8: def_%v_4 %v_3->include? %v_3[2.7,] field[2.5,] 
		 9: RETURN %v_4[2.8,] 
BB 3
	outgoing: 
	datadep: 
	instructions:

SET IRMethod, name = excerpt_text
BB 1
	outgoing: 15 2 
	datadep: 
	instructions:
BB 2
	outgoing: 3 4 
	datadep: 
	instructions:
		 0: def_%self 
		 1: def_%v_0 
		 2: def_%current_scope 
		 3: def_%current_module 
		 4: 
		 5: def_length 
		 6: length[2.5,] 
BB 3
	outgoing: 4 
	datadep: 
	instructions:
		 0: def_length 
BB 4
	outgoing: 5 8 
	datadep: 
	instructions:
		 0: 
		 1: def_%v_3 %self->respond_to? %self[2.0,] 
		 2: BRANCH %v_3[4.1,] 
BB 5
	outgoing: 6 7 
	datadep: 
	instructions:
		 0: def_%v_4 %self->excerpt %self[2.0,] 
		 1: BRANCH %v_4[5.0,] 
BB 6
	outgoing: 7 
	datadep: 
	instructions:
		 0: def_%v_5 
		 1: def_%v_4 %v_5[6.0,] 
BB 7
	outgoing: 8 
	datadep: 
	instructions:
		 0: def_%v_6 
		 1: def_%v_7 %v_4[6.1,5.0,] %v_6[7.0,] 
		 2: def_%v_3 %v_7[7.1,] 
BB 8
	outgoing: 9 10 
	datadep: 
	instructions:
		 0: BRANCH %v_3[7.2,4.1,] 
BB 9
	outgoing: 11 
	datadep: 
	instructions:
		 0: 
		 1: def_%v_8 %self->excerpt %self[2.0,] 
		 2: def_%v_9 %self->generate_html %self[9.1,2.0,] %v_8[9.1,] 
		 3: def_text %v_9[9.2,] 
		 4: 
BB 10
	outgoing: 11 
	datadep: 
	instructions:
		 0: 
		 1: def_%v_10 %self->html %self[2.0,] 
		 2: def_text %v_10[10.1,] 
		 3: def_%v_9 %v_10[10.1,] 
BB 11
	outgoing: 12 13 
	datadep: 
	instructions:
		 0: 
		 1: def_%v_11 text->strip_html text[10.2,9.3,] 
		 2: def_text %v_11[11.1,] 
		 3: 
		 4: def_%v_12 %v_11->slice %v_11[11.1,] length[3.0,2.5,] 
		 5: 
		 6: def_%v_13 text->length text[11.1,11.2,] 
		 7: def_%v_14 %v_13[11.6,] length[3.0,2.5,] 
		 8: BRANCH %v_14[11.7,] 
BB 12
	outgoing: 14 
	datadep: 
	instructions:
		 0: def_%v_15 
		 1: 
BB 13
	outgoing: 14 
	datadep: 
	instructions:
		 0: def_%v_16 
		 1: def_%v_15 %v_16[13.0,] 
BB 14
	outgoing: 15 
	datadep: 
	instructions:
		 0: def_%v_17 %v_12[11.4,] %v_15[13.1,12.0,] 
		 1: RETURN %v_17[14.0,] 
BB 15
	outgoing: 
	datadep: 
	instructions:

SET IRMethod, name = invalidates_cache?
BB 1
	outgoing: 18 2 
	datadep: 
	instructions:
BB 2
	outgoing: 3 4 
	datadep: 
	instructions:
		 0: def_%self 
		 1: def_%v_0 
		 2: def_%current_scope 
		 3: def_%current_module 
		 4: 
		 5: def_on_destruction 
		 6: on_destruction[2.5,] 
BB 3
	outgoing: 4 
	datadep: 
	instructions:
		 0: def_on_destruction 
BB 4
	outgoing: 5 6 
	datadep: 
	instructions:
		 0: 
		 1: def_%v_4 %self[2.0,] 
		 2: def_%v_3 %v_4[4.1,] 
		 3: %v_4[4.1,] 
BB 5
	outgoing: 6 
	datadep: 
	instructions:
		 0: def_%v_5 %self[2.0,] @invalidates_cache[] 
		 1: def_%v_3 %v_5[5.0,] 
BB 6
	outgoing: 7 17 
	datadep: 
	instructions:
		 0: BRANCH %v_3[5.1,4.2,] 
BB 7
	outgoing: 8 11 
	datadep: 
	instructions:
		 0: BRANCH on_destruction[3.0,2.5,] 
BB 8
	outgoing: 9 10 
	datadep: 
	instructions:
		 0: 
		 1: def_%v_6 %self->just_changed_published_status? %self[2.0,] 
		 2: BRANCH %v_6[8.1,] 
BB 9
	outgoing: 10 
	datadep: 
	instructions:
		 0: def_%v_7 %self->published? %self[2.0,] 
		 1: def_%v_6 %v_7[9.0,] 
BB 10
	outgoing: 16 
	datadep: 
	instructions:
		 0: 
BB 11
	outgoing: 12 13 
	datadep: 
	instructions:
		 0: 
		 1: def_%v_8 %self->changed? %self[2.0,] 
		 2: BRANCH %v_8[11.1,] 
BB 12
	outgoing: 13 
	datadep: 
	instructions:
		 0: def_%v_9 %self->published? %self[2.0,] 
		 1: def_%v_8 %v_9[12.0,] 
BB 13
	outgoing: 14 15 
	datadep: 
	instructions:
		 0: BRANCH %v_8[12.1,11.1,] 
BB 14
	outgoing: 15 
	datadep: 
	instructions:
		 0: def_%v_10 %self->just_changed_published_status? %self[2.0,] 
		 1: def_%v_8 %v_10[14.0,] 
BB 15
	outgoing: 16 
	datadep: 
	instructions:
		 0: def_%v_6 %v_8[14.1,12.1,11.1,] 
BB 16
	outgoing: 18 
	datadep: 
	instructions:
		 0: %self[2.0,] %v_6[15.0,9.1,8.1,] @invalidates_cache[5.0,] 
		 1: RETURN %v_6[15.0,9.1,8.1,] 
BB 17
	outgoing: 18 
	datadep: 
	instructions:
		 0: RETURN %v_5[5.0,] 
BB 18
	outgoing: 
	datadep: 
	instructions:

SET IRMethod, name = publish!
BB 1
	outgoing: 3 2 
	datadep: 
	instructions:
BB 2
	outgoing: 3 
	datadep: 
	instructions:
		 0: def_%self 
		 1: def_%v_0 
		 2: def_%current_scope 
		 3: def_%current_module 
		 4: 
		 5: 
		 6: ATTRASSIGN %self->published %self[2.0,] 
		 7: 
		 8: def_%v_3 %self->save! %self[2.0,2.6,] 
		 9: RETURN %v_3[2.8,] 
BB 3
	outgoing: 
	datadep: 
	instructions:

SET IRMethod, name = default_text_filter
BB 1
	outgoing: 3 2 
	datadep: 
	instructions:
BB 2
	outgoing: 3 
	datadep: 
	instructions:
		 0: def_%self 
		 1: def_%v_0 
		 2: def_%current_scope 
		 3: def_%current_module 
		 4: 
		 5: 
		 6: def_%v_3 %self->blog %self[2.0,] 
		 7: def_%v_4 %v_3->text_filter_object %v_3[2.6,] 
		 8: RETURN %v_4[2.7,] 
BB 3
	outgoing: 
	datadep: 
	instructions:

SET IRMethod, name = content_fields
BB 1
	outgoing: 3 2 
	datadep: 
	instructions:
BB 2
	outgoing: 3 
	datadep: 
	instructions:
		 0: def_%self 
		 1: def_%v_0 
		 2: def_%current_scope 
		 3: def_%current_module 
		 4: 
		 5: def_attribs 
		 6: 
		 7: def_%v_3 
		 8: def_%v_4 attribs->inspect attribs[2.5,] 
		 9: def_%v_5 
		 10: def_%v_6 %v_3[2.7,] %v_4[2.8,] %v_5[2.9,] 
		 11: def_%v_7 %self->class_eval %self[2.0,] %v_6[2.10,] 
		 12: RETURN %v_7[2.11,] 
BB 3
	outgoing: 
	datadep: 
	instructions:

SET IRMethod, name = default_order
BB 1
	outgoing: 3 2 
	datadep: 
	instructions:
BB 2
	outgoing: 3 
	datadep: 
	instructions:
		 0: def_%self 
		 1: def_%v_0 
		 2: def_%current_scope 
		 3: def_%current_module 
		 4: 
		 5: 
		 6: def_%v_3 
		 7: RETURN %v_3[2.6,] 
BB 3
	outgoing: 
	datadep: 
	instructions:

