SET IRMethod, name = set_permalink
BB 1
	outgoing: 6 2 
	datadep: 
	instructions:
BB 2
	outgoing: 3 4 
	datadep: 
	instructions:
		 0: def_%self 
		 1: def_%v_0 
		 2: COPY def_%current_scope 
		 3: COPY def_%current_module 
		 4: 
		 5: 
		 6: %self->name def_%v_3 %self[2.0,] 
		 7: %v_3->blank? def_%v_4 %v_3[2.6,] 
		 8: BRANCH %v_4[2.7,] 
BB 3
	outgoing: 6 
	datadep: 
	instructions:
		 0: %self->title def_%v_5 %self[2.0,] 
		 1: %v_5->to_permalink def_%v_6 %v_5[3.0,] 
		 2: ATTRASSIGN %self->name %self[3.0,2.0,] %v_6[3.1,] 
		 3: RETURN %v_6[3.1,] %self[3.0,3.2,2.0,] 
BB 4
	outgoing: 6 
	datadep: 
	instructions:
		 0: RETURN %self[2.0,] 
BB 6
	outgoing: 
	datadep: 
	instructions:

SET IRMethod, name = default_order
BB 1
	outgoing: 3 2 
	datadep: 
	instructions:
BB 2
	outgoing: 3 
	datadep: 
	instructions:
		 0: def_%self 
		 1: def_%v_0 
		 2: COPY def_%current_scope 
		 3: COPY def_%current_module 
		 4: 
		 5: 
		 6: COPY def_%v_3 
		 7: RETURN %v_3[2.6,] %self[2.0,] 
BB 3
	outgoing: 
	datadep: 
	instructions:

SET IRMethod, name = search_with
BB 1
	outgoing: 3 2 
	datadep: 
	instructions:
BB 2
	outgoing: 3 
	datadep: 
	instructions:
		 0: def_%self 
		 1: def_%v_0 
		 2: COPY def_%current_scope 
		 3: COPY def_%current_module 
		 4: 
		 5: RECEIVEARG def_search_hash 
		 6: 
		 7: %self->super def_%v_3 search_hash[2.5,] %v_0[2.1,] 
		 8: COPY def_%v_4 
		 9: %v_3->order def_%v_5 %v_3[2.7,] %v_4[2.8,] 
		 10: RETURN %v_5[2.9,] %self[2.0,] 
BB 3
	outgoing: 
	datadep: 
	instructions:

SET IRMethod, name = permalink_url
BB 1
	outgoing: 7 2 
	datadep: 
	instructions:
BB 2
	outgoing: 3 4 
	datadep: 
	instructions:
		 0: def_%self 
		 1: def_%v_0 
		 2: COPY def_%current_scope 
		 3: COPY def_%current_module 
		 4: 
		 5: def_anchor 
		 6: anchor[2.5,] 
BB 3
	outgoing: 4 
	datadep: 
	instructions:
		 0: COPY def_anchor 
BB 4
	outgoing: 5 6 
	datadep: 
	instructions:
		 0: def_only_path 
		 1: only_path[4.0,] 
BB 5
	outgoing: 6 
	datadep: 
	instructions:
		 0: COPY def_only_path 
BB 6
	outgoing: 7 
	datadep: 
	instructions:
		 0: 
		 1: %self->blog def_%v_3 %self[2.0,] 
		 2: COPY def_%v_4 
		 3: COPY def_%v_5 
		 4: %self->name def_%v_6 %self[6.1,2.0,] 
		 5: COPY def_%v_7 %v_4[6.2,] %v_5[6.3,] %v_6[6.4,] anchor[3.0,2.5,] only_path[5.0,4.0,] 
		 6: %v_3->url_for def_%v_8 %v_3[6.1,] %v_7[6.5,] 
		 7: RETURN %v_8[6.6,] %self[6.1,6.4,2.0,] 
BB 7
	outgoing: 
	datadep: 
	instructions:

