SET IRMethod, name = create_from_article!
BB 1
	outgoing: 6 2 
	datadep: 
	instructions:
BB 2
	outgoing: 3 4 
	datadep: 
	instructions:
		 0: 
		 1: 
		 2: 
		 3: 
		 4: 
		 5: 
		 6: 
		 7: article->keywords article[2.5,] 
		 8: %v_3->nil? %v_3[2.7,] 
		 9: BRANCH %v_4[2.8,] 
BB 3
	outgoing: 6 
	datadep: 
	instructions:
		 0: RETURN 
BB 4
	outgoing: 6 
	datadep: 2 2 
	instructions:
		 0: 
		 1: 
		 2: 
		 3: %v_6[4.2,] 
		 4: 
		 5: (Tag) 
		 6: %v_7->transaction %self[2.0,] %v_7[4.5,] 
CLOSURE BEGIN: 
BB 1
	outgoing: 6 2 
	datadep: 
	instructions:
BB 2
	outgoing: 3 
	datadep: 
	instructions:
		 0: 
		 1: 
		 2: 
		 3: 
BB 3
	outgoing: 4 6 
	datadep: 2 2 
	instructions:
		 0: 
		 1: article->keywords 
		 2: %cl_1_3->to_s %cl_1_3[3.1,] 
		 3: 
		 4: %cl_1_4->scan %cl_1_4[3.2,] 
		 5: %cl_1_6->map %self[2.0,] %cl_1_6[3.4,] 
CLOSURE BEGIN: 
BB 1
	outgoing: 6 2 
	datadep: 
	instructions:
BB 2
	outgoing: 3 
	datadep: 
	instructions:
		 0: 
		 1: 
		 2: 
		 3: 
		 4: 
BB 3
	outgoing: 4 6 
	datadep: 2 
	instructions:
		 0: 
		 1: x->first x[2.2,] 
		 2: 
		 3: 
		 4: %cl_2_3->tr %cl_2_3[3.1,] %cl_2_4[3.2,] %cl_2_5[3.3,] 
		 5: RETURN %cl_2_6[3.4,] 
BB 4
	outgoing: 6 
	datadep: 
	instructions:
		 0: 
		 1: %cl_2_7[4.0,] 
		 2: RETURN %cl_2_8[4.1,] 
BB 6
	outgoing: 
	datadep: 
	instructions:
CLOSURE END
		 6: %cl_1_7[3.5,] 
		 7: 
		 8: %cl_1_7->uniq %cl_1_7[3.5,] 
		 9: %cl_1_8->each %self[2.0,] %cl_1_8[3.8,] 
CLOSURE BEGIN: 
BB 1
	outgoing: 6 2 
	datadep: 
	instructions:
BB 2
	outgoing: 3 
	datadep: 
	instructions:
		 0: 
		 1: 
		 2: 
		 3: 
		 4: 
BB 3
	outgoing: 4 6 
	datadep: 2 2 2 
	instructions:
		 0: 
		 1: tagword->to_url tagword[2.2,] 
		 2: %cl_3_3[3.1,] 
		 3: 
		 4: %cl_3_3[3.1,] 
		 5: %self[2.0,2.0,] %cl_3_4[3.4,] 
CLOSURE BEGIN: 
BB 1
	outgoing: 6 2 
	datadep: 
	instructions:
BB 2
	outgoing: 3 
	datadep: 
	instructions:
		 0: 
		 1: 
		 2: 
		 3: 
		 4: 
BB 3
	outgoing: 4 6 
	datadep: 2 
	instructions:
		 0: 
		 1: tag[2.2,] 
		 2: RETURN 
BB 4
	outgoing: 6 
	datadep: 
	instructions:
		 0: 
		 1: %cl_4_3[4.0,] 
		 2: RETURN %cl_4_4[4.1,] 
BB 6
	outgoing: 
	datadep: 
	instructions:
CLOSURE END
		 6: %cl_3_5[3.5,] 
		 7: RETURN %cl_3_6[3.6,] 
BB 4
	outgoing: 6 
	datadep: 
	instructions:
		 0: 
		 1: %cl_3_7[4.0,] 
		 2: RETURN %cl_3_8[4.1,] 
BB 6
	outgoing: 
	datadep: 
	instructions:
CLOSURE END
		 10: RETURN %cl_1_9[3.9,] 
BB 4
	outgoing: 6 
	datadep: 
	instructions:
		 0: 
		 1: %cl_1_10[4.0,] 
		 2: RETURN %cl_1_11[4.1,] 
BB 6
	outgoing: 
	datadep: 
	instructions:
CLOSURE END
		 7: 
		 8: article[2.5,] tags[4.3,] 
		 9: 
		 10: RETURN tags[4.3,] 
BB 6
	outgoing: 
	datadep: 
	instructions:

SET IRMethod, name = find_by_name_or_display_name
BB 1
	outgoing: 3 2 
	datadep: 
	instructions:
BB 2
	outgoing: 3 
	datadep: 
	instructions:
		 0: 
		 1: 
		 2: 
		 3: 
		 4: 
		 5: 
		 6: 
		 7: 
		 8: 
		 9: %self->find_by %self[2.0,] %v_3[2.8,] name[2.6,] tagname[2.5,2.5,] 
		 10: RETURN %v_4[2.9,] 
BB 3
	outgoing: 
	datadep: 
	instructions:

SET IRMethod, name = ensure_naming_conventions
BB 1
	outgoing: 6 2 
	datadep: 
	instructions:
BB 2
	outgoing: 3 4 
	datadep: 
	instructions:
		 0: 
		 1: 
		 2: 
		 3: 
		 4: 
		 5: 
		 6: %self->display_name %self[2.0,] 
		 7: %v_3->blank? %v_3[2.6,] 
		 8: BRANCH %v_4[2.7,] 
BB 3
	outgoing: 5 
	datadep: 2 2 
	instructions:
		 0: %self->name %self[2.0,] 
		 1: %self[2.0,] %v_5[3.0,] 
		 2: 
BB 4
	outgoing: 5 
	datadep: 
	instructions:
		 0: 
BB 5
	outgoing: 6 
	datadep: 3 2 3 2 
	instructions:
		 0: 
		 1: %self->display_name %self[3.1,2.0,] 
		 2: %v_6->to_url %v_6[5.1,] 
		 3: %self[3.1,2.0,] %v_7[5.2,] 
		 4: RETURN %v_7[5.2,] 
BB 6
	outgoing: 
	datadep: 
	instructions:

SET IRMethod, name = find_all_with_article_counters
BB 1
	outgoing: 3 2 
	datadep: 
	instructions:
BB 2
	outgoing: 3 
	datadep: 
	instructions:
		 0: 
		 1: 
		 2: 
		 3: 
		 4: 
		 5: 
		 6: 
		 7: 
		 8: (Tag) 
		 9: %v_4->table_name %v_4[2.8,] 
		 10: 
		 11: (Tag) 
		 12: %v_7->table_name_prefix %v_7[2.11,] 
		 13: 
		 14: (Tag) 
		 15: %v_10->table_name_suffix %v_10[2.14,] 
		 16: 
		 17: 
		 18: (Tag) 
		 19: %v_13->table_name_prefix %v_13[2.18,] 
		 20: (Article) 
		 21: %v_15->table_name %v_15[2.20,] 
		 22: %v_14[2.19,] %v_16[2.21,] 
		 23: (Tag) 
		 24: %v_18->table_name_prefix %v_18[2.23,] 
		 25: %v_17[2.22,] %v_19[2.24,] 
		 26: 
		 27: %v_5[2.9,] %v_3[2.6,] %v_8[2.12,] %v_9[2.13,] %v_6[2.10,] %v_20[2.25,] %v_21[2.26,] %v_11[2.15,] %v_12[2.16,] 
		 28: %v_22[2.27,] 
		 29: %self->find_by_sql %self[2.0,] %v_23[2.28,] 
		 30: %v_24->each %v_24[2.29,] %self[2.0,] 
CLOSURE BEGIN: 
BB 1
	outgoing: 6 2 
	datadep: 
	instructions:
BB 2
	outgoing: 3 
	datadep: 
	instructions:
		 0: 
		 1: 
		 2: 
		 3: 
		 4: 
BB 3
	outgoing: 4 6 
	datadep: 2 2 
	instructions:
		 0: 
		 1: item->article_counter item[2.2,] 
		 2: %cl_1_3->to_i %cl_1_3[3.1,] 
		 3: %cl_1_4[3.2,] item[2.2,] 
		 4: RETURN %cl_1_4[3.2,] 
BB 4
	outgoing: 6 
	datadep: 
	instructions:
		 0: 
		 1: %cl_1_5[4.0,] 
		 2: RETURN %cl_1_6[4.1,] 
BB 6
	outgoing: 
	datadep: 
	instructions:
CLOSURE END
		 31: RETURN %v_25[2.30,] 
BB 3
	outgoing: 
	datadep: 
	instructions:

SET IRMethod, name = find_by_permalink
BB 1
	outgoing: 3 2 
	datadep: 
	instructions:
BB 2
	outgoing: 3 
	datadep: 
	instructions:
		 0: 
		 1: 
		 2: 
		 3: 
		 4: 
		 5: 
		 6: 
		 7: %self->find_by_name %self[2.0,] name[2.5,] 
		 8: RETURN %v_3[2.7,] 
BB 3
	outgoing: 
	datadep: 
	instructions:

SET IRMethod, name = find_with_char
BB 1
	outgoing: 3 2 
	datadep: 
	instructions:
BB 2
	outgoing: 3 
	datadep: 
	instructions:
		 0: 
		 1: 
		 2: 
		 3: 
		 4: 
		 5: 
		 6: 
		 7: 
		 8: 
		 9: 
		 10: %v_4[2.8,] %v_5[2.9,] char[2.5,] 
		 11: %self->where %self[2.0,] %v_3[2.7,] %v_6[2.10,] 
		 12: 
		 13: %v_7->order %v_8[2.12,] %v_7[2.11,] 
		 14: RETURN %v_9[2.13,] 
BB 3
	outgoing: 
	datadep: 
	instructions:

SET IRMethod, name = collection_to_string
BB 1
	outgoing: 3 2 
	datadep: 
	instructions:
BB 2
	outgoing: 3 
	datadep: 
	instructions:
		 0: 
		 1: 
		 2: 
		 3: 
		 4: 
		 5: 
		 6: 
		 7: tags->map tags[2.5,] 
		 8: %v_3->sort %v_3[2.7,] 
		 9: %v_4->map %self[2.0,] %v_4[2.8,] 
CLOSURE BEGIN: 
BB 1
	outgoing: 9 2 
	datadep: 
	instructions:
BB 2
	outgoing: 3 
	datadep: 
	instructions:
		 0: 
		 1: 
		 2: 
		 3: 
		 4: 
BB 3
	outgoing: 4 5 7 
	datadep: 2 
	instructions:
		 0: 
		 1: 
		 2: name[2.2,] 
		 3: BRANCH %cl_1_4[3.2,] 
BB 4
	outgoing: 6 7 
	datadep: 2 
	instructions:
		 0: 
		 1: 
		 2: %cl_1_5[4.0,] %cl_1_6[4.1,] name[2.2,] 
		 3: 
BB 5
	outgoing: 9 
	datadep: 2 
	instructions:
		 0: RETURN name[2.2,] 
BB 6
	outgoing: 9 
	datadep: 4 
	instructions:
		 0: RETURN %cl_1_7[4.2,] 
BB 7
	outgoing: 9 
	datadep: 
	instructions:
		 0: 
		 1: %cl_1_8[7.0,] 
		 2: RETURN %cl_1_9[7.1,] 
BB 9
	outgoing: 
	datadep: 
	instructions:
CLOSURE END
		 10: 
		 11: %v_5->join %v_5[2.9,] %v_6[2.10,] 
		 12: RETURN %v_7[2.11,] 
BB 3
	outgoing: 
	datadep: 
	instructions:

SET IRMethod, name = published_articles
BB 1
	outgoing: 3 2 
	datadep: 
	instructions:
BB 2
	outgoing: 3 
	datadep: 
	instructions:
		 0: 
		 1: 
		 2: 
		 3: 
		 4: 
		 5: 
		 6: %self->articles %self[2.0,] 
		 7: %v_3->already_published %v_3[2.6,] 
		 8: RETURN %v_4[2.7,] 
BB 3
	outgoing: 
	datadep: 
	instructions:

SET IRMethod, name = permalink
BB 1
	outgoing: 3 2 
	datadep: 
	instructions:
BB 2
	outgoing: 3 
	datadep: 
	instructions:
		 0: 
		 1: 
		 2: 
		 3: 
		 4: 
		 5: 
		 6: %self->name %self[2.0,] 
		 7: RETURN %v_3[2.6,] 
BB 3
	outgoing: 
	datadep: 
	instructions:

SET IRMethod, name = permalink_url
BB 1
	outgoing: 7 2 
	datadep: 
	instructions:
BB 2
	outgoing: 3 4 
	datadep: 
	instructions:
		 0: 
		 1: 
		 2: 
		 3: 
		 4: 
		 5: 
		 6: _anchor[2.5,] 
BB 3
	outgoing: 4 
	datadep: 
	instructions:
		 0: 
BB 4
	outgoing: 5 6 
	datadep: 
	instructions:
		 0: 
		 1: only_path[4.0,] 
BB 5
	outgoing: 6 
	datadep: 
	instructions:
		 0: 
BB 6
	outgoing: 7 
	datadep: 2 2 2 2 5 4 
	instructions:
		 0: 
		 1: (Blog) 
		 2: %v_3->default %v_3[6.1,] 
		 3: %v_4[6.2,] 
		 4: 
		 5: 
		 6: 
		 7: %self->permalink %self[2.0,2.0,2.0,2.0,] 
		 8: %v_5[6.5,] %v_6[6.6,] %v_7[6.7,] only_path[5.0,4.0,] 
		 9: blog->url_for %v_8[6.8,] blog[6.3,] 
		 10: RETURN %v_9[6.9,] 
BB 7
	outgoing: 
	datadep: 
	instructions:

