SET IRMethod, name = initialize
BB 1
	outgoing: 3 2 
	datadep: 
	instructions:
BB 2
	outgoing: 3 
	datadep: 
	instructions:
		 0: 
		 1: 
		 2: 
		 3: 
		 4: 
		 5: 
		 6: 
		 7: 
		 8: %self[2.0,] name[2.5,] 
		 9: 
		 10: %self[2.0,] path[2.6,] 
		 11: RETURN path[2.6,] 
BB 3
	outgoing: 
	datadep: 
	instructions:

SET IRMethod, name = layout
BB 1
	outgoing: 13 2 
	datadep: 
	instructions:
BB 2
	outgoing: 3 4 
	datadep: 
	instructions:
		 0: 
		 1: 
		 2: 
		 3: 
		 4: 
		 5: 
		 6: action[2.5,] 
BB 3
	outgoing: 4 
	datadep: 
	instructions:
		 0: 
BB 4
	outgoing: 5 11 
	datadep: 3 2 
	instructions:
		 0: 
		 1: action->to_s action[3.0,2.5,] 
		 2: 
		 3: %v_4[4.2,] %v_3[4.1,] 
		 4: BRANCH %v_5[4.3,] 
BB 5
	outgoing: 6 7 
	datadep: 
	instructions:
		 0: 
		 1: (File) 
		 2: 
		 3: %v_7[5.2,] 
BB 6
	outgoing: 7 
	datadep: 
	instructions:
		 0: 
BB 7
	outgoing: 8 9 
	datadep: 6 5 2 2 2 2 5 5 
	instructions:
		 0: %v_7->root %v_7[6.0,5.2,] 
		 1: 
		 2: %self->name %self[2.0,2.0,2.0,2.0,] 
		 3: 
		 4: %v_9[7.1,] %v_11[7.3,] 
		 5: %v_6->exist? %v_6[5.1,5.1,] %v_12[7.4,] 
		 6: BRANCH %v_13[7.5,] 
BB 8
	outgoing: 13 
	datadep: 
	instructions:
		 0: 
		 1: 
		 2: RETURN %v_14[8.1,] 
BB 9
	outgoing: 12 
	datadep: 
	instructions:
		 0: 
		 1: 
BB 11
	outgoing: 12 
	datadep: 
	instructions:
		 0: 
BB 12
	outgoing: 13 
	datadep: 
	instructions:
		 0: 
		 1: 
		 2: RETURN %v_16[12.1,] 
BB 13
	outgoing: 
	datadep: 
	instructions:

SET IRMethod, name = description
BB 1
	outgoing: 12 2 
	datadep: 
	instructions:
BB 2
	outgoing: 4 
	datadep: 
	instructions:
		 0: 
		 1: 
		 2: 
		 3: 
		 4: 
		 5: 
		 6: 
BB 4
	outgoing: 5 6 
	datadep: 2 2 
	instructions:
		 0: 
		 1: (File) 
		 2: %self->path %self[2.0,] 
		 3: 
		 4: %v_8[4.3,] 
		 5: %v_6->read %v_9[4.4,] %v_6[4.1,] 
		 6: %v_10[4.5,] 
		 7: %v_3[2.6,] 
BB 5
	outgoing: 11 
	datadep: 
	instructions:
		 0: 
BB 6
	outgoing: 7 8 10 
	datadep: 
	instructions:
		 0: 
		 1: %v_11[6.0,] 
		 2: BRANCH %v_12[6.1,] 
BB 7
	outgoing: 10 12 
	datadep: 6 
	instructions:
		 0: %v_11[6.0,] 
BB 8
	outgoing: 9 10 
	datadep: 2 2 
	instructions:
		 0: 
		 1: %self->name %self[2.0,] 
		 2: %v_13[8.0,] 
		 3: %v_15[8.2,] 
		 4: %v_3[2.6,] 
BB 9
	outgoing: 11 
	datadep: 
	instructions:
		 0: 
BB 10
	outgoing: 12 
	datadep: 2 
	instructions:
		 0: 
		 1: %v_16[10.0,] %v_3[2.6,] 
		 2: %v_16[10.0,] 
BB 11
	outgoing: 12 
	datadep: 4 8 
	instructions:
		 0: RETURN %v_5[4.6,8.3,] 
BB 12
	outgoing: 
	datadep: 
	instructions:

SET IRMethod, name = find
BB 1
	outgoing: 3 2 
	datadep: 
	instructions:
BB 2
	outgoing: 3 
	datadep: 
	instructions:
		 0: 
		 1: 
		 2: 
		 3: 
		 4: 
		 5: 
		 6: 
		 7: %self->theme_path %self[2.0,] name[2.5,] 
		 8: %self->new %self[2.0,] %v_3[2.7,] name[2.5,] 
		 9: RETURN %v_4[2.8,] 
BB 3
	outgoing: 
	datadep: 
	instructions:

SET IRMethod, name = themes_root
BB 1
	outgoing: 5 2 
	datadep: 
	instructions:
BB 2
	outgoing: 3 4 
	datadep: 
	instructions:
		 0: 
		 1: 
		 2: 
		 3: 
		 4: 
		 5: 
		 6: 
		 7: %v_3[2.6,] 
BB 3
	outgoing: 4 
	datadep: 
	instructions:
		 0: 
BB 4
	outgoing: 5 
	datadep: 3 2 
	instructions:
		 0: %v_3->root %v_3[3.0,2.6,] 
		 1: %v_4->to_s %v_4[4.0,] 
		 2: 
		 3: %v_5[4.1,] %v_6[4.2,] 
		 4: RETURN %v_7[4.3,] 
BB 5
	outgoing: 
	datadep: 
	instructions:

SET IRMethod, name = theme_path
BB 1
	outgoing: 3 2 
	datadep: 
	instructions:
BB 2
	outgoing: 3 
	datadep: 
	instructions:
		 0: 
		 1: 
		 2: 
		 3: 
		 4: 
		 5: 
		 6: 
		 7: (File) 
		 8: %self->themes_root %self[2.0,] 
		 9: %v_3->join %v_4[2.8,] %v_3[2.7,] name[2.5,] 
		 10: RETURN %v_5[2.9,] 
BB 3
	outgoing: 
	datadep: 
	instructions:

SET IRMethod, name = theme_from_path
BB 1
	outgoing: 3 2 
	datadep: 
	instructions:
BB 2
	outgoing: 3 
	datadep: 
	instructions:
		 0: 
		 1: 
		 2: 
		 3: 
		 4: 
		 5: 
		 6: 
		 7: 
		 8: path->scan path[2.5,] 
		 9: %v_4->flatten %v_4[2.8,] 
		 10: %v_5->first %v_5[2.9,] 
		 11: %v_6[2.10,] 
		 12: 
		 13: %self->new path[2.5,] %self[2.0,] %v_6[2.10,] 
		 14: RETURN %v_7[2.13,] 
BB 3
	outgoing: 
	datadep: 
	instructions:

SET IRMethod, name = find_all
BB 1
	outgoing: 3 2 
	datadep: 
	instructions:
BB 2
	outgoing: 3 
	datadep: 
	instructions:
		 0: 
		 1: 
		 2: 
		 3: 
		 4: 
		 5: 
		 6: %self->installed_themes %self[2.0,] 
		 7: %v_3->map %v_3[2.6,] 
CLOSURE BEGIN
BB 1
	outgoing: 6 2 
	datadep: 
	instructions:
BB 2
	outgoing: 3 
	datadep: 
	instructions:
		 0: 
		 1: 
		 2: 
		 3: 
		 4: 
BB 3
	outgoing: 4 6 
	datadep: 2 2 
	instructions:
		 0: 
		 1: %self->theme_from_path path[2.2,] %self[2.0,] 
		 2: RETURN %cl_1_3[3.1,] 
BB 4
	outgoing: 6 
	datadep: 
	instructions:
		 0: 
		 1: %cl_1_4[4.0,] 
		 2: RETURN %cl_1_5[4.1,] 
BB 6
	outgoing: 
	datadep: 
	instructions:
CLOSURE END
		 8: RETURN %v_4[2.7,] 
BB 3
	outgoing: 
	datadep: 
	instructions:

SET IRMethod, name = installed_themes
BB 1
	outgoing: 10 2 
	datadep: 
	instructions:
BB 2
	outgoing: 3 8 
	datadep: 
	instructions:
		 0: 
		 1: 
		 2: 
		 3: 
		 4: 
		 5: 
		 6: %self->cache_theme_lookup %self[2.0,] 
		 7: BRANCH %v_3[2.6,] 
BB 3
	outgoing: 4 5 
	datadep: 2 
	instructions:
		 0: %self[2.0,] 
		 1: %v_5[3.0,] 
		 2: %v_5[3.0,] 
BB 4
	outgoing: 5 
	datadep: 2 
	instructions:
		 0: %self[2.0,] 
		 1: %v_6[4.0,] 
BB 5
	outgoing: 6 7 
	datadep: 4 3 
	instructions:
		 0: BRANCH %v_4[4.1,3.1,] 
BB 6
	outgoing: 7 
	datadep: 2 2 2 2 
	instructions:
		 0: %self->search_theme_directory %self[2.0,2.0,] 
		 1: %self[2.0,2.0,] %v_7[6.0,] 
		 2: %v_7[6.0,] 
BB 7
	outgoing: 10 
	datadep: 6 4 
	instructions:
		 0: RETURN %v_6[6.2,4.0,] 
BB 8
	outgoing: 10 
	datadep: 2 
	instructions:
		 0: %self->search_theme_directory %self[2.0,] 
		 1: RETURN %v_8[8.0,] 
BB 10
	outgoing: 
	datadep: 
	instructions:

SET IRMethod, name = search_theme_directory
BB 1
	outgoing: 3 2 
	datadep: 
	instructions:
BB 2
	outgoing: 3 
	datadep: 
	instructions:
		 0: 
		 1: 
		 2: 
		 3: 
		 4: 
		 5: 
		 6: %self->themes_root %self[2.0,] 
		 7: 
		 8: %v_4[2.7,] 
		 9: %v_5[2.8,] 
		 10: 
		 11: (Dir) 
		 12: %v_6->glob %v_5[2.8,] %v_6[2.11,] 
		 13: %v_7->select %v_7[2.12,] 
CLOSURE BEGIN
BB 1
	outgoing: 6 2 
	datadep: 
	instructions:
BB 2
	outgoing: 3 
	datadep: 
	instructions:
		 0: 
		 1: 
		 2: 
		 3: 
		 4: 
BB 3
	outgoing: 4 6 
	datadep: 
	instructions:
		 0: 
		 1: (File) 
		 2: 
		 3: %cl_1_4[3.2,] 
		 4: %cl_1_3->readable? %cl_1_3[3.1,] %cl_1_5[3.3,] 
		 5: RETURN %cl_1_6[3.4,] 
BB 4
	outgoing: 6 
	datadep: 
	instructions:
		 0: 
		 1: %cl_1_7[4.0,] 
		 2: RETURN %cl_1_8[4.1,] 
BB 6
	outgoing: 
	datadep: 
	instructions:
CLOSURE END
		 14: %v_8->compact %v_8[2.13,] 
		 15: RETURN %v_9[2.14,] 
BB 3
	outgoing: 
	datadep: 
	instructions:

