SET IRMethod, name = included instanceMethod = false
BB 1
	outgoing: 3 2 
	datadep: 
	instructions:
BB 2
	outgoing: 3 
	datadep: 
	instructions:
		 0: def_%self 
		 1: def_%v_0 
		 2: COPY TYPE_CurrentScope def_%current_scope 
		 3: COPY TYPE_ScopeModule def_%current_module 
		 4: 
		 5: RECEIVEARG def_klass 
		 6: 
		 7: (File) def_%v_3 
		 8: (File) def_%v_4 
		 9: COPY TYPE_StringLiteral "../../../generators/cms/project/templates" def_%v_5 
		 10: %v_4->join def_%v_6 %v_4[2.8,] %v_5[2.9,] 	 SYMBOL:	 ARGS:Filename,%v_5,
		 11: %v_3->expand_path def_%v_7 %v_3[2.7,] %v_6[2.10,] 	 SYMBOL:	 ARGS:%v_6,
		 12: klass->source_root def_%v_8 klass[2.5,] %v_7[2.11,] 	 SYMBOL:	 ARGS:%v_7,
		 13: RETURN %v_8[2.12,] %self[2.0,] 
BB 3
	outgoing: 
	datadep: 
	instructions:

SET IRMethod, name = generate_installation_script instanceMethod = true
BB 1
	outgoing: 3 2 
	datadep: 
	instructions:
BB 2
	outgoing: 3 
	datadep: 
	instructions:
		 0: def_%self 
		 1: def_%v_0 
		 2: COPY TYPE_CurrentScope def_%current_scope 
		 3: COPY TYPE_ScopeModule def_%current_module 
		 4: 
		 5: 
		 6: COPY TYPE_StringLiteral "install_generator.erb" def_%v_3 
		 7: COPY TYPE_StringLiteral "lib/generators/" def_%v_4 
		 8: %self->current_project def_%v_5 %self[2.0,] 	 SYMBOL:	 ARGS:
		 9: COPY TYPE_StringLiteral "/install/install_generator.rb" def_%v_6 
		 10: BUILDSTRING def_%v_7 %v_4[2.7,] %v_5[2.8,] %v_6[2.9,] 
		 11: %self->template def_%v_8 %self[2.0,2.8,] %v_3[2.6,] %v_7[2.10,] 	 SYMBOL:	 ARGS:%v_3,%v_7,
		 12: 
		 13: COPY TYPE_StringLiteral "USAGE" def_%v_9 
		 14: COPY TYPE_StringLiteral "lib/generators/" def_%v_10 
		 15: %self->current_project def_%v_11 %self[2.0,2.8,2.11,] 	 SYMBOL:	 ARGS:
		 16: COPY TYPE_StringLiteral "/install/USAGE" def_%v_12 
		 17: BUILDSTRING def_%v_13 %v_10[2.14,] %v_11[2.15,] %v_12[2.16,] 
		 18: %self->template def_%v_14 %self[2.0,2.8,2.11,2.15,] %v_9[2.13,] %v_13[2.17,] 	 SYMBOL:	 ARGS:%v_9,%v_13,
		 19: 
		 20: COPY TYPE_StringLiteral "lib/generators/" def_%v_15 
		 21: %self->current_project def_%v_16 %self[2.0,2.8,2.11,2.15,2.18,] 	 SYMBOL:	 ARGS:
		 22: COPY TYPE_StringLiteral "/install/templates" def_%v_17 
		 23: BUILDSTRING def_%v_18 %v_15[2.20,] %v_16[2.21,] %v_17[2.22,] 
		 24: %self->empty_directory def_%v_19 %self[2.0,2.8,2.11,2.15,2.18,2.21,] %v_18[2.23,] 	 SYMBOL:	 ARGS:%v_18,
		 25: RETURN %v_19[2.24,] %self[2.0,2.8,2.11,2.15,2.18,2.21,2.24,] 
BB 3
	outgoing: 
	datadep: 
	instructions:

SET IRMethod, name = include_cms_module instanceMethod = true
BB 1
	outgoing: 3 2 
	datadep: 
	instructions:
BB 2
	outgoing: 3 
	datadep: 
	instructions:
		 0: def_%self 
		 1: def_%v_0 
		 2: COPY TYPE_CurrentScope def_%current_scope 
		 3: COPY TYPE_ScopeModule def_%current_module 
		 4: 
		 5: 
		 6: COPY TYPE_StringLiteral "lib/" def_%v_3 
		 7: %self->current_project def_%v_4 %self[2.0,] 	 SYMBOL:	 ARGS:
		 8: COPY TYPE_StringLiteral "/engine.rb" def_%v_5 
		 9: BUILDSTRING def_%v_6 %v_3[2.6,] %v_4[2.7,] %v_5[2.8,] 
		 10: COPY TYPE_StringLiteral "isolate_namespace " def_%v_7 
		 11: %self->module_class def_%v_8 %self[2.0,2.7,] 	 SYMBOL:	 ARGS:
		 12: COPY TYPE_StringLiteral "
" def_%v_9 
		 13: BUILDSTRING def_%v_10 %v_7[2.10,] %v_8[2.11,] %v_9[2.12,] 
		 14: HASH-after- def_%v_11 %v_10[2.13,] 
		 15: %self->inject_into_file def_%v_12 %self[2.0,2.7,2.11,] %v_6[2.9,] %v_11[2.14,] %self[2.0,2.7,2.11,] 	 SYMBOL:	 ARGS:%v_6,%v_11,%self,
CLOSURE BEGIN: 
BB 1
	outgoing: 6 2 
	datadep: 
	instructions:
BB 2
	outgoing: 6 
	datadep: 
	instructions:
		 0: def_%self 
		 1: def_%cl_1_0 
		 2: COPY TYPE_CurrentScope def_%current_scope 
		 3: COPY TYPE_ScopeModule def_%current_module 
		 4: 
		 5: COPY TYPE_StringLiteral "		include Module
" def_%cl_1_3 
		 6: RETURN %cl_1_3[2.5,] %self[2.0,] 
BB 6
	outgoing: 
	datadep: 
	instructions:
CLOSURE END: 
		 16: RETURN %v_12[2.15,] %self[2.0,2.7,2.11,2.15,] 
BB 3
	outgoing: 
	datadep: 
	instructions:

SET IRMethod, name = current_project instanceMethod = true
BB 1
	outgoing: 5 2 
	datadep: 
	instructions:
BB 2
	outgoing: 3 4 
	datadep: 
	instructions:
		 0: def_%self 
		 1: def_%v_0 
		 2: COPY TYPE_CurrentScope def_%current_scope 
		 3: COPY TYPE_ScopeModule def_%current_module 
		 4: 
		 5: 
		 6: GETFIELD %self->project_name def_%v_3 %self[2.0,] 
		 7: BRANCH %v_3[2.6,] 
BB 3
	outgoing: 5 
	datadep: 
	instructions:
		 0: (File) def_%v_4 
		 1: (Dir) def_%v_5 
		 2: %v_5->pwd def_%v_6 %v_5[3.1,] 	 SYMBOL:	 ARGS:
		 3: %v_4->basename def_%v_7 %v_4[3.0,] %v_6[3.2,] 	 SYMBOL:	 ARGS:%v_6,
		 4: RETURN %v_7[3.3,] %self[2.0,] 
BB 4
	outgoing: 5 
	datadep: 
	instructions:
		 0: RETURN %v_3[2.6,] %self[2.0,] 
BB 5
	outgoing: 
	datadep: 
	instructions:

SET IRMethod, name = module_class instanceMethod = true
BB 1
	outgoing: 3 2 
	datadep: 
	instructions:
BB 2
	outgoing: 3 
	datadep: 
	instructions:
		 0: def_%self 
		 1: def_%v_0 
		 2: COPY TYPE_CurrentScope def_%current_scope 
		 3: COPY TYPE_ScopeModule def_%current_module 
		 4: 
		 5: 
		 6: %self->current_project def_%v_3 %self[2.0,] 	 SYMBOL:	 ARGS:
		 7: %v_3->camelize def_%v_4 %v_3[2.6,] 	 SYMBOL:	 ARGS:
		 8: RETURN %v_4[2.7,] %self[2.0,2.6,] 
BB 3
	outgoing: 
	datadep: 
	instructions:

SET IRMethod, name = run_bundle_install instanceMethod = true
BB 1
	outgoing: 6 2 
	datadep: 
	instructions:
BB 2
	outgoing: 3 4 
	datadep: 
	instructions:
		 0: def_%self 
		 1: def_%v_0 
		 2: COPY TYPE_CurrentScope def_%current_scope 
		 3: COPY TYPE_ScopeModule def_%current_module 
		 4: 
		 5: 
		 6: %self->options def_%v_3 %self[2.0,] 	 SYMBOL:	 ARGS:
		 7: %v_3->[] def_%v_4 %v_3[2.6,] 	 SYMBOL:skip_bundle,	 ARGS:Symbol,
		 8: BRANCH %v_4[2.7,] 
BB 3
	outgoing: 6 
	datadep: 
	instructions:
		 0: COPY TYPE_Nil def_%v_5 
		 1: RETURN %v_5[3.0,] %self[2.0,] 
BB 4
	outgoing: 6 
	datadep: 
	instructions:
		 0: COPY TYPE_StringLiteral "bundle install" def_%v_6 
		 1: %self->run def_%v_7 %self[2.0,] %v_6[4.0,] 	 SYMBOL:	 ARGS:%v_6,
		 2: RETURN %v_7[4.1,] %self[4.1,2.0,] 
BB 6
	outgoing: 
	datadep: 
	instructions:

SET IRMethod, name = run_bundle_update instanceMethod = true
BB 1
	outgoing: 6 2 
	datadep: 
	instructions:
BB 2
	outgoing: 3 4 
	datadep: 
	instructions:
		 0: def_%self 
		 1: def_%v_0 
		 2: COPY TYPE_CurrentScope def_%current_scope 
		 3: COPY TYPE_ScopeModule def_%current_module 
		 4: 
		 5: 
		 6: %self->options def_%v_3 %self[2.0,] 	 SYMBOL:	 ARGS:
		 7: %v_3->[] def_%v_4 %v_3[2.6,] 	 SYMBOL:skip_bundle,	 ARGS:Symbol,
		 8: BRANCH %v_4[2.7,] 
BB 3
	outgoing: 6 
	datadep: 
	instructions:
		 0: RETURN %self[2.0,] 
BB 4
	outgoing: 6 
	datadep: 
	instructions:
		 0: COPY TYPE_Nil def_%v_5 
		 1: 
		 2: %self->current_project def_%v_6 %self[2.0,] 	 SYMBOL:	 ARGS:
		 3: %self->inside def_%v_7 %self[4.2,2.0,] %v_6[4.2,] %self[4.2,2.0,] 	 SYMBOL:	 ARGS:%v_6,%self,
CLOSURE BEGIN: %self[4.2,2.0,] 
BB 1
	outgoing: 9 2 
	datadep: 
	instructions:
BB 2
	outgoing: 3 
	datadep: 
	instructions:
		 0: def_%self 
		 1: def_%cl_1_0 
		 2: COPY TYPE_CurrentScope def_%current_scope 
		 3: COPY TYPE_ScopeModule def_%current_module 
BB 3
	outgoing: 4 5 7 
	datadep: 
	instructions:
		 0: 
		 1: COPY TYPE_StringLiteral "bundle update" def_%cl_1_3 
		 2: %self->run def_%cl_1_4 %self[2.0,] %cl_1_3[3.1,] 	 SYMBOL:	 ARGS:%cl_1_3,
		 3: COPY TYPE_PASS def_result %cl_1_4[3.2,] 
		 4: 
		 5: BRANCH %cl_1_4[3.2,] 
BB 4
	outgoing: 9 
	datadep: 
	instructions:
		 0: COPY TYPE_Nil def_%cl_1_5 
		 1: RETURN %cl_1_5[4.0,] %self[2.0,] 
BB 5
	outgoing: 7 9 
	datadep: 
	instructions:
		 0: 
		 1: COPY TYPE_StringLiteral "Check your Gemfile to ensure the dependencies are correct. Update them, then rerun the last command." def_%cl_1_6 
		 2: %cl_1_6->red def_%cl_1_7 %cl_1_6[5.1,] 	 SYMBOL:	 ARGS:
		 3: %self->puts def_%cl_1_8 %self[2.0,] %cl_1_7[5.2,] 	 SYMBOL:	 ARGS:%cl_1_7,
		 4: 
		 5: %self->exit def_%cl_1_9 %self[5.3,2.0,] 	 SYMBOL:	 ARGS:Boolean,
		 6: RETURN %cl_1_9[5.5,] %self[5.3,5.5,2.0,] 
BB 7
	outgoing: 9 
	datadep: 
	instructions:
		 0: def_%cl_1_10 
		 1: def_%cl_1_11 %cl_1_10[7.0,] 
		 2: RETURN %cl_1_11[7.1,] %self[2.0,] 
BB 9
	outgoing: 
	datadep: 
	instructions:
CLOSURE END: 
		 4: RETURN %v_7[4.3,] %self[4.2,4.3,2.0,] 
BB 6
	outgoing: 
	datadep: 
	instructions:

SET IRMethod, name = comment_out_rails_in_gemfile instanceMethod = true
BB 1
	outgoing: 3 2 
	datadep: 
	instructions:
BB 2
	outgoing: 3 
	datadep: 
	instructions:
		 0: def_%self 
		 1: def_%v_0 
		 2: COPY TYPE_CurrentScope def_%current_scope 
		 3: COPY TYPE_ScopeModule def_%current_module 
		 4: 
		 5: 
		 6: COPY TYPE_StringLiteral "Gemfile" def_%v_3 
		 7: (RAILS_GEMFILE_PATTERN) def_%v_4 
		 8: COPY TYPE_StringLiteral "# gem 'rails'," def_%v_5 
		 9: HASH-verbose- def_%v_6 
		 10: %self->gsub_file def_%v_7 %self[2.0,] %v_3[2.6,] %v_4[2.7,] %v_5[2.8,] %v_6[2.9,] 	 SYMBOL:	 ARGS:%v_3,%v_4,%v_5,%v_6,
		 11: 
		 12: COPY TYPE_StringLiteral "Commenting out Rails dependency." def_%v_8 
		 13: %self->say_status def_%v_9 %self[2.0,2.10,] %v_8[2.12,] 	 SYMBOL:rails,	 ARGS:Symbol,%v_8,
		 14: RETURN %v_9[2.13,] %self[2.0,2.10,2.13,] 
BB 3
	outgoing: 
	datadep: 
	instructions:

SET IRMethod, name = update_browsercms_gem_version instanceMethod = true
BB 1
	outgoing: 3 2 
	datadep: 
	instructions:
BB 2
	outgoing: 3 
	datadep: 
	instructions:
		 0: def_%self 
		 1: def_%v_0 
		 2: COPY TYPE_CurrentScope def_%current_scope 
		 3: COPY TYPE_ScopeModule def_%current_module 
		 4: 
		 5: 
		 6: COPY TYPE_StringLiteral "Gemfile" def_%v_3 
		 7: COPY TYPE_Regexp def_%v_4 
		 8: COPY TYPE_StringLiteral "gem "browsercms", "" def_%v_5 
		 9: (VERSION) def_%v_6 
		 10: COPY TYPE_StringLiteral """ def_%v_7 
		 11: BUILDSTRING def_%v_8 %v_5[2.8,] %v_6[2.9,] %v_7[2.10,] 
		 12: HASH-verbose- def_%v_9 
		 13: %self->gsub_file def_%v_10 %self[2.0,] %v_3[2.6,] %v_8[2.11,] %v_9[2.12,] 	 SYMBOL:	 ARGS:%v_3,%v_4,%v_8,%v_9,
		 14: 
		 15: COPY TYPE_StringLiteral "Update browsercms to v" def_%v_11 
		 16: (VERSION) def_%v_12 
		 17: BUILDSTRING def_%v_13 %v_11[2.15,] %v_12[2.16,] 
		 18: %self->say_status def_%v_14 %self[2.0,2.13,] %v_13[2.17,] 	 SYMBOL:gemfile,	 ARGS:Symbol,%v_13,
		 19: RETURN %v_14[2.18,] %self[2.0,2.13,2.18,] 
BB 3
	outgoing: 
	datadep: 
	instructions:

SET IRMethod, name = install_migrations instanceMethod = true
BB 1
	outgoing: 3 2 
	datadep: 
	instructions:
BB 2
	outgoing: 3 
	datadep: 
	instructions:
		 0: def_%self 
		 1: def_%v_0 
		 2: COPY TYPE_CurrentScope def_%current_scope 
		 3: COPY TYPE_ScopeModule def_%current_module 
		 4: 
		 5: 
		 6: COPY TYPE_StringLiteral "cms:install:migrations" def_%v_3 
		 7: %self->rake def_%v_4 %self[2.0,] %v_3[2.6,] 	 SYMBOL:	 ARGS:%v_3,
		 8: RETURN %v_4[2.7,] %self[2.0,2.7,] 
BB 3
	outgoing: 
	datadep: 
	instructions:

SET IRMethod, name = install_cms_seed_data instanceMethod = true
BB 1
	outgoing: 3 2 
	datadep: 
	instructions:
BB 2
	outgoing: 3 
	datadep: 
	instructions:
		 0: def_%self 
		 1: def_%v_0 
		 2: COPY TYPE_CurrentScope def_%current_scope 
		 3: COPY TYPE_ScopeModule def_%current_module 
		 4: 
		 5: 
		 6: (File) def_%v_3 
		 7: (File) def_%v_4 
		 8: COPY TYPE_StringLiteral "../../../../db/browsercms.seeds.rb" def_%v_5 
		 9: %v_4->join def_%v_6 %v_4[2.7,] %v_5[2.8,] 	 SYMBOL:	 ARGS:Filename,%v_5,
		 10: %v_3->expand_path def_%v_7 %v_3[2.6,] %v_6[2.9,] 	 SYMBOL:	 ARGS:%v_6,
		 11: COPY TYPE_StringLiteral "db/browsercms.seeds.rb" def_%v_8 
		 12: %self->copy_file def_%v_9 %self[2.0,] %v_7[2.10,] %v_8[2.11,] 	 SYMBOL:	 ARGS:%v_7,%v_8,
		 13: 
		 14: COPY TYPE_StringLiteral "db/seeds.rb" def_%v_10 
		 15: COPY TYPE_StringLiteral "
require File.expand_path('../browsercms.seeds.rb', __FILE__)
" def_%v_11 
		 16: %self->append_to_file def_%v_12 %self[2.0,2.12,] %v_10[2.14,] %v_11[2.15,] 	 SYMBOL:	 ARGS:%v_10,%v_11,
		 17: RETURN %v_12[2.16,] %self[2.0,2.12,2.16,] 
BB 3
	outgoing: 
	datadep: 
	instructions:

SET IRMethod, name = add_route_to_end instanceMethod = true
BB 1
	outgoing: 3 2 
	datadep: 
	instructions:
BB 2
	outgoing: 3 
	datadep: 
	instructions:
		 0: def_%self 
		 1: def_%v_0 
		 2: COPY TYPE_CurrentScope def_%current_scope 
		 3: COPY TYPE_ScopeModule def_%current_module 
		 4: 
		 5: RECEIVEARG def_route 
		 6: 
		 7: COPY TYPE_StringLiteral "config/routes.rb" def_%v_3 
		 8: COPY TYPE_StringLiteral "
  " def_%v_4 
		 9: COPY TYPE_StringLiteral "
" def_%v_5 
		 10: BUILDSTRING def_%v_6 %v_4[2.8,] route[2.5,] %v_5[2.9,] 
		 11: COPY TYPE_Regexp def_%v_7 
		 12: HASH-before- def_%v_8 
		 13: %self->inject_into_file def_%v_9 %self[2.0,] %v_3[2.7,] %v_6[2.10,] %v_8[2.12,] 	 SYMBOL:	 ARGS:%v_3,%v_6,%v_8,
		 14: RETURN %v_9[2.13,] %self[2.0,2.13,] 
BB 3
	outgoing: 
	datadep: 
	instructions:

SET IRMethod, name = migration_with_name instanceMethod = true
BB 1
	outgoing: 6 2 
	datadep: 
	instructions:
BB 2
	outgoing: 3 4 
	datadep: 
	instructions:
		 0: def_%self 
		 1: def_%v_0 
		 2: COPY TYPE_CurrentScope def_%current_scope 
		 3: COPY TYPE_ScopeModule def_%current_module 
		 4: 
		 5: RECEIVEARG def_name 
		 6: 
		 7: COPY TYPE_StringLiteral "db/migrate/*" def_%v_3 
		 8: COPY TYPE_StringLiteral ".rb" def_%v_4 
		 9: BUILDSTRING def_%v_5 %v_3[2.7,] name[2.5,] %v_4[2.8,] 
		 10: COPY TYPE_PASS def_file_pattern %v_5[2.9,] 
		 11: 
		 12: (Dir) def_%v_6 
		 13: %v_6->glob def_%v_7 %v_6[2.12,] %v_5[2.9,] 	 SYMBOL:	 ARGS:file_pattern,
		 14: COPY TYPE_PASS def_files %v_7[2.13,] 
		 15: 
		 16: %v_7->empty? def_%v_8 %v_7[2.13,] 	 SYMBOL:	 ARGS:
		 17: BRANCH %v_8[2.16,] 
BB 3
	outgoing: 5 
	datadep: 
	instructions:
		 0: COPY TYPE_StringLiteral "Couldn't find a migration file matching this pattern (" def_%v_9 
		 1: COPY TYPE_StringLiteral ")'" def_%v_10 
		 2: BUILDSTRING def_%v_11 %v_9[3.0,] file_pattern[2.10,] %v_10[3.1,] 
		 3: %self->fail def_%v_12 %self[2.0,] %v_11[3.2,] 	 SYMBOL:	 ARGS:%v_11,
		 4: 
BB 4
	outgoing: 5 
	datadep: 
	instructions:
		 0: COPY TYPE_Nil def_%v_12 
BB 5
	outgoing: 6 
	datadep: 
	instructions:
		 0: 
		 1: (File) def_%v_13 
		 2: files->first def_%v_14 files[2.14,] 	 SYMBOL:	 ARGS:
		 3: %v_13->absolute_path def_%v_15 %v_13[5.1,] %v_14[5.2,] 	 SYMBOL:	 ARGS:%v_14,
		 4: RETURN %v_15[5.3,] %self[2.0,] 
BB 6
	outgoing: 
	datadep: 
	instructions:

SET IRMethod, name = find_custom_blocks instanceMethod = true
BB 1
	outgoing: 3 2 
	datadep: 
	instructions:
BB 2
	outgoing: 3 
	datadep: 
	instructions:
		 0: def_%self 
		 1: def_%v_0 
		 2: COPY TYPE_CurrentScope def_%current_scope 
		 3: COPY TYPE_ScopeModule def_%current_module 
		 4: 
		 5: 
		 6: COPY TYPE_StringLiteral "app/models/*.rb" def_%v_3 
		 7: COPY TYPE_PASS def_file_pattern %v_3[2.6,] 
		 8: 
		 9: (Dir) def_%v_4 
		 10: %v_4->glob def_%v_5 %v_4[2.9,] %v_3[2.6,] 	 SYMBOL:	 ARGS:file_pattern,
		 11: COPY TYPE_PASS def_model_files %v_5[2.10,] 
		 12: 
		 13: %v_5->map def_%v_6 %v_5[2.10,] %self[2.0,] 	 SYMBOL:	 ARGS:%v_5,
CLOSURE BEGIN: f[] %self[2.0,] content[] 
BB 1
	outgoing: 9 2 
	datadep: 
	instructions:
BB 2
	outgoing: 3 
	datadep: 
	instructions:
		 0: def_%self 
		 1: def_%cl_1_0 
		 2: RECEIVEARG def_f 
		 3: COPY TYPE_CurrentScope def_%current_scope 
		 4: COPY TYPE_ScopeModule def_%current_module 
BB 3
	outgoing: 4 5 7 
	datadep: 
	instructions:
		 0: 
		 1: (IO) def_%cl_1_3 
		 2: %cl_1_3->read def_%cl_1_4 %cl_1_3[3.1,] f[2.2,] 	 SYMBOL:	 ARGS:f,
		 3: COPY TYPE_PASS def_content %cl_1_4[3.2,] 
		 4: 
		 5: COPY TYPE_StringLiteral "Found
" def_%cl_1_5 
		 6: BUILDSTRING def_%cl_1_6 %cl_1_5[3.5,] %cl_1_4[3.2,] 
		 7: %self->puts def_%cl_1_7 %self[2.0,] %cl_1_6[3.6,] 	 SYMBOL:	 ARGS:%cl_1_6,
		 8: 
		 9: COPY TYPE_Regexp def_%cl_1_8 
		 10: content->match def_%cl_1_9 content[3.3,] 	 SYMBOL:	 ARGS:%cl_1_8,
		 11: BRANCH %cl_1_9[3.10,] 
BB 4
	outgoing: 6 7 
	datadep: 
	instructions:
		 0: 
		 1: (File) def_%cl_1_10 
		 2: COPY TYPE_StringLiteral ".rb" def_%cl_1_11 
		 3: %cl_1_10->basename def_%cl_1_12 %cl_1_10[4.1,] f[2.2,] %cl_1_11[4.2,] 	 SYMBOL:	 ARGS:f,%cl_1_11,
		 4: 
BB 5
	outgoing: 9 
	datadep: 
	instructions:
		 0: 
		 1: RETURN %self[2.0,] 
BB 6
	outgoing: 9 
	datadep: 
	instructions:
		 0: RETURN %cl_1_12[4.3,] %self[2.0,] 
BB 7
	outgoing: 9 
	datadep: 
	instructions:
		 0: def_%cl_1_13 
		 1: def_%cl_1_14 %cl_1_13[7.0,] 
		 2: RETURN %cl_1_14[7.1,] %self[2.0,] 
BB 9
	outgoing: 
	datadep: 
	instructions:
CLOSURE END: content[3.3,] 
		 14: COPY TYPE_PASS def_block_files %v_6[2.13,] 
		 15: 
		 16: %v_6->compact def_%v_7 %v_6[2.13,] 	 SYMBOL:	 ARGS:
		 17: RETURN %v_7[2.16,] %self[2.0,] 
BB 3
	outgoing: 
	datadep: 
	instructions:

