SET IRMethod, name = edit
BB 1
	outgoing: 3 2 
	datadep: 
	instructions:
BB 2
	outgoing: 3 
	datadep: 
	instructions:
		 0: 
		 1: 
		 2: 
		 3: 
		 4: 
		 5: 
		 6: (Comment) 
		 7: %self->params %self[2.0,] 
		 8: %v_4[2.7,] 
		 9: %v_3->find %v_5[2.8,] %v_3[2.6,] 
		 10: %self[2.0,] %v_6[2.9,] @comment[] 
		 11: 
		 12: %self->respond_to %self[2.0,] 
CLOSURE BEGIN: @comment[2.10,] 
BB 1
	outgoing: 6 2 
	datadep: 
	instructions:
BB 2
	outgoing: 3 
	datadep: 
	instructions:
		 0: 
		 1: 
		 2: 
		 3: 
		 4: 
BB 3
	outgoing: 4 6 
	datadep: 2 
	instructions:
		 0: 
		 1: format->js format[2.2,] 
		 2: RETURN %cl_1_3[3.1,] 
BB 4
	outgoing: 6 
	datadep: 
	instructions:
		 0: 
		 1: %cl_1_4[4.0,] 
		 2: RETURN %cl_1_5[4.1,] 
BB 6
	outgoing: 
	datadep: 
	instructions:
CLOSURE END
		 13: RETURN %v_7[2.12,] 
BB 3
	outgoing: 
	datadep: 
	instructions:

SET IRMethod, name = update
BB 1
	outgoing: 15 2 
	datadep: 
	instructions:
BB 2
	outgoing: 4 
	datadep: 
	instructions:
		 0: 
		 1: 
		 2: 
		 3: 
		 4: 
		 5: 
BB 4
	outgoing: 5 6 
	datadep: 2 2 2 2 
	instructions:
		 0: 
		 1: 
		 2: (Comment) 
		 3: %self->params %self[2.0,] 
		 4: %v_8[4.3,] 
		 5: %v_7->find %v_9[4.4,] %v_7[4.2,] 
		 6: %self[2.0,] %v_10[4.5,] @comment[] 
		 7: 
		 8: @comment[4.6,] 
		 9: %self->comment_params %self[2.0,] 
		 10: %v_11->update_attributes! %v_11[4.8,] %v_12[4.9,] 
		 11: %v_13[4.10,] 
		 12: %v_3[2.5,] 
BB 5
	outgoing: 14 
	datadep: 2 
	instructions:
		 0: 
		 1: %self->respond_to %self[2.0,] 
CLOSURE BEGIN: @comment[4.6,] 
BB 1
	outgoing: 6 2 
	datadep: 
	instructions:
BB 2
	outgoing: 3 
	datadep: 
	instructions:
		 0: 
		 1: 
		 2: 
		 3: 
		 4: 
BB 3
	outgoing: 4 6 
	datadep: 2 
	instructions:
		 0: 
		 1: format->js format[2.2,] 
		 2: RETURN %cl_1_3[3.1,] 
BB 4
	outgoing: 6 
	datadep: 
	instructions:
		 0: 
		 1: %cl_1_4[4.0,] 
		 2: RETURN %cl_1_5[4.1,] 
BB 6
	outgoing: 
	datadep: 
	instructions:
CLOSURE END
		 2: 
BB 6
	outgoing: 7 8 12 
	datadep: 
	instructions:
		 0: 
		 1: (ActiveRecord) 
		 2: %v_15[6.1,] 
		 3: %v_16[6.2,] 
BB 7
	outgoing: 8 12 
	datadep: 6 
	instructions:
		 0: %v_15[6.1,] 
BB 8
	outgoing: 9 10 12 
	datadep: 6 7 6 
	instructions:
		 0: %v_14[6.0,] %v_16[7.0,6.2,] 
		 1: BRANCH %v_17[8.0,] 
BB 9
	outgoing: 12 15 
	datadep: 6 
	instructions:
		 0: %v_14[6.0,] 
BB 10
	outgoing: 11 12 
	datadep: 2 2 
	instructions:
		 0: 
		 1: %self->flash %self[2.0,] 
		 2: 
		 3: %v_18[10.1,] %v_19[10.2,] 
		 4: %v_19[10.2,] 
		 5: %v_3[2.5,] 
BB 11
	outgoing: 14 
	datadep: 2 
	instructions:
		 0: 
		 1: %self->respond_to %self[2.0,] 
CLOSURE BEGIN: @comment[4.6,] 
BB 1
	outgoing: 6 2 
	datadep: 
	instructions:
BB 2
	outgoing: 3 
	datadep: 
	instructions:
		 0: 
		 1: 
		 2: 
		 3: 
		 4: 
BB 3
	outgoing: 4 6 
	datadep: 2 
	instructions:
		 0: 
		 1: format->js format[2.2,] 
		 2: RETURN %cl_1_3[3.1,] 
BB 4
	outgoing: 6 
	datadep: 
	instructions:
		 0: 
		 1: %cl_1_4[4.0,] 
		 2: RETURN %cl_1_5[4.1,] 
BB 6
	outgoing: 
	datadep: 
	instructions:
CLOSURE END
		 2: 
BB 12
	outgoing: 15 
	datadep: 2 2 
	instructions:
		 0: 
		 1: %v_3[2.5,] %v_20[12.0,] 
		 2: 
		 3: %self->respond_to %self[2.0,] 
CLOSURE BEGIN: @comment[4.6,] 
BB 1
	outgoing: 6 2 
	datadep: 
	instructions:
BB 2
	outgoing: 3 
	datadep: 
	instructions:
		 0: 
		 1: 
		 2: 
		 3: 
		 4: 
BB 3
	outgoing: 4 6 
	datadep: 2 
	instructions:
		 0: 
		 1: format->js format[2.2,] 
		 2: RETURN %cl_1_3[3.1,] 
BB 4
	outgoing: 6 
	datadep: 
	instructions:
		 0: 
		 1: %cl_1_4[4.0,] 
		 2: RETURN %cl_1_5[4.1,] 
BB 6
	outgoing: 
	datadep: 
	instructions:
CLOSURE END
		 4: %v_20[12.0,] 
BB 14
	outgoing: 15 
	datadep: 4 10 
	instructions:
		 0: RETURN %v_6[4.11,10.4,] 
BB 15
	outgoing: 
	datadep: 
	instructions:

SET IRMethod, name = approve
BB 1
	outgoing: 6 2 
	datadep: 
	instructions:
BB 2
	outgoing: 3 4 
	datadep: 
	instructions:
		 0: 
		 1: 
		 2: 
		 3: 
		 4: 
		 5: 
		 6: (Comment) 
		 7: %self->params %self[2.0,] 
		 8: %v_4[2.7,] 
		 9: %v_3->find %v_5[2.8,] %v_3[2.6,] 
		 10: %self[2.0,] %v_6[2.9,] @comment[] 
		 11: 
		 12: %self->configatron %self[2.0,] 
		 13: %v_7->has_key? %v_7[2.12,] 
		 14: BRANCH %v_8[2.13,] 
BB 3
	outgoing: 5 
	datadep: 2 
	instructions:
		 0: %self[2.0,] @comment[2.10,] 
		 1: %v_9->ham! %v_9[3.0,] 
		 2: 
BB 4
	outgoing: 5 
	datadep: 
	instructions:
		 0: 
BB 5
	outgoing: 6 
	datadep: 2 2 
	instructions:
		 0: 
		 1: %self[2.0,] @comment[3.0,2.10,] 
		 2: 
		 3: %v_11[5.1,] %v_12[5.2,] 
		 4: 
		 5: @comment[5.1,] 
		 6: %v_13->save! %v_13[5.5,] 
		 7: 
		 8: %self->respond_to %self[2.0,] 
CLOSURE BEGIN: @comment[5.1,] 
BB 1
	outgoing: 6 2 
	datadep: 
	instructions:
BB 2
	outgoing: 3 
	datadep: 
	instructions:
		 0: 
		 1: 
		 2: 
		 3: 
		 4: 
BB 3
	outgoing: 4 6 
	datadep: 2 
	instructions:
		 0: 
		 1: format->js format[2.2,] 
		 2: RETURN %cl_1_3[3.1,] 
BB 4
	outgoing: 6 
	datadep: 
	instructions:
		 0: 
		 1: %cl_1_4[4.0,] 
		 2: RETURN %cl_1_5[4.1,] 
BB 6
	outgoing: 
	datadep: 
	instructions:
CLOSURE END
		 9: RETURN %v_15[5.8,] 
BB 6
	outgoing: 
	datadep: 
	instructions:

SET IRMethod, name = index
BB 1
	outgoing: 37 2 
	datadep: 
	instructions:
BB 2
	outgoing: 4 27 35 
	datadep: 
	instructions:
		 0: 
		 1: 
		 2: 
		 3: 
		 4: 
		 5: 
		 6: %self->params %self[2.0,] 
		 7: %v_3[2.6,] 
		 8: %self->get_commentable_type %self[2.0,] %v_4[2.7,] 
		 9: %v_5[2.8,] 
		 10: 
		 11: %v_5->singularize %v_5[2.8,] 
		 12: %v_6->constantize %v_6[2.11,] 
		 13: %v_7[2.12,] 
		 14: 
		 15: commentable_type->humanize commentable_type[2.9,] 
		 16: %v_8[2.15,] 
		 17: 
		 18: commentable_type->tableize commentable_type[2.9,] 
		 19: %v_9[2.18,] 
		 20: 
		 21: %self->params %self[2.0,] 
		 22: %v_10[2.21,] 
		 23: commentable_class->find commentable_class[2.13,] %v_11[2.22,] 
		 24: %self[2.0,] %v_12[2.23,] @commentable[] 
		 25: BRANCH %v_12[2.23,] 
BB 4
	outgoing: 5 8 35 
	datadep: 2 
	instructions:
		 0: 
		 1: %self->logged_in? %self[2.0,] 
		 2: BRANCH %v_13[4.1,] 
BB 5
	outgoing: 6 7 35 
	datadep: 2 
	instructions:
		 0: %self[2.0,] @commentable[2.24,] 
		 1: %v_14->owner %v_14[5.0,] 
		 2: BRANCH %v_15[5.1,] 
BB 6
	outgoing: 7 35 
	datadep: 2 
	instructions:
		 0: %self[2.0,] @commentable[5.0,] 
		 1: %v_16->owner %v_16[6.0,] 
		 2: %v_17->profile_public? %v_17[6.1,] 
		 3: %v_18[6.2,] 
BB 7
	outgoing: 8 
	datadep: 6 5 
	instructions:
		 0: %v_15[6.3,5.1,] 
BB 8
	outgoing: 9 10 
	datadep: 7 4 
	instructions:
		 0: BRANCH %v_13[7.0,4.1,] 
BB 9
	outgoing: 14 
	datadep: 
	instructions:
		 0: 
		 1: 
BB 10
	outgoing: 11 13 35 
	datadep: 2 2 2 
	instructions:
		 0: 
		 1: %self->flash %self[2.0,] 
		 2: %v_20->now %v_20[10.1,] 
		 3: 
		 4: %v_21[10.2,] %v_22[10.3,] 
		 5: 
		 6: %self->login_path %self[2.0,] 
		 7: %self->redirect_to %self[2.0,] %v_23[10.6,] 
		 8: BRANCH %v_24[10.7,] 
BB 11
	outgoing: 37 
	datadep: 
	instructions:
		 0: RETURN 
BB 13
	outgoing: 14 
	datadep: 10 
	instructions:
		 0: %v_24[10.7,] 
BB 14
	outgoing: 15 16 35 
	datadep: 2 2 2 2 2 2 2 2 
	instructions:
		 0: 
		 1: %self[2.0,] @commentable[6.0,5.0,2.24,6.0,5.0,2.24,] 
		 2: %v_25->comments %v_25[14.1,] 
		 3: %v_26->recent %v_26[14.2,] 
		 4: %self->params %self[2.0,] 
		 5: %v_28[14.4,] 
		 6: %v_27->page %v_27[14.3,] %v_29[14.5,] 
		 7: %self[2.0,] %v_30[14.6,] @comments[] 
		 8: 
		 9: %self[2.0,] commentable_type_humanized[2.16,] @title[] 
		 10: 
		 11: @commentable[14.1,] 
		 12: 
		 13: %self->commentable_comments_url %self[2.0,] commentable_type_tableized[2.19,] %v_31[14.11,] %v_32[14.12,] 
		 14: %self[2.0,] %v_33[14.13,] @rss_url[] 
		 15: 
		 16: @comments[14.7,] 
		 17: %v_34->any? %v_34[14.16,] 
		 18: BRANCH %v_35[14.17,] 
BB 15
	outgoing: 26 35 
	datadep: 2 2 2 2 2 2 
	instructions:
		 0: 
		 1: %self[2.0,] @comments[14.7,14.16,] 
		 2: %v_36->first %v_36[15.1,] 
		 3: %v_37[15.2,] 
		 4: 
		 5: %v_37->recipient %v_37[15.2,] 
		 6: %self[2.0,] %v_38[15.5,] @user[] 
		 7: 
		 8: first_comment->commentable_name first_comment[15.3,] 
		 9: %self[2.0,] %v_39[15.8,] @title[14.9,] 
		 10: 
		 11: %self->commentable_url %self[2.0,] first_comment[15.3,] 
		 12: %self[2.0,] %v_40[15.11,] @back_url[] 
		 13: 
		 14: %self->respond_to %self[2.0,] 
CLOSURE BEGIN: @title[] @rss_url[14.14,] @page_title[] @comments[] @user[] @commentable[] @back_url[15.12,] 
BB 1
	outgoing: 6 2 
	datadep: 
	instructions:
BB 2
	outgoing: 3 
	datadep: 
	instructions:
		 0: 
		 1: 
		 2: 
		 3: 
		 4: 
BB 3
	outgoing: 4 6 
	datadep: 2 2 2 2 2 2 
	instructions:
		 0: 
		 1: %self->configatron %self[2.0,] 
		 2: %cl_1_3->community_name %cl_1_3[3.1,] 
		 3: 
		 4: 
		 5: %self[2.0,] @title[] 
		 6: %cl_1_4[3.2,] %cl_1_5[3.3,] %cl_1_6[3.4,] %cl_1_7[3.5,] 
		 7: %self[2.0,] %cl_1_8[3.6,] @rss_title[] 
		 8: 
		 9: format->html format[2.2,] 
		 10: 
		 11: format->rss %self[2.0,] format[2.2,] 
CLOSURE BEGIN: @rss_title[3.7,] @title[3.5,] 
BB 1
	outgoing: 9 2 
	datadep: 
	instructions:
BB 2
	outgoing: 3 
	datadep: 
	instructions:
		 0: 
		 1: 
		 2: 
		 3: 
BB 3
	outgoing: 4 6 7 
	datadep: 2 2 2 2 
	instructions:
		 0: 
		 1: %self[2.0,] @comments[] 
		 2: %self[2.0,] @commentable[] 
		 3: %self[2.0,] @rss_title[] 
		 4: %self->render_comments_rss_feed_for %cl_2_3[3.1,] %self[2.0,] %cl_2_4[3.2,] %cl_2_5[3.3,] 
		 5: BRANCH %cl_2_6[3.4,] 
BB 4
	outgoing: 7 9 
	datadep: 
	instructions:
		 0: 
		 1: 
BB 6
	outgoing: 9 
	datadep: 3 
	instructions:
		 0: RETURN %cl_2_6[3.4,] 
BB 7
	outgoing: 9 
	datadep: 
	instructions:
		 0: 
		 1: %cl_2_7[7.0,] 
		 2: RETURN %cl_2_8[7.1,] 
BB 9
	outgoing: 
	datadep: 
	instructions:
CLOSURE END
		 12: RETURN %cl_1_10[3.11,] 
BB 4
	outgoing: 6 
	datadep: 
	instructions:
		 0: 
		 1: %cl_1_11[4.0,] 
		 2: RETURN %cl_1_12[4.1,] 
BB 6
	outgoing: 
	datadep: 
	instructions:
CLOSURE END
		 15: 
BB 16
	outgoing: 17 18 35 
	datadep: 2 
	instructions:
		 0: 
		 1: %self[2.0,] @commentable[14.1,14.11,] 
		 2: (User) 
		 3: %v_42->is_a? %v_42[16.1,] %v_43[16.2,] 
		 4: BRANCH %v_44[16.3,] 
BB 17
	outgoing: 25 35 
	datadep: 2 2 2 2 2 
	instructions:
		 0: 
		 1: %self[2.0,] @commentable[16.1,] 
		 2: %self[2.0,] %v_45[17.1,] @user[] 
		 3: 
		 4: @user[17.2,] 
		 5: %v_46->login %v_46[17.4,] 
		 6: %v_47[17.5,] %self[2.0,] @title[14.9,] 
		 7: 
		 8: @user[17.2,17.4,] 
		 9: %self->user_path %self[2.0,] %v_48[17.8,] 
		 10: %self[2.0,] %v_49[17.9,] @back_url[] 
		 11: 
BB 18
	outgoing: 19 23 35 
	datadep: 2 2 
	instructions:
		 0: 
		 1: %self[2.0,] @commentable[16.1,] 
		 2: %v_50->user %v_50[18.1,] 
		 3: %self[2.0,] %v_51[18.2,] @user[] 
		 4: BRANCH %v_51[18.2,] 
BB 19
	outgoing: 20 21 35 
	datadep: 2 
	instructions:
		 0: 
		 1: %self[2.0,] @commentable[18.1,] 
		 2: %v_52->respond_to? %v_52[19.1,] 
		 3: BRANCH %v_53[19.2,] 
BB 20
	outgoing: 22 35 
	datadep: 2 
	instructions:
		 0: %self[2.0,] @commentable[19.1,] 
		 1: %v_54->title %v_54[20.0,] 
		 2: 
BB 21
	outgoing: 22 
	datadep: 2 
	instructions:
		 0: %self[2.0,] @title[14.9,] 
		 1: %v_56[21.0,] 
BB 22
	outgoing: 24 35 
	datadep: 2 21 20 2 2 2 2 
	instructions:
		 0: %self[2.0,] %v_55[21.1,20.1,] @title[21.0,14.9,] 
		 1: 
		 2: %self[2.0,] @user[18.3,18.3,] 
		 3: %self[2.0,] @commentable[20.0,19.1,] 
		 4: %v_57[22.2,] %v_58[22.3,] 
		 5: %self->url_for %self[2.0,] %v_59[22.4,] 
		 6: %self[2.0,] %v_60[22.5,] @back_url[] 
		 7: 
BB 23
	outgoing: 24 
	datadep: 
	instructions:
		 0: 
BB 24
	outgoing: 25 
	datadep: 23 22 
	instructions:
		 0: %v_60[23.0,22.5,] 
BB 25
	outgoing: 26 35 
	datadep: 2 
	instructions:
		 0: 
		 1: %self->respond_to %self[2.0,] 
CLOSURE BEGIN: @title[] @rss_url[14.14,] @page_title[] @comments[] @user[] @commentable[] @back_url[15.12,17.10,22.6,] 
BB 1
	outgoing: 6 2 
	datadep: 
	instructions:
BB 2
	outgoing: 3 
	datadep: 
	instructions:
		 0: 
		 1: 
		 2: 
		 3: 
		 4: 
BB 3
	outgoing: 4 6 
	datadep: 2 2 2 
	instructions:
		 0: 
		 1: format->html format[2.2,] 
		 2: 
		 3: format->rss %self[2.0,] format[2.2,] 
CLOSURE BEGIN: 
BB 1
	outgoing: 9 2 
	datadep: 
	instructions:
BB 2
	outgoing: 3 
	datadep: 
	instructions:
		 0: 
		 1: 
		 2: 
		 3: 
BB 3
	outgoing: 4 6 7 
	datadep: 2 2 2 2 2 
	instructions:
		 0: 
		 1: %self->configatron %self[2.0,] 
		 2: %cl_4_3->community_name %cl_4_3[3.1,] 
		 3: 
		 4: 
		 5: %self[2.0,] @title[] 
		 6: %cl_4_4[3.2,] %cl_4_5[3.3,] %cl_4_6[3.4,] %cl_4_7[3.5,] 
		 7: %self[2.0,] %cl_4_8[3.6,] @rss_title[] 
		 8: 
		 9: 
		 10: %self[2.0,] @commentable[] 
		 11: @rss_title[3.7,] 
		 12: %self->render_comments_rss_feed_for %self[2.0,] %cl_4_10[3.10,] %cl_4_9[3.9,] %cl_4_11[3.11,] 
		 13: BRANCH %cl_4_12[3.12,] 
BB 4
	outgoing: 7 9 
	datadep: 
	instructions:
		 0: 
		 1: 
BB 6
	outgoing: 9 
	datadep: 3 
	instructions:
		 0: RETURN %cl_4_12[3.12,] 
BB 7
	outgoing: 9 
	datadep: 
	instructions:
		 0: 
		 1: %cl_4_13[7.0,] 
		 2: RETURN %cl_4_14[7.1,] 
BB 9
	outgoing: 
	datadep: 
	instructions:
CLOSURE END
		 4: RETURN %cl_3_4[3.3,] 
BB 4
	outgoing: 6 
	datadep: 
	instructions:
		 0: 
		 1: %cl_3_5[4.0,] 
		 2: RETURN %cl_3_6[4.1,] 
BB 6
	outgoing: 
	datadep: 
	instructions:
CLOSURE END
		 2: %v_61[25.1,] 
BB 26
	outgoing: 28 
	datadep: 
	instructions:
		 0: 
BB 27
	outgoing: 28 35 
	datadep: 2 2 2 2 
	instructions:
		 0: 
		 1: %self->flash %self[2.0,] 
		 2: commentable_type_humanized[2.16,] 
		 3: %v_63->l_with_args %v_63[27.2,] 
		 4: %v_62[27.1,] %v_64[27.3,] 
		 5: 
		 6: %self->home_path %self[2.0,] 
		 7: %self->redirect_to %self[2.0,] %v_65[27.6,] 
		 8: %v_66[27.7,] 
BB 28
	outgoing: 29 30 
	datadep: 2 
	instructions:
		 0: 
		 1: %self[2.0,] @user[15.6,17.2,17.4,17.8,22.2,18.3,] 
		 2: BRANCH %v_67[28.1,] 
BB 29
	outgoing: 31 35 
	datadep: 2 2 
	instructions:
		 0: 
		 1: %self[2.0,] @user[28.1,] 
		 2: %v_69[29.1,] 
		 3: %v_68[29.0,] %v_70[29.2,] 
		 4: %self->render %self[2.0,] %v_71[29.3,] 
		 5: 
BB 30
	outgoing: 31 
	datadep: 
	instructions:
		 0: 
BB 31
	outgoing: 32 33 35 
	datadep: 2 2 2 
	instructions:
		 0: 
		 1: 
		 2: %v_73[31.0,] %v_74[31.1,] 
		 3: %self[2.0,] @title[15.9,15.9,17.6,17.6,22.0,22.0,14.9,14.9,] 
		 4: %v_75[31.2,] %v_76[31.3,] 
		 5: %self[2.0,] %v_77[31.4,] @page_title[] 
		 6: 
		 7: %self[2.0,] @comments[15.1,15.1,14.7,14.16,14.7,14.16,] 
		 8: %v_78->empty? %v_78[31.7,] 
		 9: BRANCH %v_79[31.8,] 
BB 32
	outgoing: 34 35 
	datadep: 2 
	instructions:
		 0: 
		 1: %self[2.0,] @commentable[2.24,2.24,17.1,14.1,14.11,17.1,14.1,14.11,22.3,22.3,18.1,18.1,] 
		 2: %v_80->class %v_80[32.1,] 
		 3: %v_81->to_s %v_81[32.2,] 
		 4: %v_82->underscore %v_82[32.3,] 
		 5: %v_83[32.4,] 
		 6: %v_84->l_with_args %v_84[32.5,] 
		 7: 
BB 33
	outgoing: 34 35 
	datadep: 2 2 
	instructions:
		 0: 
		 1: %self->ruby_code_from_view %self[2.0,] 
		 2: %v_86->ruby_code_from_view %self[2.0,] %v_86[33.1,] 
CLOSURE BEGIN: @title[31.3,] @rss_url[14.14,] @page_title[31.5,] @comments[31.7,] @user[29.1,] @commentable[32.1,] @back_url[15.12,17.10,22.6,] 
BB 1
	outgoing: 35 2 
	datadep: 
	instructions:
BB 2
	outgoing: 3 
	datadep: 
	instructions:
		 0: 
		 1: 
		 2: 
		 3: 
		 4: 
BB 3
	outgoing: 4 5 33 
	datadep: 2 2 
	instructions:
		 0: 
		 1: %self->comment %self[2.0,] 
		 2: %cl_5_3->id %cl_5_3[3.1,] 
		 3: 
		 4: %self->comment %self[2.0,] 
		 5: %cl_5_5->pending? %cl_5_5[3.4,] 
		 6: BRANCH %cl_5_6[3.5,] 
BB 4
	outgoing: 6 
	datadep: 
	instructions:
		 0: 
		 1: 
BB 5
	outgoing: 6 
	datadep: 
	instructions:
		 0: 
BB 6
	outgoing: 7 18 33 
	datadep: 2 
	instructions:
		 0: 
		 1: %self->comment %self[2.0,] 
		 2: %cl_5_8->user %cl_5_8[6.1,] 
		 3: BRANCH %cl_5_9[6.2,] 
BB 7
	outgoing: 8 11 33 
	datadep: 2 2 2 2 2 2 2 2 2 2 2 2 2 2 2 2 2 
	instructions:
		 0: 
		 1: %self->comment %self[2.0,] 
		 2: %cl_5_10->user %cl_5_10[7.1,] 
		 3: %cl_5_11->avatar_photo_url %cl_5_11[7.2,] 
		 4: %self->comment %self[2.0,] 
		 5: %cl_5_13->user %cl_5_13[7.4,] 
		 6: %cl_5_14->login %cl_5_14[7.5,] 
		 7: 
		 8: %cl_5_16[7.7,] %cl_5_15[7.6,] 
		 9: %self->image_tag %self[2.0,] %cl_5_17[7.8,] %cl_5_12[7.3,] 
		 10: %self->comment %self[2.0,] 
		 11: %cl_5_19->user %cl_5_19[7.10,] 
		 12: %self->user_path %self[2.0,] %cl_5_20[7.11,] 
		 13: 
		 14: %self->comment %self[2.0,] 
		 15: %cl_5_23->user %cl_5_23[7.14,] 
		 16: %cl_5_24->login %cl_5_24[7.15,] 
		 17: %cl_5_25[7.16,] 
		 18: %cl_5_26->l %cl_5_26[7.17,] 
		 19: 
		 20: %cl_5_27[7.18,] %cl_5_28[7.19,] %cl_5_22[7.13,] 
		 21: %self->link_to %self[2.0,] %cl_5_18[7.9,] %cl_5_29[7.20,] %cl_5_21[7.12,] 
		 22: 
		 23: %self->comment %self[2.0,] 
		 24: %cl_5_31->user %cl_5_31[7.23,] 
		 25: %self->user_path %self[2.0,] %cl_5_32[7.24,] 
		 26: 
		 27: 
		 28: %self->comment %self[2.0,] 
		 29: %cl_5_35->user %cl_5_35[7.28,] 
		 30: %cl_5_36->login %cl_5_36[7.29,] 
		 31: %cl_5_37[7.30,] 
		 32: %self->fa_icon %self[2.0,] %cl_5_38[7.31,] %cl_5_34[7.27,] 
		 33: 
		 34: %self->comment %self[2.0,] 
		 35: %self->commentable_url %self[2.0,] %cl_5_40[7.34,] 
		 36: 
		 37: 
		 38: %self->fa_icon %self[2.0,] %cl_5_42[7.37,] 
		 39: 
		 40: %self->comment %self[2.0,] 
		 41: %cl_5_44->created_at %cl_5_44[7.40,] 
		 42: 
		 43: (I18n) 
		 44: %self->comment %self[2.0,] 
		 45: %cl_5_47->created_at %cl_5_47[7.44,] 
		 46: 
		 47: %cl_5_46->l %cl_5_49[7.46,] %cl_5_46[7.43,] %cl_5_48[7.45,] 
		 48: 
		 49: %self->logged_in? %self[2.0,] 
		 50: BRANCH %cl_5_51[7.49,] 
BB 8
	outgoing: 9 10 33 
	datadep: 2 
	instructions:
		 0: %self->current_user %self[2.0,] 
		 1: %cl_5_52->admin? %cl_5_52[8.0,] 
		 2: BRANCH %cl_5_53[8.1,] 
BB 9
	outgoing: 10 33 
	datadep: 2 
	instructions:
		 0: %self->current_user %self[2.0,] 
		 1: %cl_5_54->moderator? %cl_5_54[9.0,] 
		 2: %cl_5_55[9.1,] 
BB 10
	outgoing: 11 
	datadep: 9 8 
	instructions:
		 0: %cl_5_53[9.2,8.1,] 
BB 11
	outgoing: 12 13 
	datadep: 10 7 
	instructions:
		 0: BRANCH %cl_5_51[10.0,7.49,] 
BB 12
	outgoing: 14 33 
	datadep: 2 2 2 2 2 2 
	instructions:
		 0: 
		 1: 
		 2: 
		 3: %cl_5_57[12.2,] 
		 4: %self->fa_icon %self[2.0,] %cl_5_56[12.1,] %cl_5_58[12.3,] 
		 5: %self->comment %self[2.0,] 
		 6: %cl_5_60->commentable_type %cl_5_60[12.5,] 
		 7: %self->comment %self[2.0,] 
		 8: %cl_5_62->commentable_id %cl_5_62[12.7,] 
		 9: %self->comment %self[2.0,] 
		 10: %self->edit_commentable_comment_path %self[2.0,] %cl_5_61[12.6,] %cl_5_63[12.8,] %cl_5_64[12.9,] 
		 11: 
		 12: %cl_5_66[12.11,] 
		 13: %self->link_to %self[2.0,] %cl_5_67[12.12,] %cl_5_59[12.4,] %cl_5_65[12.10,] 
		 14: 
BB 13
	outgoing: 14 
	datadep: 
	instructions:
		 0: 
BB 14
	outgoing: 15 16 33 
	datadep: 2 2 
	instructions:
		 0: 
		 1: %self->comment %self[2.0,] 
		 2: %self->current_user %self[2.0,] 
		 3: %cl_5_69->can_be_deleted_by %cl_5_70[14.2,] %cl_5_69[14.1,] 
		 4: BRANCH %cl_5_71[14.3,] 
BB 15
	outgoing: 17 33 
	datadep: 2 2 2 2 2 2 
	instructions:
		 0: 
		 1: 
		 2: 
		 3: %cl_5_73[15.2,] 
		 4: %self->fa_icon %self[2.0,] %cl_5_72[15.1,] %cl_5_74[15.3,] 
		 5: %self->comment %self[2.0,] 
		 6: %cl_5_76->commentable_type %cl_5_76[15.5,] 
		 7: %self->comment %self[2.0,] 
		 8: %cl_5_78->commentable_id %cl_5_78[15.7,] 
		 9: %self->comment %self[2.0,] 
		 10: %self->commentable_comment_path %self[2.0,] %cl_5_80[15.9,] %cl_5_79[15.8,] %cl_5_77[15.6,] 
		 11: 
		 12: 
		 13: 
		 14: %cl_5_82[15.11,] %cl_5_83[15.12,] %cl_5_84[15.13,] 
		 15: %self->link_to %cl_5_81[15.10,] %self[2.0,] %cl_5_85[15.14,] %cl_5_75[15.4,] 
		 16: 
BB 16
	outgoing: 17 
	datadep: 
	instructions:
		 0: 
BB 17
	outgoing: 32 33 
	datadep: 2 
	instructions:
		 0: 
		 1: %self->comment %self[2.0,] 
		 2: %cl_5_87->comment %cl_5_87[17.1,] 
		 3: %cl_5_88->html_safe %cl_5_88[17.2,] 
		 4: 
BB 18
	outgoing: 19 20 33 
	datadep: 2 2 2 
	instructions:
		 0: 
		 1: %self->configatron %self[2.0,] 
		 2: %cl_5_90->photo %cl_5_90[18.1,] 
		 3: %cl_5_91->missing_thumb %cl_5_91[18.2,] 
		 4: 
		 5: 
		 6: 
		 7: %cl_5_93[18.4,] %cl_5_94[18.5,] %cl_5_95[18.6,] 
		 8: %self->image_tag %cl_5_92[18.3,] %self[2.0,] %cl_5_96[18.7,] 
		 9: 
		 10: %self->comment %self[2.0,] 
		 11: %cl_5_98->author_url %cl_5_98[18.10,] 
		 12: %cl_5_99->blank? %cl_5_99[18.11,] 
		 13: BRANCH %cl_5_100[18.12,] 
BB 19
	outgoing: 21 33 
	datadep: 2 2 
	instructions:
		 0: 
		 1: %self->comment %self[2.0,] 
		 2: %cl_5_101->username %cl_5_101[19.1,] 
		 3: %self->h %self[2.0,] %cl_5_102[19.2,] 
		 4: 
BB 20
	outgoing: 21 33 
	datadep: 2 2 2 2 2 2 
	instructions:
		 0: 
		 1: 
		 2: %self->comment %self[2.0,] 
		 3: %cl_5_105->username %cl_5_105[20.2,] 
		 4: %self->h %cl_5_106[20.3,] %self[2.0,] 
		 5: %cl_5_107[20.4,] 
		 6: %self->fa_icon %self[2.0,] %cl_5_108[20.5,] %cl_5_104[20.1,] 
		 7: %self->comment %self[2.0,] 
		 8: %cl_5_110->author_url %cl_5_110[20.7,] 
		 9: %self->h %self[2.0,] %cl_5_111[20.8,] 
		 10: %self->link_to %self[2.0,] %cl_5_109[20.6,] %cl_5_112[20.9,] 
		 11: %cl_5_113[20.10,] 
BB 21
	outgoing: 22 25 33 
	datadep: 2 2 2 2 2 2 
	instructions:
		 0: 
		 1: %self->comment %self[2.0,] 
		 2: %self->commentable_url %self[2.0,] %cl_5_114[21.1,] 
		 3: 
		 4: 
		 5: %self->fa_icon %self[2.0,] %cl_5_116[21.4,] 
		 6: 
		 7: %self->comment %self[2.0,] 
		 8: %cl_5_118->created_at %cl_5_118[21.7,] 
		 9: 
		 10: (I18n) 
		 11: %self->comment %self[2.0,] 
		 12: %cl_5_121->created_at %cl_5_121[21.11,] 
		 13: 
		 14: %cl_5_120->l %cl_5_120[21.10,] %cl_5_122[21.12,] %cl_5_123[21.13,] 
		 15: 
		 16: %self->logged_in? %self[2.0,] 
		 17: BRANCH %cl_5_125[21.16,] 
BB 22
	outgoing: 23 24 33 
	datadep: 2 
	instructions:
		 0: %self->current_user %self[2.0,] 
		 1: %cl_5_126->admin? %cl_5_126[22.0,] 
		 2: BRANCH %cl_5_127[22.1,] 
BB 23
	outgoing: 24 33 
	datadep: 2 
	instructions:
		 0: %self->current_user %self[2.0,] 
		 1: %cl_5_128->moderator? %cl_5_128[23.0,] 
		 2: %cl_5_129[23.1,] 
BB 24
	outgoing: 25 
	datadep: 23 22 
	instructions:
		 0: %cl_5_127[23.2,22.1,] 
BB 25
	outgoing: 26 27 
	datadep: 24 21 
	instructions:
		 0: BRANCH %cl_5_125[24.0,21.16,] 
BB 26
	outgoing: 28 33 
	datadep: 2 2 2 2 2 2 
	instructions:
		 0: 
		 1: 
		 2: 
		 3: %cl_5_131[26.2,] 
		 4: %self->fa_icon %self[2.0,] %cl_5_132[26.3,] %cl_5_130[26.1,] 
		 5: %self->comment %self[2.0,] 
		 6: %cl_5_134->commentable_type %cl_5_134[26.5,] 
		 7: %self->comment %self[2.0,] 
		 8: %cl_5_136->commentable_id %cl_5_136[26.7,] 
		 9: %self->comment %self[2.0,] 
		 10: %self->edit_commentable_comment_path %self[2.0,] %cl_5_135[26.6,] %cl_5_137[26.8,] %cl_5_138[26.9,] 
		 11: 
		 12: %cl_5_140[26.11,] 
		 13: %self->link_to %cl_5_139[26.10,] %self[2.0,] %cl_5_133[26.4,] %cl_5_141[26.12,] 
		 14: 
BB 27
	outgoing: 28 
	datadep: 
	instructions:
		 0: 
BB 28
	outgoing: 29 30 33 
	datadep: 2 2 
	instructions:
		 0: 
		 1: %self->comment %self[2.0,] 
		 2: %self->current_user %self[2.0,] 
		 3: %cl_5_143->can_be_deleted_by %cl_5_143[28.1,] %cl_5_144[28.2,] 
		 4: BRANCH %cl_5_145[28.3,] 
BB 29
	outgoing: 31 33 
	datadep: 2 2 2 2 2 2 
	instructions:
		 0: 
		 1: 
		 2: 
		 3: %cl_5_147[29.2,] 
		 4: %self->fa_icon %self[2.0,] %cl_5_146[29.1,] %cl_5_148[29.3,] 
		 5: %self->comment %self[2.0,] 
		 6: %cl_5_150->commentable_type %cl_5_150[29.5,] 
		 7: %self->comment %self[2.0,] 
		 8: %cl_5_152->commentable_id %cl_5_152[29.7,] 
		 9: %self->comment %self[2.0,] 
		 10: %self->commentable_comment_path %self[2.0,] %cl_5_153[29.8,] %cl_5_154[29.9,] %cl_5_151[29.6,] 
		 11: 
		 12: 
		 13: 
		 14: %cl_5_157[29.12,] %cl_5_158[29.13,] %cl_5_156[29.11,] 
		 15: %self->link_to %self[2.0,] %cl_5_159[29.14,] %cl_5_149[29.4,] %cl_5_155[29.10,] 
		 16: 
BB 30
	outgoing: 31 
	datadep: 
	instructions:
		 0: 
BB 31
	outgoing: 33 35 
	datadep: 2 
	instructions:
		 0: 
		 1: %self->comment %self[2.0,] 
		 2: %cl_5_161->comment %cl_5_161[31.1,] 
		 3: %cl_5_162->html_safe %cl_5_162[31.2,] 
		 4: RETURN %cl_5_163[31.3,] 
BB 32
	outgoing: 35 
	datadep: 17 
	instructions:
		 0: RETURN %cl_5_89[17.3,] 
BB 33
	outgoing: 35 
	datadep: 
	instructions:
		 0: 
		 1: %cl_5_164[33.0,] 
		 2: RETURN %cl_5_165[33.1,] 
BB 35
	outgoing: 
	datadep: 
	instructions:
CLOSURE END
		 3: %v_87[33.2,] 
BB 34
	outgoing: 35 37 
	datadep: 2 2 
	instructions:
		 0: 
		 1: 
		 2: 
		 3: %self->ruby_code_from_view %self[2.0,] 
		 4: %v_89->ruby_code_from_view %self[2.0,] %v_89[34.3,] 
CLOSURE BEGIN: @title[31.3,] @rss_url[14.14,] @page_title[31.5,] @comments[31.7,] @user[29.1,] @commentable[32.1,] @back_url[15.12,17.10,22.6,] 
BB 1
	outgoing: 11 2 
	datadep: 
	instructions:
BB 2
	outgoing: 3 
	datadep: 
	instructions:
		 0: 
		 1: 
		 2: 
		 3: 
		 4: 
BB 3
	outgoing: 4 5 9 
	datadep: 2 
	instructions:
		 0: 
		 1: %self->logged_in? %self[2.0,] 
		 2: BRANCH %cl_6_3[3.1,] 
BB 4
	outgoing: 5 9 
	datadep: 2 
	instructions:
		 0: %self->configatron %self[2.0,] 
		 1: %cl_6_4->allow_anonymous_commenting %cl_6_4[4.0,] 
		 2: %cl_6_5[4.1,] 
BB 5
	outgoing: 6 7 
	datadep: 4 3 
	instructions:
		 0: BRANCH %cl_6_3[4.2,3.1,] 
BB 6
	outgoing: 8 9 
	datadep: 2 2 2 2 
	instructions:
		 0: 
		 1: %self->commentable %self[2.0,] 
		 2: %cl_6_6->class %cl_6_6[6.1,] 
		 3: %cl_6_7->to_s %cl_6_7[6.2,] 
		 4: %cl_6_8->tableize %cl_6_8[6.3,] 
		 5: %self->commentable %self[2.0,] 
		 6: %self->commentable_comments_path %self[2.0,] %cl_6_9[6.4,] %cl_6_10[6.5,] 
		 7: 
		 8: %cl_6_12[6.7,] 
		 9: %cl_6_13[6.8,] %cl_6_11[6.6,] 
		 10: %self->bootstrap_form_for %self[2.0,] %cl_6_14[6.9,] 
CLOSURE BEGIN: 
BB 1
	outgoing: 13 2 
	datadep: 
	instructions:
BB 2
	outgoing: 3 
	datadep: 
	instructions:
		 0: 
		 1: 
		 2: 
		 3: 
		 4: 
BB 3
	outgoing: 4 5 11 
	datadep: 2 2 
	instructions:
		 0: 
		 1: 
		 2: 
		 3: 
		 4: %cl_7_5[3.3,] %cl_7_3[3.1,] %cl_7_4[3.2,] 
		 5: f->text_area %cl_7_6[3.4,] f[2.2,] 
		 6: 
		 7: %self->logged_in? %self[2.0,] 
		 8: %cl_7_8->! %cl_7_8[3.7,] 
		 9: BRANCH %cl_7_9[3.8,] 
BB 4
	outgoing: 5 11 
	datadep: 2 
	instructions:
		 0: %self->configatron %self[2.0,] 
		 1: %cl_7_10->recaptcha_pub_key %cl_7_10[4.0,] 
		 2: %cl_7_11[4.1,] 
BB 5
	outgoing: 6 7 
	datadep: 4 3 
	instructions:
		 0: BRANCH %cl_7_9[4.2,3.8,] 
BB 6
	outgoing: 7 11 
	datadep: 2 
	instructions:
		 0: %self->configatron %self[2.0,] 
		 1: %cl_7_12->recaptcha_priv_key %cl_7_12[6.0,] 
		 2: %cl_7_13[6.1,] 
BB 7
	outgoing: 8 9 
	datadep: 6 4 3 
	instructions:
		 0: BRANCH %cl_7_9[6.2,4.2,3.8,] 
BB 8
	outgoing: 10 11 
	datadep: 2 2 2 2 2 2 2 
	instructions:
		 0: 
		 1: f->text_field f[2.2,] 
		 2: 
		 3: 
		 4: f->text_field %cl_7_15[8.3,] f[2.2,] 
		 5: 
		 6: f->form_group %self[2.0,] f[2.2,] 
CLOSURE BEGIN: 
BB 1
	outgoing: 11 2 
	datadep: 
	instructions:
BB 2
	outgoing: 3 
	datadep: 
	instructions:
		 0: 
		 1: 
		 2: 
		 3: 
BB 3
	outgoing: 4 5 9 
	datadep: 2 
	instructions:
		 0: 
		 1: 
		 2: %cl_8_3[3.1,] 
		 3: f->check_box %cl_8_4[3.2,] 
		 4: 
		 5: %self->commentable %self[2.0,] 
		 6: %cl_8_6->respond_to? %cl_8_6[3.5,] 
		 7: BRANCH %cl_8_7[3.6,] 
BB 4
	outgoing: 5 9 
	datadep: 2 
	instructions:
		 0: %self->commentable %self[2.0,] 
		 1: %cl_8_8->send_comment_notifications? %cl_8_8[4.0,] 
		 2: %cl_8_9->! %cl_8_9[4.1,] 
		 3: %cl_8_10[4.2,] 
BB 5
	outgoing: 6 7 
	datadep: 4 3 
	instructions:
		 0: BRANCH %cl_8_7[4.3,3.6,] 
BB 6
	outgoing: 8 9 
	datadep: 
	instructions:
		 0: 
		 1: 
		 2: 
BB 7
	outgoing: 11 
	datadep: 
	instructions:
		 0: RETURN 
BB 8
	outgoing: 11 
	datadep: 6 
	instructions:
		 0: RETURN %cl_8_11[6.1,] 
BB 9
	outgoing: 11 
	datadep: 
	instructions:
		 0: 
		 1: %cl_8_12[9.0,] 
		 2: RETURN %cl_8_13[9.1,] 
BB 11
	outgoing: 
	datadep: 
	instructions:
CLOSURE END
		 7: 
		 8: 
		 9: %cl_7_18[8.8,] 
		 10: f->text_field %cl_7_19[8.9,] f[2.2,] 
		 11: 
		 12: f->form_group %self[2.0,] f[2.2,] 
CLOSURE BEGIN: 
BB 1
	outgoing: 6 2 
	datadep: 
	instructions:
BB 2
	outgoing: 3 
	datadep: 
	instructions:
		 0: 
		 1: 
		 2: 
		 3: 
BB 3
	outgoing: 4 6 
	datadep: 2 
	instructions:
		 0: 
		 1: 
		 2: %self->recaptcha_tags %self[2.0,] %cl_9_3[3.1,] 
		 3: RETURN %cl_9_4[3.2,] 
BB 4
	outgoing: 6 
	datadep: 
	instructions:
		 0: 
		 1: %cl_9_5[4.0,] 
		 2: RETURN %cl_9_6[4.1,] 
BB 6
	outgoing: 
	datadep: 
	instructions:
CLOSURE END
		 13: 
BB 9
	outgoing: 10 
	datadep: 
	instructions:
		 0: 
BB 10
	outgoing: 11 13 
	datadep: 2 2 
	instructions:
		 0: 
		 1: %self[2.0,] f[2.2,] 
CLOSURE BEGIN: 
BB 1
	outgoing: 6 2 
	datadep: 
	instructions:
BB 2
	outgoing: 3 
	datadep: 
	instructions:
		 0: 
		 1: 
		 2: 
		 3: 
BB 3
	outgoing: 4 6 
	datadep: 
	instructions:
		 0: 
		 1: 
		 2: 
		 3: %cl_10_4[3.2,] 
		 4: %cl_10_5[3.3,] 
		 5: f->primary %cl_10_3[3.1,] %cl_10_6[3.4,] 
		 6: RETURN %cl_10_7[3.5,] 
BB 4
	outgoing: 6 
	datadep: 
	instructions:
		 0: 
		 1: %cl_10_8[4.0,] 
		 2: RETURN %cl_10_9[4.1,] 
BB 6
	outgoing: 
	datadep: 
	instructions:
CLOSURE END
		 2: RETURN %cl_7_22[10.1,] 
BB 11
	outgoing: 13 
	datadep: 
	instructions:
		 0: 
		 1: %cl_7_23[11.0,] 
		 2: RETURN %cl_7_24[11.1,] 
BB 13
	outgoing: 
	datadep: 
	instructions:
CLOSURE END
		 11: 
BB 7
	outgoing: 9 11 
	datadep: 2 2 2 2 2 2 
	instructions:
		 0: 
		 1: 
		 2: %self->commentable %self[2.0,] 
		 3: %cl_6_17->class %cl_6_17[7.2,] 
		 4: %self->commentable %self[2.0,] 
		 5: %cl_6_19->id %cl_6_19[7.4,] 
		 6: %self->new_commentable_comment_path %self[2.0,] %cl_6_18[7.3,] %cl_6_20[7.5,] 
		 7: 
		 8: %cl_6_22[7.7,] 
		 9: %self->link_to %self[2.0,] %cl_6_16[7.1,] %cl_6_21[7.6,] %cl_6_23[7.8,] 
		 10: 
		 11: 
		 12: %self->signup_path %self[2.0,] 
		 13: 
		 14: %cl_6_27[7.13,] 
		 15: %self->link_to %self[2.0,] %cl_6_28[7.14,] %cl_6_25[7.11,] %cl_6_26[7.12,] 
		 16: RETURN %cl_6_29[7.15,] 
BB 8
	outgoing: 11 
	datadep: 6 
	instructions:
		 0: RETURN %cl_6_15[6.10,] 
BB 9
	outgoing: 11 
	datadep: 
	instructions:
		 0: 
		 1: %cl_6_30[9.0,] 
		 2: RETURN %cl_6_31[9.1,] 
BB 11
	outgoing: 
	datadep: 
	instructions:
CLOSURE END
		 5: RETURN %v_90[34.4,] 
BB 35
	outgoing: 37 
	datadep: 
	instructions:
		 0: 
		 1: %v_91[35.0,] 
		 2: RETURN %v_92[35.1,] 
BB 37
	outgoing: 
	datadep: 
	instructions:

SET IRMethod, name = new
BB 1
	outgoing: 3 2 
	datadep: 
	instructions:
BB 2
	outgoing: 3 
	datadep: 
	instructions:
		 0: 
		 1: 
		 2: 
		 3: 
		 4: 
		 5: 
		 6: %self->params %self[2.0,] 
		 7: %v_3[2.6,] 
		 8: %self->get_commentable_type %self[2.0,] %v_4[2.7,] 
		 9: %v_5->constantize %v_5[2.8,] 
		 10: %self->params %self[2.0,] 
		 11: %v_7[2.10,] 
		 12: %v_6->find %v_8[2.11,] %v_6[2.9,] 
		 13: %self[2.0,] %v_9[2.12,] @commentable[] 
		 14: 
		 15: @commentable[2.13,] 
		 16: %v_10->class %v_10[2.15,] 
		 17: %v_11->to_s %v_11[2.16,] 
		 18: %v_12->tableize %v_12[2.17,] 
		 19: @commentable[2.13,2.15,] 
		 20: %v_14->id %v_14[2.19,] 
		 21: %self->commentable_comments_url %v_13[2.18,] %self[2.0,] %v_15[2.20,] 
		 22: %self->redirect_to %self[2.0,] %v_16[2.21,] 
		 23: RETURN %v_17[2.22,] 
BB 3
	outgoing: 
	datadep: 
	instructions:

SET IRMethod, name = create
BB 1
	outgoing: 6 2 
	datadep: 
	instructions:
BB 2
	outgoing: 3 4 
	datadep: 
	instructions:
		 0: 
		 1: 
		 2: 
		 3: 
		 4: 
		 5: 
		 6: %self->params %self[2.0,] 
		 7: %v_3[2.6,] 
		 8: %self->get_commentable_type %self[2.0,] %v_4[2.7,] 
		 9: %v_5[2.8,] 
		 10: 
		 11: %v_5->singularize %v_5[2.8,] 
		 12: %v_6->constantize %v_6[2.11,] 
		 13: %self->params %self[2.0,] 
		 14: %v_8[2.13,] 
		 15: %v_7->find %v_9[2.14,] %v_7[2.12,] 
		 16: %self[2.0,] %v_10[2.15,] @commentable[] 
		 17: 
		 18: @commentable[2.16,] 
		 19: %v_11->comments %v_11[2.18,] 
		 20: %self->comment_params %self[2.0,] 
		 21: %v_12->new %v_13[2.20,] %v_12[2.19,] 
		 22: %v_14[2.21,] %self[2.0,] @comment[] 
		 23: 
		 24: @comment[2.22,] 
		 25: @commentable[2.16,2.18,] 
		 26: %v_16->owner %v_16[2.25,] 
		 27: %v_15[2.24,] %v_17[2.26,] 
		 28: 
		 29: %self->current_user %self[2.0,] 
		 30: BRANCH %v_18[2.29,] 
BB 3
	outgoing: 5 
	datadep: 2 2 
	instructions:
		 0: %self[2.0,] @comment[2.22,2.24,] 
		 1: %self->current_user %self[2.0,] 
		 2: %v_20->id %v_20[3.1,] 
		 3: %v_19[3.0,] %v_21[3.2,] 
		 4: 
BB 4
	outgoing: 5 
	datadep: 
	instructions:
		 0: 
BB 5
	outgoing: 6 
	datadep: 2 2 2 
	instructions:
		 0: 
		 1: %self[2.0,] @comment[3.0,2.22,2.24,] 
		 2: %self->request %self[2.0,] 
		 3: %v_23->remote_ip %v_23[5.2,] 
		 4: %v_24[5.3,] %v_22[5.1,] 
		 5: 
		 6: %self->respond_to %self[2.0,] 
CLOSURE BEGIN: @commentable[2.16,] @comment[5.1,] 
BB 1
	outgoing: 13 2 
	datadep: 
	instructions:
BB 2
	outgoing: 3 
	datadep: 
	instructions:
		 0: 
		 1: 
		 2: 
		 3: 
		 4: 
BB 3
	outgoing: 4 5 11 
	datadep: 2 
	instructions:
		 0: 
		 1: %self->logged_in? %self[2.0,] 
		 2: BRANCH %cl_1_3[3.1,] 
BB 4
	outgoing: 5 11 
	datadep: 2 2 
	instructions:
		 0: %self[2.0,] @comment[] 
		 1: %self->verify_recaptcha %cl_1_4[4.0,] %self[2.0,] 
		 2: %cl_1_5[4.1,] 
BB 5
	outgoing: 6 7 
	datadep: 4 3 
	instructions:
		 0: BRANCH %cl_1_3[4.2,3.1,] 
BB 6
	outgoing: 7 11 
	datadep: 2 
	instructions:
		 0: %self[2.0,] @comment[4.0,] 
		 1: %cl_1_6->save %cl_1_6[6.0,] 
		 2: %cl_1_7[6.1,] 
BB 7
	outgoing: 8 9 
	datadep: 6 4 3 
	instructions:
		 0: BRANCH %cl_1_3[6.2,4.2,3.1,] 
BB 8
	outgoing: 10 11 
	datadep: 2 2 2 2 
	instructions:
		 0: 
		 1: %self->flash %self[2.0,] 
		 2: %cl_1_8->now %cl_1_8[8.1,] 
		 3: 
		 4: %cl_1_10[8.3,] %cl_1_9[8.2,] 
		 5: 
		 6: format->html %self[2.0,] format[2.2,] 
CLOSURE BEGIN: @comment[] 
BB 1
	outgoing: 6 2 
	datadep: 
	instructions:
BB 2
	outgoing: 3 
	datadep: 
	instructions:
		 0: 
		 1: 
		 2: 
		 3: 
BB 3
	outgoing: 4 6 
	datadep: 2 2 2 
	instructions:
		 0: 
		 1: %self[2.0,] @comment[] 
		 2: %self->commentable_url %cl_2_3[3.1,] %self[2.0,] 
		 3: %self->redirect_to %self[2.0,] %cl_2_4[3.2,] 
		 4: RETURN %cl_2_5[3.3,] 
BB 4
	outgoing: 6 
	datadep: 
	instructions:
		 0: 
		 1: %cl_2_6[4.0,] 
		 2: RETURN %cl_2_7[4.1,] 
BB 6
	outgoing: 
	datadep: 
	instructions:
CLOSURE END
		 7: 
		 8: format->js format[2.2,] 
		 9: 
BB 9
	outgoing: 11 13 
	datadep: 2 2 2 2 2 
	instructions:
		 0: 
		 1: %self->flash %self[2.0,] 
		 2: %cl_1_13->now %cl_1_13[9.1,] 
		 3: %self[2.0,] @comment[6.0,4.0,] 
		 4: %cl_1_15->errors %cl_1_15[9.3,] 
		 5: %cl_1_16->full_messages %cl_1_16[9.4,] 
		 6: %cl_1_17->to_sentence %cl_1_17[9.5,] 
		 7: %cl_1_18[9.6,] 
		 8: %cl_1_19->l_with_args %cl_1_19[9.7,] 
		 9: %cl_1_14[9.2,] %cl_1_20[9.8,] 
		 10: 
		 11: format->html %self[2.0,] format[2.2,] 
CLOSURE BEGIN: @comment[9.3,] 
BB 1
	outgoing: 6 2 
	datadep: 
	instructions:
BB 2
	outgoing: 3 
	datadep: 
	instructions:
		 0: 
		 1: 
		 2: 
		 3: 
BB 3
	outgoing: 4 6 
	datadep: 2 2 2 
	instructions:
		 0: 
		 1: commentable_type->tableize 
		 2: %self[2.0,] @commentable[] 
		 3: %self->commentable_comments_path %self[2.0,] %cl_3_3[3.1,] %cl_3_4[3.2,] 
		 4: %self->redirect_to %self[2.0,] %cl_3_5[3.3,] 
		 5: RETURN %cl_3_6[3.4,] 
BB 4
	outgoing: 6 
	datadep: 
	instructions:
		 0: 
		 1: %cl_3_7[4.0,] 
		 2: RETURN %cl_3_8[4.1,] 
BB 6
	outgoing: 
	datadep: 
	instructions:
CLOSURE END
		 12: 
		 13: format->js format[2.2,] 
		 14: RETURN %cl_1_22[9.13,] 
BB 10
	outgoing: 13 
	datadep: 8 
	instructions:
		 0: RETURN %cl_1_12[8.8,] 
BB 11
	outgoing: 13 
	datadep: 
	instructions:
		 0: 
		 1: %cl_1_23[11.0,] 
		 2: RETURN %cl_1_24[11.1,] 
BB 13
	outgoing: 
	datadep: 
	instructions:
CLOSURE END
		 7: RETURN %v_25[5.6,] 
BB 6
	outgoing: 
	datadep: 
	instructions:

SET IRMethod, name = destroy
BB 1
	outgoing: 13 2 
	datadep: 
	instructions:
BB 2
	outgoing: 3 4 
	datadep: 
	instructions:
		 0: 
		 1: 
		 2: 
		 3: 
		 4: 
		 5: 
		 6: (Comment) 
		 7: %self->params %self[2.0,] 
		 8: %v_4[2.7,] 
		 9: %v_3->find %v_5[2.8,] %v_3[2.6,] 
		 10: %self[2.0,] %v_6[2.9,] @comment[] 
		 11: 
		 12: @comment[2.10,] 
		 13: %self->current_user %self[2.0,] 
		 14: %v_7->can_be_deleted_by %v_8[2.13,] %v_7[2.12,] 
		 15: BRANCH %v_9[2.14,] 
BB 3
	outgoing: 4 
	datadep: 2 
	instructions:
		 0: %self[2.0,] @comment[2.10,2.12,] 
		 1: %v_10->destroy %v_10[3.0,] 
		 2: %v_11[3.1,] 
BB 4
	outgoing: 5 11 
	datadep: 3 2 
	instructions:
		 0: BRANCH %v_9[3.2,2.14,] 
BB 5
	outgoing: 6 7 
	datadep: 2 
	instructions:
		 0: 
		 1: %self->params %self[2.0,] 
		 2: %v_12[5.1,] 
		 3: BRANCH %v_13[5.2,] 
BB 6
	outgoing: 7 
	datadep: 2 
	instructions:
		 0: %self->configatron %self[2.0,] 
		 1: %v_14->has_key? %v_14[6.0,] 
		 2: %v_15[6.1,] 
BB 7
	outgoing: 8 9 
	datadep: 6 5 
	instructions:
		 0: BRANCH %v_13[6.2,5.2,] 
BB 8
	outgoing: 10 
	datadep: 2 
	instructions:
		 0: 
		 1: %self[2.0,] @comment[3.0,2.10,2.12,3.0,2.10,2.12,] 
		 2: %v_16->spam! %v_16[8.1,] 
		 3: 
BB 9
	outgoing: 10 
	datadep: 
	instructions:
		 0: 
BB 10
	outgoing: 12 
	datadep: 2 
	instructions:
		 0: 
		 1: %self->flash %self[2.0,] 
		 2: %v_18->now %v_18[10.1,] 
		 3: 
		 4: %v_19[10.2,] %v_20[10.3,] 
		 5: 
BB 11
	outgoing: 12 
	datadep: 2 
	instructions:
		 0: 
		 1: %self->flash %self[2.0,] 
		 2: %v_21->now %v_21[11.1,] 
		 3: 
		 4: %v_22[11.2,] %v_23[11.3,] 
		 5: %v_23[11.3,] 
BB 12
	outgoing: 13 
	datadep: 2 
	instructions:
		 0: 
		 1: %self->respond_to %self[2.0,] 
CLOSURE BEGIN: @comment[8.1,] 
BB 1
	outgoing: 6 2 
	datadep: 
	instructions:
BB 2
	outgoing: 3 
	datadep: 
	instructions:
		 0: 
		 1: 
		 2: 
		 3: 
		 4: 
BB 3
	outgoing: 4 6 
	datadep: 2 2 2 2 
	instructions:
		 0: 
		 1: format->html %self[2.0,] format[2.2,] 
CLOSURE BEGIN: 
BB 1
	outgoing: 6 2 
	datadep: 
	instructions:
BB 2
	outgoing: 3 
	datadep: 
	instructions:
		 0: 
		 1: 
		 2: 
		 3: 
BB 3
	outgoing: 4 6 
	datadep: 2 2 
	instructions:
		 0: 
		 1: %self->users_url %self[2.0,] 
		 2: %self->redirect_to %cl_2_3[3.1,] %self[2.0,] 
		 3: RETURN %cl_2_4[3.2,] 
BB 4
	outgoing: 6 
	datadep: 
	instructions:
		 0: 
		 1: %cl_2_5[4.0,] 
		 2: RETURN %cl_2_6[4.1,] 
BB 6
	outgoing: 
	datadep: 
	instructions:
CLOSURE END
		 2: 
		 3: format->js %self[2.0,] format[2.2,] 
CLOSURE BEGIN: 
BB 1
	outgoing: 12 2 
	datadep: 
	instructions:
BB 2
	outgoing: 3 
	datadep: 
	instructions:
		 0: 
		 1: 
		 2: 
		 3: 
BB 3
	outgoing: 4 5 10 
	datadep: 2 
	instructions:
		 0: 
		 1: %self->flash %self[2.0,] 
		 2: %cl_3_3[3.1,] 
		 3: BRANCH %cl_3_4[3.2,] 
BB 4
	outgoing: 6 10 
	datadep: 2 2 
	instructions:
		 0: %self->flash %self[2.0,] 
		 1: %cl_3_5[4.0,] 
		 2: %cl_3_6[4.1,] 
		 3: %self->render %self[2.0,] %cl_3_7[4.2,] 
		 4: 
BB 5
	outgoing: 6 
	datadep: 
	instructions:
		 0: 
BB 6
	outgoing: 7 8 10 
	datadep: 2 
	instructions:
		 0: 
		 1: %self->flash %self[2.0,] 
		 2: %cl_3_9[6.1,] 
		 3: BRANCH %cl_3_10[6.2,] 
BB 7
	outgoing: 9 10 
	datadep: 2 
	instructions:
		 0: %self->render %self[2.0,] 
		 1: 
BB 8
	outgoing: 12 
	datadep: 
	instructions:
		 0: RETURN 
BB 9
	outgoing: 12 
	datadep: 7 
	instructions:
		 0: RETURN %cl_3_11[7.0,] 
BB 10
	outgoing: 12 
	datadep: 
	instructions:
		 0: 
		 1: %cl_3_12[10.0,] 
		 2: RETURN %cl_3_13[10.1,] 
BB 12
	outgoing: 
	datadep: 
	instructions:
CLOSURE END
		 4: RETURN %cl_1_4[3.3,] 
BB 4
	outgoing: 6 
	datadep: 
	instructions:
		 0: 
		 1: %cl_1_5[4.0,] 
		 2: RETURN %cl_1_6[4.1,] 
BB 6
	outgoing: 
	datadep: 
	instructions:
CLOSURE END
		 2: RETURN %v_24[12.1,] 
BB 13
	outgoing: 
	datadep: 
	instructions:

SET IRMethod, name = delete_selected
BB 1
	outgoing: 9 2 
	datadep: 
	instructions:
BB 2
	outgoing: 3 7 
	datadep: 
	instructions:
		 0: 
		 1: 
		 2: 
		 3: 
		 4: 
		 5: 
		 6: %self->request %self[2.0,] 
		 7: %v_3->delete? %v_3[2.6,] 
		 8: BRANCH %v_4[2.7,] 
BB 3
	outgoing: 4 5 
	datadep: 2 
	instructions:
		 0: 
		 1: %self->params %self[2.0,] 
		 2: %v_5[3.1,] 
		 3: BRANCH %v_6[3.2,] 
BB 4
	outgoing: 6 
	datadep: 2 2 
	instructions:
		 0: 
		 1: %self->params %self[2.0,] 
		 2: %v_7[4.1,] 
		 3: %v_8->each %self[2.0,] %v_8[4.2,] 
CLOSURE BEGIN: 
BB 1
	outgoing: 14 2 
	datadep: 
	instructions:
BB 2
	outgoing: 3 
	datadep: 
	instructions:
		 0: 
		 1: 
		 2: 
		 3: 
		 4: 
BB 3
	outgoing: 4 5 12 
	datadep: 2 2 
	instructions:
		 0: 
		 1: (Comment) 
		 2: %cl_1_3->find %cl_1_3[3.1,] id[2.2,] 
		 3: %cl_1_4[3.2,] 
		 4: 
		 5: %self->params %self[2.0,] 
		 6: %cl_1_5[3.5,] 
		 7: BRANCH %cl_1_6[3.6,] 
BB 4
	outgoing: 5 12 
	datadep: 2 
	instructions:
		 0: %self->configatron %self[2.0,] 
		 1: %cl_1_7->has_key? %cl_1_7[4.0,] 
		 2: %cl_1_8[4.1,] 
BB 5
	outgoing: 6 7 
	datadep: 4 3 
	instructions:
		 0: BRANCH %cl_1_6[4.2,3.6,] 
BB 6
	outgoing: 8 12 
	datadep: 3 
	instructions:
		 0: comment->spam! comment[3.3,] 
		 1: 
BB 7
	outgoing: 8 
	datadep: 
	instructions:
		 0: 
BB 8
	outgoing: 9 10 12 
	datadep: 2 3 
	instructions:
		 0: 
		 1: %self->current_user %self[2.0,] 
		 2: comment->can_be_deleted_by comment[3.3,] %cl_1_10[8.1,] 
		 3: BRANCH %cl_1_11[8.2,] 
BB 9
	outgoing: 11 12 
	datadep: 3 
	instructions:
		 0: comment->destroy comment[3.3,] 
		 1: 
BB 10
	outgoing: 14 
	datadep: 
	instructions:
		 0: RETURN 
BB 11
	outgoing: 14 
	datadep: 9 
	instructions:
		 0: RETURN %cl_1_12[9.0,] 
BB 12
	outgoing: 14 
	datadep: 
	instructions:
		 0: 
		 1: %cl_1_13[12.0,] 
		 2: RETURN %cl_1_14[12.1,] 
BB 14
	outgoing: 
	datadep: 
	instructions:
CLOSURE END
		 4: 
BB 5
	outgoing: 6 
	datadep: 
	instructions:
		 0: 
BB 6
	outgoing: 8 
	datadep: 2 
	instructions:
		 0: 
		 1: %self->flash %self[2.0,] 
		 2: 
		 3: %v_10[6.1,] %v_11[6.2,] 
		 4: 
BB 7
	outgoing: 8 
	datadep: 2 
	instructions:
		 0: 
		 1: %self->flash %self[2.0,] 
		 2: 
		 3: %v_13[7.2,] %v_12[7.1,] 
		 4: %v_13[7.2,] 
BB 8
	outgoing: 9 
	datadep: 2 2 
	instructions:
		 0: 
		 1: %self->admin_comments_path %self[2.0,] 
		 2: %self->redirect_to %v_14[8.1,] %self[2.0,] 
		 3: RETURN %v_15[8.2,] 
BB 9
	outgoing: 
	datadep: 
	instructions:

SET IRMethod, name = unsubscribe
BB 1
	outgoing: 6 2 
	datadep: 
	instructions:
BB 2
	outgoing: 3 4 
	datadep: 
	instructions:
		 0: 
		 1: 
		 2: 
		 3: 
		 4: 
		 5: 
		 6: (Comment) 
		 7: %self->params %self[2.0,] 
		 8: %v_4[2.7,] 
		 9: %v_3->find %v_5[2.8,] %v_3[2.6,] 
		 10: %self[2.0,] %v_6[2.9,] @comment[] 
		 11: 
		 12: @comment[2.10,] 
		 13: %self->params %self[2.0,] 
		 14: %v_8[2.13,] 
		 15: %v_7->token_for %v_9[2.14,] %v_7[2.12,] 
		 16: %self->params %self[2.0,] 
		 17: %v_11[2.16,] 
		 18: %v_10->eql? %v_10[2.15,] %v_12[2.17,] 
		 19: BRANCH %v_13[2.18,] 
BB 3
	outgoing: 5 
	datadep: 2 2 2 
	instructions:
		 0: 
		 1: %self[2.0,] @comment[2.10,2.12,] 
		 2: %self->params %self[2.0,] 
		 3: %v_15[3.2,] 
		 4: %v_14->unsubscribe_notifications %v_14[3.1,] %v_16[3.3,] 
		 5: 
		 6: %self->flash %self[2.0,] 
		 7: 
		 8: %v_18[3.6,] %v_19[3.7,] 
		 9: 
BB 4
	outgoing: 5 
	datadep: 
	instructions:
		 0: 
BB 5
	outgoing: 6 
	datadep: 2 2 2 
	instructions:
		 0: 
		 1: %self[2.0,] @comment[3.1,2.10,2.12,] 
		 2: %self->commentable_url %self[2.0,] %v_20[5.1,] 
		 3: %self->redirect_to %self[2.0,] %v_21[5.2,] 
		 4: RETURN %v_22[5.3,] 
BB 6
	outgoing: 
	datadep: 
	instructions:

SET IRMethod, name = get_commentable_type
BB 1
	outgoing: 3 2 
	datadep: 
	instructions:
BB 2
	outgoing: 3 
	datadep: 
	instructions:
		 0: 
		 1: 
		 2: 
		 3: 
		 4: 
		 5: 
		 6: 
		 7: string->camelize string[2.5,] 
		 8: RETURN %v_3[2.7,] 
BB 3
	outgoing: 
	datadep: 
	instructions:

SET IRMethod, name = render_comments_rss_feed_for
BB 1
	outgoing: 3 2 
	datadep: 
	instructions:
BB 2
	outgoing: 3 
	datadep: 
	instructions:
		 0: 
		 1: 
		 2: 
		 3: 
		 4: 
		 5: 
		 6: 
		 7: 
		 8: 
		 9: commentable->class commentable[2.6,] 
		 10: commentable->class commentable[2.6,] 
		 11: %v_4->to_s %v_4[2.10,] 
		 12: %v_5->tableize %v_5[2.11,] 
		 13: %self->commentable_comments_url %self[2.0,] commentable[2.6,] %v_6[2.12,] 
		 14: title[2.7,] %v_7[2.13,] 
		 15: (Proc) 
		 16: %v_9->new %self[2.0,] %v_9[2.15,] 
CLOSURE BEGIN: 
BB 1
	outgoing: 6 2 
	datadep: 
	instructions:
BB 2
	outgoing: 3 
	datadep: 
	instructions:
		 0: 
		 1: 
		 2: 
		 3: 
		 4: 
BB 3
	outgoing: 4 6 
	datadep: 2 2 
	instructions:
		 0: 
		 1: %self->commentable_url %self[2.0,] comment[2.2,] 
		 2: RETURN %cl_1_3[3.1,] 
BB 4
	outgoing: 6 
	datadep: 
	instructions:
		 0: 
		 1: %cl_1_4[4.0,] 
		 2: RETURN %cl_1_5[4.1,] 
BB 6
	outgoing: 
	datadep: 
	instructions:
CLOSURE END
		 17: %v_10[2.16,] 
		 18: %v_3[2.9,] %v_8[2.14,] %v_11[2.17,] 
		 19: %self->render_rss_feed_for %self[2.0,] comments[2.5,] %v_12[2.18,] 
		 20: RETURN %v_13[2.19,] 
BB 3
	outgoing: 
	datadep: 
	instructions:

SET IRMethod, name = comment_params
BB 1
	outgoing: 3 2 
	datadep: 
	instructions:
BB 2
	outgoing: 3 
	datadep: 
	instructions:
		 0: 
		 1: 
		 2: 
		 3: 
		 4: 
		 5: 
		 6: %self->params %self[2.0,] 
		 7: %v_3->require %v_3[2.6,] 
		 8: %v_4->permit %v_4[2.7,] 
		 9: RETURN %v_5[2.8,] 
BB 3
	outgoing: 
	datadep: 
	instructions:

