SET IRMethod, name = index
BB 1
	outgoing: 3 2 
	datadep: 
	instructions:
BB 2
	outgoing: 3 
	datadep: 
	instructions:
		 0: 
		 1: 
		 2: 
		 3: 
		 4: 
		 5: 
		 6: %self->current_user %self[2.0,] 
		 7: %self[2.0,] %v_3[2.6,] @user[] 
		 8: 
		 9: @user[2.7,] 
		 10: %v_4->invitations %v_4[2.9,] 
		 11: %self[2.0,] %v_5[2.10,] @invitations[] 
		 12: 
		 13: %self->respond_to %self[2.0,] 
CLOSURE BEGIN: @invitations[2.11,] @page_title[] @user[2.7,] 
BB 1
	outgoing: 6 2 
	datadep: 
	instructions:
BB 2
	outgoing: 3 
	datadep: 
	instructions:
		 0: 
		 1: 
		 2: 
		 3: 
		 4: 
BB 3
	outgoing: 4 6 
	datadep: 2 
	instructions:
		 0: 
		 1: format->html format[2.2,] 
		 2: RETURN %cl_1_3[3.1,] 
BB 4
	outgoing: 6 
	datadep: 
	instructions:
		 0: 
		 1: %cl_1_4[4.0,] 
		 2: RETURN %cl_1_5[4.1,] 
BB 6
	outgoing: 
	datadep: 
	instructions:
CLOSURE END
		 14: 
		 15: 
		 16: %self[2.0,] %v_7[2.15,] @page_title[] 
		 17: 
		 18: @invitations[2.11,] 
		 19: %v_9->each %self[2.0,] %v_9[2.18,] 
CLOSURE BEGIN: @invitations[2.11,] @page_title[2.16,] @user[2.7,] 
BB 1
	outgoing: 4 2 
	datadep: 
	instructions:
BB 2
	outgoing: 4 
	datadep: 
	instructions:
		 0: 
		 1: 
		 2: 
		 3: 
		 4: 
		 5: 
		 6: invitation->email_addresses invitation[2.2,] 
		 7: RETURN %cl_2_3[2.6,] 
BB 4
	outgoing: 
	datadep: 
	instructions:
CLOSURE END
		 20: 
		 21: 
		 22: 
		 23: %v_11[2.22,] 
		 24: %self->fa_icon %self[2.0,] %v_10[2.21,] %v_12[2.23,] 
		 25: %self->new_user_invitation_path %self[2.0,] 
		 26: %self->link_to %v_13[2.24,] %v_14[2.25,] %self[2.0,] 
		 27: RETURN %v_15[2.26,] 
BB 3
	outgoing: 
	datadep: 
	instructions:

SET IRMethod, name = new
BB 1
	outgoing: 3 2 
	datadep: 
	instructions:
BB 2
	outgoing: 3 
	datadep: 
	instructions:
		 0: 
		 1: 
		 2: 
		 3: 
		 4: 
		 5: 
		 6: %self->current_user %self[2.0,] 
		 7: %self[2.0,] %v_3[2.6,] @user[] 
		 8: 
		 9: (Invitation) 
		 10: %v_4->new %v_4[2.9,] 
		 11: %self[2.0,] %v_5[2.10,] @invitation[] 
		 12: 
		 13: 
		 14: %self[2.0,] %v_6[2.13,] @page_title[] 
		 15: 
		 16: %self->widget %self[2.0,] 
CLOSURE BEGIN: @page_title[2.14,] @invitation[2.11,] @user[2.7,] 
BB 1
	outgoing: 6 2 
	datadep: 
	instructions:
BB 2
	outgoing: 3 
	datadep: 
	instructions:
		 0: 
		 1: 
		 2: 
		 3: 
BB 3
	outgoing: 4 6 
	datadep: 2 2 
	instructions:
		 0: 
		 1: 
		 2: 
		 3: %self->configatron %self[2.0,] 
		 4: %cl_1_4->community_name %cl_1_4[3.3,] 
		 5: %cl_1_5[3.4,] 
		 6: %cl_1_6->l %cl_1_6[3.5,] 
		 7: 
		 8: 
		 9: 
		 10: %self->configatron %self[2.0,] 
		 11: %cl_1_9->community_name %cl_1_9[3.10,] 
		 12: RETURN %cl_1_10[3.11,] 
BB 4
	outgoing: 6 
	datadep: 
	instructions:
		 0: 
		 1: %cl_1_11[4.0,] 
		 2: RETURN %cl_1_12[4.1,] 
BB 6
	outgoing: 
	datadep: 
	instructions:
CLOSURE END
		 17: 
		 18: @user[2.7,] 
		 19: @invitation[2.11,] 
		 20: %v_8[2.18,] %v_9[2.19,] 
		 21: 
		 22: %self->bootstrap_form_for %self[2.0,] %v_10[2.20,] %v_11[2.21,] 
CLOSURE BEGIN: @page_title[2.14,] @invitation[2.11,] @user[2.7,] 
BB 1
	outgoing: 6 2 
	datadep: 
	instructions:
BB 2
	outgoing: 3 
	datadep: 
	instructions:
		 0: 
		 1: 
		 2: 
		 3: 
		 4: 
BB 3
	outgoing: 4 6 
	datadep: 2 2 2 2 
	instructions:
		 0: 
		 1: 
		 2: 
		 3: 
		 4: 
		 5: 
		 6: %cl_2_4[3.3,] %cl_2_5[3.4,] %cl_2_6[3.5,] 
		 7: f->text_area f[2.2,] %cl_2_7[3.6,] 
		 8: 
		 9: 
		 10: 
		 11: %cl_2_9[3.9,] %cl_2_10[3.10,] 
		 12: f->text_area %cl_2_11[3.11,] f[2.2,] 
		 13: 
		 14: %self[2.0,] f[2.2,] 
CLOSURE BEGIN: 
BB 1
	outgoing: 6 2 
	datadep: 
	instructions:
BB 2
	outgoing: 3 
	datadep: 
	instructions:
		 0: 
		 1: 
		 2: 
		 3: 
BB 3
	outgoing: 4 6 
	datadep: 
	instructions:
		 0: 
		 1: 
		 2: f->primary %cl_3_3[3.1,] 
		 3: RETURN %cl_3_4[3.2,] 
BB 4
	outgoing: 6 
	datadep: 
	instructions:
		 0: 
		 1: %cl_3_5[4.0,] 
		 2: RETURN %cl_3_6[4.1,] 
BB 6
	outgoing: 
	datadep: 
	instructions:
CLOSURE END
		 15: RETURN %cl_2_13[3.14,] 
BB 4
	outgoing: 6 
	datadep: 
	instructions:
		 0: 
		 1: %cl_2_14[4.0,] 
		 2: RETURN %cl_2_15[4.1,] 
BB 6
	outgoing: 
	datadep: 
	instructions:
CLOSURE END
		 23: RETURN %v_12[2.22,] 
BB 3
	outgoing: 
	datadep: 
	instructions:

SET IRMethod, name = edit
BB 1
	outgoing: 3 2 
	datadep: 
	instructions:
BB 2
	outgoing: 3 
	datadep: 
	instructions:
		 0: 
		 1: 
		 2: 
		 3: 
		 4: 
		 5: 
		 6: (Invitation) 
		 7: %self->params %self[2.0,] 
		 8: %v_4[2.7,] 
		 9: %v_3->find %v_5[2.8,] %v_3[2.6,] 
		 10: %self[2.0,] %v_6[2.9,] @invitation[] 
		 11: RETURN %v_6[2.9,] 
BB 3
	outgoing: 
	datadep: 
	instructions:

SET IRMethod, name = create
BB 1
	outgoing: 3 2 
	datadep: 
	instructions:
BB 2
	outgoing: 3 
	datadep: 
	instructions:
		 0: 
		 1: 
		 2: 
		 3: 
		 4: 
		 5: 
		 6: %self->current_user %self[2.0,] 
		 7: %self[2.0,] %v_3[2.6,] @user[] 
		 8: 
		 9: (Invitation) 
		 10: %self->invitation_params %self[2.0,] 
		 11: %v_4->new %v_4[2.9,] %v_5[2.10,] 
		 12: %self[2.0,] %v_6[2.11,] @invitation[] 
		 13: 
		 14: @invitation[2.12,] 
		 15: @user[2.7,] 
		 16: %v_8[2.15,] %v_7[2.14,] 
		 17: 
		 18: %self->respond_to %self[2.0,] 
CLOSURE BEGIN: @invitation[2.12,] @user[2.7,] 
BB 1
	outgoing: 9 2 
	datadep: 
	instructions:
BB 2
	outgoing: 3 
	datadep: 
	instructions:
		 0: 
		 1: 
		 2: 
		 3: 
		 4: 
BB 3
	outgoing: 4 5 7 
	datadep: 2 
	instructions:
		 0: 
		 1: %self[2.0,] @invitation[] 
		 2: %cl_1_3->save %cl_1_3[3.1,] 
		 3: BRANCH %cl_1_4[3.2,] 
BB 4
	outgoing: 6 7 
	datadep: 2 2 2 
	instructions:
		 0: 
		 1: %self->flash %self[2.0,] 
		 2: 
		 3: %cl_1_5[4.1,] %cl_1_6[4.2,] 
		 4: 
		 5: format->html %self[2.0,] format[2.2,] 
CLOSURE BEGIN: @invitation[3.1,] 
BB 1
	outgoing: 9 2 
	datadep: 
	instructions:
BB 2
	outgoing: 3 
	datadep: 
	instructions:
		 0: 
		 1: 
		 2: 
		 3: 
BB 3
	outgoing: 4 5 7 
	datadep: 2 
	instructions:
		 0: 
		 1: %self->params %self[2.0,] 
		 2: %cl_2_3[3.1,] 
		 3: BRANCH %cl_2_4[3.2,] 
BB 4
	outgoing: 6 7 
	datadep: 2 2 2 
	instructions:
		 0: 
		 1: %self[2.0,] @invitation[] 
		 2: %cl_2_5->user %cl_2_5[4.1,] 
		 3: %self->welcome_complete_user_path %self[2.0,] %cl_2_6[4.2,] 
		 4: %self->redirect_to %self[2.0,] %cl_2_7[4.3,] 
		 5: 
BB 5
	outgoing: 7 9 
	datadep: 2 2 2 
	instructions:
		 0: 
		 1: %self[2.0,] @invitation[] 
		 2: %cl_2_9->user %cl_2_9[5.1,] 
		 3: %self->user_path %self[2.0,] %cl_2_10[5.2,] 
		 4: %self->redirect_to %self[2.0,] %cl_2_11[5.3,] 
		 5: RETURN %cl_2_12[5.4,] 
BB 6
	outgoing: 9 
	datadep: 4 
	instructions:
		 0: RETURN %cl_2_8[4.4,] 
BB 7
	outgoing: 9 
	datadep: 
	instructions:
		 0: 
		 1: %cl_2_13[7.0,] 
		 2: RETURN %cl_2_14[7.1,] 
BB 9
	outgoing: 
	datadep: 
	instructions:
CLOSURE END
		 6: 
BB 5
	outgoing: 7 9 
	datadep: 2 2 
	instructions:
		 0: 
		 1: format->html %self[2.0,] format[2.2,] 
CLOSURE BEGIN: @invitation[3.1,] 
BB 1
	outgoing: 6 2 
	datadep: 
	instructions:
BB 2
	outgoing: 3 
	datadep: 
	instructions:
		 0: 
		 1: 
		 2: 
		 3: 
BB 3
	outgoing: 4 6 
	datadep: 2 2 
	instructions:
		 0: 
		 1: %self->ruby_code_from_view %self[2.0,] 
		 2: %cl_3_3->ruby_code_from_view %cl_3_3[3.1,] %self[2.0,] 
CLOSURE BEGIN: 
BB 1
	outgoing: 6 2 
	datadep: 
	instructions:
BB 2
	outgoing: 3 
	datadep: 
	instructions:
		 0: 
		 1: 
		 2: 
		 3: 
		 4: 
BB 3
	outgoing: 4 6 
	datadep: 2 2 2 2 2 
	instructions:
		 0: 
		 1: 
		 2: %self[2.0,] %cl_4_3[3.1,] @page_title[] 
		 3: 
		 4: %self->widget %self[2.0,] 
CLOSURE BEGIN: @page_title[3.2,] @invitation[] @user[] 
BB 1
	outgoing: 6 2 
	datadep: 
	instructions:
BB 2
	outgoing: 3 
	datadep: 
	instructions:
		 0: 
		 1: 
		 2: 
		 3: 
BB 3
	outgoing: 4 6 
	datadep: 2 2 
	instructions:
		 0: 
		 1: 
		 2: 
		 3: %self->configatron %self[2.0,] 
		 4: %cl_5_4->community_name %cl_5_4[3.3,] 
		 5: %cl_5_5[3.4,] 
		 6: %cl_5_6->l %cl_5_6[3.5,] 
		 7: 
		 8: 
		 9: 
		 10: %self->configatron %self[2.0,] 
		 11: %cl_5_9->community_name %cl_5_9[3.10,] 
		 12: RETURN %cl_5_10[3.11,] 
BB 4
	outgoing: 6 
	datadep: 
	instructions:
		 0: 
		 1: %cl_5_11[4.0,] 
		 2: RETURN %cl_5_12[4.1,] 
BB 6
	outgoing: 
	datadep: 
	instructions:
CLOSURE END
		 5: 
		 6: %self[2.0,] @user[] 
		 7: %self[2.0,] @invitation[] 
		 8: %cl_4_5[3.6,] %cl_4_6[3.7,] 
		 9: 
		 10: %self->bootstrap_form_for %self[2.0,] %cl_4_8[3.9,] %cl_4_7[3.8,] 
CLOSURE BEGIN: @page_title[3.2,] @invitation[3.7,] @user[3.6,] 
BB 1
	outgoing: 6 2 
	datadep: 
	instructions:
BB 2
	outgoing: 3 
	datadep: 
	instructions:
		 0: 
		 1: 
		 2: 
		 3: 
		 4: 
BB 3
	outgoing: 4 6 
	datadep: 2 2 2 2 
	instructions:
		 0: 
		 1: 
		 2: 
		 3: 
		 4: 
		 5: 
		 6: %cl_6_6[3.5,] %cl_6_4[3.3,] %cl_6_5[3.4,] 
		 7: f->text_area %cl_6_7[3.6,] f[2.2,] 
		 8: 
		 9: 
		 10: 
		 11: %cl_6_9[3.9,] %cl_6_10[3.10,] 
		 12: f->text_area f[2.2,] %cl_6_11[3.11,] 
		 13: 
		 14: %self[2.0,] f[2.2,] 
CLOSURE BEGIN: 
BB 1
	outgoing: 6 2 
	datadep: 
	instructions:
BB 2
	outgoing: 3 
	datadep: 
	instructions:
		 0: 
		 1: 
		 2: 
		 3: 
BB 3
	outgoing: 4 6 
	datadep: 
	instructions:
		 0: 
		 1: 
		 2: f->primary %cl_7_3[3.1,] 
		 3: RETURN %cl_7_4[3.2,] 
BB 4
	outgoing: 6 
	datadep: 
	instructions:
		 0: 
		 1: %cl_7_5[4.0,] 
		 2: RETURN %cl_7_6[4.1,] 
BB 6
	outgoing: 
	datadep: 
	instructions:
CLOSURE END
		 15: RETURN %cl_6_13[3.14,] 
BB 4
	outgoing: 6 
	datadep: 
	instructions:
		 0: 
		 1: %cl_6_14[4.0,] 
		 2: RETURN %cl_6_15[4.1,] 
BB 6
	outgoing: 
	datadep: 
	instructions:
CLOSURE END
		 11: RETURN %cl_4_9[3.10,] 
BB 4
	outgoing: 6 
	datadep: 
	instructions:
		 0: 
		 1: %cl_4_10[4.0,] 
		 2: RETURN %cl_4_11[4.1,] 
BB 6
	outgoing: 
	datadep: 
	instructions:
CLOSURE END
		 3: RETURN %cl_3_4[3.2,] 
BB 4
	outgoing: 6 
	datadep: 
	instructions:
		 0: 
		 1: %cl_3_5[4.0,] 
		 2: RETURN %cl_3_6[4.1,] 
BB 6
	outgoing: 
	datadep: 
	instructions:
CLOSURE END
		 2: RETURN %cl_1_8[5.1,] 
BB 6
	outgoing: 9 
	datadep: 4 
	instructions:
		 0: RETURN %cl_1_7[4.5,] 
BB 7
	outgoing: 9 
	datadep: 
	instructions:
		 0: 
		 1: %cl_1_9[7.0,] 
		 2: RETURN %cl_1_10[7.1,] 
BB 9
	outgoing: 
	datadep: 
	instructions:
CLOSURE END
		 19: RETURN %v_9[2.18,] 
BB 3
	outgoing: 
	datadep: 
	instructions:

SET IRMethod, name = invitation_params
BB 1
	outgoing: 3 2 
	datadep: 
	instructions:
BB 2
	outgoing: 3 
	datadep: 
	instructions:
		 0: 
		 1: 
		 2: 
		 3: 
		 4: 
		 5: 
		 6: %self->params %self[2.0,] 
		 7: %v_3->require %v_3[2.6,] 
		 8: %v_4->permit %v_4[2.7,] 
		 9: RETURN %v_5[2.8,] 
BB 3
	outgoing: 
	datadep: 
	instructions:

