SET IRMethod, name = index
BB 1
	outgoing: 3 2 
	datadep: 
	instructions:
BB 2
	outgoing: 3 
	datadep: 
	instructions:
		 0: def_%self 
		 1: def_%v_0 
		 2: COPY TYPE_CurrentScope def_%current_scope 
		 3: COPY TYPE_ScopeModule def_%current_module 
		 4: 
		 5: 
		 6: (PodPresenter) def_%v_3 
		 7: (Pod) def_%v_4 
		 8: %v_4->all def_%v_5 %v_4[2.7,] 	 ARGS:
		 9: %v_3->as_collection def_%v_6 %v_3[2.6,] %v_5[2.8,] 	 ARGS:%v_5,
		 10: COPY TYPE_PASS def_pods_json %v_6[2.9,] 
		 11: 
		 12: %self->respond_with def_%v_7 %self[2.0,] %self[2.0,] 	 ARGS:%self,
CLOSURE BEGIN: format[] %self[2.0,] 
BB 1
	outgoing: 6 2 
	datadep: 
	instructions:
BB 2
	outgoing: 3 
	datadep: 
	instructions:
		 0: def_%self 
		 1: def_%cl_1_0 
		 2: RECEIVEARG def_format 
		 3: COPY TYPE_CurrentScope def_%current_scope 
		 4: COPY TYPE_ScopeModule def_%current_module 
BB 3
	outgoing: 4 6 
	datadep: 
	instructions:
		 0: 
		 1: format->html def_%cl_1_3 format[2.2,] %self[2.0,] 	 ARGS:format,
CLOSURE BEGIN: %self[2.0,] pods_json[] 
BB 1
	outgoing: 6 2 
	datadep: 
	instructions:
BB 2
	outgoing: 3 
	datadep: 
	instructions:
		 0: def_%self 
		 1: def_%cl_2_0 
		 2: COPY TYPE_CurrentScope def_%current_scope 
		 3: COPY TYPE_ScopeModule def_%current_module 
BB 3
	outgoing: 4 6 
	datadep: 
	instructions:
		 0: 
		 1: %self->gon def_%cl_2_3 %self[2.0,] 	 ARGS:
		 2: %cl_2_3->preloads def_%cl_2_4 %cl_2_3[3.1,] 	 ARGS:
		 3: ATTRASSIGN %cl_2_4->[] pods_json[] 
		 4: 
		 5: %self->gon def_%cl_2_5 %self[3.1,2.0,] 	 ARGS:
		 6: (Pod) def_%cl_2_6 
		 7: %cl_2_6->unchecked def_%cl_2_7 %cl_2_6[3.6,] 	 ARGS:
		 8: %cl_2_7->count def_%cl_2_8 %cl_2_7[3.7,] 	 ARGS:
		 9: ATTRASSIGN %cl_2_5->unchecked_count %cl_2_8[3.8,] 
		 10: 
		 11: %self->gon def_%cl_2_9 %self[3.1,3.5,2.0,] 	 ARGS:
		 12: (Pod) def_%cl_2_10 
		 13: %cl_2_10->check_failed def_%cl_2_11 %cl_2_10[3.12,] 	 ARGS:
		 14: %cl_2_11->count def_%cl_2_12 %cl_2_11[3.13,] 	 ARGS:
		 15: ATTRASSIGN %cl_2_9->error_count %cl_2_12[3.14,] 
		 16: 
		 17: COPY TYPE_StringLiteral def_%cl_2_13 
		 18: %self->render def_%cl_2_14 %self[3.1,3.5,3.11,2.0,] %cl_2_13[3.17,] 	 ARGS:%cl_2_13,
		 19: RETURN %cl_2_14[3.18,] %self[3.1,3.5,3.11,3.18,2.0,] 
BB 4
	outgoing: 6 
	datadep: 
	instructions:
		 0: def_%cl_2_15 
		 1: def_%cl_2_16 %cl_2_15[4.0,] 
		 2: RETURN %cl_2_16[4.1,] %self[2.0,] 
BB 6
	outgoing: 
	datadep: 
	instructions:
CLOSURE END
		 2: 
		 3: format->json def_%cl_1_4 format[3.1,2.2,] %self[2.0,] 	 ARGS:format,
CLOSURE BEGIN: pods_json[] %self[2.0,] 
BB 1
	outgoing: 6 2 
	datadep: 
	instructions:
BB 2
	outgoing: 3 
	datadep: 
	instructions:
		 0: def_%self 
		 1: def_%cl_3_0 
		 2: COPY TYPE_CurrentScope def_%current_scope 
		 3: COPY TYPE_ScopeModule def_%current_module 
BB 3
	outgoing: 4 6 
	datadep: 
	instructions:
		 0: 
		 1: HASH-json- def_%cl_3_3 pods_json[] 
		 2: %self->render def_%cl_3_4 %self[2.0,] %cl_3_3[3.1,] 	 ARGS:%cl_3_3,
		 3: RETURN %cl_3_4[3.2,] %self[3.2,2.0,] 
BB 4
	outgoing: 6 
	datadep: 
	instructions:
		 0: def_%cl_3_5 
		 1: def_%cl_3_6 %cl_3_5[4.0,] 
		 2: RETURN %cl_3_6[4.1,] %self[2.0,] 
BB 6
	outgoing: 
	datadep: 
	instructions:
CLOSURE END
		 4: RETURN %cl_1_4[3.3,] %self[2.0,] 
BB 4
	outgoing: 6 
	datadep: 
	instructions:
		 0: def_%cl_1_5 
		 1: def_%cl_1_6 %cl_1_5[4.0,] 
		 2: RETURN %cl_1_6[4.1,] %self[2.0,] 
BB 6
	outgoing: 
	datadep: 
	instructions:
CLOSURE END
		 13: RETURN %v_7[2.12,] %self[2.0,2.12,] 
BB 3
	outgoing: 
	datadep: 
	instructions:

SET IRMethod, name = recheck
BB 1
	outgoing: 3 2 
	datadep: 
	instructions:
BB 2
	outgoing: 3 
	datadep: 
	instructions:
		 0: def_%self 
		 1: def_%v_0 
		 2: COPY TYPE_CurrentScope def_%current_scope 
		 3: COPY TYPE_ScopeModule def_%current_module 
		 4: 
		 5: 
		 6: (Pod) def_%v_3 
		 7: %self->params def_%v_4 %self[2.0,] 	 ARGS:
		 8: %v_4->[] def_%v_5 %v_4[2.7,] 	 ARGS:Symbol,
		 9: %v_3->find def_%v_6 %v_3[2.6,] %v_5[2.8,] 	 ARGS:%v_5,
		 10: COPY TYPE_PASS def_pod %v_6[2.9,] 
		 11: 
		 12: %v_6->test_connection! def_%v_7 %v_6[2.9,] 	 ARGS:
		 13: 
		 14: %self->respond_with def_%v_8 %self[2.0,2.7,] %self[2.0,2.7,] 	 ARGS:%self,
CLOSURE BEGIN: format[] %self[2.0,2.7,] 
BB 1
	outgoing: 6 2 
	datadep: 
	instructions:
BB 2
	outgoing: 3 
	datadep: 
	instructions:
		 0: def_%self 
		 1: def_%cl_1_0 
		 2: RECEIVEARG def_format 
		 3: COPY TYPE_CurrentScope def_%current_scope 
		 4: COPY TYPE_ScopeModule def_%current_module 
BB 3
	outgoing: 4 6 
	datadep: 
	instructions:
		 0: 
		 1: format->html def_%cl_1_3 format[2.2,] %self[2.0,] 	 ARGS:format,
CLOSURE BEGIN: %self[2.0,] 
BB 1
	outgoing: 6 2 
	datadep: 
	instructions:
BB 2
	outgoing: 3 
	datadep: 
	instructions:
		 0: def_%self 
		 1: def_%cl_2_0 
		 2: COPY TYPE_CurrentScope def_%current_scope 
		 3: COPY TYPE_ScopeModule def_%current_module 
BB 3
	outgoing: 4 6 
	datadep: 
	instructions:
		 0: 
		 1: %self->admin_pods_path def_%cl_2_3 %self[2.0,] 	 ARGS:
		 2: %self->redirect_to def_%cl_2_4 %self[3.1,2.0,] %cl_2_3[3.1,] 	 ARGS:%cl_2_3,
		 3: RETURN %cl_2_4[3.2,] %self[3.1,3.2,2.0,] 
BB 4
	outgoing: 6 
	datadep: 
	instructions:
		 0: def_%cl_2_5 
		 1: def_%cl_2_6 %cl_2_5[4.0,] 
		 2: RETURN %cl_2_6[4.1,] %self[2.0,] 
BB 6
	outgoing: 
	datadep: 
	instructions:
CLOSURE END
		 2: 
		 3: format->json def_%cl_1_4 format[3.1,2.2,] %self[2.0,] 	 ARGS:format,
CLOSURE BEGIN: pod[] %self[2.0,] 
BB 1
	outgoing: 6 2 
	datadep: 
	instructions:
BB 2
	outgoing: 3 
	datadep: 
	instructions:
		 0: def_%self 
		 1: def_%cl_3_0 
		 2: COPY TYPE_CurrentScope def_%current_scope 
		 3: COPY TYPE_ScopeModule def_%current_module 
BB 3
	outgoing: 4 6 
	datadep: 
	instructions:
		 0: 
		 1: (PodPresenter) def_%cl_3_3 
		 2: %cl_3_3->new def_%cl_3_4 %cl_3_3[3.1,] pod[] 	 ARGS:pod,
		 3: %cl_3_4->as_json def_%cl_3_5 %cl_3_4[3.2,] 	 ARGS:
		 4: HASH-json- def_%cl_3_6 %cl_3_5[3.3,] 
		 5: %self->render def_%cl_3_7 %self[2.0,] %cl_3_6[3.4,] 	 ARGS:%cl_3_6,
		 6: RETURN %cl_3_7[3.5,] %self[3.5,2.0,] 
BB 4
	outgoing: 6 
	datadep: 
	instructions:
		 0: def_%cl_3_8 
		 1: def_%cl_3_9 %cl_3_8[4.0,] 
		 2: RETURN %cl_3_9[4.1,] %self[2.0,] 
BB 6
	outgoing: 
	datadep: 
	instructions:
CLOSURE END
		 4: RETURN %cl_1_4[3.3,] %self[2.0,] 
BB 4
	outgoing: 6 
	datadep: 
	instructions:
		 0: def_%cl_1_5 
		 1: def_%cl_1_6 %cl_1_5[4.0,] 
		 2: RETURN %cl_1_6[4.1,] %self[2.0,] 
BB 6
	outgoing: 
	datadep: 
	instructions:
CLOSURE END
		 15: RETURN %v_8[2.14,] %self[2.0,2.7,2.14,] 
BB 3
	outgoing: 
	datadep: 
	instructions:

