SET IRMethod, name = new
BB 1
	outgoing: 3 2 
	datadep: 
	instructions:
BB 2
	outgoing: 3 
	datadep: 
	instructions:
		 0: def_%self 
		 1: def_%v_0 
		 2: COPY TYPE_CurrentScope def_%current_scope 
		 3: COPY TYPE_ScopeModule def_%current_module 
		 4: 
		 5: 
		 6: %self->ruby_code_from_view def_%v_3 %self[2.0,] 	 ARGS:
		 7: %v_3->ruby_code_from_view def_%v_4 %v_3[2.6,] %self[2.0,2.6,] 	 ARGS:%v_3,
CLOSURE BEGIN: %self[2.0,2.6,] 
BB 1
	outgoing: 6 2 
	datadep: 
	instructions:
BB 2
	outgoing: 3 
	datadep: 
	instructions:
		 0: def_%self 
		 1: def_%cl_1_0 
		 2: RECEIVEARG def_rb_from_view 
		 3: COPY TYPE_CurrentScope def_%current_scope 
		 4: COPY TYPE_ScopeModule def_%current_module 
BB 3
	outgoing: 4 6 
	datadep: 
	instructions:
		 0: 
		 1: GETFIELD %self->link def_%cl_1_3 %self[2.0,] 
		 2: COPY TYPE_Array def_%cl_1_4 %cl_1_3[3.1,] 
		 3: %self->form_for def_%cl_1_5 %self[2.0,] %cl_1_4[3.2,] %self[2.0,] 	 ARGS:%cl_1_4,%self,
CLOSURE BEGIN: %self[2.0,] form[] 
BB 1
	outgoing: 12 2 
	datadep: 
	instructions:
BB 2
	outgoing: 3 
	datadep: 
	instructions:
		 0: def_%self 
		 1: def_%cl_2_0 
		 2: RECEIVEARG def_form 
		 3: COPY TYPE_CurrentScope def_%current_scope 
		 4: COPY TYPE_ScopeModule def_%current_module 
BB 3
	outgoing: 4 5 10 
	datadep: 
	instructions:
		 0: 
		 1: GETFIELD %self->link def_%cl_2_3 %self[2.0,] 
		 2: %cl_2_3->new_record? def_%cl_2_4 %cl_2_3[3.1,] 	 ARGS:
		 3: BRANCH %cl_2_4[3.2,] 
BB 4
	outgoing: 6 
	datadep: 
	instructions:
		 0: COPY TYPE_Nil def_%cl_2_5 
		 1: 
BB 5
	outgoing: 6 
	datadep: 
	instructions:
		 0: COPY TYPE_Nil def_%cl_2_5 
BB 6
	outgoing: 7 8 10 
	datadep: 
	instructions:
		 0: 
		 1: COPY TYPE_StringLiteral def_%cl_2_6 
		 2: form->label def_%cl_2_7 form[2.2,] %cl_2_6[6.1,] 	 ARGS:Symbol,%cl_2_6,
		 3: 
		 4: COPY TYPE_StringLiteral def_%cl_2_8 
		 5: form->label def_%cl_2_9 form[6.2,2.2,] %cl_2_8[6.4,] 	 ARGS:Symbol,%cl_2_8,
		 6: 
		 7: COPY TYPE_StringLiteral def_%cl_2_10 
		 8: form->label def_%cl_2_11 form[6.2,6.5,2.2,] %cl_2_10[6.7,] 	 ARGS:Symbol,%cl_2_10,
		 9: 
		 10: COPY TYPE_StringLiteral def_%cl_2_12 
		 11: HASH-maxlength-autocomplete- def_%cl_2_13 %cl_2_12[6.10,] 
		 12: form->text_field def_%cl_2_14 form[6.2,6.5,6.8,2.2,] %cl_2_13[6.11,] 	 ARGS:Symbol,%cl_2_13,
		 13: 
		 14: COPY TYPE_StringLiteral def_%cl_2_15 
		 15: HASH-autocomplete- def_%cl_2_16 %cl_2_15[6.14,] 
		 16: form->url_field def_%cl_2_17 form[6.2,6.5,6.8,6.12,2.2,] %cl_2_16[6.15,] 	 ARGS:Symbol,%cl_2_16,
		 17: 
		 18: (Lang) def_%cl_2_18 
		 19: %cl_2_18->all def_%cl_2_19 %cl_2_18[6.18,] 	 ARGS:
		 20: form->select def_%cl_2_20 form[6.2,6.5,6.8,6.12,6.16,2.2,] %cl_2_19[6.19,] 	 ARGS:Symbol,%cl_2_19,
		 21: 
		 22: GETFIELD %self->link def_%cl_2_21 %self[2.0,] 
		 23: %cl_2_21->persisted? def_%cl_2_22 %cl_2_21[6.22,] 	 ARGS:
		 24: BRANCH %cl_2_22[6.23,] 
BB 7
	outgoing: 9 10 
	datadep: 
	instructions:
		 0: 
		 1: GETFIELD %self->link def_%cl_2_23 %self[2.0,] 
		 2: %self->unlock_redaction_link_path def_%cl_2_24 %self[2.0,] %cl_2_23[7.1,] 	 ARGS:%cl_2_23,
		 3: 
BB 8
	outgoing: 9 
	datadep: 
	instructions:
		 0: COPY TYPE_Nil def_%cl_2_24 
BB 9
	outgoing: 10 12 
	datadep: 
	instructions:
		 0: 
		 1: COPY TYPE_StringLiteral def_%cl_2_25 
		 2: form->submit def_%cl_2_26 form[2.2,] %cl_2_25[9.1,] 	 ARGS:%cl_2_25,
		 3: RETURN %cl_2_26[9.2,] %self[2.0,] 
BB 10
	outgoing: 12 
	datadep: 
	instructions:
		 0: def_%cl_2_27 
		 1: def_%cl_2_28 %cl_2_27[10.0,] 
		 2: RETURN %cl_2_28[10.1,] %self[2.0,] 
BB 12
	outgoing: 
	datadep: 
	instructions:
CLOSURE END
		 4: RETURN %cl_1_5[3.3,] %self[3.3,2.0,] 
BB 4
	outgoing: 6 
	datadep: 
	instructions:
		 0: def_%cl_1_6 
		 1: def_%cl_1_7 %cl_1_6[4.0,] 
		 2: RETURN %cl_1_7[4.1,] %self[2.0,] 
BB 6
	outgoing: 
	datadep: 
	instructions:
CLOSURE END
		 8: RETURN %v_4[2.7,] %self[2.0,2.6,] 
BB 3
	outgoing: 
	datadep: 
	instructions:

SET IRMethod, name = create
BB 1
	outgoing: 3 2 
	datadep: 
	instructions:
BB 2
	outgoing: 3 
	datadep: 
	instructions:
		 0: def_%self 
		 1: def_%v_0 
		 2: COPY TYPE_CurrentScope def_%current_scope 
		 3: COPY TYPE_ScopeModule def_%current_module 
		 4: 
		 5: 
		 6: GETFIELD %self->link def_%v_3 %self[2.0,] 
		 7: %self->link_params def_%v_4 %self[2.0,] 	 ARGS:
		 8: ATTRASSIGN %v_3->attributes %v_4[2.7,] 
		 9: 
		 10: GETFIELD %self->link def_%v_5 %self[2.0,2.7,] 
		 11: %self->current_user def_%v_6 %self[2.0,2.7,] 	 ARGS:
		 12: ATTRASSIGN %v_5->user %v_6[2.11,] 
		 13: 
		 14: GETFIELD %self->link def_%v_7 %self[2.0,2.7,2.11,] 
		 15: %v_7->save def_%v_8 %v_7[2.14,] 	 ARGS:
		 16: 
		 17: %self->ruby_code_from_view def_%v_9 %self[2.0,2.7,2.11,] 	 ARGS:
		 18: %v_9->ruby_code_from_view def_%v_10 %v_9[2.17,] %self[2.0,2.7,2.11,2.17,] 	 ARGS:%v_9,
CLOSURE BEGIN: %self[2.0,2.7,2.11,2.17,] 
BB 1
	outgoing: 6 2 
	datadep: 
	instructions:
BB 2
	outgoing: 3 
	datadep: 
	instructions:
		 0: def_%self 
		 1: def_%cl_1_0 
		 2: RECEIVEARG def_rb_from_view 
		 3: COPY TYPE_CurrentScope def_%current_scope 
		 4: COPY TYPE_ScopeModule def_%current_module 
BB 3
	outgoing: 4 6 
	datadep: 
	instructions:
		 0: 
		 1: GETFIELD %self->news def_%cl_1_3 %self[2.0,] 
		 2: HASH-news_id- def_%cl_1_4 %cl_1_3[3.1,] 
		 3: %self->new_redaction_news_link_path def_%cl_1_5 %self[2.0,] %cl_1_4[3.2,] 	 ARGS:%cl_1_4,
		 4: RETURN %cl_1_5[3.3,] %self[3.3,2.0,] 
BB 4
	outgoing: 6 
	datadep: 
	instructions:
		 0: def_%cl_1_6 
		 1: def_%cl_1_7 %cl_1_6[4.0,] 
		 2: RETURN %cl_1_7[4.1,] %self[2.0,] 
BB 6
	outgoing: 
	datadep: 
	instructions:
CLOSURE END
		 19: RETURN %v_10[2.18,] %self[2.0,2.7,2.11,2.17,] 
BB 3
	outgoing: 
	datadep: 
	instructions:

SET IRMethod, name = edit
BB 1
	outgoing: 6 2 
	datadep: 
	instructions:
BB 2
	outgoing: 3 4 
	datadep: 
	instructions:
		 0: def_%self 
		 1: def_%v_0 
		 2: COPY TYPE_CurrentScope def_%current_scope 
		 3: COPY TYPE_ScopeModule def_%current_module 
		 4: 
		 5: 
		 6: GETFIELD %self->link def_%v_3 %self[2.0,] 
		 7: %self->current_user def_%v_4 %self[2.0,] 	 ARGS:
		 8: %v_3->lock_by def_%v_5 %v_3[2.6,] %v_4[2.7,] 	 ARGS:%v_4,
		 9: BRANCH %v_5[2.8,] 
BB 3
	outgoing: 6 
	datadep: 
	instructions:
		 0: 
		 1: %self->ruby_code_from_view def_%v_6 %self[2.0,] 	 ARGS:
		 2: %v_6->ruby_code_from_view def_%v_7 %v_6[3.1,] %self[3.1,2.0,] 	 ARGS:%v_6,
CLOSURE BEGIN: %self[3.1,2.0,] 
BB 1
	outgoing: 6 2 
	datadep: 
	instructions:
BB 2
	outgoing: 3 
	datadep: 
	instructions:
		 0: def_%self 
		 1: def_%cl_1_0 
		 2: RECEIVEARG def_rb_from_view 
		 3: COPY TYPE_CurrentScope def_%current_scope 
		 4: COPY TYPE_ScopeModule def_%current_module 
BB 3
	outgoing: 4 6 
	datadep: 
	instructions:
		 0: 
		 1: GETFIELD %self->link def_%cl_1_3 %self[2.0,] 
		 2: COPY TYPE_Array def_%cl_1_4 %cl_1_3[3.1,] 
		 3: %self->form_for def_%cl_1_5 %self[2.0,] %cl_1_4[3.2,] %self[2.0,] 	 ARGS:%cl_1_4,%self,
CLOSURE BEGIN: %self[2.0,] form[] 
BB 1
	outgoing: 12 2 
	datadep: 
	instructions:
BB 2
	outgoing: 3 
	datadep: 
	instructions:
		 0: def_%self 
		 1: def_%cl_2_0 
		 2: RECEIVEARG def_form 
		 3: COPY TYPE_CurrentScope def_%current_scope 
		 4: COPY TYPE_ScopeModule def_%current_module 
BB 3
	outgoing: 4 5 10 
	datadep: 
	instructions:
		 0: 
		 1: GETFIELD %self->link def_%cl_2_3 %self[2.0,] 
		 2: %cl_2_3->new_record? def_%cl_2_4 %cl_2_3[3.1,] 	 ARGS:
		 3: BRANCH %cl_2_4[3.2,] 
BB 4
	outgoing: 6 
	datadep: 
	instructions:
		 0: COPY TYPE_Nil def_%cl_2_5 
		 1: 
BB 5
	outgoing: 6 
	datadep: 
	instructions:
		 0: COPY TYPE_Nil def_%cl_2_5 
BB 6
	outgoing: 7 8 10 
	datadep: 
	instructions:
		 0: 
		 1: COPY TYPE_StringLiteral def_%cl_2_6 
		 2: form->label def_%cl_2_7 form[2.2,] %cl_2_6[6.1,] 	 ARGS:Symbol,%cl_2_6,
		 3: 
		 4: COPY TYPE_StringLiteral def_%cl_2_8 
		 5: form->label def_%cl_2_9 form[6.2,2.2,] %cl_2_8[6.4,] 	 ARGS:Symbol,%cl_2_8,
		 6: 
		 7: COPY TYPE_StringLiteral def_%cl_2_10 
		 8: form->label def_%cl_2_11 form[6.2,6.5,2.2,] %cl_2_10[6.7,] 	 ARGS:Symbol,%cl_2_10,
		 9: 
		 10: COPY TYPE_StringLiteral def_%cl_2_12 
		 11: HASH-maxlength-autocomplete- def_%cl_2_13 %cl_2_12[6.10,] 
		 12: form->text_field def_%cl_2_14 form[6.2,6.5,6.8,2.2,] %cl_2_13[6.11,] 	 ARGS:Symbol,%cl_2_13,
		 13: 
		 14: COPY TYPE_StringLiteral def_%cl_2_15 
		 15: HASH-autocomplete- def_%cl_2_16 %cl_2_15[6.14,] 
		 16: form->url_field def_%cl_2_17 form[6.2,6.5,6.8,6.12,2.2,] %cl_2_16[6.15,] 	 ARGS:Symbol,%cl_2_16,
		 17: 
		 18: (Lang) def_%cl_2_18 
		 19: %cl_2_18->all def_%cl_2_19 %cl_2_18[6.18,] 	 ARGS:
		 20: form->select def_%cl_2_20 form[6.2,6.5,6.8,6.12,6.16,2.2,] %cl_2_19[6.19,] 	 ARGS:Symbol,%cl_2_19,
		 21: 
		 22: GETFIELD %self->link def_%cl_2_21 %self[2.0,] 
		 23: %cl_2_21->persisted? def_%cl_2_22 %cl_2_21[6.22,] 	 ARGS:
		 24: BRANCH %cl_2_22[6.23,] 
BB 7
	outgoing: 9 10 
	datadep: 
	instructions:
		 0: 
		 1: GETFIELD %self->link def_%cl_2_23 %self[2.0,] 
		 2: %self->unlock_redaction_link_path def_%cl_2_24 %self[2.0,] %cl_2_23[7.1,] 	 ARGS:%cl_2_23,
		 3: 
BB 8
	outgoing: 9 
	datadep: 
	instructions:
		 0: COPY TYPE_Nil def_%cl_2_24 
BB 9
	outgoing: 10 12 
	datadep: 
	instructions:
		 0: 
		 1: COPY TYPE_StringLiteral def_%cl_2_25 
		 2: form->submit def_%cl_2_26 form[2.2,] %cl_2_25[9.1,] 	 ARGS:%cl_2_25,
		 3: RETURN %cl_2_26[9.2,] %self[2.0,] 
BB 10
	outgoing: 12 
	datadep: 
	instructions:
		 0: def_%cl_2_27 
		 1: def_%cl_2_28 %cl_2_27[10.0,] 
		 2: RETURN %cl_2_28[10.1,] %self[2.0,] 
BB 12
	outgoing: 
	datadep: 
	instructions:
CLOSURE END
		 4: RETURN %cl_1_5[3.3,] %self[3.3,2.0,] 
BB 4
	outgoing: 6 
	datadep: 
	instructions:
		 0: def_%cl_1_6 
		 1: def_%cl_1_7 %cl_1_6[4.0,] 
		 2: RETURN %cl_1_7[4.1,] %self[2.0,] 
BB 6
	outgoing: 
	datadep: 
	instructions:
CLOSURE END
		 3: RETURN %v_7[3.2,] %self[3.1,2.0,] 
BB 4
	outgoing: 6 
	datadep: 
	instructions:
		 0: 
		 1: COPY TYPE_StringLiteral def_%v_8 
		 2: GETFIELD %self->link def_%v_9 %self[2.0,] 
		 3: %v_9->locker def_%v_10 %v_9[4.2,] 	 ARGS:
		 4: COPY TYPE_StringLiteral def_%v_11 
		 5: BUILDSTRING def_%v_12 %v_8[4.1,] %v_10[4.3,] %v_11[4.4,] 
		 6: HASH-status-text- def_%v_13 %v_12[4.5,] 
		 7: %self->render def_%v_14 %self[2.0,] %v_13[4.6,] 	 ARGS:%v_13,
		 8: RETURN %v_14[4.7,] %self[4.7,2.0,] 
BB 6
	outgoing: 
	datadep: 
	instructions:

SET IRMethod, name = update
BB 1
	outgoing: 3 2 
	datadep: 
	instructions:
BB 2
	outgoing: 3 
	datadep: 
	instructions:
		 0: def_%self 
		 1: def_%v_0 
		 2: COPY TYPE_CurrentScope def_%current_scope 
		 3: COPY TYPE_ScopeModule def_%current_module 
		 4: 
		 5: 
		 6: GETFIELD %self->link def_%v_3 %self[2.0,] 
		 7: %self->link_params def_%v_4 %self[2.0,] 	 ARGS:
		 8: ATTRASSIGN %v_3->attributes %v_4[2.7,] 
		 9: 
		 10: GETFIELD %self->link def_%v_5 %self[2.0,2.7,] 
		 11: %self->current_user def_%v_6 %self[2.0,2.7,] 	 ARGS:
		 12: %v_5->update_by def_%v_7 %v_5[2.10,] %v_6[2.11,] 	 ARGS:%v_6,
		 13: 
		 14: GETFIELD %self->link def_%v_8 %self[2.0,2.7,2.11,] 
		 15: %self->render def_%v_9 %self[2.0,2.7,2.11,] %v_8[2.14,] 	 ARGS:%v_8,
		 16: RETURN %v_9[2.15,] %self[2.0,2.7,2.11,2.15,] 
BB 3
	outgoing: 
	datadep: 
	instructions:

SET IRMethod, name = unlock
BB 1
	outgoing: 3 2 
	datadep: 
	instructions:
BB 2
	outgoing: 3 
	datadep: 
	instructions:
		 0: def_%self 
		 1: def_%v_0 
		 2: COPY TYPE_CurrentScope def_%current_scope 
		 3: COPY TYPE_ScopeModule def_%current_module 
		 4: 
		 5: 
		 6: GETFIELD %self->link def_%v_3 %self[2.0,] 
		 7: %v_3->unlock def_%v_4 %v_3[2.6,] 	 ARGS:
		 8: 
		 9: HASH-nothing- def_%v_5 
		 10: %self->render def_%v_6 %self[2.0,] %v_5[2.9,] 	 ARGS:%v_5,
		 11: RETURN %v_6[2.10,] %self[2.0,2.10,] 
BB 3
	outgoing: 
	datadep: 
	instructions:

SET IRMethod, name = link_params
BB 1
	outgoing: 5 2 
	datadep: 
	instructions:
BB 2
	outgoing: 3 4 
	datadep: 
	instructions:
		 0: def_%self 
		 1: def_%v_0 
		 2: COPY TYPE_CurrentScope def_%current_scope 
		 3: COPY TYPE_ScopeModule def_%current_module 
		 4: 
		 5: 
		 6: %self->params def_%v_3 %self[2.0,] 	 ARGS:
		 7: %v_3->require def_%v_4 %v_3[2.6,] 	 ARGS:Symbol,
		 8: (Link) def_%v_5 
		 9: (inherit Accessible) def_%v_6 %v_5[2.8,] 
		 10: %v_6[2.9,] 
BB 3
	outgoing: 4 
	datadep: 
	instructions:
		 0: %v_5->const_missing def_%v_6 %v_5[2.8,] 	 ARGS:Symbol,
BB 4
	outgoing: 5 
	datadep: 
	instructions:
		 0: %v_4->permit def_%v_7 %v_4[2.7,] %v_6[3.0,2.9,] 	 ARGS:%v_6,
		 1: RETURN %v_7[4.0,] %self[2.0,] 
BB 5
	outgoing: 
	datadep: 
	instructions:

SET IRMethod, name = new_link
BB 1
	outgoing: 3 2 
	datadep: 
	instructions:
BB 2
	outgoing: 3 
	datadep: 
	instructions:
		 0: def_%self 
		 1: def_%v_0 
		 2: COPY TYPE_CurrentScope def_%current_scope 
		 3: COPY TYPE_ScopeModule def_%current_module 
		 4: 
		 5: 
		 6: (News) def_%v_3 
		 7: %self->params def_%v_4 %self[2.0,] 	 ARGS:
		 8: %v_4->[] def_%v_5 %v_4[2.7,] 	 ARGS:Symbol,
		 9: %v_3->find def_%v_6 %v_3[2.6,] %v_5[2.8,] 	 ARGS:%v_5,
		 10: ATTRASSIGN %self->news %v_6[2.9,] 
		 11: 
		 12: GETFIELD %self->news def_%v_7 %self[2.0,2.7,2.10,] 
		 13: %v_7->links def_%v_8 %v_7[2.12,] 	 ARGS:
		 14: %v_8->new def_%v_9 %v_8[2.13,] 	 ARGS:
		 15: ATTRASSIGN %self->link %v_9[2.14,] 
		 16: 
		 17: GETFIELD %self->news def_%v_10 %self[2.0,2.7,2.10,] 
		 18: %self->enforce_update_permission def_%v_11 %self[2.0,2.7,2.10,2.15,] %v_10[2.17,] 	 ARGS:%v_10,
		 19: RETURN %v_11[2.18,] %self[2.0,2.7,2.10,2.15,2.18,] 
BB 3
	outgoing: 
	datadep: 
	instructions:

SET IRMethod, name = find_link
BB 1
	outgoing: 3 2 
	datadep: 
	instructions:
BB 2
	outgoing: 3 
	datadep: 
	instructions:
		 0: def_%self 
		 1: def_%v_0 
		 2: COPY TYPE_CurrentScope def_%current_scope 
		 3: COPY TYPE_ScopeModule def_%current_module 
		 4: 
		 5: 
		 6: (Link) def_%v_3 
		 7: %self->params def_%v_4 %self[2.0,] 	 ARGS:
		 8: %v_4->[] def_%v_5 %v_4[2.7,] 	 ARGS:Symbol,
		 9: %v_3->find def_%v_6 %v_3[2.6,] %v_5[2.8,] 	 ARGS:%v_5,
		 10: ATTRASSIGN %self->link %v_6[2.9,] 
		 11: 
		 12: GETFIELD %self->link def_%v_7 %self[2.0,2.7,2.10,] 
		 13: %v_7->news def_%v_8 %v_7[2.12,] 	 ARGS:
		 14: ATTRASSIGN %self->news %v_8[2.13,] 
		 15: 
		 16: GETFIELD %self->news def_%v_9 %self[2.0,2.7,2.14,] 
		 17: %self->enforce_update_permission def_%v_10 %self[2.0,2.7,2.10,2.14,] %v_9[2.16,] 	 ARGS:%v_9,
		 18: RETURN %v_10[2.17,] %self[2.0,2.7,2.10,2.14,2.17,] 
BB 3
	outgoing: 
	datadep: 
	instructions:

