SET IRMethod, name = create
BB 1
	outgoing: 6 2 
	datadep: 
	instructions:
BB 2
	outgoing: 3 4 
	datadep: 
	instructions:
		 0: 
		 1: 
		 2: 
		 3: 
		 4: 
		 5: 
		 6: %self->session %self[2.0,] 
		 7: %v_3[2.6,] 
		 8: BRANCH %v_4[2.7,] 
BB 3
	outgoing: 6 
	datadep: 2 2 2 
	instructions:
		 0: 
		 1: (Pusher) 
		 2: 
		 3: 
		 4: %self->session %self[2.0,] 
		 5: %v_7[3.4,] 
		 6: %v_8[3.5,] %v_6[3.2,] 
		 7: 
		 8: %self->params %self[2.0,] 
		 9: %v_11[3.8,] 
		 10: %v_5->trigger %v_5[3.1,] %v_9[3.6,] %v_10[3.7,] %v_12[3.9,] 
		 11: 
		 12: 
		 13: %v_14[3.12,] 
		 14: %v_15[3.13,] 
		 15: %self->render %self[2.0,] %v_16[3.14,] 
		 16: RETURN %v_17[3.15,] 
BB 4
	outgoing: 6 
	datadep: 2 
	instructions:
		 0: 
		 1: 
		 2: %v_18[4.1,] 
		 3: %v_19[4.2,] 
		 4: %self->render %self[2.0,] %v_20[4.3,] 
		 5: RETURN %v_21[4.4,] 
BB 6
	outgoing: 
	datadep: 
	instructions:

SET IRMethod, name = feature_enabled?
BB 1
	outgoing: 6 2 
	datadep: 
	instructions:
BB 2
	outgoing: 3 4 
	datadep: 
	instructions:
		 0: 
		 1: 
		 2: 
		 3: 
		 4: 
		 5: 
		 6: (Setting) 
		 7: %v_3->get %v_3[2.6,] 
		 8: BRANCH %v_4[2.7,] 
BB 3
	outgoing: 6 
	datadep: 
	instructions:
		 0: RETURN 
BB 4
	outgoing: 6 
	datadep: 2 
	instructions:
		 0: 
		 1: 
		 2: (I18n) 
		 3: 
		 4: %v_6->t %v_6[4.2,] %v_7[4.3,] 
		 5: %v_8[4.4,] 
		 6: %self->render %self[2.0,] %v_9[4.5,] 
		 7: 
		 8: RETURN 
BB 6
	outgoing: 
	datadep: 
	instructions:

