digraph StoriesController_show {
	User_is_banned__BB1 -> User_is_banned__BB3 [ color=blue ];
	User_is_banned__BB1 -> User_is_banned__BB2 [ color=blue ];
	User_is_banned__BB2 -> User_is_banned__BB3 [ color=blue ];
	User_is_active__BB1 -> User_is_active__BB5 [ color=blue ];
	User_is_active__BB1 -> User_is_active__BB2 [ color=blue ];
	User_is_active__BB2 -> User_is_active__BB3 [ color=blue ];
	User_is_active__BB2 -> User_is_active__BB4 [ color=blue ];
	User_is_active__BB3 -> User_is_active__BB4 [ color=blue ];
	User_is_active__BB4 -> User_is_active__BB5 [ color=blue ];
	ApplicationController_authenticate_user__BB1 -> ApplicationController_authenticate_user__BB10 [ color=blue ];
	ApplicationController_authenticate_user__BB1 -> ApplicationController_authenticate_user__BB2 [ color=blue ];
	ApplicationController_authenticate_user__BB2 -> ApplicationController_authenticate_user__BB3 [ color=blue ];
	ApplicationController_authenticate_user__BB2 -> ApplicationController_authenticate_user__BB4 [ color=blue ];
	ApplicationController_authenticate_user__BB3 -> ApplicationController_authenticate_user__BB4 [ color=blue ];
	ApplicationController_authenticate_user__BB4 -> ApplicationController_authenticate_user__BB5 [ color=blue ];
	ApplicationController_authenticate_user__BB4 -> ApplicationController_authenticate_user__BB6 [ color=blue ];
	ApplicationController_authenticate_user__BB5 -> ApplicationController_authenticate_user__BB6 [ color=blue ];
	ApplicationController_authenticate_user__BB6 -> ApplicationController_authenticate_user__BB7 [ color=blue ];
	ApplicationController_authenticate_user__BB6 -> ApplicationController_authenticate_user__BB8 [ color=blue ];
	ApplicationController_authenticate_user__BB7 -> ApplicationController_authenticate_user__BB9 [ color=blue ];
	ApplicationController_authenticate_user__BB8 -> ApplicationController_authenticate_user__BB9 [ color=blue ];
	ApplicationController_authenticate_user__BB9 -> ApplicationController_authenticate_user__BB10 [ color=blue ];
	ApplicationController_user_is_spider__BB1 -> ApplicationController_user_is_spider__BB5 [ color=blue ];
	ApplicationController_user_is_spider__BB1 -> ApplicationController_user_is_spider__BB2 [ color=blue ];
	ApplicationController_user_is_spider__BB2 -> ApplicationController_user_is_spider__BB3 [ color=blue ];
	ApplicationController_user_is_spider__BB2 -> ApplicationController_user_is_spider__BB4 [ color=blue ];
	ApplicationController_user_is_spider__BB3 -> ApplicationController_user_is_spider__BB5 [ color=blue ];
	ApplicationController_user_is_spider__BB4 -> ApplicationController_user_is_spider__BB5 [ color=blue ];
	ApplicationController_increase_traffic_counter__BB1 -> ApplicationController_increase_traffic_counter__BB8 [ color=blue ];
	ApplicationController_increase_traffic_counter__BB1 -> ApplicationController_increase_traffic_counter__BB2 [ color=blue ];
	ApplicationController_increase_traffic_counter__BB2 -> ApplicationController_increase_traffic_counter__BB3 [ color=blue ];
	ApplicationController_increase_traffic_counter__BB2 -> ApplicationController_increase_traffic_counter__BB4 [ color=blue ];
	ApplicationController_increase_traffic_counter__BB3 -> ApplicationController_increase_traffic_counter__BB4 [ color=blue ];
	ApplicationController_increase_traffic_counter__BB4 -> ApplicationController_increase_traffic_counter__BB5 [ color=blue ];
	ApplicationController_increase_traffic_counter__BB4 -> ApplicationController_increase_traffic_counter__BB6 [ color=blue ];
	ApplicationController_increase_traffic_counter__BB5 -> ApplicationController_increase_traffic_counter__BB8 [ color=blue ];
	ApplicationController_increase_traffic_counter__BB6 -> ApplicationController_increase_traffic_counter__BB8 [ color=blue ];
	ApplicationController_increase_traffic_counter__BB6:f0 -> ApplicationController_increase_traffic_counter_386788_closure0_BB1 [color=blue ];
	ApplicationController_increase_traffic_counter_386788_closure0_BB6:f0 -> ApplicationController_increase_traffic_counter__BB6 [color=blue ];
	ApplicationController_increase_traffic_counter_386788_closure0_BB1 -> ApplicationController_increase_traffic_counter_386788_closure0_BB6 [ color=blue ];
	ApplicationController_increase_traffic_counter_386788_closure0_BB1 -> ApplicationController_increase_traffic_counter_386788_closure0_BB2 [ color=blue ];
	ApplicationController_increase_traffic_counter_386788_closure0_BB2 -> ApplicationController_increase_traffic_counter_386788_closure0_BB3 [ color=blue ];
	ApplicationController_increase_traffic_counter_386788_closure0_BB3 -> ApplicationController_increase_traffic_counter_386788_closure0_BB4 [ color=blue ];
	ApplicationController_increase_traffic_counter_386788_closure0_BB3 -> ApplicationController_increase_traffic_counter_386788_closure0_BB6 [ color=blue ];
	ApplicationController_increase_traffic_counter_386788_closure0_BB4 -> ApplicationController_increase_traffic_counter_386788_closure0_BB6 [ color=blue ];
	ApplicationController_increase_traffic_counter_386788_closure0_BB6 -> ApplicationController_increase_traffic_counter_386788_closure0_BB1 [color=blue ];
	ApplicationController_require_logged_in_user_or_400__BB1 -> ApplicationController_require_logged_in_user_or_400__BB6 [ color=blue ];
	ApplicationController_require_logged_in_user_or_400__BB1 -> ApplicationController_require_logged_in_user_or_400__BB2 [ color=blue ];
	ApplicationController_require_logged_in_user_or_400__BB2 -> ApplicationController_require_logged_in_user_or_400__BB3 [ color=blue ];
	ApplicationController_require_logged_in_user_or_400__BB2 -> ApplicationController_require_logged_in_user_or_400__BB4 [ color=blue ];
	ApplicationController_require_logged_in_user_or_400__BB3 -> ApplicationController_require_logged_in_user_or_400__BB6 [ color=blue ];
	ApplicationController_require_logged_in_user_or_400__BB4 -> ApplicationController_require_logged_in_user_or_400__BB6 [ color=blue ];
	ApplicationController_require_logged_in_user__BB1 -> ApplicationController_require_logged_in_user__BB9 [ color=blue ];
	ApplicationController_require_logged_in_user__BB1 -> ApplicationController_require_logged_in_user__BB2 [ color=blue ];
	ApplicationController_require_logged_in_user__BB2 -> ApplicationController_require_logged_in_user__BB3 [ color=blue ];
	ApplicationController_require_logged_in_user__BB2 -> ApplicationController_require_logged_in_user__BB4 [ color=blue ];
	ApplicationController_require_logged_in_user__BB3 -> ApplicationController_require_logged_in_user__BB9 [ color=blue ];
	ApplicationController_require_logged_in_user__BB4 -> ApplicationController_require_logged_in_user__BB5 [ color=blue ];
	ApplicationController_require_logged_in_user__BB4 -> ApplicationController_require_logged_in_user__BB6 [ color=blue ];
	ApplicationController_require_logged_in_user__BB5 -> ApplicationController_require_logged_in_user__BB7 [ color=blue ];
	ApplicationController_require_logged_in_user__BB6 -> ApplicationController_require_logged_in_user__BB7 [ color=blue ];
	ApplicationController_require_logged_in_user__BB7 -> ApplicationController_require_logged_in_user__BB9 [ color=blue ];
	StoriesController_find_user_story__BB1 -> StoriesController_find_user_story__BB13 [ color=blue ];
	StoriesController_find_user_story__BB1 -> StoriesController_find_user_story__BB2 [ color=blue ];
	StoriesController_find_user_story__BB2 -> StoriesController_find_user_story__BB3 [ color=blue ];
	StoriesController_find_user_story__BB2 -> StoriesController_find_user_story__BB6 [ color=blue ];
	StoriesController_find_user_story__BB3 -> StoriesController_find_user_story__BB4 [ color=blue ];
	StoriesController_find_user_story__BB3 -> StoriesController_find_user_story__BB5 [ color=blue ];
	StoriesController_find_user_story__BB4 -> StoriesController_find_user_story__BB5 [ color=blue ];
	StoriesController_find_user_story__BB5 -> StoriesController_find_user_story__BB9 [ color=blue ];
	StoriesController_find_user_story__BB6 -> StoriesController_find_user_story__BB7 [ color=blue ];
	StoriesController_find_user_story__BB6 -> StoriesController_find_user_story__BB8 [ color=blue ];
	StoriesController_find_user_story__BB7 -> StoriesController_find_user_story__BB8 [ color=blue ];
	StoriesController_find_user_story__BB8 -> StoriesController_find_user_story__BB9 [ color=blue ];
	StoriesController_find_user_story__BB9 -> StoriesController_find_user_story__BB10 [ color=blue ];
	StoriesController_find_user_story__BB9 -> StoriesController_find_user_story__BB11 [ color=blue ];
	StoriesController_find_user_story__BB10 -> StoriesController_find_user_story__BB13 [ color=blue ];
	StoriesController_find_user_story__BB11 -> StoriesController_find_user_story__BB13 [ color=blue ];
	Story_short_id_path__BB1 -> Story_short_id_path__BB3 [ color=blue ];
	Story_short_id_path__BB1 -> Story_short_id_path__BB2 [ color=blue ];
	Story_short_id_path__BB2 -> Story_short_id_path__BB3 [ color=blue ];
	Story_title_as_url__BB1 -> Story_title_as_url__BB8 [ color=blue ];
	Story_title_as_url__BB1 -> Story_title_as_url__BB2 [ color=blue ];
	Story_title_as_url__BB2 -> Story_title_as_url__BB3 [ color=blue ];
	Story_title_as_url__BB3 -> Story_title_as_url__BB4 [ color=blue ];
	Story_title_as_url__BB3 -> Story_title_as_url__BB6 [ color=blue ];
	Story_title_as_url__BB4 -> Story_title_as_url__BB3 [ color=blue ];
	Story_title_as_url__BB6 -> Story_title_as_url__BB8 [ color=blue ];
	Story_comments_path__BB1 -> Story_comments_path__BB3 [ color=blue ];
	Story_comments_path__BB1 -> Story_comments_path__BB2 [ color=blue ];
	Story_comments_path__BB2 -> Story_comments_path__BB3 [ color=blue ];
	Story_is_gone__BB1 -> Story_is_gone__BB3 [ color=blue ];
	Story_is_gone__BB1 -> Story_is_gone__BB2 [ color=blue ];
	Story_is_gone__BB2 -> Story_is_gone__BB3 [ color=blue ];
	Story_can_be_seen_by_user__BB1 -> Story_can_be_seen_by_user__BB12 [ color=blue ];
	Story_can_be_seen_by_user__BB1 -> Story_can_be_seen_by_user__BB2 [ color=blue ];
	Story_can_be_seen_by_user__BB2 -> Story_can_be_seen_by_user__BB3 [ color=blue ];
	Story_can_be_seen_by_user__BB2 -> Story_can_be_seen_by_user__BB8 [ color=blue ];
	Story_can_be_seen_by_user__BB3 -> Story_can_be_seen_by_user__BB4 [ color=blue ];
	Story_can_be_seen_by_user__BB3 -> Story_can_be_seen_by_user__BB7 [ color=blue ];
	Story_can_be_seen_by_user__BB4 -> Story_can_be_seen_by_user__BB5 [ color=blue ];
	Story_can_be_seen_by_user__BB4 -> Story_can_be_seen_by_user__BB6 [ color=blue ];
	Story_can_be_seen_by_user__BB5 -> Story_can_be_seen_by_user__BB6 [ color=blue ];
	Story_can_be_seen_by_user__BB6 -> Story_can_be_seen_by_user__BB7 [ color=blue ];
	Story_can_be_seen_by_user__BB7 -> Story_can_be_seen_by_user__BB8 [ color=blue ];
	Story_can_be_seen_by_user__BB8 -> Story_can_be_seen_by_user__BB9 [ color=blue ];
	Story_can_be_seen_by_user__BB8 -> Story_can_be_seen_by_user__BB10 [ color=blue ];
	Story_can_be_seen_by_user__BB9 -> Story_can_be_seen_by_user__BB12 [ color=blue ];
	Story_can_be_seen_by_user__BB10 -> Story_can_be_seen_by_user__BB12 [ color=blue ];
	Story_short_id_url__BB1 -> Story_short_id_url__BB3 [ color=blue ];
	Story_short_id_url__BB1 -> Story_short_id_url__BB2 [ color=blue ];
	Story_short_id_url__BB2 -> Story_short_id_url__BB3 [ color=blue ];
	Story_merged_comments__BB1 -> Story_merged_comments__BB3 [ color=blue ];
	Story_merged_comments__BB1 -> Story_merged_comments__BB2 [ color=blue ];
	Story_merged_comments__BB2 -> Story_merged_comments__BB3 [ color=blue ];
	Comment_is_gone__BB1 -> Comment_is_gone__BB5 [ color=blue ];
	Comment_is_gone__BB1 -> Comment_is_gone__BB2 [ color=blue ];
	Comment_is_gone__BB2 -> Comment_is_gone__BB3 [ color=blue ];
	Comment_is_gone__BB2 -> Comment_is_gone__BB4 [ color=blue ];
	Comment_is_gone__BB3 -> Comment_is_gone__BB5 [ color=blue ];
	Comment_is_gone__BB4 -> Comment_is_gone__BB5 [ color=blue ];
	Comment_arrange_for_user__BB1 -> Comment_arrange_for_user__BB30 [ color=blue ];
	Comment_arrange_for_user__BB1 -> Comment_arrange_for_user__BB2 [ color=blue ];
	Comment_arrange_for_user__BB2 -> Comment_arrange_for_user__BB3 [ color=blue ];
	Comment_arrange_for_user__BB3 -> Comment_arrange_for_user__BB4 [ color=blue ];
	Comment_arrange_for_user__BB3 -> Comment_arrange_for_user__BB28 [ color=blue ];
	Comment_arrange_for_user__BB4 -> Comment_arrange_for_user__BB5 [ color=blue ];
	Comment_arrange_for_user__BB4 -> Comment_arrange_for_user__BB25 [ color=blue ];
	Comment_arrange_for_user__BB5 -> Comment_arrange_for_user__BB6 [ color=blue ];
	Comment_arrange_for_user__BB5 -> Comment_arrange_for_user__BB7 [ color=blue ];
	Comment_arrange_for_user__BB6 -> Comment_arrange_for_user__BB18 [ color=blue ];
	Comment_arrange_for_user__BB7 -> Comment_arrange_for_user__BB8 [ color=blue ];
	Comment_arrange_for_user__BB7 -> Comment_arrange_for_user__BB9 [ color=blue ];
	Comment_arrange_for_user__BB8 -> Comment_arrange_for_user__BB17 [ color=blue ];
	Comment_arrange_for_user__BB9 -> Comment_arrange_for_user__BB10 [ color=blue ];
	Comment_arrange_for_user__BB9 -> Comment_arrange_for_user__BB13 [ color=blue ];
	Comment_arrange_for_user__BB10 -> Comment_arrange_for_user__BB11 [ color=blue ];
	Comment_arrange_for_user__BB10 -> Comment_arrange_for_user__BB12 [ color=blue ];
	Comment_arrange_for_user__BB11 -> Comment_arrange_for_user__BB12 [ color=blue ];
	Comment_arrange_for_user__BB12 -> Comment_arrange_for_user__BB13 [ color=blue ];
	Comment_arrange_for_user__BB13 -> Comment_arrange_for_user__BB14 [ color=blue ];
	Comment_arrange_for_user__BB13 -> Comment_arrange_for_user__BB15 [ color=blue ];
	Comment_arrange_for_user__BB14 -> Comment_arrange_for_user__BB17 [ color=blue ];
	Comment_arrange_for_user__BB15 -> Comment_arrange_for_user__BB27 [ color=blue ];
	Comment_arrange_for_user__BB17 -> Comment_arrange_for_user__BB18 [ color=blue ];
	Comment_arrange_for_user__BB18 -> Comment_arrange_for_user__BB19 [ color=blue ];
	Comment_arrange_for_user__BB18 -> Comment_arrange_for_user__BB20 [ color=blue ];
	Comment_arrange_for_user__BB19 -> Comment_arrange_for_user__BB22 [ color=blue ];
	Comment_arrange_for_user__BB19 -> Comment_arrange_for_user__BB23 [ color=blue ];
	Comment_arrange_for_user__BB20 -> Comment_arrange_for_user__BB27 [ color=blue ];
	Comment_arrange_for_user__BB22 -> Comment_arrange_for_user__BB27 [ color=blue ];
	Comment_arrange_for_user__BB23 -> Comment_arrange_for_user__BB26 [ color=blue ];
	Comment_arrange_for_user__BB25 -> Comment_arrange_for_user__BB26 [ color=blue ];
	Comment_arrange_for_user__BB26 -> Comment_arrange_for_user__BB27 [ color=blue ];
	Comment_arrange_for_user__BB27 -> Comment_arrange_for_user__BB3 [ color=blue ];
	Comment_arrange_for_user__BB28 -> Comment_arrange_for_user__BB30 [ color=blue ];
	Story_is_hidden_by_user_855665_closure0_closure1_BB1 -> Story_is_hidden_by_user_855665_closure0_closure1_BB3 [ color=blue ];
	Story_is_hidden_by_user_855665_closure0_closure1_BB1 -> Story_is_hidden_by_user_855665_closure0_closure1_BB2 [ color=blue ];
	Story_is_hidden_by_user_855665_closure0_closure1_BB2 -> Story_is_hidden_by_user_855665_closure0_closure1_BB3 [ color=blue ];
	Vote_comment_votes_by_user_for_story_hash_855665_closure0_closure1_BB1 -> Vote_comment_votes_by_user_for_story_hash_855665_closure0_closure1_BB3 [ color=blue ];
	Vote_comment_votes_by_user_for_story_hash_855665_closure0_closure1_BB1 -> Vote_comment_votes_by_user_for_story_hash_855665_closure0_closure1_BB2 [ color=blue ];
	Vote_comment_votes_by_user_for_story_hash_855665_closure0_closure1_BB2 -> Vote_comment_votes_by_user_for_story_hash_855665_closure0_closure1_BB3 [ color=blue ];
	Vote_comment_votes_by_user_for_story_hash_855665_closure0_closure1_BB2:f2 -> Vote_comment_votes_by_user_for_story_hash_590074_closure0_closure1_closure2_BB1 [color=blue ];
	Vote_comment_votes_by_user_for_story_hash_590074_closure0_closure1_closure2_BB6:f0 -> Vote_comment_votes_by_user_for_story_hash_855665_closure0_closure1_BB2 [color=blue ];
	Vote_comment_votes_by_user_for_story_hash_590074_closure0_closure1_closure2_BB1 -> Vote_comment_votes_by_user_for_story_hash_590074_closure0_closure1_closure2_BB6 [ color=blue ];
	Vote_comment_votes_by_user_for_story_hash_590074_closure0_closure1_closure2_BB1 -> Vote_comment_votes_by_user_for_story_hash_590074_closure0_closure1_closure2_BB2 [ color=blue ];
	Vote_comment_votes_by_user_for_story_hash_590074_closure0_closure1_closure2_BB2 -> Vote_comment_votes_by_user_for_story_hash_590074_closure0_closure1_closure2_BB3 [ color=blue ];
	Vote_comment_votes_by_user_for_story_hash_590074_closure0_closure1_closure2_BB3 -> Vote_comment_votes_by_user_for_story_hash_590074_closure0_closure1_closure2_BB4 [ color=blue ];
	Vote_comment_votes_by_user_for_story_hash_590074_closure0_closure1_closure2_BB3 -> Vote_comment_votes_by_user_for_story_hash_590074_closure0_closure1_closure2_BB6 [ color=blue ];
	Vote_comment_votes_by_user_for_story_hash_590074_closure0_closure1_closure2_BB4 -> Vote_comment_votes_by_user_for_story_hash_590074_closure0_closure1_closure2_BB6 [ color=blue ];
	Vote_comment_votes_by_user_for_story_hash_590074_closure0_closure1_closure2_BB6 -> Vote_comment_votes_by_user_for_story_hash_590074_closure0_closure1_closure2_BB1 [color=blue ];
	StoriesController_load_user_votes_855665_closure0_closure1_BB1 -> StoriesController_load_user_votes_855665_closure0_closure1_BB9 [ color=blue ];
	StoriesController_load_user_votes_855665_closure0_closure1_BB1 -> StoriesController_load_user_votes_855665_closure0_closure1_BB2 [ color=blue ];
	StoriesController_load_user_votes_855665_closure0_closure1_BB2 -> StoriesController_load_user_votes_855665_closure0_closure1_BB3 [ color=blue ];
	StoriesController_load_user_votes_855665_closure0_closure1_BB2 -> StoriesController_load_user_votes_855665_closure0_closure1_BB7 [ color=blue ];
	StoriesController_load_user_votes_855665_closure0_closure1_BB3 -> StoriesController_load_user_votes_855665_closure0_closure1_BB4 [ color=blue ];
	StoriesController_load_user_votes_855665_closure0_closure1_BB3 -> StoriesController_load_user_votes_855665_closure0_closure1_BB5 [ color=blue ];
	StoriesController_load_user_votes_855665_closure0_closure1_BB4 -> StoriesController_load_user_votes_855665_closure0_closure1_BB6 [ color=blue ];
	StoriesController_load_user_votes_855665_closure0_closure1_BB5 -> StoriesController_load_user_votes_855665_closure0_closure1_BB6 [ color=blue ];
	StoriesController_load_user_votes_855665_closure0_closure1_BB6 -> StoriesController_load_user_votes_855665_closure0_closure1_BB9 [ color=blue ];
	StoriesController_load_user_votes_855665_closure0_closure1_BB6:f0 -> StoriesController_load_user_votes_1014921_closure0_closure1_closure2_BB1 [color=blue ];
	StoriesController_load_user_votes_1014921_closure0_closure1_closure2_BB9:f0 -> StoriesController_load_user_votes_855665_closure0_closure1_BB6 [color=blue ];
	StoriesController_load_user_votes_1014921_closure0_closure1_closure2_BB1 -> StoriesController_load_user_votes_1014921_closure0_closure1_closure2_BB9 [ color=blue ];
	StoriesController_load_user_votes_1014921_closure0_closure1_closure2_BB1 -> StoriesController_load_user_votes_1014921_closure0_closure1_closure2_BB2 [ color=blue ];
	StoriesController_load_user_votes_1014921_closure0_closure1_closure2_BB2 -> StoriesController_load_user_votes_1014921_closure0_closure1_closure2_BB3 [ color=blue ];
	StoriesController_load_user_votes_1014921_closure0_closure1_closure2_BB3 -> StoriesController_load_user_votes_1014921_closure0_closure1_closure2_BB4 [ color=blue ];
	StoriesController_load_user_votes_1014921_closure0_closure1_closure2_BB3 -> StoriesController_load_user_votes_1014921_closure0_closure1_closure2_BB5 [ color=blue ];
	StoriesController_load_user_votes_1014921_closure0_closure1_closure2_BB3 -> StoriesController_load_user_votes_1014921_closure0_closure1_closure2_BB7 [ color=blue ];
	StoriesController_load_user_votes_1014921_closure0_closure1_closure2_BB4 -> StoriesController_load_user_votes_1014921_closure0_closure1_closure2_BB6 [ color=blue ];
	StoriesController_load_user_votes_1014921_closure0_closure1_closure2_BB4 -> StoriesController_load_user_votes_1014921_closure0_closure1_closure2_BB7 [ color=blue ];
	StoriesController_load_user_votes_1014921_closure0_closure1_closure2_BB5 -> StoriesController_load_user_votes_1014921_closure0_closure1_closure2_BB9 [ color=blue ];
	StoriesController_load_user_votes_1014921_closure0_closure1_closure2_BB6 -> StoriesController_load_user_votes_1014921_closure0_closure1_closure2_BB9 [ color=blue ];
	StoriesController_load_user_votes_1014921_closure0_closure1_closure2_BB7 -> StoriesController_load_user_votes_1014921_closure0_closure1_closure2_BB9 [ color=blue ];
	StoriesController_load_user_votes_1014921_closure0_closure1_closure2_BB9 -> StoriesController_load_user_votes_1014921_closure0_closure1_closure2_BB1 [color=blue ];
	StoriesController_load_user_votes_855665_closure0_closure1_BB7 -> StoriesController_load_user_votes_855665_closure0_closure1_BB9 [ color=blue ];
	Story_is_unavailable_572528_closure0_closure1_closure2_BB1 -> Story_is_unavailable_572528_closure0_closure1_closure2_BB3 [ color=blue ];
	Story_is_unavailable_572528_closure0_closure1_closure2_BB1 -> Story_is_unavailable_572528_closure0_closure1_closure2_BB2 [ color=blue ];
	Story_is_unavailable_572528_closure0_closure1_closure2_BB2 -> Story_is_unavailable_572528_closure0_closure1_closure2_BB3 [ color=blue ];
	Story_as_json_295670_closure0_closure1_BB1 -> Story_as_json_295670_closure0_closure1_BB13 [ color=blue ];
	Story_as_json_295670_closure0_closure1_BB1 -> Story_as_json_295670_closure0_closure1_BB2 [ color=blue ];
	Story_as_json_295670_closure0_closure1_BB2 -> Story_as_json_295670_closure0_closure1_BB4 [ color=blue ];
	Story_as_json_295670_closure0_closure1_BB2 -> Story_as_json_295670_closure0_closure1_BB5 [ color=blue ];
	Story_as_json_295670_closure0_closure1_BB2 -> Story_as_json_295670_closure0_closure1_BB11 [ color=blue ];
	Story_as_json_295670_closure0_closure1_BB4 -> Story_as_json_295670_closure0_closure1_BB5 [ color=blue ];
	Story_as_json_295670_closure0_closure1_BB5 -> Story_as_json_295670_closure0_closure1_BB6 [ color=blue ];
	Story_as_json_295670_closure0_closure1_BB5 -> Story_as_json_295670_closure0_closure1_BB7 [ color=blue ];
	Story_as_json_295670_closure0_closure1_BB5 -> Story_as_json_295670_closure0_closure1_BB11 [ color=blue ];
	Story_as_json_295670_closure0_closure1_BB5:f1 -> Story_as_json_540448_closure0_closure1_closure2_BB1 [color=blue ];
	Story_as_json_540448_closure0_closure1_closure2_BB6:f0 -> Story_as_json_295670_closure0_closure1_BB5 [color=blue ];
	Story_as_json_540448_closure0_closure1_closure2_BB1 -> Story_as_json_540448_closure0_closure1_closure2_BB6 [ color=blue ];
	Story_as_json_540448_closure0_closure1_closure2_BB1 -> Story_as_json_540448_closure0_closure1_closure2_BB2 [ color=blue ];
	Story_as_json_540448_closure0_closure1_closure2_BB2 -> Story_as_json_540448_closure0_closure1_closure2_BB3 [ color=blue ];
	Story_as_json_540448_closure0_closure1_closure2_BB3 -> Story_as_json_540448_closure0_closure1_closure2_BB4 [ color=blue ];
	Story_as_json_540448_closure0_closure1_closure2_BB3 -> Story_as_json_540448_closure0_closure1_closure2_BB6 [ color=blue ];
	Story_as_json_540448_closure0_closure1_closure2_BB4 -> Story_as_json_540448_closure0_closure1_closure2_BB6 [ color=blue ];
	Story_as_json_540448_closure0_closure1_closure2_BB6 -> Story_as_json_540448_closure0_closure1_closure2_BB1 [color=blue ];
	Story_as_json_295670_closure0_closure1_BB6 -> Story_as_json_295670_closure0_closure1_BB7 [ color=blue ];
	Story_as_json_295670_closure0_closure1_BB6 -> Story_as_json_295670_closure0_closure1_BB11 [ color=blue ];
	Story_as_json_295670_closure0_closure1_BB7 -> Story_as_json_295670_closure0_closure1_BB8 [ color=blue ];
	Story_as_json_295670_closure0_closure1_BB7 -> Story_as_json_295670_closure0_closure1_BB9 [ color=blue ];
	Story_as_json_295670_closure0_closure1_BB8 -> Story_as_json_295670_closure0_closure1_BB10 [ color=blue ];
	Story_as_json_295670_closure0_closure1_BB8 -> Story_as_json_295670_closure0_closure1_BB11 [ color=blue ];
	Story_as_json_295670_closure0_closure1_BB9 -> Story_as_json_295670_closure0_closure1_BB10 [ color=blue ];
	Story_as_json_295670_closure0_closure1_BB10 -> Story_as_json_295670_closure0_closure1_BB11 [ color=blue ];
	Story_as_json_295670_closure0_closure1_BB10 -> Story_as_json_295670_closure0_closure1_BB13 [ color=blue ];
	Story_as_json_295670_closure0_closure1_BB10:f0 -> Story_as_json_871406_closure0_closure1_closure2_BB1 [color=blue ];
	Story_as_json_871406_closure0_closure1_closure2_BB15:f0 -> Story_as_json_295670_closure0_closure1_BB10 [color=blue ];
	Story_as_json_871406_closure0_closure1_closure2_BB1 -> Story_as_json_871406_closure0_closure1_closure2_BB15 [ color=blue ];
	Story_as_json_871406_closure0_closure1_closure2_BB1 -> Story_as_json_871406_closure0_closure1_closure2_BB2 [ color=blue ];
	Story_as_json_871406_closure0_closure1_closure2_BB2 -> Story_as_json_871406_closure0_closure1_closure2_BB3 [ color=blue ];
	Story_as_json_871406_closure0_closure1_closure2_BB3 -> Story_as_json_871406_closure0_closure1_closure2_BB4 [ color=blue ];
	Story_as_json_871406_closure0_closure1_closure2_BB3 -> Story_as_json_871406_closure0_closure1_closure2_BB5 [ color=blue ];
	Story_as_json_871406_closure0_closure1_closure2_BB3 -> Story_as_json_871406_closure0_closure1_closure2_BB13 [ color=blue ];
	Story_as_json_871406_closure0_closure1_closure2_BB4 -> Story_as_json_871406_closure0_closure1_closure2_BB12 [ color=blue ];
	Story_as_json_871406_closure0_closure1_closure2_BB4 -> Story_as_json_871406_closure0_closure1_closure2_BB13 [ color=blue ];
	Story_as_json_871406_closure0_closure1_closure2_BB5 -> Story_as_json_871406_closure0_closure1_closure2_BB6 [ color=blue ];
	Story_as_json_871406_closure0_closure1_closure2_BB5 -> Story_as_json_871406_closure0_closure1_closure2_BB10 [ color=blue ];
	Story_as_json_871406_closure0_closure1_closure2_BB5 -> Story_as_json_871406_closure0_closure1_closure2_BB13 [ color=blue ];
	Story_as_json_871406_closure0_closure1_closure2_BB6 -> Story_as_json_871406_closure0_closure1_closure2_BB7 [ color=blue ];
	Story_as_json_871406_closure0_closure1_closure2_BB6 -> Story_as_json_871406_closure0_closure1_closure2_BB8 [ color=blue ];
	Story_as_json_871406_closure0_closure1_closure2_BB6 -> Story_as_json_871406_closure0_closure1_closure2_BB13 [ color=blue ];
	Story_as_json_871406_closure0_closure1_closure2_BB7 -> Story_as_json_871406_closure0_closure1_closure2_BB9 [ color=blue ];
	Story_as_json_871406_closure0_closure1_closure2_BB7 -> Story_as_json_871406_closure0_closure1_closure2_BB13 [ color=blue ];
	Story_as_json_871406_closure0_closure1_closure2_BB8 -> Story_as_json_871406_closure0_closure1_closure2_BB9 [ color=blue ];
	Story_as_json_871406_closure0_closure1_closure2_BB8 -> Story_as_json_871406_closure0_closure1_closure2_BB13 [ color=blue ];
	Story_as_json_871406_closure0_closure1_closure2_BB9 -> Story_as_json_871406_closure0_closure1_closure2_BB11 [ color=blue ];
	Story_as_json_871406_closure0_closure1_closure2_BB10 -> Story_as_json_871406_closure0_closure1_closure2_BB11 [ color=blue ];
	Story_as_json_871406_closure0_closure1_closure2_BB11 -> Story_as_json_871406_closure0_closure1_closure2_BB15 [ color=blue ];
	Story_as_json_871406_closure0_closure1_closure2_BB12 -> Story_as_json_871406_closure0_closure1_closure2_BB15 [ color=blue ];
	Story_as_json_871406_closure0_closure1_closure2_BB13 -> Story_as_json_871406_closure0_closure1_closure2_BB15 [ color=blue ];
	Story_as_json_871406_closure0_closure1_closure2_BB15 -> Story_as_json_871406_closure0_closure1_closure2_BB1 [color=blue ];
	Story_as_json_295670_closure0_closure1_BB11 -> Story_as_json_295670_closure0_closure1_BB13 [ color=blue ];
	StoriesController_show__BB1 -> StoriesController_show__BB15 [ color=blue ];
	StoriesController_show__BB1 -> StoriesController_show__BB2 [ color=blue ];
	StoriesController_show__BB2 -> StoriesController_show__BB3 [ color=blue ];
	StoriesController_show__BB2 -> StoriesController_show__BB4 [ color=blue ];
	StoriesController_show__BB3 -> StoriesController_show__BB15 [ color=blue ];
	StoriesController_show__BB4 -> StoriesController_show__BB6 [ color=blue ];
	StoriesController_show__BB4 -> StoriesController_show__BB7 [ color=blue ];
	StoriesController_show__BB6 -> StoriesController_show__BB8 [ color=blue ];
	StoriesController_show__BB7 -> StoriesController_show__BB8 [ color=blue ];
	StoriesController_show__BB8 -> StoriesController_show__BB9 [ color=blue ];
	StoriesController_show__BB8 -> StoriesController_show__BB13 [ color=blue ];
	StoriesController_show__BB9 -> StoriesController_show__BB10 [ color=blue ];
	StoriesController_show__BB10 -> StoriesController_show__BB12 [ color=blue ];
	StoriesController_show__BB10 -> StoriesController_show__BB11 [ color=blue ];
	StoriesController_show__BB10:f0 -> StoriesController_show_1008312_closure0_BB1 [color=blue ];
	StoriesController_show_1008312_closure0_BB9:f0 -> StoriesController_show__BB10 [color=blue ];
	StoriesController_show_1008312_closure0_BB1 -> StoriesController_show_1008312_closure0_BB9 [ color=blue ];
	StoriesController_show_1008312_closure0_BB1 -> StoriesController_show_1008312_closure0_BB2 [ color=blue ];
	StoriesController_show_1008312_closure0_BB2 -> StoriesController_show_1008312_closure0_BB3 [ color=blue ];
	StoriesController_show_1008312_closure0_BB3 -> StoriesController_show_1008312_closure0_BB4 [ color=blue ];
	StoriesController_show_1008312_closure0_BB3 -> StoriesController_show_1008312_closure0_BB5 [ color=blue ];
	StoriesController_show_1008312_closure0_BB3 -> StoriesController_show_1008312_closure0_BB7 [ color=blue ];
	StoriesController_show_1008312_closure0_BB4 -> StoriesController_show_1008312_closure0_BB7 [ color=blue ];
	StoriesController_show_1008312_closure0_BB4 -> StoriesController_show_1008312_closure0_BB9 [ color=blue ];
	StoriesController_show_1008312_closure0_BB5 -> StoriesController_show_1008312_closure0_BB9 [ color=blue ];
	StoriesController_show_1008312_closure0_BB7 -> StoriesController_show_1008312_closure0_BB9 [ color=blue ];
	StoriesController_show_1008312_closure0_BB9 -> StoriesController_show_1008312_closure0_BB1 [color=blue ];
	StoriesController_show__BB11 -> StoriesController_show__BB12 [ color=blue ];
	StoriesController_show__BB12 -> StoriesController_show__BB14 [ color=blue ];
	StoriesController_show__BB13 -> StoriesController_show__BB14 [ color=blue ];
	StoriesController_show__BB14 -> StoriesController_show__BB15 [ color=blue ];
	StoriesController_show__BB14:f0 -> StoriesController_show_48961_closure0_BB1 [color=blue ];
	StoriesController_show_48961_closure0_BB6:f0 -> StoriesController_show__BB14 [color=blue ];
	StoriesController_show_48961_closure0_BB1 -> StoriesController_show_48961_closure0_BB6 [ color=blue ];
	StoriesController_show_48961_closure0_BB1 -> StoriesController_show_48961_closure0_BB2 [ color=blue ];
	StoriesController_show_48961_closure0_BB2 -> StoriesController_show_48961_closure0_BB3 [ color=blue ];
	StoriesController_show_48961_closure0_BB3 -> StoriesController_show_48961_closure0_BB4 [ color=blue ];
	StoriesController_show_48961_closure0_BB3 -> StoriesController_show_48961_closure0_BB6 [ color=blue ];
	StoriesController_show_48961_closure0_BB3:f0 -> StoriesController_show_855665_closure0_closure1_BB1 [color=blue ];
	StoriesController_show_855665_closure0_closure1_BB6:f0 -> StoriesController_show_48961_closure0_BB3 [color=blue ];
	StoriesController_show_855665_closure0_closure1_BB1 -> StoriesController_show_855665_closure0_closure1_BB6 [ color=blue ];
	StoriesController_show_855665_closure0_closure1_BB1 -> StoriesController_show_855665_closure0_closure1_BB2 [ color=blue ];
	StoriesController_show_855665_closure0_closure1_BB2 -> StoriesController_show_855665_closure0_closure1_BB3 [ color=blue ];
	StoriesController_show_855665_closure0_closure1_BB3 -> StoriesController_show_855665_closure0_closure1_BB4 [ color=blue ];
	StoriesController_show_855665_closure0_closure1_BB3 -> StoriesController_show_855665_closure0_closure1_BB6 [ color=blue ];
	StoriesController_show_855665_closure0_closure1_BB3:f1 -> StoriesController_show_572528_closure0_closure1_closure2_BB1 [color=blue ];
	StoriesController_show_572528_closure0_closure1_closure2_BB36:f0 -> StoriesController_show_855665_closure0_closure1_BB3 [color=blue ];
	StoriesController_show_572528_closure0_closure1_closure2_BB1 -> StoriesController_show_572528_closure0_closure1_closure2_BB36 [ color=blue ];
	StoriesController_show_572528_closure0_closure1_closure2_BB1 -> StoriesController_show_572528_closure0_closure1_closure2_BB2 [ color=blue ];
	StoriesController_show_572528_closure0_closure1_closure2_BB2 -> StoriesController_show_572528_closure0_closure1_closure2_BB3 [ color=blue ];
	StoriesController_show_572528_closure0_closure1_closure2_BB3 -> StoriesController_show_572528_closure0_closure1_closure2_BB4 [ color=blue ];
	StoriesController_show_572528_closure0_closure1_closure2_BB3 -> StoriesController_show_572528_closure0_closure1_closure2_BB5 [ color=blue ];
	StoriesController_show_572528_closure0_closure1_closure2_BB3 -> StoriesController_show_572528_closure0_closure1_closure2_BB34 [ color=blue ];
	StoriesController_show_572528_closure0_closure1_closure2_BB4 -> StoriesController_show_572528_closure0_closure1_closure2_BB6 [ color=blue ];
	StoriesController_show_572528_closure0_closure1_closure2_BB4 -> StoriesController_show_572528_closure0_closure1_closure2_BB34 [ color=blue ];
	StoriesController_show_572528_closure0_closure1_closure2_BB5 -> StoriesController_show_572528_closure0_closure1_closure2_BB6 [ color=blue ];
	StoriesController_show_572528_closure0_closure1_closure2_BB6 -> StoriesController_show_572528_closure0_closure1_closure2_BB7 [ color=blue ];
	StoriesController_show_572528_closure0_closure1_closure2_BB6 -> StoriesController_show_572528_closure0_closure1_closure2_BB8 [ color=blue ];
	StoriesController_show_572528_closure0_closure1_closure2_BB6 -> StoriesController_show_572528_closure0_closure1_closure2_BB34 [ color=blue ];
	StoriesController_show_572528_closure0_closure1_closure2_BB7 -> StoriesController_show_572528_closure0_closure1_closure2_BB8 [ color=blue ];
	StoriesController_show_572528_closure0_closure1_closure2_BB7 -> StoriesController_show_572528_closure0_closure1_closure2_BB34 [ color=blue ];
	StoriesController_show_572528_closure0_closure1_closure2_BB8 -> StoriesController_show_572528_closure0_closure1_closure2_BB9 [ color=blue ];
	StoriesController_show_572528_closure0_closure1_closure2_BB8 -> StoriesController_show_572528_closure0_closure1_closure2_BB10 [ color=blue ];
	StoriesController_show_572528_closure0_closure1_closure2_BB9 -> StoriesController_show_572528_closure0_closure1_closure2_BB11 [ color=blue ];
	StoriesController_show_572528_closure0_closure1_closure2_BB9 -> StoriesController_show_572528_closure0_closure1_closure2_BB34 [ color=blue ];
	StoriesController_show_572528_closure0_closure1_closure2_BB10 -> StoriesController_show_572528_closure0_closure1_closure2_BB11 [ color=blue ];
	StoriesController_show_572528_closure0_closure1_closure2_BB11 -> StoriesController_show_572528_closure0_closure1_closure2_BB12 [ color=blue ];
	StoriesController_show_572528_closure0_closure1_closure2_BB11 -> StoriesController_show_572528_closure0_closure1_closure2_BB32 [ color=blue ];
	StoriesController_show_572528_closure0_closure1_closure2_BB11 -> StoriesController_show_572528_closure0_closure1_closure2_BB34 [ color=blue ];
	StoriesController_show_572528_closure0_closure1_closure2_BB12 -> StoriesController_show_572528_closure0_closure1_closure2_BB13 [ color=blue ];
	StoriesController_show_572528_closure0_closure1_closure2_BB12 -> StoriesController_show_572528_closure0_closure1_closure2_BB14 [ color=blue ];
	StoriesController_show_572528_closure0_closure1_closure2_BB12 -> StoriesController_show_572528_closure0_closure1_closure2_BB34 [ color=blue ];
	StoriesController_show_572528_closure0_closure1_closure2_BB13 -> StoriesController_show_572528_closure0_closure1_closure2_BB14 [ color=blue ];
	StoriesController_show_572528_closure0_closure1_closure2_BB13 -> StoriesController_show_572528_closure0_closure1_closure2_BB34 [ color=blue ];
	StoriesController_show_572528_closure0_closure1_closure2_BB14 -> StoriesController_show_572528_closure0_closure1_closure2_BB15 [ color=blue ];
	StoriesController_show_572528_closure0_closure1_closure2_BB14 -> StoriesController_show_572528_closure0_closure1_closure2_BB16 [ color=blue ];
	StoriesController_show_572528_closure0_closure1_closure2_BB15 -> StoriesController_show_572528_closure0_closure1_closure2_BB17 [ color=blue ];
	StoriesController_show_572528_closure0_closure1_closure2_BB15 -> StoriesController_show_572528_closure0_closure1_closure2_BB34 [ color=blue ];
	StoriesController_show_572528_closure0_closure1_closure2_BB16 -> StoriesController_show_572528_closure0_closure1_closure2_BB17 [ color=blue ];
	StoriesController_show_572528_closure0_closure1_closure2_BB17 -> StoriesController_show_572528_closure0_closure1_closure2_BB18 [ color=blue ];
	StoriesController_show_572528_closure0_closure1_closure2_BB17 -> StoriesController_show_572528_closure0_closure1_closure2_BB34 [ color=blue ];
	StoriesController_show_572528_closure0_closure1_closure2_BB18 -> StoriesController_show_572528_closure0_closure1_closure2_BB19 [ color=blue ];
	StoriesController_show_572528_closure0_closure1_closure2_BB18 -> StoriesController_show_572528_closure0_closure1_closure2_BB30 [ color=blue ];
	StoriesController_show_572528_closure0_closure1_closure2_BB19 -> StoriesController_show_572528_closure0_closure1_closure2_BB20 [ color=blue ];
	StoriesController_show_572528_closure0_closure1_closure2_BB19 -> StoriesController_show_572528_closure0_closure1_closure2_BB24 [ color=blue ];
	StoriesController_show_572528_closure0_closure1_closure2_BB19 -> StoriesController_show_572528_closure0_closure1_closure2_BB34 [ color=blue ];
	StoriesController_show_572528_closure0_closure1_closure2_BB20 -> StoriesController_show_572528_closure0_closure1_closure2_BB21 [ color=blue ];
	StoriesController_show_572528_closure0_closure1_closure2_BB20 -> StoriesController_show_572528_closure0_closure1_closure2_BB22 [ color=blue ];
	StoriesController_show_572528_closure0_closure1_closure2_BB20 -> StoriesController_show_572528_closure0_closure1_closure2_BB34 [ color=blue ];
	StoriesController_show_572528_closure0_closure1_closure2_BB21 -> StoriesController_show_572528_closure0_closure1_closure2_BB23 [ color=blue ];
	StoriesController_show_572528_closure0_closure1_closure2_BB21 -> StoriesController_show_572528_closure0_closure1_closure2_BB34 [ color=blue ];
	StoriesController_show_572528_closure0_closure1_closure2_BB22 -> StoriesController_show_572528_closure0_closure1_closure2_BB23 [ color=blue ];
	StoriesController_show_572528_closure0_closure1_closure2_BB23 -> StoriesController_show_572528_closure0_closure1_closure2_BB28 [ color=blue ];
	StoriesController_show_572528_closure0_closure1_closure2_BB24 -> StoriesController_show_572528_closure0_closure1_closure2_BB25 [ color=blue ];
	StoriesController_show_572528_closure0_closure1_closure2_BB24 -> StoriesController_show_572528_closure0_closure1_closure2_BB26 [ color=blue ];
	StoriesController_show_572528_closure0_closure1_closure2_BB24 -> StoriesController_show_572528_closure0_closure1_closure2_BB34 [ color=blue ];
	StoriesController_show_572528_closure0_closure1_closure2_BB25 -> StoriesController_show_572528_closure0_closure1_closure2_BB27 [ color=blue ];
	StoriesController_show_572528_closure0_closure1_closure2_BB26 -> StoriesController_show_572528_closure0_closure1_closure2_BB27 [ color=blue ];
	StoriesController_show_572528_closure0_closure1_closure2_BB27 -> StoriesController_show_572528_closure0_closure1_closure2_BB28 [ color=blue ];
	StoriesController_show_572528_closure0_closure1_closure2_BB28 -> StoriesController_show_572528_closure0_closure1_closure2_BB18 [ color=blue ];
	StoriesController_show_572528_closure0_closure1_closure2_BB30 -> StoriesController_show_572528_closure0_closure1_closure2_BB33 [ color=blue ];
	StoriesController_show_572528_closure0_closure1_closure2_BB32 -> StoriesController_show_572528_closure0_closure1_closure2_BB36 [ color=blue ];
	StoriesController_show_572528_closure0_closure1_closure2_BB33 -> StoriesController_show_572528_closure0_closure1_closure2_BB36 [ color=blue ];
	StoriesController_show_572528_closure0_closure1_closure2_BB34 -> StoriesController_show_572528_closure0_closure1_closure2_BB36 [ color=blue ];
	StoriesController_show_572528_closure0_closure1_closure2_BB36 -> StoriesController_show_572528_closure0_closure1_closure2_BB1 [color=blue ];
	StoriesController_show_855665_closure0_closure1_BB4 -> StoriesController_show_855665_closure0_closure1_BB6 [ color=blue ];
	StoriesController_show_855665_closure0_closure1_BB6 -> StoriesController_show_855665_closure0_closure1_BB1 [color=blue ];
	StoriesController_show_48961_closure0_BB3:f0 -> StoriesController_show_295670_closure0_closure1_BB1 [color=blue ];
	StoriesController_show_295670_closure0_closure1_BB6:f0 -> StoriesController_show_48961_closure0_BB3 [color=blue ];
	StoriesController_show_295670_closure0_closure1_BB1 -> StoriesController_show_295670_closure0_closure1_BB6 [ color=blue ];
	StoriesController_show_295670_closure0_closure1_BB1 -> StoriesController_show_295670_closure0_closure1_BB2 [ color=blue ];
	StoriesController_show_295670_closure0_closure1_BB2 -> StoriesController_show_295670_closure0_closure1_BB3 [ color=blue ];
	StoriesController_show_295670_closure0_closure1_BB3 -> StoriesController_show_295670_closure0_closure1_BB4 [ color=blue ];
	StoriesController_show_295670_closure0_closure1_BB3 -> StoriesController_show_295670_closure0_closure1_BB6 [ color=blue ];
	StoriesController_show_295670_closure0_closure1_BB4 -> StoriesController_show_295670_closure0_closure1_BB6 [ color=blue ];
	StoriesController_show_295670_closure0_closure1_BB6 -> StoriesController_show_295670_closure0_closure1_BB1 [color=blue ];
	StoriesController_show_48961_closure0_BB4 -> StoriesController_show_48961_closure0_BB6 [ color=blue ];
	StoriesController_show_48961_closure0_BB6 -> StoriesController_show_48961_closure0_BB1 [color=blue ];
}