digraph StoriesController_create_forward_70280068898700 {
	n18 -> n19
	n19 -> n20
	n20 -> n23
	n23 -> n49
	n49 -> n50
	n20 -> n52
	n52 -> n57
	n57 -> n58
	n58 -> n63
	n63 -> n64
	n57 -> n60
	n60 -> n61
	n61 -> n63
	n52 -> n60
	n19 -> n21
	n21 -> n22
	n21 -> n50
	n18 [label=<<i>User.where</i>> color=crimson shape=doubleoctagon]; 
	n19 [label = <<i>User_where(session_token=Isession[u]_to_s).first</i>> color=coral1 ]
	n20 []
	n23 [label = <<i>user.is_active?</i>> ]
	n49 []
	n50 []
	n52 []
	n57 []
	n58 [label = <<i>@user.id</i>> ]
	n63 []
	n64 [label = <<i>Rails_logger.info</i>> ]
	n60 []
	n61 [label = <<i>@user.username</i>> ]
	n21 []
	n22 []
}

digraph StoriesController_create_backward_70280068898700 {
	n13 -> n18
	n17 -> n18
	n16 -> n17
	n15 -> n16
	n14 -> n15
	n3 -> n14
	n18 [label=<<i>User.where</i>> color=crimson shape=doubleoctagon]; 
	n13 []
	n17 []
	n16 [label = <<i>session[u].to_s</i>> ]
	n15 []
	n14 [label = <<i>self.session</i>> ]
	n3 []
}

digraph StoriesController_create_forward_70280068897320 {
	n19 -> n20
	n20 -> n23
	n23 -> n49
	n49 -> n50
	n20 -> n52
	n52 -> n57
	n57 -> n58
	n58 -> n63
	n63 -> n64
	n57 -> n60
	n60 -> n61
	n61 -> n63
	n52 -> n60
	n19 -> n21
	n21 -> n22
	n21 -> n50
	n19 [label=<<i>User_where(session_token=Isession[u]_to_s).first</i>> color=crimson shape=doubleoctagon]; 
	n20 []
	n23 [label = <<i>user.is_active?</i>> ]
	n49 []
	n50 []
	n52 []
	n57 []
	n58 [label = <<i>@user.id</i>> ]
	n63 []
	n64 [label = <<i>Rails_logger.info</i>> ]
	n60 []
	n61 [label = <<i>@user.username</i>> ]
	n21 []
	n22 []
}

digraph StoriesController_create_backward_70280068897320 {
	n18 -> n19
	n13 -> n18
	n17 -> n18
	n16 -> n17
	n15 -> n16
	n14 -> n15
	n3 -> n14
	n19 [label=<<i>User_where(session_token=Isession[u]_to_s).first</i>> color=crimson shape=doubleoctagon]; 
	n18 [label = <<i>User.where</i>> color=coral1 ]
	n13 []
	n17 []
	n16 [label = <<i>session[u].to_s</i>> ]
	n15 []
	n14 [label = <<i>self.session</i>> ]
	n3 []
}

digraph StoriesController_create_forward_70280068780240 {
	n122 [label=<<i>Keystore.transaction</i>> color=crimson shape=doubleoctagon]; 
}

digraph StoriesController_create_backward_70280068780240 {
	n121 -> n122
	n72 -> n122
	n122 [label=<<i>Keystore.transaction</i>> color=crimson shape=doubleoctagon]; 
	n121 []
	n72 []
}

digraph StoriesController_create_forward_70280068748380 {
	n156 -> n158
	n158 -> n159
	n159 -> n160
	n160 -> n164
	n159 -> n162
	n156 [label=<<i>self.lock</i>> color=crimson shape=doubleoctagon]; 
	n158 [label = <<i>self_lock(true).where</i>> color=coral1 ]
	n159 [label = <<i>%cl_1_5.first</i>> ]
	n160 []
	n164 []
	n162 []
}

digraph StoriesController_create_backward_70280068748380 {
	n151 -> n156
	n156 [label=<<i>self.lock</i>> color=crimson shape=doubleoctagon]; 
	n151 []
}

digraph StoriesController_create_forward_70280068746660 {
	n158 -> n159
	n159 -> n160
	n160 -> n164
	n159 -> n162
	n158 [label=<<i>self_lock(true).where</i>> color=crimson shape=doubleoctagon]; 
	n159 [label = <<i>%cl_1_5.first</i>> ]
	n160 []
	n164 []
	n162 []
}

digraph StoriesController_create_backward_70280068746660 {
	n156 -> n158
	n151 -> n156
	n157 -> n158
	n158 [label=<<i>self_lock(true).where</i>> color=crimson shape=doubleoctagon]; 
	n156 [label = <<i>self.lock</i>> color=coral1 ]
	n151 []
	n157 []
}

digraph StoriesController_create_forward_70280068727240 {
	n182 -> n187
	n182 [label=<<i>kv.save!</i>> color=crimson shape=doubleoctagon]; 
	n187 []
}

digraph StoriesController_create_backward_70280068727240 {
	n178 -> n182
	n174 -> n178
	n180 -> n182
	n178 -> n180
	n182 [label=<<i>kv.save!</i>> color=crimson shape=doubleoctagon]; 
	n178 []
	n174 []
	n180 []
}

digraph StoriesController_create_forward_70280068715460 {
	n185 [label=<<i>self.where</i>> color=crimson shape=doubleoctagon]; 
}

digraph StoriesController_create_backward_70280068715460 {
	n185 [label=<<i>self.where</i>> color=crimson shape=doubleoctagon]; 
}

digraph StoriesController_create_forward_70280068634620 {
	n255 [label=<<i>traffic_kv.save!</i>> color=crimson shape=doubleoctagon]; 
}

digraph StoriesController_create_backward_70280068634620 {
	n228 -> n255
	n227 -> n228
	n226 -> n227
	n225 -> n227
	n253 -> n255
	n228 -> n253
	n233 -> n253
	n232 -> n233
	n231 -> n232
	n230 -> n231
	n227 -> n230
	n242 -> n253
	n241 -> n242
	n233 -> n241
	n240 -> n241
	n239 -> n240
	n238 -> n239
	n237 -> n239
	n236 -> n237
	n235 -> n236
	n223 -> n235
	n136 -> n223
	n131 -> n136
	n130 -> n131
	n129 -> n130
	n134 -> n136
	n135 -> n136
	n218 -> n136
	n149 -> n218
	n139 -> n149
	n218 -> n136
	n221 -> n136
	n220 -> n221
	n219 -> n220
	n132 -> n236
	n131 -> n132
	n248 -> n253
	n247 -> n248
	n246 -> n247
	n245 -> n246
	n244 -> n245
	n241 -> n244
	n255 [label=<<i>traffic_kv.save!</i>> color=crimson shape=doubleoctagon]; 
	n228 []
	n227 [label = <<i>Keystore.find_or_create_key_for_update</i>> ]
	n226 []
	n225 []
	n253 []
	n233 []
	n232 []
	n231 [label = <<i>%cl_1_12.to_i</i>> ]
	n230 [label = <<i>%cl_1_11.value</i>> ]
	n242 []
	n241 []
	n240 [label = <<i>Time_now.to_i</i>> ]
	n239 []
	n238 []
	n237 []
	n236 []
	n235 [label = <<i>date_kv.value</i>> ]
	n223 []
	n136 [label = <<i>Keystore.find_or_create_key_for_update</i>> ]
	n131 [label = <<i>Time_now.to_i</i>> ]
	n130 [label = <<i>Time.now</i>> ]
	n129 []
	n134 []
	n135 []
	n218 []
	n149 [label = <<i>self.loop</i>> ]
	n139 []
	n221 []
	n220 []
	n219 []
	n132 []
	n248 []
	n247 [label = <<i>[[100,traffic]_max,10000].min</i>> ]
	n246 []
	n245 [label = <<i>[100,traffic].max</i>> ]
	n244 []
}

digraph StoriesController_create_forward_70280068631660 {
	n259 [label=<<i>date_kv.save!</i>> color=crimson shape=doubleoctagon]; 
}

digraph StoriesController_create_backward_70280068631660 {
	n223 -> n259
	n136 -> n223
	n131 -> n136
	n130 -> n131
	n129 -> n130
	n134 -> n136
	n135 -> n136
	n218 -> n136
	n149 -> n218
	n139 -> n149
	n218 -> n136
	n221 -> n136
	n220 -> n221
	n219 -> n220
	n257 -> n259
	n223 -> n257
	n132 -> n257
	n131 -> n132
	n259 [label=<<i>date_kv.save!</i>> color=crimson shape=doubleoctagon]; 
	n223 []
	n136 [label = <<i>Keystore.find_or_create_key_for_update</i>> ]
	n131 [label = <<i>Time_now.to_i</i>> ]
	n130 [label = <<i>Time.now</i>> ]
	n129 []
	n134 []
	n135 []
	n218 []
	n149 [label = <<i>self.loop</i>> ]
	n139 []
	n221 []
	n220 []
	n219 []
	n257 []
	n132 []
}

digraph StoriesController_create_forward_70280068535320 {
	n349 -> n350
	n350 -> n351
	n351 -> n371
	n371 -> n372
	n372 -> n373
	n349 [label=<<i>Story.where</i>> color=crimson shape=doubleoctagon]; 
	n350 [label = <<i>Story_where(short_id=Iparams[story_id]||params[id]).first</i>> color=coral1 ]
	n351 []
	n371 []
	n372 [label = <<i>%v_23.!</i>> ]
	n373 []
}

digraph StoriesController_create_backward_70280068535320 {
	n341 -> n349
	n348 -> n349
	n347 -> n348
	n346 -> n347
	n345 -> n346
	n343 -> n348
	n342 -> n343
	n349 [label=<<i>Story.where</i>> color=crimson shape=doubleoctagon]; 
	n341 []
	n348 []
	n347 []
	n346 []
	n345 [label = <<i>self.params</i>> color=cyan3 ]
	n343 []
	n342 [label = <<i>self.params</i>> color=cyan3 ]
}

digraph StoriesController_create_forward_70280068533920 {
	n350 -> n351
	n351 -> n371
	n371 -> n372
	n372 -> n373
	n350 [label=<<i>Story_where(short_id=Iparams[story_id]||params[id]).first</i>> color=crimson shape=doubleoctagon]; 
	n351 []
	n371 []
	n372 [label = <<i>%v_23.!</i>> ]
	n373 []
}

digraph StoriesController_create_backward_70280068533920 {
	n349 -> n350
	n341 -> n349
	n348 -> n349
	n347 -> n348
	n346 -> n347
	n345 -> n346
	n343 -> n348
	n342 -> n343
	n350 [label=<<i>Story_where(short_id=Iparams[story_id]||params[id]).first</i>> color=crimson shape=doubleoctagon]; 
	n349 [label = <<i>Story.where</i>> color=coral1 ]
	n341 []
	n348 []
	n347 []
	n346 []
	n345 [label = <<i>self.params</i>> color=cyan3 ]
	n343 []
	n342 [label = <<i>self.params</i>> color=cyan3 ]
}

digraph StoriesController_create_forward_70280068517300 {
	n365 -> n366
	n366 -> n367
	n367 -> n371
	n371 -> n372
	n372 -> n373
	n366 -> n368
	n365 [label=<<i>Story.where</i>> color=crimson shape=doubleoctagon]; 
	n366 [label = <<i>Story_where(short_id=Iparams[story_id]||params[id]).first</i>> color=coral1 ]
	n367 []
	n371 []
	n372 [label = <<i>%v_23.!</i>> ]
	n373 []
	n368 []
}

digraph StoriesController_create_backward_70280068517300 {
	n354 -> n365
	n364 -> n365
	n356 -> n364
	n355 -> n356
	n331 -> n355
	n337 -> n355
	n331 -> n337
	n363 -> n364
	n362 -> n363
	n361 -> n362
	n359 -> n364
	n358 -> n359
	n365 [label=<<i>Story.where</i>> color=crimson shape=doubleoctagon]; 
	n354 []
	n364 []
	n356 [label = <<i>@user.id</i>> ]
	n355 []
	n331 []
	n337 []
	n363 []
	n362 []
	n361 [label = <<i>self.params</i>> color=cyan3 ]
	n359 []
	n358 [label = <<i>self.params</i>> color=cyan3 ]
}

digraph StoriesController_create_forward_70280068515940 {
	n366 -> n367
	n367 -> n371
	n371 -> n372
	n372 -> n373
	n366 -> n368
	n366 [label=<<i>Story_where(short_id=Iparams[story_id]||params[id]).first</i>> color=crimson shape=doubleoctagon]; 
	n367 []
	n371 []
	n372 [label = <<i>%v_23.!</i>> ]
	n373 []
	n368 []
}

digraph StoriesController_create_backward_70280068515940 {
	n365 -> n366
	n354 -> n365
	n364 -> n365
	n356 -> n364
	n355 -> n356
	n331 -> n355
	n337 -> n355
	n331 -> n337
	n363 -> n364
	n362 -> n363
	n361 -> n362
	n359 -> n364
	n358 -> n359
	n366 [label=<<i>Story_where(short_id=Iparams[story_id]||params[id]).first</i>> color=crimson shape=doubleoctagon]; 
	n365 [label = <<i>Story.where</i>> color=coral1 ]
	n354 []
	n364 []
	n356 [label = <<i>@user.id</i>> ]
	n355 []
	n331 []
	n337 []
	n363 []
	n362 []
	n361 [label = <<i>self.params</i>> color=cyan3 ]
	n359 []
	n358 [label = <<i>self.params</i>> color=cyan3 ]
}

digraph StoriesController_create_forward_70280068418600 {
	n448 -> n2084
	n448 [label=<<i>@story.save</i>> color=crimson shape=doubleoctagon]; 
	n2084 []
}

digraph StoriesController_create_backward_70280068418600 {
	n447 -> n448
	n387 -> n447
	n426 -> n447
	n387 -> n426
	n425 -> n426
	n399 -> n425
	n400 -> n425
	n387 -> n400
	n420 -> n400
	n413 -> n420
	n412 -> n413
	n409 -> n412
	n408 -> n409
	n411 -> n412
	n410 -> n411
	n423 -> n400
	n422 -> n423
	n413 -> n422
	n428 -> n447
	n426 -> n428
	n433 -> n447
	n426 -> n433
	n428 -> n433
	n439 -> n447
	n387 -> n439
	n436 -> n439
	n387 -> n436
	n426 -> n436
	n428 -> n436
	n433 -> n436
	n436 -> n447
	n448 [label=<<i>@story.save</i>> color=crimson shape=doubleoctagon]; 
	n447 []
	n387 []
	n426 []
	n425 [label = <<i>Story.new</i>> ]
	n399 []
	n400 [label = <<i>self.story_params</i>> ]
	n420 []
	n413 []
	n412 [label = <<i>%v_4.permit</i>> ]
	n409 [label = <<i>params.require</i>> ]
	n408 [label = <<i>self.params</i>> color=cyan3 ]
	n411 []
	n410 []
	n423 []
	n422 [label = <<i>p.except</i>> ]
	n428 []
	n433 []
	n439 []
	n436 []
}

digraph StoriesController_create_forward_70280068404160 {
	n458 -> n1188
	n458 -> n1192
	n458 -> n1198
	n458 [label=<<i>self.new_record?</i>> color=crimson shape=doubleoctagon]; 
	n1188 []
	n1192 []
	n1198 []
}

digraph StoriesController_create_backward_70280068404160 {
	n452 -> n458
	n458 [label=<<i>self.new_record?</i>> color=crimson shape=doubleoctagon]; 
	n452 []
}

digraph StoriesController_create_forward_70280068389980 {
	n463 [label=<<i>self.where</i>> color=crimson shape=doubleoctagon]; 
}

digraph StoriesController_create_backward_70280068389980 {
	n463 [label=<<i>self.where</i>> color=crimson shape=doubleoctagon]; 
}

digraph StoriesController_create_forward_70280068270720 {
	n545 -> n560
	n545 [label=<<i>self_tags.select</i>> color=crimson shape=doubleoctagon]; 
	n560 [label = <<i>self_tags_select{|t|t_hotness_mod!=0}.each</i>> ]
}

digraph StoriesController_create_backward_70280068270720 {
	n536 -> n545
	n544 -> n545
	n536 -> n544
	n545 [label=<<i>self_tags.select</i>> color=crimson shape=doubleoctagon]; 
	n536 []
	n544 [label = <<i>self.tags</i>> ]
}

digraph StoriesController_create_forward_70280068220660 {
	n580 -> n581
	n581 -> n582
	n582 -> n599
	n599 -> n600
	n600 -> n601
	n601 -> n602
	n602 -> n620
	n620 -> n621
	n621 -> n622
	n622 -> n623
	n623 -> n624
	n624 -> n650
	n650 -> n651
	n651 -> n660
	n660 -> n661
	n661 -> n662
	n662 -> n663
	n663 -> n534
	n534 -> n665
	n534 -> n666
	n666 -> n526
	n580 [label=<<i>self_comments.where</i>> color=crimson shape=doubleoctagon]; 
	n581 [label = <<i>self_comments_where("user_idI?",self_user_id).select</i>> color=coral1 ]
	n582 [label = <<i>%v_10.map</i>> ]
	n599 [label = <<i>%v_11.inject</i>> ]
	n600 [label = <<i>%v_12.to_f</i>> ]
	n601 []
	n602 []
	n620 []
	n621 []
	n622 [label = <<i>[(score+1)_abs+cpoints,1].max</i>> ]
	n623 [label = <<i>Math.log</i>> ]
	n624 []
	n650 []
	n651 []
	n660 []
	n661 []
	n662 []
	n663 []
	n534 [label = <<i>self.calculated_hotness</i>> ]
	n665 []
	n666 []
	n526 [label = <<i>self.assign_initial_hotness</i>> ]
}

digraph StoriesController_create_backward_70280068220660 {
	n579 -> n580
	n536 -> n579
	n577 -> n580
	n536 -> n577
	n578 -> n580
	n580 [label=<<i>self_comments.where</i>> color=crimson shape=doubleoctagon]; 
	n579 [label = <<i>self.user_id</i>> ]
	n536 []
	n577 [label = <<i>self.comments</i>> ]
	n578 []
}

digraph StoriesController_create_forward_70280068210340 {
	n581 -> n582
	n582 -> n599
	n599 -> n600
	n600 -> n601
	n601 -> n602
	n602 -> n620
	n620 -> n621
	n621 -> n622
	n622 -> n623
	n623 -> n624
	n624 -> n650
	n650 -> n651
	n651 -> n660
	n660 -> n661
	n661 -> n662
	n662 -> n663
	n663 -> n534
	n534 -> n665
	n534 -> n666
	n666 -> n526
	n581 [label=<<i>self_comments_where("user_idI?",self_user_id).select</i>> color=crimson shape=doubleoctagon]; 
	n582 [label = <<i>%v_10.map</i>> ]
	n599 [label = <<i>%v_11.inject</i>> ]
	n600 [label = <<i>%v_12.to_f</i>> ]
	n601 []
	n602 []
	n620 []
	n621 []
	n622 [label = <<i>[(score+1)_abs+cpoints,1].max</i>> ]
	n623 [label = <<i>Math.log</i>> ]
	n624 []
	n650 []
	n651 []
	n660 []
	n661 []
	n662 []
	n663 []
	n534 [label = <<i>self.calculated_hotness</i>> ]
	n665 []
	n666 []
	n526 [label = <<i>self.assign_initial_hotness</i>> ]
}

digraph StoriesController_create_backward_70280068210340 {
	n580 -> n581
	n579 -> n580
	n536 -> n579
	n577 -> n580
	n536 -> n577
	n578 -> n580
	n581 [label=<<i>self_comments_where("user_idI?",self_user_id).select</i>> color=crimson shape=doubleoctagon]; 
	n580 [label = <<i>self_comments.where</i>> color=coral1 ]
	n579 [label = <<i>self.user_id</i>> ]
	n536 []
	n577 [label = <<i>self.comments</i>> ]
	n578 []
}

digraph StoriesController_create_forward_70280059605760 {
	n706 -> n819
	n819 -> n693
	n693 -> n824
	n824 -> n681
	n681 -> n826
	n826 -> n668
	n819 -> n693
	n706 [label=<<i>Keystore.transaction</i>> color=crimson shape=doubleoctagon]; 
	n819 []
	n693 [label = <<i>self.incremented_value_for</i>> ]
	n824 []
	n681 [label = <<i>Keystore.increment_value_for</i>> ]
	n826 []
	n668 [label = <<i>self.mark_submitter</i>> ]
}

digraph StoriesController_create_backward_70280059605760 {
	n695 -> n706
	n705 -> n706
	n706 [label=<<i>Keystore.transaction</i>> color=crimson shape=doubleoctagon]; 
	n695 []
	n705 []
}

digraph StoriesController_create_forward_70280054282120 {
	n735 [label=<<i>Keystore_connection.execute</i>> color=crimson shape=doubleoctagon]; 
}

digraph StoriesController_create_backward_70280054282120 {
	n721 -> n735
	n720 -> n721
	n734 -> n735
	n728 -> n734
	n727 -> n728
	n725 -> n727
	n724 -> n725
	n726 -> n727
	n722 -> n728
	n733 -> n734
	n732 -> n733
	n729 -> n733
	n731 -> n733
	n708 -> n731
	n735 [label=<<i>Keystore_connection.execute</i>> color=crimson shape=doubleoctagon]; 
	n721 [label = <<i>Keystore.connection</i>> ]
	n720 []
	n734 []
	n728 []
	n727 []
	n725 [label = <<i>Keystore.table_name</i>> ]
	n724 []
	n726 []
	n722 []
	n733 []
	n732 []
	n729 []
	n731 [label = <<i>self.q</i>> ]
	n708 []
}

digraph StoriesController_create_forward_70280054259860 {
	n751 [label=<<i>Keystore_connection.execute</i>> color=crimson shape=doubleoctagon]; 
}

digraph StoriesController_create_backward_70280054259860 {
	n738 -> n751
	n737 -> n738
	n750 -> n751
	n743 -> n750
	n741 -> n743
	n740 -> n741
	n739 -> n743
	n742 -> n743
	n749 -> n750
	n744 -> n749
	n748 -> n749
	n708 -> n748
	n746 -> n749
	n708 -> n746
	n747 -> n749
	n751 [label=<<i>Keystore_connection.execute</i>> color=crimson shape=doubleoctagon]; 
	n738 [label = <<i>Keystore.connection</i>> ]
	n737 []
	n750 []
	n743 []
	n741 [label = <<i>Keystore.table_name</i>> ]
	n740 []
	n739 []
	n742 []
	n749 []
	n744 []
	n748 [label = <<i>self.q</i>> ]
	n708 []
	n746 [label = <<i>self.q</i>> ]
	n747 []
}

digraph StoriesController_create_forward_70280054202140 {
	n781 -> n797
	n781 [label=<<i>Keystore_connection.execute</i>> color=crimson shape=doubleoctagon]; 
	n797 []
}

digraph StoriesController_create_backward_70280054202140 {
	n780 -> n781
	n779 -> n780
	n778 -> n779
	n708 -> n778
	n776 -> n779
	n775 -> n780
	n767 -> n775
	n765 -> n767
	n764 -> n765
	n766 -> n767
	n763 -> n767
	n774 -> n775
	n768 -> n774
	n770 -> n774
	n708 -> n770
	n771 -> n774
	n772 -> n774
	n708 -> n772
	n773 -> n774
	n762 -> n781
	n761 -> n762
	n781 [label=<<i>Keystore_connection.execute</i>> color=crimson shape=doubleoctagon]; 
	n780 []
	n779 []
	n778 [label = <<i>self.q</i>> ]
	n708 []
	n776 []
	n775 []
	n767 []
	n765 [label = <<i>Keystore.table_name</i>> ]
	n764 []
	n766 []
	n763 []
	n774 []
	n768 []
	n770 [label = <<i>self.q</i>> ]
	n771 []
	n772 [label = <<i>self.q</i>> ]
	n773 []
	n762 [label = <<i>Keystore.connection</i>> ]
	n761 []
}

digraph StoriesController_create_forward_70280054182700 {
	n792 [label=<<i>kv.save!</i>> color=crimson shape=doubleoctagon]; 
}

digraph StoriesController_create_backward_70280054182700 {
	n785 -> n792
	n784 -> n785
	n708 -> n784
	n790 -> n792
	n785 -> n790
	n789 -> n790
	n788 -> n789
	n787 -> n788
	n784 -> n787
	n792 [label=<<i>kv.save!</i>> color=crimson shape=doubleoctagon]; 
	n785 []
	n784 [label = <<i>self.find_or_create_key_for_update</i>> ]
	n708 []
	n790 []
	n789 []
	n788 [label = <<i>%cl_1_61.to_i</i>> ]
	n787 [label = <<i>%cl_1_60.value</i>> ]
}

digraph StoriesController_create_forward_70280054152060 {
	n809 -> n810
	n810 -> n811
	n811 -> n812
	n812 -> n799
	n799 -> n814
	n809 [label=<<i>self.where</i>> color=crimson shape=doubleoctagon]; 
	n810 [label = <<i>self_where(key=Ikey).first</i>> color=coral1 ]
	n811 [label = <<i>%v_5.try</i>> ]
	n812 []
	n799 [label = <<i>self.value_for</i>> ]
	n814 []
}

digraph StoriesController_create_backward_70280054152060 {
	n801 -> n809
	n808 -> n809
	n806 -> n808
	n809 [label=<<i>self.where</i>> color=crimson shape=doubleoctagon]; 
	n801 []
	n808 []
	n806 []
}

digraph StoriesController_create_forward_70280054150500 {
	n810 -> n811
	n811 -> n812
	n812 -> n799
	n799 -> n814
	n810 [label=<<i>self_where(key=Ikey).first</i>> color=crimson shape=doubleoctagon]; 
	n811 [label = <<i>%v_5.try</i>> ]
	n812 []
	n799 [label = <<i>self.value_for</i>> ]
	n814 []
}

digraph StoriesController_create_backward_70280054150500 {
	n809 -> n810
	n801 -> n809
	n808 -> n809
	n806 -> n808
	n810 [label=<<i>self_where(key=Ikey).first</i>> color=crimson shape=doubleoctagon]; 
	n809 [label = <<i>self.where</i>> color=coral1 ]
	n801 []
	n808 []
	n806 []
}

digraph StoriesController_create_forward_70280059538760 {
	n858 -> n859
	n859 -> n860
	n860 -> n865
	n865 -> n866
	n866 -> n867
	n867 -> n868
	n859 -> n862
	n862 -> n863
	n863 -> n864
	n863 -> n868
	n858 [label=<<i>Vote.where</i>> color=crimson shape=doubleoctagon]; 
	n859 [label = <<i>Vote_where(user_id=Iuser_id,story_id=Istory_id,comment_id=Icomment_id).first_or_initialize</i>> color=coral1 ]
	n860 []
	n865 [label = <<i>v.vote</i>> ]
	n866 []
	n867 []
	n868 []
	n862 [label = <<i>%v_6.new_record?</i>> ]
	n863 [label = <<i>%v_7.!</i>> ]
	n864 []
}

digraph StoriesController_create_backward_70280059538760 {
	n857 -> n858
	n848 -> n857
	n849 -> n857
	n850 -> n857
	n856 -> n858
	n858 [label=<<i>Vote.where</i>> color=crimson shape=doubleoctagon]; 
	n857 []
	n848 []
	n849 []
	n850 []
	n856 []
}

digraph StoriesController_create_forward_70280059537240 {
	n859 -> n860
	n860 -> n865
	n865 -> n866
	n866 -> n867
	n867 -> n868
	n859 -> n862
	n862 -> n863
	n863 -> n864
	n863 -> n868
	n859 [label=<<i>Vote_where(user_id=Iuser_id,story_id=Istory_id,comment_id=Icomment_id).first_or_initialize</i>> color=crimson shape=doubleoctagon]; 
	n860 []
	n865 [label = <<i>v.vote</i>> ]
	n866 []
	n867 []
	n868 []
	n862 [label = <<i>%v_6.new_record?</i>> ]
	n863 [label = <<i>%v_7.!</i>> ]
	n864 []
}

digraph StoriesController_create_backward_70280059537240 {
	n858 -> n859
	n857 -> n858
	n848 -> n857
	n849 -> n857
	n850 -> n857
	n856 -> n858
	n859 [label=<<i>Vote_where(user_id=Iuser_id,story_id=Istory_id,comment_id=Icomment_id).first_or_initialize</i>> color=crimson shape=doubleoctagon]; 
	n858 [label = <<i>Vote.where</i>> color=coral1 ]
	n857 []
	n848 []
	n849 []
	n850 []
	n856 []
}

digraph StoriesController_create_forward_70280059507380 {
	n878 -> n1184
	n1184 -> n839
	n839 -> n1186
	n1186 -> n828
	n878 [label=<<i>Vote.transaction</i>> color=crimson shape=doubleoctagon]; 
	n1184 []
	n839 [label = <<i>Vote.vote_thusly_on_story_or_comment_for_user_because</i>> ]
	n1186 []
	n828 [label = <<i>self.record_initial_upvote</i>> ]
}

digraph StoriesController_create_backward_70280059507380 {
	n842 -> n878
	n877 -> n878
	n878 [label=<<i>Vote.transaction</i>> color=crimson shape=doubleoctagon]; 
	n842 []
	n877 []
}

digraph StoriesController_create_forward_70280059473080 {
	n907 -> n911
	n911 -> n912
	n907 [label=<<i>v.new_record?</i>> color=crimson shape=doubleoctagon]; 
	n911 [label = <<i>%cl_1_11.!</i>> ]
	n912 []
}

digraph StoriesController_create_backward_70280059473080 {
	n907 [label=<<i>v.new_record?</i>> color=crimson shape=doubleoctagon]; 
}

digraph StoriesController_create_forward_70280059411460 {
	n952 -> n953
	n952 [label=<<i>v.save!</i>> color=crimson shape=doubleoctagon]; 
	n953 []
}

digraph StoriesController_create_backward_70280059411460 {
	n948 -> n952
	n950 -> n952
	n948 -> n950
	n952 [label=<<i>v.save!</i>> color=crimson shape=doubleoctagon]; 
	n948 []
	n950 []
}

digraph StoriesController_create_forward_70280059389940 {
	n969 -> n970
	n970 -> n977
	n977 -> n980
	n970 -> n984
	n984 -> n1178
	n969 -> n972
	n972 -> n973
	n973 -> n974
	n969 [label=<<i>Comment.find</i>> color=crimson shape=doubleoctagon]; 
	n970 []
	n977 [label = <<i>c.user_id</i>> ]
	n980 [label = <<i>User.update_counters</i>> color=coral1 ]
	n984 [label = <<i>c.give_upvote_or_downvote_and_recalculate_confidence!</i>> ]
	n1178 []
	n972 [label = <<i>%cl_1_32.user_id</i>> ]
	n973 []
	n974 []
}

digraph StoriesController_create_backward_70280059389940 {
	n967 -> n969
	n968 -> n969
	n948 -> n968
	n950 -> n968
	n948 -> n950
	n969 [label=<<i>Comment.find</i>> color=crimson shape=doubleoctagon]; 
	n967 []
	n968 [label = <<i>v.comment_id</i>> ]
	n948 []
	n950 []
}

digraph StoriesController_create_forward_70280059372780 {
	n980 [label=<<i>User.update_counters</i>> color=crimson shape=doubleoctagon]; 
}

digraph StoriesController_create_backward_70280059372780 {
	n977 -> n980
	n970 -> n977
	n969 -> n970
	n967 -> n969
	n968 -> n969
	n948 -> n968
	n950 -> n968
	n948 -> n950
	n976 -> n980
	n979 -> n980
	n978 -> n979
	n938 -> n978
	n937 -> n938
	n920 -> n937
	n919 -> n920
	n917 -> n920
	n936 -> n937
	n934 -> n937
	n894 -> n978
	n893 -> n894
	n891 -> n894
	n946 -> n978
	n945 -> n946
	n944 -> n945
	n942 -> n945
	n928 -> n945
	n927 -> n928
	n925 -> n928
	n902 -> n978
	n901 -> n902
	n899 -> n902
	n980 [label=<<i>User.update_counters</i>> color=crimson shape=doubleoctagon]; 
	n977 [label = <<i>c.user_id</i>> ]
	n970 []
	n969 [label = <<i>Comment.find</i>> color=coral1 ]
	n967 []
	n968 [label = <<i>v.comment_id</i>> ]
	n948 []
	n950 []
	n976 []
	n979 []
	n978 []
	n938 []
	n937 []
	n920 []
	n919 []
	n917 []
	n936 []
	n934 []
	n894 []
	n893 []
	n891 []
	n946 []
	n945 []
	n944 []
	n942 []
	n928 []
	n927 []
	n925 []
	n902 []
	n901 []
	n899 []
}

digraph StoriesController_create_forward_70280058965580 {
	n1091 [label=<<i>Comment_connection.execute</i>> color=crimson shape=doubleoctagon]; 
}

digraph StoriesController_create_backward_70280058965580 {
	n1090 -> n1091
	n1089 -> n1090
	n1088 -> n1089
	n1087 -> n1088
	n987 -> n1087
	n1085 -> n1090
	n1023 -> n1085
	n1022 -> n1023
	n1020 -> n1022
	n993 -> n1020
	n1021 -> n1022
	n1018 -> n1022
	n1017 -> n1023
	n1011 -> n1017
	n1007 -> n1011
	n1009 -> n1011
	n1008 -> n1009
	n1010 -> n1011
	n1016 -> n1017
	n1012 -> n1016
	n1014 -> n1016
	n992 -> n1014
	n1015 -> n1016
	n1084 -> n1085
	n1024 -> n1084
	n1026 -> n1084
	n987 -> n1026
	n1043 -> n1026
	n1081 -> n1026
	n1080 -> n1081
	n1079 -> n1080
	n1071 -> n1079
	n1070 -> n1071
	n1046 -> n1070
	n1069 -> n1070
	n1068 -> n1069
	n1067 -> n1068
	n1046 -> n1067
	n1066 -> n1067
	n1046 -> n1066
	n1065 -> n1066
	n1038 -> n1065
	n1037 -> n1038
	n1036 -> n1037
	n1035 -> n1036
	n1028 -> n1035
	n1034 -> n1036
	n1028 -> n1034
	n1064 -> n1065
	n1038 -> n1064
	n1063 -> n1068
	n1062 -> n1063
	n1061 -> n1062
	n1051 -> n1061
	n1050 -> n1051
	n1038 -> n1050
	n1049 -> n1050
	n1048 -> n1049
	n1028 -> n1048
	n1038 -> n1062
	n1051 -> n1063
	n1060 -> n1069
	n1058 -> n1079
	n1057 -> n1058
	n1056 -> n1057
	n1055 -> n1056
	n1054 -> n1055
	n1046 -> n1054
	n1053 -> n1054
	n1038 -> n1053
	n1046 -> n1055
	n1051 -> n1057
	n1077 -> n1080
	n1076 -> n1077
	n1075 -> n1076
	n1046 -> n1075
	n1074 -> n1075
	n1046 -> n1074
	n1073 -> n1074
	n1038 -> n1073
	n1083 -> n1084
	n1006 -> n1091
	n1005 -> n1006
	n1091 [label=<<i>Comment_connection.execute</i>> color=crimson shape=doubleoctagon]; 
	n1090 []
	n1089 []
	n1088 [label = <<i>self_id.to_i</i>> ]
	n1087 [label = <<i>self.id</i>> ]
	n987 []
	n1085 []
	n1023 []
	n1022 []
	n1020 [label = <<i>downvote.to_i</i>> ]
	n993 []
	n1021 []
	n1018 []
	n1017 []
	n1011 []
	n1007 []
	n1009 [label = <<i>Comment.table_name</i>> ]
	n1008 []
	n1010 []
	n1016 []
	n1012 []
	n1014 [label = <<i>upvote.to_i</i>> ]
	n992 []
	n1015 []
	n1084 []
	n1024 []
	n1026 [label = <<i>self.calculated_confidence</i>> ]
	n1043 []
	n1081 []
	n1080 []
	n1079 []
	n1071 []
	n1070 []
	n1046 []
	n1069 [label = <<i>Math.sqrt</i>> ]
	n1068 []
	n1067 []
	n1066 []
	n1065 []
	n1038 []
	n1037 [label = <<i>(upvotes+downvotes).to_f</i>> ]
	n1036 []
	n1035 [label = <<i>self.downvotes</i>> ]
	n1028 []
	n1034 [label = <<i>self.upvotes</i>> ]
	n1064 []
	n1063 []
	n1062 []
	n1061 []
	n1051 []
	n1050 []
	n1049 [label = <<i>upvotes.to_f</i>> ]
	n1048 [label = <<i>self.upvotes</i>> ]
	n1060 []
	n1058 []
	n1057 []
	n1056 []
	n1055 []
	n1054 []
	n1053 []
	n1077 []
	n1076 []
	n1075 []
	n1074 []
	n1073 []
	n1083 []
	n1006 [label = <<i>Comment.connection</i>> ]
	n1005 []
}

digraph StoriesController_create_forward_70280058930680 {
	n1112 -> n1113
	n1113 -> n1120
	n1120 -> n1123
	n1113 -> n1127
	n1127 -> n1177
	n1177 -> n1178
	n1112 -> n1115
	n1115 -> n1116
	n1116 -> n1117
	n1112 [label=<<i>Story.find</i>> color=crimson shape=doubleoctagon]; 
	n1113 []
	n1120 [label = <<i>s.user_id</i>> ]
	n1123 [label = <<i>User.update_counters</i>> color=coral1 ]
	n1127 [label = <<i>s.give_upvote_or_downvote_and_recalculate_hotness!</i>> ]
	n1177 []
	n1178 []
	n1115 [label = <<i>%cl_1_43.user_id</i>> ]
	n1116 []
	n1117 []
}

digraph StoriesController_create_backward_70280058930680 {
	n1110 -> n1112
	n1111 -> n1112
	n948 -> n1111
	n950 -> n1111
	n948 -> n950
	n1112 [label=<<i>Story.find</i>> color=crimson shape=doubleoctagon]; 
	n1110 []
	n1111 [label = <<i>v.story_id</i>> ]
	n948 []
	n950 []
}

digraph StoriesController_create_forward_70280059216200 {
	n1123 [label=<<i>User.update_counters</i>> color=crimson shape=doubleoctagon]; 
}

digraph StoriesController_create_backward_70280059216200 {
	n1120 -> n1123
	n1113 -> n1120
	n1112 -> n1113
	n1110 -> n1112
	n1111 -> n1112
	n948 -> n1111
	n950 -> n1111
	n948 -> n950
	n1119 -> n1123
	n1122 -> n1123
	n1121 -> n1122
	n938 -> n1121
	n937 -> n938
	n920 -> n937
	n919 -> n920
	n917 -> n920
	n936 -> n937
	n934 -> n937
	n894 -> n1121
	n893 -> n894
	n891 -> n894
	n946 -> n1121
	n945 -> n946
	n944 -> n945
	n942 -> n945
	n928 -> n945
	n927 -> n928
	n925 -> n928
	n902 -> n1121
	n901 -> n902
	n899 -> n902
	n1123 [label=<<i>User.update_counters</i>> color=crimson shape=doubleoctagon]; 
	n1120 [label = <<i>s.user_id</i>> ]
	n1113 []
	n1112 [label = <<i>Story.find</i>> color=coral1 ]
	n1110 []
	n1111 [label = <<i>v.story_id</i>> ]
	n948 []
	n950 []
	n1119 []
	n1122 []
	n1121 []
	n938 []
	n937 []
	n920 []
	n919 []
	n917 []
	n936 []
	n934 []
	n894 []
	n893 []
	n891 []
	n946 []
	n945 []
	n944 []
	n942 []
	n928 []
	n927 []
	n925 []
	n902 []
	n901 []
	n899 []
}

digraph StoriesController_create_forward_70280054066560 {
	n1174 -> n1175
	n1175 -> n1127
	n1127 -> n1177
	n1177 -> n1178
	n1174 [label=<<i>Story_connection.execute</i>> color=crimson shape=doubleoctagon]; 
	n1175 []
	n1127 [label = <<i>s.give_upvote_or_downvote_and_recalculate_hotness!</i>> ]
	n1177 []
	n1178 []
}

digraph StoriesController_create_backward_70280054066560 {
	n1148 -> n1174
	n1147 -> n1148
	n1173 -> n1174
	n1165 -> n1173
	n1164 -> n1165
	n1162 -> n1164
	n1135 -> n1162
	n1163 -> n1164
	n1160 -> n1164
	n1159 -> n1165
	n1153 -> n1159
	n1149 -> n1153
	n1151 -> n1153
	n1150 -> n1151
	n1152 -> n1153
	n1158 -> n1159
	n1154 -> n1158
	n1156 -> n1158
	n1134 -> n1156
	n1157 -> n1158
	n1172 -> n1173
	n1166 -> n1172
	n1168 -> n1172
	n1129 -> n1168
	n1169 -> n1172
	n1171 -> n1172
	n1170 -> n1171
	n1129 -> n1170
	n1174 [label=<<i>Story_connection.execute</i>> color=crimson shape=doubleoctagon]; 
	n1148 [label = <<i>Story.connection</i>> ]
	n1147 []
	n1173 []
	n1165 []
	n1164 []
	n1162 [label = <<i>downvote.to_i</i>> ]
	n1135 []
	n1163 []
	n1160 []
	n1159 []
	n1153 []
	n1149 []
	n1151 [label = <<i>Story.table_name</i>> ]
	n1150 []
	n1152 []
	n1158 []
	n1154 []
	n1156 [label = <<i>upvote.to_i</i>> ]
	n1134 []
	n1157 []
	n1172 []
	n1166 []
	n1168 [label = <<i>self.calculated_hotness</i>> ]
	n1129 []
	n1169 []
	n1171 [label = <<i>self_id.to_i</i>> ]
	n1170 [label = <<i>self.id</i>> ]
}

digraph StoriesController_create_forward_70280053329100 {
	n1221 -> n1222
	n1221 [label=<<i>tg.new_record?</i>> color=crimson shape=doubleoctagon]; 
	n1222 []
}

digraph StoriesController_create_backward_70280053329100 {
	n1217 -> n1221
	n1221 [label=<<i>tg.new_record?</i>> color=crimson shape=doubleoctagon]; 
	n1217 []
}

digraph StoriesController_create_forward_70280058530400 {
	n1309 -> n1310
	n1310 -> n1313
	n1313 -> n1323
	n1323 -> n1392
	n1392 -> n1394
	n1313 -> n1335
	n1335 -> n1392
	n1313 -> n1387
	n1387 -> n1392
	n1310 -> n1323
	n1310 -> n1335
	n1310 -> n1387
	n1309 [label=<<i>self_editor.try</i>> color=crimson shape=doubleoctagon]; 
	n1310 []
	n1313 []
	n1323 []
	n1392 []
	n1394 [label = <<i>m.save</i>> color=coral1 ]
	n1335 []
	n1387 []
}

digraph StoriesController_create_backward_70280058530400 {
	n1308 -> n1309
	n452 -> n1308
	n1309 [label=<<i>self_editor.try</i>> color=crimson shape=doubleoctagon]; 
	n1308 [label = <<i>self.editor</i>> ]
	n452 []
}

digraph StoriesController_create_forward_70280058236460 {
	n1386 -> n1387
	n1387 -> n1392
	n1392 -> n1394
	n1386 -> n1388
	n1388 -> n1389
	n1386 [label=<<i>all_changes_map{|k,v|ifk=="merged_story_id"ifv[1]"mergedinto#{self_merged_into_story_short_id}""(#{self_merged_into_story_title})"else"unmergedfromanotherstory"endelse"changed#{k}from#{v[0]_inspect}to#{v[1]_inspect}"end}.join</i>> color=crimson shape=doubleoctagon]; 
	n1387 []
	n1392 []
	n1394 [label = <<i>m.save</i>> color=coral1 ]
	n1388 []
	n1389 []
}

digraph StoriesController_create_backward_70280058236460 {
	n1338 -> n1386
	n452 -> n1338
	n1292 -> n1338
	n1291 -> n1292
	n1203 -> n1291
	n452 -> n1203
	n1204 -> n1291
	n452 -> n1204
	n1284 -> n1204
	n1289 -> n1204
	n1288 -> n1289
	n1286 -> n1288
	n1287 -> n1288
	n1278 -> n1287
	n1277 -> n1278
	n1261 -> n1277
	n1206 -> n1261
	n1247 -> n1261
	n1206 -> n1247
	n1246 -> n1247
	n1206 -> n1246
	n1276 -> n1277
	n1244 -> n1287
	n1243 -> n1244
	n1227 -> n1243
	n1206 -> n1227
	n1213 -> n1227
	n1206 -> n1213
	n1212 -> n1213
	n1206 -> n1212
	n1242 -> n1243
	n1385 -> n1386
	n1386 [label=<<i>all_changes_map{|k,v|ifk=="merged_story_id"ifv[1]"mergedinto#{self_merged_into_story_short_id}""(#{self_merged_into_story_title})"else"unmergedfromanotherstory"endelse"changed#{k}from#{v[0]_inspect}to#{v[1]_inspect}"end}.join</i>> color=crimson shape=doubleoctagon]; 
	n1338 [label = <<i>all_changes.map</i>> ]
	n452 []
	n1292 []
	n1291 [label = <<i>self_changes.merge</i>> ]
	n1203 [label = <<i>self.changes</i>> ]
	n1204 [label = <<i>self.tagging_changes</i>> ]
	n1284 []
	n1289 []
	n1288 []
	n1286 []
	n1287 []
	n1278 []
	n1277 [label = <<i>%v_10.join</i>> ]
	n1261 [label = <<i>self_taggings_reject{|tg|tg_new_record?}.map</i>> ]
	n1206 []
	n1247 [label = <<i>self_taggings.reject</i>> ]
	n1246 [label = <<i>self.taggings</i>> ]
	n1276 []
	n1244 []
	n1243 [label = <<i>%v_5.join</i>> ]
	n1227 [label = <<i>self_taggings_reject{|tg|tg_new_record?}.map</i>> ]
	n1213 [label = <<i>self_taggings.reject</i>> ]
	n1212 [label = <<i>self.taggings</i>> ]
	n1242 []
	n1385 []
}

digraph StoriesController_create_forward_70280058171560 {
	n1394 [label=<<i>m.save</i>> color=crimson shape=doubleoctagon]; 
}

digraph StoriesController_create_backward_70280058171560 {
	n1392 -> n1394
	n1391 -> n1392
	n452 -> n1391
	n1323 -> n1392
	n1322 -> n1323
	n1306 -> n1323
	n1305 -> n1306
	n1304 -> n1305
	n1310 -> n1323
	n1306 -> n1310
	n1309 -> n1310
	n1308 -> n1309
	n452 -> n1308
	n1313 -> n1323
	n1306 -> n1313
	n1310 -> n1313
	n1312 -> n1313
	n452 -> n1312
	n1387 -> n1392
	n1386 -> n1387
	n1338 -> n1386
	n452 -> n1338
	n1292 -> n1338
	n1291 -> n1292
	n1203 -> n1291
	n452 -> n1203
	n1204 -> n1291
	n452 -> n1204
	n1284 -> n1204
	n1289 -> n1204
	n1288 -> n1289
	n1286 -> n1288
	n1287 -> n1288
	n1278 -> n1287
	n1277 -> n1278
	n1261 -> n1277
	n1206 -> n1261
	n1247 -> n1261
	n1206 -> n1247
	n1246 -> n1247
	n1206 -> n1246
	n1276 -> n1277
	n1244 -> n1287
	n1243 -> n1244
	n1227 -> n1243
	n1206 -> n1227
	n1213 -> n1227
	n1206 -> n1213
	n1212 -> n1213
	n1206 -> n1212
	n1242 -> n1243
	n1385 -> n1386
	n1306 -> n1387
	n1310 -> n1387
	n1313 -> n1387
	n1335 -> n1392
	n1306 -> n1335
	n1310 -> n1335
	n1313 -> n1335
	n1334 -> n1335
	n1394 [label=<<i>m.save</i>> color=crimson shape=doubleoctagon]; 
	n1392 []
	n1391 [label = <<i>self.moderation_reason</i>> ]
	n452 []
	n1323 []
	n1322 []
	n1306 []
	n1305 [label = <<i>Moderation.new</i>> ]
	n1304 []
	n1310 []
	n1309 [label = <<i>self_editor.try</i>> color=coral1 ]
	n1308 [label = <<i>self.editor</i>> ]
	n1313 []
	n1312 [label = <<i>self_editor.id</i>> ]
	n1387 []
	n1386 [label = <<i>all_changes_map{|k,v|ifk=="merged_story_id"ifv[1]"mergedinto#{self_merged_into_story_short_id}""(#{self_merged_into_story_title})"else"unmergedfromanotherstory"endelse"changed#{k}from#{v[0]_inspect}to#{v[1]_inspect}"end}.join</i>> color=coral1 ]
	n1338 [label = <<i>all_changes.map</i>> ]
	n1292 []
	n1291 [label = <<i>self_changes.merge</i>> ]
	n1203 [label = <<i>self.changes</i>> ]
	n1204 [label = <<i>self.tagging_changes</i>> ]
	n1284 []
	n1289 []
	n1288 []
	n1286 []
	n1287 []
	n1278 []
	n1277 [label = <<i>%v_10.join</i>> ]
	n1261 [label = <<i>self_taggings_reject{|tg|tg_new_record?}.map</i>> ]
	n1206 []
	n1247 [label = <<i>self_taggings.reject</i>> ]
	n1246 [label = <<i>self.taggings</i>> ]
	n1276 []
	n1244 []
	n1243 [label = <<i>%v_5.join</i>> ]
	n1227 [label = <<i>self_taggings_reject{|tg|tg_new_record?}.map</i>> ]
	n1213 [label = <<i>self_taggings.reject</i>> ]
	n1212 [label = <<i>self.taggings</i>> ]
	n1242 []
	n1385 []
	n1335 []
	n1334 []
}

digraph StoriesController_create_forward_70280057500800 {
	n1594 -> n1870
	n1870 -> n1398
	n1594 [label=<<i>m.save</i>> color=crimson shape=doubleoctagon]; 
	n1870 []
	n1398 [label = <<i>self.send_message_to_moderated</i>> ]
}

digraph StoriesController_create_backward_70280057500800 {
	n1420 -> n1594
	n1408 -> n1420
	n1407 -> n1408
	n1406 -> n1407
	n1411 -> n1420
	n1408 -> n1411
	n1410 -> n1411
	n1400 -> n1410
	n1413 -> n1420
	n1408 -> n1413
	n1411 -> n1413
	n1419 -> n1420
	n1418 -> n1419
	n1400 -> n1418
	n1423 -> n1594
	n1420 -> n1423
	n1422 -> n1423
	n1508 -> n1594
	n1420 -> n1508
	n1423 -> n1508
	n1507 -> n1508
	n1506 -> n1507
	n1502 -> n1506
	n1504 -> n1506
	n1400 -> n1504
	n1505 -> n1506
	n1501 -> n1507
	n1499 -> n1501
	n1497 -> n1499
	n1429 -> n1497
	n1428 -> n1429
	n1425 -> n1429
	n1427 -> n1429
	n1426 -> n1427
	n1400 -> n1426
	n1496 -> n1497
	n1432 -> n1496
	n1431 -> n1432
	n1400 -> n1431
	n1493 -> n1432
	n1492 -> n1493
	n1457 -> n1492
	n1458 -> n1492
	n1434 -> n1458
	n1490 -> n1458
	n1489 -> n1490
	n1486 -> n1489
	n1485 -> n1486
	n1471 -> n1486
	n1470 -> n1471
	n1467 -> n1470
	n1466 -> n1467
	n1460 -> n1466
	n1469 -> n1470
	n1488 -> n1489
	n1440 -> n1492
	n1434 -> n1440
	n1455 -> n1440
	n1454 -> n1455
	n1450 -> n1454
	n1449 -> n1450
	n1448 -> n1449
	n1453 -> n1454
	n1451 -> n1453
	n1452 -> n1453
	n1442 -> n1452
	n1495 -> n1496
	n1498 -> n1499
	n1500 -> n1501
	n1536 -> n1594
	n1408 -> n1536
	n1411 -> n1536
	n1413 -> n1536
	n1535 -> n1536
	n1534 -> n1535
	n1400 -> n1534
	n1539 -> n1594
	n1538 -> n1539
	n1536 -> n1539
	n1563 -> n1594
	n1536 -> n1563
	n1539 -> n1563
	n1562 -> n1563
	n1555 -> n1562
	n1553 -> n1555
	n1552 -> n1553
	n1550 -> n1552
	n1549 -> n1550
	n1548 -> n1549
	n1400 -> n1548
	n1551 -> n1552
	n1546 -> n1553
	n1541 -> n1546
	n1544 -> n1546
	n1543 -> n1544
	n1542 -> n1543
	n1400 -> n1542
	n1545 -> n1546
	n1554 -> n1555
	n1561 -> n1562
	n1556 -> n1561
	n1559 -> n1561
	n1558 -> n1559
	n1400 -> n1558
	n1560 -> n1561
	n1594 [label=<<i>m.save</i>> color=crimson shape=doubleoctagon]; 
	n1420 []
	n1408 []
	n1407 [label = <<i>Message.new</i>> ]
	n1406 []
	n1411 []
	n1410 [label = <<i>self.moderator_user_id</i>> ]
	n1400 []
	n1413 []
	n1419 [label = <<i>self_story.user_id</i>> ]
	n1418 [label = <<i>self.story</i>> ]
	n1423 []
	n1422 []
	n1508 []
	n1507 []
	n1506 []
	n1502 []
	n1504 [label = <<i>self.action</i>> ]
	n1505 []
	n1501 []
	n1499 []
	n1497 []
	n1429 []
	n1428 []
	n1425 []
	n1427 [label = <<i>self_story.title</i>> ]
	n1426 [label = <<i>self.story</i>> ]
	n1496 []
	n1432 [label = <<i>self_story.comments_url</i>> ]
	n1431 [label = <<i>self.story</i>> ]
	n1493 []
	n1492 []
	n1457 []
	n1458 [label = <<i>self.title_as_url</i>> ]
	n1434 []
	n1490 []
	n1489 [label = <<i>u_gsub(/^_+/,"").gsub</i>> ]
	n1486 [label = <<i>u_gsub(/^_+/,"").gsub</i>> ]
	n1485 []
	n1471 []
	n1470 [label = <<i>self_title_downcase.gsub</i>> ]
	n1467 [label = <<i>self_title.downcase</i>> ]
	n1466 [label = <<i>self.title</i>> ]
	n1460 []
	n1469 []
	n1488 []
	n1440 [label = <<i>self.short_id_url</i>> ]
	n1455 []
	n1454 []
	n1450 [label = <<i>Rails_application.root_url</i>> ]
	n1449 [label = <<i>Rails.application</i>> ]
	n1448 []
	n1453 []
	n1451 []
	n1452 [label = <<i>self.short_id</i>> ]
	n1442 []
	n1495 []
	n1498 []
	n1500 []
	n1536 []
	n1535 [label = <<i>self_comment.user_id</i>> ]
	n1534 [label = <<i>self.comment</i>> ]
	n1539 []
	n1538 []
	n1563 []
	n1562 []
	n1555 []
	n1553 []
	n1552 []
	n1550 [label = <<i>self_comment_story.comments_url</i>> ]
	n1549 [label = <<i>self.story</i>> ]
	n1548 [label = <<i>self.comment</i>> ]
	n1551 []
	n1546 []
	n1541 []
	n1544 [label = <<i>self_comment_story.title</i>> ]
	n1543 [label = <<i>self.story</i>> ]
	n1542 [label = <<i>self.comment</i>> ]
	n1545 []
	n1554 []
	n1561 []
	n1556 []
	n1559 [label = <<i>self.comment</i>> ]
	n1558 [label = <<i>self.comment</i>> ]
	n1560 []
}

digraph StoriesController_create_forward_70280057257800 {
	n1620 [label=<<i>self.where</i>> color=crimson shape=doubleoctagon]; 
}

digraph StoriesController_create_backward_70280057257800 {
	n1620 [label=<<i>self.where</i>> color=crimson shape=doubleoctagon]; 
}

digraph StoriesController_create_forward_70280057251500 {
	n1621 -> n1622
	n1622 -> n1700
	n1700 -> n1605
	n1605 -> n1702
	n1702 -> n1596
	n1621 [label=<<i>self_received_messages_unread.count</i>> color=crimson shape=doubleoctagon]; 
	n1622 [label = <<i>Keystore.put</i>> ]
	n1700 []
	n1605 [label = <<i>self_recipient.update_unread_message_count!</i>> ]
	n1702 []
	n1596 [label = <<i>self.update_unread_counts</i>> ]
}

digraph StoriesController_create_backward_70280057251500 {
	n1619 -> n1621
	n1618 -> n1619
	n1607 -> n1618
	n1621 [label=<<i>self_received_messages_unread.count</i>> color=crimson shape=doubleoctagon]; 
	n1619 [label = <<i>self_received_messages.unread</i>> ]
	n1618 [label = <<i>self.received_messages</i>> ]
	n1607 []
}

digraph StoriesController_create_forward_70280057119480 {
	n1656 [label=<<i>Keystore_connection.execute</i>> color=crimson shape=doubleoctagon]; 
}

digraph StoriesController_create_backward_70280057119480 {
	n1640 -> n1656
	n1639 -> n1640
	n1655 -> n1656
	n1647 -> n1655
	n1646 -> n1647
	n1645 -> n1646
	n1644 -> n1646
	n1643 -> n1644
	n1641 -> n1647
	n1654 -> n1655
	n1648 -> n1654
	n1650 -> n1654
	n1624 -> n1650
	n1629 -> n1650
	n1651 -> n1654
	n1652 -> n1654
	n1624 -> n1652
	n1630 -> n1652
	n1653 -> n1654
	n1656 [label=<<i>Keystore_connection.execute</i>> color=crimson shape=doubleoctagon]; 
	n1640 [label = <<i>Keystore.connection</i>> ]
	n1639 []
	n1655 []
	n1647 []
	n1646 []
	n1645 []
	n1644 [label = <<i>Keystore.table_name</i>> ]
	n1643 []
	n1641 []
	n1654 []
	n1648 []
	n1650 [label = <<i>self.q</i>> ]
	n1624 []
	n1629 []
	n1651 []
	n1652 [label = <<i>self.q</i>> ]
	n1630 []
	n1653 []
}

digraph StoriesController_create_forward_70280043908180 {
	n1686 -> n1696
	n1686 [label=<<i>Keystore_connection.execute</i>> color=crimson shape=doubleoctagon]; 
	n1696 []
}

digraph StoriesController_create_backward_70280043908180 {
	n1685 -> n1686
	n1680 -> n1685
	n1672 -> n1680
	n1668 -> n1672
	n1670 -> n1672
	n1669 -> n1670
	n1671 -> n1672
	n1679 -> n1680
	n1673 -> n1679
	n1675 -> n1679
	n1624 -> n1675
	n1629 -> n1675
	n1676 -> n1679
	n1677 -> n1679
	n1624 -> n1677
	n1630 -> n1677
	n1678 -> n1679
	n1684 -> n1685
	n1681 -> n1684
	n1683 -> n1684
	n1624 -> n1683
	n1630 -> n1683
	n1667 -> n1686
	n1666 -> n1667
	n1686 [label=<<i>Keystore_connection.execute</i>> color=crimson shape=doubleoctagon]; 
	n1685 []
	n1680 []
	n1672 []
	n1668 []
	n1670 [label = <<i>Keystore.table_name</i>> ]
	n1669 []
	n1671 []
	n1679 []
	n1673 []
	n1675 [label = <<i>self.q</i>> ]
	n1624 []
	n1629 []
	n1676 []
	n1677 [label = <<i>self.q</i>> ]
	n1630 []
	n1678 []
	n1684 []
	n1681 []
	n1683 [label = <<i>self.q</i>> ]
	n1667 [label = <<i>Keystore.connection</i>> ]
	n1666 []
}

digraph StoriesController_create_forward_70280043843240 {
	n1694 -> n1695
	n1695 -> n1696
	n1694 [label=<<i>kv.save!</i>> color=crimson shape=doubleoctagon]; 
	n1695 []
	n1696 []
}

digraph StoriesController_create_backward_70280043843240 {
	n1690 -> n1694
	n1689 -> n1690
	n1624 -> n1689
	n1629 -> n1689
	n1630 -> n1689
	n1694 [label=<<i>kv.save!</i>> color=crimson shape=doubleoctagon]; 
	n1690 []
	n1689 [label = <<i>self.find_or_create_key_for_update</i>> ]
	n1624 []
	n1629 []
	n1630 []
}

digraph StoriesController_create_forward_70280043582900 {
	n1723 [label=<<i>self.where</i>> color=crimson shape=doubleoctagon]; 
}

digraph StoriesController_create_backward_70280043582900 {
	n1723 [label=<<i>self.where</i>> color=crimson shape=doubleoctagon]; 
}

digraph StoriesController_create_forward_70280047372080 {
	n1944 -> n1947
	n1947 -> n1950
	n1950 -> n1951
	n1951 -> n1952
	n1952 -> n1953
	n1953 -> n1934
	n1934 -> n1955
	n1955 -> n2057
	n1955 -> n2060
	n2060 -> n2075
	n2075 -> n2076
	n2075 -> n2078
	n2078 -> n2079
	n2079 -> n1926
	n1926 -> n2081
	n2081 -> n1914
	n2060 -> n2076
	n1944 [label=<<i>Story.select</i>> color=crimson shape=doubleoctagon]; 
	n1947 [label = <<i>Story_select(id).where</i>> color=coral1 ]
	n1950 []
	n1951 []
	n1952 [label = <<i>Comment.where</i>> color=coral1 ]
	n1953 []
	n1934 [label = <<i>self.merged_comments</i>> ]
	n1955 [label = <<i>self_merged_comments.arrange_for_user</i>> ]
	n2057 []
	n2060 [label = <<i>comments.count</i>> color=coral1 ]
	n2075 []
	n2076 [label = <<i>self.update_column</i>> ]
	n2078 [label = <<i>self.recalculate_hotness!</i>> ]
	n2079 []
	n1926 [label = <<i>self_merged_into_story.update_comments_count!</i>> ]
	n2081 []
	n1914 [label = <<i>self.update_merged_into_story_comments</i>> ]
}

digraph StoriesController_create_backward_70280047372080 {
	n1943 -> n1944
	n1944 [label=<<i>Story.select</i>> color=crimson shape=doubleoctagon]; 
	n1943 []
}

digraph StoriesController_create_forward_70280056415260 {
	n1947 -> n1950
	n1950 -> n1951
	n1951 -> n1952
	n1952 -> n1953
	n1953 -> n1934
	n1934 -> n1955
	n1955 -> n2057
	n1955 -> n2060
	n2060 -> n2075
	n2075 -> n2076
	n2075 -> n2078
	n2078 -> n2079
	n2079 -> n1926
	n1926 -> n2081
	n2081 -> n1914
	n2060 -> n2076
	n1947 [label=<<i>Story_select(id).where</i>> color=crimson shape=doubleoctagon]; 
	n1950 []
	n1951 []
	n1952 [label = <<i>Comment.where</i>> color=coral1 ]
	n1953 []
	n1934 [label = <<i>self.merged_comments</i>> ]
	n1955 [label = <<i>self_merged_comments.arrange_for_user</i>> ]
	n2057 []
	n2060 [label = <<i>comments.count</i>> color=coral1 ]
	n2075 []
	n2076 [label = <<i>self.update_column</i>> ]
	n2078 [label = <<i>self.recalculate_hotness!</i>> ]
	n2079 []
	n1926 [label = <<i>self_merged_into_story.update_comments_count!</i>> ]
	n2081 []
	n1914 [label = <<i>self.update_merged_into_story_comments</i>> ]
}

digraph StoriesController_create_backward_70280056415260 {
	n1944 -> n1947
	n1943 -> n1944
	n1946 -> n1947
	n1945 -> n1946
	n1936 -> n1945
	n1947 [label=<<i>Story_select(id).where</i>> color=crimson shape=doubleoctagon]; 
	n1944 [label = <<i>Story.select</i>> color=coral1 ]
	n1943 []
	n1946 []
	n1945 [label = <<i>self.id</i>> ]
	n1936 []
}

digraph StoriesController_create_forward_70280051938080 {
	n1952 -> n1953
	n1953 -> n1934
	n1934 -> n1955
	n1955 -> n2057
	n1955 -> n2060
	n2060 -> n2075
	n2075 -> n2076
	n2075 -> n2078
	n2078 -> n2079
	n2079 -> n1926
	n1926 -> n2081
	n2081 -> n1914
	n2060 -> n2076
	n1952 [label=<<i>Comment.where</i>> color=crimson shape=doubleoctagon]; 
	n1953 []
	n1934 [label = <<i>self.merged_comments</i>> ]
	n1955 [label = <<i>self_merged_comments.arrange_for_user</i>> ]
	n2057 []
	n2060 [label = <<i>comments.count</i>> color=coral1 ]
	n2075 []
	n2076 [label = <<i>self.update_column</i>> ]
	n2078 [label = <<i>self.recalculate_hotness!</i>> ]
	n2079 []
	n1926 [label = <<i>self_merged_into_story.update_comments_count!</i>> ]
	n2081 []
	n1914 [label = <<i>self.update_merged_into_story_comments</i>> ]
}

digraph StoriesController_create_backward_70280051938080 {
	n1942 -> n1952
	n1951 -> n1952
	n1950 -> n1951
	n1947 -> n1950
	n1944 -> n1947
	n1943 -> n1944
	n1946 -> n1947
	n1945 -> n1946
	n1936 -> n1945
	n1949 -> n1950
	n1948 -> n1949
	n1936 -> n1948
	n1952 [label=<<i>Comment.where</i>> color=crimson shape=doubleoctagon]; 
	n1942 []
	n1951 []
	n1950 []
	n1947 [label = <<i>Story_select(id).where</i>> color=coral1 ]
	n1944 [label = <<i>Story.select</i>> color=coral1 ]
	n1943 []
	n1946 []
	n1945 [label = <<i>self.id</i>> ]
	n1936 []
	n1949 []
	n1948 [label = <<i>self.id</i>> ]
}

digraph StoriesController_create_forward_70280052005620 {
	n1965 -> n1966
	n1966 -> n1967
	n1967 -> n1986
	n1986 -> n1987
	n1987 -> n2008
	n1987 -> n2033
	n1987 -> n2044
	n1987 -> n2045
	n1966 -> n1975
	n1975 -> n1976
	n1976 -> n1978
	n1976 -> n1981
	n1981 -> n1982
	n1982 -> n1985
	n1985 -> n1986
	n1982 -> n1989
	n1989 -> n2003
	n2003 -> n2004
	n1982 -> n2016
	n2016 -> n2018
	n2018 -> n2019
	n2019 -> n2020
	n2020 -> n2021
	n1982 -> n2029
	n2029 -> n2031
	n2029 -> n2036
	n2036 -> n2037
	n1981 -> n1983
	n1976 -> n2042
	n1965 [label=<<i>self.order</i>> color=crimson shape=doubleoctagon]; 
	n1966 [label = <<i>self_order("confidenceDESC").group_by</i>> ]
	n1967 []
	n1986 []
	n1987 []
	n2008 []
	n2033 []
	n2044 []
	n2045 []
	n1975 []
	n1976 []
	n1978 []
	n1981 [label = <<i>subtree.shift</i>> ]
	n1982 []
	n1985 [label = <<i>node.id</i>> ]
	n1989 [label = <<i>node.is_gone?</i>> ]
	n2003 [label = <<i>%v_13.!</i>> ]
	n2004 []
	n2016 [label = <<i>node.user_id</i>> ]
	n2018 []
	n2019 []
	n2020 []
	n2021 []
	n2029 []
	n2031 []
	n2036 [label = <<i>node.is_moderated?</i>> ]
	n2037 []
	n1983 []
	n2042 []
}

digraph StoriesController_create_backward_70280052005620 {
	n1957 -> n1965
	n1964 -> n1965
	n1965 [label=<<i>self.order</i>> color=crimson shape=doubleoctagon]; 
	n1957 []
	n1964 []
}

digraph StoriesController_create_forward_70280056796440 {
	n2060 -> n2075
	n2075 -> n2076
	n2075 -> n2078
	n2078 -> n2079
	n2079 -> n1926
	n1926 -> n2081
	n2081 -> n1914
	n2060 -> n2076
	n2060 [label=<<i>comments.count</i>> color=crimson shape=doubleoctagon]; 
	n2075 []
	n2076 [label = <<i>self.update_column</i>> ]
	n2078 [label = <<i>self.recalculate_hotness!</i>> ]
	n2079 []
	n1926 [label = <<i>self_merged_into_story.update_comments_count!</i>> ]
	n2081 []
	n1914 [label = <<i>self.update_merged_into_story_comments</i>> ]
}

digraph StoriesController_create_backward_70280056796440 {
	n1928 -> n2060
	n1955 -> n2060
	n1934 -> n1955
	n1928 -> n1934
	n1953 -> n1934
	n1952 -> n1953
	n1942 -> n1952
	n1951 -> n1952
	n1950 -> n1951
	n1947 -> n1950
	n1944 -> n1947
	n1943 -> n1944
	n1946 -> n1947
	n1945 -> n1946
	n1936 -> n1945
	n1949 -> n1950
	n1948 -> n1949
	n1936 -> n1948
	n2055 -> n1955
	n1970 -> n2055
	n1969 -> n1970
	n2060 [label=<<i>comments.count</i>> color=crimson shape=doubleoctagon]; 
	n1928 []
	n1955 [label = <<i>self_merged_comments.arrange_for_user</i>> ]
	n1934 [label = <<i>self.merged_comments</i>> ]
	n1953 []
	n1952 [label = <<i>Comment.where</i>> color=coral1 ]
	n1942 []
	n1951 []
	n1950 []
	n1947 [label = <<i>Story_select(id).where</i>> color=coral1 ]
	n1944 [label = <<i>Story.select</i>> color=coral1 ]
	n1943 []
	n1946 []
	n1945 [label = <<i>self.id</i>> ]
	n1936 []
	n1949 []
	n1948 [label = <<i>self.id</i>> ]
	n2055 []
	n1970 []
	n1969 []
}

