digraph sketch {
	n20 [label=<<i>20__ User(User)   where</i>> color=blue]; 
	n20 -> n21 [label="0"]
	n21 [label=<<i>21__ User where( session_token =) session( u) to_s)   first</i>> color=blue]; 
	n109 [label=<<i>109__ self(ApplicationController)   params</i>> color=crimson]; 
	n142 [label=<<i>142__ self lock(true) where( key =) key)   first</i>> color=blue]; 
	n143 [label=<<i>143__ self lock(true)   where</i>> color=blue]; 
	n144 [label=<<i>144__ self(Keystore)   lock</i>> color=blue]; 
	n151 [label=<<i>151__ key   where</i>> color=blue]; 
	n153 [label=<<i>153__ kv(Keystore)   save!</i>> color=blue]; 
	n184 [label=<<i>184__ traffic_kv(Keystore)   value</i>> color=darkorange]; 
	n184 -> n186 [label="0"]
	n186 [label=<<i>186__ traffic_kv(Keystore)   save!</i>> color=blue]; 
	n188 [label=<<i>188__ date_kv(Keystore)   value</i>> color=darkorange]; 
	n188 -> n190 [label="0"]
	n190 [label=<<i>190__ date_kv(Keystore)   save!</i>> color=blue]; 
	n248 [label=<<i>248__ self(MessagesController)   params</i>> color=crimson]; 
	n248 -> n271 [label="6"]
	n271 [label=<<i>271__ Message(Message)   where</i>> color=blue]; 
	n271 -> n272 [label="0"]
	n272 [label=<<i>272__ Message where( short_id =) m(1))   first</i>> color=blue]; 
	n272 -> n306 [label="1"]
	n284 [label=<<i>284__ message(Message)   deleted_by_author</i>> color=darkorange]; 
	n284 -> n306 [label="0"]
	n297 [label=<<i>297__ message(Message)   deleted_by_recipient</i>> color=darkorange]; 
	n297 -> n306 [label="0"]
	n306 [label=<<i>306__ message(Message)   save!</i>> color=blue]; 
	n350 [label=<<i>350__ self received_messages unread   count</i>> color=blue]; 
	n350 -> n351 [label="0"]
	n351 [label=<<i>351__ Keystore(Keystore)   put</i>> color=blue]; 
}