SET IRMethod, name = index instanceMethod = true
BB 1
	outgoing: 5 2 
	datadep: 
	instructions:
BB 2
	outgoing: 3 4 
	datadep: 
	instructions:
		 0: def_%self 
		 1: def_%v_0 
		 2: COPY TYPE_CurrentScope def_%current_scope 
		 3: COPY TYPE_ScopeModule def_%current_module 
		 4: 
		 5: Line Number 5
		 6: GETFIELD %self->group def_%v_3 %self[2.0,] 
		 7: BRANCH %v_3[2.6,] 
BB 3
	outgoing: 4 
	datadep: 
	instructions:
		 0: GETFIELD %self->person def_%v_4 %self[2.0,] 
		 1: COPY TYPE_PASS def_%v_3 %v_4[3.0,] 
BB 4
	outgoing: 5 
	datadep: 
	instructions:
		 0: ATTRASSIGN %self->owner %v_3[3.1,2.6,] 
		 1: Line Number 6
		 2: %self->albums def_%v_5 %self[4.0,2.0,] 	 SYMBOL:	 ARGS:
		 3: %self->current_user def_%v_6 %self[4.0,4.2,2.0,] 	 SYMBOL:	 ARGS:
		 4: %v_5->readable_by def_%v_7 %v_5[4.2,] %v_6[4.3,] 	 SYMBOL:	 ARGS:%v_6,
		 5: ATTRASSIGN %self->albums %v_7[4.4,] 
		 6: Line Number 7
		 7: %self->respond_to def_%v_8 %self[4.0,4.2,4.3,4.5,2.0,] %self[4.0,4.2,4.3,4.5,2.0,] 	 SYMBOL:	 ARGS:%self,
CLOSURE BEGIN: format[] %self[4.0,4.2,4.3,4.5,2.0,] 
BB 1
	outgoing: 6 2 
	datadep: 
	instructions:
BB 2
	outgoing: 3 
	datadep: 
	instructions:
		 0: def_%self 
		 1: def_%cl_1_0 
		 2: RECEIVEARG def_format 
		 3: COPY TYPE_CurrentScope def_%current_scope 
		 4: COPY TYPE_ScopeModule def_%current_module 
BB 3
	outgoing: 4 6 
	datadep: 
	instructions:
		 0: Line Number 8
		 1: format->html def_%cl_1_3 format[2.2,] 	 SYMBOL:	 ARGS:
		 2: Line Number 9
		 3: format->js def_%cl_1_4 format[3.1,2.2,] %self[2.0,] 	 SYMBOL:	 ARGS:format,
CLOSURE BEGIN: %self[2.0,] 
BB 1
	outgoing: 6 2 
	datadep: 
	instructions:
BB 2
	outgoing: 3 
	datadep: 
	instructions:
		 0: def_%self 
		 1: def_%cl_2_0 
		 2: COPY TYPE_CurrentScope def_%current_scope 
		 3: COPY TYPE_ScopeModule def_%current_module 
BB 3
	outgoing: 4 6 
	datadep: 
	instructions:
		 0: Line Number 9
		 1: GETFIELD %self->albums def_%cl_2_3 %self[2.0,] 
		 2: %cl_2_3->to_json def_%cl_2_4 %cl_2_3[3.1,] 	 SYMBOL:	 ARGS:
		 3: HASH-plain- def_%cl_2_5 %cl_2_4[3.2,] 
		 4: %self->render def_%cl_2_6 %self[2.0,] %cl_2_5[3.3,] 	 SYMBOL:	 ARGS:%cl_2_5,
		 5: RETURN %cl_2_6[3.4,] %self[3.4,2.0,] 
BB 4
	outgoing: 6 
	datadep: 
	instructions:
		 0: def_%cl_2_7 
		 1: def_%cl_2_8 %cl_2_7[4.0,] 
		 2: RETURN %cl_2_8[4.1,] %self[2.0,] 
BB 6
	outgoing: 
	datadep: 
	instructions:
CLOSURE END: 
		 4: RETURN %cl_1_4[3.3,] %self[2.0,] 
BB 4
	outgoing: 6 
	datadep: 
	instructions:
		 0: def_%cl_1_5 
		 1: def_%cl_1_6 %cl_1_5[4.0,] 
		 2: RETURN %cl_1_6[4.1,] %self[2.0,] 
BB 6
	outgoing: 
	datadep: 
	instructions:
CLOSURE END: 
		 8: RETURN %v_8[4.7,] %self[4.0,4.2,4.3,4.5,4.7,2.0,] 
BB 5
	outgoing: 
	datadep: 
	instructions:

SET IRMethod, name = show instanceMethod = true
BB 1
	outgoing: 3 2 
	datadep: 
	instructions:
BB 2
	outgoing: 3 
	datadep: 
	instructions:
		 0: def_%self 
		 1: def_%v_0 
		 2: COPY TYPE_CurrentScope def_%current_scope 
		 3: COPY TYPE_ScopeModule def_%current_module 
		 4: 
		 5: Line Number 14
		 6: GETFIELD %self->album def_%v_3 %self[2.0,] 
		 7: %v_3->pictures def_%v_4 %v_3[2.6,] 	 SYMBOL:	 ARGS:
		 8: %v_4->order def_%v_5 %v_4[2.7,] 	 SYMBOL:id,	 ARGS:Symbol,
		 9: %self->params def_%v_6 %self[2.0,] 	 SYMBOL:	 ARGS:
		 10: %v_6->[] def_%v_7 %v_6[2.9,] 	 SYMBOL:page,	 ARGS:Symbol,
		 11: %v_5->page def_%v_8 %v_5[2.8,] %v_7[2.10,] 	 SYMBOL:	 ARGS:%v_7,
		 12: ATTRASSIGN %self->pictures %v_8[2.11,] 
		 13: RETURN %v_8[2.11,] %self[2.0,2.9,2.12,] 
BB 3
	outgoing: 
	datadep: 
	instructions:

SET IRMethod, name = new instanceMethod = true
BB 1
	outgoing: 3 2 
	datadep: 
	instructions:
BB 2
	outgoing: 3 
	datadep: 
	instructions:
		 0: def_%self 
		 1: def_%v_0 
		 2: COPY TYPE_CurrentScope def_%current_scope 
		 3: COPY TYPE_ScopeModule def_%current_module 
		 4: 
		 5: RETURN %self[2.0,] 
BB 3
	outgoing: 
	datadep: 
	instructions:

SET IRMethod, name = create instanceMethod = true
BB 1
	outgoing: 6 2 
	datadep: 
	instructions:
BB 2
	outgoing: 3 4 
	datadep: 
	instructions:
		 0: def_%self 
		 1: def_%v_0 
		 2: COPY TYPE_CurrentScope def_%current_scope 
		 3: COPY TYPE_ScopeModule def_%current_module 
		 4: 
		 5: Line Number 21
		 6: GETFIELD %self->album def_%v_3 %self[2.0,] 
		 7: %v_3->save def_%v_4 %v_3[2.6,] 	 SYMBOL:	 ARGS:
		 8: BRANCH %v_4[2.7,] 
BB 3
	outgoing: 6 
	datadep: 
	instructions:
		 0: Line Number 22
		 1: %self->flash def_%v_5 %self[2.0,] 	 SYMBOL:	 ARGS:
		 2: COPY TYPE_StringLiteral "albums.saved" def_%v_6 
		 3: %self->t def_%v_7 %self[3.1,2.0,] %v_6[3.2,] 	 SYMBOL:	 ARGS:%v_6,
		 4: ATTRASSIGN %v_5->[] %v_7[3.3,] 
		 5: Line Number 23
		 6: GETFIELD %self->album def_%v_8 %self[3.1,3.3,2.0,] 
		 7: %self->redirect_to def_%v_9 %self[3.1,3.3,2.0,] %v_8[3.6,] 	 SYMBOL:	 ARGS:%v_8,
		 8: RETURN %v_9[3.7,] %self[3.1,3.3,3.7,2.0,] 
BB 4
	outgoing: 6 
	datadep: 
	instructions:
		 0: Line Number 25
		 1: COPY TYPE_StringLiteral "new" def_%v_10 
		 2: HASH-action- def_%v_11 %v_10[4.1,] 
		 3: %self->render def_%v_12 %self[2.0,] %v_11[4.2,] 	 SYMBOL:	 ARGS:%v_11,
		 4: RETURN %v_12[4.3,] %self[4.3,2.0,] 
BB 6
	outgoing: 
	datadep: 
	instructions:

SET IRMethod, name = edit instanceMethod = true
BB 1
	outgoing: 3 2 
	datadep: 
	instructions:
BB 2
	outgoing: 3 
	datadep: 
	instructions:
		 0: def_%self 
		 1: def_%v_0 
		 2: COPY TYPE_CurrentScope def_%current_scope 
		 3: COPY TYPE_ScopeModule def_%current_module 
		 4: 
		 5: RETURN %self[2.0,] 
BB 3
	outgoing: 
	datadep: 
	instructions:

SET IRMethod, name = update instanceMethod = true
BB 1
	outgoing: 6 2 
	datadep: 
	instructions:
BB 2
	outgoing: 3 4 
	datadep: 
	instructions:
		 0: def_%self 
		 1: def_%v_0 
		 2: COPY TYPE_CurrentScope def_%current_scope 
		 3: COPY TYPE_ScopeModule def_%current_module 
		 4: 
		 5: Line Number 33
		 6: GETFIELD %self->album def_%v_3 %self[2.0,] 
		 7: %self->album_params def_%v_4 %self[2.0,] 	 SYMBOL:	 ARGS:
		 8: %v_3->update_attributes def_%v_5 %v_3[2.6,] %v_4[2.7,] 	 SYMBOL:	 ARGS:%v_4,
		 9: BRANCH %v_5[2.8,] 
BB 3
	outgoing: 6 
	datadep: 
	instructions:
		 0: Line Number 34
		 1: %self->flash def_%v_6 %self[2.0,] 	 SYMBOL:	 ARGS:
		 2: COPY TYPE_StringLiteral "Changes_saved" def_%v_7 
		 3: %self->t def_%v_8 %self[3.1,2.0,] %v_7[3.2,] 	 SYMBOL:	 ARGS:%v_7,
		 4: ATTRASSIGN %v_6->[] %v_8[3.3,] 
		 5: Line Number 35
		 6: GETFIELD %self->album def_%v_9 %self[3.1,3.3,2.0,] 
		 7: %self->redirect_to def_%v_10 %self[3.1,3.3,2.0,] %v_9[3.6,] 	 SYMBOL:	 ARGS:%v_9,
		 8: RETURN %v_10[3.7,] %self[3.1,3.3,3.7,2.0,] 
BB 4
	outgoing: 6 
	datadep: 
	instructions:
		 0: Line Number 37
		 1: COPY TYPE_StringLiteral "edit" def_%v_11 
		 2: HASH-action- def_%v_12 %v_11[4.1,] 
		 3: %self->render def_%v_13 %self[2.0,] %v_12[4.2,] 	 SYMBOL:	 ARGS:%v_12,
		 4: RETURN %v_13[4.3,] %self[4.3,2.0,] 
BB 6
	outgoing: 
	datadep: 
	instructions:

SET IRMethod, name = destroy instanceMethod = true
BB 1
	outgoing: 3 2 
	datadep: 
	instructions:
BB 2
	outgoing: 3 
	datadep: 
	instructions:
		 0: def_%self 
		 1: def_%v_0 
		 2: COPY TYPE_CurrentScope def_%current_scope 
		 3: COPY TYPE_ScopeModule def_%current_module 
		 4: 
		 5: Line Number 42
		 6: GETFIELD %self->album def_%v_3 %self[2.0,] 
		 7: %v_3->owner def_%v_4 %v_3[2.6,] 	 SYMBOL:	 ARGS:
		 8: COPY TYPE_PASS def_owner %v_4[2.7,] 
		 9: Line Number 43
		 10: GETFIELD %self->album def_%v_5 %self[2.0,] 
		 11: %v_5->destroy def_%v_6 %v_5[2.10,] 	 SYMBOL:	 ARGS:
		 12: Line Number 44
		 13: COPY TYPE_Array def_%v_7 owner[2.8,] 
		 14: %self->redirect_to def_%v_8 %self[2.0,] %v_7[2.13,] 	 SYMBOL:	 ARGS:%v_7,
		 15: RETURN %v_8[2.14,] %self[2.0,2.14,] 
BB 3
	outgoing: 
	datadep: 
	instructions:

SET IRMethod, name = album_params instanceMethod = true
BB 1
	outgoing: 3 2 
	datadep: 
	instructions:
BB 2
	outgoing: 3 
	datadep: 
	instructions:
		 0: def_%self 
		 1: def_%v_0 
		 2: COPY TYPE_CurrentScope def_%current_scope 
		 3: COPY TYPE_ScopeModule def_%current_module 
		 4: 
		 5: Line Number 50
		 6: %self->params def_%v_3 %self[2.0,] 	 SYMBOL:	 ARGS:
		 7: %v_3->require def_%v_4 %v_3[2.6,] 	 SYMBOL:album,	 ARGS:Symbol,
		 8: %v_4->permit def_%v_5 %v_4[2.7,] 	 SYMBOL:name,description,is_public,	 ARGS:Symbol,Symbol,Symbol,
		 9: RETURN %v_5[2.8,] %self[2.0,2.6,] 
BB 3
	outgoing: 
	datadep: 
	instructions:

