SET IRMethod, name = params_without_action
BB 1
	outgoing: 3 2 
	datadep: 
	instructions:
BB 2
	outgoing: 3 
	datadep: 
	instructions:
		 0: 
		 1: 
		 2: 
		 3: 
		 4: 
		 5: 
		 6: %self->params %self[2.0,] 
		 7: %v_3->except %v_3[2.6,] 
		 8: RETURN %v_4[2.7,] 
BB 3
	outgoing: 
	datadep: 
	instructions:

SET IRMethod, name = get_site
BB 1
	outgoing: 18 2 
	datadep: 
	instructions:
BB 2
	outgoing: 3 4 
	datadep: 
	instructions:
		 0: 
		 1: 
		 2: 
		 3: 
		 4: 
		 5: 
		 6: (ENV) 
		 7: 
		 8: %v_4[2.7,] %v_3[2.6,] 
		 9: BRANCH %v_5[2.8,] 
BB 3
	outgoing: 10 
	datadep: 
	instructions:
		 0: 
		 1: (Site) 
		 2: (Site) 
		 3: (ENV) 
		 4: 
		 5: %v_8[3.3,] %v_9[3.4,] 
		 6: %v_10[3.5,] 
		 7: %v_7->where %v_7[3.2,] %v_11[3.6,] 
		 8: %v_12->first %v_12[3.7,] 
		 9: %v_13[3.8,] %v_6[3.1,] 
		 10: 
BB 4
	outgoing: 5 6 
	datadep: 
	instructions:
		 0: 
		 1: (Setting) 
		 2: %v_14->get %v_14[4.1,] 
		 3: BRANCH %v_15[4.2,] 
BB 5
	outgoing: 9 
	datadep: 2 
	instructions:
		 0: 
		 1: (Site) 
		 2: (Site) 
		 3: %self->request %self[2.0,] 
		 4: %v_18->host %v_18[5.3,] 
		 5: %v_19[5.4,] 
		 6: %v_17->where %v_17[5.2,] %v_20[5.5,] 
		 7: %v_21->first %v_21[5.6,] 
		 8: %v_16[5.1,] %v_22[5.7,] 
		 9: 
BB 6
	outgoing: 7 8 
	datadep: 
	instructions:
		 0: 
		 1: (Site) 
		 2: (Site) 
		 3: 
		 4: %v_24->where %v_24[6.2,] %v_25[6.3,] 
		 5: %v_26->first %v_26[6.4,] 
		 6: BRANCH %v_27[6.5,] 
BB 7
	outgoing: 8 
	datadep: 2 2 
	instructions:
		 0: 
		 1: %self->t %self[2.0,] %v_28[7.0,] 
		 2: %self->raise %self[2.0,] %v_29[7.1,] 
		 3: %v_30[7.2,] 
BB 8
	outgoing: 9 
	datadep: 7 6 6 7 6 
	instructions:
		 0: %v_27[7.3,6.5,] %v_23[6.1,] 
		 1: %v_27[7.3,6.5,] 
BB 9
	outgoing: 10 
	datadep: 8 5 
	instructions:
		 0: %v_22[8.1,5.7,] 
BB 10
	outgoing: 11 12 
	datadep: 
	instructions:
		 0: 
		 1: (Site) 
		 2: %v_31->current %v_31[10.1,] 
		 3: BRANCH %v_32[10.2,] 
BB 11
	outgoing: 18 
	datadep: 
	instructions:
		 0: 
		 1: (Setting) 
		 2: %v_33->reload_if_stale %v_33[11.1,] 
		 3: 
		 4: (OneBody) 
		 5: %v_35->set_locale %v_35[11.4,] 
		 6: 
		 7: (OneBody) 
		 8: %v_37->set_time_zone %v_37[11.7,] 
		 9: 
		 10: (OneBody) 
		 11: %v_39->set_local_formats %v_39[11.10,] 
		 12: RETURN %v_40[11.11,] 
BB 12
	outgoing: 13 14 
	datadep: 2 
	instructions:
		 0: 
		 1: (Site) 
		 2: %self->request %self[2.0,] 
		 3: %v_42->host %v_42[12.2,] 
		 4: %v_43[12.3,] 
		 5: %v_41->where %v_41[12.1,] %v_44[12.4,] 
		 6: %v_45->first %v_45[12.5,] 
		 7: %v_46[12.6,] 
		 8: BRANCH %v_46[12.6,] 
BB 13
	outgoing: 18 
	datadep: 12 2 
	instructions:
		 0: 
		 1: 
		 2: site->host site[12.7,] 
		 3: %v_47[13.1,] %v_48[13.2,] 
		 4: %self->redirect_to %self[2.0,] %v_49[13.3,] 
		 5: 
		 6: RETURN 
BB 14
	outgoing: 15 16 
	datadep: 2 
	instructions:
		 0: 
		 1: %self->request %self[2.0,] 
		 2: %v_52->host %v_52[14.1,] 
		 3: 
		 4: %v_53[14.2,] 
		 5: BRANCH %v_55[14.4,] 
BB 15
	outgoing: 18 
	datadep: 2 2 
	instructions:
		 0: 
		 1: %self->request %self[2.0,] 
		 2: %v_56->url %v_56[15.1,] 
		 3: 
		 4: 
		 5: %v_57->sub %v_57[15.2,] %v_59[15.4,] 
		 6: %self->redirect_to %self[2.0,] %v_60[15.5,] 
		 7: 
		 8: RETURN 
BB 16
	outgoing: 18 
	datadep: 2 2 2 
	instructions:
		 0: 
		 1: 
		 2: %self->request %self[2.0,] 
		 3: %v_64->host %v_64[16.2,] 
		 4: %v_65[16.3,] 
		 5: %self->t %self[2.0,] %v_63[16.1,] %v_66[16.4,] 
		 6: %v_67[16.5,] 
		 7: %self->render %v_68[16.6,] %self[2.0,] 
		 8: 
		 9: RETURN 
BB 18
	outgoing: 
	datadep: 
	instructions:

SET IRMethod, name = get_user
BB 1
	outgoing: 6 2 
	datadep: 
	instructions:
BB 2
	outgoing: 3 4 
	datadep: 
	instructions:
		 0: 
		 1: 
		 2: 
		 3: 
		 4: 
		 5: 
		 6: %self->session %self[2.0,] 
		 7: %v_3[2.6,] 
		 8: %v_4[2.7,] 
		 9: BRANCH %v_4[2.7,] 
BB 3
	outgoing: 6 
	datadep: 2 2 
	instructions:
		 0: 
		 1: (Person) 
		 2: (Person) 
		 3: id[2.8,] 
		 4: %v_6->where %v_6[3.2,] %v_7[3.3,] 
		 5: %v_8->first %v_8[3.4,] 
		 6: %self[2.0,] %v_9[3.5,] @logged_in[] 
		 7: %v_5[3.1,] %v_9[3.5,] 
		 8: RETURN %v_9[3.5,] 
BB 4
	outgoing: 6 
	datadep: 
	instructions:
		 0: RETURN 
BB 6
	outgoing: 
	datadep: 
	instructions:

SET IRMethod, name = current_user
BB 1
	outgoing: 3 2 
	datadep: 
	instructions:
BB 2
	outgoing: 3 
	datadep: 
	instructions:
		 0: 
		 1: 
		 2: 
		 3: 
		 4: 
		 5: 
		 6: %self[2.0,] @logged_in[] 
		 7: RETURN %v_3[2.6,] 
BB 3
	outgoing: 
	datadep: 
	instructions:

SET IRMethod, name = authenticate_user
BB 1
	outgoing: 6 2 
	datadep: 
	instructions:
BB 2
	outgoing: 3 4 
	datadep: 
	instructions:
		 0: 
		 1: 
		 2: 
		 3: 
		 4: 
		 5: 
		 6: %self->logged_in_from_api_key? %self[2.0,] 
		 7: BRANCH %v_3[2.6,] 
BB 3
	outgoing: 6 
	datadep: 
	instructions:
		 0: 
		 1: RETURN %v_4[3.0,] 
BB 4
	outgoing: 6 
	datadep: 2 
	instructions:
		 0: %self->authenticate_user_with_session %self[2.0,] 
		 1: RETURN %v_5[4.0,] 
BB 6
	outgoing: 
	datadep: 
	instructions:

SET IRMethod, name = authenticate_user_for_checkin
BB 1
	outgoing: 12 2 
	datadep: 
	instructions:
BB 2
	outgoing: 3 4 
	datadep: 
	instructions:
		 0: 
		 1: 
		 2: 
		 3: 
		 4: 
		 5: 
		 6: %self->session %self[2.0,] 
		 7: %v_3[2.6,] 
		 8: %v_4[2.7,] 
		 9: 
		 10: BRANCH %v_4[2.7,] 
BB 3
	outgoing: 5 
	datadep: 2 2 
	instructions:
		 0: (Person) 
		 1: %v_5->find id[2.8,] %v_5[3.0,] 
		 2: %self[2.0,] %v_6[3.1,] @checkin_logged_in[] 
		 3: 
BB 4
	outgoing: 5 
	datadep: 
	instructions:
		 0: 
BB 5
	outgoing: 6 7 
	datadep: 2 
	instructions:
		 0: 
		 1: %self[2.0,] @checkin_logged_in[3.2,] 
		 2: BRANCH %v_7[5.1,] 
BB 6
	outgoing: 7 
	datadep: 2 
	instructions:
		 0: %self[2.0,] @checkin_logged_in[5.1,] 
		 1: %v_8->admin? %v_8[6.0,] 
		 2: %v_9[6.1,] 
BB 7
	outgoing: 8 9 
	datadep: 6 5 
	instructions:
		 0: BRANCH %v_7[6.2,5.1,] 
BB 8
	outgoing: 12 
	datadep: 
	instructions:
		 0: RETURN 
BB 9
	outgoing: 12 
	datadep: 2 2 2 
	instructions:
		 0: 
		 1: 
		 2: 
		 3: %self->request %self[2.0,] 
		 4: %v_12->fullpath %v_12[9.3,] 
		 5: %v_13[9.4,] %v_11[9.2,] 
		 6: %self->new_session_path %v_14[9.5,] %self[2.0,] 
		 7: %self->redirect_to %self[2.0,] %v_15[9.6,] 
		 8: 
		 9: RETURN 
BB 12
	outgoing: 
	datadep: 
	instructions:

SET IRMethod, name = authenticate_user_with_session
BB 1
	outgoing: 15 2 
	datadep: 
	instructions:
BB 2
	outgoing: 3 13 
	datadep: 
	instructions:
		 0: 
		 1: 
		 2: 
		 3: 
		 4: 
		 5: 
		 6: %self->session %self[2.0,] 
		 7: %v_3[2.6,] 
		 8: %v_4[2.7,] 
		 9: BRANCH %v_4[2.7,] 
BB 3
	outgoing: 4 5 
	datadep: 2 
	instructions:
		 0: 
		 1: (Person) 
		 2: id[2.8,] 
		 3: %v_5->where %v_5[3.1,] %v_6[3.2,] 
		 4: %v_7->first %v_7[3.3,] 
		 5: %v_8[3.4,] 
		 6: BRANCH %v_8[3.4,] 
BB 4
	outgoing: 7 8 
	datadep: 3 
	instructions:
		 0: 
		 1: 
		 2: person->able_to_sign_in? person[3.5,] 
		 3: BRANCH %v_13[4.2,] 
BB 5
	outgoing: 15 
	datadep: 2 2 2 
	instructions:
		 0: 
		 1: %self->session %self[2.0,] 
		 2: %v_10[5.1,] 
		 3: 
		 4: %self->new_session_path %self[2.0,] 
		 5: %self->redirect_to %self[2.0,] %v_11[5.4,] 
		 6: 
		 7: RETURN 
BB 7
	outgoing: 10 11 
	datadep: 2 3 3 2 
	instructions:
		 0: 
		 1: 
		 2: (Person) 
		 3: %self[2.0,] person[3.5,] @logged_in[] 
		 4: %v_19[7.2,] person[3.5,] 
		 5: 
		 6: %self->check_full_access %self[2.0,] 
		 7: 
		 8: (Site) 
		 9: %v_21->current %v_21[7.8,] 
		 10: %v_22->id %v_22[7.9,] 
		 11: @logged_in[7.3,] 
		 12: %v_24->site_id %v_24[7.11,] 
		 13: %v_25[7.12,] %v_23[7.10,] 
		 14: BRANCH %v_26[7.13,] 
BB 8
	outgoing: 15 
	datadep: 2 2 2 
	instructions:
		 0: 
		 1: %self->session %self[2.0,] 
		 2: %v_15[8.1,] 
		 3: 
		 4: 
		 5: %self->page_for_public_path %self[2.0,] %v_16[8.4,] 
		 6: %self->redirect_to %self[2.0,] %v_17[8.5,] 
		 7: 
		 8: RETURN 
BB 10
	outgoing: 15 
	datadep: 2 2 2 
	instructions:
		 0: 
		 1: %self->session %self[2.0,] 
		 2: %v_27[10.1,] 
		 3: 
		 4: %self->new_session_path %self[2.0,] 
		 5: %self->redirect_to %self[2.0,] %v_28[10.4,] 
		 6: 
		 7: RETURN 
BB 11
	outgoing: 14 
	datadep: 
	instructions:
		 0: 
		 1: 
BB 13
	outgoing: 15 
	datadep: 2 2 2 
	instructions:
		 0: 
		 1: %self->request %self[2.0,] 
		 2: %v_31->fullpath %v_31[13.1,] 
		 3: %v_32[13.2,] 
		 4: %self->new_session_path %self[2.0,] %v_33[13.3,] 
		 5: %self->redirect_to %self[2.0,] %v_34[13.4,] 
		 6: 
		 7: RETURN 
BB 14
	outgoing: 15 
	datadep: 11 
	instructions:
		 0: RETURN %v_30[11.0,] 
BB 15
	outgoing: 
	datadep: 
	instructions:

SET IRMethod, name = authenticate_user_with_code_or_session
BB 1
	outgoing: 8 2 
	datadep: 
	instructions:
BB 2
	outgoing: 3 4 
	datadep: 
	instructions:
		 0: 
		 1: 
		 2: 
		 3: 
		 4: 
		 5: 
		 6: (Person) 
		 7: %self[2.0,] @logged_in[] 
		 8: %v_3[2.6,] 
		 9: 
		 10: %self->params %self[2.0,] 
		 11: %v_4[2.10,] 
		 12: BRANCH %v_5[2.11,] 
BB 3
	outgoing: 4 
	datadep: 2 2 
	instructions:
		 0: (Person) 
		 1: (Person) 
		 2: %v_7->undeleted %v_7[3.1,] 
		 3: %self->params %self[2.0,] 
		 4: %v_9[3.3,] 
		 5: %v_10[3.4,] 
		 6: %v_8->where %v_8[3.2,] %v_11[3.5,] 
		 7: %v_12->first %v_12[3.6,] 
		 8: %v_13[3.7,] %self[2.0,] @logged_in[2.7,] 
		 9: %v_13[3.7,] %v_6[3.0,] 
		 10: %v_13[3.7,] 
BB 4
	outgoing: 5 6 
	datadep: 3 2 
	instructions:
		 0: BRANCH %v_5[3.10,2.11,] 
BB 5
	outgoing: 8 
	datadep: 
	instructions:
		 0: 
		 1: RETURN %v_14[5.0,] 
BB 6
	outgoing: 8 
	datadep: 2 
	instructions:
		 0: 
		 1: %self->authenticate_user_with_session %self[2.0,] 
		 2: RETURN %v_15[6.1,] 
BB 8
	outgoing: 
	datadep: 
	instructions:

SET IRMethod, name = authenticate_user_with_api_key
BB 1
	outgoing: 3 2 
	datadep: 
	instructions:
BB 2
	outgoing: 3 
	datadep: 
	instructions:
		 0: 
		 1: 
		 2: 
		 3: 
		 4: 
		 5: 
		 6: %self->authenticate_with_http_basic %self[2.0,] 
CLOSURE BEGIN: 
BB 1
	outgoing: 15 2 
	datadep: 
	instructions:
BB 2
	outgoing: 3 
	datadep: 
	instructions:
		 0: 
		 1: 
		 2: 
		 3: 
		 4: 
		 5: 
BB 3
	outgoing: 4 5 13 
	datadep: 2 
	instructions:
		 0: 
		 1: email->present? email[2.2,] 
		 2: BRANCH %cl_1_3[3.1,] 
BB 4
	outgoing: 5 13 
	datadep: 2 
	instructions:
		 0: api_key->to_s api_key[2.3,] 
		 1: %cl_1_4->length %cl_1_4[4.0,] 
		 2: %cl_1_5[4.1,] 
		 3: %cl_1_6[4.2,] 
BB 5
	outgoing: 6 7 
	datadep: 4 3 
	instructions:
		 0: BRANCH %cl_1_3[4.3,3.1,] 
BB 6
	outgoing: 7 13 
	datadep: 2 2 
	instructions:
		 0: (Person) 
		 1: %cl_1_7->undeleted %cl_1_7[6.0,] 
		 2: api_key[2.3,] email[2.2,] 
		 3: %cl_1_8->where %cl_1_8[6.1,] %cl_1_9[6.2,] 
		 4: %cl_1_10->first %cl_1_10[6.3,] 
		 5: %cl_1_11[6.4,] 
		 6: %cl_1_11[6.4,] 
BB 7
	outgoing: 8 9 
	datadep: 6 4 3 
	instructions:
		 0: BRANCH %cl_1_3[6.6,4.3,3.1,] 
BB 8
	outgoing: 9 13 
	datadep: 6 
	instructions:
		 0: person->super_admin? person[6.5,] 
		 1: %cl_1_12[8.0,] 
BB 9
	outgoing: 10 11 
	datadep: 8 6 4 3 
	instructions:
		 0: BRANCH %cl_1_3[8.1,6.6,4.3,3.1,] 
BB 10
	outgoing: 13 15 
	datadep: 2 6 6 2 
	instructions:
		 0: 
		 1: (Person) 
		 2: %self[2.0,] person[6.5,] @logged_in[] 
		 3: %cl_1_13[10.1,] person[6.5,] 
		 4: 
		 5: %self[2.0,] @logged_in_from_api_key[] 
		 6: 
		 7: RETURN 
BB 11
	outgoing: 15 
	datadep: 
	instructions:
		 0: RETURN 
BB 13
	outgoing: 15 
	datadep: 
	instructions:
		 0: 
		 1: %cl_1_15[13.0,] 
		 2: RETURN %cl_1_16[13.1,] 
BB 15
	outgoing: 
	datadep: 
	instructions:
CLOSURE END
		 7: RETURN %v_3[2.6,] 
BB 3
	outgoing: 
	datadep: 
	instructions:

SET IRMethod, name = check_full_access
BB 1
	outgoing: 13 2 
	datadep: 
	instructions:
BB 2
	outgoing: 3 4 
	datadep: 
	instructions:
		 0: 
		 1: 
		 2: 
		 3: 
		 4: 
		 5: 
		 6: %self[2.0,] @logged_in[] 
		 7: BRANCH %v_3[2.6,] 
BB 3
	outgoing: 4 
	datadep: 2 
	instructions:
		 0: %self[2.0,] @logged_in[2.6,] 
		 1: %v_4->pending? %v_4[3.0,] 
		 2: %v_5[3.1,] 
BB 4
	outgoing: 5 11 
	datadep: 3 2 
	instructions:
		 0: BRANCH %v_3[3.2,2.6,] 
BB 5
	outgoing: 6 7 
	datadep: 2 2 
	instructions:
		 0: 
		 1: (LIMITED_ACCESS_AVAILABLE_ACTIONS) 
		 2: %self->params %self[2.0,] 
		 3: %v_7[5.2,] 
		 4: 
		 5: %self->params %self[2.0,] 
		 6: %v_10[5.5,] 
		 7: %v_8[5.3,] %v_9[5.4,] %v_11[5.6,] 
		 8: %v_6->include? %v_6[5.1,] %v_12[5.7,] 
		 9: BRANCH %v_13[5.8,] 
BB 6
	outgoing: 7 
	datadep: 2 
	instructions:
		 0: (LIMITED_ACCESS_AVAILABLE_ACTIONS) 
		 1: 
		 2: %self->params %self[2.0,] 
		 3: %v_15[6.2,] 
		 4: 
		 5: %v_16[6.3,] %v_17[6.4,] 
		 6: %v_14->include? %v_14[6.0,] %v_18[6.5,] 
		 7: %v_19[6.6,] 
BB 7
	outgoing: 8 9 
	datadep: 6 5 
	instructions:
		 0: BRANCH %v_13[6.7,5.8,] 
BB 8
	outgoing: 12 
	datadep: 
	instructions:
		 0: 
		 1: 
BB 9
	outgoing: 13 
	datadep: 2 2 
	instructions:
		 0: 
		 1: 
		 2: %self->t %self[2.0,] %v_21[9.1,] 
		 3: %v_22[9.2,] 
		 4: %self->render %self[2.0,] %v_23[9.3,] 
		 5: 
		 6: RETURN 
BB 11
	outgoing: 13 
	datadep: 
	instructions:
		 0: RETURN 
BB 12
	outgoing: 13 
	datadep: 8 
	instructions:
		 0: RETURN %v_20[8.0,] 
BB 13
	outgoing: 
	datadep: 
	instructions:

SET IRMethod, name = authority_forbidden
BB 1
	outgoing: 3 2 
	datadep: 
	instructions:
BB 2
	outgoing: 3 
	datadep: 
	instructions:
		 0: 
		 1: 
		 2: 
		 3: 
		 4: 
		 5: 
		 6: 
		 7: (Authority) 
		 8: %v_3->logger %v_3[2.7,] 
		 9: error->message error[2.5,] 
		 10: %v_4->warn %v_4[2.8,] %v_5[2.9,] 
		 11: 
		 12: (I18n) 
		 13: 
		 14: %v_7->t %v_8[2.13,] %v_7[2.12,] 
		 15: %v_9[2.14,] 
		 16: %self->render %self[2.0,] %v_10[2.15,] 
		 17: RETURN %v_11[2.16,] 
BB 3
	outgoing: 
	datadep: 
	instructions:

SET IRMethod, name = me?
BB 1
	outgoing: 7 2 
	datadep: 
	instructions:
BB 2
	outgoing: 3 4 
	datadep: 
	instructions:
		 0: 
		 1: 
		 2: 
		 3: 
		 4: 
		 5: 
		 6: %self[2.0,] @logged_in[] 
		 7: BRANCH %v_3[2.6,] 
BB 3
	outgoing: 4 
	datadep: 2 
	instructions:
		 0: %self[2.0,] @person[] 
		 1: %v_4[3.0,] 
BB 4
	outgoing: 5 6 
	datadep: 3 2 
	instructions:
		 0: BRANCH %v_3[3.1,2.6,] 
BB 5
	outgoing: 7 
	datadep: 2 2 
	instructions:
		 0: %self[2.0,] @logged_in[2.6,2.6,] 
		 1: %self[2.0,] @person[3.0,] 
		 2: %v_5[5.0,] %v_6[5.1,] 
		 3: RETURN %v_7[5.2,] 
BB 6
	outgoing: 7 
	datadep: 3 2 
	instructions:
		 0: RETURN %v_3[3.1,2.6,] 
BB 7
	outgoing: 
	datadep: 
	instructions:

SET IRMethod, name = redirect_back
BB 1
	outgoing: 15 2 
	datadep: 
	instructions:
BB 2
	outgoing: 3 4 
	datadep: 
	instructions:
		 0: 
		 1: 
		 2: 
		 3: 
		 4: 
		 5: 
		 6: fallback[2.5,] 
BB 3
	outgoing: 4 
	datadep: 
	instructions:
		 0: 
BB 4
	outgoing: 5 6 
	datadep: 2 
	instructions:
		 0: 
		 1: %self->params %self[2.0,] 
		 2: %v_3[4.1,] 
		 3: BRANCH %v_4[4.2,] 
BB 5
	outgoing: 13 
	datadep: 2 2 2 
	instructions:
		 0: 
		 1: %self->params %self[2.0,] 
		 2: %v_5[5.1,] 
		 3: %self->safe_redirect_path %self[2.0,] %v_6[5.2,] 
		 4: %self->redirect_to %self[2.0,] %v_7[5.3,] 
		 5: 
BB 6
	outgoing: 7 8 
	datadep: 2 
	instructions:
		 0: 
		 1: %self->request %self[2.0,] 
		 2: %v_9->env %v_9[6.1,] 
		 3: 
		 4: %v_10[6.2,] %v_11[6.3,] 
		 5: BRANCH %v_12[6.4,] 
BB 7
	outgoing: 12 
	datadep: 2 2 2 
	instructions:
		 0: 
		 1: %self->request %self[2.0,] 
		 2: %v_13->env %v_13[7.1,] 
		 3: 
		 4: %v_14[7.2,] %v_15[7.3,] 
		 5: %self->safe_redirect_path %self[2.0,] %v_16[7.4,] 
		 6: %self->redirect_to %self[2.0,] %v_17[7.5,] 
		 7: 
BB 8
	outgoing: 9 10 
	datadep: 3 2 
	instructions:
		 0: 
		 1: BRANCH fallback[3.0,2.5,] 
BB 9
	outgoing: 11 
	datadep: 2 3 2 
	instructions:
		 0: 
		 1: %self->redirect_to %self[2.0,] fallback[3.0,2.5,] 
		 2: 
BB 10
	outgoing: 11 
	datadep: 2 2 
	instructions:
		 0: 
		 1: %self->people_path %self[2.0,] 
		 2: %self->redirect_to %self[2.0,] %v_20[10.1,] 
		 3: %v_21[10.2,] 
BB 11
	outgoing: 12 
	datadep: 10 9 
	instructions:
		 0: %v_19[10.3,9.1,] 
BB 12
	outgoing: 13 
	datadep: 11 7 
	instructions:
		 0: %v_18[11.0,7.6,] 
BB 13
	outgoing: 15 
	datadep: 
	instructions:
		 0: 
		 1: RETURN 
BB 15
	outgoing: 
	datadep: 
	instructions:

SET IRMethod, name = safe_redirect_path
BB 1
	outgoing: 3 2 
	datadep: 
	instructions:
BB 2
	outgoing: 3 
	datadep: 
	instructions:
		 0: 
		 1: 
		 2: 
		 3: 
		 4: 
		 5: 
		 6: 
		 7: (URI) 
		 8: %v_3->parse url[2.5,] %v_3[2.7,] 
		 9: %v_4[2.8,] 
		 10: 
		 11: %v_4->path %v_4[2.8,] 
		 12: %v_5->tap %self[2.0,] %v_5[2.11,] 
CLOSURE BEGIN: 
BB 1
	outgoing: 9 2 
	datadep: 
	instructions:
BB 2
	outgoing: 3 
	datadep: 
	instructions:
		 0: 
		 1: 
		 2: 
		 3: 
		 4: 
BB 3
	outgoing: 4 5 7 
	datadep: 
	instructions:
		 0: 
		 1: uri->query 
		 2: BRANCH %cl_1_3[3.1,] 
BB 4
	outgoing: 6 7 
	datadep: 2 
	instructions:
		 0: 
		 1: uri->query 
		 2: %cl_1_4[4.0,] %cl_1_5[4.1,] 
		 3: path[2.2,] %cl_1_6[4.2,] 
		 4: 
BB 5
	outgoing: 9 
	datadep: 
	instructions:
		 0: RETURN 
BB 6
	outgoing: 9 
	datadep: 4 
	instructions:
		 0: RETURN %cl_1_7[4.3,] 
BB 7
	outgoing: 9 
	datadep: 
	instructions:
		 0: 
		 1: %cl_1_8[7.0,] 
		 2: RETURN %cl_1_9[7.1,] 
BB 9
	outgoing: 
	datadep: 
	instructions:
CLOSURE END
		 13: RETURN %v_6[2.12,] 
BB 3
	outgoing: 
	datadep: 
	instructions:

SET IRMethod, name = add_errors_to_flash
BB 1
	outgoing: 3 2 
	datadep: 
	instructions:
BB 2
	outgoing: 3 
	datadep: 
	instructions:
		 0: 
		 1: 
		 2: 
		 3: 
		 4: 
		 5: 
		 6: 
		 7: %self->flash %self[2.0,] 
		 8: record->errors record[2.5,] 
		 9: %v_4->values %v_4[2.8,] 
		 10: 
		 11: %v_5->join %v_5[2.9,] %v_6[2.10,] 
		 12: %v_3[2.7,] %v_7[2.11,] 
		 13: RETURN %v_7[2.11,] 
BB 3
	outgoing: 
	datadep: 
	instructions:

SET IRMethod, name = only_admins
BB 1
	outgoing: 6 2 
	datadep: 
	instructions:
BB 2
	outgoing: 3 4 
	datadep: 
	instructions:
		 0: 
		 1: 
		 2: 
		 3: 
		 4: 
		 5: 
		 6: %self[2.0,] @logged_in[] 
		 7: %v_3->admin? %v_3[2.6,] 
		 8: BRANCH %v_4[2.7,] 
BB 3
	outgoing: 6 
	datadep: 
	instructions:
		 0: 
		 1: RETURN %v_5[3.0,] 
BB 4
	outgoing: 6 
	datadep: 2 2 
	instructions:
		 0: 
		 1: 
		 2: %self->t %self[2.0,] %v_6[4.1,] 
		 3: %v_7[4.2,] 
		 4: %self->render %self[2.0,] %v_8[4.3,] 
		 5: 
		 6: RETURN 
BB 6
	outgoing: 
	datadep: 
	instructions:

SET IRMethod, name = logged_in_from_api_key?
BB 1
	outgoing: 3 2 
	datadep: 
	instructions:
BB 2
	outgoing: 3 
	datadep: 
	instructions:
		 0: 
		 1: 
		 2: 
		 3: 
		 4: 
		 5: 
		 6: %self[2.0,] @logged_in_from_api_key[] 
		 7: %v_3->! %v_3[2.6,] 
		 8: %v_4->! %v_4[2.7,] 
		 9: RETURN %v_5[2.8,] 
BB 3
	outgoing: 
	datadep: 
	instructions:

SET IRMethod, name = feature_enabled?
BB 1
	outgoing: 3 2 
	datadep: 
	instructions:
BB 2
	outgoing: 3 
	datadep: 
	instructions:
		 0: 
		 1: 
		 2: 
		 3: 
		 4: 
		 5: 
		 6: RETURN 
BB 3
	outgoing: 
	datadep: 
	instructions:

SET IRMethod, name = can_export?
BB 1
	outgoing: 7 2 
	datadep: 
	instructions:
BB 2
	outgoing: 3 4 
	datadep: 
	instructions:
		 0: 
		 1: 
		 2: 
		 3: 
		 4: 
		 5: 
		 6: %self[2.0,] @logged_in[] 
		 7: BRANCH %v_3[2.6,] 
BB 3
	outgoing: 4 
	datadep: 2 
	instructions:
		 0: %self[2.0,] @logged_in[2.6,] 
		 1: %v_4->admin? %v_4[3.0,] 
		 2: %v_5[3.1,] 
BB 4
	outgoing: 5 6 
	datadep: 3 2 
	instructions:
		 0: BRANCH %v_3[3.2,2.6,] 
BB 5
	outgoing: 7 
	datadep: 
	instructions:
		 0: (Site) 
		 1: %v_6->current %v_6[5.0,] 
		 2: %v_7->import_export_enabled? %v_7[5.1,] 
		 3: RETURN %v_8[5.2,] 
BB 6
	outgoing: 7 
	datadep: 3 2 
	instructions:
		 0: RETURN %v_3[3.2,2.6,] 
BB 7
	outgoing: 
	datadep: 
	instructions:

SET IRMethod, name = layout
BB 1
	outgoing: 6 2 
	datadep: 
	instructions:
BB 2
	outgoing: 3 4 
	datadep: 
	instructions:
		 0: 
		 1: 
		 2: 
		 3: 
		 4: 
		 5: 
		 6: 
		 7: %self[2.0,] @logged_in[] 
		 8: BRANCH %v_3[2.7,] 
BB 3
	outgoing: 6 
	datadep: 
	instructions:
		 0: 
		 1: RETURN %v_4[3.0,] 
BB 4
	outgoing: 6 
	datadep: 
	instructions:
		 0: 
		 1: 
		 2: RETURN %v_5[4.1,] 
BB 6
	outgoing: 
	datadep: 
	instructions:

SET IRMethod, name = setup_pusher
BB 1
	outgoing: 3 2 
	datadep: 
	instructions:
BB 2
	outgoing: 3 
	datadep: 
	instructions:
		 0: 
		 1: 
		 2: 
		 3: 
		 4: 
		 5: 
		 6: (Pusher) 
		 7: (Setting) 
		 8: %v_4->get %v_4[2.7,] 
		 9: %v_5[2.8,] %v_3[2.6,] 
		 10: 
		 11: (Pusher) 
		 12: (Setting) 
		 13: %v_7->get %v_7[2.12,] 
		 14: %v_8[2.13,] %v_6[2.11,] 
		 15: 
		 16: (Pusher) 
		 17: (Setting) 
		 18: %v_10->get %v_10[2.17,] 
		 19: %v_9[2.16,] %v_11[2.18,] 
		 20: 
		 21: (Pusher) 
		 22: (Setting) 
		 23: %v_13->get %v_13[2.22,] 
		 24: %v_14[2.23,] %v_12[2.21,] 
		 25: 
		 26: (Pusher) 
		 27: (Setting) 
		 28: %v_16->get %v_16[2.27,] 
		 29: %v_15[2.26,] %v_17[2.28,] 
		 30: 
		 31: (Pusher) 
		 32: (Setting) 
		 33: %v_19->get %v_19[2.32,] 
		 34: %v_20->to_i %v_20[2.33,] 
		 35: %v_18[2.31,] %v_21[2.34,] 
		 36: RETURN %v_21[2.34,] 
BB 3
	outgoing: 
	datadep: 
	instructions:

