SET IRMethod, name = show
BB 1
	outgoing: 11 2 
	datadep: 
	instructions:
BB 2
	outgoing: 3 9 
	datadep: 
	instructions:
		 0: def_%self 
		 1: def_%v_0 
		 2: COPY def_%current_scope 
		 3: COPY def_%current_module 
		 4: 
		 5: 
		 6: (Attachment) def_%v_3 
		 7: %self->params def_%v_4 %self[2.0,] 
		 8: def_%v_5 %v_4[2.7,] 
		 9: %v_3->find def_%v_6 %v_3[2.6,] %v_5[2.8,] 
		 10: ATTRASSIGN %self->@attachment %self[2.0,2.7,] %v_6[2.9,] 
		 11: 
		 12: def_%v_7 %self[2.0,2.7,] 
		 13: def_%v_8 %self[2.0,2.7,] 
		 14: %v_7->can_read? def_%v_9 %v_7[2.12,] %v_8[2.13,] 
		 15: BRANCH %v_9[2.14,] 
BB 3
	outgoing: 4 7 
	datadep: 
	instructions:
		 0: 
		 1: def_%v_10 %self[2.0,] 
		 2: %v_10->file def_%v_11 %v_10[3.1,] 
		 3: %v_11->exists? def_%v_12 %v_11[3.2,] 
		 4: BRANCH %v_12[3.3,] 
BB 4
	outgoing: 5 6 
	datadep: 
	instructions:
		 0: 
		 1: (File) def_%v_13 
		 2: def_%v_14 %self[2.0,] 
		 3: %v_14->file def_%v_15 %v_14[4.2,] 
		 4: %v_15->path def_%v_16 %v_15[4.3,] 
		 5: %v_13->read def_%v_17 %v_13[4.1,] %v_16[4.4,] 
		 6: COPY def_data %v_17[4.5,] 
		 7: 
		 8: def_%v_18 %self[2.0,] 
		 9: %v_18->name def_%v_19 %v_18[4.8,] 
		 10: def_%v_20 %self[2.0,] 
		 11: %v_20->content_type def_%v_21 %v_20[4.10,] 
		 12: BRANCH %v_21[4.11,] 
BB 5
	outgoing: 6 
	datadep: 
	instructions:
		 0: COPY def_%v_22 
		 1: COPY def_%v_21 %v_22[5.0,] 
BB 6
	outgoing: 8 
	datadep: 
	instructions:
		 0: COPY def_%v_23 
		 1: COPY def_%v_24 %v_19[4.9,] %v_21[5.1,4.11,] %v_23[6.0,] 
		 2: %self->send_data def_%v_25 %self[2.0,] data[4.6,] %v_24[6.1,] 
		 3: 
BB 7
	outgoing: 8 
	datadep: 
	instructions:
		 0: 
		 1: COPY def_%v_26 
		 2: %self->t def_%v_27 %self[2.0,] %v_26[7.1,] 
		 3: COPY def_%v_28 %v_27[7.2,] 
		 4: %self->render def_%v_29 %self[7.2,2.0,] %v_28[7.3,] 
		 5: COPY def_%v_25 %v_29[7.4,] 
BB 8
	outgoing: 11 
	datadep: 
	instructions:
		 0: RETURN %v_25[7.5,6.2,] %self[2.0,] 
BB 9
	outgoing: 11 
	datadep: 
	instructions:
		 0: 
		 1: COPY def_%v_30 
		 2: %self->t def_%v_31 %self[2.0,] %v_30[9.1,] 
		 3: COPY def_%v_32 %v_31[9.2,] 
		 4: %self->render def_%v_33 %self[9.2,2.0,] %v_32[9.3,] 
		 5: RETURN %v_33[9.4,] %self[9.2,9.4,2.0,] 
BB 11
	outgoing: 
	datadep: 
	instructions:

SET IRMethod, name = get
BB 1
	outgoing: 17 2 
	datadep: 
	instructions:
BB 2
	outgoing: 3 4 
	datadep: 
	instructions:
		 0: def_%self 
		 1: def_%v_0 
		 2: COPY def_%current_scope 
		 3: COPY def_%current_module 
		 4: 
		 5: 
		 6: (Attachment) def_%v_3 
		 7: %self->params def_%v_4 %self[2.0,] 
		 8: def_%v_5 %v_4[2.7,] 
		 9: %v_3->find def_%v_6 %v_3[2.6,] %v_5[2.8,] 
		 10: ATTRASSIGN %self->@attachment %self[2.0,2.7,] %v_6[2.9,] 
		 11: 
		 12: def_%v_7 %self[2.0,2.7,] 
		 13: %v_7->file def_%v_8 %v_7[2.12,] 
		 14: %v_8->exists? def_%v_9 %v_8[2.13,] 
		 15: BRANCH %v_9[2.14,] 
BB 3
	outgoing: 4 
	datadep: 
	instructions:
		 0: def_%v_10 %self[2.0,] 
		 1: %v_10->message def_%v_11 %v_10[3.0,] 
		 2: %v_11->! def_%v_12 %v_11[3.1,] 
		 3: COPY def_%v_9 %v_12[3.2,] 
BB 4
	outgoing: 5 15 
	datadep: 
	instructions:
		 0: BRANCH %v_9[3.3,2.14,] 
BB 5
	outgoing: 6 7 
	datadep: 
	instructions:
		 0: 
		 1: (File) def_%v_13 
		 2: def_%v_14 %self[2.0,] 
		 3: %v_14->file def_%v_15 %v_14[5.2,] 
		 4: %v_15->path def_%v_16 %v_15[5.3,] 
		 5: %v_13->read def_%v_17 %v_13[5.1,] %v_16[5.4,] 
		 6: COPY def_data %v_17[5.5,] 
		 7: 
		 8: def_%v_18 %self[2.0,] 
		 9: %v_18->name def_%v_19 %v_18[5.8,] 
		 10: def_%v_20 %self[2.0,] 
		 11: %v_20->content_type def_%v_21 %v_20[5.10,] 
		 12: BRANCH %v_21[5.11,] 
BB 6
	outgoing: 7 
	datadep: 
	instructions:
		 0: COPY def_%v_22 
		 1: COPY def_%v_21 %v_22[6.0,] 
BB 7
	outgoing: 8 11 
	datadep: 
	instructions:
		 0: COPY def_%v_23 %v_19[5.9,] %v_21[6.1,5.11,] 
		 1: COPY def_details %v_23[7.0,] 
		 2: 
		 3: def_%v_24 %self[2.0,] 
		 4: %v_24->group def_%v_25 %v_24[7.3,] 
		 5: BRANCH %v_25[7.4,] 
BB 8
	outgoing: 9 10 
	datadep: 
	instructions:
		 0: %self->get_user def_%v_26 %self[2.0,] 
		 1: BRANCH %v_26[8.0,] 
BB 9
	outgoing: 10 
	datadep: 
	instructions:
		 0: def_%v_27 %self[2.0,] 
		 1: def_%v_28 %self[2.0,] 
		 2: %v_28->group def_%v_29 %v_28[9.1,] 
		 3: %v_27->can_read? def_%v_30 %v_27[9.0,] %v_29[9.2,] 
		 4: COPY def_%v_26 %v_30[9.3,] 
BB 10
	outgoing: 11 
	datadep: 
	instructions:
		 0: COPY def_%v_25 %v_26[9.4,8.0,] 
BB 11
	outgoing: 12 13 
	datadep: 
	instructions:
		 0: BRANCH %v_25[10.0,7.4,] 
BB 12
	outgoing: 14 
	datadep: 
	instructions:
		 0: 
		 1: COPY def_%v_31 
		 2: COPY def_%v_32 %v_31[12.1,] 
		 3: details->merge def_%v_33 details[7.1,] %v_32[12.2,] 
		 4: %self->send_data def_%v_34 %self[2.0,] data[5.6,] %v_33[12.3,] 
		 5: 
BB 13
	outgoing: 14 
	datadep: 
	instructions:
		 0: 
		 1: COPY def_%v_35 
		 2: %self->t def_%v_36 %self[2.0,] %v_35[13.1,] 
		 3: COPY def_%v_37 %v_36[13.2,] 
		 4: %self->render def_%v_38 %self[13.2,2.0,] %v_37[13.3,] 
		 5: COPY def_%v_34 %v_38[13.4,] 
BB 14
	outgoing: 17 
	datadep: 
	instructions:
		 0: RETURN %v_34[13.5,12.4,] %self[2.0,] 
BB 15
	outgoing: 17 
	datadep: 
	instructions:
		 0: 
		 1: COPY def_%v_39 
		 2: %self->t def_%v_40 %self[2.0,] %v_39[15.1,] 
		 3: COPY def_%v_41 %v_40[15.2,] 
		 4: %self->render def_%v_42 %self[15.2,2.0,] %v_41[15.3,] 
		 5: RETURN %v_42[15.4,] %self[15.2,15.4,2.0,] 
BB 17
	outgoing: 
	datadep: 
	instructions:

