SET IRMethod, name = index
BB 1
	outgoing: 3 2 
	datadep: 
	instructions:
BB 2
	outgoing: 3 
	datadep: 
	instructions:
		 0: 
		 1: 
		 2: 
		 3: 
		 4: 
		 5: 
		 6: %self[2.0,] @album[] 
		 7: %self->redirect_to %self[2.0,] %v_3[2.6,] 
		 8: RETURN %v_4[2.7,] 
BB 3
	outgoing: 
	datadep: 
	instructions:

SET IRMethod, name = show
BB 1
	outgoing: 12 2 
	datadep: 
	instructions:
BB 2
	outgoing: 3 7 
	datadep: 
	instructions:
		 0: 
		 1: 
		 2: 
		 3: 
		 4: 
		 5: 
		 6: %self[2.0,] @picture[] 
		 7: %v_3->photo_file_name %v_3[2.6,] 
		 8: %self[2.0,] %v_4[2.7,] @title[] 
		 9: 
		 10: %self[2.0,] 
CLOSURE BEGIN: @album[] @title[2.8,] @logged_in[] @picture[] 
BB 1
	outgoing: 6 2 
	datadep: 
	instructions:
BB 2
	outgoing: 3 
	datadep: 
	instructions:
		 0: 
		 1: 
		 2: 
		 3: 
BB 3
	outgoing: 4 6 
	datadep: 2 2 2 2 2 2 2 2 
	instructions:
		 0: 
		 1: %self->breadcrumbs %self[2.0,] 
		 2: 
		 3: %self[2.0,] @album[] 
		 4: %self[2.0,] @picture[] 
		 5: %self->prev_album_picture_path %cl_1_4[3.3,] %self[2.0,] %cl_1_5[3.4,] 
		 6: %self[2.0,] %cl_1_6[3.5,] 
CLOSURE BEGIN: @album[3.3,] @title[] @picture[3.4,] 
BB 1
	outgoing: 6 2 
	datadep: 
	instructions:
BB 2
	outgoing: 3 
	datadep: 
	instructions:
		 0: 
		 1: 
		 2: 
		 3: 
BB 3
	outgoing: 4 6 
	datadep: 2 
	instructions:
		 0: 
		 1: 
		 2: %self->icon %cl_2_3[3.1,] %self[2.0,] 
		 3: RETURN %cl_2_4[3.2,] 
BB 4
	outgoing: 6 
	datadep: 
	instructions:
		 0: 
		 1: %cl_2_5[4.0,] 
		 2: RETURN %cl_2_6[4.1,] 
BB 6
	outgoing: 
	datadep: 
	instructions:
CLOSURE END
		 7: 
		 8: %self[2.0,] @title[] 
		 9: @album[3.3,] 
		 10: @picture[3.4,] 
		 11: %self->next_album_picture_path %self[2.0,] %cl_1_10[3.10,] %cl_1_9[3.9,] 
		 12: %self[2.0,] %cl_1_11[3.11,] 
CLOSURE BEGIN: @album[3.3,] @title[3.8,] @picture[3.4,] 
BB 1
	outgoing: 6 2 
	datadep: 
	instructions:
BB 2
	outgoing: 3 
	datadep: 
	instructions:
		 0: 
		 1: 
		 2: 
		 3: 
BB 3
	outgoing: 4 6 
	datadep: 2 
	instructions:
		 0: 
		 1: 
		 2: %self->icon %self[2.0,] %cl_3_3[3.1,] 
		 3: RETURN %cl_3_4[3.2,] 
BB 4
	outgoing: 6 
	datadep: 
	instructions:
		 0: 
		 1: %cl_3_5[4.0,] 
		 2: RETURN %cl_3_6[4.1,] 
BB 6
	outgoing: 
	datadep: 
	instructions:
CLOSURE END
		 13: RETURN %cl_1_12[3.12,] 
BB 4
	outgoing: 6 
	datadep: 
	instructions:
		 0: 
		 1: %cl_1_13[4.0,] 
		 2: RETURN %cl_1_14[4.1,] 
BB 6
	outgoing: 
	datadep: 
	instructions:
CLOSURE END
		 11: 
		 12: @picture[2.6,] 
		 13: %v_6->photo %v_6[2.12,] 
		 14: %v_7->url %v_7[2.13,] 
		 15: %self->image_tag %self[2.0,] %v_8[2.14,] 
		 16: 
		 17: %self[2.0,] @logged_in[] 
		 18: @picture[2.6,2.12,] 
		 19: %v_10->can_update? %v_10[2.17,] %v_11[2.18,] 
		 20: BRANCH %v_12[2.19,] 
BB 3
	outgoing: 4 5 
	datadep: 2 2 2 2 2 2 2 2 2 2 2 2 2 
	instructions:
		 0: 
		 1: %self[2.0,] @picture[2.6,2.12,2.18,] 
		 2: %v_13->photo %v_13[3.1,] 
		 3: %v_14->url %v_14[3.2,] 
		 4: 
		 5: %v_16[3.4,] 
		 6: %self->link_to %self[2.0,] %v_15[3.3,] %v_17[3.5,] 
CLOSURE BEGIN: @album[] @title[2.8,] @logged_in[] @picture[] 
BB 1
	outgoing: 6 2 
	datadep: 
	instructions:
BB 2
	outgoing: 3 
	datadep: 
	instructions:
		 0: 
		 1: 
		 2: 
		 3: 
BB 3
	outgoing: 4 6 
	datadep: 2 2 
	instructions:
		 0: 
		 1: 
		 2: %self->icon %self[2.0,] %cl_4_3[3.1,] 
		 3: 
		 4: 
		 5: %self->t %self[2.0,] %cl_4_5[3.4,] 
		 6: RETURN %cl_4_6[3.5,] 
BB 4
	outgoing: 6 
	datadep: 
	instructions:
		 0: 
		 1: %cl_4_7[4.0,] 
		 2: RETURN %cl_4_8[4.1,] 
BB 6
	outgoing: 
	datadep: 
	instructions:
CLOSURE END
		 7: 
		 8: %self[2.0,] @album[] 
		 9: @picture[3.1,] 
		 10: 
		 11: %self->album_picture_path %self[2.0,] %v_19[3.8,] %v_20[3.9,] %v_21[3.10,] 
		 12: 
		 13: %self->t %self[2.0,] %v_23[3.12,] 
		 14: %v_24[3.13,] 
		 15: 
		 16: 
		 17: %v_25[3.14,] %v_26[3.15,] %v_27[3.16,] 
		 18: %self->link_to %self[2.0,] %v_28[3.17,] %v_22[3.11,] 
CLOSURE BEGIN: @album[] @title[2.8,] @logged_in[] @picture[] 
BB 1
	outgoing: 6 2 
	datadep: 
	instructions:
BB 2
	outgoing: 3 
	datadep: 
	instructions:
		 0: 
		 1: 
		 2: 
		 3: 
BB 3
	outgoing: 4 6 
	datadep: 2 2 
	instructions:
		 0: 
		 1: 
		 2: %self->icon %self[2.0,] %cl_5_3[3.1,] 
		 3: 
		 4: 
		 5: %self->t %self[2.0,] %cl_5_5[3.4,] 
		 6: RETURN %cl_5_6[3.5,] 
BB 4
	outgoing: 6 
	datadep: 
	instructions:
		 0: 
		 1: %cl_5_7[4.0,] 
		 2: RETURN %cl_5_8[4.1,] 
BB 6
	outgoing: 
	datadep: 
	instructions:
CLOSURE END
		 19: 
		 20: @album[3.8,] 
		 21: @picture[3.1,3.9,] 
		 22: 
		 23: %self->album_picture_path %self[2.0,] %v_30[3.20,] %v_31[3.21,] %v_32[3.22,] 
		 24: 
		 25: %self->t %self[2.0,] %v_34[3.24,] 
		 26: %v_35[3.25,] 
		 27: 
		 28: 
		 29: %v_36[3.26,] %v_37[3.27,] %v_38[3.28,] 
		 30: %self->link_to %self[2.0,] %v_39[3.29,] %v_33[3.23,] 
CLOSURE BEGIN: @album[] @title[2.8,] @logged_in[] @picture[] 
BB 1
	outgoing: 6 2 
	datadep: 
	instructions:
BB 2
	outgoing: 3 
	datadep: 
	instructions:
		 0: 
		 1: 
		 2: 
		 3: 
BB 3
	outgoing: 4 6 
	datadep: 2 2 
	instructions:
		 0: 
		 1: 
		 2: %self->icon %self[2.0,] %cl_6_3[3.1,] 
		 3: 
		 4: 
		 5: %self->t %self[2.0,] %cl_6_5[3.4,] 
		 6: RETURN %cl_6_6[3.5,] 
BB 4
	outgoing: 6 
	datadep: 
	instructions:
		 0: 
		 1: %cl_6_7[4.0,] 
		 2: RETURN %cl_6_8[4.1,] 
BB 6
	outgoing: 
	datadep: 
	instructions:
CLOSURE END
		 31: 
		 32: @album[3.8,3.20,] 
		 33: @picture[3.1,3.9,3.21,] 
		 34: 
		 35: %self->album_picture_path %self[2.0,] %v_41[3.32,] %v_42[3.33,] %v_43[3.34,] 
		 36: 
		 37: %self->t %self[2.0,] %v_45[3.36,] 
		 38: %v_46[3.37,] 
		 39: 
		 40: 
		 41: %v_47[3.38,] %v_48[3.39,] %v_49[3.40,] 
		 42: %self->link_to %self[2.0,] %v_50[3.41,] %v_44[3.35,] 
CLOSURE BEGIN: @album[] @title[2.8,] @logged_in[] @picture[] 
BB 1
	outgoing: 6 2 
	datadep: 
	instructions:
BB 2
	outgoing: 3 
	datadep: 
	instructions:
		 0: 
		 1: 
		 2: 
		 3: 
BB 3
	outgoing: 4 6 
	datadep: 2 2 
	instructions:
		 0: 
		 1: 
		 2: %self->icon %self[2.0,] %cl_7_3[3.1,] 
		 3: 
		 4: 
		 5: %self->t %self[2.0,] %cl_7_5[3.4,] 
		 6: RETURN %cl_7_6[3.5,] 
BB 4
	outgoing: 6 
	datadep: 
	instructions:
		 0: 
		 1: %cl_7_7[4.0,] 
		 2: RETURN %cl_7_8[4.1,] 
BB 6
	outgoing: 
	datadep: 
	instructions:
CLOSURE END
		 43: 
		 44: %self[2.0,] @logged_in[2.17,] 
		 45: @picture[3.1,3.9,3.21,3.33,] 
		 46: %v_52->can_delete? %v_52[3.44,] %v_53[3.45,] 
		 47: BRANCH %v_54[3.46,] 
BB 4
	outgoing: 6 
	datadep: 2 2 2 2 2 
	instructions:
		 0: 
		 1: %self[2.0,] @album[3.8,3.20,3.32,] 
		 2: %self[2.0,] @picture[3.1,3.9,3.21,3.33,3.45,] 
		 3: %self->album_picture_path %self[2.0,] %v_55[4.1,] %v_56[4.2,] 
		 4: 
		 5: %self->t %v_58[4.4,] %self[2.0,] 
		 6: %v_59[4.5,] 
		 7: 
		 8: 
		 9: %v_60[4.6,] %v_61[4.7,] %v_62[4.8,] 
		 10: %self->link_to %v_57[4.3,] %self[2.0,] %v_63[4.9,] 
CLOSURE BEGIN: @album[4.1,] @title[2.8,] @logged_in[3.44,] @picture[] 
BB 1
	outgoing: 6 2 
	datadep: 
	instructions:
BB 2
	outgoing: 3 
	datadep: 
	instructions:
		 0: 
		 1: 
		 2: 
		 3: 
BB 3
	outgoing: 4 6 
	datadep: 2 2 
	instructions:
		 0: 
		 1: 
		 2: %self->icon %self[2.0,] %cl_8_3[3.1,] 
		 3: 
		 4: 
		 5: %self->t %self[2.0,] %cl_8_5[3.4,] 
		 6: RETURN %cl_8_6[3.5,] 
BB 4
	outgoing: 6 
	datadep: 
	instructions:
		 0: 
		 1: %cl_8_7[4.0,] 
		 2: RETURN %cl_8_8[4.1,] 
BB 6
	outgoing: 
	datadep: 
	instructions:
CLOSURE END
		 11: 
BB 5
	outgoing: 6 
	datadep: 
	instructions:
		 0: 
BB 6
	outgoing: 8 
	datadep: 
	instructions:
		 0: 
BB 7
	outgoing: 8 
	datadep: 
	instructions:
		 0: 
BB 8
	outgoing: 9 10 
	datadep: 
	instructions:
		 0: 
		 1: (Setting) 
		 2: %v_65->get %v_65[8.1,] 
		 3: BRANCH %v_66[8.2,] 
BB 9
	outgoing: 12 
	datadep: 2 2 2 2 
	instructions:
		 0: 
		 1: 
		 2: %self->t %self[2.0,] %v_67[9.1,] 
		 3: 
		 4: 
		 5: %self[2.0,] @picture[2.6,2.12,2.18,4.2,3.1,3.9,3.21,3.33,3.45,] 
		 6: 
		 7: %self->t %self[2.0,] %v_71[9.6,] 
		 8: %v_70[9.5,] %v_72[9.7,] 
		 9: %v_69[9.4,] %v_73[9.8,] 
		 10: %self->render %self[2.0,] %v_74[9.9,] 
		 11: RETURN %v_75[9.10,] 
BB 10
	outgoing: 12 
	datadep: 
	instructions:
		 0: RETURN 
BB 12
	outgoing: 
	datadep: 
	instructions:

SET IRMethod, name = new
BB 1
	outgoing: 6 2 
	datadep: 
	instructions:
BB 2
	outgoing: 3 4 
	datadep: 
	instructions:
		 0: 
		 1: 
		 2: 
		 3: 
		 4: 
		 5: 
		 6: %self[2.0,] @logged_in[] 
		 7: %v_3->albums %v_3[2.6,] 
		 8: %v_4->order %v_4[2.7,] 
		 9: %self[2.0,] %v_5[2.8,] @albums[] 
		 10: 
		 11: @albums[2.9,] 
		 12: %v_6->count %v_6[2.11,] 
		 13: %v_7[2.12,] 
		 14: BRANCH %v_8[2.13,] 
BB 3
	outgoing: 5 
	datadep: 2 2 2 2 2 
	instructions:
		 0: 
		 1: %self->flash %self[2.0,] 
		 2: 
		 3: %self->t %self[2.0,] %v_10[3.2,] 
		 4: %v_9[3.1,] %v_11[3.3,] 
		 5: 
		 6: %self[2.0,] @logged_in[2.6,] 
		 7: %self->new_person_album_path %self[2.0,] %v_12[3.6,] 
		 8: %self->redirect_to %v_13[3.7,] %self[2.0,] 
		 9: 
BB 4
	outgoing: 5 
	datadep: 
	instructions:
		 0: 
BB 5
	outgoing: 6 
	datadep: 2 2 2 2 2 2 2 
	instructions:
		 0: 
		 1: 
		 2: %self->t %self[2.0,] %v_15[5.1,] 
		 3: %self[2.0,] %v_16[5.2,] @title[] 
		 4: 
		 5: (Picture) 
		 6: %v_17->new %v_17[5.5,] 
		 7: %self[2.0,] %v_18[5.6,] 
CLOSURE BEGIN: @albums[2.9,] @logged_in[] @title[5.3,] 
BB 1
	outgoing: 6 2 
	datadep: 
	instructions:
BB 2
	outgoing: 3 
	datadep: 
	instructions:
		 0: 
		 1: 
		 2: 
		 3: 
		 4: 
BB 3
	outgoing: 4 6 
	datadep: 2 2 2 2 2 2 2 
	instructions:
		 0: 
		 1: 
		 2: %self->t %cl_1_3[3.1,] %self[2.0,] 
		 3: 
		 4: %self->label_tag %self[2.0,] 
		 5: 
		 6: %self[2.0,] @albums[] 
		 7: %self->params %self[2.0,] 
		 8: %cl_1_7[3.7,] 
		 9: %self->options_from_collection_for_select %self[2.0,] %cl_1_6[3.6,] %cl_1_8[3.8,] 
		 10: 
		 11: %cl_1_10[3.10,] 
		 12: %self->select_tag %self[2.0,] %cl_1_11[3.11,] %cl_1_9[3.9,] 
		 13: 
		 14: %self->picture_upload %self[2.0,] 
		 15: RETURN %cl_1_13[3.14,] 
BB 4
	outgoing: 6 
	datadep: 
	instructions:
		 0: 
		 1: %cl_1_14[4.0,] 
		 2: RETURN %cl_1_15[4.1,] 
BB 6
	outgoing: 
	datadep: 
	instructions:
CLOSURE END
		 8: 
		 9: 
		 10: %self->t %self[2.0,] %v_20[5.9,] 
		 11: 
		 12: %self[2.0,] @logged_in[3.6,2.6,] 
		 13: %self->new_person_album_path %self[2.0,] %v_22[5.12,] 
		 14: 
		 15: %v_24[5.14,] 
		 16: %self->link_to %v_25[5.15,] %self[2.0,] %v_23[5.13,] 
CLOSURE BEGIN: @albums[2.9,] @logged_in[5.12,] @title[5.3,] 
BB 1
	outgoing: 6 2 
	datadep: 
	instructions:
BB 2
	outgoing: 3 
	datadep: 
	instructions:
		 0: 
		 1: 
		 2: 
		 3: 
BB 3
	outgoing: 4 6 
	datadep: 2 2 
	instructions:
		 0: 
		 1: 
		 2: %self->icon %cl_2_3[3.1,] %self[2.0,] 
		 3: 
		 4: 
		 5: %self->t %self[2.0,] %cl_2_5[3.4,] 
		 6: RETURN %cl_2_6[3.5,] 
BB 4
	outgoing: 6 
	datadep: 
	instructions:
		 0: 
		 1: %cl_2_7[4.0,] 
		 2: RETURN %cl_2_8[4.1,] 
BB 6
	outgoing: 
	datadep: 
	instructions:
CLOSURE END
		 17: RETURN %v_26[5.16,] 
BB 6
	outgoing: 
	datadep: 
	instructions:

SET IRMethod, name = next
BB 1
	outgoing: 3 2 
	datadep: 
	instructions:
BB 2
	outgoing: 3 
	datadep: 
	instructions:
		 0: 
		 1: 
		 2: 
		 3: 
		 4: 
		 5: 
		 6: %self[2.0,] @album[] 
		 7: %self[2.0,] @picture[] 
		 8: %v_4->next %v_4[2.7,] 
		 9: %v_5[2.8,] %v_3[2.6,] 
		 10: %self->redirect_to %self[2.0,] %v_6[2.9,] 
		 11: RETURN %v_7[2.10,] 
BB 3
	outgoing: 
	datadep: 
	instructions:

SET IRMethod, name = prev
BB 1
	outgoing: 3 2 
	datadep: 
	instructions:
BB 2
	outgoing: 3 
	datadep: 
	instructions:
		 0: 
		 1: 
		 2: 
		 3: 
		 4: 
		 5: 
		 6: %self[2.0,] @album[] 
		 7: %self[2.0,] @picture[] 
		 8: %v_4->prev %v_4[2.7,] 
		 9: %v_5[2.8,] %v_3[2.6,] 
		 10: %self->redirect_to %self[2.0,] %v_6[2.9,] 
		 11: RETURN %v_7[2.10,] 
BB 3
	outgoing: 
	datadep: 
	instructions:

SET IRMethod, name = create
BB 1
	outgoing: 6 2 
	datadep: 
	instructions:
BB 2
	outgoing: 3 4 
	datadep: 
	instructions:
		 0: 
		 1: 
		 2: 
		 3: 
		 4: 
		 5: 
		 6: (PictureUploader) 
		 7: %self[2.0,] @album[] 
		 8: %self->params %self[2.0,] 
		 9: %self->current_user %self[2.0,] 
		 10: %v_3->new %v_4[2.7,] %v_5[2.8,] %v_3[2.6,] %v_6[2.9,] 
		 11: %self[2.0,] %v_7[2.10,] @uploader[] 
		 12: 
		 13: @uploader[2.11,] 
		 14: %v_8->save %v_8[2.13,] 
		 15: BRANCH %v_9[2.14,] 
BB 3
	outgoing: 6 
	datadep: 2 2 2 2 
	instructions:
		 0: 
		 1: %self->flash %self[2.0,] 
		 2: 
		 3: %self[2.0,] @uploader[2.11,2.13,] 
		 4: %v_12->success %v_12[3.3,] 
		 5: %v_13[3.4,] 
		 6: %self->t %v_14[3.5,] %self[2.0,] %v_11[3.2,] 
		 7: %v_15[3.6,] %v_10[3.1,] 
		 8: 
		 9: %self->respond_to %self[2.0,] 
CLOSURE BEGIN: @album[2.7,] @uploader[3.3,] 
BB 1
	outgoing: 6 2 
	datadep: 
	instructions:
BB 2
	outgoing: 3 
	datadep: 
	instructions:
		 0: 
		 1: 
		 2: 
		 3: 
		 4: 
BB 3
	outgoing: 4 6 
	datadep: 2 2 2 2 
	instructions:
		 0: 
		 1: format->html %self[2.0,] format[2.2,] 
CLOSURE BEGIN: 
BB 1
	outgoing: 6 2 
	datadep: 
	instructions:
BB 2
	outgoing: 3 
	datadep: 
	instructions:
		 0: 
		 1: 
		 2: 
		 3: 
BB 3
	outgoing: 4 6 
	datadep: 2 2 
	instructions:
		 0: 
		 1: %self[2.0,] @album[] 
		 2: %self->redirect_to %cl_2_3[3.1,] %self[2.0,] 
		 3: RETURN %cl_2_4[3.2,] 
BB 4
	outgoing: 6 
	datadep: 
	instructions:
		 0: 
		 1: %cl_2_5[4.0,] 
		 2: RETURN %cl_2_6[4.1,] 
BB 6
	outgoing: 
	datadep: 
	instructions:
CLOSURE END
		 2: 
		 3: format->json %self[2.0,] format[2.2,] 
CLOSURE BEGIN: 
BB 1
	outgoing: 6 2 
	datadep: 
	instructions:
BB 2
	outgoing: 3 
	datadep: 
	instructions:
		 0: 
		 1: 
		 2: 
		 3: 
BB 3
	outgoing: 4 6 
	datadep: 2 2 2 
	instructions:
		 0: 
		 1: 
		 2: %self[2.0,] @album[] 
		 3: %self->album_path %self[2.0,] %cl_3_4[3.2,] 
		 4: %cl_3_3[3.1,] %cl_3_5[3.3,] 
		 5: %cl_3_6[3.4,] 
		 6: %self->render %self[2.0,] %cl_3_7[3.5,] 
		 7: RETURN %cl_3_8[3.6,] 
BB 4
	outgoing: 6 
	datadep: 
	instructions:
		 0: 
		 1: %cl_3_9[4.0,] 
		 2: RETURN %cl_3_10[4.1,] 
BB 6
	outgoing: 
	datadep: 
	instructions:
CLOSURE END
		 4: RETURN %cl_1_4[3.3,] 
BB 4
	outgoing: 6 
	datadep: 
	instructions:
		 0: 
		 1: %cl_1_5[4.0,] 
		 2: RETURN %cl_1_6[4.1,] 
BB 6
	outgoing: 
	datadep: 
	instructions:
CLOSURE END
		 10: RETURN %v_16[3.9,] 
BB 4
	outgoing: 6 
	datadep: 2 
	instructions:
		 0: 
		 1: %self->respond_to %self[2.0,] 
CLOSURE BEGIN: @album[2.7,] @uploader[3.3,] 
BB 1
	outgoing: 6 2 
	datadep: 
	instructions:
BB 2
	outgoing: 3 
	datadep: 
	instructions:
		 0: 
		 1: 
		 2: 
		 3: 
		 4: 
BB 3
	outgoing: 4 6 
	datadep: 2 2 2 2 
	instructions:
		 0: 
		 1: format->html %self[2.0,] format[2.2,] 
CLOSURE BEGIN: 
BB 1
	outgoing: 6 2 
	datadep: 
	instructions:
BB 2
	outgoing: 3 
	datadep: 
	instructions:
		 0: 
		 1: 
		 2: 
		 3: 
BB 3
	outgoing: 4 6 
	datadep: 2 2 2 
	instructions:
		 0: 
		 1: %self->flash %self[2.0,] 
		 2: %self[2.0,] @uploader[] 
		 3: %cl_5_4->errors %cl_5_4[3.2,] 
		 4: %cl_5_5->values %cl_5_5[3.3,] 
		 5: 
		 6: %cl_5_6->join %cl_5_7[3.5,] %cl_5_6[3.4,] 
		 7: %cl_5_8[3.6,] %cl_5_3[3.1,] 
		 8: 
		 9: 
		 10: %cl_5_9[3.9,] 
		 11: %self->render %self[2.0,] %cl_5_10[3.10,] 
		 12: RETURN %cl_5_11[3.11,] 
BB 4
	outgoing: 6 
	datadep: 
	instructions:
		 0: 
		 1: %cl_5_12[4.0,] 
		 2: RETURN %cl_5_13[4.1,] 
BB 6
	outgoing: 
	datadep: 
	instructions:
CLOSURE END
		 2: 
		 3: format->json %self[2.0,] format[2.2,] 
CLOSURE BEGIN: 
BB 1
	outgoing: 6 2 
	datadep: 
	instructions:
BB 2
	outgoing: 3 
	datadep: 
	instructions:
		 0: 
		 1: 
		 2: 
		 3: 
BB 3
	outgoing: 4 6 
	datadep: 2 2 
	instructions:
		 0: 
		 1: 
		 2: %self[2.0,] @uploader[] 
		 3: %cl_6_4->errors %cl_6_4[3.2,] 
		 4: %cl_6_5->values %cl_6_5[3.3,] 
		 5: %cl_6_6[3.4,] %cl_6_3[3.1,] 
		 6: %cl_6_7[3.5,] 
		 7: %self->render %self[2.0,] %cl_6_8[3.6,] 
		 8: RETURN %cl_6_9[3.7,] 
BB 4
	outgoing: 6 
	datadep: 
	instructions:
		 0: 
		 1: %cl_6_10[4.0,] 
		 2: RETURN %cl_6_11[4.1,] 
BB 6
	outgoing: 
	datadep: 
	instructions:
CLOSURE END
		 4: RETURN %cl_4_4[3.3,] 
BB 4
	outgoing: 6 
	datadep: 
	instructions:
		 0: 
		 1: %cl_4_5[4.0,] 
		 2: RETURN %cl_4_6[4.1,] 
BB 6
	outgoing: 
	datadep: 
	instructions:
CLOSURE END
		 2: RETURN %v_17[4.1,] 
BB 6
	outgoing: 
	datadep: 
	instructions:

SET IRMethod, name = update
BB 1
	outgoing: 9 2 
	datadep: 
	instructions:
BB 2
	outgoing: 3 4 
	datadep: 
	instructions:
		 0: 
		 1: 
		 2: 
		 3: 
		 4: 
		 5: 
		 6: %self->params %self[2.0,] 
		 7: %v_3[2.6,] 
		 8: BRANCH %v_4[2.7,] 
BB 3
	outgoing: 9 
	datadep: 2 2 2 2 
	instructions:
		 0: 
		 1: %self[2.0,] @picture[] 
		 2: %self->params %self[2.0,] 
		 3: %v_6[3.2,] 
		 4: %v_7->to_i %v_7[3.3,] 
		 5: %v_5->rotate %v_5[3.1,] %v_8[3.4,] 
		 6: 
		 7: %self[2.0,] @album[] 
		 8: @picture[3.1,] 
		 9: %v_10[3.7,] %v_11[3.8,] 
		 10: %self->redirect_to %self[2.0,] %v_12[3.9,] 
		 11: RETURN %v_13[3.10,] 
BB 4
	outgoing: 5 6 
	datadep: 2 
	instructions:
		 0: 
		 1: %self->params %self[2.0,] 
		 2: %v_14[4.1,] 
		 3: BRANCH %v_15[4.2,] 
BB 5
	outgoing: 7 
	datadep: 2 2 2 
	instructions:
		 0: 
		 1: %self[2.0,] @album[] 
		 2: %self[2.0,] @picture[] 
		 3: %v_17[5.2,] 
		 4: %v_16->update_attributes! %v_16[5.1,] %v_18[5.3,] 
		 5: 
		 6: @album[5.1,] 
		 7: %self->redirect_to %self[2.0,] %v_20[5.6,] 
		 8: 
BB 6
	outgoing: 7 
	datadep: 
	instructions:
		 0: 
BB 7
	outgoing: 9 
	datadep: 6 5 
	instructions:
		 0: RETURN %v_21[6.0,5.7,] 
BB 9
	outgoing: 
	datadep: 
	instructions:

SET IRMethod, name = destroy
BB 1
	outgoing: 3 2 
	datadep: 
	instructions:
BB 2
	outgoing: 3 
	datadep: 
	instructions:
		 0: 
		 1: 
		 2: 
		 3: 
		 4: 
		 5: 
		 6: %self[2.0,] @picture[] 
		 7: %v_3->destroy %v_3[2.6,] 
		 8: 
		 9: %self[2.0,] @album[] 
		 10: %self->redirect_to %self[2.0,] %v_5[2.9,] 
		 11: RETURN %v_6[2.10,] 
BB 3
	outgoing: 
	datadep: 
	instructions:

SET IRMethod, name = find_or_create_album_by_name
BB 1
	outgoing: 9 2 
	datadep: 
	instructions:
BB 2
	outgoing: 3 4 
	datadep: 
	instructions:
		 0: 
		 1: 
		 2: 
		 3: 
		 4: 
		 5: 
		 6: %self[2.0,] @album[] 
		 7: BRANCH %v_3[2.6,] 
BB 3
	outgoing: 9 
	datadep: 
	instructions:
		 0: RETURN 
BB 4
	outgoing: 6 7 
	datadep: 2 
	instructions:
		 0: 
		 1: %self->params %self[2.0,] 
		 2: %v_5[4.1,] 
		 3: %v_6->presence %v_6[4.2,] 
		 4: BRANCH %v_7[4.3,] 
BB 6
	outgoing: 9 
	datadep: 2 2 2 2 
	instructions:
		 0: 
		 1: 
		 2: %self->albums %self[2.0,] 
		 3: %self->params %self[2.0,] 
		 4: %v_10[6.3,] 
		 5: %v_11->presence %v_11[6.4,] 
		 6: %v_12[6.5,] 
		 7: %v_9->where %v_13[6.6,] %v_9[6.2,] 
		 8: %v_14->first_or_create! %v_14[6.7,] %self[2.0,] 
CLOSURE BEGIN: @album[] 
BB 1
	outgoing: 8 2 
	datadep: 
	instructions:
BB 2
	outgoing: 3 
	datadep: 
	instructions:
		 0: 
		 1: 
		 2: 
		 3: 
		 4: 
BB 3
	outgoing: 4 5 6 
	datadep: 2 
	instructions:
		 0: 
		 1: album->owner album[2.2,] 
		 2: BRANCH %cl_1_3[3.1,] 
BB 4
	outgoing: 5 6 
	datadep: 2 2 
	instructions:
		 0: %self->current_user %self[2.0,] 
		 1: %cl_1_5[4.0,] album[2.2,] 
		 2: %cl_1_5[4.0,] 
BB 5
	outgoing: 6 8 
	datadep: 2 2 
	instructions:
		 0: 
		 1: (Authority) 
		 2: %self->current_user %self[2.0,] 
		 3: %cl_1_6->enforce %cl_1_6[5.1,] album[2.2,] %cl_1_7[5.2,] 
		 4: RETURN %cl_1_8[5.3,] 
BB 6
	outgoing: 8 
	datadep: 
	instructions:
		 0: 
		 1: %cl_1_9[6.0,] 
		 2: RETURN %cl_1_10[6.1,] 
BB 8
	outgoing: 
	datadep: 
	instructions:
CLOSURE END
		 9: %self[2.0,] %v_15[6.8,] @album[2.6,] 
		 10: RETURN %v_15[6.8,] 
BB 7
	outgoing: 9 
	datadep: 
	instructions:
		 0: RETURN 
BB 9
	outgoing: 
	datadep: 
	instructions:

