SET IRMethod, name = new
BB 1
	outgoing: 3 2 
	datadep: 
	instructions:
BB 2
	outgoing: 3 
	datadep: 
	instructions:
		 0: 
		 1: 
		 2: 
		 3: 
		 4: 
		 5: 
		 6: 
		 7: %self->t %self[2.0,] %v_3[2.6,] 
		 8: %self[2.0,] %v_4[2.7,] @title[] 
		 9: 
		 10: %self->printable_directory_path %self[2.0,] 
		 11: 
		 12: %v_6[2.11,] 
		 13: %self->form_tag %self[2.0,] %v_5[2.10,] %v_7[2.12,] 
CLOSURE BEGIN: @title[2.8,] 
BB 1
	outgoing: 6 2 
	datadep: 
	instructions:
BB 2
	outgoing: 3 
	datadep: 
	instructions:
		 0: 
		 1: 
		 2: 
		 3: 
BB 3
	outgoing: 4 6 
	datadep: 2 2 2 2 2 
	instructions:
		 0: 
		 1: 
		 2: %self->t %cl_1_3[3.1,] %self[2.0,] 
		 3: 
		 4: 
		 5: %self->check_box_tag %self[2.0,] %cl_1_5[3.4,] 
		 6: 
		 7: 
		 8: %self->t %self[2.0,] %cl_1_7[3.7,] 
		 9: 
		 10: 
		 11: %self->t %self[2.0,] %cl_1_9[3.10,] 
		 12: 
		 13: 
		 14: %cl_1_11[3.13,] 
		 15: %self[2.0,] %cl_1_12[3.14,] 
CLOSURE BEGIN: 
BB 1
	outgoing: 6 2 
	datadep: 
	instructions:
BB 2
	outgoing: 3 
	datadep: 
	instructions:
		 0: 
		 1: 
		 2: 
		 3: 
BB 3
	outgoing: 4 6 
	datadep: 2 2 
	instructions:
		 0: 
		 1: 
		 2: %self->icon %cl_2_3[3.1,] %self[2.0,] 
		 3: 
		 4: 
		 5: %self->t %self[2.0,] %cl_2_5[3.4,] 
		 6: RETURN %cl_2_6[3.5,] 
BB 4
	outgoing: 6 
	datadep: 
	instructions:
		 0: 
		 1: %cl_2_7[4.0,] 
		 2: RETURN %cl_2_8[4.1,] 
BB 6
	outgoing: 
	datadep: 
	instructions:
CLOSURE END
		 16: RETURN %cl_1_13[3.15,] 
BB 4
	outgoing: 6 
	datadep: 
	instructions:
		 0: 
		 1: %cl_1_14[4.0,] 
		 2: RETURN %cl_1_15[4.1,] 
BB 6
	outgoing: 
	datadep: 
	instructions:
CLOSURE END
		 14: RETURN %v_8[2.13,] 
BB 3
	outgoing: 
	datadep: 
	instructions:

SET IRMethod, name = create
BB 1
	outgoing: 3 2 
	datadep: 
	instructions:
BB 2
	outgoing: 3 
	datadep: 
	instructions:
		 0: 
		 1: 
		 2: 
		 3: 
		 4: 
		 5: 
		 6: (PrintableDirectoryJob) 
		 7: (Site) 
		 8: %v_4->current %v_4[2.7,] 
		 9: %self[2.0,] @logged_in[] 
		 10: %v_6->id %v_6[2.9,] 
		 11: %self->params %self[2.0,] 
		 12: %v_8[2.11,] 
		 13: %v_9->present? %v_9[2.12,] 
		 14: %v_3->perform_later %v_5[2.8,] %v_3[2.6,] %v_7[2.10,] %v_10[2.13,] 
		 15: 
		 16: 
		 17: %self->t %self[2.0,] %v_12[2.16,] 
		 18: %v_13[2.17,] %self[2.0,] @title[] 
		 19: 
		 20: 
		 21: %self->t %v_14[2.20,] %self[2.0,] 
		 22: RETURN %v_15[2.21,] 
BB 3
	outgoing: 
	datadep: 
	instructions:

SET IRMethod, name = show
BB 1
	outgoing: 3 2 
	datadep: 
	instructions:
BB 2
	outgoing: 3 
	datadep: 
	instructions:
		 0: 
		 1: 
		 2: 
		 3: 
		 4: 
		 5: 
		 6: %self->new_printable_directory_path %self[2.0,] 
		 7: %self->redirect_to %self[2.0,] %v_3[2.6,] 
		 8: RETURN %v_4[2.7,] 
BB 3
	outgoing: 
	datadep: 
	instructions:

SET IRMethod, name = check_access
BB 1
	outgoing: 6 2 
	datadep: 
	instructions:
BB 2
	outgoing: 3 4 
	datadep: 
	instructions:
		 0: 
		 1: 
		 2: 
		 3: 
		 4: 
		 5: 
		 6: %self[2.0,] @logged_in[] 
		 7: %v_3->active? %v_3[2.6,] 
		 8: BRANCH %v_4[2.7,] 
BB 3
	outgoing: 6 
	datadep: 
	instructions:
		 0: RETURN 
BB 4
	outgoing: 6 
	datadep: 2 2 
	instructions:
		 0: 
		 1: 
		 2: 
		 3: %self->t %self[2.0,] %v_6[4.2,] 
		 4: %v_7[4.3,] 
		 5: %self->render %self[2.0,] %v_8[4.4,] 
		 6: 
		 7: RETURN 
BB 6
	outgoing: 
	datadep: 
	instructions:

