SET IRMethod, name = destroy_by_user_with_reason
BB 1
	outgoing: 3 2 
	datadep: 
	instructions:
BB 2
	outgoing: 3 
	datadep: 
	instructions:
		 0: def_%self 
		 1: def_%v_0 
		 2: def_%current_scope 
		 3: def_%current_module 
		 4: 
		 5: def_user RECEIVEARG 
		 6: def_reason RECEIVEARG 
		 7: 
		 8: def_%v_3 (Moderation) 
		 9: def_%v_4 %v_3->new %v_3[2.8,] 
		 10: def_m %v_4[2.9,] 
		 11: 
		 12: def_%v_5 %self->user_id %self[2.0,] 
		 13: ATTRASSIGN m->user_id m[2.10,] %v_5[2.12,] 
		 14: 
		 15: def_%v_6 user->id user[2.5,] 
		 16: ATTRASSIGN m->moderator_user_id m[2.10,2.13,] %v_6[2.15,] 
		 17: 
		 18: def_%v_7 
		 19: def_%v_8 %self->hat %self[2.0,2.12,] 
		 20: def_%v_9 
		 21: def_%v_10 %v_7[2.18,] %v_8[2.19,] %v_9[2.20,] reason[2.6,] 
		 22: ATTRASSIGN m->action m[2.10,2.13,2.16,] %v_10[2.21,] 
		 23: 
		 24: def_%v_11 m->save! m[2.10,2.13,2.16,2.22,] 
		 25: 
		 26: def_%v_12 %self->destroy %self[2.0,2.12,2.19,] 
		 27: RETURN %v_12[2.26,] 
BB 3
	outgoing: 
	datadep: 
	instructions:

SET IRMethod, name = to_html_label
BB 1
	outgoing: 16 2 
	datadep: 
	instructions:
BB 2
	outgoing: 3 4 
	datadep: 
	instructions:
		 0: def_%self 
		 1: def_%v_0 
		 2: def_%current_scope 
		 3: def_%current_module 
		 4: 
		 5: 
		 6: def_%v_3 %self->link %self[2.0,] 
		 7: def_%v_4 %v_3->present? %v_3[2.6,] 
		 8: BRANCH %v_4[2.7,] 
BB 3
	outgoing: 4 
	datadep: 
	instructions:
		 0: def_%v_5 %self->link %self[2.0,] 
		 1: def_%v_6 
		 2: def_%v_7 %v_5->match %v_5[3.0,] 
		 3: def_%v_4 %v_7[3.2,] 
BB 4
	outgoing: 5 6 
	datadep: 
	instructions:
		 0: def_hl %v_4[3.3,2.7,] 
		 1: 
		 2: def_%v_8 
		 3: 
		 4: def_%v_9 %self->granted_by_user %self[2.0,] 
		 5: def_%v_10 %v_9->username %v_9[4.4,] 
		 6: def_%v_11 
		 7: def_%v_12 %v_10[4.5,] %v_11[4.6,] 
		 8: def_%v_13 %v_8[4.2,] %v_12[4.7,] 
		 9: 
		 10: def_%v_14 %self->created_at %self[4.4,2.0,] 
		 11: def_%v_15 
		 12: def_%v_16 %v_14->strftime %v_14[4.10,] %v_15[4.11,] 
		 13: def_%v_17 %v_16[4.12,] 
		 14: def_%v_18 %v_13[4.8,] %v_17[4.13,] 
		 15: def_h %v_18[4.14,] 
		 16: 
		 17: def_%v_19 hl->! hl[4.0,] 
		 18: BRANCH %v_19[4.17,] 
BB 5
	outgoing: 6 
	datadep: 
	instructions:
		 0: def_%v_20 %self->link %self[2.0,] 
		 1: def_%v_21 %v_20->present? %v_20[5.0,] 
		 2: def_%v_19 %v_21[5.1,] 
BB 6
	outgoing: 7 8 
	datadep: 
	instructions:
		 0: BRANCH %v_19[5.2,4.17,] 
BB 7
	outgoing: 9 
	datadep: 
	instructions:
		 0: 
		 1: def_%v_22 
		 2: def_%v_23 %self->link %self[2.0,] 
		 3: def_%v_24 %v_22[7.1,] %v_23[7.2,] 
		 4: def_%v_25 h[4.15,] %v_24[7.3,] 
		 5: 
BB 8
	outgoing: 9 
	datadep: 
	instructions:
		 0: def_%v_25 
BB 9
	outgoing: 10 11 
	datadep: 
	instructions:
		 0: 
		 1: def_%v_26 
		 2: def_%v_27 h[4.15,] %v_26[9.1,] 
		 3: def_%v_28 
		 4: def_%v_29 %v_27[9.2,] %v_28[9.3,] 
		 5: 
		 6: BRANCH hl[4.0,] 
BB 10
	outgoing: 12 
	datadep: 
	instructions:
		 0: 
		 1: def_%v_30 
		 2: def_%v_31 %self->link %self[2.0,] 
		 3: def_%v_32 
		 4: def_%v_33 %v_30[10.1,] %v_31[10.2,] %v_32[10.3,] 
		 5: def_%v_34 h[4.15,] %v_33[10.4,] 
		 6: 
BB 11
	outgoing: 12 
	datadep: 
	instructions:
		 0: def_%v_34 
BB 12
	outgoing: 13 14 
	datadep: 
	instructions:
		 0: 
		 1: def_%v_35 %self->hat %self[2.0,] 
		 2: def_%v_36 h[4.15,] %v_35[12.1,] 
		 3: 
		 4: BRANCH hl[4.0,] 
BB 13
	outgoing: 15 
	datadep: 
	instructions:
		 0: 
		 1: def_%v_37 
		 2: def_%v_38 h[4.15,] %v_37[13.1,] 
		 3: 
BB 14
	outgoing: 15 
	datadep: 
	instructions:
		 0: def_%v_38 
BB 15
	outgoing: 16 
	datadep: 
	instructions:
		 0: 
		 1: def_%v_39 
		 2: def_%v_40 h[4.15,] %v_39[15.1,] 
		 3: 
		 4: def_%v_41 h->html_safe h[4.15,] 
		 5: RETURN %v_41[15.4,] 
BB 16
	outgoing: 
	datadep: 
	instructions:

SET IRMethod, name = log_moderation
BB 1
	outgoing: 6 2 
	datadep: 
	instructions:
BB 2
	outgoing: 3 4 
	datadep: 
	instructions:
		 0: def_%self 
		 1: def_%v_0 
		 2: def_%current_scope 
		 3: def_%current_module 
		 4: 
		 5: 
		 6: def_%v_3 (Moderation) 
		 7: def_%v_4 %v_3->new %v_3[2.6,] 
		 8: def_m %v_4[2.7,] 
		 9: 
		 10: def_%v_5 %self->created_at %self[2.0,] 
		 11: ATTRASSIGN m->created_at m[2.8,] %v_5[2.10,] 
		 12: 
		 13: def_%v_6 %self->user_id %self[2.0,2.10,] 
		 14: ATTRASSIGN m->user_id m[2.8,2.11,] %v_6[2.13,] 
		 15: 
		 16: def_%v_7 %self->granted_by_user_id %self[2.0,2.10,2.13,] 
		 17: ATTRASSIGN m->moderator_user_id m[2.8,2.11,2.14,] %v_7[2.16,] 
		 18: 
		 19: def_%v_8 
		 20: def_%v_9 %self->hat %self[2.0,2.10,2.13,2.16,] 
		 21: def_%v_10 
		 22: def_%v_11 %v_8[2.19,] %v_9[2.20,] %v_10[2.21,] 
		 23: def_%v_12 %self->link %self[2.0,2.10,2.13,2.16,2.20,] 
		 24: def_%v_13 %v_12->present? %v_12[2.23,] 
		 25: BRANCH %v_13[2.24,] 
BB 3
	outgoing: 5 
	datadep: 
	instructions:
		 0: def_%v_14 
		 1: 
		 2: def_%v_15 %self->link %self[2.0,] 
		 3: def_%v_16 
		 4: def_%v_17 %v_14[3.0,] %v_15[3.2,] %v_16[3.3,] 
		 5: 
BB 4
	outgoing: 5 
	datadep: 
	instructions:
		 0: def_%v_18 
		 1: def_%v_17 %v_18[4.0,] 
BB 5
	outgoing: 6 
	datadep: 
	instructions:
		 0: def_%v_19 %v_11[2.22,] %v_17[4.1,3.4,] 
		 1: ATTRASSIGN m->action m[2.8,2.11,2.14,2.17,] %v_19[5.0,] 
		 2: 
		 3: def_%v_20 m->save m[5.1,] 
		 4: RETURN %v_20[5.3,] 
BB 6
	outgoing: 
	datadep: 
	instructions:

