SET IRMethod, name = initialize
BB 1
	outgoing: 5 2 
	datadep: 
	instructions:
BB 2
	outgoing: 3 4 
	datadep: 
	instructions:
		 0: def_%self 
		 1: def_%v_0 
		 2: def_%current_scope 
		 3: def_%current_module 
		 4: 
		 5: def_user RECEIVEARG 
		 6: def_params 
		 7: params[2.6,] 
BB 3
	outgoing: 4 
	datadep: 
	instructions:
		 0: def_%v_3 
		 1: def_params %v_3[3.0,] 
BB 4
	outgoing: 5 
	datadep: 
	instructions:
		 0: 
		 1: %self[2.0,] user[2.5,] @user[] 
		 2: 
		 3: %self[2.0,] params[3.1,2.6,] @params[] 
		 4: RETURN params[3.1,2.6,] 
BB 5
	outgoing: 
	datadep: 
	instructions:

SET IRMethod, name = hottest
BB 1
	outgoing: 3 2 
	datadep: 
	instructions:
BB 2
	outgoing: 3 
	datadep: 
	instructions:
		 0: def_%self 
		 1: def_%v_0 
		 2: def_%current_scope 
		 3: def_%current_module 
		 4: 
		 5: 
		 6: def_%v_3 %self->base_scope %self[2.0,] 
		 7: def_%v_4 %self->positive_ranked %self[2.0,2.6,] %v_3[2.6,] 
		 8: def_hottest %v_4[2.7,] 
		 9: 
		 10: def_%v_5 %self->filter_hidden_and_tags %self[2.0,2.6,2.7,] %v_4[2.7,] 
		 11: def_hottest %v_5[2.10,] 
		 12: 
		 13: def_%v_6 
		 14: def_%v_7 %v_5->order %v_5[2.10,] %v_6[2.13,] 
		 15: RETURN %v_7[2.14,] 
BB 3
	outgoing: 
	datadep: 
	instructions:

SET IRMethod, name = hidden
BB 1
	outgoing: 9 2 
	datadep: 
	instructions:
BB 2
	outgoing: 3 4 
	datadep: 
	instructions:
		 0: def_%self 
		 1: def_%v_0 
		 2: def_%current_scope 
		 3: def_%current_module 
		 4: 
		 5: 
		 6: def_%v_3 %self->base_scope %self[2.0,] 
		 7: def_hidden %v_3[2.6,] 
		 8: 
		 9: 
		 10: def_%v_4 %self[2.0,2.6,] @user[] 
		 11: BRANCH %v_4[2.10,] 
BB 3
	outgoing: 5 
	datadep: 
	instructions:
		 0: def_%v_5 (Story) 
		 1: def_%v_6 %v_5->arel_table %v_5[3.0,] 
		 2: def_%v_7 %v_6[3.1,] 
		 3: def_%v_8 %self->hidden_arel %self[2.0,] 
		 4: def_%v_9 %v_7->in %v_7[3.2,] %v_8[3.3,] 
		 5: def_%v_10 hidden->where hidden[2.7,] %v_9[3.4,] 
		 6: def_hidden %v_10[3.5,] 
		 7: 
BB 4
	outgoing: 5 
	datadep: 
	instructions:
		 0: def_%v_10 
BB 5
	outgoing: 6 7 
	datadep: 
	instructions:
		 0: 
		 1: def_%v_11 %self[2.0,] @params[] 
		 2: def_%v_12 %v_11[5.1,] 
		 3: def_%v_13 %v_12->try %v_12[5.2,] 
		 4: BRANCH %v_13[5.3,] 
BB 6
	outgoing: 8 
	datadep: 
	instructions:
		 0: 
		 1: def_%v_14 %self[2.0,] @params[5.1,] 
		 2: def_%v_15 %v_14[6.1,] 
		 3: def_%v_16 %self->filter_tags %self[2.0,] hidden[3.6,2.7,] %v_15[6.2,] 
		 4: def_hidden %v_16[6.3,] 
		 5: 
BB 7
	outgoing: 8 
	datadep: 
	instructions:
		 0: def_%v_16 
BB 8
	outgoing: 9 
	datadep: 
	instructions:
		 0: 
		 1: def_%v_17 
		 2: def_%v_18 hidden->order hidden[6.4,3.6,2.7,] %v_17[8.1,] 
		 3: RETURN %v_18[8.2,] 
BB 9
	outgoing: 
	datadep: 
	instructions:

SET IRMethod, name = newest
BB 1
	outgoing: 3 2 
	datadep: 
	instructions:
BB 2
	outgoing: 3 
	datadep: 
	instructions:
		 0: def_%self 
		 1: def_%v_0 
		 2: def_%current_scope 
		 3: def_%current_module 
		 4: 
		 5: 
		 6: def_%v_3 %self->base_scope %self[2.0,] 
		 7: def_%v_4 %self->filter_hidden_and_tags %self[2.0,2.6,] %v_3[2.6,] 
		 8: def_newest %v_4[2.7,] 
		 9: 
		 10: def_%v_5 
		 11: def_%v_6 %v_4->order %v_4[2.7,] %v_5[2.10,] 
		 12: RETURN %v_6[2.11,] 
BB 3
	outgoing: 
	datadep: 
	instructions:

SET IRMethod, name = newest_by_user
BB 1
	outgoing: 3 2 
	datadep: 
	instructions:
BB 2
	outgoing: 3 
	datadep: 
	instructions:
		 0: def_%self 
		 1: def_%v_0 
		 2: def_%current_scope 
		 3: def_%current_module 
		 4: 
		 5: def_user RECEIVEARG 
		 6: 
		 7: def_%v_3 %self->base_scope %self[2.0,] 
		 8: def_%v_4 user->id user[2.5,] 
		 9: def_%v_5 %v_4[2.8,] 
		 10: def_%v_6 %v_3->where %v_3[2.7,] %v_5[2.9,] 
		 11: def_%v_7 
		 12: def_%v_8 %v_6->order %v_6[2.10,] %v_7[2.11,] 
		 13: RETURN %v_8[2.12,] 
BB 3
	outgoing: 
	datadep: 
	instructions:

SET IRMethod, name = recent
BB 1
	outgoing: 6 2 
	datadep: 
	instructions:
BB 2
	outgoing: 3 
	datadep: 
	instructions:
		 0: def_%self 
		 1: def_%v_0 
		 2: def_%current_scope 
		 3: def_%current_module 
		 4: 
		 5: 
		 6: def_%v_3 %self->newest %self[2.0,] 
		 7: def_stories %v_3[2.6,] 
		 8: 
		 9: def_%v_4 
		 10: def_story_ids %v_4[2.9,] 
		 11: 
BB 3
	outgoing: 5 4 
	datadep: 
	instructions:
		 0: def_%v_5 %self[2.0,] 
CLOSURE BEGIN: stories[2.7,] x[] %self[2.0,] story_ids[2.10,] keep_ids[] 
BB 1
	outgoing: 20 2 
	datadep: 
	instructions:
BB 2
	outgoing: 3 
	datadep: 
	instructions:
		 0: def_%self 
		 1: def_%cl_1_0 
		 2: def_x RECEIVEARG 
		 3: def_%current_scope 
		 4: def_%current_module 
BB 3
	outgoing: 4 5 18 
	datadep: 
	instructions:
		 0: 
		 1: def_%cl_1_3 stories->select stories[] 
		 2: def_%cl_1_4 (Story) 
		 3: def_%cl_1_5 %cl_1_4->arel_table %cl_1_4[3.2,] 
		 4: def_%cl_1_6 %cl_1_5[3.3,] 
		 5: 
		 6: def_%cl_1_7 (RECENT_DAYS_OLD) 
		 7: def_%cl_1_8 %cl_1_7[3.6,] x[2.2,] 
		 8: def_%cl_1_9 %cl_1_8->days %cl_1_8[3.7,] 
		 9: def_%cl_1_10 %cl_1_9->ago %cl_1_9[3.8,] 
		 10: def_%cl_1_11 %cl_1_6->gt %cl_1_6[3.4,] %cl_1_10[3.9,] 
		 11: def_%cl_1_12 %cl_1_3->where %cl_1_3[3.1,] %cl_1_11[3.10,] 
		 12: def_%cl_1_13 
		 13: def_%cl_1_14 %cl_1_12->order %cl_1_12[3.11,] %cl_1_13[3.12,] 
		 14: def_%cl_1_15 %cl_1_14->reject %cl_1_14[3.13,] %self[2.0,] 
CLOSURE BEGIN: s[] 
BB 1
	outgoing: 6 2 
	datadep: 
	instructions:
BB 2
	outgoing: 3 
	datadep: 
	instructions:
		 0: def_%self 
		 1: def_%cl_2_0 
		 2: def_s RECEIVEARG 
		 3: def_%current_scope 
		 4: def_%current_module 
BB 3
	outgoing: 4 6 
	datadep: 
	instructions:
		 0: 
		 1: def_%cl_2_3 s->score s[2.2,] 
		 2: def_%cl_2_4 (HOT_STORY_POINTS) 
		 3: def_%cl_2_5 %cl_2_3[3.1,] %cl_2_4[3.2,] 
		 4: RETURN %cl_2_5[3.3,] 
BB 4
	outgoing: 6 
	datadep: 
	instructions:
		 0: def_%cl_2_6 
		 1: def_%cl_2_7 %cl_2_6[4.0,] 
		 2: RETURN %cl_2_7[4.1,] 
BB 6
	outgoing: 
	datadep: 
	instructions:
CLOSURE END
		 15: def_story_ids %cl_1_15[3.14,] 
		 16: 
		 17: def_%cl_1_16 %cl_1_15->length %cl_1_15[3.14,] 
		 18: def_%cl_1_17 (StoriesPaginator) 
		 19: def_%cl_1_18 %cl_1_17[3.18,] 
		 20: %cl_1_18[3.19,] 
BB 4
	outgoing: 5 18 
	datadep: 
	instructions:
		 0: def_%cl_1_18 %cl_1_17[3.18,] 
BB 5
	outgoing: 6 16 18 
	datadep: 
	instructions:
		 0: def_%cl_1_19 %cl_1_18[4.0,3.19,] 
		 1: def_%cl_1_20 %cl_1_16[3.17,] %cl_1_19[5.0,] 
		 2: BRANCH %cl_1_20[5.1,] 
BB 6
	outgoing: 7 8 18 
	datadep: 
	instructions:
		 0: 
		 1: def_%cl_1_22 (StoriesPaginator) 
		 2: def_%cl_1_23 %cl_1_22[6.1,] 
		 3: %cl_1_23[6.2,] 
BB 7
	outgoing: 8 18 
	datadep: 
	instructions:
		 0: def_%cl_1_23 %cl_1_22[6.1,] 
BB 8
	outgoing: 9 18 
	datadep: 
	instructions:
		 0: def_%cl_1_24 %cl_1_23[7.0,6.2,] 
		 1: def_%cl_1_25 %cl_1_24[8.0,] 
		 2: def_%cl_1_21 %cl_1_25[8.1,] 
		 3: def_%cl_1_26 story_ids[3.15,] %cl_1_21[8.2,] 
		 4: def_keep_ids %cl_1_26[8.3,] 
		 5: 
		 6: def_%cl_1_28 %cl_1_26->length %cl_1_26[8.3,] 
		 7: def_%cl_1_29 %cl_1_28[8.6,] 
		 8: def_%cl_1_30 story_ids->length story_ids[3.15,] 
		 9: def_%cl_1_27 %cl_1_29[8.7,] %cl_1_30[8.8,] 
		 10: def_%cl_1_31 story_ids[8.8,3.15,] %cl_1_27[8.9,] 
		 11: def_story_ids %cl_1_31[8.10,] 
		 12: 
BB 9
	outgoing: 10 11 18 
	datadep: 
	instructions:
		 0: def_%cl_1_33 keep_ids->length keep_ids[8.4,] 
		 1: def_%cl_1_34 (StoriesPaginator) 
		 2: def_%cl_1_35 %cl_1_34[9.1,] 
		 3: %cl_1_35[9.2,] 
BB 10
	outgoing: 11 18 
	datadep: 
	instructions:
		 0: def_%cl_1_35 %cl_1_34[9.1,] 
BB 11
	outgoing: 12 14 18 
	datadep: 
	instructions:
		 0: def_%cl_1_36 %cl_1_35[10.0,9.2,] 
		 1: def_%cl_1_37 %cl_1_33[9.0,] %cl_1_36[11.0,] 
		 2: BRANCH %cl_1_37[11.1,] 
BB 12
	outgoing: 13 18 
	datadep: 
	instructions:
		 0: 
		 1: 
		 2: def_%cl_1_38 story_ids->shuffle! story_ids[8.11,] 
		 3: 
		 4: def_%cl_1_39 story_ids->shift story_ids[12.2,8.11,] 
		 5: def_%cl_1_40 keep_ids->push keep_ids[8.4,] %cl_1_39[12.4,] 
BB 13
	outgoing: 9 
	datadep: 
	instructions:
		 0: 
BB 14
	outgoing: 15 
	datadep: 
	instructions:
		 0: def_%cl_1_32 
BB 15
	outgoing: 18 20 
	datadep: 
	instructions:
		 0: 
		 1: def_%cl_1_41 (Story) 
		 2: def_%cl_1_42 keep_ids[8.4,] 
		 3: def_%cl_1_43 %cl_1_41->where %cl_1_41[15.1,] %cl_1_42[15.2,] 
		 4: def_stories %cl_1_43[15.3,] 
		 5: 
		 6: 
BB 16
	outgoing: 20 
	datadep: 
	instructions:
		 0: RETURN 
BB 18
	outgoing: 20 
	datadep: 
	instructions:
		 0: def_%cl_1_45 
		 1: def_%cl_1_46 %cl_1_45[18.0,] 
		 2: RETURN %cl_1_46[18.1,] 
BB 20
	outgoing: 
	datadep: 
	instructions:
CLOSURE END
		 1: 
BB 4
	outgoing: 5 
	datadep: 
	instructions:
		 0: def_%v_6 
		 1: def_%v_5 %v_6[4.0,] 
BB 5
	outgoing: 6 
	datadep: 
	instructions:
		 0: 
		 1: def_%v_7 
		 2: def_%v_8 stories->order stories[2.7,] %v_7[5.1,] 
		 3: RETURN %v_8[5.2,] 
BB 6
	outgoing: 
	datadep: 
	instructions:

SET IRMethod, name = tagged
BB 1
	outgoing: 3 2 
	datadep: 
	instructions:
BB 2
	outgoing: 3 
	datadep: 
	instructions:
		 0: def_%self 
		 1: def_%v_0 
		 2: def_%current_scope 
		 3: def_%current_module 
		 4: 
		 5: def_tag RECEIVEARG 
		 6: 
		 7: def_%v_3 %self->base_scope %self[2.0,] 
		 8: def_%v_4 %self->positive_ranked %self[2.0,2.7,] %v_3[2.7,] 
		 9: def_tagged %v_4[2.8,] 
		 10: 
		 11: def_%v_5 (Story) 
		 12: def_%v_6 %v_5->arel_table %v_5[2.11,] 
		 13: def_%v_7 %v_6[2.12,] 
		 14: def_%v_8 (Tagging) 
		 15: def_%v_9 %v_8->arel_table %v_8[2.14,] 
		 16: def_%v_10 (Tagging) 
		 17: def_%v_11 %v_10->arel_table %v_10[2.16,] 
		 18: def_%v_12 %v_11[2.17,] 
		 19: def_%v_13 tag->id tag[2.5,] 
		 20: def_%v_14 %v_12->eq %v_12[2.18,] %v_13[2.19,] 
		 21: def_%v_15 %v_9->where %v_9[2.15,] %v_14[2.20,] 
		 22: def_%v_16 (Tagging) 
		 23: def_%v_17 %v_16->arel_table %v_16[2.22,] 
		 24: def_%v_18 %v_17[2.23,] 
		 25: def_%v_19 %v_15->project %v_15[2.21,] %v_18[2.24,] 
		 26: def_%v_20 %v_7->in %v_7[2.13,] %v_19[2.25,] 
		 27: def_%v_21 tagged->where tagged[2.9,] %v_20[2.26,] 
		 28: def_tagged %v_21[2.27,] 
		 29: 
		 30: def_%v_22 
		 31: def_%v_23 %v_21->order %v_21[2.27,] %v_22[2.30,] 
		 32: RETURN %v_23[2.31,] 
BB 3
	outgoing: 
	datadep: 
	instructions:

SET IRMethod, name = top
BB 1
	outgoing: 3 2 
	datadep: 
	instructions:
BB 2
	outgoing: 3 
	datadep: 
	instructions:
		 0: def_%self 
		 1: def_%v_0 
		 2: def_%current_scope 
		 3: def_%current_module 
		 4: 
		 5: def_length RECEIVEARG 
		 6: 
		 7: def_%v_3 %self->base_scope %self[2.0,] 
		 8: def_%v_4 
		 9: 
		 10: def_%v_5 length[2.5,] 
		 11: def_%v_6 
		 12: def_%v_7 length[2.5,] 
		 13: def_%v_8 %v_7->upcase %v_7[2.12,] 
		 14: def_%v_9 
		 15: def_%v_10 %v_5[2.10,] %v_6[2.11,] %v_8[2.13,] %v_9[2.14,] 
		 16: def_%v_11 %v_4[2.8,] %v_10[2.15,] 
		 17: def_%v_12 %v_3->where %v_3[2.7,] %v_11[2.16,] 
		 18: def_top %v_12[2.17,] 
		 19: 
		 20: def_%v_13 (Story) 
		 21: def_%v_14 %v_13->score_sql %v_13[2.20,] 
		 22: def_%v_15 
		 23: def_%v_16 %v_14[2.21,] %v_15[2.22,] 
		 24: def_%v_17 top->order top[2.18,] %v_16[2.23,] 
		 25: RETURN %v_17[2.24,] 
BB 3
	outgoing: 
	datadep: 
	instructions:

SET IRMethod, name = base_scope
BB 1
	outgoing: 3 2 
	datadep: 
	instructions:
BB 2
	outgoing: 3 
	datadep: 
	instructions:
		 0: def_%self 
		 1: def_%v_0 
		 2: def_%current_scope 
		 3: def_%current_module 
		 4: 
		 5: 
		 6: def_%v_3 (Story) 
		 7: def_%v_4 %v_3->unmerged %v_3[2.6,] 
		 8: def_%v_5 
		 9: def_%v_6 %v_4->where %v_4[2.7,] %v_5[2.8,] 
		 10: RETURN %v_6[2.9,] 
BB 3
	outgoing: 
	datadep: 
	instructions:

SET IRMethod, name = filter_hidden_and_tags
BB 1
	outgoing: 9 2 
	datadep: 
	instructions:
BB 2
	outgoing: 3 4 
	datadep: 
	instructions:
		 0: def_%self 
		 1: def_%v_0 
		 2: def_%current_scope 
		 3: def_%current_module 
		 4: 
		 5: def_scope RECEIVEARG 
		 6: 
		 7: 
		 8: def_%v_3 %self[2.0,] @user[] 
		 9: BRANCH %v_3[2.8,] 
BB 3
	outgoing: 5 
	datadep: 
	instructions:
		 0: def_%v_4 %self->filter_hidden %self[2.0,] scope[2.5,] 
		 1: def_scope %v_4[3.0,] 
		 2: 
BB 4
	outgoing: 5 
	datadep: 
	instructions:
		 0: def_%v_4 
BB 5
	outgoing: 6 7 
	datadep: 
	instructions:
		 0: 
		 1: def_%v_5 %self[2.0,] @params[] 
		 2: def_%v_6 %v_5[5.1,] 
		 3: def_%v_7 %v_6->try %v_6[5.2,] 
		 4: BRANCH %v_7[5.3,] 
BB 6
	outgoing: 8 
	datadep: 
	instructions:
		 0: 
		 1: def_%v_8 %self[2.0,] @params[5.1,] 
		 2: def_%v_9 %v_8[6.1,] 
		 3: def_%v_10 %self->filter_tags %self[2.0,] scope[3.1,2.5,] %v_9[6.2,] 
		 4: def_scope %v_10[6.3,] 
		 5: 
BB 7
	outgoing: 8 
	datadep: 
	instructions:
		 0: def_%v_10 
BB 8
	outgoing: 9 
	datadep: 
	instructions:
		 0: 
		 1: RETURN scope[6.4,3.1,2.5,] 
BB 9
	outgoing: 
	datadep: 
	instructions:

SET IRMethod, name = filter_hidden
BB 1
	outgoing: 3 2 
	datadep: 
	instructions:
BB 2
	outgoing: 3 
	datadep: 
	instructions:
		 0: def_%self 
		 1: def_%v_0 
		 2: def_%current_scope 
		 3: def_%current_module 
		 4: 
		 5: def_scope RECEIVEARG 
		 6: 
		 7: def_%v_3 (Story) 
		 8: def_%v_4 %v_3->arel_table %v_3[2.7,] 
		 9: def_%v_5 %v_4[2.8,] 
		 10: def_%v_6 %self->hidden_arel %self[2.0,] 
		 11: def_%v_7 %v_5->not_in %v_5[2.9,] %v_6[2.10,] 
		 12: def_%v_8 scope->where scope[2.5,] %v_7[2.11,] 
		 13: RETURN %v_8[2.12,] 
BB 3
	outgoing: 
	datadep: 
	instructions:

SET IRMethod, name = hidden_arel
BB 1
	outgoing: 6 2 
	datadep: 
	instructions:
BB 2
	outgoing: 3 4 
	datadep: 
	instructions:
		 0: def_%self 
		 1: def_%v_0 
		 2: def_%current_scope 
		 3: def_%current_module 
		 4: 
		 5: 
		 6: 
		 7: def_%v_3 %self[2.0,] @user[] 
		 8: BRANCH %v_3[2.7,] 
BB 3
	outgoing: 6 
	datadep: 
	instructions:
		 0: def_%v_4 (HiddenStory) 
		 1: def_%v_5 %v_4->arel_table %v_4[3.0,] 
		 2: def_%v_6 (HiddenStory) 
		 3: def_%v_7 %v_6->arel_table %v_6[3.2,] 
		 4: def_%v_8 %v_7[3.3,] 
		 5: def_%v_9 %self[2.0,] @user[2.7,] 
		 6: def_%v_10 %v_9->id %v_9[3.5,] 
		 7: def_%v_11 %v_8->eq %v_8[3.4,] %v_10[3.6,] 
		 8: def_%v_12 %v_5->where %v_5[3.1,] %v_11[3.7,] 
		 9: def_%v_13 (HiddenStory) 
		 10: def_%v_14 %v_13->arel_table %v_13[3.9,] 
		 11: def_%v_15 %v_14[3.10,] 
		 12: def_%v_16 %v_12->project %v_12[3.8,] %v_15[3.11,] 
		 13: def_hidden_arel %v_16[3.12,] 
		 14: RETURN %v_16[3.12,] 
BB 4
	outgoing: 6 
	datadep: 
	instructions:
		 0: RETURN 
BB 6
	outgoing: 
	datadep: 
	instructions:

SET IRMethod, name = positive_ranked
BB 1
	outgoing: 3 2 
	datadep: 
	instructions:
BB 2
	outgoing: 3 
	datadep: 
	instructions:
		 0: def_%self 
		 1: def_%v_0 
		 2: def_%current_scope 
		 3: def_%current_module 
		 4: 
		 5: def_scope RECEIVEARG 
		 6: 
		 7: def_%v_3 (Story) 
		 8: def_%v_4 %v_3->score_sql %v_3[2.7,] 
		 9: def_%v_5 
		 10: def_%v_6 %v_4[2.8,] %v_5[2.9,] 
		 11: def_%v_7 scope->where scope[2.5,] %v_6[2.10,] 
		 12: RETURN %v_7[2.11,] 
BB 3
	outgoing: 
	datadep: 
	instructions:

SET IRMethod, name = filter_tags
BB 1
	outgoing: 3 2 
	datadep: 
	instructions:
BB 2
	outgoing: 3 
	datadep: 
	instructions:
		 0: def_%self 
		 1: def_%v_0 
		 2: def_%current_scope 
		 3: def_%current_module 
		 4: 
		 5: def_scope RECEIVEARG 
		 6: def_tags RECEIVEARG 
		 7: 
		 8: def_%v_3 (Story) 
		 9: def_%v_4 %v_3->arel_table %v_3[2.8,] 
		 10: def_%v_5 %v_4[2.9,] 
		 11: def_%v_6 (Tagging) 
		 12: def_%v_7 %v_6->arel_table %v_6[2.11,] 
		 13: def_%v_8 (Tagging) 
		 14: def_%v_9 %v_8->arel_table %v_8[2.13,] 
		 15: def_%v_10 %v_9[2.14,] 
		 16: def_%v_11 %v_10->in %v_10[2.15,] tags[2.6,] 
		 17: def_%v_12 %v_7->where %v_7[2.12,] %v_11[2.16,] 
		 18: def_%v_13 (Tagging) 
		 19: def_%v_14 %v_13->arel_table %v_13[2.18,] 
		 20: def_%v_15 %v_14[2.19,] 
		 21: def_%v_16 %v_12->project %v_12[2.17,] %v_15[2.20,] 
		 22: def_%v_17 %v_5->not_in %v_5[2.10,] %v_16[2.21,] 
		 23: def_%v_18 scope->where scope[2.5,] %v_17[2.22,] 
		 24: RETURN %v_18[2.23,] 
BB 3
	outgoing: 
	datadep: 
	instructions:

