SET IRMethod, name = to_param
BB 1
	outgoing: 3 2 
	datadep: 
	instructions:
BB 2
	outgoing: 3 
	datadep: 
	instructions:
		 0: def_%self 
		 1: def_%v_0 
		 2: def_%current_scope 
		 3: def_%current_module 
		 4: 
		 5: 
		 6: def_%v_3 %self->tag %self[2.0,] 
		 7: RETURN %v_3[2.6,] 
BB 3
	outgoing: 
	datadep: 
	instructions:

SET IRMethod, name = all_with_filtered_counts_for
BB 1
	outgoing: 3 2 
	datadep: 
	instructions:
BB 2
	outgoing: 3 
	datadep: 
	instructions:
		 0: def_%self 
		 1: def_%v_0 
		 2: def_%current_scope 
		 3: def_%current_module 
		 4: 
		 5: def_user RECEIVEARG 
		 6: 
		 7: def_%v_3 (TagFilter) 
		 8: def_%v_4 %v_3->group %v_3[2.7,] 
		 9: def_%v_5 %v_4->count %v_4[2.8,] 
		 10: def_counts %v_5[2.9,] 
		 11: 
		 12: def_%v_6 (Tag) 
		 13: def_%v_7 %v_6->active %v_6[2.12,] 
		 14: def_%v_8 %v_7->order %v_7[2.13,] 
		 15: def_%v_9 %v_8->select %v_8[2.14,] %self[2.0,] 
CLOSURE BEGIN: t[] user[2.5,] 
BB 1
	outgoing: 6 2 
	datadep: 
	instructions:
BB 2
	outgoing: 3 
	datadep: 
	instructions:
		 0: def_%self 
		 1: def_%cl_1_0 
		 2: def_t RECEIVEARG 
		 3: def_%current_scope 
		 4: def_%current_module 
BB 3
	outgoing: 4 6 
	datadep: 
	instructions:
		 0: 
		 1: def_%cl_1_3 t->valid_for? t[2.2,] user[] 
		 2: RETURN %cl_1_3[3.1,] 
BB 4
	outgoing: 6 
	datadep: 
	instructions:
		 0: def_%cl_1_4 
		 1: def_%cl_1_5 %cl_1_4[4.0,] 
		 2: RETURN %cl_1_5[4.1,] 
BB 6
	outgoing: 
	datadep: 
	instructions:
CLOSURE END
		 16: def_%v_10 %v_9->map %v_9[2.15,] %self[2.0,] 
CLOSURE BEGIN: t[] counts[2.10,] 
BB 1
	outgoing: 6 2 
	datadep: 
	instructions:
BB 2
	outgoing: 3 
	datadep: 
	instructions:
		 0: def_%self 
		 1: def_%cl_2_0 
		 2: def_t RECEIVEARG 
		 3: def_%current_scope 
		 4: def_%current_module 
BB 3
	outgoing: 4 6 
	datadep: 
	instructions:
		 0: 
		 1: def_%cl_2_3 t->id t[2.2,] 
		 2: def_%cl_2_4 counts[] %cl_2_3[3.1,] 
		 3: def_%cl_2_5 %cl_2_4->to_i %cl_2_4[3.2,] 
		 4: ATTRASSIGN t->filtered_count t[3.1,2.2,] %cl_2_5[3.3,] 
		 5: 
		 6: RETURN t[3.1,3.4,] 
BB 4
	outgoing: 6 
	datadep: 
	instructions:
		 0: def_%cl_2_6 
		 1: def_%cl_2_7 %cl_2_6[4.0,] 
		 2: RETURN %cl_2_7[4.1,] 
BB 6
	outgoing: 
	datadep: 
	instructions:
CLOSURE END
		 17: RETURN %v_10[2.16,] 
BB 3
	outgoing: 
	datadep: 
	instructions:

SET IRMethod, name = all_with_story_counts_for
BB 1
	outgoing: 3 2 
	datadep: 
	instructions:
BB 2
	outgoing: 3 
	datadep: 
	instructions:
		 0: def_%self 
		 1: def_%v_0 
		 2: def_%current_scope 
		 3: def_%current_module 
		 4: 
		 5: def_user RECEIVEARG 
		 6: 
		 7: def_%v_3 (Tagging) 
		 8: def_%v_4 %v_3->group %v_3[2.7,] 
		 9: def_%v_5 %v_4->count %v_4[2.8,] 
		 10: def_counts %v_5[2.9,] 
		 11: 
		 12: def_%v_6 (Tag) 
		 13: def_%v_7 %v_6->active %v_6[2.12,] 
		 14: def_%v_8 %v_7->order %v_7[2.13,] 
		 15: def_%v_9 %v_8->select %v_8[2.14,] %self[2.0,] 
CLOSURE BEGIN: t[] user[2.5,] 
BB 1
	outgoing: 6 2 
	datadep: 
	instructions:
BB 2
	outgoing: 3 
	datadep: 
	instructions:
		 0: def_%self 
		 1: def_%cl_1_0 
		 2: def_t RECEIVEARG 
		 3: def_%current_scope 
		 4: def_%current_module 
BB 3
	outgoing: 4 6 
	datadep: 
	instructions:
		 0: 
		 1: def_%cl_1_3 t->valid_for? t[2.2,] user[] 
		 2: RETURN %cl_1_3[3.1,] 
BB 4
	outgoing: 6 
	datadep: 
	instructions:
		 0: def_%cl_1_4 
		 1: def_%cl_1_5 %cl_1_4[4.0,] 
		 2: RETURN %cl_1_5[4.1,] 
BB 6
	outgoing: 
	datadep: 
	instructions:
CLOSURE END
		 16: def_%v_10 %v_9->map %v_9[2.15,] %self[2.0,] 
CLOSURE BEGIN: t[] counts[2.10,] 
BB 1
	outgoing: 6 2 
	datadep: 
	instructions:
BB 2
	outgoing: 3 
	datadep: 
	instructions:
		 0: def_%self 
		 1: def_%cl_2_0 
		 2: def_t RECEIVEARG 
		 3: def_%current_scope 
		 4: def_%current_module 
BB 3
	outgoing: 4 6 
	datadep: 
	instructions:
		 0: 
		 1: def_%cl_2_3 t->id t[2.2,] 
		 2: def_%cl_2_4 counts[] %cl_2_3[3.1,] 
		 3: def_%cl_2_5 %cl_2_4->to_i %cl_2_4[3.2,] 
		 4: ATTRASSIGN t->stories_count t[3.1,2.2,] %cl_2_5[3.3,] 
		 5: 
		 6: RETURN t[3.1,3.4,] 
BB 4
	outgoing: 6 
	datadep: 
	instructions:
		 0: def_%cl_2_6 
		 1: def_%cl_2_7 %cl_2_6[4.0,] 
		 2: RETURN %cl_2_7[4.1,] 
BB 6
	outgoing: 
	datadep: 
	instructions:
CLOSURE END
		 17: RETURN %v_10[2.16,] 
BB 3
	outgoing: 
	datadep: 
	instructions:

SET IRMethod, name = css_class
BB 1
	outgoing: 6 2 
	datadep: 
	instructions:
BB 2
	outgoing: 3 4 
	datadep: 
	instructions:
		 0: def_%self 
		 1: def_%v_0 
		 2: def_%current_scope 
		 3: def_%current_module 
		 4: 
		 5: 
		 6: def_%v_3 
		 7: def_%v_4 %self->tag %self[2.0,] 
		 8: def_%v_5 %v_3[2.6,] %v_4[2.7,] 
		 9: def_%v_6 %self->is_media? %self[2.0,2.7,] 
		 10: BRANCH %v_6[2.9,] 
BB 3
	outgoing: 5 
	datadep: 
	instructions:
		 0: def_%v_7 
		 1: 
BB 4
	outgoing: 5 
	datadep: 
	instructions:
		 0: def_%v_8 
		 1: def_%v_7 %v_8[4.0,] 
BB 5
	outgoing: 6 
	datadep: 
	instructions:
		 0: def_%v_9 %v_5[2.8,] %v_7[4.1,3.0,] 
		 1: RETURN %v_9[5.0,] 
BB 6
	outgoing: 
	datadep: 
	instructions:

SET IRMethod, name = valid_for?
BB 1
	outgoing: 6 2 
	datadep: 
	instructions:
BB 2
	outgoing: 3 4 
	datadep: 
	instructions:
		 0: def_%self 
		 1: def_%v_0 
		 2: def_%current_scope 
		 3: def_%current_module 
		 4: 
		 5: def_user RECEIVEARG 
		 6: 
		 7: def_%v_3 %self->privileged? %self[2.0,] 
		 8: BRANCH %v_3[2.7,] 
BB 3
	outgoing: 6 
	datadep: 
	instructions:
		 0: 
		 1: def_%v_4 user->try user[2.5,] 
		 2: def_%v_5 %v_4->! %v_4[3.1,] 
		 3: def_%v_6 %v_5->! %v_5[3.2,] 
		 4: RETURN %v_6[3.3,] 
BB 4
	outgoing: 6 
	datadep: 
	instructions:
		 0: 
		 1: RETURN 
BB 6
	outgoing: 
	datadep: 
	instructions:

SET IRMethod, name = filtered_count
BB 1
	outgoing: 7 2 
	datadep: 
	instructions:
BB 2
	outgoing: 3 4 
	datadep: 
	instructions:
		 0: def_%self 
		 1: def_%v_0 
		 2: def_%current_scope 
		 3: def_%current_module 
		 4: 
		 5: 
		 6: def_%v_4 %self[2.0,] 
		 7: def_%v_3 %v_4[2.6,] 
		 8: %v_4[2.6,] 
BB 3
	outgoing: 4 
	datadep: 
	instructions:
		 0: def_%v_5 %self[2.0,] @filtered_count[] 
		 1: def_%v_3 %v_5[3.0,] 
BB 4
	outgoing: 5 6 
	datadep: 
	instructions:
		 0: BRANCH %v_3[3.1,2.7,] 
BB 5
	outgoing: 7 
	datadep: 
	instructions:
		 0: def_%v_6 (TagFilter) 
		 1: def_%v_7 %self->id %self[2.0,] 
		 2: def_%v_8 %v_7[5.1,] 
		 3: def_%v_9 %v_6->where %v_6[5.0,] %v_8[5.2,] 
		 4: def_%v_10 %v_9->count %v_9[5.3,] 
		 5: %self[5.1,2.0,] %v_10[5.4,] @filtered_count[3.0 ] 
		 6: RETURN %v_10[5.4,] 
BB 6
	outgoing: 7 
	datadep: 
	instructions:
		 0: RETURN %v_5[3.0,] 
BB 7
	outgoing: 
	datadep: 
	instructions:

