SET IRMethod, name = recalculate_all_karmas!
BB 1
	outgoing: 3 2 
	datadep: 
	instructions:
BB 2
	outgoing: 3 
	datadep: 
	instructions:
		 0: def_%self 
		 1: def_%v_0 
		 2: COPY def_%current_scope 
		 3: COPY def_%current_module 
		 4: 
		 5: 
		 6: (User) def_%v_3 
		 7: %v_3->all def_%v_4 %v_3[2.6,] 
		 8: %v_4->each def_%v_5 %v_4[2.7,] %self[2.0,] 
CLOSURE BEGIN: u[] 
BB 1
	outgoing: 6 2 
	datadep: 
	instructions:
BB 2
	outgoing: 3 
	datadep: 
	instructions:
		 0: def_%self 
		 1: def_%cl_1_0 
		 2: RECEIVEARG def_u 
		 3: COPY def_%current_scope 
		 4: COPY def_%current_module 
BB 3
	outgoing: 4 6 
	datadep: 
	instructions:
		 0: 
		 1: u->stories def_%cl_1_3 u[2.2,] 
		 2: %cl_1_3->map def_%cl_1_4 %cl_1_3[3.1,] 
		 3: %cl_1_4->sum def_%cl_1_5 %cl_1_4[3.2,] 
		 4: u->comments def_%cl_1_6 u[3.1,2.2,] 
		 5: %cl_1_6->map def_%cl_1_7 %cl_1_6[3.4,] 
		 6: %cl_1_7->sum def_%cl_1_8 %cl_1_7[3.5,] 
		 7: def_%cl_1_9 %cl_1_5[3.3,] %cl_1_8[3.6,] 
		 8: ATTRASSIGN u->karma u[3.1,3.4,2.2,] %cl_1_9[3.7,] 
		 9: 
		 10: u->save! def_%cl_1_10 u[3.1,3.4,3.8,] 
		 11: RETURN %cl_1_10[3.10,] 
BB 4
	outgoing: 6 
	datadep: 
	instructions:
		 0: def_%cl_1_11 
		 1: def_%cl_1_12 %cl_1_11[4.0,] 
		 2: RETURN %cl_1_12[4.1,] 
BB 6
	outgoing: 
	datadep: 
	instructions:
CLOSURE END
		 9: RETURN %v_5[2.8,] 
BB 3
	outgoing: 
	datadep: 
	instructions:

SET IRMethod, name = username_regex
BB 1
	outgoing: 3 2 
	datadep: 
	instructions:
BB 2
	outgoing: 3 
	datadep: 
	instructions:
		 0: def_%self 
		 1: def_%v_0 
		 2: COPY def_%current_scope 
		 3: COPY def_%current_module 
		 4: 
		 5: 
		 6: (User) def_%v_3 
		 7: %v_3->validators_on def_%v_4 %v_3[2.6,] 
		 8: %v_4->select def_%v_5 %v_4[2.7,] %self[2.0,] 
CLOSURE BEGIN: v[] 
BB 1
	outgoing: 10 2 
	datadep: 
	instructions:
BB 2
	outgoing: 3 
	datadep: 
	instructions:
		 0: def_%self 
		 1: def_%cl_1_0 
		 2: RECEIVEARG def_v 
		 3: COPY def_%current_scope 
		 4: COPY def_%current_module 
BB 3
	outgoing: 4 5 8 
	datadep: 
	instructions:
		 0: 
		 1: v->class def_%cl_1_3 v[2.2,] 
		 2: (ActiveModel) def_%cl_1_4 
		 3: def_%cl_1_5 %cl_1_4[3.2,] 
		 4: %cl_1_5[3.3,] 
BB 4
	outgoing: 5 8 
	datadep: 
	instructions:
		 0: def_%cl_1_5 %cl_1_4[3.2,] 
BB 5
	outgoing: 6 7 8 
	datadep: 
	instructions:
		 0: def_%cl_1_6 %cl_1_5[4.0,3.3,] 
		 1: %cl_1_6[5.0,] 
BB 6
	outgoing: 7 8 
	datadep: 
	instructions:
		 0: def_%cl_1_6 %cl_1_5[4.0,3.3,] 
BB 7
	outgoing: 8 10 
	datadep: 
	instructions:
		 0: def_%cl_1_7 %cl_1_3[3.1,] %cl_1_6[6.0,5.0,] 
		 1: RETURN %cl_1_7[7.0,] 
BB 8
	outgoing: 10 
	datadep: 
	instructions:
		 0: def_%cl_1_8 
		 1: def_%cl_1_9 %cl_1_8[8.0,] 
		 2: RETURN %cl_1_9[8.1,] 
BB 10
	outgoing: 
	datadep: 
	instructions:
CLOSURE END
		 9: %v_5->first def_%v_6 %v_5[2.8,] 
		 10: %v_6->options def_%v_7 %v_6[2.9,] 
		 11: def_%v_8 %v_7[2.10,] 
		 12: %v_8->inspect def_%v_9 %v_8[2.11,] 
		 13: RETURN %v_9[2.12,] 
BB 3
	outgoing: 
	datadep: 
	instructions:

SET IRMethod, name = as_json
BB 1
	outgoing: 8 2 
	datadep: 
	instructions:
BB 2
	outgoing: 3 4 
	datadep: 
	instructions:
		 0: def_%self 
		 1: def_%v_0 
		 2: COPY def_%current_scope 
		 3: COPY def_%current_module 
		 4: 
		 5: def_options 
		 6: options[2.5,] 
BB 3
	outgoing: 4 
	datadep: 
	instructions:
		 0: COPY def_%v_3 
		 1: COPY def_options %v_3[3.0,] 
BB 4
	outgoing: 5 6 
	datadep: 
	instructions:
		 0: 
		 1: COPY def_%v_4 
		 2: COPY def_attrs %v_4[4.1,] 
		 3: 
		 4: %self->is_admin? def_%v_5 %self[2.0,] 
		 5: %v_5->! def_%v_6 %v_5[4.4,] 
		 6: BRANCH %v_6[4.5,] 
BB 5
	outgoing: 7 
	datadep: 
	instructions:
		 0: 
		 1: attrs->push def_%v_7 attrs[4.2,] 
		 2: 
BB 6
	outgoing: 7 
	datadep: 
	instructions:
		 0: COPY def_%v_7 
BB 7
	outgoing: 8 
	datadep: 
	instructions:
		 0: 
		 1: attrs->push def_%v_8 attrs[4.2,] 
		 2: 
		 3: COPY def_%v_9 attrs[7.1,4.2,] 
		 4: def_%v_10 %current_module[2.3,] %v_9[7.3,] %v_0[2.1,] 
		 5: COPY def_h %v_10[7.4,] 
		 6: 
		 7: %self->avatar_url def_%v_11 %self[2.0,] 
		 8: h[7.5,] %v_11[7.7,] 
		 9: 
		 10: RETURN h[7.5,7.8,] 
BB 8
	outgoing: 
	datadep: 
	instructions:

SET IRMethod, name = avatar_url
BB 1
	outgoing: 7 2 
	datadep: 
	instructions:
BB 2
	outgoing: 3 4 
	datadep: 
	instructions:
		 0: def_%self 
		 1: def_%v_0 
		 2: COPY def_%current_scope 
		 3: COPY def_%current_module 
		 4: 
		 5: def_size 
		 6: size[2.5,] 
BB 3
	outgoing: 4 
	datadep: 
	instructions:
		 0: COPY def_size 
BB 4
	outgoing: 5 6 
	datadep: 
	instructions:
		 0: 
		 1: COPY def_%v_3 
		 2: (Digest) def_%v_4 
		 3: def_%v_5 %v_4[4.2,] 
		 4: %v_5[4.3,] 
BB 5
	outgoing: 6 
	datadep: 
	instructions:
		 0: def_%v_5 %v_4[4.2,] 
BB 6
	outgoing: 7 
	datadep: 
	instructions:
		 0: %self->email def_%v_6 %self[2.0,] 
		 1: %v_6->strip def_%v_7 %v_6[6.0,] 
		 2: %v_7->downcase def_%v_8 %v_7[6.1,] 
		 3: %v_5->hexdigest def_%v_9 %v_5[5.0,4.3,] %v_8[6.2,] 
		 4: def_%v_10 %v_3[4.1,] %v_9[6.3,] 
		 5: COPY def_%v_11 
		 6: 
		 7: def_%v_12 %v_11[6.5,] size[3.0,2.5,] 
		 8: def_%v_13 %v_10[6.4,] %v_12[6.7,] 
		 9: RETURN %v_13[6.8,] 
BB 7
	outgoing: 
	datadep: 
	instructions:

SET IRMethod, name = average_karma
BB 1
	outgoing: 6 2 
	datadep: 
	instructions:
BB 2
	outgoing: 3 4 
	datadep: 
	instructions:
		 0: def_%self 
		 1: def_%v_0 
		 2: COPY def_%current_scope 
		 3: COPY def_%current_module 
		 4: 
		 5: 
		 6: %self->karma def_%v_3 %self[2.0,] 
		 7: COPY def_k %v_3[2.6,] 
		 8: COPY def_%v_4 %v_3[2.6,] 
		 9: def_%v_5 %v_3[2.6,] 
		 10: BRANCH %v_5[2.9,] 
BB 3
	outgoing: 6 
	datadep: 
	instructions:
		 0: 
		 1: COPY def_%v_6 
		 2: RETURN 
BB 4
	outgoing: 6 
	datadep: 
	instructions:
		 0: 
		 1: k->to_f def_%v_7 k[2.7,] 
		 2: %self->stories_submitted_count def_%v_8 %self[2.0,] 
		 3: %self->comments_posted_count def_%v_9 %self[4.2,2.0,] 
		 4: def_%v_10 %v_8[4.2,] %v_9[4.3,] 
		 5: def_%v_11 %v_7[4.1,] %v_10[4.4,] 
		 6: RETURN %v_11[4.5,] 
BB 6
	outgoing: 
	datadep: 
	instructions:

SET IRMethod, name = ban_by_user_for_reason!
BB 1
	outgoing: 3 2 
	datadep: 
	instructions:
BB 2
	outgoing: 3 
	datadep: 
	instructions:
		 0: def_%self 
		 1: def_%v_0 
		 2: COPY def_%current_scope 
		 3: COPY def_%current_module 
		 4: 
		 5: RECEIVEARG def_banner 
		 6: RECEIVEARG def_reason 
		 7: 
		 8: (Time) def_%v_3 
		 9: %v_3->now def_%v_4 %v_3[2.8,] 
		 10: ATTRASSIGN %self->banned_at %self[2.0,] %v_4[2.9,] 
		 11: 
		 12: banner->id def_%v_5 banner[2.5,] 
		 13: ATTRASSIGN %self->banned_by_user_id %self[2.0,2.10,] %v_5[2.12,] 
		 14: 
		 15: ATTRASSIGN %self->banned_reason %self[2.0,2.10,2.13,] reason[2.6,] 
		 16: 
		 17: %self->delete! def_%v_6 %self[2.0,2.10,2.13,2.15,] 
		 18: 
		 19: (BanNotification) def_%v_7 
		 20: %v_7->notify def_%v_8 %v_7[2.19,] %self[2.0,2.10,2.13,2.15,2.17,] banner[2.5,2.12,] reason[2.6,] 
		 21: 
		 22: (Moderation) def_%v_9 
		 23: %v_9->new def_%v_10 %v_9[2.22,] 
		 24: COPY def_m %v_10[2.23,] 
		 25: 
		 26: banner->id def_%v_11 banner[2.5,2.12,] 
		 27: ATTRASSIGN m->moderator_user_id m[2.24,] %v_11[2.26,] 
		 28: 
		 29: %self->id def_%v_12 %self[2.0,2.10,2.13,2.15,2.17,] 
		 30: ATTRASSIGN m->user_id m[2.24,2.27,] %v_12[2.29,] 
		 31: 
		 32: COPY def_%v_13 
		 33: ATTRASSIGN m->action m[2.24,2.27,2.30,] %v_13[2.32,] 
		 34: 
		 35: ATTRASSIGN m->reason m[2.24,2.27,2.30,2.33,] reason[2.6,] 
		 36: 
		 37: m->save! def_%v_14 m[2.24,2.27,2.30,2.33,2.35,] 
		 38: 
		 39: RETURN 
BB 3
	outgoing: 
	datadep: 
	instructions:

SET IRMethod, name = can_downvote?
BB 1
	outgoing: 24 2 
	datadep: 
	instructions:
BB 2
	outgoing: 3 4 
	datadep: 
	instructions:
		 0: def_%self 
		 1: def_%v_0 
		 2: COPY def_%current_scope 
		 3: COPY def_%current_module 
		 4: 
		 5: RECEIVEARG def_obj 
		 6: 
		 7: %self->is_new? def_%v_3 %self[2.0,] 
		 8: BRANCH %v_3[2.7,] 
BB 3
	outgoing: 24 
	datadep: 
	instructions:
		 0: 
		 1: RETURN 
BB 4
	outgoing: 5 12 
	datadep: 
	instructions:
		 0: 
		 1: (Story) def_%v_5 
		 2: obj->is_a? def_%v_6 obj[2.5,] %v_5[4.1,] 
		 3: BRANCH %v_6[4.2,] 
BB 5
	outgoing: 6 7 
	datadep: 
	instructions:
		 0: 
		 1: obj->is_downvotable? def_%v_7 obj[2.5,] 
		 2: BRANCH %v_7[5.1,] 
BB 6
	outgoing: 24 
	datadep: 
	instructions:
		 0: 
		 1: RETURN 
BB 7
	outgoing: 8 9 
	datadep: 
	instructions:
		 0: 
		 1: obj->vote def_%v_9 obj[2.5,] 
		 2: def_%v_10 %v_9[7.1,] 
		 3: BRANCH %v_10[7.2,] 
BB 8
	outgoing: 24 
	datadep: 
	instructions:
		 0: 
		 1: RETURN 
BB 9
	outgoing: 11 
	datadep: 
	instructions:
		 0: COPY def_%v_11 
		 1: COPY def_%v_8 %v_11[9.0,] 
BB 11
	outgoing: 22 
	datadep: 
	instructions:
		 0: 
BB 12
	outgoing: 13 20 
	datadep: 
	instructions:
		 0: 
		 1: (Comment) def_%v_12 
		 2: obj->is_a? def_%v_13 obj[2.5,] %v_12[12.1,] 
		 3: BRANCH %v_13[12.2,] 
BB 13
	outgoing: 14 15 
	datadep: 
	instructions:
		 0: 
		 1: obj->is_downvotable? def_%v_14 obj[2.5,] 
		 2: BRANCH %v_14[13.1,] 
BB 14
	outgoing: 24 
	datadep: 
	instructions:
		 0: 
		 1: RETURN 
BB 15
	outgoing: 16 17 
	datadep: 
	instructions:
		 0: 
		 1: obj->current_vote def_%v_16 obj[2.5,] 
		 2: %v_16->try def_%v_17 %v_16[15.1,] 
		 3: %v_17->to_i def_%v_18 %v_17[15.2,] 
		 4: def_%v_19 %v_18[15.3,] 
		 5: BRANCH %v_19[15.4,] 
BB 16
	outgoing: 24 
	datadep: 
	instructions:
		 0: 
		 1: RETURN 
BB 17
	outgoing: 19 
	datadep: 
	instructions:
		 0: COPY def_%v_20 
		 1: COPY def_%v_15 %v_20[17.0,] 
BB 19
	outgoing: 21 
	datadep: 
	instructions:
		 0: 
BB 20
	outgoing: 21 
	datadep: 
	instructions:
		 0: COPY def_%v_15 
BB 21
	outgoing: 22 
	datadep: 
	instructions:
		 0: COPY def_%v_8 %v_15[20.0,17.1,] 
BB 22
	outgoing: 24 
	datadep: 
	instructions:
		 0: COPY def_%v_4 %v_8[21.0,9.1,] 
		 1: 
		 2: RETURN 
BB 24
	outgoing: 
	datadep: 
	instructions:

SET IRMethod, name = check_session_token
BB 1
	outgoing: 6 2 
	datadep: 
	instructions:
BB 2
	outgoing: 3 4 
	datadep: 
	instructions:
		 0: def_%self 
		 1: def_%v_0 
		 2: COPY def_%current_scope 
		 3: COPY def_%current_module 
		 4: 
		 5: 
		 6: %self->session_token def_%v_3 %self[2.0,] 
		 7: %v_3->blank? def_%v_4 %v_3[2.6,] 
		 8: BRANCH %v_4[2.7,] 
BB 3
	outgoing: 6 
	datadep: 
	instructions:
		 0: 
		 1: (Utils) def_%v_5 
		 2: def_%v_6 %v_5[3.1,] 
		 3: ATTRASSIGN %self->session_token %self[2.0,] %v_6[3.2,] 
		 4: RETURN %v_6[3.2,] 
BB 4
	outgoing: 6 
	datadep: 
	instructions:
		 0: RETURN 
BB 6
	outgoing: 
	datadep: 
	instructions:

SET IRMethod, name = create_mailing_list_token
BB 1
	outgoing: 6 2 
	datadep: 
	instructions:
BB 2
	outgoing: 3 4 
	datadep: 
	instructions:
		 0: def_%self 
		 1: def_%v_0 
		 2: COPY def_%current_scope 
		 3: COPY def_%current_module 
		 4: 
		 5: 
		 6: %self->mailing_list_token def_%v_3 %self[2.0,] 
		 7: %v_3->blank? def_%v_4 %v_3[2.6,] 
		 8: BRANCH %v_4[2.7,] 
BB 3
	outgoing: 6 
	datadep: 
	instructions:
		 0: 
		 1: (Utils) def_%v_5 
		 2: def_%v_6 %v_5[3.1,] 
		 3: ATTRASSIGN %self->mailing_list_token %self[2.0,] %v_6[3.2,] 
		 4: RETURN %v_6[3.2,] 
BB 4
	outgoing: 6 
	datadep: 
	instructions:
		 0: RETURN 
BB 6
	outgoing: 
	datadep: 
	instructions:

SET IRMethod, name = create_rss_token
BB 1
	outgoing: 6 2 
	datadep: 
	instructions:
BB 2
	outgoing: 3 4 
	datadep: 
	instructions:
		 0: def_%self 
		 1: def_%v_0 
		 2: COPY def_%current_scope 
		 3: COPY def_%current_module 
		 4: 
		 5: 
		 6: %self->rss_token def_%v_3 %self[2.0,] 
		 7: %v_3->blank? def_%v_4 %v_3[2.6,] 
		 8: BRANCH %v_4[2.7,] 
BB 3
	outgoing: 6 
	datadep: 
	instructions:
		 0: 
		 1: (Utils) def_%v_5 
		 2: def_%v_6 %v_5[3.1,] 
		 3: ATTRASSIGN %self->rss_token %self[2.0,] %v_6[3.2,] 
		 4: RETURN %v_6[3.2,] 
BB 4
	outgoing: 6 
	datadep: 
	instructions:
		 0: RETURN 
BB 6
	outgoing: 
	datadep: 
	instructions:

SET IRMethod, name = comments_posted_count
BB 1
	outgoing: 3 2 
	datadep: 
	instructions:
BB 2
	outgoing: 3 
	datadep: 
	instructions:
		 0: def_%self 
		 1: def_%v_0 
		 2: COPY def_%current_scope 
		 3: COPY def_%current_module 
		 4: 
		 5: 
		 6: (Keystore) def_%v_3 
		 7: COPY def_%v_4 
		 8: %self->id def_%v_5 %self[2.0,] 
		 9: COPY def_%v_6 
		 10: def_%v_7 %v_4[2.7,] %v_5[2.8,] %v_6[2.9,] 
		 11: %v_3->value_for def_%v_8 %v_3[2.6,] %v_7[2.10,] 
		 12: %v_8->to_i def_%v_9 %v_8[2.11,] 
		 13: RETURN %v_9[2.12,] 
BB 3
	outgoing: 
	datadep: 
	instructions:

SET IRMethod, name = delete!
BB 1
	outgoing: 3 2 
	datadep: 
	instructions:
BB 2
	outgoing: 3 
	datadep: 
	instructions:
		 0: def_%self 
		 1: def_%v_0 
		 2: COPY def_%current_scope 
		 3: COPY def_%current_module 
		 4: 
		 5: 
		 6: (User) def_%v_3 
		 7: %v_3->transaction def_%v_4 %v_3[2.6,] %self[2.0,] 
CLOSURE BEGIN: %self[2.0,] 
BB 1
	outgoing: 6 2 
	datadep: 
	instructions:
BB 2
	outgoing: 3 
	datadep: 
	instructions:
		 0: def_%self 
		 1: def_%cl_1_0 
		 2: COPY def_%current_scope 
		 3: COPY def_%current_module 
BB 3
	outgoing: 4 6 
	datadep: 
	instructions:
		 0: 
		 1: %self->comments def_%cl_1_3 %self[2.0,] 
		 2: %cl_1_3->each def_%cl_1_4 %cl_1_3[3.1,] %self[3.1,2.0,] 
CLOSURE BEGIN: c[] %self[3.1,2.0,] 
BB 1
	outgoing: 6 2 
	datadep: 
	instructions:
BB 2
	outgoing: 3 
	datadep: 
	instructions:
		 0: def_%self 
		 1: def_%cl_2_0 
		 2: RECEIVEARG def_c 
		 3: COPY def_%current_scope 
		 4: COPY def_%current_module 
BB 3
	outgoing: 4 6 
	datadep: 
	instructions:
		 0: 
		 1: c->delete_for_user def_%cl_2_3 c[2.2,] %self[2.0,] 
		 2: RETURN %cl_2_3[3.1,] 
BB 4
	outgoing: 6 
	datadep: 
	instructions:
		 0: def_%cl_2_4 
		 1: def_%cl_2_5 %cl_2_4[4.0,] 
		 2: RETURN %cl_2_5[4.1,] 
BB 6
	outgoing: 
	datadep: 
	instructions:
CLOSURE END
		 3: 
		 4: %self->sent_messages def_%cl_1_5 %self[3.1,2.0,] 
		 5: %cl_1_5->each def_%cl_1_6 %cl_1_5[3.4,] %self[3.1,3.4,2.0,] 
CLOSURE BEGIN: m[] 
BB 1
	outgoing: 6 2 
	datadep: 
	instructions:
BB 2
	outgoing: 3 
	datadep: 
	instructions:
		 0: def_%self 
		 1: def_%cl_3_0 
		 2: RECEIVEARG def_m 
		 3: COPY def_%current_scope 
		 4: COPY def_%current_module 
BB 3
	outgoing: 4 6 
	datadep: 
	instructions:
		 0: 
		 1: ATTRASSIGN m->deleted_by_author m[2.2,] 
		 2: 
		 3: m->save def_%cl_3_3 m[3.1,] 
		 4: RETURN %cl_3_3[3.3,] 
BB 4
	outgoing: 6 
	datadep: 
	instructions:
		 0: def_%cl_3_4 
		 1: def_%cl_3_5 %cl_3_4[4.0,] 
		 2: RETURN %cl_3_5[4.1,] 
BB 6
	outgoing: 
	datadep: 
	instructions:
CLOSURE END
		 6: 
		 7: %self->received_messages def_%cl_1_7 %self[3.1,3.4,2.0,] 
		 8: %cl_1_7->each def_%cl_1_8 %cl_1_7[3.7,] %self[3.1,3.4,3.7,2.0,] 
CLOSURE BEGIN: m[] 
BB 1
	outgoing: 6 2 
	datadep: 
	instructions:
BB 2
	outgoing: 3 
	datadep: 
	instructions:
		 0: def_%self 
		 1: def_%cl_4_0 
		 2: RECEIVEARG def_m 
		 3: COPY def_%current_scope 
		 4: COPY def_%current_module 
BB 3
	outgoing: 4 6 
	datadep: 
	instructions:
		 0: 
		 1: ATTRASSIGN m->deleted_by_recipient m[2.2,] 
		 2: 
		 3: m->save def_%cl_4_3 m[3.1,] 
		 4: RETURN %cl_4_3[3.3,] 
BB 4
	outgoing: 6 
	datadep: 
	instructions:
		 0: def_%cl_4_4 
		 1: def_%cl_4_5 %cl_4_4[4.0,] 
		 2: RETURN %cl_4_5[4.1,] 
BB 6
	outgoing: 
	datadep: 
	instructions:
CLOSURE END
		 9: 
		 10: %self->invitations def_%cl_1_9 %self[3.1,3.4,3.7,2.0,] 
		 11: %cl_1_9->destroy_all def_%cl_1_10 %cl_1_9[3.10,] 
		 12: 
		 13: ATTRASSIGN %self->session_token %self[3.1,3.4,3.7,3.10,2.0,] 
		 14: 
		 15: %self->check_session_token def_%cl_1_11 %self[3.1,3.4,3.7,3.10,3.13,] 
		 16: 
		 17: (Time) def_%cl_1_12 
		 18: %cl_1_12->now def_%cl_1_13 %cl_1_12[3.17,] 
		 19: ATTRASSIGN %self->deleted_at %self[3.1,3.4,3.7,3.10,3.13,3.15,] %cl_1_13[3.18,] 
		 20: 
		 21: %self->save! def_%cl_1_14 %self[3.1,3.4,3.7,3.10,3.13,3.15,3.19,] 
		 22: RETURN %cl_1_14[3.21,] 
BB 4
	outgoing: 6 
	datadep: 
	instructions:
		 0: def_%cl_1_15 
		 1: def_%cl_1_16 %cl_1_15[4.0,] 
		 2: RETURN %cl_1_16[4.1,] 
BB 6
	outgoing: 
	datadep: 
	instructions:
CLOSURE END
		 8: RETURN %v_4[2.7,] 
BB 3
	outgoing: 
	datadep: 
	instructions:

SET IRMethod, name = initiate_password_reset_for_ip
BB 1
	outgoing: 3 2 
	datadep: 
	instructions:
BB 2
	outgoing: 3 
	datadep: 
	instructions:
		 0: def_%self 
		 1: def_%v_0 
		 2: COPY def_%current_scope 
		 3: COPY def_%current_module 
		 4: 
		 5: RECEIVEARG def_ip 
		 6: 
		 7: (Time) def_%v_3 
		 8: %v_3->now def_%v_4 %v_3[2.7,] 
		 9: %v_4->to_i def_%v_5 %v_4[2.8,] 
		 10: COPY def_%v_6 
		 11: (Utils) def_%v_7 
		 12: def_%v_8 %v_7[2.11,] 
		 13: def_%v_9 %v_5[2.9,] %v_6[2.10,] %v_8[2.12,] 
		 14: ATTRASSIGN %self->password_reset_token %self[2.0,] %v_9[2.13,] 
		 15: 
		 16: %self->save! def_%v_10 %self[2.0,2.14,] 
		 17: 
		 18: (PasswordReset) def_%v_11 
		 19: %v_11->password_reset_link def_%v_12 %v_11[2.18,] %self[2.0,2.14,2.16,] ip[2.5,] 
		 20: %v_12->deliver def_%v_13 %v_12[2.19,] 
		 21: RETURN %v_13[2.20,] 
BB 3
	outgoing: 
	datadep: 
	instructions:

SET IRMethod, name = is_active?
BB 1
	outgoing: 5 2 
	datadep: 
	instructions:
BB 2
	outgoing: 3 4 
	datadep: 
	instructions:
		 0: def_%self 
		 1: def_%v_0 
		 2: COPY def_%current_scope 
		 3: COPY def_%current_module 
		 4: 
		 5: 
		 6: %self->deleted_at? def_%v_3 %self[2.0,] 
		 7: BRANCH %v_3[2.6,] 
BB 3
	outgoing: 4 
	datadep: 
	instructions:
		 0: %self->is_banned? def_%v_4 %self[2.0,] 
		 1: COPY def_%v_3 %v_4[3.0,] 
BB 4
	outgoing: 5 
	datadep: 
	instructions:
		 0: %v_3->! def_%v_5 %v_3[3.1,2.6,] 
		 1: RETURN %v_5[4.0,] 
BB 5
	outgoing: 
	datadep: 
	instructions:

SET IRMethod, name = is_banned?
BB 1
	outgoing: 3 2 
	datadep: 
	instructions:
BB 2
	outgoing: 3 
	datadep: 
	instructions:
		 0: def_%self 
		 1: def_%v_0 
		 2: COPY def_%current_scope 
		 3: COPY def_%current_module 
		 4: 
		 5: 
		 6: %self->banned_at? def_%v_3 %self[2.0,] 
		 7: RETURN %v_3[2.6,] 
BB 3
	outgoing: 
	datadep: 
	instructions:

SET IRMethod, name = is_new?
BB 1
	outgoing: 3 2 
	datadep: 
	instructions:
BB 2
	outgoing: 3 
	datadep: 
	instructions:
		 0: def_%self 
		 1: def_%v_0 
		 2: COPY def_%current_scope 
		 3: COPY def_%current_module 
		 4: 
		 5: 
		 6: (Time) def_%v_3 
		 7: %v_3->now def_%v_4 %v_3[2.6,] 
		 8: %self->created_at def_%v_5 %self[2.0,] 
		 9: def_%v_6 %v_4[2.7,] %v_5[2.8,] 
		 10: (NEW_USER_DAYS) def_%v_7 
		 11: %v_7->days def_%v_8 %v_7[2.10,] 
		 12: def_%v_9 %v_6[2.9,] %v_8[2.11,] 
		 13: RETURN %v_9[2.12,] 
BB 3
	outgoing: 
	datadep: 
	instructions:

SET IRMethod, name = linkified_about
BB 1
	outgoing: 3 2 
	datadep: 
	instructions:
BB 2
	outgoing: 3 
	datadep: 
	instructions:
		 0: def_%self 
		 1: def_%v_0 
		 2: COPY def_%current_scope 
		 3: COPY def_%current_module 
		 4: 
		 5: 
		 6: (Markdowner) def_%v_3 
		 7: %self->about def_%v_4 %self[2.0,] 
		 8: COPY def_%v_5 
		 9: %v_3->to_html def_%v_6 %v_3[2.6,] %v_4[2.7,] %v_5[2.8,] 
		 10: RETURN %v_6[2.9,] 
BB 3
	outgoing: 
	datadep: 
	instructions:

SET IRMethod, name = most_common_story_tag
BB 1
	outgoing: 3 2 
	datadep: 
	instructions:
BB 2
	outgoing: 3 
	datadep: 
	instructions:
		 0: def_%self 
		 1: def_%v_0 
		 2: COPY def_%current_scope 
		 3: COPY def_%current_module 
		 4: 
		 5: 
		 6: (Tag) def_%v_3 
		 7: %v_3->active def_%v_4 %v_3[2.6,] 
		 8: %v_4->joins def_%v_5 %v_4[2.7,] 
		 9: %self->id def_%v_6 %self[2.0,] 
		 10: COPY def_%v_7 %v_6[2.9,] 
		 11: COPY def_%v_8 %v_7[2.10,] 
		 12: %v_5->where def_%v_9 %v_5[2.8,] %v_8[2.11,] 
		 13: (Tag) def_%v_10 
		 14: %v_10->arel_table def_%v_11 %v_10[2.13,] 
		 15: def_%v_12 %v_11[2.14,] 
		 16: %v_9->group def_%v_13 %v_9[2.12,] %v_12[2.15,] 
		 17: COPY def_%v_14 
		 18: %v_13->order def_%v_15 %v_13[2.16,] %v_14[2.17,] 
		 19: %v_15->first def_%v_16 %v_15[2.18,] 
		 20: RETURN %v_16[2.19,] 
BB 3
	outgoing: 
	datadep: 
	instructions:

SET IRMethod, name = pushover!
BB 1
	outgoing: 6 2 
	datadep: 
	instructions:
BB 2
	outgoing: 3 4 
	datadep: 
	instructions:
		 0: def_%self 
		 1: def_%v_0 
		 2: COPY def_%current_scope 
		 3: COPY def_%current_module 
		 4: 
		 5: RECEIVEARG def_params 
		 6: 
		 7: %self->pushover_user_key def_%v_3 %self[2.0,] 
		 8: %v_3->present? def_%v_4 %v_3[2.7,] 
		 9: BRANCH %v_4[2.8,] 
BB 3
	outgoing: 6 
	datadep: 
	instructions:
		 0: 
		 1: (Pushover) def_%v_5 
		 2: %self->pushover_user_key def_%v_6 %self[2.0,] 
		 3: %v_5->push def_%v_7 %v_5[3.1,] %v_6[3.2,] params[2.5,] 
		 4: RETURN %v_7[3.3,] 
BB 4
	outgoing: 6 
	datadep: 
	instructions:
		 0: RETURN 
BB 6
	outgoing: 
	datadep: 
	instructions:

SET IRMethod, name = recent_threads
BB 1
	outgoing: 3 2 
	datadep: 
	instructions:
BB 2
	outgoing: 3 
	datadep: 
	instructions:
		 0: def_%self 
		 1: def_%v_0 
		 2: COPY def_%current_scope 
		 3: COPY def_%current_module 
		 4: 
		 5: RECEIVEARG def_amount 
		 6: 
		 7: %self->comments def_%v_3 %self[2.0,] 
		 8: %v_3->group def_%v_4 %v_3[2.7,] 
		 9: COPY def_%v_5 
		 10: %v_4->order def_%v_6 %v_4[2.8,] %v_5[2.9,] 
		 11: %v_6->limit def_%v_7 %v_6[2.10,] amount[2.5,] 
		 12: %v_7->pluck def_%v_8 %v_7[2.11,] 
		 13: RETURN %v_8[2.12,] 
BB 3
	outgoing: 
	datadep: 
	instructions:

SET IRMethod, name = stories_submitted_count
BB 1
	outgoing: 3 2 
	datadep: 
	instructions:
BB 2
	outgoing: 3 
	datadep: 
	instructions:
		 0: def_%self 
		 1: def_%v_0 
		 2: COPY def_%current_scope 
		 3: COPY def_%current_module 
		 4: 
		 5: 
		 6: (Keystore) def_%v_3 
		 7: COPY def_%v_4 
		 8: %self->id def_%v_5 %self[2.0,] 
		 9: COPY def_%v_6 
		 10: def_%v_7 %v_4[2.7,] %v_5[2.8,] %v_6[2.9,] 
		 11: %v_3->value_for def_%v_8 %v_3[2.6,] %v_7[2.10,] 
		 12: %v_8->to_i def_%v_9 %v_8[2.11,] 
		 13: RETURN %v_9[2.12,] 
BB 3
	outgoing: 
	datadep: 
	instructions:

SET IRMethod, name = to_param
BB 1
	outgoing: 3 2 
	datadep: 
	instructions:
BB 2
	outgoing: 3 
	datadep: 
	instructions:
		 0: def_%self 
		 1: def_%v_0 
		 2: COPY def_%current_scope 
		 3: COPY def_%current_module 
		 4: 
		 5: 
		 6: %self->username def_%v_3 %self[2.0,] 
		 7: RETURN %v_3[2.6,] 
BB 3
	outgoing: 
	datadep: 
	instructions:

SET IRMethod, name = unban_by_user!
BB 1
	outgoing: 3 2 
	datadep: 
	instructions:
BB 2
	outgoing: 3 
	datadep: 
	instructions:
		 0: def_%self 
		 1: def_%v_0 
		 2: COPY def_%current_scope 
		 3: COPY def_%current_module 
		 4: 
		 5: RECEIVEARG def_unbanner 
		 6: 
		 7: ATTRASSIGN %self->banned_at %self[2.0,] 
		 8: 
		 9: ATTRASSIGN %self->banned_by_user_id %self[2.0,2.7,] 
		 10: 
		 11: ATTRASSIGN %self->banned_reason %self[2.0,2.7,2.9,] 
		 12: 
		 13: %self->save! def_%v_3 %self[2.0,2.7,2.9,2.11,] 
		 14: 
		 15: (Moderation) def_%v_4 
		 16: %v_4->new def_%v_5 %v_4[2.15,] 
		 17: COPY def_m %v_5[2.16,] 
		 18: 
		 19: unbanner->id def_%v_6 unbanner[2.5,] 
		 20: ATTRASSIGN m->moderator_user_id m[2.17,] %v_6[2.19,] 
		 21: 
		 22: %self->id def_%v_7 %self[2.0,2.7,2.9,2.11,2.13,] 
		 23: ATTRASSIGN m->user_id m[2.17,2.20,] %v_7[2.22,] 
		 24: 
		 25: COPY def_%v_8 
		 26: ATTRASSIGN m->action m[2.17,2.20,2.23,] %v_8[2.25,] 
		 27: 
		 28: m->save! def_%v_9 m[2.17,2.20,2.23,2.26,] 
		 29: 
		 30: RETURN 
BB 3
	outgoing: 
	datadep: 
	instructions:

SET IRMethod, name = undeleted_received_messages
BB 1
	outgoing: 3 2 
	datadep: 
	instructions:
BB 2
	outgoing: 3 
	datadep: 
	instructions:
		 0: def_%self 
		 1: def_%v_0 
		 2: COPY def_%current_scope 
		 3: COPY def_%current_module 
		 4: 
		 5: 
		 6: %self->received_messages def_%v_3 %self[2.0,] 
		 7: COPY def_%v_4 
		 8: %v_3->where def_%v_5 %v_3[2.6,] %v_4[2.7,] 
		 9: RETURN %v_5[2.8,] 
BB 3
	outgoing: 
	datadep: 
	instructions:

SET IRMethod, name = undeleted_sent_messages
BB 1
	outgoing: 3 2 
	datadep: 
	instructions:
BB 2
	outgoing: 3 
	datadep: 
	instructions:
		 0: def_%self 
		 1: def_%v_0 
		 2: COPY def_%current_scope 
		 3: COPY def_%current_module 
		 4: 
		 5: 
		 6: %self->sent_messages def_%v_3 %self[2.0,] 
		 7: COPY def_%v_4 
		 8: %v_3->where def_%v_5 %v_3[2.6,] %v_4[2.7,] 
		 9: RETURN %v_5[2.8,] 
BB 3
	outgoing: 
	datadep: 
	instructions:

SET IRMethod, name = unread_message_count
BB 1
	outgoing: 3 2 
	datadep: 
	instructions:
BB 2
	outgoing: 3 
	datadep: 
	instructions:
		 0: def_%self 
		 1: def_%v_0 
		 2: COPY def_%current_scope 
		 3: COPY def_%current_module 
		 4: 
		 5: 
		 6: (Keystore) def_%v_3 
		 7: COPY def_%v_4 
		 8: %self->id def_%v_5 %self[2.0,] 
		 9: COPY def_%v_6 
		 10: def_%v_7 %v_4[2.7,] %v_5[2.8,] %v_6[2.9,] 
		 11: %v_3->value_for def_%v_8 %v_3[2.6,] %v_7[2.10,] 
		 12: %v_8->to_i def_%v_9 %v_8[2.11,] 
		 13: RETURN %v_9[2.12,] 
BB 3
	outgoing: 
	datadep: 
	instructions:

SET IRMethod, name = update_unread_message_count!
BB 1
	outgoing: 3 2 
	datadep: 
	instructions:
BB 2
	outgoing: 3 
	datadep: 
	instructions:
		 0: def_%self 
		 1: def_%v_0 
		 2: COPY def_%current_scope 
		 3: COPY def_%current_module 
		 4: 
		 5: 
		 6: (Keystore) def_%v_3 
		 7: COPY def_%v_4 
		 8: %self->id def_%v_5 %self[2.0,] 
		 9: COPY def_%v_6 
		 10: def_%v_7 %v_4[2.7,] %v_5[2.8,] %v_6[2.9,] 
		 11: %self->received_messages def_%v_8 %self[2.0,2.8,] 
		 12: %v_8->unread def_%v_9 %v_8[2.11,] 
		 13: %v_9->count def_%v_10 %v_9[2.12,] 
		 14: %v_3->put def_%v_11 %v_3[2.6,] %v_7[2.10,] %v_10[2.13,] 
		 15: RETURN %v_11[2.14,] 
BB 3
	outgoing: 
	datadep: 
	instructions:

SET IRMethod, name = votes_for_others
BB 1
	outgoing: 3 2 
	datadep: 
	instructions:
BB 2
	outgoing: 3 
	datadep: 
	instructions:
		 0: def_%self 
		 1: def_%v_0 
		 2: COPY def_%current_scope 
		 3: COPY def_%current_module 
		 4: 
		 5: 
		 6: %self->votes def_%v_3 %self[2.0,] 
		 7: %v_3->joins def_%v_4 %v_3[2.6,] 
		 8: COPY def_%v_5 
		 9: COPY def_%v_6 
		 10: def_%v_7 %v_5[2.8,] %v_6[2.9,] 
		 11: %v_4->where def_%v_8 %v_4[2.7,] %v_7[2.10,] 
		 12: COPY def_%v_9 
		 13: %v_8->order def_%v_10 %v_8[2.11,] %v_9[2.12,] 
		 14: RETURN %v_10[2.13,] 
BB 3
	outgoing: 
	datadep: 
	instructions:

