SET IRMethod, name = votes_by_user_for_stories_hash
BB 1
	outgoing: 3 2 
	datadep: 
	instructions:
BB 2
	outgoing: 3 
	datadep: 
	instructions:
		 0: def_%self 
		 1: def_%v_0 
		 2: COPY def_%current_scope 
		 3: COPY def_%current_module 
		 4: 
		 5: RECEIVEARG def_user 
		 6: RECEIVEARG def_stories 
		 7: 
		 8: COPY def_%v_3 
		 9: COPY def_votes %v_3[2.8,] 
		 10: 
		 11: (Vote) def_%v_4 
		 12: COPY def_%v_5 user[2.5,] stories[2.6,] 
		 13: %v_4->where def_%v_6 %v_4[2.11,] %v_5[2.12,] 
		 14: %v_6->each def_%v_7 %v_6[2.13,] %self[2.0,] 
CLOSURE BEGIN: v[] votes[2.9,] 
BB 1
	outgoing: 6 2 
	datadep: 
	instructions:
BB 2
	outgoing: 3 
	datadep: 
	instructions:
		 0: def_%self 
		 1: def_%cl_1_0 
		 2: RECEIVEARG def_v 
		 3: COPY def_%current_scope 
		 4: COPY def_%current_module 
BB 3
	outgoing: 4 6 
	datadep: 
	instructions:
		 0: 
		 1: v->story_id def_%cl_1_3 v[2.2,] 
		 2: v->vote def_%cl_1_4 v[3.1,2.2,] 
		 3: v->reason def_%cl_1_5 v[3.1,3.2,2.2,] 
		 4: COPY def_%cl_1_6 %cl_1_4[3.2,] %cl_1_5[3.3,] 
		 5: votes[] %cl_1_3[3.1,] %cl_1_6[3.4,] 
		 6: RETURN %cl_1_6[3.4,] %self[2.0,] 
BB 4
	outgoing: 6 
	datadep: 
	instructions:
		 0: def_%cl_1_7 
		 1: def_%cl_1_8 %cl_1_7[4.0,] 
		 2: RETURN %cl_1_8[4.1,] %self[2.0,] 
BB 6
	outgoing: 
	datadep: 
	instructions:
CLOSURE END
		 15: 
		 16: RETURN votes[2.9,] %self[2.0,] 
BB 3
	outgoing: 
	datadep: 
	instructions:

SET IRMethod, name = comment_votes_by_user_for_story_hash
BB 1
	outgoing: 3 2 
	datadep: 
	instructions:
BB 2
	outgoing: 3 
	datadep: 
	instructions:
		 0: def_%self 
		 1: def_%v_0 
		 2: COPY def_%current_scope 
		 3: COPY def_%current_module 
		 4: 
		 5: RECEIVEARG def_user_id 
		 6: RECEIVEARG def_story_id 
		 7: 
		 8: COPY def_%v_3 
		 9: COPY def_votes %v_3[2.8,] 
		 10: 
		 11: (Vote) def_%v_4 
		 12: COPY def_%v_5 user_id[2.5,] story_id[2.6,] 
		 13: %v_4->where def_%v_6 %v_4[2.11,] %v_5[2.12,] 
		 14: COPY def_%v_7 
		 15: %v_6->where def_%v_8 %v_6[2.13,] %v_7[2.14,] 
		 16: %v_8->each def_%v_9 %v_8[2.15,] %self[2.0,] 
CLOSURE BEGIN: v[] votes[2.9,] 
BB 1
	outgoing: 6 2 
	datadep: 
	instructions:
BB 2
	outgoing: 3 
	datadep: 
	instructions:
		 0: def_%self 
		 1: def_%cl_1_0 
		 2: RECEIVEARG def_v 
		 3: COPY def_%current_scope 
		 4: COPY def_%current_module 
BB 3
	outgoing: 4 6 
	datadep: 
	instructions:
		 0: 
		 1: v->comment_id def_%cl_1_3 v[2.2,] 
		 2: v->vote def_%cl_1_4 v[3.1,2.2,] 
		 3: v->reason def_%cl_1_5 v[3.1,3.2,2.2,] 
		 4: COPY def_%cl_1_6 %cl_1_4[3.2,] %cl_1_5[3.3,] 
		 5: votes[] %cl_1_3[3.1,] %cl_1_6[3.4,] 
		 6: RETURN %cl_1_6[3.4,] %self[2.0,] 
BB 4
	outgoing: 6 
	datadep: 
	instructions:
		 0: def_%cl_1_7 
		 1: def_%cl_1_8 %cl_1_7[4.0,] 
		 2: RETURN %cl_1_8[4.1,] %self[2.0,] 
BB 6
	outgoing: 
	datadep: 
	instructions:
CLOSURE END
		 17: 
		 18: RETURN votes[2.9,] %self[2.0,] 
BB 3
	outgoing: 
	datadep: 
	instructions:

SET IRMethod, name = story_votes_by_user_for_story_ids_hash
BB 1
	outgoing: 6 2 
	datadep: 
	instructions:
BB 2
	outgoing: 3 4 
	datadep: 
	instructions:
		 0: def_%self 
		 1: def_%v_0 
		 2: COPY def_%current_scope 
		 3: COPY def_%current_module 
		 4: 
		 5: RECEIVEARG def_user_id 
		 6: RECEIVEARG def_story_ids 
		 7: 
		 8: story_ids->empty? def_%v_3 story_ids[2.6,] 
		 9: BRANCH %v_3[2.8,] 
BB 3
	outgoing: 6 
	datadep: 
	instructions:
		 0: 
		 1: COPY def_%v_4 
		 2: RETURN %self[2.0,] 
BB 4
	outgoing: 6 
	datadep: 
	instructions:
		 0: 
		 1: COPY def_%v_5 user_id[2.5,] story_ids[2.6,] 
		 2: %self->where def_%v_6 %self[2.0,] %v_5[4.1,] 
		 3: COPY def_votes %v_6[4.2,] 
		 4: 
		 5: COPY def_%v_7 
		 6: def_%v_8 %v_6[4.2,] %v_7[4.5,] %self[4.2,2.0,] 
CLOSURE BEGIN: v[] memo[] 
BB 1
	outgoing: 6 2 
	datadep: 
	instructions:
BB 2
	outgoing: 3 
	datadep: 
	instructions:
		 0: def_%self 
		 1: def_%cl_1_0 
		 2: RECEIVEARG def_memo 
		 3: RECEIVEARG def_v 
		 4: COPY def_%current_scope 
		 5: COPY def_%current_module 
BB 3
	outgoing: 4 6 
	datadep: 
	instructions:
		 0: 
		 1: v->story_id def_%cl_1_3 v[2.3,] 
		 2: v->vote def_%cl_1_4 v[3.1,2.3,] 
		 3: v->reason def_%cl_1_5 v[3.1,3.2,2.3,] 
		 4: COPY def_%cl_1_6 %cl_1_4[3.2,] %cl_1_5[3.3,] 
		 5: memo[2.2,] %cl_1_3[3.1,] %cl_1_6[3.4,] 
		 6: 
		 7: RETURN memo[3.5,2.2,] %self[2.0,] 
BB 4
	outgoing: 6 
	datadep: 
	instructions:
		 0: def_%cl_1_7 
		 1: def_%cl_1_8 %cl_1_7[4.0,] 
		 2: RETURN %cl_1_8[4.1,] %self[2.0,] 
BB 6
	outgoing: 
	datadep: 
	instructions:
CLOSURE END
		 7: RETURN %v_8[4.6,] %self[4.2,2.0,] 
BB 6
	outgoing: 
	datadep: 
	instructions:

SET IRMethod, name = comment_votes_by_user_for_comment_ids_hash
BB 1
	outgoing: 6 2 
	datadep: 
	instructions:
BB 2
	outgoing: 3 4 
	datadep: 
	instructions:
		 0: def_%self 
		 1: def_%v_0 
		 2: COPY def_%current_scope 
		 3: COPY def_%current_module 
		 4: 
		 5: RECEIVEARG def_user_id 
		 6: RECEIVEARG def_comment_ids 
		 7: 
		 8: comment_ids->empty? def_%v_3 comment_ids[2.6,] 
		 9: BRANCH %v_3[2.8,] 
BB 3
	outgoing: 6 
	datadep: 
	instructions:
		 0: 
		 1: COPY def_%v_4 
		 2: RETURN %self[2.0,] 
BB 4
	outgoing: 6 
	datadep: 
	instructions:
		 0: 
		 1: COPY def_%v_5 user_id[2.5,] comment_ids[2.6,] 
		 2: %self->where def_%v_6 %self[2.0,] %v_5[4.1,] 
		 3: COPY def_votes %v_6[4.2,] 
		 4: 
		 5: COPY def_%v_7 
		 6: def_%v_8 %v_6[4.2,] %v_7[4.5,] %self[4.2,2.0,] 
CLOSURE BEGIN: v[] memo[] 
BB 1
	outgoing: 6 2 
	datadep: 
	instructions:
BB 2
	outgoing: 3 
	datadep: 
	instructions:
		 0: def_%self 
		 1: def_%cl_1_0 
		 2: RECEIVEARG def_memo 
		 3: RECEIVEARG def_v 
		 4: COPY def_%current_scope 
		 5: COPY def_%current_module 
BB 3
	outgoing: 4 6 
	datadep: 
	instructions:
		 0: 
		 1: v->comment_id def_%cl_1_3 v[2.3,] 
		 2: v->vote def_%cl_1_4 v[3.1,2.3,] 
		 3: v->reason def_%cl_1_5 v[3.1,3.2,2.3,] 
		 4: COPY def_%cl_1_6 %cl_1_4[3.2,] %cl_1_5[3.3,] 
		 5: memo[2.2,] %cl_1_3[3.1,] %cl_1_6[3.4,] 
		 6: 
		 7: RETURN memo[3.5,2.2,] %self[2.0,] 
BB 4
	outgoing: 6 
	datadep: 
	instructions:
		 0: def_%cl_1_7 
		 1: def_%cl_1_8 %cl_1_7[4.0,] 
		 2: RETURN %cl_1_8[4.1,] %self[2.0,] 
BB 6
	outgoing: 
	datadep: 
	instructions:
CLOSURE END
		 7: RETURN %v_8[4.6,] %self[4.2,2.0,] 
BB 6
	outgoing: 
	datadep: 
	instructions:

SET IRMethod, name = vote_thusly_on_story_or_comment_for_user_because
BB 1
	outgoing: 10 2 
	datadep: 
	instructions:
BB 2
	outgoing: 3 4 
	datadep: 
	instructions:
		 0: def_%self 
		 1: def_%v_0 
		 2: COPY def_%current_scope 
		 3: COPY def_%current_module 
		 4: 
		 5: RECEIVEARG def_vote 
		 6: RECEIVEARG def_story_id 
		 7: RECEIVEARG def_comment_id 
		 8: RECEIVEARG def_user_id 
		 9: RECEIVEARG def_reason 
		 10: def_update_counters 
		 11: update_counters[2.10,] 
BB 3
	outgoing: 4 
	datadep: 
	instructions:
		 0: COPY def_update_counters 
BB 4
	outgoing: 5 6 
	datadep: 
	instructions:
		 0: 
		 1: (Vote) def_%v_3 
		 2: COPY def_%v_4 user_id[2.8,] story_id[2.6,] comment_id[2.7,] 
		 3: %v_3->where def_%v_5 %v_3[4.1,] %v_4[4.2,] 
		 4: %v_5->first_or_initialize def_%v_6 %v_5[4.3,] 
		 5: COPY def_v %v_6[4.4,] 
		 6: 
		 7: %v_6->new_record? def_%v_7 %v_6[4.4,] 
		 8: %v_7->! def_%v_8 %v_7[4.7,] 
		 9: BRANCH %v_8[4.8,] 
BB 5
	outgoing: 6 
	datadep: 
	instructions:
		 0: v->vote def_%v_9 v[4.5,] 
		 1: %v_9->== def_%v_10 %v_9[5.0,] vote[2.5,] 
		 2: COPY def_%v_8 %v_10[5.1,] 
BB 6
	outgoing: 7 8 
	datadep: 
	instructions:
		 0: BRANCH %v_8[5.2,4.8,] 
BB 7
	outgoing: 10 
	datadep: 
	instructions:
		 0: 
		 1: RETURN %self[2.0,] 
BB 8
	outgoing: 10 
	datadep: 
	instructions:
		 0: COPY def_%v_11 
		 1: 
		 2: COPY def_upvote 
		 3: 
		 4: COPY def_downvote 
		 5: 
		 6: (Vote) def_%v_12 
		 7: %v_12->transaction def_%v_13 %v_12[8.6,] %self[2.0,] 
CLOSURE BEGIN: vote[2.5,] v[4.5,] upvote[8.2,] downvote[8.4,] reason[2.9,] update_counters[3.0,2.10,] user_id[2.8,] c[] s[] 
BB 1
	outgoing: 46 2 
	datadep: 
	instructions:
BB 2
	outgoing: 3 
	datadep: 
	instructions:
		 0: def_%self 
		 1: def_%cl_1_0 
		 2: COPY def_%current_scope 
		 3: COPY def_%current_module 
BB 3
	outgoing: 4 11 44 
	datadep: 
	instructions:
		 0: 
		 1: def_%cl_1_3 vote[] 
		 2: BRANCH %cl_1_3[3.1,] 
BB 4
	outgoing: 5 6 44 
	datadep: 
	instructions:
		 0: 
		 1: v->vote def_%cl_1_4 v[] 
		 2: def_%cl_1_5 %cl_1_4[4.1,] 
		 3: BRANCH %cl_1_5[4.2,] 
BB 5
	outgoing: 7 
	datadep: 
	instructions:
		 0: COPY def_%cl_1_6 
		 1: 
BB 6
	outgoing: 7 
	datadep: 
	instructions:
		 0: COPY def_%cl_1_6 
BB 7
	outgoing: 8 9 44 
	datadep: 
	instructions:
		 0: COPY def_upvote %cl_1_6[6.0,5.0,] 
		 1: 
		 2: v->vote def_%cl_1_7 v[] 
		 3: def_%cl_1_8 %cl_1_7[7.2,] 
		 4: BRANCH %cl_1_8[7.3,] 
BB 8
	outgoing: 10 
	datadep: 
	instructions:
		 0: COPY def_%cl_1_9 
		 1: 
BB 9
	outgoing: 10 
	datadep: 
	instructions:
		 0: COPY def_%cl_1_9 
BB 10
	outgoing: 27 44 
	datadep: 
	instructions:
		 0: COPY def_downvote %cl_1_9[9.0,8.0,] 
		 1: 
		 2: v->destroy! def_%cl_1_10 v[] 
		 3: 
BB 11
	outgoing: 12 19 44 
	datadep: 
	instructions:
		 0: 
		 1: v->new_record? def_%cl_1_11 v[] 
		 2: %cl_1_11->! def_%cl_1_12 %cl_1_11[11.1,] 
		 3: BRANCH %cl_1_12[11.2,] 
BB 12
	outgoing: 13 14 44 
	datadep: 
	instructions:
		 0: 
		 1: v->vote def_%cl_1_13 v[] 
		 2: def_%cl_1_14 %cl_1_13[12.1,] 
		 3: BRANCH %cl_1_14[12.2,] 
BB 13
	outgoing: 15 
	datadep: 
	instructions:
		 0: COPY def_%cl_1_15 
		 1: 
BB 14
	outgoing: 15 
	datadep: 
	instructions:
		 0: COPY def_%cl_1_15 
BB 15
	outgoing: 16 17 44 
	datadep: 
	instructions:
		 0: COPY def_upvote %cl_1_15[14.0,13.0,] 
		 1: 
		 2: v->vote def_%cl_1_16 v[] 
		 3: def_%cl_1_17 %cl_1_16[15.2,] 
		 4: BRANCH %cl_1_17[15.3,] 
BB 16
	outgoing: 18 
	datadep: 
	instructions:
		 0: COPY def_%cl_1_18 
		 1: 
BB 17
	outgoing: 18 
	datadep: 
	instructions:
		 0: COPY def_%cl_1_18 
BB 18
	outgoing: 20 
	datadep: 
	instructions:
		 0: COPY def_downvote %cl_1_18[17.0,16.0,] 
		 1: 
BB 19
	outgoing: 20 
	datadep: 
	instructions:
		 0: COPY def_%cl_1_18 
BB 20
	outgoing: 21 22 44 
	datadep: 
	instructions:
		 0: 
		 1: def_%cl_1_19 vote[] 
		 2: BRANCH %cl_1_19[20.1,] 
BB 21
	outgoing: 23 
	datadep: 
	instructions:
		 0: COPY def_%cl_1_20 
		 1: 
BB 22
	outgoing: 23 
	datadep: 
	instructions:
		 0: COPY def_%cl_1_20 
BB 23
	outgoing: 24 25 44 
	datadep: 
	instructions:
		 0: def_%cl_1_21 upvote[15.0,] %cl_1_20[22.0,21.0,] 
		 1: COPY def_upvote %cl_1_21[23.0,] 
		 2: 
		 3: def_%cl_1_22 vote[] 
		 4: BRANCH %cl_1_22[23.3,] 
BB 24
	outgoing: 26 
	datadep: 
	instructions:
		 0: COPY def_%cl_1_23 
		 1: 
BB 25
	outgoing: 26 
	datadep: 
	instructions:
		 0: COPY def_%cl_1_23 
BB 26
	outgoing: 27 44 
	datadep: 
	instructions:
		 0: def_%cl_1_24 downvote[18.0,] %cl_1_23[25.0,24.0,] 
		 1: COPY def_downvote %cl_1_24[26.0,] 
		 2: 
		 3: ATTRASSIGN v->vote v[] vote[] 
		 4: 
		 5: ATTRASSIGN v->reason v[26.3,] reason[] 
		 6: 
		 7: v->save! def_%cl_1_25 v[26.3,26.5,] 
		 8: COPY def_%cl_1_10 %cl_1_25[26.7,] 
BB 27
	outgoing: 28 31 
	datadep: 
	instructions:
		 0: 
		 1: COPY def_%cl_1_26 update_counters[] 
		 2: BRANCH update_counters[] 
BB 28
	outgoing: 29 30 44 
	datadep: 
	instructions:
		 0: def_%cl_1_27 downvote[26.1,10.0,18.0,] 
		 1: BRANCH %cl_1_27[28.0,] 
BB 29
	outgoing: 30 44 
	datadep: 
	instructions:
		 0: def_%cl_1_28 upvote[23.1,7.0,15.0,] 
		 1: COPY def_%cl_1_27 %cl_1_28[29.0,] 
BB 30
	outgoing: 31 
	datadep: 
	instructions:
		 0: COPY def_%cl_1_26 %cl_1_27[29.1,28.0,] 
BB 31
	outgoing: 32 42 
	datadep: 
	instructions:
		 0: BRANCH %cl_1_26[30.0,27.1,] 
BB 32
	outgoing: 33 37 44 
	datadep: 
	instructions:
		 0: 
		 1: v->comment_id def_%cl_1_29 v[26.3,26.5,] 
		 2: BRANCH %cl_1_29[32.1,] 
BB 33
	outgoing: 34 35 44 
	datadep: 
	instructions:
		 0: 
		 1: (Comment) def_%cl_1_30 
		 2: v->comment_id def_%cl_1_31 v[26.3,26.5,] 
		 3: %cl_1_30->find def_%cl_1_32 %cl_1_30[33.1,] %cl_1_31[33.2,] 
		 4: COPY def_c %cl_1_32[33.3,] 
		 5: 
		 6: %cl_1_32->user_id def_%cl_1_33 %cl_1_32[33.3,] 
		 7: ATTRASSIGN %cl_1_33->! def_%cl_1_34 %cl_1_33[33.6,] user_id[] 
		 8: BRANCH %cl_1_34[33.7,] 
BB 34
	outgoing: 36 44 
	datadep: 
	instructions:
		 0: 
		 1: (User) def_%cl_1_35 
		 2: c->user_id def_%cl_1_36 c[33.4,] 
		 3: def_%cl_1_37 upvote[29.0,23.1,7.0,15.0,] downvote[28.0,26.1,10.0,18.0,] 
		 4: COPY def_%cl_1_38 %cl_1_37[34.3,] 
		 5: %cl_1_35->update_counters def_%cl_1_39 %cl_1_35[34.1,] %cl_1_36[34.2,] %cl_1_38[34.4,] 
		 6: 
BB 35
	outgoing: 36 
	datadep: 
	instructions:
		 0: COPY def_%cl_1_39 
BB 36
	outgoing: 41 44 
	datadep: 
	instructions:
		 0: 
		 1: c->give_upvote_or_downvote_and_recalculate_confidence! def_%cl_1_40 c[33.4,] upvote[29.0,23.1,7.0,15.0,] downvote[28.0,26.1,10.0,18.0,] 
		 2: 
BB 37
	outgoing: 38 39 44 
	datadep: 
	instructions:
		 0: 
		 1: (Story) def_%cl_1_41 
		 2: v->story_id def_%cl_1_42 v[26.3,26.5,] 
		 3: %cl_1_41->find def_%cl_1_43 %cl_1_41[37.1,] %cl_1_42[37.2,] 
		 4: COPY def_s %cl_1_43[37.3,] 
		 5: 
		 6: %cl_1_43->user_id def_%cl_1_44 %cl_1_43[37.3,] 
		 7: ATTRASSIGN %cl_1_44->! def_%cl_1_45 %cl_1_44[37.6,] user_id[] 
		 8: BRANCH %cl_1_45[37.7,] 
BB 38
	outgoing: 40 44 
	datadep: 
	instructions:
		 0: 
		 1: (User) def_%cl_1_46 
		 2: s->user_id def_%cl_1_47 s[37.4,] 
		 3: def_%cl_1_48 upvote[29.0,23.1,7.0,15.0,] downvote[28.0,26.1,10.0,18.0,] 
		 4: COPY def_%cl_1_49 %cl_1_48[38.3,] 
		 5: %cl_1_46->update_counters def_%cl_1_50 %cl_1_46[38.1,] %cl_1_47[38.2,] %cl_1_49[38.4,] 
		 6: 
BB 39
	outgoing: 40 
	datadep: 
	instructions:
		 0: COPY def_%cl_1_50 
BB 40
	outgoing: 41 44 
	datadep: 
	instructions:
		 0: 
		 1: s->give_upvote_or_downvote_and_recalculate_hotness! def_%cl_1_51 s[37.4,] upvote[29.0,23.1,7.0,15.0,] downvote[28.0,26.1,10.0,18.0,] 
		 2: COPY def_%cl_1_40 %cl_1_51[40.1,] 
BB 41
	outgoing: 46 
	datadep: 
	instructions:
		 0: RETURN %cl_1_40[40.2,36.1,] %self[2.0,] 
BB 42
	outgoing: 46 
	datadep: 
	instructions:
		 0: RETURN %self[2.0,] 
BB 44
	outgoing: 46 
	datadep: 
	instructions:
		 0: def_%cl_1_52 
		 1: def_%cl_1_53 %cl_1_52[44.0,] 
		 2: RETURN %cl_1_53[44.1,] %self[2.0,] 
BB 46
	outgoing: 
	datadep: 
	instructions:
CLOSURE END
		 8: RETURN %v_13[8.7,] %self[2.0,] 
BB 10
	outgoing: 
	datadep: 
	instructions:

