SET IRMethod, name = find_or_create_from_hash
BB 1
	outgoing: 8 2 
	datadep: 
	instructions:
BB 2
	outgoing: 3 4 
	datadep: 
	instructions:
		 0: 
		 1: 
		 2: 
		 3: 
		 4: 
		 5: 
		 6: 
		 7: existing_user[2.6,] 
BB 3
	outgoing: 4 
	datadep: 
	instructions:
		 0: 
BB 4
	outgoing: 5 6 
	datadep: 2 2 
	instructions:
		 0: 
		 1: %self->find_from_hash hash[2.5,] %self[2.0,] 
		 2: %v_3[4.1,] 
		 3: BRANCH %v_3[4.1,] 
BB 5
	outgoing: 8 
	datadep: 2 4 4 4 4 
	instructions:
		 0: 
		 1: auth->assign_account_info hash[2.5,] auth[4.2,] 
		 2: 
		 3: auth->save auth[4.2,] 
		 4: 
		 5: auth[4.2,] 
		 6: RETURN auth[4.2,] 
BB 6
	outgoing: 8 
	datadep: 2 2 3 2 
	instructions:
		 0: 
		 1: %self->create_from_hash hash[2.5,] %self[2.0,] existing_user[3.0,2.6,] 
		 2: RETURN %v_7[6.1,] 
BB 8
	outgoing: 
	datadep: 
	instructions:

SET IRMethod, name = create_from_hash
BB 1
	outgoing: 5 2 
	datadep: 
	instructions:
BB 2
	outgoing: 3 4 
	datadep: 
	instructions:
		 0: 
		 1: 
		 2: 
		 3: 
		 4: 
		 5: 
		 6: 
		 7: existing_user[2.6,] 
BB 3
	outgoing: 4 
	datadep: 
	instructions:
		 0: 
BB 4
	outgoing: 5 
	datadep: 2 
	instructions:
		 0: 
		 1: %self->create %self[2.0,] 
CLOSURE BEGIN: 
BB 1
	outgoing: 6 2 
	datadep: 
	instructions:
BB 2
	outgoing: 3 
	datadep: 
	instructions:
		 0: 
		 1: 
		 2: 
		 3: 
		 4: 
BB 3
	outgoing: 4 6 
	datadep: 2 2 
	instructions:
		 0: 
		 1: authorization->assign_account_info authorization[2.2,] 
		 2: 
		 3: authorization->find_or_create_or_associate_user authorization[2.2,] 
		 4: RETURN %cl_1_4[3.3,] 
BB 4
	outgoing: 6 
	datadep: 
	instructions:
		 0: 
		 1: %cl_1_5[4.0,] 
		 2: RETURN %cl_1_6[4.1,] 
BB 6
	outgoing: 
	datadep: 
	instructions:
CLOSURE END
		 2: RETURN %v_3[4.1,] 
BB 5
	outgoing: 
	datadep: 
	instructions:

SET IRMethod, name = find_from_hash
BB 1
	outgoing: 3 2 
	datadep: 
	instructions:
BB 2
	outgoing: 3 
	datadep: 
	instructions:
		 0: 
		 1: 
		 2: 
		 3: 
		 4: 
		 5: 
		 6: 
		 7: 
		 8: hash[2.5,] %v_3[2.7,] 
		 9: 
		 10: hash[2.5,] %v_5[2.9,] 
		 11: %self->find_by_provider_and_uid %self[2.0,] %v_4[2.8,] %v_6[2.10,] 
		 12: RETURN %v_7[2.11,] 
BB 3
	outgoing: 
	datadep: 
	instructions:

SET IRMethod, name = find_or_create_or_associate_user
BB 1
	outgoing: 11 2 
	datadep: 
	instructions:
BB 2
	outgoing: 3 4 
	datadep: 
	instructions:
		 0: 
		 1: 
		 2: 
		 3: 
		 4: 
		 5: 
		 6: existing_user[2.5,] 
BB 3
	outgoing: 4 
	datadep: 
	instructions:
		 0: 
BB 4
	outgoing: 5 6 
	datadep: 3 2 
	instructions:
		 0: 
		 1: BRANCH existing_user[3.0,2.5,] 
BB 5
	outgoing: 11 
	datadep: 2 3 2 3 2 3 2 
	instructions:
		 0: 
		 1: %self[2.0,] existing_user[3.0,2.5,] 
		 2: existing_user[3.0,2.5,] 
		 3: RETURN existing_user[3.0,2.5,] 
BB 6
	outgoing: 7 8 
	datadep: 2 
	instructions:
		 0: 
		 1: %self->user %self[2.0,] 
		 2: BRANCH %v_4[6.1,] 
BB 7
	outgoing: 9 
	datadep: 2 
	instructions:
		 0: 
		 1: %self->user %self[2.0,] 
		 2: 
BB 8
	outgoing: 9 
	datadep: 2 2 
	instructions:
		 0: 
		 1: (User) 
		 2: %v_6->find_or_create_from_authorization %self[2.0,] %v_6[8.1,] 
		 3: %self[2.0,] %v_7[8.2,] 
		 4: %v_7[8.2,] 
BB 9
	outgoing: 11 
	datadep: 8 7 
	instructions:
		 0: RETURN %v_5[8.4,7.1,] 
BB 11
	outgoing: 
	datadep: 
	instructions:

SET IRMethod, name = allow_destroy?
BB 1
	outgoing: 8 2 
	datadep: 
	instructions:
BB 2
	outgoing: 3 6 
	datadep: 
	instructions:
		 0: 
		 1: 
		 2: 
		 3: 
		 4: 
		 5: 
		 6: %self->user %self[2.0,] 
		 7: %v_3->authorizations %v_3[2.6,] 
		 8: %v_4->count %v_4[2.7,] 
		 9: %v_5[2.8,] 
		 10: BRANCH %v_6[2.9,] 
BB 3
	outgoing: 4 5 
	datadep: 2 
	instructions:
		 0: 
		 1: %self->errors %self[2.0,] 
		 2: 
		 3: %v_7->add %v_8[3.2,] %v_7[3.1,] 
		 4: 
		 5: (ActiveRecord) 
		 6: %v_10[3.5,] 
		 7: %v_11[3.6,] 
BB 4
	outgoing: 5 
	datadep: 3 
	instructions:
		 0: %v_10[3.5,] 
BB 5
	outgoing: 8 
	datadep: 2 4 3 
	instructions:
		 0: %self->raise %self[2.0,] %v_11[4.0,3.6,] 
		 1: RETURN %v_12[5.0,] 
BB 6
	outgoing: 8 
	datadep: 
	instructions:
		 0: RETURN 
BB 8
	outgoing: 
	datadep: 
	instructions:

SET IRMethod, name = assign_account_info
BB 1
	outgoing: 6 2 
	datadep: 
	instructions:
BB 2
	outgoing: 3 4 
	datadep: 
	instructions:
		 0: 
		 1: 
		 2: 
		 3: 
		 4: 
		 5: 
		 6: 
		 7: 
		 8: auth_hash[2.5,] %v_3[2.7,] 
		 9: %self[2.0,] %v_4[2.8,] 
		 10: 
		 11: 
		 12: auth_hash[2.5,] %v_5[2.11,] 
		 13: %self[2.0,2.9,] %v_6[2.12,] 
		 14: 
		 15: 
		 16: auth_hash[2.5,] %v_7[2.15,] 
		 17: 
		 18: %v_8[2.16,] %v_9[2.17,] 
		 19: %self[2.0,2.9,2.13,] %v_10[2.18,] 
		 20: 
		 21: 
		 22: auth_hash[2.5,] %v_11[2.21,] 
		 23: 
		 24: %v_13[2.23,] %v_12[2.22,] 
		 25: %v_14[2.24,] %self[2.0,2.9,2.13,2.19,] 
		 26: 
		 27: 
		 28: auth_hash[2.5,] %v_15[2.27,] 
		 29: 
		 30: %v_16[2.28,] %v_17[2.29,] 
		 31: %self[2.0,2.9,2.13,2.19,2.25,] %v_18[2.30,] 
		 32: 
		 33: 
		 34: auth_hash[2.5,] %v_19[2.33,] 
		 35: 
		 36: %v_20[2.34,] %v_21[2.35,] 
		 37: %self[2.0,2.9,2.13,2.19,2.25,2.31,] %v_22[2.36,] 
		 38: 
		 39: 
		 40: auth_hash[2.5,] %v_23[2.39,] 
		 41: BRANCH %v_24[2.40,] 
BB 3
	outgoing: 6 
	datadep: 2 2 2 2 2 2 2 2 2 
	instructions:
		 0: 
		 1: 
		 2: %v_25[3.1,] auth_hash[2.5,] 
		 3: 
		 4: %v_26[3.2,] %v_27[3.3,] 
		 5: %self[2.0,2.9,2.13,2.19,2.25,2.31,2.37,] %v_28[3.4,] 
		 6: 
		 7: 
		 8: auth_hash[2.5,] %v_29[3.7,] 
		 9: 
		 10: %v_30[3.8,] %v_31[3.9,] 
		 11: %self[3.5,] %v_32[3.10,] 
		 12: RETURN %v_32[3.10,] 
BB 4
	outgoing: 6 
	datadep: 
	instructions:
		 0: RETURN 
BB 6
	outgoing: 
	datadep: 
	instructions:

