SET IRMethod, name = votes_percentage
BB 1
	outgoing: 8 2 
	datadep: 
	instructions:
BB 2
	outgoing: 3 4 
	datadep: 
	instructions:
		 0: 
		 1: 
		 2: 
		 3: 
		 4: 
		 5: 
		 6: precision[2.5,] 
BB 3
	outgoing: 4 
	datadep: 
	instructions:
		 0: 
BB 4
	outgoing: 5 6 
	datadep: 2 
	instructions:
		 0: 
		 1: %self->poll %self[2.0,] 
		 2: %v_3->votes %v_3[4.1,] 
		 3: %v_4->count %v_4[4.2,] 
		 4: %v_5[4.3,] 
		 5: 
		 6: %v_5[4.3,] 
		 7: BRANCH %v_6[4.6,] 
BB 5
	outgoing: 7 
	datadep: 
	instructions:
		 0: 
		 1: 
BB 6
	outgoing: 7 
	datadep: 2 4 
	instructions:
		 0: %self->votes %self[2.0,] 
		 1: %v_8->count %v_8[6.0,] 
		 2: %v_9->to_f %v_9[6.1,] 
		 3: total_votes->to_f total_votes[4.4,] 
		 4: %v_10[6.2,] %v_11[6.3,] 
		 5: %v_12[6.4,] 
		 6: %v_13[6.5,] 
BB 7
	outgoing: 8 
	datadep: 6 5 3 2 6 5 
	instructions:
		 0: %v_7[6.6,5.0,] 
		 1: 
		 2: 
		 3: 
		 4: %v_14[7.2,] %v_15[7.3,] precision[3.0,2.5,] 
		 5: %v_16[7.4,] %v_7[6.6,5.0,] 
		 6: RETURN %v_17[7.5,] 
BB 8
	outgoing: 
	datadep: 
	instructions:

