SET IRMethod, name = find_related_to
BB 1
	outgoing: 5 2 
	datadep: 
	instructions:
BB 2
	outgoing: 3 4 
	datadep: 
	instructions:
		 0: 
		 1: 
		 2: 
		 3: 
		 4: 
		 5: 
		 6: 
		 7: options[2.6,] 
BB 3
	outgoing: 4 
	datadep: 
	instructions:
		 0: 
		 1: %v_3[3.0,] 
BB 4
	outgoing: 5 
	datadep: 2 3 2 3 2 2 3 2 3 2 2 2 
	instructions:
		 0: 
		 1: 
		 2: 
		 3: clipping->id clipping[2.5,] 
		 4: %v_5[4.2,] %v_6[4.3,] 
		 5: %v_4[4.1,] %v_7[4.4,] 
		 6: options->reverse_merge! %v_8[4.5,] options[3.1,2.6,] 
		 7: 
		 8: options[3.1,2.6,] 
		 9: %self->limit %self[2.0,] %v_10[4.8,] 
		 10: options[3.1,2.6,] 
		 11: %v_11->order %v_11[4.9,] %v_12[4.10,] 
		 12: options[3.1,2.6,] 
		 13: %v_13->where %v_13[4.11,] %v_14[4.12,] 
		 14: clipping->tags clipping[2.5,] 
		 15: %v_16->collect %self[2.0,] %v_16[4.14,] 
CLOSURE BEGIN: 
BB 1
	outgoing: 6 2 
	datadep: 
	instructions:
BB 2
	outgoing: 3 
	datadep: 
	instructions:
		 0: 
		 1: 
		 2: 
		 3: 
		 4: 
BB 3
	outgoing: 4 6 
	datadep: 2 
	instructions:
		 0: 
		 1: t->name t[2.2,] 
		 2: RETURN %cl_1_3[3.1,] 
BB 4
	outgoing: 6 
	datadep: 
	instructions:
		 0: 
		 1: %cl_1_4[4.0,] 
		 2: RETURN %cl_1_5[4.1,] 
BB 6
	outgoing: 
	datadep: 
	instructions:
CLOSURE END
		 16: 
		 17: %v_15->tagged_with %v_15[4.13,] %v_17[4.15,] %v_18[4.16,] 
		 18: RETURN %v_19[4.17,] 
BB 5
	outgoing: 
	datadep: 
	instructions:

SET IRMethod, name = find_recent
BB 1
	outgoing: 5 2 
	datadep: 
	instructions:
BB 2
	outgoing: 3 4 
	datadep: 
	instructions:
		 0: 
		 1: 
		 2: 
		 3: 
		 4: 
		 5: 
		 6: options[2.5,] 
BB 3
	outgoing: 4 
	datadep: 
	instructions:
		 0: 
		 1: %v_3[3.0,] 
BB 4
	outgoing: 5 
	datadep: 2 3 2 
	instructions:
		 0: 
		 1: 
		 2: 
		 3: %v_5->ago %v_5[4.2,] 
		 4: %v_6[4.3,] 
		 5: 
		 6: %v_4[4.1,] %v_8[4.5,] %v_7[4.4,] 
		 7: %self->where %self[2.0,] %v_9[4.6,] 
		 8: 
		 9: %v_10->order %v_10[4.7,] %v_11[4.8,] 
		 10: options[3.1,2.5,] 
		 11: %v_12->limit %v_13[4.10,] %v_12[4.9,] 
		 12: RETURN %v_14[4.11,] 
BB 5
	outgoing: 
	datadep: 
	instructions:

SET IRMethod, name = previous_clipping
BB 1
	outgoing: 3 2 
	datadep: 
	instructions:
BB 2
	outgoing: 3 
	datadep: 
	instructions:
		 0: 
		 1: 
		 2: 
		 3: 
		 4: 
		 5: 
		 6: %self->user %self[2.0,] 
		 7: %v_3->clippings %v_3[2.6,] 
		 8: 
		 9: %v_4->order %v_4[2.7,] %v_5[2.8,] 
		 10: 
		 11: %self->created_at %self[2.0,] 
		 12: %v_6->where %v_8[2.11,] %v_6[2.9,] %v_7[2.10,] 
		 13: %v_9->first %v_9[2.12,] 
		 14: RETURN %v_10[2.13,] 
BB 3
	outgoing: 
	datadep: 
	instructions:

SET IRMethod, name = next_clipping
BB 1
	outgoing: 3 2 
	datadep: 
	instructions:
BB 2
	outgoing: 3 
	datadep: 
	instructions:
		 0: 
		 1: 
		 2: 
		 3: 
		 4: 
		 5: 
		 6: %self->user %self[2.0,] 
		 7: %v_3->clippings %v_3[2.6,] 
		 8: 
		 9: %self->created_at %self[2.0,] 
		 10: %v_4->where %v_4[2.7,] %v_5[2.8,] %v_6[2.9,] 
		 11: 
		 12: %v_7->order %v_8[2.11,] %v_7[2.10,] 
		 13: %v_9->first %v_9[2.12,] 
		 14: RETURN %v_10[2.13,] 
BB 3
	outgoing: 
	datadep: 
	instructions:

SET IRMethod, name = owner
BB 1
	outgoing: 3 2 
	datadep: 
	instructions:
BB 2
	outgoing: 3 
	datadep: 
	instructions:
		 0: 
		 1: 
		 2: 
		 3: 
		 4: 
		 5: 
		 6: %self->user %self[2.0,] 
		 7: RETURN %v_3[2.6,] 
BB 3
	outgoing: 
	datadep: 
	instructions:

SET IRMethod, name = image_uri
BB 1
	outgoing: 9 2 
	datadep: 
	instructions:
BB 2
	outgoing: 3 4 
	datadep: 
	instructions:
		 0: 
		 1: 
		 2: 
		 3: 
		 4: 
		 5: 
		 6: size[2.5,] 
BB 3
	outgoing: 4 
	datadep: 
	instructions:
		 0: 
		 1: %v_3[3.0,] 
BB 4
	outgoing: 5 6 
	datadep: 2 
	instructions:
		 0: 
		 1: %self->image %self[2.0,] 
		 2: BRANCH %v_4[4.1,] 
BB 5
	outgoing: 6 
	datadep: 2 3 2 
	instructions:
		 0: %self->image %self[2.0,] 
		 1: %v_5->asset %v_5[5.0,] 
		 2: %v_6->url %v_6[5.1,] size[3.1,2.5,] 
		 3: %v_7[5.2,] 
BB 6
	outgoing: 7 8 
	datadep: 5 4 
	instructions:
		 0: BRANCH %v_4[5.3,4.1,] 
BB 7
	outgoing: 9 
	datadep: 2 
	instructions:
		 0: %self->image_url %self[2.0,] 
		 1: RETURN %v_8[7.0,] 
BB 8
	outgoing: 9 
	datadep: 5 4 
	instructions:
		 0: RETURN %v_4[5.3,4.1,] 
BB 9
	outgoing: 
	datadep: 
	instructions:

SET IRMethod, name = title_for_rss
BB 1
	outgoing: 6 2 
	datadep: 
	instructions:
BB 2
	outgoing: 3 4 
	datadep: 
	instructions:
		 0: 
		 1: 
		 2: 
		 3: 
		 4: 
		 5: 
		 6: %self->description %self[2.0,] 
		 7: %v_3->empty? %v_3[2.6,] 
		 8: BRANCH %v_4[2.7,] 
BB 3
	outgoing: 6 
	datadep: 2 
	instructions:
		 0: %self->created_at %self[2.0,] 
		 1: %v_5->to_formatted_s %v_5[3.0,] 
		 2: RETURN %v_6[3.1,] 
BB 4
	outgoing: 6 
	datadep: 2 
	instructions:
		 0: %self->description %self[2.0,] 
		 1: RETURN %v_7[4.0,] 
BB 6
	outgoing: 
	datadep: 
	instructions:

SET IRMethod, name = has_been_favorited_by
BB 1
	outgoing: 8 2 
	datadep: 
	instructions:
BB 2
	outgoing: 3 4 
	datadep: 
	instructions:
		 0: 
		 1: 
		 2: 
		 3: 
		 4: 
		 5: 
		 6: user[2.5,] 
BB 3
	outgoing: 4 
	datadep: 
	instructions:
		 0: 
BB 4
	outgoing: 5 6 
	datadep: 
	instructions:
		 0: 
		 1: remote_ip[4.0,] 
BB 5
	outgoing: 6 
	datadep: 
	instructions:
		 0: 
BB 6
	outgoing: 8 
	datadep: 2 5 4 3 2 
	instructions:
		 0: 
		 1: (Favorite) 
		 2: %v_3->find_by_user_or_ip_address %self[2.0,] %v_3[6.1,] remote_ip[5.0,4.0,] user[3.0,2.5,] 
		 3: %v_4[6.2,] 
		 4: 
		 5: RETURN %v_4[6.2,] 
BB 8
	outgoing: 
	datadep: 
	instructions:

SET IRMethod, name = add_image
BB 1
	outgoing: 12 2 
	datadep: 
	instructions:
BB 2
	outgoing: 4 
	datadep: 
	instructions:
		 0: 
		 1: 
		 2: 
		 3: 
		 4: 
		 5: 
		 6: 
BB 4
	outgoing: 5 6 
	datadep: 2 2 2 
	instructions:
		 0: 
		 1: 
		 2: (ClippingImage) 
		 3: %v_6->new %v_6[4.2,] 
		 4: %v_7[4.3,] 
		 5: 
		 6: %self->image_url %self[2.0,] 
		 7: clipping_image->data_from_url clipping_image[4.4,] %v_8[4.6,] 
		 8: %v_9[4.7,] 
		 9: 
		 10: clipping_image[4.4,] %v_9[4.7,] 
		 11: 
		 12: %self[2.0,] clipping_image[4.4,4.10,] 
		 13: clipping_image[4.4,4.10,] 
		 14: 
		 15: %v_3[2.6,] 
BB 5
	outgoing: 11 
	datadep: 
	instructions:
		 0: 
BB 6
	outgoing: 7 8 10 
	datadep: 
	instructions:
		 0: 
		 1: 
		 2: %v_10[6.1,] 
		 3: BRANCH %v_11[6.2,] 
BB 7
	outgoing: 10 12 
	datadep: 6 
	instructions:
		 0: %v_10[6.1,] 
BB 8
	outgoing: 9 10 
	datadep: 2 
	instructions:
		 0: 
		 1: 
		 2: 
		 3: %v_3[2.6,] 
BB 9
	outgoing: 11 
	datadep: 
	instructions:
		 0: 
BB 10
	outgoing: 12 
	datadep: 2 
	instructions:
		 0: 
		 1: %v_3[2.6,] %v_12[10.0,] 
		 2: %v_12[10.0,] 
BB 11
	outgoing: 12 
	datadep: 4 8 
	instructions:
		 0: RETURN %v_5[4.13,8.1,] 
BB 12
	outgoing: 
	datadep: 
	instructions:

SET IRMethod, name = save_image
BB 1
	outgoing: 8 2 
	datadep: 
	instructions:
BB 2
	outgoing: 3 4 
	datadep: 
	instructions:
		 0: 
		 1: 
		 2: 
		 3: 
		 4: 
		 5: 
		 6: %self->valid? %self[2.0,] 
		 7: BRANCH %v_3[2.6,] 
BB 3
	outgoing: 4 
	datadep: 2 
	instructions:
		 0: %self->image %self[2.0,] 
		 1: %v_4[3.0,] 
BB 4
	outgoing: 5 6 
	datadep: 3 2 
	instructions:
		 0: BRANCH %v_3[3.1,2.6,] 
BB 5
	outgoing: 8 
	datadep: 2 2 2 
	instructions:
		 0: 
		 1: %self->image %self[2.0,] 
		 2: %self[2.0,] %v_5[5.1,] 
		 3: 
		 4: %self->image %self[2.0,] 
		 5: %v_6->save %v_6[5.4,] 
		 6: RETURN %v_7[5.5,] 
BB 6
	outgoing: 8 
	datadep: 
	instructions:
		 0: RETURN 
BB 8
	outgoing: 
	datadep: 
	instructions:

