SET IRMethod, name = update_counter_on_favoritable
BB 1
	outgoing: 8 2 
	datadep: 
	instructions:
BB 2
	outgoing: 3 4 
	datadep: 
	instructions:
		 0: def_%self 
		 1: def_%v_0 
		 2: def_%current_scope 
		 3: def_%current_module 
		 4: 
		 5: 
		 6: def_%v_3 %self->favoritable %self[2.0,] 
		 7: BRANCH %v_3[2.6,] 
BB 3
	outgoing: 4 
	datadep: 
	instructions:
		 0: def_%v_4 %self->favoritable %self[2.0,] 
		 1: def_%v_5 %v_4->respond_to? %v_4[3.0,] 
		 2: def_%v_3 %v_5[3.1,] 
BB 4
	outgoing: 5 6 
	datadep: 
	instructions:
		 0: BRANCH %v_3[3.2,2.6,] 
BB 5
	outgoing: 8 
	datadep: 
	instructions:
		 0: 
		 1: def_%v_6 %self->favoritable %self[2.0,] 
		 2: def_%v_7 %self->favoritable %self[5.1,2.0,] 
		 3: def_%v_8 %v_7->favorites %v_7[5.2,] 
		 4: def_%v_9 %v_8->count %v_8[5.3,] 
		 5: def_%v_10 %v_9->to_s %v_9[5.4,] 
		 6: def_%v_11 %v_6->update_attribute %v_6[5.1,] %v_10[5.5,] 
		 7: RETURN %v_11[5.6,] 
BB 6
	outgoing: 8 
	datadep: 
	instructions:
		 0: RETURN 
BB 8
	outgoing: 
	datadep: 
	instructions:

SET IRMethod, name = find_favorites_by_user
BB 1
	outgoing: 3 2 
	datadep: 
	instructions:
BB 2
	outgoing: 3 
	datadep: 
	instructions:
		 0: def_%self 
		 1: def_%v_0 
		 2: def_%current_scope 
		 3: def_%current_module 
		 4: 
		 5: def_user RECEIVEARG 
		 6: 
		 7: def_%v_3 
		 8: def_%v_4 user->id user[2.5,] 
		 9: def_%v_5 %self->where %self[2.0,] %v_3[2.7,] %v_4[2.8,] 
		 10: def_%v_6 
		 11: def_%v_7 %v_5->order %v_5[2.9,] %v_6[2.10,] 
		 12: RETURN %v_7[2.11,] 
BB 3
	outgoing: 
	datadep: 
	instructions:

SET IRMethod, name = find_by_user_or_ip_address
BB 1
	outgoing: 20 2 
	datadep: 
	instructions:
BB 2
	outgoing: 3 4 
	datadep: 
	instructions:
		 0: def_%self 
		 1: def_%v_0 
		 2: def_%current_scope 
		 3: def_%current_module 
		 4: 
		 5: def_favoritable 
		 6: favoritable[2.5,] 
BB 3
	outgoing: 4 
	datadep: 
	instructions:
		 0: def_favoritable 
BB 4
	outgoing: 5 6 
	datadep: 
	instructions:
		 0: def_user 
		 1: user[4.0,] 
BB 5
	outgoing: 6 
	datadep: 
	instructions:
		 0: def_user 
BB 6
	outgoing: 7 8 
	datadep: 
	instructions:
		 0: def_remote_ip 
		 1: remote_ip[6.0,] 
BB 7
	outgoing: 8 
	datadep: 
	instructions:
		 0: def_remote_ip 
BB 8
	outgoing: 9 12 
	datadep: 
	instructions:
		 0: 
		 1: def_%v_3 favoritable[3.0,2.5,] 
		 2: BRANCH favoritable[3.0,2.5,] 
BB 9
	outgoing: 10 11 
	datadep: 
	instructions:
		 0: def_%v_4 user[5.0,4.0,] 
		 1: BRANCH user[5.0,4.0,] 
BB 10
	outgoing: 11 
	datadep: 
	instructions:
		 0: def_%v_4 remote_ip[7.0,6.0,] 
BB 11
	outgoing: 12 
	datadep: 
	instructions:
		 0: def_%v_3 %v_4[10.0,9.0,] 
BB 12
	outgoing: 13 14 
	datadep: 
	instructions:
		 0: BRANCH %v_3[11.0,8.1,] 
BB 13
	outgoing: 16 17 
	datadep: 
	instructions:
		 0: def_%v_5 
		 1: 
		 2: BRANCH user[5.0,4.0,] 
BB 14
	outgoing: 20 
	datadep: 
	instructions:
		 0: RETURN 
BB 16
	outgoing: 18 
	datadep: 
	instructions:
		 0: 
		 1: def_%v_6 
		 2: def_%v_7 user->id user[5.0,4.0,] 
		 3: def_%v_8 favoritable->class favoritable[3.0,2.5,] 
		 4: def_%v_9 %v_8->to_s %v_8[16.3,] 
		 5: def_%v_10 favoritable->id favoritable[16.3,3.0,2.5,] 
		 6: def_%v_11 %self->where %self[2.0,] %v_6[16.1,] %v_7[16.2,] %v_9[16.4,] %v_10[16.5,] 
		 7: def_%v_12 %v_11->first %v_11[16.6,] 
		 8: def_favorite %v_12[16.7,] 
		 9: 
BB 17
	outgoing: 18 
	datadep: 
	instructions:
		 0: 
		 1: def_%v_13 
		 2: def_%v_14 favoritable->class favoritable[3.0,2.5,] 
		 3: def_%v_15 %v_14->to_s %v_14[17.2,] 
		 4: def_%v_16 favoritable->id favoritable[17.2,3.0,2.5,] 
		 5: def_%v_17 %self->where %self[2.0,] %v_13[17.1,] remote_ip[7.0,6.0,] %v_15[17.3,] %v_16[17.4,] 
		 6: def_%v_18 %v_17->first %v_17[17.5,] 
		 7: def_favorite %v_18[17.6,] 
		 8: def_%v_12 %v_18[17.6,] 
BB 18
	outgoing: 20 
	datadep: 
	instructions:
		 0: 
		 1: RETURN favorite[17.7,16.8,] 
BB 20
	outgoing: 
	datadep: 
	instructions:

