SET IRMethod, name = destroy_by_user_with_reason
BB 1
	outgoing: 3 2 
	datadep: 
	instructions:
BB 2
	outgoing: 3 
	datadep: 
	instructions:
		 0: 
		 1: 
		 2: 
		 3: 
		 4: 
		 5: 
		 6: 
		 7: 
		 8: (Moderation) 
		 9: %v_3->new %v_3[2.8,] 
		 10: %v_4[2.9,] 
		 11: 
		 12: %self->user_id %self[2.0,] 
		 13: m[2.10,] %v_5[2.12,] 
		 14: 
		 15: user->id user[2.5,] 
		 16: m[2.10,2.13,] %v_6[2.15,] 
		 17: 
		 18: 
		 19: %self->hat %self[2.0,] 
		 20: 
		 21: reason[2.6,] %v_8[2.19,] %v_9[2.20,] %v_7[2.18,] 
		 22: m[2.10,2.13,2.16,] %v_10[2.21,] 
		 23: 
		 24: m->save! m[2.10,2.13,2.16,2.22,] 
		 25: 
		 26: %self->destroy %self[2.0,] 
		 27: RETURN %v_12[2.26,] 
BB 3
	outgoing: 
	datadep: 
	instructions:

SET IRMethod, name = to_html_label
BB 1
	outgoing: 16 2 
	datadep: 
	instructions:
BB 2
	outgoing: 3 4 
	datadep: 
	instructions:
		 0: 
		 1: 
		 2: 
		 3: 
		 4: 
		 5: 
		 6: %self->link %self[2.0,] 
		 7: %v_3->present? %v_3[2.6,] 
		 8: BRANCH %v_4[2.7,] 
BB 3
	outgoing: 4 
	datadep: 2 
	instructions:
		 0: %self->link %self[2.0,] 
		 1: 
		 2: %v_5->match %v_5[3.0,] 
		 3: %v_7[3.2,] 
BB 4
	outgoing: 5 6 
	datadep: 3 2 2 2 2 2 
	instructions:
		 0: %v_4[3.3,2.7,] 
		 1: 
		 2: 
		 3: 
		 4: %self->granted_by_user %self[2.0,2.0,] 
		 5: %v_9->username %v_9[4.4,] 
		 6: 
		 7: %v_10[4.5,] %v_11[4.6,] 
		 8: %v_8[4.2,] %v_12[4.7,] 
		 9: 
		 10: %self->created_at %self[2.0,2.0,] 
		 11: 
		 12: %v_14->strftime %v_14[4.10,] %v_15[4.11,] 
		 13: %v_16[4.12,] 
		 14: %v_13[4.8,] %v_17[4.13,] 
		 15: %v_18[4.14,] 
		 16: 
		 17: hl->! hl[4.0,] 
		 18: BRANCH %v_19[4.17,] 
BB 5
	outgoing: 6 
	datadep: 2 2 
	instructions:
		 0: %self->link %self[2.0,2.0,] 
		 1: %v_20->present? %v_20[5.0,] 
		 2: %v_21[5.1,] 
BB 6
	outgoing: 7 8 
	datadep: 5 4 
	instructions:
		 0: BRANCH %v_19[5.2,4.17,] 
BB 7
	outgoing: 9 
	datadep: 2 2 2 2 4 4 
	instructions:
		 0: 
		 1: 
		 2: %self->link %self[2.0,2.0,2.0,2.0,] 
		 3: %v_22[7.1,] %v_23[7.2,] 
		 4: %v_24[7.3,] h[4.15,4.15,] 
		 5: 
BB 8
	outgoing: 9 
	datadep: 
	instructions:
		 0: 
BB 9
	outgoing: 10 11 
	datadep: 4 4 4 4 4 4 4 4 
	instructions:
		 0: 
		 1: 
		 2: %v_26[9.1,] h[4.15,4.15,4.15,4.15,] 
		 3: 
		 4: %v_27[9.2,] %v_28[9.3,] 
		 5: 
		 6: BRANCH hl[4.0,4.0,4.0,4.0,] 
BB 10
	outgoing: 12 
	datadep: 2 2 2 2 2 2 4 4 4 4 
	instructions:
		 0: 
		 1: 
		 2: %self->link %self[2.0,2.0,2.0,2.0,2.0,2.0,] 
		 3: 
		 4: %v_30[10.1,] %v_31[10.2,] %v_32[10.3,] 
		 5: h[4.15,4.15,4.15,4.15,] %v_33[10.4,] 
		 6: 
BB 11
	outgoing: 12 
	datadep: 
	instructions:
		 0: 
BB 12
	outgoing: 13 14 
	datadep: 2 2 2 2 2 2 2 2 2 2 4 4 4 4 4 4 4 4 4 4 4 4 4 4 4 4 
	instructions:
		 0: 
		 1: %self->hat %self[2.0,2.0,2.0,2.0,2.0,2.0,2.0,2.0,2.0,2.0,] 
		 2: %v_35[12.1,] h[4.15,4.15,4.15,4.15,4.15,4.15,4.15,4.15,] 
		 3: 
		 4: BRANCH hl[4.0,4.0,4.0,4.0,4.0,4.0,4.0,4.0,] 
BB 13
	outgoing: 15 
	datadep: 4 4 4 4 4 4 4 4 
	instructions:
		 0: 
		 1: 
		 2: %v_37[13.1,] h[4.15,4.15,4.15,4.15,4.15,4.15,4.15,4.15,] 
		 3: 
BB 14
	outgoing: 15 
	datadep: 
	instructions:
		 0: 
BB 15
	outgoing: 16 
	datadep: 4 4 4 4 4 4 4 4 4 4 4 4 4 4 4 4 4 4 4 4 4 4 4 4 4 4 4 4 4 4 4 4 
	instructions:
		 0: 
		 1: 
		 2: %v_39[15.1,] h[4.15,4.15,4.15,4.15,4.15,4.15,4.15,4.15,4.15,4.15,4.15,4.15,4.15,4.15,4.15,4.15,] 
		 3: 
		 4: h->html_safe h[4.15,4.15,4.15,4.15,4.15,4.15,4.15,4.15,4.15,4.15,4.15,4.15,4.15,4.15,4.15,4.15,] 
		 5: RETURN %v_41[15.4,] 
BB 16
	outgoing: 
	datadep: 
	instructions:

SET IRMethod, name = log_moderation
BB 1
	outgoing: 6 2 
	datadep: 
	instructions:
BB 2
	outgoing: 3 4 
	datadep: 
	instructions:
		 0: 
		 1: 
		 2: 
		 3: 
		 4: 
		 5: 
		 6: (Moderation) 
		 7: %v_3->new %v_3[2.6,] 
		 8: %v_4[2.7,] 
		 9: 
		 10: %self->created_at %self[2.0,] 
		 11: m[2.8,] %v_5[2.10,] 
		 12: 
		 13: %self->user_id %self[2.0,] 
		 14: m[2.8,2.11,] %v_6[2.13,] 
		 15: 
		 16: %self->granted_by_user_id %self[2.0,] 
		 17: m[2.8,2.11,2.14,] %v_7[2.16,] 
		 18: 
		 19: 
		 20: %self->hat %self[2.0,] 
		 21: 
		 22: %v_8[2.19,] %v_9[2.20,] %v_10[2.21,] 
		 23: %self->link %self[2.0,] 
		 24: %v_12->present? %v_12[2.23,] 
		 25: BRANCH %v_13[2.24,] 
BB 3
	outgoing: 5 
	datadep: 2 
	instructions:
		 0: 
		 1: 
		 2: %self->link %self[2.0,] 
		 3: 
		 4: %v_14[3.0,] %v_15[3.2,] %v_16[3.3,] 
		 5: 
BB 4
	outgoing: 5 
	datadep: 
	instructions:
		 0: 
		 1: %v_18[4.0,] 
BB 5
	outgoing: 6 
	datadep: 4 3 2 2 2 2 2 2 2 2 2 2 
	instructions:
		 0: %v_17[4.1,3.4,] %v_11[2.22,2.22,] 
		 1: m[2.8,2.11,2.14,2.17,2.8,2.11,2.14,2.17,] %v_19[5.0,] 
		 2: 
		 3: m->save m[5.1,] 
		 4: RETURN %v_20[5.3,] 
BB 6
	outgoing: 
	datadep: 
	instructions:

