SET IRMethod, name = read
BB 1
	outgoing: 8 2 
	datadep: 
	instructions:
BB 2
	outgoing: 3 4 
	datadep: 
	instructions:
		 0: 
		 1: 
		 2: 
		 3: 
		 4: 
		 5: 
		 6: 
		 7: 
		 8: %self->reader %self[2.0,] reader[2.6,] 
		 9: %v_3->find id[2.5,] %v_3[2.8,] 
		 10: %v_4[2.9,] 
		 11: 
		 12: %v_4->read_at %v_4[2.9,] 
		 13: %v_5->nil? %v_5[2.12,] 
		 14: BRANCH %v_6[2.13,] 
BB 3
	outgoing: 4 
	datadep: 2 2 
	instructions:
		 0: message->recipient message[2.10,] 
		 1: reader[2.6,] %v_7[3.0,] 
		 2: %v_8[3.1,] 
BB 4
	outgoing: 5 6 
	datadep: 3 2 
	instructions:
		 0: BRANCH %v_6[3.2,2.13,] 
BB 5
	outgoing: 7 
	datadep: 2 
	instructions:
		 0: 
		 1: (Time) 
		 2: %v_9->now %v_9[5.1,] 
		 3: message[2.10,] %v_10[5.2,] 
		 4: 
		 5: message->save! message[5.3,] 
		 6: 
BB 6
	outgoing: 7 
	datadep: 
	instructions:
		 0: 
BB 7
	outgoing: 8 
	datadep: 5 2 
	instructions:
		 0: 
		 1: RETURN message[5.3,2.10,] 
BB 8
	outgoing: 
	datadep: 
	instructions:

SET IRMethod, name = read?
BB 1
	outgoing: 6 2 
	datadep: 
	instructions:
BB 2
	outgoing: 3 4 
	datadep: 
	instructions:
		 0: 
		 1: 
		 2: 
		 3: 
		 4: 
		 5: 
		 6: %self->read_at %self[2.0,] 
		 7: %v_3->nil? %v_3[2.6,] 
		 8: BRANCH %v_4[2.7,] 
BB 3
	outgoing: 6 
	datadep: 
	instructions:
		 0: 
		 1: RETURN %v_5[3.0,] 
BB 4
	outgoing: 6 
	datadep: 
	instructions:
		 0: RETURN 
BB 6
	outgoing: 
	datadep: 
	instructions:

SET IRMethod, name = mark_deleted
BB 1
	outgoing: 14 2 
	datadep: 
	instructions:
BB 2
	outgoing: 3 4 
	datadep: 
	instructions:
		 0: 
		 1: 
		 2: 
		 3: 
		 4: 
		 5: 
		 6: 
		 7: %self->sender %self[2.0,] 
		 8: %v_3[2.7,] user[2.5,] 
		 9: BRANCH %v_4[2.8,] 
BB 3
	outgoing: 5 
	datadep: 2 
	instructions:
		 0: %self[2.0,] 
		 1: 
		 2: 
BB 4
	outgoing: 5 
	datadep: 
	instructions:
		 0: 
BB 5
	outgoing: 6 7 
	datadep: 3 2 2 
	instructions:
		 0: 
		 1: %self->recipient %self[3.0,2.0,] 
		 2: %v_6[5.1,] user[2.5,] 
		 3: BRANCH %v_7[5.2,] 
BB 6
	outgoing: 8 
	datadep: 3 2 
	instructions:
		 0: %self[3.0,2.0,] 
		 1: 
		 2: 
BB 7
	outgoing: 8 
	datadep: 
	instructions:
		 0: 
BB 8
	outgoing: 9 10 
	datadep: 6 3 2 
	instructions:
		 0: 
		 1: %self->sender_deleted %self[6.0,3.0,2.0,] 
		 2: BRANCH %v_9[8.1,] 
BB 9
	outgoing: 10 
	datadep: 6 3 2 
	instructions:
		 0: %self->recipient_deleted %self[6.0,3.0,2.0,] 
		 1: %v_10[9.0,] 
BB 10
	outgoing: 11 12 
	datadep: 9 8 
	instructions:
		 0: BRANCH %v_9[9.1,8.1,] 
BB 11
	outgoing: 14 
	datadep: 6 3 2 
	instructions:
		 0: %self->destroy %self[6.0,3.0,2.0,] 
		 1: RETURN %v_11[11.0,] 
BB 12
	outgoing: 14 
	datadep: 6 3 2 
	instructions:
		 0: %self->save! %self[6.0,3.0,2.0,] 
		 1: RETURN %v_12[12.0,] 
BB 14
	outgoing: 
	datadep: 
	instructions:

SET IRMethod, name = ensure_not_sending_to_self
BB 1
	outgoing: 8 2 
	datadep: 
	instructions:
BB 2
	outgoing: 3 4 
	datadep: 
	instructions:
		 0: 
		 1: 
		 2: 
		 3: 
		 4: 
		 5: 
		 6: %self->recipient %self[2.0,] 
		 7: BRANCH %v_3[2.6,] 
BB 3
	outgoing: 4 
	datadep: 2 2 
	instructions:
		 0: %self->recipient %self[2.0,] 
		 1: %self->sender %self[2.0,] 
		 2: %v_4->eql? %v_4[3.0,] %v_5[3.1,] 
		 3: %v_6[3.2,] 
BB 4
	outgoing: 5 6 
	datadep: 3 2 
	instructions:
		 0: BRANCH %v_3[3.3,2.6,] 
BB 5
	outgoing: 8 
	datadep: 2 
	instructions:
		 0: %self->errors %self[2.0,] 
		 1: 
		 2: %v_7->add %v_8[5.1,] %v_7[5.0,] 
		 3: RETURN %v_9[5.2,] 
BB 6
	outgoing: 8 
	datadep: 
	instructions:
		 0: RETURN 
BB 8
	outgoing: 
	datadep: 
	instructions:

SET IRMethod, name = notify_recipient
BB 1
	outgoing: 3 2 
	datadep: 
	instructions:
BB 2
	outgoing: 3 
	datadep: 
	instructions:
		 0: 
		 1: 
		 2: 
		 3: 
		 4: 
		 5: 
		 6: (UserNotifier) 
		 7: %v_3->message_notification %self[2.0,] %v_3[2.6,] 
		 8: %v_4->deliver %v_4[2.7,] 
		 9: RETURN %v_5[2.8,] 
BB 3
	outgoing: 
	datadep: 
	instructions:

SET IRMethod, name = update_message_threads
BB 1
	outgoing: 10 2 
	datadep: 
	instructions:
BB 2
	outgoing: 3 4 
	datadep: 
	instructions:
		 0: 
		 1: 
		 2: 
		 3: 
		 4: 
		 5: 
		 6: (MessageThread) 
		 7: %self->recipient_id %self[2.0,] 
		 8: %self->parent_id %self[2.0,] 
		 9: BRANCH %v_5[2.8,] 
BB 3
	outgoing: 4 
	datadep: 2 
	instructions:
		 0: %self->id %self[2.0,] 
		 1: %v_6[3.0,] 
BB 4
	outgoing: 5 6 
	datadep: 2 3 2 2 2 2 2 2 
	instructions:
		 0: %v_4[2.7,] %v_5[3.1,2.8,] 
		 1: %v_3->find_or_create_by %v_3[2.6,] %v_7[4.0,] 
		 2: %v_8[4.1,] 
		 3: 
		 4: %self->sender %self[2.0,] 
		 5: %v_9[4.4,] recipients_thread[4.2,] 
		 6: 
		 7: %self->recipient %self[2.0,] 
		 8: recipients_thread[4.2,4.5,] %v_10[4.7,] 
		 9: 
		 10: %self[2.0,] recipients_thread[4.2,4.5,4.8,] 
		 11: 
		 12: %self->parent %self[2.0,] 
		 13: BRANCH %v_11[4.12,] 
BB 5
	outgoing: 6 
	datadep: 2 
	instructions:
		 0: %self[2.0,] 
BB 6
	outgoing: 7 8 
	datadep: 4 4 4 4 5 4 2 
	instructions:
		 0: recipients_thread[4.2,4.5,4.8,4.10,] %v_11[5.0,4.12,] 
		 1: 
		 2: recipients_thread->save recipients_thread[6.0,] 
		 3: 
		 4: %self->parent %self[2.0,] 
		 5: BRANCH %v_13[6.4,] 
BB 7
	outgoing: 10 
	datadep: 2 2 2 
	instructions:
		 0: 
		 1: (MessageThread) 
		 2: %self->sender_id %self[2.0,] 
		 3: %self->parent_id %self[2.0,] 
		 4: %v_15[7.2,] %v_16[7.3,] 
		 5: %v_14->find_or_create_by %v_14[7.1,] %v_17[7.4,] 
		 6: %v_18[7.5,] 
		 7: 
		 8: %self[2.0,] %v_18[7.5,] 
		 9: 
		 10: senders_thread->save senders_thread[7.6,] 
		 11: RETURN %v_19[7.10,] 
BB 8
	outgoing: 10 
	datadep: 
	instructions:
		 0: RETURN 
BB 10
	outgoing: 
	datadep: 
	instructions:

SET IRMethod, name = new_reply
BB 1
	outgoing: 15 2 
	datadep: 
	instructions:
BB 2
	outgoing: 3 4 
	datadep: 
	instructions:
		 0: 
		 1: 
		 2: 
		 3: 
		 4: 
		 5: 
		 6: 
		 7: message_thread[2.6,] 
BB 3
	outgoing: 4 
	datadep: 
	instructions:
		 0: 
BB 4
	outgoing: 5 6 
	datadep: 
	instructions:
		 0: 
		 1: params[4.0,] 
BB 5
	outgoing: 6 
	datadep: 
	instructions:
		 0: 
		 1: %v_3[5.0,] 
BB 6
	outgoing: 7 10 
	datadep: 5 4 2 5 4 
	instructions:
		 0: 
		 1: params[5.1,4.0,] 
		 2: %self->new %self[2.0,] %v_4[6.1,] 
		 3: %v_5[6.2,] 
		 4: 
		 5: params[5.1,4.0,] 
		 6: BRANCH %v_6[6.5,] 
BB 7
	outgoing: 8 9 
	datadep: 6 
	instructions:
		 0: message->to message[6.3,] 
		 1: BRANCH %v_7[7.0,] 
BB 8
	outgoing: 9 
	datadep: 5 4 6 
	instructions:
		 0: params[5.1,4.0,] 
		 1: %v_9[8.0,] message[6.3,] 
		 2: %v_9[8.0,] 
BB 9
	outgoing: 11 
	datadep: 
	instructions:
		 0: 
BB 10
	outgoing: 11 
	datadep: 
	instructions:
		 0: 
BB 11
	outgoing: 12 13 
	datadep: 3 2 
	instructions:
		 0: 
		 1: BRANCH message_thread[3.0,2.6,] 
BB 12
	outgoing: 14 
	datadep: 3 2 6 3 2 3 2 3 2 2 2 
	instructions:
		 0: 
		 1: message_thread->parent_message message_thread[3.0,2.6,] 
		 2: message[6.3,] %v_10[12.1,] 
		 3: 
		 4: message_thread->message message_thread[3.0,2.6,] 
		 5: message[12.2,] %v_11[12.4,] 
		 6: 
		 7: message_thread->sender message_thread[3.0,2.6,] 
		 8: %v_12->login %v_12[12.7,] 
		 9: %v_13[12.8,] message[12.2,12.5,] 
		 10: 
		 11: message_thread->parent_message message_thread[3.0,2.6,] 
		 12: %v_14->subject %v_14[12.11,] 
		 13: %v_15[12.12,] message[12.2,12.5,12.9,] 
		 14: 
		 15: sender[2.5,] message[12.2,12.5,12.9,12.13,] 
		 16: sender[2.5,] 
		 17: 
BB 13
	outgoing: 14 
	datadep: 
	instructions:
		 0: 
BB 14
	outgoing: 15 
	datadep: 12 12 12 12 12 6 
	instructions:
		 0: 
		 1: RETURN message[12.2,12.5,12.9,12.13,12.15,6.3,] 
BB 15
	outgoing: 
	datadep: 
	instructions:

