SET IRMethod, name = monitor_topic
BB 1
	outgoing: 9 2 
	datadep: 
	instructions:
BB 2
	outgoing: 3 4 
	datadep: 
	instructions:
		 0: def_%self 
		 1: def_%v_0 
		 2: COPY def_%current_scope 
		 3: COPY def_%current_module 
		 4: 
		 5: 
		 6: %self->user def_%v_3 %self[2.0,] 	 ARGS:
		 7: BRANCH %v_3[2.6,] 
BB 3
	outgoing: 6 7 
	datadep: 
	instructions:
		 0: COPY def_%v_4 
		 1: 
		 2: (Monitorship) def_%v_5 
		 3: %self->user def_%v_6 %self[2.0,] 	 ARGS:
		 4: %v_6->id def_%v_7 %v_6[3.3,] 	 ARGS:
		 5: %self->topic def_%v_8 %self[3.3,2.0,] 	 ARGS:
		 6: %v_8->id def_%v_9 %v_8[3.5,] 	 ARGS:
		 7: HASH-user_id-topic_id- def_%v_10 %v_7[3.4,] %v_9[3.6,] 
		 8: %v_5->where def_%v_11 %v_5[3.2,] %v_10[3.7,] 	 ARGS:%v_10,
		 9: %v_11->first_or_initialize def_%v_12 %v_11[3.8,] 	 ARGS:
		 10: COPY def_monitorship %v_12[3.9,] 
		 11: 
		 12: %v_12->new_record? def_%v_13 %v_12[3.9,] 	 ARGS:
		 13: BRANCH %v_13[3.12,] 
BB 4
	outgoing: 9 
	datadep: 
	instructions:
		 0: RETURN %self[2.0,] 
BB 6
	outgoing: 9 
	datadep: 
	instructions:
		 0: 
		 1: monitorship->update_attribute def_%v_14 monitorship[3.10,] 	 ARGS:Symbol,Boolean,
		 2: RETURN %v_14[6.1,] %self[2.0,] 
BB 7
	outgoing: 9 
	datadep: 
	instructions:
		 0: RETURN %self[2.0,] 
BB 9
	outgoing: 
	datadep: 
	instructions:

SET IRMethod, name = notify_monitoring_users
BB 1
	outgoing: 3 2 
	datadep: 
	instructions:
BB 2
	outgoing: 3 
	datadep: 
	instructions:
		 0: def_%self 
		 1: def_%v_0 
		 2: COPY def_%current_scope 
		 3: COPY def_%current_module 
		 4: 
		 5: 
		 6: %self->topic def_%v_3 %self[2.0,] 	 ARGS:
		 7: %v_3->notify_of_new_post def_%v_4 %v_3[2.6,] %self[2.0,2.6,] 	 ARGS:%self,
		 8: RETURN %v_4[2.7,] %self[2.0,2.6,] 
BB 3
	outgoing: 
	datadep: 
	instructions:

SET IRMethod, name = editable_by?
BB 1
	outgoing: 9 2 
	datadep: 
	instructions:
BB 2
	outgoing: 3 8 
	datadep: 
	instructions:
		 0: def_%self 
		 1: def_%v_0 
		 2: COPY def_%current_scope 
		 3: COPY def_%current_module 
		 4: 
		 5: RECEIVEARG def_user 
		 6: 
		 7: COPY def_%v_3 user[2.5,] 
		 8: BRANCH user[2.5,] 
BB 3
	outgoing: 4 5 
	datadep: 
	instructions:
		 0: user->id def_%v_4 user[2.5,] 	 ARGS:
		 1: %self->user_id def_%v_5 %self[2.0,] 	 ARGS:
		 2: %v_4->== def_%v_6 %v_4[3.0,] %v_5[3.1,] 	 ARGS:%v_5,
		 3: BRANCH %v_6[3.2,] 
BB 4
	outgoing: 5 
	datadep: 
	instructions:
		 0: user->admin? def_%v_7 user[2.5,] 	 ARGS:
		 1: COPY def_%v_6 %v_7[4.0,] 
BB 5
	outgoing: 6 7 
	datadep: 
	instructions:
		 0: BRANCH %v_6[4.1,3.2,] 
BB 6
	outgoing: 7 
	datadep: 
	instructions:
		 0: %self->topic def_%v_8 %self[2.0,] 	 ARGS:
		 1: %v_8->forum_id def_%v_9 %v_8[6.0,] 	 ARGS:
		 2: user->moderator_of? def_%v_10 user[2.5,] %v_9[6.1,] 	 ARGS:%v_9,
		 3: COPY def_%v_6 %v_10[6.2,] 
BB 7
	outgoing: 9 
	datadep: 
	instructions:
		 0: RETURN %v_6[6.3,4.1,3.2,] %self[2.0,] 
BB 8
	outgoing: 9 
	datadep: 
	instructions:
		 0: RETURN %v_3[2.7,] %self[2.0,] 
BB 9
	outgoing: 
	datadep: 
	instructions:

SET IRMethod, name = username
BB 1
	outgoing: 9 2 
	datadep: 
	instructions:
BB 2
	outgoing: 3 4 
	datadep: 
	instructions:
		 0: def_%self 
		 1: def_%v_0 
		 2: COPY def_%current_scope 
		 3: COPY def_%current_module 
		 4: 
		 5: 
		 6: %self->user def_%v_3 %self[2.0,] 	 ARGS:
		 7: BRANCH %v_3[2.6,] 
BB 3
	outgoing: 9 
	datadep: 
	instructions:
		 0: %self->user def_%v_4 %self[2.0,] 	 ARGS:
		 1: %v_4->login def_%v_5 %v_4[3.0,] 	 ARGS:
		 2: RETURN %v_5[3.1,] %self[3.0,2.0,] 
BB 4
	outgoing: 5 6 
	datadep: 
	instructions:
		 0: %self->author_name def_%v_6 %self[2.0,] 	 ARGS:
		 1: %v_6->blank? def_%v_7 %v_6[4.0,] 	 ARGS:
		 2: BRANCH %v_7[4.1,] 
BB 5
	outgoing: 7 
	datadep: 
	instructions:
		 0: def_%v_8 	 ARGS:
		 1: 
BB 6
	outgoing: 7 
	datadep: 
	instructions:
		 0: %self->author_name def_%v_9 %self[2.0,] 	 ARGS:
		 1: COPY def_%v_8 %v_9[6.0,] 
BB 7
	outgoing: 9 
	datadep: 
	instructions:
		 0: RETURN %v_8[6.1,5.0,] %self[2.0,] 
BB 9
	outgoing: 
	datadep: 
	instructions:

SET IRMethod, name = check_spam
BB 1
	outgoing: 8 2 
	datadep: 
	instructions:
BB 2
	outgoing: 3 4 
	datadep: 
	instructions:
		 0: def_%self 
		 1: def_%v_0 
		 2: COPY def_%current_scope 
		 3: COPY def_%current_module 
		 4: 
		 5: 
		 6: %self->configatron def_%v_3 %self[2.0,] 	 ARGS:
		 7: %v_3->has_key? def_%v_4 %v_3[2.6,] 	 ARGS:Symbol,
		 8: BRANCH %v_4[2.7,] 
BB 3
	outgoing: 4 
	datadep: 
	instructions:
		 0: %self->spam? def_%v_5 %self[2.0,] 	 ARGS:
		 1: COPY def_%v_4 %v_5[3.0,] 
BB 4
	outgoing: 5 6 
	datadep: 
	instructions:
		 0: BRANCH %v_4[3.1,2.7,] 
BB 5
	outgoing: 8 
	datadep: 
	instructions:
		 0: 
		 1: %self->errors def_%v_6 %self[2.0,] 	 ARGS:
		 2: def_%v_7 	 ARGS:
		 3: %v_6->add def_%v_8 %v_6[5.1,] %v_7[5.2,] 	 ARGS:Symbol,%v_7,
		 4: RETURN %v_8[5.3,] %self[5.1,2.0,] 
BB 6
	outgoing: 8 
	datadep: 
	instructions:
		 0: RETURN %self[2.0,] 
BB 8
	outgoing: 
	datadep: 
	instructions:

