SET IRMethod, name = update_poll_votes_count
BB 1
	outgoing: 3 2 
	datadep: 
	instructions:
BB 2
	outgoing: 3 
	datadep: 
	instructions:
		 0: 
		 1: 
		 2: 
		 3: 
		 4: 
		 5: 
		 6: (Choice) 
		 7: %self->poll_id %self[2.0,] 
		 8: %v_4[2.7,] 
		 9: %v_3->where %v_5[2.8,] %v_3[2.6,] 
		 10: %v_6->sum %v_6[2.9,] 
		 11: %v_7[2.10,] 
		 12: 
		 13: %self->poll %self[2.0,] 
		 14: votes_count[2.11,] %v_8[2.13,] 
		 15: 
		 16: %self->poll %self[2.0,] 
		 17: %v_9->save! %v_9[2.16,] 
		 18: RETURN %v_10[2.17,] 
BB 3
	outgoing: 
	datadep: 
	instructions:

