SET IRMethod, name = updated_on_string
BB 1
	outgoing: 10 2 
	datadep: 
	instructions:
BB 2
	outgoing: 3 4 
	datadep: 
	instructions:
		 0: def_%self 
		 1: def_%v_0 
		 2: COPY TYPE_CurrentScope def_%current_scope 
		 3: COPY TYPE_ScopeModule def_%current_module 
		 4: 
		 5: RECEIVECONSTARG def_fmt 
		 6: fmt[2.5,] 
BB 3
	outgoing: 4 
	datadep: 
	instructions:
		 0: COPY TYPE_StringLiteral def_%v_3 
		 1: COPY TYPE_PASS def_fmt %v_3[3.0,] 
BB 4
	outgoing: 5 6 
	datadep: 
	instructions:
		 0: 
		 1: %self->respond_to? def_%v_4 %self[2.0,] 	 ARGS:Symbol,
		 2: BRANCH %v_4[4.1,] 
BB 5
	outgoing: 6 
	datadep: 
	instructions:
		 0: %self->updated_at def_%v_5 %self[2.0,] 	 ARGS:
		 1: COPY TYPE_PASS def_%v_4 %v_5[5.0,] 
BB 6
	outgoing: 7 8 
	datadep: 
	instructions:
		 0: BRANCH %v_4[5.1,4.1,] 
BB 7
	outgoing: 10 
	datadep: 
	instructions:
		 0: 
		 1: %self->updated_at def_%v_6 %self[2.0,] 	 ARGS:
		 2: %v_6->strftime def_%v_7 %v_6[7.1,] fmt[3.1,2.5,] 	 ARGS:fmt,
		 3: COPY TYPE_Regexp def_%v_8 
		 4: COPY TYPE_StringLiteral def_%v_9 
		 5: %v_7->gsub def_%v_10 %v_7[7.2,] %v_9[7.4,] 	 ARGS:%v_8,%v_9,
		 6: RETURN %v_10[7.5,] %self[7.1,2.0,] 
BB 8
	outgoing: 10 
	datadep: 
	instructions:
		 0: 
		 1: RETURN %self[2.0,] 
BB 10
	outgoing: 
	datadep: 
	instructions:

SET IRMethod, name = database_exists?
BB 1
	outgoing: 12 2 
	datadep: 
	instructions:
BB 2
	outgoing: 4 
	datadep: 
	instructions:
		 0: def_%self 
		 1: def_%v_0 
		 2: COPY TYPE_CurrentScope def_%current_scope 
		 3: COPY TYPE_ScopeModule def_%current_module 
		 4: 
		 5: 
		 6: GLOBALVAR $! def_%v_3 
BB 4
	outgoing: 5 6 
	datadep: 
	instructions:
		 0: 
		 1: 
		 2: %self->connection def_%v_6 %self[2.0,] 	 ARGS:
		 3: 
		 4: COPY TYPE_Boolean def_%v_7 
		 5: %v_3[2.6,] 
BB 5
	outgoing: 12 
	datadep: 
	instructions:
		 0: RETURN %v_7[4.4,] %self[2.0,] 
BB 6
	outgoing: 7 8 10 
	datadep: 
	instructions:
		 0: def_%v_8 
		 1: (StandardError) def_%v_9 
		 2: def_%v_10 %v_9[6.1,] %v_8[6.0,] 
		 3: BRANCH %v_10[6.2,] 
BB 7
	outgoing: 10 12 
	datadep: 
	instructions:
		 0: %v_8[6.0,] 
BB 8
	outgoing: 9 10 
	datadep: 
	instructions:
		 0: 
		 1: %self->logger def_%v_11 %self[2.0,] 	 ARGS:
		 2: COPY TYPE_StringLiteral def_%v_12 
		 3: %v_11->warn def_%v_13 %v_11[8.1,] %v_12[8.2,] 	 ARGS:%v_12,
		 4: 
		 5: COPY TYPE_Boolean def_%v_14 
		 6: %v_3[2.6,] 
BB 9
	outgoing: 12 
	datadep: 
	instructions:
		 0: RETURN %v_14[8.5,] %self[2.0,] 
BB 10
	outgoing: 12 
	datadep: 
	instructions:
		 0: def_%v_15 
		 1: def_%v_16 %v_15[10.0,] %v_3[2.6,] 
		 2: %v_15[10.0,] 
BB 12
	outgoing: 
	datadep: 
	instructions:

