SET IRMethod, name = index
BB 1
	outgoing: 3 2 
	datadep: 
	instructions:
BB 2
	outgoing: 3 
	datadep: 
	instructions:
		 0: def_%self 
		 1: def_%v_0 
		 2: COPY TYPE_CurrentScope def_%current_scope 
		 3: COPY TYPE_ScopeModule def_%current_module 
		 4: 
		 5: 
		 6: (Image) def_%v_3 
		 7: %v_3->latest def_%v_4 %v_3[2.6,] 	 ARGS:Fixnum,
		 8: ATTRASSIGN %self->images %v_4[2.7,] 
		 9: 
		 10: %self->ruby_code_from_view def_%v_5 %self[2.0,2.8,] 	 ARGS:
		 11: %v_5->ruby_code_from_view def_%v_6 %v_5[2.10,] %self[2.0,2.8,2.10,] 	 ARGS:%v_5,
CLOSURE BEGIN: %self[2.0,2.8,2.10,] 
BB 1
	outgoing: 6 2 
	datadep: 
	instructions:
BB 2
	outgoing: 3 
	datadep: 
	instructions:
		 0: def_%self 
		 1: def_%cl_1_0 
		 2: RECEIVEARG def_rb_from_view 
		 3: COPY TYPE_CurrentScope def_%current_scope 
		 4: COPY TYPE_ScopeModule def_%current_module 
BB 3
	outgoing: 4 6 
	datadep: 
	instructions:
		 0: 
		 1: GETFIELD %self->images def_%cl_1_3 %self[2.0,] 
		 2: %cl_1_3->each def_%cl_1_4 %cl_1_3[3.1,] %self[2.0,] 	 ARGS:%cl_1_3,
CLOSURE BEGIN: image[] %self[2.0,] 
BB 1
	outgoing: 6 2 
	datadep: 
	instructions:
BB 2
	outgoing: 3 
	datadep: 
	instructions:
		 0: def_%self 
		 1: def_%cl_2_0 
		 2: RECEIVEARG def_image 
		 3: COPY TYPE_CurrentScope def_%current_scope 
		 4: COPY TYPE_ScopeModule def_%current_module 
BB 3
	outgoing: 4 6 
	datadep: 
	instructions:
		 0: 
		 1: image->to_html def_%cl_2_3 image[2.2,] 	 ARGS:
		 2: %cl_2_3->html_safe def_%cl_2_4 %cl_2_3[3.1,] 	 ARGS:
		 3: 
		 4: COPY TYPE_StringLiteral def_%cl_2_5 
		 5: image->encoded_link def_%cl_2_6 image[3.1,2.2,] 	 ARGS:
		 6: %self->moderation_image_path def_%cl_2_7 %self[2.0,] %cl_2_6[3.5,] 	 ARGS:%cl_2_6,
		 7: COPY TYPE_StringLiteral def_%cl_2_8 
		 8: HASH-confirm- def_%cl_2_9 %cl_2_8[3.7,] 
		 9: HASH-method-data- def_%cl_2_10 %cl_2_9[3.8,] 
		 10: %self->button_to def_%cl_2_11 %self[3.6,2.0,] %cl_2_5[3.4,] %cl_2_7[3.6,] %cl_2_10[3.9,] 	 ARGS:%cl_2_5,%cl_2_7,%cl_2_10,
		 11: RETURN %cl_2_11[3.10,] %self[3.6,3.10,2.0,] 
BB 4
	outgoing: 6 
	datadep: 
	instructions:
		 0: def_%cl_2_12 
		 1: def_%cl_2_13 %cl_2_12[4.0,] 
		 2: RETURN %cl_2_13[4.1,] %self[2.0,] 
BB 6
	outgoing: 
	datadep: 
	instructions:
CLOSURE END
		 3: RETURN %cl_1_4[3.2,] %self[2.0,] 
BB 4
	outgoing: 6 
	datadep: 
	instructions:
		 0: def_%cl_1_5 
		 1: def_%cl_1_6 %cl_1_5[4.0,] 
		 2: RETURN %cl_1_6[4.1,] %self[2.0,] 
BB 6
	outgoing: 
	datadep: 
	instructions:
CLOSURE END
		 12: RETURN %v_6[2.11,] %self[2.0,2.8,2.10,] 
BB 3
	outgoing: 
	datadep: 
	instructions:

SET IRMethod, name = destroy
BB 1
	outgoing: 6 2 
	datadep: 
	instructions:
BB 2
	outgoing: 3 4 
	datadep: 
	instructions:
		 0: def_%self 
		 1: def_%v_0 
		 2: COPY TYPE_CurrentScope def_%current_scope 
		 3: COPY TYPE_ScopeModule def_%current_module 
		 4: 
		 5: 
		 6: %self->params def_%v_3 %self[2.0,] 	 ARGS:
		 7: %v_3->[] def_%v_4 %v_3[2.6,] 	 ARGS:Symbol,
		 8: %v_4->blank? def_%v_5 %v_4[2.7,] 	 ARGS:
		 9: BRANCH %v_5[2.8,] 
BB 3
	outgoing: 5 
	datadep: 
	instructions:
		 0: COPY TYPE_Nil def_%v_6 
		 1: 
BB 4
	outgoing: 5 
	datadep: 
	instructions:
		 0: (Image) def_%v_7 
		 1: %self->params def_%v_8 %self[2.0,] 	 ARGS:
		 2: %v_8->[] def_%v_9 %v_8[4.1,] 	 ARGS:Symbol,
		 3: %v_7->destroy def_%v_10 %v_7[4.0,] %v_9[4.2,] 	 ARGS:%v_9,
		 4: COPY TYPE_PASS def_%v_6 %v_10[4.3,] 
BB 5
	outgoing: 6 
	datadep: 
	instructions:
		 0: 
		 1: %self->moderation_images_url def_%v_11 %self[2.0,] 	 ARGS:
		 2: %self->redirect_to def_%v_12 %self[5.1,2.0,] %v_11[5.1,] 	 ARGS:%v_11,
		 3: RETURN %v_12[5.2,] %self[5.1,5.2,2.0,] 
BB 6
	outgoing: 
	datadep: 
	instructions:

