SET IRMethod, name = eligible? instanceMethod = true
BB 1
	outgoing: 22 2 
	datadep: 
	instructions:
BB 2
	outgoing: 3 4 
	datadep: 
	instructions:
		 0: def_%self 
		 1: def_%v_0 
		 2: COPY TYPE_CurrentScope def_%current_scope 
		 3: COPY TYPE_ScopeModule def_%current_module 
		 4: 
		 5: RECEIVEARG def_order 
		 6: RECEIVECONSTARG def_at 
		 7: at[2.6,] 
BB 3
	outgoing: 4 
	datadep: 
	instructions:
		 0: COPY TYPE_Nil def_at 
BB 4
	outgoing: 5 8 
	datadep: 
	instructions:
		 0: Line Number 2
		 1: COPY TYPE_PASS def_%v_3 at[3.0,2.6,] 
		 2: COPY TYPE_PASS def_%v_4 at[3.0,2.6,] 
		 3: BRANCH at[3.0,2.6,] 
BB 5
	outgoing: 6 7 
	datadep: 
	instructions:
		 0: order->completed_at def_%v_5 order[2.5,] 	 SYMBOL:	 ARGS:
		 1: BRANCH %v_5[5.0,] 
BB 6
	outgoing: 7 
	datadep: 
	instructions:
		 0: (Time) def_%v_6 
		 1: %v_6->zone def_%v_7 %v_6[6.0,] 	 SYMBOL:	 ARGS:
		 2: %v_7->now def_%v_8 %v_7[6.1,] 	 SYMBOL:	 ARGS:
		 3: COPY TYPE_PASS def_%v_5 %v_8[6.2,] 
BB 7
	outgoing: 8 
	datadep: 
	instructions:
		 0: COPY TYPE_PASS def_at %v_5[6.3,5.0,] 
		 1: COPY TYPE_PASS def_%v_4 %v_5[6.3,5.0,] 
BB 8
	outgoing: 10 
	datadep: 
	instructions:
		 0: Line Number 3
		 1: GLOBALVAR $! def_%v_9 
BB 10
	outgoing: 11 12 16 
	datadep: 
	instructions:
		 0: 
		 1: %self->starts_at def_%v_12 %self[2.0,] 	 SYMBOL:	 ARGS:
		 2: %v_12-><= def_%v_13 %v_12[10.1,] at[7.0,3.0,2.6,] 	 SYMBOL:	 ARGS:at,
		 3: BRANCH %v_13[10.2,] 
BB 11
	outgoing: 12 16 
	datadep: 
	instructions:
		 0: %self->expires_at def_%v_14 %self[2.0,] 	 SYMBOL:	 ARGS:
		 1: %v_14->>= def_%v_15 %v_14[11.0,] at[7.0,3.0,2.6,] 	 SYMBOL:	 ARGS:at,
		 2: COPY TYPE_PASS def_%v_13 %v_15[11.1,] 
BB 12
	outgoing: 13 14 
	datadep: 
	instructions:
		 0: BRANCH %v_13[11.2,10.2,] 
BB 13
	outgoing: 14 16 
	datadep: 
	instructions:
		 0: order->user def_%v_16 order[2.5,] 	 SYMBOL:	 ARGS:
		 1: %v_16->try def_%v_17 %v_16[13.0,] at[7.0,3.0,2.6,] 	 SYMBOL:number_of_finished_orders_at,	 ARGS:Symbol,at,
		 2: %v_17->== def_%v_18 %v_17[13.1,] 	 SYMBOL:	 ARGS:Fixnum,
		 3: COPY TYPE_PASS def_%v_13 %v_18[13.2,] 
BB 14
	outgoing: 15 16 
	datadep: 
	instructions:
		 0: COPY TYPE_PASS def_%v_11 %v_13[13.3,11.2,10.2,] 
		 1: 
		 2: %v_9[8.1,] 
BB 15
	outgoing: 21 
	datadep: 
	instructions:
		 0: 
BB 16
	outgoing: 17 18 20 
	datadep: 
	instructions:
		 0: 
		 1: def_%v_19 
		 2: def_%v_20 %v_19[16.1,] 
		 3: BRANCH %v_20[16.2,] 
BB 17
	outgoing: 20 22 
	datadep: 
	instructions:
		 0: %v_19[16.1,] 
BB 18
	outgoing: 19 20 
	datadep: 
	instructions:
		 0: COPY TYPE_Boolean def_%v_11 
		 1: 
		 2: %v_9[8.1,] 
BB 19
	outgoing: 21 
	datadep: 
	instructions:
		 0: 
BB 20
	outgoing: 22 
	datadep: 
	instructions:
		 0: def_%v_21 
		 1: def_%v_22 %v_21[20.0,] %v_9[8.1,] 
		 2: %v_21[20.0,] 
BB 21
	outgoing: 22 
	datadep: 
	instructions:
		 0: RETURN %v_11[14.0,18.0,] %self[2.0,] 
BB 22
	outgoing: 
	datadep: 
	instructions:

