SET IRMethod, name = send! instanceMethod = false
BB 1
	outgoing: 3 2 
	datadep: 
	instructions:
BB 2
	outgoing: 3 
	datadep: 
	instructions:
		 0: def_%self 
		 1: def_%v_0 
		 2: COPY TYPE_CurrentScope def_%current_scope 
		 3: COPY TYPE_ScopeModule def_%current_module 
		 4: 
		 5: Line Number 35
		 6: COPY TYPE_StringLiteral "implement me" def_%v_3 
		 7: %self->raise def_%v_4 %self[2.0,] %v_3[2.6,] 	 SYMBOL:	 ARGS:%v_3,
		 8: RETURN %v_4[2.7,] %self[2.0,2.7,] 
BB 3
	outgoing: 
	datadep: 
	instructions:

SET IRMethod, name = warehouse_user_ids instanceMethod = true
BB 1
	outgoing: 9 2 
	datadep: 
	instructions:
BB 2
	outgoing: 3 4 
	datadep: 
	instructions:
		 0: def_%self 
		 1: def_%v_0 
		 2: COPY TYPE_CurrentScope def_%current_scope 
		 3: COPY TYPE_ScopeModule def_%current_module 
		 4: 
		 5: Line Number 42
		 6: def_%v_4 %self[2.0,] 
		 7: COPY TYPE_PASS def_%v_3 %v_4[2.6,] 
		 8: %v_4[2.6,] 
BB 3
	outgoing: 4 
	datadep: 
	instructions:
		 0: GETFIELD %self->warehouse_user_ids def_%v_5 %self[2.0,] 
		 1: COPY TYPE_PASS def_%v_3 %v_5[3.0,] 
BB 4
	outgoing: 5 8 
	datadep: 
	instructions:
		 0: BRANCH %v_3[3.1,2.7,] 
BB 5
	outgoing: 6 7 
	datadep: 
	instructions:
		 0: (User) def_%v_6 
		 1: %v_6->includes def_%v_7 %v_6[5.0,] 	 SYMBOL:roles,	 ARGS:Symbol,
		 2: COPY TYPE_StringLiteral "active" def_%v_8 
		 3: HASH-state- def_%v_9 %v_8[5.2,] 
		 4: %v_7->where def_%v_10 %v_7[5.1,] %v_9[5.3,] 	 SYMBOL:	 ARGS:%v_9,
		 5: (Role) def_%v_11 
		 6: (inherit WAREHOUSE) def_%v_12 %v_11[5.5,] 
		 7: %v_12[5.6,] 
BB 6
	outgoing: 7 
	datadep: 
	instructions:
		 0: %v_11->const_missing def_%v_12 %v_11[5.5,] 	 SYMBOL:WAREHOUSE,	 ARGS:Symbol,
BB 7
	outgoing: 9 
	datadep: 
	instructions:
		 0: HASH-name- def_%v_13 %v_12[6.0,5.6,] 
		 1: HASH-roles- def_%v_14 %v_13[7.0,] 
		 2: %v_10->where def_%v_15 %v_10[5.4,] %v_14[7.1,] 	 SYMBOL:	 ARGS:%v_14,
		 3: COPY TYPE_StringLiteral "users.id" def_%v_16 
		 4: %v_15->pluck def_%v_17 %v_15[7.2,] %v_16[7.3,] 	 SYMBOL:	 ARGS:%v_16,
		 5: ATTRASSIGN %self->warehouse_user_ids %v_17[7.4,] 
		 6: RETURN %v_17[7.4,] %self[7.5,2.0,] 
BB 8
	outgoing: 9 
	datadep: 
	instructions:
		 0: RETURN %v_5[3.0,] %self[2.0,] 
BB 9
	outgoing: 
	datadep: 
	instructions:

SET IRMethod, name = admin_user_ids instanceMethod = true
BB 1
	outgoing: 9 2 
	datadep: 
	instructions:
BB 2
	outgoing: 3 4 
	datadep: 
	instructions:
		 0: def_%self 
		 1: def_%v_0 
		 2: COPY TYPE_CurrentScope def_%current_scope 
		 3: COPY TYPE_ScopeModule def_%current_module 
		 4: 
		 5: Line Number 46
		 6: def_%v_4 %self[2.0,] 
		 7: COPY TYPE_PASS def_%v_3 %v_4[2.6,] 
		 8: %v_4[2.6,] 
BB 3
	outgoing: 4 
	datadep: 
	instructions:
		 0: GETFIELD %self->admin_user_ids def_%v_5 %self[2.0,] 
		 1: COPY TYPE_PASS def_%v_3 %v_5[3.0,] 
BB 4
	outgoing: 5 8 
	datadep: 
	instructions:
		 0: BRANCH %v_3[3.1,2.7,] 
BB 5
	outgoing: 6 7 
	datadep: 
	instructions:
		 0: (User) def_%v_6 
		 1: %v_6->includes def_%v_7 %v_6[5.0,] 	 SYMBOL:roles,	 ARGS:Symbol,
		 2: COPY TYPE_StringLiteral "active" def_%v_8 
		 3: HASH-state- def_%v_9 %v_8[5.2,] 
		 4: %v_7->where def_%v_10 %v_7[5.1,] %v_9[5.3,] 	 SYMBOL:	 ARGS:%v_9,
		 5: (Role) def_%v_11 
		 6: (inherit ADMIN) def_%v_12 %v_11[5.5,] 
		 7: %v_12[5.6,] 
BB 6
	outgoing: 7 
	datadep: 
	instructions:
		 0: %v_11->const_missing def_%v_12 %v_11[5.5,] 	 SYMBOL:ADMIN,	 ARGS:Symbol,
BB 7
	outgoing: 9 
	datadep: 
	instructions:
		 0: HASH-name- def_%v_13 %v_12[6.0,5.6,] 
		 1: HASH-roles- def_%v_14 %v_13[7.0,] 
		 2: %v_10->where def_%v_15 %v_10[5.4,] %v_14[7.1,] 	 SYMBOL:	 ARGS:%v_14,
		 3: COPY TYPE_StringLiteral "users.id" def_%v_16 
		 4: %v_15->pluck def_%v_17 %v_15[7.2,] %v_16[7.3,] 	 SYMBOL:	 ARGS:%v_16,
		 5: ATTRASSIGN %self->admin_user_ids %v_17[7.4,] 
		 6: RETURN %v_17[7.4,] %self[7.5,2.0,] 
BB 8
	outgoing: 9 
	datadep: 
	instructions:
		 0: RETURN %v_5[3.0,] %self[2.0,] 
BB 9
	outgoing: 
	datadep: 
	instructions:

SET IRMethod, name = ensure_admin instanceMethod = true
BB 1
	outgoing: 6 2 
	datadep: 
	instructions:
BB 2
	outgoing: 3 4 
	datadep: 
	instructions:
		 0: def_%self 
		 1: def_%v_0 
		 2: COPY TYPE_CurrentScope def_%current_scope 
		 3: COPY TYPE_ScopeModule def_%current_module 
		 4: 
		 5: Line Number 53
		 6: %self->user def_%v_3 %self[2.0,] 	 SYMBOL:	 ARGS:
		 7: %v_3->admin? def_%v_4 %v_3[2.6,] 	 SYMBOL:	 ARGS:
		 8: Line Number 54
		 9: %self->user def_%v_5 %self[2.0,2.6,] 	 SYMBOL:	 ARGS:
		 10: %v_5->admin? def_%v_6 %v_5[2.9,] 	 SYMBOL:	 ARGS:
		 11: BRANCH %v_6[2.10,] 
BB 3
	outgoing: 6 
	datadep: 
	instructions:
		 0: COPY TYPE_Nil def_%v_7 
		 1: RETURN %v_7[3.0,] %self[2.0,] 
BB 4
	outgoing: 6 
	datadep: 
	instructions:
		 0: Line Number 55
		 1: %self->errors def_%v_8 %self[2.0,] 	 SYMBOL:	 ARGS:
		 2: COPY TYPE_StringLiteral "User must be an admin to receive stock notifications." def_%v_9 
		 3: %v_8->add def_%v_10 %v_8[4.1,] %v_9[4.2,] 	 SYMBOL:user_id,	 ARGS:Symbol,%v_9,
		 4: Line Number 57
		 5: RETURN %self[4.1,2.0,] 
BB 6
	outgoing: 
	datadep: 
	instructions:

