SET IRMethod, name = set_beginning_values instanceMethod = true
BB 1
	outgoing: 30 2 
	datadep: 
	instructions:
BB 2
	outgoing: 4 
	datadep: 
	instructions:
		 0: def_%self 
		 1: def_%v_0 
		 2: COPY TYPE_CurrentScope def_%current_scope 
		 3: COPY TYPE_ScopeModule def_%current_module 
		 4: 
		 5: Line Number 36
		 6: GLOBALVAR $! def_%v_3 
BB 4
	outgoing: 5 6 
	datadep: 
	instructions:
		 0: 
		 1: %self->tax_rate_id def_%v_6 %self[2.0,] 	 SYMBOL:	 ARGS:
		 2: COPY TYPE_PASS def_%v_5 %v_6[4.1,] 
		 3: %v_3[2.6,] 
BB 5
	outgoing: 11 
	datadep: 
	instructions:
		 0: 
BB 6
	outgoing: 7 8 10 
	datadep: 
	instructions:
		 0: def_%v_7 
		 1: def_%v_8 %v_7[6.0,] 
		 2: BRANCH %v_8[6.1,] 
BB 7
	outgoing: 10 30 
	datadep: 
	instructions:
		 0: %v_7[6.0,] 
BB 8
	outgoing: 9 10 
	datadep: 
	instructions:
		 0: ATTRASSIGN %self->beginning_tax_rate_id 
		 1: COPY TYPE_Nil def_%v_5 
		 2: %v_3[2.6,] 
BB 9
	outgoing: 11 
	datadep: 
	instructions:
		 0: 
BB 10
	outgoing: 30 
	datadep: 
	instructions:
		 0: def_%v_9 
		 1: def_%v_10 %v_9[10.0,] %v_3[2.6,] 
		 2: %v_9[10.0,] 
BB 11
	outgoing: 13 
	datadep: 
	instructions:
		 0: ATTRASSIGN %self->beginning_tax_rate_id %v_5[4.2,8.1,] 
		 1: Line Number 37
		 2: GLOBALVAR $! def_%v_11 
BB 13
	outgoing: 14 15 
	datadep: 
	instructions:
		 0: 
		 1: %self->shipping_rate_id def_%v_14 %self[11.0,8.0,2.0,] 	 SYMBOL:	 ARGS:
		 2: COPY TYPE_PASS def_%v_13 %v_14[13.1,] 
		 3: %v_11[11.2,] 
BB 14
	outgoing: 20 
	datadep: 
	instructions:
		 0: 
BB 15
	outgoing: 16 17 19 
	datadep: 
	instructions:
		 0: def_%v_15 
		 1: def_%v_16 %v_15[15.0,] 
		 2: BRANCH %v_16[15.1,] 
BB 16
	outgoing: 19 30 
	datadep: 
	instructions:
		 0: %v_15[15.0,] 
BB 17
	outgoing: 18 19 
	datadep: 
	instructions:
		 0: ATTRASSIGN %self->beginning_shipping_rate_id 
		 1: COPY TYPE_Nil def_%v_13 
		 2: %v_11[11.2,] 
BB 18
	outgoing: 20 
	datadep: 
	instructions:
		 0: 
BB 19
	outgoing: 30 
	datadep: 
	instructions:
		 0: def_%v_17 
		 1: def_%v_18 %v_17[19.0,] %v_11[11.2,] 
		 2: %v_17[19.0,] 
BB 20
	outgoing: 22 
	datadep: 
	instructions:
		 0: ATTRASSIGN %self->beginning_shipping_rate_id %v_13[13.2,17.1,] 
		 1: Line Number 38
		 2: GLOBALVAR $! def_%v_19 
BB 22
	outgoing: 23 24 
	datadep: 
	instructions:
		 0: 
		 1: %self->total def_%v_22 %self[20.0,17.0,11.0,8.0,2.0,] 	 SYMBOL:	 ARGS:
		 2: COPY TYPE_PASS def_%v_21 %v_22[22.1,] 
		 3: %v_19[20.2,] 
BB 23
	outgoing: 29 
	datadep: 
	instructions:
		 0: 
BB 24
	outgoing: 25 26 28 
	datadep: 
	instructions:
		 0: def_%v_23 
		 1: def_%v_24 %v_23[24.0,] 
		 2: BRANCH %v_24[24.1,] 
BB 25
	outgoing: 28 30 
	datadep: 
	instructions:
		 0: %v_23[24.0,] 
BB 26
	outgoing: 27 28 
	datadep: 
	instructions:
		 0: ATTRASSIGN %self->beginning_total 
		 1: COPY TYPE_Nil def_%v_21 
		 2: %v_19[20.2,] 
BB 27
	outgoing: 29 
	datadep: 
	instructions:
		 0: 
BB 28
	outgoing: 30 
	datadep: 
	instructions:
		 0: def_%v_25 
		 1: def_%v_26 %v_25[28.0,] %v_19[20.2,] 
		 2: %v_25[28.0,] 
BB 29
	outgoing: 30 
	datadep: 
	instructions:
		 0: ATTRASSIGN %self->beginning_total %v_21[22.2,26.1,] 
		 1: RETURN %v_21[22.2,26.1,] %self[29.0,26.0,20.0,17.0,11.0,8.0,2.0,] 
BB 30
	outgoing: 
	datadep: 
	instructions:

SET IRMethod, name = product_type instanceMethod = true
BB 1
	outgoing: 3 2 
	datadep: 
	instructions:
BB 2
	outgoing: 3 
	datadep: 
	instructions:
		 0: def_%self 
		 1: def_%v_0 
		 2: COPY TYPE_CurrentScope def_%current_scope 
		 3: COPY TYPE_ScopeModule def_%current_module 
		 4: 
		 5: Line Number 58
		 6: %self->variant def_%v_3 %self[2.0,] 	 SYMBOL:	 ARGS:
		 7: %v_3->product def_%v_4 %v_3[2.6,] 	 SYMBOL:	 ARGS:
		 8: %v_4->product_type def_%v_5 %v_4[2.7,] 	 SYMBOL:	 ARGS:
		 9: RETURN %v_5[2.8,] %self[2.0,2.6,] 
BB 3
	outgoing: 
	datadep: 
	instructions:

SET IRMethod, name = product_type_ids instanceMethod = true
BB 1
	outgoing: 3 2 
	datadep: 
	instructions:
BB 2
	outgoing: 3 
	datadep: 
	instructions:
		 0: def_%self 
		 1: def_%v_0 
		 2: COPY TYPE_CurrentScope def_%current_scope 
		 3: COPY TYPE_ScopeModule def_%current_module 
		 4: 
		 5: Line Number 62
		 6: %self->product_type def_%v_3 %self[2.0,] 	 SYMBOL:	 ARGS:
		 7: %v_3->self_and_ancestors def_%v_4 %v_3[2.6,] 	 SYMBOL:	 ARGS:
		 8: %v_4->map def_%v_5 %v_4[2.7,] 	 SYMBOL:id,	 ARGS:
		 9: RETURN %v_5[2.8,] %self[2.0,2.6,] 
BB 3
	outgoing: 
	datadep: 
	instructions:

SET IRMethod, name = shipped? instanceMethod = true
BB 1
	outgoing: 3 2 
	datadep: 
	instructions:
BB 2
	outgoing: 3 
	datadep: 
	instructions:
		 0: def_%self 
		 1: def_%v_0 
		 2: COPY TYPE_CurrentScope def_%current_scope 
		 3: COPY TYPE_ScopeModule def_%current_module 
		 4: 
		 5: Line Number 70
		 6: %self->shipment_id? def_%v_3 %self[2.0,] 	 SYMBOL:	 ARGS:
		 7: RETURN %v_3[2.6,] %self[2.0,2.6,] 
BB 3
	outgoing: 
	datadep: 
	instructions:

SET IRMethod, name = unshipped? instanceMethod = true
BB 1
	outgoing: 3 2 
	datadep: 
	instructions:
BB 2
	outgoing: 3 
	datadep: 
	instructions:
		 0: def_%self 
		 1: def_%v_0 
		 2: COPY TYPE_CurrentScope def_%current_scope 
		 3: COPY TYPE_ScopeModule def_%current_module 
		 4: 
		 5: Line Number 74
		 6: %self->shipped? def_%v_3 %self[2.0,] 	 SYMBOL:	 ARGS:
		 7: %v_3->! def_%v_4 %v_3[2.6,] 	 SYMBOL:	 ARGS:
		 8: RETURN %v_4[2.7,] %self[2.0,2.6,] 
BB 3
	outgoing: 
	datadep: 
	instructions:

SET IRMethod, name = shipping_method instanceMethod = true
BB 1
	outgoing: 3 2 
	datadep: 
	instructions:
BB 2
	outgoing: 3 
	datadep: 
	instructions:
		 0: def_%self 
		 1: def_%v_0 
		 2: COPY TYPE_CurrentScope def_%current_scope 
		 3: COPY TYPE_ScopeModule def_%current_module 
		 4: 
		 5: Line Number 82
		 6: %self->shipping_rate def_%v_3 %self[2.0,] 	 SYMBOL:	 ARGS:
		 7: %v_3->shipping_method def_%v_4 %v_3[2.6,] 	 SYMBOL:	 ARGS:
		 8: RETURN %v_4[2.7,] %self[2.0,2.6,] 
BB 3
	outgoing: 
	datadep: 
	instructions:

SET IRMethod, name = shipping_method_id instanceMethod = true
BB 1
	outgoing: 3 2 
	datadep: 
	instructions:
BB 2
	outgoing: 3 
	datadep: 
	instructions:
		 0: def_%self 
		 1: def_%v_0 
		 2: COPY TYPE_CurrentScope def_%current_scope 
		 3: COPY TYPE_ScopeModule def_%current_module 
		 4: 
		 5: Line Number 91
		 6: %self->shipping_rate def_%v_3 %self[2.0,] 	 SYMBOL:	 ARGS:
		 7: %v_3->shipping_method_id def_%v_4 %v_3[2.6,] 	 SYMBOL:	 ARGS:
		 8: RETURN %v_4[2.7,] %self[2.0,2.6,] 
BB 3
	outgoing: 
	datadep: 
	instructions:

SET IRMethod, name = ship_category_id instanceMethod = true
BB 1
	outgoing: 3 2 
	datadep: 
	instructions:
BB 2
	outgoing: 3 
	datadep: 
	instructions:
		 0: def_%self 
		 1: def_%v_0 
		 2: COPY TYPE_CurrentScope def_%current_scope 
		 3: COPY TYPE_ScopeModule def_%current_module 
		 4: 
		 5: Line Number 95
		 6: %self->variant def_%v_3 %self[2.0,] 	 SYMBOL:	 ARGS:
		 7: %v_3->product def_%v_4 %v_3[2.6,] 	 SYMBOL:	 ARGS:
		 8: %v_4->shipping_category_id def_%v_5 %v_4[2.7,] 	 SYMBOL:	 ARGS:
		 9: RETURN %v_5[2.8,] %self[2.0,2.6,] 
BB 3
	outgoing: 
	datadep: 
	instructions:

SET IRMethod, name = shipping_rate_options instanceMethod = true
BB 1
	outgoing: 3 2 
	datadep: 
	instructions:
BB 2
	outgoing: 3 
	datadep: 
	instructions:
		 0: def_%self 
		 1: def_%v_0 
		 2: COPY TYPE_CurrentScope def_%current_scope 
		 3: COPY TYPE_ScopeModule def_%current_module 
		 4: 
		 5: RECEIVEARG def_total_charge 
		 6: Line Number 99
		 7: (ShippingRate) def_%v_3 
		 8: %v_3->joins def_%v_4 %v_3[2.7,] 	 SYMBOL:shipping_method,	 ARGS:Symbol,
		 9: COPY TYPE_StringLiteral "shipping_rates.shipping_category_id = ?
                        AND shipping_methods.shipping_zone_id = ?
                        AND shipping_rates.minimum_charge <= ?" def_%v_5 
		 10: %self->ship_category_id def_%v_6 %self[2.0,] 	 SYMBOL:	 ARGS:
		 11: %self->order def_%v_7 %self[2.0,2.10,] 	 SYMBOL:	 ARGS:
		 12: %v_7->ship_address def_%v_8 %v_7[2.11,] 	 SYMBOL:	 ARGS:
		 13: %v_8->shipping_zone_id def_%v_9 %v_8[2.12,] 	 SYMBOL:	 ARGS:
		 14: COPY TYPE_Array def_%v_10 %v_5[2.9,] %v_6[2.10,] %v_9[2.13,] total_charge[2.5,] 
		 15: %v_4->where def_%v_11 %v_4[2.8,] %v_10[2.14,] 	 SYMBOL:	 ARGS:%v_10,
		 16: RETURN %v_11[2.15,] %self[2.0,2.10,2.11,] 
BB 3
	outgoing: 
	datadep: 
	instructions:

SET IRMethod, name = order_items_in_cart instanceMethod = false
BB 1
	outgoing: 3 2 
	datadep: 
	instructions:
BB 2
	outgoing: 3 
	datadep: 
	instructions:
		 0: def_%self 
		 1: def_%v_0 
		 2: COPY TYPE_CurrentScope def_%current_scope 
		 3: COPY TYPE_ScopeModule def_%current_module 
		 4: 
		 5: RECEIVEARG def_order_id 
		 6: Line Number 110
		 7: HASH-variant- def_%v_3 
		 8: %self->joins def_%v_4 %self[2.0,] %v_3[2.7,] 	 SYMBOL:	 ARGS:%v_3,
		 9: HASH-order_id- def_%v_5 order_id[2.5,] 
		 10: HASH-order_items- def_%v_6 %v_5[2.9,] 
		 11: %v_4->where def_%v_7 %v_4[2.8,] %v_6[2.10,] 	 SYMBOL:	 ARGS:%v_6,
		 12: COPY TYPE_StringLiteral "order_items.id, order_items.order_id, order_items.shipping_rate_id, order_items.state, order_items.tax_rate_id, order_items.price, order_items.total, order_items.variant_id,
                           products.shipping_category_id,
                                          count(*) as quantity,
                                          products.shipping_category_id as shipping_category_id,
                                          SUM(order_items.price) as sum_price,
                                          SUM(order_items.total) as sum_total" def_%v_8 
		 13: %v_7->select def_%v_9 %v_7[2.11,] %v_8[2.12,] 	 SYMBOL:	 ARGS:%v_8,
		 14: COPY TYPE_StringLiteral "order_items.id,
                products.shipping_category_id,
                order_items.order_id,
                order_items.shipping_rate_id,
                order_items.state,
                order_items.tax_rate_id,
                order_items.price,
                order_items.total, order_items.variant_id" def_%v_10 
		 15: %v_9->group def_%v_11 %v_9[2.13,] %v_10[2.14,] 	 SYMBOL:	 ARGS:%v_10,
		 16: RETURN %v_11[2.15,] %self[2.0,2.8,] 
BB 3
	outgoing: 
	datadep: 
	instructions:

SET IRMethod, name = calculate_order instanceMethod = true
BB 1
	outgoing: 10 2 
	datadep: 
	instructions:
BB 2
	outgoing: 3 6 
	datadep: 
	instructions:
		 0: def_%self 
		 1: def_%v_0 
		 2: COPY TYPE_CurrentScope def_%current_scope 
		 3: COPY TYPE_ScopeModule def_%current_module 
		 4: 
		 5: Line Number 133
		 6: %self->ready_to_calculate? def_%v_3 %self[2.0,] 	 SYMBOL:	 ARGS:
		 7: BRANCH %v_3[2.6,] 
BB 3
	outgoing: 4 5 
	datadep: 
	instructions:
		 0: %self->shipping_rate_id def_%v_4 %self[2.0,] 	 SYMBOL:	 ARGS:
		 1: GETFIELD %self->beginning_shipping_rate_id def_%v_5 %self[3.0,2.0,] 
		 2: %v_4->!= def_%v_6 %v_4[3.0,] %v_5[3.1,] 	 SYMBOL:	 ARGS:%v_5,
		 3: BRANCH %v_6[3.2,] 
BB 4
	outgoing: 5 
	datadep: 
	instructions:
		 0: %self->tax_rate_id def_%v_7 %self[2.0,] 	 SYMBOL:	 ARGS:
		 1: GETFIELD %self->beginning_tax_rate_id def_%v_8 %self[4.0,2.0,] 
		 2: %v_7->!= def_%v_9 %v_7[4.0,] %v_8[4.1,] 	 SYMBOL:	 ARGS:%v_8,
		 3: COPY TYPE_PASS def_%v_6 %v_9[4.2,] 
BB 5
	outgoing: 6 
	datadep: 
	instructions:
		 0: COPY TYPE_PASS def_%v_3 %v_6[4.3,3.2,] 
BB 6
	outgoing: 7 8 
	datadep: 
	instructions:
		 0: BRANCH %v_3[5.0,2.6,] 
BB 7
	outgoing: 10 
	datadep: 
	instructions:
		 0: Line Number 135
		 1: %self->set_beginning_values def_%v_10 %self[2.0,] 	 SYMBOL:	 ARGS:
		 2: Line Number 136
		 3: %self->order def_%v_11 %self[7.1,2.0,] 	 SYMBOL:	 ARGS:
		 4: %v_11->calculate_totals def_%v_12 %v_11[7.3,] 	 SYMBOL:	 ARGS:
		 5: RETURN %v_12[7.4,] %self[7.1,7.3,2.0,] 
BB 8
	outgoing: 10 
	datadep: 
	instructions:
		 0: RETURN %self[2.0,] 
BB 10
	outgoing: 
	datadep: 
	instructions:

SET IRMethod, name = set_order_calculated_at_to_nil instanceMethod = true
BB 1
	outgoing: 3 2 
	datadep: 
	instructions:
BB 2
	outgoing: 3 
	datadep: 
	instructions:
		 0: def_%self 
		 1: def_%v_0 
		 2: COPY TYPE_CurrentScope def_%current_scope 
		 3: COPY TYPE_ScopeModule def_%current_module 
		 4: 
		 5: Line Number 148
		 6: %self->order def_%v_3 %self[2.0,] 	 SYMBOL:	 ARGS:
		 7: %v_3->update_attribute def_%v_4 %v_3[2.6,] 	 SYMBOL:calculated_at,	 ARGS:Symbol,Nil,
		 8: RETURN %v_4[2.7,] %self[2.0,2.6,] 
BB 3
	outgoing: 
	datadep: 
	instructions:

SET IRMethod, name = ready_to_calculate? instanceMethod = true
BB 1
	outgoing: 5 2 
	datadep: 
	instructions:
BB 2
	outgoing: 3 4 
	datadep: 
	instructions:
		 0: def_%self 
		 1: def_%v_0 
		 2: COPY TYPE_CurrentScope def_%current_scope 
		 3: COPY TYPE_ScopeModule def_%current_module 
		 4: 
		 5: Line Number 156
		 6: %self->shipping_rate_id def_%v_3 %self[2.0,] 	 SYMBOL:	 ARGS:
		 7: BRANCH %v_3[2.6,] 
BB 3
	outgoing: 5 
	datadep: 
	instructions:
		 0: %self->tax_rate_id def_%v_4 %self[2.0,] 	 SYMBOL:	 ARGS:
		 1: RETURN %v_4[3.0,] %self[3.0,2.0,] 
BB 4
	outgoing: 5 
	datadep: 
	instructions:
		 0: RETURN %v_3[2.6,] %self[2.0,] 
BB 5
	outgoing: 
	datadep: 
	instructions:

SET IRMethod, name = adjusted_price instanceMethod = true
BB 1
	outgoing: 8 2 
	datadep: 
	instructions:
BB 2
	outgoing: 3 4 
	datadep: 
	instructions:
		 0: def_%self 
		 1: def_%v_0 
		 2: COPY TYPE_CurrentScope def_%current_scope 
		 3: COPY TYPE_ScopeModule def_%current_module 
		 4: 
		 5: RECEIVECONSTARG def_coupon 
		 6: coupon[2.5,] 
BB 3
	outgoing: 4 
	datadep: 
	instructions:
		 0: COPY TYPE_Nil def_coupon 
BB 4
	outgoing: 5 6 
	datadep: 
	instructions:
		 0: Line Number 167
		 1: BRANCH coupon[3.0,2.5,] 
BB 5
	outgoing: 7 
	datadep: 
	instructions:
		 0: %self->order def_%v_3 %self[2.0,] 	 SYMBOL:	 ARGS:
		 1: %v_3->transaction_time def_%v_4 %v_3[5.0,] 	 SYMBOL:	 ARGS:
		 2: %self->sale_price def_%v_5 %self[5.0,2.0,] %v_4[5.1,] 	 SYMBOL:	 ARGS:%v_4,
		 3: COPY TYPE_Array def_%v_6 %v_5[5.2,] 
		 4: %self->order def_%v_7 %self[5.0,5.2,2.0,] 	 SYMBOL:	 ARGS:
		 5: coupon->value def_%v_8 coupon[3.0,2.5,] %v_6[5.3,] %v_7[5.4,] 	 SYMBOL:	 ARGS:%v_6,%v_7,
		 6: 
BB 6
	outgoing: 7 
	datadep: 
	instructions:
		 0: COPY TYPE_Float def_%v_8 
BB 7
	outgoing: 8 
	datadep: 
	instructions:
		 0: COPY TYPE_PASS def_coupon_credit %v_8[6.0,5.5,] 
		 1: Line Number 169
		 2: %self->price def_%v_9 %self[2.0,] 	 SYMBOL:	 ARGS:
		 3: %v_9->- def_%v_10 %v_9[7.2,] coupon_credit[7.0,] 	 SYMBOL:	 ARGS:coupon_credit,
		 4: RETURN %v_10[7.3,] %self[7.2,2.0,] 
BB 8
	outgoing: 
	datadep: 
	instructions:

SET IRMethod, name = sale_price instanceMethod = true
BB 1
	outgoing: 6 2 
	datadep: 
	instructions:
BB 2
	outgoing: 3 4 
	datadep: 
	instructions:
		 0: def_%self 
		 1: def_%v_0 
		 2: COPY TYPE_CurrentScope def_%current_scope 
		 3: COPY TYPE_ScopeModule def_%current_module 
		 4: 
		 5: RECEIVEARG def_at 
		 6: Line Number 173
		 7: %self->sale_at def_%v_3 %self[2.0,] at[2.5,] 	 SYMBOL:	 ARGS:at,
		 8: COPY TYPE_PASS def_sale %v_3[2.7,] 
		 9: Line Number 174
		 10: BRANCH %v_3[2.7,] 
BB 3
	outgoing: 6 
	datadep: 
	instructions:
		 0: sale->percent_off def_%v_4 sale[2.8,] 	 SYMBOL:	 ARGS:
		 1: %v_4->- def_%v_5 %v_4[3.0,] 	 SYMBOL:	 ARGS:%v_4,
		 2: %self->price def_%v_6 %self[2.0,] 	 SYMBOL:	 ARGS:
		 3: %v_5->* def_%v_7 %v_5[3.1,] %v_6[3.2,] 	 SYMBOL:	 ARGS:%v_6,
		 4: %v_7->round_at def_%v_8 %v_7[3.3,] 	 SYMBOL:	 ARGS:Fixnum,
		 5: RETURN %v_8[3.4,] %self[3.2,2.0,] 
BB 4
	outgoing: 6 
	datadep: 
	instructions:
		 0: %self->price def_%v_9 %self[2.0,] 	 SYMBOL:	 ARGS:
		 1: RETURN %v_9[4.0,] %self[4.0,2.0,] 
BB 6
	outgoing: 
	datadep: 
	instructions:

SET IRMethod, name = sale_at instanceMethod = true
BB 1
	outgoing: 5 2 
	datadep: 
	instructions:
BB 2
	outgoing: 3 4 
	datadep: 
	instructions:
		 0: def_%self 
		 1: def_%v_0 
		 2: COPY TYPE_CurrentScope def_%current_scope 
		 3: COPY TYPE_ScopeModule def_%current_module 
		 4: 
		 5: RECEIVECONSTARG def_at 
		 6: at[2.5,] 
BB 3
	outgoing: 4 
	datadep: 
	instructions:
		 0: (Time) def_%v_3 
		 1: %v_3->zone def_%v_4 %v_3[3.0,] 	 SYMBOL:	 ARGS:
		 2: %v_4->now def_%v_5 %v_4[3.1,] 	 SYMBOL:	 ARGS:
		 3: COPY TYPE_PASS def_at %v_5[3.2,] 
BB 4
	outgoing: 5 
	datadep: 
	instructions:
		 0: Line Number 178
		 1: (Sale) def_%v_6 
		 2: %self->variant def_%v_7 %self[2.0,] 	 SYMBOL:	 ARGS:
		 3: %v_7->product_id def_%v_8 %v_7[4.2,] 	 SYMBOL:	 ARGS:
		 4: %v_6->for def_%v_9 %v_6[4.1,] %v_8[4.3,] at[3.3,2.5,] 	 SYMBOL:	 ARGS:%v_8,at,
		 5: RETURN %v_9[4.4,] %self[4.2,2.0,] 
BB 5
	outgoing: 
	datadep: 
	instructions:

SET IRMethod, name = item_total instanceMethod = true
BB 1
	outgoing: 7 2 
	datadep: 
	instructions:
BB 2
	outgoing: 3 4 
	datadep: 
	instructions:
		 0: def_%self 
		 1: def_%v_0 
		 2: COPY TYPE_CurrentScope def_%current_scope 
		 3: COPY TYPE_ScopeModule def_%current_module 
		 4: 
		 5: RECEIVECONSTARG def_coupon 
		 6: coupon[2.5,] 
BB 3
	outgoing: 4 
	datadep: 
	instructions:
		 0: COPY TYPE_Nil def_coupon 
BB 4
	outgoing: 5 6 
	datadep: 
	instructions:
		 0: Line Number 189
		 1: %self->total def_%v_3 %self[2.0,] 	 SYMBOL:	 ARGS:
		 2: BRANCH %v_3[4.1,] 
BB 5
	outgoing: 7 
	datadep: 
	instructions:
		 0: %self->calculate_total def_%v_5 %self[2.0,] coupon[3.0,2.5,] 	 SYMBOL:	 ARGS:coupon,
		 1: %self->total= def_%v_4 %v_5[5.0,] 	 SYMBOL:	 ARGS:%v_5,
		 2: RETURN %v_5[5.0,] %self[5.0,5.1,2.0,] 
BB 6
	outgoing: 7 
	datadep: 
	instructions:
		 0: RETURN %v_3[4.1,] %self[2.0,] 
BB 7
	outgoing: 
	datadep: 
	instructions:

SET IRMethod, name = calculate_total instanceMethod = true
BB 1
	outgoing: 5 2 
	datadep: 
	instructions:
BB 2
	outgoing: 3 4 
	datadep: 
	instructions:
		 0: def_%self 
		 1: def_%v_0 
		 2: COPY TYPE_CurrentScope def_%current_scope 
		 3: COPY TYPE_ScopeModule def_%current_module 
		 4: 
		 5: RECEIVECONSTARG def_coupon 
		 6: coupon[2.5,] 
BB 3
	outgoing: 4 
	datadep: 
	instructions:
		 0: COPY TYPE_Nil def_coupon 
BB 4
	outgoing: 5 
	datadep: 
	instructions:
		 0: Line Number 201
		 1: %self->adjusted_price def_%v_3 %self[2.0,] coupon[3.0,2.5,] 	 SYMBOL:	 ARGS:coupon,
		 2: %v_3->round_at def_%v_4 %v_3[4.1,] 	 SYMBOL:	 ARGS:Fixnum,
		 3: ATTRASSIGN %self->total %v_4[4.2,] 
		 4: RETURN %v_4[4.2,] %self[4.1,4.3,2.0,] 
BB 5
	outgoing: 
	datadep: 
	instructions:

SET IRMethod, name = tax_charge instanceMethod = true
BB 1
	outgoing: 6 2 
	datadep: 
	instructions:
BB 2
	outgoing: 3 4 
	datadep: 
	instructions:
		 0: def_%self 
		 1: def_%v_0 
		 2: COPY TYPE_CurrentScope def_%current_scope 
		 3: COPY TYPE_ScopeModule def_%current_module 
		 4: 
		 5: Line Number 209
		 6: %self->tax_rate def_%v_3 %self[2.0,] 	 SYMBOL:	 ARGS:
		 7: %v_3->try def_%v_4 %v_3[2.6,] 	 SYMBOL:tax_percentage,	 ARGS:Symbol,
		 8: BRANCH %v_4[2.7,] 
BB 3
	outgoing: 5 
	datadep: 
	instructions:
		 0: %self->tax_rate def_%v_5 %self[2.0,] 	 SYMBOL:	 ARGS:
		 1: %v_5->tax_percentage def_%v_6 %v_5[3.0,] 	 SYMBOL:	 ARGS:
		 2: 
BB 4
	outgoing: 5 
	datadep: 
	instructions:
		 0: COPY TYPE_Float def_%v_6 
BB 5
	outgoing: 6 
	datadep: 
	instructions:
		 0: COPY TYPE_PASS def_tax_percentage %v_6[4.0,3.1,] 
		 1: Line Number 210
		 2: %self->adjusted_price def_%v_7 %self[2.0,] 	 SYMBOL:	 ARGS:
		 3: %v_7->* def_%v_8 %v_7[5.2,] tax_percentage[5.0,] 	 SYMBOL:	 ARGS:tax_percentage,
		 4: %v_8->/ def_%v_9 %v_8[5.3,] 	 SYMBOL:	 ARGS:Float,
		 5: RETURN %v_9[5.4,] %self[5.2,2.0,] 
BB 6
	outgoing: 
	datadep: 
	instructions:

SET IRMethod, name = amount_of_charge_is_vat instanceMethod = true
BB 1
	outgoing: 6 2 
	datadep: 
	instructions:
BB 2
	outgoing: 3 4 
	datadep: 
	instructions:
		 0: def_%self 
		 1: def_%v_0 
		 2: COPY TYPE_CurrentScope def_%current_scope 
		 3: COPY TYPE_ScopeModule def_%current_module 
		 4: 
		 5: Line Number 218
		 6: %self->tax_rate def_%v_3 %self[2.0,] 	 SYMBOL:	 ARGS:
		 7: %v_3->try def_%v_4 %v_3[2.6,] 	 SYMBOL:vat_percentage,	 ARGS:Symbol,
		 8: BRANCH %v_4[2.7,] 
BB 3
	outgoing: 5 
	datadep: 
	instructions:
		 0: %self->tax_rate def_%v_5 %self[2.0,] 	 SYMBOL:	 ARGS:
		 1: %v_5->vat_percentage def_%v_6 %v_5[3.0,] 	 SYMBOL:	 ARGS:
		 2: 
BB 4
	outgoing: 5 
	datadep: 
	instructions:
		 0: COPY TYPE_Float def_%v_6 
BB 5
	outgoing: 6 
	datadep: 
	instructions:
		 0: COPY TYPE_PASS def_vat_percentage %v_6[4.0,3.1,] 
		 1: Line Number 219
		 2: %self->adjusted_price def_%v_7 %self[2.0,] 	 SYMBOL:	 ARGS:
		 3: vat_percentage->+ def_%v_8 vat_percentage[5.0,] 	 SYMBOL:	 ARGS:vat_percentage,
		 4: vat_percentage->/ def_%v_9 vat_percentage[5.0,5.3,] %v_8[5.3,] 	 SYMBOL:	 ARGS:%v_8,
		 5: %v_7->* def_%v_10 %v_7[5.2,] %v_9[5.4,] 	 SYMBOL:	 ARGS:%v_9,
		 6: %v_10->round_at def_%v_11 %v_10[5.5,] 	 SYMBOL:	 ARGS:Fixnum,
		 7: RETURN %v_11[5.6,] %self[5.2,2.0,] 
BB 6
	outgoing: 
	datadep: 
	instructions:

SET IRMethod, name = amount_of_charge_without_vat instanceMethod = true
BB 1
	outgoing: 6 2 
	datadep: 
	instructions:
BB 2
	outgoing: 3 4 
	datadep: 
	instructions:
		 0: def_%self 
		 1: def_%v_0 
		 2: COPY TYPE_CurrentScope def_%current_scope 
		 3: COPY TYPE_ScopeModule def_%current_module 
		 4: 
		 5: Line Number 227
		 6: %self->tax_rate def_%v_3 %self[2.0,] 	 SYMBOL:	 ARGS:
		 7: %v_3->try def_%v_4 %v_3[2.6,] 	 SYMBOL:vat_percentage,	 ARGS:Symbol,
		 8: BRANCH %v_4[2.7,] 
BB 3
	outgoing: 5 
	datadep: 
	instructions:
		 0: %self->tax_rate def_%v_5 %self[2.0,] 	 SYMBOL:	 ARGS:
		 1: %v_5->vat_percentage def_%v_6 %v_5[3.0,] 	 SYMBOL:	 ARGS:
		 2: 
BB 4
	outgoing: 5 
	datadep: 
	instructions:
		 0: COPY TYPE_Float def_%v_6 
BB 5
	outgoing: 6 
	datadep: 
	instructions:
		 0: COPY TYPE_PASS def_vat_percentage %v_6[4.0,3.1,] 
		 1: Line Number 228
		 2: %self->adjusted_price def_%v_7 %self[2.0,] 	 SYMBOL:	 ARGS:
		 3: %v_7->* def_%v_8 %v_7[5.2,] 	 SYMBOL:	 ARGS:%v_7,
		 4: vat_percentage->+ def_%v_9 vat_percentage[5.0,] 	 SYMBOL:	 ARGS:vat_percentage,
		 5: %v_8->/ def_%v_10 %v_8[5.3,] %v_9[5.4,] 	 SYMBOL:	 ARGS:%v_9,
		 6: %v_10->round_at def_%v_11 %v_10[5.5,] 	 SYMBOL:	 ARGS:Fixnum,
		 7: RETURN %v_11[5.6,] %self[5.2,2.0,] 
BB 6
	outgoing: 
	datadep: 
	instructions:

