SET IRMethod, name = give_credits instanceMethod = true
BB 1
	outgoing: 3 2 
	datadep: 
	instructions:
BB 2
	outgoing: 3 
	datadep: 
	instructions:
		 0: def_%self 
		 1: def_%v_0 
		 2: COPY TYPE_CurrentScope def_%current_scope 
		 3: COPY TYPE_ScopeModule def_%current_module 
		 4: 
		 5: RECEIVEARG def_user 
		 6: Line Number 21
		 7: user->store_credit def_%v_3 user[2.5,] 	 SYMBOL:	 ARGS:
		 8: %self->decimal_amount def_%v_4 %self[2.0,] 	 SYMBOL:	 ARGS:
		 9: %v_3->add_credit def_%v_5 %v_3[2.7,] %v_4[2.8,] 	 SYMBOL:	 ARGS:%v_4,
		 10: RETURN %v_5[2.9,] %self[2.0,2.8,] 
BB 3
	outgoing: 
	datadep: 
	instructions:

SET IRMethod, name = decimal_amount instanceMethod = true
BB 1
	outgoing: 3 2 
	datadep: 
	instructions:
BB 2
	outgoing: 3 
	datadep: 
	instructions:
		 0: def_%self 
		 1: def_%v_0 
		 2: COPY TYPE_CurrentScope def_%current_scope 
		 3: COPY TYPE_ScopeModule def_%current_module 
		 4: 
		 5: Line Number 25
		 6: %self->amount def_%v_3 %self[2.0,] 	 SYMBOL:	 ARGS:
		 7: %v_3->to_f def_%v_4 %v_3[2.6,] 	 SYMBOL:	 ARGS:
		 8: %v_4->/ def_%v_5 %v_4[2.7,] 	 SYMBOL:	 ARGS:Float,
		 9: %v_5->round_at def_%v_6 %v_5[2.8,] 	 SYMBOL:	 ARGS:Fixnum,
		 10: RETURN %v_6[2.9,] %self[2.0,2.6,] 
BB 3
	outgoing: 
	datadep: 
	instructions:

