SET IRMethod, name = index
BB 1
	outgoing: 18 2 
	datadep: 
	instructions:
BB 2
	outgoing: 3 16 
	datadep: 
	instructions:
		 0: 
		 1: 
		 2: 
		 3: 
		 4: 
		 5: 
		 6: 
		 7: %self[2.0,] %v_3[2.6,] 
		 8: 
		 9: 
		 10: %self[2.0,] %v_4[2.9,] 
		 11: 
		 12: (Search) 
		 13: %v_5->new %v_5[2.12,] 
		 14: %self[2.0,] %v_6[2.13,] 
		 15: 
		 16: %self->params %self[2.0,] 
		 17: %v_7[2.16,] 
		 18: %v_8->to_s %v_8[2.17,] 
		 19: %v_9->present? %v_9[2.18,] 
		 20: %v_10[2.19,] 
BB 3
	outgoing: 4 5 
	datadep: 2 2 2 
	instructions:
		 0: 
		 1: %self[2.0,] 
		 2: %self->params %self[2.0,] 
		 3: %v_12[3.2,] 
		 4: %v_13->to_s %v_13[3.3,] 
		 5: %v_14[3.4,] 
		 6: 
		 7: %self->params %self[2.0,] 
		 8: %v_15[3.7,] 
		 9: %v_16->present? %v_16[3.8,] 
		 10: %v_17[3.9,] 
BB 4
	outgoing: 6 
	datadep: 2 2 
	instructions:
		 0: 
		 1: %self[2.0,] 
		 2: %self->params %self[2.0,] 
		 3: %v_19[4.2,] 
		 4: %v_20[4.3,] 
		 5: 
BB 5
	outgoing: 6 
	datadep: 
	instructions:
		 0: 
BB 6
	outgoing: 7 8 
	datadep: 2 2 
	instructions:
		 0: 
		 1: %self->params %self[2.0,2.0,] 
		 2: %v_21[6.1,] 
		 3: %v_22->present? %v_22[6.2,] 
		 4: %v_23[6.3,] 
BB 7
	outgoing: 9 
	datadep: 2 2 2 2 
	instructions:
		 0: 
		 1: %self[2.0,2.0,] 
		 2: %self->params %self[2.0,2.0,] 
		 3: %v_25[7.2,] 
		 4: %v_26[7.3,] 
		 5: 
BB 8
	outgoing: 9 
	datadep: 
	instructions:
		 0: 
BB 9
	outgoing: 10 11 
	datadep: 2 2 2 2 
	instructions:
		 0: 
		 1: %self->params %self[2.0,2.0,2.0,2.0,] 
		 2: %v_27[9.1,] 
		 3: %v_28->present? %v_28[9.2,] 
		 4: %v_29[9.3,] 
BB 10
	outgoing: 12 
	datadep: 2 2 2 2 2 2 2 2 
	instructions:
		 0: 
		 1: %self[2.0,2.0,2.0,2.0,] 
		 2: %self->params %self[2.0,2.0,2.0,2.0,] 
		 3: %v_31[10.2,] 
		 4: %v_32->to_i %v_32[10.3,] 
		 5: %v_33[10.4,] 
		 6: 
BB 11
	outgoing: 12 
	datadep: 
	instructions:
		 0: 
BB 12
	outgoing: 13 14 
	datadep: 2 2 2 2 2 2 2 2 
	instructions:
		 0: 
		 1: %self[2.0,2.0,2.0,2.0,2.0,2.0,2.0,2.0,] 
		 2: %v_34->valid? %v_34[12.1,] 
		 3: %v_35[12.2,] 
BB 13
	outgoing: 15 
	datadep: 2 2 2 2 2 2 2 2 2 2 2 2 2 2 2 2 
	instructions:
		 0: 
		 1: %self[2.0,2.0,2.0,2.0,2.0,2.0,2.0,2.0,] 
		 2: %self[2.0,2.0,2.0,2.0,2.0,2.0,2.0,2.0,] 
		 3: %v_36->search_for_user! %v_36[13.1,] %v_37[13.2,] 
		 4: 
BB 14
	outgoing: 15 
	datadep: 
	instructions:
		 0: 
BB 15
	outgoing: 17 
	datadep: 
	instructions:
		 0: 
BB 16
	outgoing: 17 
	datadep: 
	instructions:
		 0: 
BB 17
	outgoing: 18 
	datadep: 2 2 2 2 2 2 2 2 2 2 2 2 2 2 2 2 2 
	instructions:
		 0: 
		 1: 
		 2: 
		 3: %self->render %self[2.0,2.0,2.0,2.0,2.0,2.0,2.0,2.0,2.0,2.0,2.0,2.0,2.0,2.0,2.0,2.0,2.0,] %v_40[17.2,] 
		 4: RETURN %v_41[17.3,] 
BB 18
	outgoing: 
	datadep: 
	instructions:

