SET IRMethod, name = jrd
BB 1
	outgoing: 3 2 
	datadep: 
	instructions:
BB 2
	outgoing: 3 
	datadep: 
	instructions:
		 0: def_%self 
		 1: def_%v_0 
		 2: COPY TYPE_CurrentScope def_%current_scope 
		 3: COPY TYPE_ScopeModule def_%current_module 
		 4: 
		 5: 
		 6: (NodeInfo) def_%v_3 
		 7: (CGI) def_%v_4 
		 8: COPY TYPE_StringLiteral def_%v_5 
		 9: %self->node_info_url def_%v_6 %self[2.0,] %v_5[2.8,] 	 ARGS:%v_5,
		 10: COPY TYPE_StringLiteral def_%v_7 
		 11: COPY TYPE_StringLiteral def_%v_8 
		 12: %v_6->sub def_%v_9 %v_6[2.9,] %v_7[2.10,] %v_8[2.11,] 	 ARGS:%v_7,%v_8,
		 13: %v_4->unescape def_%v_10 %v_4[2.7,] %v_9[2.12,] 	 ARGS:%v_9,
		 14: %v_3->jrd def_%v_11 %v_3[2.6,] %v_10[2.13,] 	 ARGS:%v_10,
		 15: HASH-json- def_%v_12 %v_11[2.14,] 
		 16: %self->render def_%v_13 %self[2.0,2.9,] %v_12[2.15,] 	 ARGS:%v_12,
		 17: RETURN %v_13[2.16,] %self[2.0,2.9,2.16,] 
BB 3
	outgoing: 
	datadep: 
	instructions:

SET IRMethod, name = document
BB 1
	outgoing: 6 2 
	datadep: 
	instructions:
BB 2
	outgoing: 3 4 
	datadep: 
	instructions:
		 0: def_%self 
		 1: def_%v_0 
		 2: COPY TYPE_CurrentScope def_%current_scope 
		 3: COPY TYPE_ScopeModule def_%current_module 
		 4: 
		 5: 
		 6: (NodeInfo) def_%v_3 
		 7: %self->params def_%v_4 %self[2.0,] 	 ARGS:
		 8: %v_4->[] def_%v_5 %v_4[2.7,] 	 ARGS:Symbol,
		 9: %v_3->supported_version? def_%v_6 %v_3[2.6,] %v_5[2.8,] 	 ARGS:%v_5,
		 10: BRANCH %v_6[2.9,] 
BB 3
	outgoing: 6 
	datadep: 
	instructions:
		 0: 
		 1: (NodeInfoPresenter) def_%v_7 
		 2: %self->params def_%v_8 %self[2.0,] 	 ARGS:
		 3: %v_8->[] def_%v_9 %v_8[3.2,] 	 ARGS:Symbol,
		 4: %v_7->new def_%v_10 %v_7[3.1,] %v_9[3.3,] 	 ARGS:%v_9,
		 5: COPY TYPE_PASS def_document %v_10[3.4,] 
		 6: 
		 7: %v_10->content_type def_%v_11 %v_10[3.4,] 	 ARGS:
		 8: HASH-json-content_type- def_%v_12 document[3.5,] %v_11[3.7,] 
		 9: %self->render def_%v_13 %self[3.2,2.0,] %v_12[3.8,] 	 ARGS:%v_12,
		 10: RETURN %v_13[3.9,] %self[3.2,3.9,2.0,] 
BB 4
	outgoing: 6 
	datadep: 
	instructions:
		 0: 
		 1: %self->head def_%v_14 %self[2.0,] 	 ARGS:Symbol,
		 2: RETURN %v_14[4.1,] %self[4.1,2.0,] 
BB 6
	outgoing: 
	datadep: 
	instructions:

SET IRMethod, name = statistics
BB 1
	outgoing: 3 2 
	datadep: 
	instructions:
BB 2
	outgoing: 3 
	datadep: 
	instructions:
		 0: def_%self 
		 1: def_%v_0 
		 2: COPY TYPE_CurrentScope def_%current_scope 
		 3: COPY TYPE_ScopeModule def_%current_module 
		 4: 
		 5: 
		 6: %self->respond_to def_%v_3 %self[2.0,] %self[2.0,] 	 ARGS:%self,
CLOSURE BEGIN: format[] %self[2.0,] 
BB 1
	outgoing: 6 2 
	datadep: 
	instructions:
BB 2
	outgoing: 3 
	datadep: 
	instructions:
		 0: def_%self 
		 1: def_%cl_1_0 
		 2: RECEIVEARG def_format 
		 3: COPY TYPE_CurrentScope def_%current_scope 
		 4: COPY TYPE_ScopeModule def_%current_module 
BB 3
	outgoing: 4 6 
	datadep: 
	instructions:
		 0: 
		 1: format->json def_%cl_1_3 format[2.2,] %self[2.0,] 	 ARGS:format,
CLOSURE BEGIN: %self[2.0,] 
BB 1
	outgoing: 6 2 
	datadep: 
	instructions:
BB 2
	outgoing: 3 
	datadep: 
	instructions:
		 0: def_%self 
		 1: def_%cl_2_0 
		 2: COPY TYPE_CurrentScope def_%current_scope 
		 3: COPY TYPE_ScopeModule def_%current_module 
BB 3
	outgoing: 4 6 
	datadep: 
	instructions:
		 0: 
		 1: (StatisticsPresenter) def_%cl_2_3 
		 2: %cl_2_3->new def_%cl_2_4 %cl_2_3[3.1,] 	 ARGS:
		 3: HASH-json- def_%cl_2_5 %cl_2_4[3.2,] 
		 4: %self->render def_%cl_2_6 %self[2.0,] %cl_2_5[3.3,] 	 ARGS:%cl_2_5,
		 5: RETURN %cl_2_6[3.4,] %self[3.4,2.0,] 
BB 4
	outgoing: 6 
	datadep: 
	instructions:
		 0: def_%cl_2_7 
		 1: def_%cl_2_8 %cl_2_7[4.0,] 
		 2: RETURN %cl_2_8[4.1,] %self[2.0,] 
BB 6
	outgoing: 
	datadep: 
	instructions:
CLOSURE END
		 2: 
		 3: format->all def_%cl_1_4 format[3.1,2.2,] %self[2.0,] 	 ARGS:format,
CLOSURE BEGIN: %self[2.0,] 
BB 1
	outgoing: 6 2 
	datadep: 
	instructions:
BB 2
	outgoing: 3 
	datadep: 
	instructions:
		 0: def_%self 
		 1: def_%cl_3_0 
		 2: COPY TYPE_CurrentScope def_%current_scope 
		 3: COPY TYPE_ScopeModule def_%current_module 
BB 3
	outgoing: 4 6 
	datadep: 
	instructions:
		 0: 
		 1: (NodeInfoPresenter) def_%cl_3_3 
		 2: COPY TYPE_StringLiteral def_%cl_3_4 
		 3: %cl_3_3->new def_%cl_3_5 %cl_3_3[3.1,] %cl_3_4[3.2,] 	 ARGS:%cl_3_4,
		 4: ATTRASSIGN %self->statistics %cl_3_5[3.3,] 
		 5: RETURN %cl_3_5[3.3,] %self[3.4,2.0,] 
BB 4
	outgoing: 6 
	datadep: 
	instructions:
		 0: def_%cl_3_6 
		 1: def_%cl_3_7 %cl_3_6[4.0,] 
		 2: RETURN %cl_3_7[4.1,] %self[3.4,2.0,] 
BB 6
	outgoing: 
	datadep: 
	instructions:
CLOSURE END
		 4: RETURN %cl_1_4[3.3,] %self[2.0,] 
BB 4
	outgoing: 6 
	datadep: 
	instructions:
		 0: def_%cl_1_5 
		 1: def_%cl_1_6 %cl_1_5[4.0,] 
		 2: RETURN %cl_1_6[4.1,] %self[2.0,] 
BB 6
	outgoing: 
	datadep: 
	instructions:
CLOSURE END
		 7: RETURN %v_3[2.6,] %self[2.0,2.6,] 
BB 3
	outgoing: 
	datadep: 
	instructions:

