SET IRMethod, name = update
BB 1
	outgoing: 6 2 
	datadep: 
	instructions:
BB 2
	outgoing: 3 4 
	datadep: 
	instructions:
		 0: def_%self 
		 1: def_%v_0 
		 2: COPY TYPE_CurrentScope def_%current_scope 
		 3: COPY TYPE_ScopeModule def_%current_module 
		 4: 
		 5: 
		 6: (Notification) def_%v_3 
		 7: %self->current_user def_%v_4 %self[2.0,] 	 ARGS:
		 8: %v_4->id def_%v_5 %v_4[2.7,] 	 ARGS:
		 9: %self->params def_%v_6 %self[2.0,2.7,] 	 ARGS:
		 10: %v_6->[] def_%v_7 %v_6[2.9,] 	 ARGS:Symbol,
		 11: HASH-recipient_id-id- def_%v_8 %v_5[2.8,] %v_7[2.10,] 
		 12: %v_3->where def_%v_9 %v_3[2.6,] %v_8[2.11,] 	 ARGS:%v_8,
		 13: %v_9->first def_%v_10 %v_9[2.12,] 	 ARGS:
		 14: COPY TYPE_PASS def_note %v_10[2.13,] 
		 15: 
		 16: BRANCH %v_10[2.13,] 
BB 3
	outgoing: 6 
	datadep: 
	instructions:
		 0: 
		 1: %self->params def_%v_11 %self[2.0,] 	 ARGS:
		 2: %v_11->[] def_%v_12 %v_11[3.1,] 	 ARGS:Symbol,
		 3: COPY TYPE_StringLiteral def_%v_13 
		 4: %v_12->!= def_%v_14 %v_12[3.2,] %v_13[3.3,] 	 ARGS:%v_13,
		 5: note->set_read_state def_%v_15 note[2.14,] %v_14[3.4,] 	 ARGS:%v_14,
		 6: 
		 7: %self->respond_to def_%v_16 %self[3.1,2.0,] %self[3.1,2.0,] 	 ARGS:%self,
CLOSURE BEGIN: format[] %self[3.1,2.0,] 
BB 1
	outgoing: 6 2 
	datadep: 
	instructions:
BB 2
	outgoing: 3 
	datadep: 
	instructions:
		 0: def_%self 
		 1: def_%cl_1_0 
		 2: RECEIVEARG def_format 
		 3: COPY TYPE_CurrentScope def_%current_scope 
		 4: COPY TYPE_ScopeModule def_%current_module 
BB 3
	outgoing: 4 6 
	datadep: 
	instructions:
		 0: 
		 1: format->json def_%cl_1_3 format[2.2,] %self[2.0,] 	 ARGS:format,
CLOSURE BEGIN: note[] %self[2.0,] 
BB 1
	outgoing: 6 2 
	datadep: 
	instructions:
BB 2
	outgoing: 3 
	datadep: 
	instructions:
		 0: def_%self 
		 1: def_%cl_2_0 
		 2: COPY TYPE_CurrentScope def_%current_scope 
		 3: COPY TYPE_ScopeModule def_%current_module 
BB 3
	outgoing: 4 6 
	datadep: 
	instructions:
		 0: 
		 1: note->id def_%cl_2_3 note[] 	 ARGS:
		 2: note->unread def_%cl_2_4 note[3.1,] 	 ARGS:
		 3: HASH-guid-unread- def_%cl_2_5 %cl_2_3[3.1,] %cl_2_4[3.2,] 
		 4: HASH-json- def_%cl_2_6 %cl_2_5[3.3,] 
		 5: %self->render def_%cl_2_7 %self[2.0,] %cl_2_6[3.4,] 	 ARGS:%cl_2_6,
		 6: RETURN %cl_2_7[3.5,] %self[3.5,2.0,] 
BB 4
	outgoing: 6 
	datadep: 
	instructions:
		 0: def_%cl_2_8 
		 1: def_%cl_2_9 %cl_2_8[4.0,] 
		 2: RETURN %cl_2_9[4.1,] %self[2.0,] 
BB 6
	outgoing: 
	datadep: 
	instructions:
CLOSURE END
		 2: RETURN %cl_1_3[3.1,] %self[2.0,] 
BB 4
	outgoing: 6 
	datadep: 
	instructions:
		 0: def_%cl_1_4 
		 1: def_%cl_1_5 %cl_1_4[4.0,] 
		 2: RETURN %cl_1_5[4.1,] %self[2.0,] 
BB 6
	outgoing: 
	datadep: 
	instructions:
CLOSURE END
		 8: RETURN %v_16[3.7,] %self[3.1,3.7,2.0,] 
BB 4
	outgoing: 6 
	datadep: 
	instructions:
		 0: 
		 1: %self->respond_to def_%v_17 %self[2.0,] %self[2.0,] 	 ARGS:%self,
CLOSURE BEGIN: format[] %self[2.0,] 
BB 1
	outgoing: 6 2 
	datadep: 
	instructions:
BB 2
	outgoing: 3 
	datadep: 
	instructions:
		 0: def_%self 
		 1: def_%cl_3_0 
		 2: RECEIVEARG def_format 
		 3: COPY TYPE_CurrentScope def_%current_scope 
		 4: COPY TYPE_ScopeModule def_%current_module 
BB 3
	outgoing: 4 6 
	datadep: 
	instructions:
		 0: 
		 1: format->json def_%cl_3_3 format[2.2,] %self[2.0,] 	 ARGS:format,
CLOSURE BEGIN: %self[2.0,] 
BB 1
	outgoing: 6 2 
	datadep: 
	instructions:
BB 2
	outgoing: 3 
	datadep: 
	instructions:
		 0: def_%self 
		 1: def_%cl_4_0 
		 2: COPY TYPE_CurrentScope def_%current_scope 
		 3: COPY TYPE_ScopeModule def_%current_module 
BB 3
	outgoing: 4 6 
	datadep: 
	instructions:
		 0: 
		 1: HASH- def_%cl_4_3 
		 2: %cl_4_3->to_json def_%cl_4_4 %cl_4_3[3.1,] 	 ARGS:
		 3: HASH-json- def_%cl_4_5 %cl_4_4[3.2,] 
		 4: %self->render def_%cl_4_6 %self[2.0,] %cl_4_5[3.3,] 	 ARGS:%cl_4_5,
		 5: RETURN %cl_4_6[3.4,] %self[3.4,2.0,] 
BB 4
	outgoing: 6 
	datadep: 
	instructions:
		 0: def_%cl_4_7 
		 1: def_%cl_4_8 %cl_4_7[4.0,] 
		 2: RETURN %cl_4_8[4.1,] %self[2.0,] 
BB 6
	outgoing: 
	datadep: 
	instructions:
CLOSURE END
		 2: RETURN %cl_3_3[3.1,] %self[2.0,] 
BB 4
	outgoing: 6 
	datadep: 
	instructions:
		 0: def_%cl_3_4 
		 1: def_%cl_3_5 %cl_3_4[4.0,] 
		 2: RETURN %cl_3_5[4.1,] %self[2.0,] 
BB 6
	outgoing: 
	datadep: 
	instructions:
CLOSURE END
		 2: RETURN %v_17[4.1,] %self[4.1,2.0,] 
BB 6
	outgoing: 
	datadep: 
	instructions:

SET IRMethod, name = index
BB 1
	outgoing: 17 2 
	datadep: 
	instructions:
BB 2
	outgoing: 3 4 
	datadep: 
	instructions:
		 0: def_%self 
		 1: def_%v_0 
		 2: COPY TYPE_CurrentScope def_%current_scope 
		 3: COPY TYPE_ScopeModule def_%current_module 
		 4: 
		 5: 
		 6: %self->current_user def_%v_3 %self[2.0,] 	 ARGS:
		 7: %v_3->id def_%v_4 %v_3[2.6,] 	 ARGS:
		 8: HASH-recipient_id- def_%v_5 %v_4[2.7,] 
		 9: COPY TYPE_PASS def_conditions %v_5[2.8,] 
		 10: 
		 11: %self->params def_%v_6 %self[2.0,2.6,] 	 ARGS:
		 12: %v_6->[] def_%v_7 %v_6[2.11,] 	 ARGS:Symbol,
		 13: BRANCH %v_7[2.12,] 
BB 3
	outgoing: 4 
	datadep: 
	instructions:
		 0: (Notification) def_%v_8 
		 1: %v_8->types def_%v_9 %v_8[3.0,] 	 ARGS:
		 2: %self->params def_%v_10 %self[2.0,] 	 ARGS:
		 3: %v_10->[] def_%v_11 %v_10[3.2,] 	 ARGS:Symbol,
		 4: %v_9->has_key? def_%v_12 %v_9[3.1,] %v_11[3.3,] 	 ARGS:%v_11,
		 5: COPY TYPE_PASS def_%v_7 %v_12[3.4,] 
BB 4
	outgoing: 5 6 
	datadep: 
	instructions:
		 0: BRANCH %v_7[3.5,2.12,] 
BB 5
	outgoing: 7 
	datadep: 
	instructions:
		 0: 
		 1: (Notification) def_%v_13 
		 2: %v_13->types def_%v_14 %v_13[5.1,] 	 ARGS:
		 3: %self->params def_%v_15 %self[2.0,] 	 ARGS:
		 4: %v_15->[] def_%v_16 %v_15[5.3,] 	 ARGS:Symbol,
		 5: %v_14->[] def_%v_17 %v_14[5.2,] %v_16[5.4,] 	 ARGS:%v_16,
		 6: ATTRASSIGN conditions->[] %v_17[5.5,] 
		 7: 
BB 6
	outgoing: 7 
	datadep: 
	instructions:
		 0: COPY TYPE_Nil def_%v_17 
BB 7
	outgoing: 8 9 
	datadep: 
	instructions:
		 0: 
		 1: %self->params def_%v_18 %self[2.0,] 	 ARGS:
		 2: %v_18->[] def_%v_19 %v_18[7.1,] 	 ARGS:Symbol,
		 3: COPY TYPE_StringLiteral def_%v_20 
		 4: %v_19->== def_%v_21 %v_19[7.2,] %v_20[7.3,] 	 ARGS:%v_20,
		 5: BRANCH %v_21[7.4,] 
BB 8
	outgoing: 10 
	datadep: 
	instructions:
		 0: ATTRASSIGN conditions->[] 
		 1: COPY TYPE_Boolean def_%v_22 
		 2: 
BB 9
	outgoing: 10 
	datadep: 
	instructions:
		 0: COPY TYPE_Nil def_%v_22 
BB 10
	outgoing: 11 12 
	datadep: 
	instructions:
		 0: 
		 1: %self->params def_%v_23 %self[2.0,] 	 ARGS:
		 2: %v_23->[] def_%v_24 %v_23[10.1,] 	 ARGS:Symbol,
		 3: BRANCH %v_24[10.2,] 
BB 11
	outgoing: 12 
	datadep: 
	instructions:
		 0: COPY TYPE_Fixnum def_%v_24 
BB 12
	outgoing: 13 14 
	datadep: 
	instructions:
		 0: COPY TYPE_PASS def_page %v_24[11.0,10.2,] 
		 1: 
		 2: %self->params def_%v_25 %self[2.0,] 	 ARGS:
		 3: %v_25->[] def_%v_26 %v_25[12.2,] 	 ARGS:Symbol,
		 4: BRANCH %v_26[12.3,] 
BB 13
	outgoing: 14 
	datadep: 
	instructions:
		 0: COPY TYPE_Fixnum def_%v_26 
BB 14
	outgoing: 15 16 
	datadep: 
	instructions:
		 0: COPY TYPE_PASS def_per_page %v_26[13.0,12.3,] 
		 1: 
		 2: (WillPaginate) def_%v_27 
		 3: (inherit Collection) def_%v_28 %v_27[14.2,] 
		 4: %v_28[14.3,] 
BB 15
	outgoing: 16 
	datadep: 
	instructions:
		 0: %v_27->const_missing def_%v_28 %v_27[14.2,] 	 ARGS:Symbol,
BB 16
	outgoing: 17 
	datadep: 
	instructions:
		 0: (Notification) def_%v_29 
		 1: %v_29->where def_%v_30 %v_29[16.0,] conditions[8.0,5.6,2.9,] 	 ARGS:conditions,
		 2: %v_30->count def_%v_31 %v_30[16.1,] 	 ARGS:
		 3: %v_28->create def_%v_32 %v_28[15.0,14.3,] page[12.0,] per_page[14.0,] %v_31[16.2,] %self[2.0,] 	 ARGS:page,per_page,%v_31,%v_28,
CLOSURE BEGIN: conditions[8.0,5.6,2.9,] pager[] 
BB 1
	outgoing: 6 2 
	datadep: 
	instructions:
BB 2
	outgoing: 3 
	datadep: 
	instructions:
		 0: def_%self 
		 1: def_%cl_1_0 
		 2: RECEIVEARG def_pager 
		 3: COPY TYPE_CurrentScope def_%current_scope 
		 4: COPY TYPE_ScopeModule def_%current_module 
BB 3
	outgoing: 4 6 
	datadep: 
	instructions:
		 0: 
		 1: (Notification) def_%cl_1_3 
		 2: %cl_1_3->where def_%cl_1_4 %cl_1_3[3.1,] conditions[] 	 ARGS:conditions,
		 3: HASH-actors- def_%cl_1_5 
		 4: %cl_1_4->includes def_%cl_1_6 %cl_1_4[3.2,] %cl_1_5[3.3,] 	 ARGS:Symbol,%cl_1_5,
		 5: COPY TYPE_StringLiteral def_%cl_1_7 
		 6: %cl_1_6->order def_%cl_1_8 %cl_1_6[3.4,] %cl_1_7[3.5,] 	 ARGS:%cl_1_7,
		 7: pager->per_page def_%cl_1_9 pager[2.2,] 	 ARGS:
		 8: %cl_1_8->limit def_%cl_1_10 %cl_1_8[3.6,] %cl_1_9[3.7,] 	 ARGS:%cl_1_9,
		 9: pager->offset def_%cl_1_11 pager[3.7,2.2,] 	 ARGS:
		 10: %cl_1_10->offset def_%cl_1_12 %cl_1_10[3.8,] %cl_1_11[3.9,] 	 ARGS:%cl_1_11,
		 11: COPY TYPE_PASS def_result %cl_1_12[3.10,] 
		 12: 
		 13: pager->replace def_%cl_1_13 pager[3.7,3.9,2.2,] %cl_1_12[3.10,] 	 ARGS:result,
		 14: RETURN %cl_1_13[3.13,] %self[2.0,] 
BB 4
	outgoing: 6 
	datadep: 
	instructions:
		 0: def_%cl_1_14 
		 1: def_%cl_1_15 %cl_1_14[4.0,] 
		 2: RETURN %cl_1_15[4.1,] %self[2.0,] 
BB 6
	outgoing: 
	datadep: 
	instructions:
CLOSURE END
		 4: ATTRASSIGN %self->notifications %v_32[16.3,] 
		 5: 
		 6: GETFIELD %self->notifications def_%v_33 %self[16.4,2.0,] 
		 7: %v_33->each def_%v_34 %v_33[16.6,] %self[16.4,2.0,] 	 ARGS:%v_33,
CLOSURE BEGIN: note[] %self[16.4,2.0,] 
BB 1
	outgoing: 6 2 
	datadep: 
	instructions:
BB 2
	outgoing: 3 
	datadep: 
	instructions:
		 0: def_%self 
		 1: def_%cl_2_0 
		 2: RECEIVEARG def_note 
		 3: COPY TYPE_CurrentScope def_%current_scope 
		 4: COPY TYPE_ScopeModule def_%current_module 
BB 3
	outgoing: 4 6 
	datadep: 
	instructions:
		 0: 
		 1: COPY TYPE_StringLiteral def_%cl_2_3 
		 2: HASH-note- def_%cl_2_4 note[2.2,] 
		 3: HASH-partial-locals- def_%cl_2_5 %cl_2_3[3.1,] %cl_2_4[3.2,] 
		 4: %self->render_to_string def_%cl_2_6 %self[2.0,] %cl_2_5[3.3,] 	 ARGS:%cl_2_5,
		 5: ATTRASSIGN note->note_html %cl_2_6[3.4,] 
		 6: RETURN %cl_2_6[3.4,] %self[3.4,2.0,] 
BB 4
	outgoing: 6 
	datadep: 
	instructions:
		 0: def_%cl_2_7 
		 1: def_%cl_2_8 %cl_2_7[4.0,] 
		 2: RETURN %cl_2_8[4.1,] %self[2.0,] 
BB 6
	outgoing: 
	datadep: 
	instructions:
CLOSURE END
		 8: 
		 9: GETFIELD %self->notifications def_%v_35 %self[16.4,2.0,] 
		 10: %v_35->group_by def_%v_36 %v_35[16.9,] %self[16.4,2.0,] 	 ARGS:%v_35,
CLOSURE BEGIN: note[] 
BB 1
	outgoing: 6 2 
	datadep: 
	instructions:
BB 2
	outgoing: 3 
	datadep: 
	instructions:
		 0: def_%self 
		 1: def_%cl_3_0 
		 2: RECEIVEARG def_note 
		 3: COPY TYPE_CurrentScope def_%current_scope 
		 4: COPY TYPE_ScopeModule def_%current_module 
BB 3
	outgoing: 4 6 
	datadep: 
	instructions:
		 0: 
		 1: note->created_at def_%cl_3_3 note[2.2,] 	 ARGS:
		 2: COPY TYPE_StringLiteral def_%cl_3_4 
		 3: %cl_3_3->strftime def_%cl_3_5 %cl_3_3[3.1,] %cl_3_4[3.2,] 	 ARGS:%cl_3_4,
		 4: RETURN %cl_3_5[3.3,] %self[2.0,] 
BB 4
	outgoing: 6 
	datadep: 
	instructions:
		 0: def_%cl_3_6 
		 1: def_%cl_3_7 %cl_3_6[4.0,] 
		 2: RETURN %cl_3_7[4.1,] %self[2.0,] 
BB 6
	outgoing: 
	datadep: 
	instructions:
CLOSURE END
		 11: ATTRASSIGN %self->group_days %v_36[16.10,] 
		 12: 
		 13: %self->current_user def_%v_37 %self[16.4,16.11,2.0,] 	 ARGS:
		 14: %v_37->unread_notifications def_%v_38 %v_37[16.13,] 	 ARGS:
		 15: %v_38->count def_%v_39 %v_38[16.14,] 	 ARGS:
		 16: ATTRASSIGN %self->unread_notification_count %v_39[16.15,] 
		 17: 
		 18: HASH- def_%v_40 
		 19: ATTRASSIGN %self->grouped_unread_notification_counts %v_40[16.18,] 
		 20: 
		 21: (Notification) def_%v_41 
		 22: %v_41->types def_%v_42 %v_41[16.21,] 	 ARGS:
		 23: %self->current_user def_%v_43 %self[16.4,16.11,16.13,16.16,16.19,2.0,] 	 ARGS:
		 24: %v_43->unread_notifications def_%v_44 %v_43[16.23,] 	 ARGS:
		 25: %v_44->group_by def_%v_45 %v_44[16.24,] 	 ARGS:
		 26: %v_42->each_with_object def_%v_46 %v_42[16.22,] %v_45[16.25,] %self[16.4,16.11,16.13,16.16,16.19,16.23,2.0,] 	 ARGS:%v_45,%v_42,
CLOSURE BEGIN: %self[16.4,16.11,16.13,16.16,16.19,16.23,2.0,] notifications[] type[] name[] 
BB 1
	outgoing: 9 2 
	datadep: 
	instructions:
BB 2
	outgoing: 3 7 
	datadep: 
	instructions:
		 0: def_%self 
		 1: def_%cl_4_0 
		 2: RECEIVEARG def_%cl_4_1 
		 3: def_%cl_4_2 %cl_4_1[2.2,] 
		 4: def_name %cl_4_2[2.3,] 
		 5: def_type %cl_4_2[2.3,] 
		 6: RECEIVEARG def_notifications 
		 7: COPY TYPE_CurrentScope def_%current_scope 
		 8: COPY TYPE_ScopeModule def_%current_module 
BB 3
	outgoing: 4 5 7 
	datadep: 
	instructions:
		 0: 
		 1: GETFIELD %self->grouped_unread_notification_counts def_%cl_4_5 %self[2.0,] 
		 2: notifications->has_key? def_%cl_4_6 notifications[2.6,] type[2.5,] 	 ARGS:type,
		 3: BRANCH %cl_4_6[3.2,] 
BB 4
	outgoing: 6 7 
	datadep: 
	instructions:
		 0: notifications->[] def_%cl_4_7 notifications[2.6,] type[2.5,] 	 ARGS:type,
		 1: %cl_4_7->count def_%cl_4_8 %cl_4_7[4.0,] 	 ARGS:
		 2: 
BB 5
	outgoing: 6 
	datadep: 
	instructions:
		 0: COPY TYPE_Fixnum def_%cl_4_8 
BB 6
	outgoing: 7 9 
	datadep: 
	instructions:
		 0: ATTRASSIGN %cl_4_5->[] name[2.4,] %cl_4_8[5.0,4.1,] 
		 1: RETURN %cl_4_8[5.0,4.1,] %self[2.0,] 
BB 7
	outgoing: 9 
	datadep: 
	instructions:
		 0: def_%cl_4_9 
		 1: def_%cl_4_10 %cl_4_9[7.0,] 
		 2: RETURN %cl_4_10[7.1,] %self[2.0,] 
BB 9
	outgoing: 
	datadep: 
	instructions:
CLOSURE END
		 27: 
		 28: %self->respond_to def_%v_47 %self[16.4,16.11,16.13,16.16,16.19,16.23,2.0,] %self[16.4,16.11,16.13,16.16,16.19,16.23,2.0,] 	 ARGS:%self,
CLOSURE BEGIN: format[] %self[16.4,16.11,16.13,16.16,16.19,16.23,2.0,] 
BB 1
	outgoing: 6 2 
	datadep: 
	instructions:
BB 2
	outgoing: 3 
	datadep: 
	instructions:
		 0: def_%self 
		 1: def_%cl_5_0 
		 2: RECEIVEARG def_format 
		 3: COPY TYPE_CurrentScope def_%current_scope 
		 4: COPY TYPE_ScopeModule def_%current_module 
BB 3
	outgoing: 4 6 
	datadep: 
	instructions:
		 0: 
		 1: format->html def_%cl_5_3 format[2.2,] 	 ARGS:
		 2: 
		 3: format->xml def_%cl_5_4 format[3.1,2.2,] %self[2.0,] 	 ARGS:format,
CLOSURE BEGIN: %self[2.0,] 
BB 1
	outgoing: 6 2 
	datadep: 
	instructions:
BB 2
	outgoing: 3 
	datadep: 
	instructions:
		 0: def_%self 
		 1: def_%cl_6_0 
		 2: COPY TYPE_CurrentScope def_%current_scope 
		 3: COPY TYPE_ScopeModule def_%current_module 
BB 3
	outgoing: 4 6 
	datadep: 
	instructions:
		 0: 
		 1: GETFIELD %self->notifications def_%cl_6_3 %self[2.0,] 
		 2: %cl_6_3->to_xml def_%cl_6_4 %cl_6_3[3.1,] 	 ARGS:
		 3: HASH-xml- def_%cl_6_5 %cl_6_4[3.2,] 
		 4: %self->render def_%cl_6_6 %self[2.0,] %cl_6_5[3.3,] 	 ARGS:%cl_6_5,
		 5: RETURN %cl_6_6[3.4,] %self[3.4,2.0,] 
BB 4
	outgoing: 6 
	datadep: 
	instructions:
		 0: def_%cl_6_7 
		 1: def_%cl_6_8 %cl_6_7[4.0,] 
		 2: RETURN %cl_6_8[4.1,] %self[2.0,] 
BB 6
	outgoing: 
	datadep: 
	instructions:
CLOSURE END
		 4: 
		 5: format->json def_%cl_5_5 format[3.1,3.3,2.2,] %self[2.0,] 	 ARGS:format,
CLOSURE BEGIN: %self[2.0,] 
BB 1
	outgoing: 6 2 
	datadep: 
	instructions:
BB 2
	outgoing: 3 
	datadep: 
	instructions:
		 0: def_%self 
		 1: def_%cl_7_0 
		 2: COPY TYPE_CurrentScope def_%current_scope 
		 3: COPY TYPE_ScopeModule def_%current_module 
BB 3
	outgoing: 4 6 
	datadep: 
	instructions:
		 0: 
		 1: GETFIELD %self->notifications def_%cl_7_3 %self[2.0,] 
		 2: %cl_7_3->to_json def_%cl_7_4 %cl_7_3[3.1,] 	 ARGS:
		 3: HASH-json- def_%cl_7_5 %cl_7_4[3.2,] 
		 4: %self->render def_%cl_7_6 %self[2.0,] %cl_7_5[3.3,] 	 ARGS:%cl_7_5,
		 5: RETURN %cl_7_6[3.4,] %self[3.4,2.0,] 
BB 4
	outgoing: 6 
	datadep: 
	instructions:
		 0: def_%cl_7_7 
		 1: def_%cl_7_8 %cl_7_7[4.0,] 
		 2: RETURN %cl_7_8[4.1,] %self[2.0,] 
BB 6
	outgoing: 
	datadep: 
	instructions:
CLOSURE END
		 6: RETURN %cl_5_5[3.5,] %self[2.0,] 
BB 4
	outgoing: 6 
	datadep: 
	instructions:
		 0: def_%cl_5_6 
		 1: def_%cl_5_7 %cl_5_6[4.0,] 
		 2: RETURN %cl_5_7[4.1,] %self[2.0,] 
BB 6
	outgoing: 
	datadep: 
	instructions:
CLOSURE END
		 29: RETURN %v_47[16.28,] %self[16.4,16.11,16.13,16.16,16.19,16.23,16.28,2.0,] 
BB 17
	outgoing: 
	datadep: 
	instructions:

SET IRMethod, name = read_all
BB 1
	outgoing: 6 2 
	datadep: 
	instructions:
BB 2
	outgoing: 3 4 
	datadep: 
	instructions:
		 0: def_%self 
		 1: def_%v_0 
		 2: COPY TYPE_CurrentScope def_%current_scope 
		 3: COPY TYPE_ScopeModule def_%current_module 
		 4: 
		 5: 
		 6: (Notification) def_%v_3 
		 7: %v_3->types def_%v_4 %v_3[2.6,] 	 ARGS:
		 8: %self->params def_%v_5 %self[2.0,] 	 ARGS:
		 9: %v_5->[] def_%v_6 %v_5[2.8,] 	 ARGS:Symbol,
		 10: %v_4->[] def_%v_7 %v_4[2.7,] %v_6[2.9,] 	 ARGS:%v_6,
		 11: COPY TYPE_PASS def_current_type %v_7[2.10,] 
		 12: 
		 13: (Notification) def_%v_8 
		 14: %self->current_user def_%v_9 %self[2.0,2.8,] 	 ARGS:
		 15: %v_9->id def_%v_10 %v_9[2.14,] 	 ARGS:
		 16: HASH-recipient_id- def_%v_11 %v_10[2.15,] 
		 17: %v_8->where def_%v_12 %v_8[2.13,] %v_11[2.16,] 	 ARGS:%v_11,
		 18: COPY TYPE_PASS def_notifications %v_12[2.17,] 
		 19: 
		 20: %self->params def_%v_13 %self[2.0,2.8,2.14,] 	 ARGS:
		 21: %v_13->[] def_%v_14 %v_13[2.20,] 	 ARGS:Symbol,
		 22: BRANCH %v_14[2.21,] 
BB 3
	outgoing: 5 
	datadep: 
	instructions:
		 0: HASH-type- def_%v_15 current_type[2.11,] 
		 1: notifications->where def_%v_16 notifications[2.18,] %v_15[3.0,] 	 ARGS:%v_15,
		 2: COPY TYPE_PASS def_notifications %v_16[3.1,] 
		 3: 
BB 4
	outgoing: 5 
	datadep: 
	instructions:
		 0: COPY TYPE_Nil def_%v_16 
BB 5
	outgoing: 6 
	datadep: 
	instructions:
		 0: 
		 1: HASH-unread- def_%v_17 
		 2: notifications->update_all def_%v_18 notifications[3.2,2.18,] %v_17[5.1,] 	 ARGS:%v_17,
		 3: 
		 4: %self->respond_to def_%v_19 %self[2.0,] %self[2.0,] 	 ARGS:%self,
CLOSURE BEGIN: %self[2.0,] format[] 
BB 1
	outgoing: 9 2 
	datadep: 
	instructions:
BB 2
	outgoing: 3 
	datadep: 
	instructions:
		 0: def_%self 
		 1: def_%cl_1_0 
		 2: RECEIVEARG def_format 
		 3: COPY TYPE_CurrentScope def_%current_scope 
		 4: COPY TYPE_ScopeModule def_%current_module 
BB 3
	outgoing: 4 5 7 
	datadep: 
	instructions:
		 0: 
		 1: %self->current_user def_%cl_1_3 %self[2.0,] 	 ARGS:
		 2: %cl_1_3->unread_notifications def_%cl_1_4 %cl_1_3[3.1,] 	 ARGS:
		 3: %cl_1_4->count def_%cl_1_5 %cl_1_4[3.2,] 	 ARGS:
		 4: %cl_1_5->> def_%cl_1_6 %cl_1_5[3.3,] 	 ARGS:Fixnum,
		 5: BRANCH %cl_1_6[3.4,] 
BB 4
	outgoing: 6 7 
	datadep: 
	instructions:
		 0: 
		 1: format->html def_%cl_1_7 format[2.2,] %self[2.0,] 	 ARGS:format,
CLOSURE BEGIN: %self[2.0,] 
BB 1
	outgoing: 6 2 
	datadep: 
	instructions:
BB 2
	outgoing: 3 
	datadep: 
	instructions:
		 0: def_%self 
		 1: def_%cl_2_0 
		 2: COPY TYPE_CurrentScope def_%current_scope 
		 3: COPY TYPE_ScopeModule def_%current_module 
BB 3
	outgoing: 4 6 
	datadep: 
	instructions:
		 0: 
		 1: %self->notifications_path def_%cl_2_3 %self[2.0,] 	 ARGS:
		 2: %self->redirect_to def_%cl_2_4 %self[3.1,2.0,] %cl_2_3[3.1,] 	 ARGS:%cl_2_3,
		 3: RETURN %cl_2_4[3.2,] %self[3.1,3.2,2.0,] 
BB 4
	outgoing: 6 
	datadep: 
	instructions:
		 0: def_%cl_2_5 
		 1: def_%cl_2_6 %cl_2_5[4.0,] 
		 2: RETURN %cl_2_6[4.1,] %self[2.0,] 
BB 6
	outgoing: 
	datadep: 
	instructions:
CLOSURE END
		 2: 
		 3: format->mobile def_%cl_1_8 format[4.1,2.2,] %self[2.0,] 	 ARGS:format,
CLOSURE BEGIN: %self[2.0,] 
BB 1
	outgoing: 6 2 
	datadep: 
	instructions:
BB 2
	outgoing: 3 
	datadep: 
	instructions:
		 0: def_%self 
		 1: def_%cl_3_0 
		 2: COPY TYPE_CurrentScope def_%current_scope 
		 3: COPY TYPE_ScopeModule def_%current_module 
BB 3
	outgoing: 4 6 
	datadep: 
	instructions:
		 0: 
		 1: %self->notifications_path def_%cl_3_3 %self[2.0,] 	 ARGS:
		 2: %self->redirect_to def_%cl_3_4 %self[3.1,2.0,] %cl_3_3[3.1,] 	 ARGS:%cl_3_3,
		 3: RETURN %cl_3_4[3.2,] %self[3.1,3.2,2.0,] 
BB 4
	outgoing: 6 
	datadep: 
	instructions:
		 0: def_%cl_3_5 
		 1: def_%cl_3_6 %cl_3_5[4.0,] 
		 2: RETURN %cl_3_6[4.1,] %self[2.0,] 
BB 6
	outgoing: 
	datadep: 
	instructions:
CLOSURE END
		 4: 
BB 5
	outgoing: 6 7 
	datadep: 
	instructions:
		 0: 
		 1: format->html def_%cl_1_9 format[2.2,] %self[2.0,] 	 ARGS:format,
CLOSURE BEGIN: %self[2.0,] 
BB 1
	outgoing: 6 2 
	datadep: 
	instructions:
BB 2
	outgoing: 3 
	datadep: 
	instructions:
		 0: def_%self 
		 1: def_%cl_4_0 
		 2: COPY TYPE_CurrentScope def_%current_scope 
		 3: COPY TYPE_ScopeModule def_%current_module 
BB 3
	outgoing: 4 6 
	datadep: 
	instructions:
		 0: 
		 1: %self->stream_path def_%cl_4_3 %self[2.0,] 	 ARGS:
		 2: %self->redirect_to def_%cl_4_4 %self[3.1,2.0,] %cl_4_3[3.1,] 	 ARGS:%cl_4_3,
		 3: RETURN %cl_4_4[3.2,] %self[3.1,3.2,2.0,] 
BB 4
	outgoing: 6 
	datadep: 
	instructions:
		 0: def_%cl_4_5 
		 1: def_%cl_4_6 %cl_4_5[4.0,] 
		 2: RETURN %cl_4_6[4.1,] %self[2.0,] 
BB 6
	outgoing: 
	datadep: 
	instructions:
CLOSURE END
		 2: 
		 3: format->mobile def_%cl_1_10 format[5.1,2.2,] %self[2.0,] 	 ARGS:format,
CLOSURE BEGIN: %self[2.0,] 
BB 1
	outgoing: 6 2 
	datadep: 
	instructions:
BB 2
	outgoing: 3 
	datadep: 
	instructions:
		 0: def_%self 
		 1: def_%cl_5_0 
		 2: COPY TYPE_CurrentScope def_%current_scope 
		 3: COPY TYPE_ScopeModule def_%current_module 
BB 3
	outgoing: 4 6 
	datadep: 
	instructions:
		 0: 
		 1: %self->stream_path def_%cl_5_3 %self[2.0,] 	 ARGS:
		 2: %self->redirect_to def_%cl_5_4 %self[3.1,2.0,] %cl_5_3[3.1,] 	 ARGS:%cl_5_3,
		 3: RETURN %cl_5_4[3.2,] %self[3.1,3.2,2.0,] 
BB 4
	outgoing: 6 
	datadep: 
	instructions:
		 0: def_%cl_5_5 
		 1: def_%cl_5_6 %cl_5_5[4.0,] 
		 2: RETURN %cl_5_6[4.1,] %self[2.0,] 
BB 6
	outgoing: 
	datadep: 
	instructions:
CLOSURE END
		 4: COPY TYPE_PASS def_%cl_1_8 %cl_1_10[5.3,] 
BB 6
	outgoing: 7 9 
	datadep: 
	instructions:
		 0: 
		 1: format->xml def_%cl_1_11 format[2.2,] %self[2.0,] 	 ARGS:format,
CLOSURE BEGIN: %self[2.0,] 
BB 1
	outgoing: 6 2 
	datadep: 
	instructions:
BB 2
	outgoing: 3 
	datadep: 
	instructions:
		 0: def_%self 
		 1: def_%cl_6_0 
		 2: COPY TYPE_CurrentScope def_%current_scope 
		 3: COPY TYPE_ScopeModule def_%current_module 
BB 3
	outgoing: 4 6 
	datadep: 
	instructions:
		 0: 
		 1: HASH- def_%cl_6_3 
		 2: %cl_6_3->to_xml def_%cl_6_4 %cl_6_3[3.1,] 	 ARGS:
		 3: HASH-xml- def_%cl_6_5 %cl_6_4[3.2,] 
		 4: %self->render def_%cl_6_6 %self[2.0,] %cl_6_5[3.3,] 	 ARGS:%cl_6_5,
		 5: RETURN %cl_6_6[3.4,] %self[3.4,2.0,] 
BB 4
	outgoing: 6 
	datadep: 
	instructions:
		 0: def_%cl_6_7 
		 1: def_%cl_6_8 %cl_6_7[4.0,] 
		 2: RETURN %cl_6_8[4.1,] %self[2.0,] 
BB 6
	outgoing: 
	datadep: 
	instructions:
CLOSURE END
		 2: 
		 3: format->json def_%cl_1_12 format[6.1,2.2,] %self[2.0,] 	 ARGS:format,
CLOSURE BEGIN: %self[2.0,] 
BB 1
	outgoing: 6 2 
	datadep: 
	instructions:
BB 2
	outgoing: 3 
	datadep: 
	instructions:
		 0: def_%self 
		 1: def_%cl_7_0 
		 2: COPY TYPE_CurrentScope def_%current_scope 
		 3: COPY TYPE_ScopeModule def_%current_module 
BB 3
	outgoing: 4 6 
	datadep: 
	instructions:
		 0: 
		 1: HASH- def_%cl_7_3 
		 2: %cl_7_3->to_json def_%cl_7_4 %cl_7_3[3.1,] 	 ARGS:
		 3: HASH-json- def_%cl_7_5 %cl_7_4[3.2,] 
		 4: %self->render def_%cl_7_6 %self[2.0,] %cl_7_5[3.3,] 	 ARGS:%cl_7_5,
		 5: RETURN %cl_7_6[3.4,] %self[3.4,2.0,] 
BB 4
	outgoing: 6 
	datadep: 
	instructions:
		 0: def_%cl_7_7 
		 1: def_%cl_7_8 %cl_7_7[4.0,] 
		 2: RETURN %cl_7_8[4.1,] %self[2.0,] 
BB 6
	outgoing: 
	datadep: 
	instructions:
CLOSURE END
		 4: RETURN %cl_1_12[6.3,] %self[2.0,] 
BB 7
	outgoing: 9 
	datadep: 
	instructions:
		 0: def_%cl_1_13 
		 1: def_%cl_1_14 %cl_1_13[7.0,] 
		 2: RETURN %cl_1_14[7.1,] %self[2.0,] 
BB 9
	outgoing: 
	datadep: 
	instructions:
CLOSURE END
		 5: RETURN %v_19[5.4,] %self[5.4,2.0,] 
BB 6
	outgoing: 
	datadep: 
	instructions:

