SET IRMethod, name = create
BB 1
	outgoing: 9 2 
	datadep: 
	instructions:
BB 2
	outgoing: 3 4 
	datadep: 
	instructions:
		 0: def_%self 
		 1: def_%v_0 
		 2: COPY TYPE_CurrentScope def_%current_scope 
		 3: COPY TYPE_ScopeModule def_%current_module 
		 4: 
		 5: 
		 6: (User) def_%v_3 
		 7: %self->user_params def_%v_4 %self[2.0,] 	 ARGS:
		 8: %v_3->build def_%v_5 %v_3[2.6,] %v_4[2.7,] 	 ARGS:%v_4,
		 9: ATTRASSIGN %self->user %v_5[2.8,] 
		 10: 
		 11: %self->invite def_%v_6 %self[2.0,2.7,2.9,] 	 ARGS:
		 12: %v_6->present? def_%v_7 %v_6[2.11,] 	 ARGS:
		 13: BRANCH %v_7[2.12,] 
BB 3
	outgoing: 5 
	datadep: 
	instructions:
		 0: GETFIELD %self->user def_%v_8 %self[2.0,2.9,] 
		 1: %self->invite def_%v_9 %self[2.0,2.9,] 	 ARGS:
		 2: %v_8->process_invite_acceptence def_%v_10 %v_8[3.0,] %v_9[3.1,] 	 ARGS:%v_9,
		 3: 
BB 4
	outgoing: 5 
	datadep: 
	instructions:
		 0: COPY TYPE_Nil def_%v_10 
BB 5
	outgoing: 6 7 
	datadep: 
	instructions:
		 0: 
		 1: GETFIELD %self->user def_%v_11 %self[2.0,2.9,] 
		 2: %v_11->sign_up def_%v_12 %v_11[5.1,] 	 ARGS:
		 3: BRANCH %v_12[5.2,] 
BB 6
	outgoing: 9 
	datadep: 
	instructions:
		 0: 
		 1: %self->flash def_%v_13 %self[2.0,2.9,] 	 ARGS:
		 2: (I18n) def_%v_14 
		 3: COPY TYPE_StringLiteral def_%v_15 
		 4: %v_14->t def_%v_16 %v_14[6.2,] %v_15[6.3,] 	 ARGS:%v_15,
		 5: ATTRASSIGN %v_13->[] %v_16[6.4,] 
		 6: 
		 7: GETFIELD %self->user def_%v_17 %self[6.1,2.0,2.9,] 
		 8: %v_17->seed_aspects def_%v_18 %v_17[6.7,] 	 ARGS:
		 9: 
		 10: GETFIELD %self->user def_%v_19 %self[6.1,2.0,2.9,] 
		 11: %v_19->send_welcome_message def_%v_20 %v_19[6.10,] 	 ARGS:
		 12: 
		 13: GETFIELD %self->user def_%v_21 %self[6.1,2.0,2.9,] 
		 14: %self->sign_in_and_redirect def_%v_22 %self[6.1,2.0,2.9,] %v_21[6.13,] 	 ARGS:Symbol,%v_21,
		 15: 
		 16: %self->logger def_%v_23 %self[6.1,6.14,2.0,2.9,] 	 ARGS:
		 17: COPY TYPE_StringLiteral def_%v_24 
		 18: GETFIELD %self->user def_%v_25 %self[6.1,6.14,6.16,2.0,2.9,] 
		 19: %v_25->diaspora_handle def_%v_26 %v_25[6.18,] 	 ARGS:
		 20: BUILDSTRING def_%v_27 %v_24[6.17,] %v_26[6.19,] 
		 21: %v_23->info def_%v_28 %v_23[6.16,] %v_27[6.20,] 	 ARGS:%v_27,
		 22: RETURN %v_28[6.21,] %self[6.1,6.14,6.16,2.0,2.9,] 
BB 7
	outgoing: 9 
	datadep: 
	instructions:
		 0: 
		 1: GETFIELD %self->user def_%v_29 %self[2.0,2.9,] 
		 2: %v_29->errors def_%v_30 %v_29[7.1,] 	 ARGS:
		 3: %v_30->delete def_%v_31 %v_30[7.2,] 	 ARGS:Symbol,
		 4: 
		 5: %self->flash def_%v_32 %self[2.0,2.9,] 	 ARGS:
		 6: %v_32->now def_%v_33 %v_32[7.5,] 	 ARGS:
		 7: GETFIELD %self->user def_%v_34 %self[7.5,2.0,2.9,] 
		 8: %v_34->errors def_%v_35 %v_34[7.7,] 	 ARGS:
		 9: %v_35->full_messages def_%v_36 %v_35[7.8,] 	 ARGS:
		 10: COPY TYPE_StringLiteral def_%v_37 
		 11: %v_36->join def_%v_38 %v_36[7.9,] %v_37[7.10,] 	 ARGS:%v_37,
		 12: ATTRASSIGN %v_33->[] %v_38[7.11,] 
		 13: 
		 14: %self->logger def_%v_39 %self[7.5,2.0,2.9,] 	 ARGS:
		 15: COPY TYPE_StringLiteral def_%v_40 
		 16: GETFIELD %self->user def_%v_41 %self[7.5,7.14,2.0,2.9,] 
		 17: %v_41->errors def_%v_42 %v_41[7.16,] 	 ARGS:
		 18: %v_42->full_messages def_%v_43 %v_42[7.17,] 	 ARGS:
		 19: COPY TYPE_StringLiteral def_%v_44 
		 20: %v_43->join def_%v_45 %v_43[7.18,] %v_44[7.19,] 	 ARGS:%v_44,
		 21: COPY TYPE_StringLiteral def_%v_46 
		 22: BUILDSTRING def_%v_47 %v_40[7.15,] %v_45[7.20,] %v_46[7.21,] 
		 23: %v_39->info def_%v_48 %v_39[7.14,] %v_47[7.22,] 	 ARGS:%v_47,
		 24: 
		 25: COPY TYPE_StringLiteral def_%v_49 
		 26: COPY TYPE_StringLiteral def_%v_50 
		 27: HASH-action-layout- def_%v_51 %v_49[7.25,] %v_50[7.26,] 
		 28: %self->render def_%v_52 %self[7.5,7.14,2.0,2.9,] %v_51[7.27,] 	 ARGS:%v_51,
		 29: RETURN %v_52[7.28,] %self[7.5,7.14,7.28,2.0,2.9,] 
BB 9
	outgoing: 
	datadep: 
	instructions:

SET IRMethod, name = new
BB 1
	outgoing: 3 2 
	datadep: 
	instructions:
BB 2
	outgoing: 3 
	datadep: 
	instructions:
		 0: def_%self 
		 1: def_%v_0 
		 2: COPY TYPE_CurrentScope def_%current_scope 
		 3: COPY TYPE_ScopeModule def_%current_module 
		 4: 
		 5: 
		 6: %v_0->new def_%v_3 %v_0[2.1,] 	 ARGS:
		 7: RETURN %v_3[2.6,] %self[2.0,] 
BB 3
	outgoing: 
	datadep: 
	instructions:

SET IRMethod, name = check_valid_invite!
BB 1
	outgoing: 11 2 
	datadep: 
	instructions:
BB 2
	outgoing: 3 4 
	datadep: 
	instructions:
		 0: def_%self 
		 1: def_%v_0 
		 2: COPY TYPE_CurrentScope def_%current_scope 
		 3: COPY TYPE_ScopeModule def_%current_module 
		 4: 
		 5: 
		 6: (AppConfig) def_%v_3 
		 7: %v_3->settings def_%v_4 %v_3[2.6,] 	 ARGS:
		 8: %v_4->enable_registrations? def_%v_5 %v_4[2.7,] 	 ARGS:
		 9: BRANCH %v_5[2.8,] 
BB 3
	outgoing: 11 
	datadep: 
	instructions:
		 0: RETURN %self[2.0,] 
BB 4
	outgoing: 6 7 
	datadep: 
	instructions:
		 0: COPY TYPE_Nil def_%v_6 
		 1: 
		 2: %self->invite def_%v_7 %self[2.0,] 	 ARGS:
		 3: BRANCH %v_7[4.2,] 
BB 6
	outgoing: 7 
	datadep: 
	instructions:
		 0: %self->invite def_%v_8 %self[2.0,] 	 ARGS:
		 1: %v_8->can_be_used? def_%v_9 %v_8[6.0,] 	 ARGS:
		 2: COPY TYPE_PASS def_%v_7 %v_9[6.1,] 
BB 7
	outgoing: 8 9 
	datadep: 
	instructions:
		 0: BRANCH %v_7[6.2,4.2,] 
BB 8
	outgoing: 11 
	datadep: 
	instructions:
		 0: RETURN %self[2.0,] 
BB 9
	outgoing: 11 
	datadep: 
	instructions:
		 0: COPY TYPE_Nil def_%v_10 
		 1: 
		 2: %self->flash def_%v_11 %self[2.0,] 	 ARGS:
		 3: COPY TYPE_StringLiteral def_%v_12 
		 4: %self->t def_%v_13 %self[9.2,2.0,] %v_12[9.3,] 	 ARGS:%v_12,
		 5: ATTRASSIGN %v_11->[] %v_13[9.4,] 
		 6: 
		 7: %self->new_user_session_path def_%v_14 %self[9.2,9.4,2.0,] 	 ARGS:
		 8: %self->redirect_to def_%v_15 %self[9.2,9.4,9.7,2.0,] %v_14[9.7,] 	 ARGS:%v_14,
		 9: RETURN %v_15[9.8,] %self[9.2,9.4,9.7,9.8,2.0,] 
BB 11
	outgoing: 
	datadep: 
	instructions:

SET IRMethod, name = check_registrations_open_or_valid_invite!
BB 1
	outgoing: 9 2 
	datadep: 
	instructions:
BB 2
	outgoing: 3 4 
	datadep: 
	instructions:
		 0: def_%self 
		 1: def_%v_0 
		 2: COPY TYPE_CurrentScope def_%current_scope 
		 3: COPY TYPE_ScopeModule def_%current_module 
		 4: 
		 5: 
		 6: %self->invite def_%v_3 %self[2.0,] 	 ARGS:
		 7: %v_3->present? def_%v_4 %v_3[2.6,] 	 ARGS:
		 8: BRANCH %v_4[2.7,] 
BB 3
	outgoing: 9 
	datadep: 
	instructions:
		 0: RETURN %self[2.0,] 
BB 4
	outgoing: 6 7 
	datadep: 
	instructions:
		 0: COPY TYPE_Nil def_%v_5 
		 1: 
		 2: (AppConfig) def_%v_6 
		 3: %v_6->settings def_%v_7 %v_6[4.2,] 	 ARGS:
		 4: %v_7->enable_registrations? def_%v_8 %v_7[4.3,] 	 ARGS:
		 5: BRANCH %v_8[4.4,] 
BB 6
	outgoing: 9 
	datadep: 
	instructions:
		 0: COPY TYPE_Nil def_%v_9 
		 1: RETURN %v_9[6.0,] %self[2.0,] 
BB 7
	outgoing: 9 
	datadep: 
	instructions:
		 0: 
		 1: %self->flash def_%v_10 %self[2.0,] 	 ARGS:
		 2: COPY TYPE_StringLiteral def_%v_11 
		 3: %self->t def_%v_12 %self[7.1,2.0,] %v_11[7.2,] 	 ARGS:%v_11,
		 4: ATTRASSIGN %v_10->[] %v_12[7.3,] 
		 5: 
		 6: %self->new_user_session_path def_%v_13 %self[7.1,7.3,2.0,] 	 ARGS:
		 7: %self->redirect_to def_%v_14 %self[7.1,7.3,7.6,2.0,] %v_13[7.6,] 	 ARGS:%v_13,
		 8: RETURN %v_14[7.7,] %self[7.1,7.3,7.6,7.7,2.0,] 
BB 9
	outgoing: 
	datadep: 
	instructions:

SET IRMethod, name = invite
BB 1
	outgoing: 10 2 
	datadep: 
	instructions:
BB 2
	outgoing: 3 8 
	datadep: 
	instructions:
		 0: def_%self 
		 1: def_%v_0 
		 2: COPY TYPE_CurrentScope def_%current_scope 
		 3: COPY TYPE_ScopeModule def_%current_module 
		 4: 
		 5: 
		 6: %self->params def_%v_3 %self[2.0,] 	 ARGS:
		 7: %v_3->[] def_%v_4 %v_3[2.6,] 	 ARGS:Symbol,
		 8: %v_4->present? def_%v_5 %v_4[2.7,] 	 ARGS:
		 9: BRANCH %v_5[2.8,] 
BB 3
	outgoing: 4 5 
	datadep: 
	instructions:
		 0: 
		 1: def_%v_7 %self[2.0,] 
		 2: COPY TYPE_PASS def_%v_6 %v_7[3.1,] 
		 3: %v_7[3.1,] 
BB 4
	outgoing: 5 
	datadep: 
	instructions:
		 0: GETFIELD %self->invite def_%v_8 %self[2.0,] 
		 1: COPY TYPE_PASS def_%v_6 %v_8[4.0,] 
BB 5
	outgoing: 6 7 
	datadep: 
	instructions:
		 0: BRANCH %v_6[4.1,3.2,] 
BB 6
	outgoing: 7 
	datadep: 
	instructions:
		 0: (InvitationCode) def_%v_9 
		 1: %self->params def_%v_10 %self[2.0,] 	 ARGS:
		 2: %v_10->[] def_%v_11 %v_10[6.1,] 	 ARGS:Symbol,
		 3: %v_11->[] def_%v_12 %v_11[6.2,] 	 ARGS:Symbol,
		 4: %v_9->find_by_token def_%v_13 %v_9[6.0,] %v_12[6.3,] 	 ARGS:%v_12,
		 5: ATTRASSIGN %self->invite %v_13[6.4,] 
		 6: COPY TYPE_PASS def_%v_8 %v_13[6.4,] 
BB 7
	outgoing: 10 
	datadep: 
	instructions:
		 0: RETURN %v_8[6.6,4.0,] %self[6.5,2.0,] 
BB 8
	outgoing: 10 
	datadep: 
	instructions:
		 0: RETURN %self[2.0,] 
BB 10
	outgoing: 
	datadep: 
	instructions:

SET IRMethod, name = user_params
BB 1
	outgoing: 3 2 
	datadep: 
	instructions:
BB 2
	outgoing: 3 
	datadep: 
	instructions:
		 0: def_%self 
		 1: def_%v_0 
		 2: COPY TYPE_CurrentScope def_%current_scope 
		 3: COPY TYPE_ScopeModule def_%current_module 
		 4: 
		 5: 
		 6: %self->params def_%v_3 %self[2.0,] 	 ARGS:
		 7: %v_3->require def_%v_4 %v_3[2.6,] 	 ARGS:Symbol,
		 8: %v_4->permit def_%v_5 %v_4[2.7,] 	 ARGS:Symbol,Symbol,Symbol,Symbol,Symbol,Symbol,Symbol,Symbol,Symbol,Symbol,Symbol,Symbol,Symbol,Symbol,Symbol,
		 9: RETURN %v_5[2.8,] %self[2.0,2.6,] 
BB 3
	outgoing: 
	datadep: 
	instructions:

