SET IRMethod, name = new
BB 1
	outgoing: 14 2 
	datadep: 
	instructions:
BB 2
	outgoing: 3 4 
	datadep: 
	instructions:
		 0: def_%self 
		 1: def_%v_0 
		 2: COPY TYPE_CurrentScope def_%current_scope 
		 3: COPY TYPE_ScopeModule def_%current_module 
		 4: 
		 5: 
		 6: %self->params def_%v_3 %self[2.0,] 	 ARGS:
		 7: %v_3->[] def_%v_4 %v_3[2.6,] 	 ARGS:Symbol,
		 8: BRANCH %v_4[2.7,] 
BB 3
	outgoing: 4 
	datadep: 
	instructions:
		 0: %self->params def_%v_5 %self[2.0,] 	 ARGS:
		 1: %v_5->[] def_%v_6 %v_5[3.0,] 	 ARGS:Symbol,
		 2: %self->fetch_person def_%v_7 %self[3.0,2.0,] %v_6[3.1,] 	 ARGS:%v_6,
		 3: COPY TYPE_PASS def_%v_4 %v_7[3.2,] 
BB 4
	outgoing: 5 9 
	datadep: 
	instructions:
		 0: BRANCH %v_4[3.3,2.7,] 
BB 5
	outgoing: 6 7 
	datadep: 
	instructions:
		 0: 
		 1: ATTRASSIGN %self->aspect 
		 2: 
		 3: %self->current_user def_%v_8 %self[5.1,2.0,] 	 ARGS:
		 4: GETFIELD %self->person def_%v_9 %self[5.3,2.0,] 
		 5: %v_8->contact_for def_%v_10 %v_8[5.3,] %v_9[5.4,] 	 ARGS:%v_9,
		 6: ATTRASSIGN %self->contact %v_10[5.5,] 
		 7: 
		 8: 
		 9: GETFIELD %self->contact def_%v_11 %self[5.3,5.6,2.0,] 
		 10: BRANCH %v_11[5.9,] 
BB 6
	outgoing: 8 
	datadep: 
	instructions:
		 0: GETFIELD %self->contact def_%v_12 %self[5.6,2.0,] 
		 1: %v_12->aspects def_%v_13 %v_12[6.0,] 	 ARGS:
		 2: %v_13->load def_%v_14 %v_13[6.1,] 	 ARGS:
		 3: ATTRASSIGN %self->aspects_with_person %v_14[6.2,] 
		 4: 
		 5: GETFIELD %self->aspects_with_person def_%v_15 %self[6.3,2.0,] 
		 6: %v_15->map def_%v_16 %v_15[6.5,] 	 ARGS:
		 7: ATTRASSIGN %self->aspect_ids %v_16[6.6,] 
		 8: 
		 9: %self->gon def_%v_17 %self[6.3,6.7,5.1,5.6,2.0,] 	 ARGS:
		 10: GETFIELD %self->aspect_ids def_%v_18 %self[6.7,6.9,2.0,] 
		 11: ATTRASSIGN %v_17->aspect_ids %v_18[6.10,] 
		 12: 
		 13: HASH-layout- def_%v_19 
		 14: %self->render def_%v_20 %self[6.3,6.7,6.9,5.1,5.6,2.0,] %v_19[6.13,] 	 ARGS:%v_19,
		 15: 
BB 7
	outgoing: 8 
	datadep: 
	instructions:
		 0: 
		 1: COPY TYPE_Array def_%v_21 
		 2: ATTRASSIGN %self->aspects_with_person %v_21[7.1,] 
		 3: COPY TYPE_PASS def_%v_20 %v_21[7.1,] 
BB 8
	outgoing: 14 
	datadep: 
	instructions:
		 0: RETURN %v_20[7.3,6.14,] %self[7.2,6.3,6.7,5.1,5.6,2.0,] 
BB 9
	outgoing: 10 11 
	datadep: 
	instructions:
		 0: 
		 1: %self->request def_%v_22 %self[2.0,] 	 ARGS:
		 2: %v_22->format def_%v_23 %v_22[9.1,] 	 ARGS:
		 3: %v_23->== def_%v_24 %v_23[9.2,] 	 ARGS:Symbol,
		 4: BRANCH %v_24[9.3,] 
BB 10
	outgoing: 12 
	datadep: 
	instructions:
		 0: 
		 1: ATTRASSIGN %self->aspect 
		 2: 
		 3: %self->current_user def_%v_25 %self[10.1,2.0,] 	 ARGS:
		 4: %v_25->aspects def_%v_26 %v_25[10.3,] 	 ARGS:
		 5: %v_26->load def_%v_27 %v_26[10.4,] 	 ARGS:
		 6: ATTRASSIGN %self->aspects %v_27[10.5,] 
		 7: 
		 8: GETFIELD %self->aspects def_%v_28 %self[10.3,10.6,2.0,] 
		 9: %v_28->map def_%v_29 %v_28[10.8,] 	 ARGS:
		 10: ATTRASSIGN %self->aspect_ids %v_29[10.9,] 
		 11: 
		 12: %self->gon def_%v_30 %self[10.1,10.3,10.6,10.10,2.0,] 	 ARGS:
		 13: GETFIELD %self->aspect_ids def_%v_31 %self[10.3,10.10,10.12,2.0,] 
		 14: ATTRASSIGN %v_30->aspect_ids %v_31[10.13,] 
		 15: 
BB 11
	outgoing: 12 
	datadep: 
	instructions:
		 0: 
		 1: %self->stream_path def_%v_32 %self[2.0,] 	 ARGS:
		 2: %self->redirect_to def_%v_33 %self[11.1,2.0,] %v_32[11.1,] 	 ARGS:%v_32,
		 3: COPY TYPE_PASS def_%v_31 %v_33[11.2,] 
BB 12
	outgoing: 14 
	datadep: 
	instructions:
		 0: RETURN %v_31[11.3,10.13,] %self[10.1,10.6,10.10,2.0,] 
BB 14
	outgoing: 
	datadep: 
	instructions:

SET IRMethod, name = bookmarklet
BB 1
	outgoing: 3 2 
	datadep: 
	instructions:
BB 2
	outgoing: 3 
	datadep: 
	instructions:
		 0: def_%self 
		 1: def_%v_0 
		 2: COPY TYPE_CurrentScope def_%current_scope 
		 3: COPY TYPE_ScopeModule def_%current_module 
		 4: 
		 5: 
		 6: %self->current_user def_%v_3 %self[2.0,] 	 ARGS:
		 7: %v_3->aspects def_%v_4 %v_3[2.6,] 	 ARGS:
		 8: ATTRASSIGN %self->aspects %v_4[2.7,] 
		 9: 
		 10: %self->current_user def_%v_5 %self[2.0,2.6,2.8,] 	 ARGS:
		 11: %v_5->aspect_ids def_%v_6 %v_5[2.10,] 	 ARGS:
		 12: ATTRASSIGN %self->aspect_ids %v_6[2.11,] 
		 13: 
		 14: %self->gon def_%v_7 %self[2.0,2.6,2.8,2.10,2.12,] 	 ARGS:
		 15: %v_7->preloads def_%v_8 %v_7[2.14,] 	 ARGS:
		 16: %self->params def_%v_9 %self[2.0,2.6,2.8,2.10,2.12,2.14,] 	 ARGS:
		 17: %v_9->[] def_%v_10 %v_9[2.16,] 	 ARGS:Symbol,
		 18: %self->params def_%v_11 %self[2.0,2.6,2.8,2.10,2.12,2.14,2.16,] 	 ARGS:
		 19: %v_11->[] def_%v_12 %v_11[2.18,] 	 ARGS:Symbol,
		 20: %self->params def_%v_13 %self[2.0,2.6,2.8,2.10,2.12,2.14,2.16,2.18,] 	 ARGS:
		 21: %v_13->[] def_%v_14 %v_13[2.20,] 	 ARGS:Symbol,
		 22: %self->params def_%v_15 %self[2.0,2.6,2.8,2.10,2.12,2.14,2.16,2.18,2.20,] 	 ARGS:
		 23: %v_15->[] def_%v_16 %v_15[2.22,] 	 ARGS:Symbol,
		 24: HASH-content-title-url-notes- def_%v_17 %v_10[2.17,] %v_12[2.19,] %v_14[2.21,] %v_16[2.23,] 
		 25: ATTRASSIGN %v_8->[] %v_17[2.24,] 
		 26: 
		 27: COPY TYPE_StringLiteral def_%v_18 
		 28: %self->t def_%v_19 %self[2.0,2.6,2.8,2.10,2.12,2.14,2.16,2.18,2.20,2.22,] %v_18[2.27,] 	 ARGS:%v_18,
		 29: 
		 30: COPY TYPE_StringLiteral def_%v_20 
		 31: GETFIELD %self->aspects def_%v_21 %self[2.0,2.6,2.8,2.10,2.14,2.16,2.18,2.20,2.22,2.28,] 
		 32: GETFIELD %self->aspect_ids def_%v_22 %self[2.0,2.6,2.10,2.12,2.14,2.16,2.18,2.20,2.22,2.28,] 
		 33: HASH-aspect-selected_aspects-aspect_ids- def_%v_23 %v_21[2.31,] %v_22[2.32,] 
		 34: HASH-partial-locals- def_%v_24 %v_20[2.30,] %v_23[2.33,] 
		 35: %self->render def_%v_25 %self[2.0,2.6,2.8,2.10,2.12,2.14,2.16,2.18,2.20,2.22,2.28,] %v_24[2.34,] 	 ARGS:%v_24,
		 36: RETURN %v_25[2.35,] %self[2.0,2.6,2.8,2.10,2.12,2.14,2.16,2.18,2.20,2.22,2.28,2.35,] 
BB 3
	outgoing: 
	datadep: 
	instructions:

SET IRMethod, name = create
BB 1
	outgoing: 12 2 
	datadep: 
	instructions:
BB 2
	outgoing: 4 
	datadep: 
	instructions:
		 0: def_%self 
		 1: def_%v_0 
		 2: COPY TYPE_CurrentScope def_%current_scope 
		 3: COPY TYPE_ScopeModule def_%current_module 
		 4: 
		 5: def_%v_3 
BB 4
	outgoing: 5 6 
	datadep: 
	instructions:
		 0: 
		 1: 
		 2: (StatusMessageCreationService) def_%v_6 
		 3: %self->params def_%v_7 %self[2.0,] 	 ARGS:
		 4: %self->current_user def_%v_8 %self[4.3,2.0,] 	 ARGS:
		 5: %v_6->new def_%v_9 %v_6[4.2,] %v_7[4.3,] %v_8[4.4,] 	 ARGS:%v_7,%v_8,
		 6: %v_9->status_message def_%v_10 %v_9[4.5,] 	 ARGS:
		 7: ATTRASSIGN %self->status_message %v_10[4.6,] 
		 8: 
		 9: %self->handle_mention_feedback def_%v_11 %self[4.3,4.4,4.7,2.0,] 	 ARGS:
		 10: 
		 11: %self->respond_to def_%v_12 %self[4.3,4.4,4.7,4.9,2.0,] %self[4.3,4.4,4.7,4.9,2.0,] 	 ARGS:%self,
CLOSURE BEGIN: format[] %self[4.3,4.4,4.7,4.9,2.0,] 
BB 1
	outgoing: 6 2 
	datadep: 
	instructions:
BB 2
	outgoing: 3 
	datadep: 
	instructions:
		 0: def_%self 
		 1: def_%cl_1_0 
		 2: RECEIVEARG def_format 
		 3: COPY TYPE_CurrentScope def_%current_scope 
		 4: COPY TYPE_ScopeModule def_%current_module 
BB 3
	outgoing: 4 6 
	datadep: 
	instructions:
		 0: 
		 1: format->html def_%cl_1_3 format[2.2,] %self[2.0,] 	 ARGS:format,
CLOSURE BEGIN: %self[2.0,] 
BB 1
	outgoing: 6 2 
	datadep: 
	instructions:
BB 2
	outgoing: 3 
	datadep: 
	instructions:
		 0: def_%self 
		 1: def_%cl_2_0 
		 2: COPY TYPE_CurrentScope def_%current_scope 
		 3: COPY TYPE_ScopeModule def_%current_module 
BB 3
	outgoing: 4 6 
	datadep: 
	instructions:
		 0: 
		 1: %self->redirect_to def_%cl_2_3 %self[2.0,] 	 ARGS:Symbol,
		 2: RETURN %cl_2_3[3.1,] %self[3.1,2.0,] 
BB 4
	outgoing: 6 
	datadep: 
	instructions:
		 0: def_%cl_2_4 
		 1: def_%cl_2_5 %cl_2_4[4.0,] 
		 2: RETURN %cl_2_5[4.1,] %self[2.0,] 
BB 6
	outgoing: 
	datadep: 
	instructions:
CLOSURE END
		 2: 
		 3: format->mobile def_%cl_1_4 format[3.1,2.2,] %self[2.0,] 	 ARGS:format,
CLOSURE BEGIN: %self[2.0,] 
BB 1
	outgoing: 6 2 
	datadep: 
	instructions:
BB 2
	outgoing: 3 
	datadep: 
	instructions:
		 0: def_%self 
		 1: def_%cl_3_0 
		 2: COPY TYPE_CurrentScope def_%current_scope 
		 3: COPY TYPE_ScopeModule def_%current_module 
BB 3
	outgoing: 4 6 
	datadep: 
	instructions:
		 0: 
		 1: %self->stream_path def_%cl_3_3 %self[2.0,] 	 ARGS:
		 2: %self->redirect_to def_%cl_3_4 %self[3.1,2.0,] %cl_3_3[3.1,] 	 ARGS:%cl_3_3,
		 3: RETURN %cl_3_4[3.2,] %self[3.1,3.2,2.0,] 
BB 4
	outgoing: 6 
	datadep: 
	instructions:
		 0: def_%cl_3_5 
		 1: def_%cl_3_6 %cl_3_5[4.0,] 
		 2: RETURN %cl_3_6[4.1,] %self[2.0,] 
BB 6
	outgoing: 
	datadep: 
	instructions:
CLOSURE END
		 4: 
		 5: format->json def_%cl_1_5 format[3.1,3.3,2.2,] %self[2.0,] 	 ARGS:format,
CLOSURE BEGIN: %self[2.0,] 
BB 1
	outgoing: 6 2 
	datadep: 
	instructions:
BB 2
	outgoing: 3 
	datadep: 
	instructions:
		 0: def_%self 
		 1: def_%cl_4_0 
		 2: COPY TYPE_CurrentScope def_%current_scope 
		 3: COPY TYPE_ScopeModule def_%current_module 
BB 3
	outgoing: 4 6 
	datadep: 
	instructions:
		 0: 
		 1: (PostPresenter) def_%cl_4_3 
		 2: GETFIELD %self->status_message def_%cl_4_4 %self[2.0,] 
		 3: %self->current_user def_%cl_4_5 %self[2.0,] 	 ARGS:
		 4: %cl_4_3->new def_%cl_4_6 %cl_4_3[3.1,] %cl_4_4[3.2,] %cl_4_5[3.3,] 	 ARGS:%cl_4_4,%cl_4_5,
		 5: HASH-json-status- def_%cl_4_7 %cl_4_6[3.4,] 
		 6: %self->render def_%cl_4_8 %self[3.3,2.0,] %cl_4_7[3.5,] 	 ARGS:%cl_4_7,
		 7: RETURN %cl_4_8[3.6,] %self[3.3,3.6,2.0,] 
BB 4
	outgoing: 6 
	datadep: 
	instructions:
		 0: def_%cl_4_9 
		 1: def_%cl_4_10 %cl_4_9[4.0,] 
		 2: RETURN %cl_4_10[4.1,] %self[2.0,] 
BB 6
	outgoing: 
	datadep: 
	instructions:
CLOSURE END
		 6: RETURN %cl_1_5[3.5,] %self[2.0,] 
BB 4
	outgoing: 6 
	datadep: 
	instructions:
		 0: def_%cl_1_6 
		 1: def_%cl_1_7 %cl_1_6[4.0,] 
		 2: RETURN %cl_1_7[4.1,] %self[2.0,] 
BB 6
	outgoing: 
	datadep: 
	instructions:
CLOSURE END
		 12: COPY TYPE_PASS def_%v_5 %v_12[4.11,] 
		 13: %v_3[2.5,] 
BB 5
	outgoing: 11 
	datadep: 
	instructions:
		 0: 
BB 6
	outgoing: 7 8 10 
	datadep: 
	instructions:
		 0: def_%v_13 
		 1: (StandardError) def_%v_14 
		 2: def_%v_15 %v_14[6.1,] %v_13[6.0,] 
		 3: BRANCH %v_15[6.2,] 
BB 7
	outgoing: 10 12 
	datadep: 
	instructions:
		 0: %v_13[6.0,] 
BB 8
	outgoing: 9 10 
	datadep: 
	instructions:
		 0: def_%v_16 
		 1: COPY TYPE_PASS def_error %v_16[8.0,] 
		 2: 
		 3: %self->handle_create_error def_%v_17 %self[4.7,2.0,] %v_16[8.0,] 	 ARGS:error,
		 4: COPY TYPE_PASS def_%v_5 %v_17[8.3,] 
		 5: %v_3[2.5,] 
BB 9
	outgoing: 11 
	datadep: 
	instructions:
		 0: 
BB 10
	outgoing: 12 
	datadep: 
	instructions:
		 0: def_%v_18 
		 1: def_%v_19 %v_18[10.0,] %v_3[2.5,] 
		 2: %v_18[10.0,] 
BB 11
	outgoing: 12 
	datadep: 
	instructions:
		 0: RETURN %v_5[4.12,8.4,] %self[4.7,2.0,] 
BB 12
	outgoing: 
	datadep: 
	instructions:

SET IRMethod, name = fetch_person
BB 1
	outgoing: 3 2 
	datadep: 
	instructions:
BB 2
	outgoing: 3 
	datadep: 
	instructions:
		 0: def_%self 
		 1: def_%v_0 
		 2: COPY TYPE_CurrentScope def_%current_scope 
		 3: COPY TYPE_ScopeModule def_%current_module 
		 4: 
		 5: RECEIVEARG def_person_id 
		 6: 
		 7: (Person) def_%v_3 
		 8: HASH-id- def_%v_4 person_id[2.5,] 
		 9: %v_3->where def_%v_5 %v_3[2.7,] %v_4[2.8,] 	 ARGS:%v_4,
		 10: %v_5->first def_%v_6 %v_5[2.9,] 	 ARGS:
		 11: ATTRASSIGN %self->person %v_6[2.10,] 
		 12: RETURN %v_6[2.10,] %self[2.0,2.11,] 
BB 3
	outgoing: 
	datadep: 
	instructions:

SET IRMethod, name = handle_create_error
BB 1
	outgoing: 3 2 
	datadep: 
	instructions:
BB 2
	outgoing: 3 
	datadep: 
	instructions:
		 0: def_%self 
		 1: def_%v_0 
		 2: COPY TYPE_CurrentScope def_%current_scope 
		 3: COPY TYPE_ScopeModule def_%current_module 
		 4: 
		 5: RECEIVEARG def_error 
		 6: 
		 7: %self->respond_to def_%v_3 %self[2.0,] %self[2.0,] 	 ARGS:%self,
CLOSURE BEGIN: format[] %self[2.0,] 
BB 1
	outgoing: 6 2 
	datadep: 
	instructions:
BB 2
	outgoing: 3 
	datadep: 
	instructions:
		 0: def_%self 
		 1: def_%cl_1_0 
		 2: RECEIVEARG def_format 
		 3: COPY TYPE_CurrentScope def_%current_scope 
		 4: COPY TYPE_ScopeModule def_%current_module 
BB 3
	outgoing: 4 6 
	datadep: 
	instructions:
		 0: 
		 1: format->html def_%cl_1_3 format[2.2,] %self[2.0,] 	 ARGS:format,
CLOSURE BEGIN: %self[2.0,] 
BB 1
	outgoing: 6 2 
	datadep: 
	instructions:
BB 2
	outgoing: 3 
	datadep: 
	instructions:
		 0: def_%self 
		 1: def_%cl_2_0 
		 2: COPY TYPE_CurrentScope def_%current_scope 
		 3: COPY TYPE_ScopeModule def_%current_module 
BB 3
	outgoing: 4 6 
	datadep: 
	instructions:
		 0: 
		 1: %self->redirect_to def_%cl_2_3 %self[2.0,] 	 ARGS:Symbol,
		 2: RETURN %cl_2_3[3.1,] %self[3.1,2.0,] 
BB 4
	outgoing: 6 
	datadep: 
	instructions:
		 0: def_%cl_2_4 
		 1: def_%cl_2_5 %cl_2_4[4.0,] 
		 2: RETURN %cl_2_5[4.1,] %self[2.0,] 
BB 6
	outgoing: 
	datadep: 
	instructions:
CLOSURE END
		 2: 
		 3: format->mobile def_%cl_1_4 format[3.1,2.2,] %self[2.0,] 	 ARGS:format,
CLOSURE BEGIN: %self[2.0,] 
BB 1
	outgoing: 6 2 
	datadep: 
	instructions:
BB 2
	outgoing: 3 
	datadep: 
	instructions:
		 0: def_%self 
		 1: def_%cl_3_0 
		 2: COPY TYPE_CurrentScope def_%current_scope 
		 3: COPY TYPE_ScopeModule def_%current_module 
BB 3
	outgoing: 4 6 
	datadep: 
	instructions:
		 0: 
		 1: %self->stream_path def_%cl_3_3 %self[2.0,] 	 ARGS:
		 2: %self->redirect_to def_%cl_3_4 %self[3.1,2.0,] %cl_3_3[3.1,] 	 ARGS:%cl_3_3,
		 3: RETURN %cl_3_4[3.2,] %self[3.1,3.2,2.0,] 
BB 4
	outgoing: 6 
	datadep: 
	instructions:
		 0: def_%cl_3_5 
		 1: def_%cl_3_6 %cl_3_5[4.0,] 
		 2: RETURN %cl_3_6[4.1,] %self[2.0,] 
BB 6
	outgoing: 
	datadep: 
	instructions:
CLOSURE END
		 4: 
		 5: format->json def_%cl_1_5 format[3.1,3.3,2.2,] %self[2.0,] 	 ARGS:format,
CLOSURE BEGIN: error[] %self[2.0,] 
BB 1
	outgoing: 6 2 
	datadep: 
	instructions:
BB 2
	outgoing: 3 
	datadep: 
	instructions:
		 0: def_%self 
		 1: def_%cl_4_0 
		 2: COPY TYPE_CurrentScope def_%current_scope 
		 3: COPY TYPE_ScopeModule def_%current_module 
BB 3
	outgoing: 4 6 
	datadep: 
	instructions:
		 0: 
		 1: error->message def_%cl_4_3 error[] 	 ARGS:
		 2: HASH-text-status- def_%cl_4_4 %cl_4_3[3.1,] 
		 3: %self->render def_%cl_4_5 %self[2.0,] %cl_4_4[3.2,] 	 ARGS:%cl_4_4,
		 4: RETURN %cl_4_5[3.3,] %self[3.3,2.0,] 
BB 4
	outgoing: 6 
	datadep: 
	instructions:
		 0: def_%cl_4_6 
		 1: def_%cl_4_7 %cl_4_6[4.0,] 
		 2: RETURN %cl_4_7[4.1,] %self[2.0,] 
BB 6
	outgoing: 
	datadep: 
	instructions:
CLOSURE END
		 6: RETURN %cl_1_5[3.5,] %self[2.0,] 
BB 4
	outgoing: 6 
	datadep: 
	instructions:
		 0: def_%cl_1_6 
		 1: def_%cl_1_7 %cl_1_6[4.0,] 
		 2: RETURN %cl_1_7[4.1,] %self[2.0,] 
BB 6
	outgoing: 
	datadep: 
	instructions:
CLOSURE END
		 8: RETURN %v_3[2.7,] %self[2.0,2.7,] 
BB 3
	outgoing: 
	datadep: 
	instructions:

SET IRMethod, name = handle_mention_feedback
BB 1
	outgoing: 6 2 
	datadep: 
	instructions:
BB 2
	outgoing: 3 4 
	datadep: 
	instructions:
		 0: def_%self 
		 1: def_%v_0 
		 2: COPY TYPE_CurrentScope def_%current_scope 
		 3: COPY TYPE_ScopeModule def_%current_module 
		 4: 
		 5: 
		 6: %self->comes_from_others_profile_page? def_%v_3 %self[2.0,] 	 ARGS:
		 7: BRANCH %v_3[2.6,] 
BB 3
	outgoing: 6 
	datadep: 
	instructions:
		 0: COPY TYPE_Nil def_%v_4 
		 1: 
		 2: %self->flash def_%v_5 %self[2.0,] 	 ARGS:
		 3: %self->successful_mention_message def_%v_6 %self[3.2,2.0,] 	 ARGS:
		 4: ATTRASSIGN %v_5->[] %v_6[3.3,] 
		 5: RETURN %v_6[3.3,] %self[3.2,3.3,2.0,] 
BB 4
	outgoing: 6 
	datadep: 
	instructions:
		 0: RETURN %self[2.0,] 
BB 6
	outgoing: 
	datadep: 
	instructions:

SET IRMethod, name = comes_from_others_profile_page?
BB 1
	outgoing: 5 2 
	datadep: 
	instructions:
BB 2
	outgoing: 3 4 
	datadep: 
	instructions:
		 0: def_%self 
		 1: def_%v_0 
		 2: COPY TYPE_CurrentScope def_%current_scope 
		 3: COPY TYPE_ScopeModule def_%current_module 
		 4: 
		 5: 
		 6: %self->coming_from_profile_page? def_%v_3 %self[2.0,] 	 ARGS:
		 7: BRANCH %v_3[2.6,] 
BB 3
	outgoing: 5 
	datadep: 
	instructions:
		 0: %self->own_profile_page? def_%v_4 %self[2.0,] 	 ARGS:
		 1: %v_4->! def_%v_5 %v_4[3.0,] 	 ARGS:
		 2: RETURN %v_5[3.1,] %self[3.0,2.0,] 
BB 4
	outgoing: 5 
	datadep: 
	instructions:
		 0: RETURN %v_3[2.6,] %self[2.0,] 
BB 5
	outgoing: 
	datadep: 
	instructions:

SET IRMethod, name = coming_from_profile_page?
BB 1
	outgoing: 3 2 
	datadep: 
	instructions:
BB 2
	outgoing: 3 
	datadep: 
	instructions:
		 0: def_%self 
		 1: def_%v_0 
		 2: COPY TYPE_CurrentScope def_%current_scope 
		 3: COPY TYPE_ScopeModule def_%current_module 
		 4: 
		 5: 
		 6: %self->request def_%v_3 %self[2.0,] 	 ARGS:
		 7: %v_3->env def_%v_4 %v_3[2.6,] 	 ARGS:
		 8: COPY TYPE_StringLiteral def_%v_5 
		 9: %v_4->[] def_%v_6 %v_4[2.7,] %v_5[2.8,] 	 ARGS:%v_5,
		 10: COPY TYPE_StringLiteral def_%v_7 
		 11: %v_6->include? def_%v_8 %v_6[2.9,] %v_7[2.10,] 	 ARGS:%v_7,
		 12: RETURN %v_8[2.11,] %self[2.0,2.6,] 
BB 3
	outgoing: 
	datadep: 
	instructions:

SET IRMethod, name = own_profile_page?
BB 1
	outgoing: 3 2 
	datadep: 
	instructions:
BB 2
	outgoing: 3 
	datadep: 
	instructions:
		 0: def_%self 
		 1: def_%v_0 
		 2: COPY TYPE_CurrentScope def_%current_scope 
		 3: COPY TYPE_ScopeModule def_%current_module 
		 4: 
		 5: 
		 6: %self->request def_%v_3 %self[2.0,] 	 ARGS:
		 7: %v_3->env def_%v_4 %v_3[2.6,] 	 ARGS:
		 8: COPY TYPE_StringLiteral def_%v_5 
		 9: %v_4->[] def_%v_6 %v_4[2.7,] %v_5[2.8,] 	 ARGS:%v_5,
		 10: COPY TYPE_StringLiteral def_%v_7 
		 11: %self->params def_%v_8 %self[2.0,2.6,] 	 ARGS:
		 12: %v_8->[] def_%v_9 %v_8[2.11,] 	 ARGS:Symbol,
		 13: %v_9->[] def_%v_10 %v_9[2.12,] 	 ARGS:Symbol,
		 14: %v_10->[] def_%v_11 %v_10[2.13,] 	 ARGS:Symbol,
		 15: %v_11->to_s def_%v_12 %v_11[2.14,] 	 ARGS:
		 16: %v_7->+ def_%v_13 %v_7[2.10,] %v_12[2.15,] 	 ARGS:%v_12,
		 17: %v_6->include? def_%v_14 %v_6[2.9,] %v_13[2.16,] 	 ARGS:%v_13,
		 18: RETURN %v_14[2.17,] %self[2.0,2.6,2.11,] 
BB 3
	outgoing: 
	datadep: 
	instructions:

SET IRMethod, name = successful_mention_message
BB 1
	outgoing: 3 2 
	datadep: 
	instructions:
BB 2
	outgoing: 3 
	datadep: 
	instructions:
		 0: def_%self 
		 1: def_%v_0 
		 2: COPY TYPE_CurrentScope def_%current_scope 
		 3: COPY TYPE_ScopeModule def_%current_module 
		 4: 
		 5: 
		 6: COPY TYPE_StringLiteral def_%v_3 
		 7: GETFIELD %self->status_message def_%v_4 %self[2.0,] 
		 8: %v_4->mentioned_people_names def_%v_5 %v_4[2.7,] 	 ARGS:
		 9: HASH-names- def_%v_6 %v_5[2.8,] 
		 10: %self->t def_%v_7 %self[2.0,] %v_3[2.6,] %v_6[2.9,] 	 ARGS:%v_3,%v_6,
		 11: RETURN %v_7[2.10,] %self[2.0,2.10,] 
BB 3
	outgoing: 
	datadep: 
	instructions:

SET IRMethod, name = remove_getting_started
BB 1
	outgoing: 3 2 
	datadep: 
	instructions:
BB 2
	outgoing: 3 
	datadep: 
	instructions:
		 0: def_%self 
		 1: def_%v_0 
		 2: COPY TYPE_CurrentScope def_%current_scope 
		 3: COPY TYPE_ScopeModule def_%current_module 
		 4: 
		 5: 
		 6: %self->current_user def_%v_3 %self[2.0,] 	 ARGS:
		 7: %v_3->disable_getting_started def_%v_4 %v_3[2.6,] 	 ARGS:
		 8: RETURN %v_4[2.7,] %self[2.0,2.6,] 
BB 3
	outgoing: 
	datadep: 
	instructions:

