SET IRMethod, name = edit
BB 1
	outgoing: 3 2 
	datadep: 
	instructions:
BB 2
	outgoing: 3 
	datadep: 
	instructions:
		 0: def_%self 
		 1: def_%v_0 
		 2: COPY TYPE_CurrentScope def_%current_scope 
		 3: COPY TYPE_ScopeModule def_%current_module 
		 4: 
		 5: 
		 6: ATTRASSIGN %self->aspect 
		 7: 
		 8: %self->current_user def_%v_3 %self[2.0,2.6,] 	 ARGS:
		 9: ATTRASSIGN %self->user %v_3[2.8,] 
		 10: 
		 11: %self->set_email_preferences def_%v_4 %self[2.0,2.6,2.8,2.9,] 	 ARGS:
		 12: 
		 13: %self->ruby_code_from_view def_%v_5 %self[2.0,2.6,2.8,2.9,2.11,] 	 ARGS:
		 14: %v_5->ruby_code_from_view def_%v_6 %v_5[2.13,] %self[2.0,2.6,2.8,2.9,2.11,2.13,] 	 ARGS:%v_5,
CLOSURE BEGIN: %self[2.0,2.6,2.8,2.9,2.11,2.13,] 
BB 1
	outgoing: 6 2 
	datadep: 
	instructions:
BB 2
	outgoing: 3 
	datadep: 
	instructions:
		 0: def_%self 
		 1: def_%cl_1_0 
		 2: RECEIVEARG def_rb_from_view 
		 3: COPY TYPE_CurrentScope def_%current_scope 
		 4: COPY TYPE_ScopeModule def_%current_module 
BB 3
	outgoing: 4 6 
	datadep: 
	instructions:
		 0: 
		 1: %self->ruby_code_from_view def_%cl_1_3 %self[2.0,] 	 ARGS:
		 2: %cl_1_3->ruby_code_from_view def_%cl_1_4 %cl_1_3[3.1,] %self[3.1,2.0,] 	 ARGS:%cl_1_3,
CLOSURE BEGIN: %self[3.1,2.0,] 
BB 1
	outgoing: 6 2 
	datadep: 
	instructions:
BB 2
	outgoing: 3 
	datadep: 
	instructions:
		 0: def_%self 
		 1: def_%cl_2_0 
		 2: RECEIVEARG def_rb_from_view 
		 3: COPY TYPE_CurrentScope def_%current_scope 
		 4: COPY TYPE_ScopeModule def_%current_module 
BB 3
	outgoing: 4 6 
	datadep: 
	instructions:
		 0: 
		 1: COPY TYPE_StringLiteral def_%cl_2_3 
		 2: %self->render def_%cl_2_4 %self[2.0,] %cl_2_3[3.1,] 	 ARGS:%cl_2_3,
		 3: RETURN %cl_2_4[3.2,] %self[3.2,2.0,] 
BB 4
	outgoing: 6 
	datadep: 
	instructions:
		 0: def_%cl_2_5 
		 1: def_%cl_2_6 %cl_2_5[4.0,] 
		 2: RETURN %cl_2_6[4.1,] %self[2.0,] 
BB 6
	outgoing: 
	datadep: 
	instructions:
CLOSURE END
		 3: RETURN %cl_1_4[3.2,] %self[3.1,2.0,] 
BB 4
	outgoing: 6 
	datadep: 
	instructions:
		 0: def_%cl_1_5 
		 1: def_%cl_1_6 %cl_1_5[4.0,] 
		 2: RETURN %cl_1_6[4.1,] %self[2.0,] 
BB 6
	outgoing: 
	datadep: 
	instructions:
CLOSURE END
		 15: RETURN %v_6[2.14,] %self[2.0,2.6,2.8,2.9,2.11,2.13,] 
BB 3
	outgoing: 
	datadep: 
	instructions:

SET IRMethod, name = privacy_settings
BB 1
	outgoing: 3 2 
	datadep: 
	instructions:
BB 2
	outgoing: 3 
	datadep: 
	instructions:
		 0: def_%self 
		 1: def_%v_0 
		 2: COPY TYPE_CurrentScope def_%current_scope 
		 3: COPY TYPE_ScopeModule def_%current_module 
		 4: 
		 5: 
		 6: %self->current_user def_%v_3 %self[2.0,] 	 ARGS:
		 7: %v_3->blocks def_%v_4 %v_3[2.6,] 	 ARGS:
		 8: %v_4->includes def_%v_5 %v_4[2.7,] 	 ARGS:Symbol,
		 9: ATTRASSIGN %self->blocks %v_5[2.8,] 
		 10: 
		 11: %self->content_for def_%v_6 %self[2.0,2.6,2.9,] %self[2.0,2.6,2.9,] 	 ARGS:Symbol,%self,
CLOSURE BEGIN: %self[2.0,2.6,2.9,] 
BB 1
	outgoing: 6 2 
	datadep: 
	instructions:
BB 2
	outgoing: 3 
	datadep: 
	instructions:
		 0: def_%self 
		 1: def_%cl_1_0 
		 2: COPY TYPE_CurrentScope def_%current_scope 
		 3: COPY TYPE_ScopeModule def_%current_module 
BB 3
	outgoing: 4 6 
	datadep: 
	instructions:
		 0: 
		 1: COPY TYPE_StringLiteral def_%cl_1_3 
		 2: %self->t def_%cl_1_4 %self[2.0,] %cl_1_3[3.1,] 	 ARGS:%cl_1_3,
		 3: RETURN %cl_1_4[3.2,] %self[3.2,2.0,] 
BB 4
	outgoing: 6 
	datadep: 
	instructions:
		 0: def_%cl_1_5 
		 1: def_%cl_1_6 %cl_1_5[4.0,] 
		 2: RETURN %cl_1_6[4.1,] %self[2.0,] 
BB 6
	outgoing: 
	datadep: 
	instructions:
CLOSURE END
		 12: 
		 13: %self->ruby_code_from_view def_%v_7 %self[2.0,2.6,2.9,2.11,] 	 ARGS:
		 14: %v_7->ruby_code_from_view def_%v_8 %v_7[2.13,] %self[2.0,2.6,2.9,2.11,2.13,] 	 ARGS:%v_7,
CLOSURE BEGIN: %self[2.0,2.6,2.9,2.11,2.13,] 
BB 1
	outgoing: 6 2 
	datadep: 
	instructions:
BB 2
	outgoing: 3 
	datadep: 
	instructions:
		 0: def_%self 
		 1: def_%cl_2_0 
		 2: RECEIVEARG def_rb_from_view 
		 3: COPY TYPE_CurrentScope def_%current_scope 
		 4: COPY TYPE_ScopeModule def_%current_module 
BB 3
	outgoing: 4 6 
	datadep: 
	instructions:
		 0: 
		 1: %self->content_for def_%cl_2_3 %self[2.0,] %self[2.0,] 	 ARGS:Symbol,%self,
CLOSURE BEGIN: %self[2.0,] 
BB 1
	outgoing: 6 2 
	datadep: 
	instructions:
BB 2
	outgoing: 3 
	datadep: 
	instructions:
		 0: def_%self 
		 1: def_%cl_3_0 
		 2: COPY TYPE_CurrentScope def_%current_scope 
		 3: COPY TYPE_ScopeModule def_%current_module 
BB 3
	outgoing: 4 6 
	datadep: 
	instructions:
		 0: 
		 1: COPY TYPE_StringLiteral def_%cl_3_3 
		 2: %self->t def_%cl_3_4 %self[2.0,] %cl_3_3[3.1,] 	 ARGS:%cl_3_3,
		 3: RETURN %cl_3_4[3.2,] %self[3.2,2.0,] 
BB 4
	outgoing: 6 
	datadep: 
	instructions:
		 0: def_%cl_3_5 
		 1: def_%cl_3_6 %cl_3_5[4.0,] 
		 2: RETURN %cl_3_6[4.1,] %self[2.0,] 
BB 6
	outgoing: 
	datadep: 
	instructions:
CLOSURE END
		 2: 
		 3: %self->ruby_code_from_view def_%cl_2_4 %self[3.1,2.0,] 	 ARGS:
		 4: %cl_2_4->ruby_code_from_view def_%cl_2_5 %cl_2_4[3.3,] %self[3.1,3.3,2.0,] 	 ARGS:%cl_2_4,
CLOSURE BEGIN: %self[3.1,3.3,2.0,] 
BB 1
	outgoing: 6 2 
	datadep: 
	instructions:
BB 2
	outgoing: 3 
	datadep: 
	instructions:
		 0: def_%self 
		 1: def_%cl_4_0 
		 2: RECEIVEARG def_rb_from_view 
		 3: COPY TYPE_CurrentScope def_%current_scope 
		 4: COPY TYPE_ScopeModule def_%current_module 
BB 3
	outgoing: 4 6 
	datadep: 
	instructions:
		 0: 
		 1: %self->content_for def_%cl_4_3 %self[2.0,] %self[2.0,] 	 ARGS:Symbol,%self,
CLOSURE BEGIN: %self[2.0,] 
BB 1
	outgoing: 6 2 
	datadep: 
	instructions:
BB 2
	outgoing: 3 
	datadep: 
	instructions:
		 0: def_%self 
		 1: def_%cl_5_0 
		 2: COPY TYPE_CurrentScope def_%current_scope 
		 3: COPY TYPE_ScopeModule def_%current_module 
BB 3
	outgoing: 4 6 
	datadep: 
	instructions:
		 0: 
		 1: COPY TYPE_StringLiteral def_%cl_5_3 
		 2: %self->t def_%cl_5_4 %self[2.0,] %cl_5_3[3.1,] 	 ARGS:%cl_5_3,
		 3: RETURN %cl_5_4[3.2,] %self[3.2,2.0,] 
BB 4
	outgoing: 6 
	datadep: 
	instructions:
		 0: def_%cl_5_5 
		 1: def_%cl_5_6 %cl_5_5[4.0,] 
		 2: RETURN %cl_5_6[4.1,] %self[2.0,] 
BB 6
	outgoing: 
	datadep: 
	instructions:
CLOSURE END
		 2: 
		 3: COPY TYPE_StringLiteral def_%cl_4_4 
		 4: %self->render def_%cl_4_5 %self[3.1,2.0,] %cl_4_4[3.3,] 	 ARGS:%cl_4_4,
		 5: RETURN %cl_4_5[3.4,] %self[3.1,3.4,2.0,] 
BB 4
	outgoing: 6 
	datadep: 
	instructions:
		 0: def_%cl_4_6 
		 1: def_%cl_4_7 %cl_4_6[4.0,] 
		 2: RETURN %cl_4_7[4.1,] %self[2.0,] 
BB 6
	outgoing: 
	datadep: 
	instructions:
CLOSURE END
		 5: RETURN %cl_2_5[3.4,] %self[3.1,3.3,2.0,] 
BB 4
	outgoing: 6 
	datadep: 
	instructions:
		 0: def_%cl_2_6 
		 1: def_%cl_2_7 %cl_2_6[4.0,] 
		 2: RETURN %cl_2_7[4.1,] %self[2.0,] 
BB 6
	outgoing: 
	datadep: 
	instructions:
CLOSURE END
		 15: RETURN %v_8[2.14,] %self[2.0,2.6,2.9,2.11,2.13,] 
BB 3
	outgoing: 
	datadep: 
	instructions:

SET IRMethod, name = update
BB 1
	outgoing: 56 2 
	datadep: 
	instructions:
BB 2
	outgoing: 3 54 
	datadep: 
	instructions:
		 0: def_%self 
		 1: def_%v_0 
		 2: COPY TYPE_CurrentScope def_%current_scope 
		 3: COPY TYPE_ScopeModule def_%current_module 
		 4: 
		 5: 
		 6: COPY TYPE_Boolean def_password_changed 
		 7: 
		 8: %self->current_user def_%v_3 %self[2.0,] 	 ARGS:
		 9: ATTRASSIGN %self->user %v_3[2.8,] 
		 10: 
		 11: %self->user_params def_%v_4 %self[2.0,2.8,2.9,] 	 ARGS:
		 12: COPY TYPE_PASS def_u %v_4[2.11,] 
		 13: BRANCH %v_4[2.11,] 
BB 3
	outgoing: 4 5 
	datadep: 
	instructions:
		 0: 
		 1: u->[] def_%v_5 u[2.12,] 	 ARGS:Symbol,
		 2: BRANCH %v_5[3.1,] 
BB 4
	outgoing: 53 
	datadep: 
	instructions:
		 0: 
		 1: GETFIELD %self->user def_%v_6 %self[2.0,2.9,] 
		 2: u->[] def_%v_7 u[2.12,] 	 ARGS:Symbol,
		 3: %v_6->update_user_preferences def_%v_8 %v_6[4.1,] %v_7[4.2,] 	 ARGS:%v_7,
		 4: 
		 5: %self->flash def_%v_9 %self[2.0,2.9,] 	 ARGS:
		 6: (I18n) def_%v_10 
		 7: COPY TYPE_StringLiteral def_%v_11 
		 8: %v_10->t def_%v_12 %v_10[4.6,] %v_11[4.7,] 	 ARGS:%v_11,
		 9: ATTRASSIGN %v_9->[] %v_12[4.8,] 
		 10: 
BB 5
	outgoing: 6 10 
	datadep: 
	instructions:
		 0: 
		 1: %self->params def_%v_13 %self[2.0,2.9,] 	 ARGS:
		 2: %v_13->[] def_%v_14 %v_13[5.1,] 	 ARGS:Symbol,
		 3: BRANCH %v_14[5.2,] 
BB 6
	outgoing: 7 8 
	datadep: 
	instructions:
		 0: 
		 1: GETFIELD %self->user def_%v_15 %self[2.0,2.9,] 
		 2: %v_15->update_with_password def_%v_16 %v_15[6.1,] u[2.12,] 	 ARGS:u,
		 3: BRANCH %v_16[6.2,] 
BB 7
	outgoing: 9 
	datadep: 
	instructions:
		 0: 
		 1: COPY TYPE_Boolean def_password_changed 
		 2: 
		 3: %self->flash def_%v_17 %self[2.0,2.9,] 	 ARGS:
		 4: (I18n) def_%v_18 
		 5: COPY TYPE_StringLiteral def_%v_19 
		 6: %v_18->t def_%v_20 %v_18[7.4,] %v_19[7.5,] 	 ARGS:%v_19,
		 7: ATTRASSIGN %v_17->[] %v_20[7.6,] 
		 8: 
BB 8
	outgoing: 9 
	datadep: 
	instructions:
		 0: 
		 1: %self->flash def_%v_21 %self[2.0,2.9,] 	 ARGS:
		 2: (I18n) def_%v_22 
		 3: COPY TYPE_StringLiteral def_%v_23 
		 4: %v_22->t def_%v_24 %v_22[8.2,] %v_23[8.3,] 	 ARGS:%v_23,
		 5: ATTRASSIGN %v_21->[] %v_24[8.4,] 
		 6: COPY TYPE_PASS def_%v_20 %v_24[8.4,] 
BB 9
	outgoing: 52 
	datadep: 
	instructions:
		 0: 
BB 10
	outgoing: 11 12 
	datadep: 
	instructions:
		 0: 
		 1: u->[] def_%v_25 u[2.12,] 	 ARGS:Symbol,
		 2: BRANCH %v_25[10.1,] 
BB 11
	outgoing: 12 
	datadep: 
	instructions:
		 0: u->[] def_%v_26 u[2.12,] 	 ARGS:Symbol,
		 1: COPY TYPE_PASS def_%v_25 %v_26[11.0,] 
BB 12
	outgoing: 13 17 
	datadep: 
	instructions:
		 0: BRANCH %v_25[11.1,10.1,] 
BB 13
	outgoing: 14 15 
	datadep: 
	instructions:
		 0: 
		 1: GETFIELD %self->user def_%v_27 %self[2.0,2.9,] 
		 2: %v_27->update_attributes def_%v_28 %v_27[13.1,] u[2.12,] 	 ARGS:u,
		 3: BRANCH %v_28[13.2,] 
BB 14
	outgoing: 16 
	datadep: 
	instructions:
		 0: 
		 1: %self->flash def_%v_29 %self[2.0,2.9,] 	 ARGS:
		 2: (I18n) def_%v_30 
		 3: COPY TYPE_StringLiteral def_%v_31 
		 4: %v_30->t def_%v_32 %v_30[14.2,] %v_31[14.3,] 	 ARGS:%v_31,
		 5: ATTRASSIGN %v_29->[] %v_32[14.4,] 
		 6: 
BB 15
	outgoing: 16 
	datadep: 
	instructions:
		 0: 
		 1: %self->flash def_%v_33 %self[2.0,2.9,] 	 ARGS:
		 2: (I18n) def_%v_34 
		 3: COPY TYPE_StringLiteral def_%v_35 
		 4: %v_34->t def_%v_36 %v_34[15.2,] %v_35[15.3,] 	 ARGS:%v_35,
		 5: ATTRASSIGN %v_33->[] %v_36[15.4,] 
		 6: COPY TYPE_PASS def_%v_32 %v_36[15.4,] 
BB 16
	outgoing: 51 
	datadep: 
	instructions:
		 0: 
BB 17
	outgoing: 18 22 
	datadep: 
	instructions:
		 0: 
		 1: u->[] def_%v_37 u[2.12,] 	 ARGS:Symbol,
		 2: BRANCH %v_37[17.1,] 
BB 18
	outgoing: 19 20 
	datadep: 
	instructions:
		 0: 
		 1: GETFIELD %self->user def_%v_38 %self[2.0,2.9,] 
		 2: %v_38->update_attributes def_%v_39 %v_38[18.1,] u[2.12,] 	 ARGS:u,
		 3: BRANCH %v_39[18.2,] 
BB 19
	outgoing: 21 
	datadep: 
	instructions:
		 0: 
		 1: %self->flash def_%v_40 %self[2.0,2.9,] 	 ARGS:
		 2: (I18n) def_%v_41 
		 3: COPY TYPE_StringLiteral def_%v_42 
		 4: %v_41->t def_%v_43 %v_41[19.2,] %v_42[19.3,] 	 ARGS:%v_42,
		 5: ATTRASSIGN %v_40->[] %v_43[19.4,] 
		 6: 
BB 20
	outgoing: 21 
	datadep: 
	instructions:
		 0: 
		 1: %self->flash def_%v_44 %self[2.0,2.9,] 	 ARGS:
		 2: (I18n) def_%v_45 
		 3: COPY TYPE_StringLiteral def_%v_46 
		 4: %v_45->t def_%v_47 %v_45[20.2,] %v_46[20.3,] 	 ARGS:%v_46,
		 5: ATTRASSIGN %v_44->[] %v_47[20.4,] 
		 6: COPY TYPE_PASS def_%v_43 %v_47[20.4,] 
BB 21
	outgoing: 50 
	datadep: 
	instructions:
		 0: 
BB 22
	outgoing: 23 27 
	datadep: 
	instructions:
		 0: 
		 1: u->[] def_%v_48 u[2.12,] 	 ARGS:Symbol,
		 2: BRANCH %v_48[22.1,] 
BB 23
	outgoing: 24 25 
	datadep: 
	instructions:
		 0: 
		 1: GETFIELD %self->user def_%v_49 %self[2.0,2.9,] 
		 2: %v_49->update_attributes def_%v_50 %v_49[23.1,] u[2.12,] 	 ARGS:u,
		 3: BRANCH %v_50[23.2,] 
BB 24
	outgoing: 26 
	datadep: 
	instructions:
		 0: 
		 1: (I18n) def_%v_51 
		 2: GETFIELD %self->user def_%v_52 %self[2.0,2.9,] 
		 3: %v_52->language def_%v_53 %v_52[24.2,] 	 ARGS:
		 4: ATTRASSIGN %v_51->locale %v_53[24.3,] 
		 5: 
		 6: %self->flash def_%v_54 %self[2.0,2.9,] 	 ARGS:
		 7: (I18n) def_%v_55 
		 8: COPY TYPE_StringLiteral def_%v_56 
		 9: %v_55->t def_%v_57 %v_55[24.7,] %v_56[24.8,] 	 ARGS:%v_56,
		 10: ATTRASSIGN %v_54->[] %v_57[24.9,] 
		 11: 
BB 25
	outgoing: 26 
	datadep: 
	instructions:
		 0: 
		 1: %self->flash def_%v_58 %self[2.0,2.9,] 	 ARGS:
		 2: (I18n) def_%v_59 
		 3: COPY TYPE_StringLiteral def_%v_60 
		 4: %v_59->t def_%v_61 %v_59[25.2,] %v_60[25.3,] 	 ARGS:%v_60,
		 5: ATTRASSIGN %v_58->[] %v_61[25.4,] 
		 6: COPY TYPE_PASS def_%v_57 %v_61[25.4,] 
BB 26
	outgoing: 49 
	datadep: 
	instructions:
		 0: 
BB 27
	outgoing: 28 35 
	datadep: 
	instructions:
		 0: 
		 1: u->[] def_%v_62 u[2.12,] 	 ARGS:Symbol,
		 2: BRANCH %v_62[27.1,] 
BB 28
	outgoing: 29 33 
	datadep: 
	instructions:
		 0: 
		 1: GETFIELD %self->user def_%v_63 %self[2.0,2.9,] 
		 2: u->[] def_%v_64 u[2.12,] 	 ARGS:Symbol,
		 3: ATTRASSIGN %v_63->unconfirmed_email %v_64[28.2,] 
		 4: 
		 5: GETFIELD %self->user def_%v_65 %self[2.0,2.9,] 
		 6: %v_65->save def_%v_66 %v_65[28.5,] 	 ARGS:
		 7: BRANCH %v_66[28.6,] 
BB 29
	outgoing: 30 31 
	datadep: 
	instructions:
		 0: 
		 1: GETFIELD %self->user def_%v_67 %self[2.0,2.9,] 
		 2: %v_67->send_confirm_email def_%v_68 %v_67[29.1,] 	 ARGS:
		 3: 
		 4: GETFIELD %self->user def_%v_69 %self[2.0,2.9,] 
		 5: %v_69->unconfirmed_email def_%v_70 %v_69[29.4,] 	 ARGS:
		 6: BRANCH %v_70[29.5,] 
BB 30
	outgoing: 32 
	datadep: 
	instructions:
		 0: 
		 1: %self->flash def_%v_71 %self[2.0,2.9,] 	 ARGS:
		 2: (I18n) def_%v_72 
		 3: COPY TYPE_StringLiteral def_%v_73 
		 4: %v_72->t def_%v_74 %v_72[30.2,] %v_73[30.3,] 	 ARGS:%v_73,
		 5: ATTRASSIGN %v_71->[] %v_74[30.4,] 
		 6: 
BB 31
	outgoing: 32 
	datadep: 
	instructions:
		 0: COPY TYPE_Nil def_%v_74 
BB 32
	outgoing: 34 
	datadep: 
	instructions:
		 0: 
BB 33
	outgoing: 34 
	datadep: 
	instructions:
		 0: 
		 1: %self->flash def_%v_75 %self[2.0,2.9,] 	 ARGS:
		 2: (I18n) def_%v_76 
		 3: COPY TYPE_StringLiteral def_%v_77 
		 4: %v_76->t def_%v_78 %v_76[33.2,] %v_77[33.3,] 	 ARGS:%v_77,
		 5: ATTRASSIGN %v_75->[] %v_78[33.4,] 
		 6: COPY TYPE_PASS def_%v_74 %v_78[33.4,] 
BB 34
	outgoing: 48 
	datadep: 
	instructions:
		 0: 
BB 35
	outgoing: 36 40 
	datadep: 
	instructions:
		 0: 
		 1: u->[] def_%v_79 u[2.12,] 	 ARGS:Symbol,
		 2: BRANCH %v_79[35.1,] 
BB 36
	outgoing: 37 38 
	datadep: 
	instructions:
		 0: 
		 1: GETFIELD %self->user def_%v_80 %self[2.0,2.9,] 
		 2: %v_80->update_attributes def_%v_81 %v_80[36.1,] u[2.12,] 	 ARGS:u,
		 3: BRANCH %v_81[36.2,] 
BB 37
	outgoing: 39 
	datadep: 
	instructions:
		 0: 
		 1: %self->flash def_%v_82 %self[2.0,2.9,] 	 ARGS:
		 2: (I18n) def_%v_83 
		 3: COPY TYPE_StringLiteral def_%v_84 
		 4: %v_83->t def_%v_85 %v_83[37.2,] %v_84[37.3,] 	 ARGS:%v_84,
		 5: ATTRASSIGN %v_82->[] %v_85[37.4,] 
		 6: 
BB 38
	outgoing: 39 
	datadep: 
	instructions:
		 0: 
		 1: %self->flash def_%v_86 %self[2.0,2.9,] 	 ARGS:
		 2: (I18n) def_%v_87 
		 3: COPY TYPE_StringLiteral def_%v_88 
		 4: %v_87->t def_%v_89 %v_87[38.2,] %v_88[38.3,] 	 ARGS:%v_88,
		 5: ATTRASSIGN %v_86->[] %v_89[38.4,] 
		 6: COPY TYPE_PASS def_%v_85 %v_89[38.4,] 
BB 39
	outgoing: 47 
	datadep: 
	instructions:
		 0: 
BB 40
	outgoing: 41 45 
	datadep: 
	instructions:
		 0: 
		 1: u->[] def_%v_90 u[2.12,] 	 ARGS:Symbol,
		 2: BRANCH %v_90[40.1,] 
BB 41
	outgoing: 42 43 
	datadep: 
	instructions:
		 0: 
		 1: GETFIELD %self->user def_%v_91 %self[2.0,2.9,] 
		 2: %v_91->update_attributes def_%v_92 %v_91[41.1,] u[2.12,] 	 ARGS:u,
		 3: BRANCH %v_92[41.2,] 
BB 42
	outgoing: 44 
	datadep: 
	instructions:
		 0: 
		 1: %self->flash def_%v_93 %self[2.0,2.9,] 	 ARGS:
		 2: (I18n) def_%v_94 
		 3: COPY TYPE_StringLiteral def_%v_95 
		 4: %v_94->t def_%v_96 %v_94[42.2,] %v_95[42.3,] 	 ARGS:%v_95,
		 5: ATTRASSIGN %v_93->[] %v_96[42.4,] 
		 6: 
BB 43
	outgoing: 44 
	datadep: 
	instructions:
		 0: 
		 1: %self->flash def_%v_97 %self[2.0,2.9,] 	 ARGS:
		 2: (I18n) def_%v_98 
		 3: COPY TYPE_StringLiteral def_%v_99 
		 4: %v_98->t def_%v_100 %v_98[43.2,] %v_99[43.3,] 	 ARGS:%v_99,
		 5: ATTRASSIGN %v_97->[] %v_100[43.4,] 
		 6: COPY TYPE_PASS def_%v_96 %v_100[43.4,] 
BB 44
	outgoing: 46 
	datadep: 
	instructions:
		 0: 
BB 45
	outgoing: 46 
	datadep: 
	instructions:
		 0: COPY TYPE_Nil def_%v_96 
BB 46
	outgoing: 47 
	datadep: 
	instructions:
		 0: COPY TYPE_PASS def_%v_85 %v_96[45.0,43.6,42.4,] 
BB 47
	outgoing: 48 
	datadep: 
	instructions:
		 0: COPY TYPE_PASS def_%v_74 %v_85[46.0,38.6,37.4,] 
BB 48
	outgoing: 49 
	datadep: 
	instructions:
		 0: COPY TYPE_PASS def_%v_57 %v_74[47.0,33.6,31.0,30.4,] 
BB 49
	outgoing: 50 
	datadep: 
	instructions:
		 0: COPY TYPE_PASS def_%v_43 %v_57[48.0,25.6,24.9,] 
BB 50
	outgoing: 51 
	datadep: 
	instructions:
		 0: COPY TYPE_PASS def_%v_32 %v_43[49.0,20.6,19.4,] 
BB 51
	outgoing: 52 
	datadep: 
	instructions:
		 0: COPY TYPE_PASS def_%v_20 %v_32[50.0,15.6,14.4,] 
BB 52
	outgoing: 53 
	datadep: 
	instructions:
		 0: COPY TYPE_PASS def_%v_12 %v_20[51.0,8.6,7.6,] 
BB 53
	outgoing: 55 
	datadep: 
	instructions:
		 0: 
BB 54
	outgoing: 55 
	datadep: 
	instructions:
		 0: COPY TYPE_Nil def_%v_12 
BB 55
	outgoing: 56 
	datadep: 
	instructions:
		 0: 
		 1: %self->set_email_preferences def_%v_101 %self[2.0,2.9,] 	 ARGS:
		 2: 
		 3: %self->respond_to def_%v_102 %self[55.1,2.0,2.9,] %self[55.1,2.0,2.9,] 	 ARGS:%self,
CLOSURE BEGIN: format[] %self[55.1,2.0,2.9,] 
BB 1
	outgoing: 6 2 
	datadep: 
	instructions:
BB 2
	outgoing: 3 
	datadep: 
	instructions:
		 0: def_%self 
		 1: def_%cl_1_0 
		 2: RECEIVEARG def_format 
		 3: COPY TYPE_CurrentScope def_%current_scope 
		 4: COPY TYPE_ScopeModule def_%current_module 
BB 3
	outgoing: 4 6 
	datadep: 
	instructions:
		 0: 
		 1: format->js def_%cl_1_3 format[2.2,] %self[2.0,] 	 ARGS:format,
CLOSURE BEGIN: %self[2.0,] 
BB 1
	outgoing: 6 2 
	datadep: 
	instructions:
BB 2
	outgoing: 3 
	datadep: 
	instructions:
		 0: def_%self 
		 1: def_%cl_2_0 
		 2: COPY TYPE_CurrentScope def_%current_scope 
		 3: COPY TYPE_ScopeModule def_%current_module 
BB 3
	outgoing: 4 6 
	datadep: 
	instructions:
		 0: 
		 1: HASH-nothing-status- def_%cl_2_3 
		 2: %self->render def_%cl_2_4 %self[2.0,] %cl_2_3[3.1,] 	 ARGS:%cl_2_3,
		 3: RETURN %cl_2_4[3.2,] %self[3.2,2.0,] 
BB 4
	outgoing: 6 
	datadep: 
	instructions:
		 0: def_%cl_2_5 
		 1: def_%cl_2_6 %cl_2_5[4.0,] 
		 2: RETURN %cl_2_6[4.1,] %self[2.0,] 
BB 6
	outgoing: 
	datadep: 
	instructions:
CLOSURE END
		 2: 
		 3: format->all def_%cl_1_4 format[3.1,2.2,] %self[2.0,] 	 ARGS:format,
CLOSURE BEGIN: password_changed[] %self[2.0,] 
BB 1
	outgoing: 9 2 
	datadep: 
	instructions:
BB 2
	outgoing: 4 5 
	datadep: 
	instructions:
		 0: def_%self 
		 1: def_%cl_3_0 
		 2: COPY TYPE_CurrentScope def_%current_scope 
		 3: COPY TYPE_ScopeModule def_%current_module 
		 4: 
		 5: BRANCH password_changed[] 
BB 4
	outgoing: 6 7 
	datadep: 
	instructions:
		 0: 
		 1: %self->new_user_session_path def_%cl_3_3 %self[2.0,] 	 ARGS:
		 2: %self->redirect_to def_%cl_3_4 %self[4.1,2.0,] %cl_3_3[4.1,] 	 ARGS:%cl_3_3,
		 3: 
BB 5
	outgoing: 7 9 
	datadep: 
	instructions:
		 0: 
		 1: %self->render def_%cl_3_5 %self[2.0,] 	 ARGS:Symbol,
		 2: RETURN %cl_3_5[5.1,] %self[5.1,2.0,] 
BB 6
	outgoing: 9 
	datadep: 
	instructions:
		 0: RETURN %cl_3_4[4.2,] %self[2.0,] 
BB 7
	outgoing: 9 
	datadep: 
	instructions:
		 0: def_%cl_3_6 
		 1: def_%cl_3_7 %cl_3_6[7.0,] 
		 2: RETURN %cl_3_7[7.1,] %self[2.0,] 
BB 9
	outgoing: 
	datadep: 
	instructions:
CLOSURE END
		 4: RETURN %cl_1_4[3.3,] %self[2.0,] 
BB 4
	outgoing: 6 
	datadep: 
	instructions:
		 0: def_%cl_1_5 
		 1: def_%cl_1_6 %cl_1_5[4.0,] 
		 2: RETURN %cl_1_6[4.1,] %self[2.0,] 
BB 6
	outgoing: 
	datadep: 
	instructions:
CLOSURE END
		 4: RETURN %v_102[55.3,] %self[55.1,55.3,2.0,2.9,] 
BB 56
	outgoing: 
	datadep: 
	instructions:

SET IRMethod, name = destroy
BB 1
	outgoing: 15 2 
	datadep: 
	instructions:
BB 2
	outgoing: 3 4 
	datadep: 
	instructions:
		 0: def_%self 
		 1: def_%v_0 
		 2: COPY TYPE_CurrentScope def_%current_scope 
		 3: COPY TYPE_ScopeModule def_%current_module 
		 4: 
		 5: 
		 6: %self->params def_%v_3 %self[2.0,] 	 ARGS:
		 7: %v_3->[] def_%v_4 %v_3[2.6,] 	 ARGS:Symbol,
		 8: BRANCH %v_4[2.7,] 
BB 3
	outgoing: 4 
	datadep: 
	instructions:
		 0: %self->params def_%v_5 %self[2.0,] 	 ARGS:
		 1: %v_5->[] def_%v_6 %v_5[3.0,] 	 ARGS:Symbol,
		 2: %v_6->[] def_%v_7 %v_6[3.1,] 	 ARGS:Symbol,
		 3: COPY TYPE_PASS def_%v_4 %v_7[3.2,] 
BB 4
	outgoing: 5 6 
	datadep: 
	instructions:
		 0: BRANCH %v_4[3.3,2.7,] 
BB 5
	outgoing: 6 
	datadep: 
	instructions:
		 0: %self->current_user def_%v_8 %self[2.0,] 	 ARGS:
		 1: %self->params def_%v_9 %self[5.0,2.0,] 	 ARGS:
		 2: %v_9->[] def_%v_10 %v_9[5.1,] 	 ARGS:Symbol,
		 3: %v_10->[] def_%v_11 %v_10[5.2,] 	 ARGS:Symbol,
		 4: %v_8->valid_password? def_%v_12 %v_8[5.0,] %v_11[5.3,] 	 ARGS:%v_11,
		 5: COPY TYPE_PASS def_%v_4 %v_12[5.4,] 
BB 6
	outgoing: 7 8 
	datadep: 
	instructions:
		 0: BRANCH %v_4[5.5,3.3,2.7,] 
BB 7
	outgoing: 15 
	datadep: 
	instructions:
		 0: 
		 1: %self->current_user def_%v_13 %self[2.0,] 	 ARGS:
		 2: %v_13->close_account! def_%v_14 %v_13[7.1,] 	 ARGS:
		 3: 
		 4: %self->current_user def_%v_15 %self[7.1,2.0,] 	 ARGS:
		 5: %self->sign_out def_%v_16 %self[7.1,7.4,2.0,] %v_15[7.4,] 	 ARGS:%v_15,
		 6: 
		 7: %self->stream_path def_%v_17 %self[7.1,7.4,7.5,2.0,] 	 ARGS:
		 8: (I18n) def_%v_18 
		 9: COPY TYPE_StringLiteral def_%v_19 
		 10: %v_18->t def_%v_20 %v_18[7.8,] %v_19[7.9,] 	 ARGS:%v_19,
		 11: HASH-notice- def_%v_21 %v_20[7.10,] 
		 12: %self->redirect_to def_%v_22 %self[7.1,7.4,7.5,7.7,2.0,] %v_17[7.7,] %v_21[7.11,] 	 ARGS:%v_17,%v_21,
		 13: RETURN %v_22[7.12,] %self[7.1,7.4,7.5,7.7,7.12,2.0,] 
BB 8
	outgoing: 9 10 
	datadep: 
	instructions:
		 0: 
		 1: %self->params def_%v_23 %self[2.0,] 	 ARGS:
		 2: %v_23->[] def_%v_24 %v_23[8.1,] 	 ARGS:Symbol,
		 3: %v_24->present? def_%v_25 %v_24[8.2,] 	 ARGS:
		 4: BRANCH %v_25[8.3,] 
BB 9
	outgoing: 10 
	datadep: 
	instructions:
		 0: %self->params def_%v_26 %self[2.0,] 	 ARGS:
		 1: %v_26->[] def_%v_27 %v_26[9.0,] 	 ARGS:Symbol,
		 2: %v_27->[] def_%v_28 %v_27[9.1,] 	 ARGS:Symbol,
		 3: %v_28->present? def_%v_29 %v_28[9.2,] 	 ARGS:
		 4: COPY TYPE_PASS def_%v_25 %v_29[9.3,] 
BB 10
	outgoing: 11 12 
	datadep: 
	instructions:
		 0: BRANCH %v_25[9.4,8.3,] 
BB 11
	outgoing: 13 
	datadep: 
	instructions:
		 0: 
		 1: %self->flash def_%v_30 %self[2.0,] 	 ARGS:
		 2: COPY TYPE_StringLiteral def_%v_31 
		 3: %self->t def_%v_32 %self[11.1,2.0,] %v_31[11.2,] 	 ARGS:%v_31,
		 4: ATTRASSIGN %v_30->[] %v_32[11.3,] 
		 5: 
BB 12
	outgoing: 13 
	datadep: 
	instructions:
		 0: 
		 1: %self->flash def_%v_33 %self[2.0,] 	 ARGS:
		 2: COPY TYPE_StringLiteral def_%v_34 
		 3: %self->t def_%v_35 %self[12.1,2.0,] %v_34[12.2,] 	 ARGS:%v_34,
		 4: ATTRASSIGN %v_33->[] %v_35[12.3,] 
		 5: COPY TYPE_PASS def_%v_32 %v_35[12.3,] 
BB 13
	outgoing: 15 
	datadep: 
	instructions:
		 0: 
		 1: %self->redirect_to def_%v_36 %self[2.0,] 	 ARGS:Symbol,
		 2: RETURN %v_36[13.1,] %self[13.1,2.0,] 
BB 15
	outgoing: 
	datadep: 
	instructions:

SET IRMethod, name = public
BB 1
	outgoing: 6 2 
	datadep: 
	instructions:
BB 2
	outgoing: 3 4 
	datadep: 
	instructions:
		 0: def_%self 
		 1: def_%v_0 
		 2: COPY TYPE_CurrentScope def_%current_scope 
		 3: COPY TYPE_ScopeModule def_%current_module 
		 4: 
		 5: 
		 6: (User) def_%v_3 
		 7: %self->params def_%v_4 %self[2.0,] 	 ARGS:
		 8: %v_4->[] def_%v_5 %v_4[2.7,] 	 ARGS:Symbol,
		 9: %v_3->find_by_username def_%v_6 %v_3[2.6,] %v_5[2.8,] 	 ARGS:%v_5,
		 10: ATTRASSIGN %self->user %v_6[2.9,] 
		 11: BRANCH %v_6[2.9,] 
BB 3
	outgoing: 6 
	datadep: 
	instructions:
		 0: 
		 1: %self->respond_to def_%v_7 %self[2.0,2.10,] %self[2.0,2.10,] 	 ARGS:%self,
CLOSURE BEGIN: format[] %self[2.0,2.10,] 
BB 1
	outgoing: 6 2 
	datadep: 
	instructions:
BB 2
	outgoing: 3 
	datadep: 
	instructions:
		 0: def_%self 
		 1: def_%cl_1_0 
		 2: RECEIVEARG def_format 
		 3: COPY TYPE_CurrentScope def_%current_scope 
		 4: COPY TYPE_ScopeModule def_%current_module 
BB 3
	outgoing: 4 6 
	datadep: 
	instructions:
		 0: 
		 1: format->atom def_%cl_1_3 format[2.2,] %self[2.0,] 	 ARGS:format,
CLOSURE BEGIN: %self[2.0,] 
BB 1
	outgoing: 6 2 
	datadep: 
	instructions:
BB 2
	outgoing: 3 
	datadep: 
	instructions:
		 0: def_%self 
		 1: def_%cl_2_0 
		 2: COPY TYPE_CurrentScope def_%current_scope 
		 3: COPY TYPE_ScopeModule def_%current_module 
BB 3
	outgoing: 4 6 
	datadep: 
	instructions:
		 0: 
		 1: (Post) def_%cl_2_3 
		 2: GETFIELD %self->user def_%cl_2_4 %self[2.0,] 
		 3: %cl_2_4->person_id def_%cl_2_5 %cl_2_4[3.2,] 	 ARGS:
		 4: HASH-author_id-public- def_%cl_2_6 %cl_2_5[3.3,] 
		 5: %cl_2_3->where def_%cl_2_7 %cl_2_3[3.1,] %cl_2_6[3.4,] 	 ARGS:%cl_2_6,
		 6: COPY TYPE_StringLiteral def_%cl_2_8 
		 7: %cl_2_7->order def_%cl_2_9 %cl_2_7[3.5,] %cl_2_8[3.6,] 	 ARGS:%cl_2_8,
		 8: %cl_2_9->limit def_%cl_2_10 %cl_2_9[3.7,] 	 ARGS:Fixnum,
		 9: %cl_2_10->map def_%cl_2_11 %cl_2_10[3.8,] %self[2.0,] 	 ARGS:%cl_2_10,
CLOSURE BEGIN: post[] 
BB 1
	outgoing: 9 2 
	datadep: 
	instructions:
BB 2
	outgoing: 3 
	datadep: 
	instructions:
		 0: def_%self 
		 1: def_%cl_3_0 
		 2: RECEIVEARG def_post 
		 3: COPY TYPE_CurrentScope def_%current_scope 
		 4: COPY TYPE_ScopeModule def_%current_module 
BB 3
	outgoing: 4 5 7 
	datadep: 
	instructions:
		 0: 
		 1: (Reshare) def_%cl_3_3 
		 2: post->is_a? def_%cl_3_4 post[2.2,] %cl_3_3[3.1,] 	 ARGS:%cl_3_3,
		 3: BRANCH %cl_3_4[3.2,] 
BB 4
	outgoing: 6 7 
	datadep: 
	instructions:
		 0: post->absolute_root def_%cl_3_5 post[2.2,] 	 ARGS:
		 1: 
BB 5
	outgoing: 9 
	datadep: 
	instructions:
		 0: RETURN post[2.2,] %self[2.0,] 
BB 6
	outgoing: 9 
	datadep: 
	instructions:
		 0: RETURN %cl_3_5[4.0,] %self[2.0,] 
BB 7
	outgoing: 9 
	datadep: 
	instructions:
		 0: def_%cl_3_6 
		 1: def_%cl_3_7 %cl_3_6[7.0,] 
		 2: RETURN %cl_3_7[7.1,] %self[2.0,] 
BB 9
	outgoing: 
	datadep: 
	instructions:
CLOSURE END
		 10: %cl_2_11->compact def_%cl_2_12 %cl_2_11[3.9,] 	 ARGS:
		 11: ATTRASSIGN %self->posts %cl_2_12[3.10,] 
		 12: RETURN %cl_2_12[3.10,] %self[3.11,2.0,] 
BB 4
	outgoing: 6 
	datadep: 
	instructions:
		 0: def_%cl_2_13 
		 1: def_%cl_2_14 %cl_2_13[4.0,] 
		 2: RETURN %cl_2_14[4.1,] %self[3.11,2.0,] 
BB 6
	outgoing: 
	datadep: 
	instructions:
CLOSURE END
		 2: 
		 3: format->any def_%cl_1_4 format[3.1,2.2,] %self[2.0,] 	 ARGS:format,
CLOSURE BEGIN: %self[2.0,] 
BB 1
	outgoing: 6 2 
	datadep: 
	instructions:
BB 2
	outgoing: 3 
	datadep: 
	instructions:
		 0: def_%self 
		 1: def_%cl_4_0 
		 2: COPY TYPE_CurrentScope def_%current_scope 
		 3: COPY TYPE_ScopeModule def_%current_module 
BB 3
	outgoing: 4 6 
	datadep: 
	instructions:
		 0: 
		 1: GETFIELD %self->user def_%cl_4_3 %self[2.0,] 
		 2: %cl_4_3->person def_%cl_4_4 %cl_4_3[3.1,] 	 ARGS:
		 3: %self->person_path def_%cl_4_5 %self[2.0,] %cl_4_4[3.2,] 	 ARGS:%cl_4_4,
		 4: %self->redirect_to def_%cl_4_6 %self[3.3,2.0,] %cl_4_5[3.3,] 	 ARGS:%cl_4_5,
		 5: RETURN %cl_4_6[3.4,] %self[3.3,3.4,2.0,] 
BB 4
	outgoing: 6 
	datadep: 
	instructions:
		 0: def_%cl_4_7 
		 1: def_%cl_4_8 %cl_4_7[4.0,] 
		 2: RETURN %cl_4_8[4.1,] %self[2.0,] 
BB 6
	outgoing: 
	datadep: 
	instructions:
CLOSURE END
		 4: RETURN %cl_1_4[3.3,] %self[2.0,] 
BB 4
	outgoing: 6 
	datadep: 
	instructions:
		 0: def_%cl_1_5 
		 1: def_%cl_1_6 %cl_1_5[4.0,] 
		 2: RETURN %cl_1_6[4.1,] %self[2.0,] 
BB 6
	outgoing: 
	datadep: 
	instructions:
CLOSURE END
		 2: RETURN %v_7[3.1,] %self[3.1,2.0,2.10,] 
BB 4
	outgoing: 6 
	datadep: 
	instructions:
		 0: 
		 1: %self->stream_path def_%v_8 %self[2.0,2.10,] 	 ARGS:
		 2: (I18n) def_%v_9 
		 3: COPY TYPE_StringLiteral def_%v_10 
		 4: %self->params def_%v_11 %self[4.1,2.0,2.10,] 	 ARGS:
		 5: %v_11->[] def_%v_12 %v_11[4.4,] 	 ARGS:Symbol,
		 6: HASH-username- def_%v_13 %v_12[4.5,] 
		 7: %v_9->t def_%v_14 %v_9[4.2,] %v_10[4.3,] %v_13[4.6,] 	 ARGS:%v_10,%v_13,
		 8: HASH-error- def_%v_15 %v_14[4.7,] 
		 9: %self->redirect_to def_%v_16 %self[4.1,4.4,2.0,2.10,] %v_8[4.1,] %v_15[4.8,] 	 ARGS:%v_8,%v_15,
		 10: RETURN %v_16[4.9,] %self[4.1,4.4,4.9,2.0,2.10,] 
BB 6
	outgoing: 
	datadep: 
	instructions:

SET IRMethod, name = getting_started
BB 1
	outgoing: 3 2 
	datadep: 
	instructions:
BB 2
	outgoing: 3 
	datadep: 
	instructions:
		 0: def_%self 
		 1: def_%v_0 
		 2: COPY TYPE_CurrentScope def_%current_scope 
		 3: COPY TYPE_ScopeModule def_%current_module 
		 4: 
		 5: 
		 6: %self->current_user def_%v_3 %self[2.0,] 	 ARGS:
		 7: ATTRASSIGN %self->user %v_3[2.6,] 
		 8: 
		 9: GETFIELD %self->user def_%v_4 %self[2.0,2.6,2.7,] 
		 10: %v_4->person def_%v_5 %v_4[2.9,] 	 ARGS:
		 11: ATTRASSIGN %self->person %v_5[2.10,] 
		 12: 
		 13: GETFIELD %self->user def_%v_6 %self[2.0,2.6,2.7,] 
		 14: %v_6->profile def_%v_7 %v_6[2.13,] 	 ARGS:
		 15: ATTRASSIGN %self->profile %v_7[2.14,] 
		 16: 
		 17: COPY TYPE_StringLiteral def_%v_8 
		 18: %self->render def_%v_9 %self[2.0,2.6,2.7,2.11,2.15,] %v_8[2.17,] 	 ARGS:%v_8,
		 19: RETURN %v_9[2.18,] %self[2.0,2.6,2.7,2.11,2.15,2.18,] 
BB 3
	outgoing: 
	datadep: 
	instructions:

SET IRMethod, name = getting_started_completed
BB 1
	outgoing: 3 2 
	datadep: 
	instructions:
BB 2
	outgoing: 3 
	datadep: 
	instructions:
		 0: def_%self 
		 1: def_%v_0 
		 2: COPY TYPE_CurrentScope def_%current_scope 
		 3: COPY TYPE_ScopeModule def_%current_module 
		 4: 
		 5: 
		 6: %self->current_user def_%v_3 %self[2.0,] 	 ARGS:
		 7: COPY TYPE_PASS def_user %v_3[2.6,] 
		 8: 
		 9: ATTRASSIGN %v_3->getting_started 
		 10: 
		 11: user->save def_%v_4 user[2.7,] 	 ARGS:
		 12: 
		 13: %self->stream_path def_%v_5 %self[2.0,2.6,] 	 ARGS:
		 14: %self->redirect_to def_%v_6 %self[2.0,2.6,2.13,] %v_5[2.13,] 	 ARGS:%v_5,
		 15: RETURN %v_6[2.14,] %self[2.0,2.6,2.13,2.14,] 
BB 3
	outgoing: 
	datadep: 
	instructions:

SET IRMethod, name = export_profile
BB 1
	outgoing: 3 2 
	datadep: 
	instructions:
BB 2
	outgoing: 3 
	datadep: 
	instructions:
		 0: def_%self 
		 1: def_%v_0 
		 2: COPY TYPE_CurrentScope def_%current_scope 
		 3: COPY TYPE_ScopeModule def_%current_module 
		 4: 
		 5: 
		 6: %self->current_user def_%v_3 %self[2.0,] 	 ARGS:
		 7: %v_3->queue_export def_%v_4 %v_3[2.6,] 	 ARGS:
		 8: 
		 9: %self->flash def_%v_5 %self[2.0,2.6,] 	 ARGS:
		 10: (I18n) def_%v_6 
		 11: COPY TYPE_StringLiteral def_%v_7 
		 12: %v_6->t def_%v_8 %v_6[2.10,] %v_7[2.11,] 	 ARGS:%v_7,
		 13: ATTRASSIGN %v_5->[] %v_8[2.12,] 
		 14: 
		 15: %self->edit_user_path def_%v_9 %self[2.0,2.6,2.9,] 	 ARGS:
		 16: %self->redirect_to def_%v_10 %self[2.0,2.6,2.9,2.15,] %v_9[2.15,] 	 ARGS:%v_9,
		 17: RETURN %v_10[2.16,] %self[2.0,2.6,2.9,2.15,2.16,] 
BB 3
	outgoing: 
	datadep: 
	instructions:

SET IRMethod, name = download_profile
BB 1
	outgoing: 3 2 
	datadep: 
	instructions:
BB 2
	outgoing: 3 
	datadep: 
	instructions:
		 0: def_%self 
		 1: def_%v_0 
		 2: COPY TYPE_CurrentScope def_%current_scope 
		 3: COPY TYPE_ScopeModule def_%current_module 
		 4: 
		 5: 
		 6: %self->current_user def_%v_3 %self[2.0,] 	 ARGS:
		 7: %v_3->export def_%v_4 %v_3[2.6,] 	 ARGS:
		 8: %v_4->url def_%v_5 %v_4[2.7,] 	 ARGS:
		 9: %self->redirect_to def_%v_6 %self[2.0,2.6,] %v_5[2.8,] 	 ARGS:%v_5,
		 10: RETURN %v_6[2.9,] %self[2.0,2.6,2.9,] 
BB 3
	outgoing: 
	datadep: 
	instructions:

SET IRMethod, name = export_photos
BB 1
	outgoing: 3 2 
	datadep: 
	instructions:
BB 2
	outgoing: 3 
	datadep: 
	instructions:
		 0: def_%self 
		 1: def_%v_0 
		 2: COPY TYPE_CurrentScope def_%current_scope 
		 3: COPY TYPE_ScopeModule def_%current_module 
		 4: 
		 5: 
		 6: %self->current_user def_%v_3 %self[2.0,] 	 ARGS:
		 7: %v_3->queue_export_photos def_%v_4 %v_3[2.6,] 	 ARGS:
		 8: 
		 9: %self->flash def_%v_5 %self[2.0,2.6,] 	 ARGS:
		 10: (I18n) def_%v_6 
		 11: COPY TYPE_StringLiteral def_%v_7 
		 12: %v_6->t def_%v_8 %v_6[2.10,] %v_7[2.11,] 	 ARGS:%v_7,
		 13: ATTRASSIGN %v_5->[] %v_8[2.12,] 
		 14: 
		 15: %self->edit_user_path def_%v_9 %self[2.0,2.6,2.9,] 	 ARGS:
		 16: %self->redirect_to def_%v_10 %self[2.0,2.6,2.9,2.15,] %v_9[2.15,] 	 ARGS:%v_9,
		 17: RETURN %v_10[2.16,] %self[2.0,2.6,2.9,2.15,2.16,] 
BB 3
	outgoing: 
	datadep: 
	instructions:

SET IRMethod, name = download_photos
BB 1
	outgoing: 3 2 
	datadep: 
	instructions:
BB 2
	outgoing: 3 
	datadep: 
	instructions:
		 0: def_%self 
		 1: def_%v_0 
		 2: COPY TYPE_CurrentScope def_%current_scope 
		 3: COPY TYPE_ScopeModule def_%current_module 
		 4: 
		 5: 
		 6: %self->current_user def_%v_3 %self[2.0,] 	 ARGS:
		 7: %v_3->exported_photos_file def_%v_4 %v_3[2.6,] 	 ARGS:
		 8: %v_4->url def_%v_5 %v_4[2.7,] 	 ARGS:
		 9: %self->redirect_to def_%v_6 %self[2.0,2.6,] %v_5[2.8,] 	 ARGS:%v_5,
		 10: RETURN %v_6[2.9,] %self[2.0,2.6,2.9,] 
BB 3
	outgoing: 
	datadep: 
	instructions:

SET IRMethod, name = user_photo
BB 1
	outgoing: 6 2 
	datadep: 
	instructions:
BB 2
	outgoing: 3 4 
	datadep: 
	instructions:
		 0: def_%self 
		 1: def_%v_0 
		 2: COPY TYPE_CurrentScope def_%current_scope 
		 3: COPY TYPE_ScopeModule def_%current_module 
		 4: 
		 5: 
		 6: %self->params def_%v_3 %self[2.0,] 	 ARGS:
		 7: %v_3->[] def_%v_4 %v_3[2.6,] 	 ARGS:Symbol,
		 8: COPY TYPE_StringLiteral def_%v_5 
		 9: %v_4->split def_%v_6 %v_4[2.7,] %v_5[2.8,] 	 ARGS:%v_5,
		 10: %v_6->[] def_%v_7 %v_6[2.9,] 	 ARGS:Fixnum,
		 11: COPY TYPE_PASS def_username %v_7[2.10,] 
		 12: 
		 13: (User) def_%v_8 
		 14: %v_8->find_by_username def_%v_9 %v_8[2.13,] %v_7[2.10,] 	 ARGS:username,
		 15: COPY TYPE_PASS def_user %v_9[2.14,] 
		 16: 
		 17: %v_9->present? def_%v_10 %v_9[2.14,] 	 ARGS:
		 18: BRANCH %v_10[2.17,] 
BB 3
	outgoing: 6 
	datadep: 
	instructions:
		 0: 
		 1: user->image_url def_%v_11 user[2.15,] 	 ARGS:
		 2: %self->redirect_to def_%v_12 %self[2.0,] %v_11[3.1,] 	 ARGS:%v_11,
		 3: RETURN %v_12[3.2,] %self[3.2,2.0,] 
BB 4
	outgoing: 6 
	datadep: 
	instructions:
		 0: 
		 1: HASH-nothing-status- def_%v_13 
		 2: %self->render def_%v_14 %self[2.0,] %v_13[4.1,] 	 ARGS:%v_13,
		 3: RETURN %v_14[4.2,] %self[4.2,2.0,] 
BB 6
	outgoing: 
	datadep: 
	instructions:

SET IRMethod, name = confirm_email
BB 1
	outgoing: 9 2 
	datadep: 
	instructions:
BB 2
	outgoing: 3 4 
	datadep: 
	instructions:
		 0: def_%self 
		 1: def_%v_0 
		 2: COPY TYPE_CurrentScope def_%current_scope 
		 3: COPY TYPE_ScopeModule def_%current_module 
		 4: 
		 5: 
		 6: %self->current_user def_%v_3 %self[2.0,] 	 ARGS:
		 7: %self->params def_%v_4 %self[2.0,2.6,] 	 ARGS:
		 8: %v_4->[] def_%v_5 %v_4[2.7,] 	 ARGS:Symbol,
		 9: %v_3->confirm_email def_%v_6 %v_3[2.6,] %v_5[2.8,] 	 ARGS:%v_5,
		 10: BRANCH %v_6[2.9,] 
BB 3
	outgoing: 8 
	datadep: 
	instructions:
		 0: 
		 1: %self->flash def_%v_7 %self[2.0,] 	 ARGS:
		 2: (I18n) def_%v_8 
		 3: COPY TYPE_StringLiteral def_%v_9 
		 4: %self->current_user def_%v_10 %self[3.1,2.0,] 	 ARGS:
		 5: %v_10->email def_%v_11 %v_10[3.4,] 	 ARGS:
		 6: HASH-email- def_%v_12 %v_11[3.5,] 
		 7: %v_8->t def_%v_13 %v_8[3.2,] %v_9[3.3,] %v_12[3.6,] 	 ARGS:%v_9,%v_12,
		 8: ATTRASSIGN %v_7->[] %v_13[3.7,] 
		 9: 
BB 4
	outgoing: 5 6 
	datadep: 
	instructions:
		 0: 
		 1: %self->current_user def_%v_14 %self[2.0,] 	 ARGS:
		 2: %v_14->unconfirmed_email def_%v_15 %v_14[4.1,] 	 ARGS:
		 3: %v_15->present? def_%v_16 %v_15[4.2,] 	 ARGS:
		 4: BRANCH %v_16[4.3,] 
BB 5
	outgoing: 7 
	datadep: 
	instructions:
		 0: 
		 1: %self->flash def_%v_17 %self[2.0,] 	 ARGS:
		 2: (I18n) def_%v_18 
		 3: COPY TYPE_StringLiteral def_%v_19 
		 4: %v_18->t def_%v_20 %v_18[5.2,] %v_19[5.3,] 	 ARGS:%v_19,
		 5: ATTRASSIGN %v_17->[] %v_20[5.4,] 
		 6: 
BB 6
	outgoing: 7 
	datadep: 
	instructions:
		 0: COPY TYPE_Nil def_%v_20 
BB 7
	outgoing: 8 
	datadep: 
	instructions:
		 0: COPY TYPE_PASS def_%v_13 %v_20[6.0,5.4,] 
BB 8
	outgoing: 9 
	datadep: 
	instructions:
		 0: 
		 1: %self->edit_user_path def_%v_21 %self[2.0,] 	 ARGS:
		 2: %self->redirect_to def_%v_22 %self[8.1,2.0,] %v_21[8.1,] 	 ARGS:%v_21,
		 3: RETURN %v_22[8.2,] %self[8.1,8.2,2.0,] 
BB 9
	outgoing: 
	datadep: 
	instructions:

SET IRMethod, name = user_params
BB 1
	outgoing: 3 2 
	datadep: 
	instructions:
BB 2
	outgoing: 3 
	datadep: 
	instructions:
		 0: def_%self 
		 1: def_%v_0 
		 2: COPY TYPE_CurrentScope def_%current_scope 
		 3: COPY TYPE_ScopeModule def_%current_module 
		 4: 
		 5: 
		 6: %self->params def_%v_3 %self[2.0,] 	 ARGS:
		 7: %v_3->fetch def_%v_4 %v_3[2.6,] 	 ARGS:Symbol,
		 8: COPY TYPE_Array def_%v_5 
		 9: HASH-email_preferences- def_%v_6 %v_5[2.8,] 
		 10: %v_4->permit def_%v_7 %v_4[2.7,] %v_6[2.9,] 	 ARGS:Symbol,Symbol,Symbol,Symbol,Symbol,Symbol,Symbol,Symbol,Symbol,Symbol,Symbol,Symbol,Symbol,Symbol,Symbol,%v_6,
		 11: RETURN %v_7[2.10,] %self[2.0,2.6,] 
BB 3
	outgoing: 
	datadep: 
	instructions:

SET IRMethod, name = set_email_preferences
BB 1
	outgoing: 3 2 
	datadep: 
	instructions:
BB 2
	outgoing: 3 
	datadep: 
	instructions:
		 0: def_%self 
		 1: def_%v_0 
		 2: COPY TYPE_CurrentScope def_%current_scope 
		 3: COPY TYPE_ScopeModule def_%current_module 
		 4: 
		 5: 
		 6: (Hash) def_%v_3 
		 7: %v_3->new def_%v_4 %v_3[2.6,] 	 ARGS:Boolean,
		 8: ATTRASSIGN %self->email_prefs %v_4[2.7,] 
		 9: 
		 10: GETFIELD %self->user def_%v_5 %self[2.0,] 
		 11: %v_5->user_preferences def_%v_6 %v_5[2.10,] 	 ARGS:
		 12: %v_6->each def_%v_7 %v_6[2.11,] %self[2.0,2.8,] 	 ARGS:%v_6,
CLOSURE BEGIN: %self[2.0,2.8,] pref[] 
BB 1
	outgoing: 6 2 
	datadep: 
	instructions:
BB 2
	outgoing: 3 
	datadep: 
	instructions:
		 0: def_%self 
		 1: def_%cl_1_0 
		 2: RECEIVEARG def_pref 
		 3: COPY TYPE_CurrentScope def_%current_scope 
		 4: COPY TYPE_ScopeModule def_%current_module 
BB 3
	outgoing: 4 6 
	datadep: 
	instructions:
		 0: 
		 1: GETFIELD %self->email_prefs def_%cl_1_3 %self[2.0,] 
		 2: pref->email_type def_%cl_1_4 pref[2.2,] 	 ARGS:
		 3: ATTRASSIGN %cl_1_3->[] %cl_1_4[3.2,] 
		 4: RETURN %self[2.0,] 
BB 4
	outgoing: 6 
	datadep: 
	instructions:
		 0: def_%cl_1_5 
		 1: def_%cl_1_6 %cl_1_5[4.0,] 
		 2: RETURN %cl_1_6[4.1,] %self[2.0,] 
BB 6
	outgoing: 
	datadep: 
	instructions:
CLOSURE END
		 13: RETURN %v_7[2.12,] %self[2.0,2.8,] 
BB 3
	outgoing: 
	datadep: 
	instructions:

