SET IRMethod, name = store_dir
BB 1
	outgoing: 3 2 
	datadep: 
	instructions:
BB 2
	outgoing: 3 
	datadep: 
	instructions:
		 0: def_%self 
		 1: def_%v_0 
		 2: COPY TYPE_CurrentScope def_%current_scope 
		 3: COPY TYPE_ScopeModule def_%current_module 
		 4: 
		 5: 
		 6: COPY TYPE_StringLiteral def_%v_3 
		 7: RETURN %v_3[2.6,] %self[2.0,] 
BB 3
	outgoing: 
	datadep: 
	instructions:

SET IRMethod, name = filename
BB 1
	outgoing: 6 2 
	datadep: 
	instructions:
BB 2
	outgoing: 3 4 
	datadep: 
	instructions:
		 0: def_%self 
		 1: def_%v_0 
		 2: COPY TYPE_CurrentScope def_%current_scope 
		 3: COPY TYPE_ScopeModule def_%current_module 
		 4: 
		 5: 
		 6: %self->original_filename def_%v_3 %self[2.0,] 	 ARGS:
		 7: %v_3->present? def_%v_4 %v_3[2.6,] 	 ARGS:
		 8: BRANCH %v_4[2.7,] 
BB 3
	outgoing: 6 
	datadep: 
	instructions:
		 0: %self->model def_%v_5 %self[2.0,] 	 ARGS:
		 1: %v_5->username def_%v_6 %v_5[3.0,] 	 ARGS:
		 2: COPY TYPE_StringLiteral def_%v_7 
		 3: %self->secure_token def_%v_8 %self[3.0,2.0,] 	 ARGS:
		 4: COPY TYPE_StringLiteral def_%v_9 
		 5: BUILDSTRING def_%v_10 %v_6[3.1,] %v_7[3.2,] %v_8[3.3,] %v_9[3.4,] 
		 6: RETURN %v_10[3.5,] %self[3.0,3.3,2.0,] 
BB 4
	outgoing: 6 
	datadep: 
	instructions:
		 0: RETURN %self[2.0,] 
BB 6
	outgoing: 
	datadep: 
	instructions:

