SET IRMethod, name = new
BB 1
	outgoing: 9 2 
	datadep: 
	instructions:
BB 2
	outgoing: 3 7 
	datadep: 
	instructions:
		 0: def_%self 
		 1: def_%v_0 
		 2: COPY TYPE_CurrentScope def_%current_scope 
		 3: COPY TYPE_ScopeModule def_%current_module 
		 4: 
		 5: 
		 6: GETFIELD %self->current_user def_%v_3 %self[2.0,] 
		 7: %v_3->braintree_account def_%v_4 %v_3[2.6,] 	 ARGS:
		 8: BRANCH %v_4[2.7,] 
BB 3
	outgoing: 4 6 
	datadep: 
	instructions:
		 0: HASH-action- def_%v_5 
		 1: %self->redirect_to def_%v_6 %self[2.0,] %v_5[3.0,] 	 ARGS:%v_5,
		 2: BRANCH %v_6[3.1,] 
BB 4
	outgoing: 9 
	datadep: 
	instructions:
		 0: RETURN %self[2.0,] 
BB 6
	outgoing: 8 
	datadep: 
	instructions:
		 0: 
BB 7
	outgoing: 8 
	datadep: 
	instructions:
		 0: COPY TYPE_Nil def_%v_6 
BB 8
	outgoing: 9 
	datadep: 
	instructions:
		 0: 
		 1: (LIST_OF_STATES) def_%v_7 
		 2: ATTRASSIGN %self->list_of_states %v_7[8.1,] 
		 3: 
		 4: %self->create_new_account_object def_%v_8 %self[8.2,2.0,] 	 ARGS:
		 5: ATTRASSIGN %self->braintree_account %v_8[8.4,] 
		 6: 
		 7: GETFIELD %self->create_path def_%v_9 %self[8.4,2.0,] 
		 8: HASH-form_action- def_%v_10 %v_9[8.7,] 
		 9: HASH-locals- def_%v_11 %v_10[8.8,] 
		 10: %self->render def_%v_12 %self[8.2,8.4,8.5,2.0,] %v_11[8.9,] 	 ARGS:%v_11,
		 11: RETURN %v_12[8.10,] %self[8.2,8.4,8.5,8.10,2.0,] 
BB 9
	outgoing: 
	datadep: 
	instructions:

SET IRMethod, name = show
BB 1
	outgoing: 9 2 
	datadep: 
	instructions:
BB 2
	outgoing: 3 4 
	datadep: 
	instructions:
		 0: def_%self 
		 1: def_%v_0 
		 2: COPY TYPE_CurrentScope def_%current_scope 
		 3: COPY TYPE_ScopeModule def_%current_module 
		 4: 
		 5: 
		 6: GETFIELD %self->current_user def_%v_3 %self[2.0,] 
		 7: %v_3->braintree_account def_%v_4 %v_3[2.6,] 	 ARGS:
		 8: BRANCH %v_4[2.7,] 
BB 3
	outgoing: 8 
	datadep: 
	instructions:
		 0: COPY TYPE_Nil def_%v_5 
		 1: 
BB 4
	outgoing: 5 7 
	datadep: 
	instructions:
		 0: HASH-action- def_%v_6 
		 1: %self->redirect_to def_%v_7 %self[2.0,] %v_6[4.0,] 	 ARGS:%v_6,
		 2: BRANCH %v_7[4.1,] 
BB 5
	outgoing: 9 
	datadep: 
	instructions:
		 0: RETURN %self[2.0,] 
BB 7
	outgoing: 8 
	datadep: 
	instructions:
		 0: COPY TYPE_PASS def_%v_5 %v_7[4.1,] 
BB 8
	outgoing: 9 
	datadep: 
	instructions:
		 0: 
		 1: (LIST_OF_STATES) def_%v_8 
		 2: ATTRASSIGN %self->list_of_states %v_8[8.1,] 
		 3: 
		 4: (BraintreeAccount) def_%v_9 
		 5: GETFIELD %self->current_user def_%v_10 %self[2.0,] 
		 6: %v_10->id def_%v_11 %v_10[8.5,] 	 ARGS:
		 7: %v_9->find_by_person_id def_%v_12 %v_9[8.4,] %v_11[8.6,] 	 ARGS:%v_11,
		 8: ATTRASSIGN %self->braintree_account %v_12[8.7,] 
		 9: 
		 10: (LIST_OF_STATES) def_%v_13 
		 11: %v_13->find def_%v_14 %v_13[8.10,] %self[8.2,8.8,2.0,] 	 ARGS:%v_13,
CLOSURE BEGIN: state[] %self[8.2,8.8,2.0,] code[] 
BB 1
	outgoing: 6 2 
	datadep: 
	instructions:
BB 2
	outgoing: 3 
	datadep: 
	instructions:
		 0: def_%self 
		 1: def_%cl_1_0 
		 2: RECEIVEARG def_state 
		 3: COPY TYPE_CurrentScope def_%current_scope 
		 4: COPY TYPE_ScopeModule def_%current_module 
BB 3
	outgoing: 4 6 
	datadep: 
	instructions:
		 0: 
		 1: COPY TYPE_PASS def_%cl_1_3 state[2.2,] 
		 2: def_%cl_1_4 state[2.2,] 
		 3: def_%cl_1_5 %cl_1_4[3.2,] 
		 4: def_%cl_1_6 %cl_1_4[3.2,] 
		 5: COPY TYPE_PASS def_name %cl_1_5[3.3,] 
		 6: COPY TYPE_PASS def_code %cl_1_6[3.4,] 
		 7: 
		 8: GETFIELD %self->braintree_account def_%cl_1_7 %self[2.0,] 
		 9: %cl_1_7->address_region def_%cl_1_8 %cl_1_7[3.8,] 	 ARGS:
		 10: code->== def_%cl_1_9 code[3.6,] %cl_1_8[3.9,] 	 ARGS:%cl_1_8,
		 11: RETURN %cl_1_9[3.10,] %self[2.0,] 
BB 4
	outgoing: 6 
	datadep: 
	instructions:
		 0: def_%cl_1_10 
		 1: def_%cl_1_11 %cl_1_10[4.0,] 
		 2: RETURN %cl_1_11[4.1,] %self[2.0,] 
BB 6
	outgoing: 
	datadep: 
	instructions:
CLOSURE END
		 12: def_%v_15 %v_14[8.11,] 
		 13: def_%v_16 %v_15[8.12,] 
		 14: def_%v_17 %v_15[8.12,] 
		 15: ATTRASSIGN %self->state_name %v_16[8.13,] 
		 16: COPY TYPE_PASS def__ %v_17[8.14,] 
		 17: 
		 18: GETFIELD %self->create_path def_%v_18 %self[2.0,] 
		 19: HASH-form_action- def_%v_19 %v_18[8.18,] 
		 20: HASH-locals- def_%v_20 %v_19[8.19,] 
		 21: %self->render def_%v_21 %self[8.2,8.8,8.15,2.0,] %v_20[8.20,] 	 ARGS:%v_20,
		 22: RETURN %v_21[8.21,] %self[8.2,8.8,8.15,8.21,2.0,] 
BB 9
	outgoing: 
	datadep: 
	instructions:

SET IRMethod, name = create
BB 1
	outgoing: 14 2 
	datadep: 
	instructions:
BB 2
	outgoing: 3 4 
	datadep: 
	instructions:
		 0: def_%self 
		 1: def_%v_0 
		 2: COPY TYPE_CurrentScope def_%current_scope 
		 3: COPY TYPE_ScopeModule def_%current_module 
		 4: 
		 5: 
		 6: (LIST_OF_STATES) def_%v_3 
		 7: ATTRASSIGN %self->list_of_states %v_3[2.6,] 
		 8: 
		 9: %self->params def_%v_4 %self[2.0,2.7,] 	 ARGS:
		 10: %v_4->[] def_%v_5 %v_4[2.9,] 	 ARGS:Symbol,
		 11: GETFIELD %self->current_user def_%v_6 %self[2.0,2.9,] 
		 12: HASH-person- def_%v_7 %v_6[2.11,] 
		 13: %v_5->merge def_%v_8 %v_5[2.10,] %v_7[2.12,] 	 ARGS:%v_7,
		 14: GETFIELD %self->current_community def_%v_9 %self[2.0,2.9,] 
		 15: %v_9->id def_%v_10 %v_9[2.14,] 	 ARGS:
		 16: HASH-community_id- def_%v_11 %v_10[2.15,] 
		 17: %v_8->merge def_%v_12 %v_8[2.13,] %v_11[2.16,] 	 ARGS:%v_11,
		 18: (StringUtils) def_%v_13 
		 19: %self->params def_%v_14 %self[2.0,2.7,2.9,] 	 ARGS:
		 20: %v_14->[] def_%v_15 %v_14[2.19,] 	 ARGS:Symbol,
		 21: %v_15->[] def_%v_16 %v_15[2.20,] 	 ARGS:Symbol,
		 22: %v_13->trim_and_hide def_%v_17 %v_13[2.18,] %v_16[2.21,] 	 ARGS:%v_16,
		 23: HASH-hidden_account_number- def_%v_18 %v_17[2.22,] 
		 24: %v_12->merge def_%v_19 %v_12[2.17,] %v_18[2.23,] 	 ARGS:%v_18,
		 25: COPY TYPE_PASS def_braintree_params %v_19[2.24,] 
		 26: 
		 27: (BraintreeAccount) def_%v_20 
		 28: %v_20->new def_%v_21 %v_20[2.27,] %v_19[2.24,] 	 ARGS:braintree_params,
		 29: ATTRASSIGN %self->braintree_account %v_21[2.28,] 
		 30: 
		 31: GETFIELD %self->braintree_account def_%v_22 %self[2.0,2.9,2.19,2.29,] 
		 32: %v_22->valid? def_%v_23 %v_22[2.31,] 	 ARGS:
		 33: BRANCH %v_23[2.32,] 
BB 3
	outgoing: 5 
	datadep: 
	instructions:
		 0: 
		 1: GETFIELD %self->braintree_account def_%v_24 %self[2.0,2.29,] 
		 2: %v_24->save! def_%v_25 %v_24[3.1,] 	 ARGS:
		 3: 
		 4: (BraintreeApi) def_%v_26 
		 5: GETFIELD %self->braintree_account def_%v_27 %self[2.0,2.29,] 
		 6: GETFIELD %self->current_community def_%v_28 %self[2.0,] 
		 7: %v_26->create_merchant_account def_%v_29 %v_26[3.4,] %v_27[3.5,] %v_28[3.6,] 	 ARGS:%v_27,%v_28,
		 8: COPY TYPE_PASS def_merchant_account_result %v_29[3.7,] 
		 9: 
BB 4
	outgoing: 5 
	datadep: 
	instructions:
		 0: 
		 1: %self->flash def_%v_30 %self[2.0,2.7,2.29,] 	 ARGS:
		 2: GETFIELD %self->braintree_account def_%v_31 %self[4.1,2.0,2.29,] 
		 3: %v_31->errors def_%v_32 %v_31[4.2,] 	 ARGS:
		 4: %v_32->full_messages def_%v_33 %v_32[4.3,] 	 ARGS:
		 5: ATTRASSIGN %v_30->[] %v_33[4.4,] 
		 6: 
		 7: %self->ruby_code_from_view def_%v_34 %self[4.1,2.0,2.7,2.29,] 	 ARGS:
		 8: %v_34->ruby_code_from_view def_%v_35 %v_34[4.7,] %self[4.1,4.7,2.0,2.7,2.29,] 	 ARGS:%v_34,
CLOSURE BEGIN: %self[4.1,4.7,2.0,2.7,2.29,] 
BB 1
	outgoing: 6 2 
	datadep: 
	instructions:
BB 2
	outgoing: 3 
	datadep: 
	instructions:
		 0: def_%self 
		 1: def_%cl_1_0 
		 2: RECEIVEARG def_rb_from_view 
		 3: COPY TYPE_CurrentScope def_%current_scope 
		 4: COPY TYPE_ScopeModule def_%current_module 
BB 3
	outgoing: 4 6 
	datadep: 
	instructions:
		 0: 
		 1: %self->content_for def_%cl_1_3 %self[2.0,] %self[2.0,] 	 ARGS:Symbol,%self,
CLOSURE BEGIN: 
BB 1
	outgoing: 6 2 
	datadep: 
	instructions:
BB 2
	outgoing: 6 
	datadep: 
	instructions:
		 0: def_%self 
		 1: def_%cl_2_0 
		 2: COPY TYPE_CurrentScope def_%current_scope 
		 3: COPY TYPE_ScopeModule def_%current_module 
		 4: RETURN %self[2.0,] 
BB 6
	outgoing: 
	datadep: 
	instructions:
CLOSURE END
		 2: 
		 3: COPY TYPE_StringLiteral def_%cl_1_4 
		 4: %self->t def_%cl_1_5 %self[3.1,2.0,] %cl_1_4[3.3,] 	 ARGS:%cl_1_4,
		 5: 
		 6: GETFIELD %self->braintree_account def_%cl_1_6 %self[3.1,3.4,2.0,] 
		 7: %self->form_action def_%cl_1_7 %self[3.1,3.4,2.0,] 	 ARGS:
		 8: COPY TYPE_StringLiteral def_%cl_1_8 
		 9: HASH-id- def_%cl_1_9 %cl_1_8[3.8,] 
		 10: HASH-url-html- def_%cl_1_10 %cl_1_7[3.7,] %cl_1_9[3.9,] 
		 11: %self->form_for def_%cl_1_11 %self[3.1,3.4,3.7,2.0,] %cl_1_6[3.6,] %cl_1_10[3.10,] %self[3.1,3.4,3.7,2.0,] 	 ARGS:%cl_1_6,%cl_1_10,%self,
CLOSURE BEGIN: %self[3.1,3.4,3.7,2.0,] form[] 
BB 1
	outgoing: 6 2 
	datadep: 
	instructions:
BB 2
	outgoing: 3 
	datadep: 
	instructions:
		 0: def_%self 
		 1: def_%cl_3_0 
		 2: RECEIVEARG def_form 
		 3: COPY TYPE_CurrentScope def_%current_scope 
		 4: COPY TYPE_ScopeModule def_%current_module 
BB 3
	outgoing: 4 6 
	datadep: 
	instructions:
		 0: 
		 1: COPY TYPE_StringLiteral def_%cl_3_3 
		 2: %self->t def_%cl_3_4 %self[2.0,] %cl_3_3[3.1,] 	 ARGS:%cl_3_3,
		 3: COPY TYPE_StringLiteral def_%cl_3_5 
		 4: HASH-class- def_%cl_3_6 %cl_3_5[3.3,] 
		 5: form->label def_%cl_3_7 form[2.2,] %cl_3_4[3.2,] %cl_3_6[3.4,] 	 ARGS:Symbol,%cl_3_4,%cl_3_6,
		 6: 
		 7: COPY TYPE_StringLiteral def_%cl_3_8 
		 8: HASH-class-size- def_%cl_3_9 %cl_3_8[3.7,] 
		 9: form->text_field def_%cl_3_10 form[3.5,2.2,] %cl_3_9[3.8,] 	 ARGS:Symbol,%cl_3_9,
		 10: 
		 11: COPY TYPE_StringLiteral def_%cl_3_11 
		 12: %self->t def_%cl_3_12 %self[3.2,2.0,] %cl_3_11[3.11,] 	 ARGS:%cl_3_11,
		 13: COPY TYPE_StringLiteral def_%cl_3_13 
		 14: HASH-class- def_%cl_3_14 %cl_3_13[3.13,] 
		 15: form->label def_%cl_3_15 form[3.5,3.9,2.2,] %cl_3_12[3.12,] %cl_3_14[3.14,] 	 ARGS:Symbol,%cl_3_12,%cl_3_14,
		 16: 
		 17: COPY TYPE_StringLiteral def_%cl_3_16 
		 18: HASH-class-size- def_%cl_3_17 %cl_3_16[3.17,] 
		 19: form->text_field def_%cl_3_18 form[3.5,3.9,3.15,2.2,] %cl_3_17[3.18,] 	 ARGS:Symbol,%cl_3_17,
		 20: 
		 21: COPY TYPE_StringLiteral def_%cl_3_19 
		 22: %self->t def_%cl_3_20 %self[3.2,3.12,2.0,] %cl_3_19[3.21,] 	 ARGS:%cl_3_19,
		 23: COPY TYPE_StringLiteral def_%cl_3_21 
		 24: HASH-class- def_%cl_3_22 %cl_3_21[3.23,] 
		 25: form->label def_%cl_3_23 form[3.5,3.9,3.15,3.19,2.2,] %cl_3_20[3.22,] %cl_3_22[3.24,] 	 ARGS:Symbol,%cl_3_20,%cl_3_22,
		 26: 
		 27: COPY TYPE_StringLiteral def_%cl_3_24 
		 28: HASH-class-size- def_%cl_3_25 %cl_3_24[3.27,] 
		 29: form->text_field def_%cl_3_26 form[3.5,3.9,3.15,3.19,3.25,2.2,] %cl_3_25[3.28,] 	 ARGS:Symbol,%cl_3_25,
		 30: 
		 31: COPY TYPE_StringLiteral def_%cl_3_27 
		 32: %self->t def_%cl_3_28 %self[3.2,3.12,3.22,2.0,] %cl_3_27[3.31,] 	 ARGS:%cl_3_27,
		 33: COPY TYPE_StringLiteral def_%cl_3_29 
		 34: HASH-class- def_%cl_3_30 %cl_3_29[3.33,] 
		 35: form->label def_%cl_3_31 form[3.5,3.9,3.15,3.19,3.25,3.29,2.2,] %cl_3_28[3.32,] %cl_3_30[3.34,] 	 ARGS:Symbol,%cl_3_28,%cl_3_30,
		 36: 
		 37: COPY TYPE_StringLiteral def_%cl_3_32 
		 38: HASH-class-size- def_%cl_3_33 %cl_3_32[3.37,] 
		 39: form->text_field def_%cl_3_34 form[3.5,3.9,3.15,3.19,3.25,3.29,3.35,2.2,] %cl_3_33[3.38,] 	 ARGS:Symbol,%cl_3_33,
		 40: 
		 41: COPY TYPE_StringLiteral def_%cl_3_35 
		 42: %self->t def_%cl_3_36 %self[3.2,3.12,3.22,3.32,2.0,] %cl_3_35[3.41,] 	 ARGS:%cl_3_35,
		 43: COPY TYPE_StringLiteral def_%cl_3_37 
		 44: HASH-class- def_%cl_3_38 %cl_3_37[3.43,] 
		 45: form->label def_%cl_3_39 form[3.5,3.9,3.15,3.19,3.25,3.29,3.35,3.39,2.2,] %cl_3_36[3.42,] %cl_3_38[3.44,] 	 ARGS:Symbol,%cl_3_36,%cl_3_38,
		 46: 
		 47: COPY TYPE_StringLiteral def_%cl_3_40 
		 48: HASH-class-size- def_%cl_3_41 %cl_3_40[3.47,] 
		 49: form->text_field def_%cl_3_42 form[3.5,3.9,3.15,3.19,3.25,3.29,3.35,3.39,3.45,2.2,] %cl_3_41[3.48,] 	 ARGS:Symbol,%cl_3_41,
		 50: 
		 51: COPY TYPE_StringLiteral def_%cl_3_43 
		 52: %self->t def_%cl_3_44 %self[3.2,3.12,3.22,3.32,3.42,2.0,] %cl_3_43[3.51,] 	 ARGS:%cl_3_43,
		 53: COPY TYPE_StringLiteral def_%cl_3_45 
		 54: HASH-class- def_%cl_3_46 %cl_3_45[3.53,] 
		 55: form->label def_%cl_3_47 form[3.5,3.9,3.15,3.19,3.25,3.29,3.35,3.39,3.45,3.49,2.2,] %cl_3_44[3.52,] %cl_3_46[3.54,] 	 ARGS:Symbol,%cl_3_44,%cl_3_46,
		 56: 
		 57: COPY TYPE_StringLiteral def_%cl_3_48 
		 58: HASH-class-size- def_%cl_3_49 %cl_3_48[3.57,] 
		 59: form->text_field def_%cl_3_50 form[3.5,3.9,3.15,3.19,3.25,3.29,3.35,3.39,3.45,3.49,3.55,2.2,] %cl_3_49[3.58,] 	 ARGS:Symbol,%cl_3_49,
		 60: 
		 61: COPY TYPE_StringLiteral def_%cl_3_51 
		 62: %self->t def_%cl_3_52 %self[3.2,3.12,3.22,3.32,3.42,3.52,2.0,] %cl_3_51[3.61,] 	 ARGS:%cl_3_51,
		 63: COPY TYPE_StringLiteral def_%cl_3_53 
		 64: HASH-class- def_%cl_3_54 %cl_3_53[3.63,] 
		 65: form->label def_%cl_3_55 form[3.5,3.9,3.15,3.19,3.25,3.29,3.35,3.39,3.45,3.49,3.55,3.59,2.2,] %cl_3_52[3.62,] %cl_3_54[3.64,] 	 ARGS:Symbol,%cl_3_52,%cl_3_54,
		 66: 
		 67: COPY TYPE_StringLiteral def_%cl_3_56 
		 68: HASH-class-size- def_%cl_3_57 %cl_3_56[3.67,] 
		 69: form->text_field def_%cl_3_58 form[3.5,3.9,3.15,3.19,3.25,3.29,3.35,3.39,3.45,3.49,3.55,3.59,3.65,2.2,] %cl_3_57[3.68,] 	 ARGS:Symbol,%cl_3_57,
		 70: 
		 71: COPY TYPE_StringLiteral def_%cl_3_59 
		 72: %self->t def_%cl_3_60 %self[3.2,3.12,3.22,3.32,3.42,3.52,3.62,2.0,] %cl_3_59[3.71,] 	 ARGS:%cl_3_59,
		 73: COPY TYPE_StringLiteral def_%cl_3_61 
		 74: HASH-class- def_%cl_3_62 %cl_3_61[3.73,] 
		 75: form->label def_%cl_3_63 form[3.5,3.9,3.15,3.19,3.25,3.29,3.35,3.39,3.45,3.49,3.55,3.59,3.65,3.69,2.2,] %cl_3_60[3.72,] %cl_3_62[3.74,] 	 ARGS:Symbol,%cl_3_60,%cl_3_62,
		 76: 
		 77: GETFIELD %self->list_of_states def_%cl_3_64 %self[3.2,3.12,3.22,3.32,3.42,3.52,3.62,3.72,2.0,] 
		 78: form->select def_%cl_3_65 form[3.5,3.9,3.15,3.19,3.25,3.29,3.35,3.39,3.45,3.49,3.55,3.59,3.65,3.69,3.75,2.2,] %cl_3_64[3.77,] 	 ARGS:Symbol,%cl_3_64,
		 79: 
		 80: COPY TYPE_StringLiteral def_%cl_3_66 
		 81: %self->t def_%cl_3_67 %self[3.2,3.12,3.22,3.32,3.42,3.52,3.62,3.72,2.0,] %cl_3_66[3.80,] 	 ARGS:%cl_3_66,
		 82: COPY TYPE_StringLiteral def_%cl_3_68 
		 83: HASH-class- def_%cl_3_69 %cl_3_68[3.82,] 
		 84: form->label def_%cl_3_70 form[3.5,3.9,3.15,3.19,3.25,3.29,3.35,3.39,3.45,3.49,3.55,3.59,3.65,3.69,3.75,3.78,2.2,] %cl_3_67[3.81,] %cl_3_69[3.83,] 	 ARGS:Symbol,%cl_3_67,%cl_3_69,
		 85: 
		 86: (Time) def_%cl_3_71 
		 87: %cl_3_71->now def_%cl_3_72 %cl_3_71[3.86,] 	 ARGS:
		 88: %cl_3_72->year def_%cl_3_73 %cl_3_72[3.87,] 	 ARGS:
		 89: %cl_3_73->- def_%cl_3_74 %cl_3_73[3.88,] 	 ARGS:Fixnum,
		 90: (Time) def_%cl_3_75 
		 91: %cl_3_75->now def_%cl_3_76 %cl_3_75[3.90,] 	 ARGS:
		 92: %cl_3_76->year def_%cl_3_77 %cl_3_76[3.91,] 	 ARGS:
		 93: %cl_3_77->- def_%cl_3_78 %cl_3_77[3.92,] 	 ARGS:Fixnum,
		 94: def_%cl_3_79 	 ARGS:
		 95: %cl_3_79->from_now def_%cl_3_80 %cl_3_79[3.94,] 	 ARGS:
		 96: HASH-start_year-end_year-default- def_%cl_3_81 %cl_3_74[3.89,] %cl_3_78[3.93,] %cl_3_80[3.95,] 
		 97: form->date_select def_%cl_3_82 form[3.5,3.9,3.15,3.19,3.25,3.29,3.35,3.39,3.45,3.49,3.55,3.59,3.65,3.69,3.75,3.78,3.84,2.2,] %cl_3_81[3.96,] 	 ARGS:Symbol,%cl_3_81,
		 98: 
		 99: COPY TYPE_StringLiteral def_%cl_3_83 
		 100: %self->t def_%cl_3_84 %self[3.2,3.12,3.22,3.32,3.42,3.52,3.62,3.72,3.81,2.0,] %cl_3_83[3.99,] 	 ARGS:%cl_3_83,
		 101: COPY TYPE_StringLiteral def_%cl_3_85 
		 102: HASH-class- def_%cl_3_86 %cl_3_85[3.101,] 
		 103: form->label def_%cl_3_87 form[3.5,3.9,3.15,3.19,3.25,3.29,3.35,3.39,3.45,3.49,3.55,3.59,3.65,3.69,3.75,3.78,3.84,3.97,2.2,] %cl_3_84[3.100,] %cl_3_86[3.102,] 	 ARGS:Symbol,%cl_3_84,%cl_3_86,
		 104: 
		 105: COPY TYPE_StringLiteral def_%cl_3_88 
		 106: HASH-class-size- def_%cl_3_89 %cl_3_88[3.105,] 
		 107: form->text_field def_%cl_3_90 form[3.5,3.9,3.15,3.19,3.25,3.29,3.35,3.39,3.45,3.49,3.55,3.59,3.65,3.69,3.75,3.78,3.84,3.97,3.103,2.2,] %cl_3_89[3.106,] 	 ARGS:Symbol,%cl_3_89,
		 108: 
		 109: COPY TYPE_StringLiteral def_%cl_3_91 
		 110: %self->t def_%cl_3_92 %self[3.2,3.12,3.22,3.32,3.42,3.52,3.62,3.72,3.81,3.100,2.0,] %cl_3_91[3.109,] 	 ARGS:%cl_3_91,
		 111: COPY TYPE_StringLiteral def_%cl_3_93 
		 112: HASH-class- def_%cl_3_94 %cl_3_93[3.111,] 
		 113: form->label def_%cl_3_95 form[3.5,3.9,3.15,3.19,3.25,3.29,3.35,3.39,3.45,3.49,3.55,3.59,3.65,3.69,3.75,3.78,3.84,3.97,3.103,3.107,2.2,] %cl_3_92[3.110,] %cl_3_94[3.112,] 	 ARGS:Symbol,%cl_3_92,%cl_3_94,
		 114: 
		 115: COPY TYPE_StringLiteral def_%cl_3_96 
		 116: HASH-class-size- def_%cl_3_97 %cl_3_96[3.115,] 
		 117: form->text_field def_%cl_3_98 form[3.5,3.9,3.15,3.19,3.25,3.29,3.35,3.39,3.45,3.49,3.55,3.59,3.65,3.69,3.75,3.78,3.84,3.97,3.103,3.107,3.113,2.2,] %cl_3_97[3.116,] 	 ARGS:Symbol,%cl_3_97,
		 118: 
		 119: COPY TYPE_StringLiteral def_%cl_3_99 
		 120: %self->icon_tag def_%cl_3_100 %self[3.2,3.12,3.22,3.32,3.42,3.52,3.62,3.72,3.81,3.100,3.110,2.0,] %cl_3_99[3.119,] 	 ARGS:%cl_3_99,
		 121: 
		 122: %self->text def_%cl_3_101 %self[3.2,3.12,3.22,3.32,3.42,3.52,3.62,3.72,3.81,3.100,3.110,3.120,2.0,] 	 ARGS:
		 123: 
		 124: COPY TYPE_StringLiteral def_%cl_3_102 
		 125: %self->t def_%cl_3_103 %self[3.2,3.12,3.22,3.32,3.42,3.52,3.62,3.72,3.81,3.100,3.110,3.120,3.122,2.0,] %cl_3_102[3.124,] 	 ARGS:%cl_3_102,
		 126: COPY TYPE_StringLiteral def_%cl_3_104 
		 127: HASH-class- def_%cl_3_105 %cl_3_104[3.126,] 
		 128: form->button def_%cl_3_106 form[3.5,3.9,3.15,3.19,3.25,3.29,3.35,3.39,3.45,3.49,3.55,3.59,3.65,3.69,3.75,3.78,3.84,3.97,3.103,3.107,3.113,3.117,2.2,] %cl_3_103[3.125,] %cl_3_105[3.127,] 	 ARGS:%cl_3_103,%cl_3_105,
		 129: RETURN %cl_3_106[3.128,] %self[3.2,3.12,3.22,3.32,3.42,3.52,3.62,3.72,3.81,3.100,3.110,3.120,3.122,3.125,2.0,] 
BB 4
	outgoing: 6 
	datadep: 
	instructions:
		 0: def_%cl_3_107 
		 1: def_%cl_3_108 %cl_3_107[4.0,] 
		 2: RETURN %cl_3_108[4.1,] %self[2.0,] 
BB 6
	outgoing: 
	datadep: 
	instructions:
CLOSURE END
		 12: 
		 13: COPY TYPE_StringLiteral def_%cl_1_12 
		 14: %self->link_to def_%cl_1_13 %self[3.1,3.4,3.7,3.11,2.0,] %cl_1_12[3.13,] %self[3.1,3.4,3.7,3.11,2.0,] 	 ARGS:%cl_1_12,%self,
CLOSURE BEGIN: %self[3.1,3.4,3.7,3.11,2.0,] 
BB 1
	outgoing: 6 2 
	datadep: 
	instructions:
BB 2
	outgoing: 3 
	datadep: 
	instructions:
		 0: def_%self 
		 1: def_%cl_4_0 
		 2: COPY TYPE_CurrentScope def_%current_scope 
		 3: COPY TYPE_ScopeModule def_%current_module 
BB 3
	outgoing: 4 6 
	datadep: 
	instructions:
		 0: 
		 1: COPY TYPE_StringLiteral def_%cl_4_3 
		 2: COPY TYPE_StringLiteral def_%cl_4_4 
		 3: HASH-height- def_%cl_4_5 %cl_4_4[3.2,] 
		 4: %self->image_tag def_%cl_4_6 %self[2.0,] %cl_4_3[3.1,] %cl_4_5[3.3,] 	 ARGS:%cl_4_3,%cl_4_5,
		 5: RETURN %cl_4_6[3.4,] %self[3.4,2.0,] 
BB 4
	outgoing: 6 
	datadep: 
	instructions:
		 0: def_%cl_4_7 
		 1: def_%cl_4_8 %cl_4_7[4.0,] 
		 2: RETURN %cl_4_8[4.1,] %self[2.0,] 
BB 6
	outgoing: 
	datadep: 
	instructions:
CLOSURE END
		 15: 
		 16: COPY TYPE_StringLiteral def_%cl_1_14 
		 17: RETURN %cl_1_14[3.16,] %self[3.1,3.4,3.7,3.11,3.14,2.0,] 
BB 4
	outgoing: 6 
	datadep: 
	instructions:
		 0: def_%cl_1_15 
		 1: def_%cl_1_16 %cl_1_15[4.0,] 
		 2: RETURN %cl_1_16[4.1,] %self[2.0,] 
BB 6
	outgoing: 
	datadep: 
	instructions:
CLOSURE END
		 9: COPY TYPE_PASS def_%v_29 %v_35[4.8,] 
BB 5
	outgoing: 6 7 
	datadep: 
	instructions:
		 0: 
		 1: merchant_account_result->success? def_%v_36 merchant_account_result[3.8,] 	 ARGS:
		 2: BRANCH %v_36[5.1,] 
BB 6
	outgoing: 8 
	datadep: 
	instructions:
		 0: 
		 1: (BTLog) def_%v_37 
		 2: COPY TYPE_StringLiteral def_%v_38 
		 3: GETFIELD %self->current_user def_%v_39 %self[2.0,] 
		 4: %v_39->id def_%v_40 %v_39[6.3,] 	 ARGS:
		 5: BUILDSTRING def_%v_41 %v_38[6.2,] %v_40[6.4,] 
		 6: %v_37->info def_%v_42 %v_37[6.1,] %v_41[6.5,] 	 ARGS:%v_41,
		 7: 
		 8: GETFIELD %self->braintree_account def_%v_43 %self[2.0,2.29,] 
		 9: merchant_account_result->merchant_account def_%v_44 merchant_account_result[3.8,] 	 ARGS:
		 10: %v_44->status def_%v_45 %v_44[6.9,] 	 ARGS:
		 11: %self->update_status! def_%v_46 %self[2.0,2.7,2.29,] %v_43[6.8,] %v_45[6.10,] 	 ARGS:%v_43,%v_45,
		 12: 
BB 7
	outgoing: 8 
	datadep: 
	instructions:
		 0: 
		 1: (BTLog) def_%v_47 
		 2: COPY TYPE_StringLiteral def_%v_48 
		 3: GETFIELD %self->current_user def_%v_49 %self[2.0,] 
		 4: %v_49->id def_%v_50 %v_49[7.3,] 	 ARGS:
		 5: COPY TYPE_StringLiteral def_%v_51 
		 6: merchant_account_result->message def_%v_52 merchant_account_result[3.8,] 	 ARGS:
		 7: BUILDSTRING def_%v_53 %v_48[7.2,] %v_50[7.4,] %v_51[7.5,] %v_52[7.6,] 
		 8: %v_47->error def_%v_54 %v_47[7.1,] %v_53[7.7,] 	 ARGS:%v_53,
		 9: 
		 10: COPY TYPE_StringLiteral def_%v_55 
		 11: COPY TYPE_PASS def_error_string %v_55[7.10,] 
		 12: 
		 13: merchant_account_result->errors def_%v_56 merchant_account_result[7.6,3.8,] 	 ARGS:
		 14: %v_56->each def_%v_57 %v_56[7.13,] %self[2.0,2.7,2.29,] 	 ARGS:%v_56,
CLOSURE BEGIN: e[] error_string[7.11,] 
BB 1
	outgoing: 6 2 
	datadep: 
	instructions:
BB 2
	outgoing: 3 
	datadep: 
	instructions:
		 0: def_%self 
		 1: def_%cl_5_0 
		 2: RECEIVEARG def_e 
		 3: COPY TYPE_CurrentScope def_%current_scope 
		 4: COPY TYPE_ScopeModule def_%current_module 
BB 3
	outgoing: 4 6 
	datadep: 
	instructions:
		 0: 
		 1: e->message def_%cl_5_3 e[2.2,] 	 ARGS:
		 2: COPY TYPE_StringLiteral def_%cl_5_4 
		 3: %cl_5_3->+ def_%cl_5_5 %cl_5_3[3.1,] %cl_5_4[3.2,] 	 ARGS:%cl_5_4,
		 4: error_string-><< def_%cl_5_6 error_string[] %cl_5_5[3.3,] 	 ARGS:%cl_5_5,
		 5: RETURN %cl_5_6[3.4,] %self[2.0,] 
BB 4
	outgoing: 6 
	datadep: 
	instructions:
		 0: def_%cl_5_7 
		 1: def_%cl_5_8 %cl_5_7[4.0,] 
		 2: RETURN %cl_5_8[4.1,] %self[2.0,] 
BB 6
	outgoing: 
	datadep: 
	instructions:
CLOSURE END
		 15: 
		 16: %self->flash def_%v_58 %self[2.0,2.7,2.29,] 	 ARGS:
		 17: ATTRASSIGN %v_58->[] error_string[7.11,] 
		 18: 
		 19: GETFIELD %self->braintree_account def_%v_59 %self[7.16,2.0,2.29,] 
		 20: %v_59->destroy def_%v_60 %v_59[7.19,] 	 ARGS:
		 21: 
		 22: COPY TYPE_Boolean def_%v_46 
BB 8
	outgoing: 9 10 
	datadep: 
	instructions:
		 0: COPY TYPE_PASS def_success %v_46[7.22,6.11,] 
		 1: 
		 2: BRANCH %v_46[7.22,6.11,] 
BB 9
	outgoing: 14 
	datadep: 
	instructions:
		 0: 
		 1: %self->flash def_%v_61 %self[2.0,2.7,2.29,] 	 ARGS:
		 2: COPY TYPE_StringLiteral def_%v_62 
		 3: %self->t def_%v_63 %self[9.1,2.0,2.7,2.29,] %v_62[9.2,] 	 ARGS:%v_62,
		 4: ATTRASSIGN %v_61->[] %v_63[9.3,] 
		 5: 
		 6: GETFIELD %self->show_path def_%v_64 %self[9.1,9.3,2.0,] 
		 7: %self->redirect_to def_%v_65 %self[9.1,9.3,2.0,2.7,2.29,] %v_64[9.6,] 	 ARGS:%v_64,
		 8: RETURN %v_65[9.7,] %self[9.1,9.3,9.7,2.0,2.7,2.29,] 
BB 10
	outgoing: 11 12 
	datadep: 
	instructions:
		 0: 
		 1: %self->flash def_%v_66 %self[2.0,2.7,2.29,] 	 ARGS:
		 2: %v_66->[] def_%v_67 %v_66[10.1,] 	 ARGS:Symbol,
		 3: BRANCH %v_67[10.2,] 
BB 11
	outgoing: 12 
	datadep: 
	instructions:
		 0: COPY TYPE_StringLiteral def_%v_68 
		 1: %self->t def_%v_69 %self[2.0,2.7,2.29,] %v_68[11.0,] 	 ARGS:%v_68,
		 2: %v_66->[]= def_%v_67 %v_66[10.1,] %v_69[11.1,] 	 ARGS:Symbol,%v_69,
		 3: COPY TYPE_PASS def_%v_67 %v_69[11.1,] 
BB 12
	outgoing: 14 
	datadep: 
	instructions:
		 0: 
		 1: %self->ruby_code_from_view def_%v_70 %self[2.0,2.7,2.29,] 	 ARGS:
		 2: %v_70->ruby_code_from_view def_%v_71 %v_70[12.1,] %self[12.1,2.0,2.7,2.29,] 	 ARGS:%v_70,
CLOSURE BEGIN: %self[12.1,2.0,2.7,2.29,] 
BB 1
	outgoing: 6 2 
	datadep: 
	instructions:
BB 2
	outgoing: 3 
	datadep: 
	instructions:
		 0: def_%self 
		 1: def_%cl_6_0 
		 2: RECEIVEARG def_rb_from_view 
		 3: COPY TYPE_CurrentScope def_%current_scope 
		 4: COPY TYPE_ScopeModule def_%current_module 
BB 3
	outgoing: 4 6 
	datadep: 
	instructions:
		 0: 
		 1: %self->content_for def_%cl_6_3 %self[2.0,] %self[2.0,] 	 ARGS:Symbol,%self,
CLOSURE BEGIN: 
BB 1
	outgoing: 6 2 
	datadep: 
	instructions:
BB 2
	outgoing: 6 
	datadep: 
	instructions:
		 0: def_%self 
		 1: def_%cl_7_0 
		 2: COPY TYPE_CurrentScope def_%current_scope 
		 3: COPY TYPE_ScopeModule def_%current_module 
		 4: RETURN %self[2.0,] 
BB 6
	outgoing: 
	datadep: 
	instructions:
CLOSURE END
		 2: 
		 3: COPY TYPE_StringLiteral def_%cl_6_4 
		 4: %self->t def_%cl_6_5 %self[3.1,2.0,] %cl_6_4[3.3,] 	 ARGS:%cl_6_4,
		 5: 
		 6: GETFIELD %self->braintree_account def_%cl_6_6 %self[3.1,3.4,2.0,] 
		 7: %self->form_action def_%cl_6_7 %self[3.1,3.4,2.0,] 	 ARGS:
		 8: COPY TYPE_StringLiteral def_%cl_6_8 
		 9: HASH-id- def_%cl_6_9 %cl_6_8[3.8,] 
		 10: HASH-url-html- def_%cl_6_10 %cl_6_7[3.7,] %cl_6_9[3.9,] 
		 11: %self->form_for def_%cl_6_11 %self[3.1,3.4,3.7,2.0,] %cl_6_6[3.6,] %cl_6_10[3.10,] %self[3.1,3.4,3.7,2.0,] 	 ARGS:%cl_6_6,%cl_6_10,%self,
CLOSURE BEGIN: %self[3.1,3.4,3.7,2.0,] form[] 
BB 1
	outgoing: 6 2 
	datadep: 
	instructions:
BB 2
	outgoing: 3 
	datadep: 
	instructions:
		 0: def_%self 
		 1: def_%cl_8_0 
		 2: RECEIVEARG def_form 
		 3: COPY TYPE_CurrentScope def_%current_scope 
		 4: COPY TYPE_ScopeModule def_%current_module 
BB 3
	outgoing: 4 6 
	datadep: 
	instructions:
		 0: 
		 1: COPY TYPE_StringLiteral def_%cl_8_3 
		 2: %self->t def_%cl_8_4 %self[2.0,] %cl_8_3[3.1,] 	 ARGS:%cl_8_3,
		 3: COPY TYPE_StringLiteral def_%cl_8_5 
		 4: HASH-class- def_%cl_8_6 %cl_8_5[3.3,] 
		 5: form->label def_%cl_8_7 form[2.2,] %cl_8_4[3.2,] %cl_8_6[3.4,] 	 ARGS:Symbol,%cl_8_4,%cl_8_6,
		 6: 
		 7: COPY TYPE_StringLiteral def_%cl_8_8 
		 8: HASH-class-size- def_%cl_8_9 %cl_8_8[3.7,] 
		 9: form->text_field def_%cl_8_10 form[3.5,2.2,] %cl_8_9[3.8,] 	 ARGS:Symbol,%cl_8_9,
		 10: 
		 11: COPY TYPE_StringLiteral def_%cl_8_11 
		 12: %self->t def_%cl_8_12 %self[3.2,2.0,] %cl_8_11[3.11,] 	 ARGS:%cl_8_11,
		 13: COPY TYPE_StringLiteral def_%cl_8_13 
		 14: HASH-class- def_%cl_8_14 %cl_8_13[3.13,] 
		 15: form->label def_%cl_8_15 form[3.5,3.9,2.2,] %cl_8_12[3.12,] %cl_8_14[3.14,] 	 ARGS:Symbol,%cl_8_12,%cl_8_14,
		 16: 
		 17: COPY TYPE_StringLiteral def_%cl_8_16 
		 18: HASH-class-size- def_%cl_8_17 %cl_8_16[3.17,] 
		 19: form->text_field def_%cl_8_18 form[3.5,3.9,3.15,2.2,] %cl_8_17[3.18,] 	 ARGS:Symbol,%cl_8_17,
		 20: 
		 21: COPY TYPE_StringLiteral def_%cl_8_19 
		 22: %self->t def_%cl_8_20 %self[3.2,3.12,2.0,] %cl_8_19[3.21,] 	 ARGS:%cl_8_19,
		 23: COPY TYPE_StringLiteral def_%cl_8_21 
		 24: HASH-class- def_%cl_8_22 %cl_8_21[3.23,] 
		 25: form->label def_%cl_8_23 form[3.5,3.9,3.15,3.19,2.2,] %cl_8_20[3.22,] %cl_8_22[3.24,] 	 ARGS:Symbol,%cl_8_20,%cl_8_22,
		 26: 
		 27: COPY TYPE_StringLiteral def_%cl_8_24 
		 28: HASH-class-size- def_%cl_8_25 %cl_8_24[3.27,] 
		 29: form->text_field def_%cl_8_26 form[3.5,3.9,3.15,3.19,3.25,2.2,] %cl_8_25[3.28,] 	 ARGS:Symbol,%cl_8_25,
		 30: 
		 31: COPY TYPE_StringLiteral def_%cl_8_27 
		 32: %self->t def_%cl_8_28 %self[3.2,3.12,3.22,2.0,] %cl_8_27[3.31,] 	 ARGS:%cl_8_27,
		 33: COPY TYPE_StringLiteral def_%cl_8_29 
		 34: HASH-class- def_%cl_8_30 %cl_8_29[3.33,] 
		 35: form->label def_%cl_8_31 form[3.5,3.9,3.15,3.19,3.25,3.29,2.2,] %cl_8_28[3.32,] %cl_8_30[3.34,] 	 ARGS:Symbol,%cl_8_28,%cl_8_30,
		 36: 
		 37: COPY TYPE_StringLiteral def_%cl_8_32 
		 38: HASH-class-size- def_%cl_8_33 %cl_8_32[3.37,] 
		 39: form->text_field def_%cl_8_34 form[3.5,3.9,3.15,3.19,3.25,3.29,3.35,2.2,] %cl_8_33[3.38,] 	 ARGS:Symbol,%cl_8_33,
		 40: 
		 41: COPY TYPE_StringLiteral def_%cl_8_35 
		 42: %self->t def_%cl_8_36 %self[3.2,3.12,3.22,3.32,2.0,] %cl_8_35[3.41,] 	 ARGS:%cl_8_35,
		 43: COPY TYPE_StringLiteral def_%cl_8_37 
		 44: HASH-class- def_%cl_8_38 %cl_8_37[3.43,] 
		 45: form->label def_%cl_8_39 form[3.5,3.9,3.15,3.19,3.25,3.29,3.35,3.39,2.2,] %cl_8_36[3.42,] %cl_8_38[3.44,] 	 ARGS:Symbol,%cl_8_36,%cl_8_38,
		 46: 
		 47: COPY TYPE_StringLiteral def_%cl_8_40 
		 48: HASH-class-size- def_%cl_8_41 %cl_8_40[3.47,] 
		 49: form->text_field def_%cl_8_42 form[3.5,3.9,3.15,3.19,3.25,3.29,3.35,3.39,3.45,2.2,] %cl_8_41[3.48,] 	 ARGS:Symbol,%cl_8_41,
		 50: 
		 51: COPY TYPE_StringLiteral def_%cl_8_43 
		 52: %self->t def_%cl_8_44 %self[3.2,3.12,3.22,3.32,3.42,2.0,] %cl_8_43[3.51,] 	 ARGS:%cl_8_43,
		 53: COPY TYPE_StringLiteral def_%cl_8_45 
		 54: HASH-class- def_%cl_8_46 %cl_8_45[3.53,] 
		 55: form->label def_%cl_8_47 form[3.5,3.9,3.15,3.19,3.25,3.29,3.35,3.39,3.45,3.49,2.2,] %cl_8_44[3.52,] %cl_8_46[3.54,] 	 ARGS:Symbol,%cl_8_44,%cl_8_46,
		 56: 
		 57: COPY TYPE_StringLiteral def_%cl_8_48 
		 58: HASH-class-size- def_%cl_8_49 %cl_8_48[3.57,] 
		 59: form->text_field def_%cl_8_50 form[3.5,3.9,3.15,3.19,3.25,3.29,3.35,3.39,3.45,3.49,3.55,2.2,] %cl_8_49[3.58,] 	 ARGS:Symbol,%cl_8_49,
		 60: 
		 61: COPY TYPE_StringLiteral def_%cl_8_51 
		 62: %self->t def_%cl_8_52 %self[3.2,3.12,3.22,3.32,3.42,3.52,2.0,] %cl_8_51[3.61,] 	 ARGS:%cl_8_51,
		 63: COPY TYPE_StringLiteral def_%cl_8_53 
		 64: HASH-class- def_%cl_8_54 %cl_8_53[3.63,] 
		 65: form->label def_%cl_8_55 form[3.5,3.9,3.15,3.19,3.25,3.29,3.35,3.39,3.45,3.49,3.55,3.59,2.2,] %cl_8_52[3.62,] %cl_8_54[3.64,] 	 ARGS:Symbol,%cl_8_52,%cl_8_54,
		 66: 
		 67: COPY TYPE_StringLiteral def_%cl_8_56 
		 68: HASH-class-size- def_%cl_8_57 %cl_8_56[3.67,] 
		 69: form->text_field def_%cl_8_58 form[3.5,3.9,3.15,3.19,3.25,3.29,3.35,3.39,3.45,3.49,3.55,3.59,3.65,2.2,] %cl_8_57[3.68,] 	 ARGS:Symbol,%cl_8_57,
		 70: 
		 71: COPY TYPE_StringLiteral def_%cl_8_59 
		 72: %self->t def_%cl_8_60 %self[3.2,3.12,3.22,3.32,3.42,3.52,3.62,2.0,] %cl_8_59[3.71,] 	 ARGS:%cl_8_59,
		 73: COPY TYPE_StringLiteral def_%cl_8_61 
		 74: HASH-class- def_%cl_8_62 %cl_8_61[3.73,] 
		 75: form->label def_%cl_8_63 form[3.5,3.9,3.15,3.19,3.25,3.29,3.35,3.39,3.45,3.49,3.55,3.59,3.65,3.69,2.2,] %cl_8_60[3.72,] %cl_8_62[3.74,] 	 ARGS:Symbol,%cl_8_60,%cl_8_62,
		 76: 
		 77: GETFIELD %self->list_of_states def_%cl_8_64 %self[3.2,3.12,3.22,3.32,3.42,3.52,3.62,3.72,2.0,] 
		 78: form->select def_%cl_8_65 form[3.5,3.9,3.15,3.19,3.25,3.29,3.35,3.39,3.45,3.49,3.55,3.59,3.65,3.69,3.75,2.2,] %cl_8_64[3.77,] 	 ARGS:Symbol,%cl_8_64,
		 79: 
		 80: COPY TYPE_StringLiteral def_%cl_8_66 
		 81: %self->t def_%cl_8_67 %self[3.2,3.12,3.22,3.32,3.42,3.52,3.62,3.72,2.0,] %cl_8_66[3.80,] 	 ARGS:%cl_8_66,
		 82: COPY TYPE_StringLiteral def_%cl_8_68 
		 83: HASH-class- def_%cl_8_69 %cl_8_68[3.82,] 
		 84: form->label def_%cl_8_70 form[3.5,3.9,3.15,3.19,3.25,3.29,3.35,3.39,3.45,3.49,3.55,3.59,3.65,3.69,3.75,3.78,2.2,] %cl_8_67[3.81,] %cl_8_69[3.83,] 	 ARGS:Symbol,%cl_8_67,%cl_8_69,
		 85: 
		 86: (Time) def_%cl_8_71 
		 87: %cl_8_71->now def_%cl_8_72 %cl_8_71[3.86,] 	 ARGS:
		 88: %cl_8_72->year def_%cl_8_73 %cl_8_72[3.87,] 	 ARGS:
		 89: %cl_8_73->- def_%cl_8_74 %cl_8_73[3.88,] 	 ARGS:Fixnum,
		 90: (Time) def_%cl_8_75 
		 91: %cl_8_75->now def_%cl_8_76 %cl_8_75[3.90,] 	 ARGS:
		 92: %cl_8_76->year def_%cl_8_77 %cl_8_76[3.91,] 	 ARGS:
		 93: %cl_8_77->- def_%cl_8_78 %cl_8_77[3.92,] 	 ARGS:Fixnum,
		 94: def_%cl_8_79 	 ARGS:
		 95: %cl_8_79->from_now def_%cl_8_80 %cl_8_79[3.94,] 	 ARGS:
		 96: HASH-start_year-end_year-default- def_%cl_8_81 %cl_8_74[3.89,] %cl_8_78[3.93,] %cl_8_80[3.95,] 
		 97: form->date_select def_%cl_8_82 form[3.5,3.9,3.15,3.19,3.25,3.29,3.35,3.39,3.45,3.49,3.55,3.59,3.65,3.69,3.75,3.78,3.84,2.2,] %cl_8_81[3.96,] 	 ARGS:Symbol,%cl_8_81,
		 98: 
		 99: COPY TYPE_StringLiteral def_%cl_8_83 
		 100: %self->t def_%cl_8_84 %self[3.2,3.12,3.22,3.32,3.42,3.52,3.62,3.72,3.81,2.0,] %cl_8_83[3.99,] 	 ARGS:%cl_8_83,
		 101: COPY TYPE_StringLiteral def_%cl_8_85 
		 102: HASH-class- def_%cl_8_86 %cl_8_85[3.101,] 
		 103: form->label def_%cl_8_87 form[3.5,3.9,3.15,3.19,3.25,3.29,3.35,3.39,3.45,3.49,3.55,3.59,3.65,3.69,3.75,3.78,3.84,3.97,2.2,] %cl_8_84[3.100,] %cl_8_86[3.102,] 	 ARGS:Symbol,%cl_8_84,%cl_8_86,
		 104: 
		 105: COPY TYPE_StringLiteral def_%cl_8_88 
		 106: HASH-class-size- def_%cl_8_89 %cl_8_88[3.105,] 
		 107: form->text_field def_%cl_8_90 form[3.5,3.9,3.15,3.19,3.25,3.29,3.35,3.39,3.45,3.49,3.55,3.59,3.65,3.69,3.75,3.78,3.84,3.97,3.103,2.2,] %cl_8_89[3.106,] 	 ARGS:Symbol,%cl_8_89,
		 108: 
		 109: COPY TYPE_StringLiteral def_%cl_8_91 
		 110: %self->t def_%cl_8_92 %self[3.2,3.12,3.22,3.32,3.42,3.52,3.62,3.72,3.81,3.100,2.0,] %cl_8_91[3.109,] 	 ARGS:%cl_8_91,
		 111: COPY TYPE_StringLiteral def_%cl_8_93 
		 112: HASH-class- def_%cl_8_94 %cl_8_93[3.111,] 
		 113: form->label def_%cl_8_95 form[3.5,3.9,3.15,3.19,3.25,3.29,3.35,3.39,3.45,3.49,3.55,3.59,3.65,3.69,3.75,3.78,3.84,3.97,3.103,3.107,2.2,] %cl_8_92[3.110,] %cl_8_94[3.112,] 	 ARGS:Symbol,%cl_8_92,%cl_8_94,
		 114: 
		 115: COPY TYPE_StringLiteral def_%cl_8_96 
		 116: HASH-class-size- def_%cl_8_97 %cl_8_96[3.115,] 
		 117: form->text_field def_%cl_8_98 form[3.5,3.9,3.15,3.19,3.25,3.29,3.35,3.39,3.45,3.49,3.55,3.59,3.65,3.69,3.75,3.78,3.84,3.97,3.103,3.107,3.113,2.2,] %cl_8_97[3.116,] 	 ARGS:Symbol,%cl_8_97,
		 118: 
		 119: COPY TYPE_StringLiteral def_%cl_8_99 
		 120: %self->icon_tag def_%cl_8_100 %self[3.2,3.12,3.22,3.32,3.42,3.52,3.62,3.72,3.81,3.100,3.110,2.0,] %cl_8_99[3.119,] 	 ARGS:%cl_8_99,
		 121: 
		 122: %self->text def_%cl_8_101 %self[3.2,3.12,3.22,3.32,3.42,3.52,3.62,3.72,3.81,3.100,3.110,3.120,2.0,] 	 ARGS:
		 123: 
		 124: COPY TYPE_StringLiteral def_%cl_8_102 
		 125: %self->t def_%cl_8_103 %self[3.2,3.12,3.22,3.32,3.42,3.52,3.62,3.72,3.81,3.100,3.110,3.120,3.122,2.0,] %cl_8_102[3.124,] 	 ARGS:%cl_8_102,
		 126: COPY TYPE_StringLiteral def_%cl_8_104 
		 127: HASH-class- def_%cl_8_105 %cl_8_104[3.126,] 
		 128: form->button def_%cl_8_106 form[3.5,3.9,3.15,3.19,3.25,3.29,3.35,3.39,3.45,3.49,3.55,3.59,3.65,3.69,3.75,3.78,3.84,3.97,3.103,3.107,3.113,3.117,2.2,] %cl_8_103[3.125,] %cl_8_105[3.127,] 	 ARGS:%cl_8_103,%cl_8_105,
		 129: RETURN %cl_8_106[3.128,] %self[3.2,3.12,3.22,3.32,3.42,3.52,3.62,3.72,3.81,3.100,3.110,3.120,3.122,3.125,2.0,] 
BB 4
	outgoing: 6 
	datadep: 
	instructions:
		 0: def_%cl_8_107 
		 1: def_%cl_8_108 %cl_8_107[4.0,] 
		 2: RETURN %cl_8_108[4.1,] %self[2.0,] 
BB 6
	outgoing: 
	datadep: 
	instructions:
CLOSURE END
		 12: 
		 13: COPY TYPE_StringLiteral def_%cl_6_12 
		 14: %self->link_to def_%cl_6_13 %self[3.1,3.4,3.7,3.11,2.0,] %cl_6_12[3.13,] %self[3.1,3.4,3.7,3.11,2.0,] 	 ARGS:%cl_6_12,%self,
CLOSURE BEGIN: %self[3.1,3.4,3.7,3.11,2.0,] 
BB 1
	outgoing: 6 2 
	datadep: 
	instructions:
BB 2
	outgoing: 3 
	datadep: 
	instructions:
		 0: def_%self 
		 1: def_%cl_9_0 
		 2: COPY TYPE_CurrentScope def_%current_scope 
		 3: COPY TYPE_ScopeModule def_%current_module 
BB 3
	outgoing: 4 6 
	datadep: 
	instructions:
		 0: 
		 1: COPY TYPE_StringLiteral def_%cl_9_3 
		 2: COPY TYPE_StringLiteral def_%cl_9_4 
		 3: HASH-height- def_%cl_9_5 %cl_9_4[3.2,] 
		 4: %self->image_tag def_%cl_9_6 %self[2.0,] %cl_9_3[3.1,] %cl_9_5[3.3,] 	 ARGS:%cl_9_3,%cl_9_5,
		 5: RETURN %cl_9_6[3.4,] %self[3.4,2.0,] 
BB 4
	outgoing: 6 
	datadep: 
	instructions:
		 0: def_%cl_9_7 
		 1: def_%cl_9_8 %cl_9_7[4.0,] 
		 2: RETURN %cl_9_8[4.1,] %self[2.0,] 
BB 6
	outgoing: 
	datadep: 
	instructions:
CLOSURE END
		 15: 
		 16: COPY TYPE_StringLiteral def_%cl_6_14 
		 17: RETURN %cl_6_14[3.16,] %self[3.1,3.4,3.7,3.11,3.14,2.0,] 
BB 4
	outgoing: 6 
	datadep: 
	instructions:
		 0: def_%cl_6_15 
		 1: def_%cl_6_16 %cl_6_15[4.0,] 
		 2: RETURN %cl_6_16[4.1,] %self[2.0,] 
BB 6
	outgoing: 
	datadep: 
	instructions:
CLOSURE END
		 3: RETURN %v_71[12.2,] %self[12.1,2.0,2.7,2.29,] 
BB 14
	outgoing: 
	datadep: 
	instructions:

SET IRMethod, name = ensure_user_does_not_have_account
BB 1
	outgoing: 6 2 
	datadep: 
	instructions:
BB 2
	outgoing: 3 4 
	datadep: 
	instructions:
		 0: def_%self 
		 1: def_%v_0 
		 2: COPY TYPE_CurrentScope def_%current_scope 
		 3: COPY TYPE_ScopeModule def_%current_module 
		 4: 
		 5: 
		 6: (BraintreeAccount) def_%v_3 
		 7: GETFIELD %self->current_user def_%v_4 %self[2.0,] 
		 8: %v_4->id def_%v_5 %v_4[2.7,] 	 ARGS:
		 9: %v_3->find_by_person_id def_%v_6 %v_3[2.6,] %v_5[2.8,] 	 ARGS:%v_5,
		 10: COPY TYPE_PASS def_braintree_account %v_6[2.9,] 
		 11: 
		 12: %v_6->blank? def_%v_7 %v_6[2.9,] 	 ARGS:
		 13: BRANCH %v_7[2.12,] 
BB 3
	outgoing: 6 
	datadep: 
	instructions:
		 0: COPY TYPE_Nil def_%v_8 
		 1: RETURN %v_8[3.0,] %self[2.0,] 
BB 4
	outgoing: 6 
	datadep: 
	instructions:
		 0: 
		 1: %self->flash def_%v_9 %self[2.0,] 	 ARGS:
		 2: COPY TYPE_StringLiteral def_%v_10 
		 3: ATTRASSIGN %v_9->[] %v_10[4.2,] 
		 4: 
		 5: GETFIELD %self->show_path def_%v_11 %self[4.1,2.0,] 
		 6: %self->redirect_to def_%v_12 %self[4.1,2.0,] %v_11[4.5,] 	 ARGS:%v_11,
		 7: RETURN %v_12[4.6,] %self[4.1,4.6,2.0,] 
BB 6
	outgoing: 
	datadep: 
	instructions:

SET IRMethod, name = ensure_user_does_not_have_account_for_another_community
BB 1
	outgoing: 11 2 
	datadep: 
	instructions:
BB 2
	outgoing: 3 9 
	datadep: 
	instructions:
		 0: def_%self 
		 1: def_%v_0 
		 2: COPY TYPE_CurrentScope def_%current_scope 
		 3: COPY TYPE_ScopeModule def_%current_module 
		 4: 
		 5: 
		 6: (BraintreeAccount) def_%v_3 
		 7: GETFIELD %self->current_user def_%v_4 %self[2.0,] 
		 8: %v_4->id def_%v_5 %v_4[2.7,] 	 ARGS:
		 9: %v_3->find_by_person_id def_%v_6 %v_3[2.6,] %v_5[2.8,] 	 ARGS:%v_5,
		 10: ATTRASSIGN %self->braintree_account %v_6[2.9,] 
		 11: 
		 12: 
		 13: GETFIELD %self->braintree_account def_%v_7 %self[2.0,2.10,] 
		 14: BRANCH %v_7[2.13,] 
BB 3
	outgoing: 4 5 
	datadep: 
	instructions:
		 0: 
		 1: GETFIELD %self->braintree_account def_%v_8 %self[2.0,2.10,] 
		 2: %v_8->community_id def_%v_9 %v_8[3.1,] 	 ARGS:
		 3: %v_9->present? def_%v_10 %v_9[3.2,] 	 ARGS:
		 4: BRANCH %v_10[3.3,] 
BB 4
	outgoing: 5 
	datadep: 
	instructions:
		 0: GETFIELD %self->braintree_account def_%v_11 %self[2.0,2.10,] 
		 1: %v_11->community_id def_%v_12 %v_11[4.0,] 	 ARGS:
		 2: GETFIELD %self->current_community def_%v_13 %self[2.0,] 
		 3: %v_13->id def_%v_14 %v_13[4.2,] 	 ARGS:
		 4: %v_12->!= def_%v_15 %v_12[4.1,] %v_14[4.3,] 	 ARGS:%v_14,
		 5: COPY TYPE_PASS def_%v_10 %v_15[4.4,] 
BB 5
	outgoing: 6 7 
	datadep: 
	instructions:
		 0: BRANCH %v_10[4.5,3.3,] 
BB 6
	outgoing: 8 
	datadep: 
	instructions:
		 0: 
		 1: (Community) def_%v_16 
		 2: GETFIELD %self->braintree_account def_%v_17 %self[2.0,2.10,] 
		 3: %v_17->community_id def_%v_18 %v_17[6.2,] 	 ARGS:
		 4: %v_16->find def_%v_19 %v_16[6.1,] %v_18[6.3,] 	 ARGS:%v_18,
		 5: COPY TYPE_PASS def_account_community %v_19[6.4,] 
		 6: 
		 7: %self->flash def_%v_20 %self[2.0,2.10,] 	 ARGS:
		 8: COPY TYPE_StringLiteral def_%v_21 
		 9: (I18n) def_%v_22 
		 10: %v_22->locale def_%v_23 %v_22[6.9,] 	 ARGS:
		 11: account_community->name def_%v_24 account_community[6.5,] %v_23[6.10,] 	 ARGS:%v_23,
		 12: COPY TYPE_StringLiteral def_%v_25 
		 13: GETFIELD %self->current_community def_%v_26 %self[6.7,2.0,] 
		 14: (I18n) def_%v_27 
		 15: %v_27->locale def_%v_28 %v_27[6.14,] 	 ARGS:
		 16: %v_26->name def_%v_29 %v_26[6.13,] %v_28[6.15,] 	 ARGS:%v_28,
		 17: COPY TYPE_StringLiteral def_%v_30 
		 18: BUILDSTRING def_%v_31 %v_21[6.8,] %v_24[6.11,] %v_25[6.12,] %v_29[6.16,] %v_30[6.17,] 
		 19: ATTRASSIGN %v_20->[] %v_31[6.18,] 
		 20: 
		 21: COPY TYPE_StringLiteral def_%v_32 
		 22: GETFIELD %self->current_user def_%v_33 %self[6.7,2.0,] 
		 23: %v_33->id def_%v_34 %v_33[6.22,] 	 ARGS:
		 24: COPY TYPE_StringLiteral def_%v_35 
		 25: GETFIELD %self->current_community def_%v_36 %self[6.7,2.0,] 
		 26: (I18n) def_%v_37 
		 27: %v_37->locale def_%v_38 %v_37[6.26,] 	 ARGS:
		 28: %v_36->name def_%v_39 %v_36[6.25,] %v_38[6.27,] 	 ARGS:%v_38,
		 29: COPY TYPE_StringLiteral def_%v_40 
		 30: (I18n) def_%v_41 
		 31: %v_41->locale def_%v_42 %v_41[6.30,] 	 ARGS:
		 32: account_community->name def_%v_43 account_community[6.5,6.11,] %v_42[6.31,] 	 ARGS:%v_42,
		 33: BUILDSTRING def_%v_44 %v_32[6.21,] %v_34[6.23,] %v_35[6.24,] %v_39[6.28,] %v_40[6.29,] %v_43[6.32,] 
		 34: COPY TYPE_PASS def_error_msg %v_44[6.33,] 
		 35: 
		 36: (BTLog) def_%v_45 
		 37: %v_45->error def_%v_46 %v_45[6.36,] %v_44[6.33,] 	 ARGS:error_msg,
		 38: 
		 39: (ApplicationHelper) def_%v_47 
		 40: COPY TYPE_StringLiteral def_%v_48 
		 41: %v_47->send_error_notification def_%v_49 %v_47[6.39,] error_msg[6.34,] %v_48[6.40,] 	 ARGS:error_msg,%v_48,
		 42: 
		 43: GETFIELD %self->current_user def_%v_50 %self[6.7,2.0,] 
		 44: %self->person_settings_path def_%v_51 %self[6.7,2.0,2.10,] %v_50[6.43,] 	 ARGS:%v_50,
		 45: %self->redirect_to def_%v_52 %self[6.7,6.44,2.0,2.10,] %v_51[6.44,] 	 ARGS:%v_51,
		 46: 
BB 7
	outgoing: 8 
	datadep: 
	instructions:
		 0: COPY TYPE_Nil def_%v_52 
BB 8
	outgoing: 11 
	datadep: 
	instructions:
		 0: RETURN %v_52[7.0,6.45,] %self[2.0,2.10,] 
BB 9
	outgoing: 11 
	datadep: 
	instructions:
		 0: RETURN %self[2.0,2.10,] 
BB 11
	outgoing: 
	datadep: 
	instructions:

SET IRMethod, name = update_status!
BB 1
	outgoing: 6 2 
	datadep: 
	instructions:
BB 2
	outgoing: 3 4 
	datadep: 
	instructions:
		 0: def_%self 
		 1: def_%v_0 
		 2: COPY TYPE_CurrentScope def_%current_scope 
		 3: COPY TYPE_ScopeModule def_%current_module 
		 4: 
		 5: RECEIVEARG def_braintree_account 
		 6: RECEIVEARG def_new_status 
		 7: 
		 8: braintree_account->reload def_%v_3 braintree_account[2.5,] 	 ARGS:
		 9: 
		 10: braintree_account->status def_%v_4 braintree_account[2.5,2.8,] 	 ARGS:
		 11: COPY TYPE_StringLiteral def_%v_5 
		 12: %v_4->!= def_%v_6 %v_4[2.10,] %v_5[2.11,] 	 ARGS:%v_5,
		 13: BRANCH %v_6[2.12,] 
BB 3
	outgoing: 5 
	datadep: 
	instructions:
		 0: ATTRASSIGN braintree_account->status new_status[2.6,] 
		 1: COPY TYPE_PASS def_%v_7 new_status[2.6,] 
		 2: 
BB 4
	outgoing: 5 
	datadep: 
	instructions:
		 0: COPY TYPE_Nil def_%v_7 
BB 5
	outgoing: 6 
	datadep: 
	instructions:
		 0: 
		 1: braintree_account->save! def_%v_8 braintree_account[3.0,2.5,] 	 ARGS:
		 2: RETURN %v_8[5.1,] %self[2.0,] 
BB 6
	outgoing: 
	datadep: 
	instructions:

SET IRMethod, name = create_new_account_object
BB 1
	outgoing: 3 2 
	datadep: 
	instructions:
BB 2
	outgoing: 3 
	datadep: 
	instructions:
		 0: def_%self 
		 1: def_%v_0 
		 2: COPY TYPE_CurrentScope def_%current_scope 
		 3: COPY TYPE_ScopeModule def_%current_module 
		 4: 
		 5: 
		 6: GETFIELD %self->current_user def_%v_3 %self[2.0,] 
		 7: COPY TYPE_PASS def_person %v_3[2.6,] 
		 8: 
		 9: %v_3->given_name def_%v_4 %v_3[2.6,] 	 ARGS:
		 10: person->family_name def_%v_5 person[2.7,] 	 ARGS:
		 11: person->confirmed_notification_email_to def_%v_6 person[2.7,2.10,] 	 ARGS:
		 12: person->phone_number def_%v_7 person[2.7,2.10,2.11,] 	 ARGS:
		 13: HASH-first_name-last_name-email-phone- def_%v_8 %v_4[2.9,] %v_5[2.10,] %v_6[2.11,] %v_7[2.12,] 
		 14: COPY TYPE_PASS def_person_details %v_8[2.13,] 
		 15: 
		 16: (BraintreeAccount) def_%v_9 
		 17: %v_9->new def_%v_10 %v_9[2.16,] %v_8[2.13,] 	 ARGS:person_details,
		 18: RETURN %v_10[2.17,] %self[2.0,] 
BB 3
	outgoing: 
	datadep: 
	instructions:

