SET IRMethod, name = new
BB 1
	outgoing: 9 2 
	datadep: 
	instructions:
BB 2
	outgoing: 3 7 
	datadep: 
	instructions:
		 0: def_%self 
		 1: def_%v_0 
		 2: COPY TYPE_CurrentScope def_%current_scope 
		 3: COPY TYPE_ScopeModule def_%current_module 
		 4: 
		 5: 
		 6: GETFIELD %self->current_user def_%v_3 %self[2.0,] 
		 7: %v_3->checkout_account def_%v_4 %v_3[2.6,] 	 ARGS:
		 8: BRANCH %v_4[2.7,] 
BB 3
	outgoing: 4 6 
	datadep: 
	instructions:
		 0: HASH-action- def_%v_5 
		 1: %self->redirect_to def_%v_6 %self[2.0,] %v_5[3.0,] 	 ARGS:%v_5,
		 2: BRANCH %v_6[3.1,] 
BB 4
	outgoing: 9 
	datadep: 
	instructions:
		 0: RETURN %self[2.0,] 
BB 6
	outgoing: 8 
	datadep: 
	instructions:
		 0: 
BB 7
	outgoing: 8 
	datadep: 
	instructions:
		 0: COPY TYPE_Nil def_%v_6 
BB 8
	outgoing: 9 
	datadep: 
	instructions:
		 0: 
		 1: COPY TYPE_StringLiteral def_%v_7 
		 2: ATTRASSIGN %self->selected_left_navi_link %v_7[8.1,] 
		 3: 
		 4: (CheckoutAccountForm) def_%v_8 
		 5: GETFIELD %self->current_user def_%v_9 %self[2.0,] 
		 6: %v_9->phone_number def_%v_10 %v_9[8.5,] 	 ARGS:
		 7: HASH-phone_number- def_%v_11 %v_10[8.6,] 
		 8: %v_8->new def_%v_12 %v_8[8.4,] %v_11[8.7,] 	 ARGS:%v_11,
		 9: GETFIELD %self->current_user def_%v_13 %self[2.0,] 
		 10: %self->person_checkout_account_path def_%v_14 %self[8.2,2.0,] %v_13[8.9,] 	 ARGS:%v_13,
		 11: HASH-checkout_account-form_action- def_%v_15 %v_12[8.8,] %v_14[8.10,] 
		 12: HASH-locals- def_%v_16 %v_15[8.11,] 
		 13: %self->render def_%v_17 %self[8.2,8.10,2.0,] %v_16[8.12,] 	 ARGS:%v_16,
		 14: 
		 15: %self->ruby_code_from_view def_%v_18 %self[8.2,8.10,8.13,2.0,] 	 ARGS:
		 16: %v_18->ruby_code_from_view def_%v_19 %v_18[8.15,] %self[8.2,8.10,8.13,8.15,2.0,] 	 ARGS:%v_18,
CLOSURE BEGIN: %self[8.2,8.10,8.13,8.15,2.0,] 
BB 1
	outgoing: 6 2 
	datadep: 
	instructions:
BB 2
	outgoing: 3 
	datadep: 
	instructions:
		 0: def_%self 
		 1: def_%cl_1_0 
		 2: RECEIVEARG def_rb_from_view 
		 3: COPY TYPE_CurrentScope def_%current_scope 
		 4: COPY TYPE_ScopeModule def_%current_module 
BB 3
	outgoing: 4 6 
	datadep: 
	instructions:
		 0: 
		 1: %self->content_for def_%cl_1_3 %self[2.0,] %self[2.0,] 	 ARGS:Symbol,%self,
CLOSURE BEGIN: 
BB 1
	outgoing: 6 2 
	datadep: 
	instructions:
BB 2
	outgoing: 6 
	datadep: 
	instructions:
		 0: def_%self 
		 1: def_%cl_2_0 
		 2: COPY TYPE_CurrentScope def_%current_scope 
		 3: COPY TYPE_ScopeModule def_%current_module 
		 4: RETURN %self[2.0,] 
BB 6
	outgoing: 
	datadep: 
	instructions:
CLOSURE END
		 2: 
		 3: COPY TYPE_StringLiteral def_%cl_1_4 
		 4: HASH-locale- def_%cl_1_5 
		 5: %self->t def_%cl_1_6 %self[3.1,2.0,] %cl_1_4[3.3,] %cl_1_5[3.4,] 	 ARGS:%cl_1_4,%cl_1_5,
		 6: %cl_1_6->html_safe def_%cl_1_7 %cl_1_6[3.5,] 	 ARGS:
		 7: 
		 8: %self->checkout_account def_%cl_1_8 %self[3.1,3.5,2.0,] 	 ARGS:
		 9: %self->form_action def_%cl_1_9 %self[3.1,3.5,3.8,2.0,] 	 ARGS:
		 10: COPY TYPE_StringLiteral def_%cl_1_10 
		 11: HASH-id- def_%cl_1_11 %cl_1_10[3.10,] 
		 12: HASH-url-html- def_%cl_1_12 %cl_1_9[3.9,] %cl_1_11[3.11,] 
		 13: %self->form_for def_%cl_1_13 %self[3.1,3.5,3.8,3.9,2.0,] %cl_1_8[3.8,] %cl_1_12[3.12,] %self[3.1,3.5,3.8,3.9,2.0,] 	 ARGS:%cl_1_8,%cl_1_12,%self,
CLOSURE BEGIN: %self[3.1,3.5,3.8,3.9,2.0,] form[] 
BB 1
	outgoing: 6 2 
	datadep: 
	instructions:
BB 2
	outgoing: 3 
	datadep: 
	instructions:
		 0: def_%self 
		 1: def_%cl_3_0 
		 2: RECEIVEARG def_form 
		 3: COPY TYPE_CurrentScope def_%current_scope 
		 4: COPY TYPE_ScopeModule def_%current_module 
BB 3
	outgoing: 4 6 
	datadep: 
	instructions:
		 0: 
		 1: %self->hidden_field_tag def_%cl_3_3 %self[2.0,] 	 ARGS:Symbol,Boolean,
		 2: 
		 3: COPY TYPE_StringLiteral def_%cl_3_4 
		 4: HASH-locale- def_%cl_3_5 
		 5: %self->t def_%cl_3_6 %self[3.1,2.0,] %cl_3_4[3.3,] %cl_3_5[3.4,] 	 ARGS:%cl_3_4,%cl_3_5,
		 6: COPY TYPE_StringLiteral def_%cl_3_7 
		 7: HASH-class- def_%cl_3_8 %cl_3_7[3.6,] 
		 8: form->label def_%cl_3_9 form[2.2,] %cl_3_6[3.5,] %cl_3_8[3.7,] 	 ARGS:Symbol,%cl_3_6,%cl_3_8,
		 9: 
		 10: COPY TYPE_StringLiteral def_%cl_3_10 
		 11: HASH-class-maxlenght- def_%cl_3_11 %cl_3_10[3.10,] 
		 12: form->text_field def_%cl_3_12 form[3.8,2.2,] %cl_3_11[3.11,] 	 ARGS:Symbol,%cl_3_11,
		 13: 
		 14: COPY TYPE_StringLiteral def_%cl_3_13 
		 15: HASH-locale- def_%cl_3_14 
		 16: %self->t def_%cl_3_15 %self[3.1,3.5,2.0,] %cl_3_13[3.14,] %cl_3_14[3.15,] 	 ARGS:%cl_3_13,%cl_3_14,
		 17: COPY TYPE_StringLiteral def_%cl_3_16 
		 18: HASH-class- def_%cl_3_17 %cl_3_16[3.17,] 
		 19: form->label def_%cl_3_18 form[3.8,3.12,2.2,] %cl_3_15[3.16,] %cl_3_17[3.18,] 	 ARGS:Symbol,%cl_3_15,%cl_3_17,
		 20: 
		 21: HASH-class- def_%cl_3_19 
		 22: form->text_field def_%cl_3_20 form[3.8,3.12,3.19,2.2,] %cl_3_19[3.21,] 	 ARGS:Symbol,%cl_3_19,
		 23: 
		 24: COPY TYPE_StringLiteral def_%cl_3_21 
		 25: HASH-locale- def_%cl_3_22 
		 26: %self->t def_%cl_3_23 %self[3.1,3.5,3.16,2.0,] %cl_3_21[3.24,] %cl_3_22[3.25,] 	 ARGS:%cl_3_21,%cl_3_22,
		 27: form->label def_%cl_3_24 form[3.8,3.12,3.19,3.22,2.2,] %cl_3_23[3.26,] 	 ARGS:Symbol,%cl_3_23,
		 28: 
		 29: COPY TYPE_StringLiteral def_%cl_3_25 
		 30: COPY TYPE_StringLiteral def_%cl_3_26 
		 31: HASH-class-maxlength- def_%cl_3_27 %cl_3_25[3.29,] %cl_3_26[3.30,] 
		 32: form->text_field def_%cl_3_28 form[3.8,3.12,3.19,3.22,3.27,2.2,] %cl_3_27[3.31,] 	 ARGS:Symbol,%cl_3_27,
		 33: 
		 34: COPY TYPE_StringLiteral def_%cl_3_29 
		 35: HASH-locale- def_%cl_3_30 
		 36: %self->t def_%cl_3_31 %self[3.1,3.5,3.16,3.26,2.0,] %cl_3_29[3.34,] %cl_3_30[3.35,] 	 ARGS:%cl_3_29,%cl_3_30,
		 37: COPY TYPE_StringLiteral def_%cl_3_32 
		 38: HASH-class- def_%cl_3_33 %cl_3_32[3.37,] 
		 39: form->label def_%cl_3_34 form[3.8,3.12,3.19,3.22,3.27,3.32,2.2,] %cl_3_31[3.36,] %cl_3_33[3.38,] 	 ARGS:Symbol,%cl_3_31,%cl_3_33,
		 40: 
		 41: HASH-class- def_%cl_3_35 
		 42: form->text_field def_%cl_3_36 form[3.8,3.12,3.19,3.22,3.27,3.32,3.39,2.2,] %cl_3_35[3.41,] 	 ARGS:Symbol,%cl_3_35,
		 43: 
		 44: COPY TYPE_StringLiteral def_%cl_3_37 
		 45: HASH-locale- def_%cl_3_38 
		 46: %self->t def_%cl_3_39 %self[3.1,3.5,3.16,3.26,3.36,2.0,] %cl_3_37[3.44,] %cl_3_38[3.45,] 	 ARGS:%cl_3_37,%cl_3_38,
		 47: COPY TYPE_StringLiteral def_%cl_3_40 
		 48: HASH-class- def_%cl_3_41 %cl_3_40[3.47,] 
		 49: form->button def_%cl_3_42 form[3.8,3.12,3.19,3.22,3.27,3.32,3.39,3.42,2.2,] %cl_3_39[3.46,] %cl_3_41[3.48,] 	 ARGS:%cl_3_39,%cl_3_41,
		 50: RETURN %cl_3_42[3.49,] %self[3.1,3.5,3.16,3.26,3.36,3.46,2.0,] 
BB 4
	outgoing: 6 
	datadep: 
	instructions:
		 0: def_%cl_3_43 
		 1: def_%cl_3_44 %cl_3_43[4.0,] 
		 2: RETURN %cl_3_44[4.1,] %self[2.0,] 
BB 6
	outgoing: 
	datadep: 
	instructions:
CLOSURE END
		 14: RETURN %cl_1_13[3.13,] %self[3.1,3.5,3.8,3.9,3.13,2.0,] 
BB 4
	outgoing: 6 
	datadep: 
	instructions:
		 0: def_%cl_1_14 
		 1: def_%cl_1_15 %cl_1_14[4.0,] 
		 2: RETURN %cl_1_15[4.1,] %self[2.0,] 
BB 6
	outgoing: 
	datadep: 
	instructions:
CLOSURE END
		 17: RETURN %v_19[8.16,] %self[8.2,8.10,8.13,8.15,2.0,] 
BB 9
	outgoing: 
	datadep: 
	instructions:

SET IRMethod, name = show
BB 1
	outgoing: 9 2 
	datadep: 
	instructions:
BB 2
	outgoing: 3 4 
	datadep: 
	instructions:
		 0: def_%self 
		 1: def_%v_0 
		 2: COPY TYPE_CurrentScope def_%current_scope 
		 3: COPY TYPE_ScopeModule def_%current_module 
		 4: 
		 5: 
		 6: GETFIELD %self->current_user def_%v_3 %self[2.0,] 
		 7: %v_3->checkout_account def_%v_4 %v_3[2.6,] 	 ARGS:
		 8: BRANCH %v_4[2.7,] 
BB 3
	outgoing: 8 
	datadep: 
	instructions:
		 0: COPY TYPE_Nil def_%v_5 
		 1: 
BB 4
	outgoing: 5 7 
	datadep: 
	instructions:
		 0: HASH-action- def_%v_6 
		 1: %self->redirect_to def_%v_7 %self[2.0,] %v_6[4.0,] 	 ARGS:%v_6,
		 2: BRANCH %v_7[4.1,] 
BB 5
	outgoing: 9 
	datadep: 
	instructions:
		 0: RETURN %self[2.0,] 
BB 7
	outgoing: 8 
	datadep: 
	instructions:
		 0: COPY TYPE_PASS def_%v_5 %v_7[4.1,] 
BB 8
	outgoing: 9 
	datadep: 
	instructions:
		 0: 
		 1: COPY TYPE_StringLiteral def_%v_8 
		 2: ATTRASSIGN %self->selected_left_navi_link %v_8[8.1,] 
		 3: 
		 4: GETFIELD %self->current_user def_%v_9 %self[2.0,] 
		 5: HASH-person- def_%v_10 %v_9[8.4,] 
		 6: HASH-locals- def_%v_11 %v_10[8.5,] 
		 7: %self->render def_%v_12 %self[8.2,2.0,] %v_11[8.6,] 	 ARGS:%v_11,
		 8: RETURN %v_12[8.7,] %self[8.2,8.7,2.0,] 
BB 9
	outgoing: 
	datadep: 
	instructions:

SET IRMethod, name = create
BB 1
	outgoing: 6 2 
	datadep: 
	instructions:
BB 2
	outgoing: 3 4 
	datadep: 
	instructions:
		 0: def_%self 
		 1: def_%v_0 
		 2: COPY TYPE_CurrentScope def_%current_scope 
		 3: COPY TYPE_ScopeModule def_%current_module 
		 4: 
		 5: 
		 6: (CheckoutAccountForm) def_%v_3 
		 7: %self->params def_%v_4 %self[2.0,] 	 ARGS:
		 8: %v_4->[] def_%v_5 %v_4[2.7,] 	 ARGS:Symbol,
		 9: %v_3->new def_%v_6 %v_3[2.6,] %v_5[2.8,] 	 ARGS:%v_5,
		 10: COPY TYPE_PASS def_checkout_account_form %v_6[2.9,] 
		 11: 
		 12: %v_6->valid? def_%v_7 %v_6[2.9,] 	 ARGS:
		 13: BRANCH %v_7[2.12,] 
BB 3
	outgoing: 6 
	datadep: 
	instructions:
		 0: 
		 1: GETFIELD %self->current_community def_%v_8 %self[2.0,] 
		 2: %v_8->payment_gateway def_%v_9 %v_8[3.1,] 	 ARGS:
		 3: COPY TYPE_PASS def_payment_gateway %v_9[3.2,] 
		 4: 
		 5: GETFIELD %self->current_user def_%v_10 %self[2.0,] 
		 6: %v_9->register_payout_details def_%v_11 %v_9[3.2,] %v_10[3.5,] checkout_account_form[2.10,] 	 ARGS:%v_10,checkout_account_form,
		 7: COPY TYPE_PASS def_registering_successful %v_11[3.6,] 
		 8: 
		 9: HASH-action- def_%v_12 
		 10: %self->redirect_to def_%v_13 %self[2.0,] %v_12[3.9,] 	 ARGS:%v_12,
		 11: RETURN %v_13[3.10,] %self[3.10,2.0,] 
BB 4
	outgoing: 6 
	datadep: 
	instructions:
		 0: 
		 1: %self->flash def_%v_14 %self[2.0,] 	 ARGS:
		 2: checkout_account_form->errors def_%v_15 checkout_account_form[2.10,] 	 ARGS:
		 3: %v_15->full_messages def_%v_16 %v_15[4.2,] 	 ARGS:
		 4: ATTRASSIGN %v_14->[] %v_16[4.3,] 
		 5: 
		 6: %self->ruby_code_from_view def_%v_17 %self[4.1,2.0,] 	 ARGS:
		 7: %v_17->ruby_code_from_view def_%v_18 %v_17[4.6,] %self[4.1,4.6,2.0,] 	 ARGS:%v_17,
CLOSURE BEGIN: %self[4.1,4.6,2.0,] 
BB 1
	outgoing: 6 2 
	datadep: 
	instructions:
BB 2
	outgoing: 3 
	datadep: 
	instructions:
		 0: def_%self 
		 1: def_%cl_1_0 
		 2: RECEIVEARG def_rb_from_view 
		 3: COPY TYPE_CurrentScope def_%current_scope 
		 4: COPY TYPE_ScopeModule def_%current_module 
BB 3
	outgoing: 4 6 
	datadep: 
	instructions:
		 0: 
		 1: %self->content_for def_%cl_1_3 %self[2.0,] %self[2.0,] 	 ARGS:Symbol,%self,
CLOSURE BEGIN: 
BB 1
	outgoing: 6 2 
	datadep: 
	instructions:
BB 2
	outgoing: 6 
	datadep: 
	instructions:
		 0: def_%self 
		 1: def_%cl_2_0 
		 2: COPY TYPE_CurrentScope def_%current_scope 
		 3: COPY TYPE_ScopeModule def_%current_module 
		 4: RETURN %self[2.0,] 
BB 6
	outgoing: 
	datadep: 
	instructions:
CLOSURE END
		 2: 
		 3: COPY TYPE_StringLiteral def_%cl_1_4 
		 4: HASH-locale- def_%cl_1_5 
		 5: %self->t def_%cl_1_6 %self[3.1,2.0,] %cl_1_4[3.3,] %cl_1_5[3.4,] 	 ARGS:%cl_1_4,%cl_1_5,
		 6: %cl_1_6->html_safe def_%cl_1_7 %cl_1_6[3.5,] 	 ARGS:
		 7: 
		 8: %self->checkout_account def_%cl_1_8 %self[3.1,3.5,2.0,] 	 ARGS:
		 9: %self->form_action def_%cl_1_9 %self[3.1,3.5,3.8,2.0,] 	 ARGS:
		 10: COPY TYPE_StringLiteral def_%cl_1_10 
		 11: HASH-id- def_%cl_1_11 %cl_1_10[3.10,] 
		 12: HASH-url-html- def_%cl_1_12 %cl_1_9[3.9,] %cl_1_11[3.11,] 
		 13: %self->form_for def_%cl_1_13 %self[3.1,3.5,3.8,3.9,2.0,] %cl_1_8[3.8,] %cl_1_12[3.12,] %self[3.1,3.5,3.8,3.9,2.0,] 	 ARGS:%cl_1_8,%cl_1_12,%self,
CLOSURE BEGIN: %self[3.1,3.5,3.8,3.9,2.0,] form[] 
BB 1
	outgoing: 6 2 
	datadep: 
	instructions:
BB 2
	outgoing: 3 
	datadep: 
	instructions:
		 0: def_%self 
		 1: def_%cl_3_0 
		 2: RECEIVEARG def_form 
		 3: COPY TYPE_CurrentScope def_%current_scope 
		 4: COPY TYPE_ScopeModule def_%current_module 
BB 3
	outgoing: 4 6 
	datadep: 
	instructions:
		 0: 
		 1: %self->hidden_field_tag def_%cl_3_3 %self[2.0,] 	 ARGS:Symbol,Boolean,
		 2: 
		 3: COPY TYPE_StringLiteral def_%cl_3_4 
		 4: HASH-locale- def_%cl_3_5 
		 5: %self->t def_%cl_3_6 %self[3.1,2.0,] %cl_3_4[3.3,] %cl_3_5[3.4,] 	 ARGS:%cl_3_4,%cl_3_5,
		 6: COPY TYPE_StringLiteral def_%cl_3_7 
		 7: HASH-class- def_%cl_3_8 %cl_3_7[3.6,] 
		 8: form->label def_%cl_3_9 form[2.2,] %cl_3_6[3.5,] %cl_3_8[3.7,] 	 ARGS:Symbol,%cl_3_6,%cl_3_8,
		 9: 
		 10: COPY TYPE_StringLiteral def_%cl_3_10 
		 11: HASH-class-maxlenght- def_%cl_3_11 %cl_3_10[3.10,] 
		 12: form->text_field def_%cl_3_12 form[3.8,2.2,] %cl_3_11[3.11,] 	 ARGS:Symbol,%cl_3_11,
		 13: 
		 14: COPY TYPE_StringLiteral def_%cl_3_13 
		 15: HASH-locale- def_%cl_3_14 
		 16: %self->t def_%cl_3_15 %self[3.1,3.5,2.0,] %cl_3_13[3.14,] %cl_3_14[3.15,] 	 ARGS:%cl_3_13,%cl_3_14,
		 17: COPY TYPE_StringLiteral def_%cl_3_16 
		 18: HASH-class- def_%cl_3_17 %cl_3_16[3.17,] 
		 19: form->label def_%cl_3_18 form[3.8,3.12,2.2,] %cl_3_15[3.16,] %cl_3_17[3.18,] 	 ARGS:Symbol,%cl_3_15,%cl_3_17,
		 20: 
		 21: HASH-class- def_%cl_3_19 
		 22: form->text_field def_%cl_3_20 form[3.8,3.12,3.19,2.2,] %cl_3_19[3.21,] 	 ARGS:Symbol,%cl_3_19,
		 23: 
		 24: COPY TYPE_StringLiteral def_%cl_3_21 
		 25: HASH-locale- def_%cl_3_22 
		 26: %self->t def_%cl_3_23 %self[3.1,3.5,3.16,2.0,] %cl_3_21[3.24,] %cl_3_22[3.25,] 	 ARGS:%cl_3_21,%cl_3_22,
		 27: form->label def_%cl_3_24 form[3.8,3.12,3.19,3.22,2.2,] %cl_3_23[3.26,] 	 ARGS:Symbol,%cl_3_23,
		 28: 
		 29: COPY TYPE_StringLiteral def_%cl_3_25 
		 30: COPY TYPE_StringLiteral def_%cl_3_26 
		 31: HASH-class-maxlength- def_%cl_3_27 %cl_3_25[3.29,] %cl_3_26[3.30,] 
		 32: form->text_field def_%cl_3_28 form[3.8,3.12,3.19,3.22,3.27,2.2,] %cl_3_27[3.31,] 	 ARGS:Symbol,%cl_3_27,
		 33: 
		 34: COPY TYPE_StringLiteral def_%cl_3_29 
		 35: HASH-locale- def_%cl_3_30 
		 36: %self->t def_%cl_3_31 %self[3.1,3.5,3.16,3.26,2.0,] %cl_3_29[3.34,] %cl_3_30[3.35,] 	 ARGS:%cl_3_29,%cl_3_30,
		 37: COPY TYPE_StringLiteral def_%cl_3_32 
		 38: HASH-class- def_%cl_3_33 %cl_3_32[3.37,] 
		 39: form->label def_%cl_3_34 form[3.8,3.12,3.19,3.22,3.27,3.32,2.2,] %cl_3_31[3.36,] %cl_3_33[3.38,] 	 ARGS:Symbol,%cl_3_31,%cl_3_33,
		 40: 
		 41: HASH-class- def_%cl_3_35 
		 42: form->text_field def_%cl_3_36 form[3.8,3.12,3.19,3.22,3.27,3.32,3.39,2.2,] %cl_3_35[3.41,] 	 ARGS:Symbol,%cl_3_35,
		 43: 
		 44: COPY TYPE_StringLiteral def_%cl_3_37 
		 45: HASH-locale- def_%cl_3_38 
		 46: %self->t def_%cl_3_39 %self[3.1,3.5,3.16,3.26,3.36,2.0,] %cl_3_37[3.44,] %cl_3_38[3.45,] 	 ARGS:%cl_3_37,%cl_3_38,
		 47: COPY TYPE_StringLiteral def_%cl_3_40 
		 48: HASH-class- def_%cl_3_41 %cl_3_40[3.47,] 
		 49: form->button def_%cl_3_42 form[3.8,3.12,3.19,3.22,3.27,3.32,3.39,3.42,2.2,] %cl_3_39[3.46,] %cl_3_41[3.48,] 	 ARGS:%cl_3_39,%cl_3_41,
		 50: RETURN %cl_3_42[3.49,] %self[3.1,3.5,3.16,3.26,3.36,3.46,2.0,] 
BB 4
	outgoing: 6 
	datadep: 
	instructions:
		 0: def_%cl_3_43 
		 1: def_%cl_3_44 %cl_3_43[4.0,] 
		 2: RETURN %cl_3_44[4.1,] %self[2.0,] 
BB 6
	outgoing: 
	datadep: 
	instructions:
CLOSURE END
		 14: RETURN %cl_1_13[3.13,] %self[3.1,3.5,3.8,3.9,3.13,2.0,] 
BB 4
	outgoing: 6 
	datadep: 
	instructions:
		 0: def_%cl_1_14 
		 1: def_%cl_1_15 %cl_1_14[4.0,] 
		 2: RETURN %cl_1_15[4.1,] %self[2.0,] 
BB 6
	outgoing: 
	datadep: 
	instructions:
CLOSURE END
		 8: RETURN %v_18[4.7,] %self[4.1,4.6,2.0,] 
BB 6
	outgoing: 
	datadep: 
	instructions:

