SET IRMethod, name = create
BB 1
	outgoing: 11 2 
	datadep: 
	instructions:
BB 2
	outgoing: 3 4 
	datadep: 
	instructions:
		 0: def_%self 
		 1: def_%v_0 
		 2: COPY TYPE_CurrentScope def_%current_scope 
		 3: COPY TYPE_ScopeModule def_%current_module 
		 4: 
		 5: 
		 6: GETFIELD %self->current_user def_%v_3 %self[2.0,] 
		 7: %self->params def_%v_4 %self[2.0,] 	 ARGS:
		 8: %v_4->[] def_%v_5 %v_4[2.7,] 	 ARGS:Symbol,
		 9: %v_5->[] def_%v_6 %v_5[2.8,] 	 ARGS:Symbol,
		 10: %self->is_participant? def_%v_7 %self[2.0,2.7,] %v_3[2.6,] %v_6[2.9,] 	 ARGS:%v_3,%v_6,
		 11: BRANCH %v_7[2.10,] 
BB 3
	outgoing: 6 9 
	datadep: 
	instructions:
		 0: COPY TYPE_Nil def_%v_8 
		 1: 
		 2: (Message) def_%v_14 
		 3: %self->params def_%v_15 %self[2.0,] 	 ARGS:
		 4: %v_15->[] def_%v_16 %v_15[3.3,] 	 ARGS:Symbol,
		 5: %v_14->new def_%v_17 %v_14[3.2,] %v_16[3.4,] 	 ARGS:%v_16,
		 6: ATTRASSIGN %self->message %v_17[3.5,] 
		 7: 
		 8: GETFIELD %self->message def_%v_18 %self[3.3,3.6,2.0,] 
		 9: %v_18->save def_%v_19 %v_18[3.8,] 	 ARGS:
		 10: BRANCH %v_19[3.9,] 
BB 4
	outgoing: 11 
	datadep: 
	instructions:
		 0: 
		 1: %self->flash def_%v_9 %self[2.0,] 	 ARGS:
		 2: COPY TYPE_StringLiteral def_%v_10 
		 3: %self->t def_%v_11 %self[4.1,2.0,] %v_10[4.2,] 	 ARGS:%v_10,
		 4: ATTRASSIGN %v_9->[] %v_11[4.3,] 
		 5: 
		 6: %self->root def_%v_12 %self[4.1,4.3,2.0,] 	 ARGS:
		 7: %self->redirect_to def_%v_13 %self[4.1,4.3,4.6,2.0,] %v_12[4.6,] 	 ARGS:%v_12,
		 8: RETURN %v_13[4.7,] %self[4.1,4.3,4.6,4.7,2.0,] 
BB 6
	outgoing: 7 8 
	datadep: 
	instructions:
		 0: 
		 1: (Delayed) def_%v_20 
		 2: (inherit Job) def_%v_21 %v_20[6.1,] 
		 3: %v_21[6.2,] 
BB 7
	outgoing: 8 
	datadep: 
	instructions:
		 0: %v_20->const_missing def_%v_21 %v_20[6.1,] 	 ARGS:Symbol,
BB 8
	outgoing: 10 
	datadep: 
	instructions:
		 0: (MessageSentJob) def_%v_22 
		 1: GETFIELD %self->message def_%v_23 %self[3.6,2.0,] 
		 2: %v_23->id def_%v_24 %v_23[8.1,] 	 ARGS:
		 3: GETFIELD %self->current_community def_%v_25 %self[2.0,] 
		 4: %v_25->id def_%v_26 %v_25[8.3,] 	 ARGS:
		 5: %v_22->new def_%v_27 %v_22[8.0,] %v_24[8.2,] %v_26[8.4,] 	 ARGS:%v_24,%v_26,
		 6: %v_21->enqueue def_%v_28 %v_21[7.0,6.2,] %v_27[8.5,] 	 ARGS:%v_27,
		 7: 
BB 9
	outgoing: 10 
	datadep: 
	instructions:
		 0: 
		 1: %self->flash def_%v_29 %self[3.6,2.0,] 	 ARGS:
		 2: COPY TYPE_StringLiteral def_%v_30 
		 3: ATTRASSIGN %v_29->[] %v_30[9.2,] 
		 4: COPY TYPE_PASS def_%v_28 %v_30[9.2,] 
BB 10
	outgoing: 11 
	datadep: 
	instructions:
		 0: 
		 1: (MessageEntity) def_%v_31 
		 2: GETFIELD %self->message def_%v_32 %self[3.6,2.0,] 
		 3: %v_31->[] def_%v_33 %v_31[10.1,] %v_32[10.2,] 	 ARGS:%v_32,
		 4: HASH-mood- def_%v_34 
		 5: %v_33->merge def_%v_35 %v_33[10.3,] %v_34[10.4,] 	 ARGS:%v_34,
		 6: (PersonEntity) def_%v_36 
		 7: GETFIELD %self->current_user def_%v_37 %self[2.0,] 
		 8: GETFIELD %self->current_community def_%v_38 %self[2.0,] 
		 9: %v_38->id def_%v_39 %v_38[10.8,] 	 ARGS:
		 10: %v_36->person def_%v_40 %v_36[10.6,] %v_37[10.7,] %v_39[10.9,] 	 ARGS:%v_37,%v_39,
		 11: %self->person_entity_with_display_name def_%v_41 %self[3.6,2.0,] %v_40[10.10,] 	 ARGS:%v_40,
		 12: HASH-sender- def_%v_42 %v_41[10.11,] 
		 13: %v_35->merge def_%v_43 %v_35[10.5,] %v_42[10.12,] 	 ARGS:%v_42,
		 14: COPY TYPE_PASS def_message %v_43[10.13,] 
		 15: 
		 16: %self->respond_to def_%v_44 %self[10.11,3.6,2.0,] %self[10.11,3.6,2.0,] 	 ARGS:%self,
CLOSURE BEGIN: format[10.16,] %self[10.11,3.6,2.0,] 
BB 1
	outgoing: 6 2 
	datadep: 
	instructions:
BB 2
	outgoing: 3 
	datadep: 
	instructions:
		 0: def_%self 
		 1: def_%cl_1_0 
		 2: RECEIVEARG def_format 
		 3: COPY TYPE_CurrentScope def_%current_scope 
		 4: COPY TYPE_ScopeModule def_%current_module 
BB 3
	outgoing: 4 6 
	datadep: 
	instructions:
		 0: 
		 1: format->html def_%cl_1_3 format[2.2,] %self[2.0,] 	 ARGS:format,
CLOSURE BEGIN: %self[2.0,] 
BB 1
	outgoing: 6 2 
	datadep: 
	instructions:
BB 2
	outgoing: 3 
	datadep: 
	instructions:
		 0: def_%self 
		 1: def_%cl_2_0 
		 2: COPY TYPE_CurrentScope def_%current_scope 
		 3: COPY TYPE_ScopeModule def_%current_module 
BB 3
	outgoing: 4 6 
	datadep: 
	instructions:
		 0: 
		 1: COPY TYPE_StringLiteral def_%cl_2_3 
		 2: GETFIELD %self->current_user def_%cl_2_4 %self[2.0,] 
		 3: %cl_2_4->id def_%cl_2_5 %cl_2_4[3.2,] 	 ARGS:
		 4: %self->params def_%cl_2_6 %self[2.0,] 	 ARGS:
		 5: %cl_2_6->[] def_%cl_2_7 %cl_2_6[3.4,] 	 ARGS:Symbol,
		 6: %cl_2_7->[] def_%cl_2_8 %cl_2_7[3.5,] 	 ARGS:Symbol,
		 7: HASH-conversation_type-person_id-id- def_%cl_2_9 %cl_2_3[3.1,] %cl_2_5[3.3,] %cl_2_8[3.6,] 
		 8: %self->single_conversation_path def_%cl_2_10 %self[3.4,2.0,] %cl_2_9[3.7,] 	 ARGS:%cl_2_9,
		 9: %self->redirect_to def_%cl_2_11 %self[3.4,3.8,2.0,] %cl_2_10[3.8,] 	 ARGS:%cl_2_10,
		 10: RETURN %cl_2_11[3.9,] %self[3.4,3.8,3.9,2.0,] 
BB 4
	outgoing: 6 
	datadep: 
	instructions:
		 0: def_%cl_2_12 
		 1: def_%cl_2_13 %cl_2_12[4.0,] 
		 2: RETURN %cl_2_13[4.1,] %self[2.0,] 
BB 6
	outgoing: 
	datadep: 
	instructions:
CLOSURE END: 
		 2: 
		 3: format->js def_%cl_1_4 format[3.1,2.2,] %self[2.0,] 	 ARGS:format,
CLOSURE BEGIN: message[] %self[2.0,] 
BB 1
	outgoing: 6 2 
	datadep: 
	instructions:
BB 2
	outgoing: 3 
	datadep: 
	instructions:
		 0: def_%self 
		 1: def_%cl_3_0 
		 2: COPY TYPE_CurrentScope def_%current_scope 
		 3: COPY TYPE_ScopeModule def_%current_module 
BB 3
	outgoing: 4 6 
	datadep: 
	instructions:
		 0: 
		 1: HASH-message- def_%cl_3_3 message[] 
		 2: HASH-layout-locals- def_%cl_3_4 %cl_3_3[3.1,] 
		 3: %self->render def_%cl_3_5 %self[2.0,] %cl_3_4[3.2,] 	 ARGS:%cl_3_4,
		 4: RETURN %cl_3_5[3.3,] %self[3.3,2.0,] 
BB 4
	outgoing: 6 
	datadep: 
	instructions:
		 0: def_%cl_3_6 
		 1: def_%cl_3_7 %cl_3_6[4.0,] 
		 2: RETURN %cl_3_7[4.1,] %self[2.0,] 
BB 6
	outgoing: 
	datadep: 
	instructions:
CLOSURE END: 
		 4: RETURN %cl_1_4[3.3,] %self[2.0,] 
BB 4
	outgoing: 6 
	datadep: 
	instructions:
		 0: def_%cl_1_5 
		 1: def_%cl_1_6 %cl_1_5[4.0,] 
		 2: RETURN %cl_1_6[4.1,] %self[2.0,] 
BB 6
	outgoing: 
	datadep: 
	instructions:
CLOSURE END: 
		 17: 
		 18: %self->ruby_code_from_view def_%v_45 %self[10.11,10.16,3.6,2.0,] 	 ARGS:
		 19: %v_45->ruby_code_from_view def_%v_46 %v_45[10.18,] %self[10.11,10.16,10.18,3.6,2.0,] 	 ARGS:%v_45,
CLOSURE BEGIN: %self[10.11,10.16,10.18,3.6,2.0,] 
BB 1
	outgoing: 9 2 
	datadep: 
	instructions:
BB 2
	outgoing: 3 
	datadep: 
	instructions:
		 0: def_%self 
		 1: def_%cl_4_0 
		 2: RECEIVEARG def_rb_from_view 
		 3: COPY TYPE_CurrentScope def_%current_scope 
		 4: COPY TYPE_ScopeModule def_%current_module 
BB 3
	outgoing: 4 5 7 
	datadep: 
	instructions:
		 0: 
		 1: COPY TYPE_StringLiteral def_%cl_4_3 
		 2: %self->flash def_%cl_4_4 %self[2.0,] 	 ARGS:
		 3: %cl_4_4->[] def_%cl_4_5 %cl_4_4[3.2,] 	 ARGS:Symbol,
		 4: BUILDSTRING def_%cl_4_6 %cl_4_3[3.1,] %cl_4_5[3.3,] 
		 5: %self->t def_%cl_4_7 %self[3.2,2.0,] %cl_4_6[3.4,] 	 ARGS:%cl_4_6,
		 6: 
		 7: %self->message_or_action def_%cl_4_8 %self[3.2,3.5,2.0,] 	 ARGS:
		 8: %cl_4_8->[] def_%cl_4_9 %cl_4_8[3.7,] 	 ARGS:Symbol,
		 9: %cl_4_9->[] def_%cl_4_10 %cl_4_9[3.8,] 	 ARGS:Symbol,
		 10: GETFIELD %self->current_user def_%cl_4_11 %self[3.2,3.5,3.7,2.0,] 
		 11: %cl_4_11->id def_%cl_4_12 %cl_4_11[3.10,] 	 ARGS:
		 12: %cl_4_10->== def_%cl_4_13 %cl_4_10[3.9,] %cl_4_12[3.11,] 	 ARGS:%cl_4_12,
		 13: BRANCH %cl_4_13[3.12,] 
BB 4
	outgoing: 6 
	datadep: 
	instructions:
		 0: COPY TYPE_StringLiteral def_%cl_4_14 
		 1: 
BB 5
	outgoing: 6 
	datadep: 
	instructions:
		 0: COPY TYPE_StringLiteral def_%cl_4_15 
		 1: COPY TYPE_PASS def_%cl_4_14 %cl_4_15[5.0,] 
BB 6
	outgoing: 7 9 
	datadep: 
	instructions:
		 0: COPY TYPE_PASS def_avatar_side %cl_4_14[5.1,4.0,] 
		 1: 
		 2: 
		 3: %self->message_or_action def_%cl_4_16 %self[2.0,] 	 ARGS:
		 4: %cl_4_16->[] def_%cl_4_17 %cl_4_16[6.3,] 	 ARGS:Symbol,
		 5: %cl_4_17->[] def_%cl_4_18 %cl_4_17[6.4,] 	 ARGS:Symbol,
		 6: COPY TYPE_StringLiteral def_%cl_4_19 
		 7: HASH-class- def_%cl_4_20 %cl_4_19[6.6,] 
		 8: %self->image_tag def_%cl_4_21 %self[6.3,2.0,] %cl_4_18[6.5,] %cl_4_20[6.7,] 	 ARGS:%cl_4_18,%cl_4_20,
		 9: 
		 10: 
		 11: 
		 12: %self->message_or_action def_%cl_4_22 %self[6.3,6.8,2.0,] 	 ARGS:
		 13: %cl_4_22->[] def_%cl_4_23 %cl_4_22[6.12,] 	 ARGS:Symbol,
		 14: %cl_4_23->[] def_%cl_4_24 %cl_4_23[6.13,] 	 ARGS:Symbol,
		 15: %self->message_or_action def_%cl_4_25 %self[6.3,6.8,6.12,2.0,] 	 ARGS:
		 16: %cl_4_25->[] def_%cl_4_26 %cl_4_25[6.15,] 	 ARGS:Symbol,
		 17: %cl_4_26->[] def_%cl_4_27 %cl_4_26[6.16,] 	 ARGS:Symbol,
		 18: %self->message_or_action def_%cl_4_28 %self[6.3,6.8,6.12,6.15,2.0,] 	 ARGS:
		 19: %cl_4_28->[] def_%cl_4_29 %cl_4_28[6.18,] 	 ARGS:Symbol,
		 20: %cl_4_29->[] def_%cl_4_30 %cl_4_29[6.19,] 	 ARGS:Symbol,
		 21: HASH-id- def_%cl_4_31 %cl_4_30[6.20,] 
		 22: %self->person_path def_%cl_4_32 %self[6.3,6.8,6.12,6.15,6.18,2.0,] %cl_4_31[6.21,] 	 ARGS:%cl_4_31,
		 23: %self->link_to_unless def_%cl_4_33 %self[6.3,6.8,6.12,6.15,6.18,6.22,2.0,] %cl_4_24[6.14,] %cl_4_27[6.17,] %cl_4_32[6.22,] 	 ARGS:%cl_4_24,%cl_4_27,%cl_4_32,
		 24: 
		 25: %self->message_or_action def_%cl_4_34 %self[6.3,6.8,6.12,6.15,6.18,6.22,6.23,2.0,] 	 ARGS:
		 26: %cl_4_34->[] def_%cl_4_35 %cl_4_34[6.25,] 	 ARGS:Symbol,
		 27: %self->time_ago def_%cl_4_36 %self[6.3,6.8,6.12,6.15,6.18,6.22,6.23,6.25,2.0,] %cl_4_35[6.26,] 	 ARGS:%cl_4_35,
		 28: 
		 29: 
		 30: %self->message_or_action def_%cl_4_37 %self[6.3,6.8,6.12,6.15,6.18,6.22,6.23,6.25,6.27,2.0,] 	 ARGS:
		 31: %cl_4_37->[] def_%cl_4_38 %cl_4_37[6.30,] 	 ARGS:Symbol,
		 32: 
		 33: %self->message_or_action def_%cl_4_39 %self[6.3,6.8,6.12,6.15,6.18,6.22,6.23,6.25,6.27,6.30,2.0,] 	 ARGS:
		 34: %cl_4_39->[] def_%cl_4_40 %cl_4_39[6.33,] 	 ARGS:Symbol,
		 35: 
		 36: %self->text_with_line_breaks def_%cl_4_41 %self[6.3,6.8,6.12,6.15,6.18,6.22,6.23,6.25,6.27,6.30,6.33,2.0,] %self[6.3,6.8,6.12,6.15,6.18,6.22,6.23,6.25,6.27,6.30,6.33,2.0,] 	 ARGS:%self,
CLOSURE BEGIN: %self[6.3,6.8,6.12,6.15,6.18,6.22,6.23,6.25,6.27,6.30,6.33,2.0,] 
BB 1
	outgoing: 6 2 
	datadep: 
	instructions:
BB 2
	outgoing: 3 
	datadep: 
	instructions:
		 0: def_%self 
		 1: def_%cl_5_0 
		 2: COPY TYPE_CurrentScope def_%current_scope 
		 3: COPY TYPE_ScopeModule def_%current_module 
BB 3
	outgoing: 4 6 
	datadep: 
	instructions:
		 0: 
		 1: %self->message_or_action def_%cl_5_3 %self[2.0,] 	 ARGS:
		 2: %cl_5_3->[] def_%cl_5_4 %cl_5_3[3.1,] 	 ARGS:Symbol,
		 3: RETURN %cl_5_4[3.2,] %self[3.1,2.0,] 
BB 4
	outgoing: 6 
	datadep: 
	instructions:
		 0: def_%cl_5_5 
		 1: def_%cl_5_6 %cl_5_5[4.0,] 
		 2: RETURN %cl_5_6[4.1,] %self[2.0,] 
BB 6
	outgoing: 
	datadep: 
	instructions:
CLOSURE END: 
		 37: 
		 38: GETFIELD %self->message def_%cl_4_42 %self[6.3,6.8,6.12,6.15,6.18,6.22,6.23,6.25,6.27,6.30,6.33,6.36,2.0,] 
		 39: %cl_4_42->id def_%cl_4_43 %cl_4_42[6.38,] 	 ARGS:
		 40: %cl_4_43->to_s def_%cl_4_44 %cl_4_43[6.39,] 	 ARGS:
		 41: 
		 42: COPY TYPE_StringLiteral def_%cl_4_45 
		 43: %self->t def_%cl_4_46 %self[6.3,6.8,6.12,6.15,6.18,6.22,6.23,6.25,6.27,6.30,6.33,6.36,2.0,] %cl_4_45[6.42,] 	 ARGS:%cl_4_45,
		 44: RETURN %cl_4_46[6.43,] %self[6.3,6.8,6.12,6.15,6.18,6.22,6.23,6.25,6.27,6.30,6.33,6.36,6.43,2.0,] 
BB 7
	outgoing: 9 
	datadep: 
	instructions:
		 0: def_%cl_4_47 
		 1: def_%cl_4_48 %cl_4_47[7.0,] 
		 2: RETURN %cl_4_48[7.1,] %self[2.0,] 
BB 9
	outgoing: 
	datadep: 
	instructions:
CLOSURE END: rb_from_view[2.2,] 
		 20: RETURN %v_46[10.19,] %self[10.11,10.16,10.18,3.6,2.0,] 
BB 11
	outgoing: 
	datadep: 
	instructions:

SET IRMethod, name = person_entity_with_display_name
BB 1
	outgoing: 3 2 
	datadep: 
	instructions:
BB 2
	outgoing: 3 
	datadep: 
	instructions:
		 0: def_%self 
		 1: def_%v_0 
		 2: COPY TYPE_CurrentScope def_%current_scope 
		 3: COPY TYPE_ScopeModule def_%current_module 
		 4: 
		 5: RECEIVEARG def_person_entity 
		 6: 
		 7: (PersonViewUtils) def_%v_3 
		 8: GETFIELD %self->current_community def_%v_4 %self[2.0,] 
		 9: %v_4->name_display_type def_%v_5 %v_4[2.8,] 	 ARGS:
		 10: %v_3->person_entity_display_name def_%v_6 %v_3[2.7,] person_entity[2.5,] %v_5[2.9,] 	 ARGS:person_entity,%v_5,
		 11: HASH-display_name- def_%v_7 %v_6[2.10,] 
		 12: person_entity->merge def_%v_8 person_entity[2.5,] %v_7[2.11,] 	 ARGS:%v_7,
		 13: COPY TYPE_PASS def_person_display_entity %v_8[2.12,] 
		 14: RETURN %v_8[2.12,] %self[2.0,] 
BB 3
	outgoing: 
	datadep: 
	instructions:

SET IRMethod, name = is_participant?
BB 1
	outgoing: 3 2 
	datadep: 
	instructions:
BB 2
	outgoing: 3 
	datadep: 
	instructions:
		 0: def_%self 
		 1: def_%v_0 
		 2: COPY TYPE_CurrentScope def_%current_scope 
		 3: COPY TYPE_ScopeModule def_%current_module 
		 4: 
		 5: RECEIVEARG def_person 
		 6: RECEIVEARG def_conversation_id 
		 7: 
		 8: (Conversation) def_%v_3 
		 9: %v_3->find def_%v_4 %v_3[2.8,] conversation_id[2.6,] 	 ARGS:conversation_id,
		 10: %v_4->participant? def_%v_5 %v_4[2.9,] person[2.5,] 	 ARGS:person,
		 11: RETURN %v_5[2.10,] %self[2.0,] 
BB 3
	outgoing: 
	datadep: 
	instructions:

