SET IRMethod, name = new
BB 1
	outgoing: 3 2 
	datadep: 
	instructions:
BB 2
	outgoing: 3 
	datadep: 
	instructions:
		 0: def_%self 
		 1: def_%v_0 
		 2: COPY TYPE_CurrentScope def_%current_scope 
		 3: COPY TYPE_ScopeModule def_%current_module 
		 4: 
		 5: 
		 6: (Conversation) def_%v_3 
		 7: %v_3->new def_%v_4 %v_3[2.6,] 	 ARGS:
		 8: ATTRASSIGN %self->conversation %v_4[2.7,] 
		 9: 
		 10: %self->ruby_code_from_view def_%v_5 %self[2.0,2.8,] 	 ARGS:
		 11: %v_5->ruby_code_from_view def_%v_6 %v_5[2.10,] %self[2.0,2.8,2.10,] 	 ARGS:%v_5,
CLOSURE BEGIN: %self[2.0,2.8,2.10,] 
BB 1
	outgoing: 6 2 
	datadep: 
	instructions:
BB 2
	outgoing: 3 
	datadep: 
	instructions:
		 0: def_%self 
		 1: def_%cl_1_0 
		 2: RECEIVEARG def_rb_from_view 
		 3: COPY TYPE_CurrentScope def_%current_scope 
		 4: COPY TYPE_ScopeModule def_%current_module 
BB 3
	outgoing: 4 6 
	datadep: 
	instructions:
		 0: 
		 1: %self->content_for def_%cl_1_3 %self[2.0,] %self[2.0,] 	 ARGS:Symbol,%self,
CLOSURE BEGIN: 
BB 1
	outgoing: 6 2 
	datadep: 
	instructions:
BB 2
	outgoing: 6 
	datadep: 
	instructions:
		 0: def_%self 
		 1: def_%cl_2_0 
		 2: COPY TYPE_CurrentScope def_%current_scope 
		 3: COPY TYPE_ScopeModule def_%current_module 
		 4: RETURN %self[2.0,] 
BB 6
	outgoing: 
	datadep: 
	instructions:
CLOSURE END: 
		 2: 
		 3: COPY TYPE_StringLiteral def_%cl_1_4 
		 4: GETFIELD %self->recipient def_%cl_1_5 %self[3.1,2.0,] 
		 5: %cl_1_5->given_name_or_username def_%cl_1_6 %cl_1_5[3.4,] 	 ARGS:
		 6: HASH-person- def_%cl_1_7 %cl_1_6[3.5,] 
		 7: %self->t def_%cl_1_8 %self[3.1,2.0,] %cl_1_4[3.3,] %cl_1_7[3.6,] 	 ARGS:%cl_1_4,%cl_1_7,
		 8: 
		 9: GETFIELD %self->conversation def_%cl_1_9 %self[3.1,3.7,2.0,] 
		 10: GETFIELD %self->recipient def_%cl_1_10 %self[3.1,3.7,2.0,] 
		 11: HASH-person- def_%cl_1_11 %cl_1_10[3.10,] 
		 12: %self->person_person_messages_path def_%cl_1_12 %self[3.1,3.7,2.0,] %cl_1_11[3.11,] 	 ARGS:%cl_1_11,
		 13: HASH-url- def_%cl_1_13 %cl_1_12[3.12,] 
		 14: %self->form_for def_%cl_1_14 %self[3.1,3.7,3.12,2.0,] %cl_1_9[3.9,] %cl_1_13[3.13,] %self[3.1,3.7,3.12,2.0,] 	 ARGS:%cl_1_9,%cl_1_13,%self,
CLOSURE BEGIN: %self[3.1,3.7,3.12,2.0,] form[3.14,] 
BB 1
	outgoing: 6 2 
	datadep: 
	instructions:
BB 2
	outgoing: 3 
	datadep: 
	instructions:
		 0: def_%self 
		 1: def_%cl_3_0 
		 2: RECEIVEARG def_form 
		 3: COPY TYPE_CurrentScope def_%current_scope 
		 4: COPY TYPE_ScopeModule def_%current_module 
BB 3
	outgoing: 4 6 
	datadep: 
	instructions:
		 0: 
		 1: COPY TYPE_StringLiteral def_%cl_3_3 
		 2: (Message) def_%cl_3_4 
		 3: %cl_3_4->new def_%cl_3_5 %cl_3_4[3.2,] 	 ARGS:
		 4: %self->fields_for def_%cl_3_6 %self[2.0,] %cl_3_3[3.1,] %cl_3_5[3.3,] %self[2.0,] 	 ARGS:%cl_3_3,%cl_3_5,%self,
CLOSURE BEGIN: %self[2.0,] message_form[3.4,] 
BB 1
	outgoing: 6 2 
	datadep: 
	instructions:
BB 2
	outgoing: 3 
	datadep: 
	instructions:
		 0: def_%self 
		 1: def_%cl_4_0 
		 2: RECEIVEARG def_message_form 
		 3: COPY TYPE_CurrentScope def_%current_scope 
		 4: COPY TYPE_ScopeModule def_%current_module 
BB 3
	outgoing: 4 6 
	datadep: 
	instructions:
		 0: 
		 1: COPY TYPE_StringLiteral def_%cl_4_3 
		 2: %self->t def_%cl_4_4 %self[2.0,] %cl_4_3[3.1,] 	 ARGS:%cl_4_3,
		 3: message_form->label def_%cl_4_5 message_form[2.2,] %cl_4_4[3.2,] 	 ARGS:Symbol,%cl_4_4,
		 4: 
		 5: COPY TYPE_StringLiteral def_%cl_4_6 
		 6: HASH-class- def_%cl_4_7 %cl_4_6[3.5,] 
		 7: message_form->text_area def_%cl_4_8 message_form[3.3,2.2,] %cl_4_7[3.6,] 	 ARGS:Symbol,%cl_4_7,
		 8: 
		 9: GETFIELD %self->current_user def_%cl_4_9 %self[3.2,2.0,] 
		 10: %cl_4_9->id def_%cl_4_10 %cl_4_9[3.9,] 	 ARGS:
		 11: HASH-value- def_%cl_4_11 %cl_4_10[3.10,] 
		 12: message_form->hidden_field def_%cl_4_12 message_form[3.3,3.7,2.2,] %cl_4_11[3.11,] 	 ARGS:Symbol,%cl_4_11,
		 13: RETURN %cl_4_12[3.12,] %self[3.2,2.0,] 
BB 4
	outgoing: 6 
	datadep: 
	instructions:
		 0: def_%cl_4_13 
		 1: def_%cl_4_14 %cl_4_13[4.0,] 
		 2: RETURN %cl_4_14[4.1,] %self[2.0,] 
BB 6
	outgoing: 
	datadep: 
	instructions:
CLOSURE END: 
		 5: 
		 6: COPY TYPE_StringLiteral def_%cl_3_7 
		 7: %self->t def_%cl_3_8 %self[3.4,2.0,] %cl_3_7[3.6,] 	 ARGS:%cl_3_7,
		 8: COPY TYPE_StringLiteral def_%cl_3_9 
		 9: HASH-class- def_%cl_3_10 %cl_3_9[3.8,] 
		 10: form->button def_%cl_3_11 form[2.2,] %cl_3_8[3.7,] %cl_3_10[3.9,] 	 ARGS:%cl_3_8,%cl_3_10,
		 11: RETURN %cl_3_11[3.10,] %self[3.4,3.7,2.0,] 
BB 4
	outgoing: 6 
	datadep: 
	instructions:
		 0: def_%cl_3_12 
		 1: def_%cl_3_13 %cl_3_12[4.0,] 
		 2: RETURN %cl_3_13[4.1,] %self[2.0,] 
BB 6
	outgoing: 
	datadep: 
	instructions:
CLOSURE END: 
		 15: RETURN %cl_1_14[3.14,] %self[3.1,3.7,3.12,3.14,2.0,] 
BB 4
	outgoing: 6 
	datadep: 
	instructions:
		 0: def_%cl_1_15 
		 1: def_%cl_1_16 %cl_1_15[4.0,] 
		 2: RETURN %cl_1_16[4.1,] %self[2.0,] 
BB 6
	outgoing: 
	datadep: 
	instructions:
CLOSURE END: 
		 12: RETURN %v_6[2.11,] %self[2.0,2.8,2.10,] 
BB 3
	outgoing: 
	datadep: 
	instructions:

SET IRMethod, name = create
BB 1
	outgoing: 8 2 
	datadep: 
	instructions:
BB 2
	outgoing: 3 6 
	datadep: 
	instructions:
		 0: def_%self 
		 1: def_%v_0 
		 2: COPY TYPE_CurrentScope def_%current_scope 
		 3: COPY TYPE_ScopeModule def_%current_module 
		 4: 
		 5: 
		 6: %self->new_conversation def_%v_3 %self[2.0,] 	 ARGS:
		 7: ATTRASSIGN %self->conversation %v_3[2.6,] 
		 8: 
		 9: GETFIELD %self->conversation def_%v_4 %self[2.0,2.6,2.7,] 
		 10: %v_4->save def_%v_5 %v_4[2.9,] 	 ARGS:
		 11: BRANCH %v_5[2.10,] 
BB 3
	outgoing: 4 5 
	datadep: 
	instructions:
		 0: 
		 1: %self->flash def_%v_6 %self[2.0,2.7,] 	 ARGS:
		 2: COPY TYPE_StringLiteral def_%v_7 
		 3: %self->t def_%v_8 %self[3.1,2.0,2.7,] %v_7[3.2,] 	 ARGS:%v_7,
		 4: ATTRASSIGN %v_6->[] %v_8[3.3,] 
		 5: 
		 6: (Delayed) def_%v_9 
		 7: (inherit Job) def_%v_10 %v_9[3.6,] 
		 8: %v_10[3.7,] 
BB 4
	outgoing: 5 
	datadep: 
	instructions:
		 0: %v_9->const_missing def_%v_10 %v_9[3.6,] 	 ARGS:Symbol,
BB 5
	outgoing: 8 
	datadep: 
	instructions:
		 0: (MessageSentJob) def_%v_11 
		 1: GETFIELD %self->conversation def_%v_12 %self[2.0,2.7,] 
		 2: %v_12->messages def_%v_13 %v_12[5.1,] 	 ARGS:
		 3: %v_13->last def_%v_14 %v_13[5.2,] 	 ARGS:
		 4: %v_14->id def_%v_15 %v_14[5.3,] 	 ARGS:
		 5: GETFIELD %self->current_community def_%v_16 %self[2.0,] 
		 6: %v_16->id def_%v_17 %v_16[5.5,] 	 ARGS:
		 7: %v_11->new def_%v_18 %v_11[5.0,] %v_15[5.4,] %v_17[5.6,] 	 ARGS:%v_15,%v_17,
		 8: %v_10->enqueue def_%v_19 %v_10[4.0,3.7,] %v_18[5.7,] 	 ARGS:%v_18,
		 9: 
		 10: GETFIELD %self->recipient def_%v_20 %self[2.0,] 
		 11: %self->redirect_to def_%v_21 %self[2.0,2.7,] %v_20[5.10,] 	 ARGS:%v_20,
		 12: RETURN %v_21[5.11,] %self[5.11,2.0,2.7,] 
BB 6
	outgoing: 8 
	datadep: 
	instructions:
		 0: 
		 1: %self->flash def_%v_22 %self[2.0,2.7,] 	 ARGS:
		 2: COPY TYPE_StringLiteral def_%v_23 
		 3: ATTRASSIGN %v_22->[] %v_23[6.2,] 
		 4: 
		 5: %self->root def_%v_24 %self[6.1,2.0,2.7,] 	 ARGS:
		 6: %self->redirect_to def_%v_25 %self[6.1,6.5,2.0,2.7,] %v_24[6.5,] 	 ARGS:%v_24,
		 7: RETURN %v_25[6.6,] %self[6.1,6.5,6.6,2.0,2.7,] 
BB 8
	outgoing: 
	datadep: 
	instructions:

SET IRMethod, name = new_conversation
BB 1
	outgoing: 3 2 
	datadep: 
	instructions:
BB 2
	outgoing: 3 
	datadep: 
	instructions:
		 0: def_%self 
		 1: def_%v_0 
		 2: COPY TYPE_CurrentScope def_%current_scope 
		 3: COPY TYPE_ScopeModule def_%current_module 
		 4: 
		 5: 
		 6: (Conversation) def_%v_3 
		 7: %self->params def_%v_4 %self[2.0,] 	 ARGS:
		 8: %v_4->[] def_%v_5 %v_4[2.7,] 	 ARGS:Symbol,
		 9: GETFIELD %self->current_community def_%v_6 %self[2.0,2.7,] 
		 10: HASH-community- def_%v_7 %v_6[2.9,] 
		 11: %v_5->merge def_%v_8 %v_5[2.8,] %v_7[2.10,] 	 ARGS:%v_7,
		 12: %v_3->new def_%v_9 %v_3[2.6,] %v_8[2.11,] 	 ARGS:%v_8,
		 13: COPY TYPE_PASS def_conversation %v_9[2.12,] 
		 14: 
		 15: GETFIELD %self->current_user def_%v_10 %self[2.0,2.7,] 
		 16: %v_9->build_starter_participation def_%v_11 %v_9[2.12,] %v_10[2.15,] 	 ARGS:%v_10,
		 17: 
		 18: GETFIELD %self->recipient def_%v_12 %self[2.0,2.7,] 
		 19: conversation->build_participation def_%v_13 conversation[2.13,] %v_12[2.18,] 	 ARGS:%v_12,
		 20: 
		 21: RETURN conversation[2.13,2.19,] %self[2.0,2.7,] 
BB 3
	outgoing: 
	datadep: 
	instructions:

SET IRMethod, name = fetch_recipient
BB 1
	outgoing: 6 2 
	datadep: 
	instructions:
BB 2
	outgoing: 3 4 
	datadep: 
	instructions:
		 0: def_%self 
		 1: def_%v_0 
		 2: COPY TYPE_CurrentScope def_%current_scope 
		 3: COPY TYPE_ScopeModule def_%current_module 
		 4: 
		 5: 
		 6: (Person) def_%v_3 
		 7: %self->params def_%v_4 %self[2.0,] 	 ARGS:
		 8: %v_4->[] def_%v_5 %v_4[2.7,] 	 ARGS:Symbol,
		 9: %v_3->find def_%v_6 %v_3[2.6,] %v_5[2.8,] 	 ARGS:%v_5,
		 10: ATTRASSIGN %self->recipient %v_6[2.9,] 
		 11: 
		 12: GETFIELD %self->current_user def_%v_7 %self[2.0,2.7,] 
		 13: GETFIELD %self->recipient def_%v_8 %self[2.0,2.7,2.10,] 
		 14: %v_7->== def_%v_9 %v_7[2.12,] %v_8[2.13,] 	 ARGS:%v_8,
		 15: BRANCH %v_9[2.14,] 
BB 3
	outgoing: 6 
	datadep: 
	instructions:
		 0: 
		 1: %self->flash def_%v_10 %self[2.0,2.10,] 	 ARGS:
		 2: COPY TYPE_StringLiteral def_%v_11 
		 3: %self->t def_%v_12 %self[3.1,2.0,2.10,] %v_11[3.2,] 	 ARGS:%v_11,
		 4: ATTRASSIGN %v_10->[] %v_12[3.3,] 
		 5: 
		 6: %self->root def_%v_13 %self[3.1,3.3,2.0,2.10,] 	 ARGS:
		 7: %self->redirect_to def_%v_14 %self[3.1,3.3,3.6,2.0,2.10,] %v_13[3.6,] 	 ARGS:%v_13,
		 8: RETURN %v_14[3.7,] %self[3.1,3.3,3.6,3.7,2.0,2.10,] 
BB 4
	outgoing: 6 
	datadep: 
	instructions:
		 0: RETURN %self[2.0,2.10,] 
BB 6
	outgoing: 
	datadep: 
	instructions:

