digraph LoginController_set_new_password {
	User_is_banned__BB1 -> User_is_banned__BB3 [ color=blue ];
	User_is_banned__BB1 -> User_is_banned__BB2 [ color=blue ];
	User_is_banned__BB2 -> User_is_banned__BB3 [ color=blue ];
	User_is_active__BB1 -> User_is_active__BB5 [ color=blue ];
	User_is_active__BB1 -> User_is_active__BB2 [ color=blue ];
	User_is_active__BB2 -> User_is_active__BB3 [ color=blue ];
	User_is_active__BB2 -> User_is_active__BB4 [ color=blue ];
	User_is_active__BB3 -> User_is_active__BB4 [ color=blue ];
	User_is_active__BB4 -> User_is_active__BB5 [ color=blue ];
	ApplicationController_authenticate_user__BB1 -> ApplicationController_authenticate_user__BB10 [ color=blue ];
	ApplicationController_authenticate_user__BB1 -> ApplicationController_authenticate_user__BB2 [ color=blue ];
	ApplicationController_authenticate_user__BB2 -> ApplicationController_authenticate_user__BB3 [ color=blue ];
	ApplicationController_authenticate_user__BB2 -> ApplicationController_authenticate_user__BB4 [ color=blue ];
	ApplicationController_authenticate_user__BB3 -> ApplicationController_authenticate_user__BB4 [ color=blue ];
	ApplicationController_authenticate_user__BB4 -> ApplicationController_authenticate_user__BB5 [ color=blue ];
	ApplicationController_authenticate_user__BB4 -> ApplicationController_authenticate_user__BB6 [ color=blue ];
	ApplicationController_authenticate_user__BB5 -> ApplicationController_authenticate_user__BB6 [ color=blue ];
	ApplicationController_authenticate_user__BB6 -> ApplicationController_authenticate_user__BB7 [ color=blue ];
	ApplicationController_authenticate_user__BB6 -> ApplicationController_authenticate_user__BB8 [ color=blue ];
	ApplicationController_authenticate_user__BB7 -> ApplicationController_authenticate_user__BB9 [ color=blue ];
	ApplicationController_authenticate_user__BB8 -> ApplicationController_authenticate_user__BB9 [ color=blue ];
	ApplicationController_authenticate_user__BB9 -> ApplicationController_authenticate_user__BB10 [ color=blue ];
	ApplicationController_user_is_spider__BB1 -> ApplicationController_user_is_spider__BB5 [ color=blue ];
	ApplicationController_user_is_spider__BB1 -> ApplicationController_user_is_spider__BB2 [ color=blue ];
	ApplicationController_user_is_spider__BB2 -> ApplicationController_user_is_spider__BB3 [ color=blue ];
	ApplicationController_user_is_spider__BB2 -> ApplicationController_user_is_spider__BB4 [ color=blue ];
	ApplicationController_user_is_spider__BB3 -> ApplicationController_user_is_spider__BB5 [ color=blue ];
	ApplicationController_user_is_spider__BB4 -> ApplicationController_user_is_spider__BB5 [ color=blue ];
	ApplicationController_increase_traffic_counter__BB1 -> ApplicationController_increase_traffic_counter__BB8 [ color=blue ];
	ApplicationController_increase_traffic_counter__BB1 -> ApplicationController_increase_traffic_counter__BB2 [ color=blue ];
	ApplicationController_increase_traffic_counter__BB2 -> ApplicationController_increase_traffic_counter__BB3 [ color=blue ];
	ApplicationController_increase_traffic_counter__BB2 -> ApplicationController_increase_traffic_counter__BB4 [ color=blue ];
	ApplicationController_increase_traffic_counter__BB3 -> ApplicationController_increase_traffic_counter__BB4 [ color=blue ];
	ApplicationController_increase_traffic_counter__BB4 -> ApplicationController_increase_traffic_counter__BB5 [ color=blue ];
	ApplicationController_increase_traffic_counter__BB4 -> ApplicationController_increase_traffic_counter__BB6 [ color=blue ];
	ApplicationController_increase_traffic_counter__BB5 -> ApplicationController_increase_traffic_counter__BB8 [ color=blue ];
	ApplicationController_increase_traffic_counter__BB6 -> ApplicationController_increase_traffic_counter__BB8 [ color=blue ];
	ApplicationController_increase_traffic_counter__BB6:f0 -> ApplicationController_increase_traffic_counter_386788_closure0_BB1 [color=blue ];
	ApplicationController_increase_traffic_counter_386788_closure0_BB6:f0 -> ApplicationController_increase_traffic_counter__BB6 [color=blue ];
	ApplicationController_increase_traffic_counter_386788_closure0_BB1 -> ApplicationController_increase_traffic_counter_386788_closure0_BB6 [ color=blue ];
	ApplicationController_increase_traffic_counter_386788_closure0_BB1 -> ApplicationController_increase_traffic_counter_386788_closure0_BB2 [ color=blue ];
	ApplicationController_increase_traffic_counter_386788_closure0_BB2 -> ApplicationController_increase_traffic_counter_386788_closure0_BB3 [ color=blue ];
	ApplicationController_increase_traffic_counter_386788_closure0_BB3 -> ApplicationController_increase_traffic_counter_386788_closure0_BB4 [ color=blue ];
	ApplicationController_increase_traffic_counter_386788_closure0_BB3 -> ApplicationController_increase_traffic_counter_386788_closure0_BB6 [ color=blue ];
	ApplicationController_increase_traffic_counter_386788_closure0_BB4 -> ApplicationController_increase_traffic_counter_386788_closure0_BB6 [ color=blue ];
	ApplicationController_increase_traffic_counter_386788_closure0_BB6 -> ApplicationController_increase_traffic_counter_386788_closure0_BB1 [color=blue ];
	LoginController_set_new_password__BB1 -> LoginController_set_new_password__BB26 [ color=blue ];
	LoginController_set_new_password__BB1 -> LoginController_set_new_password__BB2 [ color=blue ];
	LoginController_set_new_password__BB2 -> LoginController_set_new_password__BB3 [ color=blue ];
	LoginController_set_new_password__BB2 -> LoginController_set_new_password__BB4 [ color=blue ];
	LoginController_set_new_password__BB3 -> LoginController_set_new_password__BB4 [ color=blue ];
	LoginController_set_new_password__BB4 -> LoginController_set_new_password__BB5 [ color=blue ];
	LoginController_set_new_password__BB4 -> LoginController_set_new_password__BB6 [ color=blue ];
	LoginController_set_new_password__BB5 -> LoginController_set_new_password__BB7 [ color=blue ];
	LoginController_set_new_password__BB6 -> LoginController_set_new_password__BB7 [ color=blue ];
	LoginController_set_new_password__BB7 -> LoginController_set_new_password__BB8 [ color=blue ];
	LoginController_set_new_password__BB7 -> LoginController_set_new_password__BB9 [ color=blue ];
	LoginController_set_new_password__BB8 -> LoginController_set_new_password__BB9 [ color=blue ];
	LoginController_set_new_password__BB9 -> LoginController_set_new_password__BB10 [ color=blue ];
	LoginController_set_new_password__BB9 -> LoginController_set_new_password__BB24 [ color=blue ];
	LoginController_set_new_password__BB10 -> LoginController_set_new_password__BB11 [ color=blue ];
	LoginController_set_new_password__BB10 -> LoginController_set_new_password__BB22 [ color=blue ];
	LoginController_set_new_password__BB11 -> LoginController_set_new_password__BB12 [ color=blue ];
	LoginController_set_new_password__BB11 -> LoginController_set_new_password__BB13 [ color=blue ];
	LoginController_set_new_password__BB12 -> LoginController_set_new_password__BB13 [ color=blue ];
	LoginController_set_new_password__BB13 -> LoginController_set_new_password__BB14 [ color=blue ];
	LoginController_set_new_password__BB13 -> LoginController_set_new_password__BB15 [ color=blue ];
	LoginController_set_new_password__BB14 -> LoginController_set_new_password__BB16 [ color=blue ];
	LoginController_set_new_password__BB15 -> LoginController_set_new_password__BB16 [ color=blue ];
	LoginController_set_new_password__BB16 -> LoginController_set_new_password__BB17 [ color=blue ];
	LoginController_set_new_password__BB16 -> LoginController_set_new_password__BB18 [ color=blue ];
	LoginController_set_new_password__BB17 -> LoginController_set_new_password__BB18 [ color=blue ];
	LoginController_set_new_password__BB18 -> LoginController_set_new_password__BB19 [ color=blue ];
	LoginController_set_new_password__BB18 -> LoginController_set_new_password__BB20 [ color=blue ];
	LoginController_set_new_password__BB19 -> LoginController_set_new_password__BB26 [ color=blue ];
	LoginController_set_new_password__BB20 -> LoginController_set_new_password__BB23 [ color=blue ];
	LoginController_set_new_password__BB22 -> LoginController_set_new_password__BB23 [ color=blue ];
	LoginController_set_new_password__BB23 -> LoginController_set_new_password__BB26 [ color=blue ];
	LoginController_set_new_password__BB24 -> LoginController_set_new_password__BB26 [ color=blue ];
}