SET IRMethod, name = before
BB 1
	outgoing: 3 2 
	datadep: 
	instructions:
BB 2
	outgoing: 3 
	datadep: 
	instructions:
		 0: def_%self 
		 1: def_%v_0 
		 2: COPY def_%current_scope 
		 3: COPY def_%current_module 
		 4: 
		 5: RECEIVEARG def__controller 
		 6: 
		 7: (Time) def_%v_3 
		 8: %v_3->now def_%v_4 %v_3[2.7,] 
		 9: ATTRASSIGN %self->request_time %v_4[2.8,] 
		 10: RETURN %v_4[2.8,] %self[2.0,2.9,] 
BB 3
	outgoing: 
	datadep: 
	instructions:

SET IRMethod, name = after
BB 1
	outgoing: 9 2 
	datadep: 
	instructions:
BB 2
	outgoing: 3 7 
	datadep: 
	instructions:
		 0: def_%self 
		 1: def_%v_0 
		 2: COPY def_%current_scope 
		 3: COPY def_%current_module 
		 4: 
		 5: RECEIVEARG def_controller 
		 6: 
		 7: (Article) def_%v_3 
		 8: COPY def_%v_4 
		 9: GETFIELD %self->request_time def_%v_5 %self[2.0,] 
		 10: %v_3->where def_%v_6 %v_3[2.7,] %v_4[2.8,] %v_5[2.9,] 
		 11: COPY def_%v_7 
		 12: %v_6->order def_%v_8 %v_6[2.10,] %v_7[2.11,] 
		 13: %v_8->first def_%v_9 %v_8[2.12,] 
		 14: COPY def_future_article %v_9[2.13,] 
		 15: 
		 16: BRANCH %v_9[2.13,] 
BB 3
	outgoing: 4 5 
	datadep: 
	instructions:
		 0: 
		 1: future_article->published_at def_%v_10 future_article[2.14,] 
		 2: (Time) def_%v_11 
		 3: %v_11->now def_%v_12 %v_11[3.2,] 
		 4: def_%v_13 %v_10[3.1,] %v_12[3.3,] 
		 5: COPY def_delta %v_13[3.4,] 
		 6: 
		 7: controller->response def_%v_14 controller[2.5,] 
		 8: def_%v_15 delta[3.5,] 
		 9: BRANCH %v_15[3.8,] 
BB 4
	outgoing: 6 
	datadep: 
	instructions:
		 0: COPY def_%v_16 
		 1: 
BB 5
	outgoing: 6 
	datadep: 
	instructions:
		 0: COPY def_%v_16 delta[3.5,3.8,] 
BB 6
	outgoing: 9 
	datadep: 
	instructions:
		 0: ATTRASSIGN %v_14->lifetime %v_16[5.0,4.0,] 
		 1: RETURN %v_16[5.0,4.0,] %self[2.0,] 
BB 7
	outgoing: 9 
	datadep: 
	instructions:
		 0: RETURN %self[2.0,] 
BB 9
	outgoing: 
	datadep: 
	instructions:

SET IRMethod, name = auto_discovery_feed
BB 1
	outgoing: 5 2 
	datadep: 
	instructions:
BB 2
	outgoing: 3 4 
	datadep: 
	instructions:
		 0: def_%self 
		 1: def_%v_0 
		 2: COPY def_%current_scope 
		 3: COPY def_%current_module 
		 4: 
		 5: def_options 
		 6: options[2.5,] 
BB 3
	outgoing: 4 
	datadep: 
	instructions:
		 0: COPY def_%v_3 
		 1: COPY def_options %v_3[3.0,] 
BB 4
	outgoing: 5 
	datadep: 
	instructions:
		 0: 
		 1: COPY def_%v_4 
		 2: options->reverse_merge def_%v_5 options[3.1,2.5,] %v_4[4.1,] 
		 3: def_%v_6 %self[2.0,] %v_5[4.2,] %self[2.0,] 
CLOSURE BEGIN: opts[] %self[2.0,] 
BB 1
	outgoing: 6 2 
	datadep: 
	instructions:
BB 2
	outgoing: 3 
	datadep: 
	instructions:
		 0: def_%self 
		 1: def_%cl_1_0 
		 2: RECEIVEARG def_opts 
		 3: COPY def_%current_scope 
		 4: COPY def_%current_module 
BB 3
	outgoing: 4 6 
	datadep: 
	instructions:
		 0: 
		 1: COPY def_%cl_1_3 
		 2: COPY def_%cl_1_4 %cl_1_3[3.1,] 
		 3: opts->url_for def_%cl_1_5 opts[2.2,] %cl_1_4[3.2,] 
		 4: ATTRASSIGN %self->auto_discovery_url_rss %cl_1_5[3.3,] 
		 5: 
		 6: COPY def_%cl_1_6 
		 7: COPY def_%cl_1_7 %cl_1_6[3.6,] 
		 8: opts->url_for def_%cl_1_8 opts[3.3,2.2,] %cl_1_7[3.7,] 
		 9: ATTRASSIGN %self->auto_discovery_url_atom %cl_1_8[3.8,] 
		 10: RETURN %cl_1_8[3.8,] %self[3.4,3.9,2.0,] 
BB 4
	outgoing: 6 
	datadep: 
	instructions:
		 0: def_%cl_1_9 
		 1: def_%cl_1_10 %cl_1_9[4.0,] 
		 2: RETURN %cl_1_10[4.1,] %self[3.4,3.9,2.0,] 
BB 6
	outgoing: 
	datadep: 
	instructions:
CLOSURE END
		 4: RETURN %v_6[4.3,] %self[2.0,] 
BB 5
	outgoing: 
	datadep: 
	instructions:

SET IRMethod, name = theme_layout
BB 1
	outgoing: 3 2 
	datadep: 
	instructions:
BB 2
	outgoing: 3 
	datadep: 
	instructions:
		 0: def_%self 
		 1: def_%v_0 
		 2: COPY def_%current_scope 
		 3: COPY def_%current_module 
		 4: 
		 5: 
		 6: %self->this_blog def_%v_3 %self[2.0,] 
		 7: %v_3->current_theme def_%v_4 %v_3[2.6,] 
		 8: %self->action_name def_%v_5 %self[2.0,2.6,] 
		 9: %v_4->layout def_%v_6 %v_4[2.7,] %v_5[2.8,] 
		 10: RETURN %v_6[2.9,] %self[2.0,2.6,2.8,] 
BB 3
	outgoing: 
	datadep: 
	instructions:

