digraph StoriesController_hide_forward_70171479629020 {
	n18 -> n19
	n19 -> n20
	n20 -> n23
	n23 -> n49
	n49 -> n50
	n20 -> n52
	n52 -> n57
	n57 -> n58
	n58 -> n63
	n63 -> n64
	n57 -> n60
	n60 -> n61
	n61 -> n63
	n52 -> n60
	n19 -> n21
	n21 -> n22
	n21 -> n50
	n18 [label=<<i>User.where</i>> color=crimson shape=doubleoctagon]; 
	n19 [label = <<i>User_where(session_token=Isession[u]_to_s).first</i>> color=coral1 ]
	n20 []
	n23 [label = <<i>user.is_active?</i>> ]
	n49 []
	n50 []
	n52 []
	n57 []
	n58 [label = <<i>@user.id</i>> ]
	n63 []
	n64 [label = <<i>Rails_logger.info</i>> ]
	n60 []
	n61 [label = <<i>@user.username</i>> ]
	n21 []
	n22 []
}

digraph StoriesController_hide_backward_70171479629020 {
	n13 -> n18
	n17 -> n18
	n16 -> n17
	n15 -> n16
	n14 -> n15
	n3 -> n14
	n18 [label=<<i>User.where</i>> color=crimson shape=doubleoctagon]; 
	n13 []
	n17 []
	n16 [label = <<i>session[u].to_s</i>> ]
	n15 []
	n14 [label = <<i>self.session</i>> ]
	n3 []
}

digraph StoriesController_hide_forward_70171479627720 {
	n19 -> n20
	n20 -> n23
	n23 -> n49
	n49 -> n50
	n20 -> n52
	n52 -> n57
	n57 -> n58
	n58 -> n63
	n63 -> n64
	n57 -> n60
	n60 -> n61
	n61 -> n63
	n52 -> n60
	n19 -> n21
	n21 -> n22
	n21 -> n50
	n19 [label=<<i>User_where(session_token=Isession[u]_to_s).first</i>> color=crimson shape=doubleoctagon]; 
	n20 []
	n23 [label = <<i>user.is_active?</i>> ]
	n49 []
	n50 []
	n52 []
	n57 []
	n58 [label = <<i>@user.id</i>> ]
	n63 []
	n64 [label = <<i>Rails_logger.info</i>> ]
	n60 []
	n61 [label = <<i>@user.username</i>> ]
	n21 []
	n22 []
}

digraph StoriesController_hide_backward_70171479627720 {
	n18 -> n19
	n13 -> n18
	n17 -> n18
	n16 -> n17
	n15 -> n16
	n14 -> n15
	n3 -> n14
	n19 [label=<<i>User_where(session_token=Isession[u]_to_s).first</i>> color=crimson shape=doubleoctagon]; 
	n18 [label = <<i>User.where</i>> color=coral1 ]
	n13 []
	n17 []
	n16 [label = <<i>session[u].to_s</i>> ]
	n15 []
	n14 [label = <<i>self.session</i>> ]
	n3 []
}

digraph StoriesController_hide_forward_70171479511180 {
	n122 [label=<<i>Keystore.transaction</i>> color=crimson shape=doubleoctagon]; 
}

digraph StoriesController_hide_backward_70171479511180 {
	n121 -> n122
	n72 -> n122
	n122 [label=<<i>Keystore.transaction</i>> color=crimson shape=doubleoctagon]; 
	n121 []
	n72 []
}

digraph StoriesController_hide_forward_70171479479580 {
	n156 -> n158
	n158 -> n159
	n159 -> n160
	n160 -> n164
	n159 -> n162
	n156 [label=<<i>self.lock</i>> color=crimson shape=doubleoctagon]; 
	n158 [label = <<i>self_lock(true).where</i>> color=coral1 ]
	n159 [label = <<i>%cl_1_5.first</i>> ]
	n160 []
	n164 []
	n162 []
}

digraph StoriesController_hide_backward_70171479479580 {
	n151 -> n156
	n156 [label=<<i>self.lock</i>> color=crimson shape=doubleoctagon]; 
	n151 []
}

digraph StoriesController_hide_forward_70171479477900 {
	n158 -> n159
	n159 -> n160
	n160 -> n164
	n159 -> n162
	n158 [label=<<i>self_lock(true).where</i>> color=crimson shape=doubleoctagon]; 
	n159 [label = <<i>%cl_1_5.first</i>> ]
	n160 []
	n164 []
	n162 []
}

digraph StoriesController_hide_backward_70171479477900 {
	n156 -> n158
	n151 -> n156
	n157 -> n158
	n158 [label=<<i>self_lock(true).where</i>> color=crimson shape=doubleoctagon]; 
	n156 [label = <<i>self.lock</i>> color=coral1 ]
	n151 []
	n157 []
}

digraph StoriesController_hide_forward_70171479458600 {
	n182 -> n187
	n182 [label=<<i>kv.save!</i>> color=crimson shape=doubleoctagon]; 
	n187 []
}

digraph StoriesController_hide_backward_70171479458600 {
	n178 -> n182
	n174 -> n178
	n180 -> n182
	n178 -> n180
	n182 [label=<<i>kv.save!</i>> color=crimson shape=doubleoctagon]; 
	n178 []
	n174 []
	n180 []
}

digraph StoriesController_hide_forward_70171479446740 {
	n185 [label=<<i>self.where</i>> color=crimson shape=doubleoctagon]; 
}

digraph StoriesController_hide_backward_70171479446740 {
	n185 [label=<<i>self.where</i>> color=crimson shape=doubleoctagon]; 
}

digraph StoriesController_hide_forward_70171479365920 {
	n255 [label=<<i>traffic_kv.save!</i>> color=crimson shape=doubleoctagon]; 
}

digraph StoriesController_hide_backward_70171479365920 {
	n228 -> n255
	n227 -> n228
	n226 -> n227
	n225 -> n227
	n253 -> n255
	n228 -> n253
	n233 -> n253
	n232 -> n233
	n231 -> n232
	n230 -> n231
	n227 -> n230
	n242 -> n253
	n241 -> n242
	n233 -> n241
	n240 -> n241
	n239 -> n240
	n238 -> n239
	n237 -> n239
	n236 -> n237
	n235 -> n236
	n223 -> n235
	n136 -> n223
	n131 -> n136
	n130 -> n131
	n129 -> n130
	n134 -> n136
	n135 -> n136
	n218 -> n136
	n149 -> n218
	n139 -> n149
	n218 -> n136
	n221 -> n136
	n220 -> n221
	n219 -> n220
	n132 -> n236
	n131 -> n132
	n248 -> n253
	n247 -> n248
	n246 -> n247
	n245 -> n246
	n244 -> n245
	n241 -> n244
	n255 [label=<<i>traffic_kv.save!</i>> color=crimson shape=doubleoctagon]; 
	n228 []
	n227 [label = <<i>Keystore.find_or_create_key_for_update</i>> ]
	n226 []
	n225 []
	n253 []
	n233 []
	n232 []
	n231 [label = <<i>%cl_1_12.to_i</i>> ]
	n230 [label = <<i>%cl_1_11.value</i>> ]
	n242 []
	n241 []
	n240 [label = <<i>Time_now.to_i</i>> ]
	n239 []
	n238 []
	n237 []
	n236 []
	n235 [label = <<i>date_kv.value</i>> ]
	n223 []
	n136 [label = <<i>Keystore.find_or_create_key_for_update</i>> ]
	n131 [label = <<i>Time_now.to_i</i>> ]
	n130 [label = <<i>Time.now</i>> ]
	n129 []
	n134 []
	n135 []
	n218 []
	n149 [label = <<i>self.loop</i>> ]
	n139 []
	n221 []
	n220 []
	n219 []
	n132 []
	n248 []
	n247 [label = <<i>[[100,traffic]_max,10000].min</i>> ]
	n246 []
	n245 [label = <<i>[100,traffic].max</i>> ]
	n244 []
}

digraph StoriesController_hide_forward_70171479362940 {
	n259 [label=<<i>date_kv.save!</i>> color=crimson shape=doubleoctagon]; 
}

digraph StoriesController_hide_backward_70171479362940 {
	n223 -> n259
	n136 -> n223
	n131 -> n136
	n130 -> n131
	n129 -> n130
	n134 -> n136
	n135 -> n136
	n218 -> n136
	n149 -> n218
	n139 -> n149
	n218 -> n136
	n221 -> n136
	n220 -> n221
	n219 -> n220
	n257 -> n259
	n223 -> n257
	n132 -> n257
	n131 -> n132
	n259 [label=<<i>date_kv.save!</i>> color=crimson shape=doubleoctagon]; 
	n223 []
	n136 [label = <<i>Keystore.find_or_create_key_for_update</i>> ]
	n131 [label = <<i>Time_now.to_i</i>> ]
	n130 [label = <<i>Time.now</i>> ]
	n129 []
	n134 []
	n135 []
	n218 []
	n149 [label = <<i>self.loop</i>> ]
	n139 []
	n221 []
	n220 []
	n219 []
	n257 []
	n132 []
}

digraph StoriesController_hide_forward_70171479266520 {
	n349 -> n350
	n350 -> n351
	n351 -> n371
	n371 -> n372
	n372 -> n373
	n349 [label=<<i>Story.where</i>> color=crimson shape=doubleoctagon]; 
	n350 [label = <<i>Story_where(short_id=Iparams[story_id]||params[id]).first</i>> color=coral1 ]
	n351 []
	n371 []
	n372 [label = <<i>%v_23.!</i>> ]
	n373 []
}

digraph StoriesController_hide_backward_70171479266520 {
	n341 -> n349
	n348 -> n349
	n347 -> n348
	n346 -> n347
	n345 -> n346
	n343 -> n348
	n342 -> n343
	n349 [label=<<i>Story.where</i>> color=crimson shape=doubleoctagon]; 
	n341 []
	n348 []
	n347 []
	n346 []
	n345 [label = <<i>self.params</i>> color=cyan3 ]
	n343 []
	n342 [label = <<i>self.params</i>> color=cyan3 ]
}

digraph StoriesController_hide_forward_70171479265180 {
	n350 -> n351
	n351 -> n371
	n371 -> n372
	n372 -> n373
	n350 [label=<<i>Story_where(short_id=Iparams[story_id]||params[id]).first</i>> color=crimson shape=doubleoctagon]; 
	n351 []
	n371 []
	n372 [label = <<i>%v_23.!</i>> ]
	n373 []
}

digraph StoriesController_hide_backward_70171479265180 {
	n349 -> n350
	n341 -> n349
	n348 -> n349
	n347 -> n348
	n346 -> n347
	n345 -> n346
	n343 -> n348
	n342 -> n343
	n350 [label=<<i>Story_where(short_id=Iparams[story_id]||params[id]).first</i>> color=crimson shape=doubleoctagon]; 
	n349 [label = <<i>Story.where</i>> color=coral1 ]
	n341 []
	n348 []
	n347 []
	n346 []
	n345 [label = <<i>self.params</i>> color=cyan3 ]
	n343 []
	n342 [label = <<i>self.params</i>> color=cyan3 ]
}

digraph StoriesController_hide_forward_70171479248500 {
	n365 -> n366
	n366 -> n367
	n367 -> n371
	n371 -> n372
	n372 -> n373
	n366 -> n368
	n365 [label=<<i>Story.where</i>> color=crimson shape=doubleoctagon]; 
	n366 [label = <<i>Story_where(short_id=Iparams[story_id]||params[id]).first</i>> color=coral1 ]
	n367 []
	n371 []
	n372 [label = <<i>%v_23.!</i>> ]
	n373 []
	n368 []
}

digraph StoriesController_hide_backward_70171479248500 {
	n354 -> n365
	n364 -> n365
	n356 -> n364
	n355 -> n356
	n331 -> n355
	n337 -> n355
	n331 -> n337
	n363 -> n364
	n362 -> n363
	n361 -> n362
	n359 -> n364
	n358 -> n359
	n365 [label=<<i>Story.where</i>> color=crimson shape=doubleoctagon]; 
	n354 []
	n364 []
	n356 [label = <<i>@user.id</i>> ]
	n355 []
	n331 []
	n337 []
	n363 []
	n362 []
	n361 [label = <<i>self.params</i>> color=cyan3 ]
	n359 []
	n358 [label = <<i>self.params</i>> color=cyan3 ]
}

digraph StoriesController_hide_forward_70171479247300 {
	n366 -> n367
	n367 -> n371
	n371 -> n372
	n372 -> n373
	n366 -> n368
	n366 [label=<<i>Story_where(short_id=Iparams[story_id]||params[id]).first</i>> color=crimson shape=doubleoctagon]; 
	n367 []
	n371 []
	n372 [label = <<i>%v_23.!</i>> ]
	n373 []
	n368 []
}

digraph StoriesController_hide_backward_70171479247300 {
	n365 -> n366
	n354 -> n365
	n364 -> n365
	n356 -> n364
	n355 -> n356
	n331 -> n355
	n337 -> n355
	n331 -> n337
	n363 -> n364
	n362 -> n363
	n361 -> n362
	n359 -> n364
	n358 -> n359
	n366 [label=<<i>Story_where(short_id=Iparams[story_id]||params[id]).first</i>> color=crimson shape=doubleoctagon]; 
	n365 [label = <<i>Story.where</i>> color=coral1 ]
	n354 []
	n364 []
	n356 [label = <<i>@user.id</i>> ]
	n355 []
	n331 []
	n337 []
	n363 []
	n362 []
	n361 [label = <<i>self.params</i>> color=cyan3 ]
	n359 []
	n358 [label = <<i>self.params</i>> color=cyan3 ]
}

digraph StoriesController_hide_forward_70171479198340 {
	n405 -> n406
	n406 -> n407
	n407 -> n411
	n411 -> n412
	n407 -> n417
	n417 -> n418
	n418 -> n419
	n419 -> n420
	n420 -> n421
	n421 -> n422
	n422 -> n426
	n426 -> n393
	n393 -> n428
	n428 -> n440
	n440 -> n443
	n393 -> n429
	n393 -> n430
	n430 -> n431
	n407 -> n422
	n407 -> n426
	n405 [label=<<i>Story.where</i>> color=crimson shape=doubleoctagon]; 
	n406 [label = <<i>Story_where(short_id=Iparams[story_id]).first</i>> color=coral1 ]
	n407 []
	n411 []
	n412 []
	n417 [label = <<i>story.id</i>> ]
	n418 []
	n419 [label = <<i>Vote.where</i>> color=coral1 ]
	n420 [label = <<i>Vote_where(user_id=I@user_id,story_id=Istory_id,comment_id=Inil).first</i>> color=coral1 ]
	n421 [label = <<i>%v_16.try</i>> ]
	n422 []
	n426 []
	n393 [label = <<i>self.find_story</i>> ]
	n428 []
	n440 [label = <<i>story.id</i>> ]
	n443 [label = <<i>HiddenStory.hide_story_for_user</i>> ]
	n429 []
	n430 [label = <<i>%v_3.!</i>> ]
	n431 []
}

digraph StoriesController_hide_backward_70171479198340 {
	n401 -> n405
	n404 -> n405
	n403 -> n404
	n402 -> n403
	n405 [label=<<i>Story.where</i>> color=crimson shape=doubleoctagon]; 
	n401 []
	n404 []
	n403 []
	n402 [label = <<i>self.params</i>> color=cyan3 ]
}

digraph StoriesController_hide_forward_70171479196960 {
	n406 -> n407
	n407 -> n411
	n411 -> n412
	n407 -> n417
	n417 -> n418
	n418 -> n419
	n419 -> n420
	n420 -> n421
	n421 -> n422
	n422 -> n426
	n426 -> n393
	n393 -> n428
	n428 -> n440
	n440 -> n443
	n393 -> n429
	n393 -> n430
	n430 -> n431
	n407 -> n422
	n407 -> n426
	n406 [label=<<i>Story_where(short_id=Iparams[story_id]).first</i>> color=crimson shape=doubleoctagon]; 
	n407 []
	n411 []
	n412 []
	n417 [label = <<i>story.id</i>> ]
	n418 []
	n419 [label = <<i>Vote.where</i>> color=coral1 ]
	n420 [label = <<i>Vote_where(user_id=I@user_id,story_id=Istory_id,comment_id=Inil).first</i>> color=coral1 ]
	n421 [label = <<i>%v_16.try</i>> ]
	n422 []
	n426 []
	n393 [label = <<i>self.find_story</i>> ]
	n428 []
	n440 [label = <<i>story.id</i>> ]
	n443 [label = <<i>HiddenStory.hide_story_for_user</i>> ]
	n429 []
	n430 [label = <<i>%v_3.!</i>> ]
	n431 []
}

digraph StoriesController_hide_backward_70171479196960 {
	n405 -> n406
	n401 -> n405
	n404 -> n405
	n403 -> n404
	n402 -> n403
	n406 [label=<<i>Story_where(short_id=Iparams[story_id]).first</i>> color=crimson shape=doubleoctagon]; 
	n405 [label = <<i>Story.where</i>> color=coral1 ]
	n401 []
	n404 []
	n403 []
	n402 [label = <<i>self.params</i>> color=cyan3 ]
}

digraph StoriesController_hide_forward_70171479181260 {
	n419 -> n420
	n420 -> n421
	n421 -> n422
	n422 -> n426
	n426 -> n393
	n393 -> n428
	n428 -> n440
	n440 -> n443
	n393 -> n429
	n393 -> n430
	n430 -> n431
	n419 [label=<<i>Vote.where</i>> color=crimson shape=doubleoctagon]; 
	n420 [label = <<i>Vote_where(user_id=I@user_id,story_id=Istory_id,comment_id=Inil).first</i>> color=coral1 ]
	n421 [label = <<i>%v_16.try</i>> ]
	n422 []
	n426 []
	n393 [label = <<i>self.find_story</i>> ]
	n428 []
	n440 [label = <<i>story.id</i>> ]
	n443 [label = <<i>HiddenStory.hide_story_for_user</i>> ]
	n429 []
	n430 [label = <<i>%v_3.!</i>> ]
	n431 []
}

digraph StoriesController_hide_backward_70171479181260 {
	n418 -> n419
	n417 -> n418
	n407 -> n417
	n406 -> n407
	n405 -> n406
	n401 -> n405
	n404 -> n405
	n403 -> n404
	n402 -> n403
	n416 -> n418
	n415 -> n416
	n395 -> n415
	n409 -> n415
	n395 -> n409
	n414 -> n419
	n419 [label=<<i>Vote.where</i>> color=crimson shape=doubleoctagon]; 
	n418 []
	n417 [label = <<i>story.id</i>> ]
	n407 []
	n406 [label = <<i>Story_where(short_id=Iparams[story_id]).first</i>> color=coral1 ]
	n405 [label = <<i>Story.where</i>> color=coral1 ]
	n401 []
	n404 []
	n403 []
	n402 [label = <<i>self.params</i>> color=cyan3 ]
	n416 [label = <<i>@user.id</i>> ]
	n415 []
	n395 []
	n409 []
	n414 []
}

digraph StoriesController_hide_forward_70171479179700 {
	n420 -> n421
	n421 -> n422
	n422 -> n426
	n426 -> n393
	n393 -> n428
	n428 -> n440
	n440 -> n443
	n393 -> n429
	n393 -> n430
	n430 -> n431
	n420 [label=<<i>Vote_where(user_id=I@user_id,story_id=Istory_id,comment_id=Inil).first</i>> color=crimson shape=doubleoctagon]; 
	n421 [label = <<i>%v_16.try</i>> ]
	n422 []
	n426 []
	n393 [label = <<i>self.find_story</i>> ]
	n428 []
	n440 [label = <<i>story.id</i>> ]
	n443 [label = <<i>HiddenStory.hide_story_for_user</i>> ]
	n429 []
	n430 [label = <<i>%v_3.!</i>> ]
	n431 []
}

digraph StoriesController_hide_backward_70171479179700 {
	n419 -> n420
	n418 -> n419
	n417 -> n418
	n407 -> n417
	n406 -> n407
	n405 -> n406
	n401 -> n405
	n404 -> n405
	n403 -> n404
	n402 -> n403
	n416 -> n418
	n415 -> n416
	n395 -> n415
	n409 -> n415
	n395 -> n409
	n414 -> n419
	n420 [label=<<i>Vote_where(user_id=I@user_id,story_id=Istory_id,comment_id=Inil).first</i>> color=crimson shape=doubleoctagon]; 
	n419 [label = <<i>Vote.where</i>> color=coral1 ]
	n418 []
	n417 [label = <<i>story.id</i>> ]
	n407 []
	n406 [label = <<i>Story_where(short_id=Iparams[story_id]).first</i>> color=coral1 ]
	n405 [label = <<i>Story.where</i>> color=coral1 ]
	n401 []
	n404 []
	n403 []
	n402 [label = <<i>self.params</i>> color=cyan3 ]
	n416 [label = <<i>@user.id</i>> ]
	n415 []
	n395 []
	n409 []
	n414 []
}

digraph StoriesController_hide_forward_70171479136700 {
	n456 -> n457
	n457 -> n458
	n458 -> n459
	n459 -> n443
	n456 [label=<<i>HiddenStory.where</i>> color=crimson shape=doubleoctagon]; 
	n457 [label = <<i>HiddenStory_where(user_id=Iuser_id,story_id=Istory_id).first_or_initialize</i>> color=coral1 ]
	n458 [label = <<i>%v_6.save!</i>> ]
	n459 []
	n443 [label = <<i>HiddenStory.hide_story_for_user</i>> ]
}

digraph StoriesController_hide_backward_70171479136700 {
	n455 -> n456
	n452 -> n455
	n451 -> n455
	n454 -> n456
	n456 [label=<<i>HiddenStory.where</i>> color=crimson shape=doubleoctagon]; 
	n455 []
	n452 []
	n451 []
	n454 []
}

digraph StoriesController_hide_forward_70171479135260 {
	n457 -> n458
	n458 -> n459
	n459 -> n443
	n457 [label=<<i>HiddenStory_where(user_id=Iuser_id,story_id=Istory_id).first_or_initialize</i>> color=crimson shape=doubleoctagon]; 
	n458 [label = <<i>%v_6.save!</i>> ]
	n459 []
	n443 [label = <<i>HiddenStory.hide_story_for_user</i>> ]
}

digraph StoriesController_hide_backward_70171479135260 {
	n456 -> n457
	n455 -> n456
	n452 -> n455
	n451 -> n455
	n454 -> n456
	n457 [label=<<i>HiddenStory_where(user_id=Iuser_id,story_id=Istory_id).first_or_initialize</i>> color=crimson shape=doubleoctagon]; 
	n456 [label = <<i>HiddenStory.where</i>> color=coral1 ]
	n455 []
	n452 []
	n451 []
	n454 []
}

