	User_is_banned__BB1 -> User_is_banned__BB3 [ color=blue ];
	User_is_banned__BB1 -> User_is_banned__BB2 [ color=blue ];
	User_is_banned__BB2 -> User_is_banned__BB3 [ color=blue ];
	User_is_active__BB1 -> User_is_active__BB5 [ color=blue ];
	User_is_active__BB1 -> User_is_active__BB2 [ color=blue ];
	User_is_active__BB2 -> User_is_active__BB3 [ color=blue ];
	User_is_active__BB2 -> User_is_active__BB4 [ color=blue ];
	User_is_active__BB3 -> User_is_active__BB4 [ color=blue ];
	User_is_active__BB4 -> User_is_active__BB5 [ color=blue ];
	ApplicationController_authenticate_user__BB1 -> ApplicationController_authenticate_user__BB10 [ color=blue ];
	ApplicationController_authenticate_user__BB1 -> ApplicationController_authenticate_user__BB2 [ color=blue ];
	ApplicationController_authenticate_user__BB2 -> ApplicationController_authenticate_user__BB3 [ color=blue ];
	ApplicationController_authenticate_user__BB2 -> ApplicationController_authenticate_user__BB4 [ color=blue ];
	ApplicationController_authenticate_user__BB3 -> ApplicationController_authenticate_user__BB4 [ color=blue ];
	ApplicationController_authenticate_user__BB4 -> ApplicationController_authenticate_user__BB5 [ color=blue ];
	ApplicationController_authenticate_user__BB4 -> ApplicationController_authenticate_user__BB6 [ color=blue ];
	ApplicationController_authenticate_user__BB5 -> ApplicationController_authenticate_user__BB6 [ color=blue ];
	ApplicationController_authenticate_user__BB6 -> ApplicationController_authenticate_user__BB7 [ color=blue ];
	ApplicationController_authenticate_user__BB6 -> ApplicationController_authenticate_user__BB8 [ color=blue ];
	ApplicationController_authenticate_user__BB7 -> ApplicationController_authenticate_user__BB9 [ color=blue ];
	ApplicationController_authenticate_user__BB8 -> ApplicationController_authenticate_user__BB9 [ color=blue ];
	ApplicationController_authenticate_user__BB9 -> ApplicationController_authenticate_user__BB10 [ color=blue ];
	ApplicationController_user_is_spider__BB1 -> ApplicationController_user_is_spider__BB5 [ color=blue ];
	ApplicationController_user_is_spider__BB1 -> ApplicationController_user_is_spider__BB2 [ color=blue ];
	ApplicationController_user_is_spider__BB2 -> ApplicationController_user_is_spider__BB3 [ color=blue ];
	ApplicationController_user_is_spider__BB2 -> ApplicationController_user_is_spider__BB4 [ color=blue ];
	ApplicationController_user_is_spider__BB3 -> ApplicationController_user_is_spider__BB5 [ color=blue ];
	ApplicationController_user_is_spider__BB4 -> ApplicationController_user_is_spider__BB5 [ color=blue ];
	Keystore_find_or_create_key_for_update_695054_closure0_BB1 -> Keystore_find_or_create_key_for_update_695054_closure0_BB8 [ color=blue ];
	Keystore_find_or_create_key_for_update_695054_closure0_BB1 -> Keystore_find_or_create_key_for_update_695054_closure0_BB2 [ color=blue ];
	Keystore_find_or_create_key_for_update_695054_closure0_BB2 -> Keystore_find_or_create_key_for_update_695054_closure0_BB4 [ color=blue ];
	Keystore_find_or_create_key_for_update_695054_closure0_BB2 -> Keystore_find_or_create_key_for_update_695054_closure0_BB5 [ color=blue ];
	Keystore_find_or_create_key_for_update_695054_closure0_BB2 -> Keystore_find_or_create_key_for_update_695054_closure0_BB6 [ color=blue ];
	Keystore_find_or_create_key_for_update_695054_closure0_BB4 -> Keystore_find_or_create_key_for_update_695054_closure0_BB5 [ color=blue ];
	Keystore_find_or_create_key_for_update_695054_closure0_BB5 -> Keystore_find_or_create_key_for_update_695054_closure0_BB6 [ color=blue ];
	Keystore_find_or_create_key_for_update_695054_closure0_BB5 -> Keystore_find_or_create_key_for_update_695054_closure0_BB8 [ color=blue ];
	Keystore_find_or_create_key_for_update_695054_closure0_BB5:f0 -> Keystore_find_or_create_key_for_update_339334_closure0_closure1_BB1 [color=blue ];
	Keystore_find_or_create_key_for_update_339334_closure0_closure1_BB20:f0 -> Keystore_find_or_create_key_for_update_695054_closure0_BB5 [color=blue ];
	Keystore_find_or_create_key_for_update_339334_closure0_closure1_BB1 -> Keystore_find_or_create_key_for_update_339334_closure0_closure1_BB20 [ color=blue ];
	Keystore_find_or_create_key_for_update_339334_closure0_closure1_BB1 -> Keystore_find_or_create_key_for_update_339334_closure0_closure1_BB2 [ color=blue ];
	Keystore_find_or_create_key_for_update_339334_closure0_closure1_BB2 -> Keystore_find_or_create_key_for_update_339334_closure0_closure1_BB3 [ color=blue ];
	Keystore_find_or_create_key_for_update_339334_closure0_closure1_BB3 -> Keystore_find_or_create_key_for_update_339334_closure0_closure1_BB4 [ color=blue ];
	Keystore_find_or_create_key_for_update_339334_closure0_closure1_BB3 -> Keystore_find_or_create_key_for_update_339334_closure0_closure1_BB5 [ color=blue ];
	Keystore_find_or_create_key_for_update_339334_closure0_closure1_BB3 -> Keystore_find_or_create_key_for_update_339334_closure0_closure1_BB18 [ color=blue ];
	Keystore_find_or_create_key_for_update_339334_closure0_closure1_BB4 -> Keystore_find_or_create_key_for_update_339334_closure0_closure1_BB18 [ color=blue ];
	Keystore_find_or_create_key_for_update_339334_closure0_closure1_BB4 -> Keystore_find_or_create_key_for_update_339334_closure0_closure1_BB20 [ color=blue ];
	Keystore_find_or_create_key_for_update_339334_closure0_closure1_BB5 -> Keystore_find_or_create_key_for_update_339334_closure0_closure1_BB7 [ color=blue ];
	Keystore_find_or_create_key_for_update_339334_closure0_closure1_BB7 -> Keystore_find_or_create_key_for_update_339334_closure0_closure1_BB9 [ color=blue ];
	Keystore_find_or_create_key_for_update_339334_closure0_closure1_BB7 -> Keystore_find_or_create_key_for_update_339334_closure0_closure1_BB10 [ color=blue ];
	Keystore_find_or_create_key_for_update_339334_closure0_closure1_BB7:f0 -> Keystore_find_or_create_key_for_update_662770_closure0_closure1_closure2_BB1 [color=blue ];
	Keystore_find_or_create_key_for_update_662770_closure0_closure1_closure2_BB6:f0 -> Keystore_find_or_create_key_for_update_339334_closure0_closure1_BB7 [color=blue ];
	Keystore_find_or_create_key_for_update_662770_closure0_closure1_closure2_BB1 -> Keystore_find_or_create_key_for_update_662770_closure0_closure1_closure2_BB6 [ color=blue ];
	Keystore_find_or_create_key_for_update_662770_closure0_closure1_closure2_BB1 -> Keystore_find_or_create_key_for_update_662770_closure0_closure1_closure2_BB2 [ color=blue ];
	Keystore_find_or_create_key_for_update_662770_closure0_closure1_closure2_BB2 -> Keystore_find_or_create_key_for_update_662770_closure0_closure1_closure2_BB3 [ color=blue ];
	Keystore_find_or_create_key_for_update_662770_closure0_closure1_closure2_BB3 -> Keystore_find_or_create_key_for_update_662770_closure0_closure1_closure2_BB4 [ color=blue ];
	Keystore_find_or_create_key_for_update_662770_closure0_closure1_closure2_BB3 -> Keystore_find_or_create_key_for_update_662770_closure0_closure1_closure2_BB6 [ color=blue ];
	Keystore_find_or_create_key_for_update_662770_closure0_closure1_closure2_BB4 -> Keystore_find_or_create_key_for_update_662770_closure0_closure1_closure2_BB6 [ color=blue ];
	Keystore_find_or_create_key_for_update_662770_closure0_closure1_closure2_BB6 -> Keystore_find_or_create_key_for_update_662770_closure0_closure1_closure2_BB1 [color=blue ];
	Keystore_find_or_create_key_for_update_339334_closure0_closure1_BB9 -> Keystore_find_or_create_key_for_update_339334_closure0_closure1_BB17 [ color=blue ];
	Keystore_find_or_create_key_for_update_339334_closure0_closure1_BB10 -> Keystore_find_or_create_key_for_update_339334_closure0_closure1_BB11 [ color=blue ];
	Keystore_find_or_create_key_for_update_339334_closure0_closure1_BB10 -> Keystore_find_or_create_key_for_update_339334_closure0_closure1_BB12 [ color=blue ];
	Keystore_find_or_create_key_for_update_339334_closure0_closure1_BB10 -> Keystore_find_or_create_key_for_update_339334_closure0_closure1_BB16 [ color=blue ];
	Keystore_find_or_create_key_for_update_339334_closure0_closure1_BB11 -> Keystore_find_or_create_key_for_update_339334_closure0_closure1_BB12 [ color=blue ];
	Keystore_find_or_create_key_for_update_339334_closure0_closure1_BB11 -> Keystore_find_or_create_key_for_update_339334_closure0_closure1_BB16 [ color=blue ];
	Keystore_find_or_create_key_for_update_339334_closure0_closure1_BB12 -> Keystore_find_or_create_key_for_update_339334_closure0_closure1_BB13 [ color=blue ];
	Keystore_find_or_create_key_for_update_339334_closure0_closure1_BB12 -> Keystore_find_or_create_key_for_update_339334_closure0_closure1_BB14 [ color=blue ];
	Keystore_find_or_create_key_for_update_339334_closure0_closure1_BB12 -> Keystore_find_or_create_key_for_update_339334_closure0_closure1_BB16 [ color=blue ];
	Keystore_find_or_create_key_for_update_339334_closure0_closure1_BB13 -> Keystore_find_or_create_key_for_update_339334_closure0_closure1_BB16 [ color=blue ];
	Keystore_find_or_create_key_for_update_339334_closure0_closure1_BB13 -> Keystore_find_or_create_key_for_update_339334_closure0_closure1_BB20 [ color=blue ];
	Keystore_find_or_create_key_for_update_339334_closure0_closure1_BB14 -> Keystore_find_or_create_key_for_update_339334_closure0_closure1_BB15 [ color=blue ];
	Keystore_find_or_create_key_for_update_339334_closure0_closure1_BB14 -> Keystore_find_or_create_key_for_update_339334_closure0_closure1_BB16 [ color=blue ];
	Keystore_find_or_create_key_for_update_339334_closure0_closure1_BB15 -> Keystore_find_or_create_key_for_update_339334_closure0_closure1_BB17 [ color=blue ];
	Keystore_find_or_create_key_for_update_339334_closure0_closure1_BB16 -> Keystore_find_or_create_key_for_update_339334_closure0_closure1_BB18 [ color=blue ];
	Keystore_find_or_create_key_for_update_339334_closure0_closure1_BB16 -> Keystore_find_or_create_key_for_update_339334_closure0_closure1_BB20 [ color=blue ];
	Keystore_find_or_create_key_for_update_339334_closure0_closure1_BB17 -> Keystore_find_or_create_key_for_update_339334_closure0_closure1_BB20 [ color=blue ];
	Keystore_find_or_create_key_for_update_339334_closure0_closure1_BB18 -> Keystore_find_or_create_key_for_update_339334_closure0_closure1_BB20 [ color=blue ];
	Keystore_find_or_create_key_for_update_339334_closure0_closure1_BB20 -> Keystore_find_or_create_key_for_update_339334_closure0_closure1_BB1 [color=blue ];
	Keystore_find_or_create_key_for_update_695054_closure0_BB6 -> Keystore_find_or_create_key_for_update_695054_closure0_BB8 [ color=blue ];
	ApplicationController_increase_traffic_counter__BB1 -> ApplicationController_increase_traffic_counter__BB8 [ color=blue ];
	ApplicationController_increase_traffic_counter__BB1 -> ApplicationController_increase_traffic_counter__BB2 [ color=blue ];
	ApplicationController_increase_traffic_counter__BB2 -> ApplicationController_increase_traffic_counter__BB3 [ color=blue ];
	ApplicationController_increase_traffic_counter__BB2 -> ApplicationController_increase_traffic_counter__BB4 [ color=blue ];
	ApplicationController_increase_traffic_counter__BB3 -> ApplicationController_increase_traffic_counter__BB4 [ color=blue ];
	ApplicationController_increase_traffic_counter__BB4 -> ApplicationController_increase_traffic_counter__BB5 [ color=blue ];
	ApplicationController_increase_traffic_counter__BB4 -> ApplicationController_increase_traffic_counter__BB6 [ color=blue ];
	ApplicationController_increase_traffic_counter__BB5 -> ApplicationController_increase_traffic_counter__BB8 [ color=blue ];
	ApplicationController_increase_traffic_counter__BB6 -> ApplicationController_increase_traffic_counter__BB8 [ color=blue ];
	ApplicationController_increase_traffic_counter__BB6:f0 -> ApplicationController_increase_traffic_counter_695054_closure0_BB1 [color=blue ];
	ApplicationController_increase_traffic_counter_695054_closure0_BB6:f0 -> ApplicationController_increase_traffic_counter__BB6 [color=blue ];
	ApplicationController_increase_traffic_counter_695054_closure0_BB1 -> ApplicationController_increase_traffic_counter_695054_closure0_BB6 [ color=blue ];
	ApplicationController_increase_traffic_counter_695054_closure0_BB1 -> ApplicationController_increase_traffic_counter_695054_closure0_BB2 [ color=blue ];
	ApplicationController_increase_traffic_counter_695054_closure0_BB2 -> ApplicationController_increase_traffic_counter_695054_closure0_BB3 [ color=blue ];
	ApplicationController_increase_traffic_counter_695054_closure0_BB3 -> ApplicationController_increase_traffic_counter_695054_closure0_BB4 [ color=blue ];
	ApplicationController_increase_traffic_counter_695054_closure0_BB3 -> ApplicationController_increase_traffic_counter_695054_closure0_BB6 [ color=blue ];
	ApplicationController_increase_traffic_counter_695054_closure0_BB4 -> ApplicationController_increase_traffic_counter_695054_closure0_BB6 [ color=blue ];
	ApplicationController_increase_traffic_counter_695054_closure0_BB6 -> ApplicationController_increase_traffic_counter_695054_closure0_BB1 [color=blue ];
	CommentsController_find_comment__BB1 -> CommentsController_find_comment__BB8 [ color=blue ];
	CommentsController_find_comment__BB1 -> CommentsController_find_comment__BB2 [ color=blue ];
	CommentsController_find_comment__BB2 -> CommentsController_find_comment__BB3 [ color=blue ];
	CommentsController_find_comment__BB2 -> CommentsController_find_comment__BB4 [ color=blue ];
	CommentsController_find_comment__BB3 -> CommentsController_find_comment__BB4 [ color=blue ];
	CommentsController_find_comment__BB4 -> CommentsController_find_comment__BB5 [ color=blue ];
	CommentsController_find_comment__BB4 -> CommentsController_find_comment__BB6 [ color=blue ];
	CommentsController_find_comment__BB5 -> CommentsController_find_comment__BB7 [ color=blue ];
	CommentsController_find_comment__BB6 -> CommentsController_find_comment__BB7 [ color=blue ];
	CommentsController_find_comment__BB7 -> CommentsController_find_comment__BB8 [ color=blue ];
	Comment_plaintext_comment_191819_closure0_closure1_BB1 -> Comment_plaintext_comment_191819_closure0_closure1_BB3 [ color=blue ];
	Comment_plaintext_comment_191819_closure0_closure1_BB1 -> Comment_plaintext_comment_191819_closure0_closure1_BB2 [ color=blue ];
	Comment_plaintext_comment_191819_closure0_closure1_BB2 -> Comment_plaintext_comment_191819_closure0_closure1_BB3 [ color=blue ];
	User_pushover_191819_closure0_closure1_BB1 -> User_pushover_191819_closure0_closure1_BB6 [ color=blue ];
	User_pushover_191819_closure0_closure1_BB1 -> User_pushover_191819_closure0_closure1_BB2 [ color=blue ];
	User_pushover_191819_closure0_closure1_BB2 -> User_pushover_191819_closure0_closure1_BB3 [ color=blue ];
	User_pushover_191819_closure0_closure1_BB2 -> User_pushover_191819_closure0_closure1_BB4 [ color=blue ];
	User_pushover_191819_closure0_closure1_BB3 -> User_pushover_191819_closure0_closure1_BB6 [ color=blue ];
	User_pushover_191819_closure0_closure1_BB4 -> User_pushover_191819_closure0_closure1_BB6 [ color=blue ];
	Comment_deliver_reply_notifications_191819_closure0_closure1_BB1 -> Comment_deliver_reply_notifications_191819_closure0_closure1_BB25 [ color=blue ];
	Comment_deliver_reply_notifications_191819_closure0_closure1_BB1 -> Comment_deliver_reply_notifications_191819_closure0_closure1_BB2 [ color=blue ];
	Comment_deliver_reply_notifications_191819_closure0_closure1_BB2 -> Comment_deliver_reply_notifications_191819_closure0_closure1_BB3 [ color=blue ];
	Comment_deliver_reply_notifications_191819_closure0_closure1_BB2 -> Comment_deliver_reply_notifications_191819_closure0_closure1_BB4 [ color=blue ];
	Comment_deliver_reply_notifications_191819_closure0_closure1_BB3 -> Comment_deliver_reply_notifications_191819_closure0_closure1_BB4 [ color=blue ];
	Comment_deliver_reply_notifications_191819_closure0_closure1_BB4 -> Comment_deliver_reply_notifications_191819_closure0_closure1_BB5 [ color=blue ];
	Comment_deliver_reply_notifications_191819_closure0_closure1_BB4 -> Comment_deliver_reply_notifications_191819_closure0_closure1_BB6 [ color=blue ];
	Comment_deliver_reply_notifications_191819_closure0_closure1_BB5 -> Comment_deliver_reply_notifications_191819_closure0_closure1_BB6 [ color=blue ];
	Comment_deliver_reply_notifications_191819_closure0_closure1_BB6 -> Comment_deliver_reply_notifications_191819_closure0_closure1_BB7 [ color=blue ];
	Comment_deliver_reply_notifications_191819_closure0_closure1_BB6 -> Comment_deliver_reply_notifications_191819_closure0_closure1_BB23 [ color=blue ];
	Comment_deliver_reply_notifications_191819_closure0_closure1_BB7 -> Comment_deliver_reply_notifications_191819_closure0_closure1_BB8 [ color=blue ];
	Comment_deliver_reply_notifications_191819_closure0_closure1_BB7 -> Comment_deliver_reply_notifications_191819_closure0_closure1_BB18 [ color=blue ];
	Comment_deliver_reply_notifications_191819_closure0_closure1_BB8 -> Comment_deliver_reply_notifications_191819_closure0_closure1_BB10 [ color=blue ];
	Comment_deliver_reply_notifications_191819_closure0_closure1_BB10 -> Comment_deliver_reply_notifications_191819_closure0_closure1_BB11 [ color=blue ];
	Comment_deliver_reply_notifications_191819_closure0_closure1_BB10 -> Comment_deliver_reply_notifications_191819_closure0_closure1_BB12 [ color=blue ];
	Comment_deliver_reply_notifications_191819_closure0_closure1_BB11 -> Comment_deliver_reply_notifications_191819_closure0_closure1_BB17 [ color=blue ];
	Comment_deliver_reply_notifications_191819_closure0_closure1_BB12 -> Comment_deliver_reply_notifications_191819_closure0_closure1_BB13 [ color=blue ];
	Comment_deliver_reply_notifications_191819_closure0_closure1_BB12 -> Comment_deliver_reply_notifications_191819_closure0_closure1_BB14 [ color=blue ];
	Comment_deliver_reply_notifications_191819_closure0_closure1_BB12 -> Comment_deliver_reply_notifications_191819_closure0_closure1_BB16 [ color=blue ];
	Comment_deliver_reply_notifications_191819_closure0_closure1_BB13 -> Comment_deliver_reply_notifications_191819_closure0_closure1_BB16 [ color=blue ];
	Comment_deliver_reply_notifications_191819_closure0_closure1_BB13 -> Comment_deliver_reply_notifications_191819_closure0_closure1_BB25 [ color=blue ];
	Comment_deliver_reply_notifications_191819_closure0_closure1_BB14 -> Comment_deliver_reply_notifications_191819_closure0_closure1_BB15 [ color=blue ];
	Comment_deliver_reply_notifications_191819_closure0_closure1_BB14 -> Comment_deliver_reply_notifications_191819_closure0_closure1_BB16 [ color=blue ];
	Comment_deliver_reply_notifications_191819_closure0_closure1_BB15 -> Comment_deliver_reply_notifications_191819_closure0_closure1_BB17 [ color=blue ];
	Comment_deliver_reply_notifications_191819_closure0_closure1_BB16 -> Comment_deliver_reply_notifications_191819_closure0_closure1_BB25 [ color=blue ];
	Comment_deliver_reply_notifications_191819_closure0_closure1_BB17 -> Comment_deliver_reply_notifications_191819_closure0_closure1_BB19 [ color=blue ];
	Comment_deliver_reply_notifications_191819_closure0_closure1_BB18 -> Comment_deliver_reply_notifications_191819_closure0_closure1_BB19 [ color=blue ];
	Comment_deliver_reply_notifications_191819_closure0_closure1_BB19 -> Comment_deliver_reply_notifications_191819_closure0_closure1_BB20 [ color=blue ];
	Comment_deliver_reply_notifications_191819_closure0_closure1_BB19 -> Comment_deliver_reply_notifications_191819_closure0_closure1_BB21 [ color=blue ];
	Comment_deliver_reply_notifications_191819_closure0_closure1_BB20 -> Comment_deliver_reply_notifications_191819_closure0_closure1_BB22 [ color=blue ];
	Comment_deliver_reply_notifications_191819_closure0_closure1_BB21 -> Comment_deliver_reply_notifications_191819_closure0_closure1_BB22 [ color=blue ];
	Comment_deliver_reply_notifications_191819_closure0_closure1_BB22 -> Comment_deliver_reply_notifications_191819_closure0_closure1_BB25 [ color=blue ];
	Comment_deliver_reply_notifications_191819_closure0_closure1_BB23 -> Comment_deliver_reply_notifications_191819_closure0_closure1_BB25 [ color=blue ];
	Comment_deliver_mention_notifications_191819_closure0_closure1_BB1 -> Comment_deliver_mention_notifications_191819_closure0_closure1_BB3 [ color=blue ];
	Comment_deliver_mention_notifications_191819_closure0_closure1_BB1 -> Comment_deliver_mention_notifications_191819_closure0_closure1_BB2 [ color=blue ];
	Comment_deliver_mention_notifications_191819_closure0_closure1_BB2 -> Comment_deliver_mention_notifications_191819_closure0_closure1_BB3 [ color=blue ];
	Comment_deliver_mention_notifications_191819_closure0_closure1_BB2:f2 -> Comment_deliver_mention_notifications_500609_closure0_closure1_closure2_BB1 [color=blue ];
	Comment_deliver_mention_notifications_500609_closure0_closure1_closure2_BB27:f0 -> Comment_deliver_mention_notifications_191819_closure0_closure1_BB2 [color=blue ];
	Comment_deliver_mention_notifications_500609_closure0_closure1_closure2_BB1 -> Comment_deliver_mention_notifications_500609_closure0_closure1_closure2_BB27 [ color=blue ];
	Comment_deliver_mention_notifications_500609_closure0_closure1_closure2_BB1 -> Comment_deliver_mention_notifications_500609_closure0_closure1_closure2_BB2 [ color=blue ];
	Comment_deliver_mention_notifications_500609_closure0_closure1_closure2_BB2 -> Comment_deliver_mention_notifications_500609_closure0_closure1_closure2_BB3 [ color=blue ];
	Comment_deliver_mention_notifications_500609_closure0_closure1_closure2_BB3 -> Comment_deliver_mention_notifications_500609_closure0_closure1_closure2_BB4 [ color=blue ];
	Comment_deliver_mention_notifications_500609_closure0_closure1_closure2_BB3 -> Comment_deliver_mention_notifications_500609_closure0_closure1_closure2_BB23 [ color=blue ];
	Comment_deliver_mention_notifications_500609_closure0_closure1_closure2_BB3 -> Comment_deliver_mention_notifications_500609_closure0_closure1_closure2_BB25 [ color=blue ];
	Comment_deliver_mention_notifications_500609_closure0_closure1_closure2_BB4 -> Comment_deliver_mention_notifications_500609_closure0_closure1_closure2_BB5 [ color=blue ];
	Comment_deliver_mention_notifications_500609_closure0_closure1_closure2_BB4 -> Comment_deliver_mention_notifications_500609_closure0_closure1_closure2_BB6 [ color=blue ];
	Comment_deliver_mention_notifications_500609_closure0_closure1_closure2_BB4 -> Comment_deliver_mention_notifications_500609_closure0_closure1_closure2_BB25 [ color=blue ];
	Comment_deliver_mention_notifications_500609_closure0_closure1_closure2_BB5 -> Comment_deliver_mention_notifications_500609_closure0_closure1_closure2_BB25 [ color=blue ];
	Comment_deliver_mention_notifications_500609_closure0_closure1_closure2_BB5 -> Comment_deliver_mention_notifications_500609_closure0_closure1_closure2_BB27 [ color=blue ];
	Comment_deliver_mention_notifications_500609_closure0_closure1_closure2_BB6 -> Comment_deliver_mention_notifications_500609_closure0_closure1_closure2_BB7 [ color=blue ];
	Comment_deliver_mention_notifications_500609_closure0_closure1_closure2_BB7 -> Comment_deliver_mention_notifications_500609_closure0_closure1_closure2_BB8 [ color=blue ];
	Comment_deliver_mention_notifications_500609_closure0_closure1_closure2_BB7 -> Comment_deliver_mention_notifications_500609_closure0_closure1_closure2_BB18 [ color=blue ];
	Comment_deliver_mention_notifications_500609_closure0_closure1_closure2_BB7 -> Comment_deliver_mention_notifications_500609_closure0_closure1_closure2_BB25 [ color=blue ];
	Comment_deliver_mention_notifications_500609_closure0_closure1_closure2_BB8 -> Comment_deliver_mention_notifications_500609_closure0_closure1_closure2_BB10 [ color=blue ];
	Comment_deliver_mention_notifications_500609_closure0_closure1_closure2_BB10 -> Comment_deliver_mention_notifications_500609_closure0_closure1_closure2_BB11 [ color=blue ];
	Comment_deliver_mention_notifications_500609_closure0_closure1_closure2_BB10 -> Comment_deliver_mention_notifications_500609_closure0_closure1_closure2_BB12 [ color=blue ];
	Comment_deliver_mention_notifications_500609_closure0_closure1_closure2_BB11 -> Comment_deliver_mention_notifications_500609_closure0_closure1_closure2_BB17 [ color=blue ];
	Comment_deliver_mention_notifications_500609_closure0_closure1_closure2_BB12 -> Comment_deliver_mention_notifications_500609_closure0_closure1_closure2_BB13 [ color=blue ];
	Comment_deliver_mention_notifications_500609_closure0_closure1_closure2_BB12 -> Comment_deliver_mention_notifications_500609_closure0_closure1_closure2_BB14 [ color=blue ];
	Comment_deliver_mention_notifications_500609_closure0_closure1_closure2_BB12 -> Comment_deliver_mention_notifications_500609_closure0_closure1_closure2_BB16 [ color=blue ];
	Comment_deliver_mention_notifications_500609_closure0_closure1_closure2_BB13 -> Comment_deliver_mention_notifications_500609_closure0_closure1_closure2_BB16 [ color=blue ];
	Comment_deliver_mention_notifications_500609_closure0_closure1_closure2_BB13 -> Comment_deliver_mention_notifications_500609_closure0_closure1_closure2_BB27 [ color=blue ];
	Comment_deliver_mention_notifications_500609_closure0_closure1_closure2_BB14 -> Comment_deliver_mention_notifications_500609_closure0_closure1_closure2_BB15 [ color=blue ];
	Comment_deliver_mention_notifications_500609_closure0_closure1_closure2_BB14 -> Comment_deliver_mention_notifications_500609_closure0_closure1_closure2_BB16 [ color=blue ];
	Comment_deliver_mention_notifications_500609_closure0_closure1_closure2_BB15 -> Comment_deliver_mention_notifications_500609_closure0_closure1_closure2_BB17 [ color=blue ];
	Comment_deliver_mention_notifications_500609_closure0_closure1_closure2_BB16 -> Comment_deliver_mention_notifications_500609_closure0_closure1_closure2_BB25 [ color=blue ];
	Comment_deliver_mention_notifications_500609_closure0_closure1_closure2_BB16 -> Comment_deliver_mention_notifications_500609_closure0_closure1_closure2_BB27 [ color=blue ];
	Comment_deliver_mention_notifications_500609_closure0_closure1_closure2_BB17 -> Comment_deliver_mention_notifications_500609_closure0_closure1_closure2_BB19 [ color=blue ];
	Comment_deliver_mention_notifications_500609_closure0_closure1_closure2_BB18 -> Comment_deliver_mention_notifications_500609_closure0_closure1_closure2_BB19 [ color=blue ];
	Comment_deliver_mention_notifications_500609_closure0_closure1_closure2_BB19 -> Comment_deliver_mention_notifications_500609_closure0_closure1_closure2_BB20 [ color=blue ];
	Comment_deliver_mention_notifications_500609_closure0_closure1_closure2_BB19 -> Comment_deliver_mention_notifications_500609_closure0_closure1_closure2_BB21 [ color=blue ];
	Comment_deliver_mention_notifications_500609_closure0_closure1_closure2_BB19 -> Comment_deliver_mention_notifications_500609_closure0_closure1_closure2_BB25 [ color=blue ];
	Comment_deliver_mention_notifications_500609_closure0_closure1_closure2_BB20 -> Comment_deliver_mention_notifications_500609_closure0_closure1_closure2_BB22 [ color=blue ];
	Comment_deliver_mention_notifications_500609_closure0_closure1_closure2_BB20 -> Comment_deliver_mention_notifications_500609_closure0_closure1_closure2_BB25 [ color=blue ];
	Comment_deliver_mention_notifications_500609_closure0_closure1_closure2_BB21 -> Comment_deliver_mention_notifications_500609_closure0_closure1_closure2_BB22 [ color=blue ];
	Comment_deliver_mention_notifications_500609_closure0_closure1_closure2_BB22 -> Comment_deliver_mention_notifications_500609_closure0_closure1_closure2_BB27 [ color=blue ];
	Comment_deliver_mention_notifications_500609_closure0_closure1_closure2_BB23 -> Comment_deliver_mention_notifications_500609_closure0_closure1_closure2_BB27 [ color=blue ];
	Comment_deliver_mention_notifications_500609_closure0_closure1_closure2_BB25 -> Comment_deliver_mention_notifications_500609_closure0_closure1_closure2_BB27 [ color=blue ];
	Comment_deliver_mention_notifications_500609_closure0_closure1_closure2_BB27 -> Comment_deliver_mention_notifications_500609_closure0_closure1_closure2_BB1 [color=blue ];
	Comment_log_to_countinual_191819_closure0_closure1_BB1 -> Comment_log_to_countinual_191819_closure0_closure1_BB3 [ color=blue ];
	Comment_log_to_countinual_191819_closure0_closure1_BB1 -> Comment_log_to_countinual_191819_closure0_closure1_BB2 [ color=blue ];
	Comment_log_to_countinual_191819_closure0_closure1_BB2 -> Comment_log_to_countinual_191819_closure0_closure1_BB3 [ color=blue ];
	Comment_score_631257_closure0_BB1 -> Comment_score_631257_closure0_BB3 [ color=blue ];
	Comment_score_631257_closure0_BB1 -> Comment_score_631257_closure0_BB2 [ color=blue ];
	Comment_score_631257_closure0_BB2 -> Comment_score_631257_closure0_BB3 [ color=blue ];
	Comment_is_gone_631257_closure0_BB1 -> Comment_is_gone_631257_closure0_BB5 [ color=blue ];
	Comment_is_gone_631257_closure0_BB1 -> Comment_is_gone_631257_closure0_BB2 [ color=blue ];
	Comment_is_gone_631257_closure0_BB2 -> Comment_is_gone_631257_closure0_BB3 [ color=blue ];
	Comment_is_gone_631257_closure0_BB2 -> Comment_is_gone_631257_closure0_BB4 [ color=blue ];
	Comment_is_gone_631257_closure0_BB3 -> Comment_is_gone_631257_closure0_BB5 [ color=blue ];
	Comment_is_gone_631257_closure0_BB4 -> Comment_is_gone_631257_closure0_BB5 [ color=blue ];
	User_can_downvote_631257_closure0_BB1 -> User_can_downvote_631257_closure0_BB24 [ color=blue ];
	User_can_downvote_631257_closure0_BB1 -> User_can_downvote_631257_closure0_BB2 [ color=blue ];
	User_can_downvote_631257_closure0_BB2 -> User_can_downvote_631257_closure0_BB3 [ color=blue ];
	User_can_downvote_631257_closure0_BB2 -> User_can_downvote_631257_closure0_BB4 [ color=blue ];
	User_can_downvote_631257_closure0_BB3 -> User_can_downvote_631257_closure0_BB24 [ color=blue ];
	User_can_downvote_631257_closure0_BB4 -> User_can_downvote_631257_closure0_BB5 [ color=blue ];
	User_can_downvote_631257_closure0_BB4 -> User_can_downvote_631257_closure0_BB12 [ color=blue ];
	User_can_downvote_631257_closure0_BB5 -> User_can_downvote_631257_closure0_BB6 [ color=blue ];
	User_can_downvote_631257_closure0_BB5 -> User_can_downvote_631257_closure0_BB7 [ color=blue ];
	User_can_downvote_631257_closure0_BB6 -> User_can_downvote_631257_closure0_BB24 [ color=blue ];
	User_can_downvote_631257_closure0_BB7 -> User_can_downvote_631257_closure0_BB8 [ color=blue ];
	User_can_downvote_631257_closure0_BB7 -> User_can_downvote_631257_closure0_BB9 [ color=blue ];
	User_can_downvote_631257_closure0_BB8 -> User_can_downvote_631257_closure0_BB24 [ color=blue ];
	User_can_downvote_631257_closure0_BB9 -> User_can_downvote_631257_closure0_BB11 [ color=blue ];
	User_can_downvote_631257_closure0_BB11 -> User_can_downvote_631257_closure0_BB22 [ color=blue ];
	User_can_downvote_631257_closure0_BB12 -> User_can_downvote_631257_closure0_BB13 [ color=blue ];
	User_can_downvote_631257_closure0_BB12 -> User_can_downvote_631257_closure0_BB20 [ color=blue ];
	User_can_downvote_631257_closure0_BB13 -> User_can_downvote_631257_closure0_BB14 [ color=blue ];
	User_can_downvote_631257_closure0_BB13 -> User_can_downvote_631257_closure0_BB15 [ color=blue ];
	User_can_downvote_631257_closure0_BB14 -> User_can_downvote_631257_closure0_BB24 [ color=blue ];
	User_can_downvote_631257_closure0_BB15 -> User_can_downvote_631257_closure0_BB16 [ color=blue ];
	User_can_downvote_631257_closure0_BB15 -> User_can_downvote_631257_closure0_BB17 [ color=blue ];
	User_can_downvote_631257_closure0_BB16 -> User_can_downvote_631257_closure0_BB24 [ color=blue ];
	User_can_downvote_631257_closure0_BB17 -> User_can_downvote_631257_closure0_BB19 [ color=blue ];
	User_can_downvote_631257_closure0_BB19 -> User_can_downvote_631257_closure0_BB21 [ color=blue ];
	User_can_downvote_631257_closure0_BB20 -> User_can_downvote_631257_closure0_BB21 [ color=blue ];
	User_can_downvote_631257_closure0_BB21 -> User_can_downvote_631257_closure0_BB22 [ color=blue ];
	User_can_downvote_631257_closure0_BB22 -> User_can_downvote_631257_closure0_BB24 [ color=blue ];
	User_avatar_url_631257_closure0_BB1 -> User_avatar_url_631257_closure0_BB7 [ color=blue ];
	User_avatar_url_631257_closure0_BB1 -> User_avatar_url_631257_closure0_BB2 [ color=blue ];
	User_avatar_url_631257_closure0_BB2 -> User_avatar_url_631257_closure0_BB3 [ color=blue ];
	User_avatar_url_631257_closure0_BB2 -> User_avatar_url_631257_closure0_BB4 [ color=blue ];
	User_avatar_url_631257_closure0_BB3 -> User_avatar_url_631257_closure0_BB4 [ color=blue ];
	User_avatar_url_631257_closure0_BB4 -> User_avatar_url_631257_closure0_BB5 [ color=blue ];
	User_avatar_url_631257_closure0_BB4 -> User_avatar_url_631257_closure0_BB6 [ color=blue ];
	User_avatar_url_631257_closure0_BB5 -> User_avatar_url_631257_closure0_BB6 [ color=blue ];
	User_avatar_url_631257_closure0_BB6 -> User_avatar_url_631257_closure0_BB7 [ color=blue ];
	Hat_to_html_label_631257_closure0_BB1 -> Hat_to_html_label_631257_closure0_BB16 [ color=blue ];
	Hat_to_html_label_631257_closure0_BB1 -> Hat_to_html_label_631257_closure0_BB2 [ color=blue ];
	Hat_to_html_label_631257_closure0_BB2 -> Hat_to_html_label_631257_closure0_BB3 [ color=blue ];
	Hat_to_html_label_631257_closure0_BB2 -> Hat_to_html_label_631257_closure0_BB4 [ color=blue ];
	Hat_to_html_label_631257_closure0_BB3 -> Hat_to_html_label_631257_closure0_BB4 [ color=blue ];
	Hat_to_html_label_631257_closure0_BB4 -> Hat_to_html_label_631257_closure0_BB5 [ color=blue ];
	Hat_to_html_label_631257_closure0_BB4 -> Hat_to_html_label_631257_closure0_BB6 [ color=blue ];
	Hat_to_html_label_631257_closure0_BB5 -> Hat_to_html_label_631257_closure0_BB6 [ color=blue ];
	Hat_to_html_label_631257_closure0_BB6 -> Hat_to_html_label_631257_closure0_BB7 [ color=blue ];
	Hat_to_html_label_631257_closure0_BB6 -> Hat_to_html_label_631257_closure0_BB8 [ color=blue ];
	Hat_to_html_label_631257_closure0_BB7 -> Hat_to_html_label_631257_closure0_BB9 [ color=blue ];
	Hat_to_html_label_631257_closure0_BB8 -> Hat_to_html_label_631257_closure0_BB9 [ color=blue ];
	Hat_to_html_label_631257_closure0_BB9 -> Hat_to_html_label_631257_closure0_BB10 [ color=blue ];
	Hat_to_html_label_631257_closure0_BB9 -> Hat_to_html_label_631257_closure0_BB11 [ color=blue ];
	Hat_to_html_label_631257_closure0_BB10 -> Hat_to_html_label_631257_closure0_BB12 [ color=blue ];
	Hat_to_html_label_631257_closure0_BB11 -> Hat_to_html_label_631257_closure0_BB12 [ color=blue ];
	Hat_to_html_label_631257_closure0_BB12 -> Hat_to_html_label_631257_closure0_BB13 [ color=blue ];
	Hat_to_html_label_631257_closure0_BB12 -> Hat_to_html_label_631257_closure0_BB14 [ color=blue ];
	Hat_to_html_label_631257_closure0_BB13 -> Hat_to_html_label_631257_closure0_BB15 [ color=blue ];
	Hat_to_html_label_631257_closure0_BB14 -> Hat_to_html_label_631257_closure0_BB15 [ color=blue ];
	Hat_to_html_label_631257_closure0_BB15 -> Hat_to_html_label_631257_closure0_BB16 [ color=blue ];
	Comment_has_been_edited_631257_closure0_BB1 -> Comment_has_been_edited_631257_closure0_BB5 [ color=blue ];
	Comment_has_been_edited_631257_closure0_BB1 -> Comment_has_been_edited_631257_closure0_BB2 [ color=blue ];
	Comment_has_been_edited_631257_closure0_BB2 -> Comment_has_been_edited_631257_closure0_BB3 [ color=blue ];
	Comment_has_been_edited_631257_closure0_BB2 -> Comment_has_been_edited_631257_closure0_BB4 [ color=blue ];
	Comment_has_been_edited_631257_closure0_BB3 -> Comment_has_been_edited_631257_closure0_BB5 [ color=blue ];
	Comment_has_been_edited_631257_closure0_BB4 -> Comment_has_been_edited_631257_closure0_BB5 [ color=blue ];
	Story_title_as_url_631257_closure0_BB1 -> Story_title_as_url_631257_closure0_BB8 [ color=blue ];
	Story_title_as_url_631257_closure0_BB1 -> Story_title_as_url_631257_closure0_BB2 [ color=blue ];
	Story_title_as_url_631257_closure0_BB2 -> Story_title_as_url_631257_closure0_BB3 [ color=blue ];
	Story_title_as_url_631257_closure0_BB3 -> Story_title_as_url_631257_closure0_BB4 [ color=blue ];
	Story_title_as_url_631257_closure0_BB3 -> Story_title_as_url_631257_closure0_BB6 [ color=blue ];
	Story_title_as_url_631257_closure0_BB4 -> Story_title_as_url_631257_closure0_BB3 [ color=blue ];
	Story_title_as_url_631257_closure0_BB6 -> Story_title_as_url_631257_closure0_BB8 [ color=blue ];
	Story_comments_url_631257_closure0_BB1 -> Story_comments_url_631257_closure0_BB3 [ color=blue ];
	Story_comments_url_631257_closure0_BB1 -> Story_comments_url_631257_closure0_BB2 [ color=blue ];
	Story_comments_url_631257_closure0_BB2 -> Story_comments_url_631257_closure0_BB3 [ color=blue ];
	Comment_url_631257_closure0_BB1 -> Comment_url_631257_closure0_BB3 [ color=blue ];
	Comment_url_631257_closure0_BB1 -> Comment_url_631257_closure0_BB2 [ color=blue ];
	Comment_url_631257_closure0_BB2 -> Comment_url_631257_closure0_BB3 [ color=blue ];
	Comment_is_editable_by_user_631257_closure0_BB1 -> Comment_is_editable_by_user_631257_closure0_BB13 [ color=blue ];
	Comment_is_editable_by_user_631257_closure0_BB1 -> Comment_is_editable_by_user_631257_closure0_BB2 [ color=blue ];
	Comment_is_editable_by_user_631257_closure0_BB2 -> Comment_is_editable_by_user_631257_closure0_BB3 [ color=blue ];
	Comment_is_editable_by_user_631257_closure0_BB2 -> Comment_is_editable_by_user_631257_closure0_BB4 [ color=blue ];
	Comment_is_editable_by_user_631257_closure0_BB3 -> Comment_is_editable_by_user_631257_closure0_BB4 [ color=blue ];
	Comment_is_editable_by_user_631257_closure0_BB4 -> Comment_is_editable_by_user_631257_closure0_BB5 [ color=blue ];
	Comment_is_editable_by_user_631257_closure0_BB4 -> Comment_is_editable_by_user_631257_closure0_BB11 [ color=blue ];
	Comment_is_editable_by_user_631257_closure0_BB5 -> Comment_is_editable_by_user_631257_closure0_BB6 [ color=blue ];
	Comment_is_editable_by_user_631257_closure0_BB5 -> Comment_is_editable_by_user_631257_closure0_BB7 [ color=blue ];
	Comment_is_editable_by_user_631257_closure0_BB6 -> Comment_is_editable_by_user_631257_closure0_BB13 [ color=blue ];
	Comment_is_editable_by_user_631257_closure0_BB7 -> Comment_is_editable_by_user_631257_closure0_BB8 [ color=blue ];
	Comment_is_editable_by_user_631257_closure0_BB7 -> Comment_is_editable_by_user_631257_closure0_BB9 [ color=blue ];
	Comment_is_editable_by_user_631257_closure0_BB8 -> Comment_is_editable_by_user_631257_closure0_BB10 [ color=blue ];
	Comment_is_editable_by_user_631257_closure0_BB9 -> Comment_is_editable_by_user_631257_closure0_BB10 [ color=blue ];
	Comment_is_editable_by_user_631257_closure0_BB10 -> Comment_is_editable_by_user_631257_closure0_BB13 [ color=blue ];
	Comment_is_editable_by_user_631257_closure0_BB11 -> Comment_is_editable_by_user_631257_closure0_BB13 [ color=blue ];
	Comment_is_undeletable_by_user_631257_closure0_BB1 -> Comment_is_undeletable_by_user_631257_closure0_BB14 [ color=blue ];
	Comment_is_undeletable_by_user_631257_closure0_BB1 -> Comment_is_undeletable_by_user_631257_closure0_BB2 [ color=blue ];
	Comment_is_undeletable_by_user_631257_closure0_BB2 -> Comment_is_undeletable_by_user_631257_closure0_BB3 [ color=blue ];
	Comment_is_undeletable_by_user_631257_closure0_BB2 -> Comment_is_undeletable_by_user_631257_closure0_BB4 [ color=blue ];
	Comment_is_undeletable_by_user_631257_closure0_BB3 -> Comment_is_undeletable_by_user_631257_closure0_BB4 [ color=blue ];
	Comment_is_undeletable_by_user_631257_closure0_BB4 -> Comment_is_undeletable_by_user_631257_closure0_BB5 [ color=blue ];
	Comment_is_undeletable_by_user_631257_closure0_BB4 -> Comment_is_undeletable_by_user_631257_closure0_BB6 [ color=blue ];
	Comment_is_undeletable_by_user_631257_closure0_BB5 -> Comment_is_undeletable_by_user_631257_closure0_BB14 [ color=blue ];
	Comment_is_undeletable_by_user_631257_closure0_BB6 -> Comment_is_undeletable_by_user_631257_closure0_BB7 [ color=blue ];
	Comment_is_undeletable_by_user_631257_closure0_BB6 -> Comment_is_undeletable_by_user_631257_closure0_BB8 [ color=blue ];
	Comment_is_undeletable_by_user_631257_closure0_BB7 -> Comment_is_undeletable_by_user_631257_closure0_BB8 [ color=blue ];
	Comment_is_undeletable_by_user_631257_closure0_BB8 -> Comment_is_undeletable_by_user_631257_closure0_BB9 [ color=blue ];
	Comment_is_undeletable_by_user_631257_closure0_BB8 -> Comment_is_undeletable_by_user_631257_closure0_BB10 [ color=blue ];
	Comment_is_undeletable_by_user_631257_closure0_BB9 -> Comment_is_undeletable_by_user_631257_closure0_BB10 [ color=blue ];
	Comment_is_undeletable_by_user_631257_closure0_BB10 -> Comment_is_undeletable_by_user_631257_closure0_BB11 [ color=blue ];
	Comment_is_undeletable_by_user_631257_closure0_BB10 -> Comment_is_undeletable_by_user_631257_closure0_BB12 [ color=blue ];
	Comment_is_undeletable_by_user_631257_closure0_BB11 -> Comment_is_undeletable_by_user_631257_closure0_BB14 [ color=blue ];
	Comment_is_undeletable_by_user_631257_closure0_BB12 -> Comment_is_undeletable_by_user_631257_closure0_BB14 [ color=blue ];
	Comment_is_deletable_by_user_631257_closure0_BB1 -> Comment_is_deletable_by_user_631257_closure0_BB12 [ color=blue ];
	Comment_is_deletable_by_user_631257_closure0_BB1 -> Comment_is_deletable_by_user_631257_closure0_BB2 [ color=blue ];
	Comment_is_deletable_by_user_631257_closure0_BB2 -> Comment_is_deletable_by_user_631257_closure0_BB3 [ color=blue ];
	Comment_is_deletable_by_user_631257_closure0_BB2 -> Comment_is_deletable_by_user_631257_closure0_BB4 [ color=blue ];
	Comment_is_deletable_by_user_631257_closure0_BB3 -> Comment_is_deletable_by_user_631257_closure0_BB4 [ color=blue ];
	Comment_is_deletable_by_user_631257_closure0_BB4 -> Comment_is_deletable_by_user_631257_closure0_BB5 [ color=blue ];
	Comment_is_deletable_by_user_631257_closure0_BB4 -> Comment_is_deletable_by_user_631257_closure0_BB6 [ color=blue ];
	Comment_is_deletable_by_user_631257_closure0_BB5 -> Comment_is_deletable_by_user_631257_closure0_BB12 [ color=blue ];
	Comment_is_deletable_by_user_631257_closure0_BB6 -> Comment_is_deletable_by_user_631257_closure0_BB7 [ color=blue ];
	Comment_is_deletable_by_user_631257_closure0_BB6 -> Comment_is_deletable_by_user_631257_closure0_BB8 [ color=blue ];
	Comment_is_deletable_by_user_631257_closure0_BB7 -> Comment_is_deletable_by_user_631257_closure0_BB8 [ color=blue ];
	Comment_is_deletable_by_user_631257_closure0_BB8 -> Comment_is_deletable_by_user_631257_closure0_BB9 [ color=blue ];
	Comment_is_deletable_by_user_631257_closure0_BB8 -> Comment_is_deletable_by_user_631257_closure0_BB10 [ color=blue ];
	Comment_is_deletable_by_user_631257_closure0_BB9 -> Comment_is_deletable_by_user_631257_closure0_BB12 [ color=blue ];
	Comment_is_deletable_by_user_631257_closure0_BB10 -> Comment_is_deletable_by_user_631257_closure0_BB12 [ color=blue ];
	Story_is_gone_631257_closure0_BB1 -> Story_is_gone_631257_closure0_BB3 [ color=blue ];
	Story_is_gone_631257_closure0_BB1 -> Story_is_gone_631257_closure0_BB2 [ color=blue ];
	Story_is_gone_631257_closure0_BB2 -> Story_is_gone_631257_closure0_BB3 [ color=blue ];
	Comment_vote_summary_631257_closure0_BB1 -> Comment_vote_summary_631257_closure0_BB3 [ color=blue ];
	Comment_vote_summary_631257_closure0_BB1 -> Comment_vote_summary_631257_closure0_BB2 [ color=blue ];
	Comment_vote_summary_631257_closure0_BB2 -> Comment_vote_summary_631257_closure0_BB3 [ color=blue ];
	Comment_vote_summary_631257_closure0_BB2:f1 -> Comment_vote_summary_434844_closure0_closure1_BB1 [color=blue ];
	Comment_vote_summary_434844_closure0_closure1_BB8:f0 -> Comment_vote_summary_631257_closure0_BB2 [color=blue ];
	Comment_vote_summary_434844_closure0_closure1_BB1 -> Comment_vote_summary_434844_closure0_closure1_BB8 [ color=blue ];
	Comment_vote_summary_434844_closure0_closure1_BB1 -> Comment_vote_summary_434844_closure0_closure1_BB2 [ color=blue ];
	Comment_vote_summary_434844_closure0_closure1_BB2 -> Comment_vote_summary_434844_closure0_closure1_BB3 [ color=blue ];
	Comment_vote_summary_434844_closure0_closure1_BB3 -> Comment_vote_summary_434844_closure0_closure1_BB4 [ color=blue ];
	Comment_vote_summary_434844_closure0_closure1_BB3 -> Comment_vote_summary_434844_closure0_closure1_BB5 [ color=blue ];
	Comment_vote_summary_434844_closure0_closure1_BB3 -> Comment_vote_summary_434844_closure0_closure1_BB6 [ color=blue ];
	Comment_vote_summary_434844_closure0_closure1_BB4 -> Comment_vote_summary_434844_closure0_closure1_BB5 [ color=blue ];
	Comment_vote_summary_434844_closure0_closure1_BB4 -> Comment_vote_summary_434844_closure0_closure1_BB6 [ color=blue ];
	Comment_vote_summary_434844_closure0_closure1_BB5 -> Comment_vote_summary_434844_closure0_closure1_BB6 [ color=blue ];
	Comment_vote_summary_434844_closure0_closure1_BB5 -> Comment_vote_summary_434844_closure0_closure1_BB8 [ color=blue ];
	Comment_vote_summary_434844_closure0_closure1_BB6 -> Comment_vote_summary_434844_closure0_closure1_BB8 [ color=blue ];
	Comment_vote_summary_434844_closure0_closure1_BB8 -> Comment_vote_summary_434844_closure0_closure1_BB1 [color=blue ];
	Comment_vote_summary_631257_closure0_BB2:f0 -> Comment_vote_summary_222682_closure0_closure1_BB1 [color=blue ];
	Comment_vote_summary_222682_closure0_closure1_BB11:f0 -> Comment_vote_summary_631257_closure0_BB2 [color=blue ];
	Comment_vote_summary_222682_closure0_closure1_BB1 -> Comment_vote_summary_222682_closure0_closure1_BB11 [ color=blue ];
	Comment_vote_summary_222682_closure0_closure1_BB1 -> Comment_vote_summary_222682_closure0_closure1_BB2 [ color=blue ];
	Comment_vote_summary_222682_closure0_closure1_BB2 -> Comment_vote_summary_222682_closure0_closure1_BB3 [ color=blue ];
	Comment_vote_summary_222682_closure0_closure1_BB3 -> Comment_vote_summary_222682_closure0_closure1_BB4 [ color=blue ];
	Comment_vote_summary_222682_closure0_closure1_BB3 -> Comment_vote_summary_222682_closure0_closure1_BB5 [ color=blue ];
	Comment_vote_summary_222682_closure0_closure1_BB3 -> Comment_vote_summary_222682_closure0_closure1_BB9 [ color=blue ];
	Comment_vote_summary_222682_closure0_closure1_BB4 -> Comment_vote_summary_222682_closure0_closure1_BB8 [ color=blue ];
	Comment_vote_summary_222682_closure0_closure1_BB4 -> Comment_vote_summary_222682_closure0_closure1_BB9 [ color=blue ];
	Comment_vote_summary_222682_closure0_closure1_BB5 -> Comment_vote_summary_222682_closure0_closure1_BB6 [ color=blue ];
	Comment_vote_summary_222682_closure0_closure1_BB5 -> Comment_vote_summary_222682_closure0_closure1_BB7 [ color=blue ];
	Comment_vote_summary_222682_closure0_closure1_BB5 -> Comment_vote_summary_222682_closure0_closure1_BB9 [ color=blue ];
	Comment_vote_summary_222682_closure0_closure1_BB6 -> Comment_vote_summary_222682_closure0_closure1_BB7 [ color=blue ];
	Comment_vote_summary_222682_closure0_closure1_BB6 -> Comment_vote_summary_222682_closure0_closure1_BB9 [ color=blue ];
	Comment_vote_summary_222682_closure0_closure1_BB7 -> Comment_vote_summary_222682_closure0_closure1_BB9 [ color=blue ];
	Comment_vote_summary_222682_closure0_closure1_BB7 -> Comment_vote_summary_222682_closure0_closure1_BB11 [ color=blue ];
	Comment_vote_summary_222682_closure0_closure1_BB8 -> Comment_vote_summary_222682_closure0_closure1_BB11 [ color=blue ];
	Comment_vote_summary_222682_closure0_closure1_BB9 -> Comment_vote_summary_222682_closure0_closure1_BB11 [ color=blue ];
	Comment_vote_summary_222682_closure0_closure1_BB11 -> Comment_vote_summary_222682_closure0_closure1_BB1 [color=blue ];
	Story_comments_path_631257_closure0_BB1 -> Story_comments_path_631257_closure0_BB3 [ color=blue ];
	Story_comments_path_631257_closure0_BB1 -> Story_comments_path_631257_closure0_BB2 [ color=blue ];
	Story_comments_path_631257_closure0_BB2 -> Story_comments_path_631257_closure0_BB3 [ color=blue ];
	Comment_gone_text_631257_closure0_BB1 -> Comment_gone_text_631257_closure0_BB8 [ color=blue ];
	Comment_gone_text_631257_closure0_BB1 -> Comment_gone_text_631257_closure0_BB2 [ color=blue ];
	Comment_gone_text_631257_closure0_BB2 -> Comment_gone_text_631257_closure0_BB3 [ color=blue ];
	Comment_gone_text_631257_closure0_BB2 -> Comment_gone_text_631257_closure0_BB6 [ color=blue ];
	Comment_gone_text_631257_closure0_BB3 -> Comment_gone_text_631257_closure0_BB4 [ color=blue ];
	Comment_gone_text_631257_closure0_BB3 -> Comment_gone_text_631257_closure0_BB5 [ color=blue ];
	Comment_gone_text_631257_closure0_BB4 -> Comment_gone_text_631257_closure0_BB5 [ color=blue ];
	Comment_gone_text_631257_closure0_BB5 -> Comment_gone_text_631257_closure0_BB8 [ color=blue ];
	Comment_gone_text_631257_closure0_BB6 -> Comment_gone_text_631257_closure0_BB8 [ color=blue ];
	CommentsController_reply__BB1 -> CommentsController_reply__BB6 [ color=blue ];
	CommentsController_reply__BB1 -> CommentsController_reply__BB2 [ color=blue ];
	CommentsController_reply__BB2 -> CommentsController_reply__BB3 [ color=blue ];
	CommentsController_reply__BB2 -> CommentsController_reply__BB4 [ color=blue ];
	CommentsController_reply__BB3 -> CommentsController_reply__BB6 [ color=blue ];
	CommentsController_reply__BB4 -> CommentsController_reply__BB6 [ color=blue ];
	CommentsController_reply__BB4:f4 -> CommentsController_reply_631257_closure0_BB1 [color=blue ];
	CommentsController_reply_631257_closure0_BB121:f0 -> CommentsController_reply__BB4 [color=blue ];
	CommentsController_reply_631257_closure0_BB1 -> CommentsController_reply_631257_closure0_BB121 [ color=blue ];
	CommentsController_reply_631257_closure0_BB1 -> CommentsController_reply_631257_closure0_BB2 [ color=blue ];
	CommentsController_reply_631257_closure0_BB2 -> CommentsController_reply_631257_closure0_BB3 [ color=blue ];
	CommentsController_reply_631257_closure0_BB3 -> CommentsController_reply_631257_closure0_BB4 [ color=blue ];
	CommentsController_reply_631257_closure0_BB3 -> CommentsController_reply_631257_closure0_BB5 [ color=blue ];
	CommentsController_reply_631257_closure0_BB3 -> CommentsController_reply_631257_closure0_BB119 [ color=blue ];
	CommentsController_reply_631257_closure0_BB4 -> CommentsController_reply_631257_closure0_BB6 [ color=blue ];
	CommentsController_reply_631257_closure0_BB4 -> CommentsController_reply_631257_closure0_BB119 [ color=blue ];
	CommentsController_reply_631257_closure0_BB5 -> CommentsController_reply_631257_closure0_BB6 [ color=blue ];
	CommentsController_reply_631257_closure0_BB6 -> CommentsController_reply_631257_closure0_BB7 [ color=blue ];
	CommentsController_reply_631257_closure0_BB6 -> CommentsController_reply_631257_closure0_BB8 [ color=blue ];
	CommentsController_reply_631257_closure0_BB6 -> CommentsController_reply_631257_closure0_BB119 [ color=blue ];
	CommentsController_reply_631257_closure0_BB6:f1 -> CommentsController_reply_191819_closure0_closure1_BB1 [color=blue ];
	CommentsController_reply_191819_closure0_closure1_BB39:f0 -> CommentsController_reply_631257_closure0_BB6 [color=blue ];
	CommentsController_reply_191819_closure0_closure1_BB1 -> CommentsController_reply_191819_closure0_closure1_BB39 [ color=blue ];
	CommentsController_reply_191819_closure0_closure1_BB1 -> CommentsController_reply_191819_closure0_closure1_BB2 [ color=blue ];
	CommentsController_reply_191819_closure0_closure1_BB2 -> CommentsController_reply_191819_closure0_closure1_BB3 [ color=blue ];
	CommentsController_reply_191819_closure0_closure1_BB3 -> CommentsController_reply_191819_closure0_closure1_BB4 [ color=blue ];
	CommentsController_reply_191819_closure0_closure1_BB3 -> CommentsController_reply_191819_closure0_closure1_BB5 [ color=blue ];
	CommentsController_reply_191819_closure0_closure1_BB3 -> CommentsController_reply_191819_closure0_closure1_BB37 [ color=blue ];
	CommentsController_reply_191819_closure0_closure1_BB4 -> CommentsController_reply_191819_closure0_closure1_BB6 [ color=blue ];
	CommentsController_reply_191819_closure0_closure1_BB4 -> CommentsController_reply_191819_closure0_closure1_BB37 [ color=blue ];
	CommentsController_reply_191819_closure0_closure1_BB5 -> CommentsController_reply_191819_closure0_closure1_BB6 [ color=blue ];
	CommentsController_reply_191819_closure0_closure1_BB6 -> CommentsController_reply_191819_closure0_closure1_BB7 [ color=blue ];
	CommentsController_reply_191819_closure0_closure1_BB6 -> CommentsController_reply_191819_closure0_closure1_BB8 [ color=blue ];
	CommentsController_reply_191819_closure0_closure1_BB6 -> CommentsController_reply_191819_closure0_closure1_BB37 [ color=blue ];
	CommentsController_reply_191819_closure0_closure1_BB7 -> CommentsController_reply_191819_closure0_closure1_BB9 [ color=blue ];
	CommentsController_reply_191819_closure0_closure1_BB7 -> CommentsController_reply_191819_closure0_closure1_BB37 [ color=blue ];
	CommentsController_reply_191819_closure0_closure1_BB8 -> CommentsController_reply_191819_closure0_closure1_BB9 [ color=blue ];
	CommentsController_reply_191819_closure0_closure1_BB9 -> CommentsController_reply_191819_closure0_closure1_BB10 [ color=blue ];
	CommentsController_reply_191819_closure0_closure1_BB9 -> CommentsController_reply_191819_closure0_closure1_BB11 [ color=blue ];
	CommentsController_reply_191819_closure0_closure1_BB9 -> CommentsController_reply_191819_closure0_closure1_BB37 [ color=blue ];
	CommentsController_reply_191819_closure0_closure1_BB10 -> CommentsController_reply_191819_closure0_closure1_BB12 [ color=blue ];
	CommentsController_reply_191819_closure0_closure1_BB11 -> CommentsController_reply_191819_closure0_closure1_BB12 [ color=blue ];
	CommentsController_reply_191819_closure0_closure1_BB12 -> CommentsController_reply_191819_closure0_closure1_BB13 [ color=blue ];
	CommentsController_reply_191819_closure0_closure1_BB12 -> CommentsController_reply_191819_closure0_closure1_BB14 [ color=blue ];
	CommentsController_reply_191819_closure0_closure1_BB12 -> CommentsController_reply_191819_closure0_closure1_BB37 [ color=blue ];
	CommentsController_reply_191819_closure0_closure1_BB13 -> CommentsController_reply_191819_closure0_closure1_BB15 [ color=blue ];
	CommentsController_reply_191819_closure0_closure1_BB14 -> CommentsController_reply_191819_closure0_closure1_BB15 [ color=blue ];
	CommentsController_reply_191819_closure0_closure1_BB15 -> CommentsController_reply_191819_closure0_closure1_BB16 [ color=blue ];
	CommentsController_reply_191819_closure0_closure1_BB15 -> CommentsController_reply_191819_closure0_closure1_BB17 [ color=blue ];
	CommentsController_reply_191819_closure0_closure1_BB15 -> CommentsController_reply_191819_closure0_closure1_BB37 [ color=blue ];
	CommentsController_reply_191819_closure0_closure1_BB16 -> CommentsController_reply_191819_closure0_closure1_BB18 [ color=blue ];
	CommentsController_reply_191819_closure0_closure1_BB17 -> CommentsController_reply_191819_closure0_closure1_BB18 [ color=blue ];
	CommentsController_reply_191819_closure0_closure1_BB18 -> CommentsController_reply_191819_closure0_closure1_BB19 [ color=blue ];
	CommentsController_reply_191819_closure0_closure1_BB18 -> CommentsController_reply_191819_closure0_closure1_BB20 [ color=blue ];
	CommentsController_reply_191819_closure0_closure1_BB18 -> CommentsController_reply_191819_closure0_closure1_BB37 [ color=blue ];
	CommentsController_reply_191819_closure0_closure1_BB19 -> CommentsController_reply_191819_closure0_closure1_BB20 [ color=blue ];
	CommentsController_reply_191819_closure0_closure1_BB19 -> CommentsController_reply_191819_closure0_closure1_BB37 [ color=blue ];
	CommentsController_reply_191819_closure0_closure1_BB20 -> CommentsController_reply_191819_closure0_closure1_BB21 [ color=blue ];
	CommentsController_reply_191819_closure0_closure1_BB20 -> CommentsController_reply_191819_closure0_closure1_BB22 [ color=blue ];
	CommentsController_reply_191819_closure0_closure1_BB21 -> CommentsController_reply_191819_closure0_closure1_BB23 [ color=blue ];
	CommentsController_reply_191819_closure0_closure1_BB21 -> CommentsController_reply_191819_closure0_closure1_BB37 [ color=blue ];
	CommentsController_reply_191819_closure0_closure1_BB22 -> CommentsController_reply_191819_closure0_closure1_BB23 [ color=blue ];
	CommentsController_reply_191819_closure0_closure1_BB23 -> CommentsController_reply_191819_closure0_closure1_BB24 [ color=blue ];
	CommentsController_reply_191819_closure0_closure1_BB23 -> CommentsController_reply_191819_closure0_closure1_BB25 [ color=blue ];
	CommentsController_reply_191819_closure0_closure1_BB24 -> CommentsController_reply_191819_closure0_closure1_BB25 [ color=blue ];
	CommentsController_reply_191819_closure0_closure1_BB24 -> CommentsController_reply_191819_closure0_closure1_BB37 [ color=blue ];
	CommentsController_reply_191819_closure0_closure1_BB25 -> CommentsController_reply_191819_closure0_closure1_BB26 [ color=blue ];
	CommentsController_reply_191819_closure0_closure1_BB25 -> CommentsController_reply_191819_closure0_closure1_BB27 [ color=blue ];
	CommentsController_reply_191819_closure0_closure1_BB26 -> CommentsController_reply_191819_closure0_closure1_BB28 [ color=blue ];
	CommentsController_reply_191819_closure0_closure1_BB26 -> CommentsController_reply_191819_closure0_closure1_BB37 [ color=blue ];
	CommentsController_reply_191819_closure0_closure1_BB27 -> CommentsController_reply_191819_closure0_closure1_BB28 [ color=blue ];
	CommentsController_reply_191819_closure0_closure1_BB28 -> CommentsController_reply_191819_closure0_closure1_BB29 [ color=blue ];
	CommentsController_reply_191819_closure0_closure1_BB28 -> CommentsController_reply_191819_closure0_closure1_BB35 [ color=blue ];
	CommentsController_reply_191819_closure0_closure1_BB29 -> CommentsController_reply_191819_closure0_closure1_BB30 [ color=blue ];
	CommentsController_reply_191819_closure0_closure1_BB29 -> CommentsController_reply_191819_closure0_closure1_BB31 [ color=blue ];
	CommentsController_reply_191819_closure0_closure1_BB29 -> CommentsController_reply_191819_closure0_closure1_BB37 [ color=blue ];
	CommentsController_reply_191819_closure0_closure1_BB30 -> CommentsController_reply_191819_closure0_closure1_BB31 [ color=blue ];
	CommentsController_reply_191819_closure0_closure1_BB30 -> CommentsController_reply_191819_closure0_closure1_BB37 [ color=blue ];
	CommentsController_reply_191819_closure0_closure1_BB31 -> CommentsController_reply_191819_closure0_closure1_BB32 [ color=blue ];
	CommentsController_reply_191819_closure0_closure1_BB31 -> CommentsController_reply_191819_closure0_closure1_BB33 [ color=blue ];
	CommentsController_reply_191819_closure0_closure1_BB32 -> CommentsController_reply_191819_closure0_closure1_BB34 [ color=blue ];
	CommentsController_reply_191819_closure0_closure1_BB33 -> CommentsController_reply_191819_closure0_closure1_BB34 [ color=blue ];
	CommentsController_reply_191819_closure0_closure1_BB34 -> CommentsController_reply_191819_closure0_closure1_BB39 [ color=blue ];
	CommentsController_reply_191819_closure0_closure1_BB35 -> CommentsController_reply_191819_closure0_closure1_BB39 [ color=blue ];
	CommentsController_reply_191819_closure0_closure1_BB37 -> CommentsController_reply_191819_closure0_closure1_BB39 [ color=blue ];
	CommentsController_reply_191819_closure0_closure1_BB39 -> CommentsController_reply_191819_closure0_closure1_BB1 [color=blue ];
	CommentsController_reply_631257_closure0_BB7 -> CommentsController_reply_631257_closure0_BB8 [ color=blue ];
	CommentsController_reply_631257_closure0_BB7 -> CommentsController_reply_631257_closure0_BB119 [ color=blue ];
	CommentsController_reply_631257_closure0_BB8 -> CommentsController_reply_631257_closure0_BB9 [ color=blue ];
	CommentsController_reply_631257_closure0_BB8 -> CommentsController_reply_631257_closure0_BB117 [ color=blue ];
	CommentsController_reply_631257_closure0_BB9 -> CommentsController_reply_631257_closure0_BB10 [ color=blue ];
	CommentsController_reply_631257_closure0_BB9 -> CommentsController_reply_631257_closure0_BB11 [ color=blue ];
	CommentsController_reply_631257_closure0_BB9 -> CommentsController_reply_631257_closure0_BB119 [ color=blue ];
	CommentsController_reply_631257_closure0_BB10 -> CommentsController_reply_631257_closure0_BB12 [ color=blue ];
	CommentsController_reply_631257_closure0_BB10 -> CommentsController_reply_631257_closure0_BB119 [ color=blue ];
	CommentsController_reply_631257_closure0_BB11 -> CommentsController_reply_631257_closure0_BB12 [ color=blue ];
	CommentsController_reply_631257_closure0_BB12 -> CommentsController_reply_631257_closure0_BB13 [ color=blue ];
	CommentsController_reply_631257_closure0_BB12 -> CommentsController_reply_631257_closure0_BB17 [ color=blue ];
	CommentsController_reply_631257_closure0_BB12 -> CommentsController_reply_631257_closure0_BB119 [ color=blue ];
	CommentsController_reply_631257_closure0_BB13 -> CommentsController_reply_631257_closure0_BB14 [ color=blue ];
	CommentsController_reply_631257_closure0_BB13 -> CommentsController_reply_631257_closure0_BB15 [ color=blue ];
	CommentsController_reply_631257_closure0_BB13 -> CommentsController_reply_631257_closure0_BB119 [ color=blue ];
	CommentsController_reply_631257_closure0_BB14 -> CommentsController_reply_631257_closure0_BB16 [ color=blue ];
	CommentsController_reply_631257_closure0_BB15 -> CommentsController_reply_631257_closure0_BB16 [ color=blue ];
	CommentsController_reply_631257_closure0_BB16 -> CommentsController_reply_631257_closure0_BB18 [ color=blue ];
	CommentsController_reply_631257_closure0_BB17 -> CommentsController_reply_631257_closure0_BB18 [ color=blue ];
	CommentsController_reply_631257_closure0_BB18 -> CommentsController_reply_631257_closure0_BB19 [ color=blue ];
	CommentsController_reply_631257_closure0_BB18 -> CommentsController_reply_631257_closure0_BB20 [ color=blue ];
	CommentsController_reply_631257_closure0_BB18 -> CommentsController_reply_631257_closure0_BB119 [ color=blue ];
	CommentsController_reply_631257_closure0_BB19 -> CommentsController_reply_631257_closure0_BB21 [ color=blue ];
	CommentsController_reply_631257_closure0_BB20 -> CommentsController_reply_631257_closure0_BB21 [ color=blue ];
	CommentsController_reply_631257_closure0_BB21 -> CommentsController_reply_631257_closure0_BB22 [ color=blue ];
	CommentsController_reply_631257_closure0_BB21 -> CommentsController_reply_631257_closure0_BB23 [ color=blue ];
	CommentsController_reply_631257_closure0_BB21 -> CommentsController_reply_631257_closure0_BB119 [ color=blue ];
	CommentsController_reply_631257_closure0_BB22 -> CommentsController_reply_631257_closure0_BB24 [ color=blue ];
	CommentsController_reply_631257_closure0_BB23 -> CommentsController_reply_631257_closure0_BB24 [ color=blue ];
	CommentsController_reply_631257_closure0_BB24 -> CommentsController_reply_631257_closure0_BB25 [ color=blue ];
	CommentsController_reply_631257_closure0_BB24 -> CommentsController_reply_631257_closure0_BB26 [ color=blue ];
	CommentsController_reply_631257_closure0_BB24 -> CommentsController_reply_631257_closure0_BB119 [ color=blue ];
	CommentsController_reply_631257_closure0_BB25 -> CommentsController_reply_631257_closure0_BB27 [ color=blue ];
	CommentsController_reply_631257_closure0_BB26 -> CommentsController_reply_631257_closure0_BB27 [ color=blue ];
	CommentsController_reply_631257_closure0_BB27 -> CommentsController_reply_631257_closure0_BB28 [ color=blue ];
	CommentsController_reply_631257_closure0_BB27 -> CommentsController_reply_631257_closure0_BB29 [ color=blue ];
	CommentsController_reply_631257_closure0_BB27 -> CommentsController_reply_631257_closure0_BB119 [ color=blue ];
	CommentsController_reply_631257_closure0_BB28 -> CommentsController_reply_631257_closure0_BB30 [ color=blue ];
	CommentsController_reply_631257_closure0_BB29 -> CommentsController_reply_631257_closure0_BB30 [ color=blue ];
	CommentsController_reply_631257_closure0_BB30 -> CommentsController_reply_631257_closure0_BB31 [ color=blue ];
	CommentsController_reply_631257_closure0_BB30 -> CommentsController_reply_631257_closure0_BB32 [ color=blue ];
	CommentsController_reply_631257_closure0_BB30 -> CommentsController_reply_631257_closure0_BB119 [ color=blue ];
	CommentsController_reply_631257_closure0_BB31 -> CommentsController_reply_631257_closure0_BB33 [ color=blue ];
	CommentsController_reply_631257_closure0_BB32 -> CommentsController_reply_631257_closure0_BB33 [ color=blue ];
	CommentsController_reply_631257_closure0_BB33 -> CommentsController_reply_631257_closure0_BB34 [ color=blue ];
	CommentsController_reply_631257_closure0_BB33 -> CommentsController_reply_631257_closure0_BB43 [ color=blue ];
	CommentsController_reply_631257_closure0_BB33 -> CommentsController_reply_631257_closure0_BB119 [ color=blue ];
	CommentsController_reply_631257_closure0_BB34 -> CommentsController_reply_631257_closure0_BB35 [ color=blue ];
	CommentsController_reply_631257_closure0_BB34 -> CommentsController_reply_631257_closure0_BB36 [ color=blue ];
	CommentsController_reply_631257_closure0_BB35 -> CommentsController_reply_631257_closure0_BB37 [ color=blue ];
	CommentsController_reply_631257_closure0_BB36 -> CommentsController_reply_631257_closure0_BB37 [ color=blue ];
	CommentsController_reply_631257_closure0_BB36 -> CommentsController_reply_631257_closure0_BB119 [ color=blue ];
	CommentsController_reply_631257_closure0_BB37 -> CommentsController_reply_631257_closure0_BB38 [ color=blue ];
	CommentsController_reply_631257_closure0_BB37 -> CommentsController_reply_631257_closure0_BB39 [ color=blue ];
	CommentsController_reply_631257_closure0_BB37 -> CommentsController_reply_631257_closure0_BB119 [ color=blue ];
	CommentsController_reply_631257_closure0_BB38 -> CommentsController_reply_631257_closure0_BB39 [ color=blue ];
	CommentsController_reply_631257_closure0_BB38 -> CommentsController_reply_631257_closure0_BB119 [ color=blue ];
	CommentsController_reply_631257_closure0_BB39 -> CommentsController_reply_631257_closure0_BB40 [ color=blue ];
	CommentsController_reply_631257_closure0_BB39 -> CommentsController_reply_631257_closure0_BB41 [ color=blue ];
	CommentsController_reply_631257_closure0_BB40 -> CommentsController_reply_631257_closure0_BB42 [ color=blue ];
	CommentsController_reply_631257_closure0_BB41 -> CommentsController_reply_631257_closure0_BB42 [ color=blue ];
	CommentsController_reply_631257_closure0_BB42 -> CommentsController_reply_631257_closure0_BB44 [ color=blue ];
	CommentsController_reply_631257_closure0_BB43 -> CommentsController_reply_631257_closure0_BB44 [ color=blue ];
	CommentsController_reply_631257_closure0_BB44 -> CommentsController_reply_631257_closure0_BB45 [ color=blue ];
	CommentsController_reply_631257_closure0_BB44 -> CommentsController_reply_631257_closure0_BB46 [ color=blue ];
	CommentsController_reply_631257_closure0_BB44 -> CommentsController_reply_631257_closure0_BB119 [ color=blue ];
	CommentsController_reply_631257_closure0_BB45 -> CommentsController_reply_631257_closure0_BB46 [ color=blue ];
	CommentsController_reply_631257_closure0_BB45 -> CommentsController_reply_631257_closure0_BB119 [ color=blue ];
	CommentsController_reply_631257_closure0_BB46 -> CommentsController_reply_631257_closure0_BB47 [ color=blue ];
	CommentsController_reply_631257_closure0_BB46 -> CommentsController_reply_631257_closure0_BB48 [ color=blue ];
	CommentsController_reply_631257_closure0_BB47 -> CommentsController_reply_631257_closure0_BB49 [ color=blue ];
	CommentsController_reply_631257_closure0_BB48 -> CommentsController_reply_631257_closure0_BB49 [ color=blue ];
	CommentsController_reply_631257_closure0_BB49 -> CommentsController_reply_631257_closure0_BB50 [ color=blue ];
	CommentsController_reply_631257_closure0_BB49 -> CommentsController_reply_631257_closure0_BB51 [ color=blue ];
	CommentsController_reply_631257_closure0_BB50 -> CommentsController_reply_631257_closure0_BB51 [ color=blue ];
	CommentsController_reply_631257_closure0_BB50 -> CommentsController_reply_631257_closure0_BB119 [ color=blue ];
	CommentsController_reply_631257_closure0_BB51 -> CommentsController_reply_631257_closure0_BB52 [ color=blue ];
	CommentsController_reply_631257_closure0_BB51 -> CommentsController_reply_631257_closure0_BB53 [ color=blue ];
	CommentsController_reply_631257_closure0_BB52 -> CommentsController_reply_631257_closure0_BB54 [ color=blue ];
	CommentsController_reply_631257_closure0_BB52 -> CommentsController_reply_631257_closure0_BB119 [ color=blue ];
	CommentsController_reply_631257_closure0_BB53 -> CommentsController_reply_631257_closure0_BB54 [ color=blue ];
	CommentsController_reply_631257_closure0_BB54 -> CommentsController_reply_631257_closure0_BB55 [ color=blue ];
	CommentsController_reply_631257_closure0_BB54 -> CommentsController_reply_631257_closure0_BB56 [ color=blue ];
	CommentsController_reply_631257_closure0_BB54 -> CommentsController_reply_631257_closure0_BB119 [ color=blue ];
	CommentsController_reply_631257_closure0_BB55 -> CommentsController_reply_631257_closure0_BB57 [ color=blue ];
	CommentsController_reply_631257_closure0_BB55 -> CommentsController_reply_631257_closure0_BB119 [ color=blue ];
	CommentsController_reply_631257_closure0_BB56 -> CommentsController_reply_631257_closure0_BB57 [ color=blue ];
	CommentsController_reply_631257_closure0_BB57 -> CommentsController_reply_631257_closure0_BB58 [ color=blue ];
	CommentsController_reply_631257_closure0_BB57 -> CommentsController_reply_631257_closure0_BB59 [ color=blue ];
	CommentsController_reply_631257_closure0_BB57 -> CommentsController_reply_631257_closure0_BB119 [ color=blue ];
	CommentsController_reply_631257_closure0_BB58 -> CommentsController_reply_631257_closure0_BB69 [ color=blue ];
	CommentsController_reply_631257_closure0_BB59 -> CommentsController_reply_631257_closure0_BB60 [ color=blue ];
	CommentsController_reply_631257_closure0_BB59 -> CommentsController_reply_631257_closure0_BB61 [ color=blue ];
	CommentsController_reply_631257_closure0_BB59 -> CommentsController_reply_631257_closure0_BB119 [ color=blue ];
	CommentsController_reply_631257_closure0_BB60 -> CommentsController_reply_631257_closure0_BB65 [ color=blue ];
	CommentsController_reply_631257_closure0_BB61 -> CommentsController_reply_631257_closure0_BB62 [ color=blue ];
	CommentsController_reply_631257_closure0_BB61 -> CommentsController_reply_631257_closure0_BB63 [ color=blue ];
	CommentsController_reply_631257_closure0_BB61 -> CommentsController_reply_631257_closure0_BB119 [ color=blue ];
	CommentsController_reply_631257_closure0_BB62 -> CommentsController_reply_631257_closure0_BB64 [ color=blue ];
	CommentsController_reply_631257_closure0_BB63 -> CommentsController_reply_631257_closure0_BB64 [ color=blue ];
	CommentsController_reply_631257_closure0_BB64 -> CommentsController_reply_631257_closure0_BB65 [ color=blue ];
	CommentsController_reply_631257_closure0_BB65 -> CommentsController_reply_631257_closure0_BB66 [ color=blue ];
	CommentsController_reply_631257_closure0_BB65 -> CommentsController_reply_631257_closure0_BB67 [ color=blue ];
	CommentsController_reply_631257_closure0_BB65 -> CommentsController_reply_631257_closure0_BB119 [ color=blue ];
	CommentsController_reply_631257_closure0_BB66 -> CommentsController_reply_631257_closure0_BB68 [ color=blue ];
	CommentsController_reply_631257_closure0_BB66 -> CommentsController_reply_631257_closure0_BB119 [ color=blue ];
	CommentsController_reply_631257_closure0_BB67 -> CommentsController_reply_631257_closure0_BB68 [ color=blue ];
	CommentsController_reply_631257_closure0_BB67 -> CommentsController_reply_631257_closure0_BB119 [ color=blue ];
	CommentsController_reply_631257_closure0_BB68 -> CommentsController_reply_631257_closure0_BB69 [ color=blue ];
	CommentsController_reply_631257_closure0_BB68 -> CommentsController_reply_631257_closure0_BB119 [ color=blue ];
	CommentsController_reply_631257_closure0_BB69 -> CommentsController_reply_631257_closure0_BB70 [ color=blue ];
	CommentsController_reply_631257_closure0_BB69 -> CommentsController_reply_631257_closure0_BB107 [ color=blue ];
	CommentsController_reply_631257_closure0_BB69 -> CommentsController_reply_631257_closure0_BB119 [ color=blue ];
	CommentsController_reply_631257_closure0_BB70 -> CommentsController_reply_631257_closure0_BB71 [ color=blue ];
	CommentsController_reply_631257_closure0_BB70 -> CommentsController_reply_631257_closure0_BB72 [ color=blue ];
	CommentsController_reply_631257_closure0_BB70 -> CommentsController_reply_631257_closure0_BB119 [ color=blue ];
	CommentsController_reply_631257_closure0_BB71 -> CommentsController_reply_631257_closure0_BB73 [ color=blue ];
	CommentsController_reply_631257_closure0_BB72 -> CommentsController_reply_631257_closure0_BB73 [ color=blue ];
	CommentsController_reply_631257_closure0_BB73 -> CommentsController_reply_631257_closure0_BB74 [ color=blue ];
	CommentsController_reply_631257_closure0_BB73 -> CommentsController_reply_631257_closure0_BB75 [ color=blue ];
	CommentsController_reply_631257_closure0_BB73 -> CommentsController_reply_631257_closure0_BB119 [ color=blue ];
	CommentsController_reply_631257_closure0_BB74 -> CommentsController_reply_631257_closure0_BB75 [ color=blue ];
	CommentsController_reply_631257_closure0_BB74 -> CommentsController_reply_631257_closure0_BB119 [ color=blue ];
	CommentsController_reply_631257_closure0_BB75 -> CommentsController_reply_631257_closure0_BB76 [ color=blue ];
	CommentsController_reply_631257_closure0_BB75 -> CommentsController_reply_631257_closure0_BB77 [ color=blue ];
	CommentsController_reply_631257_closure0_BB76 -> CommentsController_reply_631257_closure0_BB83 [ color=blue ];
	CommentsController_reply_631257_closure0_BB77 -> CommentsController_reply_631257_closure0_BB78 [ color=blue ];
	CommentsController_reply_631257_closure0_BB77 -> CommentsController_reply_631257_closure0_BB79 [ color=blue ];
	CommentsController_reply_631257_closure0_BB77 -> CommentsController_reply_631257_closure0_BB119 [ color=blue ];
	CommentsController_reply_631257_closure0_BB78 -> CommentsController_reply_631257_closure0_BB79 [ color=blue ];
	CommentsController_reply_631257_closure0_BB78 -> CommentsController_reply_631257_closure0_BB119 [ color=blue ];
	CommentsController_reply_631257_closure0_BB79 -> CommentsController_reply_631257_closure0_BB80 [ color=blue ];
	CommentsController_reply_631257_closure0_BB79 -> CommentsController_reply_631257_closure0_BB81 [ color=blue ];
	CommentsController_reply_631257_closure0_BB80 -> CommentsController_reply_631257_closure0_BB82 [ color=blue ];
	CommentsController_reply_631257_closure0_BB81 -> CommentsController_reply_631257_closure0_BB82 [ color=blue ];
	CommentsController_reply_631257_closure0_BB82 -> CommentsController_reply_631257_closure0_BB83 [ color=blue ];
	CommentsController_reply_631257_closure0_BB83 -> CommentsController_reply_631257_closure0_BB84 [ color=blue ];
	CommentsController_reply_631257_closure0_BB83 -> CommentsController_reply_631257_closure0_BB85 [ color=blue ];
	CommentsController_reply_631257_closure0_BB84 -> CommentsController_reply_631257_closure0_BB85 [ color=blue ];
	CommentsController_reply_631257_closure0_BB84 -> CommentsController_reply_631257_closure0_BB119 [ color=blue ];
	CommentsController_reply_631257_closure0_BB85 -> CommentsController_reply_631257_closure0_BB86 [ color=blue ];
	CommentsController_reply_631257_closure0_BB85 -> CommentsController_reply_631257_closure0_BB87 [ color=blue ];
	CommentsController_reply_631257_closure0_BB86 -> CommentsController_reply_631257_closure0_BB87 [ color=blue ];
	CommentsController_reply_631257_closure0_BB86 -> CommentsController_reply_631257_closure0_BB119 [ color=blue ];
	CommentsController_reply_631257_closure0_BB87 -> CommentsController_reply_631257_closure0_BB88 [ color=blue ];
	CommentsController_reply_631257_closure0_BB87 -> CommentsController_reply_631257_closure0_BB89 [ color=blue ];
	CommentsController_reply_631257_closure0_BB88 -> CommentsController_reply_631257_closure0_BB90 [ color=blue ];
	CommentsController_reply_631257_closure0_BB89 -> CommentsController_reply_631257_closure0_BB90 [ color=blue ];
	CommentsController_reply_631257_closure0_BB90 -> CommentsController_reply_631257_closure0_BB91 [ color=blue ];
	CommentsController_reply_631257_closure0_BB90 -> CommentsController_reply_631257_closure0_BB96 [ color=blue ];
	CommentsController_reply_631257_closure0_BB90 -> CommentsController_reply_631257_closure0_BB119 [ color=blue ];
	CommentsController_reply_631257_closure0_BB91 -> CommentsController_reply_631257_closure0_BB92 [ color=blue ];
	CommentsController_reply_631257_closure0_BB91 -> CommentsController_reply_631257_closure0_BB93 [ color=blue ];
	CommentsController_reply_631257_closure0_BB91 -> CommentsController_reply_631257_closure0_BB119 [ color=blue ];
	CommentsController_reply_631257_closure0_BB92 -> CommentsController_reply_631257_closure0_BB93 [ color=blue ];
	CommentsController_reply_631257_closure0_BB92 -> CommentsController_reply_631257_closure0_BB119 [ color=blue ];
	CommentsController_reply_631257_closure0_BB93 -> CommentsController_reply_631257_closure0_BB94 [ color=blue ];
	CommentsController_reply_631257_closure0_BB93 -> CommentsController_reply_631257_closure0_BB95 [ color=blue ];
	CommentsController_reply_631257_closure0_BB94 -> CommentsController_reply_631257_closure0_BB95 [ color=blue ];
	CommentsController_reply_631257_closure0_BB94 -> CommentsController_reply_631257_closure0_BB119 [ color=blue ];
	CommentsController_reply_631257_closure0_BB95 -> CommentsController_reply_631257_closure0_BB96 [ color=blue ];
	CommentsController_reply_631257_closure0_BB96 -> CommentsController_reply_631257_closure0_BB97 [ color=blue ];
	CommentsController_reply_631257_closure0_BB96 -> CommentsController_reply_631257_closure0_BB98 [ color=blue ];
	CommentsController_reply_631257_closure0_BB97 -> CommentsController_reply_631257_closure0_BB106 [ color=blue ];
	CommentsController_reply_631257_closure0_BB97 -> CommentsController_reply_631257_closure0_BB119 [ color=blue ];
	CommentsController_reply_631257_closure0_BB98 -> CommentsController_reply_631257_closure0_BB99 [ color=blue ];
	CommentsController_reply_631257_closure0_BB98 -> CommentsController_reply_631257_closure0_BB100 [ color=blue ];
	CommentsController_reply_631257_closure0_BB98 -> CommentsController_reply_631257_closure0_BB119 [ color=blue ];
	CommentsController_reply_631257_closure0_BB99 -> CommentsController_reply_631257_closure0_BB100 [ color=blue ];
	CommentsController_reply_631257_closure0_BB99 -> CommentsController_reply_631257_closure0_BB119 [ color=blue ];
	CommentsController_reply_631257_closure0_BB100 -> CommentsController_reply_631257_closure0_BB101 [ color=blue ];
	CommentsController_reply_631257_closure0_BB100 -> CommentsController_reply_631257_closure0_BB104 [ color=blue ];
	CommentsController_reply_631257_closure0_BB101 -> CommentsController_reply_631257_closure0_BB102 [ color=blue ];
	CommentsController_reply_631257_closure0_BB101 -> CommentsController_reply_631257_closure0_BB103 [ color=blue ];
	CommentsController_reply_631257_closure0_BB101 -> CommentsController_reply_631257_closure0_BB119 [ color=blue ];
	CommentsController_reply_631257_closure0_BB102 -> CommentsController_reply_631257_closure0_BB103 [ color=blue ];
	CommentsController_reply_631257_closure0_BB102 -> CommentsController_reply_631257_closure0_BB119 [ color=blue ];
	CommentsController_reply_631257_closure0_BB103 -> CommentsController_reply_631257_closure0_BB105 [ color=blue ];
	CommentsController_reply_631257_closure0_BB103 -> CommentsController_reply_631257_closure0_BB119 [ color=blue ];
	CommentsController_reply_631257_closure0_BB104 -> CommentsController_reply_631257_closure0_BB105 [ color=blue ];
	CommentsController_reply_631257_closure0_BB105 -> CommentsController_reply_631257_closure0_BB106 [ color=blue ];
	CommentsController_reply_631257_closure0_BB106 -> CommentsController_reply_631257_closure0_BB108 [ color=blue ];
	CommentsController_reply_631257_closure0_BB107 -> CommentsController_reply_631257_closure0_BB108 [ color=blue ];
	CommentsController_reply_631257_closure0_BB108 -> CommentsController_reply_631257_closure0_BB109 [ color=blue ];
	CommentsController_reply_631257_closure0_BB108 -> CommentsController_reply_631257_closure0_BB110 [ color=blue ];
	CommentsController_reply_631257_closure0_BB108 -> CommentsController_reply_631257_closure0_BB119 [ color=blue ];
	CommentsController_reply_631257_closure0_BB109 -> CommentsController_reply_631257_closure0_BB110 [ color=blue ];
	CommentsController_reply_631257_closure0_BB109 -> CommentsController_reply_631257_closure0_BB119 [ color=blue ];
	CommentsController_reply_631257_closure0_BB110 -> CommentsController_reply_631257_closure0_BB111 [ color=blue ];
	CommentsController_reply_631257_closure0_BB110 -> CommentsController_reply_631257_closure0_BB112 [ color=blue ];
	CommentsController_reply_631257_closure0_BB111 -> CommentsController_reply_631257_closure0_BB113 [ color=blue ];
	CommentsController_reply_631257_closure0_BB111 -> CommentsController_reply_631257_closure0_BB119 [ color=blue ];
	CommentsController_reply_631257_closure0_BB112 -> CommentsController_reply_631257_closure0_BB113 [ color=blue ];
	CommentsController_reply_631257_closure0_BB113 -> CommentsController_reply_631257_closure0_BB114 [ color=blue ];
	CommentsController_reply_631257_closure0_BB113 -> CommentsController_reply_631257_closure0_BB115 [ color=blue ];
	CommentsController_reply_631257_closure0_BB113 -> CommentsController_reply_631257_closure0_BB119 [ color=blue ];
	CommentsController_reply_631257_closure0_BB114 -> CommentsController_reply_631257_closure0_BB116 [ color=blue ];
	CommentsController_reply_631257_closure0_BB114 -> CommentsController_reply_631257_closure0_BB119 [ color=blue ];
	CommentsController_reply_631257_closure0_BB115 -> CommentsController_reply_631257_closure0_BB116 [ color=blue ];
	CommentsController_reply_631257_closure0_BB115 -> CommentsController_reply_631257_closure0_BB119 [ color=blue ];
	CommentsController_reply_631257_closure0_BB116 -> CommentsController_reply_631257_closure0_BB121 [ color=blue ];
	CommentsController_reply_631257_closure0_BB117 -> CommentsController_reply_631257_closure0_BB121 [ color=blue ];
	CommentsController_reply_631257_closure0_BB119 -> CommentsController_reply_631257_closure0_BB121 [ color=blue ];
	CommentsController_reply_631257_closure0_BB121 -> CommentsController_reply_631257_closure0_BB1 [color=blue ];
