SET IRMethod, name = index
BB 1
	outgoing: 15 2 
	datadep: 
	instructions:
BB 2
	outgoing: 3 4 
	datadep: 
	instructions:
		 0: 
		 1: 
		 2: 
		 3: 
		 4: 
		 5: 
		 6: 
		 7: %v_3[2.6,] 
		 8: 
		 9: %self->params %self[2.0,] 
		 10: %v_4[2.9,] 
		 11: BRANCH %v_5[2.10,] 
BB 3
	outgoing: 11 
	datadep: 2 2 2 2 
	instructions:
		 0: 
		 1: (Person) 
		 2: %v_6->undeleted %v_6[3.1,] 
		 3: %v_7->joins %v_7[3.2,] 
		 4: 
		 5: %self->params %self[2.0,] 
		 6: %v_10[3.5,] 
		 7: %self->params %self[2.0,] 
		 8: %v_12[3.7,] 
		 9: %v_8->where %v_13[3.8,] %v_8[3.3,] %v_9[3.4,] %v_11[3.6,] 
		 10: %v_14->select %v_14[3.9,] select[2.7,] 
		 11: %self[2.0,] %v_15[3.10,] @people[] 
		 12: 
BB 4
	outgoing: 5 9 
	datadep: 2 
	instructions:
		 0: 
		 1: %self->params %self[2.0,] 
		 2: %v_16[4.1,] 
		 3: BRANCH %v_17[4.2,] 
BB 5
	outgoing: 6 7 
	datadep: 2 
	instructions:
		 0: 
		 1: (Search) 
		 2: %self->params %self[2.0,] 
		 3: %v_19[5.2,] 
		 4: %v_20[5.3,] 
		 5: %v_18->new_from_params %v_18[5.1,] %v_21[5.4,] 
		 6: %v_22[5.5,] 
		 7: 
		 8: 
		 9: %v_22->query %v_22[5.5,] %v_23[5.8,] 
		 10: %v_24[5.9,] 
		 11: %v_24[5.9,] 
		 12: %v_24->any? %v_24[5.9,] 
		 13: BRANCH %v_26[5.12,] 
BB 6
	outgoing: 8 
	datadep: 5 2 2 
	instructions:
		 0: 
		 1: (Person) 
		 2: %v_27->joins %v_27[6.1,] 
		 3: 
		 4: families->map families[5.10,] 
		 5: 
		 6: %v_30->join %v_30[6.4,] %v_31[6.5,] 
		 7: 
		 8: %v_29[6.3,] %v_32[6.6,] %v_33[6.7,] 
		 9: %v_28->where %v_28[6.2,] %v_34[6.8,] 
		 10: %v_35->select %v_35[6.9,] select[2.7,] 
		 11: %v_36[6.10,] %self[2.0,] @people[] 
		 12: 
BB 7
	outgoing: 8 
	datadep: 2 
	instructions:
		 0: 
		 1: 
		 2: %self[2.0,] %v_37[7.1,] @people[] 
		 3: %v_37[7.1,] 
BB 8
	outgoing: 10 
	datadep: 
	instructions:
		 0: 
BB 9
	outgoing: 10 
	datadep: 2 
	instructions:
		 0: 
		 1: 
		 2: %v_38[9.1,] 
		 3: %self->render %self[2.0,] %v_39[9.2,] 
		 4: %v_40[9.3,] 
BB 10
	outgoing: 11 
	datadep: 9 7 6 
	instructions:
		 0: %v_36[9.4,7.3,6.10,] 
BB 11
	outgoing: 12 13 
	datadep: 2 
	instructions:
		 0: 
		 1: %self[2.0,] @people[3.11,7.2,6.11,] 
		 2: %v_41->any? %v_41[11.1,] 
		 3: BRANCH %v_42[11.2,] 
BB 12
	outgoing: 14 
	datadep: 2 
	instructions:
		 0: %self[2.0,] @people[11.1,] 
		 1: (Relationship) 
		 2: 
		 3: @people[12.0,] 
		 4: %v_46->map %v_46[12.3,] 
		 5: %v_44->where %v_47[12.4,] %v_44[12.1,] %v_45[12.2,] 
		 6: %v_48->map %v_48[12.5,] 
		 7: %v_49->uniq %v_49[12.6,] 
		 8: %v_50[12.7,] %v_43[12.0,] 
		 9: @people[12.0,12.3,] 
		 10: 
BB 13
	outgoing: 14 
	datadep: 
	instructions:
		 0: 
BB 14
	outgoing: 15 
	datadep: 2 
	instructions:
		 0: 
		 1: %self->respond_to %self[2.0,] 
CLOSURE BEGIN: @people[12.0,] 
BB 1
	outgoing: 6 2 
	datadep: 
	instructions:
BB 2
	outgoing: 3 
	datadep: 
	instructions:
		 0: 
		 1: 
		 2: 
		 3: 
		 4: 
BB 3
	outgoing: 4 6 
	datadep: 2 2 
	instructions:
		 0: 
		 1: format->json %self[2.0,] format[2.2,] 
CLOSURE BEGIN: 
BB 1
	outgoing: 6 2 
	datadep: 
	instructions:
BB 2
	outgoing: 3 
	datadep: 
	instructions:
		 0: 
		 1: 
		 2: 
		 3: 
BB 3
	outgoing: 4 6 
	datadep: 2 2 2 
	instructions:
		 0: 
		 1: 
		 2: %self[2.0,] @people[] 
		 3: %cl_2_4->map %cl_2_4[3.2,] %self[2.0,] 
CLOSURE BEGIN: @people[3.2,] 
BB 1
	outgoing: 6 2 
	datadep: 
	instructions:
BB 2
	outgoing: 3 
	datadep: 
	instructions:
		 0: 
		 1: 
		 2: 
		 3: 
		 4: 
BB 3
	outgoing: 4 6 
	datadep: 2 2 2 2 2 
	instructions:
		 0: 
		 1: person->attributes person[2.2,] 
		 2: person->family_id person[2.2,] 
		 3: %self->params %self[2.0,] 
		 4: %cl_3_5[3.3,] 
		 5: person->attendance_today person[2.2,] 
		 6: 
		 7: %self[2.0,] %cl_3_7[3.5,] %cl_3_8[3.6,] 
CLOSURE BEGIN: 
BB 1
	outgoing: 6 2 
	datadep: 
	instructions:
BB 2
	outgoing: 3 
	datadep: 
	instructions:
		 0: 
		 1: 
		 2: 
		 3: 
		 4: 
		 5: 
BB 3
	outgoing: 4 6 
	datadep: 2 2 2 2 
	instructions:
		 0: 
		 1: record->attended_at record[2.3,] 
		 2: %cl_4_3->to_s %cl_4_3[3.1,] 
		 3: record->group_id record[2.3,] 
		 4: record->group record[2.3,] 
		 5: %cl_4_6->name %cl_4_6[3.4,] 
		 6: %cl_4_5[3.3,] %cl_4_7[3.5,] 
		 7: records[2.2,] %cl_4_8[3.6,] %cl_4_4[3.2,] 
		 8: 
		 9: RETURN records[3.7,] 
BB 4
	outgoing: 6 
	datadep: 
	instructions:
		 0: 
		 1: %cl_4_9[4.0,] 
		 2: RETURN %cl_4_10[4.1,] 
BB 6
	outgoing: 
	datadep: 
	instructions:
CLOSURE END
		 8: %cl_3_4[3.2,] %cl_3_9[3.7,] %cl_3_6[3.4,] 
		 9: %cl_3_3->merge %cl_3_3[3.1,] %cl_3_10[3.8,] 
		 10: RETURN %cl_3_11[3.9,] 
BB 4
	outgoing: 6 
	datadep: 
	instructions:
		 0: 
		 1: %cl_3_12[4.0,] 
		 2: RETURN %cl_3_13[4.1,] 
BB 6
	outgoing: 
	datadep: 
	instructions:
CLOSURE END
		 4: 
		 5: 
		 6: (GroupTime) 
		 7: 
		 8: %cl_2_8->order %cl_2_8[3.6,] %cl_2_9[3.7,] 
		 9: %cl_2_10->last %cl_2_10[3.8,] 
		 10: %cl_2_11->updated_at %cl_2_11[3.9,] 
		 11: %cl_2_7[3.5,] %cl_2_12[3.10,] 
		 12: %cl_2_3[3.1,] %cl_2_13[3.11,] %cl_2_5[3.3,] %cl_2_6[3.4,] 
		 13: %cl_2_14->to_json %cl_2_14[3.12,] 
		 14: %cl_2_15[3.13,] 
		 15: 
		 16: %cl_2_15[3.13,] 
		 17: %self->render %cl_2_16[3.16,] %self[2.0,] 
		 18: RETURN %cl_2_17[3.17,] 
BB 4
	outgoing: 6 
	datadep: 
	instructions:
		 0: 
		 1: %cl_2_18[4.0,] 
		 2: RETURN %cl_2_19[4.1,] 
BB 6
	outgoing: 
	datadep: 
	instructions:
CLOSURE END
		 2: RETURN %cl_1_3[3.1,] 
BB 4
	outgoing: 6 
	datadep: 
	instructions:
		 0: 
		 1: %cl_1_4[4.0,] 
		 2: RETURN %cl_1_5[4.1,] 
BB 6
	outgoing: 
	datadep: 
	instructions:
CLOSURE END
		 2: RETURN %v_52[14.1,] 
BB 15
	outgoing: 
	datadep: 
	instructions:

