SET IRMethod, name = find
BB 1
	outgoing: 6 2 
	datadep: 
	instructions:
BB 2
	outgoing: 3 4 
	datadep: 
	instructions:
		 0: def_%self 
		 1: def_%v_0 
		 2: COPY TYPE_CurrentScope def_%current_scope 
		 3: COPY TYPE_ScopeModule def_%current_module 
		 4: 
		 5: RECEIVEARG def_content_type 
		 6: RECEIVEARG def_id 
		 7: 
		 8: COPY TYPE_StringLiteral def_%v_3 
		 9: content_type->== def_%v_4 content_type[2.5,] %v_3[2.8,] 	 ARGS:%v_3,
		 10: BRANCH %v_4[2.9,] 
BB 3
	outgoing: 6 
	datadep: 
	instructions:
		 0: 
		 1: (Page) def_%v_5 
		 2: %v_5->find def_%v_6 %v_5[3.1,] id[2.6,] 	 ARGS:id,
		 3: RETURN %v_6[3.2,] %self[2.0,] 
BB 4
	outgoing: 6 
	datadep: 
	instructions:
		 0: COPY TYPE_Nil def_%v_7 
		 1: 
		 2: (ContentType) def_%v_8 
		 3: %v_8->find_by_key def_%v_9 %v_8[4.2,] content_type[2.5,] 	 ARGS:content_type,
		 4: COPY TYPE_PASS def_type %v_9[4.3,] 
		 5: 
		 6: %v_9->model_class def_%v_10 %v_9[4.3,] 	 ARGS:
		 7: %v_10->find def_%v_11 %v_10[4.6,] id[2.6,] 	 ARGS:id,
		 8: RETURN %v_11[4.7,] %self[2.0,] 
BB 6
	outgoing: 
	datadep: 
	instructions:

SET IRMethod, name = find_draft
BB 1
	outgoing: 3 2 
	datadep: 
	instructions:
BB 2
	outgoing: 3 
	datadep: 
	instructions:
		 0: def_%self 
		 1: def_%v_0 
		 2: COPY TYPE_CurrentScope def_%current_scope 
		 3: COPY TYPE_ScopeModule def_%current_module 
		 4: 
		 5: RECEIVEARG def_content_type 
		 6: RECEIVEARG def_id 
		 7: 
		 8: %self->find def_%v_3 %self[2.0,] content_type[2.5,] id[2.6,] 	 ARGS:content_type,id,
		 9: %v_3->as_of_draft_version def_%v_4 %v_3[2.8,] 	 ARGS:
		 10: RETURN %v_4[2.9,] %self[2.0,2.8,] 
BB 3
	outgoing: 
	datadep: 
	instructions:

