SET IRMethod, name = facets instanceMethod = true
BB 1
	outgoing: 6 2 
	datadep: 
	instructions:
BB 2
	outgoing: 3 4 
	datadep: 
	instructions:
		 0: def_%self 
		 1: def_%v_0 
		 2: COPY TYPE_CurrentScope def_%current_scope 
		 3: COPY TYPE_ScopeModule def_%current_module 
		 4: 
		 5: 
		 6: %self->object def_%v_3 %self[2.0,] 	 SYMBOL:	 ARGS:
		 7: %v_3->respond_to? def_%v_4 %v_3[2.6,] 	 SYMBOL:facets,	 ARGS:Symbol,
		 8: BRANCH %v_4[2.7,] 
BB 3
	outgoing: 6 
	datadep: 
	instructions:
		 0: %self->object def_%v_5 %self[2.0,] 	 SYMBOL:	 ARGS:
		 1: %v_5->facets def_%v_6 %v_5[3.0,] 	 SYMBOL:	 ARGS:
		 2: RETURN %v_6[3.1,] %self[3.0,2.0,] 
BB 4
	outgoing: 6 
	datadep: 
	instructions:
		 0: COPY TYPE_Nil def_%v_7 
		 1: 
		 2: HASH- def_%v_8 
		 3: RETURN %v_8[4.2,] %self[2.0,] 
BB 6
	outgoing: 
	datadep: 
	instructions:

SET IRMethod, name = link_to_next_page instanceMethod = true
BB 1
	outgoing: 6 2 
	datadep: 
	instructions:
BB 2
	outgoing: 3 4 
	datadep: 
	instructions:
		 0: def_%self 
		 1: def_%v_0 
		 2: COPY TYPE_CurrentScope def_%current_scope 
		 3: COPY TYPE_ScopeModule def_%current_module 
		 4: 
		 5: 
		 6: %self->has_pagination? def_%v_3 %self[2.0,] 	 SYMBOL:	 ARGS:
		 7: BRANCH %v_3[2.6,] 
BB 3
	outgoing: 6 
	datadep: 
	instructions:
		 0: COPY TYPE_Nil def_%v_4 
		 1: 
		 2: %self->h def_%v_5 %self[2.0,] 	 SYMBOL:	 ARGS:
		 3: %self->object def_%v_6 %self[3.2,2.0,] 	 SYMBOL:	 ARGS:
		 4: COPY TYPE_StringLiteral "Next Page" def_%v_7 
		 5: COPY TYPE_StringLiteral "btn btn-block btn-default btn-lg" def_%v_8 
		 6: %self->context def_%v_9 %self[3.2,3.3,2.0,] 	 SYMBOL:	 ARGS:
		 7: %v_9->[] def_%v_10 %v_9[3.6,] 	 SYMBOL:search_options,	 ARGS:Symbol,
		 8: HASH-class-params- def_%v_11 %v_8[3.5,] %v_10[3.7,] 
		 9: %v_5->link_to_next_page def_%v_12 %v_5[3.2,] %v_6[3.3,] %v_7[3.4,] %v_11[3.8,] 	 SYMBOL:	 ARGS:%v_6,%v_7,%v_11,
		 10: RETURN %v_12[3.9,] %self[3.2,3.3,3.6,2.0,] 
BB 4
	outgoing: 6 
	datadep: 
	instructions:
		 0: RETURN %self[2.0,] 
BB 6
	outgoing: 
	datadep: 
	instructions:

SET IRMethod, name = has_pagination? instanceMethod = true
BB 1
	outgoing: 9 2 
	datadep: 
	instructions:
BB 2
	outgoing: 3 4 
	datadep: 
	instructions:
		 0: def_%self 
		 1: def_%v_0 
		 2: COPY TYPE_CurrentScope def_%current_scope 
		 3: COPY TYPE_ScopeModule def_%current_module 
		 4: 
		 5: 
		 6: %self->object def_%v_3 %self[2.0,] 	 SYMBOL:	 ARGS:
		 7: (Kaminari) def_%v_4 
		 8: (inherit PageScopeMethods) def_%v_5 %v_4[2.7,] 
		 9: %v_5[2.8,] 
BB 3
	outgoing: 4 
	datadep: 
	instructions:
		 0: %v_4->const_missing def_%v_5 %v_4[2.7,] 	 SYMBOL:PageScopeMethods,	 ARGS:Symbol,
BB 4
	outgoing: 5 8 
	datadep: 
	instructions:
		 0: %v_3->is_a? def_%v_6 %v_3[2.6,] %v_5[3.0,2.8,] 	 SYMBOL:	 ARGS:%v_5,
		 1: BRANCH %v_6[4.0,] 
BB 5
	outgoing: 6 7 
	datadep: 
	instructions:
		 0: %self->object def_%v_7 %self[2.0,] 	 SYMBOL:	 ARGS:
		 1: (Searchkick) def_%v_8 
		 2: (inherit Results) def_%v_9 %v_8[5.1,] 
		 3: %v_9[5.2,] 
BB 6
	outgoing: 7 
	datadep: 
	instructions:
		 0: %v_8->const_missing def_%v_9 %v_8[5.1,] 	 SYMBOL:Results,	 ARGS:Symbol,
BB 7
	outgoing: 9 
	datadep: 
	instructions:
		 0: %v_7->is_a? def_%v_10 %v_7[5.0,] %v_9[6.0,5.2,] 	 SYMBOL:	 ARGS:%v_9,
		 1: RETURN %v_10[7.0,] %self[2.0,] 
BB 8
	outgoing: 9 
	datadep: 
	instructions:
		 0: RETURN %v_6[4.0,] %self[2.0,] 
BB 9
	outgoing: 
	datadep: 
	instructions:

SET IRMethod, name = ids instanceMethod = true
BB 1
	outgoing: 3 2 
	datadep: 
	instructions:
BB 2
	outgoing: 3 
	datadep: 
	instructions:
		 0: def_%self 
		 1: def_%v_0 
		 2: COPY TYPE_CurrentScope def_%current_scope 
		 3: COPY TYPE_ScopeModule def_%current_module 
		 4: 
		 5: 
		 6: %self->object def_%v_3 %self[2.0,] 	 SYMBOL:	 ARGS:
		 7: %v_3->map def_%v_4 %v_3[2.6,] 	 SYMBOL:id,	 ARGS:
		 8: RETURN %v_4[2.7,] %self[2.0,2.6,] 
BB 3
	outgoing: 
	datadep: 
	instructions:

SET IRMethod, name = current_user_favourited_wallpaper_ids instanceMethod = true
BB 1
	outgoing: 10 2 
	datadep: 
	instructions:
BB 2
	outgoing: 3 4 
	datadep: 
	instructions:
		 0: def_%self 
		 1: def_%v_0 
		 2: COPY TYPE_CurrentScope def_%current_scope 
		 3: COPY TYPE_ScopeModule def_%current_module 
		 4: 
		 5: 
		 6: def_%v_4 %self[2.0,] 
		 7: COPY TYPE_PASS def_%v_3 %v_4[2.6,] 
		 8: %v_4[2.6,] 
BB 3
	outgoing: 4 
	datadep: 
	instructions:
		 0: GETFIELD %self->current_user_favourited_wallpaper_ids def_%v_5 %self[2.0,] 
		 1: COPY TYPE_PASS def_%v_3 %v_5[3.0,] 
BB 4
	outgoing: 5 9 
	datadep: 
	instructions:
		 0: BRANCH %v_3[3.1,2.7,] 
BB 5
	outgoing: 6 7 
	datadep: 
	instructions:
		 0: 
		 1: %self->context def_%v_6 %self[2.0,] 	 SYMBOL:	 ARGS:
		 2: %v_6->[] def_%v_7 %v_6[5.1,] 	 SYMBOL:current_user,	 ARGS:Symbol,
		 3: %v_7->present? def_%v_8 %v_7[5.2,] 	 SYMBOL:	 ARGS:
		 4: BRANCH %v_8[5.3,] 
BB 6
	outgoing: 8 
	datadep: 
	instructions:
		 0: 
		 1: %self->context def_%v_9 %self[2.0,] 	 SYMBOL:	 ARGS:
		 2: %v_9->[] def_%v_10 %v_9[6.1,] 	 SYMBOL:current_user,	 ARGS:Symbol,
		 3: %v_10->favourite_wallpapers def_%v_11 %v_10[6.2,] 	 SYMBOL:	 ARGS:
		 4: %self->ids def_%v_12 %self[6.1,2.0,] 	 SYMBOL:	 ARGS:
		 5: HASH-id- def_%v_13 %v_12[6.4,] 
		 6: %v_11->where def_%v_14 %v_11[6.3,] %v_13[6.5,] 	 SYMBOL:	 ARGS:%v_13,
		 7: %v_14->pluck def_%v_15 %v_14[6.6,] 	 SYMBOL:id,	 ARGS:Symbol,
		 8: 
BB 7
	outgoing: 8 
	datadep: 
	instructions:
		 0: 
		 1: COPY TYPE_Array def_%v_16 
		 2: COPY TYPE_PASS def_%v_15 %v_16[7.1,] 
BB 8
	outgoing: 10 
	datadep: 
	instructions:
		 0: ATTRASSIGN %self->current_user_favourited_wallpaper_ids %v_15[7.2,6.7,] 
		 1: RETURN %v_15[7.2,6.7,] %self[8.0,2.0,] 
BB 9
	outgoing: 10 
	datadep: 
	instructions:
		 0: RETURN %v_5[3.0,] %self[2.0,] 
BB 10
	outgoing: 
	datadep: 
	instructions:

SET IRMethod, name = decorate_item instanceMethod = true
BB 1
	outgoing: 3 2 
	datadep: 
	instructions:
BB 2
	outgoing: 3 
	datadep: 
	instructions:
		 0: def_%self 
		 1: def_%v_0 
		 2: COPY TYPE_CurrentScope def_%current_scope 
		 3: COPY TYPE_ScopeModule def_%current_module 
		 4: 
		 5: RECEIVEARG def_item 
		 6: 
		 7: %self->context def_%v_3 %self[2.0,] 	 SYMBOL:	 ARGS:
		 8: %v_3->dup def_%v_4 %v_3[2.7,] 	 SYMBOL:	 ARGS:
		 9: COPY TYPE_PASS def_context_with_favourited %v_4[2.8,] 
		 10: 
		 11: %self->current_user_favourited_wallpaper_ids def_%v_5 %self[2.0,2.7,] 	 SYMBOL:	 ARGS:
		 12: item->id def_%v_6 item[2.5,] 	 SYMBOL:	 ARGS:
		 13: %v_5->include? def_%v_7 %v_5[2.11,] %v_6[2.12,] 	 SYMBOL:	 ARGS:%v_6,
		 14: ATTRASSIGN context_with_favourited->[] %v_7[2.13,] 
		 15: 
		 16: %self->item_decorator def_%v_8 %self[2.0,2.7,2.11,] 	 SYMBOL:	 ARGS:
		 17: HASH-context- def_%v_9 context_with_favourited[2.9,2.14,] 
		 18: %v_8->call def_%v_10 %v_8[2.16,] item[2.5,2.12,] %v_9[2.17,] 	 SYMBOL:	 ARGS:item,%v_9,
		 19: RETURN %v_10[2.18,] %self[2.0,2.7,2.11,2.16,] 
BB 3
	outgoing: 
	datadep: 
	instructions:

