SET IRMethod, name = create instanceMethod = true
BB 1
	outgoing: 6 2 
	datadep: 
	instructions:
BB 2
	outgoing: 3 4 
	datadep: 
	instructions:
		 0: def_%self 
		 1: def_%v_0 
		 2: COPY TYPE_CurrentScope def_%current_scope 
		 3: COPY TYPE_ScopeModule def_%current_module 
		 4: 
		 5: 
		 6: %self->current_user def_%v_3 %self[2.0,] 	 SYMBOL:	 ARGS:
		 7: %v_3->cards def_%v_4 %v_3[2.6,] 	 SYMBOL:	 ARGS:
		 8: %self->params def_%v_5 %self[2.0,2.6,] 	 SYMBOL:	 ARGS:
		 9: %v_5->[] def_%v_6 %v_5[2.8,] 	 SYMBOL:card_comment,	 ARGS:Symbol,
		 10: %v_6->[] def_%v_7 %v_6[2.9,] 	 SYMBOL:card_id,	 ARGS:Symbol,
		 11: %v_4->find def_%v_8 %v_4[2.7,] %v_7[2.10,] 	 SYMBOL:	 ARGS:%v_7,
		 12: COPY TYPE_PASS def_card %v_8[2.11,] 
		 13: 
		 14: %self->params def_%v_9 %self[2.0,2.6,2.8,] 	 SYMBOL:	 ARGS:
		 15: %v_9->[] def_%v_10 %v_9[2.14,] 	 SYMBOL:card_comment,	 ARGS:Symbol,
		 16: %self->current_user def_%v_11 %self[2.0,2.6,2.8,2.14,] 	 SYMBOL:	 ARGS:
		 17: %v_11->id def_%v_12 %v_11[2.16,] 	 SYMBOL:	 ARGS:
		 18: ATTRASSIGN %v_10->[] %v_12[2.17,] 
		 19: 
		 20: card->comments def_%v_13 card[2.12,] 	 SYMBOL:	 ARGS:
		 21: %self->card_comment_params def_%v_14 %self[2.0,2.6,2.8,2.14,2.16,] 	 SYMBOL:	 ARGS:
		 22: %v_13->build def_%v_15 %v_13[2.20,] %v_14[2.21,] 	 SYMBOL:	 ARGS:%v_14,
		 23: COPY TYPE_PASS def_comment %v_15[2.22,] 
		 24: 
		 25: %v_15->save def_%v_16 %v_15[2.22,] 	 SYMBOL:	 ARGS:
		 26: BRANCH %v_16[2.25,] 
BB 3
	outgoing: 6 
	datadep: 
	instructions:
		 0: 
		 1: HASH-json- def_%v_17 comment[2.23,] 
		 2: %self->render def_%v_18 %self[2.0,] %v_17[3.1,] 	 SYMBOL:	 ARGS:%v_17,
		 3: RETURN %v_18[3.2,] %self[3.2,2.0,] 
BB 4
	outgoing: 6 
	datadep: 
	instructions:
		 0: 
		 1: HASH-nothing-status- def_%v_19 
		 2: %self->render def_%v_20 %self[2.0,] %v_19[4.1,] 	 SYMBOL:	 ARGS:%v_19,
		 3: RETURN %v_20[4.2,] %self[4.2,2.0,] 
BB 6
	outgoing: 
	datadep: 
	instructions:

SET IRMethod, name = card_comment_params instanceMethod = true
BB 1
	outgoing: 3 2 
	datadep: 
	instructions:
BB 2
	outgoing: 3 
	datadep: 
	instructions:
		 0: def_%self 
		 1: def_%v_0 
		 2: COPY TYPE_CurrentScope def_%current_scope 
		 3: COPY TYPE_ScopeModule def_%current_module 
		 4: 
		 5: 
		 6: %self->params def_%v_3 %self[2.0,] 	 SYMBOL:	 ARGS:
		 7: %v_3->require def_%v_4 %v_3[2.6,] 	 SYMBOL:card_comment,	 ARGS:Symbol,
		 8: %v_4->permit def_%v_5 %v_4[2.7,] 	 SYMBOL:card_id,commenter_id,content,	 ARGS:Symbol,Symbol,Symbol,
		 9: RETURN %v_5[2.8,] %self[2.0,2.6,] 
BB 3
	outgoing: 
	datadep: 
	instructions:

