digraph StoriesController_unhide {
	User_is_banned__BB1 -> User_is_banned__BB3 [ color=blue ];
	User_is_banned__BB1 -> User_is_banned__BB2 [ color=blue ];
	User_is_banned__BB2 -> User_is_banned__BB3 [ color=blue ];
	User_is_active__BB1 -> User_is_active__BB5 [ color=blue ];
	User_is_active__BB1 -> User_is_active__BB2 [ color=blue ];
	User_is_active__BB2 -> User_is_active__BB3 [ color=blue ];
	User_is_active__BB2 -> User_is_active__BB4 [ color=blue ];
	User_is_active__BB3 -> User_is_active__BB4 [ color=blue ];
	User_is_active__BB4 -> User_is_active__BB5 [ color=blue ];
	ApplicationController_authenticate_user__BB1 -> ApplicationController_authenticate_user__BB10 [ color=blue ];
	ApplicationController_authenticate_user__BB1 -> ApplicationController_authenticate_user__BB2 [ color=blue ];
	ApplicationController_authenticate_user__BB2 -> ApplicationController_authenticate_user__BB3 [ color=blue ];
	ApplicationController_authenticate_user__BB2 -> ApplicationController_authenticate_user__BB4 [ color=blue ];
	ApplicationController_authenticate_user__BB3 -> ApplicationController_authenticate_user__BB4 [ color=blue ];
	ApplicationController_authenticate_user__BB4 -> ApplicationController_authenticate_user__BB5 [ color=blue ];
	ApplicationController_authenticate_user__BB4 -> ApplicationController_authenticate_user__BB6 [ color=blue ];
	ApplicationController_authenticate_user__BB5 -> ApplicationController_authenticate_user__BB6 [ color=blue ];
	ApplicationController_authenticate_user__BB6 -> ApplicationController_authenticate_user__BB7 [ color=blue ];
	ApplicationController_authenticate_user__BB6 -> ApplicationController_authenticate_user__BB8 [ color=blue ];
	ApplicationController_authenticate_user__BB7 -> ApplicationController_authenticate_user__BB9 [ color=blue ];
	ApplicationController_authenticate_user__BB8 -> ApplicationController_authenticate_user__BB9 [ color=blue ];
	ApplicationController_authenticate_user__BB9 -> ApplicationController_authenticate_user__BB10 [ color=blue ];
	ApplicationController_user_is_spider__BB1 -> ApplicationController_user_is_spider__BB5 [ color=blue ];
	ApplicationController_user_is_spider__BB1 -> ApplicationController_user_is_spider__BB2 [ color=blue ];
	ApplicationController_user_is_spider__BB2 -> ApplicationController_user_is_spider__BB3 [ color=blue ];
	ApplicationController_user_is_spider__BB2 -> ApplicationController_user_is_spider__BB4 [ color=blue ];
	ApplicationController_user_is_spider__BB3 -> ApplicationController_user_is_spider__BB5 [ color=blue ];
	ApplicationController_user_is_spider__BB4 -> ApplicationController_user_is_spider__BB5 [ color=blue ];
	ApplicationController_increase_traffic_counter__BB1 -> ApplicationController_increase_traffic_counter__BB8 [ color=blue ];
	ApplicationController_increase_traffic_counter__BB1 -> ApplicationController_increase_traffic_counter__BB2 [ color=blue ];
	ApplicationController_increase_traffic_counter__BB2 -> ApplicationController_increase_traffic_counter__BB3 [ color=blue ];
	ApplicationController_increase_traffic_counter__BB2 -> ApplicationController_increase_traffic_counter__BB4 [ color=blue ];
	ApplicationController_increase_traffic_counter__BB3 -> ApplicationController_increase_traffic_counter__BB4 [ color=blue ];
	ApplicationController_increase_traffic_counter__BB4 -> ApplicationController_increase_traffic_counter__BB5 [ color=blue ];
	ApplicationController_increase_traffic_counter__BB4 -> ApplicationController_increase_traffic_counter__BB6 [ color=blue ];
	ApplicationController_increase_traffic_counter__BB5 -> ApplicationController_increase_traffic_counter__BB8 [ color=blue ];
	ApplicationController_increase_traffic_counter__BB6 -> ApplicationController_increase_traffic_counter__BB8 [ color=blue ];
	ApplicationController_increase_traffic_counter__BB6:f0 -> ApplicationController_increase_traffic_counter_386788_closure0_BB1 [color=blue ];
	ApplicationController_increase_traffic_counter_386788_closure0_BB6:f0 -> ApplicationController_increase_traffic_counter__BB6 [color=blue ];
	ApplicationController_increase_traffic_counter_386788_closure0_BB1 -> ApplicationController_increase_traffic_counter_386788_closure0_BB6 [ color=blue ];
	ApplicationController_increase_traffic_counter_386788_closure0_BB1 -> ApplicationController_increase_traffic_counter_386788_closure0_BB2 [ color=blue ];
	ApplicationController_increase_traffic_counter_386788_closure0_BB2 -> ApplicationController_increase_traffic_counter_386788_closure0_BB3 [ color=blue ];
	ApplicationController_increase_traffic_counter_386788_closure0_BB3 -> ApplicationController_increase_traffic_counter_386788_closure0_BB4 [ color=blue ];
	ApplicationController_increase_traffic_counter_386788_closure0_BB3 -> ApplicationController_increase_traffic_counter_386788_closure0_BB6 [ color=blue ];
	ApplicationController_increase_traffic_counter_386788_closure0_BB4 -> ApplicationController_increase_traffic_counter_386788_closure0_BB6 [ color=blue ];
	ApplicationController_increase_traffic_counter_386788_closure0_BB6 -> ApplicationController_increase_traffic_counter_386788_closure0_BB1 [color=blue ];
	ApplicationController_require_logged_in_user_or_400__BB1 -> ApplicationController_require_logged_in_user_or_400__BB6 [ color=blue ];
	ApplicationController_require_logged_in_user_or_400__BB1 -> ApplicationController_require_logged_in_user_or_400__BB2 [ color=blue ];
	ApplicationController_require_logged_in_user_or_400__BB2 -> ApplicationController_require_logged_in_user_or_400__BB3 [ color=blue ];
	ApplicationController_require_logged_in_user_or_400__BB2 -> ApplicationController_require_logged_in_user_or_400__BB4 [ color=blue ];
	ApplicationController_require_logged_in_user_or_400__BB3 -> ApplicationController_require_logged_in_user_or_400__BB6 [ color=blue ];
	ApplicationController_require_logged_in_user_or_400__BB4 -> ApplicationController_require_logged_in_user_or_400__BB6 [ color=blue ];
	ApplicationController_require_logged_in_user__BB1 -> ApplicationController_require_logged_in_user__BB9 [ color=blue ];
	ApplicationController_require_logged_in_user__BB1 -> ApplicationController_require_logged_in_user__BB2 [ color=blue ];
	ApplicationController_require_logged_in_user__BB2 -> ApplicationController_require_logged_in_user__BB3 [ color=blue ];
	ApplicationController_require_logged_in_user__BB2 -> ApplicationController_require_logged_in_user__BB4 [ color=blue ];
	ApplicationController_require_logged_in_user__BB3 -> ApplicationController_require_logged_in_user__BB9 [ color=blue ];
	ApplicationController_require_logged_in_user__BB4 -> ApplicationController_require_logged_in_user__BB5 [ color=blue ];
	ApplicationController_require_logged_in_user__BB4 -> ApplicationController_require_logged_in_user__BB6 [ color=blue ];
	ApplicationController_require_logged_in_user__BB5 -> ApplicationController_require_logged_in_user__BB7 [ color=blue ];
	ApplicationController_require_logged_in_user__BB6 -> ApplicationController_require_logged_in_user__BB7 [ color=blue ];
	ApplicationController_require_logged_in_user__BB7 -> ApplicationController_require_logged_in_user__BB9 [ color=blue ];
	StoriesController_find_user_story__BB1 -> StoriesController_find_user_story__BB13 [ color=blue ];
	StoriesController_find_user_story__BB1 -> StoriesController_find_user_story__BB2 [ color=blue ];
	StoriesController_find_user_story__BB2 -> StoriesController_find_user_story__BB3 [ color=blue ];
	StoriesController_find_user_story__BB2 -> StoriesController_find_user_story__BB6 [ color=blue ];
	StoriesController_find_user_story__BB3 -> StoriesController_find_user_story__BB4 [ color=blue ];
	StoriesController_find_user_story__BB3 -> StoriesController_find_user_story__BB5 [ color=blue ];
	StoriesController_find_user_story__BB4 -> StoriesController_find_user_story__BB5 [ color=blue ];
	StoriesController_find_user_story__BB5 -> StoriesController_find_user_story__BB9 [ color=blue ];
	StoriesController_find_user_story__BB6 -> StoriesController_find_user_story__BB7 [ color=blue ];
	StoriesController_find_user_story__BB6 -> StoriesController_find_user_story__BB8 [ color=blue ];
	StoriesController_find_user_story__BB7 -> StoriesController_find_user_story__BB8 [ color=blue ];
	StoriesController_find_user_story__BB8 -> StoriesController_find_user_story__BB9 [ color=blue ];
	StoriesController_find_user_story__BB9 -> StoriesController_find_user_story__BB10 [ color=blue ];
	StoriesController_find_user_story__BB9 -> StoriesController_find_user_story__BB11 [ color=blue ];
	StoriesController_find_user_story__BB10 -> StoriesController_find_user_story__BB13 [ color=blue ];
	StoriesController_find_user_story__BB11 -> StoriesController_find_user_story__BB13 [ color=blue ];
	StoriesController_find_story__BB1 -> StoriesController_find_story__BB8 [ color=blue ];
	StoriesController_find_story__BB1 -> StoriesController_find_story__BB2 [ color=blue ];
	StoriesController_find_story__BB2 -> StoriesController_find_story__BB3 [ color=blue ];
	StoriesController_find_story__BB2 -> StoriesController_find_story__BB4 [ color=blue ];
	StoriesController_find_story__BB3 -> StoriesController_find_story__BB4 [ color=blue ];
	StoriesController_find_story__BB4 -> StoriesController_find_story__BB5 [ color=blue ];
	StoriesController_find_story__BB4 -> StoriesController_find_story__BB6 [ color=blue ];
	StoriesController_find_story__BB5 -> StoriesController_find_story__BB7 [ color=blue ];
	StoriesController_find_story__BB6 -> StoriesController_find_story__BB7 [ color=blue ];
	StoriesController_find_story__BB7 -> StoriesController_find_story__BB8 [ color=blue ];
	StoriesController_unhide__BB1 -> StoriesController_unhide__BB6 [ color=blue ];
	StoriesController_unhide__BB1 -> StoriesController_unhide__BB2 [ color=blue ];
	StoriesController_unhide__BB2 -> StoriesController_unhide__BB3 [ color=blue ];
	StoriesController_unhide__BB2 -> StoriesController_unhide__BB4 [ color=blue ];
	StoriesController_unhide__BB3 -> StoriesController_unhide__BB6 [ color=blue ];
	StoriesController_unhide__BB4 -> StoriesController_unhide__BB6 [ color=blue ];
}