SET IRMethod, name = index
BB 1
	outgoing: 14 2 
	datadep: 
	instructions:
BB 2
	outgoing: 3 4 
	datadep: 
	instructions:
		 0: 
		 1: 
		 2: 
		 3: 
		 4: 
		 5: 
		 6: %self->params %self[2.0,] 
		 7: %v_3[2.6,] 
		 8: BRANCH %v_4[2.7,] 
BB 3
	outgoing: 4 
	datadep: 2 
	instructions:
		 0: %self->params %self[2.0,] 
		 1: %v_5[3.0,] 
		 2: %v_6[3.1,] 
BB 4
	outgoing: 5 6 
	datadep: 3 2 
	instructions:
		 0: BRANCH %v_4[3.2,2.7,] 
BB 5
	outgoing: 8 9 
	datadep: 2 2 2 
	instructions:
		 0: 
		 1: 
		 2: (Group) 
		 3: %self->params %self[2.0,] 
		 4: %v_12[5.3,] 
		 5: %v_11->find %v_13[5.4,] %v_11[5.2,] 
		 6: %v_14->people %v_14[5.5,] 
		 7: 
		 8: %v_15->order %v_15[5.6,] %v_16[5.7,] 
		 9: %v_17->to_a %v_17[5.8,] 
		 10: %self[2.0,] %v_18[5.9,] @people[] 
		 11: 
		 12: %self->params %self[2.0,] 
		 13: %v_19[5.12,] 
		 14: BRANCH %v_20[5.13,] 
BB 6
	outgoing: 14 
	datadep: 2 
	instructions:
		 0: 
		 1: 
		 2: %v_8[6.1,] 
		 3: %self->render %self[2.0,] %v_9[6.2,] 
		 4: 
		 5: RETURN 
BB 8
	outgoing: 10 
	datadep: 2 2 
	instructions:
		 0: 
		 1: %self[2.0,] @people[5.10,] 
		 2: %v_21->reject! %self[2.0,] %v_21[8.1,] 
CLOSURE BEGIN: @groups[] @people[] 
BB 1
	outgoing: 10 2 
	datadep: 
	instructions:
BB 2
	outgoing: 3 
	datadep: 
	instructions:
		 0: 
		 1: 
		 2: 
		 3: 
		 4: 
BB 3
	outgoing: 4 7 8 
	datadep: 2 
	instructions:
		 0: 
		 1: p->adult? p[2.2,] 
		 2: BRANCH %cl_1_3[3.1,] 
BB 4
	outgoing: 5 6 8 
	datadep: 2 
	instructions:
		 0: p->years_of_age p[2.2,] 
		 1: BRANCH %cl_1_4[4.0,] 
BB 5
	outgoing: 6 8 
	datadep: 2 2 
	instructions:
		 0: p->years_of_age p[2.2,] 
		 1: %self->params %self[2.0,] 
		 2: %cl_1_6[5.1,] 
		 3: %cl_1_7->to_i %cl_1_7[5.2,] 
		 4: %cl_1_5[5.0,] %cl_1_8[5.3,] 
		 5: %cl_1_9[5.4,] 
BB 6
	outgoing: 10 
	datadep: 5 4 
	instructions:
		 0: RETURN %cl_1_4[5.5,4.0,] 
BB 7
	outgoing: 10 
	datadep: 3 
	instructions:
		 0: RETURN %cl_1_3[3.1,] 
BB 8
	outgoing: 10 
	datadep: 
	instructions:
		 0: 
		 1: %cl_1_10[8.0,] 
		 2: RETURN %cl_1_11[8.1,] 
BB 10
	outgoing: 
	datadep: 
	instructions:
CLOSURE END
		 3: 
BB 9
	outgoing: 10 
	datadep: 
	instructions:
		 0: 
BB 10
	outgoing: 11 12 
	datadep: 2 2 2 2 
	instructions:
		 0: 
		 1: 
		 2: %self[2.0,] %v_23[10.1,] @groups[] 
		 3: 
		 4: %self[2.0,] @people[8.1,5.10,] 
		 5: %v_24->each %v_24[10.4,] %self[2.0,] 
CLOSURE BEGIN: @groups[10.2,] @people[10.4,] 
BB 1
	outgoing: 13 2 
	datadep: 
	instructions:
BB 2
	outgoing: 3 
	datadep: 
	instructions:
		 0: 
		 1: 
		 2: 
		 3: 
		 4: 
BB 3
	outgoing: 4 5 11 
	datadep: 2 2 
	instructions:
		 0: 
		 1: person->classes person[2.2,] 
		 2: %cl_2_3->to_s %cl_2_3[3.1,] 
		 3: 
		 4: %cl_2_4->split %cl_2_4[3.2,] %cl_2_5[3.3,] 
		 5: %cl_2_6->detect %self[2.0,] %cl_2_6[3.4,] 
CLOSURE BEGIN: @groups[] 
BB 1
	outgoing: 6 2 
	datadep: 
	instructions:
BB 2
	outgoing: 3 
	datadep: 
	instructions:
		 0: 
		 1: 
		 2: 
		 3: 
		 4: 
BB 3
	outgoing: 4 6 
	datadep: 2 2 
	instructions:
		 0: 
		 1: (Regexp) 
		 2: 
		 3: %self->params %self[2.0,] 
		 4: %cl_3_5[3.3,] 
		 5: 
		 6: %cl_3_6->scan %cl_3_6[3.4,] 
		 7: %cl_3_8->join %cl_3_8[3.6,] 
		 8: %cl_3_4[3.2,] %cl_3_9[3.7,] 
		 9: %cl_3_3->new %cl_3_3[3.1,] %cl_3_10[3.8,] 
		 10: c[2.2,] %cl_3_11[3.9,] 
		 11: RETURN %cl_3_12[3.10,] 
BB 4
	outgoing: 6 
	datadep: 
	instructions:
		 0: 
		 1: %cl_3_13[4.0,] 
		 2: RETURN %cl_3_14[4.1,] 
BB 6
	outgoing: 
	datadep: 
	instructions:
CLOSURE END
		 6: %cl_2_7[3.5,] 
		 7: BRANCH %cl_2_7[3.5,] 
BB 4
	outgoing: 5 11 
	datadep: 3 
	instructions:
		 0: 
		 1: group[3.6,] 
		 2: %cl_2_9[4.1,] 
BB 5
	outgoing: 6 9 
	datadep: 4 3 
	instructions:
		 0: BRANCH %cl_2_7[4.2,3.5,] 
BB 6
	outgoing: 7 8 11 
	datadep: 2 
	instructions:
		 0: 
		 1: %self[2.0,] @groups[] 
		 2: 
		 3: %cl_2_12[6.2,] %cl_2_10[6.1,] 
		 4: BRANCH %cl_2_11[6.3,] 
BB 7
	outgoing: 8 11 
	datadep: 6 6 
	instructions:
		 0: 
		 1: %cl_2_13[7.0,] %cl_2_12[6.2,] %cl_2_10[6.1,] 
		 2: %cl_2_13[7.0,] 
BB 8
	outgoing: 10 11 
	datadep: 2 2 
	instructions:
		 0: 
		 1: %self[2.0,] @groups[6.1,6.1,] 
		 2: 
		 3: %cl_2_15[8.2,] %cl_2_14[8.1,] 
		 4: %cl_2_16[8.3,] person[2.2,] 
		 5: 
BB 9
	outgoing: 13 
	datadep: 
	instructions:
		 0: RETURN 
BB 10
	outgoing: 13 
	datadep: 8 
	instructions:
		 0: RETURN %cl_2_17[8.4,] 
BB 11
	outgoing: 13 
	datadep: 
	instructions:
		 0: 
		 1: %cl_2_18[11.0,] 
		 2: RETURN %cl_2_19[11.1,] 
BB 13
	outgoing: 
	datadep: 
	instructions:
CLOSURE END
		 6: 
		 7: %self->params %self[2.0,] 
		 8: %v_26[10.7,] 
		 9: BRANCH %v_27[10.8,] 
BB 11
	outgoing: 14 
	datadep: 2 
	instructions:
		 0: 
		 1: %self->render %self[2.0,] %v_28[11.0,] 
		 2: RETURN %v_29[11.1,] 
BB 12
	outgoing: 14 
	datadep: 
	instructions:
		 0: RETURN 
BB 14
	outgoing: 
	datadep: 
	instructions:

SET IRMethod, name = only_admins
BB 1
	outgoing: 6 2 
	datadep: 
	instructions:
BB 2
	outgoing: 3 4 
	datadep: 
	instructions:
		 0: 
		 1: 
		 2: 
		 3: 
		 4: 
		 5: 
		 6: %self[2.0,] @logged_in[] 
		 7: %v_3->admin? %v_3[2.6,] 
		 8: BRANCH %v_4[2.7,] 
BB 3
	outgoing: 6 
	datadep: 
	instructions:
		 0: 
		 1: RETURN %v_5[3.0,] 
BB 4
	outgoing: 6 
	datadep: 2 
	instructions:
		 0: 
		 1: 
		 2: %v_6[4.1,] 
		 3: %self->render %self[2.0,] %v_7[4.2,] 
		 4: 
		 5: RETURN 
BB 6
	outgoing: 
	datadep: 
	instructions:

SET IRMethod, name = feature_enabled?
BB 1
	outgoing: 6 2 
	datadep: 
	instructions:
BB 2
	outgoing: 3 4 
	datadep: 
	instructions:
		 0: 
		 1: 
		 2: 
		 3: 
		 4: 
		 5: 
		 6: (Setting) 
		 7: %v_3->get %v_3[2.6,] 
		 8: BRANCH %v_4[2.7,] 
BB 3
	outgoing: 6 
	datadep: 
	instructions:
		 0: 
		 1: RETURN %v_5[3.0,] 
BB 4
	outgoing: 6 
	datadep: 2 
	instructions:
		 0: 
		 1: 
		 2: %v_6[4.1,] 
		 3: %self->render %self[2.0,] %v_7[4.2,] 
		 4: 
		 5: RETURN 
BB 6
	outgoing: 
	datadep: 
	instructions:

