SET IRMethod, name = index
BB 1
	outgoing: 3 2 
	datadep: 
	instructions:
BB 2
	outgoing: 3 
	datadep: 
	instructions:
		 0: 
		 1: 
		 2: 
		 3: 
		 4: 
		 5: 
		 6: %self->respond_to %self[2.0,] 
CLOSURE BEGIN: 
BB 1
	outgoing: 6 2 
	datadep: 
	instructions:
BB 2
	outgoing: 3 
	datadep: 
	instructions:
		 0: 
		 1: 
		 2: 
		 3: 
		 4: 
BB 3
	outgoing: 4 6 
	datadep: 2 2 2 2 
	instructions:
		 0: 
		 1: (Family) 
		 2: 
		 3: %cl_1_3->where %cl_1_3[3.1,] %cl_1_4[3.2,] 
		 4: %cl_1_5[3.3,] 
		 5: 
		 6: format->html %self[2.0,] format[2.2,] 
CLOSURE BEGIN: 
BB 1
	outgoing: 9 2 
	datadep: 
	instructions:
BB 2
	outgoing: 3 
	datadep: 
	instructions:
		 0: 
		 1: 
		 2: 
		 3: 
BB 3
	outgoing: 4 5 7 
	datadep: 2 
	instructions:
		 0: 
		 1: (VALID_SORT_COLS) 
		 2: %self->params %self[2.0,] 
		 3: %cl_2_4[3.2,] 
		 4: %cl_2_3->include? %cl_2_3[3.1,] %cl_2_5[3.3,] 
		 5: BRANCH %cl_2_6[3.4,] 
BB 4
	outgoing: 6 
	datadep: 
	instructions:
		 0: 
		 1: 
BB 5
	outgoing: 6 7 
	datadep: 2 
	instructions:
		 0: %self->params %self[2.0,] 
		 1: 
		 2: %cl_2_8[5.0,] %cl_2_9[5.1,] 
		 3: %cl_2_9[5.1,] 
BB 6
	outgoing: 7 9 
	datadep: 2 2 2 
	instructions:
		 0: 
		 1: %self->params %self[2.0,] 
		 2: %cl_2_10[6.1,] 
		 3: scope->order %cl_2_11[6.2,] 
		 4: %self->params %self[2.0,] 
		 5: %cl_2_13[6.4,] 
		 6: %cl_2_14[6.5,] 
		 7: %cl_2_12->paginate %cl_2_15[6.6,] %cl_2_12[6.3,] 
		 8: %cl_2_16[6.7,] %self[2.0,] @families[] 
		 9: RETURN %cl_2_16[6.7,] 
BB 7
	outgoing: 9 
	datadep: 
	instructions:
		 0: 
		 1: %cl_2_17[7.0,] 
		 2: RETURN %cl_2_18[7.1,] 
BB 9
	outgoing: 
	datadep: 
	instructions:
CLOSURE END
		 7: 
		 8: format->csv %self[2.0,] format[2.2,] 
CLOSURE BEGIN: 
BB 1
	outgoing: 6 2 
	datadep: 
	instructions:
BB 2
	outgoing: 3 
	datadep: 
	instructions:
		 0: 
		 1: 
		 2: 
		 3: 
BB 3
	outgoing: 4 6 
	datadep: 2 2 2 
	instructions:
		 0: 
		 1: 
		 2: scope->select %cl_3_3[3.1,] 
		 3: 
		 4: %cl_3_4->order %cl_3_4[3.2,] %cl_3_5[3.3,] 
		 5: %self[2.0,] %cl_3_6[3.4,] @families[] 
		 6: 
		 7: (CSV) 
		 8: %cl_3_7->generate %self[2.0,] %cl_3_7[3.7,] 
CLOSURE BEGIN: @families[3.5,] 
BB 1
	outgoing: 6 2 
	datadep: 
	instructions:
BB 2
	outgoing: 3 
	datadep: 
	instructions:
		 0: 
		 1: 
		 2: 
		 3: 
		 4: 
BB 3
	outgoing: 4 6 
	datadep: 2 2 
	instructions:
		 0: 
		 1: %self[2.0,] @families[] 
		 2: %cl_4_3->each %self[2.0,] %cl_4_3[3.1,] 
CLOSURE BEGIN: @families[3.1,] 
BB 1
	outgoing: 6 2 
	datadep: 
	instructions:
BB 2
	outgoing: 3 
	datadep: 
	instructions:
		 0: 
		 1: 
		 2: 
		 3: 
		 4: 
BB 3
	outgoing: 4 6 
	datadep: 2 2 2 2 2 
	instructions:
		 0: 
		 1: family->id family[2.2,] 
		 2: family->legacy_id family[2.2,] 
		 3: family->name family[2.2,] 
		 4: family->barcode_id family[2.2,] 
		 5: family->barcode_assigned_at family[2.2,] 
		 6: %cl_5_7[3.5,] %cl_5_3[3.1,] %cl_5_4[3.2,] %cl_5_5[3.3,] %cl_5_6[3.4,] 
		 7: %cl_5_8[3.6,] 
		 8: RETURN %cl_5_9[3.7,] 
BB 4
	outgoing: 6 
	datadep: 
	instructions:
		 0: 
		 1: %cl_5_10[4.0,] 
		 2: RETURN %cl_5_11[4.1,] 
BB 6
	outgoing: 
	datadep: 
	instructions:
CLOSURE END
		 3: RETURN %cl_4_4[3.2,] 
BB 4
	outgoing: 6 
	datadep: 
	instructions:
		 0: 
		 1: %cl_4_5[4.0,] 
		 2: RETURN %cl_4_6[4.1,] 
BB 6
	outgoing: 
	datadep: 
	instructions:
CLOSURE END
		 9: %cl_3_8[3.8,] 
		 10: 
		 11: %cl_3_8[3.8,] 
		 12: %self->render %self[2.0,] %cl_3_9[3.11,] 
		 13: RETURN %cl_3_10[3.12,] 
BB 4
	outgoing: 6 
	datadep: 
	instructions:
		 0: 
		 1: %cl_3_11[4.0,] 
		 2: RETURN %cl_3_12[4.1,] 
BB 6
	outgoing: 
	datadep: 
	instructions:
CLOSURE END
		 9: RETURN %cl_1_7[3.8,] 
BB 4
	outgoing: 6 
	datadep: 
	instructions:
		 0: 
		 1: %cl_1_8[4.0,] 
		 2: RETURN %cl_1_9[4.1,] 
BB 6
	outgoing: 
	datadep: 
	instructions:
CLOSURE END
		 7: RETURN %v_3[2.6,] 
BB 3
	outgoing: 
	datadep: 
	instructions:

SET IRMethod, name = only_admins
BB 1
	outgoing: 6 2 
	datadep: 
	instructions:
BB 2
	outgoing: 3 4 
	datadep: 
	instructions:
		 0: 
		 1: 
		 2: 
		 3: 
		 4: 
		 5: 
		 6: %self[2.0,] @logged_in[] 
		 7: %v_3->admin? %v_3[2.6,] 
		 8: BRANCH %v_4[2.7,] 
BB 3
	outgoing: 6 
	datadep: 
	instructions:
		 0: 
		 1: RETURN %v_5[3.0,] 
BB 4
	outgoing: 6 
	datadep: 2 
	instructions:
		 0: 
		 1: 
		 2: %v_6[4.1,] 
		 3: %self->render %self[2.0,] %v_7[4.2,] 
		 4: 
		 5: RETURN 
BB 6
	outgoing: 
	datadep: 
	instructions:

SET IRMethod, name = feature_enabled?
BB 1
	outgoing: 6 2 
	datadep: 
	instructions:
BB 2
	outgoing: 3 4 
	datadep: 
	instructions:
		 0: 
		 1: 
		 2: 
		 3: 
		 4: 
		 5: 
		 6: (Setting) 
		 7: %v_3->get %v_3[2.6,] 
		 8: BRANCH %v_4[2.7,] 
BB 3
	outgoing: 6 
	datadep: 
	instructions:
		 0: 
		 1: RETURN %v_5[3.0,] 
BB 4
	outgoing: 6 
	datadep: 2 
	instructions:
		 0: 
		 1: 
		 2: %v_6[4.1,] 
		 3: %self->render %self[2.0,] %v_7[4.2,] 
		 4: 
		 5: RETURN 
BB 6
	outgoing: 
	datadep: 
	instructions:

