SET IRMethod, name = index
BB 1
	outgoing: 9 2 
	datadep: 
	instructions:
BB 2
	outgoing: 3 4 
	datadep: 
	instructions:
		 0: 
		 1: 
		 2: 
		 3: 
		 4: 
		 5: 
		 6: (CheckinTime) 
		 7: %v_3->recurring %v_3[2.6,] 
		 8: %v_4->order %v_4[2.7,] 
		 9: %self[2.0,] %v_5[2.8,] @recurring_times[] 
		 10: 
		 11: (CheckinTime) 
		 12: %v_6->future_singles %v_6[2.11,] 
		 13: %v_7->order %v_7[2.12,] 
		 14: %self[2.0,] %v_8[2.13,] @single_times[] 
		 15: 
		 16: 
		 17: %self->t %self[2.0,] %v_9[2.16,] 
		 18: %self[2.0,] %v_10[2.17,] @title[] 
		 19: 
		 20: 
		 21: %self->t %self[2.0,] %v_11[2.20,] 
		 22: 
		 23: 
		 24: 
		 25: 
		 26: %v_15[2.25,] 
		 27: %v_14[2.24,] %v_16[2.26,] 
		 28: %self->link_to %v_13[2.23,] %self[2.0,] %v_17[2.27,] 
CLOSURE BEGIN: @title[2.18,] @single_times[] @recurring_times[] 
BB 1
	outgoing: 6 2 
	datadep: 
	instructions:
BB 2
	outgoing: 3 
	datadep: 
	instructions:
		 0: 
		 1: 
		 2: 
		 3: 
BB 3
	outgoing: 4 6 
	datadep: 2 2 
	instructions:
		 0: 
		 1: 
		 2: %self->icon %cl_1_3[3.1,] %self[2.0,] 
		 3: 
		 4: 
		 5: %self->t %self[2.0,] %cl_1_5[3.4,] 
		 6: RETURN %cl_1_6[3.5,] 
BB 4
	outgoing: 6 
	datadep: 
	instructions:
		 0: 
		 1: %cl_1_7[4.0,] 
		 2: RETURN %cl_1_8[4.1,] 
BB 6
	outgoing: 
	datadep: 
	instructions:
CLOSURE END
		 29: 
		 30: %self->administration_checkin_times_path %self[2.0,] 
		 31: 
		 32: 
		 33: 
		 34: %v_20[2.31,] %v_21[2.32,] %v_22[2.33,] 
		 35: 
		 36: %v_24[2.35,] %v_19[2.30,] %v_23[2.34,] 
		 37: %self->form_for %v_25[2.36,] %self[2.0,] 
CLOSURE BEGIN: @title[2.18,] @single_times[] @recurring_times[] 
BB 1
	outgoing: 8 2 
	datadep: 
	instructions:
BB 2
	outgoing: 3 
	datadep: 
	instructions:
		 0: 
		 1: 
		 2: 
		 3: 
		 4: 
BB 3
	outgoing: 4 5 6 
	datadep: 
	instructions:
		 0: 
		 1: (Date) 
		 2: %cl_2_3[3.1,] 
		 3: %cl_2_4[3.2,] 
BB 4
	outgoing: 5 6 
	datadep: 3 
	instructions:
		 0: %cl_2_3[3.1,] 
BB 5
	outgoing: 6 8 
	datadep: 4 3 2 2 2 2 2 2 2 2 
	instructions:
		 0: %cl_2_4->each_with_index %cl_2_4[4.0,3.2,] 
		 1: %cl_2_5->to_a %cl_2_5[5.0,] 
		 2: 
		 3: 
		 4: %cl_2_8[5.3,] 
		 5: form->select form[2.2,] %cl_2_6[5.1,] %cl_2_7[5.2,] %cl_2_9[5.4,] 
		 6: 
		 7: 
		 8: 
		 9: %self->t %self[2.0,] %cl_2_12[5.8,] 
		 10: %cl_2_13[5.9,] %cl_2_11[5.7,] 
		 11: form->text_field %cl_2_14[5.10,] form[2.2,] 
		 12: 
		 13: 
		 14: %self->t %cl_2_16[5.13,] %self[2.0,] 
		 15: 
		 16: %cl_2_17[5.14,] %cl_2_18[5.15,] 
		 17: %cl_2_19[5.16,] 
		 18: (CheckinTime) 
		 19: %cl_2_21->campuses %cl_2_21[5.18,] 
		 20: %cl_2_22[5.19,] %cl_2_20[5.17,] 
		 21: %self->options_for_select %self[2.0,] %cl_2_23[5.20,] 
		 22: 
		 23: 
		 24: %cl_2_26[5.23,] 
		 25: form->select %cl_2_27[5.24,] %cl_2_24[5.21,] %cl_2_25[5.22,] form[2.2,] 
		 26: 
		 27: 
		 28: %self->t %self[2.0,] %cl_2_29[5.27,] 
		 29: 
		 30: %cl_2_31[5.29,] 
		 31: form->button form[2.2,] %cl_2_30[5.28,] %cl_2_32[5.30,] 
		 32: RETURN %cl_2_33[5.31,] 
BB 6
	outgoing: 8 
	datadep: 
	instructions:
		 0: 
		 1: %cl_2_34[6.0,] 
		 2: RETURN %cl_2_35[6.1,] 
BB 8
	outgoing: 
	datadep: 
	instructions:
CLOSURE END
		 38: 
		 39: @recurring_times[2.9,] 
		 40: %v_27->any? %v_27[2.39,] 
		 41: BRANCH %v_28[2.40,] 
BB 3
	outgoing: 5 
	datadep: 2 2 
	instructions:
		 0: 
		 1: 
		 2: %self[2.0,] @recurring_times[2.9,2.39,] 
		 3: %v_29[3.1,] %v_30[3.2,] 
		 4: %self->render %self[2.0,] %v_31[3.3,] 
		 5: 
BB 4
	outgoing: 5 
	datadep: 2 
	instructions:
		 0: 
		 1: 
		 2: %self->t %self[2.0,] %v_33[4.1,] 
		 3: %v_34[4.2,] 
BB 5
	outgoing: 6 7 
	datadep: 2 2 2 2 2 
	instructions:
		 0: 
		 1: 
		 2: %self->t %v_35[5.1,] %self[2.0,] 
		 3: 
		 4: 
		 5: 
		 6: 
		 7: %v_39[5.6,] 
		 8: %v_38[5.5,] %v_40[5.7,] 
		 9: %self->link_to %self[2.0,] %v_37[5.4,] %v_41[5.8,] 
CLOSURE BEGIN: @title[2.18,] @single_times[] @recurring_times[3.2,] 
BB 1
	outgoing: 6 2 
	datadep: 
	instructions:
BB 2
	outgoing: 3 
	datadep: 
	instructions:
		 0: 
		 1: 
		 2: 
		 3: 
BB 3
	outgoing: 4 6 
	datadep: 2 2 
	instructions:
		 0: 
		 1: 
		 2: %self->icon %self[2.0,] %cl_3_3[3.1,] 
		 3: 
		 4: 
		 5: %self->t %self[2.0,] %cl_3_5[3.4,] 
		 6: RETURN %cl_3_6[3.5,] 
BB 4
	outgoing: 6 
	datadep: 
	instructions:
		 0: 
		 1: %cl_3_7[4.0,] 
		 2: RETURN %cl_3_8[4.1,] 
BB 6
	outgoing: 
	datadep: 
	instructions:
CLOSURE END
		 10: 
		 11: %self->administration_checkin_times_path %self[2.0,] 
		 12: 
		 13: 
		 14: 
		 15: %v_46[5.14,] %v_44[5.12,] %v_45[5.13,] 
		 16: 
		 17: %v_47[5.15,] %v_48[5.16,] %v_43[5.11,] 
		 18: %self->form_for %self[2.0,] %v_49[5.17,] 
CLOSURE BEGIN: @title[2.18,] @single_times[] @recurring_times[3.2,] 
BB 1
	outgoing: 6 2 
	datadep: 
	instructions:
BB 2
	outgoing: 3 
	datadep: 
	instructions:
		 0: 
		 1: 
		 2: 
		 3: 
		 4: 
BB 3
	outgoing: 4 6 
	datadep: 2 2 2 2 2 2 2 
	instructions:
		 0: 
		 1: 
		 2: 
		 3: %self->t %self[2.0,] %cl_4_4[3.2,] 
		 4: %cl_4_3[3.1,] %cl_4_5[3.3,] 
		 5: form->text_field form[2.2,] %cl_4_6[3.4,] 
		 6: 
		 7: 
		 8: %self->t %self[2.0,] %cl_4_8[3.7,] 
		 9: 
		 10: %cl_4_10[3.9,] %cl_4_9[3.8,] 
		 11: %cl_4_11[3.10,] 
		 12: (CheckinTime) 
		 13: %cl_4_13->campuses %cl_4_13[3.12,] 
		 14: %cl_4_14[3.13,] %cl_4_12[3.11,] 
		 15: %self->options_for_select %self[2.0,] %cl_4_15[3.14,] 
		 16: 
		 17: 
		 18: %cl_4_18[3.17,] 
		 19: form->select %cl_4_17[3.16,] %cl_4_16[3.15,] form[2.2,] %cl_4_19[3.18,] 
		 20: 
		 21: 
		 22: %self->t %self[2.0,] %cl_4_21[3.21,] 
		 23: 
		 24: %cl_4_23[3.23,] 
		 25: form->button form[2.2,] %cl_4_24[3.24,] %cl_4_22[3.22,] 
		 26: RETURN %cl_4_25[3.25,] 
BB 4
	outgoing: 6 
	datadep: 
	instructions:
		 0: 
		 1: %cl_4_26[4.0,] 
		 2: RETURN %cl_4_27[4.1,] 
BB 6
	outgoing: 
	datadep: 
	instructions:
CLOSURE END
		 19: 
		 20: %self[2.0,] @single_times[2.14,2.14,] 
		 21: %v_51->any? %v_51[5.20,] 
		 22: BRANCH %v_52[5.21,] 
BB 6
	outgoing: 9 
	datadep: 2 2 
	instructions:
		 0: 
		 1: 
		 2: %self[2.0,] @single_times[5.20,] 
		 3: %v_53[6.1,] %v_54[6.2,] 
		 4: %self->render %self[2.0,] %v_55[6.3,] 
		 5: RETURN %v_56[6.4,] 
BB 7
	outgoing: 9 
	datadep: 2 
	instructions:
		 0: 
		 1: 
		 2: %self->t %v_57[7.1,] %self[2.0,] 
		 3: RETURN %v_58[7.2,] 
BB 9
	outgoing: 
	datadep: 
	instructions:

SET IRMethod, name = show
BB 1
	outgoing: 3 2 
	datadep: 
	instructions:
BB 2
	outgoing: 3 
	datadep: 
	instructions:
		 0: 
		 1: 
		 2: 
		 3: 
		 4: 
		 5: 
		 6: %self->params %self[2.0,] 
		 7: %v_3[2.6,] 
		 8: %self->administration_checkin_time_groups_path %self[2.0,] %v_4[2.7,] 
		 9: %self->redirect_to %self[2.0,] %v_5[2.8,] 
		 10: RETURN %v_6[2.9,] 
BB 3
	outgoing: 
	datadep: 
	instructions:

SET IRMethod, name = edit
BB 1
	outgoing: 3 2 
	datadep: 
	instructions:
BB 2
	outgoing: 3 
	datadep: 
	instructions:
		 0: 
		 1: 
		 2: 
		 3: 
		 4: 
		 5: 
		 6: (CheckinTime) 
		 7: %self->params %self[2.0,] 
		 8: %v_4[2.7,] 
		 9: %v_3->find %v_5[2.8,] %v_3[2.6,] 
		 10: %self[2.0,] %v_6[2.9,] @time[] 
		 11: 
		 12: 
		 13: %self->t %self[2.0,] %v_7[2.12,] 
		 14: %self[2.0,] %v_8[2.13,] @title[] 
		 15: 
		 16: @time[2.10,] 
		 17: @time[2.10,2.16,] 
		 18: %self->administration_checkin_time_path %self[2.0,] %v_10[2.17,] 
		 19: %v_11[2.18,] 
		 20: %self->form_for %self[2.0,] %v_9[2.16,] %v_12[2.19,] 
CLOSURE BEGIN: @time[2.10,] @title[2.14,] 
BB 1
	outgoing: 11 2 
	datadep: 
	instructions:
BB 2
	outgoing: 3 
	datadep: 
	instructions:
		 0: 
		 1: 
		 2: 
		 3: 
		 4: 
BB 3
	outgoing: 4 7 9 
	datadep: 2 
	instructions:
		 0: 
		 1: %self[2.0,] @time[] 
		 2: %cl_1_3->weekday %cl_1_3[3.1,] 
		 3: BRANCH %cl_1_4[3.2,] 
BB 4
	outgoing: 5 6 9 
	datadep: 
	instructions:
		 0: 
		 1: (Date) 
		 2: %cl_1_5[4.1,] 
		 3: %cl_1_6[4.2,] 
BB 5
	outgoing: 6 9 
	datadep: 4 
	instructions:
		 0: %cl_1_5[4.1,] 
BB 6
	outgoing: 8 9 
	datadep: 5 4 2 2 2 2 
	instructions:
		 0: %cl_1_6->each_with_index %cl_1_6[5.0,4.2,] 
		 1: %cl_1_7->to_a %cl_1_7[6.0,] 
		 2: 
		 3: 
		 4: %cl_1_10[6.3,] 
		 5: form->select form[2.2,] %cl_1_8[6.1,] %cl_1_11[6.4,] %cl_1_9[6.2,] 
		 6: 
		 7: %self[2.0,] @time[3.1,3.1,] 
		 8: %cl_1_13->time_to_s %cl_1_13[6.7,] 
		 9: 
		 10: 
		 11: %self->t %self[2.0,] %cl_1_16[6.10,] 
		 12: %cl_1_14[6.8,] %cl_1_15[6.9,] %cl_1_17[6.11,] 
		 13: form->text_field %cl_1_18[6.12,] form[2.2,] 
		 14: 
BB 7
	outgoing: 8 9 
	datadep: 2 2 2 
	instructions:
		 0: 
		 1: %self[2.0,] @time[3.1,] 
		 2: %cl_1_20->to_s %cl_1_20[7.1,] 
		 3: 
		 4: 
		 5: %self->t %self[2.0,] %cl_1_23[7.4,] 
		 6: %cl_1_24[7.5,] %cl_1_21[7.2,] %cl_1_22[7.3,] 
		 7: form->text_field %cl_1_25[7.6,] form[2.2,] 
		 8: %cl_1_26[7.7,] 
BB 8
	outgoing: 9 11 
	datadep: 2 2 2 2 2 2 2 2 2 
	instructions:
		 0: 
		 1: 
		 2: %self->t %self[2.0,] %cl_1_27[8.1,] 
		 3: 
		 4: %cl_1_29[8.3,] %cl_1_28[8.2,] 
		 5: %cl_1_30[8.4,] 
		 6: (CheckinTime) 
		 7: %cl_1_32->campuses %cl_1_32[8.6,] 
		 8: %cl_1_33[8.7,] %cl_1_31[8.5,] 
		 9: %self[2.0,] @time[7.1,6.7,] 
		 10: %cl_1_35->campus %cl_1_35[8.9,] 
		 11: %self->options_for_select %cl_1_36[8.10,] %self[2.0,] %cl_1_34[8.8,] 
		 12: 
		 13: 
		 14: %cl_1_39[8.13,] 
		 15: form->select %cl_1_37[8.11,] form[2.2,] %cl_1_38[8.12,] %cl_1_40[8.14,] 
		 16: 
		 17: 
		 18: %self->t %self[2.0,] %cl_1_42[8.17,] 
		 19: 
		 20: %cl_1_44[8.19,] 
		 21: form->button %cl_1_45[8.20,] form[2.2,] %cl_1_43[8.18,] 
		 22: 
		 23: @time[8.9,] 
		 24: %self->administration_checkin_time_path %cl_1_47[8.23,] %self[2.0,] 
		 25: 
		 26: 
		 27: %self->t %self[2.0,] %cl_1_50[8.26,] 
		 28: %cl_1_49[8.25,] %cl_1_51[8.27,] 
		 29: 
		 30: %cl_1_52[8.28,] %cl_1_53[8.29,] 
		 31: %self->link_to %cl_1_48[8.24,] %self[2.0,] %cl_1_54[8.30,] 
CLOSURE BEGIN: @time[8.9,] 
BB 1
	outgoing: 6 2 
	datadep: 
	instructions:
BB 2
	outgoing: 3 
	datadep: 
	instructions:
		 0: 
		 1: 
		 2: 
		 3: 
BB 3
	outgoing: 4 6 
	datadep: 2 2 
	instructions:
		 0: 
		 1: 
		 2: %self->icon %cl_2_3[3.1,] %self[2.0,] 
		 3: 
		 4: 
		 5: %self->t %self[2.0,] %cl_2_5[3.4,] 
		 6: RETURN %cl_2_6[3.5,] 
BB 4
	outgoing: 6 
	datadep: 
	instructions:
		 0: 
		 1: %cl_2_7[4.0,] 
		 2: RETURN %cl_2_8[4.1,] 
BB 6
	outgoing: 
	datadep: 
	instructions:
CLOSURE END
		 32: RETURN %cl_1_55[8.31,] 
BB 9
	outgoing: 11 
	datadep: 
	instructions:
		 0: 
		 1: %cl_1_56[9.0,] 
		 2: RETURN %cl_1_57[9.1,] 
BB 11
	outgoing: 
	datadep: 
	instructions:
CLOSURE END
		 21: RETURN %v_13[2.20,] 
BB 3
	outgoing: 
	datadep: 
	instructions:

SET IRMethod, name = create
BB 1
	outgoing: 6 2 
	datadep: 
	instructions:
BB 2
	outgoing: 3 4 
	datadep: 
	instructions:
		 0: 
		 1: 
		 2: 
		 3: 
		 4: 
		 5: 
		 6: (CheckinTime) 
		 7: %self->time_params %self[2.0,] 
		 8: %v_3->create %v_4[2.7,] %v_3[2.6,] 
		 9: %self[2.0,] %v_5[2.8,] @time[] 
		 10: 
		 11: @time[2.9,] 
		 12: %v_6->valid? %v_6[2.11,] 
		 13: BRANCH %v_7[2.12,] 
BB 3
	outgoing: 5 
	datadep: 
	instructions:
		 0: 
		 1: 
BB 4
	outgoing: 5 
	datadep: 2 2 
	instructions:
		 0: %self[2.0,] @time[2.9,2.11,] 
		 1: %self->add_errors_to_flash %self[2.0,] %v_9[4.0,] 
		 2: %v_10[4.1,] 
BB 5
	outgoing: 6 
	datadep: 2 2 
	instructions:
		 0: 
		 1: %self->administration_checkin_times_path %self[2.0,] 
		 2: %self->redirect_to %self[2.0,] %v_11[5.1,] 
		 3: RETURN %v_12[5.2,] 
BB 6
	outgoing: 
	datadep: 
	instructions:

SET IRMethod, name = update
BB 1
	outgoing: 6 2 
	datadep: 
	instructions:
BB 2
	outgoing: 3 4 
	datadep: 
	instructions:
		 0: 
		 1: 
		 2: 
		 3: 
		 4: 
		 5: 
		 6: (CheckinTime) 
		 7: %self->params %self[2.0,] 
		 8: %v_4[2.7,] 
		 9: %v_3->find %v_5[2.8,] %v_3[2.6,] 
		 10: %self[2.0,] %v_6[2.9,] @time[] 
		 11: 
		 12: @time[2.10,] 
		 13: %self->time_params %self[2.0,] 
		 14: %v_7->update_attributes %v_8[2.13,] %v_7[2.12,] 
		 15: BRANCH %v_9[2.14,] 
BB 3
	outgoing: 5 
	datadep: 2 2 
	instructions:
		 0: 
		 1: %self->flash %self[2.0,] 
		 2: 
		 3: %self->t %self[2.0,] %v_11[3.2,] 
		 4: %v_10[3.1,] %v_12[3.3,] 
		 5: 
BB 4
	outgoing: 5 
	datadep: 2 2 
	instructions:
		 0: 
		 1: %self[2.0,] @time[2.10,2.12,] 
		 2: %self->add_errors_to_flash %v_13[4.1,] %self[2.0,] 
		 3: %v_14[4.2,] 
BB 5
	outgoing: 6 
	datadep: 2 2 
	instructions:
		 0: 
		 1: %self->administration_checkin_times_path %self[2.0,] 
		 2: %self->redirect_to %self[2.0,] %v_15[5.1,] 
		 3: RETURN %v_16[5.2,] 
BB 6
	outgoing: 
	datadep: 
	instructions:

SET IRMethod, name = destroy
BB 1
	outgoing: 3 2 
	datadep: 
	instructions:
BB 2
	outgoing: 3 
	datadep: 
	instructions:
		 0: 
		 1: 
		 2: 
		 3: 
		 4: 
		 5: 
		 6: (CheckinTime) 
		 7: %self->params %self[2.0,] 
		 8: %v_4[2.7,] 
		 9: %v_3->find %v_5[2.8,] %v_3[2.6,] 
		 10: %self[2.0,] %v_6[2.9,] @time[] 
		 11: 
		 12: @time[2.10,] 
		 13: %v_7->destroy %v_7[2.12,] 
		 14: 
		 15: %self->administration_checkin_times_path %self[2.0,] 
		 16: %self->redirect_to %self[2.0,] %v_9[2.15,] 
		 17: RETURN %v_10[2.16,] 
BB 3
	outgoing: 
	datadep: 
	instructions:

SET IRMethod, name = time_params
BB 1
	outgoing: 3 2 
	datadep: 
	instructions:
BB 2
	outgoing: 3 
	datadep: 
	instructions:
		 0: 
		 1: 
		 2: 
		 3: 
		 4: 
		 5: 
		 6: %self->params %self[2.0,] 
		 7: %v_3->require %v_3[2.6,] 
		 8: %v_4->permit %v_4[2.7,] 
		 9: RETURN %v_5[2.8,] 
BB 3
	outgoing: 
	datadep: 
	instructions:

SET IRMethod, name = only_admins
BB 1
	outgoing: 6 2 
	datadep: 
	instructions:
BB 2
	outgoing: 3 4 
	datadep: 
	instructions:
		 0: 
		 1: 
		 2: 
		 3: 
		 4: 
		 5: 
		 6: %self[2.0,] @logged_in[] 
		 7: %v_3->admin? %v_3[2.6,] 
		 8: BRANCH %v_4[2.7,] 
BB 3
	outgoing: 6 
	datadep: 
	instructions:
		 0: 
		 1: RETURN %v_5[3.0,] 
BB 4
	outgoing: 6 
	datadep: 2 
	instructions:
		 0: 
		 1: 
		 2: %v_6[4.1,] 
		 3: %self->render %self[2.0,] %v_7[4.2,] 
		 4: 
		 5: RETURN 
BB 6
	outgoing: 
	datadep: 
	instructions:

SET IRMethod, name = feature_enabled?
BB 1
	outgoing: 6 2 
	datadep: 
	instructions:
BB 2
	outgoing: 3 4 
	datadep: 
	instructions:
		 0: 
		 1: 
		 2: 
		 3: 
		 4: 
		 5: 
		 6: (Setting) 
		 7: %v_3->get %v_3[2.6,] 
		 8: BRANCH %v_4[2.7,] 
BB 3
	outgoing: 6 
	datadep: 
	instructions:
		 0: 
		 1: RETURN %v_5[3.0,] 
BB 4
	outgoing: 6 
	datadep: 2 
	instructions:
		 0: 
		 1: 
		 2: %v_6[4.1,] 
		 3: %self->render %self[2.0,] %v_7[4.2,] 
		 4: 
		 5: RETURN 
BB 6
	outgoing: 
	datadep: 
	instructions:

