SET IRMethod, name = get_avatar
BB 1
	outgoing: 7 2 
	datadep: 
	instructions:
BB 2
	outgoing: 3 4 
	datadep: 
	instructions:
		 0: def_%self 
		 1: def_%v_0 
		 2: def_%current_scope 
		 3: def_%current_module 
		 4: 
		 5: def_options 
		 6: options[2.5,] 
BB 3
	outgoing: 4 
	datadep: 
	instructions:
		 0: def_%v_3 
		 1: def_options %v_3[3.0,] 
BB 4
	outgoing: 5 6 
	datadep: 
	instructions:
		 0: 
		 1: def_%v_4 options->delete options[3.1,2.5,] 
		 2: BRANCH %v_4[4.1,] 
BB 5
	outgoing: 6 
	datadep: 
	instructions:
		 0: def_%v_5 
		 1: def_%v_4 %v_5[5.0,] 
BB 6
	outgoing: 7 
	datadep: 
	instructions:
		 0: def_email %v_4[5.1,4.1,] 
		 1: 
		 2: def_%v_6 %self->gravatar_tag %self[2.0,] %v_4[5.1,4.1,] options[3.1,2.5,] 
		 3: RETURN %v_6[6.2,] 
BB 7
	outgoing: 
	datadep: 
	instructions:

SET IRMethod, name = name
BB 1
	outgoing: 3 2 
	datadep: 
	instructions:
BB 2
	outgoing: 3 
	datadep: 
	instructions:
		 0: def_%self 
		 1: def_%v_0 
		 2: def_%current_scope 
		 3: def_%current_module 
		 4: 
		 5: 
		 6: def_%v_3 
		 7: RETURN %v_3[2.6,] 
BB 3
	outgoing: 
	datadep: 
	instructions:

SET IRMethod, name = gravatar_tag
BB 1
	outgoing: 15 2 
	datadep: 
	instructions:
BB 2
	outgoing: 3 4 
	datadep: 
	instructions:
		 0: def_%self 
		 1: def_%v_0 
		 2: def_%current_scope 
		 3: def_%current_module 
		 4: 
		 5: def_email RECEIVEARG 
		 6: def_options 
		 7: options[2.6,] 
BB 3
	outgoing: 4 
	datadep: 
	instructions:
		 0: def_%v_3 
		 1: def_options %v_3[3.0,] 
BB 4
	outgoing: 5 6 
	datadep: 
	instructions:
		 0: 
		 1: def_%v_4 (Digest) 
		 2: def_%v_5 %v_4[4.1,] 
		 3: %v_5[4.2,] 
BB 5
	outgoing: 6 
	datadep: 
	instructions:
		 0: def_%v_5 %v_4[4.1,] 
BB 6
	outgoing: 7 8 
	datadep: 
	instructions:
		 0: def_%v_6 email->strip email[2.5,] 
		 1: def_%v_7 %v_5->hexdigest %v_5[5.0,4.2,] %v_6[6.0,] 
		 2: options[3.1,2.6,] %v_7[6.1,] 
		 3: 
		 4: def_%v_8 options->include? options[6.2,] 
		 5: BRANCH %v_8[6.4,] 
BB 7
	outgoing: 9 
	datadep: 
	instructions:
		 0: def_%v_9 (CGI) 
		 1: def_%v_10 options[6.2,] 
		 2: def_%v_11 %v_9->escape %v_9[7.0,] %v_10[7.1,] 
		 3: options[6.2,] %v_11[7.2,] 
		 4: 
BB 8
	outgoing: 9 
	datadep: 
	instructions:
		 0: def_%v_11 
BB 9
	outgoing: 10 11 
	datadep: 
	instructions:
		 0: 
		 1: def_%v_12 options[7.3,6.2,] 
		 2: BRANCH %v_12[9.1,] 
BB 10
	outgoing: 11 
	datadep: 
	instructions:
		 0: def_%v_12 options[7.3,6.2,] 
		 1: def_%v_12 
BB 11
	outgoing: 12 13 
	datadep: 
	instructions:
		 0: 
		 1: def_%v_13 options[7.3,6.2,] 
		 2: BRANCH %v_13[11.1,] 
BB 12
	outgoing: 14 
	datadep: 
	instructions:
		 0: def_%v_14 options[7.3,6.2,] 
		 1: 
BB 13
	outgoing: 14 
	datadep: 
	instructions:
		 0: def_%v_15 
		 1: def_%v_14 %v_15[13.0,] 
BB 14
	outgoing: 15 
	datadep: 
	instructions:
		 0: def_klass %v_14[13.1,12.0,] 
		 1: 
		 2: def_%v_16 
		 3: def_%v_17 options->map options[7.3,6.2,] %self[2.0,] 
CLOSURE BEGIN: key[] value[] 
BB 1
	outgoing: 6 2 
	datadep: 
	instructions:
BB 2
	outgoing: 3 
	datadep: 
	instructions:
		 0: def_%self 
		 1: def_%cl_1_0 
		 2: def_key RECEIVEARG 
		 3: def_value RECEIVEARG 
		 4: def_%current_scope 
		 5: def_%current_module 
BB 3
	outgoing: 4 6 
	datadep: 
	instructions:
		 0: 
		 1: def_%cl_1_3 
		 2: def_%cl_1_4 key[2.2,] %cl_1_3[3.1,] value[2.3,] 
		 3: RETURN %cl_1_4[3.2,] 
BB 4
	outgoing: 6 
	datadep: 
	instructions:
		 0: def_%cl_1_5 
		 1: def_%cl_1_6 %cl_1_5[4.0,] 
		 2: RETURN %cl_1_6[4.1,] 
BB 6
	outgoing: 
	datadep: 
	instructions:
CLOSURE END
		 4: def_%v_18 %v_17->sort %v_17[14.3,] 
		 5: def_%v_19 
		 6: def_%v_20 %v_18->join %v_18[14.4,] %v_19[14.5,] 
		 7: def_%v_21 %v_16[14.2,] %v_20[14.6,] 
		 8: def_url %v_21[14.7,] 
		 9: 
		 10: def_%v_22 
		 11: def_%v_23 
		 12: def_%v_24 
		 13: def_%v_25 %v_22[14.10,] %v_21[14.7,] %v_23[14.11,] klass[14.0,] %v_24[14.12,] 
		 14: RETURN %v_25[14.13,] 
BB 15
	outgoing: 
	datadep: 
	instructions:

