digraph CommentsController_reply_forward_70153648014120 {
	n18 -> n19
	n19 -> n20
	n20 -> n23
	n23 -> n49
	n49 -> n50
	n20 -> n52
	n52 -> n57
	n57 -> n58
	n58 -> n63
	n63 -> n64
	n57 -> n60
	n60 -> n61
	n61 -> n63
	n52 -> n60
	n19 -> n21
	n21 -> n22
	n21 -> n50
	n18 [label=<<i>User.where</i>> color=crimson shape=doubleoctagon]; 
	n19 [label = <<i>User_where(session_token=Isession[u]_to_s).first</i>> color=coral1 ]
	n20 []
	n23 [label = <<i>user.is_active?</i>> ]
	n49 []
	n50 []
	n52 []
	n57 []
	n58 [label = <<i>@user.id</i>> ]
	n63 []
	n64 [label = <<i>Rails_logger.info</i>> ]
	n60 []
	n61 [label = <<i>@user.username</i>> ]
	n21 []
	n22 []
}

digraph CommentsController_reply_backward_70153648014120 {
	n13 -> n18
	n17 -> n18
	n16 -> n17
	n15 -> n16
	n14 -> n15
	n3 -> n14
	n18 [label=<<i>User.where</i>> color=crimson shape=doubleoctagon]; 
	n13 []
	n17 []
	n16 [label = <<i>session[u].to_s</i>> ]
	n15 []
	n14 [label = <<i>self.session</i>> ]
	n3 []
}

digraph CommentsController_reply_forward_70153648053760 {
	n19 -> n20
	n20 -> n23
	n23 -> n49
	n49 -> n50
	n20 -> n52
	n52 -> n57
	n57 -> n58
	n58 -> n63
	n63 -> n64
	n57 -> n60
	n60 -> n61
	n61 -> n63
	n52 -> n60
	n19 -> n21
	n21 -> n22
	n21 -> n50
	n19 [label=<<i>User_where(session_token=Isession[u]_to_s).first</i>> color=crimson shape=doubleoctagon]; 
	n20 []
	n23 [label = <<i>user.is_active?</i>> ]
	n49 []
	n50 []
	n52 []
	n57 []
	n58 [label = <<i>@user.id</i>> ]
	n63 []
	n64 [label = <<i>Rails_logger.info</i>> ]
	n60 []
	n61 [label = <<i>@user.username</i>> ]
	n21 []
	n22 []
}

digraph CommentsController_reply_backward_70153648053760 {
	n18 -> n19
	n13 -> n18
	n17 -> n18
	n16 -> n17
	n15 -> n16
	n14 -> n15
	n3 -> n14
	n19 [label=<<i>User_where(session_token=Isession[u]_to_s).first</i>> color=crimson shape=doubleoctagon]; 
	n18 [label = <<i>User.where</i>> color=coral1 ]
	n13 []
	n17 []
	n16 [label = <<i>session[u].to_s</i>> ]
	n15 []
	n14 [label = <<i>self.session</i>> ]
	n3 []
}

digraph CommentsController_reply_forward_70153635918200 {
	n122 [label=<<i>Keystore.transaction</i>> color=crimson shape=doubleoctagon]; 
}

digraph CommentsController_reply_backward_70153635918200 {
	n121 -> n122
	n72 -> n122
	n122 [label=<<i>Keystore.transaction</i>> color=crimson shape=doubleoctagon]; 
	n121 []
	n72 []
}

digraph CommentsController_reply_forward_70153623223220 {
	n156 -> n158
	n158 -> n159
	n159 -> n160
	n160 -> n164
	n159 -> n162
	n156 [label=<<i>self.lock</i>> color=crimson shape=doubleoctagon]; 
	n158 [label = <<i>self_lock(true).where</i>> color=coral1 ]
	n159 [label = <<i>%cl_1_5.first</i>> ]
	n160 []
	n164 []
	n162 []
}

digraph CommentsController_reply_backward_70153623223220 {
	n151 -> n156
	n156 [label=<<i>self.lock</i>> color=crimson shape=doubleoctagon]; 
	n151 []
}

digraph CommentsController_reply_forward_70153623221540 {
	n158 -> n159
	n159 -> n160
	n160 -> n164
	n159 -> n162
	n158 [label=<<i>self_lock(true).where</i>> color=crimson shape=doubleoctagon]; 
	n159 [label = <<i>%cl_1_5.first</i>> ]
	n160 []
	n164 []
	n162 []
}

digraph CommentsController_reply_backward_70153623221540 {
	n156 -> n158
	n151 -> n156
	n157 -> n158
	n158 [label=<<i>self_lock(true).where</i>> color=crimson shape=doubleoctagon]; 
	n156 [label = <<i>self.lock</i>> color=coral1 ]
	n151 []
	n157 []
}

digraph CommentsController_reply_forward_70153623202420 {
	n182 -> n187
	n182 [label=<<i>kv.save!</i>> color=crimson shape=doubleoctagon]; 
	n187 []
}

digraph CommentsController_reply_backward_70153623202420 {
	n178 -> n182
	n174 -> n178
	n180 -> n182
	n178 -> n180
	n182 [label=<<i>kv.save!</i>> color=crimson shape=doubleoctagon]; 
	n178 []
	n174 []
	n180 []
}

digraph CommentsController_reply_forward_70153623190540 {
	n185 [label=<<i>self.where</i>> color=crimson shape=doubleoctagon]; 
}

digraph CommentsController_reply_backward_70153623190540 {
	n185 [label=<<i>self.where</i>> color=crimson shape=doubleoctagon]; 
}

digraph CommentsController_reply_forward_70153623109340 {
	n255 [label=<<i>traffic_kv.save!</i>> color=crimson shape=doubleoctagon]; 
}

digraph CommentsController_reply_backward_70153623109340 {
	n228 -> n255
	n227 -> n228
	n226 -> n227
	n225 -> n227
	n253 -> n255
	n228 -> n253
	n233 -> n253
	n232 -> n233
	n231 -> n232
	n230 -> n231
	n227 -> n230
	n242 -> n253
	n241 -> n242
	n233 -> n241
	n240 -> n241
	n239 -> n240
	n238 -> n239
	n237 -> n239
	n236 -> n237
	n235 -> n236
	n223 -> n235
	n136 -> n223
	n131 -> n136
	n130 -> n131
	n129 -> n130
	n134 -> n136
	n135 -> n136
	n218 -> n136
	n149 -> n218
	n139 -> n149
	n218 -> n136
	n221 -> n136
	n220 -> n221
	n219 -> n220
	n132 -> n236
	n131 -> n132
	n248 -> n253
	n247 -> n248
	n246 -> n247
	n245 -> n246
	n244 -> n245
	n241 -> n244
	n255 [label=<<i>traffic_kv.save!</i>> color=crimson shape=doubleoctagon]; 
	n228 []
	n227 [label = <<i>Keystore.find_or_create_key_for_update</i>> ]
	n226 []
	n225 []
	n253 []
	n233 []
	n232 []
	n231 [label = <<i>%cl_1_12.to_i</i>> ]
	n230 [label = <<i>%cl_1_11.value</i>> ]
	n242 []
	n241 []
	n240 [label = <<i>Time_now.to_i</i>> ]
	n239 []
	n238 []
	n237 []
	n236 []
	n235 [label = <<i>date_kv.value</i>> ]
	n223 []
	n136 [label = <<i>Keystore.find_or_create_key_for_update</i>> ]
	n131 [label = <<i>Time_now.to_i</i>> ]
	n130 [label = <<i>Time.now</i>> ]
	n129 []
	n134 []
	n135 []
	n218 []
	n149 [label = <<i>self.loop</i>> ]
	n139 []
	n221 []
	n220 []
	n219 []
	n132 []
	n248 []
	n247 [label = <<i>[[100,traffic]_max,10000].min</i>> ]
	n246 []
	n245 [label = <<i>[100,traffic].max</i>> ]
	n244 []
}

digraph CommentsController_reply_forward_70153623106380 {
	n259 [label=<<i>date_kv.save!</i>> color=crimson shape=doubleoctagon]; 
}

digraph CommentsController_reply_backward_70153623106380 {
	n223 -> n259
	n136 -> n223
	n131 -> n136
	n130 -> n131
	n129 -> n130
	n134 -> n136
	n135 -> n136
	n218 -> n136
	n149 -> n218
	n139 -> n149
	n218 -> n136
	n221 -> n136
	n220 -> n221
	n219 -> n220
	n257 -> n259
	n223 -> n257
	n132 -> n257
	n131 -> n132
	n259 [label=<<i>date_kv.save!</i>> color=crimson shape=doubleoctagon]; 
	n223 []
	n136 [label = <<i>Keystore.find_or_create_key_for_update</i>> ]
	n131 [label = <<i>Time_now.to_i</i>> ]
	n130 [label = <<i>Time.now</i>> ]
	n129 []
	n134 []
	n135 []
	n218 []
	n149 [label = <<i>self.loop</i>> ]
	n139 []
	n221 []
	n220 []
	n219 []
	n257 []
	n132 []
}

digraph CommentsController_reply_forward_70153623078740 {
	n307 -> n308
	n308 -> n309
	n308 -> n310
	n310 -> n278
	n307 [label=<<i>User.where</i>> color=crimson shape=doubleoctagon]; 
	n308 [label = <<i>User_where(rss_token=Iparams[token]_to_s).first</i>> color=coral1 ]
	n309 []
	n310 []
	n278 [label = <<i>self.find_user_from_rss_token</i>> ]
}

digraph CommentsController_reply_backward_70153623078740 {
	n302 -> n307
	n306 -> n307
	n305 -> n306
	n304 -> n305
	n303 -> n304
	n307 [label=<<i>User.where</i>> color=crimson shape=doubleoctagon]; 
	n302 []
	n306 []
	n305 [label = <<i>params[token].to_s</i>> ]
	n304 []
	n303 [label = <<i>self.params</i>> color=cyan3 ]
}

digraph CommentsController_reply_forward_70153623077260 {
	n308 -> n309
	n308 -> n310
	n310 -> n278
	n308 [label=<<i>User_where(rss_token=Iparams[token]_to_s).first</i>> color=crimson shape=doubleoctagon]; 
	n309 []
	n310 []
	n278 [label = <<i>self.find_user_from_rss_token</i>> ]
}

digraph CommentsController_reply_backward_70153623077260 {
	n307 -> n308
	n302 -> n307
	n306 -> n307
	n305 -> n306
	n304 -> n305
	n303 -> n304
	n308 [label=<<i>User_where(rss_token=Iparams[token]_to_s).first</i>> color=crimson shape=doubleoctagon]; 
	n307 [label = <<i>User.where</i>> color=coral1 ]
	n302 []
	n306 []
	n305 [label = <<i>params[token].to_s</i>> ]
	n304 []
	n303 [label = <<i>self.params</i>> color=cyan3 ]
}

digraph CommentsController_reply_forward_70153647967020 {
	n354 -> n355
	n355 -> n356
	n356 -> n360
	n360 -> n361
	n356 -> n366
	n366 -> n368
	n368 -> n369
	n369 -> n370
	n370 -> n371
	n371 -> n375
	n375 -> n342
	n342 -> n377
	n377 -> n392
	n392 -> n393
	n393 -> n395
	n377 -> n395
	n342 -> n378
	n342 -> n379
	n379 -> n380
	n356 -> n367
	n367 -> n368
	n356 -> n371
	n356 -> n375
	n354 [label=<<i>Comment.where</i>> color=crimson shape=doubleoctagon]; 
	n355 [label = <<i>Comment_where(short_id=Iparams[id]).first</i>> color=coral1 ]
	n356 []
	n360 []
	n361 []
	n366 [label = <<i>comment.story_id</i>> ]
	n368 []
	n369 [label = <<i>Vote.where</i>> color=coral1 ]
	n370 [label = <<i>Vote_where(user_id=I@user_id,story_id=Icomment_story_id,comment_id=Icomment_id).first</i>> color=coral1 ]
	n371 []
	n375 []
	n342 [label = <<i>self.find_comment</i>> ]
	n377 []
	n392 [label = <<i>parent_comment.story</i>> ]
	n393 []
	n395 []
	n378 []
	n379 [label = <<i>%v_3.!</i>> ]
	n380 []
	n367 [label = <<i>comment.id</i>> ]
}

digraph CommentsController_reply_backward_70153647967020 {
	n350 -> n354
	n353 -> n354
	n352 -> n353
	n351 -> n352
	n354 [label=<<i>Comment.where</i>> color=crimson shape=doubleoctagon]; 
	n350 []
	n353 []
	n352 []
	n351 [label = <<i>self.params</i>> color=cyan3 ]
}

digraph CommentsController_reply_forward_70153647965820 {
	n355 -> n356
	n356 -> n360
	n360 -> n361
	n356 -> n366
	n366 -> n368
	n368 -> n369
	n369 -> n370
	n370 -> n371
	n371 -> n375
	n375 -> n342
	n342 -> n377
	n377 -> n392
	n392 -> n393
	n393 -> n395
	n377 -> n395
	n342 -> n378
	n342 -> n379
	n379 -> n380
	n356 -> n367
	n367 -> n368
	n356 -> n371
	n356 -> n375
	n355 [label=<<i>Comment_where(short_id=Iparams[id]).first</i>> color=crimson shape=doubleoctagon]; 
	n356 []
	n360 []
	n361 []
	n366 [label = <<i>comment.story_id</i>> ]
	n368 []
	n369 [label = <<i>Vote.where</i>> color=coral1 ]
	n370 [label = <<i>Vote_where(user_id=I@user_id,story_id=Icomment_story_id,comment_id=Icomment_id).first</i>> color=coral1 ]
	n371 []
	n375 []
	n342 [label = <<i>self.find_comment</i>> ]
	n377 []
	n392 [label = <<i>parent_comment.story</i>> ]
	n393 []
	n395 []
	n378 []
	n379 [label = <<i>%v_3.!</i>> ]
	n380 []
	n367 [label = <<i>comment.id</i>> ]
}

digraph CommentsController_reply_backward_70153647965820 {
	n354 -> n355
	n350 -> n354
	n353 -> n354
	n352 -> n353
	n351 -> n352
	n355 [label=<<i>Comment_where(short_id=Iparams[id]).first</i>> color=crimson shape=doubleoctagon]; 
	n354 [label = <<i>Comment.where</i>> color=coral1 ]
	n350 []
	n353 []
	n352 []
	n351 [label = <<i>self.params</i>> color=cyan3 ]
}

digraph CommentsController_reply_forward_70153647950060 {
	n369 -> n370
	n370 -> n371
	n371 -> n375
	n375 -> n342
	n342 -> n377
	n377 -> n392
	n392 -> n393
	n393 -> n395
	n377 -> n395
	n342 -> n378
	n342 -> n379
	n379 -> n380
	n369 [label=<<i>Vote.where</i>> color=crimson shape=doubleoctagon]; 
	n370 [label = <<i>Vote_where(user_id=I@user_id,story_id=Icomment_story_id,comment_id=Icomment_id).first</i>> color=coral1 ]
	n371 []
	n375 []
	n342 [label = <<i>self.find_comment</i>> ]
	n377 []
	n392 [label = <<i>parent_comment.story</i>> ]
	n393 []
	n395 []
	n378 []
	n379 [label = <<i>%v_3.!</i>> ]
	n380 []
}

digraph CommentsController_reply_backward_70153647950060 {
	n368 -> n369
	n366 -> n368
	n356 -> n366
	n355 -> n356
	n354 -> n355
	n350 -> n354
	n353 -> n354
	n352 -> n353
	n351 -> n352
	n367 -> n368
	n356 -> n367
	n365 -> n368
	n364 -> n365
	n344 -> n364
	n358 -> n364
	n344 -> n358
	n363 -> n369
	n369 [label=<<i>Vote.where</i>> color=crimson shape=doubleoctagon]; 
	n368 []
	n366 [label = <<i>comment.story_id</i>> ]
	n356 []
	n355 [label = <<i>Comment_where(short_id=Iparams[id]).first</i>> color=coral1 ]
	n354 [label = <<i>Comment.where</i>> color=coral1 ]
	n350 []
	n353 []
	n352 []
	n351 [label = <<i>self.params</i>> color=cyan3 ]
	n367 [label = <<i>comment.id</i>> ]
	n365 [label = <<i>@user.id</i>> ]
	n364 []
	n344 []
	n358 []
	n363 []
}

digraph CommentsController_reply_forward_70153647948720 {
	n370 -> n371
	n371 -> n375
	n375 -> n342
	n342 -> n377
	n377 -> n392
	n392 -> n393
	n393 -> n395
	n377 -> n395
	n342 -> n378
	n342 -> n379
	n379 -> n380
	n370 [label=<<i>Vote_where(user_id=I@user_id,story_id=Icomment_story_id,comment_id=Icomment_id).first</i>> color=crimson shape=doubleoctagon]; 
	n371 []
	n375 []
	n342 [label = <<i>self.find_comment</i>> ]
	n377 []
	n392 [label = <<i>parent_comment.story</i>> ]
	n393 []
	n395 []
	n378 []
	n379 [label = <<i>%v_3.!</i>> ]
	n380 []
}

digraph CommentsController_reply_backward_70153647948720 {
	n369 -> n370
	n368 -> n369
	n366 -> n368
	n356 -> n366
	n355 -> n356
	n354 -> n355
	n350 -> n354
	n353 -> n354
	n352 -> n353
	n351 -> n352
	n367 -> n368
	n356 -> n367
	n365 -> n368
	n364 -> n365
	n344 -> n364
	n358 -> n364
	n344 -> n358
	n363 -> n369
	n370 [label=<<i>Vote_where(user_id=I@user_id,story_id=Icomment_story_id,comment_id=Icomment_id).first</i>> color=crimson shape=doubleoctagon]; 
	n369 [label = <<i>Vote.where</i>> color=coral1 ]
	n368 []
	n366 [label = <<i>comment.story_id</i>> ]
	n356 []
	n355 [label = <<i>Comment_where(short_id=Iparams[id]).first</i>> color=coral1 ]
	n354 [label = <<i>Comment.where</i>> color=coral1 ]
	n350 []
	n353 []
	n352 []
	n351 [label = <<i>self.params</i>> color=cyan3 ]
	n367 [label = <<i>comment.id</i>> ]
	n365 [label = <<i>@user.id</i>> ]
	n364 []
	n344 []
	n358 []
	n363 []
}

digraph CommentsController_reply_forward_70153647902340 {
	n473 [label=<<i>comment.new_record?</i>> color=blue shape=doubleoctagon]; 
}

digraph CommentsController_reply_backward_70153647902340 {
	n473 [label=<<i>comment.new_record?</i>> color=blue shape=doubleoctagon]; 
}

digraph CommentsController_reply_forward_70153647825940 {
	n508 -> n509
	n509 -> n510
	n510 -> n515
	n515 -> n516
	n516 -> n517
	n517 -> n518
	n509 -> n512
	n512 -> n513
	n513 -> n514
	n513 -> n518
	n508 [label=<<i>Vote.where</i>> color=blue shape=doubleoctagon]; 
	n509 [label = <<i>Vote_where(user_id=Iuser_id,story_id=Istory_id,comment_id=Icomment_id).first_or_initialize</i>> color=coral1 ]
	n510 []
	n515 [label = <<i>v.vote</i>> ]
	n516 []
	n517 []
	n518 []
	n512 [label = <<i>%v_6.new_record?</i>> ]
	n513 [label = <<i>%v_7.!</i>> ]
	n514 []
}

digraph CommentsController_reply_backward_70153647825940 {
	n507 -> n508
	n498 -> n507
	n499 -> n507
	n500 -> n507
	n506 -> n508
	n508 [label=<<i>Vote.where</i>> color=blue shape=doubleoctagon]; 
	n507 []
	n498 []
	n499 []
	n500 []
	n506 []
}

digraph CommentsController_reply_forward_70153647816300 {
	n509 -> n510
	n510 -> n515
	n515 -> n516
	n516 -> n517
	n517 -> n518
	n509 -> n512
	n512 -> n513
	n513 -> n514
	n513 -> n518
	n509 [label=<<i>Vote_where(user_id=Iuser_id,story_id=Istory_id,comment_id=Icomment_id).first_or_initialize</i>> color=blue shape=doubleoctagon]; 
	n510 []
	n515 [label = <<i>v.vote</i>> ]
	n516 []
	n517 []
	n518 []
	n512 [label = <<i>%v_6.new_record?</i>> ]
	n513 [label = <<i>%v_7.!</i>> ]
	n514 []
}

digraph CommentsController_reply_backward_70153647816300 {
	n508 -> n509
	n507 -> n508
	n498 -> n507
	n499 -> n507
	n500 -> n507
	n506 -> n508
	n509 [label=<<i>Vote_where(user_id=Iuser_id,story_id=Istory_id,comment_id=Icomment_id).first_or_initialize</i>> color=blue shape=doubleoctagon]; 
	n508 [label = <<i>Vote.where</i>> color=coral1 ]
	n507 []
	n498 []
	n499 []
	n500 []
	n506 []
}

digraph CommentsController_reply_forward_70153647796960 {
	n528 -> n964
	n964 -> n489
	n528 [label=<<i>Vote.transaction</i>> color=blue shape=doubleoctagon]; 
	n964 []
	n489 [label = <<i>Vote.vote_thusly_on_story_or_comment_for_user_because</i>> ]
}

digraph CommentsController_reply_backward_70153647796960 {
	n492 -> n528
	n527 -> n528
	n528 [label=<<i>Vote.transaction</i>> color=blue shape=doubleoctagon]; 
	n492 []
	n527 []
}

digraph CommentsController_reply_forward_70153635633780 {
	n557 -> n561
	n561 -> n562
	n557 [label=<<i>v.new_record?</i>> color=blue shape=doubleoctagon]; 
	n561 [label = <<i>%cl_1_11.!</i>> ]
	n562 []
}

digraph CommentsController_reply_backward_70153635633780 {
	n557 [label=<<i>v.new_record?</i>> color=blue shape=doubleoctagon]; 
}

digraph CommentsController_reply_forward_70153635585780 {
	n602 -> n603
	n602 [label=<<i>v.save!</i>> color=blue shape=doubleoctagon]; 
	n603 []
}

digraph CommentsController_reply_backward_70153635585780 {
	n598 -> n602
	n600 -> n602
	n598 -> n600
	n602 [label=<<i>v.save!</i>> color=blue shape=doubleoctagon]; 
	n598 []
	n600 []
}

digraph CommentsController_reply_forward_70153635893500 {
	n619 -> n620
	n620 -> n627
	n627 -> n630
	n620 -> n634
	n634 -> n958
	n619 -> n622
	n622 -> n623
	n623 -> n624
	n619 [label=<<i>Comment.find</i>> color=blue shape=doubleoctagon]; 
	n620 []
	n627 [label = <<i>c.user_id</i>> ]
	n630 [label = <<i>User.update_counters</i>> color=coral1 ]
	n634 [label = <<i>c.give_upvote_or_downvote_and_recalculate_confidence!</i>> ]
	n958 []
	n622 [label = <<i>%cl_1_32.user_id</i>> ]
	n623 []
	n624 []
}

digraph CommentsController_reply_backward_70153635893500 {
	n617 -> n619
	n618 -> n619
	n598 -> n618
	n600 -> n618
	n598 -> n600
	n619 [label=<<i>Comment.find</i>> color=blue shape=doubleoctagon]; 
	n617 []
	n618 [label = <<i>v.comment_id</i>> ]
	n598 []
	n600 []
}

digraph CommentsController_reply_forward_70153635877100 {
	n630 [label=<<i>User.update_counters</i>> color=blue shape=doubleoctagon]; 
}

digraph CommentsController_reply_backward_70153635877100 {
	n627 -> n630
	n620 -> n627
	n619 -> n620
	n617 -> n619
	n618 -> n619
	n598 -> n618
	n600 -> n618
	n598 -> n600
	n626 -> n630
	n629 -> n630
	n628 -> n629
	n588 -> n628
	n587 -> n588
	n570 -> n587
	n569 -> n570
	n567 -> n570
	n586 -> n587
	n584 -> n587
	n544 -> n628
	n543 -> n544
	n541 -> n544
	n596 -> n628
	n595 -> n596
	n594 -> n595
	n592 -> n595
	n578 -> n595
	n577 -> n578
	n575 -> n578
	n552 -> n628
	n551 -> n552
	n549 -> n552
	n630 [label=<<i>User.update_counters</i>> color=blue shape=doubleoctagon]; 
	n627 [label = <<i>c.user_id</i>> ]
	n620 []
	n619 [label = <<i>Comment.find</i>> color=coral1 ]
	n617 []
	n618 [label = <<i>v.comment_id</i>> ]
	n598 []
	n600 []
	n626 []
	n629 []
	n628 []
	n588 []
	n587 []
	n570 []
	n569 []
	n567 []
	n586 []
	n584 []
	n544 []
	n543 []
	n541 []
	n596 []
	n595 []
	n594 []
	n592 []
	n578 []
	n577 []
	n575 []
	n552 []
	n551 []
	n549 []
}

digraph CommentsController_reply_forward_70153629750660 {
	n740 [label=<<i>Comment_connection.execute</i>> color=blue shape=doubleoctagon]; 
}

digraph CommentsController_reply_backward_70153629750660 {
	n739 -> n740
	n738 -> n739
	n737 -> n738
	n736 -> n737
	n636 -> n736
	n734 -> n739
	n672 -> n734
	n671 -> n672
	n669 -> n671
	n642 -> n669
	n670 -> n671
	n667 -> n671
	n666 -> n672
	n660 -> n666
	n656 -> n660
	n658 -> n660
	n657 -> n658
	n659 -> n660
	n665 -> n666
	n661 -> n665
	n663 -> n665
	n641 -> n663
	n664 -> n665
	n733 -> n734
	n673 -> n733
	n675 -> n733
	n636 -> n675
	n692 -> n675
	n730 -> n675
	n729 -> n730
	n728 -> n729
	n720 -> n728
	n719 -> n720
	n695 -> n719
	n718 -> n719
	n717 -> n718
	n716 -> n717
	n695 -> n716
	n715 -> n716
	n695 -> n715
	n714 -> n715
	n687 -> n714
	n686 -> n687
	n685 -> n686
	n684 -> n685
	n677 -> n684
	n683 -> n685
	n677 -> n683
	n713 -> n714
	n687 -> n713
	n712 -> n717
	n711 -> n712
	n710 -> n711
	n700 -> n710
	n699 -> n700
	n687 -> n699
	n698 -> n699
	n697 -> n698
	n677 -> n697
	n687 -> n711
	n700 -> n712
	n709 -> n718
	n707 -> n728
	n706 -> n707
	n705 -> n706
	n704 -> n705
	n703 -> n704
	n695 -> n703
	n702 -> n703
	n687 -> n702
	n695 -> n704
	n700 -> n706
	n726 -> n729
	n725 -> n726
	n724 -> n725
	n695 -> n724
	n723 -> n724
	n695 -> n723
	n722 -> n723
	n687 -> n722
	n732 -> n733
	n655 -> n740
	n654 -> n655
	n740 [label=<<i>Comment_connection.execute</i>> color=blue shape=doubleoctagon]; 
	n739 []
	n738 []
	n737 [label = <<i>self_id.to_i</i>> ]
	n736 [label = <<i>self.id</i>> ]
	n636 []
	n734 []
	n672 []
	n671 []
	n669 [label = <<i>downvote.to_i</i>> ]
	n642 []
	n670 []
	n667 []
	n666 []
	n660 []
	n656 []
	n658 [label = <<i>Comment.table_name</i>> ]
	n657 []
	n659 []
	n665 []
	n661 []
	n663 [label = <<i>upvote.to_i</i>> ]
	n641 []
	n664 []
	n733 []
	n673 []
	n675 [label = <<i>self.calculated_confidence</i>> ]
	n692 []
	n730 []
	n729 []
	n728 []
	n720 []
	n719 []
	n695 []
	n718 [label = <<i>Math.sqrt</i>> ]
	n717 []
	n716 []
	n715 []
	n714 []
	n687 []
	n686 [label = <<i>(upvotes+downvotes).to_f</i>> ]
	n685 []
	n684 [label = <<i>self.downvotes</i>> ]
	n677 []
	n683 [label = <<i>self.upvotes</i>> ]
	n713 []
	n712 []
	n711 []
	n710 []
	n700 []
	n699 []
	n698 [label = <<i>upvotes.to_f</i>> ]
	n697 [label = <<i>self.upvotes</i>> ]
	n709 []
	n707 []
	n706 []
	n705 []
	n704 []
	n703 []
	n702 []
	n726 []
	n725 []
	n724 []
	n723 []
	n722 []
	n732 []
	n655 [label = <<i>Comment.connection</i>> ]
	n654 []
}

digraph CommentsController_reply_forward_70153629719840 {
	n763 -> n778
	n763 [label=<<i>self_tags.select</i>> color=blue shape=doubleoctagon]; 
	n778 [label = <<i>self_tags_select{|t|t_hotness_mod!=0}.each</i>> ]
}

digraph CommentsController_reply_backward_70153629719840 {
	n754 -> n763
	n762 -> n763
	n754 -> n762
	n763 [label=<<i>self_tags.select</i>> color=blue shape=doubleoctagon]; 
	n754 []
	n762 [label = <<i>self.tags</i>> ]
}

digraph CommentsController_reply_forward_70153629680680 {
	n798 -> n799
	n799 -> n800
	n800 -> n817
	n817 -> n818
	n818 -> n819
	n819 -> n820
	n820 -> n838
	n838 -> n839
	n839 -> n840
	n840 -> n841
	n841 -> n842
	n842 -> n868
	n868 -> n869
	n869 -> n878
	n878 -> n879
	n879 -> n880
	n880 -> n881
	n881 -> n752
	n752 -> n883
	n883 -> n884
	n884 -> n743
	n743 -> n886
	n886 -> n634
	n634 -> n958
	n798 [label=<<i>self_comments.where</i>> color=blue shape=doubleoctagon]; 
	n799 [label = <<i>self_comments_where("user_idI?",self_user_id).select</i>> color=coral1 ]
	n800 [label = <<i>%v_10.map</i>> ]
	n817 [label = <<i>%v_11.inject</i>> ]
	n818 [label = <<i>%v_12.to_f</i>> ]
	n819 []
	n820 []
	n838 []
	n839 []
	n840 [label = <<i>[(score+1)_abs+cpoints,1].max</i>> ]
	n841 [label = <<i>Math.log</i>> ]
	n842 []
	n868 []
	n869 []
	n878 []
	n879 []
	n880 []
	n881 []
	n752 [label = <<i>self.calculated_hotness</i>> ]
	n883 [label = <<i>%self.update_column</i>> ]
	n884 []
	n743 [label = <<i>self_story.recalculate_hotness!</i>> ]
	n886 []
	n634 [label = <<i>c.give_upvote_or_downvote_and_recalculate_confidence!</i>> ]
	n958 []
}

digraph CommentsController_reply_backward_70153629680680 {
	n797 -> n798
	n754 -> n797
	n795 -> n798
	n754 -> n795
	n796 -> n798
	n798 [label=<<i>self_comments.where</i>> color=blue shape=doubleoctagon]; 
	n797 [label = <<i>self.user_id</i>> ]
	n754 []
	n795 [label = <<i>self.comments</i>> ]
	n796 []
}

digraph CommentsController_reply_forward_70153629621440 {
	n799 -> n800
	n800 -> n817
	n817 -> n818
	n818 -> n819
	n819 -> n820
	n820 -> n838
	n838 -> n839
	n839 -> n840
	n840 -> n841
	n841 -> n842
	n842 -> n868
	n868 -> n869
	n869 -> n878
	n878 -> n879
	n879 -> n880
	n880 -> n881
	n881 -> n752
	n752 -> n883
	n883 -> n884
	n884 -> n743
	n743 -> n886
	n886 -> n634
	n634 -> n958
	n799 [label=<<i>self_comments_where("user_idI?",self_user_id).select</i>> color=blue shape=doubleoctagon]; 
	n800 [label = <<i>%v_10.map</i>> ]
	n817 [label = <<i>%v_11.inject</i>> ]
	n818 [label = <<i>%v_12.to_f</i>> ]
	n819 []
	n820 []
	n838 []
	n839 []
	n840 [label = <<i>[(score+1)_abs+cpoints,1].max</i>> ]
	n841 [label = <<i>Math.log</i>> ]
	n842 []
	n868 []
	n869 []
	n878 []
	n879 []
	n880 []
	n881 []
	n752 [label = <<i>self.calculated_hotness</i>> ]
	n883 [label = <<i>%self.update_column</i>> ]
	n884 []
	n743 [label = <<i>self_story.recalculate_hotness!</i>> ]
	n886 []
	n634 [label = <<i>c.give_upvote_or_downvote_and_recalculate_confidence!</i>> ]
	n958 []
}

digraph CommentsController_reply_backward_70153629621440 {
	n798 -> n799
	n797 -> n798
	n754 -> n797
	n795 -> n798
	n754 -> n795
	n796 -> n798
	n799 [label=<<i>self_comments_where("user_idI?",self_user_id).select</i>> color=blue shape=doubleoctagon]; 
	n798 [label = <<i>self_comments.where</i>> color=coral1 ]
	n797 [label = <<i>self.user_id</i>> ]
	n754 []
	n795 [label = <<i>self.comments</i>> ]
	n796 []
}

digraph CommentsController_reply_forward_70153634816200 {
	n892 -> n893
	n893 -> n900
	n900 -> n903
	n893 -> n907
	n907 -> n957
	n957 -> n958
	n892 -> n895
	n895 -> n896
	n896 -> n897
	n892 [label=<<i>Story.find</i>> color=blue shape=doubleoctagon]; 
	n893 []
	n900 [label = <<i>s.user_id</i>> ]
	n903 [label = <<i>User.update_counters</i>> color=coral1 ]
	n907 [label = <<i>s.give_upvote_or_downvote_and_recalculate_hotness!</i>> ]
	n957 []
	n958 []
	n895 [label = <<i>%cl_1_43.user_id</i>> ]
	n896 []
	n897 []
}

digraph CommentsController_reply_backward_70153634816200 {
	n890 -> n892
	n891 -> n892
	n598 -> n891
	n600 -> n891
	n598 -> n600
	n892 [label=<<i>Story.find</i>> color=blue shape=doubleoctagon]; 
	n890 []
	n891 [label = <<i>v.story_id</i>> ]
	n598 []
	n600 []
}

digraph CommentsController_reply_forward_70153634752080 {
	n903 [label=<<i>User.update_counters</i>> color=blue shape=doubleoctagon]; 
}

digraph CommentsController_reply_backward_70153634752080 {
	n900 -> n903
	n893 -> n900
	n892 -> n893
	n890 -> n892
	n891 -> n892
	n598 -> n891
	n600 -> n891
	n598 -> n600
	n899 -> n903
	n902 -> n903
	n901 -> n902
	n588 -> n901
	n587 -> n588
	n570 -> n587
	n569 -> n570
	n567 -> n570
	n586 -> n587
	n584 -> n587
	n544 -> n901
	n543 -> n544
	n541 -> n544
	n596 -> n901
	n595 -> n596
	n594 -> n595
	n592 -> n595
	n578 -> n595
	n577 -> n578
	n575 -> n578
	n552 -> n901
	n551 -> n552
	n549 -> n552
	n903 [label=<<i>User.update_counters</i>> color=blue shape=doubleoctagon]; 
	n900 [label = <<i>s.user_id</i>> ]
	n893 []
	n892 [label = <<i>Story.find</i>> color=coral1 ]
	n890 []
	n891 [label = <<i>v.story_id</i>> ]
	n598 []
	n600 []
	n899 []
	n902 []
	n901 []
	n588 []
	n587 []
	n570 []
	n569 []
	n567 []
	n586 []
	n584 []
	n544 []
	n543 []
	n541 []
	n596 []
	n595 []
	n594 []
	n592 []
	n578 []
	n577 []
	n575 []
	n552 []
	n551 []
	n549 []
}

digraph CommentsController_reply_forward_70153634511600 {
	n954 -> n955
	n955 -> n907
	n907 -> n957
	n957 -> n958
	n954 [label=<<i>Story_connection.execute</i>> color=blue shape=doubleoctagon]; 
	n955 []
	n907 [label = <<i>s.give_upvote_or_downvote_and_recalculate_hotness!</i>> ]
	n957 []
	n958 []
}

digraph CommentsController_reply_backward_70153634511600 {
	n928 -> n954
	n927 -> n928
	n953 -> n954
	n945 -> n953
	n944 -> n945
	n942 -> n944
	n915 -> n942
	n943 -> n944
	n940 -> n944
	n939 -> n945
	n933 -> n939
	n929 -> n933
	n931 -> n933
	n930 -> n931
	n932 -> n933
	n938 -> n939
	n934 -> n938
	n936 -> n938
	n914 -> n936
	n937 -> n938
	n952 -> n953
	n946 -> n952
	n948 -> n952
	n909 -> n948
	n949 -> n952
	n951 -> n952
	n950 -> n951
	n909 -> n950
	n954 [label=<<i>Story_connection.execute</i>> color=blue shape=doubleoctagon]; 
	n928 [label = <<i>Story.connection</i>> ]
	n927 []
	n953 []
	n945 []
	n944 []
	n942 [label = <<i>downvote.to_i</i>> ]
	n915 []
	n943 []
	n940 []
	n939 []
	n933 []
	n929 []
	n931 [label = <<i>Story.table_name</i>> ]
	n930 []
	n932 []
	n938 []
	n934 []
	n936 [label = <<i>upvote.to_i</i>> ]
	n914 []
	n937 []
	n952 []
	n946 []
	n948 [label = <<i>self.calculated_hotness</i>> ]
	n909 []
	n949 []
	n951 [label = <<i>self_id.to_i</i>> ]
	n950 [label = <<i>self.id</i>> ]
}

digraph CommentsController_reply_forward_70153634151820 {
	n986 -> n989
	n989 -> n992
	n992 -> n993
	n993 -> n994
	n994 -> n995
	n995 -> n976
	n976 -> n997
	n997 -> n1099
	n997 -> n1102
	n1102 -> n1117
	n1117 -> n1118
	n1117 -> n1120
	n1120 -> n1121
	n1121 -> n968
	n968 -> n1123
	n1123 -> n477
	n1102 -> n1118
	n986 [label=<<i>Story.select</i>> color=blue shape=doubleoctagon]; 
	n989 [label = <<i>Story_select(id).where</i>> color=coral1 ]
	n992 []
	n993 []
	n994 [label = <<i>Comment.where</i>> color=coral1 ]
	n995 []
	n976 [label = <<i>self.merged_comments</i>> ]
	n997 [label = <<i>self_merged_comments.arrange_for_user</i>> ]
	n1099 []
	n1102 [label = <<i>comments.count</i>> color=coral1 ]
	n1117 []
	n1118 [label = <<i>self.update_column</i>> ]
	n1120 [label = <<i>self.recalculate_hotness!</i>> ]
	n1121 []
	n968 [label = <<i>self_story.update_comments_count!</i>> ]
	n1123 []
	n477 [label = <<i>self.record_initial_upvote</i>> ]
}

digraph CommentsController_reply_backward_70153634151820 {
	n985 -> n986
	n986 [label=<<i>Story.select</i>> color=blue shape=doubleoctagon]; 
	n985 []
}

digraph CommentsController_reply_forward_70153634134560 {
	n989 -> n992
	n992 -> n993
	n993 -> n994
	n994 -> n995
	n995 -> n976
	n976 -> n997
	n997 -> n1099
	n997 -> n1102
	n1102 -> n1117
	n1117 -> n1118
	n1117 -> n1120
	n1120 -> n1121
	n1121 -> n968
	n968 -> n1123
	n1123 -> n477
	n1102 -> n1118
	n989 [label=<<i>Story_select(id).where</i>> color=blue shape=doubleoctagon]; 
	n992 []
	n993 []
	n994 [label = <<i>Comment.where</i>> color=coral1 ]
	n995 []
	n976 [label = <<i>self.merged_comments</i>> ]
	n997 [label = <<i>self_merged_comments.arrange_for_user</i>> ]
	n1099 []
	n1102 [label = <<i>comments.count</i>> color=coral1 ]
	n1117 []
	n1118 [label = <<i>self.update_column</i>> ]
	n1120 [label = <<i>self.recalculate_hotness!</i>> ]
	n1121 []
	n968 [label = <<i>self_story.update_comments_count!</i>> ]
	n1123 []
	n477 [label = <<i>self.record_initial_upvote</i>> ]
}

digraph CommentsController_reply_backward_70153634134560 {
	n986 -> n989
	n985 -> n986
	n988 -> n989
	n987 -> n988
	n978 -> n987
	n989 [label=<<i>Story_select(id).where</i>> color=blue shape=doubleoctagon]; 
	n986 [label = <<i>Story.select</i>> color=coral1 ]
	n985 []
	n988 []
	n987 [label = <<i>self.id</i>> ]
	n978 []
}

digraph CommentsController_reply_forward_70153634112400 {
	n994 -> n995
	n995 -> n976
	n976 -> n997
	n997 -> n1099
	n997 -> n1102
	n1102 -> n1117
	n1117 -> n1118
	n1117 -> n1120
	n1120 -> n1121
	n1121 -> n968
	n968 -> n1123
	n1123 -> n477
	n1102 -> n1118
	n994 [label=<<i>Comment.where</i>> color=blue shape=doubleoctagon]; 
	n995 []
	n976 [label = <<i>self.merged_comments</i>> ]
	n997 [label = <<i>self_merged_comments.arrange_for_user</i>> ]
	n1099 []
	n1102 [label = <<i>comments.count</i>> color=coral1 ]
	n1117 []
	n1118 [label = <<i>self.update_column</i>> ]
	n1120 [label = <<i>self.recalculate_hotness!</i>> ]
	n1121 []
	n968 [label = <<i>self_story.update_comments_count!</i>> ]
	n1123 []
	n477 [label = <<i>self.record_initial_upvote</i>> ]
}

digraph CommentsController_reply_backward_70153634112400 {
	n984 -> n994
	n993 -> n994
	n992 -> n993
	n989 -> n992
	n986 -> n989
	n985 -> n986
	n988 -> n989
	n987 -> n988
	n978 -> n987
	n991 -> n992
	n990 -> n991
	n978 -> n990
	n994 [label=<<i>Comment.where</i>> color=blue shape=doubleoctagon]; 
	n984 []
	n993 []
	n992 []
	n989 [label = <<i>Story_select(id).where</i>> color=coral1 ]
	n986 [label = <<i>Story.select</i>> color=coral1 ]
	n985 []
	n988 []
	n987 [label = <<i>self.id</i>> ]
	n978 []
	n991 []
	n990 [label = <<i>self.id</i>> ]
}

digraph CommentsController_reply_forward_70153634050020 {
	n1007 -> n1008
	n1008 -> n1009
	n1009 -> n1028
	n1028 -> n1029
	n1029 -> n1050
	n1029 -> n1075
	n1029 -> n1086
	n1029 -> n1087
	n1008 -> n1017
	n1017 -> n1018
	n1018 -> n1020
	n1018 -> n1023
	n1023 -> n1024
	n1024 -> n1027
	n1027 -> n1028
	n1024 -> n1031
	n1031 -> n1045
	n1045 -> n1046
	n1024 -> n1058
	n1058 -> n1060
	n1060 -> n1061
	n1061 -> n1062
	n1062 -> n1063
	n1024 -> n1071
	n1071 -> n1073
	n1071 -> n1078
	n1078 -> n1079
	n1023 -> n1025
	n1018 -> n1084
	n1007 [label=<<i>self.order</i>> color=blue shape=doubleoctagon]; 
	n1008 [label = <<i>self_order("confidenceDESC").group_by</i>> ]
	n1009 []
	n1028 []
	n1029 []
	n1050 []
	n1075 []
	n1086 []
	n1087 []
	n1017 []
	n1018 []
	n1020 []
	n1023 [label = <<i>subtree.shift</i>> ]
	n1024 []
	n1027 [label = <<i>node.id</i>> ]
	n1031 [label = <<i>node.is_gone?</i>> ]
	n1045 [label = <<i>%v_13.!</i>> ]
	n1046 []
	n1058 [label = <<i>node.user_id</i>> ]
	n1060 []
	n1061 []
	n1062 []
	n1063 []
	n1071 []
	n1073 []
	n1078 [label = <<i>node.is_moderated?</i>> ]
	n1079 []
	n1025 []
	n1084 []
}

digraph CommentsController_reply_backward_70153634050020 {
	n999 -> n1007
	n1006 -> n1007
	n1007 [label=<<i>self.order</i>> color=blue shape=doubleoctagon]; 
	n999 []
	n1006 []
}

digraph CommentsController_reply_forward_70153633556320 {
	n1102 -> n1117
	n1117 -> n1118
	n1117 -> n1120
	n1120 -> n1121
	n1121 -> n968
	n968 -> n1123
	n1123 -> n477
	n1102 -> n1118
	n1102 [label=<<i>comments.count</i>> color=blue shape=doubleoctagon]; 
	n1117 []
	n1118 [label = <<i>self.update_column</i>> ]
	n1120 [label = <<i>self.recalculate_hotness!</i>> ]
	n1121 []
	n968 [label = <<i>self_story.update_comments_count!</i>> ]
	n1123 []
	n477 [label = <<i>self.record_initial_upvote</i>> ]
}

digraph CommentsController_reply_backward_70153633556320 {
	n970 -> n1102
	n997 -> n1102
	n976 -> n997
	n970 -> n976
	n995 -> n976
	n994 -> n995
	n984 -> n994
	n993 -> n994
	n992 -> n993
	n989 -> n992
	n986 -> n989
	n985 -> n986
	n988 -> n989
	n987 -> n988
	n978 -> n987
	n991 -> n992
	n990 -> n991
	n978 -> n990
	n1097 -> n997
	n1012 -> n1097
	n1011 -> n1012
	n1102 [label=<<i>comments.count</i>> color=blue shape=doubleoctagon]; 
	n970 []
	n997 [label = <<i>self_merged_comments.arrange_for_user</i>> ]
	n976 [label = <<i>self.merged_comments</i>> ]
	n995 []
	n994 [label = <<i>Comment.where</i>> color=coral1 ]
	n984 []
	n993 []
	n992 []
	n989 [label = <<i>Story_select(id).where</i>> color=coral1 ]
	n986 [label = <<i>Story.select</i>> color=coral1 ]
	n985 []
	n988 []
	n987 [label = <<i>self.id</i>> ]
	n978 []
	n991 []
	n990 [label = <<i>self.id</i>> ]
	n1097 []
	n1012 []
	n1011 []
}

digraph CommentsController_reply_forward_70153633331100 {
	n1163 -> n1276
	n1276 -> n1150
	n1150 -> n1281
	n1281 -> n1138
	n1138 -> n1283
	n1283 -> n1125
	n1276 -> n1150
	n1163 [label=<<i>Keystore.transaction</i>> color=blue shape=doubleoctagon]; 
	n1276 []
	n1150 [label = <<i>self.incremented_value_for</i>> ]
	n1281 []
	n1138 [label = <<i>Keystore.increment_value_for</i>> ]
	n1283 []
	n1125 [label = <<i>self.mark_submitter</i>> ]
}

digraph CommentsController_reply_backward_70153633331100 {
	n1152 -> n1163
	n1162 -> n1163
	n1163 [label=<<i>Keystore.transaction</i>> color=blue shape=doubleoctagon]; 
	n1152 []
	n1162 []
}

digraph CommentsController_reply_forward_70153633199420 {
	n1192 [label=<<i>Keystore_connection.execute</i>> color=blue shape=doubleoctagon]; 
}

digraph CommentsController_reply_backward_70153633199420 {
	n1178 -> n1192
	n1177 -> n1178
	n1191 -> n1192
	n1185 -> n1191
	n1184 -> n1185
	n1182 -> n1184
	n1181 -> n1182
	n1183 -> n1184
	n1179 -> n1185
	n1190 -> n1191
	n1189 -> n1190
	n1186 -> n1190
	n1188 -> n1190
	n1165 -> n1188
	n1192 [label=<<i>Keystore_connection.execute</i>> color=blue shape=doubleoctagon]; 
	n1178 [label = <<i>Keystore.connection</i>> ]
	n1177 []
	n1191 []
	n1185 []
	n1184 []
	n1182 [label = <<i>Keystore.table_name</i>> ]
	n1181 []
	n1183 []
	n1179 []
	n1190 []
	n1189 []
	n1186 []
	n1188 [label = <<i>self.q</i>> ]
	n1165 []
}

digraph CommentsController_reply_forward_70153633133240 {
	n1208 [label=<<i>Keystore_connection.execute</i>> color=blue shape=doubleoctagon]; 
}

digraph CommentsController_reply_backward_70153633133240 {
	n1195 -> n1208
	n1194 -> n1195
	n1207 -> n1208
	n1200 -> n1207
	n1198 -> n1200
	n1197 -> n1198
	n1196 -> n1200
	n1199 -> n1200
	n1206 -> n1207
	n1201 -> n1206
	n1205 -> n1206
	n1165 -> n1205
	n1203 -> n1206
	n1165 -> n1203
	n1204 -> n1206
	n1208 [label=<<i>Keystore_connection.execute</i>> color=blue shape=doubleoctagon]; 
	n1195 [label = <<i>Keystore.connection</i>> ]
	n1194 []
	n1207 []
	n1200 []
	n1198 [label = <<i>Keystore.table_name</i>> ]
	n1197 []
	n1196 []
	n1199 []
	n1206 []
	n1201 []
	n1205 [label = <<i>self.q</i>> ]
	n1165 []
	n1203 [label = <<i>self.q</i>> ]
	n1204 []
}

digraph CommentsController_reply_forward_70153633018320 {
	n1238 -> n1254
	n1238 [label=<<i>Keystore_connection.execute</i>> color=blue shape=doubleoctagon]; 
	n1254 []
}

digraph CommentsController_reply_backward_70153633018320 {
	n1237 -> n1238
	n1236 -> n1237
	n1235 -> n1236
	n1165 -> n1235
	n1233 -> n1236
	n1232 -> n1237
	n1224 -> n1232
	n1222 -> n1224
	n1221 -> n1222
	n1223 -> n1224
	n1220 -> n1224
	n1231 -> n1232
	n1225 -> n1231
	n1227 -> n1231
	n1165 -> n1227
	n1228 -> n1231
	n1229 -> n1231
	n1165 -> n1229
	n1230 -> n1231
	n1219 -> n1238
	n1218 -> n1219
	n1238 [label=<<i>Keystore_connection.execute</i>> color=blue shape=doubleoctagon]; 
	n1237 []
	n1236 []
	n1235 [label = <<i>self.q</i>> ]
	n1165 []
	n1233 []
	n1232 []
	n1224 []
	n1222 [label = <<i>Keystore.table_name</i>> ]
	n1221 []
	n1223 []
	n1220 []
	n1231 []
	n1225 []
	n1227 [label = <<i>self.q</i>> ]
	n1228 []
	n1229 [label = <<i>self.q</i>> ]
	n1230 []
	n1219 [label = <<i>Keystore.connection</i>> ]
	n1218 []
}

digraph CommentsController_reply_forward_70153632954860 {
	n1249 [label=<<i>kv.save!</i>> color=blue shape=doubleoctagon]; 
}

digraph CommentsController_reply_backward_70153632954860 {
	n1242 -> n1249
	n1241 -> n1242
	n1165 -> n1241
	n1247 -> n1249
	n1242 -> n1247
	n1246 -> n1247
	n1245 -> n1246
	n1244 -> n1245
	n1241 -> n1244
	n1249 [label=<<i>kv.save!</i>> color=blue shape=doubleoctagon]; 
	n1242 []
	n1241 [label = <<i>self.find_or_create_key_for_update</i>> ]
	n1165 []
	n1247 []
	n1246 []
	n1245 [label = <<i>%cl_1_61.to_i</i>> ]
	n1244 [label = <<i>%cl_1_60.value</i>> ]
}

digraph CommentsController_reply_forward_70153632871740 {
	n1266 -> n1267
	n1267 -> n1268
	n1268 -> n1269
	n1269 -> n1256
	n1256 -> n1271
	n1266 [label=<<i>self.where</i>> color=blue shape=doubleoctagon]; 
	n1267 [label = <<i>self_where(key=Ikey).first</i>> color=coral1 ]
	n1268 [label = <<i>%v_5.try</i>> ]
	n1269 []
	n1256 [label = <<i>self.value_for</i>> ]
	n1271 []
}

digraph CommentsController_reply_backward_70153632871740 {
	n1258 -> n1266
	n1265 -> n1266
	n1263 -> n1265
	n1266 [label=<<i>self.where</i>> color=blue shape=doubleoctagon]; 
	n1258 []
	n1265 []
	n1263 []
}

digraph CommentsController_reply_forward_70153632867380 {
	n1267 -> n1268
	n1268 -> n1269
	n1269 -> n1256
	n1256 -> n1271
	n1267 [label=<<i>self_where(key=Ikey).first</i>> color=blue shape=doubleoctagon]; 
	n1268 [label = <<i>%v_5.try</i>> ]
	n1269 []
	n1256 [label = <<i>self.value_for</i>> ]
	n1271 []
}

digraph CommentsController_reply_backward_70153632867380 {
	n1266 -> n1267
	n1258 -> n1266
	n1265 -> n1266
	n1263 -> n1265
	n1267 [label=<<i>self_where(key=Ikey).first</i>> color=blue shape=doubleoctagon]; 
	n1266 [label = <<i>self.where</i>> color=coral1 ]
	n1258 []
	n1265 []
	n1263 []
}

digraph CommentsController_reply_forward_70153629149340 {
	n1296 -> n1297
	n1297 -> n1300
	n1300 -> n1303
	n1303 -> n1304
	n1304 -> n1305
	n1297 -> n1307
	n1307 -> n1308
	n1297 -> n1314
	n1314 -> n1509
	n1509 -> n1510
	n1297 -> n1523
	n1523 -> n1525
	n1525 -> n1526
	n1526 -> n1527
	n1297 -> n1536
	n1536 -> n1537
	n1297 -> n1650
	n1650 -> n1671
	n1671 -> n1285
	n1296 -> n1298
	n1298 -> n1299
	n1298 -> n1305
	n1296 [label=<<i>self_parent_comment.try</i>> color=blue shape=doubleoctagon]; 
	n1297 []
	n1300 [label = <<i>u.id</i>> ]
	n1303 []
	n1304 []
	n1305 []
	n1307 [label = <<i>u.email_replies?</i>> ]
	n1308 []
	n1314 [label = <<i>EmailReply.reply</i>> ]
	n1509 [label = <<i>EmailReply_reply(self,u).deliver</i>> ]
	n1510 []
	n1523 [label = <<i>u.email</i>> ]
	n1525 []
	n1526 [label = <<i>Rails_logger.error</i>> ]
	n1527 []
	n1536 [label = <<i>u.pushover_replies?</i>> ]
	n1537 []
	n1650 [label = <<i>u.pushover!</i>> ]
	n1671 []
	n1285 [label = <<i>self.deliver_reply_notifications</i>> ]
	n1298 []
	n1299 []
}

digraph CommentsController_reply_backward_70153629149340 {
	n1295 -> n1296
	n1287 -> n1295
	n1296 [label=<<i>self_parent_comment.try</i>> color=blue shape=doubleoctagon]; 
	n1295 [label = <<i>self.parent_comment</i>> ]
	n1287 []
}

digraph CommentsController_reply_forward_70153632728540 {
	n1419 -> n1420
	n1419 -> n1801
	n1419 [label=<<i>comment.new_record?</i>> color=blue shape=doubleoctagon]; 
	n1420 []
	n1801 []
}

digraph CommentsController_reply_backward_70153632728540 {
	n1419 [label=<<i>comment.new_record?</i>> color=blue shape=doubleoctagon]; 
}

digraph CommentsController_reply_forward_70153628508560 {
	n1697 -> n1698
	n1698 -> n1699
	n1699 -> n1702
	n1702 -> n1705
	n1705 -> n1706
	n1699 -> n1712
	n1712 -> n1713
	n1699 -> n1719
	n1719 -> n1720
	n1720 -> n1721
	n1699 -> n1734
	n1734 -> n1736
	n1736 -> n1737
	n1737 -> n1738
	n1699 -> n1747
	n1747 -> n1748
	n1699 -> n1772
	n1772 -> n1775
	n1698 -> n1700
	n1697 [label=<<i>User.where</i>> color=crimson shape=doubleoctagon]; 
	n1698 [label = <<i>User_where(username=Imention).first</i>> color=coral1 ]
	n1699 []
	n1702 [label = <<i>u.id</i>> ]
	n1705 []
	n1706 []
	n1712 [label = <<i>u.email_mentions?</i>> ]
	n1713 []
	n1719 [label = <<i>EmailReply.mention</i>> ]
	n1720 [label = <<i>EmailReply_mention(self,u).deliver</i>> ]
	n1721 []
	n1734 [label = <<i>u.email</i>> ]
	n1736 []
	n1737 [label = <<i>Rails_logger.error</i>> ]
	n1738 []
	n1747 [label = <<i>u.pushover_mentions?</i>> ]
	n1748 []
	n1772 [label = <<i>u.pushover!</i>> ]
	n1775 []
	n1700 []
}

digraph CommentsController_reply_backward_70153628508560 {
	n1695 -> n1697
	n1696 -> n1697
	n1691 -> n1696
	n1697 [label=<<i>User.where</i>> color=crimson shape=doubleoctagon]; 
	n1695 []
	n1696 []
	n1691 []
}

digraph CommentsController_reply_forward_70153632066760 {
	n1698 -> n1699
	n1699 -> n1702
	n1702 -> n1705
	n1705 -> n1706
	n1699 -> n1712
	n1712 -> n1713
	n1699 -> n1719
	n1719 -> n1720
	n1720 -> n1721
	n1699 -> n1734
	n1734 -> n1736
	n1736 -> n1737
	n1737 -> n1738
	n1699 -> n1747
	n1747 -> n1748
	n1699 -> n1772
	n1772 -> n1775
	n1698 -> n1700
	n1698 [label=<<i>User_where(username=Imention).first</i>> color=crimson shape=doubleoctagon]; 
	n1699 []
	n1702 [label = <<i>u.id</i>> ]
	n1705 []
	n1706 []
	n1712 [label = <<i>u.email_mentions?</i>> ]
	n1713 []
	n1719 [label = <<i>EmailReply.mention</i>> ]
	n1720 [label = <<i>EmailReply_mention(self,u).deliver</i>> ]
	n1721 []
	n1734 [label = <<i>u.email</i>> ]
	n1736 []
	n1737 [label = <<i>Rails_logger.error</i>> ]
	n1738 []
	n1747 [label = <<i>u.pushover_mentions?</i>> ]
	n1748 []
	n1772 [label = <<i>u.pushover!</i>> ]
	n1775 []
	n1700 []
}

digraph CommentsController_reply_backward_70153632066760 {
	n1697 -> n1698
	n1695 -> n1697
	n1696 -> n1697
	n1691 -> n1696
	n1698 [label=<<i>User_where(username=Imention).first</i>> color=crimson shape=doubleoctagon]; 
	n1697 [label = <<i>User.where</i>> color=coral1 ]
	n1695 []
	n1696 []
	n1691 []
}

