SET IRMethod, name = has_content_type instanceMethod = true
BB 1
	outgoing: 8 2 
	datadep: 
	instructions:
BB 2
	outgoing: 3 4 
	datadep: 
	instructions:
		 0: def_%self 
		 1: def_%v_0 
		 2: COPY TYPE_CurrentScope def_%current_scope 
		 3: COPY TYPE_ScopeModule def_%current_module 
		 4: 
		 5: RECEIVECONSTARG def_options 
		 6: options[2.5,] 
BB 3
	outgoing: 4 
	datadep: 
	instructions:
		 0: HASH- def_%v_3 
		 1: COPY TYPE_PASS def_options %v_3[3.0,] 
BB 4
	outgoing: 5 6 
	datadep: 
	instructions:
		 0: 
		 1: (InstanceMethods) def_%v_4 
		 2: %self->include def_%v_5 %self[2.0,] %v_4[4.1,] 	 SYMBOL:	 ARGS:%v_4,
		 3: 
		 4: (ClassMethods) def_%v_6 
		 5: %self->extend def_%v_7 %self[4.2,2.0,] %v_6[4.4,] 	 SYMBOL:	 ARGS:%v_6,
		 6: 
		 7: options->[] def_%v_8 options[3.1,2.5,] 	 SYMBOL:module,	 ARGS:Symbol,
		 8: BRANCH %v_8[4.7,] 
BB 5
	outgoing: 8 
	datadep: 
	instructions:
		 0: 
		 1: options->[] def_%v_9 options[3.1,2.5,] 	 SYMBOL:module,	 ARGS:Symbol,
		 2: %self->content_module def_%v_10 %self[2.0,] %v_9[5.1,] 	 SYMBOL:	 ARGS:%v_9,
		 3: RETURN %v_10[5.2,] %self[5.2,2.0,] 
BB 6
	outgoing: 8 
	datadep: 
	instructions:
		 0: RETURN %self[2.0,] 
BB 8
	outgoing: 
	datadep: 
	instructions:

SET IRMethod, name = content_type instanceMethod = true
BB 1
	outgoing: 3 2 
	datadep: 
	instructions:
BB 2
	outgoing: 3 
	datadep: 
	instructions:
		 0: def_%self 
		 1: def_%v_0 
		 2: COPY TYPE_CurrentScope def_%current_scope 
		 3: COPY TYPE_ScopeModule def_%current_module 
		 4: 
		 5: 
		 6: (ContentType) def_%v_3 
		 7: %self->name def_%v_4 %self[2.0,] 	 SYMBOL:	 ARGS:
		 8: HASH-name- def_%v_5 %v_4[2.7,] 
		 9: %v_3->new def_%v_6 %v_3[2.6,] %v_5[2.8,] 	 SYMBOL:	 ARGS:%v_5,
		 10: RETURN %v_6[2.9,] %self[2.0,2.7,] 
BB 3
	outgoing: 
	datadep: 
	instructions:

SET IRMethod, name = content_module instanceMethod = true
BB 1
	outgoing: 11 2 
	datadep: 
	instructions:
BB 2
	outgoing: 3 4 
	datadep: 
	instructions:
		 0: def_%self 
		 1: def_%v_0 
		 2: COPY TYPE_CurrentScope def_%current_scope 
		 3: COPY TYPE_ScopeModule def_%current_module 
		 4: 
		 5: RECEIVECONSTARG def_module_name 
		 6: module_name[2.5,] 
BB 3
	outgoing: 4 
	datadep: 
	instructions:
		 0: COPY TYPE_Nil def_module_name 
BB 4
	outgoing: 5 6 
	datadep: 
	instructions:
		 0: 
		 1: BRANCH module_name[3.0,2.5,] 
BB 5
	outgoing: 7 
	datadep: 
	instructions:
		 0: 
		 1: ATTRASSIGN %self->module_name module_name[3.0,2.5,] 
		 2: COPY TYPE_PASS def_%v_3 module_name[3.0,2.5,] 
		 3: 
BB 6
	outgoing: 7 
	datadep: 
	instructions:
		 0: COPY TYPE_Nil def_%v_3 
BB 7
	outgoing: 8 9 
	datadep: 
	instructions:
		 0: 
		 1: 
		 2: GETFIELD %self->module_name def_%v_4 %self[5.1,2.0,] 
		 3: BRANCH %v_4[7.2,] 
BB 8
	outgoing: 11 
	datadep: 
	instructions:
		 0: 
		 1: GETFIELD %self->module_name def_%v_5 %self[5.1,2.0,] 
		 2: RETURN %v_5[8.1,] %self[5.1,2.0,] 
BB 9
	outgoing: 11 
	datadep: 
	instructions:
		 0: 
		 1: RETURN %self[5.1,2.0,] 
BB 11
	outgoing: 
	datadep: 
	instructions:

