SET IRMethod, name = name
BB 1
	outgoing: 6 2 
	datadep: 
	instructions:
BB 2
	outgoing: 3 4 
	datadep: 
	instructions:
		 0: def_%self 
		 1: def_%v_0 
		 2: COPY TYPE_CurrentScope def_%current_scope 
		 3: COPY TYPE_ScopeModule def_%current_module 
		 4: 
		 5: 
		 6: COPY TYPE_StringLiteral def_%v_3 
		 7: %self->commentable def_%v_4 %self[2.0,] 	 ARGS:
		 8: BRANCH %v_4[2.7,] 
BB 3
	outgoing: 5 
	datadep: 
	instructions:
		 0: %self->commentable def_%v_5 %self[2.0,] 	 ARGS:
		 1: %v_5->name def_%v_6 %v_5[3.0,] 	 ARGS:
		 2: 
BB 4
	outgoing: 5 
	datadep: 
	instructions:
		 0: COPY TYPE_StringLiteral def_%v_7 
		 1: COPY TYPE_PASS def_%v_6 %v_7[4.0,] 
BB 5
	outgoing: 6 
	datadep: 
	instructions:
		 0: BUILDSTRING def_%v_8 %v_3[2.6,] %v_6[4.1,3.1,] 
		 1: RETURN %v_8[5.0,] %self[2.0,] 
BB 6
	outgoing: 
	datadep: 
	instructions:

SET IRMethod, name = update_stream_items_on_create
BB 1
	outgoing: 3 2 
	datadep: 
	instructions:
BB 2
	outgoing: 3 
	datadep: 
	instructions:
		 0: def_%self 
		 1: def_%v_0 
		 2: COPY TYPE_CurrentScope def_%current_scope 
		 3: COPY TYPE_ScopeModule def_%current_module 
		 4: 
		 5: 
		 6: %self->find_all_associated_stream_items def_%v_3 %self[2.0,] 	 ARGS:
		 7: %v_3->each def_%v_4 %v_3[2.6,] %self[2.0,2.6,] 	 ARGS:%v_3,
CLOSURE BEGIN: stream_item[] %self[2.0,2.6,] 
BB 1
	outgoing: 13 2 
	datadep: 
	instructions:
BB 2
	outgoing: 3 
	datadep: 
	instructions:
		 0: def_%self 
		 1: def_%cl_1_0 
		 2: RECEIVEARG def_stream_item 
		 3: COPY TYPE_CurrentScope def_%current_scope 
		 4: COPY TYPE_ScopeModule def_%current_module 
BB 3
	outgoing: 4 5 11 
	datadep: 
	instructions:
		 0: 
		 1: stream_item->streamable_type def_%cl_1_3 stream_item[2.2,] 	 ARGS:
		 2: COPY TYPE_StringLiteral def_%cl_1_4 
		 3: %cl_1_3->== def_%cl_1_5 %cl_1_3[3.1,] %cl_1_4[3.2,] 	 ARGS:%cl_1_4,
		 4: BRANCH %cl_1_5[3.3,] 
BB 4
	outgoing: 5 11 
	datadep: 
	instructions:
		 0: stream_item->context def_%cl_1_6 stream_item[2.2,] 	 ARGS:
		 1: COPY TYPE_StringLiteral def_%cl_1_7 
		 2: %cl_1_6->[] def_%cl_1_8 %cl_1_6[4.0,] %cl_1_7[4.1,] 	 ARGS:%cl_1_7,
		 3: %self->Array def_%cl_1_9 %self[2.0,] %cl_1_8[4.2,] 	 ARGS:%cl_1_8,
		 4: %cl_1_9->detect def_%cl_1_10 %cl_1_9[4.3,] %self[4.3,2.0,] 	 ARGS:%cl_1_9,
CLOSURE BEGIN: pic[] %self[4.3,2.0,] 
BB 1
	outgoing: 6 2 
	datadep: 
	instructions:
BB 2
	outgoing: 3 
	datadep: 
	instructions:
		 0: def_%self 
		 1: def_%cl_2_0 
		 2: RECEIVEARG def_pic 
		 3: COPY TYPE_CurrentScope def_%current_scope 
		 4: COPY TYPE_ScopeModule def_%current_module 
BB 3
	outgoing: 4 6 
	datadep: 
	instructions:
		 0: 
		 1: pic->first def_%cl_2_3 pic[2.2,] 	 ARGS:
		 2: %self->commentable def_%cl_2_4 %self[2.0,] 	 ARGS:
		 3: %cl_2_4->id def_%cl_2_5 %cl_2_4[3.2,] 	 ARGS:
		 4: %cl_2_3->== def_%cl_2_6 %cl_2_3[3.1,] %cl_2_5[3.3,] 	 ARGS:%cl_2_5,
		 5: RETURN %cl_2_6[3.4,] %self[3.2,2.0,] 
BB 4
	outgoing: 6 
	datadep: 
	instructions:
		 0: def_%cl_2_7 
		 1: def_%cl_2_8 %cl_2_7[4.0,] 
		 2: RETURN %cl_2_8[4.1,] %self[2.0,] 
BB 6
	outgoing: 
	datadep: 
	instructions:
CLOSURE END
		 5: %cl_1_10->! def_%cl_1_11 %cl_1_10[4.4,] 	 ARGS:
		 6: COPY TYPE_PASS def_%cl_1_5 %cl_1_11[4.5,] 
BB 5
	outgoing: 6 7 
	datadep: 
	instructions:
		 0: BRANCH %cl_1_5[4.6,3.3,] 
BB 6
	outgoing: 11 13 
	datadep: 
	instructions:
		 0: 
		 1: RETURN %self[2.0,] 
BB 7
	outgoing: 8 
	datadep: 
	instructions:
		 0: COPY TYPE_Nil def_%cl_1_12 
BB 8
	outgoing: 9 10 11 
	datadep: 
	instructions:
		 0: 
		 1: stream_item->context def_%cl_1_13 stream_item[2.2,] 	 ARGS:
		 2: COPY TYPE_StringLiteral def_%cl_1_15 
		 3: %cl_1_13->[] def_%cl_1_14 %cl_1_13[8.1,] %cl_1_15[8.2,] 	 ARGS:%cl_1_15,
		 4: BRANCH %cl_1_14[8.3,] 
BB 9
	outgoing: 10 11 
	datadep: 
	instructions:
		 0: COPY TYPE_Array def_%cl_1_16 
		 1: %cl_1_13->[]= def_%cl_1_14 %cl_1_13[8.1,] %cl_1_15[8.2,] %cl_1_16[9.0,] 	 ARGS:%cl_1_15,%cl_1_16,
		 2: COPY TYPE_PASS def_%cl_1_14 %cl_1_16[9.0,] 
BB 10
	outgoing: 11 13 
	datadep: 
	instructions:
		 0: 
		 1: stream_item->context def_%cl_1_17 stream_item[2.2,] 	 ARGS:
		 2: COPY TYPE_StringLiteral def_%cl_1_18 
		 3: %cl_1_17->[] def_%cl_1_19 %cl_1_17[10.1,] %cl_1_18[10.2,] 	 ARGS:%cl_1_18,
		 4: COPY TYPE_StringLiteral def_%cl_1_20 
		 5: %self->id def_%cl_1_21 %self[2.0,] 	 ARGS:
		 6: COPY TYPE_StringLiteral def_%cl_1_22 
		 7: %self->person def_%cl_1_23 %self[10.5,2.0,] 	 ARGS:
		 8: %cl_1_23->id def_%cl_1_24 %cl_1_23[10.7,] 	 ARGS:
		 9: COPY TYPE_StringLiteral def_%cl_1_25 
		 10: %self->text def_%cl_1_26 %self[10.5,10.7,2.0,] 	 ARGS:
		 11: COPY TYPE_StringLiteral def_%cl_1_27 
		 12: %self->created_at def_%cl_1_28 %self[10.5,10.7,10.10,2.0,] 	 ARGS:
		 13: HASH- def_%cl_1_29 %cl_1_20[10.4,] %cl_1_21[10.5,] %cl_1_22[10.6,] %cl_1_24[10.8,] %cl_1_25[10.9,] %cl_1_26[10.10,] %cl_1_27[10.11,] %cl_1_28[10.12,] 
		 14: %cl_1_19-><< def_%cl_1_30 %cl_1_19[10.3,] %cl_1_29[10.13,] 	 ARGS:%cl_1_29,
		 15: 
		 16: stream_item->save! def_%cl_1_31 stream_item[10.1,2.2,] 	 ARGS:
		 17: RETURN %cl_1_31[10.16,] %self[10.5,10.7,10.10,10.12,2.0,] 
BB 11
	outgoing: 13 
	datadep: 
	instructions:
		 0: def_%cl_1_32 
		 1: def_%cl_1_33 %cl_1_32[11.0,] 
		 2: RETURN %cl_1_33[11.1,] %self[2.0,] 
BB 13
	outgoing: 
	datadep: 
	instructions:
CLOSURE END
		 8: RETURN %v_4[2.7,] %self[2.0,2.6,] 
BB 3
	outgoing: 
	datadep: 
	instructions:

SET IRMethod, name = update_stream_items_on_destroy
BB 1
	outgoing: 3 2 
	datadep: 
	instructions:
BB 2
	outgoing: 3 
	datadep: 
	instructions:
		 0: def_%self 
		 1: def_%v_0 
		 2: COPY TYPE_CurrentScope def_%current_scope 
		 3: COPY TYPE_ScopeModule def_%current_module 
		 4: 
		 5: 
		 6: %self->find_all_associated_stream_items def_%v_3 %self[2.0,] 	 ARGS:
		 7: %v_3->each def_%v_4 %v_3[2.6,] %self[2.0,2.6,] 	 ARGS:%v_3,
CLOSURE BEGIN: stream_item[] %self[2.0,2.6,] 
BB 1
	outgoing: 8 2 
	datadep: 
	instructions:
BB 2
	outgoing: 3 
	datadep: 
	instructions:
		 0: def_%self 
		 1: def_%cl_1_0 
		 2: RECEIVEARG def_stream_item 
		 3: COPY TYPE_CurrentScope def_%current_scope 
		 4: COPY TYPE_ScopeModule def_%current_module 
BB 3
	outgoing: 4 5 6 
	datadep: 
	instructions:
		 0: 
		 1: stream_item->context def_%cl_1_3 stream_item[2.2,] 	 ARGS:
		 2: COPY TYPE_StringLiteral def_%cl_1_5 
		 3: %cl_1_3->[] def_%cl_1_4 %cl_1_3[3.1,] %cl_1_5[3.2,] 	 ARGS:%cl_1_5,
		 4: BRANCH %cl_1_4[3.3,] 
BB 4
	outgoing: 5 6 
	datadep: 
	instructions:
		 0: COPY TYPE_Array def_%cl_1_6 
		 1: %cl_1_3->[]= def_%cl_1_4 %cl_1_3[3.1,] %cl_1_5[3.2,] %cl_1_6[4.0,] 	 ARGS:%cl_1_5,%cl_1_6,
		 2: COPY TYPE_PASS def_%cl_1_4 %cl_1_6[4.0,] 
BB 5
	outgoing: 6 8 
	datadep: 
	instructions:
		 0: 
		 1: stream_item->context def_%cl_1_7 stream_item[2.2,] 	 ARGS:
		 2: COPY TYPE_StringLiteral def_%cl_1_8 
		 3: %cl_1_7->[] def_%cl_1_9 %cl_1_7[5.1,] %cl_1_8[5.2,] 	 ARGS:%cl_1_8,
		 4: %cl_1_9->reject! def_%cl_1_10 %cl_1_9[5.3,] %self[2.0,] 	 ARGS:%cl_1_9,
CLOSURE BEGIN: c[] %self[2.0,] 
BB 1
	outgoing: 6 2 
	datadep: 
	instructions:
BB 2
	outgoing: 3 
	datadep: 
	instructions:
		 0: def_%self 
		 1: def_%cl_2_0 
		 2: RECEIVEARG def_c 
		 3: COPY TYPE_CurrentScope def_%current_scope 
		 4: COPY TYPE_ScopeModule def_%current_module 
BB 3
	outgoing: 4 6 
	datadep: 
	instructions:
		 0: 
		 1: COPY TYPE_StringLiteral def_%cl_2_3 
		 2: c->[] def_%cl_2_4 c[2.2,] %cl_2_3[3.1,] 	 ARGS:%cl_2_3,
		 3: %self->id def_%cl_2_5 %self[2.0,] 	 ARGS:
		 4: %cl_2_4->== def_%cl_2_6 %cl_2_4[3.2,] %cl_2_5[3.3,] 	 ARGS:%cl_2_5,
		 5: RETURN %cl_2_6[3.4,] %self[3.3,2.0,] 
BB 4
	outgoing: 6 
	datadep: 
	instructions:
		 0: def_%cl_2_7 
		 1: def_%cl_2_8 %cl_2_7[4.0,] 
		 2: RETURN %cl_2_8[4.1,] %self[2.0,] 
BB 6
	outgoing: 
	datadep: 
	instructions:
CLOSURE END
		 5: 
		 6: stream_item->save! def_%cl_1_11 stream_item[5.1,2.2,] 	 ARGS:
		 7: RETURN %cl_1_11[5.6,] %self[2.0,] 
BB 6
	outgoing: 8 
	datadep: 
	instructions:
		 0: def_%cl_1_12 
		 1: def_%cl_1_13 %cl_1_12[6.0,] 
		 2: RETURN %cl_1_13[6.1,] %self[2.0,] 
BB 8
	outgoing: 
	datadep: 
	instructions:
CLOSURE END
		 8: RETURN %v_4[2.7,] %self[2.0,2.6,] 
BB 3
	outgoing: 
	datadep: 
	instructions:

SET IRMethod, name = find_all_associated_stream_items
BB 1
	outgoing: 9 2 
	datadep: 
	instructions:
BB 2
	outgoing: 3 4 
	datadep: 
	instructions:
		 0: def_%self 
		 1: def_%v_0 
		 2: COPY TYPE_CurrentScope def_%current_scope 
		 3: COPY TYPE_ScopeModule def_%current_module 
		 4: 
		 5: 
		 6: %self->commentable def_%v_3 %self[2.0,] 	 ARGS:
		 7: BRANCH %v_3[2.6,] 
BB 3
	outgoing: 6 7 
	datadep: 
	instructions:
		 0: COPY TYPE_Nil def_%v_4 
		 1: 
		 2: %self->commentable_type def_%v_6 %self[2.0,] 	 ARGS:
		 3: COPY TYPE_PASS def_streamable_type %v_6[3.2,] 
		 4: 
		 5: %self->commentable def_%v_7 %self[3.2,2.0,] 	 ARGS:
		 6: %v_7->id def_%v_8 %v_7[3.5,] 	 ARGS:
		 7: COPY TYPE_PASS def_streamable_id %v_8[3.6,] 
		 8: 
		 9: COPY TYPE_StringLiteral def_%v_9 
		 10: streamable_type->== def_%v_10 streamable_type[3.3,] %v_9[3.9,] 	 ARGS:%v_9,
		 11: BRANCH %v_10[3.10,] 
BB 4
	outgoing: 9 
	datadep: 
	instructions:
		 0: COPY TYPE_Array def_%v_5 
		 1: RETURN %v_5[4.0,] %self[2.0,] 
BB 6
	outgoing: 8 
	datadep: 
	instructions:
		 0: 
		 1: COPY TYPE_StringLiteral def_%v_11 
		 2: COPY TYPE_PASS def_streamable_type %v_11[6.1,] 
		 3: 
		 4: %self->commentable def_%v_12 %self[2.0,] 	 ARGS:
		 5: %v_12->album_id def_%v_13 %v_12[6.4,] 	 ARGS:
		 6: COPY TYPE_PASS def_streamable_id %v_13[6.5,] 
		 7: 
BB 7
	outgoing: 8 
	datadep: 
	instructions:
		 0: COPY TYPE_Nil def_%v_13 
BB 8
	outgoing: 9 
	datadep: 
	instructions:
		 0: 
		 1: (StreamItem) def_%v_14 
		 2: HASH-streamable_type-streamable_id- def_%v_15 streamable_type[6.2,3.3,] streamable_id[6.6,3.7,] 
		 3: %v_14->where def_%v_16 %v_14[8.1,] %v_15[8.2,] 	 ARGS:%v_15,
		 4: %v_16->to_a def_%v_17 %v_16[8.3,] 	 ARGS:
		 5: RETURN %v_17[8.4,] %self[2.0,] 
BB 9
	outgoing: 
	datadep: 
	instructions:

