SET IRMethod, name = top instanceMethod = false
BB 1
	outgoing: 3 2 
	datadep: 
	instructions:
BB 2
	outgoing: 3 
	datadep: 
	instructions:
		 0: def_%self 
		 1: def_%v_0 
		 2: COPY TYPE_CurrentScope def_%current_scope 
		 3: COPY TYPE_ScopeModule def_%current_module 
		 4: 
		 5: 
		 6: HASH-folder_id- def_%v_3 
		 7: %self->where def_%v_4 %self[2.0,] %v_3[2.6,] 	 SYMBOL:	 ARGS:%v_3,
		 8: RETURN %v_4[2.7,] %self[2.0,2.7,] 
BB 3
	outgoing: 
	datadep: 
	instructions:

SET IRMethod, name = active instanceMethod = false
BB 1
	outgoing: 3 2 
	datadep: 
	instructions:
BB 2
	outgoing: 3 
	datadep: 
	instructions:
		 0: def_%self 
		 1: def_%v_0 
		 2: COPY TYPE_CurrentScope def_%current_scope 
		 3: COPY TYPE_ScopeModule def_%current_module 
		 4: 
		 5: 
		 6: HASH-hidden- def_%v_3 
		 7: %self->where def_%v_4 %self[2.0,] %v_3[2.6,] 	 SYMBOL:	 ARGS:%v_3,
		 8: RETURN %v_4[2.7,] %self[2.0,2.7,] 
BB 3
	outgoing: 
	datadep: 
	instructions:

SET IRMethod, name = hidden instanceMethod = false
BB 1
	outgoing: 3 2 
	datadep: 
	instructions:
BB 2
	outgoing: 3 
	datadep: 
	instructions:
		 0: def_%self 
		 1: def_%v_0 
		 2: COPY TYPE_CurrentScope def_%current_scope 
		 3: COPY TYPE_ScopeModule def_%current_module 
		 4: 
		 5: 
		 6: HASH-hidden- def_%v_3 
		 7: %self->where def_%v_4 %self[2.0,] %v_3[2.6,] 	 SYMBOL:	 ARGS:%v_3,
		 8: RETURN %v_4[2.7,] %self[2.0,2.7,] 
BB 3
	outgoing: 
	datadep: 
	instructions:

SET IRMethod, name = restricted instanceMethod = false
BB 1
	outgoing: 3 2 
	datadep: 
	instructions:
BB 2
	outgoing: 3 
	datadep: 
	instructions:
		 0: def_%self 
		 1: def_%v_0 
		 2: COPY TYPE_CurrentScope def_%current_scope 
		 3: COPY TYPE_ScopeModule def_%current_module 
		 4: 
		 5: 
		 6: COPY TYPE_StringLiteral "left join document_folder_groups dfg on dfg.document_folder_id = document_folders.id" def_%v_3 
		 7: %self->joins def_%v_4 %self[2.0,] %v_3[2.6,] 	 SYMBOL:	 ARGS:%v_3,
		 8: COPY TYPE_StringLiteral "dfg.id is not null" def_%v_5 
		 9: %v_4->where def_%v_6 %v_4[2.7,] %v_5[2.8,] 	 SYMBOL:	 ARGS:%v_5,
		 10: RETURN %v_6[2.9,] %self[2.0,2.7,] 
BB 3
	outgoing: 
	datadep: 
	instructions:

SET IRMethod, name = open instanceMethod = false
BB 1
	outgoing: 3 2 
	datadep: 
	instructions:
BB 2
	outgoing: 3 
	datadep: 
	instructions:
		 0: def_%self 
		 1: def_%v_0 
		 2: COPY TYPE_CurrentScope def_%current_scope 
		 3: COPY TYPE_ScopeModule def_%current_module 
		 4: 
		 5: 
		 6: COPY TYPE_StringLiteral "left join document_folder_groups dfg on dfg.document_folder_id = document_folders.id" def_%v_3 
		 7: %self->joins def_%v_4 %self[2.0,] %v_3[2.6,] 	 SYMBOL:	 ARGS:%v_3,
		 8: COPY TYPE_StringLiteral "dfg.id is null" def_%v_5 
		 9: %v_4->where def_%v_6 %v_4[2.7,] %v_5[2.8,] 	 SYMBOL:	 ARGS:%v_5,
		 10: RETURN %v_6[2.9,] %self[2.0,2.7,] 
BB 3
	outgoing: 
	datadep: 
	instructions:

SET IRMethod, name = top instanceMethod = false
BB 1
	outgoing: 3 2 
	datadep: 
	instructions:
BB 2
	outgoing: 3 
	datadep: 
	instructions:
		 0: def_%self 
		 1: def_%v_0 
		 2: COPY TYPE_CurrentScope def_%current_scope 
		 3: COPY TYPE_ScopeModule def_%current_module 
		 4: 
		 5: 
		 6: HASH-folder_id- def_%v_3 
		 7: %self->where def_%v_4 %self[2.0,] %v_3[2.6,] 	 SYMBOL:	 ARGS:%v_3,
		 8: RETURN %v_4[2.7,] %self[2.0,2.7,] 
BB 3
	outgoing: 
	datadep: 
	instructions:

SET IRMethod, name = active instanceMethod = false
BB 1
	outgoing: 3 2 
	datadep: 
	instructions:
BB 2
	outgoing: 3 
	datadep: 
	instructions:
		 0: def_%self 
		 1: def_%v_0 
		 2: COPY TYPE_CurrentScope def_%current_scope 
		 3: COPY TYPE_ScopeModule def_%current_module 
		 4: 
		 5: 
		 6: HASH-hidden- def_%v_3 
		 7: %self->where def_%v_4 %self[2.0,] %v_3[2.6,] 	 SYMBOL:	 ARGS:%v_3,
		 8: RETURN %v_4[2.7,] %self[2.0,2.7,] 
BB 3
	outgoing: 
	datadep: 
	instructions:

SET IRMethod, name = hidden instanceMethod = false
BB 1
	outgoing: 3 2 
	datadep: 
	instructions:
BB 2
	outgoing: 3 
	datadep: 
	instructions:
		 0: def_%self 
		 1: def_%v_0 
		 2: COPY TYPE_CurrentScope def_%current_scope 
		 3: COPY TYPE_ScopeModule def_%current_module 
		 4: 
		 5: 
		 6: HASH-hidden- def_%v_3 
		 7: %self->where def_%v_4 %self[2.0,] %v_3[2.6,] 	 SYMBOL:	 ARGS:%v_3,
		 8: RETURN %v_4[2.7,] %self[2.0,2.7,] 
BB 3
	outgoing: 
	datadep: 
	instructions:

SET IRMethod, name = restricted instanceMethod = false
BB 1
	outgoing: 3 2 
	datadep: 
	instructions:
BB 2
	outgoing: 3 
	datadep: 
	instructions:
		 0: def_%self 
		 1: def_%v_0 
		 2: COPY TYPE_CurrentScope def_%current_scope 
		 3: COPY TYPE_ScopeModule def_%current_module 
		 4: 
		 5: 
		 6: COPY TYPE_StringLiteral "left join document_folder_groups dfg on dfg.document_folder_id = document_folders.id" def_%v_3 
		 7: %self->joins def_%v_4 %self[2.0,] %v_3[2.6,] 	 SYMBOL:	 ARGS:%v_3,
		 8: COPY TYPE_StringLiteral "dfg.id is not null" def_%v_5 
		 9: %v_4->where def_%v_6 %v_4[2.7,] %v_5[2.8,] 	 SYMBOL:	 ARGS:%v_5,
		 10: RETURN %v_6[2.9,] %self[2.0,2.7,] 
BB 3
	outgoing: 
	datadep: 
	instructions:

SET IRMethod, name = open instanceMethod = false
BB 1
	outgoing: 3 2 
	datadep: 
	instructions:
BB 2
	outgoing: 3 
	datadep: 
	instructions:
		 0: def_%self 
		 1: def_%v_0 
		 2: COPY TYPE_CurrentScope def_%current_scope 
		 3: COPY TYPE_ScopeModule def_%current_module 
		 4: 
		 5: 
		 6: COPY TYPE_StringLiteral "left join document_folder_groups dfg on dfg.document_folder_id = document_folders.id" def_%v_3 
		 7: %self->joins def_%v_4 %self[2.0,] %v_3[2.6,] 	 SYMBOL:	 ARGS:%v_3,
		 8: COPY TYPE_StringLiteral "dfg.id is null" def_%v_5 
		 9: %v_4->where def_%v_6 %v_4[2.7,] %v_5[2.8,] 	 SYMBOL:	 ARGS:%v_5,
		 10: RETURN %v_6[2.9,] %self[2.0,2.7,] 
BB 3
	outgoing: 
	datadep: 
	instructions:

SET IRMethod, name = top instanceMethod = false
BB 1
	outgoing: 3 2 
	datadep: 
	instructions:
BB 2
	outgoing: 3 
	datadep: 
	instructions:
		 0: def_%self 
		 1: def_%v_0 
		 2: COPY TYPE_CurrentScope def_%current_scope 
		 3: COPY TYPE_ScopeModule def_%current_module 
		 4: 
		 5: 
		 6: HASH-folder_id- def_%v_3 
		 7: %self->where def_%v_4 %self[2.0,] %v_3[2.6,] 	 SYMBOL:	 ARGS:%v_3,
		 8: RETURN %v_4[2.7,] %self[2.0,2.7,] 
BB 3
	outgoing: 
	datadep: 
	instructions:

SET IRMethod, name = active instanceMethod = false
BB 1
	outgoing: 3 2 
	datadep: 
	instructions:
BB 2
	outgoing: 3 
	datadep: 
	instructions:
		 0: def_%self 
		 1: def_%v_0 
		 2: COPY TYPE_CurrentScope def_%current_scope 
		 3: COPY TYPE_ScopeModule def_%current_module 
		 4: 
		 5: 
		 6: HASH-hidden- def_%v_3 
		 7: %self->where def_%v_4 %self[2.0,] %v_3[2.6,] 	 SYMBOL:	 ARGS:%v_3,
		 8: RETURN %v_4[2.7,] %self[2.0,2.7,] 
BB 3
	outgoing: 
	datadep: 
	instructions:

SET IRMethod, name = hidden instanceMethod = false
BB 1
	outgoing: 3 2 
	datadep: 
	instructions:
BB 2
	outgoing: 3 
	datadep: 
	instructions:
		 0: def_%self 
		 1: def_%v_0 
		 2: COPY TYPE_CurrentScope def_%current_scope 
		 3: COPY TYPE_ScopeModule def_%current_module 
		 4: 
		 5: 
		 6: HASH-hidden- def_%v_3 
		 7: %self->where def_%v_4 %self[2.0,] %v_3[2.6,] 	 SYMBOL:	 ARGS:%v_3,
		 8: RETURN %v_4[2.7,] %self[2.0,2.7,] 
BB 3
	outgoing: 
	datadep: 
	instructions:

SET IRMethod, name = restricted instanceMethod = false
BB 1
	outgoing: 3 2 
	datadep: 
	instructions:
BB 2
	outgoing: 3 
	datadep: 
	instructions:
		 0: def_%self 
		 1: def_%v_0 
		 2: COPY TYPE_CurrentScope def_%current_scope 
		 3: COPY TYPE_ScopeModule def_%current_module 
		 4: 
		 5: 
		 6: COPY TYPE_StringLiteral "left join document_folder_groups dfg on dfg.document_folder_id = document_folders.id" def_%v_3 
		 7: %self->joins def_%v_4 %self[2.0,] %v_3[2.6,] 	 SYMBOL:	 ARGS:%v_3,
		 8: COPY TYPE_StringLiteral "dfg.id is not null" def_%v_5 
		 9: %v_4->where def_%v_6 %v_4[2.7,] %v_5[2.8,] 	 SYMBOL:	 ARGS:%v_5,
		 10: RETURN %v_6[2.9,] %self[2.0,2.7,] 
BB 3
	outgoing: 
	datadep: 
	instructions:

SET IRMethod, name = open instanceMethod = false
BB 1
	outgoing: 3 2 
	datadep: 
	instructions:
BB 2
	outgoing: 3 
	datadep: 
	instructions:
		 0: def_%self 
		 1: def_%v_0 
		 2: COPY TYPE_CurrentScope def_%current_scope 
		 3: COPY TYPE_ScopeModule def_%current_module 
		 4: 
		 5: 
		 6: COPY TYPE_StringLiteral "left join document_folder_groups dfg on dfg.document_folder_id = document_folders.id" def_%v_3 
		 7: %self->joins def_%v_4 %self[2.0,] %v_3[2.6,] 	 SYMBOL:	 ARGS:%v_3,
		 8: COPY TYPE_StringLiteral "dfg.id is null" def_%v_5 
		 9: %v_4->where def_%v_6 %v_4[2.7,] %v_5[2.8,] 	 SYMBOL:	 ARGS:%v_5,
		 10: RETURN %v_6[2.9,] %self[2.0,2.7,] 
BB 3
	outgoing: 
	datadep: 
	instructions:

SET IRMethod, name = parent_folders instanceMethod = true
BB 1
	outgoing: 3 2 
	datadep: 
	instructions:
BB 2
	outgoing: 3 
	datadep: 
	instructions:
		 0: def_%self 
		 1: def_%v_0 
		 2: COPY TYPE_CurrentScope def_%current_scope 
		 3: COPY TYPE_ScopeModule def_%current_module 
		 4: 
		 5: 
		 6: (DocumentFolder) def_%v_3 
		 7: %self->parent_folder_ids def_%v_4 %self[2.0,] 	 SYMBOL:	 ARGS:
		 8: %v_3->find def_%v_5 %v_3[2.6,] %v_4[2.7,] 	 SYMBOL:	 ARGS:%v_4,
		 9: %v_5->sort_by def_%v_6 %v_5[2.8,] %self[2.0,2.7,] 	 SYMBOL:	 ARGS:%v_5,
CLOSURE BEGIN: %self[2.0,2.7,] f[] 
BB 1
	outgoing: 6 2 
	datadep: 
	instructions:
BB 2
	outgoing: 3 
	datadep: 
	instructions:
		 0: def_%self 
		 1: def_%cl_1_0 
		 2: RECEIVEARG def_f 
		 3: COPY TYPE_CurrentScope def_%current_scope 
		 4: COPY TYPE_ScopeModule def_%current_module 
BB 3
	outgoing: 4 6 
	datadep: 
	instructions:
		 0: 
		 1: %self->parent_folder_ids def_%cl_1_3 %self[2.0,] 	 SYMBOL:	 ARGS:
		 2: f->id def_%cl_1_4 f[2.2,] 	 SYMBOL:	 ARGS:
		 3: %cl_1_3->index def_%cl_1_5 %cl_1_3[3.1,] %cl_1_4[3.2,] 	 SYMBOL:	 ARGS:%cl_1_4,
		 4: RETURN %cl_1_5[3.3,] %self[3.1,2.0,] 
BB 4
	outgoing: 6 
	datadep: 
	instructions:
		 0: def_%cl_1_6 
		 1: def_%cl_1_7 %cl_1_6[4.0,] 
		 2: RETURN %cl_1_7[4.1,] %self[2.0,] 
BB 6
	outgoing: 
	datadep: 
	instructions:
CLOSURE END: 
		 10: RETURN %v_6[2.9,] %self[2.0,2.7,] 
BB 3
	outgoing: 
	datadep: 
	instructions:

SET IRMethod, name = all_group_ids instanceMethod = true
BB 1
	outgoing: 3 2 
	datadep: 
	instructions:
BB 2
	outgoing: 3 
	datadep: 
	instructions:
		 0: def_%self 
		 1: def_%v_0 
		 2: COPY TYPE_CurrentScope def_%current_scope 
		 3: COPY TYPE_ScopeModule def_%current_module 
		 4: 
		 5: 
		 6: %self->group_ids def_%v_3 %self[2.0,] 	 SYMBOL:	 ARGS:
		 7: %self->parent_folders def_%v_4 %self[2.0,2.6,] 	 SYMBOL:	 ARGS:
		 8: %v_4->flat_map def_%v_5 %v_4[2.7,] 	 SYMBOL:group_ids,	 ARGS:
		 9: %v_3->+ def_%v_6 %v_3[2.6,] %v_5[2.8,] 	 SYMBOL:	 ARGS:%v_5,
		 10: %v_6->uniq def_%v_7 %v_6[2.9,] 	 SYMBOL:	 ARGS:
		 11: RETURN %v_7[2.10,] %self[2.0,2.6,2.7,] 
BB 3
	outgoing: 
	datadep: 
	instructions:

SET IRMethod, name = all_groups instanceMethod = true
BB 1
	outgoing: 3 2 
	datadep: 
	instructions:
BB 2
	outgoing: 3 
	datadep: 
	instructions:
		 0: def_%self 
		 1: def_%v_0 
		 2: COPY TYPE_CurrentScope def_%current_scope 
		 3: COPY TYPE_ScopeModule def_%current_module 
		 4: 
		 5: 
		 6: (Group) def_%v_3 
		 7: %self->all_group_ids def_%v_4 %self[2.0,] 	 SYMBOL:	 ARGS:
		 8: HASH-id- def_%v_5 %v_4[2.7,] 
		 9: %v_3->where def_%v_6 %v_3[2.6,] %v_5[2.8,] 	 SYMBOL:	 ARGS:%v_5,
		 10: RETURN %v_6[2.9,] %self[2.0,2.7,] 
BB 3
	outgoing: 
	datadep: 
	instructions:

SET IRMethod, name = restricted? instanceMethod = true
BB 1
	outgoing: 3 2 
	datadep: 
	instructions:
BB 2
	outgoing: 3 
	datadep: 
	instructions:
		 0: def_%self 
		 1: def_%v_0 
		 2: COPY TYPE_CurrentScope def_%current_scope 
		 3: COPY TYPE_ScopeModule def_%current_module 
		 4: 
		 5: 
		 6: %self->group_ids def_%v_3 %self[2.0,] 	 SYMBOL:	 ARGS:
		 7: %v_3->any? def_%v_4 %v_3[2.6,] 	 SYMBOL:	 ARGS:
		 8: RETURN %v_4[2.7,] %self[2.0,2.6,] 
BB 3
	outgoing: 
	datadep: 
	instructions:

SET IRMethod, name = hidden_at_all? instanceMethod = true
BB 1
	outgoing: 5 2 
	datadep: 
	instructions:
BB 2
	outgoing: 3 4 
	datadep: 
	instructions:
		 0: def_%self 
		 1: def_%v_0 
		 2: COPY TYPE_CurrentScope def_%current_scope 
		 3: COPY TYPE_ScopeModule def_%current_module 
		 4: 
		 5: 
		 6: %self->hidden? def_%v_3 %self[2.0,] 	 SYMBOL:	 ARGS:
		 7: BRANCH %v_3[2.6,] 
BB 3
	outgoing: 5 
	datadep: 
	instructions:
		 0: %self->parent_folders def_%v_4 %self[2.0,] 	 SYMBOL:	 ARGS:
		 1: %v_4->any? def_%v_5 %v_4[3.0,] 	 SYMBOL:hidden?,	 ARGS:
		 2: RETURN %v_5[3.1,] %self[3.0,2.0,] 
BB 4
	outgoing: 5 
	datadep: 
	instructions:
		 0: RETURN %v_3[2.6,] %self[2.0,] 
BB 5
	outgoing: 
	datadep: 
	instructions:

SET IRMethod, name = item_count instanceMethod = true
BB 1
	outgoing: 3 2 
	datadep: 
	instructions:
BB 2
	outgoing: 3 
	datadep: 
	instructions:
		 0: def_%self 
		 1: def_%v_0 
		 2: COPY TYPE_CurrentScope def_%current_scope 
		 3: COPY TYPE_ScopeModule def_%current_module 
		 4: 
		 5: 
		 6: %self->folders def_%v_3 %self[2.0,] 	 SYMBOL:	 ARGS:
		 7: %v_3->count def_%v_4 %v_3[2.6,] 	 SYMBOL:	 ARGS:
		 8: %self->documents def_%v_5 %self[2.0,2.6,] 	 SYMBOL:	 ARGS:
		 9: %v_5->count def_%v_6 %v_5[2.8,] 	 SYMBOL:	 ARGS:
		 10: %v_4->+ def_%v_7 %v_4[2.7,] %v_6[2.9,] 	 SYMBOL:	 ARGS:%v_6,
		 11: RETURN %v_7[2.10,] %self[2.0,2.6,2.8,] 
BB 3
	outgoing: 
	datadep: 
	instructions:

