SET IRMethod, name = initialize
BB 1
	outgoing: 9 2 
	datadep: 
	instructions:
BB 2
	outgoing: 3 4 
	datadep: 
	instructions:
		 0: 
		 1: 
		 2: 
		 3: 
		 4: 
		 5: 
		 6: import[2.5,] 
BB 3
	outgoing: 4 
	datadep: 
	instructions:
		 0: 
BB 4
	outgoing: 5 6 
	datadep: 
	instructions:
		 0: 
		 1: data[4.0,] 
BB 5
	outgoing: 6 
	datadep: 
	instructions:
		 0: 
BB 6
	outgoing: 7 8 
	datadep: 
	instructions:
		 0: 
		 1: strategy_name[6.0,] 
BB 7
	outgoing: 8 
	datadep: 
	instructions:
		 0: 
BB 8
	outgoing: 9 
	datadep: 2 2 4 2 2 6 
	instructions:
		 0: 
		 1: %self[2.0,] import[2.5,] @import[] 
		 2: 
		 3: data[4.0,] %self[2.0,] @data[] 
		 4: 
		 5: %self->lookup_strategy %self[2.0,] strategy_name[6.0,] 
		 6: RETURN %v_3[8.5,] 
BB 9
	outgoing: 
	datadep: 
	instructions:

SET IRMethod, name = lookup_strategy
BB 1
	outgoing: 6 2 
	datadep: 
	instructions:
BB 2
	outgoing: 3 4 
	datadep: 
	instructions:
		 0: 
		 1: 
		 2: 
		 3: 
		 4: 
		 5: 
		 6: 
		 7: (STRATEGIES) 
		 8: strategy_name[2.5,] %v_3[2.7,] 
		 9: %v_4[2.8,] 
		 10: 
		 11: BRANCH %v_4[2.8,] 
BB 3
	outgoing: 5 
	datadep: 
	instructions:
		 0: 
		 1: 
BB 4
	outgoing: 5 
	datadep: 2 2 
	instructions:
		 0: 
		 1: (UnknownStrategyError) 
		 2: 
		 3: 
		 4: 
		 5: strategy_name[2.5,] %v_8[4.4,] %v_7[4.2,] 
		 6: %self->fail %self[2.0,] %v_9[4.5,] %v_6[4.1,] 
		 7: %v_10[4.6,] 
BB 5
	outgoing: 6 
	datadep: 2 2 
	instructions:
		 0: 
		 1: strategy_class->new strategy_class[2.9,] 
		 2: %self[2.0,] %v_11[5.1,] @strategy[] 
		 3: RETURN %v_11[5.1,] 
BB 6
	outgoing: 
	datadep: 
	instructions:

SET IRMethod, name = parse
BB 1
	outgoing: 6 2 
	datadep: 
	instructions:
BB 2
	outgoing: 3 4 
	datadep: 
	instructions:
		 0: 
		 1: 
		 2: 
		 3: 
		 4: 
		 5: 
		 6: %self[2.0,] @strategy[] 
		 7: %self[2.0,] @data[] 
		 8: %v_3->parse %v_4[2.7,] %v_3[2.6,] 
		 9: %v_5[2.8,] 
		 10: 
		 11: %v_5[2.8,] 
		 12: BRANCH %v_6[2.11,] 
BB 3
	outgoing: 5 
	datadep: 2 2 
	instructions:
		 0: 
		 1: %self[2.0,] @import[] 
		 2: %v_7[3.1,] 
		 3: 
		 4: @import[3.1,] 
		 5: parsed[2.9,] 
		 6: %v_8[3.4,] %v_9[3.5,] 
		 7: 
BB 4
	outgoing: 5 
	datadep: 2 2 2 2 2 2 
	instructions:
		 0: 
		 1: %self[2.0,] @import[] 
		 2: %v_10[4.1,] 
		 3: 
		 4: @import[4.1,] 
		 5: parsed[2.9,] 
		 6: %v_12->size %v_12[4.5,] 
		 7: %v_13[4.6,] %v_11[4.4,] 
		 8: 
		 9: @import[4.1,4.4,] 
		 10: %v_14->save! %v_14[4.9,] 
		 11: 
		 12: parsed[2.9,] 
		 13: %v_16->each_with_index %self[2.0,] %v_16[4.12,] 
CLOSURE BEGIN: @import[] @strategy[2.6,] @data[2.7,] 
BB 1
	outgoing: 12 2 
	datadep: 
	instructions:
BB 2
	outgoing: 3 
	datadep: 
	instructions:
		 0: 
		 1: 
		 2: 
		 3: 
		 4: 
		 5: 
BB 3
	outgoing: 4 5 10 
	datadep: 2 2 
	instructions:
		 0: 
		 1: %self->attrs_for_row %self[2.0,] row[2.2,] 
		 2: %cl_1_3[3.1,] 
		 3: 
		 4: %cl_1_3->empty? %cl_1_3[3.1,] 
		 5: BRANCH %cl_1_4[3.4,] 
BB 4
	outgoing: 10 12 
	datadep: 
	instructions:
		 0: 
		 1: RETURN 
BB 5
	outgoing: 6 
	datadep: 
	instructions:
		 0: 
BB 6
	outgoing: 7 8 10 
	datadep: 2 
	instructions:
		 0: 
		 1: index[2.3,] 
		 2: %cl_1_6[6.1,] 
		 3: BRANCH %cl_1_7[6.2,] 
BB 7
	outgoing: 9 10 
	datadep: 2 
	instructions:
		 0: %self[2.0,] @import[] 
		 1: %cl_1_8->reload %cl_1_8[7.0,] 
		 2: 
BB 8
	outgoing: 9 
	datadep: 
	instructions:
		 0: 
BB 9
	outgoing: 10 12 
	datadep: 2 2 3 
	instructions:
		 0: 
		 1: %self[2.0,] @import[7.0,] 
		 2: %cl_1_10->rows %cl_1_10[9.1,] 
		 3: index[2.3,] 
		 4: %cl_1_12[9.3,] attributes[3.2,] 
		 5: %cl_1_11->create! %cl_1_13[9.4,] %cl_1_11[9.2,] 
		 6: RETURN %cl_1_14[9.5,] 
BB 10
	outgoing: 12 
	datadep: 
	instructions:
		 0: 
		 1: %cl_1_15[10.0,] 
		 2: RETURN %cl_1_16[10.1,] 
BB 12
	outgoing: 
	datadep: 
	instructions:
CLOSURE END
		 14: 
		 15: @import[4.1,4.4,4.9,] 
		 16: parsed[2.9,] 
		 17: %self->build_mappings %self[2.0,] %v_19[4.16,] 
		 18: %v_18[4.15,] %v_20[4.17,] 
		 19: 
		 20: @import[4.1,4.4,4.9,4.15,] 
		 21: %v_21[4.20,] 
		 22: 
BB 5
	outgoing: 6 
	datadep: 2 
	instructions:
		 0: 
		 1: %self[2.0,] @import[4.1,4.4,4.9,4.15,4.20,3.1,3.4,] 
		 2: %v_22->save! %v_22[5.1,] 
		 3: RETURN %v_23[5.2,] 
BB 6
	outgoing: 
	datadep: 
	instructions:

SET IRMethod, name = build_mappings
BB 1
	outgoing: 5 2 
	datadep: 
	instructions:
BB 2
	outgoing: 3 4 
	datadep: 
	instructions:
		 0: 
		 1: 
		 2: 
		 3: 
		 4: 
		 5: 
		 6: 
		 7: %self[2.0,] @import[] 
		 8: %v_3->mappings %v_3[2.7,] 
		 9: BRANCH %v_4[2.8,] 
BB 3
	outgoing: 4 
	datadep: 
	instructions:
		 0: 
		 1: %v_5[3.0,] 
BB 4
	outgoing: 5 
	datadep: 3 2 2 2 
	instructions:
		 0: %v_4[3.1,2.8,] 
		 1: 
		 2: 
		 3: %self[2.0,] headers[2.5,] %v_6[4.2,] 
CLOSURE BEGIN: @import[2.7,] 
BB 1
	outgoing: 6 2 
	datadep: 
	instructions:
BB 2
	outgoing: 3 
	datadep: 
	instructions:
		 0: 
		 1: 
		 2: 
		 3: 
		 4: 
		 5: 
BB 3
	outgoing: 4 6 
	datadep: 2 2 2 
	instructions:
		 0: 
		 1: name[2.2,] 
		 2: %cl_1_3[3.1,] hash[2.3,] name[2.2,] 
		 3: RETURN %cl_1_3[3.1,] 
BB 4
	outgoing: 6 
	datadep: 
	instructions:
		 0: 
		 1: %cl_1_4[4.0,] 
		 2: RETURN %cl_1_5[4.1,] 
BB 6
	outgoing: 
	datadep: 
	instructions:
CLOSURE END
		 4: RETURN %v_7[4.3,] 
BB 5
	outgoing: 
	datadep: 
	instructions:

SET IRMethod, name = attrs_for_row
BB 1
	outgoing: 3 2 
	datadep: 
	instructions:
BB 2
	outgoing: 3 
	datadep: 
	instructions:
		 0: 
		 1: 
		 2: 
		 3: 
		 4: 
		 5: 
		 6: 
		 7: row->each_with_index row[2.5,] 
		 8: %v_3->map %self[2.0,] %v_3[2.7,] 
CLOSURE BEGIN: 
BB 1
	outgoing: 9 2 
	datadep: 
	instructions:
BB 2
	outgoing: 3 7 
	datadep: 
	instructions:
		 0: 
		 1: 
		 2: 
		 3: %cl_1_1[2.2,] 
		 4: %cl_1_2[2.3,] 
		 5: %cl_1_2[2.3,] 
		 6: 
		 7: 
		 8: 
BB 3
	outgoing: 4 5 7 
	datadep: 2 
	instructions:
		 0: 
		 1: (String) 
		 2: value->is_a? %cl_1_5[3.1,] value[2.5,] 
		 3: BRANCH %cl_1_6[3.2,] 
BB 4
	outgoing: 6 7 
	datadep: 2 
	instructions:
		 0: 
		 1: 
		 2: %cl_1_8[4.1,] 
		 3: value->encode! value[2.5,] %cl_1_7[4.0,] %cl_1_9[4.2,] 
		 4: 
BB 5
	outgoing: 6 
	datadep: 
	instructions:
		 0: 
BB 6
	outgoing: 7 9 
	datadep: 2 2 2 2 
	instructions:
		 0: 
		 1: %self[2.0,] @import[] 
		 2: %cl_1_11->id %cl_1_11[6.1,] 
		 3: index[2.6,] 
		 4: %cl_1_12[6.2,] %cl_1_13[6.3,] key[2.4,] value[2.5,] 
		 5: RETURN %cl_1_14[6.4,] 
BB 7
	outgoing: 9 
	datadep: 
	instructions:
		 0: 
		 1: %cl_1_15[7.0,] 
		 2: RETURN %cl_1_16[7.1,] 
BB 9
	outgoing: 
	datadep: 
	instructions:
CLOSURE END
		 9: RETURN %v_4[2.8,] 
BB 3
	outgoing: 
	datadep: 
	instructions:

