SET IRMethod, name = initialize instanceMethod = true
BB 1
	outgoing: 10 2 
	datadep: 
	instructions:
BB 2
	outgoing: 3 4 
	datadep: 
	instructions:
		 0: def_%self 
		 1: def_%v_0 
		 2: COPY TYPE_CurrentScope def_%current_scope 
		 3: COPY TYPE_ScopeModule def_%current_module 
		 4: 
		 5: def_key 
		 6: key[2.5,] 
BB 3
	outgoing: 4 
	datadep: 
	instructions:
		 0: 
BB 4
	outgoing: 5 6 
	datadep: 
	instructions:
		 0: def_scheme 
		 1: scheme[4.0,] 
BB 5
	outgoing: 6 
	datadep: 
	instructions:
		 0: 
BB 6
	outgoing: 7 8 
	datadep: 
	instructions:
		 0: Line Number 7
		 1: ATTRASSIGN %self->key key[2.5,] 
		 2: Line Number 8
		 3: ATTRASSIGN %self->scheme scheme[4.0,] 
		 4: Line Number 9
		 5: GETFIELD %self->key def_%v_3 %self[6.1,2.0,] 
		 6: %v_3->blank? def_%v_4 %v_3[6.5,] 	 SYMBOL:	 ARGS:
		 7: BRANCH %v_4[6.6,] 
BB 7
	outgoing: 10 
	datadep: 
	instructions:
		 0: (KeyMissing) def_%v_5 
		 1: %self->raise def_%v_6 %self[6.1,6.3,2.0,] %v_5[7.0,] 	 SYMBOL:	 ARGS:%v_5,
		 2: RETURN %v_6[7.1,] %self[7.1,6.1,6.3,2.0,] 
BB 8
	outgoing: 10 
	datadep: 
	instructions:
		 0: RETURN %self[6.1,6.3,2.0,] 
BB 10
	outgoing: 
	datadep: 
	instructions:

SET IRMethod, name = show_routes instanceMethod = true
BB 1
	outgoing: 7 2 
	datadep: 
	instructions:
BB 2
	outgoing: 3 4 
	datadep: 
	instructions:
		 0: def_%self 
		 1: def_%v_0 
		 2: COPY TYPE_CurrentScope def_%current_scope 
		 3: COPY TYPE_ScopeModule def_%current_module 
		 4: 
		 5: def_skip 
		 6: skip[2.5,] 
BB 3
	outgoing: 4 
	datadep: 
	instructions:
		 0: COPY TYPE_Fixnum def_skip 
BB 4
	outgoing: 5 6 
	datadep: 
	instructions:
		 0: def_limit 
		 1: limit[4.0,] 
BB 5
	outgoing: 6 
	datadep: 
	instructions:
		 0: COPY TYPE_Fixnum def_limit 
BB 6
	outgoing: 7 
	datadep: 
	instructions:
		 0: Line Number 13
		 1: COPY TYPE_StringLiteral "https://api.mailgun.net/v2/routes" def_%v_3 
		 2: HASH-skip-limit- def_%v_4 skip[3.0,2.5,] limit[5.0,4.0,] 
		 3: HASH-params- def_%v_5 %v_4[6.2,] 
		 4: %self->get def_%v_6 %self[2.0,] %v_3[6.1,] %v_5[6.3,] 	 SYMBOL:	 ARGS:%v_3,%v_5,
		 5: RETURN %v_6[6.4,] %self[6.4,2.0,] 
BB 7
	outgoing: 
	datadep: 
	instructions:

SET IRMethod, name = domains instanceMethod = true
BB 1
	outgoing: 7 2 
	datadep: 
	instructions:
BB 2
	outgoing: 3 4 
	datadep: 
	instructions:
		 0: def_%self 
		 1: def_%v_0 
		 2: COPY TYPE_CurrentScope def_%current_scope 
		 3: COPY TYPE_ScopeModule def_%current_module 
		 4: 
		 5: def_skip 
		 6: skip[2.5,] 
BB 3
	outgoing: 4 
	datadep: 
	instructions:
		 0: COPY TYPE_Fixnum def_skip 
BB 4
	outgoing: 5 6 
	datadep: 
	instructions:
		 0: def_limit 
		 1: limit[4.0,] 
BB 5
	outgoing: 6 
	datadep: 
	instructions:
		 0: COPY TYPE_Fixnum def_limit 
BB 6
	outgoing: 7 
	datadep: 
	instructions:
		 0: Line Number 20
		 1: COPY TYPE_StringLiteral "https://api.mailgun.net/v2/domains" def_%v_3 
		 2: HASH-skip-limit- def_%v_4 skip[3.0,2.5,] limit[5.0,4.0,] 
		 3: HASH-params- def_%v_5 %v_4[6.2,] 
		 4: %self->get def_%v_6 %self[2.0,] %v_3[6.1,] %v_5[6.3,] 	 SYMBOL:	 ARGS:%v_3,%v_5,
		 5: COPY TYPE_StringLiteral "items" def_%v_7 
		 6: %v_6->[] def_%v_8 %v_6[6.4,] %v_7[6.5,] 	 SYMBOL:	 ARGS:%v_7,
		 7: RETURN %v_8[6.6,] %self[6.4,2.0,] 
BB 7
	outgoing: 
	datadep: 
	instructions:

SET IRMethod, name = create_catch_all instanceMethod = true
BB 1
	outgoing: 6 2 
	datadep: 
	instructions:
BB 2
	outgoing: 3 4 
	datadep: 
	instructions:
		 0: def_%self 
		 1: def_%v_0 
		 2: COPY TYPE_CurrentScope def_%current_scope 
		 3: COPY TYPE_ScopeModule def_%current_module 
		 4: 
		 5: RECEIVEARG def_domain 
		 6: Line Number 27
		 7: %self->show_routes def_%v_3 %self[2.0,] 	 SYMBOL:	 ARGS:
		 8: COPY TYPE_PASS def_routes %v_3[2.7,] 
		 9: Line Number 28
		 10: %v_3->to_s def_%v_4 %v_3[2.7,] 	 SYMBOL:	 ARGS:
		 11: COPY TYPE_StringLiteral "Forbidden" def_%v_5 
		 12: %v_4->== def_%v_6 %v_4[2.10,] %v_5[2.11,] 	 SYMBOL:	 ARGS:%v_5,
		 13: BRANCH %v_6[2.12,] 
BB 3
	outgoing: 6 
	datadep: 
	instructions:
		 0: Line Number 29
		 1: (Forbidden) def_%v_7 
		 2: %self->raise def_%v_8 %self[2.0,] %v_7[3.1,] 	 SYMBOL:	 ARGS:%v_7,
		 3: RETURN %v_8[3.2,] %self[3.2,2.0,] 
BB 4
	outgoing: 6 
	datadep: 
	instructions:
		 0: Line Number 31
		 1: %self->onebody_routes def_%v_9 %self[2.0,] routes[2.8,] 	 SYMBOL:	 ARGS:routes,
		 2: %v_9->each def_%v_10 %v_9[4.1,] %self[4.1,2.0,] 	 SYMBOL:	 ARGS:%v_9,
CLOSURE BEGIN: route_to_delete[] %self[4.1,2.0,] 
BB 1
	outgoing: 6 2 
	datadep: 
	instructions:
BB 2
	outgoing: 3 
	datadep: 
	instructions:
		 0: def_%self 
		 1: def_%cl_1_0 
		 2: RECEIVEARG def_route_to_delete 
		 3: COPY TYPE_CurrentScope def_%current_scope 
		 4: COPY TYPE_ScopeModule def_%current_module 
BB 3
	outgoing: 4 6 
	datadep: 
	instructions:
		 0: Line Number 32
		 1: COPY TYPE_StringLiteral "https://api.mailgun.net/v2/routes/" def_%cl_1_3 
		 2: COPY TYPE_StringLiteral "id" def_%cl_1_4 
		 3: route_to_delete->[] def_%cl_1_5 route_to_delete[2.2,] %cl_1_4[3.2,] 	 SYMBOL:	 ARGS:%cl_1_4,
		 4: BUILDSTRING def_%cl_1_6 %cl_1_3[3.1,] %cl_1_5[3.3,] 
		 5: %self->delete def_%cl_1_7 %self[2.0,] %cl_1_6[3.4,] 	 SYMBOL:	 ARGS:%cl_1_6,
		 6: RETURN %cl_1_7[3.5,] %self[3.5,2.0,] 
BB 4
	outgoing: 6 
	datadep: 
	instructions:
		 0: def_%cl_1_8 
		 1: def_%cl_1_9 %cl_1_8[4.0,] 
		 2: RETURN %cl_1_9[4.1,] %self[2.0,] 
BB 6
	outgoing: 
	datadep: 
	instructions:
CLOSURE END: 
		 3: Line Number 34
		 4: COPY TYPE_StringLiteral "https://api.mailgun.net/v2/routes" def_%v_11 
		 5: %self->build_data def_%v_12 %self[4.1,2.0,] domain[2.5,] 	 SYMBOL:	 ARGS:domain,
		 6: HASH-body- def_%v_13 %v_12[4.5,] 
		 7: %self->post def_%v_14 %self[4.1,4.5,2.0,] %v_11[4.4,] %v_13[4.6,] 	 SYMBOL:	 ARGS:%v_11,%v_13,
		 8: Line Number 39
		 9: RETURN %self[4.1,4.5,4.7,2.0,] 
BB 6
	outgoing: 
	datadep: 
	instructions:

SET IRMethod, name = get instanceMethod = true
BB 1
	outgoing: 6 2 
	datadep: 
	instructions:
BB 2
	outgoing: 3 4 
	datadep: 
	instructions:
		 0: def_%self 
		 1: def_%v_0 
		 2: COPY TYPE_CurrentScope def_%current_scope 
		 3: COPY TYPE_ScopeModule def_%current_module 
		 4: 
		 5: RECEIVEARG def_url 
		 6: RECEIVEARG def_options 
		 7: Line Number 45
		 8: COPY TYPE_StringLiteral "api" def_%v_3 
		 9: GETFIELD %self->key def_%v_4 %self[2.0,] 
		 10: HASH-username-password- def_%v_5 %v_3[2.8,] %v_4[2.9,] 
		 11: HASH-basic_auth- def_%v_6 %v_5[2.10,] 
		 12: options->merge def_%v_7 options[2.6,] %v_6[2.11,] 	 SYMBOL:	 ARGS:%v_6,
		 13: COPY TYPE_PASS def_options %v_7[2.12,] 
		 14: Line Number 48
		 15: %self->class def_%v_8 %self[2.0,] 	 SYMBOL:	 ARGS:
		 16: %v_8->get def_%v_9 %v_8[2.15,] url[2.5,] options[2.6,2.12,2.13,] 	 SYMBOL:	 ARGS:url,options,
		 17: COPY TYPE_PASS def_response %v_9[2.16,] 
		 18: Line Number 49
		 19: %v_9->code def_%v_10 %v_9[2.16,] 	 SYMBOL:	 ARGS:
		 20: %v_10->== def_%v_11 %v_10[2.19,] 	 SYMBOL:	 ARGS:Fixnum,
		 21: BRANCH %v_11[2.20,] 
BB 3
	outgoing: 5 
	datadep: 
	instructions:
		 0: (Forbidden) def_%v_12 
		 1: %self->raise def_%v_13 %self[2.0,] %v_12[3.0,] 	 SYMBOL:	 ARGS:%v_12,
		 2: 
BB 4
	outgoing: 5 
	datadep: 
	instructions:
		 0: COPY TYPE_Nil def_%v_13 
BB 5
	outgoing: 6 
	datadep: 
	instructions:
		 0: Line Number 50
		 1: RETURN response[2.17,] %self[2.0,] 
BB 6
	outgoing: 
	datadep: 
	instructions:

SET IRMethod, name = post instanceMethod = true
BB 1
	outgoing: 6 2 
	datadep: 
	instructions:
BB 2
	outgoing: 3 4 
	datadep: 
	instructions:
		 0: def_%self 
		 1: def_%v_0 
		 2: COPY TYPE_CurrentScope def_%current_scope 
		 3: COPY TYPE_ScopeModule def_%current_module 
		 4: 
		 5: RECEIVEARG def_url 
		 6: RECEIVEARG def_options 
		 7: Line Number 54
		 8: COPY TYPE_StringLiteral "api" def_%v_3 
		 9: GETFIELD %self->key def_%v_4 %self[2.0,] 
		 10: HASH-username-password- def_%v_5 %v_3[2.8,] %v_4[2.9,] 
		 11: HASH-basic_auth- def_%v_6 %v_5[2.10,] 
		 12: options->merge def_%v_7 options[2.6,] %v_6[2.11,] 	 SYMBOL:	 ARGS:%v_6,
		 13: COPY TYPE_PASS def_options %v_7[2.12,] 
		 14: Line Number 57
		 15: %self->class def_%v_8 %self[2.0,] 	 SYMBOL:	 ARGS:
		 16: %v_8->post def_%v_9 %v_8[2.15,] url[2.5,] options[2.6,2.12,2.13,] 	 SYMBOL:	 ARGS:url,options,
		 17: COPY TYPE_PASS def_response %v_9[2.16,] 
		 18: Line Number 58
		 19: %v_9->code def_%v_10 %v_9[2.16,] 	 SYMBOL:	 ARGS:
		 20: %v_10->== def_%v_11 %v_10[2.19,] 	 SYMBOL:	 ARGS:Fixnum,
		 21: BRANCH %v_11[2.20,] 
BB 3
	outgoing: 5 
	datadep: 
	instructions:
		 0: (Forbidden) def_%v_12 
		 1: %self->raise def_%v_13 %self[2.0,] %v_12[3.0,] 	 SYMBOL:	 ARGS:%v_12,
		 2: 
BB 4
	outgoing: 5 
	datadep: 
	instructions:
		 0: COPY TYPE_Nil def_%v_13 
BB 5
	outgoing: 6 
	datadep: 
	instructions:
		 0: Line Number 59
		 1: RETURN response[2.17,] %self[2.0,] 
BB 6
	outgoing: 
	datadep: 
	instructions:

SET IRMethod, name = delete instanceMethod = true
BB 1
	outgoing: 8 2 
	datadep: 
	instructions:
BB 2
	outgoing: 3 4 
	datadep: 
	instructions:
		 0: def_%self 
		 1: def_%v_0 
		 2: COPY TYPE_CurrentScope def_%current_scope 
		 3: COPY TYPE_ScopeModule def_%current_module 
		 4: 
		 5: RECEIVEARG def_url 
		 6: RECEIVECONSTARG def_options 
		 7: options[2.6,] 
BB 3
	outgoing: 4 
	datadep: 
	instructions:
		 0: HASH- def_%v_3 
		 1: COPY TYPE_PASS def_options %v_3[3.0,] 
BB 4
	outgoing: 5 6 
	datadep: 
	instructions:
		 0: Line Number 63
		 1: COPY TYPE_StringLiteral "api" def_%v_4 
		 2: GETFIELD %self->key def_%v_5 %self[2.0,] 
		 3: HASH-username-password- def_%v_6 %v_4[4.1,] %v_5[4.2,] 
		 4: HASH-basic_auth- def_%v_7 %v_6[4.3,] 
		 5: options->merge def_%v_8 options[3.1,2.6,] %v_7[4.4,] 	 SYMBOL:	 ARGS:%v_7,
		 6: COPY TYPE_PASS def_options %v_8[4.5,] 
		 7: Line Number 66
		 8: %self->class def_%v_9 %self[2.0,] 	 SYMBOL:	 ARGS:
		 9: %v_9->delete def_%v_10 %v_9[4.8,] url[2.5,] options[4.5,4.6,] 	 SYMBOL:	 ARGS:url,options,
		 10: COPY TYPE_PASS def_response %v_10[4.9,] 
		 11: Line Number 67
		 12: %v_10->code def_%v_11 %v_10[4.9,] 	 SYMBOL:	 ARGS:
		 13: %v_11->== def_%v_12 %v_11[4.12,] 	 SYMBOL:	 ARGS:Fixnum,
		 14: BRANCH %v_12[4.13,] 
BB 5
	outgoing: 7 
	datadep: 
	instructions:
		 0: (Forbidden) def_%v_13 
		 1: %self->raise def_%v_14 %self[2.0,] %v_13[5.0,] 	 SYMBOL:	 ARGS:%v_13,
		 2: 
BB 6
	outgoing: 7 
	datadep: 
	instructions:
		 0: COPY TYPE_Nil def_%v_14 
BB 7
	outgoing: 8 
	datadep: 
	instructions:
		 0: Line Number 68
		 1: RETURN response[4.10,] %self[2.0,] 
BB 8
	outgoing: 
	datadep: 
	instructions:

SET IRMethod, name = onebody_routes instanceMethod = true
BB 1
	outgoing: 3 2 
	datadep: 
	instructions:
BB 2
	outgoing: 3 
	datadep: 
	instructions:
		 0: def_%self 
		 1: def_%v_0 
		 2: COPY TYPE_CurrentScope def_%current_scope 
		 3: COPY TYPE_ScopeModule def_%current_module 
		 4: 
		 5: RECEIVEARG def_routes 
		 6: Line Number 72
		 7: COPY TYPE_StringLiteral "items" def_%v_3 
		 8: routes->[] def_%v_4 routes[2.5,] %v_3[2.7,] 	 SYMBOL:	 ARGS:%v_3,
		 9: %v_4->select def_%v_5 %v_4[2.8,] %self[2.0,] 	 SYMBOL:	 ARGS:%v_4,
CLOSURE BEGIN: item[] 
BB 1
	outgoing: 6 2 
	datadep: 
	instructions:
BB 2
	outgoing: 3 
	datadep: 
	instructions:
		 0: def_%self 
		 1: def_%cl_1_0 
		 2: RECEIVEARG def_item 
		 3: COPY TYPE_CurrentScope def_%current_scope 
		 4: COPY TYPE_ScopeModule def_%current_module 
BB 3
	outgoing: 4 6 
	datadep: 
	instructions:
		 0: Line Number 73
		 1: COPY TYPE_StringLiteral "Route all email to OneBody" def_%cl_1_3 
		 2: COPY TYPE_StringLiteral "Catch All Route - Created By OneBody" def_%cl_1_4 
		 3: COPY TYPE_Array def_%cl_1_5 %cl_1_3[3.1,] %cl_1_4[3.2,] 
		 4: COPY TYPE_StringLiteral "description" def_%cl_1_6 
		 5: item->[] def_%cl_1_7 item[2.2,] %cl_1_6[3.4,] 	 SYMBOL:	 ARGS:%cl_1_6,
		 6: %cl_1_5->include? def_%cl_1_8 %cl_1_5[3.3,] %cl_1_7[3.5,] 	 SYMBOL:	 ARGS:%cl_1_7,
		 7: RETURN %cl_1_8[3.6,] %self[2.0,] 
BB 4
	outgoing: 6 
	datadep: 
	instructions:
		 0: def_%cl_1_9 
		 1: def_%cl_1_10 %cl_1_9[4.0,] 
		 2: RETURN %cl_1_10[4.1,] %self[2.0,] 
BB 6
	outgoing: 
	datadep: 
	instructions:
CLOSURE END: 
		 10: RETURN %v_5[2.9,] %self[2.0,] 
BB 3
	outgoing: 
	datadep: 
	instructions:

SET IRMethod, name = build_data instanceMethod = true
BB 1
	outgoing: 3 2 
	datadep: 
	instructions:
BB 2
	outgoing: 3 
	datadep: 
	instructions:
		 0: def_%self 
		 1: def_%v_0 
		 2: COPY TYPE_CurrentScope def_%current_scope 
		 3: COPY TYPE_ScopeModule def_%current_module 
		 4: 
		 5: RECEIVEARG def_domain 
		 6: Line Number 79
		 7: COPY TYPE_StringLiteral "Route all email to OneBody" def_%v_3 
		 8: COPY TYPE_StringLiteral "match_recipient('.*@" def_%v_4 
		 9: Line Number 81
		 10: COPY TYPE_StringLiteral "')" def_%v_5 
		 11: BUILDSTRING def_%v_6 %v_4[2.8,] domain[2.5,] %v_5[2.10,] 
		 12: COPY TYPE_StringLiteral "forward("" def_%v_7 
		 13: Line Number 82
		 14: GETFIELD %self->scheme def_%v_8 %self[2.0,] 
		 15: COPY TYPE_StringLiteral "://" def_%v_9 
		 16: (Site) def_%v_10 
		 17: %v_10->current def_%v_11 %v_10[2.16,] 	 SYMBOL:	 ARGS:
		 18: %v_11->host def_%v_12 %v_11[2.17,] 	 SYMBOL:	 ARGS:
		 19: COPY TYPE_StringLiteral "/emails.mime")" def_%v_13 
		 20: BUILDSTRING def_%v_14 %v_7[2.12,] %v_8[2.14,] %v_9[2.15,] %v_12[2.18,] %v_13[2.19,] 
		 21: COPY TYPE_StringLiteral "stop()" def_%v_15 
		 22: COPY TYPE_Array def_%v_16 %v_14[2.20,] %v_15[2.21,] 
		 23: HASH-priority-description-expression-action- def_%v_17 %v_3[2.7,] %v_6[2.11,] %v_16[2.22,] 
		 24: RETURN %v_17[2.23,] %self[2.0,] 
BB 3
	outgoing: 
	datadep: 
	instructions:

