SET IRMethod, name = initialize
BB 1
	outgoing: 5 2 
	datadep: 
	instructions:
BB 2
	outgoing: 3 4 
	datadep: 
	instructions:
		 0: 
		 1: 
		 2: 
		 3: 
		 4: 
		 5: 
		 6: 
		 7: 
		 8: 
		 9: %self[2.0,] child[2.5,] @child[] 
		 10: 
		 11: %self[2.0,] user[2.6,] @user[] 
		 12: 
		 13: %self[2.0,] agreement[2.7,] @agreement[] 
		 14: 
		 15: (ActiveModel) 
		 16: %v_3[2.15,] 
		 17: %v_4[2.16,] 
BB 3
	outgoing: 4 
	datadep: 2 
	instructions:
		 0: %v_3[2.15,] 
BB 4
	outgoing: 5 
	datadep: 2 3 2 2 
	instructions:
		 0: %v_4->new %self[2.0,] %v_4[3.0,2.16,] 
		 1: %self[2.0,] %v_5[4.0,] @errors[] 
		 2: RETURN %v_5[4.0,] 
BB 5
	outgoing: 
	datadep: 
	instructions:

SET IRMethod, name = perform
BB 1
	outgoing: 6 2 
	datadep: 
	instructions:
BB 2
	outgoing: 3 4 
	datadep: 
	instructions:
		 0: 
		 1: 
		 2: 
		 3: 
		 4: 
		 5: 
		 6: %self->valid? %self[2.0,] 
		 7: BRANCH %v_3[2.6,] 
BB 3
	outgoing: 6 
	datadep: 2 2 
	instructions:
		 0: 
		 1: 
		 2: %self[2.0,] @child[] 
		 3: %self[2.0,] @user[] 
		 4: %v_6->name %v_6[3.3,] 
		 5: 
		 6: @user[3.3,] 
		 7: %v_9->id %v_9[3.6,] 
		 8: 
		 9: (Time) 
		 10: %v_12->current %v_12[3.9,] 
		 11: %v_13->to_s %v_13[3.10,] 
		 12: %v_14[3.11,] %v_8[3.5,] %v_7[3.4,] %v_10[3.7,] %v_11[3.8,] 
		 13: %v_15[3.12,] %v_5[3.2,] 
		 14: 
		 15: @child[3.2,] 
		 16: 
		 17: %v_16->save %v_16[3.15,] %v_17[3.16,] 
		 18: RETURN %v_18[3.17,] 
BB 4
	outgoing: 6 
	datadep: 
	instructions:
		 0: RETURN 
BB 6
	outgoing: 
	datadep: 
	instructions:

SET IRMethod, name = valid?
BB 1
	outgoing: 3 2 
	datadep: 
	instructions:
BB 2
	outgoing: 3 
	datadep: 
	instructions:
		 0: 
		 1: 
		 2: 
		 3: 
		 4: 
		 5: 
		 6: %self->validate %self[2.0,] 
		 7: 
		 8: %self[2.0,] @errors[] 
		 9: %v_4->empty? %v_4[2.8,] 
		 10: RETURN %v_5[2.9,] 
BB 3
	outgoing: 
	datadep: 
	instructions:

SET IRMethod, name = authorized?
BB 1
	outgoing: 9 2 
	datadep: 
	instructions:
BB 2
	outgoing: 3 4 
	datadep: 
	instructions:
		 0: 
		 1: 
		 2: 
		 3: 
		 4: 
		 5: 
		 6: %self[2.0,] @user[] 
		 7: %v_3->family %v_3[2.6,] 
		 8: %self[2.0,] @child[] 
		 9: %v_5->family %v_5[2.8,] 
		 10: %v_4[2.7,] %v_6[2.9,] 
		 11: BRANCH %v_7[2.10,] 
BB 3
	outgoing: 4 
	datadep: 2 
	instructions:
		 0: %self[2.0,] @user[2.6,] 
		 1: %v_8->family %v_8[3.0,] 
		 2: %v_9[3.1,] 
BB 4
	outgoing: 5 6 
	datadep: 3 2 
	instructions:
		 0: BRANCH %v_7[3.2,2.10,] 
BB 5
	outgoing: 6 
	datadep: 2 
	instructions:
		 0: %self[2.0,] @user[3.0,2.6,] 
		 1: %v_10->adult? %v_10[5.0,] 
		 2: %v_11[5.1,] 
BB 6
	outgoing: 7 8 
	datadep: 5 3 2 
	instructions:
		 0: BRANCH %v_7[5.2,3.2,2.10,] 
BB 7
	outgoing: 9 
	datadep: 2 2 
	instructions:
		 0: %self[2.0,] @user[5.0,3.0,2.6,] 
		 1: %self[2.0,] @child[2.8,2.8,2.8,2.8,] 
		 2: %v_13->family %v_13[7.1,] 
		 3: %v_12->can_update? %v_14[7.2,] %v_12[7.0,] 
		 4: RETURN %v_15[7.3,] 
BB 8
	outgoing: 9 
	datadep: 5 3 2 
	instructions:
		 0: RETURN %v_7[5.2,3.2,2.10,] 
BB 9
	outgoing: 
	datadep: 
	instructions:

SET IRMethod, name = agreed?
BB 1
	outgoing: 3 2 
	datadep: 
	instructions:
BB 2
	outgoing: 3 
	datadep: 
	instructions:
		 0: 
		 1: 
		 2: 
		 3: 
		 4: 
		 5: 
		 6: %self[2.0,] @agreement[] 
		 7: (I18n) 
		 8: 
		 9: %v_4->t %v_4[2.7,] %v_5[2.8,] 
		 10: 
		 11: %v_6[2.9,] %v_7[2.10,] 
		 12: %v_3[2.6,] %v_8[2.11,] 
		 13: RETURN %v_9[2.12,] 
BB 3
	outgoing: 
	datadep: 
	instructions:

SET IRMethod, name = validate
BB 1
	outgoing: 9 2 
	datadep: 
	instructions:
BB 2
	outgoing: 3 4 
	datadep: 
	instructions:
		 0: 
		 1: 
		 2: 
		 3: 
		 4: 
		 5: 
		 6: %self[2.0,] @errors[] 
		 7: %v_3->clear %v_3[2.6,] 
		 8: 
		 9: %self->authorized? %self[2.0,] 
		 10: BRANCH %v_5[2.9,] 
BB 3
	outgoing: 5 
	datadep: 
	instructions:
		 0: 
		 1: 
BB 4
	outgoing: 5 
	datadep: 2 
	instructions:
		 0: %self[2.0,] @errors[2.6,] 
		 1: (I18n) 
		 2: 
		 3: %v_8->t %v_8[4.1,] %v_9[4.2,] 
		 4: %v_7->add %v_7[4.0,] %v_10[4.3,] 
		 5: %v_11[4.4,] 
BB 5
	outgoing: 6 7 
	datadep: 2 
	instructions:
		 0: 
		 1: %self->agreed? %self[2.0,] 
		 2: BRANCH %v_12[5.1,] 
BB 6
	outgoing: 9 
	datadep: 
	instructions:
		 0: 
		 1: RETURN %v_13[6.0,] 
BB 7
	outgoing: 9 
	datadep: 2 
	instructions:
		 0: %self[2.0,] @errors[4.0,2.6,] 
		 1: (I18n) 
		 2: 
		 3: %v_15->t %v_15[7.1,] %v_16[7.2,] 
		 4: %v_14->add %v_14[7.0,] %v_17[7.3,] 
		 5: RETURN %v_18[7.4,] 
BB 9
	outgoing: 
	datadep: 
	instructions:

