digraph CommentsController_show {
	User_is_banned__BB1 -> User_is_banned__BB3 [ color=blue ];
	User_is_banned__BB1 -> User_is_banned__BB2 [ color=blue ];
	User_is_banned__BB2 -> User_is_banned__BB3 [ color=blue ];
	User_is_active__BB1 -> User_is_active__BB5 [ color=blue ];
	User_is_active__BB1 -> User_is_active__BB2 [ color=blue ];
	User_is_active__BB2 -> User_is_active__BB3 [ color=blue ];
	User_is_active__BB2 -> User_is_active__BB4 [ color=blue ];
	User_is_active__BB3 -> User_is_active__BB4 [ color=blue ];
	User_is_active__BB4 -> User_is_active__BB5 [ color=blue ];
	ApplicationController_authenticate_user__BB1 -> ApplicationController_authenticate_user__BB10 [ color=blue ];
	ApplicationController_authenticate_user__BB1 -> ApplicationController_authenticate_user__BB2 [ color=blue ];
	ApplicationController_authenticate_user__BB2 -> ApplicationController_authenticate_user__BB3 [ color=blue ];
	ApplicationController_authenticate_user__BB2 -> ApplicationController_authenticate_user__BB4 [ color=blue ];
	ApplicationController_authenticate_user__BB3 -> ApplicationController_authenticate_user__BB4 [ color=blue ];
	ApplicationController_authenticate_user__BB4 -> ApplicationController_authenticate_user__BB5 [ color=blue ];
	ApplicationController_authenticate_user__BB4 -> ApplicationController_authenticate_user__BB6 [ color=blue ];
	ApplicationController_authenticate_user__BB5 -> ApplicationController_authenticate_user__BB6 [ color=blue ];
	ApplicationController_authenticate_user__BB6 -> ApplicationController_authenticate_user__BB7 [ color=blue ];
	ApplicationController_authenticate_user__BB6 -> ApplicationController_authenticate_user__BB8 [ color=blue ];
	ApplicationController_authenticate_user__BB7 -> ApplicationController_authenticate_user__BB9 [ color=blue ];
	ApplicationController_authenticate_user__BB8 -> ApplicationController_authenticate_user__BB9 [ color=blue ];
	ApplicationController_authenticate_user__BB9 -> ApplicationController_authenticate_user__BB10 [ color=blue ];
	ApplicationController_user_is_spider__BB1 -> ApplicationController_user_is_spider__BB5 [ color=blue ];
	ApplicationController_user_is_spider__BB1 -> ApplicationController_user_is_spider__BB2 [ color=blue ];
	ApplicationController_user_is_spider__BB2 -> ApplicationController_user_is_spider__BB3 [ color=blue ];
	ApplicationController_user_is_spider__BB2 -> ApplicationController_user_is_spider__BB4 [ color=blue ];
	ApplicationController_user_is_spider__BB3 -> ApplicationController_user_is_spider__BB5 [ color=blue ];
	ApplicationController_user_is_spider__BB4 -> ApplicationController_user_is_spider__BB5 [ color=blue ];
	ApplicationController_increase_traffic_counter__BB1 -> ApplicationController_increase_traffic_counter__BB8 [ color=blue ];
	ApplicationController_increase_traffic_counter__BB1 -> ApplicationController_increase_traffic_counter__BB2 [ color=blue ];
	ApplicationController_increase_traffic_counter__BB2 -> ApplicationController_increase_traffic_counter__BB3 [ color=blue ];
	ApplicationController_increase_traffic_counter__BB2 -> ApplicationController_increase_traffic_counter__BB4 [ color=blue ];
	ApplicationController_increase_traffic_counter__BB3 -> ApplicationController_increase_traffic_counter__BB4 [ color=blue ];
	ApplicationController_increase_traffic_counter__BB4 -> ApplicationController_increase_traffic_counter__BB5 [ color=blue ];
	ApplicationController_increase_traffic_counter__BB4 -> ApplicationController_increase_traffic_counter__BB6 [ color=blue ];
	ApplicationController_increase_traffic_counter__BB5 -> ApplicationController_increase_traffic_counter__BB8 [ color=blue ];
	ApplicationController_increase_traffic_counter__BB6 -> ApplicationController_increase_traffic_counter__BB8 [ color=blue ];
	ApplicationController_increase_traffic_counter__BB6:f0 -> ApplicationController_increase_traffic_counter_386788_closure0_BB1 [color=blue ];
	ApplicationController_increase_traffic_counter_386788_closure0_BB6:f0 -> ApplicationController_increase_traffic_counter__BB6 [color=blue ];
	ApplicationController_increase_traffic_counter_386788_closure0_BB1 -> ApplicationController_increase_traffic_counter_386788_closure0_BB6 [ color=blue ];
	ApplicationController_increase_traffic_counter_386788_closure0_BB1 -> ApplicationController_increase_traffic_counter_386788_closure0_BB2 [ color=blue ];
	ApplicationController_increase_traffic_counter_386788_closure0_BB2 -> ApplicationController_increase_traffic_counter_386788_closure0_BB3 [ color=blue ];
	ApplicationController_increase_traffic_counter_386788_closure0_BB3 -> ApplicationController_increase_traffic_counter_386788_closure0_BB4 [ color=blue ];
	ApplicationController_increase_traffic_counter_386788_closure0_BB3 -> ApplicationController_increase_traffic_counter_386788_closure0_BB6 [ color=blue ];
	ApplicationController_increase_traffic_counter_386788_closure0_BB4 -> ApplicationController_increase_traffic_counter_386788_closure0_BB6 [ color=blue ];
	ApplicationController_increase_traffic_counter_386788_closure0_BB6 -> ApplicationController_increase_traffic_counter_386788_closure0_BB1 [color=blue ];
	ApplicationController_find_user_from_rss_token__BB1 -> ApplicationController_find_user_from_rss_token__BB10 [ color=blue ];
	ApplicationController_find_user_from_rss_token__BB1 -> ApplicationController_find_user_from_rss_token__BB2 [ color=blue ];
	ApplicationController_find_user_from_rss_token__BB2 -> ApplicationController_find_user_from_rss_token__BB3 [ color=blue ];
	ApplicationController_find_user_from_rss_token__BB2 -> ApplicationController_find_user_from_rss_token__BB4 [ color=blue ];
	ApplicationController_find_user_from_rss_token__BB3 -> ApplicationController_find_user_from_rss_token__BB4 [ color=blue ];
	ApplicationController_find_user_from_rss_token__BB4 -> ApplicationController_find_user_from_rss_token__BB5 [ color=blue ];
	ApplicationController_find_user_from_rss_token__BB4 -> ApplicationController_find_user_from_rss_token__BB6 [ color=blue ];
	ApplicationController_find_user_from_rss_token__BB5 -> ApplicationController_find_user_from_rss_token__BB6 [ color=blue ];
	ApplicationController_find_user_from_rss_token__BB6 -> ApplicationController_find_user_from_rss_token__BB7 [ color=blue ];
	ApplicationController_find_user_from_rss_token__BB6 -> ApplicationController_find_user_from_rss_token__BB8 [ color=blue ];
	ApplicationController_find_user_from_rss_token__BB7 -> ApplicationController_find_user_from_rss_token__BB10 [ color=blue ];
	ApplicationController_find_user_from_rss_token__BB8 -> ApplicationController_find_user_from_rss_token__BB10 [ color=blue ];
	ApplicationController_require_logged_in_user_or_400__BB1 -> ApplicationController_require_logged_in_user_or_400__BB6 [ color=blue ];
	ApplicationController_require_logged_in_user_or_400__BB1 -> ApplicationController_require_logged_in_user_or_400__BB2 [ color=blue ];
	ApplicationController_require_logged_in_user_or_400__BB2 -> ApplicationController_require_logged_in_user_or_400__BB3 [ color=blue ];
	ApplicationController_require_logged_in_user_or_400__BB2 -> ApplicationController_require_logged_in_user_or_400__BB4 [ color=blue ];
	ApplicationController_require_logged_in_user_or_400__BB3 -> ApplicationController_require_logged_in_user_or_400__BB6 [ color=blue ];
	ApplicationController_require_logged_in_user_or_400__BB4 -> ApplicationController_require_logged_in_user_or_400__BB6 [ color=blue ];
	CommentsController_find_comment__BB1 -> CommentsController_find_comment__BB8 [ color=blue ];
	CommentsController_find_comment__BB1 -> CommentsController_find_comment__BB2 [ color=blue ];
	CommentsController_find_comment__BB2 -> CommentsController_find_comment__BB3 [ color=blue ];
	CommentsController_find_comment__BB2 -> CommentsController_find_comment__BB4 [ color=blue ];
	CommentsController_find_comment__BB3 -> CommentsController_find_comment__BB4 [ color=blue ];
	CommentsController_find_comment__BB4 -> CommentsController_find_comment__BB5 [ color=blue ];
	CommentsController_find_comment__BB4 -> CommentsController_find_comment__BB6 [ color=blue ];
	CommentsController_find_comment__BB5 -> CommentsController_find_comment__BB7 [ color=blue ];
	CommentsController_find_comment__BB6 -> CommentsController_find_comment__BB7 [ color=blue ];
	CommentsController_find_comment__BB7 -> CommentsController_find_comment__BB8 [ color=blue ];
	Comment_is_editable_by_user__BB1 -> Comment_is_editable_by_user__BB13 [ color=blue ];
	Comment_is_editable_by_user__BB1 -> Comment_is_editable_by_user__BB2 [ color=blue ];
	Comment_is_editable_by_user__BB2 -> Comment_is_editable_by_user__BB3 [ color=blue ];
	Comment_is_editable_by_user__BB2 -> Comment_is_editable_by_user__BB4 [ color=blue ];
	Comment_is_editable_by_user__BB3 -> Comment_is_editable_by_user__BB4 [ color=blue ];
	Comment_is_editable_by_user__BB4 -> Comment_is_editable_by_user__BB5 [ color=blue ];
	Comment_is_editable_by_user__BB4 -> Comment_is_editable_by_user__BB11 [ color=blue ];
	Comment_is_editable_by_user__BB5 -> Comment_is_editable_by_user__BB6 [ color=blue ];
	Comment_is_editable_by_user__BB5 -> Comment_is_editable_by_user__BB7 [ color=blue ];
	Comment_is_editable_by_user__BB6 -> Comment_is_editable_by_user__BB13 [ color=blue ];
	Comment_is_editable_by_user__BB7 -> Comment_is_editable_by_user__BB8 [ color=blue ];
	Comment_is_editable_by_user__BB7 -> Comment_is_editable_by_user__BB9 [ color=blue ];
	Comment_is_editable_by_user__BB8 -> Comment_is_editable_by_user__BB10 [ color=blue ];
	Comment_is_editable_by_user__BB9 -> Comment_is_editable_by_user__BB10 [ color=blue ];
	Comment_is_editable_by_user__BB10 -> Comment_is_editable_by_user__BB13 [ color=blue ];
	Comment_is_editable_by_user__BB11 -> Comment_is_editable_by_user__BB13 [ color=blue ];
	Comment_score_23584_closure0_BB1 -> Comment_score_23584_closure0_BB3 [ color=blue ];
	Comment_score_23584_closure0_BB1 -> Comment_score_23584_closure0_BB2 [ color=blue ];
	Comment_score_23584_closure0_BB2 -> Comment_score_23584_closure0_BB3 [ color=blue ];
	Comment_is_gone_23584_closure0_BB1 -> Comment_is_gone_23584_closure0_BB5 [ color=blue ];
	Comment_is_gone_23584_closure0_BB1 -> Comment_is_gone_23584_closure0_BB2 [ color=blue ];
	Comment_is_gone_23584_closure0_BB2 -> Comment_is_gone_23584_closure0_BB3 [ color=blue ];
	Comment_is_gone_23584_closure0_BB2 -> Comment_is_gone_23584_closure0_BB4 [ color=blue ];
	Comment_is_gone_23584_closure0_BB3 -> Comment_is_gone_23584_closure0_BB5 [ color=blue ];
	Comment_is_gone_23584_closure0_BB4 -> Comment_is_gone_23584_closure0_BB5 [ color=blue ];
	User_is_new_23584_closure0_BB1 -> User_is_new_23584_closure0_BB3 [ color=blue ];
	User_is_new_23584_closure0_BB1 -> User_is_new_23584_closure0_BB2 [ color=blue ];
	User_is_new_23584_closure0_BB2 -> User_is_new_23584_closure0_BB3 [ color=blue ];
	User_can_downvote_23584_closure0_BB1 -> User_can_downvote_23584_closure0_BB24 [ color=blue ];
	User_can_downvote_23584_closure0_BB1 -> User_can_downvote_23584_closure0_BB2 [ color=blue ];
	User_can_downvote_23584_closure0_BB2 -> User_can_downvote_23584_closure0_BB3 [ color=blue ];
	User_can_downvote_23584_closure0_BB2 -> User_can_downvote_23584_closure0_BB4 [ color=blue ];
	User_can_downvote_23584_closure0_BB3 -> User_can_downvote_23584_closure0_BB24 [ color=blue ];
	User_can_downvote_23584_closure0_BB4 -> User_can_downvote_23584_closure0_BB5 [ color=blue ];
	User_can_downvote_23584_closure0_BB4 -> User_can_downvote_23584_closure0_BB12 [ color=blue ];
	User_can_downvote_23584_closure0_BB5 -> User_can_downvote_23584_closure0_BB6 [ color=blue ];
	User_can_downvote_23584_closure0_BB5 -> User_can_downvote_23584_closure0_BB7 [ color=blue ];
	User_can_downvote_23584_closure0_BB6 -> User_can_downvote_23584_closure0_BB24 [ color=blue ];
	User_can_downvote_23584_closure0_BB7 -> User_can_downvote_23584_closure0_BB8 [ color=blue ];
	User_can_downvote_23584_closure0_BB7 -> User_can_downvote_23584_closure0_BB9 [ color=blue ];
	User_can_downvote_23584_closure0_BB8 -> User_can_downvote_23584_closure0_BB24 [ color=blue ];
	User_can_downvote_23584_closure0_BB9 -> User_can_downvote_23584_closure0_BB11 [ color=blue ];
	User_can_downvote_23584_closure0_BB11 -> User_can_downvote_23584_closure0_BB22 [ color=blue ];
	User_can_downvote_23584_closure0_BB12 -> User_can_downvote_23584_closure0_BB13 [ color=blue ];
	User_can_downvote_23584_closure0_BB12 -> User_can_downvote_23584_closure0_BB20 [ color=blue ];
	User_can_downvote_23584_closure0_BB13 -> User_can_downvote_23584_closure0_BB14 [ color=blue ];
	User_can_downvote_23584_closure0_BB13 -> User_can_downvote_23584_closure0_BB15 [ color=blue ];
	User_can_downvote_23584_closure0_BB14 -> User_can_downvote_23584_closure0_BB24 [ color=blue ];
	User_can_downvote_23584_closure0_BB15 -> User_can_downvote_23584_closure0_BB16 [ color=blue ];
	User_can_downvote_23584_closure0_BB15 -> User_can_downvote_23584_closure0_BB17 [ color=blue ];
	User_can_downvote_23584_closure0_BB16 -> User_can_downvote_23584_closure0_BB24 [ color=blue ];
	User_can_downvote_23584_closure0_BB17 -> User_can_downvote_23584_closure0_BB19 [ color=blue ];
	User_can_downvote_23584_closure0_BB19 -> User_can_downvote_23584_closure0_BB21 [ color=blue ];
	User_can_downvote_23584_closure0_BB20 -> User_can_downvote_23584_closure0_BB21 [ color=blue ];
	User_can_downvote_23584_closure0_BB21 -> User_can_downvote_23584_closure0_BB22 [ color=blue ];
	User_can_downvote_23584_closure0_BB22 -> User_can_downvote_23584_closure0_BB24 [ color=blue ];
	User_avatar_url_23584_closure0_BB1 -> User_avatar_url_23584_closure0_BB7 [ color=blue ];
	User_avatar_url_23584_closure0_BB1 -> User_avatar_url_23584_closure0_BB2 [ color=blue ];
	User_avatar_url_23584_closure0_BB2 -> User_avatar_url_23584_closure0_BB3 [ color=blue ];
	User_avatar_url_23584_closure0_BB2 -> User_avatar_url_23584_closure0_BB4 [ color=blue ];
	User_avatar_url_23584_closure0_BB3 -> User_avatar_url_23584_closure0_BB4 [ color=blue ];
	User_avatar_url_23584_closure0_BB4 -> User_avatar_url_23584_closure0_BB5 [ color=blue ];
	User_avatar_url_23584_closure0_BB4 -> User_avatar_url_23584_closure0_BB6 [ color=blue ];
	User_avatar_url_23584_closure0_BB5 -> User_avatar_url_23584_closure0_BB6 [ color=blue ];
	User_avatar_url_23584_closure0_BB6 -> User_avatar_url_23584_closure0_BB7 [ color=blue ];
	Comment_has_been_edited_23584_closure0_BB1 -> Comment_has_been_edited_23584_closure0_BB5 [ color=blue ];
	Comment_has_been_edited_23584_closure0_BB1 -> Comment_has_been_edited_23584_closure0_BB2 [ color=blue ];
	Comment_has_been_edited_23584_closure0_BB2 -> Comment_has_been_edited_23584_closure0_BB3 [ color=blue ];
	Comment_has_been_edited_23584_closure0_BB2 -> Comment_has_been_edited_23584_closure0_BB4 [ color=blue ];
	Comment_has_been_edited_23584_closure0_BB3 -> Comment_has_been_edited_23584_closure0_BB5 [ color=blue ];
	Comment_has_been_edited_23584_closure0_BB4 -> Comment_has_been_edited_23584_closure0_BB5 [ color=blue ];
	Story_short_id_url_23584_closure0_BB1 -> Story_short_id_url_23584_closure0_BB3 [ color=blue ];
	Story_short_id_url_23584_closure0_BB1 -> Story_short_id_url_23584_closure0_BB2 [ color=blue ];
	Story_short_id_url_23584_closure0_BB2 -> Story_short_id_url_23584_closure0_BB3 [ color=blue ];
	Story_title_as_url_23584_closure0_BB1 -> Story_title_as_url_23584_closure0_BB8 [ color=blue ];
	Story_title_as_url_23584_closure0_BB1 -> Story_title_as_url_23584_closure0_BB2 [ color=blue ];
	Story_title_as_url_23584_closure0_BB2 -> Story_title_as_url_23584_closure0_BB3 [ color=blue ];
	Story_title_as_url_23584_closure0_BB3 -> Story_title_as_url_23584_closure0_BB4 [ color=blue ];
	Story_title_as_url_23584_closure0_BB3 -> Story_title_as_url_23584_closure0_BB6 [ color=blue ];
	Story_title_as_url_23584_closure0_BB4 -> Story_title_as_url_23584_closure0_BB3 [ color=blue ];
	Story_title_as_url_23584_closure0_BB6 -> Story_title_as_url_23584_closure0_BB8 [ color=blue ];
	Story_comments_url_23584_closure0_BB1 -> Story_comments_url_23584_closure0_BB3 [ color=blue ];
	Story_comments_url_23584_closure0_BB1 -> Story_comments_url_23584_closure0_BB2 [ color=blue ];
	Story_comments_url_23584_closure0_BB2 -> Story_comments_url_23584_closure0_BB3 [ color=blue ];
	Comment_url_23584_closure0_BB1 -> Comment_url_23584_closure0_BB3 [ color=blue ];
	Comment_url_23584_closure0_BB1 -> Comment_url_23584_closure0_BB2 [ color=blue ];
	Comment_url_23584_closure0_BB2 -> Comment_url_23584_closure0_BB3 [ color=blue ];
	Comment_is_undeletable_by_user_23584_closure0_BB1 -> Comment_is_undeletable_by_user_23584_closure0_BB14 [ color=blue ];
	Comment_is_undeletable_by_user_23584_closure0_BB1 -> Comment_is_undeletable_by_user_23584_closure0_BB2 [ color=blue ];
	Comment_is_undeletable_by_user_23584_closure0_BB2 -> Comment_is_undeletable_by_user_23584_closure0_BB3 [ color=blue ];
	Comment_is_undeletable_by_user_23584_closure0_BB2 -> Comment_is_undeletable_by_user_23584_closure0_BB4 [ color=blue ];
	Comment_is_undeletable_by_user_23584_closure0_BB3 -> Comment_is_undeletable_by_user_23584_closure0_BB4 [ color=blue ];
	Comment_is_undeletable_by_user_23584_closure0_BB4 -> Comment_is_undeletable_by_user_23584_closure0_BB5 [ color=blue ];
	Comment_is_undeletable_by_user_23584_closure0_BB4 -> Comment_is_undeletable_by_user_23584_closure0_BB6 [ color=blue ];
	Comment_is_undeletable_by_user_23584_closure0_BB5 -> Comment_is_undeletable_by_user_23584_closure0_BB14 [ color=blue ];
	Comment_is_undeletable_by_user_23584_closure0_BB6 -> Comment_is_undeletable_by_user_23584_closure0_BB7 [ color=blue ];
	Comment_is_undeletable_by_user_23584_closure0_BB6 -> Comment_is_undeletable_by_user_23584_closure0_BB8 [ color=blue ];
	Comment_is_undeletable_by_user_23584_closure0_BB7 -> Comment_is_undeletable_by_user_23584_closure0_BB8 [ color=blue ];
	Comment_is_undeletable_by_user_23584_closure0_BB8 -> Comment_is_undeletable_by_user_23584_closure0_BB9 [ color=blue ];
	Comment_is_undeletable_by_user_23584_closure0_BB8 -> Comment_is_undeletable_by_user_23584_closure0_BB10 [ color=blue ];
	Comment_is_undeletable_by_user_23584_closure0_BB9 -> Comment_is_undeletable_by_user_23584_closure0_BB10 [ color=blue ];
	Comment_is_undeletable_by_user_23584_closure0_BB10 -> Comment_is_undeletable_by_user_23584_closure0_BB11 [ color=blue ];
	Comment_is_undeletable_by_user_23584_closure0_BB10 -> Comment_is_undeletable_by_user_23584_closure0_BB12 [ color=blue ];
	Comment_is_undeletable_by_user_23584_closure0_BB11 -> Comment_is_undeletable_by_user_23584_closure0_BB14 [ color=blue ];
	Comment_is_undeletable_by_user_23584_closure0_BB12 -> Comment_is_undeletable_by_user_23584_closure0_BB14 [ color=blue ];
	Comment_is_deletable_by_user_23584_closure0_BB1 -> Comment_is_deletable_by_user_23584_closure0_BB12 [ color=blue ];
	Comment_is_deletable_by_user_23584_closure0_BB1 -> Comment_is_deletable_by_user_23584_closure0_BB2 [ color=blue ];
	Comment_is_deletable_by_user_23584_closure0_BB2 -> Comment_is_deletable_by_user_23584_closure0_BB3 [ color=blue ];
	Comment_is_deletable_by_user_23584_closure0_BB2 -> Comment_is_deletable_by_user_23584_closure0_BB4 [ color=blue ];
	Comment_is_deletable_by_user_23584_closure0_BB3 -> Comment_is_deletable_by_user_23584_closure0_BB4 [ color=blue ];
	Comment_is_deletable_by_user_23584_closure0_BB4 -> Comment_is_deletable_by_user_23584_closure0_BB5 [ color=blue ];
	Comment_is_deletable_by_user_23584_closure0_BB4 -> Comment_is_deletable_by_user_23584_closure0_BB6 [ color=blue ];
	Comment_is_deletable_by_user_23584_closure0_BB5 -> Comment_is_deletable_by_user_23584_closure0_BB12 [ color=blue ];
	Comment_is_deletable_by_user_23584_closure0_BB6 -> Comment_is_deletable_by_user_23584_closure0_BB7 [ color=blue ];
	Comment_is_deletable_by_user_23584_closure0_BB6 -> Comment_is_deletable_by_user_23584_closure0_BB8 [ color=blue ];
	Comment_is_deletable_by_user_23584_closure0_BB7 -> Comment_is_deletable_by_user_23584_closure0_BB8 [ color=blue ];
	Comment_is_deletable_by_user_23584_closure0_BB8 -> Comment_is_deletable_by_user_23584_closure0_BB9 [ color=blue ];
	Comment_is_deletable_by_user_23584_closure0_BB8 -> Comment_is_deletable_by_user_23584_closure0_BB10 [ color=blue ];
	Comment_is_deletable_by_user_23584_closure0_BB9 -> Comment_is_deletable_by_user_23584_closure0_BB12 [ color=blue ];
	Comment_is_deletable_by_user_23584_closure0_BB10 -> Comment_is_deletable_by_user_23584_closure0_BB12 [ color=blue ];
	Comment_vote_summary_23584_closure0_BB1 -> Comment_vote_summary_23584_closure0_BB3 [ color=blue ];
	Comment_vote_summary_23584_closure0_BB1 -> Comment_vote_summary_23584_closure0_BB2 [ color=blue ];
	Comment_vote_summary_23584_closure0_BB2 -> Comment_vote_summary_23584_closure0_BB3 [ color=blue ];
	Comment_vote_summary_23584_closure0_BB2:f2 -> Comment_vote_summary_766698_closure0_closure1_BB1 [color=blue ];
	Comment_vote_summary_766698_closure0_closure1_BB8:f0 -> Comment_vote_summary_23584_closure0_BB2 [color=blue ];
	Comment_vote_summary_766698_closure0_closure1_BB1 -> Comment_vote_summary_766698_closure0_closure1_BB8 [ color=blue ];
	Comment_vote_summary_766698_closure0_closure1_BB1 -> Comment_vote_summary_766698_closure0_closure1_BB2 [ color=blue ];
	Comment_vote_summary_766698_closure0_closure1_BB2 -> Comment_vote_summary_766698_closure0_closure1_BB3 [ color=blue ];
	Comment_vote_summary_766698_closure0_closure1_BB3 -> Comment_vote_summary_766698_closure0_closure1_BB4 [ color=blue ];
	Comment_vote_summary_766698_closure0_closure1_BB3 -> Comment_vote_summary_766698_closure0_closure1_BB5 [ color=blue ];
	Comment_vote_summary_766698_closure0_closure1_BB3 -> Comment_vote_summary_766698_closure0_closure1_BB6 [ color=blue ];
	Comment_vote_summary_766698_closure0_closure1_BB4 -> Comment_vote_summary_766698_closure0_closure1_BB5 [ color=blue ];
	Comment_vote_summary_766698_closure0_closure1_BB4 -> Comment_vote_summary_766698_closure0_closure1_BB6 [ color=blue ];
	Comment_vote_summary_766698_closure0_closure1_BB5 -> Comment_vote_summary_766698_closure0_closure1_BB6 [ color=blue ];
	Comment_vote_summary_766698_closure0_closure1_BB5 -> Comment_vote_summary_766698_closure0_closure1_BB8 [ color=blue ];
	Comment_vote_summary_766698_closure0_closure1_BB6 -> Comment_vote_summary_766698_closure0_closure1_BB8 [ color=blue ];
	Comment_vote_summary_766698_closure0_closure1_BB8 -> Comment_vote_summary_766698_closure0_closure1_BB1 [color=blue ];
	Comment_vote_summary_23584_closure0_BB2:f0 -> Comment_vote_summary_96128_closure0_closure1_BB1 [color=blue ];
	Comment_vote_summary_96128_closure0_closure1_BB11:f0 -> Comment_vote_summary_23584_closure0_BB2 [color=blue ];
	Comment_vote_summary_96128_closure0_closure1_BB1 -> Comment_vote_summary_96128_closure0_closure1_BB11 [ color=blue ];
	Comment_vote_summary_96128_closure0_closure1_BB1 -> Comment_vote_summary_96128_closure0_closure1_BB2 [ color=blue ];
	Comment_vote_summary_96128_closure0_closure1_BB2 -> Comment_vote_summary_96128_closure0_closure1_BB3 [ color=blue ];
	Comment_vote_summary_96128_closure0_closure1_BB3 -> Comment_vote_summary_96128_closure0_closure1_BB4 [ color=blue ];
	Comment_vote_summary_96128_closure0_closure1_BB3 -> Comment_vote_summary_96128_closure0_closure1_BB5 [ color=blue ];
	Comment_vote_summary_96128_closure0_closure1_BB3 -> Comment_vote_summary_96128_closure0_closure1_BB9 [ color=blue ];
	Comment_vote_summary_96128_closure0_closure1_BB4 -> Comment_vote_summary_96128_closure0_closure1_BB8 [ color=blue ];
	Comment_vote_summary_96128_closure0_closure1_BB4 -> Comment_vote_summary_96128_closure0_closure1_BB9 [ color=blue ];
	Comment_vote_summary_96128_closure0_closure1_BB5 -> Comment_vote_summary_96128_closure0_closure1_BB6 [ color=blue ];
	Comment_vote_summary_96128_closure0_closure1_BB5 -> Comment_vote_summary_96128_closure0_closure1_BB7 [ color=blue ];
	Comment_vote_summary_96128_closure0_closure1_BB5 -> Comment_vote_summary_96128_closure0_closure1_BB9 [ color=blue ];
	Comment_vote_summary_96128_closure0_closure1_BB6 -> Comment_vote_summary_96128_closure0_closure1_BB7 [ color=blue ];
	Comment_vote_summary_96128_closure0_closure1_BB6 -> Comment_vote_summary_96128_closure0_closure1_BB9 [ color=blue ];
	Comment_vote_summary_96128_closure0_closure1_BB7 -> Comment_vote_summary_96128_closure0_closure1_BB9 [ color=blue ];
	Comment_vote_summary_96128_closure0_closure1_BB7 -> Comment_vote_summary_96128_closure0_closure1_BB11 [ color=blue ];
	Comment_vote_summary_96128_closure0_closure1_BB8 -> Comment_vote_summary_96128_closure0_closure1_BB11 [ color=blue ];
	Comment_vote_summary_96128_closure0_closure1_BB9 -> Comment_vote_summary_96128_closure0_closure1_BB11 [ color=blue ];
	Comment_vote_summary_96128_closure0_closure1_BB11 -> Comment_vote_summary_96128_closure0_closure1_BB1 [color=blue ];
	Story_short_id_path_23584_closure0_BB1 -> Story_short_id_path_23584_closure0_BB3 [ color=blue ];
	Story_short_id_path_23584_closure0_BB1 -> Story_short_id_path_23584_closure0_BB2 [ color=blue ];
	Story_short_id_path_23584_closure0_BB2 -> Story_short_id_path_23584_closure0_BB3 [ color=blue ];
	Story_comments_path_23584_closure0_BB1 -> Story_comments_path_23584_closure0_BB3 [ color=blue ];
	Story_comments_path_23584_closure0_BB1 -> Story_comments_path_23584_closure0_BB2 [ color=blue ];
	Story_comments_path_23584_closure0_BB2 -> Story_comments_path_23584_closure0_BB3 [ color=blue ];
	Comment_gone_text_23584_closure0_BB1 -> Comment_gone_text_23584_closure0_BB8 [ color=blue ];
	Comment_gone_text_23584_closure0_BB1 -> Comment_gone_text_23584_closure0_BB2 [ color=blue ];
	Comment_gone_text_23584_closure0_BB2 -> Comment_gone_text_23584_closure0_BB3 [ color=blue ];
	Comment_gone_text_23584_closure0_BB2 -> Comment_gone_text_23584_closure0_BB6 [ color=blue ];
	Comment_gone_text_23584_closure0_BB3 -> Comment_gone_text_23584_closure0_BB4 [ color=blue ];
	Comment_gone_text_23584_closure0_BB3 -> Comment_gone_text_23584_closure0_BB5 [ color=blue ];
	Comment_gone_text_23584_closure0_BB4 -> Comment_gone_text_23584_closure0_BB5 [ color=blue ];
	Comment_gone_text_23584_closure0_BB5 -> Comment_gone_text_23584_closure0_BB8 [ color=blue ];
	Comment_gone_text_23584_closure0_BB6 -> Comment_gone_text_23584_closure0_BB8 [ color=blue ];
	CommentsController_show__BB1 -> CommentsController_show__BB8 [ color=blue ];
	CommentsController_show__BB1 -> CommentsController_show__BB2 [ color=blue ];
	CommentsController_show__BB2 -> CommentsController_show__BB3 [ color=blue ];
	CommentsController_show__BB2 -> CommentsController_show__BB4 [ color=blue ];
	CommentsController_show__BB3 -> CommentsController_show__BB4 [ color=blue ];
	CommentsController_show__BB4 -> CommentsController_show__BB5 [ color=blue ];
	CommentsController_show__BB4 -> CommentsController_show__BB6 [ color=blue ];
	CommentsController_show__BB5 -> CommentsController_show__BB8 [ color=blue ];
	CommentsController_show__BB6 -> CommentsController_show__BB8 [ color=blue ];
	CommentsController_show__BB6:f1 -> CommentsController_show_23584_closure0_BB1 [color=blue ];
	CommentsController_show_23584_closure0_BB122:f0 -> CommentsController_show__BB6 [color=blue ];
	CommentsController_show_23584_closure0_BB1 -> CommentsController_show_23584_closure0_BB122 [ color=blue ];
	CommentsController_show_23584_closure0_BB1 -> CommentsController_show_23584_closure0_BB2 [ color=blue ];
	CommentsController_show_23584_closure0_BB2 -> CommentsController_show_23584_closure0_BB3 [ color=blue ];
	CommentsController_show_23584_closure0_BB3 -> CommentsController_show_23584_closure0_BB4 [ color=blue ];
	CommentsController_show_23584_closure0_BB3 -> CommentsController_show_23584_closure0_BB5 [ color=blue ];
	CommentsController_show_23584_closure0_BB3 -> CommentsController_show_23584_closure0_BB120 [ color=blue ];
	CommentsController_show_23584_closure0_BB4 -> CommentsController_show_23584_closure0_BB6 [ color=blue ];
	CommentsController_show_23584_closure0_BB4 -> CommentsController_show_23584_closure0_BB120 [ color=blue ];
	CommentsController_show_23584_closure0_BB5 -> CommentsController_show_23584_closure0_BB6 [ color=blue ];
	CommentsController_show_23584_closure0_BB6 -> CommentsController_show_23584_closure0_BB7 [ color=blue ];
	CommentsController_show_23584_closure0_BB6 -> CommentsController_show_23584_closure0_BB11 [ color=blue ];
	CommentsController_show_23584_closure0_BB6 -> CommentsController_show_23584_closure0_BB120 [ color=blue ];
	CommentsController_show_23584_closure0_BB7 -> CommentsController_show_23584_closure0_BB8 [ color=blue ];
	CommentsController_show_23584_closure0_BB7 -> CommentsController_show_23584_closure0_BB9 [ color=blue ];
	CommentsController_show_23584_closure0_BB7 -> CommentsController_show_23584_closure0_BB120 [ color=blue ];
	CommentsController_show_23584_closure0_BB8 -> CommentsController_show_23584_closure0_BB10 [ color=blue ];
	CommentsController_show_23584_closure0_BB9 -> CommentsController_show_23584_closure0_BB10 [ color=blue ];
	CommentsController_show_23584_closure0_BB10 -> CommentsController_show_23584_closure0_BB12 [ color=blue ];
	CommentsController_show_23584_closure0_BB11 -> CommentsController_show_23584_closure0_BB12 [ color=blue ];
	CommentsController_show_23584_closure0_BB12 -> CommentsController_show_23584_closure0_BB13 [ color=blue ];
	CommentsController_show_23584_closure0_BB12 -> CommentsController_show_23584_closure0_BB14 [ color=blue ];
	CommentsController_show_23584_closure0_BB12 -> CommentsController_show_23584_closure0_BB120 [ color=blue ];
	CommentsController_show_23584_closure0_BB13 -> CommentsController_show_23584_closure0_BB15 [ color=blue ];
	CommentsController_show_23584_closure0_BB14 -> CommentsController_show_23584_closure0_BB15 [ color=blue ];
	CommentsController_show_23584_closure0_BB15 -> CommentsController_show_23584_closure0_BB16 [ color=blue ];
	CommentsController_show_23584_closure0_BB15 -> CommentsController_show_23584_closure0_BB17 [ color=blue ];
	CommentsController_show_23584_closure0_BB15 -> CommentsController_show_23584_closure0_BB120 [ color=blue ];
	CommentsController_show_23584_closure0_BB16 -> CommentsController_show_23584_closure0_BB18 [ color=blue ];
	CommentsController_show_23584_closure0_BB17 -> CommentsController_show_23584_closure0_BB18 [ color=blue ];
	CommentsController_show_23584_closure0_BB18 -> CommentsController_show_23584_closure0_BB19 [ color=blue ];
	CommentsController_show_23584_closure0_BB18 -> CommentsController_show_23584_closure0_BB20 [ color=blue ];
	CommentsController_show_23584_closure0_BB18 -> CommentsController_show_23584_closure0_BB120 [ color=blue ];
	CommentsController_show_23584_closure0_BB19 -> CommentsController_show_23584_closure0_BB21 [ color=blue ];
	CommentsController_show_23584_closure0_BB20 -> CommentsController_show_23584_closure0_BB21 [ color=blue ];
	CommentsController_show_23584_closure0_BB21 -> CommentsController_show_23584_closure0_BB22 [ color=blue ];
	CommentsController_show_23584_closure0_BB21 -> CommentsController_show_23584_closure0_BB23 [ color=blue ];
	CommentsController_show_23584_closure0_BB21 -> CommentsController_show_23584_closure0_BB120 [ color=blue ];
	CommentsController_show_23584_closure0_BB22 -> CommentsController_show_23584_closure0_BB24 [ color=blue ];
	CommentsController_show_23584_closure0_BB23 -> CommentsController_show_23584_closure0_BB24 [ color=blue ];
	CommentsController_show_23584_closure0_BB24 -> CommentsController_show_23584_closure0_BB25 [ color=blue ];
	CommentsController_show_23584_closure0_BB24 -> CommentsController_show_23584_closure0_BB26 [ color=blue ];
	CommentsController_show_23584_closure0_BB24 -> CommentsController_show_23584_closure0_BB120 [ color=blue ];
	CommentsController_show_23584_closure0_BB25 -> CommentsController_show_23584_closure0_BB27 [ color=blue ];
	CommentsController_show_23584_closure0_BB26 -> CommentsController_show_23584_closure0_BB27 [ color=blue ];
	CommentsController_show_23584_closure0_BB27 -> CommentsController_show_23584_closure0_BB28 [ color=blue ];
	CommentsController_show_23584_closure0_BB27 -> CommentsController_show_23584_closure0_BB37 [ color=blue ];
	CommentsController_show_23584_closure0_BB27 -> CommentsController_show_23584_closure0_BB120 [ color=blue ];
	CommentsController_show_23584_closure0_BB28 -> CommentsController_show_23584_closure0_BB29 [ color=blue ];
	CommentsController_show_23584_closure0_BB28 -> CommentsController_show_23584_closure0_BB30 [ color=blue ];
	CommentsController_show_23584_closure0_BB29 -> CommentsController_show_23584_closure0_BB31 [ color=blue ];
	CommentsController_show_23584_closure0_BB30 -> CommentsController_show_23584_closure0_BB31 [ color=blue ];
	CommentsController_show_23584_closure0_BB30 -> CommentsController_show_23584_closure0_BB120 [ color=blue ];
	CommentsController_show_23584_closure0_BB31 -> CommentsController_show_23584_closure0_BB32 [ color=blue ];
	CommentsController_show_23584_closure0_BB31 -> CommentsController_show_23584_closure0_BB33 [ color=blue ];
	CommentsController_show_23584_closure0_BB31 -> CommentsController_show_23584_closure0_BB120 [ color=blue ];
	CommentsController_show_23584_closure0_BB32 -> CommentsController_show_23584_closure0_BB33 [ color=blue ];
	CommentsController_show_23584_closure0_BB32 -> CommentsController_show_23584_closure0_BB120 [ color=blue ];
	CommentsController_show_23584_closure0_BB33 -> CommentsController_show_23584_closure0_BB34 [ color=blue ];
	CommentsController_show_23584_closure0_BB33 -> CommentsController_show_23584_closure0_BB35 [ color=blue ];
	CommentsController_show_23584_closure0_BB34 -> CommentsController_show_23584_closure0_BB36 [ color=blue ];
	CommentsController_show_23584_closure0_BB35 -> CommentsController_show_23584_closure0_BB36 [ color=blue ];
	CommentsController_show_23584_closure0_BB36 -> CommentsController_show_23584_closure0_BB38 [ color=blue ];
	CommentsController_show_23584_closure0_BB37 -> CommentsController_show_23584_closure0_BB38 [ color=blue ];
	CommentsController_show_23584_closure0_BB38 -> CommentsController_show_23584_closure0_BB39 [ color=blue ];
	CommentsController_show_23584_closure0_BB38 -> CommentsController_show_23584_closure0_BB40 [ color=blue ];
	CommentsController_show_23584_closure0_BB38 -> CommentsController_show_23584_closure0_BB120 [ color=blue ];
	CommentsController_show_23584_closure0_BB39 -> CommentsController_show_23584_closure0_BB41 [ color=blue ];
	CommentsController_show_23584_closure0_BB40 -> CommentsController_show_23584_closure0_BB41 [ color=blue ];
	CommentsController_show_23584_closure0_BB41 -> CommentsController_show_23584_closure0_BB42 [ color=blue ];
	CommentsController_show_23584_closure0_BB41 -> CommentsController_show_23584_closure0_BB43 [ color=blue ];
	CommentsController_show_23584_closure0_BB42 -> CommentsController_show_23584_closure0_BB43 [ color=blue ];
	CommentsController_show_23584_closure0_BB42 -> CommentsController_show_23584_closure0_BB120 [ color=blue ];
	CommentsController_show_23584_closure0_BB43 -> CommentsController_show_23584_closure0_BB44 [ color=blue ];
	CommentsController_show_23584_closure0_BB43 -> CommentsController_show_23584_closure0_BB45 [ color=blue ];
	CommentsController_show_23584_closure0_BB44 -> CommentsController_show_23584_closure0_BB46 [ color=blue ];
	CommentsController_show_23584_closure0_BB44 -> CommentsController_show_23584_closure0_BB120 [ color=blue ];
	CommentsController_show_23584_closure0_BB45 -> CommentsController_show_23584_closure0_BB46 [ color=blue ];
	CommentsController_show_23584_closure0_BB46 -> CommentsController_show_23584_closure0_BB47 [ color=blue ];
	CommentsController_show_23584_closure0_BB46 -> CommentsController_show_23584_closure0_BB48 [ color=blue ];
	CommentsController_show_23584_closure0_BB46 -> CommentsController_show_23584_closure0_BB120 [ color=blue ];
	CommentsController_show_23584_closure0_BB47 -> CommentsController_show_23584_closure0_BB48 [ color=blue ];
	CommentsController_show_23584_closure0_BB47 -> CommentsController_show_23584_closure0_BB120 [ color=blue ];
	CommentsController_show_23584_closure0_BB48 -> CommentsController_show_23584_closure0_BB49 [ color=blue ];
	CommentsController_show_23584_closure0_BB48 -> CommentsController_show_23584_closure0_BB50 [ color=blue ];
	CommentsController_show_23584_closure0_BB49 -> CommentsController_show_23584_closure0_BB51 [ color=blue ];
	CommentsController_show_23584_closure0_BB50 -> CommentsController_show_23584_closure0_BB51 [ color=blue ];
	CommentsController_show_23584_closure0_BB51 -> CommentsController_show_23584_closure0_BB52 [ color=blue ];
	CommentsController_show_23584_closure0_BB51 -> CommentsController_show_23584_closure0_BB53 [ color=blue ];
	CommentsController_show_23584_closure0_BB51 -> CommentsController_show_23584_closure0_BB120 [ color=blue ];
	CommentsController_show_23584_closure0_BB52 -> CommentsController_show_23584_closure0_BB57 [ color=blue ];
	CommentsController_show_23584_closure0_BB53 -> CommentsController_show_23584_closure0_BB54 [ color=blue ];
	CommentsController_show_23584_closure0_BB53 -> CommentsController_show_23584_closure0_BB55 [ color=blue ];
	CommentsController_show_23584_closure0_BB53 -> CommentsController_show_23584_closure0_BB120 [ color=blue ];
	CommentsController_show_23584_closure0_BB54 -> CommentsController_show_23584_closure0_BB56 [ color=blue ];
	CommentsController_show_23584_closure0_BB55 -> CommentsController_show_23584_closure0_BB56 [ color=blue ];
	CommentsController_show_23584_closure0_BB56 -> CommentsController_show_23584_closure0_BB57 [ color=blue ];
	CommentsController_show_23584_closure0_BB57 -> CommentsController_show_23584_closure0_BB58 [ color=blue ];
	CommentsController_show_23584_closure0_BB57 -> CommentsController_show_23584_closure0_BB59 [ color=blue ];
	CommentsController_show_23584_closure0_BB57 -> CommentsController_show_23584_closure0_BB120 [ color=blue ];
	CommentsController_show_23584_closure0_BB58 -> CommentsController_show_23584_closure0_BB60 [ color=blue ];
	CommentsController_show_23584_closure0_BB58 -> CommentsController_show_23584_closure0_BB120 [ color=blue ];
	CommentsController_show_23584_closure0_BB59 -> CommentsController_show_23584_closure0_BB60 [ color=blue ];
	CommentsController_show_23584_closure0_BB60 -> CommentsController_show_23584_closure0_BB61 [ color=blue ];
	CommentsController_show_23584_closure0_BB60 -> CommentsController_show_23584_closure0_BB62 [ color=blue ];
	CommentsController_show_23584_closure0_BB60 -> CommentsController_show_23584_closure0_BB120 [ color=blue ];
	CommentsController_show_23584_closure0_BB61 -> CommentsController_show_23584_closure0_BB72 [ color=blue ];
	CommentsController_show_23584_closure0_BB62 -> CommentsController_show_23584_closure0_BB63 [ color=blue ];
	CommentsController_show_23584_closure0_BB62 -> CommentsController_show_23584_closure0_BB64 [ color=blue ];
	CommentsController_show_23584_closure0_BB62 -> CommentsController_show_23584_closure0_BB120 [ color=blue ];
	CommentsController_show_23584_closure0_BB63 -> CommentsController_show_23584_closure0_BB68 [ color=blue ];
	CommentsController_show_23584_closure0_BB64 -> CommentsController_show_23584_closure0_BB65 [ color=blue ];
	CommentsController_show_23584_closure0_BB64 -> CommentsController_show_23584_closure0_BB66 [ color=blue ];
	CommentsController_show_23584_closure0_BB64 -> CommentsController_show_23584_closure0_BB120 [ color=blue ];
	CommentsController_show_23584_closure0_BB65 -> CommentsController_show_23584_closure0_BB67 [ color=blue ];
	CommentsController_show_23584_closure0_BB66 -> CommentsController_show_23584_closure0_BB67 [ color=blue ];
	CommentsController_show_23584_closure0_BB67 -> CommentsController_show_23584_closure0_BB68 [ color=blue ];
	CommentsController_show_23584_closure0_BB68 -> CommentsController_show_23584_closure0_BB69 [ color=blue ];
	CommentsController_show_23584_closure0_BB68 -> CommentsController_show_23584_closure0_BB70 [ color=blue ];
	CommentsController_show_23584_closure0_BB68 -> CommentsController_show_23584_closure0_BB120 [ color=blue ];
	CommentsController_show_23584_closure0_BB69 -> CommentsController_show_23584_closure0_BB71 [ color=blue ];
	CommentsController_show_23584_closure0_BB69 -> CommentsController_show_23584_closure0_BB120 [ color=blue ];
	CommentsController_show_23584_closure0_BB70 -> CommentsController_show_23584_closure0_BB71 [ color=blue ];
	CommentsController_show_23584_closure0_BB70 -> CommentsController_show_23584_closure0_BB120 [ color=blue ];
	CommentsController_show_23584_closure0_BB71 -> CommentsController_show_23584_closure0_BB72 [ color=blue ];
	CommentsController_show_23584_closure0_BB71 -> CommentsController_show_23584_closure0_BB120 [ color=blue ];
	CommentsController_show_23584_closure0_BB72 -> CommentsController_show_23584_closure0_BB73 [ color=blue ];
	CommentsController_show_23584_closure0_BB72 -> CommentsController_show_23584_closure0_BB110 [ color=blue ];
	CommentsController_show_23584_closure0_BB72 -> CommentsController_show_23584_closure0_BB120 [ color=blue ];
	CommentsController_show_23584_closure0_BB73 -> CommentsController_show_23584_closure0_BB74 [ color=blue ];
	CommentsController_show_23584_closure0_BB73 -> CommentsController_show_23584_closure0_BB75 [ color=blue ];
	CommentsController_show_23584_closure0_BB73 -> CommentsController_show_23584_closure0_BB120 [ color=blue ];
	CommentsController_show_23584_closure0_BB74 -> CommentsController_show_23584_closure0_BB76 [ color=blue ];
	CommentsController_show_23584_closure0_BB75 -> CommentsController_show_23584_closure0_BB76 [ color=blue ];
	CommentsController_show_23584_closure0_BB76 -> CommentsController_show_23584_closure0_BB77 [ color=blue ];
	CommentsController_show_23584_closure0_BB76 -> CommentsController_show_23584_closure0_BB78 [ color=blue ];
	CommentsController_show_23584_closure0_BB76 -> CommentsController_show_23584_closure0_BB120 [ color=blue ];
	CommentsController_show_23584_closure0_BB77 -> CommentsController_show_23584_closure0_BB78 [ color=blue ];
	CommentsController_show_23584_closure0_BB77 -> CommentsController_show_23584_closure0_BB120 [ color=blue ];
	CommentsController_show_23584_closure0_BB78 -> CommentsController_show_23584_closure0_BB79 [ color=blue ];
	CommentsController_show_23584_closure0_BB78 -> CommentsController_show_23584_closure0_BB80 [ color=blue ];
	CommentsController_show_23584_closure0_BB79 -> CommentsController_show_23584_closure0_BB86 [ color=blue ];
	CommentsController_show_23584_closure0_BB80 -> CommentsController_show_23584_closure0_BB81 [ color=blue ];
	CommentsController_show_23584_closure0_BB80 -> CommentsController_show_23584_closure0_BB82 [ color=blue ];
	CommentsController_show_23584_closure0_BB80 -> CommentsController_show_23584_closure0_BB120 [ color=blue ];
	CommentsController_show_23584_closure0_BB81 -> CommentsController_show_23584_closure0_BB82 [ color=blue ];
	CommentsController_show_23584_closure0_BB81 -> CommentsController_show_23584_closure0_BB120 [ color=blue ];
	CommentsController_show_23584_closure0_BB82 -> CommentsController_show_23584_closure0_BB83 [ color=blue ];
	CommentsController_show_23584_closure0_BB82 -> CommentsController_show_23584_closure0_BB84 [ color=blue ];
	CommentsController_show_23584_closure0_BB83 -> CommentsController_show_23584_closure0_BB85 [ color=blue ];
	CommentsController_show_23584_closure0_BB84 -> CommentsController_show_23584_closure0_BB85 [ color=blue ];
	CommentsController_show_23584_closure0_BB85 -> CommentsController_show_23584_closure0_BB86 [ color=blue ];
	CommentsController_show_23584_closure0_BB86 -> CommentsController_show_23584_closure0_BB87 [ color=blue ];
	CommentsController_show_23584_closure0_BB86 -> CommentsController_show_23584_closure0_BB88 [ color=blue ];
	CommentsController_show_23584_closure0_BB87 -> CommentsController_show_23584_closure0_BB88 [ color=blue ];
	CommentsController_show_23584_closure0_BB87 -> CommentsController_show_23584_closure0_BB120 [ color=blue ];
	CommentsController_show_23584_closure0_BB88 -> CommentsController_show_23584_closure0_BB89 [ color=blue ];
	CommentsController_show_23584_closure0_BB88 -> CommentsController_show_23584_closure0_BB90 [ color=blue ];
	CommentsController_show_23584_closure0_BB89 -> CommentsController_show_23584_closure0_BB90 [ color=blue ];
	CommentsController_show_23584_closure0_BB89 -> CommentsController_show_23584_closure0_BB120 [ color=blue ];
	CommentsController_show_23584_closure0_BB90 -> CommentsController_show_23584_closure0_BB91 [ color=blue ];
	CommentsController_show_23584_closure0_BB90 -> CommentsController_show_23584_closure0_BB92 [ color=blue ];
	CommentsController_show_23584_closure0_BB91 -> CommentsController_show_23584_closure0_BB93 [ color=blue ];
	CommentsController_show_23584_closure0_BB92 -> CommentsController_show_23584_closure0_BB93 [ color=blue ];
	CommentsController_show_23584_closure0_BB93 -> CommentsController_show_23584_closure0_BB94 [ color=blue ];
	CommentsController_show_23584_closure0_BB93 -> CommentsController_show_23584_closure0_BB99 [ color=blue ];
	CommentsController_show_23584_closure0_BB93 -> CommentsController_show_23584_closure0_BB120 [ color=blue ];
	CommentsController_show_23584_closure0_BB94 -> CommentsController_show_23584_closure0_BB95 [ color=blue ];
	CommentsController_show_23584_closure0_BB94 -> CommentsController_show_23584_closure0_BB96 [ color=blue ];
	CommentsController_show_23584_closure0_BB94 -> CommentsController_show_23584_closure0_BB120 [ color=blue ];
	CommentsController_show_23584_closure0_BB95 -> CommentsController_show_23584_closure0_BB96 [ color=blue ];
	CommentsController_show_23584_closure0_BB95 -> CommentsController_show_23584_closure0_BB120 [ color=blue ];
	CommentsController_show_23584_closure0_BB96 -> CommentsController_show_23584_closure0_BB97 [ color=blue ];
	CommentsController_show_23584_closure0_BB96 -> CommentsController_show_23584_closure0_BB98 [ color=blue ];
	CommentsController_show_23584_closure0_BB97 -> CommentsController_show_23584_closure0_BB98 [ color=blue ];
	CommentsController_show_23584_closure0_BB97 -> CommentsController_show_23584_closure0_BB120 [ color=blue ];
	CommentsController_show_23584_closure0_BB98 -> CommentsController_show_23584_closure0_BB99 [ color=blue ];
	CommentsController_show_23584_closure0_BB99 -> CommentsController_show_23584_closure0_BB100 [ color=blue ];
	CommentsController_show_23584_closure0_BB99 -> CommentsController_show_23584_closure0_BB101 [ color=blue ];
	CommentsController_show_23584_closure0_BB100 -> CommentsController_show_23584_closure0_BB109 [ color=blue ];
	CommentsController_show_23584_closure0_BB100 -> CommentsController_show_23584_closure0_BB120 [ color=blue ];
	CommentsController_show_23584_closure0_BB101 -> CommentsController_show_23584_closure0_BB102 [ color=blue ];
	CommentsController_show_23584_closure0_BB101 -> CommentsController_show_23584_closure0_BB103 [ color=blue ];
	CommentsController_show_23584_closure0_BB101 -> CommentsController_show_23584_closure0_BB120 [ color=blue ];
	CommentsController_show_23584_closure0_BB102 -> CommentsController_show_23584_closure0_BB103 [ color=blue ];
	CommentsController_show_23584_closure0_BB102 -> CommentsController_show_23584_closure0_BB120 [ color=blue ];
	CommentsController_show_23584_closure0_BB103 -> CommentsController_show_23584_closure0_BB104 [ color=blue ];
	CommentsController_show_23584_closure0_BB103 -> CommentsController_show_23584_closure0_BB107 [ color=blue ];
	CommentsController_show_23584_closure0_BB104 -> CommentsController_show_23584_closure0_BB105 [ color=blue ];
	CommentsController_show_23584_closure0_BB104 -> CommentsController_show_23584_closure0_BB106 [ color=blue ];
	CommentsController_show_23584_closure0_BB104 -> CommentsController_show_23584_closure0_BB120 [ color=blue ];
	CommentsController_show_23584_closure0_BB105 -> CommentsController_show_23584_closure0_BB106 [ color=blue ];
	CommentsController_show_23584_closure0_BB105 -> CommentsController_show_23584_closure0_BB120 [ color=blue ];
	CommentsController_show_23584_closure0_BB106 -> CommentsController_show_23584_closure0_BB108 [ color=blue ];
	CommentsController_show_23584_closure0_BB106 -> CommentsController_show_23584_closure0_BB120 [ color=blue ];
	CommentsController_show_23584_closure0_BB107 -> CommentsController_show_23584_closure0_BB108 [ color=blue ];
	CommentsController_show_23584_closure0_BB108 -> CommentsController_show_23584_closure0_BB109 [ color=blue ];
	CommentsController_show_23584_closure0_BB109 -> CommentsController_show_23584_closure0_BB111 [ color=blue ];
	CommentsController_show_23584_closure0_BB110 -> CommentsController_show_23584_closure0_BB111 [ color=blue ];
	CommentsController_show_23584_closure0_BB111 -> CommentsController_show_23584_closure0_BB112 [ color=blue ];
	CommentsController_show_23584_closure0_BB111 -> CommentsController_show_23584_closure0_BB113 [ color=blue ];
	CommentsController_show_23584_closure0_BB111 -> CommentsController_show_23584_closure0_BB120 [ color=blue ];
	CommentsController_show_23584_closure0_BB112 -> CommentsController_show_23584_closure0_BB113 [ color=blue ];
	CommentsController_show_23584_closure0_BB112 -> CommentsController_show_23584_closure0_BB120 [ color=blue ];
	CommentsController_show_23584_closure0_BB113 -> CommentsController_show_23584_closure0_BB114 [ color=blue ];
	CommentsController_show_23584_closure0_BB113 -> CommentsController_show_23584_closure0_BB115 [ color=blue ];
	CommentsController_show_23584_closure0_BB114 -> CommentsController_show_23584_closure0_BB116 [ color=blue ];
	CommentsController_show_23584_closure0_BB114 -> CommentsController_show_23584_closure0_BB120 [ color=blue ];
	CommentsController_show_23584_closure0_BB115 -> CommentsController_show_23584_closure0_BB116 [ color=blue ];
	CommentsController_show_23584_closure0_BB116 -> CommentsController_show_23584_closure0_BB117 [ color=blue ];
	CommentsController_show_23584_closure0_BB116 -> CommentsController_show_23584_closure0_BB118 [ color=blue ];
	CommentsController_show_23584_closure0_BB116 -> CommentsController_show_23584_closure0_BB120 [ color=blue ];
	CommentsController_show_23584_closure0_BB117 -> CommentsController_show_23584_closure0_BB119 [ color=blue ];
	CommentsController_show_23584_closure0_BB117 -> CommentsController_show_23584_closure0_BB120 [ color=blue ];
	CommentsController_show_23584_closure0_BB118 -> CommentsController_show_23584_closure0_BB120 [ color=blue ];
	CommentsController_show_23584_closure0_BB118 -> CommentsController_show_23584_closure0_BB122 [ color=blue ];
	CommentsController_show_23584_closure0_BB119 -> CommentsController_show_23584_closure0_BB122 [ color=blue ];
	CommentsController_show_23584_closure0_BB120 -> CommentsController_show_23584_closure0_BB122 [ color=blue ];
	CommentsController_show_23584_closure0_BB122 -> CommentsController_show_23584_closure0_BB1 [color=blue ];
}