digraph sketch {
	n20 [label=<<i>20__ User(User)   where</i>> color=blue]; 
	n20 -> n21 [label="0"]
	n21 [label=<<i>21__ User where( session_token =) session( u) to_s)   first</i>> color=blue]; 
	n109 [label=<<i>109__ self(ApplicationController)   params</i>> color=crimson]; 
	n142 [label=<<i>142__ self lock(true) where( key =) key)   first</i>> color=blue]; 
	n143 [label=<<i>143__ self lock(true)   where</i>> color=blue]; 
	n144 [label=<<i>144__ self(Keystore)   lock</i>> color=blue]; 
	n151 [label=<<i>151__ key   where</i>> color=blue]; 
	n153 [label=<<i>153__ kv(Keystore)   save!</i>> color=blue]; 
	n184 [label=<<i>184__ traffic_kv(Keystore)   value</i>> color=darkorange]; 
	n184 -> n186 [label="0"]
	n186 [label=<<i>186__ traffic_kv(Keystore)   save!</i>> color=blue]; 
	n188 [label=<<i>188__ date_kv(Keystore)   value</i>> color=darkorange]; 
	n188 -> n190 [label="0"]
	n190 [label=<<i>190__ date_kv(Keystore)   save!</i>> color=blue]; 
	n225 [label=<<i>225__ self(CommentsController)   params</i>> color=crimson]; 
	n225 -> n228 [label="2"]
	n228 [label=<<i>228__ Comment(Comment)   where</i>> color=blue]; 
	n228 -> n229 [label="0"]
	n229 [label=<<i>229__ Comment where( short_id =) params( id))   first</i>> color=blue]; 
	n229 -> n243 [label="3"]
	n229 -> n483 [label="6"]
	n229 -> n937 [label="6"]
	n229 -> n1026 [label="6"]
	n229 -> n1034 [label="6"]
	n229 -> n877 [label="7"]
	n243 [label=<<i>243__ Vote(Vote)   where</i>> color=blue]; 
	n243 -> n244 [label="0"]
	n244 [label=<<i>244__ Vote where( user_id =) @user id,         story_id =) comment story_id,  comment_id =) comment id)   first</i>> color=blue]; 
	n244 -> n245 [label="0"]
	n245 [label=<<i>245__ comment(Comment)   current_vote</i>> color=darkorange]; 
	n245 -> n483 [label="5"]
	n245 -> n937 [label="5"]
	n245 -> n1026 [label="5"]
	n245 -> n1034 [label="5"]
	n245 -> n877 [label="6"]
	n483 [label=<<i>483__ obj current_vote   try</i>> color=blue]; 
	n877 [label=<<i>877__ Vote(Vote)   where</i>> color=blue]; 
	n937 [label=<<i>937__ r_counts keys sort map{|k|      k == "" ? "+#{r_counts(k)}"   "#{r_counts(k)} #{VoteCOMMENT_REASONS(k)}"    }   join</i>> color=blue]; 
	n1026 [label=<<i>1026__ self moderation try( moderator)   try</i>> color=blue]; 
	n1026 -> n1027 [label="0"]
	n1027 [label=<<i>1027__ self moderation try( moderator)   try</i>> color=blue]; 
	n1034 [label=<<i>1034__ self moderation try( moderator)   try</i>> color=blue]; 
}