SET IRMethod, name = owner instanceMethod = false
BB 1
	outgoing: 12 2 
	datadep: 
	instructions:
BB 2
	outgoing: 3 4 
	datadep: 
	instructions:
		 0: def_%self 
		 1: def_%v_0 
		 2: COPY TYPE_CurrentScope def_%current_scope 
		 3: COPY TYPE_ScopeModule def_%current_module 
		 4: 
		 5: RECEIVECONSTARG def_reload 
		 6: reload[2.5,] 
BB 3
	outgoing: 4 
	datadep: 
	instructions:
		 0: COPY TYPE_Boolean def_reload 
BB 4
	outgoing: 5 6 
	datadep: 
	instructions:
		 0: 
		 1: BRANCH reload[3.0,2.5,] 
BB 5
	outgoing: 7 
	datadep: 
	instructions:
		 0: 
		 1: COPY TYPE_Nil def_%v_3 
		 2: 
BB 6
	outgoing: 7 
	datadep: 
	instructions:
		 0: COPY TYPE_Nil def_%v_3 
BB 7
	outgoing: 8 9 
	datadep: 
	instructions:
		 0: 
		 1: def_%v_5 
		 2: COPY TYPE_PASS def_%v_4 %v_5[7.1,] 
		 3: %v_5[7.1,] 
BB 8
	outgoing: 9 
	datadep: 
	instructions:
		 0: def_%v_6 
		 1: COPY TYPE_PASS def_%v_4 %v_6[8.0,] 
BB 9
	outgoing: 10 11 
	datadep: 
	instructions:
		 0: BRANCH %v_4[8.1,7.2,] 
BB 10
	outgoing: 12 
	datadep: 
	instructions:
		 0: (Account) def_%v_7 
		 1: %v_7->first def_%v_8 %v_7[10.0,] 	 SYMBOL:	 ARGS:
		 2: %v_8[10.1,] 
		 3: RETURN %v_8[10.1,] %self[2.0,] 
BB 11
	outgoing: 12 
	datadep: 
	instructions:
		 0: RETURN %v_6[8.0,] %self[2.0,] 
BB 12
	outgoing: 
	datadep: 
	instructions:

SET IRMethod, name = get_setting instanceMethod = true
BB 1
	outgoing: 3 2 
	datadep: 
	instructions:
BB 2
	outgoing: 3 
	datadep: 
	instructions:
		 0: def_%self 
		 1: def_%v_0 
		 2: COPY TYPE_CurrentScope def_%current_scope 
		 3: COPY TYPE_ScopeModule def_%current_module 
		 4: 
		 5: RECEIVEARG def_key 
		 6: 
		 7: %self->settings_hash def_%v_3 %self[2.0,] 	 SYMBOL:	 ARGS:
		 8: %v_3->[] def_%v_4 %v_3[2.7,] key[2.5,] 	 SYMBOL:	 ARGS:key,
		 9: RETURN %v_4[2.8,] %self[2.0,2.7,] 
BB 3
	outgoing: 
	datadep: 
	instructions:

SET IRMethod, name = set_setting instanceMethod = true
BB 1
	outgoing: 3 2 
	datadep: 
	instructions:
BB 2
	outgoing: 3 
	datadep: 
	instructions:
		 0: def_%self 
		 1: def_%v_0 
		 2: COPY TYPE_CurrentScope def_%current_scope 
		 3: COPY TYPE_ScopeModule def_%current_module 
		 4: 
		 5: RECEIVEARG def_key 
		 6: RECEIVEARG def_value 
		 7: 
		 8: %self->settings_hash def_%v_3 %self[2.0,] 	 SYMBOL:	 ARGS:
		 9: COPY TYPE_PASS def_hash %v_3[2.8,] 
		 10: 
		 11: ATTRASSIGN %v_3->[] key[2.5,] value[2.6,] 
		 12: 
		 13: (YAML) def_%v_4 
		 14: %v_4->dump def_%v_5 %v_4[2.13,] hash[2.9,] 	 SYMBOL:	 ARGS:hash,
		 15: ATTRASSIGN %self->settings %v_5[2.14,] 
		 16: RETURN %v_5[2.14,] %self[2.0,2.8,2.15,] 
BB 3
	outgoing: 
	datadep: 
	instructions:

SET IRMethod, name = settings_hash instanceMethod = true
BB 1
	outgoing: 8 2 
	datadep: 
	instructions:
BB 2
	outgoing: 3 4 
	datadep: 
	instructions:
		 0: def_%self 
		 1: def_%v_0 
		 2: COPY TYPE_CurrentScope def_%current_scope 
		 3: COPY TYPE_ScopeModule def_%current_module 
		 4: 
		 5: 
		 6: %self->settings def_%v_3 %self[2.0,] 	 SYMBOL:	 ARGS:
		 7: %v_3->== def_%v_4 %v_3[2.6,] 	 SYMBOL:	 ARGS:Nil,
		 8: BRANCH %v_4[2.7,] 
BB 3
	outgoing: 4 
	datadep: 
	instructions:
		 0: %self->settings def_%v_5 %self[2.0,] 	 SYMBOL:	 ARGS:
		 1: %v_5->length def_%v_6 %v_5[3.0,] 	 SYMBOL:	 ARGS:
		 2: %v_6-><= def_%v_7 %v_6[3.1,] 	 SYMBOL:	 ARGS:Fixnum,
		 3: COPY TYPE_PASS def_%v_4 %v_7[3.2,] 
BB 4
	outgoing: 5 6 
	datadep: 
	instructions:
		 0: BRANCH %v_4[3.3,2.7,] 
BB 5
	outgoing: 8 
	datadep: 
	instructions:
		 0: 
		 1: (Hash) def_%v_8 
		 2: %v_8->new def_%v_9 %v_8[5.1,] 	 SYMBOL:	 ARGS:
		 3: RETURN %v_9[5.2,] %self[2.0,] 
BB 6
	outgoing: 8 
	datadep: 
	instructions:
		 0: 
		 1: (YAML) def_%v_11 
		 2: %self->settings def_%v_12 %self[2.0,] 	 SYMBOL:	 ARGS:
		 3: %v_11->load def_%v_13 %v_11[6.1,] %v_12[6.2,] 	 SYMBOL:	 ARGS:%v_12,
		 4: RETURN %v_13[6.3,] %self[6.2,2.0,] 
BB 8
	outgoing: 
	datadep: 
	instructions:

