SET IRMethod, name = can_be_created_by instanceMethod = false
BB 1
	outgoing: 3 2 
	datadep: 
	instructions:
BB 2
	outgoing: 3 
	datadep: 
	instructions:
		 0: def_%self 
		 1: def_%v_0 
		 2: COPY TYPE_CurrentScope def_%current_scope 
		 3: COPY TYPE_ScopeModule def_%current_module 
		 4: 
		 5: RECEIVEARG def_user 
		 6: 
		 7: user->member_of_owner? def_%v_3 user[2.5,] 	 SYMBOL:	 ARGS:
		 8: RETURN %v_3[2.7,] %self[2.0,] 
BB 3
	outgoing: 
	datadep: 
	instructions:

SET IRMethod, name = can_be_edited_by instanceMethod = true
BB 1
	outgoing: 6 2 
	datadep: 
	instructions:
BB 2
	outgoing: 3 4 
	datadep: 
	instructions:
		 0: def_%self 
		 1: def_%v_0 
		 2: COPY TYPE_CurrentScope def_%current_scope 
		 3: COPY TYPE_ScopeModule def_%current_module 
		 4: 
		 5: RECEIVEARG def_user 
		 6: 
		 7: user->is_admin def_%v_3 user[2.5,] 	 SYMBOL:	 ARGS:
		 8: BRANCH %v_3[2.7,] 
BB 3
	outgoing: 6 
	datadep: 
	instructions:
		 0: user->id def_%v_4 user[2.5,] 	 SYMBOL:	 ARGS:
		 1: %self->created_by_id def_%v_5 %self[2.0,] 	 SYMBOL:	 ARGS:
		 2: %v_4->== def_%v_6 %v_4[3.0,] %v_5[3.1,] 	 SYMBOL:	 ARGS:%v_5,
		 3: RETURN %v_6[3.2,] %self[3.1,2.0,] 
BB 4
	outgoing: 6 
	datadep: 
	instructions:
		 0: RETURN %v_3[2.7,] %self[2.0,] 
BB 6
	outgoing: 
	datadep: 
	instructions:

SET IRMethod, name = can_be_deleted_by instanceMethod = true
BB 1
	outgoing: 6 2 
	datadep: 
	instructions:
BB 2
	outgoing: 3 4 
	datadep: 
	instructions:
		 0: def_%self 
		 1: def_%v_0 
		 2: COPY TYPE_CurrentScope def_%current_scope 
		 3: COPY TYPE_ScopeModule def_%current_module 
		 4: 
		 5: RECEIVEARG def_user 
		 6: 
		 7: user->is_admin def_%v_3 user[2.5,] 	 SYMBOL:	 ARGS:
		 8: BRANCH %v_3[2.7,] 
BB 3
	outgoing: 6 
	datadep: 
	instructions:
		 0: user->id def_%v_4 user[2.5,] 	 SYMBOL:	 ARGS:
		 1: %self->created_by_id def_%v_5 %self[2.0,] 	 SYMBOL:	 ARGS:
		 2: %v_4->== def_%v_6 %v_4[3.0,] %v_5[3.1,] 	 SYMBOL:	 ARGS:%v_5,
		 3: RETURN %v_6[3.2,] %self[3.1,2.0,] 
BB 4
	outgoing: 6 
	datadep: 
	instructions:
		 0: RETURN %v_3[2.7,] %self[2.0,] 
BB 6
	outgoing: 
	datadep: 
	instructions:

SET IRMethod, name = can_be_seen_by instanceMethod = true
BB 1
	outgoing: 6 2 
	datadep: 
	instructions:
BB 2
	outgoing: 3 4 
	datadep: 
	instructions:
		 0: def_%self 
		 1: def_%v_0 
		 2: COPY TYPE_CurrentScope def_%current_scope 
		 3: COPY TYPE_ScopeModule def_%current_module 
		 4: 
		 5: RECEIVEARG def_user 
		 6: 
		 7: user->is_admin def_%v_3 user[2.5,] 	 SYMBOL:	 ARGS:
		 8: BRANCH %v_3[2.7,] 
BB 3
	outgoing: 6 
	datadep: 
	instructions:
		 0: user->account_id def_%v_4 user[2.5,] 	 SYMBOL:	 ARGS:
		 1: %self->user def_%v_5 %self[2.0,] 	 SYMBOL:	 ARGS:
		 2: %v_5->account_id def_%v_6 %v_5[3.1,] 	 SYMBOL:	 ARGS:
		 3: %v_4->== def_%v_7 %v_4[3.0,] %v_6[3.2,] 	 SYMBOL:	 ARGS:%v_6,
		 4: RETURN %v_7[3.3,] %self[3.1,2.0,] 
BB 4
	outgoing: 6 
	datadep: 
	instructions:
		 0: RETURN %v_3[2.7,] %self[2.0,] 
BB 6
	outgoing: 
	datadep: 
	instructions:

