SET IRMethod, name = webfinger
BB 1
	outgoing: 14 2 
	datadep: 
	instructions:
BB 2
	outgoing: 3 4 
	datadep: 
	instructions:
		 0: def_%self 
		 1: def_%v_0 
		 2: COPY TYPE_CurrentScope def_%current_scope 
		 3: COPY TYPE_ScopeModule def_%current_module 
		 4: 
		 5: 
		 6: (OpenIDConnect) def_%v_3 
		 7: (inherit Discovery) def_%v_4 %v_3[2.6,] 
		 8: %v_4[2.7,] 
BB 3
	outgoing: 4 
	datadep: 
	instructions:
		 0: %v_3->const_missing def_%v_4 %v_3[2.6,] 	 ARGS:Symbol,
BB 4
	outgoing: 5 6 
	datadep: 
	instructions:
		 0: (inherit Provider) def_%v_5 %v_4[3.0,2.7,] 
		 1: %v_5[4.0,] 
BB 5
	outgoing: 6 
	datadep: 
	instructions:
		 0: %v_4->const_missing def_%v_5 %v_4[3.0,2.7,] 	 ARGS:Symbol,
BB 6
	outgoing: 7 8 
	datadep: 
	instructions:
		 0: (inherit Issuer) def_%v_6 %v_5[5.0,4.0,] 
		 1: %v_6[6.0,] 
BB 7
	outgoing: 8 
	datadep: 
	instructions:
		 0: %v_5->const_missing def_%v_6 %v_5[5.0,4.0,] 	 ARGS:Symbol,
BB 8
	outgoing: 9 10 
	datadep: 
	instructions:
		 0: (inherit REL_VALUE) def_%v_7 %v_6[7.0,6.0,] 
		 1: %v_7[8.0,] 
BB 9
	outgoing: 10 
	datadep: 
	instructions:
		 0: %v_6->const_missing def_%v_7 %v_6[7.0,6.0,] 	 ARGS:Symbol,
BB 10
	outgoing: 11 12 
	datadep: 
	instructions:
		 0: %self->root_url def_%v_8 %self[2.0,] 	 ARGS:
		 1: HASH-rel-href- def_%v_9 %v_7[9.0,8.0,] %v_8[10.0,] 
		 2: COPY TYPE_Array def_%v_10 %v_9[10.1,] 
		 3: HASH-links- def_%v_11 %v_10[10.2,] 
		 4: COPY TYPE_PASS def_jrd %v_11[10.3,] 
		 5: 
		 6: %self->params def_%v_12 %self[10.0,2.0,] 	 ARGS:
		 7: %v_12->[] def_%v_13 %v_12[10.6,] 	 ARGS:Symbol,
		 8: %v_13->present? def_%v_14 %v_13[10.7,] 	 ARGS:
		 9: BRANCH %v_14[10.8,] 
BB 11
	outgoing: 13 
	datadep: 
	instructions:
		 0: %self->params def_%v_15 %self[2.0,] 	 ARGS:
		 1: %v_15->[] def_%v_16 %v_15[11.0,] 	 ARGS:Symbol,
		 2: ATTRASSIGN jrd->[] %v_16[11.1,] 
		 3: 
BB 12
	outgoing: 13 
	datadep: 
	instructions:
		 0: COPY TYPE_Nil def_%v_16 
BB 13
	outgoing: 14 
	datadep: 
	instructions:
		 0: 
		 1: COPY TYPE_StringLiteral def_%v_17 
		 2: HASH-json-content_type- def_%v_18 jrd[11.2,10.4,] %v_17[13.1,] 
		 3: %self->render def_%v_19 %self[2.0,] %v_18[13.2,] 	 ARGS:%v_18,
		 4: RETURN %v_19[13.3,] %self[13.3,2.0,] 
BB 14
	outgoing: 
	datadep: 
	instructions:

SET IRMethod, name = configuration
BB 1
	outgoing: 21 2 
	datadep: 
	instructions:
BB 2
	outgoing: 3 4 
	datadep: 
	instructions:
		 0: def_%self 
		 1: def_%v_0 
		 2: COPY TYPE_CurrentScope def_%current_scope 
		 3: COPY TYPE_ScopeModule def_%current_module 
		 4: 
		 5: 
		 6: (OpenIDConnect) def_%v_3 
		 7: (inherit Discovery) def_%v_4 %v_3[2.6,] 
		 8: %v_4[2.7,] 
BB 3
	outgoing: 4 
	datadep: 
	instructions:
		 0: %v_3->const_missing def_%v_4 %v_3[2.6,] 	 ARGS:Symbol,
BB 4
	outgoing: 5 6 
	datadep: 
	instructions:
		 0: (inherit Provider) def_%v_5 %v_4[3.0,2.7,] 
		 1: %v_5[4.0,] 
BB 5
	outgoing: 6 
	datadep: 
	instructions:
		 0: %v_4->const_missing def_%v_5 %v_4[3.0,2.7,] 	 ARGS:Symbol,
BB 6
	outgoing: 7 8 
	datadep: 
	instructions:
		 0: (inherit Config) def_%v_6 %v_5[5.0,4.0,] 
		 1: %v_6[6.0,] 
BB 7
	outgoing: 8 
	datadep: 
	instructions:
		 0: %v_5->const_missing def_%v_6 %v_5[5.0,4.0,] 	 ARGS:Symbol,
BB 8
	outgoing: 9 10 
	datadep: 
	instructions:
		 0: (inherit Response) def_%v_7 %v_6[7.0,6.0,] 
		 1: %v_7[8.0,] 
BB 9
	outgoing: 10 
	datadep: 
	instructions:
		 0: %v_6->const_missing def_%v_7 %v_6[7.0,6.0,] 	 ARGS:Symbol,
BB 10
	outgoing: 11 12 
	datadep: 
	instructions:
		 0: %self->root_url def_%v_8 %self[2.0,] 	 ARGS:
		 1: %self->api_openid_connect_clients_url def_%v_9 %self[10.0,2.0,] 	 ARGS:
		 2: %self->new_api_openid_connect_authorization_url def_%v_10 %self[10.0,10.1,2.0,] 	 ARGS:
		 3: %self->api_openid_connect_access_tokens_url def_%v_11 %self[10.0,10.1,10.2,2.0,] 	 ARGS:
		 4: %self->api_openid_connect_user_info_url def_%v_12 %self[10.0,10.1,10.2,10.3,2.0,] 	 ARGS:
		 5: %self->api_openid_connect_url def_%v_13 %self[10.0,10.1,10.2,10.3,10.4,2.0,] 	 ARGS:
		 6: (Api) def_%v_14 
		 7: (inherit OpenidConnect) def_%v_15 %v_14[10.6,] 
		 8: %v_15[10.7,] 
BB 11
	outgoing: 12 
	datadep: 
	instructions:
		 0: %v_14->const_missing def_%v_15 %v_14[10.6,] 	 ARGS:Symbol,
BB 12
	outgoing: 13 14 
	datadep: 
	instructions:
		 0: (inherit Authorization) def_%v_16 %v_15[11.0,10.7,] 
		 1: %v_16[12.0,] 
BB 13
	outgoing: 14 
	datadep: 
	instructions:
		 0: %v_15->const_missing def_%v_16 %v_15[11.0,10.7,] 	 ARGS:Symbol,
BB 14
	outgoing: 15 16 
	datadep: 
	instructions:
		 0: (inherit SCOPES) def_%v_17 %v_16[13.0,12.0,] 
		 1: %v_17[14.0,] 
BB 15
	outgoing: 16 
	datadep: 
	instructions:
		 0: %v_16->const_missing def_%v_17 %v_16[13.0,12.0,] 	 ARGS:Symbol,
BB 16
	outgoing: 17 18 
	datadep: 
	instructions:
		 0: (Api) def_%v_18 
		 1: (inherit OpenidConnect) def_%v_19 %v_18[16.0,] 
		 2: %v_19[16.1,] 
BB 17
	outgoing: 18 
	datadep: 
	instructions:
		 0: %v_18->const_missing def_%v_19 %v_18[16.0,] 	 ARGS:Symbol,
BB 18
	outgoing: 19 20 
	datadep: 
	instructions:
		 0: (inherit OAuthApplication) def_%v_20 %v_19[17.0,16.1,] 
		 1: %v_20[18.0,] 
BB 19
	outgoing: 20 
	datadep: 
	instructions:
		 0: %v_19->const_missing def_%v_20 %v_19[17.0,16.1,] 	 ARGS:Symbol,
BB 20
	outgoing: 21 
	datadep: 
	instructions:
		 0: %v_20->available_response_types def_%v_21 %v_20[19.0,18.0,] 	 ARGS:
		 1: COPY TYPE_Array def_%v_22 
		 2: COPY TYPE_StringLiteral def_%v_23 
		 3: COPY TYPE_StringLiteral def_%v_24 
		 4: COPY TYPE_Array def_%v_25 %v_23[20.2,] %v_24[20.3,] 
		 5: COPY TYPE_Array def_%v_26 
		 6: COPY TYPE_StringLiteral def_%v_27 
		 7: COPY TYPE_StringLiteral def_%v_28 
		 8: COPY TYPE_StringLiteral def_%v_29 
		 9: COPY TYPE_Array def_%v_30 %v_27[20.6,] %v_28[20.7,] %v_29[20.8,] 
		 10: COPY TYPE_StringLiteral def_%v_31 
		 11: COPY TYPE_StringLiteral def_%v_32 
		 12: COPY TYPE_StringLiteral def_%v_33 
		 13: COPY TYPE_StringLiteral def_%v_34 
		 14: COPY TYPE_StringLiteral def_%v_35 
		 15: COPY TYPE_Array def_%v_36 %v_31[20.10,] %v_32[20.11,] %v_33[20.12,] %v_34[20.13,] %v_35[20.14,] 
		 16: COPY TYPE_StringLiteral def_%v_37 
		 17: COPY TYPE_Array def_%v_38 %v_37[20.16,] 
		 18: HASH-issuer-registration_endpoint-authorization_endpoint-token_endpoint-userinfo_endpoint-jwks_uri-scopes_supported-response_types_supported-request_object_signing_alg_values_supported-request_parameter_supported-request_uri_parameter_supported-subject_types_supported-id_token_signing_alg_values_supported-token_endpoint_auth_methods_supported-claims_parameter_supported-claims_supported-userinfo_signing_alg_values_supported- def_%v_39 %v_8[10.0,] %v_9[10.1,] %v_10[10.2,] %v_11[10.3,] %v_12[10.4,] %v_13[10.5,] %v_17[15.0,14.0,] %v_21[20.0,] %v_22[20.1,] %v_25[20.4,] %v_26[20.5,] %v_30[20.9,] %v_36[20.15,] %v_38[20.17,] 
		 19: %v_7->new def_%v_40 %v_7[9.0,8.0,] %v_39[20.18,] 	 ARGS:%v_39,
		 20: HASH-json- def_%v_41 %v_40[20.19,] 
		 21: %self->render def_%v_42 %self[2.0,] %v_41[20.20,] 	 ARGS:%v_41,
		 22: RETURN %v_42[20.21,] %self[20.21,2.0,] 
BB 21
	outgoing: 
	datadep: 
	instructions:

