SET IRMethod, name = geocode_later
BB 1
	outgoing: 3 2 
	datadep: 
	instructions:
BB 2
	outgoing: 3 
	datadep: 
	instructions:
		 0: 
		 1: 
		 2: 
		 3: 
		 4: 
		 5: 
		 6: (GeocoderJob) 
		 7: %self->site %self[2.0,] 
		 8: %self->class %self[2.0,] 
		 9: %v_5->name %v_5[2.8,] 
		 10: %self->id %self[2.0,] 
		 11: %v_3->perform_later %v_4[2.7,] %v_3[2.6,] %v_6[2.9,] %v_7[2.10,] 
		 12: RETURN %v_8[2.11,] 
BB 3
	outgoing: 
	datadep: 
	instructions:

SET IRMethod, name = geocode
BB 1
	outgoing: 9 2 
	datadep: 
	instructions:
BB 2
	outgoing: 3 4 
	datadep: 
	instructions:
		 0: 
		 1: 
		 2: 
		 3: 
		 4: 
		 5: 
		 6: %self->blank_address? %self[2.0,] 
		 7: BRANCH %v_3[2.6,] 
BB 3
	outgoing: 9 
	datadep: 2 
	instructions:
		 0: 
		 1: %self[2.0,] 
		 2: 
		 3: %self[3.1,] 
		 4: 
		 5: RETURN 
BB 4
	outgoing: 5 6 
	datadep: 2 
	instructions:
		 0: 
		 1: (Geocoder) 
		 2: %self->geocoding_address %self[2.0,] 
		 3: %v_5->search %v_5[4.1,] %v_6[4.2,] 
		 4: %v_7[4.3,] 
		 5: 
		 6: %v_7->first %v_7[4.3,] 
		 7: %v_8[4.6,] 
		 8: BRANCH %v_8[4.6,] 
BB 5
	outgoing: 7 
	datadep: 4 2 4 
	instructions:
		 0: 
		 1: result->latitude result[4.7,] 
		 2: %self[2.0,] %v_9[5.1,] 
		 3: 
		 4: result->longitude result[4.7,] 
		 5: %self[5.2,] %v_10[5.4,] 
		 6: 
BB 6
	outgoing: 7 
	datadep: 2 
	instructions:
		 0: 
		 1: %self[2.0,] 
		 2: 
		 3: %self[6.1,] 
		 4: 
BB 7
	outgoing: 9 
	datadep: 6 5 
	instructions:
		 0: RETURN %v_10[6.4,5.4,] 
BB 9
	outgoing: 
	datadep: 
	instructions:

SET IRMethod, name = geocode_with
BB 1
	outgoing: 6 2 
	datadep: 
	instructions:
BB 2
	outgoing: 4 6 
	datadep: 
	instructions:
		 0: 
		 1: 
		 2: 
		 3: 
		 4: 
		 5: 
		 6: 
		 7: %self[2.0,] 
CLOSURE BEGIN: 
BB 1
	outgoing: 6 2 
	datadep: 
	instructions:
BB 2
	outgoing: 3 
	datadep: 
	instructions:
		 0: 
		 1: 
		 2: 
		 3: 
BB 3
	outgoing: 4 6 
	datadep: 2 
	instructions:
		 0: 
		 1: attrs->map %self[2.0,] 
CLOSURE BEGIN: 
BB 1
	outgoing: 6 2 
	datadep: 
	instructions:
BB 2
	outgoing: 3 
	datadep: 
	instructions:
		 0: 
		 1: 
		 2: 
		 3: 
		 4: 
BB 3
	outgoing: 4 6 
	datadep: 2 2 
	instructions:
		 0: 
		 1: %self->send %self[2.0,] attr[2.2,] 
		 2: RETURN %cl_2_3[3.1,] 
BB 4
	outgoing: 6 
	datadep: 
	instructions:
		 0: 
		 1: %cl_2_4[4.0,] 
		 2: RETURN %cl_2_5[4.1,] 
BB 6
	outgoing: 
	datadep: 
	instructions:
CLOSURE END
		 2: %cl_1_3->reject %cl_1_3[3.1,] 
		 3: 
		 4: %cl_1_4->join %cl_1_4[3.2,] %cl_1_5[3.3,] 
		 5: RETURN %cl_1_6[3.4,] 
BB 4
	outgoing: 6 
	datadep: 
	instructions:
		 0: 
		 1: %cl_1_7[4.0,] 
		 2: RETURN %cl_1_8[4.1,] 
BB 6
	outgoing: 
	datadep: 
	instructions:
CLOSURE END
		 8: 
		 9: %self[2.0,] 
CLOSURE BEGIN: 
BB 1
	outgoing: 6 2 
	datadep: 
	instructions:
BB 2
	outgoing: 3 
	datadep: 
	instructions:
		 0: 
		 1: 
		 2: 
		 3: 
BB 3
	outgoing: 4 6 
	datadep: 2 
	instructions:
		 0: 
		 1: attrs->any? %self[2.0,] 
CLOSURE BEGIN: 
BB 1
	outgoing: 6 2 
	datadep: 
	instructions:
BB 2
	outgoing: 3 
	datadep: 
	instructions:
		 0: 
		 1: 
		 2: 
		 3: 
		 4: 
BB 3
	outgoing: 4 6 
	datadep: 2 2 
	instructions:
		 0: 
		 1: %self->send %self[2.0,] attr[2.2,] 
		 2: %cl_4_3->blank? %cl_4_3[3.1,] 
		 3: RETURN %cl_4_4[3.2,] 
BB 4
	outgoing: 6 
	datadep: 
	instructions:
		 0: 
		 1: %cl_4_5[4.0,] 
		 2: RETURN %cl_4_6[4.1,] 
BB 6
	outgoing: 
	datadep: 
	instructions:
CLOSURE END
		 2: RETURN %cl_3_3[3.1,] 
BB 4
	outgoing: 6 
	datadep: 
	instructions:
		 0: 
		 1: %cl_3_4[4.0,] 
		 2: RETURN %cl_3_5[4.1,] 
BB 6
	outgoing: 
	datadep: 
	instructions:
CLOSURE END
		 10: 
		 11: %self[2.0,] 
CLOSURE BEGIN: 
BB 1
	outgoing: 9 2 
	datadep: 
	instructions:
BB 2
	outgoing: 3 
	datadep: 
	instructions:
		 0: 
		 1: 
		 2: 
		 3: 
BB 3
	outgoing: 4 5 7 
	datadep: 2 
	instructions:
		 0: 
		 1: %self->dont_geocode %self[2.0,] 
		 2: BRANCH %cl_5_3[3.1,] 
BB 4
	outgoing: 7 9 
	datadep: 
	instructions:
		 0: 
		 1: 
BB 5
	outgoing: 6 
	datadep: 
	instructions:
		 0: 
BB 6
	outgoing: 7 9 
	datadep: 2 
	instructions:
		 0: 
		 1: attrs->any? %self[2.0,] 
CLOSURE BEGIN: 
BB 1
	outgoing: 6 2 
	datadep: 
	instructions:
BB 2
	outgoing: 3 
	datadep: 
	instructions:
		 0: 
		 1: 
		 2: 
		 3: 
		 4: 
BB 3
	outgoing: 4 6 
	datadep: 2 2 
	instructions:
		 0: 
		 1: %self->changed %self[2.0,] 
		 2: attr->to_s attr[2.2,] 
		 3: %cl_6_3->include? %cl_6_3[3.1,] %cl_6_4[3.2,] 
		 4: RETURN %cl_6_5[3.3,] 
BB 4
	outgoing: 6 
	datadep: 
	instructions:
		 0: 
		 1: %cl_6_6[4.0,] 
		 2: RETURN %cl_6_7[4.1,] 
BB 6
	outgoing: 
	datadep: 
	instructions:
CLOSURE END
		 2: RETURN %cl_5_5[6.1,] 
BB 7
	outgoing: 9 
	datadep: 
	instructions:
		 0: 
		 1: %cl_5_6[7.0,] 
		 2: RETURN %cl_5_7[7.1,] 
BB 9
	outgoing: 
	datadep: 
	instructions:
CLOSURE END
		 12: RETURN %v_5[2.11,] 
BB 4
	outgoing: 6 
	datadep: 
	instructions:
		 0: 
		 1: %v_6[4.0,] 
		 2: RETURN %v_7[4.1,] 
BB 6
	outgoing: 
	datadep: 
	instructions:

