SET IRMethod, name = mail_to
BB 1
	outgoing: 19 2 
	datadep: 
	instructions:
BB 2
	outgoing: 3 4 
	datadep: 
	instructions:
		 0: def_%self 
		 1: def_%v_0 
		 2: def_%current_scope 
		 3: def_%current_module 
		 4: 
		 5: def_email_address RECEIVEARG 
		 6: def_name 
		 7: name[2.6,] 
BB 3
	outgoing: 4 
	datadep: 
	instructions:
		 0: def_name 
BB 4
	outgoing: 5 6 
	datadep: 
	instructions:
		 0: def_html_options 
		 1: html_options[4.0,] 
BB 5
	outgoing: 6 
	datadep: 
	instructions:
		 0: def_%v_3 
		 1: def_html_options %v_3[5.0,] 
BB 6
	outgoing: 7 8 
	datadep: 
	instructions:
		 0: def_%v_4 
		 1: def_block %v_4[6.0,] 
		 2: 
		 3: def_%v_5 %self->block_given? %self[2.0,] 
		 4: BRANCH %v_5[6.3,] 
BB 7
	outgoing: 9 
	datadep: 
	instructions:
		 0: def_%v_6 name[3.0,2.6,] 
		 1: def_%v_7 name[3.0,2.6,] 
		 2: def_%v_8 
		 3: def_html_options name[3.0,2.6,] 
		 4: def_name 
		 5: 
BB 8
	outgoing: 9 
	datadep: 
	instructions:
		 0: def_%v_6 
BB 9
	outgoing: 10 11 
	datadep: 
	instructions:
		 0: 
		 1: def_%v_9 html_options[7.3,5.1,4.0,] 
		 2: BRANCH html_options[7.3,5.1,4.0,] 
BB 10
	outgoing: 11 
	datadep: 
	instructions:
		 0: def_%v_10 
		 1: def_%v_9 %v_10[10.0,] 
BB 11
	outgoing: 12 13 
	datadep: 
	instructions:
		 0: def_%v_11 %v_9->stringify_keys %v_9[10.1,9.1,] 
		 1: def_html_options %v_11[11.0,] 
		 2: 
		 3: def_%v_12 
		 4: def_%v_13 
		 5: def_%v_14 
		 6: def_%v_15 
		 7: def_%v_16 %v_12[11.3,] %v_13[11.4,] %v_14[11.5,] %v_15[11.6,] 
		 8: def_%v_17 %v_16->map! %v_16[11.7,] %self[2.0,] 
CLOSURE BEGIN: html_options[11.1,] item[] option[] 
BB 1
	outgoing: 11 2 
	datadep: 
	instructions:
BB 2
	outgoing: 3 
	datadep: 
	instructions:
		 0: def_%self 
		 1: def_%cl_1_0 
		 2: def_item RECEIVEARG 
		 3: def_%current_scope 
		 4: def_%current_module 
BB 3
	outgoing: 4 6 9 
	datadep: 
	instructions:
		 0: 
		 1: def_%cl_1_3 html_options->delete html_options[] item[2.2,] 
		 2: BRANCH %cl_1_3[3.1,] 
BB 4
	outgoing: 9 11 
	datadep: 
	instructions:
		 0: 
		 1: RETURN 
BB 6
	outgoing: 7 8 9 
	datadep: 
	instructions:
		 0: def_option %cl_1_3[3.1,] 
		 1: 
		 2: def_%cl_1_4 
		 3: def_%cl_1_5 (Rack) 
		 4: def_%cl_1_6 %cl_1_5[6.3,] 
		 5: %cl_1_6[6.4,] 
BB 7
	outgoing: 8 9 
	datadep: 
	instructions:
		 0: def_%cl_1_6 %cl_1_5[6.3,] 
BB 8
	outgoing: 9 11 
	datadep: 
	instructions:
		 0: def_%cl_1_7 %cl_1_6->escape_path %cl_1_6[7.0,6.4,] option[6.0,] 
		 1: def_%cl_1_8 item[2.2,] %cl_1_4[6.2,] %cl_1_7[8.0,] 
		 2: RETURN %cl_1_8[8.1,] 
BB 9
	outgoing: 11 
	datadep: 
	instructions:
		 0: def_%cl_1_9 
		 1: def_%cl_1_10 %cl_1_9[9.0,] 
		 2: RETURN %cl_1_10[9.1,] 
BB 11
	outgoing: 
	datadep: 
	instructions:
CLOSURE END
		 9: def_%v_18 %v_17->compact %v_17[11.8,] 
		 10: def_extras %v_18[11.9,] 
		 11: 
		 12: def_%v_19 %v_18->empty? %v_18[11.9,] 
		 13: BRANCH %v_19[11.12,] 
BB 12
	outgoing: 14 
	datadep: 
	instructions:
		 0: def_%v_20 
		 1: 
BB 13
	outgoing: 14 
	datadep: 
	instructions:
		 0: def_%v_21 
		 1: def_%v_22 
		 2: def_%v_23 extras->join extras[11.10,] %v_22[13.1,] 
		 3: def_%v_24 %v_21[13.0,] %v_23[13.2,] 
		 4: def_%v_20 %v_24[13.3,] 
BB 14
	outgoing: 15 16 
	datadep: 
	instructions:
		 0: def_extras %v_20[13.4,12.0,] 
		 1: 
		 2: def_%v_25 (ERB) 
		 3: def_%v_26 %v_25[14.2,] 
		 4: %v_26[14.3,] 
BB 15
	outgoing: 16 
	datadep: 
	instructions:
		 0: def_%v_26 %v_25[14.2,] 
BB 16
	outgoing: 17 18 
	datadep: 
	instructions:
		 0: def_%v_27 email_address->to_str email_address[2.5,] 
		 1: def_%v_28 %v_26->url_encode %v_26[15.0,14.3,] %v_27[16.0,] 
		 2: def_%v_29 
		 3: def_%v_30 
		 4: def_%v_31 %v_28->gsub %v_28[16.1,] %v_29[16.2,] %v_30[16.3,] 
		 5: def_encoded_email_address %v_31[16.4,] 
		 6: 
		 7: def_%v_32 
		 8: def_%v_33 
		 9: def_%v_34 %v_33[16.8,] %v_31[16.4,] extras[14.0,] 
		 10: html_options[11.1,] %v_32[16.7,] %v_34[16.9,] 
		 11: 
		 12: def_%v_35 name[7.4,3.0,2.6,] 
		 13: BRANCH name[7.4,3.0,2.6,] 
BB 17
	outgoing: 18 
	datadep: 
	instructions:
		 0: def_%v_35 email_address[2.5,] 
BB 18
	outgoing: 19 
	datadep: 
	instructions:
		 0: def_%v_36 %self->content_tag %self[2.0,] %v_35[17.0,16.12,] html_options[16.10,] block[6.1,] 
		 1: RETURN %v_36[18.0,] 
BB 19
	outgoing: 
	datadep: 
	instructions:

