SET IRMethod, name = initialize
BB 1
	outgoing: 3 2 
	datadep: 
	instructions:
BB 2
	outgoing: 3 
	datadep: 
	instructions:
		 0: def_%self 
		 1: def_%v_0 
		 2: def_%current_scope 
		 3: def_%current_module 
		 4: 
		 5: def_username RECEIVEARG 
		 6: def_token RECEIVEARG 
		 7: 
		 8: ATTRASSIGN %self->@username %self[2.0,] username[2.5,] @username[] 
		 9: 
		 10: ATTRASSIGN %self->@token %self[2.0,] token[2.6,] @token[] 
		 11: 
		 12: def_%v_3 %self->connect %self[2.0,] 
		 13: RETURN %v_3[2.12,] 
BB 3
	outgoing: 
	datadep: 
	instructions:

SET IRMethod, name = connect
BB 1
	outgoing: 17 2 
	datadep: 
	instructions:
BB 2
	outgoing: 3 4 
	datadep: 
	instructions:
		 0: def_%self 
		 1: def_%v_0 
		 2: def_%current_scope 
		 3: def_%current_module 
		 4: 
		 5: def_use_ssl 
		 6: use_ssl[2.5,] 
BB 3
	outgoing: 4 
	datadep: 
	instructions:
		 0: def_use_ssl 
BB 4
	outgoing: 5 6 
	datadep: 
	instructions:
		 0: 
		 1: def_%v_3 (Net) 
		 2: def_%v_4 %v_3[4.1,] 
		 3: %v_4[4.2,] 
BB 5
	outgoing: 6 
	datadep: 
	instructions:
		 0: def_%v_4 %v_3[4.1,] 
BB 6
	outgoing: 7 8 
	datadep: 
	instructions:
		 0: def_%v_5 %self[2.0,] @username[] 
		 1: def_%v_6 
		 2: def_%v_7 %v_5[6.0,] %v_6[6.1,] 
		 3: BRANCH use_ssl[3.0,2.5,] 
BB 7
	outgoing: 9 
	datadep: 
	instructions:
		 0: def_%v_8 
		 1: 
BB 8
	outgoing: 9 
	datadep: 
	instructions:
		 0: def_%v_8 
BB 9
	outgoing: 10 15 
	datadep: 
	instructions:
		 0: def_%v_9 %v_4->new %v_4[5.0,4.2,] %v_7[6.2,] %v_8[8.0,7.0,] 
		 1: ATTRASSIGN %self->@connection %self[2.0,] %v_9[9.0,] @connection[] 
		 2: 
		 3: def_%v_10 %self[2.0,] @connection[9.1,] 
		 4: ATTRASSIGN %v_10->use_ssl %v_10[9.3,] use_ssl[3.0,2.5,] 
		 5: 
		 6: BRANCH use_ssl[3.0,2.5,] 
BB 10
	outgoing: 11 12 
	datadep: 
	instructions:
		 0: def_%v_11 %self[2.0,] @connection[9.1,9.3,] 
		 1: def_%v_12 (OpenSSL) 
		 2: def_%v_13 %v_12[10.1,] 
		 3: %v_13[10.2,] 
BB 11
	outgoing: 12 
	datadep: 
	instructions:
		 0: def_%v_13 %v_12[10.1,] 
BB 12
	outgoing: 13 14 
	datadep: 
	instructions:
		 0: def_%v_14 %v_13[11.0,10.2,] 
		 1: %v_14[12.0,] 
BB 13
	outgoing: 14 
	datadep: 
	instructions:
		 0: def_%v_14 %v_13[11.0,10.2,] 
BB 14
	outgoing: 17 
	datadep: 
	instructions:
		 0: ATTRASSIGN %v_11->verify_mode %v_11[10.0,] %v_14[13.0,12.0,] 
		 1: RETURN %v_14[13.0,12.0,] 
BB 15
	outgoing: 17 
	datadep: 
	instructions:
		 0: RETURN 
BB 17
	outgoing: 
	datadep: 
	instructions:

SET IRMethod, name = page_id=
BB 1
	outgoing: 3 2 
	datadep: 
	instructions:
BB 2
	outgoing: 3 
	datadep: 
	instructions:
		 0: def_%self 
		 1: def_%v_0 
		 2: def_%current_scope 
		 3: def_%current_module 
		 4: 
		 5: def_id RECEIVEARG 
		 6: 
		 7: ATTRASSIGN %self->current_page_id %self[2.0,] id[2.5,] 
		 8: RETURN id[2.5,] 
BB 3
	outgoing: 
	datadep: 
	instructions:

SET IRMethod, name = request
BB 1
	outgoing: 18 2 
	datadep: 
	instructions:
BB 2
	outgoing: 3 4 
	datadep: 
	instructions:
		 0: def_%self 
		 1: def_%v_0 
		 2: def_%current_scope 
		 3: def_%current_module 
		 4: 
		 5: def_path RECEIVEARG 
		 6: def_parameters 
		 7: parameters[2.6,] 
BB 3
	outgoing: 4 
	datadep: 
	instructions:
		 0: def_%v_3 
		 1: def_parameters %v_3[3.0,] 
BB 4
	outgoing: 5 6 
	datadep: 
	instructions:
		 0: def_second_try 
		 1: second_try[4.0,] 
BB 5
	outgoing: 6 
	datadep: 
	instructions:
		 0: def_second_try 
BB 6
	outgoing: 7 11 
	datadep: 
	instructions:
		 0: 
		 1: def_%v_4 
		 2: def_%v_5 %self[2.0,] @token[] 
		 3: def_%v_6 %v_4[6.1,] %v_5[6.2,] 
		 4: def_%v_7 %v_6->merge %v_6[6.3,] parameters[3.1,2.6,] 
		 5: def_parameters %v_7[6.4,] 
		 6: 
		 7: def_%v_8 %self[2.0,] @connection[] 
		 8: def_%v_9 
		 9: def_%v_10 %v_9[6.8,] path[2.5,] 
		 10: def_%v_11 %v_7->to_yaml %v_7[6.4,] 
		 11: def_%v_12 
		 12: def_%v_13 
		 13: def_%v_14 %v_12[6.11,] %v_13[6.12,] 
		 14: def_%v_15 %v_8->post %v_8[6.7,] %v_10[6.9,] %v_11[6.10,] %v_14[6.13,] 
		 15: def_response %v_15[6.14,] 
		 16: 
		 17: def_%v_16 %v_15->code %v_15[6.14,] 
		 18: def_%v_17 
		 19: def_%v_18 %v_16[6.17,] %v_17[6.18,] 
		 20: BRANCH %v_18[6.19,] 
BB 7
	outgoing: 8 9 
	datadep: 
	instructions:
		 0: 
		 1: def_%v_19 (XmlSimple) 
		 2: def_%v_20 response->body response[6.15,] 
		 3: def_%v_21 %v_19->xml_in %v_19[7.1,] %v_20[7.2,] 
		 4: def_result %v_21[7.3,] 
		 5: 
		 6: def_%v_22 
		 7: def_%v_23 %v_21->delete %v_21[7.3,] %v_22[7.6,] 
		 8: 
		 9: def_%v_24 result->empty? result[7.4,] 
		 10: BRANCH %v_24[7.9,] 
BB 8
	outgoing: 10 
	datadep: 
	instructions:
		 0: def_%v_25 
		 1: 
BB 9
	outgoing: 10 
	datadep: 
	instructions:
		 0: def_%v_25 result[7.4,] 
BB 10
	outgoing: 18 
	datadep: 
	instructions:
		 0: RETURN %v_25[9.0,8.0,] 
BB 11
	outgoing: 12 13 
	datadep: 
	instructions:
		 0: 
		 1: def_%v_26 response->code response[6.15,] 
		 2: def_%v_27 
		 3: def_%v_28 %v_26[11.1,] %v_27[11.2,] 
		 4: BRANCH %v_28[11.3,] 
BB 12
	outgoing: 13 
	datadep: 
	instructions:
		 0: def_%v_29 second_try->! second_try[5.0,4.0,] 
		 1: def_%v_28 %v_29[12.0,] 
BB 13
	outgoing: 14 15 
	datadep: 
	instructions:
		 0: BRANCH %v_28[12.1,11.3,] 
BB 14
	outgoing: 16 
	datadep: 
	instructions:
		 0: 
		 1: def_%v_30 %self->connect %self[2.0,] 
		 2: 
		 3: def_%v_31 %self->request %self[14.1,2.0,] path[2.5,] parameters[6.5,] 
		 4: 
BB 15
	outgoing: 16 
	datadep: 
	instructions:
		 0: 
		 1: def_%v_32 
		 2: def_%v_33 response->code response[6.15,] 
		 3: def_%v_34 
		 4: def_%v_35 response->body response[15.2,6.15,] 
		 5: def_%v_36 %v_32[15.1,] %v_33[15.2,] %v_34[15.3,] %v_35[15.4,] 
		 6: def_%v_37 %self->raise %self[2.0,] %v_36[15.5,] 
		 7: def_%v_31 %v_37[15.6,] 
BB 16
	outgoing: 18 
	datadep: 
	instructions:
		 0: RETURN %v_31[15.7,14.3,] 
BB 18
	outgoing: 
	datadep: 
	instructions:

SET IRMethod, name = list_items
BB 1
	outgoing: 5 2 
	datadep: 
	instructions:
BB 2
	outgoing: 3 4 
	datadep: 
	instructions:
		 0: def_%self 
		 1: def_%v_0 
		 2: def_%current_scope 
		 3: def_%current_module 
		 4: 
		 5: def_page_id 
		 6: page_id[2.5,] 
BB 3
	outgoing: 4 
	datadep: 
	instructions:
		 0: def_%v_3 %self->current_page_id %self[2.0,] 
		 1: def_page_id %v_3[3.0,] 
BB 4
	outgoing: 5 
	datadep: 
	instructions:
		 0: 
		 1: def_%v_4 
		 2: def_%v_5 
		 3: def_%v_6 %v_4[4.1,] page_id[3.1,2.5,] %v_5[4.2,] 
		 4: def_%v_7 %self->request %self[2.0,] %v_6[4.3,] 
		 5: RETURN %v_7[4.4,] 
BB 5
	outgoing: 
	datadep: 
	instructions:

SET IRMethod, name = create_item
BB 1
	outgoing: 5 2 
	datadep: 
	instructions:
BB 2
	outgoing: 3 4 
	datadep: 
	instructions:
		 0: def_%self 
		 1: def_%v_0 
		 2: def_%current_scope 
		 3: def_%current_module 
		 4: 
		 5: def_content RECEIVEARG 
		 6: def_page_id 
		 7: page_id[2.6,] 
BB 3
	outgoing: 4 
	datadep: 
	instructions:
		 0: def_%v_3 %self->current_page_id %self[2.0,] 
		 1: def_page_id %v_3[3.0,] 
BB 4
	outgoing: 5 
	datadep: 
	instructions:
		 0: 
		 1: def_%v_4 
		 2: def_%v_5 
		 3: def_%v_6 %v_4[4.1,] page_id[3.1,2.6,] %v_5[4.2,] 
		 4: def_%v_7 
		 5: def_%v_8 
		 6: def_%v_9 %v_8[4.5,] content[2.5,] 
		 7: def_%v_10 %v_7[4.4,] %v_9[4.6,] 
		 8: def_%v_11 %self->request %self[2.0,] %v_6[4.3,] %v_10[4.7,] 
		 9: RETURN %v_11[4.8,] 
BB 5
	outgoing: 
	datadep: 
	instructions:

SET IRMethod, name = update_item
BB 1
	outgoing: 5 2 
	datadep: 
	instructions:
BB 2
	outgoing: 3 4 
	datadep: 
	instructions:
		 0: def_%self 
		 1: def_%v_0 
		 2: def_%current_scope 
		 3: def_%current_module 
		 4: 
		 5: def_item_id RECEIVEARG 
		 6: def_content RECEIVEARG 
		 7: def_page_id 
		 8: page_id[2.7,] 
BB 3
	outgoing: 4 
	datadep: 
	instructions:
		 0: def_%v_3 %self->current_page_id %self[2.0,] 
		 1: def_page_id %v_3[3.0,] 
BB 4
	outgoing: 5 
	datadep: 
	instructions:
		 0: 
		 1: def_%v_4 
		 2: def_%v_5 
		 3: def_%v_6 %v_4[4.1,] page_id[3.1,2.7,] %v_5[4.2,] item_id[2.5,] 
		 4: def_%v_7 
		 5: def_%v_8 
		 6: def_%v_9 %v_8[4.5,] content[2.6,] 
		 7: def_%v_10 %v_7[4.4,] %v_9[4.6,] 
		 8: def_%v_11 %self->request %self[2.0,] %v_6[4.3,] %v_10[4.7,] 
		 9: RETURN %v_11[4.8,] 
BB 5
	outgoing: 
	datadep: 
	instructions:

SET IRMethod, name = destroy_item
BB 1
	outgoing: 5 2 
	datadep: 
	instructions:
BB 2
	outgoing: 3 4 
	datadep: 
	instructions:
		 0: def_%self 
		 1: def_%v_0 
		 2: def_%current_scope 
		 3: def_%current_module 
		 4: 
		 5: def_item_id RECEIVEARG 
		 6: def_page_id 
		 7: page_id[2.6,] 
BB 3
	outgoing: 4 
	datadep: 
	instructions:
		 0: def_%v_3 %self->current_page_id %self[2.0,] 
		 1: def_page_id %v_3[3.0,] 
BB 4
	outgoing: 5 
	datadep: 
	instructions:
		 0: 
		 1: def_%v_4 
		 2: def_%v_5 
		 3: def_%v_6 %v_4[4.1,] page_id[3.1,2.6,] %v_5[4.2,] item_id[2.5,] 
		 4: def_%v_7 %self->request %self[2.0,] %v_6[4.3,] 
		 5: RETURN %v_7[4.4,] 
BB 5
	outgoing: 
	datadep: 
	instructions:

SET IRMethod, name = toggle_item
BB 1
	outgoing: 5 2 
	datadep: 
	instructions:
BB 2
	outgoing: 3 4 
	datadep: 
	instructions:
		 0: def_%self 
		 1: def_%v_0 
		 2: def_%current_scope 
		 3: def_%current_module 
		 4: 
		 5: def_item_id RECEIVEARG 
		 6: def_page_id 
		 7: page_id[2.6,] 
BB 3
	outgoing: 4 
	datadep: 
	instructions:
		 0: def_%v_3 %self->current_page_id %self[2.0,] 
		 1: def_page_id %v_3[3.0,] 
BB 4
	outgoing: 5 
	datadep: 
	instructions:
		 0: 
		 1: def_%v_4 
		 2: def_%v_5 
		 3: def_%v_6 %v_4[4.1,] page_id[3.1,2.6,] %v_5[4.2,] item_id[2.5,] 
		 4: def_%v_7 %self->request %self[2.0,] %v_6[4.3,] 
		 5: RETURN %v_7[4.4,] 
BB 5
	outgoing: 
	datadep: 
	instructions:

SET IRMethod, name = move_item
BB 1
	outgoing: 5 2 
	datadep: 
	instructions:
BB 2
	outgoing: 3 4 
	datadep: 
	instructions:
		 0: def_%self 
		 1: def_%v_0 
		 2: def_%current_scope 
		 3: def_%current_module 
		 4: 
		 5: def_item_id RECEIVEARG 
		 6: def_direction RECEIVEARG 
		 7: def_page_id 
		 8: page_id[2.7,] 
BB 3
	outgoing: 4 
	datadep: 
	instructions:
		 0: def_%v_3 %self->current_page_id %self[2.0,] 
		 1: def_page_id %v_3[3.0,] 
BB 4
	outgoing: 5 
	datadep: 
	instructions:
		 0: 
		 1: def_%v_4 
		 2: def_%v_5 
		 3: def_%v_6 %v_4[4.1,] page_id[3.1,2.7,] %v_5[4.2,] item_id[2.5,] 
		 4: def_%v_7 
		 5: def_%v_8 
		 6: def_%v_9 %v_8[4.5,] direction[2.6,] 
		 7: def_%v_10 %v_7[4.4,] %v_9[4.6,] 
		 8: def_%v_11 %self->request %self[2.0,] %v_6[4.3,] %v_10[4.7,] 
		 9: RETURN %v_11[4.8,] 
BB 5
	outgoing: 
	datadep: 
	instructions:

SET IRMethod, name = list_notes
BB 1
	outgoing: 5 2 
	datadep: 
	instructions:
BB 2
	outgoing: 3 4 
	datadep: 
	instructions:
		 0: def_%self 
		 1: def_%v_0 
		 2: def_%current_scope 
		 3: def_%current_module 
		 4: 
		 5: def_page_id 
		 6: page_id[2.5,] 
BB 3
	outgoing: 4 
	datadep: 
	instructions:
		 0: def_%v_3 %self->current_page_id %self[2.0,] 
		 1: def_page_id %v_3[3.0,] 
BB 4
	outgoing: 5 
	datadep: 
	instructions:
		 0: 
		 1: def_%v_4 
		 2: def_%v_5 
		 3: def_%v_6 %v_4[4.1,] page_id[3.1,2.5,] %v_5[4.2,] 
		 4: def_%v_7 %self->request %self[2.0,] %v_6[4.3,] 
		 5: RETURN %v_7[4.4,] 
BB 5
	outgoing: 
	datadep: 
	instructions:

SET IRMethod, name = create_note
BB 1
	outgoing: 5 2 
	datadep: 
	instructions:
BB 2
	outgoing: 3 4 
	datadep: 
	instructions:
		 0: def_%self 
		 1: def_%v_0 
		 2: def_%current_scope 
		 3: def_%current_module 
		 4: 
		 5: def_title RECEIVEARG 
		 6: def_body RECEIVEARG 
		 7: def_page_id 
		 8: page_id[2.7,] 
BB 3
	outgoing: 4 
	datadep: 
	instructions:
		 0: def_%v_3 %self->current_page_id %self[2.0,] 
		 1: def_page_id %v_3[3.0,] 
BB 4
	outgoing: 5 
	datadep: 
	instructions:
		 0: 
		 1: def_%v_4 
		 2: def_%v_5 
		 3: def_%v_6 %v_4[4.1,] page_id[3.1,2.7,] %v_5[4.2,] 
		 4: def_%v_7 
		 5: def_%v_8 
		 6: def_%v_9 
		 7: def_%v_10 %v_8[4.5,] title[2.5,] %v_9[4.6,] body[2.6,] 
		 8: def_%v_11 %v_7[4.4,] %v_10[4.7,] 
		 9: def_%v_12 %self->request %self[2.0,] %v_6[4.3,] %v_11[4.8,] 
		 10: RETURN %v_12[4.9,] 
BB 5
	outgoing: 
	datadep: 
	instructions:

SET IRMethod, name = update_note
BB 1
	outgoing: 5 2 
	datadep: 
	instructions:
BB 2
	outgoing: 3 4 
	datadep: 
	instructions:
		 0: def_%self 
		 1: def_%v_0 
		 2: def_%current_scope 
		 3: def_%current_module 
		 4: 
		 5: def_note_id RECEIVEARG 
		 6: def_title RECEIVEARG 
		 7: def_body RECEIVEARG 
		 8: def_page_id 
		 9: page_id[2.8,] 
BB 3
	outgoing: 4 
	datadep: 
	instructions:
		 0: def_%v_3 %self->current_page_id %self[2.0,] 
		 1: def_page_id %v_3[3.0,] 
BB 4
	outgoing: 5 
	datadep: 
	instructions:
		 0: 
		 1: def_%v_4 
		 2: def_%v_5 
		 3: def_%v_6 %v_4[4.1,] page_id[3.1,2.8,] %v_5[4.2,] note_id[2.5,] 
		 4: def_%v_7 
		 5: def_%v_8 
		 6: def_%v_9 
		 7: def_%v_10 %v_8[4.5,] title[2.6,] %v_9[4.6,] body[2.7,] 
		 8: def_%v_11 %v_7[4.4,] %v_10[4.7,] 
		 9: def_%v_12 %self->request %self[2.0,] %v_6[4.3,] %v_11[4.8,] 
		 10: RETURN %v_12[4.9,] 
BB 5
	outgoing: 
	datadep: 
	instructions:

SET IRMethod, name = destroy_note
BB 1
	outgoing: 5 2 
	datadep: 
	instructions:
BB 2
	outgoing: 3 4 
	datadep: 
	instructions:
		 0: def_%self 
		 1: def_%v_0 
		 2: def_%current_scope 
		 3: def_%current_module 
		 4: 
		 5: def_note_id RECEIVEARG 
		 6: def_page_id 
		 7: page_id[2.6,] 
BB 3
	outgoing: 4 
	datadep: 
	instructions:
		 0: def_%v_3 %self->current_page_id %self[2.0,] 
		 1: def_page_id %v_3[3.0,] 
BB 4
	outgoing: 5 
	datadep: 
	instructions:
		 0: 
		 1: def_%v_4 
		 2: def_%v_5 
		 3: def_%v_6 %v_4[4.1,] page_id[3.1,2.6,] %v_5[4.2,] note_id[2.5,] 
		 4: def_%v_7 %self->request %self[2.0,] %v_6[4.3,] 
		 5: RETURN %v_7[4.4,] 
BB 5
	outgoing: 
	datadep: 
	instructions:

SET IRMethod, name = list_emails
BB 1
	outgoing: 5 2 
	datadep: 
	instructions:
BB 2
	outgoing: 3 4 
	datadep: 
	instructions:
		 0: def_%self 
		 1: def_%v_0 
		 2: def_%current_scope 
		 3: def_%current_module 
		 4: 
		 5: def_page_id 
		 6: page_id[2.5,] 
BB 3
	outgoing: 4 
	datadep: 
	instructions:
		 0: def_%v_3 %self->current_page_id %self[2.0,] 
		 1: def_page_id %v_3[3.0,] 
BB 4
	outgoing: 5 
	datadep: 
	instructions:
		 0: 
		 1: def_%v_4 
		 2: def_%v_5 
		 3: def_%v_6 %v_4[4.1,] page_id[3.1,2.5,] %v_5[4.2,] 
		 4: def_%v_7 %self->request %self[2.0,] %v_6[4.3,] 
		 5: RETURN %v_7[4.4,] 
BB 5
	outgoing: 
	datadep: 
	instructions:

SET IRMethod, name = show_email
BB 1
	outgoing: 5 2 
	datadep: 
	instructions:
BB 2
	outgoing: 3 4 
	datadep: 
	instructions:
		 0: def_%self 
		 1: def_%v_0 
		 2: def_%current_scope 
		 3: def_%current_module 
		 4: 
		 5: def_email_id RECEIVEARG 
		 6: def_page_id 
		 7: page_id[2.6,] 
BB 3
	outgoing: 4 
	datadep: 
	instructions:
		 0: def_%v_3 %self->current_page_id %self[2.0,] 
		 1: def_page_id %v_3[3.0,] 
BB 4
	outgoing: 5 
	datadep: 
	instructions:
		 0: 
		 1: def_%v_4 
		 2: def_%v_5 
		 3: def_%v_6 %v_4[4.1,] page_id[3.1,2.6,] %v_5[4.2,] email_id[2.5,] 
		 4: def_%v_7 %self->request %self[2.0,] %v_6[4.3,] 
		 5: RETURN %v_7[4.4,] 
BB 5
	outgoing: 
	datadep: 
	instructions:

SET IRMethod, name = destroy_email
BB 1
	outgoing: 5 2 
	datadep: 
	instructions:
BB 2
	outgoing: 3 4 
	datadep: 
	instructions:
		 0: def_%self 
		 1: def_%v_0 
		 2: def_%current_scope 
		 3: def_%current_module 
		 4: 
		 5: def_email_id RECEIVEARG 
		 6: def_page_id 
		 7: page_id[2.6,] 
BB 3
	outgoing: 4 
	datadep: 
	instructions:
		 0: def_%v_3 %self->current_page_id %self[2.0,] 
		 1: def_page_id %v_3[3.0,] 
BB 4
	outgoing: 5 
	datadep: 
	instructions:
		 0: 
		 1: def_%v_4 
		 2: def_%v_5 
		 3: def_%v_6 %v_4[4.1,] page_id[3.1,2.6,] %v_5[4.2,] email_id[2.5,] 
		 4: def_%v_7 %self->request %self[2.0,] %v_6[4.3,] 
		 5: RETURN %v_7[4.4,] 
BB 5
	outgoing: 
	datadep: 
	instructions:

SET IRMethod, name = list_pages_with_tag
BB 1
	outgoing: 3 2 
	datadep: 
	instructions:
BB 2
	outgoing: 3 
	datadep: 
	instructions:
		 0: def_%self 
		 1: def_%v_0 
		 2: def_%current_scope 
		 3: def_%current_module 
		 4: 
		 5: def_tag_id RECEIVEARG 
		 6: 
		 7: def_%v_3 
		 8: def_%v_4 %v_3[2.7,] tag_id[2.5,] 
		 9: def_%v_5 %self->request %self[2.0,] %v_4[2.8,] 
		 10: RETURN %v_5[2.9,] 
BB 3
	outgoing: 
	datadep: 
	instructions:

SET IRMethod, name = tag_page
BB 1
	outgoing: 5 2 
	datadep: 
	instructions:
BB 2
	outgoing: 3 4 
	datadep: 
	instructions:
		 0: def_%self 
		 1: def_%v_0 
		 2: def_%current_scope 
		 3: def_%current_module 
		 4: 
		 5: def_tags RECEIVEARG 
		 6: def_page_id 
		 7: page_id[2.6,] 
BB 3
	outgoing: 4 
	datadep: 
	instructions:
		 0: def_%v_3 %self->current_page_id %self[2.0,] 
		 1: def_page_id %v_3[3.0,] 
BB 4
	outgoing: 5 
	datadep: 
	instructions:
		 0: 
		 1: def_%v_4 
		 2: def_%v_5 
		 3: def_%v_6 %v_4[4.1,] page_id[3.1,2.6,] %v_5[4.2,] 
		 4: def_%v_7 
		 5: def_%v_8 %v_7[4.4,] tags[2.5,] 
		 6: def_%v_9 %self->request %self[2.0,] %v_6[4.3,] %v_8[4.5,] 
		 7: RETURN %v_9[4.6,] 
BB 5
	outgoing: 
	datadep: 
	instructions:

SET IRMethod, name = list_pages
BB 1
	outgoing: 3 2 
	datadep: 
	instructions:
BB 2
	outgoing: 3 
	datadep: 
	instructions:
		 0: def_%self 
		 1: def_%v_0 
		 2: def_%current_scope 
		 3: def_%current_module 
		 4: 
		 5: 
		 6: def_%v_3 
		 7: def_%v_4 %self->request %self[2.0,] %v_3[2.6,] 
		 8: RETURN %v_4[2.7,] 
BB 3
	outgoing: 
	datadep: 
	instructions:

SET IRMethod, name = create_page
BB 1
	outgoing: 3 2 
	datadep: 
	instructions:
BB 2
	outgoing: 3 
	datadep: 
	instructions:
		 0: def_%self 
		 1: def_%v_0 
		 2: def_%current_scope 
		 3: def_%current_module 
		 4: 
		 5: def_title RECEIVEARG 
		 6: def_body RECEIVEARG 
		 7: 
		 8: def_%v_3 
		 9: def_%v_4 
		 10: def_%v_5 
		 11: def_%v_6 
		 12: def_%v_7 %v_5[2.10,] title[2.5,] %v_6[2.11,] body[2.6,] 
		 13: def_%v_8 %v_4[2.9,] %v_7[2.12,] 
		 14: def_%v_9 %self->request %self[2.0,] %v_3[2.8,] %v_8[2.13,] 
		 15: RETURN %v_9[2.14,] 
BB 3
	outgoing: 
	datadep: 
	instructions:

SET IRMethod, name = show_page
BB 1
	outgoing: 5 2 
	datadep: 
	instructions:
BB 2
	outgoing: 3 4 
	datadep: 
	instructions:
		 0: def_%self 
		 1: def_%v_0 
		 2: def_%current_scope 
		 3: def_%current_module 
		 4: 
		 5: def_page_id 
		 6: page_id[2.5,] 
BB 3
	outgoing: 4 
	datadep: 
	instructions:
		 0: def_%v_3 %self->current_page_id %self[2.0,] 
		 1: def_page_id %v_3[3.0,] 
BB 4
	outgoing: 5 
	datadep: 
	instructions:
		 0: 
		 1: def_%v_4 
		 2: def_%v_5 %v_4[4.1,] page_id[3.1,2.5,] 
		 3: def_%v_6 %self->request %self[2.0,] %v_5[4.2,] 
		 4: RETURN %v_6[4.3,] 
BB 5
	outgoing: 
	datadep: 
	instructions:

SET IRMethod, name = destroy_page
BB 1
	outgoing: 5 2 
	datadep: 
	instructions:
BB 2
	outgoing: 3 4 
	datadep: 
	instructions:
		 0: def_%self 
		 1: def_%v_0 
		 2: def_%current_scope 
		 3: def_%current_module 
		 4: 
		 5: def_page_id 
		 6: page_id[2.5,] 
BB 3
	outgoing: 4 
	datadep: 
	instructions:
		 0: def_%v_3 %self->current_page_id %self[2.0,] 
		 1: def_page_id %v_3[3.0,] 
BB 4
	outgoing: 5 
	datadep: 
	instructions:
		 0: 
		 1: def_%v_4 
		 2: def_%v_5 
		 3: def_%v_6 %v_4[4.1,] page_id[3.1,2.5,] %v_5[4.2,] 
		 4: def_%v_7 %self->request %self[2.0,] %v_6[4.3,] 
		 5: RETURN %v_7[4.4,] 
BB 5
	outgoing: 
	datadep: 
	instructions:

SET IRMethod, name = update_title
BB 1
	outgoing: 5 2 
	datadep: 
	instructions:
BB 2
	outgoing: 3 4 
	datadep: 
	instructions:
		 0: def_%self 
		 1: def_%v_0 
		 2: def_%current_scope 
		 3: def_%current_module 
		 4: 
		 5: def_title RECEIVEARG 
		 6: def_page_id 
		 7: page_id[2.6,] 
BB 3
	outgoing: 4 
	datadep: 
	instructions:
		 0: def_%v_3 %self->current_page_id %self[2.0,] 
		 1: def_page_id %v_3[3.0,] 
BB 4
	outgoing: 5 
	datadep: 
	instructions:
		 0: 
		 1: def_%v_4 
		 2: def_%v_5 
		 3: def_%v_6 %v_4[4.1,] page_id[3.1,2.6,] %v_5[4.2,] 
		 4: def_%v_7 
		 5: def_%v_8 
		 6: def_%v_9 %v_8[4.5,] title[2.5,] 
		 7: def_%v_10 %v_7[4.4,] %v_9[4.6,] 
		 8: def_%v_11 %self->request %self[2.0,] %v_6[4.3,] %v_10[4.7,] 
		 9: RETURN %v_11[4.8,] 
BB 5
	outgoing: 
	datadep: 
	instructions:

SET IRMethod, name = update_body
BB 1
	outgoing: 5 2 
	datadep: 
	instructions:
BB 2
	outgoing: 3 4 
	datadep: 
	instructions:
		 0: def_%self 
		 1: def_%v_0 
		 2: def_%current_scope 
		 3: def_%current_module 
		 4: 
		 5: def_body RECEIVEARG 
		 6: def_page_id 
		 7: page_id[2.6,] 
BB 3
	outgoing: 4 
	datadep: 
	instructions:
		 0: def_%v_3 %self->current_page_id %self[2.0,] 
		 1: def_page_id %v_3[3.0,] 
BB 4
	outgoing: 5 
	datadep: 
	instructions:
		 0: 
		 1: def_%v_4 
		 2: def_%v_5 
		 3: def_%v_6 %v_4[4.1,] page_id[3.1,2.6,] %v_5[4.2,] 
		 4: def_%v_7 
		 5: def_%v_8 
		 6: def_%v_9 %v_8[4.5,] body[2.5,] 
		 7: def_%v_10 %v_7[4.4,] %v_9[4.6,] 
		 8: def_%v_11 %self->request %self[2.0,] %v_6[4.3,] %v_10[4.7,] 
		 9: RETURN %v_11[4.8,] 
BB 5
	outgoing: 
	datadep: 
	instructions:

SET IRMethod, name = link_page
BB 1
	outgoing: 5 2 
	datadep: 
	instructions:
BB 2
	outgoing: 3 4 
	datadep: 
	instructions:
		 0: def_%self 
		 1: def_%v_0 
		 2: def_%current_scope 
		 3: def_%current_module 
		 4: 
		 5: def_linked_page_id RECEIVEARG 
		 6: def_page_id 
		 7: page_id[2.6,] 
BB 3
	outgoing: 4 
	datadep: 
	instructions:
		 0: def_%v_3 %self->current_page_id %self[2.0,] 
		 1: def_page_id %v_3[3.0,] 
BB 4
	outgoing: 5 
	datadep: 
	instructions:
		 0: 
		 1: def_%v_4 
		 2: def_%v_5 
		 3: def_%v_6 %v_4[4.1,] page_id[3.1,2.6,] %v_5[4.2,] 
		 4: def_%v_7 
		 5: def_%v_8 %v_7[4.4,] linked_page_id[2.5,] 
		 6: def_%v_9 %self->request %self[2.0,] %v_6[4.3,] %v_8[4.5,] 
		 7: RETURN %v_9[4.6,] 
BB 5
	outgoing: 
	datadep: 
	instructions:

SET IRMethod, name = unlink_page
BB 1
	outgoing: 5 2 
	datadep: 
	instructions:
BB 2
	outgoing: 3 4 
	datadep: 
	instructions:
		 0: def_%self 
		 1: def_%v_0 
		 2: def_%current_scope 
		 3: def_%current_module 
		 4: 
		 5: def_linked_page_id RECEIVEARG 
		 6: def_page_id 
		 7: page_id[2.6,] 
BB 3
	outgoing: 4 
	datadep: 
	instructions:
		 0: def_%v_3 %self->current_page_id %self[2.0,] 
		 1: def_page_id %v_3[3.0,] 
BB 4
	outgoing: 5 
	datadep: 
	instructions:
		 0: 
		 1: def_%v_4 
		 2: def_%v_5 
		 3: def_%v_6 %v_4[4.1,] page_id[3.1,2.6,] %v_5[4.2,] 
		 4: def_%v_7 
		 5: def_%v_8 %v_7[4.4,] linked_page_id[2.5,] 
		 6: def_%v_9 %self->request %self[2.0,] %v_6[4.3,] %v_8[4.5,] 
		 7: RETURN %v_9[4.6,] 
BB 5
	outgoing: 
	datadep: 
	instructions:

SET IRMethod, name = share_page
BB 1
	outgoing: 13 2 
	datadep: 
	instructions:
BB 2
	outgoing: 3 4 
	datadep: 
	instructions:
		 0: def_%self 
		 1: def_%v_0 
		 2: def_%current_scope 
		 3: def_%current_module 
		 4: 
		 5: def_email_addresses RECEIVEARG 
		 6: def_public_page 
		 7: public_page[2.6,] 
BB 3
	outgoing: 4 
	datadep: 
	instructions:
		 0: def_public_page 
BB 4
	outgoing: 5 6 
	datadep: 
	instructions:
		 0: def_page_id 
		 1: page_id[4.0,] 
BB 5
	outgoing: 6 
	datadep: 
	instructions:
		 0: def_%v_3 %self->current_page_id %self[2.0,] 
		 1: def_page_id %v_3[5.0,] 
BB 6
	outgoing: 7 8 
	datadep: 
	instructions:
		 0: 
		 1: def_%v_4 
		 2: def_%v_5 %v_4[6.1,] email_addresses[2.5,] 
		 3: def_parameters %v_5[6.2,] 
		 4: 
		 5: def_%v_6 public_page->nil? public_page[3.0,2.6,] 
		 6: BRANCH %v_6[6.5,] 
BB 7
	outgoing: 12 
	datadep: 
	instructions:
		 0: def_%v_7 
		 1: 
BB 8
	outgoing: 9 10 
	datadep: 
	instructions:
		 0: def_%v_8 
		 1: def_%v_9 
		 2: BRANCH public_page[3.0,2.6,] 
BB 9
	outgoing: 11 
	datadep: 
	instructions:
		 0: def_%v_10 
		 1: 
BB 10
	outgoing: 11 
	datadep: 
	instructions:
		 0: def_%v_11 
		 1: def_%v_10 %v_11[10.0,] 
BB 11
	outgoing: 12 
	datadep: 
	instructions:
		 0: def_%v_12 %v_9[8.1,] %v_10[10.1,9.0,] 
		 1: def_%v_13 %v_8[8.0,] %v_12[11.0,] 
		 2: def_%v_14 parameters->merge parameters[6.3,] %v_13[11.1,] 
		 3: def_parameters %v_14[11.2,] 
		 4: def_%v_7 %v_14[11.2,] 
BB 12
	outgoing: 13 
	datadep: 
	instructions:
		 0: 
		 1: def_%v_15 
		 2: def_%v_16 
		 3: def_%v_17 %v_15[12.1,] page_id[5.1,4.0,] %v_16[12.2,] 
		 4: def_%v_18 %self->request %self[2.0,] %v_17[12.3,] parameters[11.3,6.3,] 
		 5: RETURN %v_18[12.4,] 
BB 13
	outgoing: 
	datadep: 
	instructions:

SET IRMethod, name = list_reminders
BB 1
	outgoing: 3 2 
	datadep: 
	instructions:
BB 2
	outgoing: 3 
	datadep: 
	instructions:
		 0: def_%self 
		 1: def_%v_0 
		 2: def_%current_scope 
		 3: def_%current_module 
		 4: 
		 5: 
		 6: def_%v_3 
		 7: def_%v_4 %self->request %self[2.0,] %v_3[2.6,] 
		 8: RETURN %v_4[2.7,] 
BB 3
	outgoing: 
	datadep: 
	instructions:

SET IRMethod, name = create_reminder
BB 1
	outgoing: 5 2 
	datadep: 
	instructions:
BB 2
	outgoing: 3 4 
	datadep: 
	instructions:
		 0: def_%self 
		 1: def_%v_0 
		 2: def_%current_scope 
		 3: def_%current_module 
		 4: 
		 5: def_content RECEIVEARG 
		 6: def_remind_at 
		 7: remind_at[2.6,] 
BB 3
	outgoing: 4 
	datadep: 
	instructions:
		 0: def_%v_3 
		 1: def_remind_at %v_3[3.0,] 
BB 4
	outgoing: 5 
	datadep: 
	instructions:
		 0: 
		 1: def_%v_4 
		 2: def_%v_5 
		 3: def_%v_6 
		 4: def_%v_7 
		 5: def_%v_8 %v_6[4.3,] content[2.5,] %v_7[4.4,] remind_at[3.1,2.6,] 
		 6: def_%v_9 %v_5[4.2,] %v_8[4.5,] 
		 7: def_%v_10 %self->request %self[2.0,] %v_4[4.1,] %v_9[4.6,] 
		 8: RETURN %v_10[4.7,] 
BB 5
	outgoing: 
	datadep: 
	instructions:

SET IRMethod, name = update_reminder
BB 1
	outgoing: 3 2 
	datadep: 
	instructions:
BB 2
	outgoing: 3 
	datadep: 
	instructions:
		 0: def_%self 
		 1: def_%v_0 
		 2: def_%current_scope 
		 3: def_%current_module 
		 4: 
		 5: def_reminder_id RECEIVEARG 
		 6: def_content RECEIVEARG 
		 7: def_remind_at RECEIVEARG 
		 8: 
		 9: def_%v_3 
		 10: def_%v_4 %v_3[2.9,] reminder_id[2.5,] 
		 11: def_%v_5 
		 12: def_%v_6 
		 13: def_%v_7 
		 14: def_%v_8 %v_6[2.12,] content[2.6,] %v_7[2.13,] remind_at[2.7,] 
		 15: def_%v_9 %v_5[2.11,] %v_8[2.14,] 
		 16: def_%v_10 %self->request %self[2.0,] %v_4[2.10,] %v_9[2.15,] 
		 17: RETURN %v_10[2.16,] 
BB 3
	outgoing: 
	datadep: 
	instructions:

SET IRMethod, name = destroy_reminder
BB 1
	outgoing: 3 2 
	datadep: 
	instructions:
BB 2
	outgoing: 3 
	datadep: 
	instructions:
		 0: def_%self 
		 1: def_%v_0 
		 2: def_%current_scope 
		 3: def_%current_module 
		 4: 
		 5: def_reminder_id RECEIVEARG 
		 6: 
		 7: def_%v_3 
		 8: def_%v_4 %v_3[2.7,] reminder_id[2.5,] 
		 9: def_%v_5 %self->request %self[2.0,] %v_4[2.8,] 
		 10: RETURN %v_5[2.9,] 
BB 3
	outgoing: 
	datadep: 
	instructions:

