SET IRMethod, name = filtertext
BB 1
	outgoing: 3 2 
	datadep: 
	instructions:
BB 2
	outgoing: 3 
	datadep: 
	instructions:
		 0: def_%self 
		 1: def_%v_0 
		 2: def_%current_scope 
		 3: def_%current_module 
		 4: 
		 5: def__blog RECEIVEARG 
		 6: def__content RECEIVEARG 
		 7: def_text RECEIVEARG 
		 8: def__params RECEIVEARG 
		 9: 
		 10: def_%v_3 text->to_s text[2.7,] 
		 11: def_text %v_3[2.10,] 
		 12: 
		 13: def_%v_4 (URI) 
		 14: def_%v_5 
		 15: def_%v_6 
		 16: def_%v_7 
		 17: def_%v_8 
		 18: def_%v_9 %v_5[2.14,] %v_6[2.15,] %v_7[2.16,] %v_8[2.17,] 
		 19: def_%v_10 %v_4->extract %v_4[2.13,] %v_3[2.10,] %v_9[2.18,] %self[2.0,] 
CLOSURE BEGIN: item[] text[2.7,2.10,2.11,] 
BB 1
	outgoing: 6 2 
	datadep: 
	instructions:
BB 2
	outgoing: 3 
	datadep: 
	instructions:
		 0: def_%self 
		 1: def_%cl_1_0 
		 2: def_item RECEIVEARG 
		 3: def_%current_scope 
		 4: def_%current_module 
BB 3
	outgoing: 4 6 
	datadep: 
	instructions:
		 0: 
		 1: def_%cl_1_3 
		 2: def_%cl_1_4 
		 3: def_%cl_1_5 
		 4: def_%cl_1_6 %cl_1_3[3.1,] item[2.2,] %cl_1_4[3.2,] item[2.2,] %cl_1_5[3.3,] 
		 5: def_%cl_1_7 text->gsub text[] item[2.2,] %cl_1_6[3.4,] 
		 6: def_text %cl_1_7[3.5,] 
		 7: RETURN %cl_1_7[3.5,] 
BB 4
	outgoing: 6 
	datadep: 
	instructions:
		 0: def_%cl_1_8 
		 1: def_%cl_1_9 %cl_1_8[4.0,] 
		 2: RETURN %cl_1_9[4.1,] 
BB 6
	outgoing: 
	datadep: 
	instructions:
CLOSURE END
		 20: 
		 21: def_%v_11 text->split text[2.7,2.10,2.11,] 
		 22: def_%v_12 
		 23: def_%v_13 %v_11[2.21,] %self[2.0,] 
CLOSURE BEGIN: item[] uri[] text[2.7,2.10,2.11,2.21,] 
BB 1
	outgoing: 6 2 
	datadep: 
	instructions:
BB 2
	outgoing: 3 
	datadep: 
	instructions:
		 0: def_%self 
		 1: def_%cl_2_0 
		 2: def_item RECEIVEARG 
		 3: def_%current_scope 
		 4: def_%current_module 
BB 3
	outgoing: 4 6 
	datadep: 
	instructions:
		 0: 
		 1: def_%cl_2_3 (URI) 
		 2: def_%cl_2_4 
		 3: def_%cl_2_5 item->strip_html item[2.2,] 
		 4: def_%cl_2_6 
		 5: def_%cl_2_7 %cl_2_4[3.2,] %cl_2_5[3.3,] %cl_2_6[3.4,] 
		 6: def_%cl_2_8 %cl_2_3->escape %cl_2_3[3.1,] %cl_2_7[3.5,] 
		 7: def_uri %cl_2_8[3.6,] 
		 8: 
		 9: def_%cl_2_9 
		 10: def_%cl_2_10 
		 11: def_%cl_2_11 item->strip_html item[3.3,2.2,] 
		 12: def_%cl_2_12 
		 13: def_%cl_2_13 %cl_2_9[3.9,] uri[3.7,] %cl_2_10[3.10,] %cl_2_11[3.11,] %cl_2_12[3.12,] 
		 14: def_%cl_2_14 text->gsub text[] item[3.3,3.11,2.2,] %cl_2_13[3.13,] 
		 15: def_text %cl_2_14[3.14,] 
		 16: RETURN %cl_2_14[3.14,] 
BB 4
	outgoing: 6 
	datadep: 
	instructions:
		 0: def_%cl_2_15 
		 1: def_%cl_2_16 %cl_2_15[4.0,] 
		 2: RETURN %cl_2_16[4.1,] 
BB 6
	outgoing: 
	datadep: 
	instructions:
CLOSURE END
		 24: 
		 25: def_%v_14 text->to_s text[2.7,2.10,2.11,2.21,] 
		 26: def_%v_15 %v_14->split %v_14[2.25,] 
		 27: def_%v_16 
		 28: def_%v_17 %v_15[2.26,] %self[2.0,] 
CLOSURE BEGIN: item[] uri[] text[2.7,2.10,2.11,2.21,2.25,] 
BB 1
	outgoing: 6 2 
	datadep: 
	instructions:
BB 2
	outgoing: 3 
	datadep: 
	instructions:
		 0: def_%self 
		 1: def_%cl_3_0 
		 2: def_item RECEIVEARG 
		 3: def_%current_scope 
		 4: def_%current_module 
BB 3
	outgoing: 4 6 
	datadep: 
	instructions:
		 0: 
		 1: def_%cl_3_3 (URI) 
		 2: def_%cl_3_4 
		 3: def_%cl_3_5 item->strip_html item[2.2,] 
		 4: def_%cl_3_6 
		 5: def_%cl_3_7 %cl_3_5->delete %cl_3_5[3.3,] %cl_3_6[3.4,] 
		 6: def_%cl_3_8 %cl_3_4[3.2,] %cl_3_7[3.5,] 
		 7: def_%cl_3_9 %cl_3_3->escape %cl_3_3[3.1,] %cl_3_8[3.6,] 
		 8: def_uri %cl_3_9[3.7,] 
		 9: 
		 10: def_%cl_3_10 
		 11: def_%cl_3_11 
		 12: def_%cl_3_12 item->strip_html item[3.3,2.2,] 
		 13: def_%cl_3_13 
		 14: def_%cl_3_14 %cl_3_10[3.10,] uri[3.8,] %cl_3_11[3.11,] %cl_3_12[3.12,] %cl_3_13[3.13,] 
		 15: def_%cl_3_15 text->gsub text[] item[3.3,3.12,2.2,] %cl_3_14[3.14,] 
		 16: def_text %cl_3_15[3.15,] 
		 17: RETURN %cl_3_15[3.15,] 
BB 4
	outgoing: 6 
	datadep: 
	instructions:
		 0: def_%cl_3_16 
		 1: def_%cl_3_17 %cl_3_16[4.0,] 
		 2: RETURN %cl_3_17[4.1,] 
BB 6
	outgoing: 
	datadep: 
	instructions:
CLOSURE END
		 29: 
		 30: RETURN text[2.7,2.10,2.11,2.21,2.25,] 
BB 3
	outgoing: 
	datadep: 
	instructions:

