SET IRMethod, name = inherited
BB 1
	outgoing: 8 2 
	datadep: 
	instructions:
BB 2
	outgoing: 3 4 
	datadep: 
	instructions:
		 0: def_%self 
		 1: def_%v_0 
		 2: def_%current_scope 
		 3: def_%current_module 
		 4: 
		 5: def_sub RECEIVEARG 
		 6: 
		 7: def_%v_3 sub->to_s sub[2.5,] 
		 8: def_%v_4 
		 9: def_%v_5 %v_3[2.7,] 
		 10: BRANCH %v_5[2.9,] 
BB 3
	outgoing: 4 
	datadep: 
	instructions:
		 0: def_%v_6 sub->to_s sub[2.5,] 
		 1: def_%v_7 
		 2: def_%v_8 %v_6[3.0,] 
		 3: def_%v_5 %v_8[3.2,] 
BB 4
	outgoing: 5 6 
	datadep: 
	instructions:
		 0: BRANCH %v_5[3.3,2.9,] 
BB 5
	outgoing: 8 
	datadep: 
	instructions:
		 0: 
		 1: def_%v_9 sub->short_name sub[2.5,] 
		 2: def_name %v_9[5.1,] 
		 3: 
		 4: def_%v_10 
		 5: %v_10[5.4,] %v_9[5.1,] sub[5.1,2.5,] 
		 6: def_%v_11 sub[5.1,2.5,] 
		 7: RETURN sub[5.1,2.5,] 
BB 6
	outgoing: 8 
	datadep: 
	instructions:
		 0: RETURN 
BB 8
	outgoing: 
	datadep: 
	instructions:

SET IRMethod, name = filter_map
BB 1
	outgoing: 3 2 
	datadep: 
	instructions:
BB 2
	outgoing: 3 
	datadep: 
	instructions:
		 0: def_%self 
		 1: def_%v_0 
		 2: def_%current_scope 
		 3: def_%current_module 
		 4: 
		 5: 
		 6: def_%v_3 
		 7: RETURN %v_3[2.6,] 
BB 3
	outgoing: 
	datadep: 
	instructions:

SET IRMethod, name = reloadable?
BB 1
	outgoing: 3 2 
	datadep: 
	instructions:
BB 2
	outgoing: 3 
	datadep: 
	instructions:
		 0: def_%self 
		 1: def_%v_0 
		 2: def_%current_scope 
		 3: def_%current_module 
		 4: 
		 5: 
		 6: RETURN 
BB 3
	outgoing: 
	datadep: 
	instructions:

SET IRMethod, name = component_name
BB 1
	outgoing: 6 2 
	datadep: 
	instructions:
BB 2
	outgoing: 3 4 
	datadep: 
	instructions:
		 0: def_%self 
		 1: def_%v_0 
		 2: def_%current_scope 
		 3: def_%current_module 
		 4: 
		 5: 
		 6: def_%v_3 %self->to_s %self[2.0,] 
		 7: def_%v_4 
		 8: def_%v_5 %v_3[2.6,] 
		 9: BRANCH %v_5[2.8,] 
BB 3
	outgoing: 6 
	datadep: 
	instructions:
		 0: 
		 1: def_%v_6 
		 2: def_%v_7 (Regexp) 
		 3: def_%v_8 %v_7->last_match %v_7[3.2,] 
		 4: def_%v_9 %v_8[3.3,] 
		 5: def_%v_10 %v_6[3.1,] %v_9[3.4,] 
		 6: def_%v_11 %v_10->downcase %v_10[3.5,] 
		 7: RETURN %v_11[3.6,] 
BB 4
	outgoing: 6 
	datadep: 
	instructions:
		 0: 
		 1: def_%v_12 
		 2: def_%v_13 %v_12[4.1,] %self[2.0,] 
		 3: def_%v_14 %self->raise %self[2.0,] %v_13[4.2,] 
		 4: RETURN %v_14[4.3,] 
BB 6
	outgoing: 
	datadep: 
	instructions:

SET IRMethod, name = short_name
BB 1
	outgoing: 3 2 
	datadep: 
	instructions:
BB 2
	outgoing: 3 
	datadep: 
	instructions:
		 0: def_%self 
		 1: def_%v_0 
		 2: def_%current_scope 
		 3: def_%current_module 
		 4: 
		 5: 
		 6: def_%v_3 %self->component_name %self[2.0,] 
		 7: def_%v_4 
		 8: def_%v_5 %v_3->split %v_3[2.6,] 
		 9: def_%v_6 %v_5->last %v_5[2.8,] 
		 10: RETURN %v_6[2.9,] 
BB 3
	outgoing: 
	datadep: 
	instructions:

SET IRMethod, name = default_config
BB 1
	outgoing: 3 2 
	datadep: 
	instructions:
BB 2
	outgoing: 3 
	datadep: 
	instructions:
		 0: def_%self 
		 1: def_%v_0 
		 2: def_%current_scope 
		 3: def_%current_module 
		 4: 
		 5: 
		 6: def_%v_3 
		 7: RETURN %v_3[2.6,] 
BB 3
	outgoing: 
	datadep: 
	instructions:

SET IRMethod, name = help_text
BB 1
	outgoing: 3 2 
	datadep: 
	instructions:
BB 2
	outgoing: 3 
	datadep: 
	instructions:
		 0: def_%self 
		 1: def_%v_0 
		 2: def_%current_scope 
		 3: def_%current_module 
		 4: 
		 5: 
		 6: def_%v_3 
		 7: RETURN %v_3[2.6,] 
BB 3
	outgoing: 
	datadep: 
	instructions:

SET IRMethod, name = sanitize
BB 1
	outgoing: 9 2 
	datadep: 
	instructions:
BB 2
	outgoing: 3 4 
	datadep: 
	instructions:
		 0: def_%self 
		 1: def_%v_0 
		 2: def_%current_scope 
		 3: def_%current_module 
		 4: 
		 5: def_args 
		 6: 
		 7: def_%v_4 %self[2.0,] 
		 8: def_%v_3 %v_4[2.7,] 
		 9: %v_4[2.7,] 
BB 3
	outgoing: 4 
	datadep: 
	instructions:
		 0: def_%v_5 %self[2.0,] @sanitizer[] 
		 1: def_%v_3 %v_5[3.0,] 
BB 4
	outgoing: 5 8 
	datadep: 
	instructions:
		 0: BRANCH %v_3[3.1,2.8,] 
BB 5
	outgoing: 6 7 
	datadep: 
	instructions:
		 0: def_%v_6 (HTML) 
		 1: def_%v_7 %v_6[5.0,] 
		 2: %v_7[5.1,] 
BB 6
	outgoing: 7 
	datadep: 
	instructions:
		 0: def_%v_7 %v_6[5.0,] 
BB 7
	outgoing: 8 
	datadep: 
	instructions:
		 0: def_%v_8 %v_7->new %v_7[6.0,5.1,] 
		 1: %self[2.0,] %v_8[7.0,] @sanitizer[3.0,] 
		 2: def_%v_5 %v_8[7.0,] 
BB 8
	outgoing: 9 
	datadep: 
	instructions:
		 0: def_%v_9 args[2.5,] 
		 1: def_%v_10 %v_5->sanitize %v_5[7.2,3.0,] %v_9[8.0,] 
		 2: RETURN %v_10[8.1,] 
BB 9
	outgoing: 
	datadep: 
	instructions:

SET IRMethod, name = default_helper_module!
BB 1
	outgoing: 3 2 
	datadep: 
	instructions:
BB 2
	outgoing: 3 
	datadep: 
	instructions:
		 0: def_%self 
		 1: def_%v_0 
		 2: def_%current_scope 
		 3: def_%current_module 
		 4: 
		 5: RETURN 
BB 3
	outgoing: 
	datadep: 
	instructions:

SET IRMethod, name = config_value
BB 1
	outgoing: 5 2 
	datadep: 
	instructions:
BB 2
	outgoing: 3 4 
	datadep: 
	instructions:
		 0: def_%self 
		 1: def_%v_0 
		 2: def_%current_scope 
		 3: def_%current_module 
		 4: 
		 5: def_params RECEIVEARG 
		 6: def_name RECEIVEARG 
		 7: 
		 8: def_%v_3 params[2.5,] 
		 9: def_%v_4 %v_3[2.8,] name[2.6,] 
		 10: BRANCH %v_4[2.9,] 
BB 3
	outgoing: 5 
	datadep: 
	instructions:
		 0: def_%v_5 %self->default_config %self[2.0,] 
		 1: def_%v_6 %v_5[3.0,] name[2.6,] 
		 2: def_%v_7 %v_6[3.1,] 
		 3: RETURN %v_7[3.2,] 
BB 4
	outgoing: 5 
	datadep: 
	instructions:
		 0: RETURN %v_4[2.9,] 
BB 5
	outgoing: 
	datadep: 
	instructions:

SET IRMethod, name = logger
BB 1
	outgoing: 11 2 
	datadep: 
	instructions:
BB 2
	outgoing: 3 4 
	datadep: 
	instructions:
		 0: def_%self 
		 1: def_%v_0 
		 2: def_%current_scope 
		 3: def_%current_module 
		 4: 
		 5: 
		 6: def_%v_4 %self[2.0,] 
		 7: def_%v_3 %v_4[2.6,] 
		 8: %v_4[2.6,] 
BB 3
	outgoing: 4 
	datadep: 
	instructions:
		 0: def_%v_5 %self[2.0,] @logger[] 
		 1: def_%v_3 %v_5[3.0,] 
BB 4
	outgoing: 5 10 
	datadep: 
	instructions:
		 0: BRANCH %v_3[3.1,2.7,] 
BB 5
	outgoing: 6 7 
	datadep: 
	instructions:
		 0: def_%v_6 
		 1: %v_6[5.0,] 
BB 6
	outgoing: 7 
	datadep: 
	instructions:
		 0: def_%v_6 
BB 7
	outgoing: 8 9 
	datadep: 
	instructions:
		 0: def_%v_7 %v_6->logger %v_6[6.0,5.0,] 
		 1: BRANCH %v_7[7.0,] 
BB 8
	outgoing: 9 
	datadep: 
	instructions:
		 0: def_%v_8 (Logger) 
		 1: def_%v_9 (STDOUT) 
		 2: def_%v_10 %v_8->new %v_8[8.0,] %v_9[8.1,] 
		 3: def_%v_7 %v_10[8.2,] 
BB 9
	outgoing: 11 
	datadep: 
	instructions:
		 0: %self[2.0,] %v_7[8.3,7.0,] @logger[3.0,] 
		 1: RETURN %v_7[8.3,7.0,] 
BB 10
	outgoing: 11 
	datadep: 
	instructions:
		 0: RETURN %v_5[3.0,] 
BB 11
	outgoing: 
	datadep: 
	instructions:

SET IRMethod, name = attributes_parse
BB 1
	outgoing: 3 2 
	datadep: 
	instructions:
BB 2
	outgoing: 3 
	datadep: 
	instructions:
		 0: def_%self 
		 1: def_%v_0 
		 2: def_%current_scope 
		 3: def_%current_module 
		 4: 
		 5: def_string RECEIVEARG 
		 6: 
		 7: def_%v_3 
		 8: def_attributes %v_3[2.7,] 
		 9: 
		 10: def_%v_4 
		 11: def_%v_5 string[2.5,] %self[2.0,] 
CLOSURE BEGIN: match[] attributes[2.8,] key[] 
BB 1
	outgoing: 6 2 
	datadep: 
	instructions:
BB 2
	outgoing: 3 
	datadep: 
	instructions:
		 0: def_%self 
		 1: def_%cl_1_0 
		 2: def_match RECEIVEARG 
		 3: def_%current_scope 
		 4: def_%current_module 
BB 3
	outgoing: 4 6 
	datadep: 
	instructions:
		 0: 
		 1: def_%cl_1_3 
		 2: def_%cl_1_4 match->split match[2.2,] 
		 3: def_%cl_1_5 %cl_1_4[3.2,] 
		 4: def_%cl_1_6 %cl_1_5[3.3,] 
		 5: def_%cl_1_7 %cl_1_5[3.3,] 
		 6: def_key %cl_1_6[3.4,] 
		 7: def_value %cl_1_7[3.5,] 
		 8: 
		 9: def_%cl_1_8 
		 10: def_%cl_1_9 %cl_1_7->delete %cl_1_7[3.5,] %cl_1_8[3.9,] 
		 11: attributes[] key[3.6,] %cl_1_9[3.10,] 
		 12: RETURN %cl_1_9[3.10,] 
BB 4
	outgoing: 6 
	datadep: 
	instructions:
		 0: def_%cl_1_10 
		 1: def_%cl_1_11 %cl_1_10[4.0,] 
		 2: RETURN %cl_1_11[4.1,] 
BB 6
	outgoing: 
	datadep: 
	instructions:
CLOSURE END
		 12: 
		 13: def_%v_6 
		 14: def_%v_7 string[2.5,] %self[2.0,] 
CLOSURE BEGIN: match[] attributes[2.8,] key[] 
BB 1
	outgoing: 6 2 
	datadep: 
	instructions:
BB 2
	outgoing: 3 
	datadep: 
	instructions:
		 0: def_%self 
		 1: def_%cl_2_0 
		 2: def_match RECEIVEARG 
		 3: def_%current_scope 
		 4: def_%current_module 
BB 3
	outgoing: 4 6 
	datadep: 
	instructions:
		 0: 
		 1: def_%cl_2_3 
		 2: def_%cl_2_4 match->split match[2.2,] 
		 3: def_%cl_2_5 %cl_2_4[3.2,] 
		 4: def_%cl_2_6 %cl_2_5[3.3,] 
		 5: def_%cl_2_7 %cl_2_5[3.3,] 
		 6: def_key %cl_2_6[3.4,] 
		 7: def_value %cl_2_7[3.5,] 
		 8: 
		 9: def_%cl_2_8 
		 10: def_%cl_2_9 %cl_2_7->delete %cl_2_7[3.5,] %cl_2_8[3.9,] 
		 11: attributes[] key[3.6,] %cl_2_9[3.10,] 
		 12: RETURN %cl_2_9[3.10,] 
BB 4
	outgoing: 6 
	datadep: 
	instructions:
		 0: def_%cl_2_10 
		 1: def_%cl_2_11 %cl_2_10[4.0,] 
		 2: RETURN %cl_2_11[4.1,] 
BB 6
	outgoing: 
	datadep: 
	instructions:
CLOSURE END
		 15: 
		 16: RETURN attributes[2.8,] 
BB 3
	outgoing: 
	datadep: 
	instructions:

SET IRMethod, name = filtertext
BB 1
	outgoing: 3 2 
	datadep: 
	instructions:
BB 2
	outgoing: 3 
	datadep: 
	instructions:
		 0: def_%self 
		 1: def_%v_0 
		 2: def_%current_scope 
		 3: def_%current_module 
		 4: 
		 5: def_blog RECEIVEARG 
		 6: def_content RECEIVEARG 
		 7: def_text RECEIVEARG 
		 8: def_params RECEIVEARG 
		 9: 
		 10: def_%v_3 
		 11: def_%v_4 
		 12: def_%v_5 %self->short_name %self[2.0,] 
		 13: def_%v_6 
		 14: def_%v_7 %v_3[2.10,] %v_4[2.11,] %v_5[2.12,] %v_6[2.13,] 
		 15: def_regex1 %v_7[2.14,] 
		 16: 
		 17: def_%v_8 
		 18: def_%v_9 
		 19: def_%v_10 %self->short_name %self[2.0,2.12,] 
		 20: def_%v_11 
		 21: def_%v_12 %self->short_name %self[2.0,2.12,2.19,] 
		 22: def_%v_13 
		 23: def_%v_14 %v_8[2.17,] %v_9[2.18,] %v_10[2.19,] %v_11[2.20,] %v_12[2.21,] %v_13[2.22,] 
		 24: def_regex2 %v_14[2.23,] 
		 25: 
		 26: def_%v_15 text[2.7,] regex1[2.15,] %self[2.0,2.12,2.19,2.21,] 
CLOSURE BEGIN: %self[2.0,2.12,2.19,2.21,] match[] blog[2.5,] content[2.6,] params[2.8,] 
BB 1
	outgoing: 6 2 
	datadep: 
	instructions:
BB 2
	outgoing: 3 
	datadep: 
	instructions:
		 0: def_%self 
		 1: def_%cl_1_0 
		 2: def_match RECEIVEARG 
		 3: def_%current_scope 
		 4: def_%current_module 
BB 3
	outgoing: 4 6 
	datadep: 
	instructions:
		 0: 
		 1: def_%cl_1_3 %self->attributes_parse %self[2.0,] match[2.2,] 
		 2: def_%cl_1_4 %self->macrofilter %self[3.1,2.0,] blog[] content[] %cl_1_3[3.1,] params[] 
		 3: RETURN %cl_1_4[3.2,] 
BB 4
	outgoing: 6 
	datadep: 
	instructions:
		 0: def_%cl_1_5 
		 1: def_%cl_1_6 %cl_1_5[4.0,] 
		 2: RETURN %cl_1_6[4.1,] 
BB 6
	outgoing: 
	datadep: 
	instructions:
CLOSURE END
		 27: def_new_text %v_15[2.26,] 
		 28: 
		 29: def_%v_16 %v_15[2.26,] regex2[2.24,] %self[2.0,2.12,2.19,2.21,] 
CLOSURE BEGIN: %self[2.0,2.12,2.19,2.21,] blog[2.5,] content[2.6,] params[2.8,] 
BB 1
	outgoing: 6 2 
	datadep: 
	instructions:
BB 2
	outgoing: 3 
	datadep: 
	instructions:
		 0: def_%self 
		 1: def_%cl_2_0 
		 2: def__match RECEIVEARG 
		 3: def_%current_scope 
		 4: def_%current_module 
BB 3
	outgoing: 4 6 
	datadep: 
	instructions:
		 0: 
		 1: def_%cl_2_3 (Regexp) 
		 2: def_%cl_2_4 %cl_2_3->last_match %cl_2_3[3.1,] 
		 3: def_%cl_2_5 %cl_2_4[3.2,] 
		 4: def_%cl_2_6 %cl_2_5->to_s %cl_2_5[3.3,] 
		 5: def_%cl_2_7 %self->attributes_parse %self[2.0,] %cl_2_6[3.4,] 
		 6: def_%cl_2_8 (Regexp) 
		 7: def_%cl_2_9 %cl_2_8->last_match %cl_2_8[3.6,] 
		 8: def_%cl_2_10 %cl_2_9[3.7,] 
		 9: def_%cl_2_11 %cl_2_10->to_s %cl_2_10[3.8,] 
		 10: def_%cl_2_12 %self->macrofilter %self[3.5,2.0,] blog[] content[] %cl_2_7[3.5,] params[] %cl_2_11[3.9,] 
		 11: RETURN %cl_2_12[3.10,] 
BB 4
	outgoing: 6 
	datadep: 
	instructions:
		 0: def_%cl_2_13 
		 1: def_%cl_2_14 %cl_2_13[4.0,] 
		 2: RETURN %cl_2_14[4.1,] 
BB 6
	outgoing: 
	datadep: 
	instructions:
CLOSURE END
		 30: def_new_text %v_16[2.29,] 
		 31: 
		 32: RETURN %v_16[2.29,] 
BB 3
	outgoing: 
	datadep: 
	instructions:

SET IRMethod, name = filtertext
BB 1
	outgoing: 3 2 
	datadep: 
	instructions:
BB 2
	outgoing: 3 
	datadep: 
	instructions:
		 0: def_%self 
		 1: def_%v_0 
		 2: def_%current_scope 
		 3: def_%current_module 
		 4: 
		 5: def_blog RECEIVEARG 
		 6: def_content RECEIVEARG 
		 7: def_text RECEIVEARG 
		 8: def_params RECEIVEARG 
		 9: 
		 10: def_%v_3 (TextFilter) 
		 11: def_%v_4 %v_3->available_filter_types %v_3[2.10,] 
		 12: def_%v_5 
		 13: def_%v_6 %v_4[2.11,] %v_5[2.12,] 
		 14: def_macros %v_6[2.13,] 
		 15: 
		 16: def_%v_7 %v_6[2.13,] text[2.7,] %self[2.0,] 
CLOSURE BEGIN: macro[] blog[2.5,] content[2.6,] new_text[] params[2.8,] 
BB 1
	outgoing: 6 2 
	datadep: 
	instructions:
BB 2
	outgoing: 3 
	datadep: 
	instructions:
		 0: def_%self 
		 1: def_%cl_1_0 
		 2: def_new_text RECEIVEARG 
		 3: def_macro RECEIVEARG 
		 4: def_%current_scope 
		 5: def_%current_module 
BB 3
	outgoing: 4 6 
	datadep: 
	instructions:
		 0: 
		 1: def_%cl_1_3 macro->filtertext macro[2.3,] blog[] content[] new_text[2.2,] params[] 
		 2: RETURN %cl_1_3[3.1,] 
BB 4
	outgoing: 6 
	datadep: 
	instructions:
		 0: def_%cl_1_4 
		 1: def_%cl_1_5 %cl_1_4[4.0,] 
		 2: RETURN %cl_1_5[4.1,] 
BB 6
	outgoing: 
	datadep: 
	instructions:
CLOSURE END
		 17: RETURN %v_7[2.16,] 
BB 3
	outgoing: 
	datadep: 
	instructions:

SET IRMethod, name = filtertext
BB 1
	outgoing: 3 2 
	datadep: 
	instructions:
BB 2
	outgoing: 3 
	datadep: 
	instructions:
		 0: def_%self 
		 1: def_%v_0 
		 2: def_%current_scope 
		 3: def_%current_module 
		 4: 
		 5: def_blog RECEIVEARG 
		 6: def_content RECEIVEARG 
		 7: def_text RECEIVEARG 
		 8: def_params RECEIVEARG 
		 9: 
		 10: def_%v_3 (TextFilter) 
		 11: def_%v_4 %v_3->available_filter_types %v_3[2.10,] 
		 12: def_%v_5 
		 13: def_%v_6 %v_4[2.11,] %v_5[2.12,] 
		 14: def_macros %v_6[2.13,] 
		 15: 
		 16: def_%v_7 %v_6[2.13,] text[2.7,] %self[2.0,] 
CLOSURE BEGIN: macro[] blog[2.5,] content[2.6,] new_text[] params[2.8,] 
BB 1
	outgoing: 6 2 
	datadep: 
	instructions:
BB 2
	outgoing: 3 
	datadep: 
	instructions:
		 0: def_%self 
		 1: def_%cl_1_0 
		 2: def_new_text RECEIVEARG 
		 3: def_macro RECEIVEARG 
		 4: def_%current_scope 
		 5: def_%current_module 
BB 3
	outgoing: 4 6 
	datadep: 
	instructions:
		 0: 
		 1: def_%cl_1_3 macro->filtertext macro[2.3,] blog[] content[] new_text[2.2,] params[] 
		 2: RETURN %cl_1_3[3.1,] 
BB 4
	outgoing: 6 
	datadep: 
	instructions:
		 0: def_%cl_1_4 
		 1: def_%cl_1_5 %cl_1_4[4.0,] 
		 2: RETURN %cl_1_5[4.1,] 
BB 6
	outgoing: 
	datadep: 
	instructions:
CLOSURE END
		 17: RETURN %v_7[2.16,] 
BB 3
	outgoing: 
	datadep: 
	instructions:

