SET IRMethod, name = method_missing instanceMethod = true
BB 1
	outgoing: 16 2 
	datadep: 
	instructions:
BB 2
	outgoing: 3 6 
	datadep: 
	instructions:
		 0: def_%self 
		 1: def_%v_0 
		 2: COPY TYPE_CurrentScope def_%current_scope 
		 3: COPY TYPE_ScopeModule def_%current_module 
		 4: 
		 5: RECEIVEARG def_method_name 
		 6: RECEIVEARG def_args 
		 7: 
		 8: method_name->to_s def_%v_3 method_name[2.5,] 	 SYMBOL:	 ARGS:
		 9: COPY TYPE_Regexp def_%v_4 
		 10: %v_3->match def_%v_5 %v_3[2.8,] 	 SYMBOL:	 ARGS:%v_4,
		 11: COPY TYPE_PASS def_md %v_5[2.10,] 
		 12: BRANCH %v_5[2.10,] 
BB 3
	outgoing: 4 5 
	datadep: 
	instructions:
		 0: 
		 1: md->[] def_%v_6 md[2.11,] 	 SYMBOL:	 ARGS:Fixnum,
		 2: %self->model_class def_%v_7 %self[2.0,] %v_6[3.1,] 	 SYMBOL:	 ARGS:%v_6,
		 3: COPY TYPE_PASS def_klass %v_7[3.2,] 
		 4: 
		 5: %v_7->name def_%v_8 %v_7[3.2,] 	 SYMBOL:	 ARGS:
		 6: args->[] def_%v_9 args[2.6,] 	 SYMBOL:	 ARGS:Fixnum,
		 7: args->[] def_%v_10 args[3.6,2.6,] 	 SYMBOL:	 ARGS:Fixnum,
		 8: BRANCH %v_10[3.7,] 
BB 4
	outgoing: 5 
	datadep: 
	instructions:
		 0: HASH- def_%v_11 
		 1: COPY TYPE_PASS def_%v_10 %v_11[4.0,] 
BB 5
	outgoing: 16 
	datadep: 
	instructions:
		 0: %self->create def_%v_12 %self[2.0,] %v_8[3.5,] %v_9[3.6,] %v_10[4.1,3.7,] 	 SYMBOL:	 ARGS:%v_8,%v_9,%v_10,
		 1: RETURN %v_12[5.0,] %self[5.0,2.0,] 
BB 6
	outgoing: 7 8 
	datadep: 
	instructions:
		 0: 
		 1: GETFIELD %self->data def_%v_13 %self[2.0,] 
		 2: BRANCH %v_13[6.1,] 
BB 7
	outgoing: 8 
	datadep: 
	instructions:
		 0: GETFIELD %self->data def_%v_14 %self[2.0,] 
		 1: %v_14->has_key? def_%v_15 %v_14[7.0,] method_name[2.5,] 	 SYMBOL:	 ARGS:method_name,
		 2: COPY TYPE_PASS def_%v_13 %v_15[7.1,] 
BB 8
	outgoing: 9 13 
	datadep: 
	instructions:
		 0: BRANCH %v_13[7.2,6.1,] 
BB 9
	outgoing: 10 11 
	datadep: 
	instructions:
		 0: 
		 1: GETFIELD %self->data def_%v_16 %self[2.0,] 
		 2: %v_16->[] def_%v_17 %v_16[9.1,] method_name[2.5,] 	 SYMBOL:	 ARGS:method_name,
		 3: args->first def_%v_18 args[2.6,] 	 SYMBOL:	 ARGS:
		 4: %v_17->[] def_%v_19 %v_17[9.2,] %v_18[9.3,] 	 SYMBOL:	 ARGS:%v_18,
		 5: COPY TYPE_PASS def_record %v_19[9.4,] 
		 6: 
		 7: BRANCH %v_19[9.4,] 
BB 10
	outgoing: 12 
	datadep: 
	instructions:
		 0: record->class def_%v_20 record[9.5,] 	 SYMBOL:	 ARGS:
		 1: record->id def_%v_21 record[10.0,9.5,] 	 SYMBOL:	 ARGS:
		 2: %v_20->find def_%v_22 %v_20[10.0,] %v_21[10.1,] 	 SYMBOL:	 ARGS:%v_21,
		 3: 
BB 11
	outgoing: 12 
	datadep: 
	instructions:
		 0: COPY TYPE_Nil def_%v_22 
BB 12
	outgoing: 14 
	datadep: 
	instructions:
		 0: 
BB 13
	outgoing: 14 
	datadep: 
	instructions:
		 0: 
		 1: %self->-unknown-super-target- def_%v_23 %self[2.0,] method_name[2.5,] args[2.6,] %v_0[2.1,] 	 SYMBOL:	 ARGS:method_name,Splat,
		 2: COPY TYPE_PASS def_%v_22 %v_23[13.1,] 
BB 14
	outgoing: 16 
	datadep: 
	instructions:
		 0: RETURN %v_22[13.2,11.0,10.2,] %self[2.0,] 
BB 16
	outgoing: 
	datadep: 
	instructions:

SET IRMethod, name = model_class instanceMethod = true
BB 1
	outgoing: 15 2 
	datadep: 
	instructions:
BB 2
	outgoing: 4 
	datadep: 
	instructions:
		 0: def_%self 
		 1: def_%v_0 
		 2: COPY TYPE_CurrentScope def_%current_scope 
		 3: COPY TYPE_ScopeModule def_%current_module 
		 4: 
		 5: RECEIVEARG def_model_name 
		 6: 
		 7: GLOBALVAR $! def_%v_3 
BB 4
	outgoing: 5 6 
	datadep: 
	instructions:
		 0: 
		 1: 
		 2: COPY TYPE_StringLiteral "Cms/" def_%v_6 
		 3: BUILDSTRING def_%v_7 %v_6[4.2,] model_name[2.5,] 
		 4: %v_7->classify def_%v_8 %v_7[4.3,] 	 SYMBOL:	 ARGS:
		 5: %v_8->constantize def_%v_9 %v_8[4.4,] 	 SYMBOL:	 ARGS:
		 6: COPY TYPE_PASS def_%v_5 %v_9[4.5,] 
		 7: %v_3[2.7,] 
BB 5
	outgoing: 11 
	datadep: 
	instructions:
		 0: 
BB 6
	outgoing: 7 8 10 
	datadep: 
	instructions:
		 0: def_%v_10 
		 1: (NameError) def_%v_11 
		 2: def_%v_12 %v_11[6.1,] %v_10[6.0,] 
		 3: BRANCH %v_12[6.2,] 
BB 7
	outgoing: 10 15 
	datadep: 
	instructions:
		 0: %v_10[6.0,] 
BB 8
	outgoing: 9 10 
	datadep: 
	instructions:
		 0: GLOBALVAR $! def_%v_13 
		 1: COPY TYPE_PASS def_e %v_13[8.0,] 
		 2: 
		 3: model_name->classify def_%v_14 model_name[2.5,] 	 SYMBOL:	 ARGS:
		 4: %v_14->constantize def_%v_15 %v_14[8.3,] 	 SYMBOL:	 ARGS:
		 5: COPY TYPE_PASS def_%v_5 %v_15[8.4,] 
		 6: %v_3[2.7,] 
BB 9
	outgoing: 11 
	datadep: 
	instructions:
		 0: 
BB 10
	outgoing: 15 
	datadep: 
	instructions:
		 0: def_%v_16 
		 1: def_%v_17 %v_16[10.0,] %v_3[2.7,] 
		 2: %v_16[10.0,] 
BB 11
	outgoing: 12 13 
	datadep: 
	instructions:
		 0: COPY TYPE_PASS def_klass %v_5[4.6,8.5,] 
		 1: 
		 2: %v_5->method_defined? def_%v_18 %v_5[4.6,8.5,] 	 SYMBOL:save!,	 ARGS:Symbol,
		 3: BRANCH %v_18[11.2,] 
BB 12
	outgoing: 14 
	datadep: 
	instructions:
		 0: COPY TYPE_Nil def_%v_19 
		 1: 
BB 13
	outgoing: 14 
	datadep: 
	instructions:
		 0: 
		 1: COPY TYPE_StringLiteral "Can't create an instance of " def_%v_20 
		 2: COPY TYPE_StringLiteral " because its not an ActiveRecord instance." def_%v_21 
		 3: BUILDSTRING def_%v_22 %v_20[13.1,] klass[11.0,] %v_21[13.2,] 
		 4: %self->raise def_%v_23 %self[2.0,] %v_22[13.3,] 	 SYMBOL:	 ARGS:%v_22,
		 5: COPY TYPE_PASS def_%v_19 %v_23[13.4,] 
BB 14
	outgoing: 15 
	datadep: 
	instructions:
		 0: 
		 1: RETURN klass[11.0,] %self[2.0,] 
BB 15
	outgoing: 
	datadep: 
	instructions:

SET IRMethod, name = create instanceMethod = true
BB 1
	outgoing: 14 2 
	datadep: 
	instructions:
BB 2
	outgoing: 3 4 
	datadep: 
	instructions:
		 0: def_%self 
		 1: def_%v_0 
		 2: COPY TYPE_CurrentScope def_%current_scope 
		 3: COPY TYPE_ScopeModule def_%current_module 
		 4: 
		 5: RECEIVEARG def_model_name 
		 6: RECEIVEARG def_record_name 
		 7: RECEIVECONSTARG def_data 
		 8: data[2.7,] 
BB 3
	outgoing: 4 
	datadep: 
	instructions:
		 0: HASH- def_%v_3 
		 1: COPY TYPE_PASS def_data %v_3[3.0,] 
BB 4
	outgoing: 5 6 
	datadep: 
	instructions:
		 0: 
		 1: (DataLoader) def_%v_4 
		 2: %v_4->silent_mode def_%v_5 %v_4[4.1,] 	 SYMBOL:	 ARGS:
		 3: BRANCH %v_5[4.2,] 
BB 5
	outgoing: 7 
	datadep: 
	instructions:
		 0: COPY TYPE_Nil def_%v_6 
		 1: 
BB 6
	outgoing: 7 
	datadep: 
	instructions:
		 0: COPY TYPE_StringLiteral "-- create_" def_%v_7 
		 1: COPY TYPE_StringLiteral "(:" def_%v_8 
		 2: COPY TYPE_StringLiteral ")" def_%v_9 
		 3: BUILDSTRING def_%v_10 %v_7[6.0,] model_name[2.5,] %v_8[6.1,] record_name[2.6,] %v_9[6.2,] 
		 4: %self->puts def_%v_11 %self[2.0,] %v_10[6.3,] 	 SYMBOL:	 ARGS:%v_10,
		 5: COPY TYPE_PASS def_%v_6 %v_11[6.4,] 
BB 7
	outgoing: 8 9 
	datadep: 
	instructions:
		 0: 
		 1: def_%v_13 %self[2.0,] 
		 2: COPY TYPE_PASS def_%v_12 %v_13[7.1,] 
		 3: %v_13[7.1,] 
BB 8
	outgoing: 9 
	datadep: 
	instructions:
		 0: GETFIELD %self->data def_%v_14 %self[2.0,] 
		 1: COPY TYPE_PASS def_%v_12 %v_14[8.0,] 
BB 9
	outgoing: 10 11 
	datadep: 
	instructions:
		 0: BRANCH %v_12[8.1,7.2,] 
BB 10
	outgoing: 11 
	datadep: 
	instructions:
		 0: HASH- def_%v_15 
		 1: ATTRASSIGN %self->data %v_15[10.0,] 
		 2: COPY TYPE_PASS def_%v_14 %v_15[10.0,] 
BB 11
	outgoing: 12 13 
	datadep: 
	instructions:
		 0: 
		 1: model_name->demodulize def_%v_16 model_name[2.5,] 	 SYMBOL:	 ARGS:
		 2: %v_16->underscore def_%v_17 %v_16[11.1,] 	 SYMBOL:	 ARGS:
		 3: %v_17->pluralize def_%v_18 %v_17[11.2,] 	 SYMBOL:	 ARGS:
		 4: %v_18->to_sym def_%v_19 %v_18[11.3,] 	 SYMBOL:	 ARGS:
		 5: COPY TYPE_PASS def_model_storage_name %v_19[11.4,] 
		 6: 
		 7: GETFIELD %self->data def_%v_20 %self[10.1,2.0,] 
		 8: %v_20->[] def_%v_21 %v_20[11.7,] %v_19[11.4,] 	 SYMBOL:	 ARGS:model_storage_name,
		 9: BRANCH %v_21[11.8,] 
BB 12
	outgoing: 13 
	datadep: 
	instructions:
		 0: HASH- def_%v_22 
		 1: %v_20->[]= def_%v_21 %v_20[11.7,] model_storage_name[11.5,] %v_22[12.0,] 	 SYMBOL:	 ARGS:model_storage_name,%v_22,
		 2: COPY TYPE_PASS def_%v_21 %v_22[12.0,] 
BB 13
	outgoing: 14 
	datadep: 
	instructions:
		 0: 
		 1: model_name->classify def_%v_23 model_name[2.5,] 	 SYMBOL:	 ARGS:
		 2: %v_23->constantize def_%v_24 %v_23[13.1,] 	 SYMBOL:	 ARGS:
		 3: %v_24->new def_%v_25 %v_24[13.2,] data[3.1,2.7,] 	 SYMBOL:	 ARGS:data,
		 4: COPY TYPE_PASS def_model %v_25[13.3,] 
		 5: 
		 6: %v_25->save! def_%v_26 %v_25[13.3,] 	 SYMBOL:	 ARGS:
		 7: 
		 8: GETFIELD %self->data def_%v_27 %self[10.1,2.0,] 
		 9: %v_27->[] def_%v_28 %v_27[13.8,] model_storage_name[11.5,] 	 SYMBOL:	 ARGS:model_storage_name,
		 10: ATTRASSIGN %v_28->[] record_name[2.6,] model[13.4,] 
		 11: RETURN model[13.4,] %self[10.1,2.0,] 
BB 14
	outgoing: 
	datadep: 
	instructions:

