SET IRMethod, name = index
BB 1
	outgoing: 3 2 
	datadep: 
	instructions:
BB 2
	outgoing: 3 
	datadep: 
	instructions:
		 0: def_%self 
		 1: def_%v_0 
		 2: COPY TYPE_CurrentScope def_%current_scope 
		 3: COPY TYPE_ScopeModule def_%current_module 
		 4: 
		 5: 
		 6: (Section) def_%v_3 
		 7: %v_3->all def_%v_4 %v_3[2.6,] 	 ARGS:
		 8: ATTRASSIGN %self->sections %v_4[2.7,] 
		 9: 
		 10: %self->ruby_code_from_view def_%v_5 %self[2.0,2.8,] 	 ARGS:
		 11: %v_5->ruby_code_from_view def_%v_6 %v_5[2.10,] %self[2.0,2.8,2.10,] 	 ARGS:%v_5,
CLOSURE BEGIN: %self[2.0,2.8,2.10,] 
BB 1
	outgoing: 9 2 
	datadep: 
	instructions:
BB 2
	outgoing: 3 
	datadep: 
	instructions:
		 0: def_%self 
		 1: def_%cl_1_0 
		 2: RECEIVEARG def_rb_from_view 
		 3: COPY TYPE_CurrentScope def_%current_scope 
		 4: COPY TYPE_ScopeModule def_%current_module 
BB 3
	outgoing: 4 5 7 
	datadep: 
	instructions:
		 0: 
		 1: COPY TYPE_StringLiteral def_%cl_1_3 
		 2: %self->h1 def_%cl_1_4 %self[2.0,] %cl_1_3[3.1,] 	 ARGS:%cl_1_3,
		 3: 
		 4: COPY TYPE_StringLiteral def_%cl_1_5 
		 5: %self->new_admin_section_path def_%cl_1_6 %self[3.2,2.0,] 	 ARGS:
		 6: %self->link_to def_%cl_1_7 %self[3.2,3.5,2.0,] %cl_1_5[3.4,] %cl_1_6[3.5,] 	 ARGS:%cl_1_5,%cl_1_6,
		 7: 
		 8: GETFIELD %self->sections def_%cl_1_8 %self[3.2,3.5,3.6,2.0,] 
		 9: %cl_1_8->empty? def_%cl_1_9 %cl_1_8[3.8,] 	 ARGS:
		 10: BRANCH %cl_1_9[3.9,] 
BB 4
	outgoing: 9 
	datadep: 
	instructions:
		 0: COPY TYPE_Nil def_%cl_1_10 
		 1: RETURN %cl_1_10[4.0,] %self[2.0,] 
BB 5
	outgoing: 7 9 
	datadep: 
	instructions:
		 0: 
		 1: GETFIELD %self->sections def_%cl_1_11 %self[2.0,] 
		 2: %cl_1_11->each def_%cl_1_12 %cl_1_11[5.1,] %self[2.0,] 	 ARGS:%cl_1_11,
CLOSURE BEGIN: section[] %self[2.0,] 
BB 1
	outgoing: 9 2 
	datadep: 
	instructions:
BB 2
	outgoing: 3 
	datadep: 
	instructions:
		 0: def_%self 
		 1: def_%cl_2_0 
		 2: RECEIVEARG def_section 
		 3: COPY TYPE_CurrentScope def_%current_scope 
		 4: COPY TYPE_ScopeModule def_%current_module 
BB 3
	outgoing: 4 5 7 
	datadep: 
	instructions:
		 0: 
		 1: section->title def_%cl_2_3 section[2.2,] 	 ARGS:
		 2: %self->link_to def_%cl_2_4 %self[2.0,] %cl_2_3[3.1,] section[3.1,2.2,] 	 ARGS:%cl_2_3,section,
		 3: 
		 4: section->image def_%cl_2_5 section[3.1,2.2,] 	 ARGS:
		 5: section->title def_%cl_2_6 section[3.1,3.4,2.2,] 	 ARGS:
		 6: HASH-alt- def_%cl_2_7 %cl_2_6[3.5,] 
		 7: %self->image_tag def_%cl_2_8 %self[3.2,2.0,] %cl_2_5[3.4,] %cl_2_7[3.6,] 	 ARGS:%cl_2_5,%cl_2_7,
		 8: 
		 9: section->state def_%cl_2_9 section[3.1,3.4,3.5,2.2,] 	 ARGS:
		 10: COPY TYPE_StringLiteral def_%cl_2_10 
		 11: %cl_2_9->== def_%cl_2_11 %cl_2_9[3.9,] %cl_2_10[3.10,] 	 ARGS:%cl_2_10,
		 12: BRANCH %cl_2_11[3.11,] 
BB 4
	outgoing: 6 
	datadep: 
	instructions:
		 0: COPY TYPE_StringLiteral def_%cl_2_12 
		 1: 
BB 5
	outgoing: 6 
	datadep: 
	instructions:
		 0: COPY TYPE_StringLiteral def_%cl_2_13 
		 1: COPY TYPE_PASS def_%cl_2_12 %cl_2_13[5.0,] 
BB 6
	outgoing: 7 9 
	datadep: 
	instructions:
		 0: 
		 1: COPY TYPE_StringLiteral def_%cl_2_14 
		 2: %self->edit_admin_section_path def_%cl_2_15 %self[2.0,] section[2.2,] 	 ARGS:section,
		 3: %self->link_to def_%cl_2_16 %self[6.2,2.0,] %cl_2_14[6.1,] %cl_2_15[6.2,] 	 ARGS:%cl_2_14,%cl_2_15,
		 4: 
		 5: COPY TYPE_StringLiteral def_%cl_2_17 
		 6: COPY TYPE_Array def_%cl_2_18 section[2.2,] 
		 7: COPY TYPE_StringLiteral def_%cl_2_19 
		 8: HASH-confirm- def_%cl_2_20 %cl_2_19[6.7,] 
		 9: COPY TYPE_StringLiteral def_%cl_2_21 
		 10: HASH-method-data-class- def_%cl_2_22 %cl_2_20[6.8,] %cl_2_21[6.9,] 
		 11: %self->button_to def_%cl_2_23 %self[6.2,6.3,2.0,] %cl_2_17[6.5,] %cl_2_18[6.6,] %cl_2_22[6.10,] 	 ARGS:%cl_2_17,%cl_2_18,%cl_2_22,
		 12: RETURN %cl_2_23[6.11,] %self[6.2,6.3,6.11,2.0,] 
BB 7
	outgoing: 9 
	datadep: 
	instructions:
		 0: def_%cl_2_24 
		 1: def_%cl_2_25 %cl_2_24[7.0,] 
		 2: RETURN %cl_2_25[7.1,] %self[2.0,] 
BB 9
	outgoing: 
	datadep: 
	instructions:
CLOSURE END
		 3: RETURN %cl_1_12[5.2,] %self[2.0,] 
BB 7
	outgoing: 9 
	datadep: 
	instructions:
		 0: def_%cl_1_13 
		 1: def_%cl_1_14 %cl_1_13[7.0,] 
		 2: RETURN %cl_1_14[7.1,] %self[2.0,] 
BB 9
	outgoing: 
	datadep: 
	instructions:
CLOSURE END
		 12: RETURN %v_6[2.11,] %self[2.0,2.8,2.10,] 
BB 3
	outgoing: 
	datadep: 
	instructions:

SET IRMethod, name = new
BB 1
	outgoing: 3 2 
	datadep: 
	instructions:
BB 2
	outgoing: 3 
	datadep: 
	instructions:
		 0: def_%self 
		 1: def_%v_0 
		 2: COPY TYPE_CurrentScope def_%current_scope 
		 3: COPY TYPE_ScopeModule def_%current_module 
		 4: 
		 5: 
		 6: (Section) def_%v_3 
		 7: %v_3->new def_%v_4 %v_3[2.6,] 	 ARGS:
		 8: ATTRASSIGN %self->section %v_4[2.7,] 
		 9: 
		 10: %self->ruby_code_from_view def_%v_5 %self[2.0,2.8,] 	 ARGS:
		 11: %v_5->ruby_code_from_view def_%v_6 %v_5[2.10,] %self[2.0,2.8,2.10,] 	 ARGS:%v_5,
CLOSURE BEGIN: %self[2.0,2.8,2.10,] 
BB 1
	outgoing: 6 2 
	datadep: 
	instructions:
BB 2
	outgoing: 3 
	datadep: 
	instructions:
		 0: def_%self 
		 1: def_%cl_1_0 
		 2: RECEIVEARG def_rb_from_view 
		 3: COPY TYPE_CurrentScope def_%current_scope 
		 4: COPY TYPE_ScopeModule def_%current_module 
BB 3
	outgoing: 4 6 
	datadep: 
	instructions:
		 0: 
		 1: COPY TYPE_StringLiteral def_%cl_1_3 
		 2: %self->h1 def_%cl_1_4 %self[2.0,] %cl_1_3[3.1,] 	 ARGS:%cl_1_3,
		 3: 
		 4: GETFIELD %self->section def_%cl_1_5 %self[3.2,2.0,] 
		 5: COPY TYPE_Array def_%cl_1_6 %cl_1_5[3.4,] 
		 6: %self->form_for def_%cl_1_7 %self[3.2,2.0,] %cl_1_6[3.5,] %self[3.2,2.0,] 	 ARGS:%cl_1_6,%self,
CLOSURE BEGIN: %self[3.2,2.0,] form[] 
BB 1
	outgoing: 6 2 
	datadep: 
	instructions:
BB 2
	outgoing: 3 
	datadep: 
	instructions:
		 0: def_%self 
		 1: def_%cl_2_0 
		 2: RECEIVEARG def_form 
		 3: COPY TYPE_CurrentScope def_%current_scope 
		 4: COPY TYPE_ScopeModule def_%current_module 
BB 3
	outgoing: 4 6 
	datadep: 
	instructions:
		 0: 
		 1: %self->render def_%cl_2_3 %self[2.0,] form[2.2,] 	 ARGS:form,
		 2: RETURN %cl_2_3[3.1,] %self[3.1,2.0,] 
BB 4
	outgoing: 6 
	datadep: 
	instructions:
		 0: def_%cl_2_4 
		 1: def_%cl_2_5 %cl_2_4[4.0,] 
		 2: RETURN %cl_2_5[4.1,] %self[2.0,] 
BB 6
	outgoing: 
	datadep: 
	instructions:
CLOSURE END
		 7: RETURN %cl_1_7[3.6,] %self[3.2,3.6,2.0,] 
BB 4
	outgoing: 6 
	datadep: 
	instructions:
		 0: def_%cl_1_8 
		 1: def_%cl_1_9 %cl_1_8[4.0,] 
		 2: RETURN %cl_1_9[4.1,] %self[2.0,] 
BB 6
	outgoing: 
	datadep: 
	instructions:
CLOSURE END
		 12: RETURN %v_6[2.11,] %self[2.0,2.8,2.10,] 
BB 3
	outgoing: 
	datadep: 
	instructions:

SET IRMethod, name = create
BB 1
	outgoing: 6 2 
	datadep: 
	instructions:
BB 2
	outgoing: 3 4 
	datadep: 
	instructions:
		 0: def_%self 
		 1: def_%v_0 
		 2: COPY TYPE_CurrentScope def_%current_scope 
		 3: COPY TYPE_ScopeModule def_%current_module 
		 4: 
		 5: 
		 6: (Section) def_%v_3 
		 7: %self->params def_%v_4 %self[2.0,] 	 ARGS:
		 8: %v_4->[] def_%v_5 %v_4[2.7,] 	 ARGS:Symbol,
		 9: %v_3->new def_%v_6 %v_3[2.6,] %v_5[2.8,] 	 ARGS:%v_5,
		 10: ATTRASSIGN %self->section %v_6[2.9,] 
		 11: 
		 12: GETFIELD %self->section def_%v_7 %self[2.0,2.7,2.10,] 
		 13: %v_7->save def_%v_8 %v_7[2.12,] 	 ARGS:
		 14: BRANCH %v_8[2.13,] 
BB 3
	outgoing: 6 
	datadep: 
	instructions:
		 0: 
		 1: %self->admin_sections_url def_%v_9 %self[2.0,2.10,] 	 ARGS:
		 2: COPY TYPE_StringLiteral def_%v_10 
		 3: HASH-notice- def_%v_11 %v_10[3.2,] 
		 4: %self->redirect_to def_%v_12 %self[3.1,2.0,2.10,] %v_9[3.1,] %v_11[3.3,] 	 ARGS:%v_9,%v_11,
		 5: RETURN %v_12[3.4,] %self[3.1,3.4,2.0,2.10,] 
BB 4
	outgoing: 6 
	datadep: 
	instructions:
		 0: 
		 1: %self->flash def_%v_13 %self[2.0,2.10,] 	 ARGS:
		 2: %v_13->now def_%v_14 %v_13[4.1,] 	 ARGS:
		 3: COPY TYPE_StringLiteral def_%v_15 
		 4: ATTRASSIGN %v_14->[] %v_15[4.3,] 
		 5: 
		 6: %self->ruby_code_from_view def_%v_16 %self[4.1,2.0,2.10,] 	 ARGS:
		 7: %v_16->ruby_code_from_view def_%v_17 %v_16[4.6,] %self[4.1,4.6,2.0,2.10,] 	 ARGS:%v_16,
CLOSURE BEGIN: %self[4.1,4.6,2.0,2.10,] 
BB 1
	outgoing: 6 2 
	datadep: 
	instructions:
BB 2
	outgoing: 3 
	datadep: 
	instructions:
		 0: def_%self 
		 1: def_%cl_1_0 
		 2: RECEIVEARG def_rb_from_view 
		 3: COPY TYPE_CurrentScope def_%current_scope 
		 4: COPY TYPE_ScopeModule def_%current_module 
BB 3
	outgoing: 4 6 
	datadep: 
	instructions:
		 0: 
		 1: COPY TYPE_StringLiteral def_%cl_1_3 
		 2: %self->h1 def_%cl_1_4 %self[2.0,] %cl_1_3[3.1,] 	 ARGS:%cl_1_3,
		 3: 
		 4: GETFIELD %self->section def_%cl_1_5 %self[3.2,2.0,] 
		 5: COPY TYPE_Array def_%cl_1_6 %cl_1_5[3.4,] 
		 6: %self->form_for def_%cl_1_7 %self[3.2,2.0,] %cl_1_6[3.5,] %self[3.2,2.0,] 	 ARGS:%cl_1_6,%self,
CLOSURE BEGIN: %self[3.2,2.0,] form[] 
BB 1
	outgoing: 6 2 
	datadep: 
	instructions:
BB 2
	outgoing: 3 
	datadep: 
	instructions:
		 0: def_%self 
		 1: def_%cl_2_0 
		 2: RECEIVEARG def_form 
		 3: COPY TYPE_CurrentScope def_%current_scope 
		 4: COPY TYPE_ScopeModule def_%current_module 
BB 3
	outgoing: 4 6 
	datadep: 
	instructions:
		 0: 
		 1: %self->render def_%cl_2_3 %self[2.0,] form[2.2,] 	 ARGS:form,
		 2: RETURN %cl_2_3[3.1,] %self[3.1,2.0,] 
BB 4
	outgoing: 6 
	datadep: 
	instructions:
		 0: def_%cl_2_4 
		 1: def_%cl_2_5 %cl_2_4[4.0,] 
		 2: RETURN %cl_2_5[4.1,] %self[2.0,] 
BB 6
	outgoing: 
	datadep: 
	instructions:
CLOSURE END
		 7: RETURN %cl_1_7[3.6,] %self[3.2,3.6,2.0,] 
BB 4
	outgoing: 6 
	datadep: 
	instructions:
		 0: def_%cl_1_8 
		 1: def_%cl_1_9 %cl_1_8[4.0,] 
		 2: RETURN %cl_1_9[4.1,] %self[2.0,] 
BB 6
	outgoing: 
	datadep: 
	instructions:
CLOSURE END
		 8: RETURN %v_17[4.7,] %self[4.1,4.6,2.0,2.10,] 
BB 6
	outgoing: 
	datadep: 
	instructions:

SET IRMethod, name = edit
BB 1
	outgoing: 3 2 
	datadep: 
	instructions:
BB 2
	outgoing: 3 
	datadep: 
	instructions:
		 0: def_%self 
		 1: def_%v_0 
		 2: COPY TYPE_CurrentScope def_%current_scope 
		 3: COPY TYPE_ScopeModule def_%current_module 
		 4: 
		 5: 
		 6: %self->ruby_code_from_view def_%v_3 %self[2.0,] 	 ARGS:
		 7: %v_3->ruby_code_from_view def_%v_4 %v_3[2.6,] %self[2.0,2.6,] 	 ARGS:%v_3,
CLOSURE BEGIN: %self[2.0,2.6,] 
BB 1
	outgoing: 6 2 
	datadep: 
	instructions:
BB 2
	outgoing: 3 
	datadep: 
	instructions:
		 0: def_%self 
		 1: def_%cl_1_0 
		 2: RECEIVEARG def_rb_from_view 
		 3: COPY TYPE_CurrentScope def_%current_scope 
		 4: COPY TYPE_ScopeModule def_%current_module 
BB 3
	outgoing: 4 6 
	datadep: 
	instructions:
		 0: 
		 1: COPY TYPE_StringLiteral def_%cl_1_3 
		 2: %self->h1 def_%cl_1_4 %self[2.0,] %cl_1_3[3.1,] 	 ARGS:%cl_1_3,
		 3: 
		 4: GETFIELD %self->section def_%cl_1_5 %self[3.2,2.0,] 
		 5: COPY TYPE_Array def_%cl_1_6 %cl_1_5[3.4,] 
		 6: %self->form_for def_%cl_1_7 %self[3.2,2.0,] %cl_1_6[3.5,] %self[3.2,2.0,] 	 ARGS:%cl_1_6,%self,
CLOSURE BEGIN: %self[3.2,2.0,] form[] 
BB 1
	outgoing: 6 2 
	datadep: 
	instructions:
BB 2
	outgoing: 3 
	datadep: 
	instructions:
		 0: def_%self 
		 1: def_%cl_2_0 
		 2: RECEIVEARG def_form 
		 3: COPY TYPE_CurrentScope def_%current_scope 
		 4: COPY TYPE_ScopeModule def_%current_module 
BB 3
	outgoing: 4 6 
	datadep: 
	instructions:
		 0: 
		 1: %self->render def_%cl_2_3 %self[2.0,] form[2.2,] 	 ARGS:form,
		 2: RETURN %cl_2_3[3.1,] %self[3.1,2.0,] 
BB 4
	outgoing: 6 
	datadep: 
	instructions:
		 0: def_%cl_2_4 
		 1: def_%cl_2_5 %cl_2_4[4.0,] 
		 2: RETURN %cl_2_5[4.1,] %self[2.0,] 
BB 6
	outgoing: 
	datadep: 
	instructions:
CLOSURE END
		 7: RETURN %cl_1_7[3.6,] %self[3.2,3.6,2.0,] 
BB 4
	outgoing: 6 
	datadep: 
	instructions:
		 0: def_%cl_1_8 
		 1: def_%cl_1_9 %cl_1_8[4.0,] 
		 2: RETURN %cl_1_9[4.1,] %self[2.0,] 
BB 6
	outgoing: 
	datadep: 
	instructions:
CLOSURE END
		 8: RETURN %v_4[2.7,] %self[2.0,2.6,] 
BB 3
	outgoing: 
	datadep: 
	instructions:

SET IRMethod, name = update
BB 1
	outgoing: 6 2 
	datadep: 
	instructions:
BB 2
	outgoing: 3 4 
	datadep: 
	instructions:
		 0: def_%self 
		 1: def_%v_0 
		 2: COPY TYPE_CurrentScope def_%current_scope 
		 3: COPY TYPE_ScopeModule def_%current_module 
		 4: 
		 5: 
		 6: GETFIELD %self->section def_%v_3 %self[2.0,] 
		 7: %self->params def_%v_4 %self[2.0,] 	 ARGS:
		 8: %v_4->[] def_%v_5 %v_4[2.7,] 	 ARGS:Symbol,
		 9: ATTRASSIGN %v_3->attributes %v_5[2.8,] 
		 10: 
		 11: GETFIELD %self->section def_%v_6 %self[2.0,2.7,] 
		 12: %v_6->save def_%v_7 %v_6[2.11,] 	 ARGS:
		 13: BRANCH %v_7[2.12,] 
BB 3
	outgoing: 6 
	datadep: 
	instructions:
		 0: 
		 1: %self->admin_sections_url def_%v_8 %self[2.0,] 	 ARGS:
		 2: COPY TYPE_StringLiteral def_%v_9 
		 3: HASH-notice- def_%v_10 %v_9[3.2,] 
		 4: %self->redirect_to def_%v_11 %self[3.1,2.0,] %v_8[3.1,] %v_10[3.3,] 	 ARGS:%v_8,%v_10,
		 5: RETURN %v_11[3.4,] %self[3.1,3.4,2.0,] 
BB 4
	outgoing: 6 
	datadep: 
	instructions:
		 0: 
		 1: %self->flash def_%v_12 %self[2.0,] 	 ARGS:
		 2: %v_12->now def_%v_13 %v_12[4.1,] 	 ARGS:
		 3: COPY TYPE_StringLiteral def_%v_14 
		 4: ATTRASSIGN %v_13->[] %v_14[4.3,] 
		 5: 
		 6: %self->ruby_code_from_view def_%v_15 %self[4.1,2.0,] 	 ARGS:
		 7: %v_15->ruby_code_from_view def_%v_16 %v_15[4.6,] %self[4.1,4.6,2.0,] 	 ARGS:%v_15,
CLOSURE BEGIN: %self[4.1,4.6,2.0,] 
BB 1
	outgoing: 6 2 
	datadep: 
	instructions:
BB 2
	outgoing: 3 
	datadep: 
	instructions:
		 0: def_%self 
		 1: def_%cl_1_0 
		 2: RECEIVEARG def_rb_from_view 
		 3: COPY TYPE_CurrentScope def_%current_scope 
		 4: COPY TYPE_ScopeModule def_%current_module 
BB 3
	outgoing: 4 6 
	datadep: 
	instructions:
		 0: 
		 1: COPY TYPE_StringLiteral def_%cl_1_3 
		 2: %self->h1 def_%cl_1_4 %self[2.0,] %cl_1_3[3.1,] 	 ARGS:%cl_1_3,
		 3: 
		 4: GETFIELD %self->section def_%cl_1_5 %self[3.2,2.0,] 
		 5: COPY TYPE_Array def_%cl_1_6 %cl_1_5[3.4,] 
		 6: %self->form_for def_%cl_1_7 %self[3.2,2.0,] %cl_1_6[3.5,] %self[3.2,2.0,] 	 ARGS:%cl_1_6,%self,
CLOSURE BEGIN: %self[3.2,2.0,] form[] 
BB 1
	outgoing: 6 2 
	datadep: 
	instructions:
BB 2
	outgoing: 3 
	datadep: 
	instructions:
		 0: def_%self 
		 1: def_%cl_2_0 
		 2: RECEIVEARG def_form 
		 3: COPY TYPE_CurrentScope def_%current_scope 
		 4: COPY TYPE_ScopeModule def_%current_module 
BB 3
	outgoing: 4 6 
	datadep: 
	instructions:
		 0: 
		 1: %self->render def_%cl_2_3 %self[2.0,] form[2.2,] 	 ARGS:form,
		 2: RETURN %cl_2_3[3.1,] %self[3.1,2.0,] 
BB 4
	outgoing: 6 
	datadep: 
	instructions:
		 0: def_%cl_2_4 
		 1: def_%cl_2_5 %cl_2_4[4.0,] 
		 2: RETURN %cl_2_5[4.1,] %self[2.0,] 
BB 6
	outgoing: 
	datadep: 
	instructions:
CLOSURE END
		 7: RETURN %cl_1_7[3.6,] %self[3.2,3.6,2.0,] 
BB 4
	outgoing: 6 
	datadep: 
	instructions:
		 0: def_%cl_1_8 
		 1: def_%cl_1_9 %cl_1_8[4.0,] 
		 2: RETURN %cl_1_9[4.1,] %self[2.0,] 
BB 6
	outgoing: 
	datadep: 
	instructions:
CLOSURE END
		 8: RETURN %v_16[4.7,] %self[4.1,4.6,2.0,] 
BB 6
	outgoing: 
	datadep: 
	instructions:

SET IRMethod, name = destroy
BB 1
	outgoing: 3 2 
	datadep: 
	instructions:
BB 2
	outgoing: 3 
	datadep: 
	instructions:
		 0: def_%self 
		 1: def_%v_0 
		 2: COPY TYPE_CurrentScope def_%current_scope 
		 3: COPY TYPE_ScopeModule def_%current_module 
		 4: 
		 5: 
		 6: GETFIELD %self->section def_%v_3 %self[2.0,] 
		 7: %v_3->archive def_%v_4 %v_3[2.6,] 	 ARGS:
		 8: 
		 9: %self->admin_sections_url def_%v_5 %self[2.0,] 	 ARGS:
		 10: COPY TYPE_StringLiteral def_%v_6 
		 11: HASH-notice- def_%v_7 %v_6[2.10,] 
		 12: %self->redirect_to def_%v_8 %self[2.0,2.9,] %v_5[2.9,] %v_7[2.11,] 	 ARGS:%v_5,%v_7,
		 13: RETURN %v_8[2.12,] %self[2.0,2.9,2.12,] 
BB 3
	outgoing: 
	datadep: 
	instructions:

SET IRMethod, name = find_section
BB 1
	outgoing: 3 2 
	datadep: 
	instructions:
BB 2
	outgoing: 3 
	datadep: 
	instructions:
		 0: def_%self 
		 1: def_%v_0 
		 2: COPY TYPE_CurrentScope def_%current_scope 
		 3: COPY TYPE_ScopeModule def_%current_module 
		 4: 
		 5: 
		 6: (Section) def_%v_3 
		 7: %self->params def_%v_4 %self[2.0,] 	 ARGS:
		 8: %v_4->[] def_%v_5 %v_4[2.7,] 	 ARGS:Symbol,
		 9: %v_3->find def_%v_6 %v_3[2.6,] %v_5[2.8,] 	 ARGS:%v_5,
		 10: ATTRASSIGN %self->section %v_6[2.9,] 
		 11: RETURN %v_6[2.9,] %self[2.0,2.7,2.10,] 
BB 3
	outgoing: 
	datadep: 
	instructions:

