SET IRMethod, name = index
BB 1
	outgoing: 3 2 
	datadep: 
	instructions:
BB 2
	outgoing: 3 
	datadep: 
	instructions:
		 0: def_%self 
		 1: def_%v_0 
		 2: COPY def_%current_scope 
		 3: COPY def_%current_module 
		 4: 
		 5: 
		 6: (User) def_%v_3 
		 7: %v_3->from_this_year def_%v_4 %v_3[2.6,] 
		 8: ATTRASSIGN %self->@users_from_this_year %self[2.0,] %v_4[2.7,] 
		 9: 
		 10: (User) def_%v_5 
		 11: %v_5->count def_%v_6 %v_5[2.10,] 
		 12: ATTRASSIGN %self->@users_total %self[2.0,2.8,] %v_6[2.11,] 
		 13: 
		 14: (Project) def_%v_7 
		 15: %v_7->from_this_year def_%v_8 %v_7[2.14,] 
		 16: ATTRASSIGN %self->@projects_from_this_year %self[2.0,2.8,2.12,] %v_8[2.15,] 
		 17: 
		 18: (Project) def_%v_9 
		 19: %v_9->count def_%v_10 %v_9[2.18,] 
		 20: ATTRASSIGN %self->@projects_total %self[2.0,2.8,2.12,2.16,] %v_10[2.19,] 
		 21: 
		 22: (TaskRecord) def_%v_11 
		 23: %v_11->from_this_year def_%v_12 %v_11[2.22,] 
		 24: ATTRASSIGN %self->@tasks_from_this_year %self[2.0,2.8,2.12,2.16,2.20,] %v_12[2.23,] 
		 25: 
		 26: (TaskRecord) def_%v_13 
		 27: %v_13->count def_%v_14 %v_13[2.26,] 
		 28: ATTRASSIGN %self->@tasks_total %self[2.0,2.8,2.12,2.16,2.20,2.24,] %v_14[2.27,] 
		 29: 
		 30: (User) def_%v_15 
		 31: %v_15->recent_users def_%v_16 %v_15[2.30,] 
		 32: ATTRASSIGN %self->@last_50_users %self[2.0,2.8,2.12,2.16,2.20,2.24,2.28,] %v_16[2.31,] 
		 33: 
		 34: %self->ruby_code_from_view def_%v_17 %self[2.0,2.8,2.12,2.16,2.20,2.24,2.28,2.32,] 
		 35: %v_17->ruby_code_from_view def_%v_18 %v_17[2.34,] %self[2.0,2.8,2.12,2.16,2.20,2.24,2.28,2.32,2.34,] 
CLOSURE BEGIN: %self[2.0,2.8,2.12,2.16,2.20,2.24,2.28,2.32,2.34,] 
BB 1
	outgoing: 6 2 
	datadep: 
	instructions:
BB 2
	outgoing: 3 
	datadep: 
	instructions:
		 0: def_%self 
		 1: def_%cl_1_0 
		 2: RECEIVEARG def_rb_from_view 
		 3: COPY def_%current_scope 
		 4: COPY def_%current_module 
BB 3
	outgoing: 4 6 
	datadep: 
	instructions:
		 0: 
		 1: def_%cl_1_3 %self[2.0,] %self[2.0,] 
CLOSURE BEGIN: %self[2.0,] 
BB 1
	outgoing: 6 2 
	datadep: 
	instructions:
BB 2
	outgoing: 3 
	datadep: 
	instructions:
		 0: def_%self 
		 1: def_%cl_2_0 
		 2: COPY def_%current_scope 
		 3: COPY def_%current_module 
BB 3
	outgoing: 4 6 
	datadep: 
	instructions:
		 0: 
		 1: def_%cl_2_3 %cl_2_0[2.1,] 
		 2: 
		 3: def_%cl_2_4 %cl_2_0[2.1,] 
		 4: 
		 5: %self->ruby_code_from_view def_%cl_2_5 %self[2.0,] 
		 6: %cl_2_5->ruby_code_from_view def_%cl_2_6 %cl_2_5[3.5,] %self[3.5,2.0,] 
CLOSURE BEGIN: %self[3.5,2.0,] 
BB 1
	outgoing: 6 2 
	datadep: 
	instructions:
BB 2
	outgoing: 3 
	datadep: 
	instructions:
		 0: def_%self 
		 1: def_%cl_3_0 
		 2: RECEIVEARG def_rb_from_view 
		 3: COPY def_%current_scope 
		 4: COPY def_%current_module 
BB 3
	outgoing: 4 6 
	datadep: 
	instructions:
		 0: 
		 1: COPY def_%cl_3_3 
		 2: %self->t def_%cl_3_4 %self[2.0,] %cl_3_3[3.1,] 
		 3: 
		 4: COPY def_%cl_3_5 
		 5: %self->t def_%cl_3_6 %self[3.2,2.0,] %cl_3_5[3.4,] 
		 6: 
		 7: %self->current_user def_%cl_3_7 %self[3.2,3.5,2.0,] 
		 8: %self->filters_user_path def_%cl_3_8 %self[3.2,3.5,3.7,2.0,] %cl_3_7[3.7,] 
		 9: 
		 10: COPY def_%cl_3_9 
		 11: %self->t def_%cl_3_10 %self[3.2,3.5,3.7,3.8,2.0,] %cl_3_9[3.10,] 
		 12: 
		 13: (TaskFilter) def_%cl_3_11 
		 14: %self->current_user def_%cl_3_12 %self[3.2,3.5,3.7,3.8,3.11,2.0,] 
		 15: %cl_3_11->recent_for def_%cl_3_13 %cl_3_11[3.13,] %cl_3_12[3.14,] 
		 16: %cl_3_13->each def_%cl_3_14 %cl_3_13[3.15,] %self[3.2,3.5,3.7,3.8,3.11,3.14,2.0,] 
CLOSURE BEGIN: %self[3.2,3.5,3.7,3.8,3.11,3.14,2.0,] filter[] 
BB 1
	outgoing: 6 2 
	datadep: 
	instructions:
BB 2
	outgoing: 3 
	datadep: 
	instructions:
		 0: def_%self 
		 1: def_%cl_4_0 
		 2: RECEIVEARG def_filter 
		 3: COPY def_%current_scope 
		 4: COPY def_%current_module 
BB 3
	outgoing: 4 6 
	datadep: 
	instructions:
		 0: 
		 1: %self->select_task_filter_link def_%cl_4_3 %self[2.0,] filter[2.2,] 
		 2: RETURN %cl_4_3[3.1,] %self[3.1,2.0,] 
BB 4
	outgoing: 6 
	datadep: 
	instructions:
		 0: def_%cl_4_4 
		 1: def_%cl_4_5 %cl_4_4[4.0,] 
		 2: RETURN %cl_4_5[4.1,] %self[2.0,] 
BB 6
	outgoing: 
	datadep: 
	instructions:
CLOSURE END
		 17: 
		 18: %self->link_to_open_tasks def_%cl_3_15 %self[3.2,3.5,3.7,3.8,3.11,3.14,2.0,] 
		 19: 
		 20: %self->current_user def_%cl_3_16 %self[3.2,3.5,3.7,3.8,3.11,3.14,3.18,2.0,] 
		 21: %self->link_to_open_tasks def_%cl_3_17 %self[3.2,3.5,3.7,3.8,3.11,3.14,3.18,3.20,2.0,] %cl_3_16[3.20,] 
		 22: 
		 23: %self->current_user def_%cl_3_18 %self[3.2,3.5,3.7,3.8,3.11,3.14,3.18,3.20,3.21,2.0,] 
		 24: %self->link_to_unread_tasks def_%cl_3_19 %self[3.2,3.5,3.7,3.8,3.11,3.14,3.18,3.20,3.21,3.23,2.0,] %cl_3_18[3.23,] 
		 25: 
		 26: %self->current_user def_%cl_3_20 %self[3.2,3.5,3.7,3.8,3.11,3.14,3.18,3.20,3.21,3.23,3.24,2.0,] 
		 27: %cl_3_20->visible_task_filters def_%cl_3_21 %cl_3_20[3.26,] 
		 28: %cl_3_21->each def_%cl_3_22 %cl_3_21[3.27,] %self[3.2,3.5,3.7,3.8,3.11,3.14,3.18,3.20,3.21,3.23,3.24,3.26,2.0,] 
CLOSURE BEGIN: %self[3.2,3.5,3.7,3.8,3.11,3.14,3.18,3.20,3.21,3.23,3.24,3.26,2.0,] tf[] 
BB 1
	outgoing: 6 2 
	datadep: 
	instructions:
BB 2
	outgoing: 3 
	datadep: 
	instructions:
		 0: def_%self 
		 1: def_%cl_5_0 
		 2: RECEIVEARG def_tf 
		 3: COPY def_%current_scope 
		 4: COPY def_%current_module 
BB 3
	outgoing: 4 6 
	datadep: 
	instructions:
		 0: 
		 1: %self->select_task_filter_link def_%cl_5_3 %self[2.0,] tf[2.2,] 
		 2: RETURN %cl_5_3[3.1,] %self[3.1,2.0,] 
BB 4
	outgoing: 6 
	datadep: 
	instructions:
		 0: def_%cl_5_4 
		 1: def_%cl_5_5 %cl_5_4[4.0,] 
		 2: RETURN %cl_5_5[4.1,] %self[2.0,] 
BB 6
	outgoing: 
	datadep: 
	instructions:
CLOSURE END
		 29: RETURN %cl_3_22[3.28,] %self[3.2,3.5,3.7,3.8,3.11,3.14,3.18,3.20,3.21,3.23,3.24,3.26,2.0,] 
BB 4
	outgoing: 6 
	datadep: 
	instructions:
		 0: def_%cl_3_23 
		 1: def_%cl_3_24 %cl_3_23[4.0,] 
		 2: RETURN %cl_3_24[4.1,] %self[2.0,] 
BB 6
	outgoing: 
	datadep: 
	instructions:
CLOSURE END
		 7: 
		 8: %self->ruby_code_from_view def_%cl_2_7 %self[3.5,2.0,] 
		 9: %cl_2_7->ruby_code_from_view def_%cl_2_8 %cl_2_7[3.8,] %self[3.5,3.8,2.0,] 
CLOSURE BEGIN: %self[3.5,3.8,2.0,] 
BB 1
	outgoing: 6 2 
	datadep: 
	instructions:
BB 2
	outgoing: 3 
	datadep: 
	instructions:
		 0: def_%self 
		 1: def_%cl_6_0 
		 2: RECEIVEARG def_rb_from_view 
		 3: COPY def_%current_scope 
		 4: COPY def_%current_module 
BB 3
	outgoing: 4 6 
	datadep: 
	instructions:
		 0: 
		 1: COPY def_%cl_6_3 
		 2: %self->current_user def_%cl_6_4 %self[2.0,] 
		 3: %cl_6_4->company_id def_%cl_6_5 %cl_6_4[3.2,] 
		 4: COPY def_%cl_6_6 
		 5: def_%cl_6_7 %cl_6_3[3.1,] %cl_6_5[3.3,] %cl_6_6[3.4,] 
		 6: %self->current_user def_%cl_6_8 %self[3.2,2.0,] 
		 7: %cl_6_8->id def_%cl_6_9 %cl_6_8[3.6,] 
		 8: %self->grouped_cache_key def_%cl_6_10 %self[3.2,3.6,2.0,] %cl_6_7[3.5,] %cl_6_9[3.7,] 
		 9: def_%cl_6_11 %self[3.2,3.6,3.8,2.0,] %cl_6_10[3.8,] %self[3.2,3.6,3.8,2.0,] 
CLOSURE BEGIN: %self[3.2,3.6,3.8,2.0,] 
BB 1
	outgoing: 9 2 
	datadep: 
	instructions:
BB 2
	outgoing: 3 
	datadep: 
	instructions:
		 0: def_%self 
		 1: def_%cl_7_0 
		 2: COPY def_%current_scope 
		 3: COPY def_%current_module 
BB 3
	outgoing: 4 5 7 
	datadep: 
	instructions:
		 0: 
		 1: COPY def_%cl_7_3 
		 2: %self->t def_%cl_7_4 %self[2.0,] %cl_7_3[3.1,] 
		 3: 
		 4: %self->current_user def_%cl_7_5 %self[3.2,2.0,] 
		 5: %cl_7_5->admin? def_%cl_7_6 %cl_7_5[3.4,] 
		 6: BRANCH %cl_7_6[3.5,] 
BB 4
	outgoing: 6 7 
	datadep: 
	instructions:
		 0: 
		 1: COPY def_%cl_7_7 
		 2: %self->t def_%cl_7_8 %self[2.0,] %cl_7_7[4.1,] 
		 3: 
BB 5
	outgoing: 6 
	datadep: 
	instructions:
		 0: COPY def_%cl_7_8 
BB 6
	outgoing: 7 9 
	datadep: 
	instructions:
		 0: 
		 1: %self->tag_links def_%cl_7_9 %self[2.0,] 
		 2: RETURN %cl_7_9[6.1,] %self[6.1,2.0,] 
BB 7
	outgoing: 9 
	datadep: 
	instructions:
		 0: def_%cl_7_10 
		 1: def_%cl_7_11 %cl_7_10[7.0,] 
		 2: RETURN %cl_7_11[7.1,] %self[2.0,] 
BB 9
	outgoing: 
	datadep: 
	instructions:
CLOSURE END
		 10: RETURN %cl_6_11[3.9,] %self[3.2,3.6,3.8,2.0,] 
BB 4
	outgoing: 6 
	datadep: 
	instructions:
		 0: def_%cl_6_12 
		 1: def_%cl_6_13 %cl_6_12[4.0,] 
		 2: RETURN %cl_6_13[4.1,] %self[2.0,] 
BB 6
	outgoing: 
	datadep: 
	instructions:
CLOSURE END
		 10: 
		 11: %self->ruby_code_from_view def_%cl_2_9 %self[3.5,3.8,2.0,] 
		 12: %cl_2_9->ruby_code_from_view def_%cl_2_10 %cl_2_9[3.11,] %self[3.5,3.8,3.11,2.0,] 
CLOSURE BEGIN: %self[3.5,3.8,3.11,2.0,] count[] 
BB 1
	outgoing: 14 2 
	datadep: 
	instructions:
BB 2
	outgoing: 3 
	datadep: 
	instructions:
		 0: def_%self 
		 1: def_%cl_8_0 
		 2: RECEIVEARG def_rb_from_view 
		 3: COPY def_%current_scope 
		 4: COPY def_%current_module 
BB 3
	outgoing: 4 5 12 
	datadep: 
	instructions:
		 0: 
		 1: %self->current_user def_%cl_8_3 %self[2.0,] 
		 2: %cl_8_3->id def_%cl_8_4 %cl_8_3[3.1,] 
		 3: 
		 4: %self->current_user def_%cl_8_5 %self[3.1,2.0,] 
		 5: %cl_8_5->id def_%cl_8_6 %cl_8_5[3.4,] 
		 6: 
		 7: COPY def_%cl_8_7 
		 8: %self->t def_%cl_8_8 %self[3.1,3.4,2.0,] %cl_8_7[3.7,] 
		 9: 
		 10: count->nil? def_%cl_8_9 count[] 
		 11: BRANCH %cl_8_9[3.10,] 
BB 4
	outgoing: 5 12 
	datadep: 
	instructions:
		 0: def_%cl_8_10 count[] 
		 1: COPY def_%cl_8_9 %cl_8_10[4.0,] 
BB 5
	outgoing: 6 7 
	datadep: 
	instructions:
		 0: BRANCH %cl_8_9[4.1,3.10,] 
BB 6
	outgoing: 8 
	datadep: 
	instructions:
		 0: COPY def_count 
		 1: COPY def_%cl_8_11 
		 2: 
BB 7
	outgoing: 8 
	datadep: 
	instructions:
		 0: COPY def_%cl_8_11 
BB 8
	outgoing: 9 10 12 
	datadep: 
	instructions:
		 0: 
		 1: %self->current_user def_%cl_8_12 %self[2.0,] 
		 2: COPY def_%cl_8_13 count[6.0,] 
		 3: def_%cl_8_14 %cl_8_12[8.1,] %cl_8_13[8.2,] %self[8.1,2.0,] 
CLOSURE BEGIN: %self[8.1,2.0,] 
BB 1
	outgoing: 6 2 
	datadep: 
	instructions:
BB 2
	outgoing: 3 
	datadep: 
	instructions:
		 0: def_%self 
		 1: def_%cl_9_0 
		 2: RECEIVEARG def_task 
		 3: COPY def_%current_scope 
		 4: COPY def_%current_module 
BB 3
	outgoing: 4 6 
	datadep: 
	instructions:
		 0: 
		 1: %self->ruby_code_from_view def_%cl_9_3 %self[2.0,] 
		 2: %cl_9_3->ruby_code_from_view def_%cl_9_4 %cl_9_3[3.1,] %self[3.1,2.0,] 
CLOSURE BEGIN: pill_date[] task[2.2,] time[] sorting_disabled[] %self[3.1,2.0,] 
BB 1
	outgoing: 24 2 
	datadep: 
	instructions:
BB 2
	outgoing: 4 5 
	datadep: 
	instructions:
		 0: def_%self 
		 1: def_%cl_10_0 
		 2: RECEIVEARG def_rb_from_view 
		 3: COPY def_%current_scope 
		 4: COPY def_%current_module 
		 5: 
		 6: COPY def_%cl_10_3 pill_date[] 
		 7: COPY def_%cl_10_4 pill_date[] 
		 8: BRANCH pill_date[] 
BB 4
	outgoing: 5 22 
	datadep: 
	instructions:
		 0: task->estimate_date def_%cl_10_5 task[] 
		 1: COPY def_pill_date %cl_10_5[4.0,] 
		 2: COPY def_%cl_10_4 %cl_10_5[4.0,] 
BB 5
	outgoing: 6 7 
	datadep: 
	instructions:
		 0: 
		 1: COPY def_%cl_10_6 time[] 
		 2: COPY def_%cl_10_7 time[] 
		 3: BRANCH time[] 
BB 6
	outgoing: 7 
	datadep: 
	instructions:
		 0: COPY def_time 
		 1: COPY def_%cl_10_7 
BB 7
	outgoing: 8 9 
	datadep: 
	instructions:
		 0: 
		 1: COPY def_%cl_10_8 sorting_disabled[] 
		 2: COPY def_%cl_10_9 sorting_disabled[] 
		 3: BRANCH sorting_disabled[] 
BB 8
	outgoing: 9 
	datadep: 
	instructions:
		 0: COPY def_sorting_disabled 
		 1: COPY def_%cl_10_9 
BB 9
	outgoing: 10 11 22 
	datadep: 
	instructions:
		 0: 
		 1: %self->user def_%cl_10_10 %self[2.0,] 
		 2: %cl_10_10->top_next_task def_%cl_10_11 %cl_10_10[9.1,] 
		 3: %cl_10_11->== def_%cl_10_12 %cl_10_11[9.2,] task[] 
		 4: BRANCH %cl_10_12[9.3,] 
BB 10
	outgoing: 12 
	datadep: 
	instructions:
		 0: COPY def_%cl_10_13 
		 1: 
BB 11
	outgoing: 12 
	datadep: 
	instructions:
		 0: COPY def_%cl_10_13 
BB 12
	outgoing: 13 15 22 
	datadep: 
	instructions:
		 0: 
		 1: %self->user def_%cl_10_14 %self[2.0,] 
		 2: %cl_10_14->tz def_%cl_10_15 %cl_10_14[12.1,] 
		 3: %self->human_future_date def_%cl_10_16 %self[12.1,2.0,] pill_date[4.1,] %cl_10_15[12.2,] 
		 4: 
		 5: task->css_classes def_%cl_10_17 task[] 
		 6: 
		 7: COPY def_%cl_10_18 
		 8: task->task_num def_%cl_10_19 task[12.5,] 
		 9: COPY def_%cl_10_20 
		 10: def_%cl_10_21 %cl_10_18[12.7,] %cl_10_19[12.8,] %cl_10_20[12.9,] 
		 11: %cl_10_21->html_safe def_%cl_10_22 %cl_10_21[12.10,] 
		 12: task->task_num def_%cl_10_23 task[12.5,12.8,] 
		 13: %self->task_view_path def_%cl_10_24 %self[12.1,12.3,2.0,] %cl_10_23[12.12,] 
		 14: COPY def_%cl_10_25 
		 15: task->id def_%cl_10_26 task[12.5,12.8,12.12,] 
		 16: COPY def_%cl_10_27 
		 17: %self->user def_%cl_10_28 %self[12.1,12.3,12.13,2.0,] 
		 18: %self->task_detail def_%cl_10_29 %self[12.1,12.3,12.13,12.17,2.0,] task[12.5,12.8,12.12,12.15,] %cl_10_28[12.17,] 
		 19: COPY def_%cl_10_30 %cl_10_25[12.14,] %cl_10_26[12.15,] %cl_10_27[12.16,] %cl_10_29[12.18,] 
		 20: %self->link_to def_%cl_10_31 %self[12.1,12.3,12.13,12.17,12.18,2.0,] %cl_10_22[12.11,] %cl_10_24[12.13,] %cl_10_30[12.19,] 
		 21: 
		 22: task->name def_%cl_10_32 task[12.5,12.8,12.12,12.15,] 
		 23: 
		 24: def_%cl_10_34 time[6.0,] 
		 25: BRANCH %cl_10_34[12.24,] 
BB 13
	outgoing: 14 16 22 
	datadep: 
	instructions:
		 0: def_%cl_10_35 time[6.0,] 
		 1: BRANCH %cl_10_35[13.0,] 
BB 14
	outgoing: 18 
	datadep: 
	instructions:
		 0: COPY def_%cl_10_33 
		 1: 
BB 15
	outgoing: 18 22 
	datadep: 
	instructions:
		 0: 
		 1: COPY def_%cl_10_36 
		 2: (TimeParser) def_%cl_10_37 
		 3: task->minutes_left def_%cl_10_38 task[] 
		 4: %cl_10_37->format_duration def_%cl_10_39 %cl_10_37[15.2,] %cl_10_38[15.3,] 
		 5: def_%cl_10_40 %cl_10_36[15.1,] %cl_10_39[15.4,] 
		 6: COPY def_%cl_10_41 
		 7: def_%cl_10_42 %cl_10_40[15.5,] %cl_10_41[15.6,] 
		 8: COPY def_%cl_10_33 %cl_10_42[15.7,] 
		 9: 
BB 16
	outgoing: 18 22 
	datadep: 
	instructions:
		 0: 
		 1: COPY def_%cl_10_43 
		 2: (TimeParser) def_%cl_10_44 
		 3: task->worked_minutes def_%cl_10_45 task[] 
		 4: %cl_10_44->format_duration def_%cl_10_46 %cl_10_44[16.2,] %cl_10_45[16.3,] 
		 5: def_%cl_10_47 %cl_10_43[16.1,] %cl_10_46[16.4,] 
		 6: COPY def_%cl_10_48 
		 7: def_%cl_10_49 %cl_10_47[16.5,] %cl_10_48[16.6,] 
		 8: COPY def_%cl_10_33 %cl_10_49[16.7,] 
		 9: 
BB 18
	outgoing: 19 20 
	datadep: 
	instructions:
		 0: 
		 1: BRANCH sorting_disabled[8.0,] 
BB 19
	outgoing: 24 
	datadep: 
	instructions:
		 0: COPY def_%cl_10_50 
		 1: RETURN %cl_10_50[19.0,] %self[2.0,] 
BB 20
	outgoing: 22 24 
	datadep: 
	instructions:
		 0: 
		 1: COPY def_%cl_10_51 
		 2: %cl_10_51->html_safe def_%cl_10_52 %cl_10_51[20.1,] 
		 3: COPY def_%cl_10_53 
		 4: COPY def_%cl_10_54 
		 5: %self->t def_%cl_10_55 %self[2.0,] %cl_10_54[20.4,] 
		 6: COPY def_%cl_10_56 
		 7: COPY def_%cl_10_57 %cl_10_55[20.5,] %cl_10_56[20.6,] 
		 8: %self->link_to def_%cl_10_58 %self[20.5,2.0,] %cl_10_52[20.2,] %cl_10_53[20.3,] %cl_10_57[20.7,] 
		 9: RETURN %cl_10_58[20.8,] %self[20.5,20.8,2.0,] 
BB 22
	outgoing: 24 
	datadep: 
	instructions:
		 0: def_%cl_10_59 
		 1: def_%cl_10_60 %cl_10_59[22.0,] 
		 2: RETURN %cl_10_60[22.1,] %self[2.0,] 
BB 24
	outgoing: 
	datadep: 
	instructions:
CLOSURE END
		 3: RETURN %cl_9_4[3.2,] %self[3.1,2.0,] 
BB 4
	outgoing: 6 
	datadep: 
	instructions:
		 0: def_%cl_9_5 
		 1: def_%cl_9_6 %cl_9_5[4.0,] 
		 2: RETURN %cl_9_6[4.1,] %self[2.0,] 
BB 6
	outgoing: 
	datadep: 
	instructions:
CLOSURE END
		 4: 
		 5: %self->current_user def_%cl_8_15 %self[8.1,2.0,] 
		 6: %cl_8_15->tasks def_%cl_8_16 %cl_8_15[8.5,] 
		 7: %cl_8_16->open_only def_%cl_8_17 %cl_8_16[8.6,] 
		 8: %cl_8_17->not_snoozed def_%cl_8_18 %cl_8_17[8.7,] 
		 9: %cl_8_18->count def_%cl_8_19 %cl_8_18[8.8,] 
		 10: def_%cl_8_20 %cl_8_19[8.9,] count[6.0,] 
		 11: BRANCH %cl_8_20[8.10,] 
BB 9
	outgoing: 11 12 
	datadep: 
	instructions:
		 0: 
		 1: COPY def_%cl_8_21 
		 2: %self->t def_%cl_8_22 %self[2.0,] %cl_8_21[9.1,] 
		 3: 
BB 10
	outgoing: 14 
	datadep: 
	instructions:
		 0: RETURN %self[2.0,] 
BB 11
	outgoing: 14 
	datadep: 
	instructions:
		 0: RETURN %cl_8_22[9.2,] %self[2.0,] 
BB 12
	outgoing: 14 
	datadep: 
	instructions:
		 0: def_%cl_8_23 
		 1: def_%cl_8_24 %cl_8_23[12.0,] 
		 2: RETURN %cl_8_24[12.1,] %self[2.0,] 
BB 14
	outgoing: 
	datadep: 
	instructions:
CLOSURE END
		 13: RETURN %cl_2_10[3.12,] %self[3.5,3.8,3.11,2.0,] 
BB 4
	outgoing: 6 
	datadep: 
	instructions:
		 0: def_%cl_2_11 
		 1: def_%cl_2_12 %cl_2_11[4.0,] 
		 2: RETURN %cl_2_12[4.1,] %self[2.0,] 
BB 6
	outgoing: 
	datadep: 
	instructions:
CLOSURE END
		 2: 
		 3: %self->ruby_code_from_view def_%cl_1_4 %self[2.0,] 
		 4: %cl_1_4->ruby_code_from_view def_%cl_1_5 %cl_1_4[3.3,] %self[3.3,2.0,] 
CLOSURE BEGIN: %self[3.3,2.0,] 
BB 1
	outgoing: 14 2 
	datadep: 
	instructions:
BB 2
	outgoing: 3 
	datadep: 
	instructions:
		 0: def_%self 
		 1: def_%cl_11_0 
		 2: RECEIVEARG def_rb_from_view 
		 3: COPY def_%current_scope 
		 4: COPY def_%current_module 
BB 3
	outgoing: 4 5 12 
	datadep: 
	instructions:
		 0: 
		 1: COPY def_%cl_11_3 
		 2: %self->javascript_include_tag def_%cl_11_4 %self[2.0,] %cl_11_3[3.1,] 
		 3: 
		 4: def_%cl_11_5 %cl_11_0[2.1,] 
		 5: 
		 6: COPY def_%cl_11_6 
		 7: %self->stylesheet_link_tag def_%cl_11_7 %self[3.2,2.0,] %cl_11_6[3.6,] 
		 8: 
		 9: COPY def_%cl_11_8 
		 10: COPY def_%cl_11_9 
		 11: %self->current_user def_%cl_11_10 %self[3.2,3.7,2.0,] 
		 12: %cl_11_10->uuid def_%cl_11_11 %cl_11_10[3.11,] 
		 13: COPY def_%cl_11_12 %cl_11_8[3.9,] %cl_11_9[3.10,] %cl_11_11[3.12,] 
		 14: %self->auto_discovery_link_tag def_%cl_11_13 %self[3.2,3.7,3.11,2.0,] %cl_11_12[3.13,] 
		 15: 
		 16: %self->csrf_meta_tag def_%cl_11_14 %self[3.2,3.7,3.11,3.14,2.0,] 
		 17: 
		 18: def_%cl_11_15 %self[3.2,3.7,3.11,3.14,3.16,2.0,] 
		 19: BRANCH %cl_11_15[3.18,] 
BB 4
	outgoing: 5 12 
	datadep: 
	instructions:
		 0: (Setting) def_%cl_11_16 
		 1: %cl_11_16->productName def_%cl_11_17 %cl_11_16[4.0,] 
		 2: COPY def_%cl_11_15 %cl_11_17[4.1,] 
BB 5
	outgoing: 6 7 12 
	datadep: 
	instructions:
		 0: 
		 1: (Setting) def_%cl_11_18 
		 2: %cl_11_18->version def_%cl_11_19 %cl_11_18[5.1,] 
		 3: BRANCH %cl_11_19[5.2,] 
BB 6
	outgoing: 8 12 
	datadep: 
	instructions:
		 0: 
		 1: (Setting) def_%cl_11_20 
		 2: %cl_11_20->version def_%cl_11_21 %cl_11_20[6.1,] 
		 3: 
BB 7
	outgoing: 8 
	datadep: 
	instructions:
		 0: COPY def_%cl_11_21 
BB 8
	outgoing: 9 10 12 
	datadep: 
	instructions:
		 0: 
		 1: %self->new_user_session_url def_%cl_11_22 %self[2.0,] 
		 2: 
		 3: %self->ruby_code_from_view def_%cl_11_23 %self[8.1,2.0,] 
		 4: %cl_11_23->ruby_code_from_view def_%cl_11_24 %cl_11_23[8.3,] %self[8.1,8.3,2.0,] 
CLOSURE BEGIN: %self[8.1,8.3,2.0,] 
BB 1
	outgoing: 6 2 
	datadep: 
	instructions:
BB 2
	outgoing: 3 
	datadep: 
	instructions:
		 0: def_%self 
		 1: def_%cl_12_0 
		 2: RECEIVEARG def_rb_from_view 
		 3: COPY def_%current_scope 
		 4: COPY def_%current_module 
BB 3
	outgoing: 4 6 
	datadep: 
	instructions:
		 0: 
		 1: COPY def_%cl_12_3 
		 2: COPY def_%cl_12_4 
		 3: %self->image_tag def_%cl_12_5 %self[2.0,] %cl_12_3[3.1,] %cl_12_4[3.2,] 
		 4: RETURN %cl_12_5[3.3,] %self[3.3,2.0,] 
BB 4
	outgoing: 6 
	datadep: 
	instructions:
		 0: def_%cl_12_6 
		 1: def_%cl_12_7 %cl_12_6[4.0,] 
		 2: RETURN %cl_12_7[4.1,] %self[2.0,] 
BB 6
	outgoing: 
	datadep: 
	instructions:
CLOSURE END
		 5: 
		 6: %self->ruby_code_from_view def_%cl_11_25 %self[8.1,8.3,2.0,] 
		 7: %cl_11_25->ruby_code_from_view def_%cl_11_26 %cl_11_25[8.6,] %self[8.1,8.3,8.6,2.0,] 
CLOSURE BEGIN: %self[8.1,8.3,8.6,2.0,] 
BB 1
	outgoing: 17 2 
	datadep: 
	instructions:
BB 2
	outgoing: 3 
	datadep: 
	instructions:
		 0: def_%self 
		 1: def_%cl_13_0 
		 2: RECEIVEARG def_rb_from_view 
		 3: COPY def_%current_scope 
		 4: COPY def_%current_module 
BB 3
	outgoing: 4 5 15 
	datadep: 
	instructions:
		 0: 
		 1: %self->current_user def_%cl_13_3 %self[2.0,] 
		 2: %cl_13_3->company def_%cl_13_4 %cl_13_3[3.1,] 
		 3: %cl_13_4->logo? def_%cl_13_5 %cl_13_4[3.2,] 
		 4: BRANCH %cl_13_5[3.3,] 
BB 4
	outgoing: 6 15 
	datadep: 
	instructions:
		 0: 
		 1: COPY def_%cl_13_6 
		 2: %self->current_user def_%cl_13_7 %self[2.0,] 
		 3: %cl_13_7->company def_%cl_13_8 %cl_13_7[4.2,] 
		 4: %cl_13_8->id def_%cl_13_9 %cl_13_8[4.3,] 
		 5: def_%cl_13_10 %cl_13_6[4.1,] %cl_13_9[4.4,] 
		 6: COPY def_%cl_13_11 
		 7: COPY def_%cl_13_12 %cl_13_11[4.6,] 
		 8: %self->image_tag def_%cl_13_13 %self[4.2,2.0,] %cl_13_10[4.5,] %cl_13_12[4.7,] 
		 9: 
BB 5
	outgoing: 6 15 
	datadep: 
	instructions:
		 0: 
		 1: COPY def_%cl_13_14 
		 2: COPY def_%cl_13_15 
		 3: COPY def_%cl_13_16 %cl_13_15[5.2,] 
		 4: %self->image_tag def_%cl_13_17 %self[2.0,] %cl_13_14[5.1,] %cl_13_16[5.3,] 
		 5: COPY def_%cl_13_13 %cl_13_17[5.4,] 
BB 6
	outgoing: 7 8 15 
	datadep: 
	instructions:
		 0: 
		 1: %self->total_today def_%cl_13_18 %self[2.0,] 
		 2: def_%cl_13_19 %cl_13_18[6.1,] 
		 3: BRANCH %cl_13_19[6.2,] 
BB 7
	outgoing: 9 15 
	datadep: 
	instructions:
		 0: 
		 1: COPY def_%cl_13_20 
		 2: %self->total_today def_%cl_13_21 %self[2.0,] 
		 3: %cl_13_21->minutes def_%cl_13_22 %cl_13_21[7.2,] 
		 4: %self->distance_of_time_in_words def_%cl_13_23 %self[7.2,2.0,] %cl_13_22[7.3,] 
		 5: COPY def_%cl_13_24 %cl_13_23[7.4,] 
		 6: %self->t def_%cl_13_25 %self[7.2,7.4,2.0,] %cl_13_20[7.1,] %cl_13_24[7.5,] 
		 7: 
BB 8
	outgoing: 9 
	datadep: 
	instructions:
		 0: COPY def_%cl_13_25 
BB 9
	outgoing: 10 11 
	datadep: 
	instructions:
		 0: 
		 1: def_%cl_13_26 %self[2.0,] 
		 2: BRANCH %cl_13_26[9.1,] 
BB 10
	outgoing: 11 15 
	datadep: 
	instructions:
		 0: def_%cl_13_27 %self[2.0,] 
		 1: %cl_13_27->task def_%cl_13_28 %cl_13_27[10.0,] 
		 2: COPY def_%cl_13_26 %cl_13_28[10.1,] 
BB 11
	outgoing: 12 13 
	datadep: 
	instructions:
		 0: BRANCH %cl_13_26[10.2,9.1,] 
BB 12
	outgoing: 14 15 
	datadep: 
	instructions:
		 0: 
		 1: %self->ruby_code_from_view def_%cl_13_29 %self[2.0,] 
		 2: %cl_13_29->ruby_code_from_view def_%cl_13_30 %cl_13_29[12.1,] %self[12.1,2.0,] 
CLOSURE BEGIN: %self[12.1,2.0,] percent[] 
BB 1
	outgoing: 14 2 
	datadep: 
	instructions:
BB 2
	outgoing: 3 
	datadep: 
	instructions:
		 0: def_%self 
		 1: def_%cl_14_0 
		 2: RECEIVEARG def_rb_from_view 
		 3: COPY def_%current_scope 
		 4: COPY def_%current_module 
BB 3
	outgoing: 4 5 12 
	datadep: 
	instructions:
		 0: 
		 1: def_%cl_14_3 %self[2.0,] 
		 2: %cl_14_3->task def_%cl_14_4 %cl_14_3[3.1,] 
		 3: %self->start_stop_work_link def_%cl_14_5 %self[2.0,] %cl_14_4[3.2,] 
		 4: 
		 5: def_%cl_14_6 %self[3.3,2.0,] 
		 6: %cl_14_6->task def_%cl_14_7 %cl_14_6[3.5,] 
		 7: %self->cancel_work_link def_%cl_14_8 %self[3.3,2.0,] %cl_14_7[3.6,] 
		 8: 
		 9: def_%cl_14_9 %self[3.3,3.7,2.0,] 
		 10: %cl_14_9->task def_%cl_14_10 %cl_14_9[3.9,] 
		 11: %self->pause_task_link def_%cl_14_11 %self[3.3,3.7,2.0,] %cl_14_10[3.10,] 
		 12: 
		 13: def_%cl_14_12 %self[3.3,3.7,3.11,2.0,] 
		 14: %cl_14_12->task def_%cl_14_13 %cl_14_12[3.13,] 
		 15: %cl_14_13->issue_name def_%cl_14_14 %cl_14_13[3.14,] 
		 16: COPY def_%cl_14_15 
		 17: def_%cl_14_16 %cl_14_14[3.15,] %cl_14_15[3.16,] 
		 18: def_%cl_14_17 %self[3.3,3.7,3.11,2.0,] 
		 19: %cl_14_17->task def_%cl_14_18 %cl_14_17[3.18,] 
		 20: %cl_14_18->project def_%cl_14_19 %cl_14_18[3.19,] 
		 21: %cl_14_19->name def_%cl_14_20 %cl_14_19[3.20,] 
		 22: def_%cl_14_21 %cl_14_16[3.17,] %cl_14_20[3.21,] 
		 23: def_%cl_14_22 %self[3.3,3.7,3.11,2.0,] 
		 24: %cl_14_22->task def_%cl_14_23 %cl_14_22[3.23,] 
		 25: %cl_14_23->task_num def_%cl_14_24 %cl_14_23[3.24,] 
		 26: %self->edit_task_path def_%cl_14_25 %self[3.3,3.7,3.11,2.0,] %cl_14_24[3.25,] 
		 27: %self->link_to def_%cl_14_26 %self[3.3,3.7,3.11,3.26,2.0,] %cl_14_21[3.22,] %cl_14_25[3.26,] 
		 28: 
		 29: def_%cl_14_27 %self[3.3,3.7,3.11,3.26,3.27,2.0,] 
		 30: %cl_14_27->task def_%cl_14_28 %cl_14_27[3.29,] 
		 31: %cl_14_28->duration def_%cl_14_29 %cl_14_28[3.30,] 
		 32: %cl_14_29->nil? def_%cl_14_30 %cl_14_29[3.31,] 
		 33: BRANCH %cl_14_30[3.32,] 
BB 4
	outgoing: 5 12 
	datadep: 
	instructions:
		 0: def_%cl_14_31 %self[2.0,] 
		 1: %cl_14_31->task def_%cl_14_32 %cl_14_31[4.0,] 
		 2: %cl_14_32->duration def_%cl_14_33 %cl_14_32[4.1,] 
		 3: %cl_14_33->== def_%cl_14_34 %cl_14_33[4.2,] 
		 4: COPY def_%cl_14_30 %cl_14_34[4.3,] 
BB 5
	outgoing: 6 7 
	datadep: 
	instructions:
		 0: BRANCH %cl_14_30[4.4,3.32,] 
BB 6
	outgoing: 8 
	datadep: 
	instructions:
		 0: COPY def_%cl_14_35 
		 1: 
BB 7
	outgoing: 8 12 
	datadep: 
	instructions:
		 0: def_%cl_14_36 %self[2.0,] 
		 1: %cl_14_36->task def_%cl_14_37 %cl_14_36[7.0,] 
		 2: %cl_14_37->worked_minutes def_%cl_14_38 %cl_14_37[7.1,] 
		 3: def_%cl_14_39 %self[2.0,] 
		 4: %cl_14_39->duration def_%cl_14_40 %cl_14_39[7.3,] 
		 5: def_%cl_14_41 %cl_14_40[7.4,] 
		 6: def_%cl_14_42 %cl_14_38[7.2,] %cl_14_41[7.5,] 
		 7: def_%cl_14_43 %self[2.0,] 
		 8: %cl_14_43->task def_%cl_14_44 %cl_14_43[7.7,] 
		 9: %cl_14_44->duration def_%cl_14_45 %cl_14_44[7.8,] 
		 10: %cl_14_45->to_f def_%cl_14_46 %cl_14_45[7.9,] 
		 11: def_%cl_14_47 %cl_14_42[7.6,] %cl_14_46[7.10,] 
		 12: def_%cl_14_48 %cl_14_47[7.11,] 
		 13: %cl_14_48->round def_%cl_14_49 %cl_14_48[7.12,] 
		 14: COPY def_percent %cl_14_49[7.13,] 
		 15: COPY def_%cl_14_35 %cl_14_49[7.13,] 
BB 8
	outgoing: 9 10 12 
	datadep: 
	instructions:
		 0: 
		 1: (TimeParser) def_%cl_14_50 
		 2: def_%cl_14_51 %self[2.0,] 
		 3: %cl_14_51->duration def_%cl_14_52 %cl_14_51[8.2,] 
		 4: def_%cl_14_53 %cl_14_52[8.3,] 
		 5: %cl_14_50->format_duration def_%cl_14_54 %cl_14_50[8.1,] %cl_14_53[8.4,] 
		 6: 
		 7: (TimeParser) def_%cl_14_55 
		 8: def_%cl_14_56 %self[2.0,] 
		 9: %cl_14_56->task def_%cl_14_57 %cl_14_56[8.8,] 
		 10: %cl_14_57->worked_minutes def_%cl_14_58 %cl_14_57[8.9,] 
		 11: def_%cl_14_59 %self[2.0,] 
		 12: %cl_14_59->duration def_%cl_14_60 %cl_14_59[8.11,] 
		 13: def_%cl_14_61 %cl_14_60[8.12,] 
		 14: def_%cl_14_62 %cl_14_58[8.10,] %cl_14_61[8.13,] 
		 15: %cl_14_55->format_duration def_%cl_14_63 %cl_14_55[8.7,] %cl_14_62[8.14,] 
		 16: 
		 17: percent->nil? def_%cl_14_64 percent[7.14,] 
		 18: BRANCH %cl_14_64[8.17,] 
BB 9
	outgoing: 14 
	datadep: 
	instructions:
		 0: COPY def_%cl_14_65 
		 1: RETURN %cl_14_65[9.0,] %self[2.0,] 
BB 10
	outgoing: 14 
	datadep: 
	instructions:
		 0: RETURN percent[7.14,] %self[2.0,] 
BB 12
	outgoing: 14 
	datadep: 
	instructions:
		 0: def_%cl_14_66 
		 1: def_%cl_14_67 %cl_14_66[12.0,] 
		 2: RETURN %cl_14_67[12.1,] %self[2.0,] 
BB 14
	outgoing: 
	datadep: 
	instructions:
CLOSURE END
		 3: 
BB 13
	outgoing: 17 
	datadep: 
	instructions:
		 0: RETURN %self[2.0,] 
BB 14
	outgoing: 17 
	datadep: 
	instructions:
		 0: RETURN %cl_13_30[12.2,] %self[2.0,] 
BB 15
	outgoing: 17 
	datadep: 
	instructions:
		 0: def_%cl_13_31 
		 1: def_%cl_13_32 %cl_13_31[15.0,] 
		 2: RETURN %cl_13_32[15.1,] %self[2.0,] 
BB 17
	outgoing: 
	datadep: 
	instructions:
CLOSURE END
		 8: 
		 9: %self->ruby_code_from_view def_%cl_11_27 %self[8.1,8.3,8.6,2.0,] 
		 10: %cl_11_27->ruby_code_from_view def_%cl_11_28 %cl_11_27[8.9,] %self[8.1,8.3,8.6,8.9,2.0,] 
CLOSURE BEGIN: %self[8.1,8.3,8.6,8.9,2.0,] 
BB 1
	outgoing: 38 2 
	datadep: 
	instructions:
BB 2
	outgoing: 3 
	datadep: 
	instructions:
		 0: def_%self 
		 1: def_%cl_15_0 
		 2: RECEIVEARG def_rb_from_view 
		 3: COPY def_%current_scope 
		 4: COPY def_%current_module 
BB 3
	outgoing: 4 5 36 
	datadep: 
	instructions:
		 0: 
		 1: COPY def_%cl_15_3 
		 2: %self->t def_%cl_15_4 %self[2.0,] %cl_15_3[3.1,] 
		 3: 
		 4: COPY def_%cl_15_5 
		 5: %self->t def_%cl_15_6 %self[3.2,2.0,] %cl_15_5[3.4,] 
		 6: COPY def_%cl_15_7 
		 7: COPY def_%cl_15_8 
		 8: COPY def_%cl_15_9 %cl_15_7[3.6,] %cl_15_8[3.7,] 
		 9: %self->link_to def_%cl_15_10 %self[3.2,3.5,2.0,] %cl_15_6[3.5,] %cl_15_9[3.8,] 
		 10: 
		 11: %self->current_user def_%cl_15_11 %self[3.2,3.5,3.9,2.0,] 
		 12: %cl_15_11->admin? def_%cl_15_12 %cl_15_11[3.11,] 
		 13: BRANCH %cl_15_12[3.12,] 
BB 4
	outgoing: 6 36 
	datadep: 
	instructions:
		 0: 
		 1: COPY def_%cl_15_13 
		 2: %self->t def_%cl_15_14 %self[2.0,] %cl_15_13[4.1,] 
		 3: %self->planning_tasks_path def_%cl_15_15 %self[4.2,2.0,] 
		 4: %self->link_to def_%cl_15_16 %self[4.2,4.3,2.0,] %cl_15_14[4.2,] %cl_15_15[4.3,] 
		 5: 
BB 5
	outgoing: 6 
	datadep: 
	instructions:
		 0: COPY def_%cl_15_16 
BB 6
	outgoing: 7 11 36 
	datadep: 
	instructions:
		 0: 
		 1: %self->current_user def_%cl_15_17 %self[2.0,] 
		 2: %self->current_user def_%cl_15_18 %self[6.1,2.0,] 
		 3: %cl_15_18->projects def_%cl_15_19 %cl_15_18[6.2,] 
		 4: COPY def_%cl_15_20 
		 5: %cl_15_17->can_any? def_%cl_15_21 %cl_15_17[6.1,] %cl_15_19[6.3,] %cl_15_20[6.4,] 
		 6: BRANCH %cl_15_21[6.5,] 
BB 7
	outgoing: 8 9 36 
	datadep: 
	instructions:
		 0: 
		 1: %self->current_user def_%cl_15_22 %self[2.0,] 
		 2: %cl_15_22->can_use_billing? def_%cl_15_23 %cl_15_22[7.1,] 
		 3: BRANCH %cl_15_23[7.2,] 
BB 8
	outgoing: 10 
	datadep: 
	instructions:
		 0: COPY def_%cl_15_24 
		 1: 
BB 9
	outgoing: 10 
	datadep: 
	instructions:
		 0: COPY def_%cl_15_25 
		 1: COPY def_%cl_15_24 %cl_15_25[9.0,] 
BB 10
	outgoing: 12 36 
	datadep: 
	instructions:
		 0: COPY def_billing_title %cl_15_24[9.1,8.0,] 
		 1: 
		 2: COPY def_%cl_15_26 
		 3: def_%cl_15_27 %cl_15_26[10.2,] %cl_15_24[9.1,8.0,] 
		 4: %self->t def_%cl_15_28 %self[2.0,] %cl_15_27[10.3,] 
		 5: COPY def_%cl_15_29 
		 6: COPY def_%cl_15_30 
		 7: COPY def_%cl_15_31 %cl_15_29[10.5,] %cl_15_30[10.6,] 
		 8: %self->link_to def_%cl_15_32 %self[10.4,2.0,] %cl_15_28[10.4,] %cl_15_31[10.7,] 
		 9: 
BB 11
	outgoing: 12 
	datadep: 
	instructions:
		 0: COPY def_%cl_15_32 
BB 12
	outgoing: 13 14 36 
	datadep: 
	instructions:
		 0: 
		 1: COPY def_%cl_15_33 
		 2: %self->t def_%cl_15_34 %self[2.0,] %cl_15_33[12.1,] 
		 3: COPY def_%cl_15_35 
		 4: COPY def_%cl_15_36 
		 5: COPY def_%cl_15_37 %cl_15_35[12.3,] %cl_15_36[12.4,] 
		 6: %self->link_to def_%cl_15_38 %self[12.2,2.0,] %cl_15_34[12.2,] %cl_15_37[12.5,] 
		 7: 
		 8: COPY def_%cl_15_39 
		 9: %self->t def_%cl_15_40 %self[12.2,12.6,2.0,] %cl_15_39[12.8,] 
		 10: 
		 11: COPY def_%cl_15_41 
		 12: %self->t def_%cl_15_42 %self[12.2,12.6,12.9,2.0,] %cl_15_41[12.11,] 
		 13: COPY def_%cl_15_43 
		 14: COPY def_%cl_15_44 
		 15: COPY def_%cl_15_45 %cl_15_43[12.13,] %cl_15_44[12.14,] 
		 16: %self->link_to def_%cl_15_46 %self[12.2,12.6,12.9,12.12,2.0,] %cl_15_42[12.12,] %cl_15_45[12.15,] 
		 17: 
		 18: %self->current_templates def_%cl_15_47 %self[12.2,12.6,12.9,12.12,12.16,2.0,] 
		 19: %cl_15_47->size def_%cl_15_48 %cl_15_47[12.18,] 
		 20: def_%cl_15_49 %cl_15_48[12.19,] 
		 21: BRANCH %cl_15_49[12.20,] 
BB 13
	outgoing: 15 36 
	datadep: 
	instructions:
		 0: 
		 1: COPY def_%cl_15_50 
		 2: %self->t def_%cl_15_51 %self[2.0,] %cl_15_50[13.1,] 
		 3: 
		 4: %self->current_templates def_%cl_15_52 %self[13.2,2.0,] 
		 5: COPY def_%cl_15_53 
		 6: %cl_15_52->order def_%cl_15_54 %cl_15_52[13.4,] %cl_15_53[13.5,] 
		 7: %cl_15_54->each def_%cl_15_55 %cl_15_54[13.6,] %self[13.2,13.4,2.0,] 
CLOSURE BEGIN: task[] %self[13.2,13.4,2.0,] 
BB 1
	outgoing: 6 2 
	datadep: 
	instructions:
BB 2
	outgoing: 3 
	datadep: 
	instructions:
		 0: def_%self 
		 1: def_%cl_16_0 
		 2: RECEIVEARG def_task 
		 3: COPY def_%current_scope 
		 4: COPY def_%current_module 
BB 3
	outgoing: 4 6 
	datadep: 
	instructions:
		 0: 
		 1: task->task_num def_%cl_16_3 task[2.2,] 
		 2: %self->clone_task_path def_%cl_16_4 %self[2.0,] %cl_16_3[3.1,] 
		 3: %self->link_to def_%cl_16_5 %self[3.2,2.0,] task[3.1,2.2,] %cl_16_4[3.2,] 
		 4: RETURN %cl_16_5[3.3,] %self[3.2,3.3,2.0,] 
BB 4
	outgoing: 6 
	datadep: 
	instructions:
		 0: def_%cl_16_6 
		 1: def_%cl_16_7 %cl_16_6[4.0,] 
		 2: RETURN %cl_16_7[4.1,] %self[2.0,] 
BB 6
	outgoing: 
	datadep: 
	instructions:
CLOSURE END
		 8: 
BB 14
	outgoing: 15 
	datadep: 
	instructions:
		 0: COPY def_%cl_15_55 
BB 15
	outgoing: 16 17 36 
	datadep: 
	instructions:
		 0: 
		 1: %self->current_user def_%cl_15_56 %self[2.0,] 
		 2: %cl_15_56->create_projects? def_%cl_15_57 %cl_15_56[15.1,] 
		 3: BRANCH %cl_15_57[15.2,] 
BB 16
	outgoing: 18 36 
	datadep: 
	instructions:
		 0: 
		 1: COPY def_%cl_15_58 
		 2: %self->t def_%cl_15_59 %self[2.0,] %cl_15_58[16.1,] 
		 3: COPY def_%cl_15_60 
		 4: COPY def_%cl_15_61 
		 5: COPY def_%cl_15_62 %cl_15_60[16.3,] %cl_15_61[16.4,] 
		 6: %self->link_to def_%cl_15_63 %self[16.2,2.0,] %cl_15_59[16.2,] %cl_15_62[16.5,] 
		 7: 
BB 17
	outgoing: 18 
	datadep: 
	instructions:
		 0: COPY def_%cl_15_63 
BB 18
	outgoing: 19 20 36 
	datadep: 
	instructions:
		 0: 
		 1: COPY def_%cl_15_64 
		 2: %self->t def_%cl_15_65 %self[2.0,] %cl_15_64[18.1,] 
		 3: %self->new_milestone_path def_%cl_15_66 %self[18.2,2.0,] 
		 4: %self->link_to def_%cl_15_67 %self[18.2,18.3,2.0,] %cl_15_65[18.2,] %cl_15_66[18.3,] 
		 5: 
		 6: (Setting) def_%cl_15_68 
		 7: %cl_15_68->contact_creation_allowed def_%cl_15_69 %cl_15_68[18.6,] 
		 8: BRANCH %cl_15_69[18.7,] 
BB 19
	outgoing: 20 36 
	datadep: 
	instructions:
		 0: %self->current_user def_%cl_15_70 %self[2.0,] 
		 1: %cl_15_70->can_view_clients? def_%cl_15_71 %cl_15_70[19.0,] 
		 2: COPY def_%cl_15_69 %cl_15_71[19.1,] 
BB 20
	outgoing: 21 22 
	datadep: 
	instructions:
		 0: BRANCH %cl_15_69[19.2,18.7,] 
BB 21
	outgoing: 23 36 
	datadep: 
	instructions:
		 0: 
		 1: COPY def_%cl_15_72 
		 2: %self->t def_%cl_15_73 %self[2.0,] %cl_15_72[21.1,] 
		 3: COPY def_%cl_15_74 
		 4: COPY def_%cl_15_75 
		 5: COPY def_%cl_15_76 %cl_15_74[21.3,] %cl_15_75[21.4,] 
		 6: %self->link_to def_%cl_15_77 %self[21.2,2.0,] %cl_15_73[21.2,] %cl_15_76[21.5,] 
		 7: 
		 8: COPY def_%cl_15_78 
		 9: %self->t def_%cl_15_79 %self[21.2,21.6,2.0,] %cl_15_78[21.8,] 
		 10: COPY def_%cl_15_80 
		 11: COPY def_%cl_15_81 
		 12: COPY def_%cl_15_82 %cl_15_80[21.10,] %cl_15_81[21.11,] 
		 13: %self->link_to def_%cl_15_83 %self[21.2,21.6,21.9,2.0,] %cl_15_79[21.9,] %cl_15_82[21.12,] 
		 14: 
BB 22
	outgoing: 23 
	datadep: 
	instructions:
		 0: COPY def_%cl_15_83 
BB 23
	outgoing: 24 25 36 
	datadep: 
	instructions:
		 0: 
		 1: %self->current_user def_%cl_15_84 %self[2.0,] 
		 2: %cl_15_84->use_resources? def_%cl_15_85 %cl_15_84[23.1,] 
		 3: BRANCH %cl_15_85[23.2,] 
BB 24
	outgoing: 26 36 
	datadep: 
	instructions:
		 0: 
		 1: COPY def_%cl_15_86 
		 2: %self->t def_%cl_15_87 %self[2.0,] %cl_15_86[24.1,] 
		 3: %self->new_resource_path def_%cl_15_88 %self[24.2,2.0,] 
		 4: %self->link_to def_%cl_15_89 %self[24.2,24.3,2.0,] %cl_15_87[24.2,] %cl_15_88[24.3,] 
		 5: 
BB 25
	outgoing: 26 
	datadep: 
	instructions:
		 0: COPY def_%cl_15_89 
BB 26
	outgoing: 27 28 36 
	datadep: 
	instructions:
		 0: 
		 1: COPY def_%cl_15_90 
		 2: %self->menu_class def_%cl_15_91 %self[2.0,] %cl_15_90[26.1,] 
		 3: COPY def_%cl_15_92 
		 4: %cl_15_91->== def_%cl_15_93 %cl_15_91[26.2,] %cl_15_92[26.3,] 
		 5: BRANCH %cl_15_93[26.4,] 
BB 27
	outgoing: 29 36 
	datadep: 
	instructions:
		 0: 
		 1: COPY def_%cl_15_94 
		 2: %self->t def_%cl_15_95 %self[2.0,] %cl_15_94[27.1,] 
		 3: COPY def_%cl_15_96 
		 4: COPY def_%cl_15_97 
		 5: COPY def_%cl_15_98 %cl_15_97[27.4,] 
		 6: %self->link_to def_%cl_15_99 %self[27.2,2.0,] %cl_15_95[27.2,] %cl_15_96[27.3,] %cl_15_98[27.5,] 
		 7: 
BB 28
	outgoing: 29 
	datadep: 
	instructions:
		 0: COPY def_%cl_15_99 
BB 29
	outgoing: 30 31 36 
	datadep: 
	instructions:
		 0: 
		 1: COPY def_%cl_15_100 
		 2: %self->menu_class def_%cl_15_101 %self[2.0,] %cl_15_100[29.1,] 
		 3: 
		 4: COPY def_%cl_15_102 
		 5: %self->t def_%cl_15_103 %self[29.2,2.0,] %cl_15_102[29.4,] 
		 6: COPY def_%cl_15_104 
		 7: COPY def_%cl_15_105 
		 8: COPY def_%cl_15_106 %cl_15_104[29.6,] %cl_15_105[29.7,] 
		 9: %self->link_to def_%cl_15_107 %self[29.2,29.5,2.0,] %cl_15_103[29.5,] %cl_15_106[29.8,] 
		 10: 
		 11: COPY def_%cl_15_108 
		 12: %self->menu_class def_%cl_15_109 %self[29.2,29.5,29.9,2.0,] %cl_15_108[29.11,] 
		 13: 
		 14: COPY def_%cl_15_110 
		 15: %self->t def_%cl_15_111 %self[29.2,29.5,29.9,29.12,2.0,] %cl_15_110[29.14,] 
		 16: %self->milestones_path def_%cl_15_112 %self[29.2,29.5,29.9,29.12,29.15,2.0,] 
		 17: %self->link_to def_%cl_15_113 %self[29.2,29.5,29.9,29.12,29.15,29.16,2.0,] %cl_15_111[29.15,] %cl_15_112[29.16,] 
		 18: 
		 19: %self->current_user def_%cl_15_114 %self[29.2,29.5,29.9,29.12,29.15,29.16,29.17,2.0,] 
		 20: %cl_15_114->company def_%cl_15_115 %cl_15_114[29.19,] 
		 21: %cl_15_115->show_wiki? def_%cl_15_116 %cl_15_115[29.20,] 
		 22: BRANCH %cl_15_116[29.21,] 
BB 30
	outgoing: 32 36 
	datadep: 
	instructions:
		 0: 
		 1: COPY def_%cl_15_117 
		 2: %self->menu_class def_%cl_15_118 %self[2.0,] %cl_15_117[30.1,] 
		 3: 
		 4: COPY def_%cl_15_119 
		 5: %self->t def_%cl_15_120 %self[30.2,2.0,] %cl_15_119[30.4,] 
		 6: COPY def_%cl_15_121 
		 7: COPY def_%cl_15_122 
		 8: COPY def_%cl_15_123 %cl_15_121[30.6,] %cl_15_122[30.7,] 
		 9: %self->link_to def_%cl_15_124 %self[30.2,30.5,2.0,] %cl_15_120[30.5,] %cl_15_123[30.8,] 
		 10: 
BB 31
	outgoing: 32 
	datadep: 
	instructions:
		 0: COPY def_%cl_15_124 
BB 32
	outgoing: 33 34 36 
	datadep: 
	instructions:
		 0: 
		 1: COPY def_%cl_15_125 
		 2: %self->t def_%cl_15_126 %self[2.0,] %cl_15_125[32.1,] 
		 3: COPY def_%cl_15_127 
		 4: COPY def_%cl_15_128 
		 5: COPY def_%cl_15_129 %cl_15_127[32.3,] %cl_15_128[32.4,] 
		 6: %self->link_to def_%cl_15_130 %self[32.2,2.0,] %cl_15_126[32.2,] %cl_15_129[32.5,] 
		 7: 
		 8: %self->ruby_code_from_view def_%cl_15_131 %self[32.2,32.6,2.0,] 
		 9: %cl_15_131->ruby_code_from_view def_%cl_15_132 %cl_15_131[32.8,] %self[32.2,32.6,32.8,2.0,] 
CLOSURE BEGIN: %self[32.2,32.6,32.8,2.0,] 
BB 1
	outgoing: 6 2 
	datadep: 
	instructions:
BB 2
	outgoing: 3 
	datadep: 
	instructions:
		 0: def_%self 
		 1: def_%cl_17_0 
		 2: RECEIVEARG def_rb_from_view 
		 3: COPY def_%current_scope 
		 4: COPY def_%current_module 
BB 3
	outgoing: 4 6 
	datadep: 
	instructions:
		 0: 
		 1: COPY def_%cl_17_3 
		 2: COPY def_%cl_17_4 
		 3: COPY def_%cl_17_5 
		 4: COPY def_%cl_17_6 
		 5: %self->t def_%cl_17_7 %self[2.0,] %cl_17_6[3.4,] 
		 6: COPY def_%cl_17_8 
		 7: COPY def_%cl_17_9 
		 8: COPY def_%cl_17_10 %cl_17_5[3.3,] %cl_17_7[3.5,] %cl_17_8[3.6,] %cl_17_9[3.7,] 
		 9: %self->text_field_tag def_%cl_17_11 %self[3.5,2.0,] %cl_17_3[3.1,] %cl_17_4[3.2,] %cl_17_10[3.8,] 
		 10: RETURN %cl_17_11[3.9,] %self[3.5,3.9,2.0,] 
BB 4
	outgoing: 6 
	datadep: 
	instructions:
		 0: def_%cl_17_12 
		 1: def_%cl_17_13 %cl_17_12[4.0,] 
		 2: RETURN %cl_17_13[4.1,] %self[2.0,] 
BB 6
	outgoing: 
	datadep: 
	instructions:
CLOSURE END
		 10: 
		 11: %self->current_user def_%cl_15_133 %self[32.2,32.6,32.8,2.0,] 
		 12: %cl_15_133->display_login def_%cl_15_134 %cl_15_133[32.11,] 
		 13: 
		 14: %self->current_user def_%cl_15_135 %self[32.2,32.6,32.8,32.11,2.0,] 
		 15: %cl_15_135->admin? def_%cl_15_136 %cl_15_135[32.14,] 
		 16: BRANCH %cl_15_136[32.15,] 
BB 33
	outgoing: 35 36 
	datadep: 
	instructions:
		 0: 
		 1: COPY def_%cl_15_137 
		 2: %self->t def_%cl_15_138 %self[2.0,] %cl_15_137[33.1,] 
		 3: %self->current_user def_%cl_15_139 %self[33.2,2.0,] 
		 4: %self->edit_user_path def_%cl_15_140 %self[33.2,33.3,2.0,] %cl_15_139[33.3,] 
		 5: %self->link_to def_%cl_15_141 %self[33.2,33.3,33.4,2.0,] %cl_15_138[33.2,] %cl_15_140[33.4,] 
		 6: 
		 7: COPY def_%cl_15_142 
		 8: %self->t def_%cl_15_143 %self[33.2,33.3,33.4,33.5,2.0,] %cl_15_142[33.7,] 
		 9: COPY def_%cl_15_144 
		 10: COPY def_%cl_15_145 
		 11: %self->current_user def_%cl_15_146 %self[33.2,33.3,33.4,33.5,33.8,2.0,] 
		 12: %cl_15_146->company_id def_%cl_15_147 %cl_15_146[33.11,] 
		 13: COPY def_%cl_15_148 %cl_15_144[33.9,] %cl_15_145[33.10,] %cl_15_147[33.12,] 
		 14: %self->link_to def_%cl_15_149 %self[33.2,33.3,33.4,33.5,33.8,33.11,2.0,] %cl_15_143[33.8,] %cl_15_148[33.13,] 
		 15: 
BB 34
	outgoing: 35 36 
	datadep: 
	instructions:
		 0: 
		 1: COPY def_%cl_15_150 
		 2: %self->t def_%cl_15_151 %self[2.0,] %cl_15_150[34.1,] 
		 3: %self->current_user def_%cl_15_152 %self[34.2,2.0,] 
		 4: %self->edit_user_path def_%cl_15_153 %self[34.2,34.3,2.0,] %cl_15_152[34.3,] 
		 5: %self->link_to def_%cl_15_154 %self[34.2,34.3,34.4,2.0,] %cl_15_151[34.2,] %cl_15_153[34.4,] 
		 6: COPY def_%cl_15_149 %cl_15_154[34.5,] 
BB 35
	outgoing: 36 38 
	datadep: 
	instructions:
		 0: 
		 1: COPY def_%cl_15_155 
		 2: %self->t def_%cl_15_156 %self[2.0,] %cl_15_155[35.1,] 
		 3: %self->destroy_user_session_path def_%cl_15_157 %self[35.2,2.0,] 
		 4: %self->link_to def_%cl_15_158 %self[35.2,35.3,2.0,] %cl_15_156[35.2,] %cl_15_157[35.3,] 
		 5: RETURN %cl_15_158[35.4,] %self[35.2,35.3,35.4,2.0,] 
BB 36
	outgoing: 38 
	datadep: 
	instructions:
		 0: def_%cl_15_159 
		 1: def_%cl_15_160 %cl_15_159[36.0,] 
		 2: RETURN %cl_15_160[36.1,] %self[2.0,] 
BB 38
	outgoing: 
	datadep: 
	instructions:
CLOSURE END
		 11: 
		 12: %self->ruby_code_from_view def_%cl_11_29 %self[8.1,8.3,8.6,8.9,2.0,] 
		 13: %cl_11_29->ruby_code_from_view def_%cl_11_30 %cl_11_29[8.12,] %self[8.1,8.3,8.6,8.9,8.12,2.0,] 
CLOSURE BEGIN: %self[8.1,8.3,8.6,8.9,8.12,2.0,] news[] 
BB 1
	outgoing: 9 2 
	datadep: 
	instructions:
BB 2
	outgoing: 3 
	datadep: 
	instructions:
		 0: def_%self 
		 1: def_%cl_18_0 
		 2: RECEIVEARG def_rb_from_view 
		 3: COPY def_%current_scope 
		 4: COPY def_%current_module 
BB 3
	outgoing: 4 5 7 
	datadep: 
	instructions:
		 0: 
		 1: %self->ruby_code_from_view def_%cl_18_3 %self[2.0,] 
		 2: %cl_18_3->ruby_code_from_view def_%cl_18_4 %cl_18_3[3.1,] %self[3.1,2.0,] 
CLOSURE BEGIN: %self[3.1,2.0,] 
BB 1
	outgoing: 6 2 
	datadep: 
	instructions:
BB 2
	outgoing: 3 
	datadep: 
	instructions:
		 0: def_%self 
		 1: def_%cl_19_0 
		 2: RECEIVEARG def_rb_from_view 
		 3: COPY def_%current_scope 
		 4: COPY def_%current_module 
BB 3
	outgoing: 4 6 
	datadep: 
	instructions:
		 0: 
		 1: %self->flash def_%cl_19_3 %self[2.0,] 
		 2: %cl_19_3->each def_%cl_19_4 %cl_19_3[3.1,] %self[3.1,2.0,] 
CLOSURE BEGIN: key[] val[] 
BB 1
	outgoing: 6 2 
	datadep: 
	instructions:
BB 2
	outgoing: 3 
	datadep: 
	instructions:
		 0: def_%self 
		 1: def_%cl_20_0 
		 2: RECEIVEARG def_key 
		 3: RECEIVEARG def_val 
		 4: COPY def_%current_scope 
		 5: COPY def_%current_module 
BB 3
	outgoing: 4 6 
	datadep: 
	instructions:
		 0: 
		 1: key->to_s def_%cl_20_3 key[2.2,] 
		 2: 
		 3: RETURN val[2.3,] %self[2.0,] 
BB 4
	outgoing: 6 
	datadep: 
	instructions:
		 0: def_%cl_20_4 
		 1: def_%cl_20_5 %cl_20_4[4.0,] 
		 2: RETURN %cl_20_5[4.1,] %self[2.0,] 
BB 6
	outgoing: 
	datadep: 
	instructions:
CLOSURE END
		 3: RETURN %cl_19_4[3.2,] %self[3.1,2.0,] 
BB 4
	outgoing: 6 
	datadep: 
	instructions:
		 0: def_%cl_19_5 
		 1: def_%cl_19_6 %cl_19_5[4.0,] 
		 2: RETURN %cl_19_6[4.1,] %self[2.0,] 
BB 6
	outgoing: 
	datadep: 
	instructions:
CLOSURE END
		 3: 
		 4: (NewsItem) def_%cl_18_5 
		 5: COPY def_%cl_18_6 
		 6: %cl_18_5->order def_%cl_18_7 %cl_18_5[3.4,] %cl_18_6[3.5,] 
		 7: COPY def_%cl_18_8 
		 8: %self->current_user def_%cl_18_9 %self[3.1,2.0,] 
		 9: %cl_18_9->seen_news_id def_%cl_18_10 %cl_18_9[3.8,] 
		 10: %cl_18_7->where def_%cl_18_11 %cl_18_7[3.6,] %cl_18_8[3.7,] %cl_18_10[3.9,] 
		 11: %cl_18_11->first def_%cl_18_12 %cl_18_11[3.10,] 
		 12: COPY def_news %cl_18_12[3.11,] 
		 13: 
		 14: %cl_18_12->nil? def_%cl_18_13 %cl_18_12[3.11,] 
		 15: BRANCH %cl_18_13[3.14,] 
BB 4
	outgoing: 9 
	datadep: 
	instructions:
		 0: COPY def_%cl_18_14 
		 1: RETURN %cl_18_14[4.0,] %self[2.0,] 
BB 5
	outgoing: 7 9 
	datadep: 
	instructions:
		 0: 
		 1: %self->tz def_%cl_18_15 %self[2.0,] 
		 2: news->created_at def_%cl_18_16 news[3.12,] 
		 3: %cl_18_15->utc_to_local def_%cl_18_17 %cl_18_15[5.1,] %cl_18_16[5.2,] 
		 4: %self->current_user def_%cl_18_18 %self[5.1,2.0,] 
		 5: %cl_18_18->time_format def_%cl_18_19 %cl_18_18[5.4,] 
		 6: COPY def_%cl_18_20 
		 7: %self->current_user def_%cl_18_21 %self[5.1,5.4,2.0,] 
		 8: %cl_18_21->date_format def_%cl_18_22 %cl_18_21[5.7,] 
		 9: def_%cl_18_23 %cl_18_19[5.5,] %cl_18_20[5.6,] %cl_18_22[5.8,] 
		 10: %cl_18_17->strftime def_%cl_18_24 %cl_18_17[5.3,] %cl_18_23[5.9,] 
		 11: 
		 12: news->body def_%cl_18_25 news[5.2,3.12,] 
		 13: 
		 14: COPY def_%cl_18_26 
		 15: COPY def_%cl_18_27 
		 16: %self->t def_%cl_18_28 %self[5.1,5.4,5.7,2.0,] %cl_18_27[5.15,] 
		 17: COPY def_%cl_18_29 
		 18: def_%cl_18_30 %cl_18_26[5.14,] %cl_18_28[5.16,] %cl_18_29[5.17,] 
		 19: COPY def_%cl_18_31 
		 20: COPY def_%cl_18_32 
		 21: news->id def_%cl_18_33 news[5.2,5.12,3.12,] 
		 22: COPY def_%cl_18_34 %cl_18_31[5.19,] %cl_18_32[5.20,] %cl_18_33[5.21,] 
		 23: COPY def_%cl_18_35 
		 24: COPY def_%cl_18_36 
		 25: COPY def_%cl_18_37 %cl_18_35[5.23,] %cl_18_36[5.24,] 
		 26: %self->link_to def_%cl_18_38 %self[5.1,5.4,5.7,5.16,2.0,] %cl_18_30[5.18,] %cl_18_34[5.22,] %cl_18_37[5.25,] 
		 27: RETURN %cl_18_38[5.26,] %self[5.1,5.4,5.7,5.16,5.26,2.0,] 
BB 7
	outgoing: 9 
	datadep: 
	instructions:
		 0: def_%cl_18_39 
		 1: def_%cl_18_40 %cl_18_39[7.0,] 
		 2: RETURN %cl_18_40[7.1,] %self[2.0,] 
BB 9
	outgoing: 
	datadep: 
	instructions:
CLOSURE END
		 14: 
		 15: %self->content_for? def_%cl_11_31 %self[8.1,8.3,8.6,8.9,8.12,2.0,] 
		 16: BRANCH %cl_11_31[8.15,] 
BB 9
	outgoing: 11 12 
	datadep: 
	instructions:
		 0: def_%cl_11_32 %cl_11_0[2.1,] 
		 1: 
BB 10
	outgoing: 11 12 
	datadep: 
	instructions:
		 0: def_%cl_11_33 %cl_11_0[2.1,] 
		 1: COPY def_%cl_11_32 %cl_11_33[10.0,] 
BB 11
	outgoing: 12 14 
	datadep: 
	instructions:
		 0: 
		 1: %self->current_user def_%cl_11_34 %self[2.0,] 
		 2: %cl_11_34->id def_%cl_11_35 %cl_11_34[11.1,] 
		 3: 
		 4: %self->current_user def_%cl_11_36 %self[11.1,2.0,] 
		 5: %cl_11_36->dateFormat def_%cl_11_37 %cl_11_36[11.4,] 
		 6: RETURN %cl_11_37[11.5,] %self[11.1,11.4,2.0,] 
BB 12
	outgoing: 14 
	datadep: 
	instructions:
		 0: def_%cl_11_38 
		 1: def_%cl_11_39 %cl_11_38[12.0,] 
		 2: RETURN %cl_11_39[12.1,] %self[2.0,] 
BB 14
	outgoing: 
	datadep: 
	instructions:
CLOSURE END
		 5: 
		 6: COPY def_%cl_1_6 
		 7: %self->t def_%cl_1_7 %self[3.3,2.0,] %cl_1_6[3.6,] 
		 8: 
		 9: COPY def_%cl_1_8 
		 10: %self->t def_%cl_1_9 %self[3.3,3.7,2.0,] %cl_1_8[3.9,] 
		 11: COPY def_%cl_1_10 
		 12: COPY def_%cl_1_11 %cl_1_10[3.11,] 
		 13: %self->link_to def_%cl_1_12 %self[3.3,3.7,3.10,2.0,] %cl_1_9[3.10,] %cl_1_11[3.12,] 
		 14: 
		 15: COPY def_%cl_1_13 
		 16: %self->t def_%cl_1_14 %self[3.3,3.7,3.10,3.13,2.0,] %cl_1_13[3.15,] 
		 17: COPY def_%cl_1_15 
		 18: COPY def_%cl_1_16 %cl_1_15[3.17,] 
		 19: %self->link_to def_%cl_1_17 %self[3.3,3.7,3.10,3.13,3.16,2.0,] %cl_1_14[3.16,] %cl_1_16[3.18,] 
		 20: 
		 21: COPY def_%cl_1_18 
		 22: %self->t def_%cl_1_19 %self[3.3,3.7,3.10,3.13,3.16,3.19,2.0,] %cl_1_18[3.21,] 
		 23: 
		 24: COPY def_%cl_1_20 
		 25: %self->t def_%cl_1_21 %self[3.3,3.7,3.10,3.13,3.16,3.19,3.22,2.0,] %cl_1_20[3.24,] 
		 26: 
		 27: def_%cl_1_22 %self[3.3,3.7,3.10,3.13,3.16,3.19,3.22,3.25,2.0,] 
		 28: COPY def_%cl_1_23 
		 29: COPY def_%cl_1_24 
		 30: %self->total_count_for def_%cl_1_25 %self[3.3,3.7,3.10,3.13,3.16,3.19,3.22,3.25,2.0,] %cl_1_22[3.27,] %cl_1_23[3.28,] %cl_1_24[3.29,] 
		 31: 
		 32: COPY def_%cl_1_26 
		 33: %self->t def_%cl_1_27 %self[3.3,3.7,3.10,3.13,3.16,3.19,3.22,3.25,3.30,2.0,] %cl_1_26[3.32,] 
		 34: 
		 35: def_%cl_1_28 %self[3.3,3.7,3.10,3.13,3.16,3.19,3.22,3.25,3.30,3.33,2.0,] 
		 36: COPY def_%cl_1_29 
		 37: COPY def_%cl_1_30 
		 38: %self->total_count_for def_%cl_1_31 %self[3.3,3.7,3.10,3.13,3.16,3.19,3.22,3.25,3.30,3.33,2.0,] %cl_1_28[3.35,] %cl_1_29[3.36,] %cl_1_30[3.37,] 
		 39: 
		 40: COPY def_%cl_1_32 
		 41: %self->t def_%cl_1_33 %self[3.3,3.7,3.10,3.13,3.16,3.19,3.22,3.25,3.30,3.33,3.38,2.0,] %cl_1_32[3.40,] 
		 42: 
		 43: def_%cl_1_34 %self[3.3,3.7,3.10,3.13,3.16,3.19,3.22,3.25,3.30,3.33,3.38,3.41,2.0,] 
		 44: COPY def_%cl_1_35 
		 45: COPY def_%cl_1_36 
		 46: %self->total_count_for def_%cl_1_37 %self[3.3,3.7,3.10,3.13,3.16,3.19,3.22,3.25,3.30,3.33,3.38,3.41,2.0,] %cl_1_34[3.43,] %cl_1_35[3.44,] %cl_1_36[3.45,] 
		 47: 
		 48: COPY def_%cl_1_38 
		 49: %self->t def_%cl_1_39 %self[3.3,3.7,3.10,3.13,3.16,3.19,3.22,3.25,3.30,3.33,3.38,3.41,3.46,2.0,] %cl_1_38[3.48,] 
		 50: 
		 51: def_%cl_1_40 %self[3.3,3.7,3.10,3.13,3.16,3.19,3.22,3.25,3.30,3.33,3.38,3.41,3.46,3.49,2.0,] 
		 52: COPY def_%cl_1_41 
		 53: COPY def_%cl_1_42 
		 54: %self->total_count_for def_%cl_1_43 %self[3.3,3.7,3.10,3.13,3.16,3.19,3.22,3.25,3.30,3.33,3.38,3.41,3.46,3.49,2.0,] %cl_1_40[3.51,] %cl_1_41[3.52,] %cl_1_42[3.53,] 
		 55: 
		 56: COPY def_%cl_1_44 
		 57: %self->t def_%cl_1_45 %self[3.3,3.7,3.10,3.13,3.16,3.19,3.22,3.25,3.30,3.33,3.38,3.41,3.46,3.49,3.54,2.0,] %cl_1_44[3.56,] 
		 58: 
		 59: COPY def_%cl_1_46 
		 60: %self->t def_%cl_1_47 %self[3.3,3.7,3.10,3.13,3.16,3.19,3.22,3.25,3.30,3.33,3.38,3.41,3.46,3.49,3.54,3.57,2.0,] %cl_1_46[3.59,] 
		 61: 
		 62: def_%cl_1_48 %self[3.3,3.7,3.10,3.13,3.16,3.19,3.22,3.25,3.30,3.33,3.38,3.41,3.46,3.49,3.54,3.57,3.60,2.0,] 
		 63: COPY def_%cl_1_49 
		 64: %self->total_count_for def_%cl_1_50 %self[3.3,3.7,3.10,3.13,3.16,3.19,3.22,3.25,3.30,3.33,3.38,3.41,3.46,3.49,3.54,3.57,3.60,2.0,] %cl_1_48[3.62,] %cl_1_49[3.63,] 
		 65: 
		 66: COPY def_%cl_1_51 
		 67: %self->t def_%cl_1_52 %self[3.3,3.7,3.10,3.13,3.16,3.19,3.22,3.25,3.30,3.33,3.38,3.41,3.46,3.49,3.54,3.57,3.60,3.64,2.0,] %cl_1_51[3.66,] 
		 68: 
		 69: def_%cl_1_53 %self[3.3,3.7,3.10,3.13,3.16,3.19,3.22,3.25,3.30,3.33,3.38,3.41,3.46,3.49,3.54,3.57,3.60,3.64,3.67,2.0,] 
		 70: COPY def_%cl_1_54 
		 71: %self->total_count_for def_%cl_1_55 %self[3.3,3.7,3.10,3.13,3.16,3.19,3.22,3.25,3.30,3.33,3.38,3.41,3.46,3.49,3.54,3.57,3.60,3.64,3.67,2.0,] %cl_1_53[3.69,] %cl_1_54[3.70,] 
		 72: 
		 73: COPY def_%cl_1_56 
		 74: %self->t def_%cl_1_57 %self[3.3,3.7,3.10,3.13,3.16,3.19,3.22,3.25,3.30,3.33,3.38,3.41,3.46,3.49,3.54,3.57,3.60,3.64,3.67,3.71,2.0,] %cl_1_56[3.73,] 
		 75: 
		 76: def_%cl_1_58 %self[3.3,3.7,3.10,3.13,3.16,3.19,3.22,3.25,3.30,3.33,3.38,3.41,3.46,3.49,3.54,3.57,3.60,3.64,3.67,3.71,3.74,2.0,] 
		 77: COPY def_%cl_1_59 
		 78: %self->total_count_for def_%cl_1_60 %self[3.3,3.7,3.10,3.13,3.16,3.19,3.22,3.25,3.30,3.33,3.38,3.41,3.46,3.49,3.54,3.57,3.60,3.64,3.67,3.71,3.74,2.0,] %cl_1_58[3.76,] %cl_1_59[3.77,] 
		 79: 
		 80: COPY def_%cl_1_61 
		 81: %self->t def_%cl_1_62 %self[3.3,3.7,3.10,3.13,3.16,3.19,3.22,3.25,3.30,3.33,3.38,3.41,3.46,3.49,3.54,3.57,3.60,3.64,3.67,3.71,3.74,3.78,2.0,] %cl_1_61[3.80,] 
		 82: 
		 83: def_%cl_1_63 %self[3.3,3.7,3.10,3.13,3.16,3.19,3.22,3.25,3.30,3.33,3.38,3.41,3.46,3.49,3.54,3.57,3.60,3.64,3.67,3.71,3.74,3.78,3.81,2.0,] 
		 84: COPY def_%cl_1_64 
		 85: %self->total_count_for def_%cl_1_65 %self[3.3,3.7,3.10,3.13,3.16,3.19,3.22,3.25,3.30,3.33,3.38,3.41,3.46,3.49,3.54,3.57,3.60,3.64,3.67,3.71,3.74,3.78,3.81,2.0,] %cl_1_63[3.83,] %cl_1_64[3.84,] 
		 86: 
		 87: COPY def_%cl_1_66 
		 88: %self->t def_%cl_1_67 %self[3.3,3.7,3.10,3.13,3.16,3.19,3.22,3.25,3.30,3.33,3.38,3.41,3.46,3.49,3.54,3.57,3.60,3.64,3.67,3.71,3.74,3.78,3.81,3.85,2.0,] %cl_1_66[3.87,] 
		 89: 
		 90: def_%cl_1_68 %self[3.3,3.7,3.10,3.13,3.16,3.19,3.22,3.25,3.30,3.33,3.38,3.41,3.46,3.49,3.54,3.57,3.60,3.64,3.67,3.71,3.74,3.78,3.81,3.85,3.88,2.0,] 
		 91: COPY def_%cl_1_69 
		 92: %self->total_count_for def_%cl_1_70 %self[3.3,3.7,3.10,3.13,3.16,3.19,3.22,3.25,3.30,3.33,3.38,3.41,3.46,3.49,3.54,3.57,3.60,3.64,3.67,3.71,3.74,3.78,3.81,3.85,3.88,2.0,] %cl_1_68[3.90,] %cl_1_69[3.91,] 
		 93: 
		 94: COPY def_%cl_1_71 
		 95: %self->t def_%cl_1_72 %self[3.3,3.7,3.10,3.13,3.16,3.19,3.22,3.25,3.30,3.33,3.38,3.41,3.46,3.49,3.54,3.57,3.60,3.64,3.67,3.71,3.74,3.78,3.81,3.85,3.88,3.92,2.0,] %cl_1_71[3.94,] 
		 96: 
		 97: def_%cl_1_73 %self[3.3,3.7,3.10,3.13,3.16,3.19,3.22,3.25,3.30,3.33,3.38,3.41,3.46,3.49,3.54,3.57,3.60,3.64,3.67,3.71,3.74,3.78,3.81,3.85,3.88,3.92,3.95,2.0,] 
		 98: COPY def_%cl_1_74 
		 99: %self->total_count_for def_%cl_1_75 %self[3.3,3.7,3.10,3.13,3.16,3.19,3.22,3.25,3.30,3.33,3.38,3.41,3.46,3.49,3.54,3.57,3.60,3.64,3.67,3.71,3.74,3.78,3.81,3.85,3.88,3.92,3.95,2.0,] %cl_1_73[3.97,] %cl_1_74[3.98,] 
		 100: 
		 101: COPY def_%cl_1_76 
		 102: %self->t def_%cl_1_77 %self[3.3,3.7,3.10,3.13,3.16,3.19,3.22,3.25,3.30,3.33,3.38,3.41,3.46,3.49,3.54,3.57,3.60,3.64,3.67,3.71,3.74,3.78,3.81,3.85,3.88,3.92,3.95,3.99,2.0,] %cl_1_76[3.101,] 
		 103: 
		 104: def_%cl_1_78 %self[3.3,3.7,3.10,3.13,3.16,3.19,3.22,3.25,3.30,3.33,3.38,3.41,3.46,3.49,3.54,3.57,3.60,3.64,3.67,3.71,3.74,3.78,3.81,3.85,3.88,3.92,3.95,3.99,3.102,2.0,] 
		 105: COPY def_%cl_1_79 
		 106: %self->total_count_for def_%cl_1_80 %self[3.3,3.7,3.10,3.13,3.16,3.19,3.22,3.25,3.30,3.33,3.38,3.41,3.46,3.49,3.54,3.57,3.60,3.64,3.67,3.71,3.74,3.78,3.81,3.85,3.88,3.92,3.95,3.99,3.102,2.0,] %cl_1_78[3.104,] %cl_1_79[3.105,] 
		 107: 
		 108: COPY def_%cl_1_81 
		 109: %self->t def_%cl_1_82 %self[3.3,3.7,3.10,3.13,3.16,3.19,3.22,3.25,3.30,3.33,3.38,3.41,3.46,3.49,3.54,3.57,3.60,3.64,3.67,3.71,3.74,3.78,3.81,3.85,3.88,3.92,3.95,3.99,3.102,3.106,2.0,] %cl_1_81[3.108,] 
		 110: 
		 111: def_%cl_1_83 %self[3.3,3.7,3.10,3.13,3.16,3.19,3.22,3.25,3.30,3.33,3.38,3.41,3.46,3.49,3.54,3.57,3.60,3.64,3.67,3.71,3.74,3.78,3.81,3.85,3.88,3.92,3.95,3.99,3.102,3.106,3.109,2.0,] 
		 112: COPY def_%cl_1_84 
		 113: %self->t def_%cl_1_85 %self[3.3,3.7,3.10,3.13,3.16,3.19,3.22,3.25,3.30,3.33,3.38,3.41,3.46,3.49,3.54,3.57,3.60,3.64,3.67,3.71,3.74,3.78,3.81,3.85,3.88,3.92,3.95,3.99,3.102,3.106,3.109,2.0,] %cl_1_84[3.112,] 
		 114: 
		 115: COPY def_%cl_1_86 
		 116: %self->t def_%cl_1_87 %self[3.3,3.7,3.10,3.13,3.16,3.19,3.22,3.25,3.30,3.33,3.38,3.41,3.46,3.49,3.54,3.57,3.60,3.64,3.67,3.71,3.74,3.78,3.81,3.85,3.88,3.92,3.95,3.99,3.102,3.106,3.109,3.113,2.0,] %cl_1_86[3.115,] 
		 117: 
		 118: def_%cl_1_88 %self[3.3,3.7,3.10,3.13,3.16,3.19,3.22,3.25,3.30,3.33,3.38,3.41,3.46,3.49,3.54,3.57,3.60,3.64,3.67,3.71,3.74,3.78,3.81,3.85,3.88,3.92,3.95,3.99,3.102,3.106,3.109,3.113,3.116,2.0,] 
		 119: COPY def_%cl_1_89 
		 120: %self->total_count_for def_%cl_1_90 %self[3.3,3.7,3.10,3.13,3.16,3.19,3.22,3.25,3.30,3.33,3.38,3.41,3.46,3.49,3.54,3.57,3.60,3.64,3.67,3.71,3.74,3.78,3.81,3.85,3.88,3.92,3.95,3.99,3.102,3.106,3.109,3.113,3.116,2.0,] %cl_1_88[3.118,] %cl_1_89[3.119,] 
		 121: 
		 122: COPY def_%cl_1_91 
		 123: %self->t def_%cl_1_92 %self[3.3,3.7,3.10,3.13,3.16,3.19,3.22,3.25,3.30,3.33,3.38,3.41,3.46,3.49,3.54,3.57,3.60,3.64,3.67,3.71,3.74,3.78,3.81,3.85,3.88,3.92,3.95,3.99,3.102,3.106,3.109,3.113,3.116,3.120,2.0,] %cl_1_91[3.122,] 
		 124: 
		 125: def_%cl_1_93 %self[3.3,3.7,3.10,3.13,3.16,3.19,3.22,3.25,3.30,3.33,3.38,3.41,3.46,3.49,3.54,3.57,3.60,3.64,3.67,3.71,3.74,3.78,3.81,3.85,3.88,3.92,3.95,3.99,3.102,3.106,3.109,3.113,3.116,3.120,3.123,2.0,] 
		 126: COPY def_%cl_1_94 
		 127: %self->total_count_for def_%cl_1_95 %self[3.3,3.7,3.10,3.13,3.16,3.19,3.22,3.25,3.30,3.33,3.38,3.41,3.46,3.49,3.54,3.57,3.60,3.64,3.67,3.71,3.74,3.78,3.81,3.85,3.88,3.92,3.95,3.99,3.102,3.106,3.109,3.113,3.116,3.120,3.123,2.0,] %cl_1_93[3.125,] %cl_1_94[3.126,] 
		 128: 
		 129: COPY def_%cl_1_96 
		 130: %self->t def_%cl_1_97 %self[3.3,3.7,3.10,3.13,3.16,3.19,3.22,3.25,3.30,3.33,3.38,3.41,3.46,3.49,3.54,3.57,3.60,3.64,3.67,3.71,3.74,3.78,3.81,3.85,3.88,3.92,3.95,3.99,3.102,3.106,3.109,3.113,3.116,3.120,3.123,3.127,2.0,] %cl_1_96[3.129,] 
		 131: 
		 132: def_%cl_1_98 %self[3.3,3.7,3.10,3.13,3.16,3.19,3.22,3.25,3.30,3.33,3.38,3.41,3.46,3.49,3.54,3.57,3.60,3.64,3.67,3.71,3.74,3.78,3.81,3.85,3.88,3.92,3.95,3.99,3.102,3.106,3.109,3.113,3.116,3.120,3.123,3.127,3.130,2.0,] 
		 133: COPY def_%cl_1_99 
		 134: %self->total_count_for def_%cl_1_100 %self[3.3,3.7,3.10,3.13,3.16,3.19,3.22,3.25,3.30,3.33,3.38,3.41,3.46,3.49,3.54,3.57,3.60,3.64,3.67,3.71,3.74,3.78,3.81,3.85,3.88,3.92,3.95,3.99,3.102,3.106,3.109,3.113,3.116,3.120,3.123,3.127,3.130,2.0,] %cl_1_98[3.132,] %cl_1_99[3.133,] 
		 135: 
		 136: COPY def_%cl_1_101 
		 137: %self->t def_%cl_1_102 %self[3.3,3.7,3.10,3.13,3.16,3.19,3.22,3.25,3.30,3.33,3.38,3.41,3.46,3.49,3.54,3.57,3.60,3.64,3.67,3.71,3.74,3.78,3.81,3.85,3.88,3.92,3.95,3.99,3.102,3.106,3.109,3.113,3.116,3.120,3.123,3.127,3.130,3.134,2.0,] %cl_1_101[3.136,] 
		 138: 
		 139: def_%cl_1_103 %self[3.3,3.7,3.10,3.13,3.16,3.19,3.22,3.25,3.30,3.33,3.38,3.41,3.46,3.49,3.54,3.57,3.60,3.64,3.67,3.71,3.74,3.78,3.81,3.85,3.88,3.92,3.95,3.99,3.102,3.106,3.109,3.113,3.116,3.120,3.123,3.127,3.130,3.134,3.137,2.0,] 
		 140: COPY def_%cl_1_104 
		 141: %self->total_count_for def_%cl_1_105 %self[3.3,3.7,3.10,3.13,3.16,3.19,3.22,3.25,3.30,3.33,3.38,3.41,3.46,3.49,3.54,3.57,3.60,3.64,3.67,3.71,3.74,3.78,3.81,3.85,3.88,3.92,3.95,3.99,3.102,3.106,3.109,3.113,3.116,3.120,3.123,3.127,3.130,3.134,3.137,2.0,] %cl_1_103[3.139,] %cl_1_104[3.140,] 
		 142: 
		 143: COPY def_%cl_1_106 
		 144: %self->t def_%cl_1_107 %self[3.3,3.7,3.10,3.13,3.16,3.19,3.22,3.25,3.30,3.33,3.38,3.41,3.46,3.49,3.54,3.57,3.60,3.64,3.67,3.71,3.74,3.78,3.81,3.85,3.88,3.92,3.95,3.99,3.102,3.106,3.109,3.113,3.116,3.120,3.123,3.127,3.130,3.134,3.137,3.141,2.0,] %cl_1_106[3.143,] 
		 145: 
		 146: def_%cl_1_108 %self[3.3,3.7,3.10,3.13,3.16,3.19,3.22,3.25,3.30,3.33,3.38,3.41,3.46,3.49,3.54,3.57,3.60,3.64,3.67,3.71,3.74,3.78,3.81,3.85,3.88,3.92,3.95,3.99,3.102,3.106,3.109,3.113,3.116,3.120,3.123,3.127,3.130,3.134,3.137,3.141,3.144,2.0,] 
		 147: COPY def_%cl_1_109 
		 148: %self->total_count_for def_%cl_1_110 %self[3.3,3.7,3.10,3.13,3.16,3.19,3.22,3.25,3.30,3.33,3.38,3.41,3.46,3.49,3.54,3.57,3.60,3.64,3.67,3.71,3.74,3.78,3.81,3.85,3.88,3.92,3.95,3.99,3.102,3.106,3.109,3.113,3.116,3.120,3.123,3.127,3.130,3.134,3.137,3.141,3.144,2.0,] %cl_1_108[3.146,] %cl_1_109[3.147,] 
		 149: 
		 150: COPY def_%cl_1_111 
		 151: %self->t def_%cl_1_112 %self[3.3,3.7,3.10,3.13,3.16,3.19,3.22,3.25,3.30,3.33,3.38,3.41,3.46,3.49,3.54,3.57,3.60,3.64,3.67,3.71,3.74,3.78,3.81,3.85,3.88,3.92,3.95,3.99,3.102,3.106,3.109,3.113,3.116,3.120,3.123,3.127,3.130,3.134,3.137,3.141,3.144,3.148,2.0,] %cl_1_111[3.150,] 
		 152: 
		 153: def_%cl_1_113 %self[3.3,3.7,3.10,3.13,3.16,3.19,3.22,3.25,3.30,3.33,3.38,3.41,3.46,3.49,3.54,3.57,3.60,3.64,3.67,3.71,3.74,3.78,3.81,3.85,3.88,3.92,3.95,3.99,3.102,3.106,3.109,3.113,3.116,3.120,3.123,3.127,3.130,3.134,3.137,3.141,3.144,3.148,3.151,2.0,] 
		 154: COPY def_%cl_1_114 
		 155: %self->total_count_for def_%cl_1_115 %self[3.3,3.7,3.10,3.13,3.16,3.19,3.22,3.25,3.30,3.33,3.38,3.41,3.46,3.49,3.54,3.57,3.60,3.64,3.67,3.71,3.74,3.78,3.81,3.85,3.88,3.92,3.95,3.99,3.102,3.106,3.109,3.113,3.116,3.120,3.123,3.127,3.130,3.134,3.137,3.141,3.144,3.148,3.151,2.0,] %cl_1_113[3.153,] %cl_1_114[3.154,] 
		 156: 
		 157: COPY def_%cl_1_116 
		 158: %self->t def_%cl_1_117 %self[3.3,3.7,3.10,3.13,3.16,3.19,3.22,3.25,3.30,3.33,3.38,3.41,3.46,3.49,3.54,3.57,3.60,3.64,3.67,3.71,3.74,3.78,3.81,3.85,3.88,3.92,3.95,3.99,3.102,3.106,3.109,3.113,3.116,3.120,3.123,3.127,3.130,3.134,3.137,3.141,3.144,3.148,3.151,3.155,2.0,] %cl_1_116[3.157,] 
		 159: 
		 160: def_%cl_1_118 %self[3.3,3.7,3.10,3.13,3.16,3.19,3.22,3.25,3.30,3.33,3.38,3.41,3.46,3.49,3.54,3.57,3.60,3.64,3.67,3.71,3.74,3.78,3.81,3.85,3.88,3.92,3.95,3.99,3.102,3.106,3.109,3.113,3.116,3.120,3.123,3.127,3.130,3.134,3.137,3.141,3.144,3.148,3.151,3.155,3.158,2.0,] 
		 161: COPY def_%cl_1_119 
		 162: %self->total_count_for def_%cl_1_120 %self[3.3,3.7,3.10,3.13,3.16,3.19,3.22,3.25,3.30,3.33,3.38,3.41,3.46,3.49,3.54,3.57,3.60,3.64,3.67,3.71,3.74,3.78,3.81,3.85,3.88,3.92,3.95,3.99,3.102,3.106,3.109,3.113,3.116,3.120,3.123,3.127,3.130,3.134,3.137,3.141,3.144,3.148,3.151,3.155,3.158,2.0,] %cl_1_118[3.160,] %cl_1_119[3.161,] 
		 163: 
		 164: COPY def_%cl_1_121 
		 165: %self->t def_%cl_1_122 %self[3.3,3.7,3.10,3.13,3.16,3.19,3.22,3.25,3.30,3.33,3.38,3.41,3.46,3.49,3.54,3.57,3.60,3.64,3.67,3.71,3.74,3.78,3.81,3.85,3.88,3.92,3.95,3.99,3.102,3.106,3.109,3.113,3.116,3.120,3.123,3.127,3.130,3.134,3.137,3.141,3.144,3.148,3.151,3.155,3.158,3.162,2.0,] %cl_1_121[3.164,] 
		 166: 
		 167: def_%cl_1_123 %self[3.3,3.7,3.10,3.13,3.16,3.19,3.22,3.25,3.30,3.33,3.38,3.41,3.46,3.49,3.54,3.57,3.60,3.64,3.67,3.71,3.74,3.78,3.81,3.85,3.88,3.92,3.95,3.99,3.102,3.106,3.109,3.113,3.116,3.120,3.123,3.127,3.130,3.134,3.137,3.141,3.144,3.148,3.151,3.155,3.158,3.162,3.165,2.0,] 
		 168: COPY def_%cl_1_124 
		 169: %self->t def_%cl_1_125 %self[3.3,3.7,3.10,3.13,3.16,3.19,3.22,3.25,3.30,3.33,3.38,3.41,3.46,3.49,3.54,3.57,3.60,3.64,3.67,3.71,3.74,3.78,3.81,3.85,3.88,3.92,3.95,3.99,3.102,3.106,3.109,3.113,3.116,3.120,3.123,3.127,3.130,3.134,3.137,3.141,3.144,3.148,3.151,3.155,3.158,3.162,3.165,2.0,] %cl_1_124[3.168,] 
		 170: 
		 171: def_%cl_1_126 %self[3.3,3.7,3.10,3.13,3.16,3.19,3.22,3.25,3.30,3.33,3.38,3.41,3.46,3.49,3.54,3.57,3.60,3.64,3.67,3.71,3.74,3.78,3.81,3.85,3.88,3.92,3.95,3.99,3.102,3.106,3.109,3.113,3.116,3.120,3.123,3.127,3.130,3.134,3.137,3.141,3.144,3.148,3.151,3.155,3.158,3.162,3.165,3.169,2.0,] 
		 172: COPY def_%cl_1_127 
		 173: %self->total_count_for def_%cl_1_128 %self[3.3,3.7,3.10,3.13,3.16,3.19,3.22,3.25,3.30,3.33,3.38,3.41,3.46,3.49,3.54,3.57,3.60,3.64,3.67,3.71,3.74,3.78,3.81,3.85,3.88,3.92,3.95,3.99,3.102,3.106,3.109,3.113,3.116,3.120,3.123,3.127,3.130,3.134,3.137,3.141,3.144,3.148,3.151,3.155,3.158,3.162,3.165,3.169,2.0,] %cl_1_126[3.171,] %cl_1_127[3.172,] 
		 174: 
		 175: COPY def_%cl_1_129 
		 176: %self->t def_%cl_1_130 %self[3.3,3.7,3.10,3.13,3.16,3.19,3.22,3.25,3.30,3.33,3.38,3.41,3.46,3.49,3.54,3.57,3.60,3.64,3.67,3.71,3.74,3.78,3.81,3.85,3.88,3.92,3.95,3.99,3.102,3.106,3.109,3.113,3.116,3.120,3.123,3.127,3.130,3.134,3.137,3.141,3.144,3.148,3.151,3.155,3.158,3.162,3.165,3.169,3.173,2.0,] %cl_1_129[3.175,] 
		 177: 
		 178: def_%cl_1_131 %self[3.3,3.7,3.10,3.13,3.16,3.19,3.22,3.25,3.30,3.33,3.38,3.41,3.46,3.49,3.54,3.57,3.60,3.64,3.67,3.71,3.74,3.78,3.81,3.85,3.88,3.92,3.95,3.99,3.102,3.106,3.109,3.113,3.116,3.120,3.123,3.127,3.130,3.134,3.137,3.141,3.144,3.148,3.151,3.155,3.158,3.162,3.165,3.169,3.173,3.176,2.0,] 
		 179: COPY def_%cl_1_132 
		 180: %self->total_count_for def_%cl_1_133 %self[3.3,3.7,3.10,3.13,3.16,3.19,3.22,3.25,3.30,3.33,3.38,3.41,3.46,3.49,3.54,3.57,3.60,3.64,3.67,3.71,3.74,3.78,3.81,3.85,3.88,3.92,3.95,3.99,3.102,3.106,3.109,3.113,3.116,3.120,3.123,3.127,3.130,3.134,3.137,3.141,3.144,3.148,3.151,3.155,3.158,3.162,3.165,3.169,3.173,3.176,2.0,] %cl_1_131[3.178,] %cl_1_132[3.179,] 
		 181: 
		 182: COPY def_%cl_1_134 
		 183: %self->t def_%cl_1_135 %self[3.3,3.7,3.10,3.13,3.16,3.19,3.22,3.25,3.30,3.33,3.38,3.41,3.46,3.49,3.54,3.57,3.60,3.64,3.67,3.71,3.74,3.78,3.81,3.85,3.88,3.92,3.95,3.99,3.102,3.106,3.109,3.113,3.116,3.120,3.123,3.127,3.130,3.134,3.137,3.141,3.144,3.148,3.151,3.155,3.158,3.162,3.165,3.169,3.173,3.176,3.180,2.0,] %cl_1_134[3.182,] 
		 184: 
		 185: def_%cl_1_136 %self[3.3,3.7,3.10,3.13,3.16,3.19,3.22,3.25,3.30,3.33,3.38,3.41,3.46,3.49,3.54,3.57,3.60,3.64,3.67,3.71,3.74,3.78,3.81,3.85,3.88,3.92,3.95,3.99,3.102,3.106,3.109,3.113,3.116,3.120,3.123,3.127,3.130,3.134,3.137,3.141,3.144,3.148,3.151,3.155,3.158,3.162,3.165,3.169,3.173,3.176,3.180,3.183,2.0,] 
		 186: COPY def_%cl_1_137 
		 187: %self->total_count_for def_%cl_1_138 %self[3.3,3.7,3.10,3.13,3.16,3.19,3.22,3.25,3.30,3.33,3.38,3.41,3.46,3.49,3.54,3.57,3.60,3.64,3.67,3.71,3.74,3.78,3.81,3.85,3.88,3.92,3.95,3.99,3.102,3.106,3.109,3.113,3.116,3.120,3.123,3.127,3.130,3.134,3.137,3.141,3.144,3.148,3.151,3.155,3.158,3.162,3.165,3.169,3.173,3.176,3.180,3.183,2.0,] %cl_1_136[3.185,] %cl_1_137[3.186,] 
		 188: 
		 189: COPY def_%cl_1_139 
		 190: %self->t def_%cl_1_140 %self[3.3,3.7,3.10,3.13,3.16,3.19,3.22,3.25,3.30,3.33,3.38,3.41,3.46,3.49,3.54,3.57,3.60,3.64,3.67,3.71,3.74,3.78,3.81,3.85,3.88,3.92,3.95,3.99,3.102,3.106,3.109,3.113,3.116,3.120,3.123,3.127,3.130,3.134,3.137,3.141,3.144,3.148,3.151,3.155,3.158,3.162,3.165,3.169,3.173,3.176,3.180,3.183,3.187,2.0,] %cl_1_139[3.189,] 
		 191: 
		 192: def_%cl_1_141 %self[3.3,3.7,3.10,3.13,3.16,3.19,3.22,3.25,3.30,3.33,3.38,3.41,3.46,3.49,3.54,3.57,3.60,3.64,3.67,3.71,3.74,3.78,3.81,3.85,3.88,3.92,3.95,3.99,3.102,3.106,3.109,3.113,3.116,3.120,3.123,3.127,3.130,3.134,3.137,3.141,3.144,3.148,3.151,3.155,3.158,3.162,3.165,3.169,3.173,3.176,3.180,3.183,3.187,3.190,2.0,] 
		 193: COPY def_%cl_1_142 
		 194: %self->total_count_for def_%cl_1_143 %self[3.3,3.7,3.10,3.13,3.16,3.19,3.22,3.25,3.30,3.33,3.38,3.41,3.46,3.49,3.54,3.57,3.60,3.64,3.67,3.71,3.74,3.78,3.81,3.85,3.88,3.92,3.95,3.99,3.102,3.106,3.109,3.113,3.116,3.120,3.123,3.127,3.130,3.134,3.137,3.141,3.144,3.148,3.151,3.155,3.158,3.162,3.165,3.169,3.173,3.176,3.180,3.183,3.187,3.190,2.0,] %cl_1_141[3.192,] %cl_1_142[3.193,] 
		 195: 
		 196: COPY def_%cl_1_144 
		 197: %self->t def_%cl_1_145 %self[3.3,3.7,3.10,3.13,3.16,3.19,3.22,3.25,3.30,3.33,3.38,3.41,3.46,3.49,3.54,3.57,3.60,3.64,3.67,3.71,3.74,3.78,3.81,3.85,3.88,3.92,3.95,3.99,3.102,3.106,3.109,3.113,3.116,3.120,3.123,3.127,3.130,3.134,3.137,3.141,3.144,3.148,3.151,3.155,3.158,3.162,3.165,3.169,3.173,3.176,3.180,3.183,3.187,3.190,3.194,2.0,] %cl_1_144[3.196,] 
		 198: 
		 199: def_%cl_1_146 %self[3.3,3.7,3.10,3.13,3.16,3.19,3.22,3.25,3.30,3.33,3.38,3.41,3.46,3.49,3.54,3.57,3.60,3.64,3.67,3.71,3.74,3.78,3.81,3.85,3.88,3.92,3.95,3.99,3.102,3.106,3.109,3.113,3.116,3.120,3.123,3.127,3.130,3.134,3.137,3.141,3.144,3.148,3.151,3.155,3.158,3.162,3.165,3.169,3.173,3.176,3.180,3.183,3.187,3.190,3.194,3.197,2.0,] 
		 200: COPY def_%cl_1_147 
		 201: %self->total_count_for def_%cl_1_148 %self[3.3,3.7,3.10,3.13,3.16,3.19,3.22,3.25,3.30,3.33,3.38,3.41,3.46,3.49,3.54,3.57,3.60,3.64,3.67,3.71,3.74,3.78,3.81,3.85,3.88,3.92,3.95,3.99,3.102,3.106,3.109,3.113,3.116,3.120,3.123,3.127,3.130,3.134,3.137,3.141,3.144,3.148,3.151,3.155,3.158,3.162,3.165,3.169,3.173,3.176,3.180,3.183,3.187,3.190,3.194,3.197,2.0,] %cl_1_146[3.199,] %cl_1_147[3.200,] 
		 202: 
		 203: COPY def_%cl_1_149 
		 204: %self->t def_%cl_1_150 %self[3.3,3.7,3.10,3.13,3.16,3.19,3.22,3.25,3.30,3.33,3.38,3.41,3.46,3.49,3.54,3.57,3.60,3.64,3.67,3.71,3.74,3.78,3.81,3.85,3.88,3.92,3.95,3.99,3.102,3.106,3.109,3.113,3.116,3.120,3.123,3.127,3.130,3.134,3.137,3.141,3.144,3.148,3.151,3.155,3.158,3.162,3.165,3.169,3.173,3.176,3.180,3.183,3.187,3.190,3.194,3.197,3.201,2.0,] %cl_1_149[3.203,] 
		 205: 
		 206: def_%cl_1_151 %self[3.3,3.7,3.10,3.13,3.16,3.19,3.22,3.25,3.30,3.33,3.38,3.41,3.46,3.49,3.54,3.57,3.60,3.64,3.67,3.71,3.74,3.78,3.81,3.85,3.88,3.92,3.95,3.99,3.102,3.106,3.109,3.113,3.116,3.120,3.123,3.127,3.130,3.134,3.137,3.141,3.144,3.148,3.151,3.155,3.158,3.162,3.165,3.169,3.173,3.176,3.180,3.183,3.187,3.190,3.194,3.197,3.201,3.204,2.0,] 
		 207: COPY def_%cl_1_152 
		 208: %self->total_count_for def_%cl_1_153 %self[3.3,3.7,3.10,3.13,3.16,3.19,3.22,3.25,3.30,3.33,3.38,3.41,3.46,3.49,3.54,3.57,3.60,3.64,3.67,3.71,3.74,3.78,3.81,3.85,3.88,3.92,3.95,3.99,3.102,3.106,3.109,3.113,3.116,3.120,3.123,3.127,3.130,3.134,3.137,3.141,3.144,3.148,3.151,3.155,3.158,3.162,3.165,3.169,3.173,3.176,3.180,3.183,3.187,3.190,3.194,3.197,3.201,3.204,2.0,] %cl_1_151[3.206,] %cl_1_152[3.207,] 
		 209: 
		 210: COPY def_%cl_1_154 
		 211: %self->t def_%cl_1_155 %self[3.3,3.7,3.10,3.13,3.16,3.19,3.22,3.25,3.30,3.33,3.38,3.41,3.46,3.49,3.54,3.57,3.60,3.64,3.67,3.71,3.74,3.78,3.81,3.85,3.88,3.92,3.95,3.99,3.102,3.106,3.109,3.113,3.116,3.120,3.123,3.127,3.130,3.134,3.137,3.141,3.144,3.148,3.151,3.155,3.158,3.162,3.165,3.169,3.173,3.176,3.180,3.183,3.187,3.190,3.194,3.197,3.201,3.204,3.208,2.0,] %cl_1_154[3.210,] 
		 212: 
		 213: def_%cl_1_156 %self[3.3,3.7,3.10,3.13,3.16,3.19,3.22,3.25,3.30,3.33,3.38,3.41,3.46,3.49,3.54,3.57,3.60,3.64,3.67,3.71,3.74,3.78,3.81,3.85,3.88,3.92,3.95,3.99,3.102,3.106,3.109,3.113,3.116,3.120,3.123,3.127,3.130,3.134,3.137,3.141,3.144,3.148,3.151,3.155,3.158,3.162,3.165,3.169,3.173,3.176,3.180,3.183,3.187,3.190,3.194,3.197,3.201,3.204,3.208,3.211,2.0,] 
		 214: COPY def_%cl_1_157 
		 215: %self->total_count_for def_%cl_1_158 %self[3.3,3.7,3.10,3.13,3.16,3.19,3.22,3.25,3.30,3.33,3.38,3.41,3.46,3.49,3.54,3.57,3.60,3.64,3.67,3.71,3.74,3.78,3.81,3.85,3.88,3.92,3.95,3.99,3.102,3.106,3.109,3.113,3.116,3.120,3.123,3.127,3.130,3.134,3.137,3.141,3.144,3.148,3.151,3.155,3.158,3.162,3.165,3.169,3.173,3.176,3.180,3.183,3.187,3.190,3.194,3.197,3.201,3.204,3.208,3.211,2.0,] %cl_1_156[3.213,] %cl_1_157[3.214,] 
		 216: 
		 217: COPY def_%cl_1_159 
		 218: %self->t def_%cl_1_160 %self[3.3,3.7,3.10,3.13,3.16,3.19,3.22,3.25,3.30,3.33,3.38,3.41,3.46,3.49,3.54,3.57,3.60,3.64,3.67,3.71,3.74,3.78,3.81,3.85,3.88,3.92,3.95,3.99,3.102,3.106,3.109,3.113,3.116,3.120,3.123,3.127,3.130,3.134,3.137,3.141,3.144,3.148,3.151,3.155,3.158,3.162,3.165,3.169,3.173,3.176,3.180,3.183,3.187,3.190,3.194,3.197,3.201,3.204,3.208,3.211,3.215,2.0,] %cl_1_159[3.217,] 
		 219: 
		 220: def_%cl_1_161 %self[3.3,3.7,3.10,3.13,3.16,3.19,3.22,3.25,3.30,3.33,3.38,3.41,3.46,3.49,3.54,3.57,3.60,3.64,3.67,3.71,3.74,3.78,3.81,3.85,3.88,3.92,3.95,3.99,3.102,3.106,3.109,3.113,3.116,3.120,3.123,3.127,3.130,3.134,3.137,3.141,3.144,3.148,3.151,3.155,3.158,3.162,3.165,3.169,3.173,3.176,3.180,3.183,3.187,3.190,3.194,3.197,3.201,3.204,3.208,3.211,3.215,3.218,2.0,] 
		 221: COPY def_%cl_1_162 
		 222: %self->t def_%cl_1_163 %self[3.3,3.7,3.10,3.13,3.16,3.19,3.22,3.25,3.30,3.33,3.38,3.41,3.46,3.49,3.54,3.57,3.60,3.64,3.67,3.71,3.74,3.78,3.81,3.85,3.88,3.92,3.95,3.99,3.102,3.106,3.109,3.113,3.116,3.120,3.123,3.127,3.130,3.134,3.137,3.141,3.144,3.148,3.151,3.155,3.158,3.162,3.165,3.169,3.173,3.176,3.180,3.183,3.187,3.190,3.194,3.197,3.201,3.204,3.208,3.211,3.215,3.218,2.0,] %cl_1_162[3.221,] 
		 223: 
		 224: COPY def_%cl_1_164 
		 225: %self->t def_%cl_1_165 %self[3.3,3.7,3.10,3.13,3.16,3.19,3.22,3.25,3.30,3.33,3.38,3.41,3.46,3.49,3.54,3.57,3.60,3.64,3.67,3.71,3.74,3.78,3.81,3.85,3.88,3.92,3.95,3.99,3.102,3.106,3.109,3.113,3.116,3.120,3.123,3.127,3.130,3.134,3.137,3.141,3.144,3.148,3.151,3.155,3.158,3.162,3.165,3.169,3.173,3.176,3.180,3.183,3.187,3.190,3.194,3.197,3.201,3.204,3.208,3.211,3.215,3.218,3.222,2.0,] %cl_1_164[3.224,] 
		 226: 
		 227: COPY def_%cl_1_166 
		 228: %self->t def_%cl_1_167 %self[3.3,3.7,3.10,3.13,3.16,3.19,3.22,3.25,3.30,3.33,3.38,3.41,3.46,3.49,3.54,3.57,3.60,3.64,3.67,3.71,3.74,3.78,3.81,3.85,3.88,3.92,3.95,3.99,3.102,3.106,3.109,3.113,3.116,3.120,3.123,3.127,3.130,3.134,3.137,3.141,3.144,3.148,3.151,3.155,3.158,3.162,3.165,3.169,3.173,3.176,3.180,3.183,3.187,3.190,3.194,3.197,3.201,3.204,3.208,3.211,3.215,3.218,3.222,3.225,2.0,] %cl_1_166[3.227,] 
		 229: 
		 230: COPY def_%cl_1_168 
		 231: %self->t def_%cl_1_169 %self[3.3,3.7,3.10,3.13,3.16,3.19,3.22,3.25,3.30,3.33,3.38,3.41,3.46,3.49,3.54,3.57,3.60,3.64,3.67,3.71,3.74,3.78,3.81,3.85,3.88,3.92,3.95,3.99,3.102,3.106,3.109,3.113,3.116,3.120,3.123,3.127,3.130,3.134,3.137,3.141,3.144,3.148,3.151,3.155,3.158,3.162,3.165,3.169,3.173,3.176,3.180,3.183,3.187,3.190,3.194,3.197,3.201,3.204,3.208,3.211,3.215,3.218,3.222,3.225,3.228,2.0,] %cl_1_168[3.230,] 
		 232: 
		 233: COPY def_%cl_1_170 
		 234: %self->t def_%cl_1_171 %self[3.3,3.7,3.10,3.13,3.16,3.19,3.22,3.25,3.30,3.33,3.38,3.41,3.46,3.49,3.54,3.57,3.60,3.64,3.67,3.71,3.74,3.78,3.81,3.85,3.88,3.92,3.95,3.99,3.102,3.106,3.109,3.113,3.116,3.120,3.123,3.127,3.130,3.134,3.137,3.141,3.144,3.148,3.151,3.155,3.158,3.162,3.165,3.169,3.173,3.176,3.180,3.183,3.187,3.190,3.194,3.197,3.201,3.204,3.208,3.211,3.215,3.218,3.222,3.225,3.228,3.231,2.0,] %cl_1_170[3.233,] 
		 235: 
		 236: COPY def_%cl_1_172 
		 237: %self->t def_%cl_1_173 %self[3.3,3.7,3.10,3.13,3.16,3.19,3.22,3.25,3.30,3.33,3.38,3.41,3.46,3.49,3.54,3.57,3.60,3.64,3.67,3.71,3.74,3.78,3.81,3.85,3.88,3.92,3.95,3.99,3.102,3.106,3.109,3.113,3.116,3.120,3.123,3.127,3.130,3.134,3.137,3.141,3.144,3.148,3.151,3.155,3.158,3.162,3.165,3.169,3.173,3.176,3.180,3.183,3.187,3.190,3.194,3.197,3.201,3.204,3.208,3.211,3.215,3.218,3.222,3.225,3.228,3.231,3.234,2.0,] %cl_1_172[3.236,] 
		 238: 
		 239: def_%cl_1_175 %self[3.3,3.7,3.10,3.13,3.16,3.19,3.22,3.25,3.30,3.33,3.38,3.41,3.46,3.49,3.54,3.57,3.60,3.64,3.67,3.71,3.74,3.78,3.81,3.85,3.88,3.92,3.95,3.99,3.102,3.106,3.109,3.113,3.116,3.120,3.123,3.127,3.130,3.134,3.137,3.141,3.144,3.148,3.151,3.155,3.158,3.162,3.165,3.169,3.173,3.176,3.180,3.183,3.187,3.190,3.194,3.197,3.201,3.204,3.208,3.211,3.215,3.218,3.222,3.225,3.228,3.231,3.234,3.237,2.0,] 
		 240: %cl_1_175->each def_%cl_1_174 %cl_1_175[3.239,] %self[3.3,3.7,3.10,3.13,3.16,3.19,3.22,3.25,3.30,3.33,3.38,3.41,3.46,3.49,3.54,3.57,3.60,3.64,3.67,3.71,3.74,3.78,3.81,3.85,3.88,3.92,3.95,3.99,3.102,3.106,3.109,3.113,3.116,3.120,3.123,3.127,3.130,3.134,3.137,3.141,3.144,3.148,3.151,3.155,3.158,3.162,3.165,3.169,3.173,3.176,3.180,3.183,3.187,3.190,3.194,3.197,3.201,3.204,3.208,3.211,3.215,3.218,3.222,3.225,3.228,3.231,3.234,3.237,2.0,] 
CLOSURE BEGIN: u[] %self[3.3,3.7,3.10,3.13,3.16,3.19,3.22,3.25,3.30,3.33,3.38,3.41,3.46,3.49,3.54,3.57,3.60,3.64,3.67,3.71,3.74,3.78,3.81,3.85,3.88,3.92,3.95,3.99,3.102,3.106,3.109,3.113,3.116,3.120,3.123,3.127,3.130,3.134,3.137,3.141,3.144,3.148,3.151,3.155,3.158,3.162,3.165,3.169,3.173,3.176,3.180,3.183,3.187,3.190,3.194,3.197,3.201,3.204,3.208,3.211,3.215,3.218,3.222,3.225,3.228,3.231,3.234,3.237,2.0,] 
BB 1
	outgoing: 4 2 
	datadep: 
	instructions:
BB 2
	outgoing: 4 
	datadep: 
	instructions:
		 0: def_%self 
		 1: def_%cl_21_0 
		 2: RECEIVEARG def_u 
		 3: COPY def_%current_scope 
		 4: COPY def_%current_module 
		 5: 
		 6: u->name def_%cl_21_3 u[2.2,] 
		 7: 
		 8: u->company def_%cl_21_4 u[2.2,2.6,] 
		 9: %cl_21_4->name def_%cl_21_5 %cl_21_4[2.8,] 
		 10: 
		 11: u->email def_%cl_21_6 u[2.2,2.6,2.8,] 
		 12: 
		 13: %self->tz def_%cl_21_7 %self[2.0,] 
		 14: u->created_at def_%cl_21_8 u[2.2,2.6,2.8,2.11,] 
		 15: %cl_21_7->utc_to_local def_%cl_21_9 %cl_21_7[2.13,] %cl_21_8[2.14,] 
		 16: COPY def_%cl_21_10 
		 17: %cl_21_9->strftime def_%cl_21_11 %cl_21_9[2.15,] %cl_21_10[2.16,] 
		 18: 
		 19: u->time_zone def_%cl_21_12 u[2.2,2.6,2.8,2.11,2.14,] 
		 20: RETURN %cl_21_12[2.19,] %self[2.0,2.13,] 
BB 4
	outgoing: 
	datadep: 
	instructions:
CLOSURE END
		 241: RETURN %cl_1_174[3.240,] %self[3.3,3.7,3.10,3.13,3.16,3.19,3.22,3.25,3.30,3.33,3.38,3.41,3.46,3.49,3.54,3.57,3.60,3.64,3.67,3.71,3.74,3.78,3.81,3.85,3.88,3.92,3.95,3.99,3.102,3.106,3.109,3.113,3.116,3.120,3.123,3.127,3.130,3.134,3.137,3.141,3.144,3.148,3.151,3.155,3.158,3.162,3.165,3.169,3.173,3.176,3.180,3.183,3.187,3.190,3.194,3.197,3.201,3.204,3.208,3.211,3.215,3.218,3.222,3.225,3.228,3.231,3.234,3.237,2.0,] 
BB 4
	outgoing: 6 
	datadep: 
	instructions:
		 0: def_%cl_1_176 
		 1: def_%cl_1_177 %cl_1_176[4.0,] 
		 2: RETURN %cl_1_177[4.1,] %self[2.0,] 
BB 6
	outgoing: 
	datadep: 
	instructions:
CLOSURE END
		 36: RETURN %v_18[2.35,] %self[2.0,2.8,2.12,2.16,2.20,2.24,2.28,2.32,2.34,] 
BB 3
	outgoing: 
	datadep: 
	instructions:

