SET IRMethod, name = edit
BB 1
	outgoing: 3 2 
	datadep: 
	instructions:
BB 2
	outgoing: 3 
	datadep: 
	instructions:
		 0: def_%self 
		 1: def_%v_0 
		 2: COPY def_%current_scope 
		 3: COPY def_%current_module 
		 4: 
		 5: 
		 6: %self->current_user def_%v_3 %self[2.0,] 
		 7: %v_3->company def_%v_4 %v_3[2.6,] 
		 8: ATTRASSIGN %self->@company %self[2.0,2.6,] %v_4[2.7,] 
		 9: 
		 10: COPY def_%v_5 
		 11: %self->t def_%v_6 %self[2.0,2.6,] %v_5[2.10,] 
		 12: COPY def_%v_7 
		 13: (Setting) def_%v_8 
		 14: %v_8->productName def_%v_9 %v_8[2.13,] 
		 15: def_%v_10 %v_6[2.11,] %v_7[2.12,] %v_9[2.14,] 
		 16: ATTRASSIGN %self->@page_title %self[2.0,2.6,2.11,] %v_10[2.15,] 
		 17: 
		 18: def_%v_11 %self[2.0,2.6,2.11,] %self[2.0,2.6,2.11,] 
CLOSURE BEGIN: %self[2.0,2.6,2.11,] 
BB 1
	outgoing: 6 2 
	datadep: 
	instructions:
BB 2
	outgoing: 3 
	datadep: 
	instructions:
		 0: def_%self 
		 1: def_%cl_1_0 
		 2: COPY def_%current_scope 
		 3: COPY def_%current_module 
BB 3
	outgoing: 4 6 
	datadep: 
	instructions:
		 0: 
		 1: %self->ruby_code_from_view def_%cl_1_3 %self[2.0,] 
		 2: %cl_1_3->ruby_code_from_view def_%cl_1_4 %cl_1_3[3.1,] %self[3.1,2.0,] 
CLOSURE BEGIN: %self[3.1,2.0,] scripts[] 
BB 1
	outgoing: 20 2 
	datadep: 
	instructions:
BB 2
	outgoing: 3 
	datadep: 
	instructions:
		 0: def_%self 
		 1: def_%cl_2_0 
		 2: RECEIVEARG def_rb_from_view 
		 3: COPY def_%current_scope 
		 4: COPY def_%current_module 
BB 3
	outgoing: 4 5 18 
	datadep: 
	instructions:
		 0: 
		 1: %self->all_custom_scripts def_%cl_2_3 %self[2.0,] 
		 2: COPY def_scripts %cl_2_3[3.1,] 
		 3: 
		 4: COPY def_%cl_2_4 
		 5: %self->t def_%cl_2_5 %self[3.1,2.0,] %cl_2_4[3.4,] 
		 6: 
		 7: %self->selected def_%cl_2_6 %self[3.1,3.5,2.0,] 
		 8: COPY def_%cl_2_7 
		 9: %self->active_class def_%cl_2_8 %self[3.1,3.5,3.7,2.0,] %cl_2_6[3.7,] %cl_2_7[3.8,] 
		 10: 
		 11: COPY def_%cl_2_9 
		 12: %self->t def_%cl_2_10 %self[3.1,3.5,3.7,3.9,2.0,] %cl_2_9[3.11,] 
		 13: %self->current_user def_%cl_2_11 %self[3.1,3.5,3.7,3.9,3.12,2.0,] 
		 14: %cl_2_11->company def_%cl_2_12 %cl_2_11[3.13,] 
		 15: %self->edit_company_path def_%cl_2_13 %self[3.1,3.5,3.7,3.9,3.12,3.13,2.0,] %cl_2_12[3.14,] 
		 16: %self->link_to def_%cl_2_14 %self[3.1,3.5,3.7,3.9,3.12,3.13,3.15,2.0,] %cl_2_10[3.12,] %cl_2_13[3.15,] 
		 17: 
		 18: %self->current_user def_%cl_2_15 %self[3.1,3.5,3.7,3.9,3.12,3.13,3.15,3.16,2.0,] 
		 19: %cl_2_15->company def_%cl_2_16 %cl_2_15[3.18,] 
		 20: %cl_2_16->use_score_rules? def_%cl_2_17 %cl_2_16[3.19,] 
		 21: BRANCH %cl_2_17[3.20,] 
BB 4
	outgoing: 6 18 
	datadep: 
	instructions:
		 0: 
		 1: %self->selected def_%cl_2_18 %self[2.0,] 
		 2: COPY def_%cl_2_19 
		 3: %self->active_class def_%cl_2_20 %self[4.1,2.0,] %cl_2_18[4.1,] %cl_2_19[4.2,] 
		 4: 
		 5: (ScoreRule) def_%cl_2_21 
		 6: %cl_2_21->model_name def_%cl_2_22 %cl_2_21[4.5,] 
		 7: COPY def_%cl_2_23 
		 8: %cl_2_22->human def_%cl_2_24 %cl_2_22[4.6,] %cl_2_23[4.7,] 
		 9: %self->score_rules_companies_path def_%cl_2_25 %self[4.1,4.3,2.0,] 
		 10: %self->link_to def_%cl_2_26 %self[4.1,4.3,4.9,2.0,] %cl_2_24[4.8,] %cl_2_25[4.9,] 
		 11: 
BB 5
	outgoing: 6 
	datadep: 
	instructions:
		 0: COPY def_%cl_2_26 
BB 6
	outgoing: 7 8 18 
	datadep: 
	instructions:
		 0: 
		 1: scripts->size def_%cl_2_27 scripts[3.2,] 
		 2: def_%cl_2_28 %cl_2_27[6.1,] 
		 3: BRANCH %cl_2_28[6.2,] 
BB 7
	outgoing: 9 18 
	datadep: 
	instructions:
		 0: 
		 1: %self->selected def_%cl_2_29 %self[2.0,] 
		 2: COPY def_%cl_2_30 
		 3: %self->active_class def_%cl_2_31 %self[7.1,2.0,] %cl_2_29[7.1,] %cl_2_30[7.2,] 
		 4: 
		 5: COPY def_%cl_2_32 
		 6: %self->t def_%cl_2_33 %self[7.1,7.3,2.0,] %cl_2_32[7.5,] 
		 7: %self->custom_scripts_companies_path def_%cl_2_34 %self[7.1,7.3,7.6,2.0,] 
		 8: %self->link_to def_%cl_2_35 %self[7.1,7.3,7.6,7.7,2.0,] %cl_2_33[7.6,] %cl_2_34[7.7,] 
		 9: 
BB 8
	outgoing: 9 
	datadep: 
	instructions:
		 0: COPY def_%cl_2_35 
BB 9
	outgoing: 10 11 18 
	datadep: 
	instructions:
		 0: 
		 1: %self->selected def_%cl_2_36 %self[2.0,] 
		 2: COPY def_%cl_2_37 
		 3: %self->active_class def_%cl_2_38 %self[9.1,2.0,] %cl_2_36[9.1,] %cl_2_37[9.2,] 
		 4: 
		 5: def_%cl_2_39 
		 6: %cl_2_39[9.5,] 
BB 10
	outgoing: 11 18 
	datadep: 
	instructions:
		 0: def_%cl_2_39 
BB 11
	outgoing: 12 13 18 
	datadep: 
	instructions:
		 0: %cl_2_39->model_name def_%cl_2_40 %cl_2_39[10.0,9.5,] 
		 1: COPY def_%cl_2_41 
		 2: %cl_2_40->human def_%cl_2_42 %cl_2_40[11.0,] %cl_2_41[11.1,] 
		 3: %self->task_templates_path def_%cl_2_43 %self[2.0,] 
		 4: %self->link_to def_%cl_2_44 %self[11.3,2.0,] %cl_2_42[11.2,] %cl_2_43[11.3,] 
		 5: 
		 6: %self->selected def_%cl_2_45 %self[11.3,11.4,2.0,] 
		 7: COPY def_%cl_2_46 
		 8: %self->active_class def_%cl_2_47 %self[11.3,11.4,11.6,2.0,] %cl_2_45[11.6,] %cl_2_46[11.7,] 
		 9: 
		 10: (Trigger) def_%cl_2_48 
		 11: %cl_2_48->model_name def_%cl_2_49 %cl_2_48[11.10,] 
		 12: COPY def_%cl_2_50 
		 13: %cl_2_49->human def_%cl_2_51 %cl_2_49[11.11,] %cl_2_50[11.12,] 
		 14: %self->triggers_path def_%cl_2_52 %self[11.3,11.4,11.6,11.8,2.0,] 
		 15: %self->link_to def_%cl_2_53 %self[11.3,11.4,11.6,11.8,11.14,2.0,] %cl_2_51[11.13,] %cl_2_52[11.14,] 
		 16: 
		 17: %self->current_user def_%cl_2_54 %self[11.3,11.4,11.6,11.8,11.14,11.15,2.0,] 
		 18: %cl_2_54->can_use_billing? def_%cl_2_55 %cl_2_54[11.17,] 
		 19: BRANCH %cl_2_55[11.18,] 
BB 12
	outgoing: 14 18 
	datadep: 
	instructions:
		 0: 
		 1: %self->selected def_%cl_2_56 %self[2.0,] 
		 2: COPY def_%cl_2_57 
		 3: %self->active_class def_%cl_2_58 %self[12.1,2.0,] %cl_2_56[12.1,] %cl_2_57[12.2,] 
		 4: 
		 5: (Service) def_%cl_2_59 
		 6: %cl_2_59->model_name def_%cl_2_60 %cl_2_59[12.5,] 
		 7: COPY def_%cl_2_61 
		 8: %cl_2_60->human def_%cl_2_62 %cl_2_60[12.6,] %cl_2_61[12.7,] 
		 9: %self->services_path def_%cl_2_63 %self[12.1,12.3,2.0,] 
		 10: %self->link_to def_%cl_2_64 %self[12.1,12.3,12.9,2.0,] %cl_2_62[12.8,] %cl_2_63[12.9,] 
		 11: 
BB 13
	outgoing: 14 
	datadep: 
	instructions:
		 0: COPY def_%cl_2_64 
BB 14
	outgoing: 15 16 18 
	datadep: 
	instructions:
		 0: 
		 1: %self->selected def_%cl_2_65 %self[2.0,] 
		 2: COPY def_%cl_2_66 
		 3: %self->active_class def_%cl_2_67 %self[14.1,2.0,] %cl_2_65[14.1,] %cl_2_66[14.2,] 
		 4: 
		 5: (NewsItem) def_%cl_2_68 
		 6: %cl_2_68->model_name def_%cl_2_69 %cl_2_68[14.5,] 
		 7: COPY def_%cl_2_70 
		 8: %cl_2_69->human def_%cl_2_71 %cl_2_69[14.6,] %cl_2_70[14.7,] 
		 9: %self->news_items_path def_%cl_2_72 %self[14.1,14.3,2.0,] 
		 10: %self->link_to def_%cl_2_73 %self[14.1,14.3,14.9,2.0,] %cl_2_71[14.8,] %cl_2_72[14.9,] 
		 11: 
		 12: %self->selected def_%cl_2_74 %self[14.1,14.3,14.9,14.10,2.0,] 
		 13: COPY def_%cl_2_75 
		 14: %self->active_class def_%cl_2_76 %self[14.1,14.3,14.9,14.10,14.12,2.0,] %cl_2_74[14.12,] %cl_2_75[14.13,] 
		 15: 
		 16: (Snippet) def_%cl_2_77 
		 17: %cl_2_77->model_name def_%cl_2_78 %cl_2_77[14.16,] 
		 18: COPY def_%cl_2_79 
		 19: %cl_2_78->human def_%cl_2_80 %cl_2_78[14.17,] %cl_2_79[14.18,] 
		 20: %self->snippets_path def_%cl_2_81 %self[14.1,14.3,14.9,14.10,14.12,14.14,2.0,] 
		 21: %self->link_to def_%cl_2_82 %self[14.1,14.3,14.9,14.10,14.12,14.14,14.20,2.0,] %cl_2_80[14.19,] %cl_2_81[14.20,] 
		 22: 
		 23: %self->selected def_%cl_2_83 %self[14.1,14.3,14.9,14.10,14.12,14.14,14.20,14.21,2.0,] 
		 24: COPY def_%cl_2_84 
		 25: %self->active_class def_%cl_2_85 %self[14.1,14.3,14.9,14.10,14.12,14.14,14.20,14.21,14.23,2.0,] %cl_2_83[14.23,] %cl_2_84[14.24,] 
		 26: 
		 27: COPY def_%cl_2_86 
		 28: %self->t def_%cl_2_87 %self[14.1,14.3,14.9,14.10,14.12,14.14,14.20,14.21,14.23,14.25,2.0,] %cl_2_86[14.27,] 
		 29: %self->email_addresses_path def_%cl_2_88 %self[14.1,14.3,14.9,14.10,14.12,14.14,14.20,14.21,14.23,14.25,14.28,2.0,] 
		 30: %self->link_to def_%cl_2_89 %self[14.1,14.3,14.9,14.10,14.12,14.14,14.20,14.21,14.23,14.25,14.28,14.29,2.0,] %cl_2_87[14.28,] %cl_2_88[14.29,] 
		 31: 
		 32: COPY def_%cl_2_90 
		 33: %self->t def_%cl_2_91 %self[14.1,14.3,14.9,14.10,14.12,14.14,14.20,14.21,14.23,14.25,14.28,14.29,14.30,2.0,] %cl_2_90[14.32,] 
		 34: 
		 35: %self->selected def_%cl_2_92 %self[14.1,14.3,14.9,14.10,14.12,14.14,14.20,14.21,14.23,14.25,14.28,14.29,14.30,14.33,2.0,] 
		 36: COPY def_%cl_2_93 
		 37: %self->active_class def_%cl_2_94 %self[14.1,14.3,14.9,14.10,14.12,14.14,14.20,14.21,14.23,14.25,14.28,14.29,14.30,14.33,14.35,2.0,] %cl_2_92[14.35,] %cl_2_93[14.36,] 
		 38: 
		 39: COPY def_%cl_2_95 
		 40: %self->t def_%cl_2_96 %self[14.1,14.3,14.9,14.10,14.12,14.14,14.20,14.21,14.23,14.25,14.28,14.29,14.30,14.33,14.35,14.37,2.0,] %cl_2_95[14.39,] 
		 41: COPY def_%cl_2_97 
		 42: %self->link_to def_%cl_2_98 %self[14.1,14.3,14.9,14.10,14.12,14.14,14.20,14.21,14.23,14.25,14.28,14.29,14.30,14.33,14.35,14.37,14.40,2.0,] %cl_2_96[14.40,] %cl_2_97[14.41,] 
		 43: 
		 44: %self->selected def_%cl_2_99 %self[14.1,14.3,14.9,14.10,14.12,14.14,14.20,14.21,14.23,14.25,14.28,14.29,14.30,14.33,14.35,14.37,14.40,14.42,2.0,] 
		 45: COPY def_%cl_2_100 
		 46: %self->active_class def_%cl_2_101 %self[14.1,14.3,14.9,14.10,14.12,14.14,14.20,14.21,14.23,14.25,14.28,14.29,14.30,14.33,14.35,14.37,14.40,14.42,14.44,2.0,] %cl_2_99[14.44,] %cl_2_100[14.45,] 
		 47: 
		 48: (Company) def_%cl_2_102 
		 49: %cl_2_102->model_name def_%cl_2_103 %cl_2_102[14.48,] 
		 50: COPY def_%cl_2_104 
		 51: %cl_2_103->human def_%cl_2_105 %cl_2_103[14.49,] %cl_2_104[14.50,] 
		 52: COPY def_%cl_2_106 
		 53: %self->link_to def_%cl_2_107 %self[14.1,14.3,14.9,14.10,14.12,14.14,14.20,14.21,14.23,14.25,14.28,14.29,14.30,14.33,14.35,14.37,14.40,14.42,14.44,14.46,2.0,] %cl_2_105[14.51,] %cl_2_106[14.52,] 
		 54: 
		 55: %self->selected def_%cl_2_108 %self[14.1,14.3,14.9,14.10,14.12,14.14,14.20,14.21,14.23,14.25,14.28,14.29,14.30,14.33,14.35,14.37,14.40,14.42,14.44,14.46,14.53,2.0,] 
		 56: COPY def_%cl_2_109 
		 57: %self->active_class def_%cl_2_110 %self[14.1,14.3,14.9,14.10,14.12,14.14,14.20,14.21,14.23,14.25,14.28,14.29,14.30,14.33,14.35,14.37,14.40,14.42,14.44,14.46,14.53,14.55,2.0,] %cl_2_108[14.55,] %cl_2_109[14.56,] 
		 58: 
		 59: COPY def_%cl_2_111 
		 60: %self->t def_%cl_2_112 %self[14.1,14.3,14.9,14.10,14.12,14.14,14.20,14.21,14.23,14.25,14.28,14.29,14.30,14.33,14.35,14.37,14.40,14.42,14.44,14.46,14.53,14.55,14.57,2.0,] %cl_2_111[14.59,] 
		 61: COPY def_%cl_2_113 
		 62: %self->link_to def_%cl_2_114 %self[14.1,14.3,14.9,14.10,14.12,14.14,14.20,14.21,14.23,14.25,14.28,14.29,14.30,14.33,14.35,14.37,14.40,14.42,14.44,14.46,14.53,14.55,14.57,14.60,2.0,] %cl_2_112[14.60,] %cl_2_113[14.61,] 
		 63: 
		 64: %self->selected def_%cl_2_115 %self[14.1,14.3,14.9,14.10,14.12,14.14,14.20,14.21,14.23,14.25,14.28,14.29,14.30,14.33,14.35,14.37,14.40,14.42,14.44,14.46,14.53,14.55,14.57,14.60,14.62,2.0,] 
		 65: COPY def_%cl_2_116 
		 66: %self->active_class def_%cl_2_117 %self[14.1,14.3,14.9,14.10,14.12,14.14,14.20,14.21,14.23,14.25,14.28,14.29,14.30,14.33,14.35,14.37,14.40,14.42,14.44,14.46,14.53,14.55,14.57,14.60,14.62,14.64,2.0,] %cl_2_115[14.64,] %cl_2_116[14.65,] 
		 67: 
		 68: (WorkLog) def_%cl_2_118 
		 69: %cl_2_118->model_name def_%cl_2_119 %cl_2_118[14.68,] 
		 70: COPY def_%cl_2_120 
		 71: %cl_2_119->human def_%cl_2_121 %cl_2_119[14.69,] %cl_2_120[14.70,] 
		 72: COPY def_%cl_2_122 
		 73: %self->link_to def_%cl_2_123 %self[14.1,14.3,14.9,14.10,14.12,14.14,14.20,14.21,14.23,14.25,14.28,14.29,14.30,14.33,14.35,14.37,14.40,14.42,14.44,14.46,14.53,14.55,14.57,14.60,14.62,14.64,14.66,2.0,] %cl_2_121[14.71,] %cl_2_122[14.72,] 
		 74: 
		 75: %self->selected def_%cl_2_124 %self[14.1,14.3,14.9,14.10,14.12,14.14,14.20,14.21,14.23,14.25,14.28,14.29,14.30,14.33,14.35,14.37,14.40,14.42,14.44,14.46,14.53,14.55,14.57,14.60,14.62,14.64,14.66,14.73,2.0,] 
		 76: COPY def_%cl_2_125 
		 77: %self->active_class def_%cl_2_126 %self[14.1,14.3,14.9,14.10,14.12,14.14,14.20,14.21,14.23,14.25,14.28,14.29,14.30,14.33,14.35,14.37,14.40,14.42,14.44,14.46,14.53,14.55,14.57,14.60,14.62,14.64,14.66,14.73,14.75,2.0,] %cl_2_124[14.75,] %cl_2_125[14.76,] 
		 78: 
		 79: (TaskRecord) def_%cl_2_127 
		 80: %cl_2_127->model_name def_%cl_2_128 %cl_2_127[14.79,] 
		 81: COPY def_%cl_2_129 
		 82: %cl_2_128->human def_%cl_2_130 %cl_2_128[14.80,] %cl_2_129[14.81,] 
		 83: %self->properties_path def_%cl_2_131 %self[14.1,14.3,14.9,14.10,14.12,14.14,14.20,14.21,14.23,14.25,14.28,14.29,14.30,14.33,14.35,14.37,14.40,14.42,14.44,14.46,14.53,14.55,14.57,14.60,14.62,14.64,14.66,14.73,14.75,14.77,2.0,] 
		 84: %self->link_to def_%cl_2_132 %self[14.1,14.3,14.9,14.10,14.12,14.14,14.20,14.21,14.23,14.25,14.28,14.29,14.30,14.33,14.35,14.37,14.40,14.42,14.44,14.46,14.53,14.55,14.57,14.60,14.62,14.64,14.66,14.73,14.75,14.77,14.83,2.0,] %cl_2_130[14.82,] %cl_2_131[14.83,] 
		 85: 
		 86: %self->current_user def_%cl_2_133 %self[14.1,14.3,14.9,14.10,14.12,14.14,14.20,14.21,14.23,14.25,14.28,14.29,14.30,14.33,14.35,14.37,14.40,14.42,14.44,14.46,14.53,14.55,14.57,14.60,14.62,14.64,14.66,14.73,14.75,14.77,14.83,14.84,2.0,] 
		 87: %cl_2_133->use_resources? def_%cl_2_134 %cl_2_133[14.86,] 
		 88: BRANCH %cl_2_134[14.87,] 
BB 15
	outgoing: 17 18 
	datadep: 
	instructions:
		 0: 
		 1: %self->selected def_%cl_2_135 %self[2.0,] 
		 2: COPY def_%cl_2_136 
		 3: %self->active_class def_%cl_2_137 %self[15.1,2.0,] %cl_2_135[15.1,] %cl_2_136[15.2,] 
		 4: 
		 5: (ResourceType) def_%cl_2_138 
		 6: %cl_2_138->model_name def_%cl_2_139 %cl_2_138[15.5,] 
		 7: COPY def_%cl_2_140 
		 8: %cl_2_139->human def_%cl_2_141 %cl_2_139[15.6,] %cl_2_140[15.7,] 
		 9: %self->resource_types_path def_%cl_2_142 %self[15.1,15.3,2.0,] 
		 10: %self->link_to def_%cl_2_143 %self[15.1,15.3,15.9,2.0,] %cl_2_141[15.8,] %cl_2_142[15.9,] 
		 11: 
BB 16
	outgoing: 20 
	datadep: 
	instructions:
		 0: RETURN %self[2.0,] 
BB 17
	outgoing: 20 
	datadep: 
	instructions:
		 0: RETURN %cl_2_143[15.10,] %self[2.0,] 
BB 18
	outgoing: 20 
	datadep: 
	instructions:
		 0: def_%cl_2_144 
		 1: def_%cl_2_145 %cl_2_144[18.0,] 
		 2: RETURN %cl_2_145[18.1,] %self[2.0,] 
BB 20
	outgoing: 
	datadep: 
	instructions:
CLOSURE END
		 3: RETURN %cl_1_4[3.2,] %self[3.1,2.0,] 
BB 4
	outgoing: 6 
	datadep: 
	instructions:
		 0: def_%cl_1_5 
		 1: def_%cl_1_6 %cl_1_5[4.0,] 
		 2: RETURN %cl_1_6[4.1,] %self[2.0,] 
BB 6
	outgoing: 
	datadep: 
	instructions:
CLOSURE END
		 19: 
		 20: COPY def_%v_12 
		 21: %self->t def_%v_13 %self[2.0,2.6,2.11,] %v_12[2.20,] 
		 22: %self->content_tag def_%v_14 %self[2.0,2.6,2.11,2.21,] %v_13[2.21,] 
		 23: 
		 24: def_%v_15 %self[2.0,2.6,2.11,2.21,2.22,] 
		 25: COPY def_%v_16 
		 26: COPY def_%v_17 %v_16[2.25,] 
		 27: COPY def_%v_18 %v_17[2.26,] 
		 28: %self->form_for def_%v_19 %self[2.0,2.6,2.11,2.21,2.22,] %v_15[2.24,] %v_18[2.27,] %self[2.0,2.6,2.11,2.21,2.22,] 
CLOSURE BEGIN: %self[2.0,2.6,2.11,2.21,2.22,] 
BB 1
	outgoing: 6 2 
	datadep: 
	instructions:
BB 2
	outgoing: 3 
	datadep: 
	instructions:
		 0: def_%self 
		 1: def_%cl_3_0 
		 2: RECEIVEARG def_f 
		 3: COPY def_%current_scope 
		 4: COPY def_%current_module 
BB 3
	outgoing: 4 6 
	datadep: 
	instructions:
		 0: 
		 1: %self->ruby_code_from_view def_%cl_3_3 %self[2.0,] 
		 2: %cl_3_3->ruby_code_from_view def_%cl_3_4 %cl_3_3[3.1,] %self[3.1,2.0,] 
CLOSURE BEGIN: f[2.2,] %self[3.1,2.0,] 
BB 1
	outgoing: 9 2 
	datadep: 
	instructions:
BB 2
	outgoing: 3 
	datadep: 
	instructions:
		 0: def_%self 
		 1: def_%cl_4_0 
		 2: RECEIVEARG def_rb_from_view 
		 3: COPY def_%current_scope 
		 4: COPY def_%current_module 
BB 3
	outgoing: 4 5 7 
	datadep: 
	instructions:
		 0: 
		 1: f->label def_%cl_4_3 f[] 
		 2: 
		 3: COPY def_%cl_4_4 
		 4: f->text_field def_%cl_4_5 f[3.1,] %cl_4_4[3.3,] 
		 5: 
		 6: f->label def_%cl_4_6 f[3.1,3.4,] 
		 7: 
		 8: COPY def_%cl_4_7 
		 9: f->check_box def_%cl_4_8 f[3.1,3.4,3.6,] %cl_4_7[3.8,] 
		 10: 
		 11: f->label def_%cl_4_9 f[3.1,3.4,3.6,3.9,] 
		 12: 
		 13: COPY def_%cl_4_10 
		 14: f->check_box def_%cl_4_11 f[3.1,3.4,3.6,3.9,3.11,] %cl_4_10[3.13,] 
		 15: 
		 16: f->label def_%cl_4_12 f[3.1,3.4,3.6,3.9,3.11,3.14,] 
		 17: 
		 18: COPY def_%cl_4_13 
		 19: f->check_box def_%cl_4_14 f[3.1,3.4,3.6,3.9,3.11,3.14,3.16,] %cl_4_13[3.18,] 
		 20: 
		 21: f->label def_%cl_4_15 f[3.1,3.4,3.6,3.9,3.11,3.14,3.16,3.19,] 
		 22: 
		 23: COPY def_%cl_4_16 
		 24: f->check_box def_%cl_4_17 f[3.1,3.4,3.6,3.9,3.11,3.14,3.16,3.19,3.21,] %cl_4_16[3.23,] 
		 25: 
		 26: f->label def_%cl_4_18 f[3.1,3.4,3.6,3.9,3.11,3.14,3.16,3.19,3.21,3.24,] 
		 27: 
		 28: COPY def_%cl_4_19 
		 29: COPY def_%cl_4_20 
		 30: COPY def_%cl_4_21 %cl_4_20[3.29,] 
		 31: f->text_area def_%cl_4_22 f[3.1,3.4,3.6,3.9,3.11,3.14,3.16,3.19,3.21,3.24,3.26,] %cl_4_19[3.28,] %cl_4_21[3.30,] 
		 32: 
		 33: COPY def_%cl_4_23 
		 34: %self->t def_%cl_4_24 %self[2.0,] %cl_4_23[3.33,] 
		 35: 
		 36: COPY def_%cl_4_25 
		 37: %self->t def_%cl_4_26 %self[3.34,2.0,] %cl_4_25[3.36,] 
		 38: 
		 39: COPY def_%cl_4_27 
		 40: %self->t def_%cl_4_28 %self[3.34,3.37,2.0,] %cl_4_27[3.39,] 
		 41: 
		 42: %self->incoming_email_select_tag def_%cl_4_29 %self[3.34,3.37,3.40,2.0,] 
		 43: 
		 44: %self->current_user def_%cl_4_30 %self[3.34,3.37,3.40,3.42,2.0,] 
		 45: %cl_4_30->company def_%cl_4_31 %cl_4_30[3.44,] 
		 46: %cl_4_31->logo? def_%cl_4_32 %cl_4_31[3.45,] 
		 47: BRANCH %cl_4_32[3.46,] 
BB 4
	outgoing: 6 7 
	datadep: 
	instructions:
		 0: 
		 1: f->label def_%cl_4_33 f[] 
		 2: 
		 3: COPY def_%cl_4_34 
		 4: COPY def_%cl_4_35 
		 5: %self->current_user def_%cl_4_36 %self[2.0,] 
		 6: %cl_4_36->company def_%cl_4_37 %cl_4_36[4.5,] 
		 7: %cl_4_37->id def_%cl_4_38 %cl_4_37[4.6,] 
		 8: def_%cl_4_39 %cl_4_35[4.4,] %cl_4_38[4.7,] 
		 9: COPY def_%cl_4_40 %cl_4_39[4.8,] 
		 10: %self->tag def_%cl_4_41 %self[4.5,2.0,] %cl_4_34[4.3,] %cl_4_40[4.9,] 
		 11: 
BB 5
	outgoing: 6 
	datadep: 
	instructions:
		 0: COPY def_%cl_4_41 
BB 6
	outgoing: 7 9 
	datadep: 
	instructions:
		 0: 
		 1: COPY def_%cl_4_42 
		 2: %self->t def_%cl_4_43 %self[2.0,] %cl_4_42[6.1,] 
		 3: f->label def_%cl_4_44 f[] %cl_4_43[6.2,] 
		 4: 
		 5: f->file_field def_%cl_4_45 f[6.3,] 
		 6: 
		 7: COPY def_%cl_4_46 
		 8: %self->t def_%cl_4_47 %self[6.2,2.0,] %cl_4_46[6.7,] 
		 9: RETURN %cl_4_47[6.8,] %self[6.2,6.8,2.0,] 
BB 7
	outgoing: 9 
	datadep: 
	instructions:
		 0: def_%cl_4_48 
		 1: def_%cl_4_49 %cl_4_48[7.0,] 
		 2: RETURN %cl_4_49[7.1,] %self[2.0,] 
BB 9
	outgoing: 
	datadep: 
	instructions:
CLOSURE END
		 3: RETURN %cl_3_4[3.2,] %self[3.1,2.0,] 
BB 4
	outgoing: 6 
	datadep: 
	instructions:
		 0: def_%cl_3_5 
		 1: def_%cl_3_6 %cl_3_5[4.0,] 
		 2: RETURN %cl_3_6[4.1,] %self[2.0,] 
BB 6
	outgoing: 
	datadep: 
	instructions:
CLOSURE END
		 29: RETURN %v_19[2.28,] %self[2.0,2.6,2.11,2.21,2.22,2.28,] 
BB 3
	outgoing: 
	datadep: 
	instructions:

SET IRMethod, name = score_rules
BB 1
	outgoing: 3 2 
	datadep: 
	instructions:
BB 2
	outgoing: 3 
	datadep: 
	instructions:
		 0: def_%self 
		 1: def_%v_0 
		 2: COPY def_%current_scope 
		 3: COPY def_%current_module 
		 4: 
		 5: 
		 6: %self->current_user def_%v_3 %self[2.0,] 
		 7: %v_3->company def_%v_4 %v_3[2.6,] 
		 8: ATTRASSIGN %self->@company %self[2.0,2.6,] %v_4[2.7,] 
		 9: 
		 10: COPY def_%v_5 
		 11: %self->t def_%v_6 %self[2.0,2.6,] %v_5[2.10,] 
		 12: COPY def_%v_7 
		 13: (Setting) def_%v_8 
		 14: %v_8->productName def_%v_9 %v_8[2.13,] 
		 15: def_%v_10 %v_6[2.11,] %v_7[2.12,] %v_9[2.14,] 
		 16: ATTRASSIGN %self->@page_title %self[2.0,2.6,2.11,] %v_10[2.15,] 
		 17: 
		 18: def_%v_11 %self[2.0,2.6,2.11,] %self[2.0,2.6,2.11,] 
CLOSURE BEGIN: %self[2.0,2.6,2.11,] 
BB 1
	outgoing: 6 2 
	datadep: 
	instructions:
BB 2
	outgoing: 3 
	datadep: 
	instructions:
		 0: def_%self 
		 1: def_%cl_1_0 
		 2: COPY def_%current_scope 
		 3: COPY def_%current_module 
BB 3
	outgoing: 4 6 
	datadep: 
	instructions:
		 0: 
		 1: %self->ruby_code_from_view def_%cl_1_3 %self[2.0,] 
		 2: %cl_1_3->ruby_code_from_view def_%cl_1_4 %cl_1_3[3.1,] %self[3.1,2.0,] 
CLOSURE BEGIN: %self[3.1,2.0,] scripts[] 
BB 1
	outgoing: 20 2 
	datadep: 
	instructions:
BB 2
	outgoing: 3 
	datadep: 
	instructions:
		 0: def_%self 
		 1: def_%cl_2_0 
		 2: RECEIVEARG def_rb_from_view 
		 3: COPY def_%current_scope 
		 4: COPY def_%current_module 
BB 3
	outgoing: 4 5 18 
	datadep: 
	instructions:
		 0: 
		 1: %self->all_custom_scripts def_%cl_2_3 %self[2.0,] 
		 2: COPY def_scripts %cl_2_3[3.1,] 
		 3: 
		 4: COPY def_%cl_2_4 
		 5: %self->t def_%cl_2_5 %self[3.1,2.0,] %cl_2_4[3.4,] 
		 6: 
		 7: %self->selected def_%cl_2_6 %self[3.1,3.5,2.0,] 
		 8: COPY def_%cl_2_7 
		 9: %self->active_class def_%cl_2_8 %self[3.1,3.5,3.7,2.0,] %cl_2_6[3.7,] %cl_2_7[3.8,] 
		 10: 
		 11: COPY def_%cl_2_9 
		 12: %self->t def_%cl_2_10 %self[3.1,3.5,3.7,3.9,2.0,] %cl_2_9[3.11,] 
		 13: %self->current_user def_%cl_2_11 %self[3.1,3.5,3.7,3.9,3.12,2.0,] 
		 14: %cl_2_11->company def_%cl_2_12 %cl_2_11[3.13,] 
		 15: %self->edit_company_path def_%cl_2_13 %self[3.1,3.5,3.7,3.9,3.12,3.13,2.0,] %cl_2_12[3.14,] 
		 16: %self->link_to def_%cl_2_14 %self[3.1,3.5,3.7,3.9,3.12,3.13,3.15,2.0,] %cl_2_10[3.12,] %cl_2_13[3.15,] 
		 17: 
		 18: %self->current_user def_%cl_2_15 %self[3.1,3.5,3.7,3.9,3.12,3.13,3.15,3.16,2.0,] 
		 19: %cl_2_15->company def_%cl_2_16 %cl_2_15[3.18,] 
		 20: %cl_2_16->use_score_rules? def_%cl_2_17 %cl_2_16[3.19,] 
		 21: BRANCH %cl_2_17[3.20,] 
BB 4
	outgoing: 6 18 
	datadep: 
	instructions:
		 0: 
		 1: %self->selected def_%cl_2_18 %self[2.0,] 
		 2: COPY def_%cl_2_19 
		 3: %self->active_class def_%cl_2_20 %self[4.1,2.0,] %cl_2_18[4.1,] %cl_2_19[4.2,] 
		 4: 
		 5: (ScoreRule) def_%cl_2_21 
		 6: %cl_2_21->model_name def_%cl_2_22 %cl_2_21[4.5,] 
		 7: COPY def_%cl_2_23 
		 8: %cl_2_22->human def_%cl_2_24 %cl_2_22[4.6,] %cl_2_23[4.7,] 
		 9: %self->score_rules_companies_path def_%cl_2_25 %self[4.1,4.3,2.0,] 
		 10: %self->link_to def_%cl_2_26 %self[4.1,4.3,4.9,2.0,] %cl_2_24[4.8,] %cl_2_25[4.9,] 
		 11: 
BB 5
	outgoing: 6 
	datadep: 
	instructions:
		 0: COPY def_%cl_2_26 
BB 6
	outgoing: 7 8 18 
	datadep: 
	instructions:
		 0: 
		 1: scripts->size def_%cl_2_27 scripts[3.2,] 
		 2: def_%cl_2_28 %cl_2_27[6.1,] 
		 3: BRANCH %cl_2_28[6.2,] 
BB 7
	outgoing: 9 18 
	datadep: 
	instructions:
		 0: 
		 1: %self->selected def_%cl_2_29 %self[2.0,] 
		 2: COPY def_%cl_2_30 
		 3: %self->active_class def_%cl_2_31 %self[7.1,2.0,] %cl_2_29[7.1,] %cl_2_30[7.2,] 
		 4: 
		 5: COPY def_%cl_2_32 
		 6: %self->t def_%cl_2_33 %self[7.1,7.3,2.0,] %cl_2_32[7.5,] 
		 7: %self->custom_scripts_companies_path def_%cl_2_34 %self[7.1,7.3,7.6,2.0,] 
		 8: %self->link_to def_%cl_2_35 %self[7.1,7.3,7.6,7.7,2.0,] %cl_2_33[7.6,] %cl_2_34[7.7,] 
		 9: 
BB 8
	outgoing: 9 
	datadep: 
	instructions:
		 0: COPY def_%cl_2_35 
BB 9
	outgoing: 10 11 18 
	datadep: 
	instructions:
		 0: 
		 1: %self->selected def_%cl_2_36 %self[2.0,] 
		 2: COPY def_%cl_2_37 
		 3: %self->active_class def_%cl_2_38 %self[9.1,2.0,] %cl_2_36[9.1,] %cl_2_37[9.2,] 
		 4: 
		 5: def_%cl_2_39 
		 6: %cl_2_39[9.5,] 
BB 10
	outgoing: 11 18 
	datadep: 
	instructions:
		 0: def_%cl_2_39 
BB 11
	outgoing: 12 13 18 
	datadep: 
	instructions:
		 0: %cl_2_39->model_name def_%cl_2_40 %cl_2_39[10.0,9.5,] 
		 1: COPY def_%cl_2_41 
		 2: %cl_2_40->human def_%cl_2_42 %cl_2_40[11.0,] %cl_2_41[11.1,] 
		 3: %self->task_templates_path def_%cl_2_43 %self[2.0,] 
		 4: %self->link_to def_%cl_2_44 %self[11.3,2.0,] %cl_2_42[11.2,] %cl_2_43[11.3,] 
		 5: 
		 6: %self->selected def_%cl_2_45 %self[11.3,11.4,2.0,] 
		 7: COPY def_%cl_2_46 
		 8: %self->active_class def_%cl_2_47 %self[11.3,11.4,11.6,2.0,] %cl_2_45[11.6,] %cl_2_46[11.7,] 
		 9: 
		 10: (Trigger) def_%cl_2_48 
		 11: %cl_2_48->model_name def_%cl_2_49 %cl_2_48[11.10,] 
		 12: COPY def_%cl_2_50 
		 13: %cl_2_49->human def_%cl_2_51 %cl_2_49[11.11,] %cl_2_50[11.12,] 
		 14: %self->triggers_path def_%cl_2_52 %self[11.3,11.4,11.6,11.8,2.0,] 
		 15: %self->link_to def_%cl_2_53 %self[11.3,11.4,11.6,11.8,11.14,2.0,] %cl_2_51[11.13,] %cl_2_52[11.14,] 
		 16: 
		 17: %self->current_user def_%cl_2_54 %self[11.3,11.4,11.6,11.8,11.14,11.15,2.0,] 
		 18: %cl_2_54->can_use_billing? def_%cl_2_55 %cl_2_54[11.17,] 
		 19: BRANCH %cl_2_55[11.18,] 
BB 12
	outgoing: 14 18 
	datadep: 
	instructions:
		 0: 
		 1: %self->selected def_%cl_2_56 %self[2.0,] 
		 2: COPY def_%cl_2_57 
		 3: %self->active_class def_%cl_2_58 %self[12.1,2.0,] %cl_2_56[12.1,] %cl_2_57[12.2,] 
		 4: 
		 5: (Service) def_%cl_2_59 
		 6: %cl_2_59->model_name def_%cl_2_60 %cl_2_59[12.5,] 
		 7: COPY def_%cl_2_61 
		 8: %cl_2_60->human def_%cl_2_62 %cl_2_60[12.6,] %cl_2_61[12.7,] 
		 9: %self->services_path def_%cl_2_63 %self[12.1,12.3,2.0,] 
		 10: %self->link_to def_%cl_2_64 %self[12.1,12.3,12.9,2.0,] %cl_2_62[12.8,] %cl_2_63[12.9,] 
		 11: 
BB 13
	outgoing: 14 
	datadep: 
	instructions:
		 0: COPY def_%cl_2_64 
BB 14
	outgoing: 15 16 18 
	datadep: 
	instructions:
		 0: 
		 1: %self->selected def_%cl_2_65 %self[2.0,] 
		 2: COPY def_%cl_2_66 
		 3: %self->active_class def_%cl_2_67 %self[14.1,2.0,] %cl_2_65[14.1,] %cl_2_66[14.2,] 
		 4: 
		 5: (NewsItem) def_%cl_2_68 
		 6: %cl_2_68->model_name def_%cl_2_69 %cl_2_68[14.5,] 
		 7: COPY def_%cl_2_70 
		 8: %cl_2_69->human def_%cl_2_71 %cl_2_69[14.6,] %cl_2_70[14.7,] 
		 9: %self->news_items_path def_%cl_2_72 %self[14.1,14.3,2.0,] 
		 10: %self->link_to def_%cl_2_73 %self[14.1,14.3,14.9,2.0,] %cl_2_71[14.8,] %cl_2_72[14.9,] 
		 11: 
		 12: %self->selected def_%cl_2_74 %self[14.1,14.3,14.9,14.10,2.0,] 
		 13: COPY def_%cl_2_75 
		 14: %self->active_class def_%cl_2_76 %self[14.1,14.3,14.9,14.10,14.12,2.0,] %cl_2_74[14.12,] %cl_2_75[14.13,] 
		 15: 
		 16: (Snippet) def_%cl_2_77 
		 17: %cl_2_77->model_name def_%cl_2_78 %cl_2_77[14.16,] 
		 18: COPY def_%cl_2_79 
		 19: %cl_2_78->human def_%cl_2_80 %cl_2_78[14.17,] %cl_2_79[14.18,] 
		 20: %self->snippets_path def_%cl_2_81 %self[14.1,14.3,14.9,14.10,14.12,14.14,2.0,] 
		 21: %self->link_to def_%cl_2_82 %self[14.1,14.3,14.9,14.10,14.12,14.14,14.20,2.0,] %cl_2_80[14.19,] %cl_2_81[14.20,] 
		 22: 
		 23: %self->selected def_%cl_2_83 %self[14.1,14.3,14.9,14.10,14.12,14.14,14.20,14.21,2.0,] 
		 24: COPY def_%cl_2_84 
		 25: %self->active_class def_%cl_2_85 %self[14.1,14.3,14.9,14.10,14.12,14.14,14.20,14.21,14.23,2.0,] %cl_2_83[14.23,] %cl_2_84[14.24,] 
		 26: 
		 27: COPY def_%cl_2_86 
		 28: %self->t def_%cl_2_87 %self[14.1,14.3,14.9,14.10,14.12,14.14,14.20,14.21,14.23,14.25,2.0,] %cl_2_86[14.27,] 
		 29: %self->email_addresses_path def_%cl_2_88 %self[14.1,14.3,14.9,14.10,14.12,14.14,14.20,14.21,14.23,14.25,14.28,2.0,] 
		 30: %self->link_to def_%cl_2_89 %self[14.1,14.3,14.9,14.10,14.12,14.14,14.20,14.21,14.23,14.25,14.28,14.29,2.0,] %cl_2_87[14.28,] %cl_2_88[14.29,] 
		 31: 
		 32: COPY def_%cl_2_90 
		 33: %self->t def_%cl_2_91 %self[14.1,14.3,14.9,14.10,14.12,14.14,14.20,14.21,14.23,14.25,14.28,14.29,14.30,2.0,] %cl_2_90[14.32,] 
		 34: 
		 35: %self->selected def_%cl_2_92 %self[14.1,14.3,14.9,14.10,14.12,14.14,14.20,14.21,14.23,14.25,14.28,14.29,14.30,14.33,2.0,] 
		 36: COPY def_%cl_2_93 
		 37: %self->active_class def_%cl_2_94 %self[14.1,14.3,14.9,14.10,14.12,14.14,14.20,14.21,14.23,14.25,14.28,14.29,14.30,14.33,14.35,2.0,] %cl_2_92[14.35,] %cl_2_93[14.36,] 
		 38: 
		 39: COPY def_%cl_2_95 
		 40: %self->t def_%cl_2_96 %self[14.1,14.3,14.9,14.10,14.12,14.14,14.20,14.21,14.23,14.25,14.28,14.29,14.30,14.33,14.35,14.37,2.0,] %cl_2_95[14.39,] 
		 41: COPY def_%cl_2_97 
		 42: %self->link_to def_%cl_2_98 %self[14.1,14.3,14.9,14.10,14.12,14.14,14.20,14.21,14.23,14.25,14.28,14.29,14.30,14.33,14.35,14.37,14.40,2.0,] %cl_2_96[14.40,] %cl_2_97[14.41,] 
		 43: 
		 44: %self->selected def_%cl_2_99 %self[14.1,14.3,14.9,14.10,14.12,14.14,14.20,14.21,14.23,14.25,14.28,14.29,14.30,14.33,14.35,14.37,14.40,14.42,2.0,] 
		 45: COPY def_%cl_2_100 
		 46: %self->active_class def_%cl_2_101 %self[14.1,14.3,14.9,14.10,14.12,14.14,14.20,14.21,14.23,14.25,14.28,14.29,14.30,14.33,14.35,14.37,14.40,14.42,14.44,2.0,] %cl_2_99[14.44,] %cl_2_100[14.45,] 
		 47: 
		 48: (Company) def_%cl_2_102 
		 49: %cl_2_102->model_name def_%cl_2_103 %cl_2_102[14.48,] 
		 50: COPY def_%cl_2_104 
		 51: %cl_2_103->human def_%cl_2_105 %cl_2_103[14.49,] %cl_2_104[14.50,] 
		 52: COPY def_%cl_2_106 
		 53: %self->link_to def_%cl_2_107 %self[14.1,14.3,14.9,14.10,14.12,14.14,14.20,14.21,14.23,14.25,14.28,14.29,14.30,14.33,14.35,14.37,14.40,14.42,14.44,14.46,2.0,] %cl_2_105[14.51,] %cl_2_106[14.52,] 
		 54: 
		 55: %self->selected def_%cl_2_108 %self[14.1,14.3,14.9,14.10,14.12,14.14,14.20,14.21,14.23,14.25,14.28,14.29,14.30,14.33,14.35,14.37,14.40,14.42,14.44,14.46,14.53,2.0,] 
		 56: COPY def_%cl_2_109 
		 57: %self->active_class def_%cl_2_110 %self[14.1,14.3,14.9,14.10,14.12,14.14,14.20,14.21,14.23,14.25,14.28,14.29,14.30,14.33,14.35,14.37,14.40,14.42,14.44,14.46,14.53,14.55,2.0,] %cl_2_108[14.55,] %cl_2_109[14.56,] 
		 58: 
		 59: COPY def_%cl_2_111 
		 60: %self->t def_%cl_2_112 %self[14.1,14.3,14.9,14.10,14.12,14.14,14.20,14.21,14.23,14.25,14.28,14.29,14.30,14.33,14.35,14.37,14.40,14.42,14.44,14.46,14.53,14.55,14.57,2.0,] %cl_2_111[14.59,] 
		 61: COPY def_%cl_2_113 
		 62: %self->link_to def_%cl_2_114 %self[14.1,14.3,14.9,14.10,14.12,14.14,14.20,14.21,14.23,14.25,14.28,14.29,14.30,14.33,14.35,14.37,14.40,14.42,14.44,14.46,14.53,14.55,14.57,14.60,2.0,] %cl_2_112[14.60,] %cl_2_113[14.61,] 
		 63: 
		 64: %self->selected def_%cl_2_115 %self[14.1,14.3,14.9,14.10,14.12,14.14,14.20,14.21,14.23,14.25,14.28,14.29,14.30,14.33,14.35,14.37,14.40,14.42,14.44,14.46,14.53,14.55,14.57,14.60,14.62,2.0,] 
		 65: COPY def_%cl_2_116 
		 66: %self->active_class def_%cl_2_117 %self[14.1,14.3,14.9,14.10,14.12,14.14,14.20,14.21,14.23,14.25,14.28,14.29,14.30,14.33,14.35,14.37,14.40,14.42,14.44,14.46,14.53,14.55,14.57,14.60,14.62,14.64,2.0,] %cl_2_115[14.64,] %cl_2_116[14.65,] 
		 67: 
		 68: (WorkLog) def_%cl_2_118 
		 69: %cl_2_118->model_name def_%cl_2_119 %cl_2_118[14.68,] 
		 70: COPY def_%cl_2_120 
		 71: %cl_2_119->human def_%cl_2_121 %cl_2_119[14.69,] %cl_2_120[14.70,] 
		 72: COPY def_%cl_2_122 
		 73: %self->link_to def_%cl_2_123 %self[14.1,14.3,14.9,14.10,14.12,14.14,14.20,14.21,14.23,14.25,14.28,14.29,14.30,14.33,14.35,14.37,14.40,14.42,14.44,14.46,14.53,14.55,14.57,14.60,14.62,14.64,14.66,2.0,] %cl_2_121[14.71,] %cl_2_122[14.72,] 
		 74: 
		 75: %self->selected def_%cl_2_124 %self[14.1,14.3,14.9,14.10,14.12,14.14,14.20,14.21,14.23,14.25,14.28,14.29,14.30,14.33,14.35,14.37,14.40,14.42,14.44,14.46,14.53,14.55,14.57,14.60,14.62,14.64,14.66,14.73,2.0,] 
		 76: COPY def_%cl_2_125 
		 77: %self->active_class def_%cl_2_126 %self[14.1,14.3,14.9,14.10,14.12,14.14,14.20,14.21,14.23,14.25,14.28,14.29,14.30,14.33,14.35,14.37,14.40,14.42,14.44,14.46,14.53,14.55,14.57,14.60,14.62,14.64,14.66,14.73,14.75,2.0,] %cl_2_124[14.75,] %cl_2_125[14.76,] 
		 78: 
		 79: (TaskRecord) def_%cl_2_127 
		 80: %cl_2_127->model_name def_%cl_2_128 %cl_2_127[14.79,] 
		 81: COPY def_%cl_2_129 
		 82: %cl_2_128->human def_%cl_2_130 %cl_2_128[14.80,] %cl_2_129[14.81,] 
		 83: %self->properties_path def_%cl_2_131 %self[14.1,14.3,14.9,14.10,14.12,14.14,14.20,14.21,14.23,14.25,14.28,14.29,14.30,14.33,14.35,14.37,14.40,14.42,14.44,14.46,14.53,14.55,14.57,14.60,14.62,14.64,14.66,14.73,14.75,14.77,2.0,] 
		 84: %self->link_to def_%cl_2_132 %self[14.1,14.3,14.9,14.10,14.12,14.14,14.20,14.21,14.23,14.25,14.28,14.29,14.30,14.33,14.35,14.37,14.40,14.42,14.44,14.46,14.53,14.55,14.57,14.60,14.62,14.64,14.66,14.73,14.75,14.77,14.83,2.0,] %cl_2_130[14.82,] %cl_2_131[14.83,] 
		 85: 
		 86: %self->current_user def_%cl_2_133 %self[14.1,14.3,14.9,14.10,14.12,14.14,14.20,14.21,14.23,14.25,14.28,14.29,14.30,14.33,14.35,14.37,14.40,14.42,14.44,14.46,14.53,14.55,14.57,14.60,14.62,14.64,14.66,14.73,14.75,14.77,14.83,14.84,2.0,] 
		 87: %cl_2_133->use_resources? def_%cl_2_134 %cl_2_133[14.86,] 
		 88: BRANCH %cl_2_134[14.87,] 
BB 15
	outgoing: 17 18 
	datadep: 
	instructions:
		 0: 
		 1: %self->selected def_%cl_2_135 %self[2.0,] 
		 2: COPY def_%cl_2_136 
		 3: %self->active_class def_%cl_2_137 %self[15.1,2.0,] %cl_2_135[15.1,] %cl_2_136[15.2,] 
		 4: 
		 5: (ResourceType) def_%cl_2_138 
		 6: %cl_2_138->model_name def_%cl_2_139 %cl_2_138[15.5,] 
		 7: COPY def_%cl_2_140 
		 8: %cl_2_139->human def_%cl_2_141 %cl_2_139[15.6,] %cl_2_140[15.7,] 
		 9: %self->resource_types_path def_%cl_2_142 %self[15.1,15.3,2.0,] 
		 10: %self->link_to def_%cl_2_143 %self[15.1,15.3,15.9,2.0,] %cl_2_141[15.8,] %cl_2_142[15.9,] 
		 11: 
BB 16
	outgoing: 20 
	datadep: 
	instructions:
		 0: RETURN %self[2.0,] 
BB 17
	outgoing: 20 
	datadep: 
	instructions:
		 0: RETURN %cl_2_143[15.10,] %self[2.0,] 
BB 18
	outgoing: 20 
	datadep: 
	instructions:
		 0: def_%cl_2_144 
		 1: def_%cl_2_145 %cl_2_144[18.0,] 
		 2: RETURN %cl_2_145[18.1,] %self[2.0,] 
BB 20
	outgoing: 
	datadep: 
	instructions:
CLOSURE END
		 3: RETURN %cl_1_4[3.2,] %self[3.1,2.0,] 
BB 4
	outgoing: 6 
	datadep: 
	instructions:
		 0: def_%cl_1_5 
		 1: def_%cl_1_6 %cl_1_5[4.0,] 
		 2: RETURN %cl_1_6[4.1,] %self[2.0,] 
BB 6
	outgoing: 
	datadep: 
	instructions:
CLOSURE END
		 19: 
		 20: COPY def_%v_12 
		 21: %self->t def_%v_13 %self[2.0,2.6,2.11,] %v_12[2.20,] 
		 22: %self->content_tag def_%v_14 %self[2.0,2.6,2.11,2.21,] %v_13[2.21,] 
		 23: 
		 24: %self->ruby_code_from_view def_%v_15 %self[2.0,2.6,2.11,2.21,2.22,] 
		 25: %v_15->ruby_code_from_view def_%v_16 %v_15[2.24,] %self[2.0,2.6,2.11,2.21,2.22,2.24,] 
CLOSURE BEGIN: %self[2.0,2.6,2.11,2.21,2.22,2.24,] 
BB 1
	outgoing: 6 2 
	datadep: 
	instructions:
BB 2
	outgoing: 3 
	datadep: 
	instructions:
		 0: def_%self 
		 1: def_%cl_3_0 
		 2: RECEIVEARG def_rb_from_view 
		 3: COPY def_%current_scope 
		 4: COPY def_%current_module 
BB 3
	outgoing: 4 6 
	datadep: 
	instructions:
		 0: 
		 1: %self->container_name def_%cl_3_3 %self[2.0,] 
		 2: 
		 3: %self->container_id def_%cl_3_4 %self[3.1,2.0,] 
		 4: RETURN %cl_3_4[3.3,] %self[3.1,3.3,2.0,] 
BB 4
	outgoing: 6 
	datadep: 
	instructions:
		 0: def_%cl_3_5 
		 1: def_%cl_3_6 %cl_3_5[4.0,] 
		 2: RETURN %cl_3_6[4.1,] %self[2.0,] 
BB 6
	outgoing: 
	datadep: 
	instructions:
CLOSURE END
		 26: RETURN %v_16[2.25,] %self[2.0,2.6,2.11,2.21,2.22,2.24,] 
BB 3
	outgoing: 
	datadep: 
	instructions:

SET IRMethod, name = custom_scripts
BB 1
	outgoing: 8 2 
	datadep: 
	instructions:
BB 2
	outgoing: 3 4 
	datadep: 
	instructions:
		 0: def_%self 
		 1: def_%v_0 
		 2: COPY def_%current_scope 
		 3: COPY def_%current_module 
		 4: 
		 5: 
		 6: %self->current_user def_%v_3 %self[2.0,] 
		 7: %v_3->company def_%v_4 %v_3[2.6,] 
		 8: ATTRASSIGN %self->@company %self[2.0,2.6,] %v_4[2.7,] 
		 9: 
		 10: COPY def_%v_5 
		 11: %self->t def_%v_6 %self[2.0,2.6,] %v_5[2.10,] 
		 12: COPY def_%v_7 
		 13: (Setting) def_%v_8 
		 14: %v_8->productName def_%v_9 %v_8[2.13,] 
		 15: def_%v_10 %v_6[2.11,] %v_7[2.12,] %v_9[2.14,] 
		 16: ATTRASSIGN %self->@page_title %self[2.0,2.6,2.11,] %v_10[2.15,] 
		 17: 
		 18: def_%v_11 %self[2.0,2.6,2.11,] %self[2.0,2.6,2.11,] 
CLOSURE BEGIN: %self[2.0,2.6,2.11,] 
BB 1
	outgoing: 6 2 
	datadep: 
	instructions:
BB 2
	outgoing: 3 
	datadep: 
	instructions:
		 0: def_%self 
		 1: def_%cl_1_0 
		 2: COPY def_%current_scope 
		 3: COPY def_%current_module 
BB 3
	outgoing: 4 6 
	datadep: 
	instructions:
		 0: 
		 1: %self->ruby_code_from_view def_%cl_1_3 %self[2.0,] 
		 2: %cl_1_3->ruby_code_from_view def_%cl_1_4 %cl_1_3[3.1,] %self[3.1,2.0,] 
CLOSURE BEGIN: %self[3.1,2.0,] scripts[] 
BB 1
	outgoing: 20 2 
	datadep: 
	instructions:
BB 2
	outgoing: 3 
	datadep: 
	instructions:
		 0: def_%self 
		 1: def_%cl_2_0 
		 2: RECEIVEARG def_rb_from_view 
		 3: COPY def_%current_scope 
		 4: COPY def_%current_module 
BB 3
	outgoing: 4 5 18 
	datadep: 
	instructions:
		 0: 
		 1: %self->all_custom_scripts def_%cl_2_3 %self[2.0,] 
		 2: COPY def_scripts %cl_2_3[3.1,] 
		 3: 
		 4: COPY def_%cl_2_4 
		 5: %self->t def_%cl_2_5 %self[3.1,2.0,] %cl_2_4[3.4,] 
		 6: 
		 7: %self->selected def_%cl_2_6 %self[3.1,3.5,2.0,] 
		 8: COPY def_%cl_2_7 
		 9: %self->active_class def_%cl_2_8 %self[3.1,3.5,3.7,2.0,] %cl_2_6[3.7,] %cl_2_7[3.8,] 
		 10: 
		 11: COPY def_%cl_2_9 
		 12: %self->t def_%cl_2_10 %self[3.1,3.5,3.7,3.9,2.0,] %cl_2_9[3.11,] 
		 13: %self->current_user def_%cl_2_11 %self[3.1,3.5,3.7,3.9,3.12,2.0,] 
		 14: %cl_2_11->company def_%cl_2_12 %cl_2_11[3.13,] 
		 15: %self->edit_company_path def_%cl_2_13 %self[3.1,3.5,3.7,3.9,3.12,3.13,2.0,] %cl_2_12[3.14,] 
		 16: %self->link_to def_%cl_2_14 %self[3.1,3.5,3.7,3.9,3.12,3.13,3.15,2.0,] %cl_2_10[3.12,] %cl_2_13[3.15,] 
		 17: 
		 18: %self->current_user def_%cl_2_15 %self[3.1,3.5,3.7,3.9,3.12,3.13,3.15,3.16,2.0,] 
		 19: %cl_2_15->company def_%cl_2_16 %cl_2_15[3.18,] 
		 20: %cl_2_16->use_score_rules? def_%cl_2_17 %cl_2_16[3.19,] 
		 21: BRANCH %cl_2_17[3.20,] 
BB 4
	outgoing: 6 18 
	datadep: 
	instructions:
		 0: 
		 1: %self->selected def_%cl_2_18 %self[2.0,] 
		 2: COPY def_%cl_2_19 
		 3: %self->active_class def_%cl_2_20 %self[4.1,2.0,] %cl_2_18[4.1,] %cl_2_19[4.2,] 
		 4: 
		 5: (ScoreRule) def_%cl_2_21 
		 6: %cl_2_21->model_name def_%cl_2_22 %cl_2_21[4.5,] 
		 7: COPY def_%cl_2_23 
		 8: %cl_2_22->human def_%cl_2_24 %cl_2_22[4.6,] %cl_2_23[4.7,] 
		 9: %self->score_rules_companies_path def_%cl_2_25 %self[4.1,4.3,2.0,] 
		 10: %self->link_to def_%cl_2_26 %self[4.1,4.3,4.9,2.0,] %cl_2_24[4.8,] %cl_2_25[4.9,] 
		 11: 
BB 5
	outgoing: 6 
	datadep: 
	instructions:
		 0: COPY def_%cl_2_26 
BB 6
	outgoing: 7 8 18 
	datadep: 
	instructions:
		 0: 
		 1: scripts->size def_%cl_2_27 scripts[3.2,] 
		 2: def_%cl_2_28 %cl_2_27[6.1,] 
		 3: BRANCH %cl_2_28[6.2,] 
BB 7
	outgoing: 9 18 
	datadep: 
	instructions:
		 0: 
		 1: %self->selected def_%cl_2_29 %self[2.0,] 
		 2: COPY def_%cl_2_30 
		 3: %self->active_class def_%cl_2_31 %self[7.1,2.0,] %cl_2_29[7.1,] %cl_2_30[7.2,] 
		 4: 
		 5: COPY def_%cl_2_32 
		 6: %self->t def_%cl_2_33 %self[7.1,7.3,2.0,] %cl_2_32[7.5,] 
		 7: %self->custom_scripts_companies_path def_%cl_2_34 %self[7.1,7.3,7.6,2.0,] 
		 8: %self->link_to def_%cl_2_35 %self[7.1,7.3,7.6,7.7,2.0,] %cl_2_33[7.6,] %cl_2_34[7.7,] 
		 9: 
BB 8
	outgoing: 9 
	datadep: 
	instructions:
		 0: COPY def_%cl_2_35 
BB 9
	outgoing: 10 11 18 
	datadep: 
	instructions:
		 0: 
		 1: %self->selected def_%cl_2_36 %self[2.0,] 
		 2: COPY def_%cl_2_37 
		 3: %self->active_class def_%cl_2_38 %self[9.1,2.0,] %cl_2_36[9.1,] %cl_2_37[9.2,] 
		 4: 
		 5: def_%cl_2_39 
		 6: %cl_2_39[9.5,] 
BB 10
	outgoing: 11 18 
	datadep: 
	instructions:
		 0: def_%cl_2_39 
BB 11
	outgoing: 12 13 18 
	datadep: 
	instructions:
		 0: %cl_2_39->model_name def_%cl_2_40 %cl_2_39[10.0,9.5,] 
		 1: COPY def_%cl_2_41 
		 2: %cl_2_40->human def_%cl_2_42 %cl_2_40[11.0,] %cl_2_41[11.1,] 
		 3: %self->task_templates_path def_%cl_2_43 %self[2.0,] 
		 4: %self->link_to def_%cl_2_44 %self[11.3,2.0,] %cl_2_42[11.2,] %cl_2_43[11.3,] 
		 5: 
		 6: %self->selected def_%cl_2_45 %self[11.3,11.4,2.0,] 
		 7: COPY def_%cl_2_46 
		 8: %self->active_class def_%cl_2_47 %self[11.3,11.4,11.6,2.0,] %cl_2_45[11.6,] %cl_2_46[11.7,] 
		 9: 
		 10: (Trigger) def_%cl_2_48 
		 11: %cl_2_48->model_name def_%cl_2_49 %cl_2_48[11.10,] 
		 12: COPY def_%cl_2_50 
		 13: %cl_2_49->human def_%cl_2_51 %cl_2_49[11.11,] %cl_2_50[11.12,] 
		 14: %self->triggers_path def_%cl_2_52 %self[11.3,11.4,11.6,11.8,2.0,] 
		 15: %self->link_to def_%cl_2_53 %self[11.3,11.4,11.6,11.8,11.14,2.0,] %cl_2_51[11.13,] %cl_2_52[11.14,] 
		 16: 
		 17: %self->current_user def_%cl_2_54 %self[11.3,11.4,11.6,11.8,11.14,11.15,2.0,] 
		 18: %cl_2_54->can_use_billing? def_%cl_2_55 %cl_2_54[11.17,] 
		 19: BRANCH %cl_2_55[11.18,] 
BB 12
	outgoing: 14 18 
	datadep: 
	instructions:
		 0: 
		 1: %self->selected def_%cl_2_56 %self[2.0,] 
		 2: COPY def_%cl_2_57 
		 3: %self->active_class def_%cl_2_58 %self[12.1,2.0,] %cl_2_56[12.1,] %cl_2_57[12.2,] 
		 4: 
		 5: (Service) def_%cl_2_59 
		 6: %cl_2_59->model_name def_%cl_2_60 %cl_2_59[12.5,] 
		 7: COPY def_%cl_2_61 
		 8: %cl_2_60->human def_%cl_2_62 %cl_2_60[12.6,] %cl_2_61[12.7,] 
		 9: %self->services_path def_%cl_2_63 %self[12.1,12.3,2.0,] 
		 10: %self->link_to def_%cl_2_64 %self[12.1,12.3,12.9,2.0,] %cl_2_62[12.8,] %cl_2_63[12.9,] 
		 11: 
BB 13
	outgoing: 14 
	datadep: 
	instructions:
		 0: COPY def_%cl_2_64 
BB 14
	outgoing: 15 16 18 
	datadep: 
	instructions:
		 0: 
		 1: %self->selected def_%cl_2_65 %self[2.0,] 
		 2: COPY def_%cl_2_66 
		 3: %self->active_class def_%cl_2_67 %self[14.1,2.0,] %cl_2_65[14.1,] %cl_2_66[14.2,] 
		 4: 
		 5: (NewsItem) def_%cl_2_68 
		 6: %cl_2_68->model_name def_%cl_2_69 %cl_2_68[14.5,] 
		 7: COPY def_%cl_2_70 
		 8: %cl_2_69->human def_%cl_2_71 %cl_2_69[14.6,] %cl_2_70[14.7,] 
		 9: %self->news_items_path def_%cl_2_72 %self[14.1,14.3,2.0,] 
		 10: %self->link_to def_%cl_2_73 %self[14.1,14.3,14.9,2.0,] %cl_2_71[14.8,] %cl_2_72[14.9,] 
		 11: 
		 12: %self->selected def_%cl_2_74 %self[14.1,14.3,14.9,14.10,2.0,] 
		 13: COPY def_%cl_2_75 
		 14: %self->active_class def_%cl_2_76 %self[14.1,14.3,14.9,14.10,14.12,2.0,] %cl_2_74[14.12,] %cl_2_75[14.13,] 
		 15: 
		 16: (Snippet) def_%cl_2_77 
		 17: %cl_2_77->model_name def_%cl_2_78 %cl_2_77[14.16,] 
		 18: COPY def_%cl_2_79 
		 19: %cl_2_78->human def_%cl_2_80 %cl_2_78[14.17,] %cl_2_79[14.18,] 
		 20: %self->snippets_path def_%cl_2_81 %self[14.1,14.3,14.9,14.10,14.12,14.14,2.0,] 
		 21: %self->link_to def_%cl_2_82 %self[14.1,14.3,14.9,14.10,14.12,14.14,14.20,2.0,] %cl_2_80[14.19,] %cl_2_81[14.20,] 
		 22: 
		 23: %self->selected def_%cl_2_83 %self[14.1,14.3,14.9,14.10,14.12,14.14,14.20,14.21,2.0,] 
		 24: COPY def_%cl_2_84 
		 25: %self->active_class def_%cl_2_85 %self[14.1,14.3,14.9,14.10,14.12,14.14,14.20,14.21,14.23,2.0,] %cl_2_83[14.23,] %cl_2_84[14.24,] 
		 26: 
		 27: COPY def_%cl_2_86 
		 28: %self->t def_%cl_2_87 %self[14.1,14.3,14.9,14.10,14.12,14.14,14.20,14.21,14.23,14.25,2.0,] %cl_2_86[14.27,] 
		 29: %self->email_addresses_path def_%cl_2_88 %self[14.1,14.3,14.9,14.10,14.12,14.14,14.20,14.21,14.23,14.25,14.28,2.0,] 
		 30: %self->link_to def_%cl_2_89 %self[14.1,14.3,14.9,14.10,14.12,14.14,14.20,14.21,14.23,14.25,14.28,14.29,2.0,] %cl_2_87[14.28,] %cl_2_88[14.29,] 
		 31: 
		 32: COPY def_%cl_2_90 
		 33: %self->t def_%cl_2_91 %self[14.1,14.3,14.9,14.10,14.12,14.14,14.20,14.21,14.23,14.25,14.28,14.29,14.30,2.0,] %cl_2_90[14.32,] 
		 34: 
		 35: %self->selected def_%cl_2_92 %self[14.1,14.3,14.9,14.10,14.12,14.14,14.20,14.21,14.23,14.25,14.28,14.29,14.30,14.33,2.0,] 
		 36: COPY def_%cl_2_93 
		 37: %self->active_class def_%cl_2_94 %self[14.1,14.3,14.9,14.10,14.12,14.14,14.20,14.21,14.23,14.25,14.28,14.29,14.30,14.33,14.35,2.0,] %cl_2_92[14.35,] %cl_2_93[14.36,] 
		 38: 
		 39: COPY def_%cl_2_95 
		 40: %self->t def_%cl_2_96 %self[14.1,14.3,14.9,14.10,14.12,14.14,14.20,14.21,14.23,14.25,14.28,14.29,14.30,14.33,14.35,14.37,2.0,] %cl_2_95[14.39,] 
		 41: COPY def_%cl_2_97 
		 42: %self->link_to def_%cl_2_98 %self[14.1,14.3,14.9,14.10,14.12,14.14,14.20,14.21,14.23,14.25,14.28,14.29,14.30,14.33,14.35,14.37,14.40,2.0,] %cl_2_96[14.40,] %cl_2_97[14.41,] 
		 43: 
		 44: %self->selected def_%cl_2_99 %self[14.1,14.3,14.9,14.10,14.12,14.14,14.20,14.21,14.23,14.25,14.28,14.29,14.30,14.33,14.35,14.37,14.40,14.42,2.0,] 
		 45: COPY def_%cl_2_100 
		 46: %self->active_class def_%cl_2_101 %self[14.1,14.3,14.9,14.10,14.12,14.14,14.20,14.21,14.23,14.25,14.28,14.29,14.30,14.33,14.35,14.37,14.40,14.42,14.44,2.0,] %cl_2_99[14.44,] %cl_2_100[14.45,] 
		 47: 
		 48: (Company) def_%cl_2_102 
		 49: %cl_2_102->model_name def_%cl_2_103 %cl_2_102[14.48,] 
		 50: COPY def_%cl_2_104 
		 51: %cl_2_103->human def_%cl_2_105 %cl_2_103[14.49,] %cl_2_104[14.50,] 
		 52: COPY def_%cl_2_106 
		 53: %self->link_to def_%cl_2_107 %self[14.1,14.3,14.9,14.10,14.12,14.14,14.20,14.21,14.23,14.25,14.28,14.29,14.30,14.33,14.35,14.37,14.40,14.42,14.44,14.46,2.0,] %cl_2_105[14.51,] %cl_2_106[14.52,] 
		 54: 
		 55: %self->selected def_%cl_2_108 %self[14.1,14.3,14.9,14.10,14.12,14.14,14.20,14.21,14.23,14.25,14.28,14.29,14.30,14.33,14.35,14.37,14.40,14.42,14.44,14.46,14.53,2.0,] 
		 56: COPY def_%cl_2_109 
		 57: %self->active_class def_%cl_2_110 %self[14.1,14.3,14.9,14.10,14.12,14.14,14.20,14.21,14.23,14.25,14.28,14.29,14.30,14.33,14.35,14.37,14.40,14.42,14.44,14.46,14.53,14.55,2.0,] %cl_2_108[14.55,] %cl_2_109[14.56,] 
		 58: 
		 59: COPY def_%cl_2_111 
		 60: %self->t def_%cl_2_112 %self[14.1,14.3,14.9,14.10,14.12,14.14,14.20,14.21,14.23,14.25,14.28,14.29,14.30,14.33,14.35,14.37,14.40,14.42,14.44,14.46,14.53,14.55,14.57,2.0,] %cl_2_111[14.59,] 
		 61: COPY def_%cl_2_113 
		 62: %self->link_to def_%cl_2_114 %self[14.1,14.3,14.9,14.10,14.12,14.14,14.20,14.21,14.23,14.25,14.28,14.29,14.30,14.33,14.35,14.37,14.40,14.42,14.44,14.46,14.53,14.55,14.57,14.60,2.0,] %cl_2_112[14.60,] %cl_2_113[14.61,] 
		 63: 
		 64: %self->selected def_%cl_2_115 %self[14.1,14.3,14.9,14.10,14.12,14.14,14.20,14.21,14.23,14.25,14.28,14.29,14.30,14.33,14.35,14.37,14.40,14.42,14.44,14.46,14.53,14.55,14.57,14.60,14.62,2.0,] 
		 65: COPY def_%cl_2_116 
		 66: %self->active_class def_%cl_2_117 %self[14.1,14.3,14.9,14.10,14.12,14.14,14.20,14.21,14.23,14.25,14.28,14.29,14.30,14.33,14.35,14.37,14.40,14.42,14.44,14.46,14.53,14.55,14.57,14.60,14.62,14.64,2.0,] %cl_2_115[14.64,] %cl_2_116[14.65,] 
		 67: 
		 68: (WorkLog) def_%cl_2_118 
		 69: %cl_2_118->model_name def_%cl_2_119 %cl_2_118[14.68,] 
		 70: COPY def_%cl_2_120 
		 71: %cl_2_119->human def_%cl_2_121 %cl_2_119[14.69,] %cl_2_120[14.70,] 
		 72: COPY def_%cl_2_122 
		 73: %self->link_to def_%cl_2_123 %self[14.1,14.3,14.9,14.10,14.12,14.14,14.20,14.21,14.23,14.25,14.28,14.29,14.30,14.33,14.35,14.37,14.40,14.42,14.44,14.46,14.53,14.55,14.57,14.60,14.62,14.64,14.66,2.0,] %cl_2_121[14.71,] %cl_2_122[14.72,] 
		 74: 
		 75: %self->selected def_%cl_2_124 %self[14.1,14.3,14.9,14.10,14.12,14.14,14.20,14.21,14.23,14.25,14.28,14.29,14.30,14.33,14.35,14.37,14.40,14.42,14.44,14.46,14.53,14.55,14.57,14.60,14.62,14.64,14.66,14.73,2.0,] 
		 76: COPY def_%cl_2_125 
		 77: %self->active_class def_%cl_2_126 %self[14.1,14.3,14.9,14.10,14.12,14.14,14.20,14.21,14.23,14.25,14.28,14.29,14.30,14.33,14.35,14.37,14.40,14.42,14.44,14.46,14.53,14.55,14.57,14.60,14.62,14.64,14.66,14.73,14.75,2.0,] %cl_2_124[14.75,] %cl_2_125[14.76,] 
		 78: 
		 79: (TaskRecord) def_%cl_2_127 
		 80: %cl_2_127->model_name def_%cl_2_128 %cl_2_127[14.79,] 
		 81: COPY def_%cl_2_129 
		 82: %cl_2_128->human def_%cl_2_130 %cl_2_128[14.80,] %cl_2_129[14.81,] 
		 83: %self->properties_path def_%cl_2_131 %self[14.1,14.3,14.9,14.10,14.12,14.14,14.20,14.21,14.23,14.25,14.28,14.29,14.30,14.33,14.35,14.37,14.40,14.42,14.44,14.46,14.53,14.55,14.57,14.60,14.62,14.64,14.66,14.73,14.75,14.77,2.0,] 
		 84: %self->link_to def_%cl_2_132 %self[14.1,14.3,14.9,14.10,14.12,14.14,14.20,14.21,14.23,14.25,14.28,14.29,14.30,14.33,14.35,14.37,14.40,14.42,14.44,14.46,14.53,14.55,14.57,14.60,14.62,14.64,14.66,14.73,14.75,14.77,14.83,2.0,] %cl_2_130[14.82,] %cl_2_131[14.83,] 
		 85: 
		 86: %self->current_user def_%cl_2_133 %self[14.1,14.3,14.9,14.10,14.12,14.14,14.20,14.21,14.23,14.25,14.28,14.29,14.30,14.33,14.35,14.37,14.40,14.42,14.44,14.46,14.53,14.55,14.57,14.60,14.62,14.64,14.66,14.73,14.75,14.77,14.83,14.84,2.0,] 
		 87: %cl_2_133->use_resources? def_%cl_2_134 %cl_2_133[14.86,] 
		 88: BRANCH %cl_2_134[14.87,] 
BB 15
	outgoing: 17 18 
	datadep: 
	instructions:
		 0: 
		 1: %self->selected def_%cl_2_135 %self[2.0,] 
		 2: COPY def_%cl_2_136 
		 3: %self->active_class def_%cl_2_137 %self[15.1,2.0,] %cl_2_135[15.1,] %cl_2_136[15.2,] 
		 4: 
		 5: (ResourceType) def_%cl_2_138 
		 6: %cl_2_138->model_name def_%cl_2_139 %cl_2_138[15.5,] 
		 7: COPY def_%cl_2_140 
		 8: %cl_2_139->human def_%cl_2_141 %cl_2_139[15.6,] %cl_2_140[15.7,] 
		 9: %self->resource_types_path def_%cl_2_142 %self[15.1,15.3,2.0,] 
		 10: %self->link_to def_%cl_2_143 %self[15.1,15.3,15.9,2.0,] %cl_2_141[15.8,] %cl_2_142[15.9,] 
		 11: 
BB 16
	outgoing: 20 
	datadep: 
	instructions:
		 0: RETURN %self[2.0,] 
BB 17
	outgoing: 20 
	datadep: 
	instructions:
		 0: RETURN %cl_2_143[15.10,] %self[2.0,] 
BB 18
	outgoing: 20 
	datadep: 
	instructions:
		 0: def_%cl_2_144 
		 1: def_%cl_2_145 %cl_2_144[18.0,] 
		 2: RETURN %cl_2_145[18.1,] %self[2.0,] 
BB 20
	outgoing: 
	datadep: 
	instructions:
CLOSURE END
		 3: RETURN %cl_1_4[3.2,] %self[3.1,2.0,] 
BB 4
	outgoing: 6 
	datadep: 
	instructions:
		 0: def_%cl_1_5 
		 1: def_%cl_1_6 %cl_1_5[4.0,] 
		 2: RETURN %cl_1_6[4.1,] %self[2.0,] 
BB 6
	outgoing: 
	datadep: 
	instructions:
CLOSURE END
		 19: 
		 20: COPY def_%v_12 
		 21: %self->t def_%v_13 %self[2.0,2.6,2.11,] %v_12[2.20,] 
		 22: %self->content_tag def_%v_14 %self[2.0,2.6,2.11,2.21,] %v_13[2.21,] 
		 23: 
		 24: COPY def_%v_15 
		 25: (Setting) def_%v_16 
		 26: %v_16->custom_scripts_root def_%v_17 %v_16[2.25,] 
		 27: COPY def_%v_18 %v_17[2.26,] 
		 28: %self->t def_%v_19 %self[2.0,2.6,2.11,2.21,2.22,] %v_15[2.24,] %v_18[2.27,] 
		 29: COPY def_%v_20 
		 30: COPY def_%v_21 %v_20[2.29,] 
		 31: %self->content_tag def_%v_22 %self[2.0,2.6,2.11,2.21,2.22,2.28,] %v_19[2.28,] %v_21[2.30,] 
		 32: 
		 33: %self->all_custom_scripts def_%v_23 %self[2.0,2.6,2.11,2.21,2.22,2.28,2.31,] 
		 34: COPY def_scripts %v_23[2.33,] 
		 35: 
		 36: COPY def_%v_24 %v_23[2.33,] 
		 37: BRANCH %v_23[2.33,] 
BB 3
	outgoing: 4 
	datadep: 
	instructions:
		 0: scripts->any? def_%v_25 scripts[2.34,] 
		 1: COPY def_%v_24 %v_25[3.0,] 
BB 4
	outgoing: 5 6 
	datadep: 
	instructions:
		 0: BRANCH %v_24[3.1,2.36,] 
BB 5
	outgoing: 8 
	datadep: 
	instructions:
		 0: 
		 1: scripts->each def_%v_26 scripts[2.34,] %self[2.0,] 
CLOSURE BEGIN: script[] %self[2.0,] 
BB 1
	outgoing: 6 2 
	datadep: 
	instructions:
BB 2
	outgoing: 3 
	datadep: 
	instructions:
		 0: def_%self 
		 1: def_%cl_3_0 
		 2: RECEIVEARG def_script 
		 3: COPY def_%current_scope 
		 4: COPY def_%current_module 
BB 3
	outgoing: 4 6 
	datadep: 
	instructions:
		 0: 
		 1: COPY def_%cl_3_3 
		 2: COPY def_%cl_3_4 %cl_3_3[3.1,] script[2.2,] 
		 3: %self->link_to def_%cl_3_5 %self[2.0,] script[2.2,] %cl_3_4[3.2,] 
		 4: RETURN %cl_3_5[3.3,] %self[3.3,2.0,] 
BB 4
	outgoing: 6 
	datadep: 
	instructions:
		 0: def_%cl_3_6 
		 1: def_%cl_3_7 %cl_3_6[4.0,] 
		 2: RETURN %cl_3_7[4.1,] %self[2.0,] 
BB 6
	outgoing: 
	datadep: 
	instructions:
CLOSURE END
		 2: RETURN %v_26[5.1,] %self[2.0,] 
BB 6
	outgoing: 8 
	datadep: 
	instructions:
		 0: 
		 1: COPY def_%v_27 
		 2: (Setting) def_%v_28 
		 3: %v_28->custom_scripts_root def_%v_29 %v_28[6.2,] 
		 4: COPY def_%v_30 %v_29[6.3,] 
		 5: %self->t def_%v_31 %self[2.0,] %v_27[6.1,] %v_30[6.4,] 
		 6: RETURN %v_31[6.5,] %self[6.5,2.0,] 
BB 8
	outgoing: 
	datadep: 
	instructions:

SET IRMethod, name = update
BB 1
	outgoing: 9 2 
	datadep: 
	instructions:
BB 2
	outgoing: 3 4 
	datadep: 
	instructions:
		 0: def_%self 
		 1: def_%v_0 
		 2: COPY def_%current_scope 
		 3: COPY def_%current_module 
		 4: 
		 5: 
		 6: %self->current_user def_%v_3 %self[2.0,] 
		 7: %v_3->company def_%v_4 %v_3[2.6,] 
		 8: ATTRASSIGN %self->@company %self[2.0,2.6,] %v_4[2.7,] 
		 9: 
		 10: def_%v_5 %self[2.0,2.6,] 
		 11: %v_5->internal_customer def_%v_6 %v_5[2.10,] 
		 12: ATTRASSIGN %self->@internal %self[2.0,2.6,] %v_6[2.11,] 
		 13: 
		 14: def_%v_7 %self[2.0,2.6,] 
		 15: %v_7->nil? def_%v_8 %v_7[2.14,] 
		 16: BRANCH %v_8[2.15,] 
BB 3
	outgoing: 9 
	datadep: 
	instructions:
		 0: 
		 1: %self->flash def_%v_9 %self[2.0,] 
		 2: COPY def_%v_10 
		 3: %self->t def_%v_11 %self[3.1,2.0,] %v_10[3.2,] 
		 4: %v_9[3.1,] %v_11[3.3,] 
		 5: 
		 6: %self->ruby_code_from_view def_%v_12 %self[3.1,3.3,2.0,] 
		 7: %v_12->ruby_code_from_view def_%v_13 %v_12[3.6,] %self[3.1,3.3,3.6,2.0,] 
CLOSURE BEGIN: %self[3.1,3.3,3.6,2.0,] 
BB 1
	outgoing: 6 2 
	datadep: 
	instructions:
BB 2
	outgoing: 3 
	datadep: 
	instructions:
		 0: def_%self 
		 1: def_%cl_1_0 
		 2: RECEIVEARG def_rb_from_view 
		 3: COPY def_%current_scope 
		 4: COPY def_%current_module 
BB 3
	outgoing: 4 6 
	datadep: 
	instructions:
		 0: 
		 1: COPY def_%cl_1_3 
		 2: %self->t def_%cl_1_4 %self[2.0,] %cl_1_3[3.1,] 
		 3: COPY def_%cl_1_5 
		 4: (Setting) def_%cl_1_6 
		 5: %cl_1_6->productName def_%cl_1_7 %cl_1_6[3.4,] 
		 6: def_%cl_1_8 %cl_1_4[3.2,] %cl_1_5[3.3,] %cl_1_7[3.5,] 
		 7: ATTRASSIGN %self->@page_title %self[3.2,2.0,] %cl_1_8[3.6,] 
		 8: 
		 9: def_%cl_1_9 %self[3.2,2.0,] %self[3.2,2.0,] 
CLOSURE BEGIN: %self[3.2,2.0,] 
BB 1
	outgoing: 6 2 
	datadep: 
	instructions:
BB 2
	outgoing: 3 
	datadep: 
	instructions:
		 0: def_%self 
		 1: def_%cl_2_0 
		 2: COPY def_%current_scope 
		 3: COPY def_%current_module 
BB 3
	outgoing: 4 6 
	datadep: 
	instructions:
		 0: 
		 1: %self->ruby_code_from_view def_%cl_2_3 %self[2.0,] 
		 2: %cl_2_3->ruby_code_from_view def_%cl_2_4 %cl_2_3[3.1,] %self[3.1,2.0,] 
CLOSURE BEGIN: %self[3.1,2.0,] scripts[] 
BB 1
	outgoing: 20 2 
	datadep: 
	instructions:
BB 2
	outgoing: 3 
	datadep: 
	instructions:
		 0: def_%self 
		 1: def_%cl_3_0 
		 2: RECEIVEARG def_rb_from_view 
		 3: COPY def_%current_scope 
		 4: COPY def_%current_module 
BB 3
	outgoing: 4 5 18 
	datadep: 
	instructions:
		 0: 
		 1: %self->all_custom_scripts def_%cl_3_3 %self[2.0,] 
		 2: COPY def_scripts %cl_3_3[3.1,] 
		 3: 
		 4: COPY def_%cl_3_4 
		 5: %self->t def_%cl_3_5 %self[3.1,2.0,] %cl_3_4[3.4,] 
		 6: 
		 7: %self->selected def_%cl_3_6 %self[3.1,3.5,2.0,] 
		 8: COPY def_%cl_3_7 
		 9: %self->active_class def_%cl_3_8 %self[3.1,3.5,3.7,2.0,] %cl_3_6[3.7,] %cl_3_7[3.8,] 
		 10: 
		 11: COPY def_%cl_3_9 
		 12: %self->t def_%cl_3_10 %self[3.1,3.5,3.7,3.9,2.0,] %cl_3_9[3.11,] 
		 13: %self->current_user def_%cl_3_11 %self[3.1,3.5,3.7,3.9,3.12,2.0,] 
		 14: %cl_3_11->company def_%cl_3_12 %cl_3_11[3.13,] 
		 15: %self->edit_company_path def_%cl_3_13 %self[3.1,3.5,3.7,3.9,3.12,3.13,2.0,] %cl_3_12[3.14,] 
		 16: %self->link_to def_%cl_3_14 %self[3.1,3.5,3.7,3.9,3.12,3.13,3.15,2.0,] %cl_3_10[3.12,] %cl_3_13[3.15,] 
		 17: 
		 18: %self->current_user def_%cl_3_15 %self[3.1,3.5,3.7,3.9,3.12,3.13,3.15,3.16,2.0,] 
		 19: %cl_3_15->company def_%cl_3_16 %cl_3_15[3.18,] 
		 20: %cl_3_16->use_score_rules? def_%cl_3_17 %cl_3_16[3.19,] 
		 21: BRANCH %cl_3_17[3.20,] 
BB 4
	outgoing: 6 18 
	datadep: 
	instructions:
		 0: 
		 1: %self->selected def_%cl_3_18 %self[2.0,] 
		 2: COPY def_%cl_3_19 
		 3: %self->active_class def_%cl_3_20 %self[4.1,2.0,] %cl_3_18[4.1,] %cl_3_19[4.2,] 
		 4: 
		 5: (ScoreRule) def_%cl_3_21 
		 6: %cl_3_21->model_name def_%cl_3_22 %cl_3_21[4.5,] 
		 7: COPY def_%cl_3_23 
		 8: %cl_3_22->human def_%cl_3_24 %cl_3_22[4.6,] %cl_3_23[4.7,] 
		 9: %self->score_rules_companies_path def_%cl_3_25 %self[4.1,4.3,2.0,] 
		 10: %self->link_to def_%cl_3_26 %self[4.1,4.3,4.9,2.0,] %cl_3_24[4.8,] %cl_3_25[4.9,] 
		 11: 
BB 5
	outgoing: 6 
	datadep: 
	instructions:
		 0: COPY def_%cl_3_26 
BB 6
	outgoing: 7 8 18 
	datadep: 
	instructions:
		 0: 
		 1: scripts->size def_%cl_3_27 scripts[3.2,] 
		 2: def_%cl_3_28 %cl_3_27[6.1,] 
		 3: BRANCH %cl_3_28[6.2,] 
BB 7
	outgoing: 9 18 
	datadep: 
	instructions:
		 0: 
		 1: %self->selected def_%cl_3_29 %self[2.0,] 
		 2: COPY def_%cl_3_30 
		 3: %self->active_class def_%cl_3_31 %self[7.1,2.0,] %cl_3_29[7.1,] %cl_3_30[7.2,] 
		 4: 
		 5: COPY def_%cl_3_32 
		 6: %self->t def_%cl_3_33 %self[7.1,7.3,2.0,] %cl_3_32[7.5,] 
		 7: %self->custom_scripts_companies_path def_%cl_3_34 %self[7.1,7.3,7.6,2.0,] 
		 8: %self->link_to def_%cl_3_35 %self[7.1,7.3,7.6,7.7,2.0,] %cl_3_33[7.6,] %cl_3_34[7.7,] 
		 9: 
BB 8
	outgoing: 9 
	datadep: 
	instructions:
		 0: COPY def_%cl_3_35 
BB 9
	outgoing: 10 11 18 
	datadep: 
	instructions:
		 0: 
		 1: %self->selected def_%cl_3_36 %self[2.0,] 
		 2: COPY def_%cl_3_37 
		 3: %self->active_class def_%cl_3_38 %self[9.1,2.0,] %cl_3_36[9.1,] %cl_3_37[9.2,] 
		 4: 
		 5: def_%cl_3_39 
		 6: %cl_3_39[9.5,] 
BB 10
	outgoing: 11 18 
	datadep: 
	instructions:
		 0: def_%cl_3_39 
BB 11
	outgoing: 12 13 18 
	datadep: 
	instructions:
		 0: %cl_3_39->model_name def_%cl_3_40 %cl_3_39[10.0,9.5,] 
		 1: COPY def_%cl_3_41 
		 2: %cl_3_40->human def_%cl_3_42 %cl_3_40[11.0,] %cl_3_41[11.1,] 
		 3: %self->task_templates_path def_%cl_3_43 %self[2.0,] 
		 4: %self->link_to def_%cl_3_44 %self[11.3,2.0,] %cl_3_42[11.2,] %cl_3_43[11.3,] 
		 5: 
		 6: %self->selected def_%cl_3_45 %self[11.3,11.4,2.0,] 
		 7: COPY def_%cl_3_46 
		 8: %self->active_class def_%cl_3_47 %self[11.3,11.4,11.6,2.0,] %cl_3_45[11.6,] %cl_3_46[11.7,] 
		 9: 
		 10: (Trigger) def_%cl_3_48 
		 11: %cl_3_48->model_name def_%cl_3_49 %cl_3_48[11.10,] 
		 12: COPY def_%cl_3_50 
		 13: %cl_3_49->human def_%cl_3_51 %cl_3_49[11.11,] %cl_3_50[11.12,] 
		 14: %self->triggers_path def_%cl_3_52 %self[11.3,11.4,11.6,11.8,2.0,] 
		 15: %self->link_to def_%cl_3_53 %self[11.3,11.4,11.6,11.8,11.14,2.0,] %cl_3_51[11.13,] %cl_3_52[11.14,] 
		 16: 
		 17: %self->current_user def_%cl_3_54 %self[11.3,11.4,11.6,11.8,11.14,11.15,2.0,] 
		 18: %cl_3_54->can_use_billing? def_%cl_3_55 %cl_3_54[11.17,] 
		 19: BRANCH %cl_3_55[11.18,] 
BB 12
	outgoing: 14 18 
	datadep: 
	instructions:
		 0: 
		 1: %self->selected def_%cl_3_56 %self[2.0,] 
		 2: COPY def_%cl_3_57 
		 3: %self->active_class def_%cl_3_58 %self[12.1,2.0,] %cl_3_56[12.1,] %cl_3_57[12.2,] 
		 4: 
		 5: (Service) def_%cl_3_59 
		 6: %cl_3_59->model_name def_%cl_3_60 %cl_3_59[12.5,] 
		 7: COPY def_%cl_3_61 
		 8: %cl_3_60->human def_%cl_3_62 %cl_3_60[12.6,] %cl_3_61[12.7,] 
		 9: %self->services_path def_%cl_3_63 %self[12.1,12.3,2.0,] 
		 10: %self->link_to def_%cl_3_64 %self[12.1,12.3,12.9,2.0,] %cl_3_62[12.8,] %cl_3_63[12.9,] 
		 11: 
BB 13
	outgoing: 14 
	datadep: 
	instructions:
		 0: COPY def_%cl_3_64 
BB 14
	outgoing: 15 16 18 
	datadep: 
	instructions:
		 0: 
		 1: %self->selected def_%cl_3_65 %self[2.0,] 
		 2: COPY def_%cl_3_66 
		 3: %self->active_class def_%cl_3_67 %self[14.1,2.0,] %cl_3_65[14.1,] %cl_3_66[14.2,] 
		 4: 
		 5: (NewsItem) def_%cl_3_68 
		 6: %cl_3_68->model_name def_%cl_3_69 %cl_3_68[14.5,] 
		 7: COPY def_%cl_3_70 
		 8: %cl_3_69->human def_%cl_3_71 %cl_3_69[14.6,] %cl_3_70[14.7,] 
		 9: %self->news_items_path def_%cl_3_72 %self[14.1,14.3,2.0,] 
		 10: %self->link_to def_%cl_3_73 %self[14.1,14.3,14.9,2.0,] %cl_3_71[14.8,] %cl_3_72[14.9,] 
		 11: 
		 12: %self->selected def_%cl_3_74 %self[14.1,14.3,14.9,14.10,2.0,] 
		 13: COPY def_%cl_3_75 
		 14: %self->active_class def_%cl_3_76 %self[14.1,14.3,14.9,14.10,14.12,2.0,] %cl_3_74[14.12,] %cl_3_75[14.13,] 
		 15: 
		 16: (Snippet) def_%cl_3_77 
		 17: %cl_3_77->model_name def_%cl_3_78 %cl_3_77[14.16,] 
		 18: COPY def_%cl_3_79 
		 19: %cl_3_78->human def_%cl_3_80 %cl_3_78[14.17,] %cl_3_79[14.18,] 
		 20: %self->snippets_path def_%cl_3_81 %self[14.1,14.3,14.9,14.10,14.12,14.14,2.0,] 
		 21: %self->link_to def_%cl_3_82 %self[14.1,14.3,14.9,14.10,14.12,14.14,14.20,2.0,] %cl_3_80[14.19,] %cl_3_81[14.20,] 
		 22: 
		 23: %self->selected def_%cl_3_83 %self[14.1,14.3,14.9,14.10,14.12,14.14,14.20,14.21,2.0,] 
		 24: COPY def_%cl_3_84 
		 25: %self->active_class def_%cl_3_85 %self[14.1,14.3,14.9,14.10,14.12,14.14,14.20,14.21,14.23,2.0,] %cl_3_83[14.23,] %cl_3_84[14.24,] 
		 26: 
		 27: COPY def_%cl_3_86 
		 28: %self->t def_%cl_3_87 %self[14.1,14.3,14.9,14.10,14.12,14.14,14.20,14.21,14.23,14.25,2.0,] %cl_3_86[14.27,] 
		 29: %self->email_addresses_path def_%cl_3_88 %self[14.1,14.3,14.9,14.10,14.12,14.14,14.20,14.21,14.23,14.25,14.28,2.0,] 
		 30: %self->link_to def_%cl_3_89 %self[14.1,14.3,14.9,14.10,14.12,14.14,14.20,14.21,14.23,14.25,14.28,14.29,2.0,] %cl_3_87[14.28,] %cl_3_88[14.29,] 
		 31: 
		 32: COPY def_%cl_3_90 
		 33: %self->t def_%cl_3_91 %self[14.1,14.3,14.9,14.10,14.12,14.14,14.20,14.21,14.23,14.25,14.28,14.29,14.30,2.0,] %cl_3_90[14.32,] 
		 34: 
		 35: %self->selected def_%cl_3_92 %self[14.1,14.3,14.9,14.10,14.12,14.14,14.20,14.21,14.23,14.25,14.28,14.29,14.30,14.33,2.0,] 
		 36: COPY def_%cl_3_93 
		 37: %self->active_class def_%cl_3_94 %self[14.1,14.3,14.9,14.10,14.12,14.14,14.20,14.21,14.23,14.25,14.28,14.29,14.30,14.33,14.35,2.0,] %cl_3_92[14.35,] %cl_3_93[14.36,] 
		 38: 
		 39: COPY def_%cl_3_95 
		 40: %self->t def_%cl_3_96 %self[14.1,14.3,14.9,14.10,14.12,14.14,14.20,14.21,14.23,14.25,14.28,14.29,14.30,14.33,14.35,14.37,2.0,] %cl_3_95[14.39,] 
		 41: COPY def_%cl_3_97 
		 42: %self->link_to def_%cl_3_98 %self[14.1,14.3,14.9,14.10,14.12,14.14,14.20,14.21,14.23,14.25,14.28,14.29,14.30,14.33,14.35,14.37,14.40,2.0,] %cl_3_96[14.40,] %cl_3_97[14.41,] 
		 43: 
		 44: %self->selected def_%cl_3_99 %self[14.1,14.3,14.9,14.10,14.12,14.14,14.20,14.21,14.23,14.25,14.28,14.29,14.30,14.33,14.35,14.37,14.40,14.42,2.0,] 
		 45: COPY def_%cl_3_100 
		 46: %self->active_class def_%cl_3_101 %self[14.1,14.3,14.9,14.10,14.12,14.14,14.20,14.21,14.23,14.25,14.28,14.29,14.30,14.33,14.35,14.37,14.40,14.42,14.44,2.0,] %cl_3_99[14.44,] %cl_3_100[14.45,] 
		 47: 
		 48: (Company) def_%cl_3_102 
		 49: %cl_3_102->model_name def_%cl_3_103 %cl_3_102[14.48,] 
		 50: COPY def_%cl_3_104 
		 51: %cl_3_103->human def_%cl_3_105 %cl_3_103[14.49,] %cl_3_104[14.50,] 
		 52: COPY def_%cl_3_106 
		 53: %self->link_to def_%cl_3_107 %self[14.1,14.3,14.9,14.10,14.12,14.14,14.20,14.21,14.23,14.25,14.28,14.29,14.30,14.33,14.35,14.37,14.40,14.42,14.44,14.46,2.0,] %cl_3_105[14.51,] %cl_3_106[14.52,] 
		 54: 
		 55: %self->selected def_%cl_3_108 %self[14.1,14.3,14.9,14.10,14.12,14.14,14.20,14.21,14.23,14.25,14.28,14.29,14.30,14.33,14.35,14.37,14.40,14.42,14.44,14.46,14.53,2.0,] 
		 56: COPY def_%cl_3_109 
		 57: %self->active_class def_%cl_3_110 %self[14.1,14.3,14.9,14.10,14.12,14.14,14.20,14.21,14.23,14.25,14.28,14.29,14.30,14.33,14.35,14.37,14.40,14.42,14.44,14.46,14.53,14.55,2.0,] %cl_3_108[14.55,] %cl_3_109[14.56,] 
		 58: 
		 59: COPY def_%cl_3_111 
		 60: %self->t def_%cl_3_112 %self[14.1,14.3,14.9,14.10,14.12,14.14,14.20,14.21,14.23,14.25,14.28,14.29,14.30,14.33,14.35,14.37,14.40,14.42,14.44,14.46,14.53,14.55,14.57,2.0,] %cl_3_111[14.59,] 
		 61: COPY def_%cl_3_113 
		 62: %self->link_to def_%cl_3_114 %self[14.1,14.3,14.9,14.10,14.12,14.14,14.20,14.21,14.23,14.25,14.28,14.29,14.30,14.33,14.35,14.37,14.40,14.42,14.44,14.46,14.53,14.55,14.57,14.60,2.0,] %cl_3_112[14.60,] %cl_3_113[14.61,] 
		 63: 
		 64: %self->selected def_%cl_3_115 %self[14.1,14.3,14.9,14.10,14.12,14.14,14.20,14.21,14.23,14.25,14.28,14.29,14.30,14.33,14.35,14.37,14.40,14.42,14.44,14.46,14.53,14.55,14.57,14.60,14.62,2.0,] 
		 65: COPY def_%cl_3_116 
		 66: %self->active_class def_%cl_3_117 %self[14.1,14.3,14.9,14.10,14.12,14.14,14.20,14.21,14.23,14.25,14.28,14.29,14.30,14.33,14.35,14.37,14.40,14.42,14.44,14.46,14.53,14.55,14.57,14.60,14.62,14.64,2.0,] %cl_3_115[14.64,] %cl_3_116[14.65,] 
		 67: 
		 68: (WorkLog) def_%cl_3_118 
		 69: %cl_3_118->model_name def_%cl_3_119 %cl_3_118[14.68,] 
		 70: COPY def_%cl_3_120 
		 71: %cl_3_119->human def_%cl_3_121 %cl_3_119[14.69,] %cl_3_120[14.70,] 
		 72: COPY def_%cl_3_122 
		 73: %self->link_to def_%cl_3_123 %self[14.1,14.3,14.9,14.10,14.12,14.14,14.20,14.21,14.23,14.25,14.28,14.29,14.30,14.33,14.35,14.37,14.40,14.42,14.44,14.46,14.53,14.55,14.57,14.60,14.62,14.64,14.66,2.0,] %cl_3_121[14.71,] %cl_3_122[14.72,] 
		 74: 
		 75: %self->selected def_%cl_3_124 %self[14.1,14.3,14.9,14.10,14.12,14.14,14.20,14.21,14.23,14.25,14.28,14.29,14.30,14.33,14.35,14.37,14.40,14.42,14.44,14.46,14.53,14.55,14.57,14.60,14.62,14.64,14.66,14.73,2.0,] 
		 76: COPY def_%cl_3_125 
		 77: %self->active_class def_%cl_3_126 %self[14.1,14.3,14.9,14.10,14.12,14.14,14.20,14.21,14.23,14.25,14.28,14.29,14.30,14.33,14.35,14.37,14.40,14.42,14.44,14.46,14.53,14.55,14.57,14.60,14.62,14.64,14.66,14.73,14.75,2.0,] %cl_3_124[14.75,] %cl_3_125[14.76,] 
		 78: 
		 79: (TaskRecord) def_%cl_3_127 
		 80: %cl_3_127->model_name def_%cl_3_128 %cl_3_127[14.79,] 
		 81: COPY def_%cl_3_129 
		 82: %cl_3_128->human def_%cl_3_130 %cl_3_128[14.80,] %cl_3_129[14.81,] 
		 83: %self->properties_path def_%cl_3_131 %self[14.1,14.3,14.9,14.10,14.12,14.14,14.20,14.21,14.23,14.25,14.28,14.29,14.30,14.33,14.35,14.37,14.40,14.42,14.44,14.46,14.53,14.55,14.57,14.60,14.62,14.64,14.66,14.73,14.75,14.77,2.0,] 
		 84: %self->link_to def_%cl_3_132 %self[14.1,14.3,14.9,14.10,14.12,14.14,14.20,14.21,14.23,14.25,14.28,14.29,14.30,14.33,14.35,14.37,14.40,14.42,14.44,14.46,14.53,14.55,14.57,14.60,14.62,14.64,14.66,14.73,14.75,14.77,14.83,2.0,] %cl_3_130[14.82,] %cl_3_131[14.83,] 
		 85: 
		 86: %self->current_user def_%cl_3_133 %self[14.1,14.3,14.9,14.10,14.12,14.14,14.20,14.21,14.23,14.25,14.28,14.29,14.30,14.33,14.35,14.37,14.40,14.42,14.44,14.46,14.53,14.55,14.57,14.60,14.62,14.64,14.66,14.73,14.75,14.77,14.83,14.84,2.0,] 
		 87: %cl_3_133->use_resources? def_%cl_3_134 %cl_3_133[14.86,] 
		 88: BRANCH %cl_3_134[14.87,] 
BB 15
	outgoing: 17 18 
	datadep: 
	instructions:
		 0: 
		 1: %self->selected def_%cl_3_135 %self[2.0,] 
		 2: COPY def_%cl_3_136 
		 3: %self->active_class def_%cl_3_137 %self[15.1,2.0,] %cl_3_135[15.1,] %cl_3_136[15.2,] 
		 4: 
		 5: (ResourceType) def_%cl_3_138 
		 6: %cl_3_138->model_name def_%cl_3_139 %cl_3_138[15.5,] 
		 7: COPY def_%cl_3_140 
		 8: %cl_3_139->human def_%cl_3_141 %cl_3_139[15.6,] %cl_3_140[15.7,] 
		 9: %self->resource_types_path def_%cl_3_142 %self[15.1,15.3,2.0,] 
		 10: %self->link_to def_%cl_3_143 %self[15.1,15.3,15.9,2.0,] %cl_3_141[15.8,] %cl_3_142[15.9,] 
		 11: 
BB 16
	outgoing: 20 
	datadep: 
	instructions:
		 0: RETURN %self[2.0,] 
BB 17
	outgoing: 20 
	datadep: 
	instructions:
		 0: RETURN %cl_3_143[15.10,] %self[2.0,] 
BB 18
	outgoing: 20 
	datadep: 
	instructions:
		 0: def_%cl_3_144 
		 1: def_%cl_3_145 %cl_3_144[18.0,] 
		 2: RETURN %cl_3_145[18.1,] %self[2.0,] 
BB 20
	outgoing: 
	datadep: 
	instructions:
CLOSURE END
		 3: RETURN %cl_2_4[3.2,] %self[3.1,2.0,] 
BB 4
	outgoing: 6 
	datadep: 
	instructions:
		 0: def_%cl_2_5 
		 1: def_%cl_2_6 %cl_2_5[4.0,] 
		 2: RETURN %cl_2_6[4.1,] %self[2.0,] 
BB 6
	outgoing: 
	datadep: 
	instructions:
CLOSURE END
		 10: 
		 11: COPY def_%cl_1_10 
		 12: %self->t def_%cl_1_11 %self[3.2,2.0,] %cl_1_10[3.11,] 
		 13: %self->content_tag def_%cl_1_12 %self[3.2,3.12,2.0,] %cl_1_11[3.12,] 
		 14: 
		 15: def_%cl_1_13 %self[3.2,3.12,3.13,2.0,] 
		 16: COPY def_%cl_1_14 
		 17: COPY def_%cl_1_15 %cl_1_14[3.16,] 
		 18: COPY def_%cl_1_16 %cl_1_15[3.17,] 
		 19: %self->form_for def_%cl_1_17 %self[3.2,3.12,3.13,2.0,] %cl_1_13[3.15,] %cl_1_16[3.18,] %self[3.2,3.12,3.13,2.0,] 
CLOSURE BEGIN: %self[3.2,3.12,3.13,2.0,] 
BB 1
	outgoing: 6 2 
	datadep: 
	instructions:
BB 2
	outgoing: 3 
	datadep: 
	instructions:
		 0: def_%self 
		 1: def_%cl_4_0 
		 2: RECEIVEARG def_f 
		 3: COPY def_%current_scope 
		 4: COPY def_%current_module 
BB 3
	outgoing: 4 6 
	datadep: 
	instructions:
		 0: 
		 1: %self->ruby_code_from_view def_%cl_4_3 %self[2.0,] 
		 2: %cl_4_3->ruby_code_from_view def_%cl_4_4 %cl_4_3[3.1,] %self[3.1,2.0,] 
CLOSURE BEGIN: f[2.2,] %self[3.1,2.0,] 
BB 1
	outgoing: 9 2 
	datadep: 
	instructions:
BB 2
	outgoing: 3 
	datadep: 
	instructions:
		 0: def_%self 
		 1: def_%cl_5_0 
		 2: RECEIVEARG def_rb_from_view 
		 3: COPY def_%current_scope 
		 4: COPY def_%current_module 
BB 3
	outgoing: 4 5 7 
	datadep: 
	instructions:
		 0: 
		 1: f->label def_%cl_5_3 f[] 
		 2: 
		 3: COPY def_%cl_5_4 
		 4: f->text_field def_%cl_5_5 f[3.1,] %cl_5_4[3.3,] 
		 5: 
		 6: f->label def_%cl_5_6 f[3.1,3.4,] 
		 7: 
		 8: COPY def_%cl_5_7 
		 9: f->check_box def_%cl_5_8 f[3.1,3.4,3.6,] %cl_5_7[3.8,] 
		 10: 
		 11: f->label def_%cl_5_9 f[3.1,3.4,3.6,3.9,] 
		 12: 
		 13: COPY def_%cl_5_10 
		 14: f->check_box def_%cl_5_11 f[3.1,3.4,3.6,3.9,3.11,] %cl_5_10[3.13,] 
		 15: 
		 16: f->label def_%cl_5_12 f[3.1,3.4,3.6,3.9,3.11,3.14,] 
		 17: 
		 18: COPY def_%cl_5_13 
		 19: f->check_box def_%cl_5_14 f[3.1,3.4,3.6,3.9,3.11,3.14,3.16,] %cl_5_13[3.18,] 
		 20: 
		 21: f->label def_%cl_5_15 f[3.1,3.4,3.6,3.9,3.11,3.14,3.16,3.19,] 
		 22: 
		 23: COPY def_%cl_5_16 
		 24: f->check_box def_%cl_5_17 f[3.1,3.4,3.6,3.9,3.11,3.14,3.16,3.19,3.21,] %cl_5_16[3.23,] 
		 25: 
		 26: f->label def_%cl_5_18 f[3.1,3.4,3.6,3.9,3.11,3.14,3.16,3.19,3.21,3.24,] 
		 27: 
		 28: COPY def_%cl_5_19 
		 29: COPY def_%cl_5_20 
		 30: COPY def_%cl_5_21 %cl_5_20[3.29,] 
		 31: f->text_area def_%cl_5_22 f[3.1,3.4,3.6,3.9,3.11,3.14,3.16,3.19,3.21,3.24,3.26,] %cl_5_19[3.28,] %cl_5_21[3.30,] 
		 32: 
		 33: COPY def_%cl_5_23 
		 34: %self->t def_%cl_5_24 %self[2.0,] %cl_5_23[3.33,] 
		 35: 
		 36: COPY def_%cl_5_25 
		 37: %self->t def_%cl_5_26 %self[3.34,2.0,] %cl_5_25[3.36,] 
		 38: 
		 39: COPY def_%cl_5_27 
		 40: %self->t def_%cl_5_28 %self[3.34,3.37,2.0,] %cl_5_27[3.39,] 
		 41: 
		 42: %self->incoming_email_select_tag def_%cl_5_29 %self[3.34,3.37,3.40,2.0,] 
		 43: 
		 44: %self->current_user def_%cl_5_30 %self[3.34,3.37,3.40,3.42,2.0,] 
		 45: %cl_5_30->company def_%cl_5_31 %cl_5_30[3.44,] 
		 46: %cl_5_31->logo? def_%cl_5_32 %cl_5_31[3.45,] 
		 47: BRANCH %cl_5_32[3.46,] 
BB 4
	outgoing: 6 7 
	datadep: 
	instructions:
		 0: 
		 1: f->label def_%cl_5_33 f[] 
		 2: 
		 3: COPY def_%cl_5_34 
		 4: COPY def_%cl_5_35 
		 5: %self->current_user def_%cl_5_36 %self[2.0,] 
		 6: %cl_5_36->company def_%cl_5_37 %cl_5_36[4.5,] 
		 7: %cl_5_37->id def_%cl_5_38 %cl_5_37[4.6,] 
		 8: def_%cl_5_39 %cl_5_35[4.4,] %cl_5_38[4.7,] 
		 9: COPY def_%cl_5_40 %cl_5_39[4.8,] 
		 10: %self->tag def_%cl_5_41 %self[4.5,2.0,] %cl_5_34[4.3,] %cl_5_40[4.9,] 
		 11: 
BB 5
	outgoing: 6 
	datadep: 
	instructions:
		 0: COPY def_%cl_5_41 
BB 6
	outgoing: 7 9 
	datadep: 
	instructions:
		 0: 
		 1: COPY def_%cl_5_42 
		 2: %self->t def_%cl_5_43 %self[2.0,] %cl_5_42[6.1,] 
		 3: f->label def_%cl_5_44 f[] %cl_5_43[6.2,] 
		 4: 
		 5: f->file_field def_%cl_5_45 f[6.3,] 
		 6: 
		 7: COPY def_%cl_5_46 
		 8: %self->t def_%cl_5_47 %self[6.2,2.0,] %cl_5_46[6.7,] 
		 9: RETURN %cl_5_47[6.8,] %self[6.2,6.8,2.0,] 
BB 7
	outgoing: 9 
	datadep: 
	instructions:
		 0: def_%cl_5_48 
		 1: def_%cl_5_49 %cl_5_48[7.0,] 
		 2: RETURN %cl_5_49[7.1,] %self[2.0,] 
BB 9
	outgoing: 
	datadep: 
	instructions:
CLOSURE END
		 3: RETURN %cl_4_4[3.2,] %self[3.1,2.0,] 
BB 4
	outgoing: 6 
	datadep: 
	instructions:
		 0: def_%cl_4_5 
		 1: def_%cl_4_6 %cl_4_5[4.0,] 
		 2: RETURN %cl_4_6[4.1,] %self[2.0,] 
BB 6
	outgoing: 
	datadep: 
	instructions:
CLOSURE END
		 20: RETURN %cl_1_17[3.19,] %self[3.2,3.12,3.13,3.19,2.0,] 
BB 4
	outgoing: 6 
	datadep: 
	instructions:
		 0: def_%cl_1_18 
		 1: def_%cl_1_19 %cl_1_18[4.0,] 
		 2: RETURN %cl_1_19[4.1,] %self[2.0,] 
BB 6
	outgoing: 
	datadep: 
	instructions:
CLOSURE END
		 8: 
		 9: RETURN %self[3.1,3.3,3.6,2.0,] 
BB 4
	outgoing: 6 7 
	datadep: 
	instructions:
		 0: COPY def_%v_14 
		 1: 
		 2: def_%v_15 %self[2.0,] 
		 3: %self->params def_%v_16 %self[2.0,] 
		 4: def_%v_17 %v_16[4.3,] 
		 5: %v_15->update_attributes def_%v_18 %v_15[4.2,] %v_17[4.4,] 
		 6: BRANCH %v_18[4.5,] 
BB 6
	outgoing: 9 
	datadep: 
	instructions:
		 0: 
		 1: def_%v_19 %self[2.0,] 
		 2: def_%v_20 %self[2.0,] 
		 3: %v_20->name def_%v_21 %v_20[6.2,] 
		 4: ATTRASSIGN %v_19->name %v_19[6.1,] %v_21[6.3,] 
		 5: 
		 6: def_%v_22 %self[2.0,] 
		 7: %v_22->save def_%v_23 %v_22[6.6,] 
		 8: 
		 9: %self->flash def_%v_24 %self[2.0,] 
		 10: COPY def_%v_25 
		 11: (Company) def_%v_26 
		 12: %v_26->model_name def_%v_27 %v_26[6.11,] 
		 13: %v_27->human def_%v_28 %v_27[6.12,] 
		 14: COPY def_%v_29 %v_28[6.13,] 
		 15: %self->t def_%v_30 %self[6.9,2.0,] %v_25[6.10,] %v_29[6.14,] 
		 16: %v_24[6.9,] %v_30[6.15,] 
		 17: 
		 18: %self->redirect_from_last def_%v_31 %self[6.9,6.15,2.0,] 
		 19: RETURN %v_31[6.18,] %self[6.9,6.15,6.18,2.0,] 
BB 7
	outgoing: 9 
	datadep: 
	instructions:
		 0: 
		 1: %self->flash def_%v_32 %self[2.0,] 
		 2: def_%v_33 %self[7.1,2.0,] 
		 3: %v_33->errors def_%v_34 %v_33[7.2,] 
		 4: %v_34->full_messages def_%v_35 %v_34[7.3,] 
		 5: COPY def_%v_36 
		 6: %v_35->join def_%v_37 %v_35[7.4,] %v_36[7.5,] 
		 7: %v_32[7.1,] %v_37[7.6,] 
		 8: 
		 9: %self->ruby_code_from_view def_%v_38 %self[7.1,2.0,] 
		 10: %v_38->ruby_code_from_view def_%v_39 %v_38[7.9,] %self[7.1,7.9,2.0,] 
CLOSURE BEGIN: %self[7.1,7.9,2.0,] 
BB 1
	outgoing: 6 2 
	datadep: 
	instructions:
BB 2
	outgoing: 3 
	datadep: 
	instructions:
		 0: def_%self 
		 1: def_%cl_6_0 
		 2: RECEIVEARG def_rb_from_view 
		 3: COPY def_%current_scope 
		 4: COPY def_%current_module 
BB 3
	outgoing: 4 6 
	datadep: 
	instructions:
		 0: 
		 1: COPY def_%cl_6_3 
		 2: %self->t def_%cl_6_4 %self[2.0,] %cl_6_3[3.1,] 
		 3: COPY def_%cl_6_5 
		 4: (Setting) def_%cl_6_6 
		 5: %cl_6_6->productName def_%cl_6_7 %cl_6_6[3.4,] 
		 6: def_%cl_6_8 %cl_6_4[3.2,] %cl_6_5[3.3,] %cl_6_7[3.5,] 
		 7: ATTRASSIGN %self->@page_title %self[3.2,2.0,] %cl_6_8[3.6,] 
		 8: 
		 9: def_%cl_6_9 %self[3.2,2.0,] %self[3.2,2.0,] 
CLOSURE BEGIN: %self[3.2,2.0,] 
BB 1
	outgoing: 6 2 
	datadep: 
	instructions:
BB 2
	outgoing: 3 
	datadep: 
	instructions:
		 0: def_%self 
		 1: def_%cl_7_0 
		 2: COPY def_%current_scope 
		 3: COPY def_%current_module 
BB 3
	outgoing: 4 6 
	datadep: 
	instructions:
		 0: 
		 1: %self->ruby_code_from_view def_%cl_7_3 %self[2.0,] 
		 2: %cl_7_3->ruby_code_from_view def_%cl_7_4 %cl_7_3[3.1,] %self[3.1,2.0,] 
CLOSURE BEGIN: %self[3.1,2.0,] scripts[] 
BB 1
	outgoing: 20 2 
	datadep: 
	instructions:
BB 2
	outgoing: 3 
	datadep: 
	instructions:
		 0: def_%self 
		 1: def_%cl_8_0 
		 2: RECEIVEARG def_rb_from_view 
		 3: COPY def_%current_scope 
		 4: COPY def_%current_module 
BB 3
	outgoing: 4 5 18 
	datadep: 
	instructions:
		 0: 
		 1: %self->all_custom_scripts def_%cl_8_3 %self[2.0,] 
		 2: COPY def_scripts %cl_8_3[3.1,] 
		 3: 
		 4: COPY def_%cl_8_4 
		 5: %self->t def_%cl_8_5 %self[3.1,2.0,] %cl_8_4[3.4,] 
		 6: 
		 7: %self->selected def_%cl_8_6 %self[3.1,3.5,2.0,] 
		 8: COPY def_%cl_8_7 
		 9: %self->active_class def_%cl_8_8 %self[3.1,3.5,3.7,2.0,] %cl_8_6[3.7,] %cl_8_7[3.8,] 
		 10: 
		 11: COPY def_%cl_8_9 
		 12: %self->t def_%cl_8_10 %self[3.1,3.5,3.7,3.9,2.0,] %cl_8_9[3.11,] 
		 13: %self->current_user def_%cl_8_11 %self[3.1,3.5,3.7,3.9,3.12,2.0,] 
		 14: %cl_8_11->company def_%cl_8_12 %cl_8_11[3.13,] 
		 15: %self->edit_company_path def_%cl_8_13 %self[3.1,3.5,3.7,3.9,3.12,3.13,2.0,] %cl_8_12[3.14,] 
		 16: %self->link_to def_%cl_8_14 %self[3.1,3.5,3.7,3.9,3.12,3.13,3.15,2.0,] %cl_8_10[3.12,] %cl_8_13[3.15,] 
		 17: 
		 18: %self->current_user def_%cl_8_15 %self[3.1,3.5,3.7,3.9,3.12,3.13,3.15,3.16,2.0,] 
		 19: %cl_8_15->company def_%cl_8_16 %cl_8_15[3.18,] 
		 20: %cl_8_16->use_score_rules? def_%cl_8_17 %cl_8_16[3.19,] 
		 21: BRANCH %cl_8_17[3.20,] 
BB 4
	outgoing: 6 18 
	datadep: 
	instructions:
		 0: 
		 1: %self->selected def_%cl_8_18 %self[2.0,] 
		 2: COPY def_%cl_8_19 
		 3: %self->active_class def_%cl_8_20 %self[4.1,2.0,] %cl_8_18[4.1,] %cl_8_19[4.2,] 
		 4: 
		 5: (ScoreRule) def_%cl_8_21 
		 6: %cl_8_21->model_name def_%cl_8_22 %cl_8_21[4.5,] 
		 7: COPY def_%cl_8_23 
		 8: %cl_8_22->human def_%cl_8_24 %cl_8_22[4.6,] %cl_8_23[4.7,] 
		 9: %self->score_rules_companies_path def_%cl_8_25 %self[4.1,4.3,2.0,] 
		 10: %self->link_to def_%cl_8_26 %self[4.1,4.3,4.9,2.0,] %cl_8_24[4.8,] %cl_8_25[4.9,] 
		 11: 
BB 5
	outgoing: 6 
	datadep: 
	instructions:
		 0: COPY def_%cl_8_26 
BB 6
	outgoing: 7 8 18 
	datadep: 
	instructions:
		 0: 
		 1: scripts->size def_%cl_8_27 scripts[3.2,] 
		 2: def_%cl_8_28 %cl_8_27[6.1,] 
		 3: BRANCH %cl_8_28[6.2,] 
BB 7
	outgoing: 9 18 
	datadep: 
	instructions:
		 0: 
		 1: %self->selected def_%cl_8_29 %self[2.0,] 
		 2: COPY def_%cl_8_30 
		 3: %self->active_class def_%cl_8_31 %self[7.1,2.0,] %cl_8_29[7.1,] %cl_8_30[7.2,] 
		 4: 
		 5: COPY def_%cl_8_32 
		 6: %self->t def_%cl_8_33 %self[7.1,7.3,2.0,] %cl_8_32[7.5,] 
		 7: %self->custom_scripts_companies_path def_%cl_8_34 %self[7.1,7.3,7.6,2.0,] 
		 8: %self->link_to def_%cl_8_35 %self[7.1,7.3,7.6,7.7,2.0,] %cl_8_33[7.6,] %cl_8_34[7.7,] 
		 9: 
BB 8
	outgoing: 9 
	datadep: 
	instructions:
		 0: COPY def_%cl_8_35 
BB 9
	outgoing: 10 11 18 
	datadep: 
	instructions:
		 0: 
		 1: %self->selected def_%cl_8_36 %self[2.0,] 
		 2: COPY def_%cl_8_37 
		 3: %self->active_class def_%cl_8_38 %self[9.1,2.0,] %cl_8_36[9.1,] %cl_8_37[9.2,] 
		 4: 
		 5: def_%cl_8_39 
		 6: %cl_8_39[9.5,] 
BB 10
	outgoing: 11 18 
	datadep: 
	instructions:
		 0: def_%cl_8_39 
BB 11
	outgoing: 12 13 18 
	datadep: 
	instructions:
		 0: %cl_8_39->model_name def_%cl_8_40 %cl_8_39[10.0,9.5,] 
		 1: COPY def_%cl_8_41 
		 2: %cl_8_40->human def_%cl_8_42 %cl_8_40[11.0,] %cl_8_41[11.1,] 
		 3: %self->task_templates_path def_%cl_8_43 %self[2.0,] 
		 4: %self->link_to def_%cl_8_44 %self[11.3,2.0,] %cl_8_42[11.2,] %cl_8_43[11.3,] 
		 5: 
		 6: %self->selected def_%cl_8_45 %self[11.3,11.4,2.0,] 
		 7: COPY def_%cl_8_46 
		 8: %self->active_class def_%cl_8_47 %self[11.3,11.4,11.6,2.0,] %cl_8_45[11.6,] %cl_8_46[11.7,] 
		 9: 
		 10: (Trigger) def_%cl_8_48 
		 11: %cl_8_48->model_name def_%cl_8_49 %cl_8_48[11.10,] 
		 12: COPY def_%cl_8_50 
		 13: %cl_8_49->human def_%cl_8_51 %cl_8_49[11.11,] %cl_8_50[11.12,] 
		 14: %self->triggers_path def_%cl_8_52 %self[11.3,11.4,11.6,11.8,2.0,] 
		 15: %self->link_to def_%cl_8_53 %self[11.3,11.4,11.6,11.8,11.14,2.0,] %cl_8_51[11.13,] %cl_8_52[11.14,] 
		 16: 
		 17: %self->current_user def_%cl_8_54 %self[11.3,11.4,11.6,11.8,11.14,11.15,2.0,] 
		 18: %cl_8_54->can_use_billing? def_%cl_8_55 %cl_8_54[11.17,] 
		 19: BRANCH %cl_8_55[11.18,] 
BB 12
	outgoing: 14 18 
	datadep: 
	instructions:
		 0: 
		 1: %self->selected def_%cl_8_56 %self[2.0,] 
		 2: COPY def_%cl_8_57 
		 3: %self->active_class def_%cl_8_58 %self[12.1,2.0,] %cl_8_56[12.1,] %cl_8_57[12.2,] 
		 4: 
		 5: (Service) def_%cl_8_59 
		 6: %cl_8_59->model_name def_%cl_8_60 %cl_8_59[12.5,] 
		 7: COPY def_%cl_8_61 
		 8: %cl_8_60->human def_%cl_8_62 %cl_8_60[12.6,] %cl_8_61[12.7,] 
		 9: %self->services_path def_%cl_8_63 %self[12.1,12.3,2.0,] 
		 10: %self->link_to def_%cl_8_64 %self[12.1,12.3,12.9,2.0,] %cl_8_62[12.8,] %cl_8_63[12.9,] 
		 11: 
BB 13
	outgoing: 14 
	datadep: 
	instructions:
		 0: COPY def_%cl_8_64 
BB 14
	outgoing: 15 16 18 
	datadep: 
	instructions:
		 0: 
		 1: %self->selected def_%cl_8_65 %self[2.0,] 
		 2: COPY def_%cl_8_66 
		 3: %self->active_class def_%cl_8_67 %self[14.1,2.0,] %cl_8_65[14.1,] %cl_8_66[14.2,] 
		 4: 
		 5: (NewsItem) def_%cl_8_68 
		 6: %cl_8_68->model_name def_%cl_8_69 %cl_8_68[14.5,] 
		 7: COPY def_%cl_8_70 
		 8: %cl_8_69->human def_%cl_8_71 %cl_8_69[14.6,] %cl_8_70[14.7,] 
		 9: %self->news_items_path def_%cl_8_72 %self[14.1,14.3,2.0,] 
		 10: %self->link_to def_%cl_8_73 %self[14.1,14.3,14.9,2.0,] %cl_8_71[14.8,] %cl_8_72[14.9,] 
		 11: 
		 12: %self->selected def_%cl_8_74 %self[14.1,14.3,14.9,14.10,2.0,] 
		 13: COPY def_%cl_8_75 
		 14: %self->active_class def_%cl_8_76 %self[14.1,14.3,14.9,14.10,14.12,2.0,] %cl_8_74[14.12,] %cl_8_75[14.13,] 
		 15: 
		 16: (Snippet) def_%cl_8_77 
		 17: %cl_8_77->model_name def_%cl_8_78 %cl_8_77[14.16,] 
		 18: COPY def_%cl_8_79 
		 19: %cl_8_78->human def_%cl_8_80 %cl_8_78[14.17,] %cl_8_79[14.18,] 
		 20: %self->snippets_path def_%cl_8_81 %self[14.1,14.3,14.9,14.10,14.12,14.14,2.0,] 
		 21: %self->link_to def_%cl_8_82 %self[14.1,14.3,14.9,14.10,14.12,14.14,14.20,2.0,] %cl_8_80[14.19,] %cl_8_81[14.20,] 
		 22: 
		 23: %self->selected def_%cl_8_83 %self[14.1,14.3,14.9,14.10,14.12,14.14,14.20,14.21,2.0,] 
		 24: COPY def_%cl_8_84 
		 25: %self->active_class def_%cl_8_85 %self[14.1,14.3,14.9,14.10,14.12,14.14,14.20,14.21,14.23,2.0,] %cl_8_83[14.23,] %cl_8_84[14.24,] 
		 26: 
		 27: COPY def_%cl_8_86 
		 28: %self->t def_%cl_8_87 %self[14.1,14.3,14.9,14.10,14.12,14.14,14.20,14.21,14.23,14.25,2.0,] %cl_8_86[14.27,] 
		 29: %self->email_addresses_path def_%cl_8_88 %self[14.1,14.3,14.9,14.10,14.12,14.14,14.20,14.21,14.23,14.25,14.28,2.0,] 
		 30: %self->link_to def_%cl_8_89 %self[14.1,14.3,14.9,14.10,14.12,14.14,14.20,14.21,14.23,14.25,14.28,14.29,2.0,] %cl_8_87[14.28,] %cl_8_88[14.29,] 
		 31: 
		 32: COPY def_%cl_8_90 
		 33: %self->t def_%cl_8_91 %self[14.1,14.3,14.9,14.10,14.12,14.14,14.20,14.21,14.23,14.25,14.28,14.29,14.30,2.0,] %cl_8_90[14.32,] 
		 34: 
		 35: %self->selected def_%cl_8_92 %self[14.1,14.3,14.9,14.10,14.12,14.14,14.20,14.21,14.23,14.25,14.28,14.29,14.30,14.33,2.0,] 
		 36: COPY def_%cl_8_93 
		 37: %self->active_class def_%cl_8_94 %self[14.1,14.3,14.9,14.10,14.12,14.14,14.20,14.21,14.23,14.25,14.28,14.29,14.30,14.33,14.35,2.0,] %cl_8_92[14.35,] %cl_8_93[14.36,] 
		 38: 
		 39: COPY def_%cl_8_95 
		 40: %self->t def_%cl_8_96 %self[14.1,14.3,14.9,14.10,14.12,14.14,14.20,14.21,14.23,14.25,14.28,14.29,14.30,14.33,14.35,14.37,2.0,] %cl_8_95[14.39,] 
		 41: COPY def_%cl_8_97 
		 42: %self->link_to def_%cl_8_98 %self[14.1,14.3,14.9,14.10,14.12,14.14,14.20,14.21,14.23,14.25,14.28,14.29,14.30,14.33,14.35,14.37,14.40,2.0,] %cl_8_96[14.40,] %cl_8_97[14.41,] 
		 43: 
		 44: %self->selected def_%cl_8_99 %self[14.1,14.3,14.9,14.10,14.12,14.14,14.20,14.21,14.23,14.25,14.28,14.29,14.30,14.33,14.35,14.37,14.40,14.42,2.0,] 
		 45: COPY def_%cl_8_100 
		 46: %self->active_class def_%cl_8_101 %self[14.1,14.3,14.9,14.10,14.12,14.14,14.20,14.21,14.23,14.25,14.28,14.29,14.30,14.33,14.35,14.37,14.40,14.42,14.44,2.0,] %cl_8_99[14.44,] %cl_8_100[14.45,] 
		 47: 
		 48: (Company) def_%cl_8_102 
		 49: %cl_8_102->model_name def_%cl_8_103 %cl_8_102[14.48,] 
		 50: COPY def_%cl_8_104 
		 51: %cl_8_103->human def_%cl_8_105 %cl_8_103[14.49,] %cl_8_104[14.50,] 
		 52: COPY def_%cl_8_106 
		 53: %self->link_to def_%cl_8_107 %self[14.1,14.3,14.9,14.10,14.12,14.14,14.20,14.21,14.23,14.25,14.28,14.29,14.30,14.33,14.35,14.37,14.40,14.42,14.44,14.46,2.0,] %cl_8_105[14.51,] %cl_8_106[14.52,] 
		 54: 
		 55: %self->selected def_%cl_8_108 %self[14.1,14.3,14.9,14.10,14.12,14.14,14.20,14.21,14.23,14.25,14.28,14.29,14.30,14.33,14.35,14.37,14.40,14.42,14.44,14.46,14.53,2.0,] 
		 56: COPY def_%cl_8_109 
		 57: %self->active_class def_%cl_8_110 %self[14.1,14.3,14.9,14.10,14.12,14.14,14.20,14.21,14.23,14.25,14.28,14.29,14.30,14.33,14.35,14.37,14.40,14.42,14.44,14.46,14.53,14.55,2.0,] %cl_8_108[14.55,] %cl_8_109[14.56,] 
		 58: 
		 59: COPY def_%cl_8_111 
		 60: %self->t def_%cl_8_112 %self[14.1,14.3,14.9,14.10,14.12,14.14,14.20,14.21,14.23,14.25,14.28,14.29,14.30,14.33,14.35,14.37,14.40,14.42,14.44,14.46,14.53,14.55,14.57,2.0,] %cl_8_111[14.59,] 
		 61: COPY def_%cl_8_113 
		 62: %self->link_to def_%cl_8_114 %self[14.1,14.3,14.9,14.10,14.12,14.14,14.20,14.21,14.23,14.25,14.28,14.29,14.30,14.33,14.35,14.37,14.40,14.42,14.44,14.46,14.53,14.55,14.57,14.60,2.0,] %cl_8_112[14.60,] %cl_8_113[14.61,] 
		 63: 
		 64: %self->selected def_%cl_8_115 %self[14.1,14.3,14.9,14.10,14.12,14.14,14.20,14.21,14.23,14.25,14.28,14.29,14.30,14.33,14.35,14.37,14.40,14.42,14.44,14.46,14.53,14.55,14.57,14.60,14.62,2.0,] 
		 65: COPY def_%cl_8_116 
		 66: %self->active_class def_%cl_8_117 %self[14.1,14.3,14.9,14.10,14.12,14.14,14.20,14.21,14.23,14.25,14.28,14.29,14.30,14.33,14.35,14.37,14.40,14.42,14.44,14.46,14.53,14.55,14.57,14.60,14.62,14.64,2.0,] %cl_8_115[14.64,] %cl_8_116[14.65,] 
		 67: 
		 68: (WorkLog) def_%cl_8_118 
		 69: %cl_8_118->model_name def_%cl_8_119 %cl_8_118[14.68,] 
		 70: COPY def_%cl_8_120 
		 71: %cl_8_119->human def_%cl_8_121 %cl_8_119[14.69,] %cl_8_120[14.70,] 
		 72: COPY def_%cl_8_122 
		 73: %self->link_to def_%cl_8_123 %self[14.1,14.3,14.9,14.10,14.12,14.14,14.20,14.21,14.23,14.25,14.28,14.29,14.30,14.33,14.35,14.37,14.40,14.42,14.44,14.46,14.53,14.55,14.57,14.60,14.62,14.64,14.66,2.0,] %cl_8_121[14.71,] %cl_8_122[14.72,] 
		 74: 
		 75: %self->selected def_%cl_8_124 %self[14.1,14.3,14.9,14.10,14.12,14.14,14.20,14.21,14.23,14.25,14.28,14.29,14.30,14.33,14.35,14.37,14.40,14.42,14.44,14.46,14.53,14.55,14.57,14.60,14.62,14.64,14.66,14.73,2.0,] 
		 76: COPY def_%cl_8_125 
		 77: %self->active_class def_%cl_8_126 %self[14.1,14.3,14.9,14.10,14.12,14.14,14.20,14.21,14.23,14.25,14.28,14.29,14.30,14.33,14.35,14.37,14.40,14.42,14.44,14.46,14.53,14.55,14.57,14.60,14.62,14.64,14.66,14.73,14.75,2.0,] %cl_8_124[14.75,] %cl_8_125[14.76,] 
		 78: 
		 79: (TaskRecord) def_%cl_8_127 
		 80: %cl_8_127->model_name def_%cl_8_128 %cl_8_127[14.79,] 
		 81: COPY def_%cl_8_129 
		 82: %cl_8_128->human def_%cl_8_130 %cl_8_128[14.80,] %cl_8_129[14.81,] 
		 83: %self->properties_path def_%cl_8_131 %self[14.1,14.3,14.9,14.10,14.12,14.14,14.20,14.21,14.23,14.25,14.28,14.29,14.30,14.33,14.35,14.37,14.40,14.42,14.44,14.46,14.53,14.55,14.57,14.60,14.62,14.64,14.66,14.73,14.75,14.77,2.0,] 
		 84: %self->link_to def_%cl_8_132 %self[14.1,14.3,14.9,14.10,14.12,14.14,14.20,14.21,14.23,14.25,14.28,14.29,14.30,14.33,14.35,14.37,14.40,14.42,14.44,14.46,14.53,14.55,14.57,14.60,14.62,14.64,14.66,14.73,14.75,14.77,14.83,2.0,] %cl_8_130[14.82,] %cl_8_131[14.83,] 
		 85: 
		 86: %self->current_user def_%cl_8_133 %self[14.1,14.3,14.9,14.10,14.12,14.14,14.20,14.21,14.23,14.25,14.28,14.29,14.30,14.33,14.35,14.37,14.40,14.42,14.44,14.46,14.53,14.55,14.57,14.60,14.62,14.64,14.66,14.73,14.75,14.77,14.83,14.84,2.0,] 
		 87: %cl_8_133->use_resources? def_%cl_8_134 %cl_8_133[14.86,] 
		 88: BRANCH %cl_8_134[14.87,] 
BB 15
	outgoing: 17 18 
	datadep: 
	instructions:
		 0: 
		 1: %self->selected def_%cl_8_135 %self[2.0,] 
		 2: COPY def_%cl_8_136 
		 3: %self->active_class def_%cl_8_137 %self[15.1,2.0,] %cl_8_135[15.1,] %cl_8_136[15.2,] 
		 4: 
		 5: (ResourceType) def_%cl_8_138 
		 6: %cl_8_138->model_name def_%cl_8_139 %cl_8_138[15.5,] 
		 7: COPY def_%cl_8_140 
		 8: %cl_8_139->human def_%cl_8_141 %cl_8_139[15.6,] %cl_8_140[15.7,] 
		 9: %self->resource_types_path def_%cl_8_142 %self[15.1,15.3,2.0,] 
		 10: %self->link_to def_%cl_8_143 %self[15.1,15.3,15.9,2.0,] %cl_8_141[15.8,] %cl_8_142[15.9,] 
		 11: 
BB 16
	outgoing: 20 
	datadep: 
	instructions:
		 0: RETURN %self[2.0,] 
BB 17
	outgoing: 20 
	datadep: 
	instructions:
		 0: RETURN %cl_8_143[15.10,] %self[2.0,] 
BB 18
	outgoing: 20 
	datadep: 
	instructions:
		 0: def_%cl_8_144 
		 1: def_%cl_8_145 %cl_8_144[18.0,] 
		 2: RETURN %cl_8_145[18.1,] %self[2.0,] 
BB 20
	outgoing: 
	datadep: 
	instructions:
CLOSURE END
		 3: RETURN %cl_7_4[3.2,] %self[3.1,2.0,] 
BB 4
	outgoing: 6 
	datadep: 
	instructions:
		 0: def_%cl_7_5 
		 1: def_%cl_7_6 %cl_7_5[4.0,] 
		 2: RETURN %cl_7_6[4.1,] %self[2.0,] 
BB 6
	outgoing: 
	datadep: 
	instructions:
CLOSURE END
		 10: 
		 11: COPY def_%cl_6_10 
		 12: %self->t def_%cl_6_11 %self[3.2,2.0,] %cl_6_10[3.11,] 
		 13: %self->content_tag def_%cl_6_12 %self[3.2,3.12,2.0,] %cl_6_11[3.12,] 
		 14: 
		 15: def_%cl_6_13 %self[3.2,3.12,3.13,2.0,] 
		 16: COPY def_%cl_6_14 
		 17: COPY def_%cl_6_15 %cl_6_14[3.16,] 
		 18: COPY def_%cl_6_16 %cl_6_15[3.17,] 
		 19: %self->form_for def_%cl_6_17 %self[3.2,3.12,3.13,2.0,] %cl_6_13[3.15,] %cl_6_16[3.18,] %self[3.2,3.12,3.13,2.0,] 
CLOSURE BEGIN: %self[3.2,3.12,3.13,2.0,] 
BB 1
	outgoing: 6 2 
	datadep: 
	instructions:
BB 2
	outgoing: 3 
	datadep: 
	instructions:
		 0: def_%self 
		 1: def_%cl_9_0 
		 2: RECEIVEARG def_f 
		 3: COPY def_%current_scope 
		 4: COPY def_%current_module 
BB 3
	outgoing: 4 6 
	datadep: 
	instructions:
		 0: 
		 1: %self->ruby_code_from_view def_%cl_9_3 %self[2.0,] 
		 2: %cl_9_3->ruby_code_from_view def_%cl_9_4 %cl_9_3[3.1,] %self[3.1,2.0,] 
CLOSURE BEGIN: f[2.2,] %self[3.1,2.0,] 
BB 1
	outgoing: 9 2 
	datadep: 
	instructions:
BB 2
	outgoing: 3 
	datadep: 
	instructions:
		 0: def_%self 
		 1: def_%cl_10_0 
		 2: RECEIVEARG def_rb_from_view 
		 3: COPY def_%current_scope 
		 4: COPY def_%current_module 
BB 3
	outgoing: 4 5 7 
	datadep: 
	instructions:
		 0: 
		 1: f->label def_%cl_10_3 f[] 
		 2: 
		 3: COPY def_%cl_10_4 
		 4: f->text_field def_%cl_10_5 f[3.1,] %cl_10_4[3.3,] 
		 5: 
		 6: f->label def_%cl_10_6 f[3.1,3.4,] 
		 7: 
		 8: COPY def_%cl_10_7 
		 9: f->check_box def_%cl_10_8 f[3.1,3.4,3.6,] %cl_10_7[3.8,] 
		 10: 
		 11: f->label def_%cl_10_9 f[3.1,3.4,3.6,3.9,] 
		 12: 
		 13: COPY def_%cl_10_10 
		 14: f->check_box def_%cl_10_11 f[3.1,3.4,3.6,3.9,3.11,] %cl_10_10[3.13,] 
		 15: 
		 16: f->label def_%cl_10_12 f[3.1,3.4,3.6,3.9,3.11,3.14,] 
		 17: 
		 18: COPY def_%cl_10_13 
		 19: f->check_box def_%cl_10_14 f[3.1,3.4,3.6,3.9,3.11,3.14,3.16,] %cl_10_13[3.18,] 
		 20: 
		 21: f->label def_%cl_10_15 f[3.1,3.4,3.6,3.9,3.11,3.14,3.16,3.19,] 
		 22: 
		 23: COPY def_%cl_10_16 
		 24: f->check_box def_%cl_10_17 f[3.1,3.4,3.6,3.9,3.11,3.14,3.16,3.19,3.21,] %cl_10_16[3.23,] 
		 25: 
		 26: f->label def_%cl_10_18 f[3.1,3.4,3.6,3.9,3.11,3.14,3.16,3.19,3.21,3.24,] 
		 27: 
		 28: COPY def_%cl_10_19 
		 29: COPY def_%cl_10_20 
		 30: COPY def_%cl_10_21 %cl_10_20[3.29,] 
		 31: f->text_area def_%cl_10_22 f[3.1,3.4,3.6,3.9,3.11,3.14,3.16,3.19,3.21,3.24,3.26,] %cl_10_19[3.28,] %cl_10_21[3.30,] 
		 32: 
		 33: COPY def_%cl_10_23 
		 34: %self->t def_%cl_10_24 %self[2.0,] %cl_10_23[3.33,] 
		 35: 
		 36: COPY def_%cl_10_25 
		 37: %self->t def_%cl_10_26 %self[3.34,2.0,] %cl_10_25[3.36,] 
		 38: 
		 39: COPY def_%cl_10_27 
		 40: %self->t def_%cl_10_28 %self[3.34,3.37,2.0,] %cl_10_27[3.39,] 
		 41: 
		 42: %self->incoming_email_select_tag def_%cl_10_29 %self[3.34,3.37,3.40,2.0,] 
		 43: 
		 44: %self->current_user def_%cl_10_30 %self[3.34,3.37,3.40,3.42,2.0,] 
		 45: %cl_10_30->company def_%cl_10_31 %cl_10_30[3.44,] 
		 46: %cl_10_31->logo? def_%cl_10_32 %cl_10_31[3.45,] 
		 47: BRANCH %cl_10_32[3.46,] 
BB 4
	outgoing: 6 7 
	datadep: 
	instructions:
		 0: 
		 1: f->label def_%cl_10_33 f[] 
		 2: 
		 3: COPY def_%cl_10_34 
		 4: COPY def_%cl_10_35 
		 5: %self->current_user def_%cl_10_36 %self[2.0,] 
		 6: %cl_10_36->company def_%cl_10_37 %cl_10_36[4.5,] 
		 7: %cl_10_37->id def_%cl_10_38 %cl_10_37[4.6,] 
		 8: def_%cl_10_39 %cl_10_35[4.4,] %cl_10_38[4.7,] 
		 9: COPY def_%cl_10_40 %cl_10_39[4.8,] 
		 10: %self->tag def_%cl_10_41 %self[4.5,2.0,] %cl_10_34[4.3,] %cl_10_40[4.9,] 
		 11: 
BB 5
	outgoing: 6 
	datadep: 
	instructions:
		 0: COPY def_%cl_10_41 
BB 6
	outgoing: 7 9 
	datadep: 
	instructions:
		 0: 
		 1: COPY def_%cl_10_42 
		 2: %self->t def_%cl_10_43 %self[2.0,] %cl_10_42[6.1,] 
		 3: f->label def_%cl_10_44 f[] %cl_10_43[6.2,] 
		 4: 
		 5: f->file_field def_%cl_10_45 f[6.3,] 
		 6: 
		 7: COPY def_%cl_10_46 
		 8: %self->t def_%cl_10_47 %self[6.2,2.0,] %cl_10_46[6.7,] 
		 9: RETURN %cl_10_47[6.8,] %self[6.2,6.8,2.0,] 
BB 7
	outgoing: 9 
	datadep: 
	instructions:
		 0: def_%cl_10_48 
		 1: def_%cl_10_49 %cl_10_48[7.0,] 
		 2: RETURN %cl_10_49[7.1,] %self[2.0,] 
BB 9
	outgoing: 
	datadep: 
	instructions:
CLOSURE END
		 3: RETURN %cl_9_4[3.2,] %self[3.1,2.0,] 
BB 4
	outgoing: 6 
	datadep: 
	instructions:
		 0: def_%cl_9_5 
		 1: def_%cl_9_6 %cl_9_5[4.0,] 
		 2: RETURN %cl_9_6[4.1,] %self[2.0,] 
BB 6
	outgoing: 
	datadep: 
	instructions:
CLOSURE END
		 20: RETURN %cl_6_17[3.19,] %self[3.2,3.12,3.13,3.19,2.0,] 
BB 4
	outgoing: 6 
	datadep: 
	instructions:
		 0: def_%cl_6_18 
		 1: def_%cl_6_19 %cl_6_18[4.0,] 
		 2: RETURN %cl_6_19[4.1,] %self[2.0,] 
BB 6
	outgoing: 
	datadep: 
	instructions:
CLOSURE END
		 11: RETURN %v_39[7.10,] %self[7.1,7.9,2.0,] 
BB 9
	outgoing: 
	datadep: 
	instructions:

SET IRMethod, name = show_logo
BB 1
	outgoing: 6 2 
	datadep: 
	instructions:
BB 2
	outgoing: 3 4 
	datadep: 
	instructions:
		 0: def_%self 
		 1: def_%v_0 
		 2: COPY def_%current_scope 
		 3: COPY def_%current_module 
		 4: 
		 5: 
		 6: (Company) def_%v_3 
		 7: %self->params def_%v_4 %self[2.0,] 
		 8: def_%v_5 %v_4[2.7,] 
		 9: %v_3->find def_%v_6 %v_3[2.6,] %v_5[2.8,] 
		 10: COPY def_company %v_6[2.9,] 
		 11: 
		 12: %v_6->logo? def_%v_7 %v_6[2.9,] 
		 13: BRANCH %v_7[2.12,] 
BB 3
	outgoing: 6 
	datadep: 
	instructions:
		 0: 
		 1: company->logo_path def_%v_8 company[2.10,] 
		 2: COPY def_%v_9 
		 3: COPY def_%v_10 
		 4: company->logo_content_type def_%v_11 company[3.1,2.10,] 
		 5: COPY def_%v_12 %v_9[3.2,] %v_10[3.3,] %v_11[3.4,] 
		 6: %self->send_file def_%v_13 %self[2.0,] %v_8[3.1,] %v_12[3.5,] 
		 7: RETURN %v_13[3.6,] %self[3.6,2.0,] 
BB 4
	outgoing: 6 
	datadep: 
	instructions:
		 0: 
		 1: COPY def_%v_14 
		 2: %self->render def_%v_15 %self[2.0,] %v_14[4.1,] 
		 3: RETURN %v_15[4.2,] %self[4.2,2.0,] 
BB 6
	outgoing: 
	datadep: 
	instructions:

SET IRMethod, name = properties
BB 1
	outgoing: 3 2 
	datadep: 
	instructions:
BB 2
	outgoing: 3 
	datadep: 
	instructions:
		 0: def_%self 
		 1: def_%v_0 
		 2: COPY def_%current_scope 
		 3: COPY def_%current_module 
		 4: 
		 5: 
		 6: %self->current_user def_%v_3 %self[2.0,] 
		 7: %v_3->company def_%v_4 %v_3[2.6,] 
		 8: %v_4->properties def_%v_5 %v_4[2.7,] 
		 9: ATTRASSIGN %self->@properties %self[2.0,2.6,] %v_5[2.8,] 
		 10: 
		 11: def_%v_6 %self[2.0,2.6,] 
		 12: COPY def_%v_7 %v_6[2.11,] 
		 13: %self->render def_%v_8 %self[2.0,2.6,] %v_7[2.12,] 
		 14: RETURN %v_8[2.13,] %self[2.0,2.6,2.13,] 
BB 3
	outgoing: 
	datadep: 
	instructions:

