SET IRMethod, name = index
BB 1
	outgoing: 3 2 
	datadep: 
	instructions:
BB 2
	outgoing: 3 
	datadep: 
	instructions:
		 0: def_%self 
		 1: def_%v_0 
		 2: COPY def_%current_scope 
		 3: COPY def_%current_module 
		 4: 
		 5: 
		 6: %self->current_templates def_%v_3 %self[2.0,] 
		 7: ATTRASSIGN %self->task_templates %v_3[2.6,] 
		 8: 
		 9: COPY def_%v_4 
		 10: COPY def_%v_5 %v_4[2.9,] 
		 11: %self->render def_%v_6 %self[2.0,2.6,2.7,] %v_5[2.10,] 
		 12: RETURN %v_6[2.11,] %self[2.0,2.6,2.7,2.11,] 
BB 3
	outgoing: 
	datadep: 
	instructions:

SET IRMethod, name = update
BB 1
	outgoing: 11 2 
	datadep: 
	instructions:
BB 2
	outgoing: 3 7 
	datadep: 
	instructions:
		 0: def_%self 
		 1: def_%v_0 
		 2: COPY def_%current_scope 
		 3: COPY def_%current_module 
		 4: 
		 5: 
		 6: %self->current_templates def_%v_3 %self[2.0,] 
		 7: %self->params def_%v_4 %self[2.0,2.6,] 
		 8: def_%v_5 %v_4[2.7,] 
		 9: %v_3->find_by_id def_%v_6 %v_3[2.6,] %v_5[2.8,] 
		 10: ATTRASSIGN %self->task %v_6[2.9,] 
		 11: 
		 12: GETFIELD %self->task def_%v_7 %self[2.0,2.6,2.7,2.10,] 
		 13: %v_7->nil? def_%v_8 %v_7[2.12,] 
		 14: BRANCH %v_8[2.13,] 
BB 3
	outgoing: 4 6 
	datadep: 
	instructions:
		 0: 
		 1: %self->flash def_%v_9 %self[2.0,2.10,] 
		 2: COPY def_%v_10 
		 3: (Template) def_%v_11 
		 4: %v_11->model_name def_%v_12 %v_11[3.3,] 
		 5: %v_12->human def_%v_13 %v_12[3.4,] 
		 6: COPY def_%v_14 %v_13[3.5,] 
		 7: %self->t def_%v_15 %self[3.1,2.0,2.10,] %v_10[3.2,] %v_14[3.6,] 
		 8: ATTRASSIGN %v_9->[] %v_15[3.7,] 
		 9: 
		 10: %self->redirect_from_last def_%v_16 %self[3.1,3.7,2.0,2.10,] 
		 11: BRANCH %v_16[3.10,] 
BB 4
	outgoing: 11 
	datadep: 
	instructions:
		 0: RETURN %self[2.0,2.10,] 
BB 6
	outgoing: 8 
	datadep: 
	instructions:
		 0: 
BB 7
	outgoing: 8 
	datadep: 
	instructions:
		 0: COPY def_%v_16 
BB 8
	outgoing: 9 10 
	datadep: 
	instructions:
		 0: 
		 1: GETFIELD %self->task def_%v_17 %self[2.0,2.10,] 
		 2: %self->params def_%v_18 %self[2.0,2.10,] 
		 3: %self->current_user def_%v_19 %self[8.2,2.0,2.10,] 
		 4: %v_17->send def_%v_20 %v_17[8.1,] %v_18[8.2,] %v_19[8.3,] 
		 5: 
		 6: %self->flash def_%v_21 %self[8.2,8.3,2.0,2.10,] 
		 7: def_%v_22 %v_21[8.6,] 
		 8: BRANCH %v_22[8.7,] 
BB 9
	outgoing: 10 
	datadep: 
	instructions:
		 0: GETFIELD %self->task def_%v_23 %self[2.0,2.10,] 
		 1: %self->link_to_task def_%v_24 %self[2.0,2.10,] %v_23[9.0,] 
		 2: COPY def_%v_25 
		 3: COPY def_%v_26 
		 4: (Template) def_%v_27 
		 5: %v_27->model_name def_%v_28 %v_27[9.4,] 
		 6: %v_28->human def_%v_29 %v_28[9.5,] 
		 7: COPY def_%v_30 %v_29[9.6,] 
		 8: %self->t def_%v_31 %self[9.1,2.0,2.10,] %v_26[9.3,] %v_30[9.7,] 
		 9: def_%v_32 %v_25[9.2,] %v_31[9.8,] 
		 10: def_%v_33 %v_24[9.1,] %v_32[9.9,] 
		 11: def_%v_22 %v_21[8.6,] %v_33[9.10,] 
		 12: COPY def_%v_22 %v_33[9.10,] 
BB 10
	outgoing: 11 
	datadep: 
	instructions:
		 0: 
		 1: COPY def_%v_34 
		 2: GETFIELD %self->task def_%v_35 %self[2.0,2.10,] 
		 3: %v_35->task_num def_%v_36 %v_35[10.2,] 
		 4: COPY def_%v_37 %v_34[10.1,] %v_36[10.3,] 
		 5: %self->redirect_to def_%v_38 %self[2.0,2.10,] %v_37[10.4,] 
		 6: RETURN %v_38[10.5,] %self[10.5,2.0,2.10,] 
BB 11
	outgoing: 
	datadep: 
	instructions:

SET IRMethod, name = destroy
BB 1
	outgoing: 3 2 
	datadep: 
	instructions:
BB 2
	outgoing: 3 
	datadep: 
	instructions:
		 0: def_%self 
		 1: def_%v_0 
		 2: COPY def_%current_scope 
		 3: COPY def_%current_module 
		 4: 
		 5: 
		 6: %self->current_templates def_%v_3 %self[2.0,] 
		 7: %v_3->detect def_%v_4 %v_3[2.6,] %self[2.0,2.6,] 
CLOSURE BEGIN: template[] %self[2.0,2.6,] 
BB 1
	outgoing: 6 2 
	datadep: 
	instructions:
BB 2
	outgoing: 3 
	datadep: 
	instructions:
		 0: def_%self 
		 1: def_%cl_1_0 
		 2: RECEIVEARG def_template 
		 3: COPY def_%current_scope 
		 4: COPY def_%current_module 
BB 3
	outgoing: 4 6 
	datadep: 
	instructions:
		 0: 
		 1: template->id def_%cl_1_3 template[2.2,] 
		 2: %self->params def_%cl_1_4 %self[2.0,] 
		 3: def_%cl_1_5 %cl_1_4[3.2,] 
		 4: %cl_1_5->to_i def_%cl_1_6 %cl_1_5[3.3,] 
		 5: %cl_1_3->== def_%cl_1_7 %cl_1_3[3.1,] %cl_1_6[3.4,] 
		 6: RETURN %cl_1_7[3.5,] %self[3.2,2.0,] 
BB 4
	outgoing: 6 
	datadep: 
	instructions:
		 0: def_%cl_1_8 
		 1: def_%cl_1_9 %cl_1_8[4.0,] 
		 2: RETURN %cl_1_9[4.1,] %self[2.0,] 
BB 6
	outgoing: 
	datadep: 
	instructions:
CLOSURE END
		 8: ATTRASSIGN %self->task_template %v_4[2.7,] 
		 9: 
		 10: GETFIELD %self->task_template def_%v_5 %self[2.0,2.6,2.8,] 
		 11: %v_5->destroy def_%v_6 %v_5[2.10,] 
		 12: 
		 13: %self->flash def_%v_7 %self[2.0,2.6,2.8,] 
		 14: COPY def_%v_8 
		 15: (Template) def_%v_9 
		 16: %v_9->model_name def_%v_10 %v_9[2.15,] 
		 17: %v_10->human def_%v_11 %v_10[2.16,] 
		 18: COPY def_%v_12 %v_11[2.17,] 
		 19: %self->t def_%v_13 %self[2.0,2.6,2.8,2.13,] %v_8[2.14,] %v_12[2.18,] 
		 20: ATTRASSIGN %v_7->[] %v_13[2.19,] 
		 21: 
		 22: %self->task_templates_path def_%v_14 %self[2.0,2.6,2.8,2.13,2.19,] 
		 23: %self->redirect_to def_%v_15 %self[2.0,2.6,2.8,2.13,2.19,2.22,] %v_14[2.22,] 
		 24: RETURN %v_15[2.23,] %self[2.0,2.6,2.8,2.13,2.19,2.22,2.23,] 
BB 3
	outgoing: 
	datadep: 
	instructions:

SET IRMethod, name = reorder
BB 1
	outgoing: 3 2 
	datadep: 
	instructions:
BB 2
	outgoing: 3 
	datadep: 
	instructions:
		 0: def_%self 
		 1: def_%v_0 
		 2: COPY def_%current_scope 
		 3: COPY def_%current_module 
		 4: 
		 5: 
		 6: %self->params def_%v_3 %self[2.0,] 
		 7: def_%v_4 %v_3[2.6,] 
		 8: %v_4->values def_%v_5 %v_4[2.7,] 
		 9: %v_5->each def_%v_6 %v_5[2.8,] %self[2.0,2.6,] 
CLOSURE BEGIN: template[] t[] 
BB 1
	outgoing: 6 2 
	datadep: 
	instructions:
BB 2
	outgoing: 3 
	datadep: 
	instructions:
		 0: def_%self 
		 1: def_%cl_1_0 
		 2: RECEIVEARG def_template 
		 3: COPY def_%current_scope 
		 4: COPY def_%current_module 
BB 3
	outgoing: 4 6 
	datadep: 
	instructions:
		 0: 
		 1: (AbstractTask) def_%cl_1_3 
		 2: def_%cl_1_4 template[2.2,] 
		 3: %cl_1_3->find def_%cl_1_5 %cl_1_3[3.1,] %cl_1_4[3.2,] 
		 4: COPY def_t %cl_1_5[3.3,] 
		 5: 
		 6: def_%cl_1_6 template[2.2,] 
		 7: ATTRASSIGN t->position_task_template %cl_1_6[3.6,] 
		 8: 
		 9: t->save! def_%cl_1_7 t[3.4,3.7,] 
		 10: RETURN %cl_1_7[3.9,] %self[2.0,] 
BB 4
	outgoing: 6 
	datadep: 
	instructions:
		 0: def_%cl_1_8 
		 1: def_%cl_1_9 %cl_1_8[4.0,] 
		 2: RETURN %cl_1_9[4.1,] %self[2.0,] 
BB 6
	outgoing: 
	datadep: 
	instructions:
CLOSURE END
		 10: 
		 11: COPY def_%v_7 
		 12: %self->render def_%v_8 %self[2.0,2.6,] %v_7[2.11,] 
		 13: RETURN %v_8[2.12,] %self[2.0,2.6,2.12,] 
BB 3
	outgoing: 
	datadep: 
	instructions:

SET IRMethod, name = create_entity
BB 1
	outgoing: 3 2 
	datadep: 
	instructions:
BB 2
	outgoing: 3 
	datadep: 
	instructions:
		 0: def_%self 
		 1: def_%v_0 
		 2: COPY def_%current_scope 
		 3: COPY def_%current_module 
		 4: 
		 5: 
		 6: (Template) def_%v_3 
		 7: %self->current_user def_%v_4 %self[2.0,] 
		 8: %v_4->company def_%v_5 %v_4[2.7,] 
		 9: COPY def_%v_6 %v_5[2.8,] 
		 10: %v_3->new def_%v_7 %v_3[2.6,] %v_6[2.9,] 
		 11: RETURN %v_7[2.10,] %self[2.0,2.7,] 
BB 3
	outgoing: 
	datadep: 
	instructions:

