SET IRMethod, name = search
BB 1
	outgoing: 14 2 
	datadep: 
	instructions:
BB 2
	outgoing: 3 4 
	datadep: 
	instructions:
		 0: def_%self 
		 1: def_%v_0 
		 2: COPY def_%current_scope 
		 3: COPY def_%current_module 
		 4: 
		 5: 
		 6: %self->params def_%v_3 %self[2.0,] 
		 7: def_%v_4 %v_3[2.6,] 
		 8: ATTRASSIGN %self->@filter %self[2.0,2.6,] %v_4[2.7,] 
		 9: 
		 10: def_%v_5 %self[2.0,2.6,2.8,] 
		 11: %v_5->blank? def_%v_6 %v_5[2.10,] 
		 12: BRANCH %v_6[2.11,] 
BB 3
	outgoing: 14 
	datadep: 
	instructions:
		 0: 
		 1: COPY def_%v_7 
		 2: %self->render def_%v_8 %self[2.0,2.8,] %v_7[3.1,] 
		 3: 
		 4: RETURN %self[3.2,2.0,2.8,] 
BB 4
	outgoing: 6 7 
	datadep: 
	instructions:
		 0: COPY def_%v_9 
		 1: 
		 2: def_%v_10 %self[2.0,2.8,] 
		 3: %v_10->downcase def_%v_11 %v_10[4.2,] 
		 4: ATTRASSIGN %self->@filter %self[2.0,2.8,] %v_11[4.3,] 
		 5: 
		 6: COPY def_limit 
		 7: 
		 8: %self->current_user def_%v_12 %self[4.4,2.0,2.8,] 
		 9: %v_12->company def_%v_13 %v_12[4.8,] 
		 10: COPY def_company %v_13[4.9,] 
		 11: 
		 12: COPY def_%v_14 
		 13: ATTRASSIGN %self->@to_list %self[4.4,4.8,2.0,2.8,] %v_14[4.12,] 
		 14: 
		 15: def_%v_15 %self[4.4,4.8,4.13,2.0,2.8,] 
		 16: (Customer) def_%v_16 
		 17: %v_16->model_name def_%v_17 %v_16[4.16,] 
		 18: COPY def_%v_18 
		 19: %v_17->human def_%v_19 %v_17[4.17,] %v_18[4.18,] 
		 20: (Customer) def_%v_20 
		 21: COPY def_%v_21 
		 22: %self->name_conds def_%v_22 %self[4.4,4.8,4.13,2.0,2.8,] %v_21[4.21,] 
		 23: %v_20->where def_%v_23 %v_20[4.20,] %v_22[4.22,] 
		 24: %v_23->limit def_%v_24 %v_23[4.23,] limit[4.6,] 
		 25: COPY def_%v_25 %v_19[4.19,] %v_24[4.24,] 
		 26: def_%v_26 %v_15[4.15,] %v_25[4.25,] 
		 27: 
		 28: def_%v_27 %self[4.4,4.8,4.13,4.22,2.0,2.8,] 
		 29: (Project) def_%v_28 
		 30: %v_28->model_name def_%v_29 %v_28[4.29,] 
		 31: COPY def_%v_30 
		 32: %v_29->human def_%v_31 %v_29[4.30,] %v_30[4.31,] 
		 33: %self->current_user def_%v_32 %self[4.4,4.8,4.13,4.22,2.0,2.8,] 
		 34: %v_32->projects def_%v_33 %v_32[4.33,] 
		 35: %self->name_conds def_%v_34 %self[4.4,4.8,4.13,4.22,4.33,2.0,2.8,] 
		 36: %v_33->where def_%v_35 %v_33[4.34,] %v_34[4.35,] 
		 37: %v_35->limit def_%v_36 %v_35[4.36,] limit[4.6,] 
		 38: COPY def_%v_37 %v_31[4.32,] %v_36[4.37,] 
		 39: def_%v_38 %v_27[4.28,] %v_37[4.38,] 
		 40: 
		 41: def_%v_39 %self[4.4,4.8,4.13,4.22,4.33,4.35,2.0,2.8,] 
		 42: (User) def_%v_40 
		 43: %v_40->model_name def_%v_41 %v_40[4.42,] 
		 44: COPY def_%v_42 
		 45: %v_41->human def_%v_43 %v_41[4.43,] %v_42[4.44,] 
		 46: company->users def_%v_44 company[4.10,] 
		 47: %self->name_conds def_%v_45 %self[4.4,4.8,4.13,4.22,4.33,4.35,2.0,2.8,] 
		 48: %v_44->where def_%v_46 %v_44[4.46,] %v_45[4.47,] 
		 49: %v_46->limit def_%v_47 %v_46[4.48,] limit[4.6,] 
		 50: COPY def_%v_48 %v_43[4.45,] %v_47[4.49,] 
		 51: def_%v_49 %v_39[4.41,] %v_48[4.50,] 
		 52: 
		 53: def_%v_50 %self[4.4,4.8,4.13,4.22,4.33,4.35,4.47,2.0,2.8,] 
		 54: (Milestone) def_%v_51 
		 55: %v_51->model_name def_%v_52 %v_51[4.54,] 
		 56: COPY def_%v_53 
		 57: %v_52->human def_%v_54 %v_52[4.55,] %v_53[4.56,] 
		 58: %self->current_user def_%v_55 %self[4.4,4.8,4.13,4.22,4.33,4.35,4.47,2.0,2.8,] 
		 59: %v_55->milestones def_%v_56 %v_55[4.58,] 
		 60: COPY def_%v_57 
		 61: %v_56->where def_%v_58 %v_56[4.59,] %v_57[4.60,] 
		 62: COPY def_%v_59 
		 63: %self->name_conds def_%v_60 %self[4.4,4.8,4.13,4.22,4.33,4.35,4.47,4.58,2.0,2.8,] %v_59[4.62,] 
		 64: %v_58->where def_%v_61 %v_58[4.61,] %v_60[4.63,] 
		 65: %v_61->limit def_%v_62 %v_61[4.64,] limit[4.6,] 
		 66: COPY def_%v_63 %v_54[4.57,] %v_62[4.65,] 
		 67: def_%v_64 %v_50[4.53,] %v_63[4.66,] 
		 68: 
		 69: def_%v_65 %self[4.4,4.8,4.13,4.22,4.33,4.35,4.47,4.58,4.63,2.0,2.8,] 
		 70: (Tag) def_%v_66 
		 71: %v_66->model_name def_%v_67 %v_66[4.70,] 
		 72: COPY def_%v_68 
		 73: %v_67->human def_%v_69 %v_67[4.71,] %v_68[4.72,] 
		 74: company->tags def_%v_70 company[4.10,4.46,] 
		 75: %self->name_conds def_%v_71 %self[4.4,4.8,4.13,4.22,4.33,4.35,4.47,4.58,4.63,2.0,2.8,] 
		 76: %v_70->where def_%v_72 %v_70[4.74,] %v_71[4.75,] 
		 77: %v_72->limit def_%v_73 %v_72[4.76,] limit[4.6,] 
		 78: COPY def_%v_74 %v_69[4.73,] %v_73[4.77,] 
		 79: def_%v_75 %v_65[4.69,] %v_74[4.78,] 
		 80: 
		 81: def_%v_76 %self[4.4,4.8,4.13,4.22,4.33,4.35,4.47,4.58,4.63,4.75,2.0,2.8,] 
		 82: COPY def_%v_77 
		 83: %self->t def_%v_78 %self[4.4,4.8,4.13,4.22,4.33,4.35,4.47,4.58,4.63,4.75,2.0,2.8,] %v_77[4.82,] 
		 84: company->statuses def_%v_79 company[4.10,4.46,4.74,] 
		 85: %self->name_conds def_%v_80 %self[4.4,4.8,4.13,4.22,4.33,4.35,4.47,4.58,4.63,4.75,4.83,2.0,2.8,] 
		 86: %v_79->where def_%v_81 %v_79[4.84,] %v_80[4.85,] 
		 87: %v_81->limit def_%v_82 %v_81[4.86,] limit[4.6,] 
		 88: COPY def_%v_83 %v_78[4.83,] %v_82[4.87,] 
		 89: def_%v_84 %v_76[4.81,] %v_83[4.88,] 
		 90: 
		 91: company->properties def_%v_85 company[4.10,4.46,4.74,4.84,] 
		 92: %v_85->each def_%v_86 %v_85[4.91,] %self[4.4,4.8,4.13,4.22,4.33,4.35,4.47,4.58,4.63,4.75,4.83,4.85,2.0,2.8,] 
CLOSURE BEGIN: property[] %self[4.4,4.8,4.13,4.22,4.33,4.35,4.47,4.58,4.63,4.75,4.83,4.85,2.0,2.8,] values[] 
BB 1
	outgoing: 9 2 
	datadep: 
	instructions:
BB 2
	outgoing: 3 
	datadep: 
	instructions:
		 0: def_%self 
		 1: def_%cl_1_0 
		 2: RECEIVEARG def_property 
		 3: COPY def_%current_scope 
		 4: COPY def_%current_module 
BB 3
	outgoing: 4 5 7 
	datadep: 
	instructions:
		 0: 
		 1: property->property_values def_%cl_1_3 property[2.2,] 
		 2: COPY def_%cl_1_4 
		 3: def_%cl_1_5 %self[2.0,] 
		 4: COPY def_%cl_1_6 
		 5: def_%cl_1_7 %cl_1_5[3.3,] %cl_1_6[3.4,] 
		 6: %cl_1_3->where def_%cl_1_8 %cl_1_3[3.1,] %cl_1_4[3.2,] %cl_1_7[3.5,] 
		 7: COPY def_values %cl_1_8[3.6,] 
		 8: 
		 9: %cl_1_8->any? def_%cl_1_9 %cl_1_8[3.6,] 
		 10: BRANCH %cl_1_9[3.9,] 
BB 4
	outgoing: 6 7 
	datadep: 
	instructions:
		 0: def_%cl_1_10 %self[2.0,] 
		 1: COPY def_%cl_1_11 property[2.2,] values[3.7,] 
		 2: def_%cl_1_12 %cl_1_10[4.0,] %cl_1_11[4.1,] 
		 3: 
BB 5
	outgoing: 9 
	datadep: 
	instructions:
		 0: RETURN %self[2.0,] 
BB 6
	outgoing: 9 
	datadep: 
	instructions:
		 0: RETURN %cl_1_12[4.2,] %self[2.0,] 
BB 7
	outgoing: 9 
	datadep: 
	instructions:
		 0: def_%cl_1_13 
		 1: def_%cl_1_14 %cl_1_13[7.0,] 
		 2: RETURN %cl_1_14[7.1,] %self[2.0,] 
BB 9
	outgoing: 
	datadep: 
	instructions:
CLOSURE END
		 93: 
		 94: COPY def_%v_87 
		 95: ATTRASSIGN %self->@date_columns %self[4.4,4.8,4.13,4.22,4.33,4.35,4.47,4.58,4.63,4.75,4.83,4.85,2.0,2.8,] %v_87[4.94,] 
		 96: 
		 97: COPY def_%v_88 
		 98: %v_88->each def_%v_89 %v_88[4.97,] %self[4.4,4.8,4.13,4.22,4.33,4.35,4.47,4.58,4.63,4.75,4.83,4.85,4.95,2.0,2.8,] 
CLOSURE BEGIN: %self[4.4,4.8,4.13,4.22,4.33,4.35,4.47,4.58,4.63,4.75,4.83,4.85,4.95,2.0,2.8,] limit[4.6,] column[] all_matches[] selected_matches[] 
BB 1
	outgoing: 9 2 
	datadep: 
	instructions:
BB 2
	outgoing: 3 
	datadep: 
	instructions:
		 0: def_%self 
		 1: def_%cl_2_0 
		 2: RECEIVEARG def_column 
		 3: COPY def_%current_scope 
		 4: COPY def_%current_module 
BB 3
	outgoing: 4 5 7 
	datadep: 
	instructions:
		 0: 
		 1: (TimeRange) def_%cl_2_3 
		 2: %self->name_conds def_%cl_2_4 %self[2.0,] 
		 3: %cl_2_3->where def_%cl_2_5 %cl_2_3[3.1,] %cl_2_4[3.2,] 
		 4: %cl_2_5->limit def_%cl_2_6 %cl_2_5[3.3,] limit[] 
		 5: COPY def_all_matches %cl_2_6[3.4,] 
		 6: 
		 7: COPY def_%cl_2_7 
		 8: COPY def_selected_matches %cl_2_7[3.7,] 
		 9: 
		 10: column->to_s def_%cl_2_8 column[2.2,] 
		 11: COPY def_%cl_2_9 
		 12: ATTRASSIGN %cl_2_8->! def_%cl_2_10 %cl_2_8[3.10,] %cl_2_9[3.11,] 
		 13: BRANCH %cl_2_10[3.12,] 
BB 4
	outgoing: 6 7 
	datadep: 
	instructions:
		 0: 
		 1: all_matches->each def_%cl_2_11 all_matches[3.5,] %self[2.0,] 
CLOSURE BEGIN: m[] selected_matches[3.8,] 
BB 1
	outgoing: 9 2 
	datadep: 
	instructions:
BB 2
	outgoing: 3 
	datadep: 
	instructions:
		 0: def_%self 
		 1: def_%cl_3_0 
		 2: RECEIVEARG def_m 
		 3: COPY def_%current_scope 
		 4: COPY def_%current_module 
BB 3
	outgoing: 4 5 7 
	datadep: 
	instructions:
		 0: 
		 1: (TimeRange) def_%cl_3_3 
		 2: m->name def_%cl_3_4 m[2.2,] 
		 3: %cl_3_3->keyword_in_future? def_%cl_3_5 %cl_3_3[3.1,] %cl_3_4[3.2,] 
		 4: BRANCH %cl_3_5[3.3,] 
BB 4
	outgoing: 9 
	datadep: 
	instructions:
		 0: COPY def_%cl_3_6 
		 1: RETURN %cl_3_6[4.0,] %self[2.0,] 
BB 5
	outgoing: 7 9 
	datadep: 
	instructions:
		 0: 
		 1: def_%cl_3_7 selected_matches[] m[2.2,] 
		 2: RETURN %cl_3_7[5.1,] %self[2.0,] 
BB 7
	outgoing: 9 
	datadep: 
	instructions:
		 0: def_%cl_3_8 
		 1: def_%cl_3_9 %cl_3_8[7.0,] 
		 2: RETURN %cl_3_9[7.1,] %self[2.0,] 
BB 9
	outgoing: 
	datadep: 
	instructions:
CLOSURE END
		 2: 
BB 5
	outgoing: 6 
	datadep: 
	instructions:
		 0: 
		 1: COPY def_selected_matches all_matches[3.5,] 
		 2: COPY def_%cl_2_11 all_matches[3.5,] 
BB 6
	outgoing: 7 9 
	datadep: 
	instructions:
		 0: 
		 1: def_%cl_2_12 %self[2.0,] 
		 2: COPY def_%cl_2_13 column[2.2,] selected_matches[5.1,3.8,] 
		 3: def_%cl_2_14 %cl_2_12[6.1,] %cl_2_13[6.2,] 
		 4: RETURN %cl_2_14[6.3,] %self[2.0,] 
BB 7
	outgoing: 9 
	datadep: 
	instructions:
		 0: def_%cl_2_15 
		 1: def_%cl_2_16 %cl_2_15[7.0,] 
		 2: RETURN %cl_2_16[7.1,] %self[2.0,] 
BB 9
	outgoing: 
	datadep: 
	instructions:
CLOSURE END
		 99: 
		 100: def_%v_90 %self[4.4,4.8,4.13,4.22,4.33,4.35,4.47,4.58,4.63,4.75,4.83,4.85,4.95,2.0,2.8,] 
		 101: COPY def_%v_91 
		 102: %v_90->index def_%v_92 %v_90[4.100,] %v_91[4.101,] 
		 103: ATTRASSIGN %self->@unread_only %self[4.4,4.8,4.13,4.22,4.33,4.35,4.47,4.58,4.63,4.75,4.83,4.85,4.95,2.0,2.8,] %v_92[4.102,] 
		 104: 
		 105: COPY def_%v_93 
		 106: COPY def_array %v_93[4.105,] 
		 107: 
		 108: def_%v_94 %self[4.4,4.8,4.13,4.22,4.33,4.35,4.47,4.58,4.63,4.75,4.83,4.85,4.95,4.103,2.0,2.8,] 
		 109: %v_94->each def_%v_95 %v_94[4.108,] %self[4.4,4.8,4.13,4.22,4.33,4.35,4.47,4.58,4.63,4.75,4.83,4.85,4.95,4.103,2.0,2.8,] 
CLOSURE BEGIN: values[] %self[4.4,4.8,4.13,4.22,4.33,4.35,4.47,4.58,4.63,4.75,4.83,4.85,4.95,4.103,2.0,2.8,] 
BB 1
	outgoing: 11 2 
	datadep: 
	instructions:
BB 2
	outgoing: 4 5 
	datadep: 
	instructions:
		 0: def_%self 
		 1: def_%cl_4_0 
		 2: RECEIVEARG def_name 
		 3: RECEIVEARG def_values 
		 4: COPY def_%current_scope 
		 5: COPY def_%current_module 
		 6: 
		 7: COPY def_%cl_4_3 values[2.3,] 
		 8: BRANCH values[2.3,] 
BB 4
	outgoing: 5 9 
	datadep: 
	instructions:
		 0: values->any? def_%cl_4_4 values[2.3,] 
		 1: COPY def_%cl_4_3 %cl_4_4[4.0,] 
BB 5
	outgoing: 6 7 
	datadep: 
	instructions:
		 0: BRANCH %cl_4_3[4.1,2.7,] 
BB 6
	outgoing: 8 9 
	datadep: 
	instructions:
		 0: 
		 1: values->each def_%cl_4_5 values[2.3,] %self[2.0,] 
CLOSURE BEGIN: v[] name[2.2,] array[] 
BB 1
	outgoing: 6 2 
	datadep: 
	instructions:
BB 2
	outgoing: 3 
	datadep: 
	instructions:
		 0: def_%self 
		 1: def_%cl_5_0 
		 2: RECEIVEARG def_v 
		 3: COPY def_%current_scope 
		 4: COPY def_%current_module 
BB 3
	outgoing: 4 6 
	datadep: 
	instructions:
		 0: 
		 1: COPY def_%cl_5_3 
		 2: v->id def_%cl_5_4 v[2.2,] 
		 3: COPY def_%cl_5_5 
		 4: v->class def_%cl_5_6 v[3.2,2.2,] 
		 5: %cl_5_6->name def_%cl_5_7 %cl_5_6[3.4,] 
		 6: COPY def_%cl_5_8 
		 7: v->to_s def_%cl_5_9 v[3.2,3.4,2.2,] 
		 8: name->to_s def_%cl_5_10 name[] 
		 9: COPY def_%cl_5_11 %cl_5_3[3.1,] %cl_5_4[3.2,] %cl_5_5[3.3,] %cl_5_7[3.5,] %cl_5_8[3.6,] %cl_5_9[3.7,] %cl_5_10[3.8,] 
		 10: def_%cl_5_12 array[] %cl_5_11[3.9,] 
		 11: RETURN %cl_5_12[3.10,] %self[2.0,] 
BB 4
	outgoing: 6 
	datadep: 
	instructions:
		 0: def_%cl_5_13 
		 1: def_%cl_5_14 %cl_5_13[4.0,] 
		 2: RETURN %cl_5_14[4.1,] %self[2.0,] 
BB 6
	outgoing: 
	datadep: 
	instructions:
CLOSURE END
		 2: 
BB 7
	outgoing: 11 
	datadep: 
	instructions:
		 0: RETURN %self[2.0,] 
BB 8
	outgoing: 11 
	datadep: 
	instructions:
		 0: RETURN %cl_4_5[6.1,] %self[2.0,] 
BB 9
	outgoing: 11 
	datadep: 
	instructions:
		 0: def_%cl_4_6 
		 1: def_%cl_4_7 %cl_4_6[9.0,] 
		 2: RETURN %cl_4_7[9.1,] %self[2.0,] 
BB 11
	outgoing: 
	datadep: 
	instructions:
CLOSURE END
		 110: 
		 111: def_%v_96 %self[4.4,4.8,4.13,4.22,4.33,4.35,4.47,4.58,4.63,4.75,4.83,4.85,4.95,4.103,2.0,2.8,] 
		 112: BRANCH %v_96[4.111,] 
BB 6
	outgoing: 7 
	datadep: 
	instructions:
		 0: COPY def_%v_97 
		 1: COPY def_%v_96 %v_97[6.0,] 
BB 7
	outgoing: 8 9 
	datadep: 
	instructions:
		 0: %v_96->each def_%v_98 %v_96[6.1,4.111,] %self[4.4,4.13,4.95,4.103,2.0,2.8,] 
CLOSURE BEGIN: matches[] %self[4.4,4.13,4.95,4.103,2.0,2.8,] 
BB 1
	outgoing: 9 2 
	datadep: 
	instructions:
BB 2
	outgoing: 3 
	datadep: 
	instructions:
		 0: def_%self 
		 1: def_%cl_6_0 
		 2: RECEIVEARG def_column 
		 3: RECEIVEARG def_matches 
		 4: COPY def_%current_scope 
		 5: COPY def_%current_module 
BB 3
	outgoing: 4 5 7 
	datadep: 
	instructions:
		 0: 
		 1: matches->empty? def_%cl_6_3 matches[2.3,] 
		 2: BRANCH %cl_6_3[3.1,] 
BB 4
	outgoing: 7 9 
	datadep: 
	instructions:
		 0: 
		 1: RETURN %self[2.0,] 
BB 5
	outgoing: 6 
	datadep: 
	instructions:
		 0: COPY def_%cl_6_4 
BB 6
	outgoing: 7 9 
	datadep: 
	instructions:
		 0: 
		 1: matches->each def_%cl_6_5 matches[2.3,] %self[2.0,] 
CLOSURE BEGIN: m[] column[2.2,] array[] 
BB 1
	outgoing: 6 2 
	datadep: 
	instructions:
BB 2
	outgoing: 3 
	datadep: 
	instructions:
		 0: def_%self 
		 1: def_%cl_7_0 
		 2: RECEIVEARG def_m 
		 3: COPY def_%current_scope 
		 4: COPY def_%current_module 
BB 3
	outgoing: 4 6 
	datadep: 
	instructions:
		 0: 
		 1: COPY def_%cl_7_3 
		 2: m->id def_%cl_7_4 m[2.2,] 
		 3: COPY def_%cl_7_5 
		 4: m->class def_%cl_7_6 m[3.2,2.2,] 
		 5: %cl_7_6->name def_%cl_7_7 %cl_7_6[3.4,] 
		 6: COPY def_%cl_7_8 
		 7: column->to_s def_%cl_7_9 column[] 
		 8: COPY def_%cl_7_10 
		 9: m->name def_%cl_7_11 m[3.2,3.4,2.2,] 
		 10: %cl_7_11->to_s def_%cl_7_12 %cl_7_11[3.9,] 
		 11: column->to_s def_%cl_7_13 column[3.7,] 
		 12: COPY def_%cl_7_14 
		 13: COPY def_%cl_7_15 
		 14: %cl_7_13->gsub def_%cl_7_16 %cl_7_13[3.11,] %cl_7_14[3.12,] %cl_7_15[3.13,] 
		 15: %cl_7_16->humanize def_%cl_7_17 %cl_7_16[3.14,] 
		 16: COPY def_%cl_7_18 %cl_7_3[3.1,] %cl_7_4[3.2,] %cl_7_5[3.3,] %cl_7_7[3.5,] %cl_7_8[3.6,] %cl_7_9[3.7,] %cl_7_10[3.8,] %cl_7_12[3.10,] %cl_7_17[3.15,] 
		 17: def_%cl_7_19 array[] %cl_7_18[3.16,] 
		 18: RETURN %cl_7_19[3.17,] %self[2.0,] 
BB 4
	outgoing: 6 
	datadep: 
	instructions:
		 0: def_%cl_7_20 
		 1: def_%cl_7_21 %cl_7_20[4.0,] 
		 2: RETURN %cl_7_21[4.1,] %self[2.0,] 
BB 6
	outgoing: 
	datadep: 
	instructions:
CLOSURE END
		 2: RETURN %cl_6_5[6.1,] %self[2.0,] 
BB 7
	outgoing: 9 
	datadep: 
	instructions:
		 0: def_%cl_6_6 
		 1: def_%cl_6_7 %cl_6_6[7.0,] 
		 2: RETURN %cl_6_7[7.1,] %self[2.0,] 
BB 9
	outgoing: 
	datadep: 
	instructions:
CLOSURE END
		 1: 
		 2: def_%v_99 %self[4.4,4.13,4.95,4.103,2.0,2.8,] 
		 3: %v_99->blank? def_%v_100 %v_99[7.2,] 
		 4: %v_100->! def_%v_101 %v_100[7.3,] 
		 5: BRANCH %v_101[7.4,] 
BB 8
	outgoing: 10 
	datadep: 
	instructions:
		 0: 
		 1: COPY def_%v_102 
		 2: def_%v_103 %self[4.4,4.13,4.95,4.103,2.0,2.8,] 
		 3: def_%v_104 %self[4.4,4.13,4.95,4.103,2.0,2.8,] 
		 4: COPY def_%v_105 
		 5: COPY def_%v_106 
		 6: COPY def_%v_107 %v_102[8.1,] %v_103[8.2,] %v_104[8.3,] %v_105[8.4,] %v_106[8.5,] 
		 7: def_%v_108 array[4.106,] %v_107[8.6,] 
		 8: 
BB 9
	outgoing: 10 
	datadep: 
	instructions:
		 0: COPY def_%v_108 
BB 10
	outgoing: 11 12 
	datadep: 
	instructions:
		 0: 
		 1: 
		 2: def_%v_109 %self[4.4,4.13,4.95,4.103,2.0,2.8,] 
		 3: BRANCH %v_109[10.2,] 
BB 11
	outgoing: 13 
	datadep: 
	instructions:
		 0: 
		 1: COPY def_%v_110 
		 2: COPY def_%v_111 
		 3: COPY def_%v_112 
		 4: COPY def_%v_113 %v_110[11.1,] %v_111[11.2,] %v_112[11.3,] 
		 5: def_%v_114 array[4.106,] %v_113[11.4,] 
		 6: 
BB 12
	outgoing: 13 
	datadep: 
	instructions:
		 0: COPY def_%v_114 
BB 13
	outgoing: 14 
	datadep: 
	instructions:
		 0: 
		 1: array->to_json def_%v_115 array[4.106,] 
		 2: COPY def_%v_116 %v_115[13.1,] 
		 3: %self->render def_%v_117 %self[4.4,4.13,4.95,4.103,2.0,2.8,] %v_116[13.2,] 
		 4: RETURN %v_117[13.3,] %self[13.3,4.4,4.13,4.95,4.103,2.0,2.8,] 
BB 14
	outgoing: 
	datadep: 
	instructions:

SET IRMethod, name = new
BB 1
	outgoing: 3 2 
	datadep: 
	instructions:
BB 2
	outgoing: 3 
	datadep: 
	instructions:
		 0: def_%self 
		 1: def_%v_0 
		 2: COPY def_%current_scope 
		 3: COPY def_%current_module 
		 4: 
		 5: 
		 6: (TaskFilter) def_%v_3 
		 7: %self->current_user def_%v_4 %self[2.0,] 
		 8: COPY def_%v_5 %v_4[2.7,] 
		 9: %v_3->new def_%v_6 %v_3[2.6,] %v_5[2.8,] 
		 10: ATTRASSIGN %self->@filter %self[2.0,2.7,] %v_6[2.9,] 
		 11: 
		 12: COPY def_%v_7 
		 13: %self->render def_%v_8 %self[2.0,2.7,2.10,] %v_7[2.12,] 
		 14: RETURN %v_8[2.13,] %self[2.0,2.7,2.10,2.13,] 
BB 3
	outgoing: 
	datadep: 
	instructions:

SET IRMethod, name = create
BB 1
	outgoing: 9 2 
	datadep: 
	instructions:
BB 2
	outgoing: 3 4 
	datadep: 
	instructions:
		 0: def_%self 
		 1: def_%v_0 
		 2: COPY def_%current_scope 
		 3: COPY def_%current_module 
		 4: 
		 5: 
		 6: %self->params def_%v_3 %self[2.0,] 
		 7: def_%v_4 %v_3[2.6,] 
		 8: BRANCH %v_4[2.7,] 
BB 3
	outgoing: 8 
	datadep: 
	instructions:
		 0: 
		 1: %self->current_user def_%v_5 %self[2.0,] 
		 2: %v_5->company def_%v_6 %v_5[3.1,] 
		 3: %v_6->task_filters def_%v_7 %v_6[3.2,] 
		 4: %self->params def_%v_8 %self[3.1,2.0,] 
		 5: def_%v_9 %v_8[3.4,] 
		 6: %v_7->find def_%v_10 %v_7[3.3,] %v_9[3.5,] 
		 7: ATTRASSIGN %self->@filter %self[3.1,3.4,2.0,] %v_10[3.6,] 
		 8: 
		 9: def_%v_11 %self[3.1,3.4,3.7,2.0,] 
		 10: %self->current_task_filter def_%v_12 %self[3.1,3.4,3.7,2.0,] 
		 11: %v_11->select_filter def_%v_13 %v_11[3.9,] %v_12[3.10,] 
		 12: 
		 13: %self->flash def_%v_14 %self[3.1,3.4,3.7,3.10,2.0,] 
		 14: COPY def_%v_15 
		 15: def_%v_16 %self[3.1,3.4,3.7,3.10,3.13,2.0,] 
		 16: %v_16->name def_%v_17 %v_16[3.15,] 
		 17: COPY def_%v_18 
		 18: def_%v_19 %v_15[3.14,] %v_17[3.16,] %v_18[3.17,] 
		 19: %v_14[3.13,] %v_19[3.18,] 
		 20: 
BB 4
	outgoing: 5 6 
	datadep: 
	instructions:
		 0: 
		 1: (TaskFilter) def_%v_20 
		 2: %self->params def_%v_21 %self[2.0,] 
		 3: def_%v_22 %v_21[4.2,] 
		 4: %v_20->new def_%v_23 %v_20[4.1,] %v_22[4.3,] 
		 5: ATTRASSIGN %self->@filter %self[4.2,2.0,] %v_23[4.4,] 
		 6: 
		 7: def_%v_24 %self[4.2,4.5,2.0,] 
		 8: %self->current_user def_%v_25 %self[4.2,4.5,2.0,] 
		 9: ATTRASSIGN %v_24->user %v_24[4.7,] %v_25[4.8,] 
		 10: 
		 11: def_%v_26 %self[4.2,4.5,4.8,2.0,] 
		 12: %self->current_task_filter def_%v_27 %self[4.2,4.5,4.8,2.0,] 
		 13: %v_26->copy_from def_%v_28 %v_26[4.11,] %v_27[4.12,] 
		 14: 
		 15: def_%v_29 %self[4.2,4.5,4.8,4.12,2.0,] 
		 16: %v_29->save def_%v_30 %v_29[4.15,] 
		 17: %v_30->! def_%v_31 %v_30[4.16,] 
		 18: BRANCH %v_31[4.17,] 
BB 5
	outgoing: 7 
	datadep: 
	instructions:
		 0: 
		 1: %self->flash def_%v_32 %self[4.5,2.0,] 
		 2: def_%v_33 %self[5.1,4.5,2.0,] 
		 3: %v_33->errors def_%v_34 %v_33[5.2,] 
		 4: %v_34->full_messages def_%v_35 %v_34[5.3,] 
		 5: COPY def_%v_36 
		 6: %v_35->join def_%v_37 %v_35[5.4,] %v_36[5.5,] 
		 7: %v_32[5.1,] %v_37[5.6,] 
		 8: 
BB 6
	outgoing: 7 
	datadep: 
	instructions:
		 0: 
		 1: %self->flash def_%v_38 %self[4.5,2.0,] 
		 2: COPY def_%v_39 
		 3: def_%v_40 %self[6.1,4.5,2.0,] 
		 4: %v_40->name def_%v_41 %v_40[6.3,] 
		 5: COPY def_%v_42 
		 6: def_%v_43 %v_39[6.2,] %v_41[6.4,] %v_42[6.5,] 
		 7: %v_38[6.1,] %v_43[6.6,] 
		 8: COPY def_%v_37 %v_43[6.6,] 
BB 7
	outgoing: 8 
	datadep: 
	instructions:
		 0: COPY def_%v_19 %v_37[6.8,5.6,] 
BB 8
	outgoing: 9 
	datadep: 
	instructions:
		 0: 
		 1: COPY def_%v_44 
		 2: %self->redirect_using_js_if_needed def_%v_45 %self[3.7,2.0,4.5,] %v_44[8.1,] 
		 3: RETURN %v_45[8.2,] %self[8.2,3.7,2.0,4.5,] 
BB 9
	outgoing: 
	datadep: 
	instructions:

SET IRMethod, name = select
BB 1
	outgoing: 11 2 
	datadep: 
	instructions:
BB 2
	outgoing: 3 4 
	datadep: 
	instructions:
		 0: def_%self 
		 1: def_%v_0 
		 2: COPY def_%current_scope 
		 3: COPY def_%current_module 
		 4: 
		 5: 
		 6: %self->current_user def_%v_3 %self[2.0,] 
		 7: %v_3->company def_%v_4 %v_3[2.6,] 
		 8: %v_4->task_filters def_%v_5 %v_4[2.7,] 
		 9: %self->params def_%v_6 %self[2.0,2.6,] 
		 10: def_%v_7 %v_6[2.9,] 
		 11: %v_5->find def_%v_8 %v_5[2.8,] %v_7[2.10,] 
		 12: ATTRASSIGN %self->@filter %self[2.0,2.6,2.9,] %v_8[2.11,] 
		 13: 
		 14: def_%v_9 %self[2.0,2.6,2.9,2.12,] 
		 15: %v_9->user def_%v_10 %v_9[2.14,] 
		 16: %self->current_user def_%v_11 %self[2.0,2.6,2.9,2.12,] 
		 17: %v_10->== def_%v_12 %v_10[2.15,] %v_11[2.16,] 
		 18: BRANCH %v_12[2.17,] 
BB 3
	outgoing: 4 
	datadep: 
	instructions:
		 0: def_%v_13 %self[2.0,2.12,] 
		 1: %v_13->shared? def_%v_14 %v_13[3.0,] 
		 2: COPY def_%v_12 %v_14[3.1,] 
BB 4
	outgoing: 5 6 
	datadep: 
	instructions:
		 0: BRANCH %v_12[3.2,2.17,] 
BB 5
	outgoing: 7 
	datadep: 
	instructions:
		 0: 
		 1: %self->current_task_filter def_%v_15 %self[2.0,2.12,] 
		 2: def_%v_16 %self[5.1,2.0,2.12,] 
		 3: %v_15->select_filter def_%v_17 %v_15[5.1,] %v_16[5.2,] 
		 4: 
BB 6
	outgoing: 7 
	datadep: 
	instructions:
		 0: 
		 1: %self->flash def_%v_18 %self[2.0,2.12,] 
		 2: COPY def_%v_19 
		 3: (TaskFilter) def_%v_20 
		 4: %v_20->model_name def_%v_21 %v_20[6.3,] 
		 5: %v_21->human def_%v_22 %v_21[6.4,] 
		 6: COPY def_%v_23 %v_22[6.5,] 
		 7: %self->t def_%v_24 %self[6.1,2.0,2.12,] %v_19[6.2,] %v_23[6.6,] 
		 8: %v_18[6.1,] %v_24[6.7,] 
		 9: COPY def_%v_17 %v_24[6.7,] 
BB 7
	outgoing: 8 9 
	datadep: 
	instructions:
		 0: 
		 1: %self->request def_%v_25 %self[2.0,2.12,] 
		 2: %v_25->xhr? def_%v_26 %v_25[7.1,] 
		 3: BRANCH %v_26[7.2,] 
BB 8
	outgoing: 11 
	datadep: 
	instructions:
		 0: 
		 1: %self->ruby_code_from_view def_%v_27 %self[2.0,2.12,] 
		 2: %v_27->ruby_code_from_view def_%v_28 %v_27[8.1,] %self[8.1,2.0,2.12,] 
CLOSURE BEGIN: %self[8.1,2.0,2.12,] 
BB 1
	outgoing: 6 2 
	datadep: 
	instructions:
BB 2
	outgoing: 3 
	datadep: 
	instructions:
		 0: def_%self 
		 1: def_%cl_1_0 
		 2: RECEIVEARG def_rb_from_view 
		 3: COPY def_%current_scope 
		 4: COPY def_%current_module 
BB 3
	outgoing: 4 6 
	datadep: 
	instructions:
		 0: 
		 1: COPY def_%cl_1_3 
		 2: %self->current_task_filter def_%cl_1_4 %self[2.0,] 
		 3: %cl_1_4->qualifiers def_%cl_1_5 %cl_1_4[3.2,] 
		 4: COPY def_%cl_1_6 %cl_1_3[3.1,] %cl_1_5[3.3,] 
		 5: %self->render def_%cl_1_7 %self[3.2,2.0,] %cl_1_6[3.4,] 
		 6: 
		 7: COPY def_%cl_1_8 
		 8: %self->current_task_filter def_%cl_1_9 %self[3.2,3.5,2.0,] 
		 9: %cl_1_9->keywords def_%cl_1_10 %cl_1_9[3.8,] 
		 10: COPY def_%cl_1_11 %cl_1_8[3.7,] %cl_1_10[3.9,] 
		 11: %self->render def_%cl_1_12 %self[3.2,3.5,3.8,2.0,] %cl_1_11[3.10,] 
		 12: 
		 13: COPY def_%cl_1_13 
		 14: %self->current_task_filter def_%cl_1_14 %self[3.2,3.5,3.8,3.11,2.0,] 
		 15: COPY def_%cl_1_15 %cl_1_14[3.14,] 
		 16: COPY def_%cl_1_16 %cl_1_13[3.13,] %cl_1_15[3.15,] 
		 17: %self->render def_%cl_1_17 %self[3.2,3.5,3.8,3.11,3.14,2.0,] %cl_1_16[3.16,] 
		 18: RETURN %cl_1_17[3.17,] %self[3.2,3.5,3.8,3.11,3.14,3.17,2.0,] 
BB 4
	outgoing: 6 
	datadep: 
	instructions:
		 0: def_%cl_1_18 
		 1: def_%cl_1_19 %cl_1_18[4.0,] 
		 2: RETURN %cl_1_19[4.1,] %self[2.0,] 
BB 6
	outgoing: 
	datadep: 
	instructions:
CLOSURE END
		 3: RETURN %v_28[8.2,] %self[8.1,2.0,2.12,] 
BB 9
	outgoing: 11 
	datadep: 
	instructions:
		 0: 
		 1: COPY def_%v_29 
		 2: %self->redirect_to def_%v_30 %self[2.0,2.12,] %v_29[9.1,] 
		 3: RETURN %v_30[9.2,] %self[9.2,2.0,2.12,] 
BB 11
	outgoing: 
	datadep: 
	instructions:

SET IRMethod, name = update_current_filter
BB 1
	outgoing: 8 2 
	datadep: 
	instructions:
BB 2
	outgoing: 3 4 
	datadep: 
	instructions:
		 0: def_%self 
		 1: def_%v_0 
		 2: COPY def_%current_scope 
		 3: COPY def_%current_module 
		 4: 
		 5: 
		 6: %self->current_task_filter def_%v_3 %self[2.0,] 
		 7: %self->params def_%v_4 %self[2.0,2.6,] 
		 8: def_%v_5 %v_4[2.7,] 
		 9: %v_3->update_filter def_%v_6 %v_3[2.6,] %v_5[2.8,] 
		 10: 
		 11: %self->current_task_filter def_%v_7 %self[2.0,2.6,2.7,] 
		 12: %self->current_user def_%v_8 %self[2.0,2.6,2.7,2.11,] 
		 13: %v_7->store_for def_%v_9 %v_7[2.11,] %v_8[2.12,] 
		 14: 
		 15: %self->request def_%v_10 %self[2.0,2.6,2.7,2.11,2.12,] 
		 16: %v_10->xhr? def_%v_11 %v_10[2.15,] 
		 17: BRANCH %v_11[2.16,] 
BB 3
	outgoing: 8 
	datadep: 
	instructions:
		 0: 
		 1: %self->ruby_code_from_view def_%v_12 %self[2.0,] 
		 2: %v_12->ruby_code_from_view def_%v_13 %v_12[3.1,] %self[3.1,2.0,] 
CLOSURE BEGIN: %self[3.1,2.0,] 
BB 1
	outgoing: 6 2 
	datadep: 
	instructions:
BB 2
	outgoing: 3 
	datadep: 
	instructions:
		 0: def_%self 
		 1: def_%cl_1_0 
		 2: RECEIVEARG def_rb_from_view 
		 3: COPY def_%current_scope 
		 4: COPY def_%current_module 
BB 3
	outgoing: 4 6 
	datadep: 
	instructions:
		 0: 
		 1: COPY def_%cl_1_3 
		 2: %self->current_task_filter def_%cl_1_4 %self[2.0,] 
		 3: %cl_1_4->qualifiers def_%cl_1_5 %cl_1_4[3.2,] 
		 4: COPY def_%cl_1_6 %cl_1_3[3.1,] %cl_1_5[3.3,] 
		 5: %self->render def_%cl_1_7 %self[3.2,2.0,] %cl_1_6[3.4,] 
		 6: 
		 7: COPY def_%cl_1_8 
		 8: %self->current_task_filter def_%cl_1_9 %self[3.2,3.5,2.0,] 
		 9: %cl_1_9->keywords def_%cl_1_10 %cl_1_9[3.8,] 
		 10: COPY def_%cl_1_11 %cl_1_8[3.7,] %cl_1_10[3.9,] 
		 11: %self->render def_%cl_1_12 %self[3.2,3.5,3.8,2.0,] %cl_1_11[3.10,] 
		 12: 
		 13: COPY def_%cl_1_13 
		 14: %self->current_task_filter def_%cl_1_14 %self[3.2,3.5,3.8,3.11,2.0,] 
		 15: COPY def_%cl_1_15 %cl_1_14[3.14,] 
		 16: COPY def_%cl_1_16 %cl_1_13[3.13,] %cl_1_15[3.15,] 
		 17: %self->render def_%cl_1_17 %self[3.2,3.5,3.8,3.11,3.14,2.0,] %cl_1_16[3.16,] 
		 18: RETURN %cl_1_17[3.17,] %self[3.2,3.5,3.8,3.11,3.14,3.17,2.0,] 
BB 4
	outgoing: 6 
	datadep: 
	instructions:
		 0: def_%cl_1_18 
		 1: def_%cl_1_19 %cl_1_18[4.0,] 
		 2: RETURN %cl_1_19[4.1,] %self[2.0,] 
BB 6
	outgoing: 
	datadep: 
	instructions:
CLOSURE END
		 3: RETURN %v_13[3.2,] %self[3.1,2.0,] 
BB 4
	outgoing: 5 6 
	datadep: 
	instructions:
		 0: 
		 1: %self->params def_%v_14 %self[2.0,] 
		 2: def_%v_15 %v_14[4.1,] 
		 3: BRANCH %v_15[4.2,] 
BB 5
	outgoing: 6 
	datadep: 
	instructions:
		 0: COPY def_%v_16 
		 1: COPY def_%v_15 %v_16[5.0,] 
BB 6
	outgoing: 8 
	datadep: 
	instructions:
		 0: %self->redirect_to def_%v_17 %self[2.0,] %v_15[5.1,4.2,] 
		 1: RETURN %v_17[6.0,] %self[6.0,2.0,] 
BB 8
	outgoing: 
	datadep: 
	instructions:

SET IRMethod, name = destroy
BB 1
	outgoing: 13 2 
	datadep: 
	instructions:
BB 2
	outgoing: 3 6 
	datadep: 
	instructions:
		 0: def_%self 
		 1: def_%v_0 
		 2: COPY def_%current_scope 
		 3: COPY def_%current_module 
		 4: 
		 5: 
		 6: %self->current_user def_%v_3 %self[2.0,] 
		 7: %v_3->company def_%v_4 %v_3[2.6,] 
		 8: %v_4->task_filters def_%v_5 %v_4[2.7,] 
		 9: %self->params def_%v_6 %self[2.0,2.6,] 
		 10: def_%v_7 %v_6[2.9,] 
		 11: %v_5->find def_%v_8 %v_5[2.8,] %v_7[2.10,] 
		 12: COPY def_filter %v_8[2.11,] 
		 13: 
		 14: %v_8->user def_%v_9 %v_8[2.11,] 
		 15: %self->current_user def_%v_10 %self[2.0,2.6,2.9,] 
		 16: %v_9->== def_%v_11 %v_9[2.14,] %v_10[2.15,] 
		 17: BRANCH %v_11[2.16,] 
BB 3
	outgoing: 4 5 
	datadep: 
	instructions:
		 0: filter->shared? def_%v_12 filter[2.12,] 
		 1: BRANCH %v_12[3.0,] 
BB 4
	outgoing: 5 
	datadep: 
	instructions:
		 0: %self->current_user def_%v_13 %self[2.0,] 
		 1: %v_13->admin? def_%v_14 %v_13[4.0,] 
		 2: COPY def_%v_12 %v_14[4.1,] 
BB 5
	outgoing: 6 
	datadep: 
	instructions:
		 0: COPY def_%v_11 %v_12[4.2,3.0,] 
BB 6
	outgoing: 7 8 
	datadep: 
	instructions:
		 0: BRANCH %v_11[5.0,2.16,] 
BB 7
	outgoing: 9 
	datadep: 
	instructions:
		 0: 
		 1: filter->destroy def_%v_15 filter[2.12,] 
		 2: 
		 3: %self->flash def_%v_16 %self[2.0,] 
		 4: COPY def_%v_17 
		 5: (TaskFilter) def_%v_18 
		 6: %v_18->model_name def_%v_19 %v_18[7.5,] 
		 7: %v_19->human def_%v_20 %v_19[7.6,] 
		 8: COPY def_%v_21 %v_20[7.7,] 
		 9: %self->t def_%v_22 %self[7.3,2.0,] %v_17[7.4,] %v_21[7.8,] 
		 10: %v_16[7.3,] %v_22[7.9,] 
		 11: 
BB 8
	outgoing: 9 
	datadep: 
	instructions:
		 0: 
		 1: %self->flash def_%v_23 %self[2.0,] 
		 2: COPY def_%v_24 
		 3: (TaskFilter) def_%v_25 
		 4: %v_25->model_name def_%v_26 %v_25[8.3,] 
		 5: %v_26->human def_%v_27 %v_26[8.4,] 
		 6: COPY def_%v_28 %v_27[8.5,] 
		 7: %self->t def_%v_29 %self[8.1,2.0,] %v_24[8.2,] %v_28[8.6,] 
		 8: %v_23[8.1,] %v_29[8.7,] 
		 9: COPY def_%v_22 %v_29[8.7,] 
BB 9
	outgoing: 10 11 
	datadep: 
	instructions:
		 0: 
		 1: %self->request def_%v_30 %self[2.0,] 
		 2: %v_30->xhr? def_%v_31 %v_30[9.1,] 
		 3: BRANCH %v_31[9.2,] 
BB 10
	outgoing: 13 
	datadep: 
	instructions:
		 0: 
		 1: COPY def_%v_32 
		 2: COPY def_%v_33 %v_32[10.1,] 
		 3: %self->render def_%v_34 %self[2.0,] %v_33[10.2,] 
		 4: RETURN %v_34[10.3,] %self[10.3,2.0,] 
BB 11
	outgoing: 13 
	datadep: 
	instructions:
		 0: 
		 1: COPY def_%v_35 
		 2: %self->redirect_to def_%v_36 %self[2.0,] %v_35[11.1,] 
		 3: RETURN %v_36[11.2,] %self[11.2,2.0,] 
BB 13
	outgoing: 
	datadep: 
	instructions:

SET IRMethod, name = toggle_status
BB 1
	outgoing: 11 2 
	datadep: 
	instructions:
BB 2
	outgoing: 3 4 
	datadep: 
	instructions:
		 0: def_%self 
		 1: def_%v_0 
		 2: COPY def_%current_scope 
		 3: COPY def_%current_module 
		 4: 
		 5: 
		 6: (TaskFilter) def_%v_3 
		 7: %self->params def_%v_4 %self[2.0,] 
		 8: def_%v_5 %v_4[2.7,] 
		 9: %v_3->find def_%v_6 %v_3[2.6,] %v_5[2.8,] 
		 10: ATTRASSIGN %self->@filter %self[2.0,2.7,] %v_6[2.9,] 
		 11: 
		 12: def_%v_7 %self[2.0,2.7,2.10,] 
		 13: %v_7->user def_%v_8 %v_7[2.12,] 
		 14: %self->current_user def_%v_9 %self[2.0,2.7,2.10,] 
		 15: %v_8->== def_%v_10 %v_8[2.13,] %v_9[2.14,] 
		 16: BRANCH %v_10[2.15,] 
BB 3
	outgoing: 4 
	datadep: 
	instructions:
		 0: def_%v_11 %self[2.0,2.10,] 
		 1: %v_11->company def_%v_12 %v_11[3.0,] 
		 2: %self->current_user def_%v_13 %self[2.0,2.10,] 
		 3: %v_13->company def_%v_14 %v_13[3.2,] 
		 4: %v_12->== def_%v_15 %v_12[3.1,] %v_14[3.3,] 
		 5: COPY def_%v_10 %v_15[3.4,] 
BB 4
	outgoing: 5 9 
	datadep: 
	instructions:
		 0: BRANCH %v_10[3.5,2.15,] 
BB 5
	outgoing: 6 7 
	datadep: 
	instructions:
		 0: 
		 1: def_%v_16 %self[2.0,2.10,] 
		 2: %self->current_user def_%v_17 %self[2.0,2.10,] 
		 3: %v_16->show? def_%v_18 %v_16[5.1,] %v_17[5.2,] 
		 4: BRANCH %v_18[5.3,] 
BB 6
	outgoing: 8 
	datadep: 
	instructions:
		 0: 
		 1: def_%v_19 %self[2.0,2.10,] 
		 2: %v_19->task_filter_users def_%v_20 %v_19[6.1,] 
		 3: %self->current_user def_%v_21 %self[2.0,2.10,] 
		 4: %v_21->id def_%v_22 %v_21[6.3,] 
		 5: COPY def_%v_23 %v_22[6.4,] 
		 6: %v_20->where def_%v_24 %v_20[6.2,] %v_23[6.5,] 
		 7: %v_24->first def_%v_25 %v_24[6.6,] 
		 8: %v_25->destroy def_%v_26 %v_25[6.7,] 
		 9: 
BB 7
	outgoing: 8 
	datadep: 
	instructions:
		 0: 
		 1: def_%v_27 %self[2.0,2.10,] 
		 2: %v_27->task_filter_users def_%v_28 %v_27[7.1,] 
		 3: %self->current_user def_%v_29 %self[2.0,2.10,] 
		 4: %v_29->id def_%v_30 %v_29[7.3,] 
		 5: COPY def_%v_31 %v_30[7.4,] 
		 6: %v_28->create def_%v_32 %v_28[7.2,] %v_31[7.5,] 
		 7: COPY def_%v_26 %v_32[7.6,] 
BB 8
	outgoing: 10 
	datadep: 
	instructions:
		 0: 
BB 9
	outgoing: 10 
	datadep: 
	instructions:
		 0: COPY def_%v_26 
BB 10
	outgoing: 11 
	datadep: 
	instructions:
		 0: 
		 1: COPY def_%v_33 
		 2: COPY def_%v_34 %v_33[10.1,] 
		 3: %self->render def_%v_35 %self[2.0,2.10,] %v_34[10.2,] 
		 4: RETURN %v_35[10.3,] %self[10.3,2.0,2.10,] 
BB 11
	outgoing: 
	datadep: 
	instructions:

SET IRMethod, name = name_conds
BB 1
	outgoing: 5 2 
	datadep: 
	instructions:
BB 2
	outgoing: 3 4 
	datadep: 
	instructions:
		 0: def_%self 
		 1: def_%v_0 
		 2: COPY def_%current_scope 
		 3: COPY def_%current_module 
		 4: 
		 5: def_prefix 
		 6: prefix[2.5,] 
BB 3
	outgoing: 4 
	datadep: 
	instructions:
		 0: COPY def_prefix 
BB 4
	outgoing: 5 
	datadep: 
	instructions:
		 0: 
		 1: COPY def_%v_3 
		 2: COPY def_%v_4 
		 3: def_%v_5 %v_3[4.1,] prefix[3.0,2.5,] %v_4[4.2,] 
		 4: def_%v_6 %self[2.0,] 
		 5: COPY def_%v_7 
		 6: def_%v_8 %v_6[4.4,] %v_7[4.5,] 
		 7: COPY def_%v_9 %v_5[4.3,] %v_8[4.6,] 
		 8: COPY def_name_conds %v_9[4.7,] 
		 9: RETURN %v_9[4.7,] %self[2.0,] 
BB 5
	outgoing: 
	datadep: 
	instructions:

