SET IRMethod, name = create
BB 1
	outgoing: 3 2 
	datadep: 
	instructions:
BB 2
	outgoing: 3 
	datadep: 
	instructions:
		 0: def_%self 
		 1: def_%v_0 
		 2: COPY def_%current_scope 
		 3: COPY def_%current_module 
		 4: 
		 5: 
		 6: def_%v_3 %self[2.0,] 
		 7: %v_3->todos def_%v_4 %v_3[2.6,] 
		 8: %self->params def_%v_5 %self[2.0,] 
		 9: def_%v_6 %v_5[2.8,] 
		 10: %v_4->build def_%v_7 %v_4[2.7,] %v_6[2.9,] 
		 11: ATTRASSIGN %self->@todo %self[2.0,2.8,] %v_7[2.10,] 
		 12: 
		 13: def_%v_8 %self[2.0,2.8,2.11,] 
		 14: %self->current_user def_%v_9 %self[2.0,2.8,2.11,] 
		 15: %v_9->id def_%v_10 %v_9[2.14,] 
		 16: ATTRASSIGN %v_8->creator_id %v_8[2.13,] %v_10[2.15,] 
		 17: 
		 18: def_%v_11 %self[2.0,2.8,2.11,2.14,] 
		 19: %v_11->save def_%v_12 %v_11[2.18,] 
		 20: 
		 21: COPY def_%v_13 
		 22: COPY def_%v_14 %v_13[2.21,] 
		 23: %self->render def_%v_15 %self[2.0,2.8,2.11,2.14,] %v_14[2.22,] 
		 24: RETURN %v_15[2.23,] %self[2.0,2.8,2.11,2.14,2.23,] 
BB 3
	outgoing: 
	datadep: 
	instructions:

SET IRMethod, name = update
BB 1
	outgoing: 3 2 
	datadep: 
	instructions:
BB 2
	outgoing: 3 
	datadep: 
	instructions:
		 0: def_%self 
		 1: def_%v_0 
		 2: COPY def_%current_scope 
		 3: COPY def_%current_module 
		 4: 
		 5: 
		 6: def_%v_3 %self[2.0,] 
		 7: %self->params def_%v_4 %self[2.0,] 
		 8: def_%v_5 %v_4[2.7,] 
		 9: %v_3->update_attributes def_%v_6 %v_3[2.6,] %v_5[2.8,] 
		 10: 
		 11: %self->ruby_code_from_view def_%v_7 %self[2.0,2.7,] 
		 12: %v_7->ruby_code_from_view def_%v_8 %v_7[2.11,] %self[2.0,2.7,2.11,] 
CLOSURE BEGIN: %self[2.0,2.7,2.11,] 
BB 1
	outgoing: 6 2 
	datadep: 
	instructions:
BB 2
	outgoing: 3 
	datadep: 
	instructions:
		 0: def_%self 
		 1: def_%cl_1_0 
		 2: RECEIVEARG def_rb_from_view 
		 3: COPY def_%current_scope 
		 4: COPY def_%current_module 
BB 3
	outgoing: 4 6 
	datadep: 
	instructions:
		 0: 
		 1: def_%cl_1_3 %self[2.0,] 
		 2: %cl_1_3->id def_%cl_1_4 %cl_1_3[3.1,] 
		 3: 
		 4: COPY def_%cl_1_5 
		 5: def_%cl_1_6 %self[2.0,] 
		 6: %cl_1_6->todos def_%cl_1_7 %cl_1_6[3.5,] 
		 7: COPY def_%cl_1_8 
		 8: %cl_1_7->order def_%cl_1_9 %cl_1_7[3.6,] %cl_1_8[3.7,] 
		 9: COPY def_%cl_1_10 %cl_1_5[3.4,] %cl_1_9[3.8,] 
		 10: %self->render def_%cl_1_11 %self[2.0,] %cl_1_10[3.9,] 
		 11: 
		 12: COPY def_%cl_1_12 
		 13: COPY def_%cl_1_13 
		 14: COPY def_%cl_1_14 
		 15: %self->t def_%cl_1_15 %self[3.10,2.0,] %cl_1_14[3.14,] 
		 16: COPY def_%cl_1_16 %cl_1_15[3.15,] 
		 17: %self->text_field_tag def_%cl_1_17 %self[3.10,3.15,2.0,] %cl_1_12[3.12,] %cl_1_13[3.13,] %cl_1_16[3.16,] 
		 18: RETURN %cl_1_17[3.17,] %self[3.10,3.15,3.17,2.0,] 
BB 4
	outgoing: 6 
	datadep: 
	instructions:
		 0: def_%cl_1_18 
		 1: def_%cl_1_19 %cl_1_18[4.0,] 
		 2: RETURN %cl_1_19[4.1,] %self[2.0,] 
BB 6
	outgoing: 
	datadep: 
	instructions:
CLOSURE END
		 13: RETURN %v_8[2.12,] %self[2.0,2.7,2.11,] 
BB 3
	outgoing: 
	datadep: 
	instructions:

SET IRMethod, name = toggle_done
BB 1
	outgoing: 6 2 
	datadep: 
	instructions:
BB 2
	outgoing: 3 4 
	datadep: 
	instructions:
		 0: def_%self 
		 1: def_%v_0 
		 2: COPY def_%current_scope 
		 3: COPY def_%current_module 
		 4: 
		 5: 
		 6: def_%v_3 %self[2.0,] 
		 7: %v_3->done? def_%v_4 %v_3[2.6,] 
		 8: BRANCH %v_4[2.7,] 
BB 3
	outgoing: 5 
	datadep: 
	instructions:
		 0: 
		 1: def_%v_5 %self[2.0,] 
		 2: ATTRASSIGN %v_5->completed_at %v_5[3.1,] 
		 3: 
		 4: def_%v_6 %self[2.0,] 
		 5: ATTRASSIGN %v_6->completed_by_user_id %v_6[3.4,] 
		 6: COPY def_%v_7 
		 7: 
BB 4
	outgoing: 5 
	datadep: 
	instructions:
		 0: 
		 1: def_%v_8 %self[2.0,] 
		 2: (Time) def_%v_9 
		 3: %v_9->now def_%v_10 %v_9[4.2,] 
		 4: ATTRASSIGN %v_8->completed_at %v_8[4.1,] %v_10[4.3,] 
		 5: 
		 6: def_%v_11 %self[2.0,] 
		 7: %self->current_user def_%v_12 %self[2.0,] 
		 8: %v_12->id def_%v_13 %v_12[4.7,] 
		 9: ATTRASSIGN %v_11->completed_by_user_id %v_11[4.6,] %v_13[4.8,] 
		 10: COPY def_%v_7 %v_13[4.8,] 
BB 5
	outgoing: 6 
	datadep: 
	instructions:
		 0: 
		 1: def_%v_14 %self[2.0,] 
		 2: %v_14->save def_%v_15 %v_14[5.1,] 
		 3: 
		 4: COPY def_%v_16 
		 5: COPY def_%v_17 %v_16[5.4,] 
		 6: %self->render def_%v_18 %self[2.0,] %v_17[5.5,] 
		 7: RETURN %v_18[5.6,] %self[5.6,2.0,] 
BB 6
	outgoing: 
	datadep: 
	instructions:

SET IRMethod, name = toggle_done_for_uncreated_task
BB 1
	outgoing: 6 2 
	datadep: 
	instructions:
BB 2
	outgoing: 3 4 
	datadep: 
	instructions:
		 0: def_%self 
		 1: def_%v_0 
		 2: COPY def_%current_scope 
		 3: COPY def_%current_module 
		 4: 
		 5: 
		 6: (Todo) def_%v_3 
		 7: %self->current_user def_%v_4 %self[2.0,] 
		 8: %v_4->id def_%v_5 %v_4[2.7,] 
		 9: %self->params def_%v_6 %self[2.0,2.7,] 
		 10: def_%v_7 %v_6[2.9,] 
		 11: COPY def_%v_8 %v_5[2.8,] %v_7[2.10,] 
		 12: %v_3->new def_%v_9 %v_3[2.6,] %v_8[2.11,] 
		 13: COPY def_todo %v_9[2.12,] 
		 14: 
		 15: %self->params def_%v_10 %self[2.0,2.7,2.9,] 
		 16: def_%v_11 %v_10[2.15,] 
		 17: COPY def_%v_12 
		 18: %v_11->== def_%v_13 %v_11[2.16,] %v_12[2.17,] 
		 19: BRANCH %v_13[2.18,] 
BB 3
	outgoing: 5 
	datadep: 
	instructions:
		 0: 
		 1: (Time) def_%v_14 
		 2: %v_14->now def_%v_15 %v_14[3.1,] 
		 3: ATTRASSIGN todo->completed_at todo[2.13,] %v_15[3.2,] 
		 4: 
		 5: %self->current_user def_%v_16 %self[2.0,] 
		 6: %v_16->id def_%v_17 %v_16[3.5,] 
		 7: ATTRASSIGN todo->completed_by_user_id todo[3.3,2.13,] %v_17[3.6,] 
		 8: 
BB 4
	outgoing: 5 
	datadep: 
	instructions:
		 0: 
		 1: ATTRASSIGN todo->completed_at todo[2.13,] 
		 2: 
		 3: ATTRASSIGN todo->completed_by_user_id todo[4.1,2.13,] 
		 4: COPY def_%v_17 
BB 5
	outgoing: 6 
	datadep: 
	instructions:
		 0: 
		 1: COPY def_%v_18 
		 2: COPY def_%v_19 todo[4.1,4.3,3.3,3.7,2.13,] 
		 3: COPY def_%v_20 %v_18[5.1,] %v_19[5.2,] 
		 4: %self->render def_%v_21 %self[2.0,] %v_20[5.3,] 
		 5: RETURN %v_21[5.4,] %self[5.4,2.0,] 
BB 6
	outgoing: 
	datadep: 
	instructions:

SET IRMethod, name = destroy
BB 1
	outgoing: 3 2 
	datadep: 
	instructions:
BB 2
	outgoing: 3 
	datadep: 
	instructions:
		 0: def_%self 
		 1: def_%v_0 
		 2: COPY def_%current_scope 
		 3: COPY def_%current_module 
		 4: 
		 5: 
		 6: def_%v_3 %self[2.0,] 
		 7: %v_3->destroy def_%v_4 %v_3[2.6,] 
		 8: 
		 9: COPY def_%v_5 
		 10: COPY def_%v_6 %v_5[2.9,] 
		 11: %self->render def_%v_7 %self[2.0,] %v_6[2.10,] 
		 12: RETURN %v_7[2.11,] %self[2.0,2.11,] 
BB 3
	outgoing: 
	datadep: 
	instructions:

SET IRMethod, name = reorder
BB 1
	outgoing: 3 2 
	datadep: 
	instructions:
BB 2
	outgoing: 3 
	datadep: 
	instructions:
		 0: def_%self 
		 1: def_%v_0 
		 2: COPY def_%current_scope 
		 3: COPY def_%current_module 
		 4: 
		 5: 
		 6: %self->params def_%v_3 %self[2.0,] 
		 7: def_%v_4 %v_3[2.6,] 
		 8: %v_4->values def_%v_5 %v_4[2.7,] 
		 9: %v_5->each def_%v_6 %v_5[2.8,] %self[2.0,2.6,] 
CLOSURE BEGIN: %self[2.0,2.6,] todo[] t[] 
BB 1
	outgoing: 6 2 
	datadep: 
	instructions:
BB 2
	outgoing: 3 
	datadep: 
	instructions:
		 0: def_%self 
		 1: def_%cl_1_0 
		 2: RECEIVEARG def_todo 
		 3: COPY def_%current_scope 
		 4: COPY def_%current_module 
BB 3
	outgoing: 4 6 
	datadep: 
	instructions:
		 0: 
		 1: def_%cl_1_3 %self[2.0,] 
		 2: %cl_1_3->todos def_%cl_1_4 %cl_1_3[3.1,] 
		 3: def_%cl_1_5 todo[2.2,] 
		 4: %cl_1_4->find def_%cl_1_6 %cl_1_4[3.2,] %cl_1_5[3.3,] 
		 5: COPY def_t %cl_1_6[3.4,] 
		 6: def_%cl_1_7 todo[2.2,] 
		 7: ATTRASSIGN t->position t[3.5,] %cl_1_7[3.6,] 
		 8: t->save! def_%cl_1_8 t[3.5,3.7,] 
		 9: RETURN %cl_1_8[3.8,] %self[2.0,] 
BB 4
	outgoing: 6 
	datadep: 
	instructions:
		 0: def_%cl_1_9 
		 1: def_%cl_1_10 %cl_1_9[4.0,] 
		 2: RETURN %cl_1_10[4.1,] %self[2.0,] 
BB 6
	outgoing: 
	datadep: 
	instructions:
CLOSURE END
		 10: 
		 11: COPY def_%v_7 
		 12: %self->render def_%v_8 %self[2.0,2.6,] %v_7[2.11,] 
		 13: RETURN %v_8[2.12,] %self[2.0,2.6,2.12,] 
BB 3
	outgoing: 
	datadep: 
	instructions:

SET IRMethod, name = list_clone
BB 1
	outgoing: 3 2 
	datadep: 
	instructions:
BB 2
	outgoing: 3 
	datadep: 
	instructions:
		 0: def_%self 
		 1: def_%v_0 
		 2: COPY def_%current_scope 
		 3: COPY def_%current_module 
		 4: 
		 5: 
		 6: (TaskRecord) def_%v_3 
		 7: %v_3->new def_%v_4 %v_3[2.6,] 
		 8: ATTRASSIGN %self->@task %self[2.0,] %v_4[2.7,] 
		 9: 
		 10: (Template) def_%v_5 
		 11: %self->params def_%v_6 %self[2.0,2.8,] 
		 12: def_%v_7 %v_6[2.11,] 
		 13: %v_5->find def_%v_8 %v_5[2.10,] %v_7[2.12,] 
		 14: %v_8->clone_todos def_%v_9 %v_8[2.13,] 
		 15: %v_9->collect def_%v_10 %v_9[2.14,] %self[2.0,2.8,2.11,] 
CLOSURE BEGIN: %self[2.0,2.8,2.11,] t[] 
BB 1
	outgoing: 6 2 
	datadep: 
	instructions:
BB 2
	outgoing: 3 
	datadep: 
	instructions:
		 0: def_%self 
		 1: def_%cl_1_0 
		 2: RECEIVEARG def_t 
		 3: COPY def_%current_scope 
		 4: COPY def_%current_module 
BB 3
	outgoing: 4 6 
	datadep: 
	instructions:
		 0: 
		 1: def_%cl_1_3 %self[2.0,] 
		 2: %cl_1_3->todos def_%cl_1_4 %cl_1_3[3.1,] 
		 3: t->attributes def_%cl_1_5 t[2.2,] 
		 4: %cl_1_4->build def_%cl_1_6 %cl_1_4[3.2,] %cl_1_5[3.3,] 
		 5: RETURN %cl_1_6[3.4,] %self[2.0,] 
BB 4
	outgoing: 6 
	datadep: 
	instructions:
		 0: def_%cl_1_7 
		 1: def_%cl_1_8 %cl_1_7[4.0,] 
		 2: RETURN %cl_1_8[4.1,] %self[2.0,] 
BB 6
	outgoing: 
	datadep: 
	instructions:
CLOSURE END
		 16: 
		 17: %self->ruby_code_from_view def_%v_11 %self[2.0,2.8,2.11,] 
		 18: %v_11->ruby_code_from_view def_%v_12 %v_11[2.17,] %self[2.0,2.8,2.11,2.17,] 
CLOSURE BEGIN: %self[2.0,2.8,2.11,2.17,] 
BB 1
	outgoing: 6 2 
	datadep: 
	instructions:
BB 2
	outgoing: 3 
	datadep: 
	instructions:
		 0: def_%self 
		 1: def_%cl_2_0 
		 2: RECEIVEARG def_rb_from_view 
		 3: COPY def_%current_scope 
		 4: COPY def_%current_module 
BB 3
	outgoing: 4 6 
	datadep: 
	instructions:
		 0: 
		 1: def_%cl_2_3 %self[2.0,] 
		 2: %cl_2_3->todos def_%cl_2_4 %cl_2_3[3.1,] 
		 3: %cl_2_4->each def_%cl_2_5 %cl_2_4[3.2,] %self[2.0,] 
CLOSURE BEGIN: %self[2.0,] 
BB 1
	outgoing: 6 2 
	datadep: 
	instructions:
BB 2
	outgoing: 3 
	datadep: 
	instructions:
		 0: def_%self 
		 1: def_%cl_3_0 
		 2: RECEIVEARG def_todo 
		 3: COPY def_%current_scope 
		 4: COPY def_%current_module 
BB 3
	outgoing: 4 6 
	datadep: 
	instructions:
		 0: 
		 1: %self->ruby_code_from_view def_%cl_3_3 %self[2.0,] 
		 2: %cl_3_3->ruby_code_from_view def_%cl_3_4 %cl_3_3[3.1,] %self[3.1,2.0,] 
CLOSURE BEGIN: todo[2.2,] %self[3.1,2.0,] 
BB 1
	outgoing: 12 2 
	datadep: 
	instructions:
BB 2
	outgoing: 3 
	datadep: 
	instructions:
		 0: def_%self 
		 1: def_%cl_4_0 
		 2: RECEIVEARG def_rb_from_view 
		 3: COPY def_%current_scope 
		 4: COPY def_%current_module 
BB 3
	outgoing: 4 8 10 
	datadep: 
	instructions:
		 0: 
		 1: todo->position def_%cl_4_3 todo[] 
		 2: 
		 3: todo->css_classes def_%cl_4_4 todo[3.1,] 
		 4: 
		 5: %self->new_todo_open_close_check_box def_%cl_4_5 %self[2.0,] todo[3.1,3.3,] 
		 6: 
		 7: COPY def_%cl_4_6 
		 8: todo->creator_id def_%cl_4_7 todo[3.1,3.3,] 
		 9: COPY def_%cl_4_8 
		 10: COPY def_%cl_4_9 %cl_4_8[3.9,] 
		 11: %self->hidden_field_tag def_%cl_4_10 %self[3.5,2.0,] %cl_4_6[3.7,] %cl_4_7[3.8,] %cl_4_9[3.10,] 
		 12: 
		 13: COPY def_%cl_4_11 
		 14: todo->completed_by_user_id def_%cl_4_12 todo[3.1,3.3,3.8,] 
		 15: COPY def_%cl_4_13 
		 16: COPY def_%cl_4_14 %cl_4_13[3.15,] 
		 17: %self->hidden_field_tag def_%cl_4_15 %self[3.5,3.11,2.0,] %cl_4_11[3.13,] %cl_4_12[3.14,] %cl_4_14[3.16,] 
		 18: 
		 19: COPY def_%cl_4_16 
		 20: todo->completed_at def_%cl_4_17 todo[3.1,3.3,3.8,3.14,] 
		 21: COPY def_%cl_4_18 
		 22: COPY def_%cl_4_19 %cl_4_18[3.21,] 
		 23: %self->hidden_field_tag def_%cl_4_20 %self[3.5,3.11,3.17,2.0,] %cl_4_16[3.19,] %cl_4_17[3.20,] %cl_4_19[3.22,] 
		 24: 
		 25: todo->name def_%cl_4_21 todo[3.1,3.3,3.8,3.14,3.20,] 
		 26: %self->h def_%cl_4_22 %self[3.5,3.11,3.17,3.23,2.0,] %cl_4_21[3.25,] 
		 27: 
		 28: COPY def_%cl_4_23 
		 29: todo->name def_%cl_4_24 todo[3.1,3.3,3.8,3.14,3.20,3.25,] 
		 30: %self->text_field_tag def_%cl_4_25 %self[3.5,3.11,3.17,3.23,3.26,2.0,] %cl_4_23[3.28,] %cl_4_24[3.29,] 
		 31: 
		 32: COPY def_%cl_4_26 
		 33: %self->t def_%cl_4_27 %self[3.5,3.11,3.17,3.23,3.26,3.30,2.0,] %cl_4_26[3.32,] 
		 34: COPY def_%cl_4_28 
		 35: COPY def_%cl_4_29 
		 36: COPY def_%cl_4_30 %cl_4_29[3.35,] 
		 37: %self->link_to def_%cl_4_31 %self[3.5,3.11,3.17,3.23,3.26,3.30,3.33,2.0,] %cl_4_27[3.33,] %cl_4_28[3.34,] %cl_4_30[3.36,] 
		 38: 
		 39: todo->done? def_%cl_4_32 todo[3.1,3.3,3.8,3.14,3.20,3.25,3.29,] 
		 40: BRANCH %cl_4_32[3.39,] 
BB 4
	outgoing: 5 6 10 
	datadep: 
	instructions:
		 0: 
		 1: COPY def_%cl_4_33 
		 2: %self->tz def_%cl_4_34 %self[2.0,] 
		 3: todo->completed_at def_%cl_4_35 todo[] 
		 4: %cl_4_34->utc_to_local def_%cl_4_36 %cl_4_34[4.2,] %cl_4_35[4.3,] 
		 5: %self->formatted_datetime_for_current_user def_%cl_4_37 %self[4.2,2.0,] %cl_4_36[4.4,] 
		 6: COPY def_%cl_4_38 
		 7: def_%cl_4_39 %cl_4_33[4.1,] %cl_4_37[4.5,] %cl_4_38[4.6,] 
		 8: %self->h def_%cl_4_40 %self[4.2,4.5,2.0,] %cl_4_39[4.7,] 
		 9: 
		 10: todo->completed_by_user def_%cl_4_41 todo[4.3,] 
		 11: BRANCH %cl_4_41[4.10,] 
BB 5
	outgoing: 7 10 
	datadep: 
	instructions:
		 0: COPY def_%cl_4_42 
		 1: todo->completed_by_user def_%cl_4_43 todo[] 
		 2: %cl_4_43->name def_%cl_4_44 %cl_4_43[5.1,] 
		 3: COPY def_%cl_4_45 
		 4: def_%cl_4_46 %cl_4_42[5.0,] %cl_4_44[5.2,] %cl_4_45[5.3,] 
		 5: %self->h def_%cl_4_47 %self[2.0,] %cl_4_46[5.4,] 
		 6: 
BB 6
	outgoing: 7 
	datadep: 
	instructions:
		 0: COPY def_%cl_4_47 
BB 7
	outgoing: 9 
	datadep: 
	instructions:
		 0: 
BB 8
	outgoing: 9 10 
	datadep: 
	instructions:
		 0: 
		 1: COPY def_%cl_4_48 
		 2: %cl_4_48->html_safe def_%cl_4_49 %cl_4_48[8.1,] 
		 3: COPY def_%cl_4_50 
		 4: COPY def_%cl_4_51 
		 5: COPY def_%cl_4_52 %cl_4_51[8.4,] 
		 6: %self->link_to def_%cl_4_53 %self[2.0,] %cl_4_49[8.2,] %cl_4_50[8.3,] %cl_4_52[8.5,] 
		 7: COPY def_%cl_4_47 %cl_4_53[8.6,] 
BB 9
	outgoing: 10 12 
	datadep: 
	instructions:
		 0: 
		 1: COPY def_%cl_4_54 
		 2: %cl_4_54->html_safe def_%cl_4_55 %cl_4_54[9.1,] 
		 3: COPY def_%cl_4_56 
		 4: COPY def_%cl_4_57 
		 5: COPY def_%cl_4_58 
		 6: todo->name def_%cl_4_59 todo[] 
		 7: %self->h def_%cl_4_60 %self[2.0,] %cl_4_59[9.6,] 
		 8: COPY def_%cl_4_61 %cl_4_60[9.7,] 
		 9: %self->t def_%cl_4_62 %self[9.7,2.0,] %cl_4_58[9.5,] %cl_4_61[9.8,] 
		 10: COPY def_%cl_4_63 
		 11: COPY def_%cl_4_64 %cl_4_57[9.4,] %cl_4_62[9.9,] %cl_4_63[9.10,] 
		 12: %self->link_to def_%cl_4_65 %self[9.7,9.9,2.0,] %cl_4_55[9.2,] %cl_4_56[9.3,] %cl_4_64[9.11,] 
		 13: RETURN %cl_4_65[9.12,] %self[9.7,9.9,9.12,2.0,] 
BB 10
	outgoing: 12 
	datadep: 
	instructions:
		 0: def_%cl_4_66 
		 1: def_%cl_4_67 %cl_4_66[10.0,] 
		 2: RETURN %cl_4_67[10.1,] %self[2.0,] 
BB 12
	outgoing: 
	datadep: 
	instructions:
CLOSURE END
		 3: RETURN %cl_3_4[3.2,] %self[3.1,2.0,] 
BB 4
	outgoing: 6 
	datadep: 
	instructions:
		 0: def_%cl_3_5 
		 1: def_%cl_3_6 %cl_3_5[4.0,] 
		 2: RETURN %cl_3_6[4.1,] %self[2.0,] 
BB 6
	outgoing: 
	datadep: 
	instructions:
CLOSURE END
		 4: 
		 5: COPY def_%cl_2_6 
		 6: (Todo) def_%cl_2_7 
		 7: %self->current_user def_%cl_2_8 %self[2.0,] 
		 8: %cl_2_8->id def_%cl_2_9 %cl_2_8[3.7,] 
		 9: COPY def_%cl_2_10 %cl_2_9[3.8,] 
		 10: %cl_2_7->new def_%cl_2_11 %cl_2_7[3.6,] %cl_2_10[3.9,] 
		 11: COPY def_%cl_2_12 %cl_2_11[3.10,] 
		 12: COPY def_%cl_2_13 %cl_2_6[3.5,] %cl_2_12[3.11,] 
		 13: %self->render_to_string def_%cl_2_14 %self[3.7,2.0,] %cl_2_13[3.12,] 
		 14: COPY def_template %cl_2_14[3.13,] 
		 15: 
		 16: 
		 17: COPY def_%cl_2_15 
		 18: COPY def_%cl_2_16 
		 19: COPY def_%cl_2_17 
		 20: %self->t def_%cl_2_18 %self[3.7,3.13,2.0,] %cl_2_17[3.19,] 
		 21: COPY def_%cl_2_19 %cl_2_18[3.20,] 
		 22: %self->text_field_tag def_%cl_2_20 %self[3.7,3.13,3.20,2.0,] %cl_2_15[3.17,] %cl_2_16[3.18,] %cl_2_19[3.21,] 
		 23: RETURN %cl_2_20[3.22,] %self[3.7,3.13,3.20,3.22,2.0,] 
BB 4
	outgoing: 6 
	datadep: 
	instructions:
		 0: def_%cl_2_21 
		 1: def_%cl_2_22 %cl_2_21[4.0,] 
		 2: RETURN %cl_2_22[4.1,] %self[2.0,] 
BB 6
	outgoing: 
	datadep: 
	instructions:
CLOSURE END
		 19: RETURN %v_12[2.18,] %self[2.0,2.8,2.11,2.17,] 
BB 3
	outgoing: 
	datadep: 
	instructions:

SET IRMethod, name = load_task
BB 1
	outgoing: 9 2 
	datadep: 
	instructions:
BB 2
	outgoing: 3 4 
	datadep: 
	instructions:
		 0: def_%self 
		 1: def_%v_0 
		 2: COPY def_%current_scope 
		 3: COPY def_%current_module 
		 4: 
		 5: 
		 6: (TaskRecord) def_%v_3 
		 7: %self->current_user def_%v_4 %self[2.0,] 
		 8: %v_3->accessed_by def_%v_5 %v_3[2.6,] %v_4[2.7,] 
		 9: %self->params def_%v_6 %self[2.0,2.7,] 
		 10: def_%v_7 %v_6[2.9,] 
		 11: %v_5->find_by_id def_%v_8 %v_5[2.8,] %v_7[2.10,] 
		 12: ATTRASSIGN %self->@task %self[2.0,2.7,2.9,] %v_8[2.11,] 
		 13: 
		 14: def_%v_9 %self[2.0,2.7,2.9,2.12,] 
		 15: %v_9->nil? def_%v_10 %v_9[2.14,] 
		 16: BRANCH %v_10[2.15,] 
BB 3
	outgoing: 5 
	datadep: 
	instructions:
		 0: 
		 1: (Template) def_%v_11 
		 2: COPY def_%v_12 
		 3: %self->current_user def_%v_13 %self[2.0,2.12,] 
		 4: %v_13->company_id def_%v_14 %v_13[3.3,] 
		 5: %v_11->where def_%v_15 %v_11[3.1,] %v_12[3.2,] %v_14[3.4,] 
		 6: %self->params def_%v_16 %self[3.3,2.0,2.12,] 
		 7: def_%v_17 %v_16[3.6,] 
		 8: %v_15->find_by_id def_%v_18 %v_15[3.5,] %v_17[3.7,] 
		 9: ATTRASSIGN %self->@task %self[3.3,3.6,2.0,2.12,] %v_18[3.8,] 
		 10: 
BB 4
	outgoing: 5 
	datadep: 
	instructions:
		 0: COPY def_%v_18 
BB 5
	outgoing: 6 7 
	datadep: 
	instructions:
		 0: 
		 1: def_%v_19 %self[3.9,2.0,2.12,] 
		 2: %v_19->nil? def_%v_20 %v_19[5.1,] 
		 3: BRANCH %v_20[5.2,] 
BB 6
	outgoing: 9 
	datadep: 
	instructions:
		 0: 
		 1: %self->flash def_%v_21 %self[3.9,2.0,2.12,] 
		 2: COPY def_%v_22 
		 3: (Todo) def_%v_23 
		 4: %v_23->model_name def_%v_24 %v_23[6.3,] 
		 5: %v_24->human def_%v_25 %v_24[6.4,] 
		 6: COPY def_%v_26 %v_25[6.5,] 
		 7: %self->t def_%v_27 %self[6.1,3.9,2.0,2.12,] %v_22[6.2,] %v_26[6.6,] 
		 8: %v_21[6.1,] %v_27[6.7,] 
		 9: 
		 10: %self->redirect_from_last def_%v_28 %self[6.1,6.7,3.9,2.0,2.12,] 
		 11: RETURN %v_28[6.10,] %self[6.1,6.7,6.10,3.9,2.0,2.12,] 
BB 7
	outgoing: 9 
	datadep: 
	instructions:
		 0: RETURN %self[3.9,2.0,2.12,] 
BB 9
	outgoing: 
	datadep: 
	instructions:

SET IRMethod, name = load_todo
BB 1
	outgoing: 3 2 
	datadep: 
	instructions:
BB 2
	outgoing: 3 
	datadep: 
	instructions:
		 0: def_%self 
		 1: def_%v_0 
		 2: COPY def_%current_scope 
		 3: COPY def_%current_module 
		 4: 
		 5: 
		 6: def_%v_3 %self[2.0,] 
		 7: %v_3->todos def_%v_4 %v_3[2.6,] 
		 8: %self->params def_%v_5 %self[2.0,] 
		 9: def_%v_6 %v_5[2.8,] 
		 10: %v_4->find def_%v_7 %v_4[2.7,] %v_6[2.9,] 
		 11: ATTRASSIGN %self->@todo %self[2.0,2.8,] %v_7[2.10,] 
		 12: RETURN %v_7[2.10,] %self[2.0,2.8,2.11,] 
BB 3
	outgoing: 
	datadep: 
	instructions:

