SET IRMethod, name = index
BB 1
	outgoing: 3 2 
	datadep: 
	instructions:
BB 2
	outgoing: 3 
	datadep: 
	instructions:
		 0: def_%self 
		 1: def_%v_0 
		 2: COPY def_%current_scope 
		 3: COPY def_%current_module 
		 4: 
		 5: 
		 6: %self->current_user def_%v_3 %self[2.0,] 
		 7: %v_3->company def_%v_4 %v_3[2.6,] 
		 8: %v_4->triggers def_%v_5 %v_4[2.7,] 
		 9: ATTRASSIGN %self->@triggers %self[2.0,2.6,] %v_5[2.8,] 
		 10: 
		 11: %self->respond_to def_%v_6 %self[2.0,2.6,] %self[2.0,2.6,] 
CLOSURE BEGIN: format[] %self[2.0,2.6,] 
BB 1
	outgoing: 6 2 
	datadep: 
	instructions:
BB 2
	outgoing: 3 
	datadep: 
	instructions:
		 0: def_%self 
		 1: def_%cl_1_0 
		 2: RECEIVEARG def_format 
		 3: COPY def_%current_scope 
		 4: COPY def_%current_module 
BB 3
	outgoing: 4 6 
	datadep: 
	instructions:
		 0: 
		 1: format->html def_%cl_1_3 format[2.2,] 
		 2: 
		 3: format->xml def_%cl_1_4 format[3.1,2.2,] %self[2.0,] 
CLOSURE BEGIN: %self[2.0,] 
BB 1
	outgoing: 6 2 
	datadep: 
	instructions:
BB 2
	outgoing: 3 
	datadep: 
	instructions:
		 0: def_%self 
		 1: def_%cl_2_0 
		 2: COPY def_%current_scope 
		 3: COPY def_%current_module 
BB 3
	outgoing: 4 6 
	datadep: 
	instructions:
		 0: 
		 1: def_%cl_2_3 %self[2.0,] 
		 2: COPY def_%cl_2_4 %cl_2_3[3.1,] 
		 3: %self->render def_%cl_2_5 %self[2.0,] %cl_2_4[3.2,] 
		 4: RETURN %cl_2_5[3.3,] %self[3.3,2.0,] 
BB 4
	outgoing: 6 
	datadep: 
	instructions:
		 0: def_%cl_2_6 
		 1: def_%cl_2_7 %cl_2_6[4.0,] 
		 2: RETURN %cl_2_7[4.1,] %self[2.0,] 
BB 6
	outgoing: 
	datadep: 
	instructions:
CLOSURE END
		 4: RETURN %cl_1_4[3.3,] %self[2.0,] 
BB 4
	outgoing: 6 
	datadep: 
	instructions:
		 0: def_%cl_1_5 
		 1: def_%cl_1_6 %cl_1_5[4.0,] 
		 2: RETURN %cl_1_6[4.1,] %self[2.0,] 
BB 6
	outgoing: 
	datadep: 
	instructions:
CLOSURE END
		 12: RETURN %v_6[2.11,] %self[2.0,2.6,2.11,] 
BB 3
	outgoing: 
	datadep: 
	instructions:

SET IRMethod, name = show
BB 1
	outgoing: 3 2 
	datadep: 
	instructions:
BB 2
	outgoing: 3 
	datadep: 
	instructions:
		 0: def_%self 
		 1: def_%v_0 
		 2: COPY def_%current_scope 
		 3: COPY def_%current_module 
		 4: 
		 5: 
		 6: %self->current_user def_%v_3 %self[2.0,] 
		 7: %v_3->company def_%v_4 %v_3[2.6,] 
		 8: %v_4->triggers def_%v_5 %v_4[2.7,] 
		 9: %self->params def_%v_6 %self[2.0,2.6,] 
		 10: def_%v_7 %v_6[2.9,] 
		 11: %v_5->find def_%v_8 %v_5[2.8,] %v_7[2.10,] 
		 12: ATTRASSIGN %self->@trigger %self[2.0,2.6,2.9,] %v_8[2.11,] 
		 13: 
		 14: %self->respond_to def_%v_9 %self[2.0,2.6,2.9,] %self[2.0,2.6,2.9,] 
CLOSURE BEGIN: format[] %self[2.0,2.6,2.9,] 
BB 1
	outgoing: 6 2 
	datadep: 
	instructions:
BB 2
	outgoing: 3 
	datadep: 
	instructions:
		 0: def_%self 
		 1: def_%cl_1_0 
		 2: RECEIVEARG def_format 
		 3: COPY def_%current_scope 
		 4: COPY def_%current_module 
BB 3
	outgoing: 4 6 
	datadep: 
	instructions:
		 0: 
		 1: format->html def_%cl_1_3 format[2.2,] 
		 2: 
		 3: format->xml def_%cl_1_4 format[3.1,2.2,] %self[2.0,] 
CLOSURE BEGIN: %self[2.0,] 
BB 1
	outgoing: 6 2 
	datadep: 
	instructions:
BB 2
	outgoing: 3 
	datadep: 
	instructions:
		 0: def_%self 
		 1: def_%cl_2_0 
		 2: COPY def_%current_scope 
		 3: COPY def_%current_module 
BB 3
	outgoing: 4 6 
	datadep: 
	instructions:
		 0: 
		 1: def_%cl_2_3 %self[2.0,] 
		 2: COPY def_%cl_2_4 %cl_2_3[3.1,] 
		 3: %self->render def_%cl_2_5 %self[2.0,] %cl_2_4[3.2,] 
		 4: RETURN %cl_2_5[3.3,] %self[3.3,2.0,] 
BB 4
	outgoing: 6 
	datadep: 
	instructions:
		 0: def_%cl_2_6 
		 1: def_%cl_2_7 %cl_2_6[4.0,] 
		 2: RETURN %cl_2_7[4.1,] %self[2.0,] 
BB 6
	outgoing: 
	datadep: 
	instructions:
CLOSURE END
		 4: RETURN %cl_1_4[3.3,] %self[2.0,] 
BB 4
	outgoing: 6 
	datadep: 
	instructions:
		 0: def_%cl_1_5 
		 1: def_%cl_1_6 %cl_1_5[4.0,] 
		 2: RETURN %cl_1_6[4.1,] %self[2.0,] 
BB 6
	outgoing: 
	datadep: 
	instructions:
CLOSURE END
		 15: RETURN %v_9[2.14,] %self[2.0,2.6,2.9,2.14,] 
BB 3
	outgoing: 
	datadep: 
	instructions:

SET IRMethod, name = new
BB 1
	outgoing: 3 2 
	datadep: 
	instructions:
BB 2
	outgoing: 3 
	datadep: 
	instructions:
		 0: def_%self 
		 1: def_%v_0 
		 2: COPY def_%current_scope 
		 3: COPY def_%current_module 
		 4: 
		 5: 
		 6: (Trigger) def_%v_3 
		 7: COPY def_%v_4 
		 8: COPY def_%v_5 %v_4[2.7,] 
		 9: %v_3->new def_%v_6 %v_3[2.6,] %v_5[2.8,] 
		 10: ATTRASSIGN %self->@trigger %self[2.0,] %v_6[2.9,] 
		 11: 
		 12: %self->respond_to def_%v_7 %self[2.0,] %self[2.0,] 
CLOSURE BEGIN: format[] %self[2.0,] 
BB 1
	outgoing: 6 2 
	datadep: 
	instructions:
BB 2
	outgoing: 3 
	datadep: 
	instructions:
		 0: def_%self 
		 1: def_%cl_1_0 
		 2: RECEIVEARG def_format 
		 3: COPY def_%current_scope 
		 4: COPY def_%current_module 
BB 3
	outgoing: 4 6 
	datadep: 
	instructions:
		 0: 
		 1: format->html def_%cl_1_3 format[2.2,] 
		 2: 
		 3: format->xml def_%cl_1_4 format[3.1,2.2,] %self[2.0,] 
CLOSURE BEGIN: %self[2.0,] 
BB 1
	outgoing: 6 2 
	datadep: 
	instructions:
BB 2
	outgoing: 3 
	datadep: 
	instructions:
		 0: def_%self 
		 1: def_%cl_2_0 
		 2: COPY def_%current_scope 
		 3: COPY def_%current_module 
BB 3
	outgoing: 4 6 
	datadep: 
	instructions:
		 0: 
		 1: def_%cl_2_3 %self[2.0,] 
		 2: COPY def_%cl_2_4 %cl_2_3[3.1,] 
		 3: %self->render def_%cl_2_5 %self[2.0,] %cl_2_4[3.2,] 
		 4: RETURN %cl_2_5[3.3,] %self[3.3,2.0,] 
BB 4
	outgoing: 6 
	datadep: 
	instructions:
		 0: def_%cl_2_6 
		 1: def_%cl_2_7 %cl_2_6[4.0,] 
		 2: RETURN %cl_2_7[4.1,] %self[2.0,] 
BB 6
	outgoing: 
	datadep: 
	instructions:
CLOSURE END
		 4: RETURN %cl_1_4[3.3,] %self[2.0,] 
BB 4
	outgoing: 6 
	datadep: 
	instructions:
		 0: def_%cl_1_5 
		 1: def_%cl_1_6 %cl_1_5[4.0,] 
		 2: RETURN %cl_1_6[4.1,] %self[2.0,] 
BB 6
	outgoing: 
	datadep: 
	instructions:
CLOSURE END
		 13: RETURN %v_7[2.12,] %self[2.0,2.12,] 
BB 3
	outgoing: 
	datadep: 
	instructions:

SET IRMethod, name = edit
BB 1
	outgoing: 3 2 
	datadep: 
	instructions:
BB 2
	outgoing: 3 
	datadep: 
	instructions:
		 0: def_%self 
		 1: def_%v_0 
		 2: COPY def_%current_scope 
		 3: COPY def_%current_module 
		 4: 
		 5: 
		 6: %self->current_user def_%v_3 %self[2.0,] 
		 7: %v_3->company def_%v_4 %v_3[2.6,] 
		 8: %v_4->triggers def_%v_5 %v_4[2.7,] 
		 9: %self->params def_%v_6 %self[2.0,2.6,] 
		 10: def_%v_7 %v_6[2.9,] 
		 11: %v_5->find def_%v_8 %v_5[2.8,] %v_7[2.10,] 
		 12: ATTRASSIGN %self->@trigger %self[2.0,2.6,2.9,] %v_8[2.11,] 
		 13: 
		 14: COPY def_%v_9 
		 15: (Setting) def_%v_10 
		 16: %v_10->productName def_%v_11 %v_10[2.15,] 
		 17: COPY def_%v_12 %v_11[2.16,] 
		 18: %self->t def_%v_13 %self[2.0,2.6,2.9,] %v_9[2.14,] %v_12[2.17,] 
		 19: ATTRASSIGN %self->@page_title %self[2.0,2.6,2.9,2.18,] %v_13[2.18,] 
		 20: 
		 21: def_%v_14 %self[2.0,2.6,2.9,2.18,] %self[2.0,2.6,2.9,2.18,] 
CLOSURE BEGIN: %self[2.0,2.6,2.9,2.18,] 
BB 1
	outgoing: 6 2 
	datadep: 
	instructions:
BB 2
	outgoing: 3 
	datadep: 
	instructions:
		 0: def_%self 
		 1: def_%cl_1_0 
		 2: COPY def_%current_scope 
		 3: COPY def_%current_module 
BB 3
	outgoing: 4 6 
	datadep: 
	instructions:
		 0: 
		 1: %self->ruby_code_from_view def_%cl_1_3 %self[2.0,] 
		 2: %cl_1_3->ruby_code_from_view def_%cl_1_4 %cl_1_3[3.1,] %self[3.1,2.0,] 
CLOSURE BEGIN: %self[3.1,2.0,] scripts[] 
BB 1
	outgoing: 20 2 
	datadep: 
	instructions:
BB 2
	outgoing: 3 
	datadep: 
	instructions:
		 0: def_%self 
		 1: def_%cl_2_0 
		 2: RECEIVEARG def_rb_from_view 
		 3: COPY def_%current_scope 
		 4: COPY def_%current_module 
BB 3
	outgoing: 4 5 18 
	datadep: 
	instructions:
		 0: 
		 1: %self->all_custom_scripts def_%cl_2_3 %self[2.0,] 
		 2: COPY def_scripts %cl_2_3[3.1,] 
		 3: 
		 4: COPY def_%cl_2_4 
		 5: %self->t def_%cl_2_5 %self[3.1,2.0,] %cl_2_4[3.4,] 
		 6: 
		 7: %self->selected def_%cl_2_6 %self[3.1,3.5,2.0,] 
		 8: COPY def_%cl_2_7 
		 9: %self->active_class def_%cl_2_8 %self[3.1,3.5,3.7,2.0,] %cl_2_6[3.7,] %cl_2_7[3.8,] 
		 10: 
		 11: COPY def_%cl_2_9 
		 12: %self->t def_%cl_2_10 %self[3.1,3.5,3.7,3.9,2.0,] %cl_2_9[3.11,] 
		 13: %self->current_user def_%cl_2_11 %self[3.1,3.5,3.7,3.9,3.12,2.0,] 
		 14: %cl_2_11->company def_%cl_2_12 %cl_2_11[3.13,] 
		 15: %self->edit_company_path def_%cl_2_13 %self[3.1,3.5,3.7,3.9,3.12,3.13,2.0,] %cl_2_12[3.14,] 
		 16: %self->link_to def_%cl_2_14 %self[3.1,3.5,3.7,3.9,3.12,3.13,3.15,2.0,] %cl_2_10[3.12,] %cl_2_13[3.15,] 
		 17: 
		 18: %self->current_user def_%cl_2_15 %self[3.1,3.5,3.7,3.9,3.12,3.13,3.15,3.16,2.0,] 
		 19: %cl_2_15->company def_%cl_2_16 %cl_2_15[3.18,] 
		 20: %cl_2_16->use_score_rules? def_%cl_2_17 %cl_2_16[3.19,] 
		 21: BRANCH %cl_2_17[3.20,] 
BB 4
	outgoing: 6 18 
	datadep: 
	instructions:
		 0: 
		 1: %self->selected def_%cl_2_18 %self[2.0,] 
		 2: COPY def_%cl_2_19 
		 3: %self->active_class def_%cl_2_20 %self[4.1,2.0,] %cl_2_18[4.1,] %cl_2_19[4.2,] 
		 4: 
		 5: (ScoreRule) def_%cl_2_21 
		 6: %cl_2_21->model_name def_%cl_2_22 %cl_2_21[4.5,] 
		 7: COPY def_%cl_2_23 
		 8: %cl_2_22->human def_%cl_2_24 %cl_2_22[4.6,] %cl_2_23[4.7,] 
		 9: %self->score_rules_companies_path def_%cl_2_25 %self[4.1,4.3,2.0,] 
		 10: %self->link_to def_%cl_2_26 %self[4.1,4.3,4.9,2.0,] %cl_2_24[4.8,] %cl_2_25[4.9,] 
		 11: 
BB 5
	outgoing: 6 
	datadep: 
	instructions:
		 0: COPY def_%cl_2_26 
BB 6
	outgoing: 7 8 18 
	datadep: 
	instructions:
		 0: 
		 1: scripts->size def_%cl_2_27 scripts[3.2,] 
		 2: def_%cl_2_28 %cl_2_27[6.1,] 
		 3: BRANCH %cl_2_28[6.2,] 
BB 7
	outgoing: 9 18 
	datadep: 
	instructions:
		 0: 
		 1: %self->selected def_%cl_2_29 %self[2.0,] 
		 2: COPY def_%cl_2_30 
		 3: %self->active_class def_%cl_2_31 %self[7.1,2.0,] %cl_2_29[7.1,] %cl_2_30[7.2,] 
		 4: 
		 5: COPY def_%cl_2_32 
		 6: %self->t def_%cl_2_33 %self[7.1,7.3,2.0,] %cl_2_32[7.5,] 
		 7: %self->custom_scripts_companies_path def_%cl_2_34 %self[7.1,7.3,7.6,2.0,] 
		 8: %self->link_to def_%cl_2_35 %self[7.1,7.3,7.6,7.7,2.0,] %cl_2_33[7.6,] %cl_2_34[7.7,] 
		 9: 
BB 8
	outgoing: 9 
	datadep: 
	instructions:
		 0: COPY def_%cl_2_35 
BB 9
	outgoing: 10 11 18 
	datadep: 
	instructions:
		 0: 
		 1: %self->selected def_%cl_2_36 %self[2.0,] 
		 2: COPY def_%cl_2_37 
		 3: %self->active_class def_%cl_2_38 %self[9.1,2.0,] %cl_2_36[9.1,] %cl_2_37[9.2,] 
		 4: 
		 5: def_%cl_2_39 
		 6: %cl_2_39[9.5,] 
BB 10
	outgoing: 11 18 
	datadep: 
	instructions:
		 0: def_%cl_2_39 
BB 11
	outgoing: 12 13 18 
	datadep: 
	instructions:
		 0: %cl_2_39->model_name def_%cl_2_40 %cl_2_39[10.0,9.5,] 
		 1: COPY def_%cl_2_41 
		 2: %cl_2_40->human def_%cl_2_42 %cl_2_40[11.0,] %cl_2_41[11.1,] 
		 3: %self->task_templates_path def_%cl_2_43 %self[2.0,] 
		 4: %self->link_to def_%cl_2_44 %self[11.3,2.0,] %cl_2_42[11.2,] %cl_2_43[11.3,] 
		 5: 
		 6: %self->selected def_%cl_2_45 %self[11.3,11.4,2.0,] 
		 7: COPY def_%cl_2_46 
		 8: %self->active_class def_%cl_2_47 %self[11.3,11.4,11.6,2.0,] %cl_2_45[11.6,] %cl_2_46[11.7,] 
		 9: 
		 10: (Trigger) def_%cl_2_48 
		 11: %cl_2_48->model_name def_%cl_2_49 %cl_2_48[11.10,] 
		 12: COPY def_%cl_2_50 
		 13: %cl_2_49->human def_%cl_2_51 %cl_2_49[11.11,] %cl_2_50[11.12,] 
		 14: %self->triggers_path def_%cl_2_52 %self[11.3,11.4,11.6,11.8,2.0,] 
		 15: %self->link_to def_%cl_2_53 %self[11.3,11.4,11.6,11.8,11.14,2.0,] %cl_2_51[11.13,] %cl_2_52[11.14,] 
		 16: 
		 17: %self->current_user def_%cl_2_54 %self[11.3,11.4,11.6,11.8,11.14,11.15,2.0,] 
		 18: %cl_2_54->can_use_billing? def_%cl_2_55 %cl_2_54[11.17,] 
		 19: BRANCH %cl_2_55[11.18,] 
BB 12
	outgoing: 14 18 
	datadep: 
	instructions:
		 0: 
		 1: %self->selected def_%cl_2_56 %self[2.0,] 
		 2: COPY def_%cl_2_57 
		 3: %self->active_class def_%cl_2_58 %self[12.1,2.0,] %cl_2_56[12.1,] %cl_2_57[12.2,] 
		 4: 
		 5: (Service) def_%cl_2_59 
		 6: %cl_2_59->model_name def_%cl_2_60 %cl_2_59[12.5,] 
		 7: COPY def_%cl_2_61 
		 8: %cl_2_60->human def_%cl_2_62 %cl_2_60[12.6,] %cl_2_61[12.7,] 
		 9: %self->services_path def_%cl_2_63 %self[12.1,12.3,2.0,] 
		 10: %self->link_to def_%cl_2_64 %self[12.1,12.3,12.9,2.0,] %cl_2_62[12.8,] %cl_2_63[12.9,] 
		 11: 
BB 13
	outgoing: 14 
	datadep: 
	instructions:
		 0: COPY def_%cl_2_64 
BB 14
	outgoing: 15 16 18 
	datadep: 
	instructions:
		 0: 
		 1: %self->selected def_%cl_2_65 %self[2.0,] 
		 2: COPY def_%cl_2_66 
		 3: %self->active_class def_%cl_2_67 %self[14.1,2.0,] %cl_2_65[14.1,] %cl_2_66[14.2,] 
		 4: 
		 5: (NewsItem) def_%cl_2_68 
		 6: %cl_2_68->model_name def_%cl_2_69 %cl_2_68[14.5,] 
		 7: COPY def_%cl_2_70 
		 8: %cl_2_69->human def_%cl_2_71 %cl_2_69[14.6,] %cl_2_70[14.7,] 
		 9: %self->news_items_path def_%cl_2_72 %self[14.1,14.3,2.0,] 
		 10: %self->link_to def_%cl_2_73 %self[14.1,14.3,14.9,2.0,] %cl_2_71[14.8,] %cl_2_72[14.9,] 
		 11: 
		 12: %self->selected def_%cl_2_74 %self[14.1,14.3,14.9,14.10,2.0,] 
		 13: COPY def_%cl_2_75 
		 14: %self->active_class def_%cl_2_76 %self[14.1,14.3,14.9,14.10,14.12,2.0,] %cl_2_74[14.12,] %cl_2_75[14.13,] 
		 15: 
		 16: (Snippet) def_%cl_2_77 
		 17: %cl_2_77->model_name def_%cl_2_78 %cl_2_77[14.16,] 
		 18: COPY def_%cl_2_79 
		 19: %cl_2_78->human def_%cl_2_80 %cl_2_78[14.17,] %cl_2_79[14.18,] 
		 20: %self->snippets_path def_%cl_2_81 %self[14.1,14.3,14.9,14.10,14.12,14.14,2.0,] 
		 21: %self->link_to def_%cl_2_82 %self[14.1,14.3,14.9,14.10,14.12,14.14,14.20,2.0,] %cl_2_80[14.19,] %cl_2_81[14.20,] 
		 22: 
		 23: %self->selected def_%cl_2_83 %self[14.1,14.3,14.9,14.10,14.12,14.14,14.20,14.21,2.0,] 
		 24: COPY def_%cl_2_84 
		 25: %self->active_class def_%cl_2_85 %self[14.1,14.3,14.9,14.10,14.12,14.14,14.20,14.21,14.23,2.0,] %cl_2_83[14.23,] %cl_2_84[14.24,] 
		 26: 
		 27: COPY def_%cl_2_86 
		 28: %self->t def_%cl_2_87 %self[14.1,14.3,14.9,14.10,14.12,14.14,14.20,14.21,14.23,14.25,2.0,] %cl_2_86[14.27,] 
		 29: %self->email_addresses_path def_%cl_2_88 %self[14.1,14.3,14.9,14.10,14.12,14.14,14.20,14.21,14.23,14.25,14.28,2.0,] 
		 30: %self->link_to def_%cl_2_89 %self[14.1,14.3,14.9,14.10,14.12,14.14,14.20,14.21,14.23,14.25,14.28,14.29,2.0,] %cl_2_87[14.28,] %cl_2_88[14.29,] 
		 31: 
		 32: COPY def_%cl_2_90 
		 33: %self->t def_%cl_2_91 %self[14.1,14.3,14.9,14.10,14.12,14.14,14.20,14.21,14.23,14.25,14.28,14.29,14.30,2.0,] %cl_2_90[14.32,] 
		 34: 
		 35: %self->selected def_%cl_2_92 %self[14.1,14.3,14.9,14.10,14.12,14.14,14.20,14.21,14.23,14.25,14.28,14.29,14.30,14.33,2.0,] 
		 36: COPY def_%cl_2_93 
		 37: %self->active_class def_%cl_2_94 %self[14.1,14.3,14.9,14.10,14.12,14.14,14.20,14.21,14.23,14.25,14.28,14.29,14.30,14.33,14.35,2.0,] %cl_2_92[14.35,] %cl_2_93[14.36,] 
		 38: 
		 39: COPY def_%cl_2_95 
		 40: %self->t def_%cl_2_96 %self[14.1,14.3,14.9,14.10,14.12,14.14,14.20,14.21,14.23,14.25,14.28,14.29,14.30,14.33,14.35,14.37,2.0,] %cl_2_95[14.39,] 
		 41: COPY def_%cl_2_97 
		 42: %self->link_to def_%cl_2_98 %self[14.1,14.3,14.9,14.10,14.12,14.14,14.20,14.21,14.23,14.25,14.28,14.29,14.30,14.33,14.35,14.37,14.40,2.0,] %cl_2_96[14.40,] %cl_2_97[14.41,] 
		 43: 
		 44: %self->selected def_%cl_2_99 %self[14.1,14.3,14.9,14.10,14.12,14.14,14.20,14.21,14.23,14.25,14.28,14.29,14.30,14.33,14.35,14.37,14.40,14.42,2.0,] 
		 45: COPY def_%cl_2_100 
		 46: %self->active_class def_%cl_2_101 %self[14.1,14.3,14.9,14.10,14.12,14.14,14.20,14.21,14.23,14.25,14.28,14.29,14.30,14.33,14.35,14.37,14.40,14.42,14.44,2.0,] %cl_2_99[14.44,] %cl_2_100[14.45,] 
		 47: 
		 48: (Company) def_%cl_2_102 
		 49: %cl_2_102->model_name def_%cl_2_103 %cl_2_102[14.48,] 
		 50: COPY def_%cl_2_104 
		 51: %cl_2_103->human def_%cl_2_105 %cl_2_103[14.49,] %cl_2_104[14.50,] 
		 52: COPY def_%cl_2_106 
		 53: %self->link_to def_%cl_2_107 %self[14.1,14.3,14.9,14.10,14.12,14.14,14.20,14.21,14.23,14.25,14.28,14.29,14.30,14.33,14.35,14.37,14.40,14.42,14.44,14.46,2.0,] %cl_2_105[14.51,] %cl_2_106[14.52,] 
		 54: 
		 55: %self->selected def_%cl_2_108 %self[14.1,14.3,14.9,14.10,14.12,14.14,14.20,14.21,14.23,14.25,14.28,14.29,14.30,14.33,14.35,14.37,14.40,14.42,14.44,14.46,14.53,2.0,] 
		 56: COPY def_%cl_2_109 
		 57: %self->active_class def_%cl_2_110 %self[14.1,14.3,14.9,14.10,14.12,14.14,14.20,14.21,14.23,14.25,14.28,14.29,14.30,14.33,14.35,14.37,14.40,14.42,14.44,14.46,14.53,14.55,2.0,] %cl_2_108[14.55,] %cl_2_109[14.56,] 
		 58: 
		 59: COPY def_%cl_2_111 
		 60: %self->t def_%cl_2_112 %self[14.1,14.3,14.9,14.10,14.12,14.14,14.20,14.21,14.23,14.25,14.28,14.29,14.30,14.33,14.35,14.37,14.40,14.42,14.44,14.46,14.53,14.55,14.57,2.0,] %cl_2_111[14.59,] 
		 61: COPY def_%cl_2_113 
		 62: %self->link_to def_%cl_2_114 %self[14.1,14.3,14.9,14.10,14.12,14.14,14.20,14.21,14.23,14.25,14.28,14.29,14.30,14.33,14.35,14.37,14.40,14.42,14.44,14.46,14.53,14.55,14.57,14.60,2.0,] %cl_2_112[14.60,] %cl_2_113[14.61,] 
		 63: 
		 64: %self->selected def_%cl_2_115 %self[14.1,14.3,14.9,14.10,14.12,14.14,14.20,14.21,14.23,14.25,14.28,14.29,14.30,14.33,14.35,14.37,14.40,14.42,14.44,14.46,14.53,14.55,14.57,14.60,14.62,2.0,] 
		 65: COPY def_%cl_2_116 
		 66: %self->active_class def_%cl_2_117 %self[14.1,14.3,14.9,14.10,14.12,14.14,14.20,14.21,14.23,14.25,14.28,14.29,14.30,14.33,14.35,14.37,14.40,14.42,14.44,14.46,14.53,14.55,14.57,14.60,14.62,14.64,2.0,] %cl_2_115[14.64,] %cl_2_116[14.65,] 
		 67: 
		 68: (WorkLog) def_%cl_2_118 
		 69: %cl_2_118->model_name def_%cl_2_119 %cl_2_118[14.68,] 
		 70: COPY def_%cl_2_120 
		 71: %cl_2_119->human def_%cl_2_121 %cl_2_119[14.69,] %cl_2_120[14.70,] 
		 72: COPY def_%cl_2_122 
		 73: %self->link_to def_%cl_2_123 %self[14.1,14.3,14.9,14.10,14.12,14.14,14.20,14.21,14.23,14.25,14.28,14.29,14.30,14.33,14.35,14.37,14.40,14.42,14.44,14.46,14.53,14.55,14.57,14.60,14.62,14.64,14.66,2.0,] %cl_2_121[14.71,] %cl_2_122[14.72,] 
		 74: 
		 75: %self->selected def_%cl_2_124 %self[14.1,14.3,14.9,14.10,14.12,14.14,14.20,14.21,14.23,14.25,14.28,14.29,14.30,14.33,14.35,14.37,14.40,14.42,14.44,14.46,14.53,14.55,14.57,14.60,14.62,14.64,14.66,14.73,2.0,] 
		 76: COPY def_%cl_2_125 
		 77: %self->active_class def_%cl_2_126 %self[14.1,14.3,14.9,14.10,14.12,14.14,14.20,14.21,14.23,14.25,14.28,14.29,14.30,14.33,14.35,14.37,14.40,14.42,14.44,14.46,14.53,14.55,14.57,14.60,14.62,14.64,14.66,14.73,14.75,2.0,] %cl_2_124[14.75,] %cl_2_125[14.76,] 
		 78: 
		 79: (TaskRecord) def_%cl_2_127 
		 80: %cl_2_127->model_name def_%cl_2_128 %cl_2_127[14.79,] 
		 81: COPY def_%cl_2_129 
		 82: %cl_2_128->human def_%cl_2_130 %cl_2_128[14.80,] %cl_2_129[14.81,] 
		 83: %self->properties_path def_%cl_2_131 %self[14.1,14.3,14.9,14.10,14.12,14.14,14.20,14.21,14.23,14.25,14.28,14.29,14.30,14.33,14.35,14.37,14.40,14.42,14.44,14.46,14.53,14.55,14.57,14.60,14.62,14.64,14.66,14.73,14.75,14.77,2.0,] 
		 84: %self->link_to def_%cl_2_132 %self[14.1,14.3,14.9,14.10,14.12,14.14,14.20,14.21,14.23,14.25,14.28,14.29,14.30,14.33,14.35,14.37,14.40,14.42,14.44,14.46,14.53,14.55,14.57,14.60,14.62,14.64,14.66,14.73,14.75,14.77,14.83,2.0,] %cl_2_130[14.82,] %cl_2_131[14.83,] 
		 85: 
		 86: %self->current_user def_%cl_2_133 %self[14.1,14.3,14.9,14.10,14.12,14.14,14.20,14.21,14.23,14.25,14.28,14.29,14.30,14.33,14.35,14.37,14.40,14.42,14.44,14.46,14.53,14.55,14.57,14.60,14.62,14.64,14.66,14.73,14.75,14.77,14.83,14.84,2.0,] 
		 87: %cl_2_133->use_resources? def_%cl_2_134 %cl_2_133[14.86,] 
		 88: BRANCH %cl_2_134[14.87,] 
BB 15
	outgoing: 17 18 
	datadep: 
	instructions:
		 0: 
		 1: %self->selected def_%cl_2_135 %self[2.0,] 
		 2: COPY def_%cl_2_136 
		 3: %self->active_class def_%cl_2_137 %self[15.1,2.0,] %cl_2_135[15.1,] %cl_2_136[15.2,] 
		 4: 
		 5: (ResourceType) def_%cl_2_138 
		 6: %cl_2_138->model_name def_%cl_2_139 %cl_2_138[15.5,] 
		 7: COPY def_%cl_2_140 
		 8: %cl_2_139->human def_%cl_2_141 %cl_2_139[15.6,] %cl_2_140[15.7,] 
		 9: %self->resource_types_path def_%cl_2_142 %self[15.1,15.3,2.0,] 
		 10: %self->link_to def_%cl_2_143 %self[15.1,15.3,15.9,2.0,] %cl_2_141[15.8,] %cl_2_142[15.9,] 
		 11: 
BB 16
	outgoing: 20 
	datadep: 
	instructions:
		 0: RETURN %self[2.0,] 
BB 17
	outgoing: 20 
	datadep: 
	instructions:
		 0: RETURN %cl_2_143[15.10,] %self[2.0,] 
BB 18
	outgoing: 20 
	datadep: 
	instructions:
		 0: def_%cl_2_144 
		 1: def_%cl_2_145 %cl_2_144[18.0,] 
		 2: RETURN %cl_2_145[18.1,] %self[2.0,] 
BB 20
	outgoing: 
	datadep: 
	instructions:
CLOSURE END
		 3: RETURN %cl_1_4[3.2,] %self[3.1,2.0,] 
BB 4
	outgoing: 6 
	datadep: 
	instructions:
		 0: def_%cl_1_5 
		 1: def_%cl_1_6 %cl_1_5[4.0,] 
		 2: RETURN %cl_1_6[4.1,] %self[2.0,] 
BB 6
	outgoing: 
	datadep: 
	instructions:
CLOSURE END
		 22: 
		 23: COPY def_%v_15 
		 24: %self->t def_%v_16 %self[2.0,2.6,2.9,2.18,] %v_15[2.23,] 
		 25: 
		 26: %self->ruby_code_from_view def_%v_17 %self[2.0,2.6,2.9,2.18,2.24,] 
		 27: %v_17->ruby_code_from_view def_%v_18 %v_17[2.26,] %self[2.0,2.6,2.9,2.18,2.24,2.26,] 
CLOSURE BEGIN: %self[2.0,2.6,2.9,2.18,2.24,2.26,] 
BB 1
	outgoing: 8 2 
	datadep: 
	instructions:
BB 2
	outgoing: 3 
	datadep: 
	instructions:
		 0: def_%self 
		 1: def_%cl_3_0 
		 2: RECEIVEARG def_rb_from_view 
		 3: COPY def_%current_scope 
		 4: COPY def_%current_module 
BB 3
	outgoing: 4 5 6 
	datadep: 
	instructions:
		 0: 
		 1: def_%cl_3_3 %self[2.0,] 
		 2: COPY def_%cl_3_4 
		 3: COPY def_%cl_3_5 %cl_3_4[3.2,] 
		 4: COPY def_%cl_3_6 %cl_3_5[3.3,] 
		 5: %self->form_for def_%cl_3_7 %self[2.0,] %cl_3_3[3.1,] %cl_3_6[3.4,] %self[2.0,] 
CLOSURE BEGIN: f[] %self[2.0,] 
BB 1
	outgoing: 10 2 
	datadep: 
	instructions:
BB 2
	outgoing: 3 
	datadep: 
	instructions:
		 0: def_%self 
		 1: def_%cl_4_0 
		 2: RECEIVEARG def_f 
		 3: COPY def_%current_scope 
		 4: COPY def_%current_module 
BB 3
	outgoing: 4 5 8 
	datadep: 
	instructions:
		 0: 
		 1: f->error_messages def_%cl_4_3 f[2.2,] 
		 2: 
		 3: COPY def_%cl_4_4 
		 4: %self->t def_%cl_4_5 %self[2.0,] %cl_4_4[3.3,] 
		 5: f->label def_%cl_4_6 f[3.1,2.2,] %cl_4_5[3.4,] 
		 6: 
		 7: %self->current_user def_%cl_4_7 %self[3.4,2.0,] 
		 8: %cl_4_7->visible_task_filters def_%cl_4_8 %cl_4_7[3.7,] 
		 9: %self->objects_to_names_and_ids def_%cl_4_9 %self[3.4,3.7,2.0,] %cl_4_8[3.8,] 
		 10: f->select def_%cl_4_10 f[3.1,3.5,2.2,] %cl_4_9[3.9,] 
		 11: 
		 12: COPY def_%cl_4_11 
		 13: %self->t def_%cl_4_12 %self[3.4,3.7,3.9,2.0,] %cl_4_11[3.12,] 
		 14: f->label def_%cl_4_13 f[3.1,3.5,3.10,2.2,] %cl_4_12[3.13,] 
		 15: 
		 16: (Trigger) def_%cl_4_14 
		 17: def_%cl_4_15 %cl_4_14[3.16,] 
		 18: %cl_4_15[3.17,] 
BB 4
	outgoing: 5 8 
	datadep: 
	instructions:
		 0: def_%cl_4_15 %cl_4_14[3.16,] 
BB 5
	outgoing: 6 7 8 
	datadep: 
	instructions:
		 0: %cl_4_15->all def_%cl_4_16 %cl_4_15[4.0,3.17,] 
		 1: %self->objects_to_names_and_ids def_%cl_4_17 %self[2.0,] %cl_4_16[5.0,] 
		 2: f->select def_%cl_4_18 f[2.2,] %cl_4_17[5.1,] 
		 3: 
		 4: COPY def_%cl_4_19 
		 5: %self->t def_%cl_4_20 %self[5.1,2.0,] %cl_4_19[5.4,] 
		 6: 
		 7: COPY def_%cl_4_21 
		 8: %self->t def_%cl_4_22 %self[5.1,5.5,2.0,] %cl_4_21[5.7,] 
		 9: 
		 10: (Trigger) def_%cl_4_23 
		 11: def_%cl_4_24 %cl_4_23[5.10,] 
		 12: %cl_4_24[5.11,] 
BB 6
	outgoing: 7 8 
	datadep: 
	instructions:
		 0: def_%cl_4_24 %cl_4_23[5.10,] 
BB 7
	outgoing: 8 10 
	datadep: 
	instructions:
		 0: %cl_4_24->all def_%cl_4_25 %cl_4_24[6.0,5.11,] 
		 1: %self->options_from_collection_for_select def_%cl_4_26 %self[2.0,] %cl_4_25[7.0,] 
		 2: 
		 3: def_%cl_4_27 %self[7.1,2.0,] 
		 4: %cl_4_27->actions def_%cl_4_28 %cl_4_27[7.3,] 
		 5: %cl_4_28->each def_%cl_4_29 %cl_4_28[7.4,] %self[7.1,2.0,] 
CLOSURE BEGIN: %self[7.1,2.0,] action[] 
BB 1
	outgoing: 6 2 
	datadep: 
	instructions:
BB 2
	outgoing: 3 
	datadep: 
	instructions:
		 0: def_%self 
		 1: def_%cl_5_0 
		 2: RECEIVEARG def_action 
		 3: COPY def_%current_scope 
		 4: COPY def_%current_module 
BB 3
	outgoing: 4 6 
	datadep: 
	instructions:
		 0: 
		 1: COPY def_%cl_5_3 
		 2: COPY def_%cl_5_4 
		 3: COPY def_%cl_5_5 %cl_5_4[3.2,] 
		 4: %self->fields_for def_%cl_5_6 %self[2.0,] %cl_5_3[3.1,] action[2.2,] %cl_5_5[3.3,] %self[2.0,] 
CLOSURE BEGIN: %self[2.0,] fields[] 
BB 1
	outgoing: 6 2 
	datadep: 
	instructions:
BB 2
	outgoing: 3 
	datadep: 
	instructions:
		 0: def_%self 
		 1: def_%cl_6_0 
		 2: RECEIVEARG def_fields 
		 3: COPY def_%current_scope 
		 4: COPY def_%current_module 
BB 3
	outgoing: 4 6 
	datadep: 
	instructions:
		 0: 
		 1: %self->render_action_partial def_%cl_6_3 %self[2.0,] fields[2.2,] 
		 2: 
		 3: fields->hidden_field def_%cl_6_4 fields[2.2,] 
		 4: 
		 5: COPY def_%cl_6_5 
		 6: fields->hidden_field def_%cl_6_6 fields[3.3,2.2,] %cl_6_5[3.5,] 
		 7: RETURN %cl_6_6[3.6,] %self[3.1,2.0,] 
BB 4
	outgoing: 6 
	datadep: 
	instructions:
		 0: def_%cl_6_7 
		 1: def_%cl_6_8 %cl_6_7[4.0,] 
		 2: RETURN %cl_6_8[4.1,] %self[2.0,] 
BB 6
	outgoing: 
	datadep: 
	instructions:
CLOSURE END
		 5: RETURN %cl_5_6[3.4,] %self[3.4,2.0,] 
BB 4
	outgoing: 6 
	datadep: 
	instructions:
		 0: def_%cl_5_7 
		 1: def_%cl_5_8 %cl_5_7[4.0,] 
		 2: RETURN %cl_5_8[4.1,] %self[2.0,] 
BB 6
	outgoing: 
	datadep: 
	instructions:
CLOSURE END
		 6: 
		 7: f->object def_%cl_4_30 f[2.2,] 
		 8: %self->cit_submit_tag def_%cl_4_31 %self[7.1,2.0,] %cl_4_30[7.7,] 
		 9: RETURN %cl_4_31[7.8,] %self[7.1,7.8,2.0,] 
BB 8
	outgoing: 10 
	datadep: 
	instructions:
		 0: def_%cl_4_32 
		 1: def_%cl_4_33 %cl_4_32[8.0,] 
		 2: RETURN %cl_4_33[8.1,] %self[2.0,] 
BB 10
	outgoing: 
	datadep: 
	instructions:
CLOSURE END
		 6: 
		 7: (Trigger) def_%cl_3_8 
		 8: def_%cl_3_9 %cl_3_8[3.7,] 
		 9: %cl_3_9[3.8,] 
BB 4
	outgoing: 5 6 
	datadep: 
	instructions:
		 0: def_%cl_3_9 %cl_3_8[3.7,] 
BB 5
	outgoing: 6 8 
	datadep: 
	instructions:
		 0: %cl_3_9->all def_%cl_3_10 %cl_3_9[4.0,3.8,] 
		 1: %cl_3_10->each def_%cl_3_11 %cl_3_10[5.0,] %self[2.0,] 
CLOSURE BEGIN: factory[] %self[2.0,] 
BB 1
	outgoing: 6 2 
	datadep: 
	instructions:
BB 2
	outgoing: 3 
	datadep: 
	instructions:
		 0: def_%self 
		 1: def_%cl_7_0 
		 2: RECEIVEARG def_factory 
		 3: COPY def_%current_scope 
		 4: COPY def_%current_module 
BB 3
	outgoing: 4 6 
	datadep: 
	instructions:
		 0: 
		 1: factory->id def_%cl_7_3 factory[2.2,] 
		 2: 
		 3: COPY def_%cl_7_4 
		 4: factory->build def_%cl_7_5 factory[3.1,2.2,] 
		 5: %self->fields_for def_%cl_7_6 %self[2.0,] %cl_7_4[3.3,] %cl_7_5[3.4,] %self[2.0,] 
CLOSURE BEGIN: %self[2.0,] fields[] factory[3.1,3.4,2.2,] 
BB 1
	outgoing: 6 2 
	datadep: 
	instructions:
BB 2
	outgoing: 3 
	datadep: 
	instructions:
		 0: def_%self 
		 1: def_%cl_8_0 
		 2: RECEIVEARG def_fields 
		 3: COPY def_%current_scope 
		 4: COPY def_%current_module 
BB 3
	outgoing: 4 6 
	datadep: 
	instructions:
		 0: 
		 1: %self->render_action_partial def_%cl_8_3 %self[2.0,] fields[2.2,] 
		 2: 
		 3: fields->hidden_field def_%cl_8_4 fields[2.2,] 
		 4: 
		 5: factory->id def_%cl_8_5 factory[] 
		 6: COPY def_%cl_8_6 %cl_8_5[3.5,] 
		 7: fields->hidden_field def_%cl_8_7 fields[3.3,2.2,] %cl_8_6[3.6,] 
		 8: RETURN %cl_8_7[3.7,] %self[3.1,2.0,] 
BB 4
	outgoing: 6 
	datadep: 
	instructions:
		 0: def_%cl_8_8 
		 1: def_%cl_8_9 %cl_8_8[4.0,] 
		 2: RETURN %cl_8_9[4.1,] %self[2.0,] 
BB 6
	outgoing: 
	datadep: 
	instructions:
CLOSURE END
		 6: RETURN %cl_7_6[3.5,] %self[3.5,2.0,] 
BB 4
	outgoing: 6 
	datadep: 
	instructions:
		 0: def_%cl_7_7 
		 1: def_%cl_7_8 %cl_7_7[4.0,] 
		 2: RETURN %cl_7_8[4.1,] %self[2.0,] 
BB 6
	outgoing: 
	datadep: 
	instructions:
CLOSURE END
		 2: RETURN %cl_3_11[5.1,] %self[2.0,] 
BB 6
	outgoing: 8 
	datadep: 
	instructions:
		 0: def_%cl_3_12 
		 1: def_%cl_3_13 %cl_3_12[6.0,] 
		 2: RETURN %cl_3_13[6.1,] %self[2.0,] 
BB 8
	outgoing: 
	datadep: 
	instructions:
CLOSURE END
		 28: RETURN %v_18[2.27,] %self[2.0,2.6,2.9,2.18,2.24,2.26,] 
BB 3
	outgoing: 
	datadep: 
	instructions:

SET IRMethod, name = create
BB 1
	outgoing: 3 2 
	datadep: 
	instructions:
BB 2
	outgoing: 3 
	datadep: 
	instructions:
		 0: def_%self 
		 1: def_%v_0 
		 2: COPY def_%current_scope 
		 3: COPY def_%current_module 
		 4: 
		 5: 
		 6: (Trigger) def_%v_3 
		 7: %self->params def_%v_4 %self[2.0,] 
		 8: def_%v_5 %v_4[2.7,] 
		 9: %v_3->new def_%v_6 %v_3[2.6,] %v_5[2.8,] 
		 10: ATTRASSIGN %self->@trigger %self[2.0,2.7,] %v_6[2.9,] 
		 11: 
		 12: def_%v_7 %self[2.0,2.7,] 
		 13: %self->current_user def_%v_8 %self[2.0,2.7,] 
		 14: %v_8->company def_%v_9 %v_8[2.13,] 
		 15: ATTRASSIGN %v_7->company %v_7[2.12,] %v_9[2.14,] 
		 16: 
		 17: %self->respond_to def_%v_10 %self[2.0,2.7,2.13,] %self[2.0,2.7,2.13,] 
CLOSURE BEGIN: %self[2.0,2.7,2.13,] format[] 
BB 1
	outgoing: 9 2 
	datadep: 
	instructions:
BB 2
	outgoing: 3 
	datadep: 
	instructions:
		 0: def_%self 
		 1: def_%cl_1_0 
		 2: RECEIVEARG def_format 
		 3: COPY def_%current_scope 
		 4: COPY def_%current_module 
BB 3
	outgoing: 4 5 7 
	datadep: 
	instructions:
		 0: 
		 1: def_%cl_1_3 %self[2.0,] 
		 2: %cl_1_3->save def_%cl_1_4 %cl_1_3[3.1,] 
		 3: BRANCH %cl_1_4[3.2,] 
BB 4
	outgoing: 6 7 
	datadep: 
	instructions:
		 0: 
		 1: %self->flash def_%cl_1_5 %self[2.0,] 
		 2: COPY def_%cl_1_6 
		 3: (Trigger) def_%cl_1_7 
		 4: %cl_1_7->model_name def_%cl_1_8 %cl_1_7[4.3,] 
		 5: %cl_1_8->human def_%cl_1_9 %cl_1_8[4.4,] 
		 6: COPY def_%cl_1_10 %cl_1_9[4.5,] 
		 7: %self->t def_%cl_1_11 %self[4.1,2.0,] %cl_1_6[4.2,] %cl_1_10[4.6,] 
		 8: %cl_1_5[4.1,] %cl_1_11[4.7,] 
		 9: 
		 10: format->html def_%cl_1_12 format[2.2,] %self[4.1,4.7,2.0,] 
CLOSURE BEGIN: %self[4.1,4.7,2.0,] 
BB 1
	outgoing: 6 2 
	datadep: 
	instructions:
BB 2
	outgoing: 3 
	datadep: 
	instructions:
		 0: def_%self 
		 1: def_%cl_2_0 
		 2: COPY def_%current_scope 
		 3: COPY def_%current_module 
BB 3
	outgoing: 4 6 
	datadep: 
	instructions:
		 0: 
		 1: %self->triggers_path def_%cl_2_3 %self[2.0,] 
		 2: %self->redirect_to def_%cl_2_4 %self[3.1,2.0,] %cl_2_3[3.1,] 
		 3: RETURN %cl_2_4[3.2,] %self[3.1,3.2,2.0,] 
BB 4
	outgoing: 6 
	datadep: 
	instructions:
		 0: def_%cl_2_5 
		 1: def_%cl_2_6 %cl_2_5[4.0,] 
		 2: RETURN %cl_2_6[4.1,] %self[2.0,] 
BB 6
	outgoing: 
	datadep: 
	instructions:
CLOSURE END
		 11: 
		 12: format->xml def_%cl_1_13 format[4.10,2.2,] %self[4.1,4.7,2.0,] 
CLOSURE BEGIN: %self[4.1,4.7,2.0,] 
BB 1
	outgoing: 6 2 
	datadep: 
	instructions:
BB 2
	outgoing: 3 
	datadep: 
	instructions:
		 0: def_%self 
		 1: def_%cl_3_0 
		 2: COPY def_%current_scope 
		 3: COPY def_%current_module 
BB 3
	outgoing: 4 6 
	datadep: 
	instructions:
		 0: 
		 1: def_%cl_3_3 %self[2.0,] 
		 2: def_%cl_3_4 %self[2.0,] 
		 3: COPY def_%cl_3_5 %cl_3_3[3.1,] %cl_3_4[3.2,] 
		 4: %self->render def_%cl_3_6 %self[2.0,] %cl_3_5[3.3,] 
		 5: RETURN %cl_3_6[3.4,] %self[3.4,2.0,] 
BB 4
	outgoing: 6 
	datadep: 
	instructions:
		 0: def_%cl_3_7 
		 1: def_%cl_3_8 %cl_3_7[4.0,] 
		 2: RETURN %cl_3_8[4.1,] %self[2.0,] 
BB 6
	outgoing: 
	datadep: 
	instructions:
CLOSURE END
		 13: 
BB 5
	outgoing: 7 9 
	datadep: 
	instructions:
		 0: 
		 1: format->html def_%cl_1_14 format[2.2,] %self[2.0,] 
CLOSURE BEGIN: %self[2.0,] 
BB 1
	outgoing: 6 2 
	datadep: 
	instructions:
BB 2
	outgoing: 3 
	datadep: 
	instructions:
		 0: def_%self 
		 1: def_%cl_4_0 
		 2: COPY def_%current_scope 
		 3: COPY def_%current_module 
BB 3
	outgoing: 4 6 
	datadep: 
	instructions:
		 0: 
		 1: %self->ruby_code_from_view def_%cl_4_3 %self[2.0,] 
		 2: %cl_4_3->ruby_code_from_view def_%cl_4_4 %cl_4_3[3.1,] %self[3.1,2.0,] 
CLOSURE BEGIN: %self[3.1,2.0,] 
BB 1
	outgoing: 6 2 
	datadep: 
	instructions:
BB 2
	outgoing: 3 
	datadep: 
	instructions:
		 0: def_%self 
		 1: def_%cl_5_0 
		 2: RECEIVEARG def_rb_from_view 
		 3: COPY def_%current_scope 
		 4: COPY def_%current_module 
BB 3
	outgoing: 4 6 
	datadep: 
	instructions:
		 0: 
		 1: COPY def_%cl_5_3 
		 2: (Setting) def_%cl_5_4 
		 3: %cl_5_4->productName def_%cl_5_5 %cl_5_4[3.2,] 
		 4: COPY def_%cl_5_6 %cl_5_5[3.3,] 
		 5: %self->t def_%cl_5_7 %self[2.0,] %cl_5_3[3.1,] %cl_5_6[3.4,] 
		 6: ATTRASSIGN %self->@page_title %self[3.5,2.0,] %cl_5_7[3.5,] 
		 7: 
		 8: def_%cl_5_8 %self[3.5,2.0,] %self[3.5,2.0,] 
CLOSURE BEGIN: %self[3.5,2.0,] 
BB 1
	outgoing: 6 2 
	datadep: 
	instructions:
BB 2
	outgoing: 3 
	datadep: 
	instructions:
		 0: def_%self 
		 1: def_%cl_6_0 
		 2: COPY def_%current_scope 
		 3: COPY def_%current_module 
BB 3
	outgoing: 4 6 
	datadep: 
	instructions:
		 0: 
		 1: %self->ruby_code_from_view def_%cl_6_3 %self[2.0,] 
		 2: %cl_6_3->ruby_code_from_view def_%cl_6_4 %cl_6_3[3.1,] %self[3.1,2.0,] 
CLOSURE BEGIN: %self[3.1,2.0,] scripts[] 
BB 1
	outgoing: 20 2 
	datadep: 
	instructions:
BB 2
	outgoing: 3 
	datadep: 
	instructions:
		 0: def_%self 
		 1: def_%cl_7_0 
		 2: RECEIVEARG def_rb_from_view 
		 3: COPY def_%current_scope 
		 4: COPY def_%current_module 
BB 3
	outgoing: 4 5 18 
	datadep: 
	instructions:
		 0: 
		 1: %self->all_custom_scripts def_%cl_7_3 %self[2.0,] 
		 2: COPY def_scripts %cl_7_3[3.1,] 
		 3: 
		 4: COPY def_%cl_7_4 
		 5: %self->t def_%cl_7_5 %self[3.1,2.0,] %cl_7_4[3.4,] 
		 6: 
		 7: %self->selected def_%cl_7_6 %self[3.1,3.5,2.0,] 
		 8: COPY def_%cl_7_7 
		 9: %self->active_class def_%cl_7_8 %self[3.1,3.5,3.7,2.0,] %cl_7_6[3.7,] %cl_7_7[3.8,] 
		 10: 
		 11: COPY def_%cl_7_9 
		 12: %self->t def_%cl_7_10 %self[3.1,3.5,3.7,3.9,2.0,] %cl_7_9[3.11,] 
		 13: %self->current_user def_%cl_7_11 %self[3.1,3.5,3.7,3.9,3.12,2.0,] 
		 14: %cl_7_11->company def_%cl_7_12 %cl_7_11[3.13,] 
		 15: %self->edit_company_path def_%cl_7_13 %self[3.1,3.5,3.7,3.9,3.12,3.13,2.0,] %cl_7_12[3.14,] 
		 16: %self->link_to def_%cl_7_14 %self[3.1,3.5,3.7,3.9,3.12,3.13,3.15,2.0,] %cl_7_10[3.12,] %cl_7_13[3.15,] 
		 17: 
		 18: %self->current_user def_%cl_7_15 %self[3.1,3.5,3.7,3.9,3.12,3.13,3.15,3.16,2.0,] 
		 19: %cl_7_15->company def_%cl_7_16 %cl_7_15[3.18,] 
		 20: %cl_7_16->use_score_rules? def_%cl_7_17 %cl_7_16[3.19,] 
		 21: BRANCH %cl_7_17[3.20,] 
BB 4
	outgoing: 6 18 
	datadep: 
	instructions:
		 0: 
		 1: %self->selected def_%cl_7_18 %self[2.0,] 
		 2: COPY def_%cl_7_19 
		 3: %self->active_class def_%cl_7_20 %self[4.1,2.0,] %cl_7_18[4.1,] %cl_7_19[4.2,] 
		 4: 
		 5: (ScoreRule) def_%cl_7_21 
		 6: %cl_7_21->model_name def_%cl_7_22 %cl_7_21[4.5,] 
		 7: COPY def_%cl_7_23 
		 8: %cl_7_22->human def_%cl_7_24 %cl_7_22[4.6,] %cl_7_23[4.7,] 
		 9: %self->score_rules_companies_path def_%cl_7_25 %self[4.1,4.3,2.0,] 
		 10: %self->link_to def_%cl_7_26 %self[4.1,4.3,4.9,2.0,] %cl_7_24[4.8,] %cl_7_25[4.9,] 
		 11: 
BB 5
	outgoing: 6 
	datadep: 
	instructions:
		 0: COPY def_%cl_7_26 
BB 6
	outgoing: 7 8 18 
	datadep: 
	instructions:
		 0: 
		 1: scripts->size def_%cl_7_27 scripts[3.2,] 
		 2: def_%cl_7_28 %cl_7_27[6.1,] 
		 3: BRANCH %cl_7_28[6.2,] 
BB 7
	outgoing: 9 18 
	datadep: 
	instructions:
		 0: 
		 1: %self->selected def_%cl_7_29 %self[2.0,] 
		 2: COPY def_%cl_7_30 
		 3: %self->active_class def_%cl_7_31 %self[7.1,2.0,] %cl_7_29[7.1,] %cl_7_30[7.2,] 
		 4: 
		 5: COPY def_%cl_7_32 
		 6: %self->t def_%cl_7_33 %self[7.1,7.3,2.0,] %cl_7_32[7.5,] 
		 7: %self->custom_scripts_companies_path def_%cl_7_34 %self[7.1,7.3,7.6,2.0,] 
		 8: %self->link_to def_%cl_7_35 %self[7.1,7.3,7.6,7.7,2.0,] %cl_7_33[7.6,] %cl_7_34[7.7,] 
		 9: 
BB 8
	outgoing: 9 
	datadep: 
	instructions:
		 0: COPY def_%cl_7_35 
BB 9
	outgoing: 10 11 18 
	datadep: 
	instructions:
		 0: 
		 1: %self->selected def_%cl_7_36 %self[2.0,] 
		 2: COPY def_%cl_7_37 
		 3: %self->active_class def_%cl_7_38 %self[9.1,2.0,] %cl_7_36[9.1,] %cl_7_37[9.2,] 
		 4: 
		 5: def_%cl_7_39 
		 6: %cl_7_39[9.5,] 
BB 10
	outgoing: 11 18 
	datadep: 
	instructions:
		 0: def_%cl_7_39 
BB 11
	outgoing: 12 13 18 
	datadep: 
	instructions:
		 0: %cl_7_39->model_name def_%cl_7_40 %cl_7_39[10.0,9.5,] 
		 1: COPY def_%cl_7_41 
		 2: %cl_7_40->human def_%cl_7_42 %cl_7_40[11.0,] %cl_7_41[11.1,] 
		 3: %self->task_templates_path def_%cl_7_43 %self[2.0,] 
		 4: %self->link_to def_%cl_7_44 %self[11.3,2.0,] %cl_7_42[11.2,] %cl_7_43[11.3,] 
		 5: 
		 6: %self->selected def_%cl_7_45 %self[11.3,11.4,2.0,] 
		 7: COPY def_%cl_7_46 
		 8: %self->active_class def_%cl_7_47 %self[11.3,11.4,11.6,2.0,] %cl_7_45[11.6,] %cl_7_46[11.7,] 
		 9: 
		 10: (Trigger) def_%cl_7_48 
		 11: %cl_7_48->model_name def_%cl_7_49 %cl_7_48[11.10,] 
		 12: COPY def_%cl_7_50 
		 13: %cl_7_49->human def_%cl_7_51 %cl_7_49[11.11,] %cl_7_50[11.12,] 
		 14: %self->triggers_path def_%cl_7_52 %self[11.3,11.4,11.6,11.8,2.0,] 
		 15: %self->link_to def_%cl_7_53 %self[11.3,11.4,11.6,11.8,11.14,2.0,] %cl_7_51[11.13,] %cl_7_52[11.14,] 
		 16: 
		 17: %self->current_user def_%cl_7_54 %self[11.3,11.4,11.6,11.8,11.14,11.15,2.0,] 
		 18: %cl_7_54->can_use_billing? def_%cl_7_55 %cl_7_54[11.17,] 
		 19: BRANCH %cl_7_55[11.18,] 
BB 12
	outgoing: 14 18 
	datadep: 
	instructions:
		 0: 
		 1: %self->selected def_%cl_7_56 %self[2.0,] 
		 2: COPY def_%cl_7_57 
		 3: %self->active_class def_%cl_7_58 %self[12.1,2.0,] %cl_7_56[12.1,] %cl_7_57[12.2,] 
		 4: 
		 5: (Service) def_%cl_7_59 
		 6: %cl_7_59->model_name def_%cl_7_60 %cl_7_59[12.5,] 
		 7: COPY def_%cl_7_61 
		 8: %cl_7_60->human def_%cl_7_62 %cl_7_60[12.6,] %cl_7_61[12.7,] 
		 9: %self->services_path def_%cl_7_63 %self[12.1,12.3,2.0,] 
		 10: %self->link_to def_%cl_7_64 %self[12.1,12.3,12.9,2.0,] %cl_7_62[12.8,] %cl_7_63[12.9,] 
		 11: 
BB 13
	outgoing: 14 
	datadep: 
	instructions:
		 0: COPY def_%cl_7_64 
BB 14
	outgoing: 15 16 18 
	datadep: 
	instructions:
		 0: 
		 1: %self->selected def_%cl_7_65 %self[2.0,] 
		 2: COPY def_%cl_7_66 
		 3: %self->active_class def_%cl_7_67 %self[14.1,2.0,] %cl_7_65[14.1,] %cl_7_66[14.2,] 
		 4: 
		 5: (NewsItem) def_%cl_7_68 
		 6: %cl_7_68->model_name def_%cl_7_69 %cl_7_68[14.5,] 
		 7: COPY def_%cl_7_70 
		 8: %cl_7_69->human def_%cl_7_71 %cl_7_69[14.6,] %cl_7_70[14.7,] 
		 9: %self->news_items_path def_%cl_7_72 %self[14.1,14.3,2.0,] 
		 10: %self->link_to def_%cl_7_73 %self[14.1,14.3,14.9,2.0,] %cl_7_71[14.8,] %cl_7_72[14.9,] 
		 11: 
		 12: %self->selected def_%cl_7_74 %self[14.1,14.3,14.9,14.10,2.0,] 
		 13: COPY def_%cl_7_75 
		 14: %self->active_class def_%cl_7_76 %self[14.1,14.3,14.9,14.10,14.12,2.0,] %cl_7_74[14.12,] %cl_7_75[14.13,] 
		 15: 
		 16: (Snippet) def_%cl_7_77 
		 17: %cl_7_77->model_name def_%cl_7_78 %cl_7_77[14.16,] 
		 18: COPY def_%cl_7_79 
		 19: %cl_7_78->human def_%cl_7_80 %cl_7_78[14.17,] %cl_7_79[14.18,] 
		 20: %self->snippets_path def_%cl_7_81 %self[14.1,14.3,14.9,14.10,14.12,14.14,2.0,] 
		 21: %self->link_to def_%cl_7_82 %self[14.1,14.3,14.9,14.10,14.12,14.14,14.20,2.0,] %cl_7_80[14.19,] %cl_7_81[14.20,] 
		 22: 
		 23: %self->selected def_%cl_7_83 %self[14.1,14.3,14.9,14.10,14.12,14.14,14.20,14.21,2.0,] 
		 24: COPY def_%cl_7_84 
		 25: %self->active_class def_%cl_7_85 %self[14.1,14.3,14.9,14.10,14.12,14.14,14.20,14.21,14.23,2.0,] %cl_7_83[14.23,] %cl_7_84[14.24,] 
		 26: 
		 27: COPY def_%cl_7_86 
		 28: %self->t def_%cl_7_87 %self[14.1,14.3,14.9,14.10,14.12,14.14,14.20,14.21,14.23,14.25,2.0,] %cl_7_86[14.27,] 
		 29: %self->email_addresses_path def_%cl_7_88 %self[14.1,14.3,14.9,14.10,14.12,14.14,14.20,14.21,14.23,14.25,14.28,2.0,] 
		 30: %self->link_to def_%cl_7_89 %self[14.1,14.3,14.9,14.10,14.12,14.14,14.20,14.21,14.23,14.25,14.28,14.29,2.0,] %cl_7_87[14.28,] %cl_7_88[14.29,] 
		 31: 
		 32: COPY def_%cl_7_90 
		 33: %self->t def_%cl_7_91 %self[14.1,14.3,14.9,14.10,14.12,14.14,14.20,14.21,14.23,14.25,14.28,14.29,14.30,2.0,] %cl_7_90[14.32,] 
		 34: 
		 35: %self->selected def_%cl_7_92 %self[14.1,14.3,14.9,14.10,14.12,14.14,14.20,14.21,14.23,14.25,14.28,14.29,14.30,14.33,2.0,] 
		 36: COPY def_%cl_7_93 
		 37: %self->active_class def_%cl_7_94 %self[14.1,14.3,14.9,14.10,14.12,14.14,14.20,14.21,14.23,14.25,14.28,14.29,14.30,14.33,14.35,2.0,] %cl_7_92[14.35,] %cl_7_93[14.36,] 
		 38: 
		 39: COPY def_%cl_7_95 
		 40: %self->t def_%cl_7_96 %self[14.1,14.3,14.9,14.10,14.12,14.14,14.20,14.21,14.23,14.25,14.28,14.29,14.30,14.33,14.35,14.37,2.0,] %cl_7_95[14.39,] 
		 41: COPY def_%cl_7_97 
		 42: %self->link_to def_%cl_7_98 %self[14.1,14.3,14.9,14.10,14.12,14.14,14.20,14.21,14.23,14.25,14.28,14.29,14.30,14.33,14.35,14.37,14.40,2.0,] %cl_7_96[14.40,] %cl_7_97[14.41,] 
		 43: 
		 44: %self->selected def_%cl_7_99 %self[14.1,14.3,14.9,14.10,14.12,14.14,14.20,14.21,14.23,14.25,14.28,14.29,14.30,14.33,14.35,14.37,14.40,14.42,2.0,] 
		 45: COPY def_%cl_7_100 
		 46: %self->active_class def_%cl_7_101 %self[14.1,14.3,14.9,14.10,14.12,14.14,14.20,14.21,14.23,14.25,14.28,14.29,14.30,14.33,14.35,14.37,14.40,14.42,14.44,2.0,] %cl_7_99[14.44,] %cl_7_100[14.45,] 
		 47: 
		 48: (Company) def_%cl_7_102 
		 49: %cl_7_102->model_name def_%cl_7_103 %cl_7_102[14.48,] 
		 50: COPY def_%cl_7_104 
		 51: %cl_7_103->human def_%cl_7_105 %cl_7_103[14.49,] %cl_7_104[14.50,] 
		 52: COPY def_%cl_7_106 
		 53: %self->link_to def_%cl_7_107 %self[14.1,14.3,14.9,14.10,14.12,14.14,14.20,14.21,14.23,14.25,14.28,14.29,14.30,14.33,14.35,14.37,14.40,14.42,14.44,14.46,2.0,] %cl_7_105[14.51,] %cl_7_106[14.52,] 
		 54: 
		 55: %self->selected def_%cl_7_108 %self[14.1,14.3,14.9,14.10,14.12,14.14,14.20,14.21,14.23,14.25,14.28,14.29,14.30,14.33,14.35,14.37,14.40,14.42,14.44,14.46,14.53,2.0,] 
		 56: COPY def_%cl_7_109 
		 57: %self->active_class def_%cl_7_110 %self[14.1,14.3,14.9,14.10,14.12,14.14,14.20,14.21,14.23,14.25,14.28,14.29,14.30,14.33,14.35,14.37,14.40,14.42,14.44,14.46,14.53,14.55,2.0,] %cl_7_108[14.55,] %cl_7_109[14.56,] 
		 58: 
		 59: COPY def_%cl_7_111 
		 60: %self->t def_%cl_7_112 %self[14.1,14.3,14.9,14.10,14.12,14.14,14.20,14.21,14.23,14.25,14.28,14.29,14.30,14.33,14.35,14.37,14.40,14.42,14.44,14.46,14.53,14.55,14.57,2.0,] %cl_7_111[14.59,] 
		 61: COPY def_%cl_7_113 
		 62: %self->link_to def_%cl_7_114 %self[14.1,14.3,14.9,14.10,14.12,14.14,14.20,14.21,14.23,14.25,14.28,14.29,14.30,14.33,14.35,14.37,14.40,14.42,14.44,14.46,14.53,14.55,14.57,14.60,2.0,] %cl_7_112[14.60,] %cl_7_113[14.61,] 
		 63: 
		 64: %self->selected def_%cl_7_115 %self[14.1,14.3,14.9,14.10,14.12,14.14,14.20,14.21,14.23,14.25,14.28,14.29,14.30,14.33,14.35,14.37,14.40,14.42,14.44,14.46,14.53,14.55,14.57,14.60,14.62,2.0,] 
		 65: COPY def_%cl_7_116 
		 66: %self->active_class def_%cl_7_117 %self[14.1,14.3,14.9,14.10,14.12,14.14,14.20,14.21,14.23,14.25,14.28,14.29,14.30,14.33,14.35,14.37,14.40,14.42,14.44,14.46,14.53,14.55,14.57,14.60,14.62,14.64,2.0,] %cl_7_115[14.64,] %cl_7_116[14.65,] 
		 67: 
		 68: (WorkLog) def_%cl_7_118 
		 69: %cl_7_118->model_name def_%cl_7_119 %cl_7_118[14.68,] 
		 70: COPY def_%cl_7_120 
		 71: %cl_7_119->human def_%cl_7_121 %cl_7_119[14.69,] %cl_7_120[14.70,] 
		 72: COPY def_%cl_7_122 
		 73: %self->link_to def_%cl_7_123 %self[14.1,14.3,14.9,14.10,14.12,14.14,14.20,14.21,14.23,14.25,14.28,14.29,14.30,14.33,14.35,14.37,14.40,14.42,14.44,14.46,14.53,14.55,14.57,14.60,14.62,14.64,14.66,2.0,] %cl_7_121[14.71,] %cl_7_122[14.72,] 
		 74: 
		 75: %self->selected def_%cl_7_124 %self[14.1,14.3,14.9,14.10,14.12,14.14,14.20,14.21,14.23,14.25,14.28,14.29,14.30,14.33,14.35,14.37,14.40,14.42,14.44,14.46,14.53,14.55,14.57,14.60,14.62,14.64,14.66,14.73,2.0,] 
		 76: COPY def_%cl_7_125 
		 77: %self->active_class def_%cl_7_126 %self[14.1,14.3,14.9,14.10,14.12,14.14,14.20,14.21,14.23,14.25,14.28,14.29,14.30,14.33,14.35,14.37,14.40,14.42,14.44,14.46,14.53,14.55,14.57,14.60,14.62,14.64,14.66,14.73,14.75,2.0,] %cl_7_124[14.75,] %cl_7_125[14.76,] 
		 78: 
		 79: (TaskRecord) def_%cl_7_127 
		 80: %cl_7_127->model_name def_%cl_7_128 %cl_7_127[14.79,] 
		 81: COPY def_%cl_7_129 
		 82: %cl_7_128->human def_%cl_7_130 %cl_7_128[14.80,] %cl_7_129[14.81,] 
		 83: %self->properties_path def_%cl_7_131 %self[14.1,14.3,14.9,14.10,14.12,14.14,14.20,14.21,14.23,14.25,14.28,14.29,14.30,14.33,14.35,14.37,14.40,14.42,14.44,14.46,14.53,14.55,14.57,14.60,14.62,14.64,14.66,14.73,14.75,14.77,2.0,] 
		 84: %self->link_to def_%cl_7_132 %self[14.1,14.3,14.9,14.10,14.12,14.14,14.20,14.21,14.23,14.25,14.28,14.29,14.30,14.33,14.35,14.37,14.40,14.42,14.44,14.46,14.53,14.55,14.57,14.60,14.62,14.64,14.66,14.73,14.75,14.77,14.83,2.0,] %cl_7_130[14.82,] %cl_7_131[14.83,] 
		 85: 
		 86: %self->current_user def_%cl_7_133 %self[14.1,14.3,14.9,14.10,14.12,14.14,14.20,14.21,14.23,14.25,14.28,14.29,14.30,14.33,14.35,14.37,14.40,14.42,14.44,14.46,14.53,14.55,14.57,14.60,14.62,14.64,14.66,14.73,14.75,14.77,14.83,14.84,2.0,] 
		 87: %cl_7_133->use_resources? def_%cl_7_134 %cl_7_133[14.86,] 
		 88: BRANCH %cl_7_134[14.87,] 
BB 15
	outgoing: 17 18 
	datadep: 
	instructions:
		 0: 
		 1: %self->selected def_%cl_7_135 %self[2.0,] 
		 2: COPY def_%cl_7_136 
		 3: %self->active_class def_%cl_7_137 %self[15.1,2.0,] %cl_7_135[15.1,] %cl_7_136[15.2,] 
		 4: 
		 5: (ResourceType) def_%cl_7_138 
		 6: %cl_7_138->model_name def_%cl_7_139 %cl_7_138[15.5,] 
		 7: COPY def_%cl_7_140 
		 8: %cl_7_139->human def_%cl_7_141 %cl_7_139[15.6,] %cl_7_140[15.7,] 
		 9: %self->resource_types_path def_%cl_7_142 %self[15.1,15.3,2.0,] 
		 10: %self->link_to def_%cl_7_143 %self[15.1,15.3,15.9,2.0,] %cl_7_141[15.8,] %cl_7_142[15.9,] 
		 11: 
BB 16
	outgoing: 20 
	datadep: 
	instructions:
		 0: RETURN %self[2.0,] 
BB 17
	outgoing: 20 
	datadep: 
	instructions:
		 0: RETURN %cl_7_143[15.10,] %self[2.0,] 
BB 18
	outgoing: 20 
	datadep: 
	instructions:
		 0: def_%cl_7_144 
		 1: def_%cl_7_145 %cl_7_144[18.0,] 
		 2: RETURN %cl_7_145[18.1,] %self[2.0,] 
BB 20
	outgoing: 
	datadep: 
	instructions:
CLOSURE END
		 3: RETURN %cl_6_4[3.2,] %self[3.1,2.0,] 
BB 4
	outgoing: 6 
	datadep: 
	instructions:
		 0: def_%cl_6_5 
		 1: def_%cl_6_6 %cl_6_5[4.0,] 
		 2: RETURN %cl_6_6[4.1,] %self[2.0,] 
BB 6
	outgoing: 
	datadep: 
	instructions:
CLOSURE END
		 9: 
		 10: COPY def_%cl_5_9 
		 11: %self->t def_%cl_5_10 %self[3.5,2.0,] %cl_5_9[3.10,] 
		 12: 
		 13: %self->ruby_code_from_view def_%cl_5_11 %self[3.5,3.11,2.0,] 
		 14: %cl_5_11->ruby_code_from_view def_%cl_5_12 %cl_5_11[3.13,] %self[3.5,3.11,3.13,2.0,] 
CLOSURE BEGIN: %self[3.5,3.11,3.13,2.0,] 
BB 1
	outgoing: 8 2 
	datadep: 
	instructions:
BB 2
	outgoing: 3 
	datadep: 
	instructions:
		 0: def_%self 
		 1: def_%cl_8_0 
		 2: RECEIVEARG def_rb_from_view 
		 3: COPY def_%current_scope 
		 4: COPY def_%current_module 
BB 3
	outgoing: 4 5 6 
	datadep: 
	instructions:
		 0: 
		 1: def_%cl_8_3 %self[2.0,] 
		 2: COPY def_%cl_8_4 
		 3: COPY def_%cl_8_5 %cl_8_4[3.2,] 
		 4: COPY def_%cl_8_6 %cl_8_5[3.3,] 
		 5: %self->form_for def_%cl_8_7 %self[2.0,] %cl_8_3[3.1,] %cl_8_6[3.4,] %self[2.0,] 
CLOSURE BEGIN: f[] %self[2.0,] 
BB 1
	outgoing: 10 2 
	datadep: 
	instructions:
BB 2
	outgoing: 3 
	datadep: 
	instructions:
		 0: def_%self 
		 1: def_%cl_9_0 
		 2: RECEIVEARG def_f 
		 3: COPY def_%current_scope 
		 4: COPY def_%current_module 
BB 3
	outgoing: 4 5 8 
	datadep: 
	instructions:
		 0: 
		 1: f->error_messages def_%cl_9_3 f[2.2,] 
		 2: 
		 3: COPY def_%cl_9_4 
		 4: %self->t def_%cl_9_5 %self[2.0,] %cl_9_4[3.3,] 
		 5: f->label def_%cl_9_6 f[3.1,2.2,] %cl_9_5[3.4,] 
		 6: 
		 7: %self->current_user def_%cl_9_7 %self[3.4,2.0,] 
		 8: %cl_9_7->visible_task_filters def_%cl_9_8 %cl_9_7[3.7,] 
		 9: %self->objects_to_names_and_ids def_%cl_9_9 %self[3.4,3.7,2.0,] %cl_9_8[3.8,] 
		 10: f->select def_%cl_9_10 f[3.1,3.5,2.2,] %cl_9_9[3.9,] 
		 11: 
		 12: COPY def_%cl_9_11 
		 13: %self->t def_%cl_9_12 %self[3.4,3.7,3.9,2.0,] %cl_9_11[3.12,] 
		 14: f->label def_%cl_9_13 f[3.1,3.5,3.10,2.2,] %cl_9_12[3.13,] 
		 15: 
		 16: (Trigger) def_%cl_9_14 
		 17: def_%cl_9_15 %cl_9_14[3.16,] 
		 18: %cl_9_15[3.17,] 
BB 4
	outgoing: 5 8 
	datadep: 
	instructions:
		 0: def_%cl_9_15 %cl_9_14[3.16,] 
BB 5
	outgoing: 6 7 8 
	datadep: 
	instructions:
		 0: %cl_9_15->all def_%cl_9_16 %cl_9_15[4.0,3.17,] 
		 1: %self->objects_to_names_and_ids def_%cl_9_17 %self[2.0,] %cl_9_16[5.0,] 
		 2: f->select def_%cl_9_18 f[2.2,] %cl_9_17[5.1,] 
		 3: 
		 4: COPY def_%cl_9_19 
		 5: %self->t def_%cl_9_20 %self[5.1,2.0,] %cl_9_19[5.4,] 
		 6: 
		 7: COPY def_%cl_9_21 
		 8: %self->t def_%cl_9_22 %self[5.1,5.5,2.0,] %cl_9_21[5.7,] 
		 9: 
		 10: (Trigger) def_%cl_9_23 
		 11: def_%cl_9_24 %cl_9_23[5.10,] 
		 12: %cl_9_24[5.11,] 
BB 6
	outgoing: 7 8 
	datadep: 
	instructions:
		 0: def_%cl_9_24 %cl_9_23[5.10,] 
BB 7
	outgoing: 8 10 
	datadep: 
	instructions:
		 0: %cl_9_24->all def_%cl_9_25 %cl_9_24[6.0,5.11,] 
		 1: %self->options_from_collection_for_select def_%cl_9_26 %self[2.0,] %cl_9_25[7.0,] 
		 2: 
		 3: def_%cl_9_27 %self[7.1,2.0,] 
		 4: %cl_9_27->actions def_%cl_9_28 %cl_9_27[7.3,] 
		 5: %cl_9_28->each def_%cl_9_29 %cl_9_28[7.4,] %self[7.1,2.0,] 
CLOSURE BEGIN: %self[7.1,2.0,] action[] 
BB 1
	outgoing: 6 2 
	datadep: 
	instructions:
BB 2
	outgoing: 3 
	datadep: 
	instructions:
		 0: def_%self 
		 1: def_%cl_10_0 
		 2: RECEIVEARG def_action 
		 3: COPY def_%current_scope 
		 4: COPY def_%current_module 
BB 3
	outgoing: 4 6 
	datadep: 
	instructions:
		 0: 
		 1: COPY def_%cl_10_3 
		 2: COPY def_%cl_10_4 
		 3: COPY def_%cl_10_5 %cl_10_4[3.2,] 
		 4: %self->fields_for def_%cl_10_6 %self[2.0,] %cl_10_3[3.1,] action[2.2,] %cl_10_5[3.3,] %self[2.0,] 
CLOSURE BEGIN: %self[2.0,] fields[] 
BB 1
	outgoing: 6 2 
	datadep: 
	instructions:
BB 2
	outgoing: 3 
	datadep: 
	instructions:
		 0: def_%self 
		 1: def_%cl_11_0 
		 2: RECEIVEARG def_fields 
		 3: COPY def_%current_scope 
		 4: COPY def_%current_module 
BB 3
	outgoing: 4 6 
	datadep: 
	instructions:
		 0: 
		 1: %self->render_action_partial def_%cl_11_3 %self[2.0,] fields[2.2,] 
		 2: 
		 3: fields->hidden_field def_%cl_11_4 fields[2.2,] 
		 4: 
		 5: COPY def_%cl_11_5 
		 6: fields->hidden_field def_%cl_11_6 fields[3.3,2.2,] %cl_11_5[3.5,] 
		 7: RETURN %cl_11_6[3.6,] %self[3.1,2.0,] 
BB 4
	outgoing: 6 
	datadep: 
	instructions:
		 0: def_%cl_11_7 
		 1: def_%cl_11_8 %cl_11_7[4.0,] 
		 2: RETURN %cl_11_8[4.1,] %self[2.0,] 
BB 6
	outgoing: 
	datadep: 
	instructions:
CLOSURE END
		 5: RETURN %cl_10_6[3.4,] %self[3.4,2.0,] 
BB 4
	outgoing: 6 
	datadep: 
	instructions:
		 0: def_%cl_10_7 
		 1: def_%cl_10_8 %cl_10_7[4.0,] 
		 2: RETURN %cl_10_8[4.1,] %self[2.0,] 
BB 6
	outgoing: 
	datadep: 
	instructions:
CLOSURE END
		 6: 
		 7: f->object def_%cl_9_30 f[2.2,] 
		 8: %self->cit_submit_tag def_%cl_9_31 %self[7.1,2.0,] %cl_9_30[7.7,] 
		 9: RETURN %cl_9_31[7.8,] %self[7.1,7.8,2.0,] 
BB 8
	outgoing: 10 
	datadep: 
	instructions:
		 0: def_%cl_9_32 
		 1: def_%cl_9_33 %cl_9_32[8.0,] 
		 2: RETURN %cl_9_33[8.1,] %self[2.0,] 
BB 10
	outgoing: 
	datadep: 
	instructions:
CLOSURE END
		 6: 
		 7: (Trigger) def_%cl_8_8 
		 8: def_%cl_8_9 %cl_8_8[3.7,] 
		 9: %cl_8_9[3.8,] 
BB 4
	outgoing: 5 6 
	datadep: 
	instructions:
		 0: def_%cl_8_9 %cl_8_8[3.7,] 
BB 5
	outgoing: 6 8 
	datadep: 
	instructions:
		 0: %cl_8_9->all def_%cl_8_10 %cl_8_9[4.0,3.8,] 
		 1: %cl_8_10->each def_%cl_8_11 %cl_8_10[5.0,] %self[2.0,] 
CLOSURE BEGIN: factory[] %self[2.0,] 
BB 1
	outgoing: 6 2 
	datadep: 
	instructions:
BB 2
	outgoing: 3 
	datadep: 
	instructions:
		 0: def_%self 
		 1: def_%cl_12_0 
		 2: RECEIVEARG def_factory 
		 3: COPY def_%current_scope 
		 4: COPY def_%current_module 
BB 3
	outgoing: 4 6 
	datadep: 
	instructions:
		 0: 
		 1: factory->id def_%cl_12_3 factory[2.2,] 
		 2: 
		 3: COPY def_%cl_12_4 
		 4: factory->build def_%cl_12_5 factory[3.1,2.2,] 
		 5: %self->fields_for def_%cl_12_6 %self[2.0,] %cl_12_4[3.3,] %cl_12_5[3.4,] %self[2.0,] 
CLOSURE BEGIN: %self[2.0,] fields[] factory[3.1,3.4,2.2,] 
BB 1
	outgoing: 6 2 
	datadep: 
	instructions:
BB 2
	outgoing: 3 
	datadep: 
	instructions:
		 0: def_%self 
		 1: def_%cl_13_0 
		 2: RECEIVEARG def_fields 
		 3: COPY def_%current_scope 
		 4: COPY def_%current_module 
BB 3
	outgoing: 4 6 
	datadep: 
	instructions:
		 0: 
		 1: %self->render_action_partial def_%cl_13_3 %self[2.0,] fields[2.2,] 
		 2: 
		 3: fields->hidden_field def_%cl_13_4 fields[2.2,] 
		 4: 
		 5: factory->id def_%cl_13_5 factory[] 
		 6: COPY def_%cl_13_6 %cl_13_5[3.5,] 
		 7: fields->hidden_field def_%cl_13_7 fields[3.3,2.2,] %cl_13_6[3.6,] 
		 8: RETURN %cl_13_7[3.7,] %self[3.1,2.0,] 
BB 4
	outgoing: 6 
	datadep: 
	instructions:
		 0: def_%cl_13_8 
		 1: def_%cl_13_9 %cl_13_8[4.0,] 
		 2: RETURN %cl_13_9[4.1,] %self[2.0,] 
BB 6
	outgoing: 
	datadep: 
	instructions:
CLOSURE END
		 6: RETURN %cl_12_6[3.5,] %self[3.5,2.0,] 
BB 4
	outgoing: 6 
	datadep: 
	instructions:
		 0: def_%cl_12_7 
		 1: def_%cl_12_8 %cl_12_7[4.0,] 
		 2: RETURN %cl_12_8[4.1,] %self[2.0,] 
BB 6
	outgoing: 
	datadep: 
	instructions:
CLOSURE END
		 2: RETURN %cl_8_11[5.1,] %self[2.0,] 
BB 6
	outgoing: 8 
	datadep: 
	instructions:
		 0: def_%cl_8_12 
		 1: def_%cl_8_13 %cl_8_12[6.0,] 
		 2: RETURN %cl_8_13[6.1,] %self[2.0,] 
BB 8
	outgoing: 
	datadep: 
	instructions:
CLOSURE END
		 15: RETURN %cl_5_12[3.14,] %self[3.5,3.11,3.13,2.0,] 
BB 4
	outgoing: 6 
	datadep: 
	instructions:
		 0: def_%cl_5_13 
		 1: def_%cl_5_14 %cl_5_13[4.0,] 
		 2: RETURN %cl_5_14[4.1,] %self[2.0,] 
BB 6
	outgoing: 
	datadep: 
	instructions:
CLOSURE END
		 3: RETURN %cl_4_4[3.2,] %self[3.1,2.0,] 
BB 4
	outgoing: 6 
	datadep: 
	instructions:
		 0: def_%cl_4_5 
		 1: def_%cl_4_6 %cl_4_5[4.0,] 
		 2: RETURN %cl_4_6[4.1,] %self[2.0,] 
BB 6
	outgoing: 
	datadep: 
	instructions:
CLOSURE END
		 2: 
		 3: format->xml def_%cl_1_15 format[5.1,2.2,] %self[2.0,] 
CLOSURE BEGIN: %self[2.0,] 
BB 1
	outgoing: 6 2 
	datadep: 
	instructions:
BB 2
	outgoing: 3 
	datadep: 
	instructions:
		 0: def_%self 
		 1: def_%cl_14_0 
		 2: COPY def_%current_scope 
		 3: COPY def_%current_module 
BB 3
	outgoing: 4 6 
	datadep: 
	instructions:
		 0: 
		 1: def_%cl_14_3 %self[2.0,] 
		 2: %cl_14_3->errors def_%cl_14_4 %cl_14_3[3.1,] 
		 3: COPY def_%cl_14_5 %cl_14_4[3.2,] 
		 4: %self->render def_%cl_14_6 %self[2.0,] %cl_14_5[3.3,] 
		 5: RETURN %cl_14_6[3.4,] %self[3.4,2.0,] 
BB 4
	outgoing: 6 
	datadep: 
	instructions:
		 0: def_%cl_14_7 
		 1: def_%cl_14_8 %cl_14_7[4.0,] 
		 2: RETURN %cl_14_8[4.1,] %self[2.0,] 
BB 6
	outgoing: 
	datadep: 
	instructions:
CLOSURE END
		 4: RETURN %cl_1_15[5.3,] %self[2.0,] 
BB 6
	outgoing: 9 
	datadep: 
	instructions:
		 0: RETURN %cl_1_13[4.12,] %self[2.0,] 
BB 7
	outgoing: 9 
	datadep: 
	instructions:
		 0: def_%cl_1_16 
		 1: def_%cl_1_17 %cl_1_16[7.0,] 
		 2: RETURN %cl_1_17[7.1,] %self[2.0,] 
BB 9
	outgoing: 
	datadep: 
	instructions:
CLOSURE END
		 18: RETURN %v_10[2.17,] %self[2.0,2.7,2.13,2.17,] 
BB 3
	outgoing: 
	datadep: 
	instructions:

SET IRMethod, name = update
BB 1
	outgoing: 3 2 
	datadep: 
	instructions:
BB 2
	outgoing: 3 
	datadep: 
	instructions:
		 0: def_%self 
		 1: def_%v_0 
		 2: COPY def_%current_scope 
		 3: COPY def_%current_module 
		 4: 
		 5: 
		 6: %self->current_user def_%v_3 %self[2.0,] 
		 7: %v_3->company def_%v_4 %v_3[2.6,] 
		 8: %v_4->triggers def_%v_5 %v_4[2.7,] 
		 9: %self->params def_%v_6 %self[2.0,2.6,] 
		 10: def_%v_7 %v_6[2.9,] 
		 11: %v_5->find def_%v_8 %v_5[2.8,] %v_7[2.10,] 
		 12: ATTRASSIGN %self->@trigger %self[2.0,2.6,2.9,] %v_8[2.11,] 
		 13: 
		 14: %self->respond_to def_%v_9 %self[2.0,2.6,2.9,] %self[2.0,2.6,2.9,] 
CLOSURE BEGIN: %self[2.0,2.6,2.9,] format[] 
BB 1
	outgoing: 9 2 
	datadep: 
	instructions:
BB 2
	outgoing: 3 
	datadep: 
	instructions:
		 0: def_%self 
		 1: def_%cl_1_0 
		 2: RECEIVEARG def_format 
		 3: COPY def_%current_scope 
		 4: COPY def_%current_module 
BB 3
	outgoing: 4 5 7 
	datadep: 
	instructions:
		 0: 
		 1: def_%cl_1_3 %self[2.0,] 
		 2: %self->params def_%cl_1_4 %self[2.0,] 
		 3: def_%cl_1_5 %cl_1_4[3.2,] 
		 4: %cl_1_3->update_attributes def_%cl_1_6 %cl_1_3[3.1,] %cl_1_5[3.3,] 
		 5: BRANCH %cl_1_6[3.4,] 
BB 4
	outgoing: 6 7 
	datadep: 
	instructions:
		 0: 
		 1: %self->flash def_%cl_1_7 %self[2.0,] 
		 2: COPY def_%cl_1_8 
		 3: (Trigger) def_%cl_1_9 
		 4: %cl_1_9->model_name def_%cl_1_10 %cl_1_9[4.3,] 
		 5: %cl_1_10->human def_%cl_1_11 %cl_1_10[4.4,] 
		 6: COPY def_%cl_1_12 %cl_1_11[4.5,] 
		 7: %self->t def_%cl_1_13 %self[4.1,2.0,] %cl_1_8[4.2,] %cl_1_12[4.6,] 
		 8: %cl_1_7[4.1,] %cl_1_13[4.7,] 
		 9: 
		 10: format->html def_%cl_1_14 format[2.2,] %self[4.1,4.7,2.0,] 
CLOSURE BEGIN: %self[4.1,4.7,2.0,] 
BB 1
	outgoing: 6 2 
	datadep: 
	instructions:
BB 2
	outgoing: 3 
	datadep: 
	instructions:
		 0: def_%self 
		 1: def_%cl_2_0 
		 2: COPY def_%current_scope 
		 3: COPY def_%current_module 
BB 3
	outgoing: 4 6 
	datadep: 
	instructions:
		 0: 
		 1: %self->triggers_path def_%cl_2_3 %self[2.0,] 
		 2: %self->redirect_to def_%cl_2_4 %self[3.1,2.0,] %cl_2_3[3.1,] 
		 3: RETURN %cl_2_4[3.2,] %self[3.1,3.2,2.0,] 
BB 4
	outgoing: 6 
	datadep: 
	instructions:
		 0: def_%cl_2_5 
		 1: def_%cl_2_6 %cl_2_5[4.0,] 
		 2: RETURN %cl_2_6[4.1,] %self[2.0,] 
BB 6
	outgoing: 
	datadep: 
	instructions:
CLOSURE END
		 11: 
		 12: format->xml def_%cl_1_15 format[4.10,2.2,] %self[4.1,4.7,2.0,] 
CLOSURE BEGIN: %self[4.1,4.7,2.0,] 
BB 1
	outgoing: 6 2 
	datadep: 
	instructions:
BB 2
	outgoing: 3 
	datadep: 
	instructions:
		 0: def_%self 
		 1: def_%cl_3_0 
		 2: COPY def_%current_scope 
		 3: COPY def_%current_module 
BB 3
	outgoing: 4 6 
	datadep: 
	instructions:
		 0: 
		 1: %self->head def_%cl_3_3 %self[2.0,] 
		 2: RETURN %cl_3_3[3.1,] %self[3.1,2.0,] 
BB 4
	outgoing: 6 
	datadep: 
	instructions:
		 0: def_%cl_3_4 
		 1: def_%cl_3_5 %cl_3_4[4.0,] 
		 2: RETURN %cl_3_5[4.1,] %self[2.0,] 
BB 6
	outgoing: 
	datadep: 
	instructions:
CLOSURE END
		 13: 
BB 5
	outgoing: 7 9 
	datadep: 
	instructions:
		 0: 
		 1: format->html def_%cl_1_16 format[2.2,] %self[2.0,] 
CLOSURE BEGIN: %self[2.0,] 
BB 1
	outgoing: 6 2 
	datadep: 
	instructions:
BB 2
	outgoing: 3 
	datadep: 
	instructions:
		 0: def_%self 
		 1: def_%cl_4_0 
		 2: COPY def_%current_scope 
		 3: COPY def_%current_module 
BB 3
	outgoing: 4 6 
	datadep: 
	instructions:
		 0: 
		 1: %self->ruby_code_from_view def_%cl_4_3 %self[2.0,] 
		 2: %cl_4_3->ruby_code_from_view def_%cl_4_4 %cl_4_3[3.1,] %self[3.1,2.0,] 
CLOSURE BEGIN: %self[3.1,2.0,] 
BB 1
	outgoing: 6 2 
	datadep: 
	instructions:
BB 2
	outgoing: 3 
	datadep: 
	instructions:
		 0: def_%self 
		 1: def_%cl_5_0 
		 2: RECEIVEARG def_rb_from_view 
		 3: COPY def_%current_scope 
		 4: COPY def_%current_module 
BB 3
	outgoing: 4 6 
	datadep: 
	instructions:
		 0: 
		 1: COPY def_%cl_5_3 
		 2: (Setting) def_%cl_5_4 
		 3: %cl_5_4->productName def_%cl_5_5 %cl_5_4[3.2,] 
		 4: COPY def_%cl_5_6 %cl_5_5[3.3,] 
		 5: %self->t def_%cl_5_7 %self[2.0,] %cl_5_3[3.1,] %cl_5_6[3.4,] 
		 6: ATTRASSIGN %self->@page_title %self[3.5,2.0,] %cl_5_7[3.5,] 
		 7: 
		 8: def_%cl_5_8 %self[3.5,2.0,] %self[3.5,2.0,] 
CLOSURE BEGIN: %self[3.5,2.0,] 
BB 1
	outgoing: 6 2 
	datadep: 
	instructions:
BB 2
	outgoing: 3 
	datadep: 
	instructions:
		 0: def_%self 
		 1: def_%cl_6_0 
		 2: COPY def_%current_scope 
		 3: COPY def_%current_module 
BB 3
	outgoing: 4 6 
	datadep: 
	instructions:
		 0: 
		 1: %self->ruby_code_from_view def_%cl_6_3 %self[2.0,] 
		 2: %cl_6_3->ruby_code_from_view def_%cl_6_4 %cl_6_3[3.1,] %self[3.1,2.0,] 
CLOSURE BEGIN: %self[3.1,2.0,] scripts[] 
BB 1
	outgoing: 20 2 
	datadep: 
	instructions:
BB 2
	outgoing: 3 
	datadep: 
	instructions:
		 0: def_%self 
		 1: def_%cl_7_0 
		 2: RECEIVEARG def_rb_from_view 
		 3: COPY def_%current_scope 
		 4: COPY def_%current_module 
BB 3
	outgoing: 4 5 18 
	datadep: 
	instructions:
		 0: 
		 1: %self->all_custom_scripts def_%cl_7_3 %self[2.0,] 
		 2: COPY def_scripts %cl_7_3[3.1,] 
		 3: 
		 4: COPY def_%cl_7_4 
		 5: %self->t def_%cl_7_5 %self[3.1,2.0,] %cl_7_4[3.4,] 
		 6: 
		 7: %self->selected def_%cl_7_6 %self[3.1,3.5,2.0,] 
		 8: COPY def_%cl_7_7 
		 9: %self->active_class def_%cl_7_8 %self[3.1,3.5,3.7,2.0,] %cl_7_6[3.7,] %cl_7_7[3.8,] 
		 10: 
		 11: COPY def_%cl_7_9 
		 12: %self->t def_%cl_7_10 %self[3.1,3.5,3.7,3.9,2.0,] %cl_7_9[3.11,] 
		 13: %self->current_user def_%cl_7_11 %self[3.1,3.5,3.7,3.9,3.12,2.0,] 
		 14: %cl_7_11->company def_%cl_7_12 %cl_7_11[3.13,] 
		 15: %self->edit_company_path def_%cl_7_13 %self[3.1,3.5,3.7,3.9,3.12,3.13,2.0,] %cl_7_12[3.14,] 
		 16: %self->link_to def_%cl_7_14 %self[3.1,3.5,3.7,3.9,3.12,3.13,3.15,2.0,] %cl_7_10[3.12,] %cl_7_13[3.15,] 
		 17: 
		 18: %self->current_user def_%cl_7_15 %self[3.1,3.5,3.7,3.9,3.12,3.13,3.15,3.16,2.0,] 
		 19: %cl_7_15->company def_%cl_7_16 %cl_7_15[3.18,] 
		 20: %cl_7_16->use_score_rules? def_%cl_7_17 %cl_7_16[3.19,] 
		 21: BRANCH %cl_7_17[3.20,] 
BB 4
	outgoing: 6 18 
	datadep: 
	instructions:
		 0: 
		 1: %self->selected def_%cl_7_18 %self[2.0,] 
		 2: COPY def_%cl_7_19 
		 3: %self->active_class def_%cl_7_20 %self[4.1,2.0,] %cl_7_18[4.1,] %cl_7_19[4.2,] 
		 4: 
		 5: (ScoreRule) def_%cl_7_21 
		 6: %cl_7_21->model_name def_%cl_7_22 %cl_7_21[4.5,] 
		 7: COPY def_%cl_7_23 
		 8: %cl_7_22->human def_%cl_7_24 %cl_7_22[4.6,] %cl_7_23[4.7,] 
		 9: %self->score_rules_companies_path def_%cl_7_25 %self[4.1,4.3,2.0,] 
		 10: %self->link_to def_%cl_7_26 %self[4.1,4.3,4.9,2.0,] %cl_7_24[4.8,] %cl_7_25[4.9,] 
		 11: 
BB 5
	outgoing: 6 
	datadep: 
	instructions:
		 0: COPY def_%cl_7_26 
BB 6
	outgoing: 7 8 18 
	datadep: 
	instructions:
		 0: 
		 1: scripts->size def_%cl_7_27 scripts[3.2,] 
		 2: def_%cl_7_28 %cl_7_27[6.1,] 
		 3: BRANCH %cl_7_28[6.2,] 
BB 7
	outgoing: 9 18 
	datadep: 
	instructions:
		 0: 
		 1: %self->selected def_%cl_7_29 %self[2.0,] 
		 2: COPY def_%cl_7_30 
		 3: %self->active_class def_%cl_7_31 %self[7.1,2.0,] %cl_7_29[7.1,] %cl_7_30[7.2,] 
		 4: 
		 5: COPY def_%cl_7_32 
		 6: %self->t def_%cl_7_33 %self[7.1,7.3,2.0,] %cl_7_32[7.5,] 
		 7: %self->custom_scripts_companies_path def_%cl_7_34 %self[7.1,7.3,7.6,2.0,] 
		 8: %self->link_to def_%cl_7_35 %self[7.1,7.3,7.6,7.7,2.0,] %cl_7_33[7.6,] %cl_7_34[7.7,] 
		 9: 
BB 8
	outgoing: 9 
	datadep: 
	instructions:
		 0: COPY def_%cl_7_35 
BB 9
	outgoing: 10 11 18 
	datadep: 
	instructions:
		 0: 
		 1: %self->selected def_%cl_7_36 %self[2.0,] 
		 2: COPY def_%cl_7_37 
		 3: %self->active_class def_%cl_7_38 %self[9.1,2.0,] %cl_7_36[9.1,] %cl_7_37[9.2,] 
		 4: 
		 5: def_%cl_7_39 
		 6: %cl_7_39[9.5,] 
BB 10
	outgoing: 11 18 
	datadep: 
	instructions:
		 0: def_%cl_7_39 
BB 11
	outgoing: 12 13 18 
	datadep: 
	instructions:
		 0: %cl_7_39->model_name def_%cl_7_40 %cl_7_39[10.0,9.5,] 
		 1: COPY def_%cl_7_41 
		 2: %cl_7_40->human def_%cl_7_42 %cl_7_40[11.0,] %cl_7_41[11.1,] 
		 3: %self->task_templates_path def_%cl_7_43 %self[2.0,] 
		 4: %self->link_to def_%cl_7_44 %self[11.3,2.0,] %cl_7_42[11.2,] %cl_7_43[11.3,] 
		 5: 
		 6: %self->selected def_%cl_7_45 %self[11.3,11.4,2.0,] 
		 7: COPY def_%cl_7_46 
		 8: %self->active_class def_%cl_7_47 %self[11.3,11.4,11.6,2.0,] %cl_7_45[11.6,] %cl_7_46[11.7,] 
		 9: 
		 10: (Trigger) def_%cl_7_48 
		 11: %cl_7_48->model_name def_%cl_7_49 %cl_7_48[11.10,] 
		 12: COPY def_%cl_7_50 
		 13: %cl_7_49->human def_%cl_7_51 %cl_7_49[11.11,] %cl_7_50[11.12,] 
		 14: %self->triggers_path def_%cl_7_52 %self[11.3,11.4,11.6,11.8,2.0,] 
		 15: %self->link_to def_%cl_7_53 %self[11.3,11.4,11.6,11.8,11.14,2.0,] %cl_7_51[11.13,] %cl_7_52[11.14,] 
		 16: 
		 17: %self->current_user def_%cl_7_54 %self[11.3,11.4,11.6,11.8,11.14,11.15,2.0,] 
		 18: %cl_7_54->can_use_billing? def_%cl_7_55 %cl_7_54[11.17,] 
		 19: BRANCH %cl_7_55[11.18,] 
BB 12
	outgoing: 14 18 
	datadep: 
	instructions:
		 0: 
		 1: %self->selected def_%cl_7_56 %self[2.0,] 
		 2: COPY def_%cl_7_57 
		 3: %self->active_class def_%cl_7_58 %self[12.1,2.0,] %cl_7_56[12.1,] %cl_7_57[12.2,] 
		 4: 
		 5: (Service) def_%cl_7_59 
		 6: %cl_7_59->model_name def_%cl_7_60 %cl_7_59[12.5,] 
		 7: COPY def_%cl_7_61 
		 8: %cl_7_60->human def_%cl_7_62 %cl_7_60[12.6,] %cl_7_61[12.7,] 
		 9: %self->services_path def_%cl_7_63 %self[12.1,12.3,2.0,] 
		 10: %self->link_to def_%cl_7_64 %self[12.1,12.3,12.9,2.0,] %cl_7_62[12.8,] %cl_7_63[12.9,] 
		 11: 
BB 13
	outgoing: 14 
	datadep: 
	instructions:
		 0: COPY def_%cl_7_64 
BB 14
	outgoing: 15 16 18 
	datadep: 
	instructions:
		 0: 
		 1: %self->selected def_%cl_7_65 %self[2.0,] 
		 2: COPY def_%cl_7_66 
		 3: %self->active_class def_%cl_7_67 %self[14.1,2.0,] %cl_7_65[14.1,] %cl_7_66[14.2,] 
		 4: 
		 5: (NewsItem) def_%cl_7_68 
		 6: %cl_7_68->model_name def_%cl_7_69 %cl_7_68[14.5,] 
		 7: COPY def_%cl_7_70 
		 8: %cl_7_69->human def_%cl_7_71 %cl_7_69[14.6,] %cl_7_70[14.7,] 
		 9: %self->news_items_path def_%cl_7_72 %self[14.1,14.3,2.0,] 
		 10: %self->link_to def_%cl_7_73 %self[14.1,14.3,14.9,2.0,] %cl_7_71[14.8,] %cl_7_72[14.9,] 
		 11: 
		 12: %self->selected def_%cl_7_74 %self[14.1,14.3,14.9,14.10,2.0,] 
		 13: COPY def_%cl_7_75 
		 14: %self->active_class def_%cl_7_76 %self[14.1,14.3,14.9,14.10,14.12,2.0,] %cl_7_74[14.12,] %cl_7_75[14.13,] 
		 15: 
		 16: (Snippet) def_%cl_7_77 
		 17: %cl_7_77->model_name def_%cl_7_78 %cl_7_77[14.16,] 
		 18: COPY def_%cl_7_79 
		 19: %cl_7_78->human def_%cl_7_80 %cl_7_78[14.17,] %cl_7_79[14.18,] 
		 20: %self->snippets_path def_%cl_7_81 %self[14.1,14.3,14.9,14.10,14.12,14.14,2.0,] 
		 21: %self->link_to def_%cl_7_82 %self[14.1,14.3,14.9,14.10,14.12,14.14,14.20,2.0,] %cl_7_80[14.19,] %cl_7_81[14.20,] 
		 22: 
		 23: %self->selected def_%cl_7_83 %self[14.1,14.3,14.9,14.10,14.12,14.14,14.20,14.21,2.0,] 
		 24: COPY def_%cl_7_84 
		 25: %self->active_class def_%cl_7_85 %self[14.1,14.3,14.9,14.10,14.12,14.14,14.20,14.21,14.23,2.0,] %cl_7_83[14.23,] %cl_7_84[14.24,] 
		 26: 
		 27: COPY def_%cl_7_86 
		 28: %self->t def_%cl_7_87 %self[14.1,14.3,14.9,14.10,14.12,14.14,14.20,14.21,14.23,14.25,2.0,] %cl_7_86[14.27,] 
		 29: %self->email_addresses_path def_%cl_7_88 %self[14.1,14.3,14.9,14.10,14.12,14.14,14.20,14.21,14.23,14.25,14.28,2.0,] 
		 30: %self->link_to def_%cl_7_89 %self[14.1,14.3,14.9,14.10,14.12,14.14,14.20,14.21,14.23,14.25,14.28,14.29,2.0,] %cl_7_87[14.28,] %cl_7_88[14.29,] 
		 31: 
		 32: COPY def_%cl_7_90 
		 33: %self->t def_%cl_7_91 %self[14.1,14.3,14.9,14.10,14.12,14.14,14.20,14.21,14.23,14.25,14.28,14.29,14.30,2.0,] %cl_7_90[14.32,] 
		 34: 
		 35: %self->selected def_%cl_7_92 %self[14.1,14.3,14.9,14.10,14.12,14.14,14.20,14.21,14.23,14.25,14.28,14.29,14.30,14.33,2.0,] 
		 36: COPY def_%cl_7_93 
		 37: %self->active_class def_%cl_7_94 %self[14.1,14.3,14.9,14.10,14.12,14.14,14.20,14.21,14.23,14.25,14.28,14.29,14.30,14.33,14.35,2.0,] %cl_7_92[14.35,] %cl_7_93[14.36,] 
		 38: 
		 39: COPY def_%cl_7_95 
		 40: %self->t def_%cl_7_96 %self[14.1,14.3,14.9,14.10,14.12,14.14,14.20,14.21,14.23,14.25,14.28,14.29,14.30,14.33,14.35,14.37,2.0,] %cl_7_95[14.39,] 
		 41: COPY def_%cl_7_97 
		 42: %self->link_to def_%cl_7_98 %self[14.1,14.3,14.9,14.10,14.12,14.14,14.20,14.21,14.23,14.25,14.28,14.29,14.30,14.33,14.35,14.37,14.40,2.0,] %cl_7_96[14.40,] %cl_7_97[14.41,] 
		 43: 
		 44: %self->selected def_%cl_7_99 %self[14.1,14.3,14.9,14.10,14.12,14.14,14.20,14.21,14.23,14.25,14.28,14.29,14.30,14.33,14.35,14.37,14.40,14.42,2.0,] 
		 45: COPY def_%cl_7_100 
		 46: %self->active_class def_%cl_7_101 %self[14.1,14.3,14.9,14.10,14.12,14.14,14.20,14.21,14.23,14.25,14.28,14.29,14.30,14.33,14.35,14.37,14.40,14.42,14.44,2.0,] %cl_7_99[14.44,] %cl_7_100[14.45,] 
		 47: 
		 48: (Company) def_%cl_7_102 
		 49: %cl_7_102->model_name def_%cl_7_103 %cl_7_102[14.48,] 
		 50: COPY def_%cl_7_104 
		 51: %cl_7_103->human def_%cl_7_105 %cl_7_103[14.49,] %cl_7_104[14.50,] 
		 52: COPY def_%cl_7_106 
		 53: %self->link_to def_%cl_7_107 %self[14.1,14.3,14.9,14.10,14.12,14.14,14.20,14.21,14.23,14.25,14.28,14.29,14.30,14.33,14.35,14.37,14.40,14.42,14.44,14.46,2.0,] %cl_7_105[14.51,] %cl_7_106[14.52,] 
		 54: 
		 55: %self->selected def_%cl_7_108 %self[14.1,14.3,14.9,14.10,14.12,14.14,14.20,14.21,14.23,14.25,14.28,14.29,14.30,14.33,14.35,14.37,14.40,14.42,14.44,14.46,14.53,2.0,] 
		 56: COPY def_%cl_7_109 
		 57: %self->active_class def_%cl_7_110 %self[14.1,14.3,14.9,14.10,14.12,14.14,14.20,14.21,14.23,14.25,14.28,14.29,14.30,14.33,14.35,14.37,14.40,14.42,14.44,14.46,14.53,14.55,2.0,] %cl_7_108[14.55,] %cl_7_109[14.56,] 
		 58: 
		 59: COPY def_%cl_7_111 
		 60: %self->t def_%cl_7_112 %self[14.1,14.3,14.9,14.10,14.12,14.14,14.20,14.21,14.23,14.25,14.28,14.29,14.30,14.33,14.35,14.37,14.40,14.42,14.44,14.46,14.53,14.55,14.57,2.0,] %cl_7_111[14.59,] 
		 61: COPY def_%cl_7_113 
		 62: %self->link_to def_%cl_7_114 %self[14.1,14.3,14.9,14.10,14.12,14.14,14.20,14.21,14.23,14.25,14.28,14.29,14.30,14.33,14.35,14.37,14.40,14.42,14.44,14.46,14.53,14.55,14.57,14.60,2.0,] %cl_7_112[14.60,] %cl_7_113[14.61,] 
		 63: 
		 64: %self->selected def_%cl_7_115 %self[14.1,14.3,14.9,14.10,14.12,14.14,14.20,14.21,14.23,14.25,14.28,14.29,14.30,14.33,14.35,14.37,14.40,14.42,14.44,14.46,14.53,14.55,14.57,14.60,14.62,2.0,] 
		 65: COPY def_%cl_7_116 
		 66: %self->active_class def_%cl_7_117 %self[14.1,14.3,14.9,14.10,14.12,14.14,14.20,14.21,14.23,14.25,14.28,14.29,14.30,14.33,14.35,14.37,14.40,14.42,14.44,14.46,14.53,14.55,14.57,14.60,14.62,14.64,2.0,] %cl_7_115[14.64,] %cl_7_116[14.65,] 
		 67: 
		 68: (WorkLog) def_%cl_7_118 
		 69: %cl_7_118->model_name def_%cl_7_119 %cl_7_118[14.68,] 
		 70: COPY def_%cl_7_120 
		 71: %cl_7_119->human def_%cl_7_121 %cl_7_119[14.69,] %cl_7_120[14.70,] 
		 72: COPY def_%cl_7_122 
		 73: %self->link_to def_%cl_7_123 %self[14.1,14.3,14.9,14.10,14.12,14.14,14.20,14.21,14.23,14.25,14.28,14.29,14.30,14.33,14.35,14.37,14.40,14.42,14.44,14.46,14.53,14.55,14.57,14.60,14.62,14.64,14.66,2.0,] %cl_7_121[14.71,] %cl_7_122[14.72,] 
		 74: 
		 75: %self->selected def_%cl_7_124 %self[14.1,14.3,14.9,14.10,14.12,14.14,14.20,14.21,14.23,14.25,14.28,14.29,14.30,14.33,14.35,14.37,14.40,14.42,14.44,14.46,14.53,14.55,14.57,14.60,14.62,14.64,14.66,14.73,2.0,] 
		 76: COPY def_%cl_7_125 
		 77: %self->active_class def_%cl_7_126 %self[14.1,14.3,14.9,14.10,14.12,14.14,14.20,14.21,14.23,14.25,14.28,14.29,14.30,14.33,14.35,14.37,14.40,14.42,14.44,14.46,14.53,14.55,14.57,14.60,14.62,14.64,14.66,14.73,14.75,2.0,] %cl_7_124[14.75,] %cl_7_125[14.76,] 
		 78: 
		 79: (TaskRecord) def_%cl_7_127 
		 80: %cl_7_127->model_name def_%cl_7_128 %cl_7_127[14.79,] 
		 81: COPY def_%cl_7_129 
		 82: %cl_7_128->human def_%cl_7_130 %cl_7_128[14.80,] %cl_7_129[14.81,] 
		 83: %self->properties_path def_%cl_7_131 %self[14.1,14.3,14.9,14.10,14.12,14.14,14.20,14.21,14.23,14.25,14.28,14.29,14.30,14.33,14.35,14.37,14.40,14.42,14.44,14.46,14.53,14.55,14.57,14.60,14.62,14.64,14.66,14.73,14.75,14.77,2.0,] 
		 84: %self->link_to def_%cl_7_132 %self[14.1,14.3,14.9,14.10,14.12,14.14,14.20,14.21,14.23,14.25,14.28,14.29,14.30,14.33,14.35,14.37,14.40,14.42,14.44,14.46,14.53,14.55,14.57,14.60,14.62,14.64,14.66,14.73,14.75,14.77,14.83,2.0,] %cl_7_130[14.82,] %cl_7_131[14.83,] 
		 85: 
		 86: %self->current_user def_%cl_7_133 %self[14.1,14.3,14.9,14.10,14.12,14.14,14.20,14.21,14.23,14.25,14.28,14.29,14.30,14.33,14.35,14.37,14.40,14.42,14.44,14.46,14.53,14.55,14.57,14.60,14.62,14.64,14.66,14.73,14.75,14.77,14.83,14.84,2.0,] 
		 87: %cl_7_133->use_resources? def_%cl_7_134 %cl_7_133[14.86,] 
		 88: BRANCH %cl_7_134[14.87,] 
BB 15
	outgoing: 17 18 
	datadep: 
	instructions:
		 0: 
		 1: %self->selected def_%cl_7_135 %self[2.0,] 
		 2: COPY def_%cl_7_136 
		 3: %self->active_class def_%cl_7_137 %self[15.1,2.0,] %cl_7_135[15.1,] %cl_7_136[15.2,] 
		 4: 
		 5: (ResourceType) def_%cl_7_138 
		 6: %cl_7_138->model_name def_%cl_7_139 %cl_7_138[15.5,] 
		 7: COPY def_%cl_7_140 
		 8: %cl_7_139->human def_%cl_7_141 %cl_7_139[15.6,] %cl_7_140[15.7,] 
		 9: %self->resource_types_path def_%cl_7_142 %self[15.1,15.3,2.0,] 
		 10: %self->link_to def_%cl_7_143 %self[15.1,15.3,15.9,2.0,] %cl_7_141[15.8,] %cl_7_142[15.9,] 
		 11: 
BB 16
	outgoing: 20 
	datadep: 
	instructions:
		 0: RETURN %self[2.0,] 
BB 17
	outgoing: 20 
	datadep: 
	instructions:
		 0: RETURN %cl_7_143[15.10,] %self[2.0,] 
BB 18
	outgoing: 20 
	datadep: 
	instructions:
		 0: def_%cl_7_144 
		 1: def_%cl_7_145 %cl_7_144[18.0,] 
		 2: RETURN %cl_7_145[18.1,] %self[2.0,] 
BB 20
	outgoing: 
	datadep: 
	instructions:
CLOSURE END
		 3: RETURN %cl_6_4[3.2,] %self[3.1,2.0,] 
BB 4
	outgoing: 6 
	datadep: 
	instructions:
		 0: def_%cl_6_5 
		 1: def_%cl_6_6 %cl_6_5[4.0,] 
		 2: RETURN %cl_6_6[4.1,] %self[2.0,] 
BB 6
	outgoing: 
	datadep: 
	instructions:
CLOSURE END
		 9: 
		 10: COPY def_%cl_5_9 
		 11: %self->t def_%cl_5_10 %self[3.5,2.0,] %cl_5_9[3.10,] 
		 12: 
		 13: %self->ruby_code_from_view def_%cl_5_11 %self[3.5,3.11,2.0,] 
		 14: %cl_5_11->ruby_code_from_view def_%cl_5_12 %cl_5_11[3.13,] %self[3.5,3.11,3.13,2.0,] 
CLOSURE BEGIN: %self[3.5,3.11,3.13,2.0,] 
BB 1
	outgoing: 8 2 
	datadep: 
	instructions:
BB 2
	outgoing: 3 
	datadep: 
	instructions:
		 0: def_%self 
		 1: def_%cl_8_0 
		 2: RECEIVEARG def_rb_from_view 
		 3: COPY def_%current_scope 
		 4: COPY def_%current_module 
BB 3
	outgoing: 4 5 6 
	datadep: 
	instructions:
		 0: 
		 1: def_%cl_8_3 %self[2.0,] 
		 2: COPY def_%cl_8_4 
		 3: COPY def_%cl_8_5 %cl_8_4[3.2,] 
		 4: COPY def_%cl_8_6 %cl_8_5[3.3,] 
		 5: %self->form_for def_%cl_8_7 %self[2.0,] %cl_8_3[3.1,] %cl_8_6[3.4,] %self[2.0,] 
CLOSURE BEGIN: f[] %self[2.0,] 
BB 1
	outgoing: 10 2 
	datadep: 
	instructions:
BB 2
	outgoing: 3 
	datadep: 
	instructions:
		 0: def_%self 
		 1: def_%cl_9_0 
		 2: RECEIVEARG def_f 
		 3: COPY def_%current_scope 
		 4: COPY def_%current_module 
BB 3
	outgoing: 4 5 8 
	datadep: 
	instructions:
		 0: 
		 1: f->error_messages def_%cl_9_3 f[2.2,] 
		 2: 
		 3: COPY def_%cl_9_4 
		 4: %self->t def_%cl_9_5 %self[2.0,] %cl_9_4[3.3,] 
		 5: f->label def_%cl_9_6 f[3.1,2.2,] %cl_9_5[3.4,] 
		 6: 
		 7: %self->current_user def_%cl_9_7 %self[3.4,2.0,] 
		 8: %cl_9_7->visible_task_filters def_%cl_9_8 %cl_9_7[3.7,] 
		 9: %self->objects_to_names_and_ids def_%cl_9_9 %self[3.4,3.7,2.0,] %cl_9_8[3.8,] 
		 10: f->select def_%cl_9_10 f[3.1,3.5,2.2,] %cl_9_9[3.9,] 
		 11: 
		 12: COPY def_%cl_9_11 
		 13: %self->t def_%cl_9_12 %self[3.4,3.7,3.9,2.0,] %cl_9_11[3.12,] 
		 14: f->label def_%cl_9_13 f[3.1,3.5,3.10,2.2,] %cl_9_12[3.13,] 
		 15: 
		 16: (Trigger) def_%cl_9_14 
		 17: def_%cl_9_15 %cl_9_14[3.16,] 
		 18: %cl_9_15[3.17,] 
BB 4
	outgoing: 5 8 
	datadep: 
	instructions:
		 0: def_%cl_9_15 %cl_9_14[3.16,] 
BB 5
	outgoing: 6 7 8 
	datadep: 
	instructions:
		 0: %cl_9_15->all def_%cl_9_16 %cl_9_15[4.0,3.17,] 
		 1: %self->objects_to_names_and_ids def_%cl_9_17 %self[2.0,] %cl_9_16[5.0,] 
		 2: f->select def_%cl_9_18 f[2.2,] %cl_9_17[5.1,] 
		 3: 
		 4: COPY def_%cl_9_19 
		 5: %self->t def_%cl_9_20 %self[5.1,2.0,] %cl_9_19[5.4,] 
		 6: 
		 7: COPY def_%cl_9_21 
		 8: %self->t def_%cl_9_22 %self[5.1,5.5,2.0,] %cl_9_21[5.7,] 
		 9: 
		 10: (Trigger) def_%cl_9_23 
		 11: def_%cl_9_24 %cl_9_23[5.10,] 
		 12: %cl_9_24[5.11,] 
BB 6
	outgoing: 7 8 
	datadep: 
	instructions:
		 0: def_%cl_9_24 %cl_9_23[5.10,] 
BB 7
	outgoing: 8 10 
	datadep: 
	instructions:
		 0: %cl_9_24->all def_%cl_9_25 %cl_9_24[6.0,5.11,] 
		 1: %self->options_from_collection_for_select def_%cl_9_26 %self[2.0,] %cl_9_25[7.0,] 
		 2: 
		 3: def_%cl_9_27 %self[7.1,2.0,] 
		 4: %cl_9_27->actions def_%cl_9_28 %cl_9_27[7.3,] 
		 5: %cl_9_28->each def_%cl_9_29 %cl_9_28[7.4,] %self[7.1,2.0,] 
CLOSURE BEGIN: %self[7.1,2.0,] action[] 
BB 1
	outgoing: 6 2 
	datadep: 
	instructions:
BB 2
	outgoing: 3 
	datadep: 
	instructions:
		 0: def_%self 
		 1: def_%cl_10_0 
		 2: RECEIVEARG def_action 
		 3: COPY def_%current_scope 
		 4: COPY def_%current_module 
BB 3
	outgoing: 4 6 
	datadep: 
	instructions:
		 0: 
		 1: COPY def_%cl_10_3 
		 2: COPY def_%cl_10_4 
		 3: COPY def_%cl_10_5 %cl_10_4[3.2,] 
		 4: %self->fields_for def_%cl_10_6 %self[2.0,] %cl_10_3[3.1,] action[2.2,] %cl_10_5[3.3,] %self[2.0,] 
CLOSURE BEGIN: %self[2.0,] fields[] 
BB 1
	outgoing: 6 2 
	datadep: 
	instructions:
BB 2
	outgoing: 3 
	datadep: 
	instructions:
		 0: def_%self 
		 1: def_%cl_11_0 
		 2: RECEIVEARG def_fields 
		 3: COPY def_%current_scope 
		 4: COPY def_%current_module 
BB 3
	outgoing: 4 6 
	datadep: 
	instructions:
		 0: 
		 1: %self->render_action_partial def_%cl_11_3 %self[2.0,] fields[2.2,] 
		 2: 
		 3: fields->hidden_field def_%cl_11_4 fields[2.2,] 
		 4: 
		 5: COPY def_%cl_11_5 
		 6: fields->hidden_field def_%cl_11_6 fields[3.3,2.2,] %cl_11_5[3.5,] 
		 7: RETURN %cl_11_6[3.6,] %self[3.1,2.0,] 
BB 4
	outgoing: 6 
	datadep: 
	instructions:
		 0: def_%cl_11_7 
		 1: def_%cl_11_8 %cl_11_7[4.0,] 
		 2: RETURN %cl_11_8[4.1,] %self[2.0,] 
BB 6
	outgoing: 
	datadep: 
	instructions:
CLOSURE END
		 5: RETURN %cl_10_6[3.4,] %self[3.4,2.0,] 
BB 4
	outgoing: 6 
	datadep: 
	instructions:
		 0: def_%cl_10_7 
		 1: def_%cl_10_8 %cl_10_7[4.0,] 
		 2: RETURN %cl_10_8[4.1,] %self[2.0,] 
BB 6
	outgoing: 
	datadep: 
	instructions:
CLOSURE END
		 6: 
		 7: f->object def_%cl_9_30 f[2.2,] 
		 8: %self->cit_submit_tag def_%cl_9_31 %self[7.1,2.0,] %cl_9_30[7.7,] 
		 9: RETURN %cl_9_31[7.8,] %self[7.1,7.8,2.0,] 
BB 8
	outgoing: 10 
	datadep: 
	instructions:
		 0: def_%cl_9_32 
		 1: def_%cl_9_33 %cl_9_32[8.0,] 
		 2: RETURN %cl_9_33[8.1,] %self[2.0,] 
BB 10
	outgoing: 
	datadep: 
	instructions:
CLOSURE END
		 6: 
		 7: (Trigger) def_%cl_8_8 
		 8: def_%cl_8_9 %cl_8_8[3.7,] 
		 9: %cl_8_9[3.8,] 
BB 4
	outgoing: 5 6 
	datadep: 
	instructions:
		 0: def_%cl_8_9 %cl_8_8[3.7,] 
BB 5
	outgoing: 6 8 
	datadep: 
	instructions:
		 0: %cl_8_9->all def_%cl_8_10 %cl_8_9[4.0,3.8,] 
		 1: %cl_8_10->each def_%cl_8_11 %cl_8_10[5.0,] %self[2.0,] 
CLOSURE BEGIN: factory[] %self[2.0,] 
BB 1
	outgoing: 6 2 
	datadep: 
	instructions:
BB 2
	outgoing: 3 
	datadep: 
	instructions:
		 0: def_%self 
		 1: def_%cl_12_0 
		 2: RECEIVEARG def_factory 
		 3: COPY def_%current_scope 
		 4: COPY def_%current_module 
BB 3
	outgoing: 4 6 
	datadep: 
	instructions:
		 0: 
		 1: factory->id def_%cl_12_3 factory[2.2,] 
		 2: 
		 3: COPY def_%cl_12_4 
		 4: factory->build def_%cl_12_5 factory[3.1,2.2,] 
		 5: %self->fields_for def_%cl_12_6 %self[2.0,] %cl_12_4[3.3,] %cl_12_5[3.4,] %self[2.0,] 
CLOSURE BEGIN: %self[2.0,] fields[] factory[3.1,3.4,2.2,] 
BB 1
	outgoing: 6 2 
	datadep: 
	instructions:
BB 2
	outgoing: 3 
	datadep: 
	instructions:
		 0: def_%self 
		 1: def_%cl_13_0 
		 2: RECEIVEARG def_fields 
		 3: COPY def_%current_scope 
		 4: COPY def_%current_module 
BB 3
	outgoing: 4 6 
	datadep: 
	instructions:
		 0: 
		 1: %self->render_action_partial def_%cl_13_3 %self[2.0,] fields[2.2,] 
		 2: 
		 3: fields->hidden_field def_%cl_13_4 fields[2.2,] 
		 4: 
		 5: factory->id def_%cl_13_5 factory[] 
		 6: COPY def_%cl_13_6 %cl_13_5[3.5,] 
		 7: fields->hidden_field def_%cl_13_7 fields[3.3,2.2,] %cl_13_6[3.6,] 
		 8: RETURN %cl_13_7[3.7,] %self[3.1,2.0,] 
BB 4
	outgoing: 6 
	datadep: 
	instructions:
		 0: def_%cl_13_8 
		 1: def_%cl_13_9 %cl_13_8[4.0,] 
		 2: RETURN %cl_13_9[4.1,] %self[2.0,] 
BB 6
	outgoing: 
	datadep: 
	instructions:
CLOSURE END
		 6: RETURN %cl_12_6[3.5,] %self[3.5,2.0,] 
BB 4
	outgoing: 6 
	datadep: 
	instructions:
		 0: def_%cl_12_7 
		 1: def_%cl_12_8 %cl_12_7[4.0,] 
		 2: RETURN %cl_12_8[4.1,] %self[2.0,] 
BB 6
	outgoing: 
	datadep: 
	instructions:
CLOSURE END
		 2: RETURN %cl_8_11[5.1,] %self[2.0,] 
BB 6
	outgoing: 8 
	datadep: 
	instructions:
		 0: def_%cl_8_12 
		 1: def_%cl_8_13 %cl_8_12[6.0,] 
		 2: RETURN %cl_8_13[6.1,] %self[2.0,] 
BB 8
	outgoing: 
	datadep: 
	instructions:
CLOSURE END
		 15: RETURN %cl_5_12[3.14,] %self[3.5,3.11,3.13,2.0,] 
BB 4
	outgoing: 6 
	datadep: 
	instructions:
		 0: def_%cl_5_13 
		 1: def_%cl_5_14 %cl_5_13[4.0,] 
		 2: RETURN %cl_5_14[4.1,] %self[2.0,] 
BB 6
	outgoing: 
	datadep: 
	instructions:
CLOSURE END
		 3: RETURN %cl_4_4[3.2,] %self[3.1,2.0,] 
BB 4
	outgoing: 6 
	datadep: 
	instructions:
		 0: def_%cl_4_5 
		 1: def_%cl_4_6 %cl_4_5[4.0,] 
		 2: RETURN %cl_4_6[4.1,] %self[2.0,] 
BB 6
	outgoing: 
	datadep: 
	instructions:
CLOSURE END
		 2: 
		 3: format->xml def_%cl_1_17 format[5.1,2.2,] %self[2.0,] 
CLOSURE BEGIN: %self[2.0,] 
BB 1
	outgoing: 6 2 
	datadep: 
	instructions:
BB 2
	outgoing: 3 
	datadep: 
	instructions:
		 0: def_%self 
		 1: def_%cl_14_0 
		 2: COPY def_%current_scope 
		 3: COPY def_%current_module 
BB 3
	outgoing: 4 6 
	datadep: 
	instructions:
		 0: 
		 1: def_%cl_14_3 %self[2.0,] 
		 2: %cl_14_3->errors def_%cl_14_4 %cl_14_3[3.1,] 
		 3: COPY def_%cl_14_5 %cl_14_4[3.2,] 
		 4: %self->render def_%cl_14_6 %self[2.0,] %cl_14_5[3.3,] 
		 5: RETURN %cl_14_6[3.4,] %self[3.4,2.0,] 
BB 4
	outgoing: 6 
	datadep: 
	instructions:
		 0: def_%cl_14_7 
		 1: def_%cl_14_8 %cl_14_7[4.0,] 
		 2: RETURN %cl_14_8[4.1,] %self[2.0,] 
BB 6
	outgoing: 
	datadep: 
	instructions:
CLOSURE END
		 4: RETURN %cl_1_17[5.3,] %self[2.0,] 
BB 6
	outgoing: 9 
	datadep: 
	instructions:
		 0: RETURN %cl_1_15[4.12,] %self[2.0,] 
BB 7
	outgoing: 9 
	datadep: 
	instructions:
		 0: def_%cl_1_18 
		 1: def_%cl_1_19 %cl_1_18[7.0,] 
		 2: RETURN %cl_1_19[7.1,] %self[2.0,] 
BB 9
	outgoing: 
	datadep: 
	instructions:
CLOSURE END
		 15: RETURN %v_9[2.14,] %self[2.0,2.6,2.9,2.14,] 
BB 3
	outgoing: 
	datadep: 
	instructions:

SET IRMethod, name = destroy
BB 1
	outgoing: 3 2 
	datadep: 
	instructions:
BB 2
	outgoing: 3 
	datadep: 
	instructions:
		 0: def_%self 
		 1: def_%v_0 
		 2: COPY def_%current_scope 
		 3: COPY def_%current_module 
		 4: 
		 5: 
		 6: %self->current_user def_%v_3 %self[2.0,] 
		 7: %v_3->company def_%v_4 %v_3[2.6,] 
		 8: %v_4->triggers def_%v_5 %v_4[2.7,] 
		 9: %self->params def_%v_6 %self[2.0,2.6,] 
		 10: def_%v_7 %v_6[2.9,] 
		 11: %v_5->find def_%v_8 %v_5[2.8,] %v_7[2.10,] 
		 12: ATTRASSIGN %self->@trigger %self[2.0,2.6,2.9,] %v_8[2.11,] 
		 13: 
		 14: def_%v_9 %self[2.0,2.6,2.9,] 
		 15: %v_9->destroy def_%v_10 %v_9[2.14,] 
		 16: 
		 17: %self->respond_to def_%v_11 %self[2.0,2.6,2.9,] %self[2.0,2.6,2.9,] 
CLOSURE BEGIN: format[] %self[2.0,2.6,2.9,] 
BB 1
	outgoing: 6 2 
	datadep: 
	instructions:
BB 2
	outgoing: 3 
	datadep: 
	instructions:
		 0: def_%self 
		 1: def_%cl_1_0 
		 2: RECEIVEARG def_format 
		 3: COPY def_%current_scope 
		 4: COPY def_%current_module 
BB 3
	outgoing: 4 6 
	datadep: 
	instructions:
		 0: 
		 1: format->html def_%cl_1_3 format[2.2,] %self[2.0,] 
CLOSURE BEGIN: %self[2.0,] 
BB 1
	outgoing: 6 2 
	datadep: 
	instructions:
BB 2
	outgoing: 3 
	datadep: 
	instructions:
		 0: def_%self 
		 1: def_%cl_2_0 
		 2: COPY def_%current_scope 
		 3: COPY def_%current_module 
BB 3
	outgoing: 4 6 
	datadep: 
	instructions:
		 0: 
		 1: %self->triggers_url def_%cl_2_3 %self[2.0,] 
		 2: %self->redirect_to def_%cl_2_4 %self[3.1,2.0,] %cl_2_3[3.1,] 
		 3: RETURN %cl_2_4[3.2,] %self[3.1,3.2,2.0,] 
BB 4
	outgoing: 6 
	datadep: 
	instructions:
		 0: def_%cl_2_5 
		 1: def_%cl_2_6 %cl_2_5[4.0,] 
		 2: RETURN %cl_2_6[4.1,] %self[2.0,] 
BB 6
	outgoing: 
	datadep: 
	instructions:
CLOSURE END
		 2: 
		 3: format->xml def_%cl_1_4 format[3.1,2.2,] %self[2.0,] 
CLOSURE BEGIN: %self[2.0,] 
BB 1
	outgoing: 6 2 
	datadep: 
	instructions:
BB 2
	outgoing: 3 
	datadep: 
	instructions:
		 0: def_%self 
		 1: def_%cl_3_0 
		 2: COPY def_%current_scope 
		 3: COPY def_%current_module 
BB 3
	outgoing: 4 6 
	datadep: 
	instructions:
		 0: 
		 1: %self->head def_%cl_3_3 %self[2.0,] 
		 2: RETURN %cl_3_3[3.1,] %self[3.1,2.0,] 
BB 4
	outgoing: 6 
	datadep: 
	instructions:
		 0: def_%cl_3_4 
		 1: def_%cl_3_5 %cl_3_4[4.0,] 
		 2: RETURN %cl_3_5[4.1,] %self[2.0,] 
BB 6
	outgoing: 
	datadep: 
	instructions:
CLOSURE END
		 4: RETURN %cl_1_4[3.3,] %self[2.0,] 
BB 4
	outgoing: 6 
	datadep: 
	instructions:
		 0: def_%cl_1_5 
		 1: def_%cl_1_6 %cl_1_5[4.0,] 
		 2: RETURN %cl_1_6[4.1,] %self[2.0,] 
BB 6
	outgoing: 
	datadep: 
	instructions:
CLOSURE END
		 18: RETURN %v_11[2.17,] %self[2.0,2.6,2.9,2.17,] 
BB 3
	outgoing: 
	datadep: 
	instructions:

