SET IRMethod, name = show
BB 1
	outgoing: 8 2 
	datadep: 
	instructions:
BB 2
	outgoing: 3 4 
	datadep: 
	instructions:
		 0: def_%self 
		 1: def_%v_0 
		 2: COPY def_%current_scope 
		 3: COPY def_%current_module 
		 4: 
		 5: 
		 6: %self->params def_%v_3 %self[2.0,] 
		 7: def_%v_4 %v_3[2.6,] 
		 8: BRANCH %v_4[2.7,] 
BB 3
	outgoing: 4 
	datadep: 
	instructions:
		 0: COPY def_%v_5 
		 1: %self->t def_%v_6 %self[2.0,] %v_5[3.0,] 
		 2: COPY def_%v_4 %v_6[3.1,] 
BB 4
	outgoing: 5 6 
	datadep: 
	instructions:
		 0: COPY def_name %v_4[3.2,2.7,] 
		 1: 
		 2: (WikiPage) def_%v_7 
		 3: COPY def_%v_8 
		 4: %self->current_user def_%v_9 %self[2.0,] 
		 5: %v_9->company_id def_%v_10 %v_9[4.4,] 
		 6: %v_7->where def_%v_11 %v_7[4.2,] %v_8[4.3,] %v_10[4.5,] name[4.0,] 
		 7: %v_11->first def_%v_12 %v_11[4.6,] 
		 8: ATTRASSIGN %self->@page %self[4.4,2.0,] %v_12[4.7,] 
		 9: 
		 10: def_%v_13 %self[4.4,4.8,2.0,] 
		 11: %v_13->nil? def_%v_14 %v_13[4.10,] 
		 12: BRANCH %v_14[4.11,] 
BB 5
	outgoing: 8 
	datadep: 
	instructions:
		 0: 
		 1: (WikiPage) def_%v_15 
		 2: %v_15->new def_%v_16 %v_15[5.1,] 
		 3: ATTRASSIGN %self->@page %self[4.8,2.0,] %v_16[5.2,] 
		 4: 
		 5: def_%v_17 %self[5.3,4.8,2.0,] 
		 6: %self->current_user def_%v_18 %self[5.3,4.8,2.0,] 
		 7: %v_18->company_id def_%v_19 %v_18[5.6,] 
		 8: ATTRASSIGN %v_17->company_id %v_17[5.5,] %v_19[5.7,] 
		 9: 
		 10: def_%v_20 %self[5.3,5.6,4.8,2.0,] 
		 11: ATTRASSIGN %v_20->name %v_20[5.10,] name[4.0,] 
		 12: 
		 13: def_%v_21 %self[5.3,5.6,4.8,2.0,] 
		 14: ATTRASSIGN %v_21->project_id %v_21[5.13,] 
		 15: 
		 16: %self->ruby_code_from_view def_%v_22 %self[5.3,5.6,4.8,2.0,] 
		 17: %v_22->ruby_code_from_view def_%v_23 %v_22[5.16,] %self[5.3,5.6,5.16,4.8,2.0,] 
CLOSURE BEGIN: %self[5.3,5.6,5.16,4.8,2.0,] 
BB 1
	outgoing: 6 2 
	datadep: 
	instructions:
BB 2
	outgoing: 3 
	datadep: 
	instructions:
		 0: def_%self 
		 1: def_%cl_1_0 
		 2: RECEIVEARG def_rb_from_view 
		 3: COPY def_%current_scope 
		 4: COPY def_%current_module 
BB 3
	outgoing: 4 6 
	datadep: 
	instructions:
		 0: 
		 1: COPY def_%cl_1_3 
		 2: def_%cl_1_4 %self[2.0,] 
		 3: %cl_1_4->name def_%cl_1_5 %cl_1_4[3.2,] 
		 4: COPY def_%cl_1_6 
		 5: (Setting) def_%cl_1_7 
		 6: %cl_1_7->productName def_%cl_1_8 %cl_1_7[3.5,] 
		 7: def_%cl_1_9 %cl_1_5[3.3,] %cl_1_6[3.4,] %cl_1_8[3.6,] 
		 8: COPY def_%cl_1_10 %cl_1_9[3.7,] 
		 9: %self->t def_%cl_1_11 %self[2.0,] %cl_1_3[3.1,] %cl_1_10[3.8,] 
		 10: ATTRASSIGN %self->@page_title %self[3.9,2.0,] %cl_1_11[3.9,] 
		 11: 
		 12: def_%cl_1_12 %self[3.9,3.10,2.0,] 
		 13: %cl_1_12->name def_%cl_1_13 %cl_1_12[3.12,] 
		 14: 
		 15: COPY def_%cl_1_14 
		 16: %self->t def_%cl_1_15 %self[3.9,3.10,2.0,] %cl_1_14[3.15,] 
		 17: 
		 18: COPY def_%cl_1_16 
		 19: %self->t def_%cl_1_17 %self[3.9,3.10,3.16,2.0,] %cl_1_16[3.18,] 
		 20: 
		 21: COPY def_%cl_1_18 
		 22: def_%cl_1_19 %self[3.9,3.10,3.16,3.19,2.0,] 
		 23: %cl_1_19->name def_%cl_1_20 %cl_1_19[3.22,] 
		 24: COPY def_%cl_1_21 %cl_1_18[3.21,] %cl_1_20[3.23,] 
		 25: def_%cl_1_22 %self[3.9,3.10,3.16,3.19,2.0,] %cl_1_21[3.24,] %self[3.9,3.10,3.16,3.19,2.0,] 
CLOSURE BEGIN: %self[3.9,3.10,3.16,3.19,2.0,] 
BB 1
	outgoing: 12 2 
	datadep: 
	instructions:
BB 2
	outgoing: 3 
	datadep: 
	instructions:
		 0: def_%self 
		 1: def_%cl_2_0 
		 2: COPY def_%current_scope 
		 3: COPY def_%current_module 
BB 3
	outgoing: 4 5 10 
	datadep: 
	instructions:
		 0: 
		 1: def_%cl_2_3 %self[2.0,] 
		 2: %cl_2_3->revisions def_%cl_2_4 %cl_2_3[3.1,] 
		 3: %cl_2_4->empty? def_%cl_2_5 %cl_2_4[3.2,] 
		 4: BRANCH %cl_2_5[3.3,] 
BB 4
	outgoing: 6 10 
	datadep: 
	instructions:
		 0: 
		 1: COPY def_%cl_2_6 
		 2: %self->t def_%cl_2_7 %self[2.0,] %cl_2_6[4.1,] 
		 3: 
BB 5
	outgoing: 6 10 
	datadep: 
	instructions:
		 0: 
		 1: def_%cl_2_8 %self[2.0,] 
		 2: %self->params def_%cl_2_9 %self[2.0,] 
		 3: def_%cl_2_10 %cl_2_9[5.2,] 
		 4: %cl_2_10->to_i def_%cl_2_11 %cl_2_10[5.3,] 
		 5: %cl_2_8->to_plain_html def_%cl_2_12 %cl_2_8[5.1,] %cl_2_11[5.4,] 
		 6: COPY def_%cl_2_7 %cl_2_12[5.5,] 
BB 6
	outgoing: 7 8 10 
	datadep: 
	instructions:
		 0: 
		 1: COPY def_%cl_2_13 
		 2: %self->t def_%cl_2_14 %self[2.0,] %cl_2_13[6.1,] 
		 3: 
		 4: COPY def_%cl_2_15 
		 5: %self->t def_%cl_2_16 %self[6.2,2.0,] %cl_2_15[6.4,] 
		 6: COPY def_%cl_2_17 
		 7: COPY def_%cl_2_18 %cl_2_17[6.6,] 
		 8: %self->submit_tag def_%cl_2_19 %self[6.2,6.5,2.0,] %cl_2_16[6.5,] %cl_2_18[6.7,] 
		 9: 
		 10: def_%cl_2_20 %self[6.2,6.5,6.8,2.0,] 
		 11: %cl_2_20->revisions def_%cl_2_21 %cl_2_20[6.10,] 
		 12: %cl_2_21->empty? def_%cl_2_22 %cl_2_21[6.11,] 
		 13: BRANCH %cl_2_22[6.12,] 
BB 7
	outgoing: 9 
	datadep: 
	instructions:
		 0: COPY def_%cl_2_23 
		 1: 
BB 8
	outgoing: 9 
	datadep: 
	instructions:
		 0: COPY def_%cl_2_23 
BB 9
	outgoing: 12 
	datadep: 
	instructions:
		 0: RETURN %self[2.0,] 
BB 10
	outgoing: 12 
	datadep: 
	instructions:
		 0: def_%cl_2_24 
		 1: def_%cl_2_25 %cl_2_24[10.0,] 
		 2: RETURN %cl_2_25[10.1,] %self[2.0,] 
BB 12
	outgoing: 
	datadep: 
	instructions:
CLOSURE END
		 26: RETURN %cl_1_22[3.25,] %self[3.9,3.10,3.16,3.19,2.0,] 
BB 4
	outgoing: 6 
	datadep: 
	instructions:
		 0: def_%cl_1_23 
		 1: def_%cl_1_24 %cl_1_23[4.0,] 
		 2: RETURN %cl_1_24[4.1,] %self[3.10,2.0,] 
BB 6
	outgoing: 
	datadep: 
	instructions:
CLOSURE END
		 18: RETURN %v_23[5.17,] %self[5.3,5.6,5.16,4.8,2.0,] 
BB 6
	outgoing: 8 
	datadep: 
	instructions:
		 0: RETURN %self[4.8,2.0,] 
BB 8
	outgoing: 
	datadep: 
	instructions:

SET IRMethod, name = create
BB 1
	outgoing: 13 2 
	datadep: 
	instructions:
BB 2
	outgoing: 3 4 
	datadep: 
	instructions:
		 0: def_%self 
		 1: def_%v_0 
		 2: COPY def_%current_scope 
		 3: COPY def_%current_module 
		 4: 
		 5: 
		 6: (WikiPage) def_%v_3 
		 7: COPY def_%v_4 
		 8: %self->current_user def_%v_5 %self[2.0,] 
		 9: %v_5->company_id def_%v_6 %v_5[2.8,] 
		 10: %self->params def_%v_7 %self[2.0,2.8,] 
		 11: def_%v_8 %v_7[2.10,] 
		 12: %v_3->where def_%v_9 %v_3[2.6,] %v_4[2.7,] %v_6[2.9,] %v_8[2.11,] 
		 13: %v_9->first def_%v_10 %v_9[2.12,] 
		 14: ATTRASSIGN %self->@page %self[2.0,2.8,2.10,] %v_10[2.13,] 
		 15: 
		 16: def_%v_11 %self[2.0,2.8,2.10,2.14,] 
		 17: %v_11->nil? def_%v_12 %v_11[2.16,] 
		 18: BRANCH %v_12[2.17,] 
BB 3
	outgoing: 5 
	datadep: 
	instructions:
		 0: 
		 1: (WikiPage) def_%v_13 
		 2: %v_13->new def_%v_14 %v_13[3.1,] 
		 3: ATTRASSIGN %self->@page %self[2.0,2.14,] %v_14[3.2,] 
		 4: 
		 5: def_%v_15 %self[3.3,2.0,2.14,] 
		 6: %self->current_user def_%v_16 %self[3.3,2.0,2.14,] 
		 7: %v_16->company_id def_%v_17 %v_16[3.6,] 
		 8: ATTRASSIGN %v_15->company_id %v_15[3.5,] %v_17[3.7,] 
		 9: 
		 10: def_%v_18 %self[3.3,3.6,2.0,2.14,] 
		 11: %self->params def_%v_19 %self[3.3,3.6,2.0,2.14,] 
		 12: def_%v_20 %v_19[3.11,] 
		 13: ATTRASSIGN %v_18->name %v_18[3.10,] %v_20[3.12,] 
		 14: 
		 15: def_%v_21 %self[3.3,3.6,3.11,2.0,2.14,] 
		 16: ATTRASSIGN %v_21->project_id %v_21[3.15,] 
		 17: 
		 18: def_%v_22 %self[3.3,3.6,3.11,2.0,2.14,] 
		 19: %v_22->save def_%v_23 %v_22[3.18,] 
		 20: 
BB 4
	outgoing: 5 
	datadep: 
	instructions:
		 0: COPY def_%v_23 
BB 5
	outgoing: 6 9 
	datadep: 
	instructions:
		 0: 
		 1: (WikiRevision) def_%v_24 
		 2: %v_24->new def_%v_25 %v_24[5.1,] 
		 3: ATTRASSIGN %self->@rev %self[3.3,2.0,2.14,] %v_25[5.2,] 
		 4: 
		 5: def_%v_26 %self[5.3,3.3,2.0,2.14,] 
		 6: def_%v_27 %self[5.3,3.3,2.0,2.14,] 
		 7: ATTRASSIGN %v_26->wiki_page %v_26[5.5,] %v_27[5.6,] 
		 8: 
		 9: def_%v_28 %self[5.3,3.3,2.0,2.14,] 
		 10: %self->current_user def_%v_29 %self[5.3,3.3,2.0,2.14,] 
		 11: ATTRASSIGN %v_28->user %v_28[5.9,] %v_29[5.10,] 
		 12: 
		 13: def_%v_30 %self[5.3,5.10,3.3,2.0,2.14,] 
		 14: %self->params def_%v_31 %self[5.3,5.10,3.3,2.0,2.14,] 
		 15: def_%v_32 %v_31[5.14,] 
		 16: ATTRASSIGN %v_30->body %v_30[5.13,] %v_32[5.15,] 
		 17: 
		 18: def_%v_33 %self[5.3,5.10,5.14,3.3,2.0,2.14,] 
		 19: %self->params def_%v_34 %self[5.3,5.10,5.14,3.3,2.0,2.14,] 
		 20: def_%v_35 %v_34[5.19,] 
		 21: ATTRASSIGN %v_33->change %v_33[5.18,] %v_35[5.20,] 
		 22: 
		 23: def_%v_36 %self[5.3,5.10,5.14,5.19,3.3,2.0,2.14,] 
		 24: %v_36->save def_%v_37 %v_36[5.23,] 
		 25: 
		 26: def_%v_38 %self[5.3,5.10,5.14,5.19,3.3,2.0,2.14,] 
		 27: %v_38->reload def_%v_39 %v_38[5.26,] 
		 28: 
		 29: def_%v_40 %self[5.3,5.10,5.14,5.19,3.3,2.0,2.14,] 
		 30: %v_40->unlock def_%v_41 %v_40[5.29,] 
		 31: 
		 32: def_%v_42 %self[5.3,5.10,5.14,5.19,3.3,2.0,2.14,] 
		 33: %v_42->event_logs def_%v_43 %v_42[5.32,] 
		 34: %v_43->new def_%v_44 %v_43[5.33,] 
		 35: COPY def_l %v_44[5.34,] 
		 36: 
		 37: def_%v_45 %self[5.3,5.10,5.14,5.19,3.3,2.0,2.14,] 
		 38: %v_45->company_id def_%v_46 %v_45[5.37,] 
		 39: ATTRASSIGN l->company_id l[5.35,] %v_46[5.38,] 
		 40: 
		 41: def_%v_47 %self[5.3,5.10,5.14,5.19,3.3,2.0,2.14,] 
		 42: %v_47->project_id def_%v_48 %v_47[5.41,] 
		 43: ATTRASSIGN l->project_id l[5.35,5.39,] %v_48[5.42,] 
		 44: 
		 45: %self->current_user def_%v_49 %self[5.3,5.10,5.14,5.19,3.3,2.0,2.14,] 
		 46: %v_49->id def_%v_50 %v_49[5.45,] 
		 47: ATTRASSIGN l->user_id l[5.35,5.39,5.43,] %v_50[5.46,] 
		 48: 
		 49: def_%v_51 %self[5.3,5.10,5.14,5.19,5.45,3.3,2.0,2.14,] 
		 50: %v_51->revisions def_%v_52 %v_51[5.49,] 
		 51: %v_52->size def_%v_53 %v_52[5.50,] 
		 52: def_%v_54 %v_53[5.51,] 
		 53: BRANCH %v_54[5.52,] 
BB 6
	outgoing: 7 8 
	datadep: 
	instructions:
		 0: (EventLog) def_%v_55 
		 1: def_%v_56 %v_55[6.0,] 
		 2: %v_56[6.1,] 
BB 7
	outgoing: 8 
	datadep: 
	instructions:
		 0: def_%v_56 %v_55[6.0,] 
BB 8
	outgoing: 12 
	datadep: 
	instructions:
		 0: 
BB 9
	outgoing: 10 11 
	datadep: 
	instructions:
		 0: (EventLog) def_%v_57 
		 1: def_%v_58 %v_57[9.0,] 
		 2: %v_58[9.1,] 
BB 10
	outgoing: 11 
	datadep: 
	instructions:
		 0: def_%v_58 %v_57[9.0,] 
BB 11
	outgoing: 12 
	datadep: 
	instructions:
		 0: COPY def_%v_56 %v_58[10.0,9.1,] 
BB 12
	outgoing: 13 
	datadep: 
	instructions:
		 0: ATTRASSIGN l->event_type l[5.35,5.39,5.43,5.47,] %v_56[11.0,7.0,6.1,] 
		 1: 
		 2: def_%v_59 %self[5.3,3.3,2.0,2.14,] 
		 3: %v_59->created_at def_%v_60 %v_59[12.2,] 
		 4: ATTRASSIGN l->created_at l[12.0,5.35,5.39,5.43,5.47,] %v_60[12.3,] 
		 5: 
		 6: %self->params def_%v_61 %self[5.3,3.3,2.0,2.14,] 
		 7: def_%v_62 %v_61[12.6,] 
		 8: ATTRASSIGN l->body l[12.0,12.4,5.35,5.39,5.43,5.47,] %v_62[12.7,] 
		 9: 
		 10: l->save def_%v_63 l[12.0,12.4,12.8,5.35,5.39,5.43,5.47,] 
		 11: 
		 12: COPY def_%v_64 
		 13: def_%v_65 %self[12.6,5.3,3.3,2.0,2.14,] 
		 14: %v_65->name def_%v_66 %v_65[12.13,] 
		 15: COPY def_%v_67 %v_64[12.12,] %v_66[12.14,] 
		 16: %self->redirect_to def_%v_68 %self[12.6,5.3,3.3,2.0,2.14,] %v_67[12.15,] 
		 17: RETURN %v_68[12.16,] %self[12.6,12.16,5.3,3.3,2.0,2.14,] 
BB 13
	outgoing: 
	datadep: 
	instructions:

SET IRMethod, name = edit
BB 1
	outgoing: 9 2 
	datadep: 
	instructions:
BB 2
	outgoing: 3 4 
	datadep: 
	instructions:
		 0: def_%self 
		 1: def_%v_0 
		 2: COPY def_%current_scope 
		 3: COPY def_%current_module 
		 4: 
		 5: 
		 6: (WikiPage) def_%v_3 
		 7: COPY def_%v_4 
		 8: %self->current_user def_%v_5 %self[2.0,] 
		 9: %v_5->company_id def_%v_6 %v_5[2.8,] 
		 10: %self->params def_%v_7 %self[2.0,2.8,] 
		 11: def_%v_8 %v_7[2.10,] 
		 12: %v_3->where def_%v_9 %v_3[2.6,] %v_4[2.7,] %v_6[2.9,] %v_8[2.11,] 
		 13: %v_9->first def_%v_10 %v_9[2.12,] 
		 14: ATTRASSIGN %self->@page %self[2.0,2.8,2.10,] %v_10[2.13,] 
		 15: 
		 16: def_%v_11 %self[2.0,2.8,2.10,2.14,] 
		 17: %v_11->nil? def_%v_12 %v_11[2.16,] 
		 18: BRANCH %v_12[2.17,] 
BB 3
	outgoing: 5 
	datadep: 
	instructions:
		 0: 
		 1: (WikiPage) def_%v_13 
		 2: %v_13->new def_%v_14 %v_13[3.1,] 
		 3: ATTRASSIGN %self->@page %self[2.0,2.14,] %v_14[3.2,] 
		 4: 
		 5: def_%v_15 %self[3.3,2.0,2.14,] 
		 6: %self->current_user def_%v_16 %self[3.3,2.0,2.14,] 
		 7: %v_16->company_id def_%v_17 %v_16[3.6,] 
		 8: ATTRASSIGN %v_15->company_id %v_15[3.5,] %v_17[3.7,] 
		 9: 
		 10: def_%v_18 %self[3.3,3.6,2.0,2.14,] 
		 11: %self->params def_%v_19 %self[3.3,3.6,2.0,2.14,] 
		 12: def_%v_20 %v_19[3.11,] 
		 13: ATTRASSIGN %v_18->name %v_18[3.10,] %v_20[3.12,] 
		 14: 
		 15: def_%v_21 %self[3.3,3.6,3.11,2.0,2.14,] 
		 16: ATTRASSIGN %v_21->project_id %v_21[3.15,] 
		 17: COPY def_%v_22 
		 18: 
BB 4
	outgoing: 5 
	datadep: 
	instructions:
		 0: COPY def_%v_22 
BB 5
	outgoing: 6 7 
	datadep: 
	instructions:
		 0: 
		 1: def_%v_23 %self[3.3,2.0,2.14,] 
		 2: %v_23->new_record? def_%v_24 %v_23[5.1,] 
		 3: BRANCH %v_24[5.2,] 
BB 6
	outgoing: 8 
	datadep: 
	instructions:
		 0: COPY def_%v_25 
		 1: 
BB 7
	outgoing: 8 
	datadep: 
	instructions:
		 0: 
		 1: def_%v_26 %self[3.3,2.0,2.14,] 
		 2: (Time) def_%v_27 
		 3: %v_27->now def_%v_28 %v_27[7.2,] 
		 4: %v_28->utc def_%v_29 %v_28[7.3,] 
		 5: %self->current_user def_%v_30 %self[3.3,2.0,2.14,] 
		 6: %v_30->id def_%v_31 %v_30[7.5,] 
		 7: %v_26->lock def_%v_32 %v_26[7.1,] %v_29[7.4,] %v_31[7.6,] 
		 8: COPY def_%v_25 %v_32[7.7,] 
BB 8
	outgoing: 9 
	datadep: 
	instructions:
		 0: 
		 1: COPY def_%v_33 
		 2: def_%v_34 %self[3.3,2.0,2.14,] 
		 3: %v_34->name def_%v_35 %v_34[8.2,] 
		 4: COPY def_%v_36 
		 5: (Setting) def_%v_37 
		 6: %v_37->productName def_%v_38 %v_37[8.5,] 
		 7: def_%v_39 %v_35[8.3,] %v_36[8.4,] %v_38[8.6,] 
		 8: COPY def_%v_40 %v_39[8.7,] 
		 9: %self->t def_%v_41 %self[3.3,2.0,2.14,] %v_33[8.1,] %v_40[8.8,] 
		 10: ATTRASSIGN %self->@page_title %self[8.9,3.3,2.0,2.14,] %v_41[8.9,] 
		 11: 
		 12: def_%v_42 %self[8.9,8.10,3.3,2.0,2.14,] 
		 13: %v_42->name def_%v_43 %v_42[8.12,] 
		 14: 
		 15: COPY def_%v_44 
		 16: %self->t def_%v_45 %self[8.9,8.10,3.3,2.0,2.14,] %v_44[8.15,] 
		 17: 
		 18: COPY def_%v_46 
		 19: %self->t def_%v_47 %self[8.9,8.10,8.16,3.3,2.0,2.14,] %v_46[8.18,] 
		 20: 
		 21: COPY def_%v_48 
		 22: def_%v_49 %self[8.9,8.10,8.16,8.19,3.3,2.0,2.14,] 
		 23: %v_49->name def_%v_50 %v_49[8.22,] 
		 24: COPY def_%v_51 %v_48[8.21,] %v_50[8.23,] 
		 25: def_%v_52 %self[8.9,8.10,8.16,8.19,3.3,2.0,2.14,] %v_51[8.24,] %self[8.9,8.10,8.16,8.19,3.3,2.0,2.14,] 
CLOSURE BEGIN: %self[8.9,8.10,8.16,8.19,3.3,2.0,2.14,] 
BB 1
	outgoing: 12 2 
	datadep: 
	instructions:
BB 2
	outgoing: 3 
	datadep: 
	instructions:
		 0: def_%self 
		 1: def_%cl_1_0 
		 2: COPY def_%current_scope 
		 3: COPY def_%current_module 
BB 3
	outgoing: 4 5 10 
	datadep: 
	instructions:
		 0: 
		 1: def_%cl_1_3 %self[2.0,] 
		 2: %cl_1_3->revisions def_%cl_1_4 %cl_1_3[3.1,] 
		 3: %cl_1_4->empty? def_%cl_1_5 %cl_1_4[3.2,] 
		 4: BRANCH %cl_1_5[3.3,] 
BB 4
	outgoing: 6 10 
	datadep: 
	instructions:
		 0: 
		 1: COPY def_%cl_1_6 
		 2: %self->t def_%cl_1_7 %self[2.0,] %cl_1_6[4.1,] 
		 3: 
BB 5
	outgoing: 6 10 
	datadep: 
	instructions:
		 0: 
		 1: def_%cl_1_8 %self[2.0,] 
		 2: %self->params def_%cl_1_9 %self[2.0,] 
		 3: def_%cl_1_10 %cl_1_9[5.2,] 
		 4: %cl_1_10->to_i def_%cl_1_11 %cl_1_10[5.3,] 
		 5: %cl_1_8->to_plain_html def_%cl_1_12 %cl_1_8[5.1,] %cl_1_11[5.4,] 
		 6: COPY def_%cl_1_7 %cl_1_12[5.5,] 
BB 6
	outgoing: 7 8 10 
	datadep: 
	instructions:
		 0: 
		 1: COPY def_%cl_1_13 
		 2: %self->t def_%cl_1_14 %self[2.0,] %cl_1_13[6.1,] 
		 3: 
		 4: COPY def_%cl_1_15 
		 5: %self->t def_%cl_1_16 %self[6.2,2.0,] %cl_1_15[6.4,] 
		 6: COPY def_%cl_1_17 
		 7: COPY def_%cl_1_18 %cl_1_17[6.6,] 
		 8: %self->submit_tag def_%cl_1_19 %self[6.2,6.5,2.0,] %cl_1_16[6.5,] %cl_1_18[6.7,] 
		 9: 
		 10: def_%cl_1_20 %self[6.2,6.5,6.8,2.0,] 
		 11: %cl_1_20->revisions def_%cl_1_21 %cl_1_20[6.10,] 
		 12: %cl_1_21->empty? def_%cl_1_22 %cl_1_21[6.11,] 
		 13: BRANCH %cl_1_22[6.12,] 
BB 7
	outgoing: 9 
	datadep: 
	instructions:
		 0: COPY def_%cl_1_23 
		 1: 
BB 8
	outgoing: 9 
	datadep: 
	instructions:
		 0: COPY def_%cl_1_23 
BB 9
	outgoing: 12 
	datadep: 
	instructions:
		 0: RETURN %self[2.0,] 
BB 10
	outgoing: 12 
	datadep: 
	instructions:
		 0: def_%cl_1_24 
		 1: def_%cl_1_25 %cl_1_24[10.0,] 
		 2: RETURN %cl_1_25[10.1,] %self[2.0,] 
BB 12
	outgoing: 
	datadep: 
	instructions:
CLOSURE END
		 26: RETURN %v_52[8.25,] %self[8.9,8.10,8.16,8.19,3.3,2.0,2.14,] 
BB 9
	outgoing: 
	datadep: 
	instructions:

SET IRMethod, name = cancel
BB 1
	outgoing: 6 2 
	datadep: 
	instructions:
BB 2
	outgoing: 3 4 
	datadep: 
	instructions:
		 0: def_%self 
		 1: def_%v_0 
		 2: COPY def_%current_scope 
		 3: COPY def_%current_module 
		 4: 
		 5: 
		 6: (WikiPage) def_%v_3 
		 7: COPY def_%v_4 
		 8: %self->current_user def_%v_5 %self[2.0,] 
		 9: %v_5->company_id def_%v_6 %v_5[2.8,] 
		 10: %self->params def_%v_7 %self[2.0,2.8,] 
		 11: def_%v_8 %v_7[2.10,] 
		 12: %v_3->where def_%v_9 %v_3[2.6,] %v_4[2.7,] %v_6[2.9,] %v_8[2.11,] 
		 13: %v_9->first def_%v_10 %v_9[2.12,] 
		 14: ATTRASSIGN %self->@page %self[2.0,2.8,2.10,] %v_10[2.13,] 
		 15: 
		 16: 
		 17: def_%v_11 %self[2.0,2.8,2.10,2.14,] 
		 18: BRANCH %v_11[2.17,] 
BB 3
	outgoing: 5 
	datadep: 
	instructions:
		 0: def_%v_12 %self[2.0,2.14,] 
		 1: %v_12->unlock def_%v_13 %v_12[3.0,] 
		 2: 
BB 4
	outgoing: 5 
	datadep: 
	instructions:
		 0: COPY def_%v_13 
BB 5
	outgoing: 6 
	datadep: 
	instructions:
		 0: 
		 1: COPY def_%v_14 
		 2: %self->params def_%v_15 %self[2.0,2.14,] 
		 3: def_%v_16 %v_15[5.2,] 
		 4: COPY def_%v_17 %v_14[5.1,] %v_16[5.3,] 
		 5: %self->redirect_to def_%v_18 %self[5.2,2.0,2.14,] %v_17[5.4,] 
		 6: RETURN %v_18[5.5,] %self[5.2,5.5,2.0,2.14,] 
BB 6
	outgoing: 
	datadep: 
	instructions:

SET IRMethod, name = cancel_create
BB 1
	outgoing: 3 2 
	datadep: 
	instructions:
BB 2
	outgoing: 3 
	datadep: 
	instructions:
		 0: def_%self 
		 1: def_%v_0 
		 2: COPY def_%current_scope 
		 3: COPY def_%current_module 
		 4: 
		 5: 
		 6: %self->redirect_from_last def_%v_3 %self[2.0,] 
		 7: RETURN %v_3[2.6,] %self[2.0,2.6,] 
BB 3
	outgoing: 
	datadep: 
	instructions:

SET IRMethod, name = versions
BB 1
	outgoing: 9 2 
	datadep: 
	instructions:
BB 2
	outgoing: 3 4 
	datadep: 
	instructions:
		 0: def_%self 
		 1: def_%v_0 
		 2: COPY def_%current_scope 
		 3: COPY def_%current_module 
		 4: 
		 5: 
		 6: (WikiPage) def_%v_3 
		 7: COPY def_%v_4 
		 8: %self->current_user def_%v_5 %self[2.0,] 
		 9: %v_5->company_id def_%v_6 %v_5[2.8,] 
		 10: %self->params def_%v_7 %self[2.0,2.8,] 
		 11: def_%v_8 %v_7[2.10,] 
		 12: %v_3->where def_%v_9 %v_3[2.6,] %v_4[2.7,] %v_6[2.9,] %v_8[2.11,] 
		 13: %v_9->first def_%v_10 %v_9[2.12,] 
		 14: ATTRASSIGN %self->@page %self[2.0,2.8,2.10,] %v_10[2.13,] 
		 15: 
		 16: COPY def_%v_11 
		 17: def_%v_12 %self[2.0,2.8,2.10,2.14,] 
		 18: %v_12->name def_%v_13 %v_12[2.17,] 
		 19: COPY def_%v_14 
		 20: (Setting) def_%v_15 
		 21: %v_15->productName def_%v_16 %v_15[2.20,] 
		 22: def_%v_17 %v_13[2.18,] %v_14[2.19,] %v_16[2.21,] 
		 23: COPY def_%v_18 %v_17[2.22,] 
		 24: %self->t def_%v_19 %self[2.0,2.8,2.10,2.14,] %v_11[2.16,] %v_18[2.23,] 
		 25: ATTRASSIGN %self->@page_title %self[2.0,2.8,2.10,2.14,2.24,] %v_19[2.24,] 
		 26: 
		 27: COPY def_%v_20 
		 28: %self->t def_%v_21 %self[2.0,2.8,2.10,2.14,2.24,2.25,] %v_20[2.27,] 
		 29: 
		 30: def_%v_22 %self[2.0,2.8,2.10,2.14,2.24,2.25,2.28,] 
		 31: %v_22->name def_%v_23 %v_22[2.30,] 
		 32: 
		 33: def_%v_24 %self[2.0,2.8,2.10,2.14,2.24,2.25,2.28,] 
		 34: %v_24->revisions def_%v_25 %v_24[2.33,] 
		 35: %v_25->empty? def_%v_26 %v_25[2.34,] 
		 36: BRANCH %v_26[2.35,] 
BB 3
	outgoing: 9 
	datadep: 
	instructions:
		 0: 
		 1: COPY def_%v_27 
		 2: %self->t def_%v_28 %self[2.0,2.14,2.25,] %v_27[3.1,] 
		 3: 
		 4: COPY def_%v_29 
		 5: def_%v_30 %self[3.2,2.0,2.14,2.25,] 
		 6: %v_30->name def_%v_31 %v_30[3.5,] 
		 7: COPY def_%v_32 %v_29[3.4,] %v_31[3.6,] 
		 8: def_%v_33 %self[3.2,2.0,2.14,2.25,] %v_32[3.7,] %self[3.2,2.0,2.14,2.25,] 
CLOSURE BEGIN: %self[3.2,2.0,2.14,2.25,] 
BB 1
	outgoing: 6 2 
	datadep: 
	instructions:
BB 2
	outgoing: 3 
	datadep: 
	instructions:
		 0: def_%self 
		 1: def_%cl_1_0 
		 2: COPY def_%current_scope 
		 3: COPY def_%current_module 
BB 3
	outgoing: 4 6 
	datadep: 
	instructions:
		 0: 
		 1: COPY def_%cl_1_3 
		 2: %self->t def_%cl_1_4 %self[2.0,] %cl_1_3[3.1,] 
		 3: 
		 4: COPY def_%cl_1_5 
		 5: %self->t def_%cl_1_6 %self[3.2,2.0,] %cl_1_5[3.4,] 
		 6: 
		 7: COPY def_%cl_1_7 
		 8: %self->t def_%cl_1_8 %self[3.2,3.5,2.0,] %cl_1_7[3.7,] 
		 9: COPY def_%cl_1_9 
		 10: COPY def_%cl_1_10 
		 11: def_%cl_1_11 %self[3.2,3.5,3.8,2.0,] 
		 12: %cl_1_11->name def_%cl_1_12 %cl_1_11[3.11,] 
		 13: COPY def_%cl_1_13 %cl_1_9[3.9,] %cl_1_10[3.10,] %cl_1_12[3.12,] 
		 14: %self->link_to def_%cl_1_14 %self[3.2,3.5,3.8,2.0,] %cl_1_8[3.8,] %cl_1_13[3.13,] 
		 15: RETURN %cl_1_14[3.14,] %self[3.2,3.5,3.8,3.14,2.0,] 
BB 4
	outgoing: 6 
	datadep: 
	instructions:
		 0: def_%cl_1_15 
		 1: def_%cl_1_16 %cl_1_15[4.0,] 
		 2: RETURN %cl_1_16[4.1,] %self[2.0,] 
BB 6
	outgoing: 
	datadep: 
	instructions:
CLOSURE END
		 9: RETURN %v_33[3.8,] %self[3.2,2.0,2.14,2.25,] 
BB 4
	outgoing: 5 6 
	datadep: 
	instructions:
		 0: 
		 1: def_%v_34 %self[2.0,2.14,2.25,] 
		 2: %v_34->revisions def_%v_35 %v_34[4.1,] 
		 3: %v_35->size def_%v_36 %v_35[4.2,] 
		 4: COPY def_rev_num %v_36[4.3,] 
		 5: 
		 6: def_%v_37 %self[2.0,2.14,2.25,] 
		 7: %v_37->revisions def_%v_38 %v_37[4.6,] 
		 8: %v_38->reverse def_%v_39 %v_38[4.7,] 
		 9: %v_39->each def_%v_40 %v_39[4.8,] %self[2.0,2.14,2.25,] 
CLOSURE BEGIN: rev_num[4.4,] %self[2.0,2.14,2.25,] revision[] 
BB 1
	outgoing: 11 2 
	datadep: 
	instructions:
BB 2
	outgoing: 3 
	datadep: 
	instructions:
		 0: def_%self 
		 1: def_%cl_2_0 
		 2: RECEIVEARG def_revision 
		 3: COPY def_%current_scope 
		 4: COPY def_%current_module 
BB 3
	outgoing: 4 5 9 
	datadep: 
	instructions:
		 0: 
		 1: COPY def_%cl_2_3 
		 2: COPY def_%cl_2_4 rev_num[] 
		 3: %self->t def_%cl_2_5 %self[2.0,] %cl_2_3[3.1,] %cl_2_4[3.2,] 
		 4: COPY def_%cl_2_6 
		 5: COPY def_%cl_2_7 
		 6: def_%cl_2_8 %self[3.3,2.0,] 
		 7: %cl_2_8->name def_%cl_2_9 %cl_2_8[3.6,] 
		 8: COPY def_%cl_2_10 %cl_2_6[3.4,] %cl_2_7[3.5,] %cl_2_9[3.7,] rev_num[] 
		 9: %self->link_to def_%cl_2_11 %self[3.3,2.0,] %cl_2_5[3.3,] %cl_2_10[3.8,] 
		 10: 
		 11: COPY def_%cl_2_12 
		 12: revision->created_at def_%cl_2_13 revision[2.2,] 
		 13: %self->time_ago_in_words def_%cl_2_14 %self[3.3,3.9,2.0,] %cl_2_13[3.12,] 
		 14: COPY def_%cl_2_15 %cl_2_14[3.13,] 
		 15: %self->t def_%cl_2_16 %self[3.3,3.9,3.13,2.0,] %cl_2_12[3.11,] %cl_2_15[3.14,] 
		 16: 
		 17: COPY def_%cl_2_17 
		 18: revision->user def_%cl_2_18 revision[3.12,2.2,] 
		 19: %cl_2_18->name def_%cl_2_19 %cl_2_18[3.18,] 
		 20: COPY def_%cl_2_20 %cl_2_19[3.19,] 
		 21: %self->t def_%cl_2_21 %self[3.3,3.9,3.13,3.15,2.0,] %cl_2_17[3.17,] %cl_2_20[3.20,] 
		 22: 
		 23: revision->change def_%cl_2_22 revision[3.12,3.18,2.2,] 
		 24: BRANCH %cl_2_22[3.23,] 
BB 4
	outgoing: 5 9 
	datadep: 
	instructions:
		 0: revision->change def_%cl_2_23 revision[2.2,] 
		 1: %cl_2_23->length def_%cl_2_24 %cl_2_23[4.0,] 
		 2: def_%cl_2_25 %cl_2_24[4.1,] 
		 3: COPY def_%cl_2_22 %cl_2_25[4.2,] 
BB 5
	outgoing: 6 7 
	datadep: 
	instructions:
		 0: BRANCH %cl_2_22[4.3,3.23,] 
BB 6
	outgoing: 8 9 
	datadep: 
	instructions:
		 0: COPY def_%cl_2_26 
		 1: revision->change def_%cl_2_27 revision[2.2,] 
		 2: %self->h def_%cl_2_28 %self[2.0,] %cl_2_27[6.1,] 
		 3: COPY def_%cl_2_29 
		 4: def_%cl_2_30 %cl_2_26[6.0,] %cl_2_28[6.2,] %cl_2_29[6.3,] 
		 5: %cl_2_30->html_safe def_%cl_2_31 %cl_2_30[6.4,] 
		 6: 
BB 7
	outgoing: 8 
	datadep: 
	instructions:
		 0: COPY def_%cl_2_31 
BB 8
	outgoing: 9 11 
	datadep: 
	instructions:
		 0: 
		 1: def_%cl_2_32 rev_num[] 
		 2: COPY def_rev_num %cl_2_32[8.1,] 
		 3: RETURN %cl_2_32[8.1,] %self[2.0,] 
BB 9
	outgoing: 11 
	datadep: 
	instructions:
		 0: def_%cl_2_33 
		 1: def_%cl_2_34 %cl_2_33[9.0,] 
		 2: RETURN %cl_2_34[9.1,] %self[2.0,] 
BB 11
	outgoing: 
	datadep: 
	instructions:
CLOSURE END
		 10: 
		 11: def_%v_41 %self[2.0,2.14,2.25,] 
		 12: %v_41->locked? def_%v_42 %v_41[4.11,] 
		 13: BRANCH %v_42[4.12,] 
BB 5
	outgoing: 7 
	datadep: 
	instructions:
		 0: 
		 1: COPY def_%v_43 
		 2: def_%v_44 %self[2.0,2.14,2.25,] 
		 3: %v_44->locked_by def_%v_45 %v_44[5.2,] 
		 4: %v_45->name def_%v_46 %v_45[5.3,] 
		 5: COPY def_%v_47 %v_46[5.4,] 
		 6: %self->t def_%v_48 %self[2.0,2.14,2.25,] %v_43[5.1,] %v_47[5.5,] 
		 7: 
		 8: %self->tz def_%v_49 %self[5.6,2.0,2.14,2.25,] 
		 9: def_%v_50 %self[5.6,5.8,2.0,2.14,2.25,] 
		 10: %v_50->locked_at def_%v_51 %v_50[5.9,] 
		 11: %v_49->utc_to_local def_%v_52 %v_49[5.8,] %v_51[5.10,] 
		 12: %self->current_user def_%v_53 %self[5.6,5.8,2.0,2.14,2.25,] 
		 13: %v_53->time_format def_%v_54 %v_53[5.12,] 
		 14: %v_52->strftime def_%v_55 %v_52[5.11,] %v_54[5.13,] 
		 15: 
BB 6
	outgoing: 7 
	datadep: 
	instructions:
		 0: COPY def_%v_55 
BB 7
	outgoing: 9 
	datadep: 
	instructions:
		 0: RETURN %v_55[6.0,5.14,] %self[2.0,2.14,2.25,] 
BB 9
	outgoing: 
	datadep: 
	instructions:

