digraph StoriesController_unhide {
StoriesController_before_filter__BB1:f0 -> ApplicationController_before_filter__BB1 [label = ""]; 
ApplicationController_before_filter__BB1:f0 -> ApplicationController_authenticate_user__BB1 [label = ""]; 
ApplicationController_authenticate_user__BB5:f0 -> User_before_filter__BB1 [label = ""]; 
subgraph cluster_User_before_filter {
	color=red;
	node [style=filled];
	label = "User_before_filter"
	User_before_filter__BB1 [
		label = <<table border="2">
			<tr><td port="f0" border="1"> (nil) </td></tr>
		</table>>
		shape = none
	];
}
ApplicationController_authenticate_user__BB5:f0 -> User_is_active__BB1 [label = ""]; 
User_is_active__BB1 -> ApplicationController_authenticate_user__BB5:f0 [label = "r: (true)"]; 
User_is_active__BB3:f0 -> User_is_banned__BB1 [label = ""]; 
subgraph cluster_User_is_banned {
	color=red;
	node [style=filled];
	label = "User_is_banned?"
	User_is_banned__BB1 [
		label = <<table border="2">
			<tr><td port="f0" border="1"> (nil) </td></tr>
		</table>>
		shape = none
	];
	User_is_banned__BB2 [
		label = <<table border="2">
			<tr><td port="f0" border="1"> (nil) </td></tr>
		</table>>
		shape = none
	];
	User_is_banned__BB3 [
		label = <<table border="2">
			<tr><td port="f0" border="1"> (nil) </td></tr>
		</table>>
		shape = none
	];
	User_is_banned__BB1 -> User_is_banned__BB3 [ color=blue ];
	User_is_banned__BB1 -> User_is_banned__BB2 [ color=blue ];
	User_is_banned__BB2 -> User_is_banned__BB3 [ color=blue ];
}
subgraph cluster_User_is_active {
	color=red;
	node [style=filled];
	label = "User_is_active?"
	User_is_active__BB1 [
		label = <<table border="2">
			<tr><td port="f0" border="1"> (nil) </td></tr>
		</table>>
		shape = none
	];
	User_is_active__BB2 [
		label = <<table border="2">
			<tr><td port="f0" border="1"> (nil) </td></tr>
		</table>>
		shape = none
	];
	User_is_active__BB3 [
		label = <<table border="2">
			<tr><td port="f0" border="1"> User.is_banned?</td></tr>
			<tr><td port="f1" border="1"> (nil) </td></tr>
		</table>>
		shape = none
	];
	User_is_active__BB4 [
		label = <<table border="2">
			<tr><td port="f0" border="1"> (nil) </td></tr>
		</table>>
		shape = none
	];
	User_is_active__BB5 [
		label = <<table border="2">
			<tr><td port="f0" border="1"> (nil) </td></tr>
		</table>>
		shape = none
	];
	User_is_active__BB1 -> User_is_active__BB5 [ color=blue ];
	User_is_active__BB1 -> User_is_active__BB2 [ color=blue ];
	User_is_active__BB2 -> User_is_active__BB3 [ color=blue ];
	User_is_active__BB2 -> User_is_active__BB4 [ color=blue ];
	User_is_active__BB3 -> User_is_active__BB4 [ color=blue ];
	User_is_active__BB4 -> User_is_active__BB5 [ color=blue ];
}
subgraph cluster_ApplicationController_authenticate_user {
	color=red;
	node [style=filled];
	label = "ApplicationController_authenticate_user"
	ApplicationController_authenticate_user__BB1 [
		label = <<table border="2">
			<tr><td port="f0" border="1"> (nil) </td></tr>
		</table>>
		shape = none
	];
	ApplicationController_authenticate_user__BB2 [
		label = <<table border="2">
			<tr><td port="f0" border="1"> ApplicationController.session</td></tr>
			<tr><td port="f1" border="1"> (nil) </td></tr>
		</table>>
		shape = none
	];
	ApplicationController_authenticate_user__BB3 [
		label = <<table border="2">
			<tr><td port="f0" border="1"> ApplicationController.session</td></tr>
			<tr><td port="f1" border="1" bgcolor="orange"> [QUERY]User.where </td></tr>
			<tr><td port="f2" border="1" bgcolor="orange"> [QUERY]User.where.first </td></tr>
			<tr><td port="f3" border="1"> (nil) </td></tr>
		</table>>
		shape = none
	];
	ApplicationController_authenticate_user__BB4 [
		label = <<table border="2">
			<tr><td port="f0" border="1"> (nil) </td></tr>
		</table>>
		shape = none
	];
	ApplicationController_authenticate_user__BB5 [
		label = <<table border="2">
			<tr><td port="f0" border="1"> User.is_active?</td></tr>
			<tr><td port="f1" border="1"> (nil) </td></tr>
		</table>>
		shape = none
	];
	ApplicationController_authenticate_user__BB6 [
		label = <<table border="2">
			<tr><td port="f0" border="1"> (nil) </td></tr>
		</table>>
		shape = none
	];
	ApplicationController_authenticate_user__BB7 [
		label = <<table border="2">
			<tr><td port="f0" border="1"> (nil) </td></tr>
		</table>>
		shape = none
	];
	ApplicationController_authenticate_user__BB8 [
		label = <<table border="2">
			<tr><td port="f0" border="1"> (nil) </td></tr>
		</table>>
		shape = none
	];
	ApplicationController_authenticate_user__BB9 [
		label = <<table border="2">
			<tr><td port="f0" border="1"> (nil) </td></tr>
		</table>>
		shape = none
	];
	ApplicationController_authenticate_user__BB10 [
		label = <<table border="2">
			<tr><td port="f0" border="1"> (nil) </td></tr>
		</table>>
		shape = none
	];
	ApplicationController_authenticate_user__BB1 -> ApplicationController_authenticate_user__BB10 [ color=blue ];
	ApplicationController_authenticate_user__BB1 -> ApplicationController_authenticate_user__BB2 [ color=blue ];
	ApplicationController_authenticate_user__BB2 -> ApplicationController_authenticate_user__BB3 [ color=blue ];
	ApplicationController_authenticate_user__BB2 -> ApplicationController_authenticate_user__BB4 [ color=blue ];
	ApplicationController_authenticate_user__BB3 -> ApplicationController_authenticate_user__BB4 [ color=blue ];
	ApplicationController_authenticate_user__BB4 -> ApplicationController_authenticate_user__BB5 [ color=blue ];
	ApplicationController_authenticate_user__BB4 -> ApplicationController_authenticate_user__BB6 [ color=blue ];
	ApplicationController_authenticate_user__BB5 -> ApplicationController_authenticate_user__BB6 [ color=blue ];
	ApplicationController_authenticate_user__BB6 -> ApplicationController_authenticate_user__BB7 [ color=blue ];
	ApplicationController_authenticate_user__BB6 -> ApplicationController_authenticate_user__BB8 [ color=blue ];
	ApplicationController_authenticate_user__BB7 -> ApplicationController_authenticate_user__BB9 [ color=blue ];
	ApplicationController_authenticate_user__BB8 -> ApplicationController_authenticate_user__BB9 [ color=blue ];
	ApplicationController_authenticate_user__BB9 -> ApplicationController_authenticate_user__BB10 [ color=blue ];
}
subgraph cluster_ApplicationController_before_filter {
	color=red;
	node [style=filled];
	label = "ApplicationController_before_filter"
	ApplicationController_before_filter__BB1 [
		label = <<table border="2">
			<tr><td port="f0" border="1"> ApplicationController.authenticate_user</td></tr>
			<tr><td port="f1" border="1"> ApplicationController.increase_traffic_counter</td></tr>
			<tr><td port="f2" border="1"> (nil) </td></tr>
		</table>>
		shape = none
	];
}
User_is_active__BB3:f0 -> ApplicationController_increase_traffic_counter__BB1 [label = ""]; 
ApplicationController_increase_traffic_counter__BB2:f0 -> ApplicationController_user_is_spider__BB1 [label = ""]; 
ApplicationController_user_is_spider__BB1 -> ApplicationController_increase_traffic_counter__BB2:f0 [label = "r: (true)"]; 
subgraph cluster_ApplicationController_user_is_spider {
	color=red;
	node [style=filled];
	label = "ApplicationController_user_is_spider?"
	ApplicationController_user_is_spider__BB1 [
		label = <<table border="2">
			<tr><td port="f0" border="1"> (nil) </td></tr>
		</table>>
		shape = none
	];
	ApplicationController_user_is_spider__BB2 [
		label = <<table border="2">
			<tr><td port="f0" border="1"> ApplicationController.request</td></tr>
			<tr><td port="f1" border="1"> (nil) </td></tr>
		</table>>
		shape = none
	];
	ApplicationController_user_is_spider__BB3 [
		label = <<table border="2">
			<tr><td port="f0" border="1"> (nil) </td></tr>
		</table>>
		shape = none
	];
	ApplicationController_user_is_spider__BB4 [
		label = <<table border="2">
			<tr><td port="f0" border="1"> (nil) </td></tr>
		</table>>
		shape = none
	];
	ApplicationController_user_is_spider__BB5 [
		label = <<table border="2">
			<tr><td port="f0" border="1"> (nil) </td></tr>
		</table>>
		shape = none
	];
	ApplicationController_user_is_spider__BB1 -> ApplicationController_user_is_spider__BB5 [ color=blue ];
	ApplicationController_user_is_spider__BB1 -> ApplicationController_user_is_spider__BB2 [ color=blue ];
	ApplicationController_user_is_spider__BB2 -> ApplicationController_user_is_spider__BB3 [ color=blue ];
	ApplicationController_user_is_spider__BB2 -> ApplicationController_user_is_spider__BB4 [ color=blue ];
	ApplicationController_user_is_spider__BB3 -> ApplicationController_user_is_spider__BB5 [ color=blue ];
	ApplicationController_user_is_spider__BB4 -> ApplicationController_user_is_spider__BB5 [ color=blue ];
}
ApplicationController_increase_traffic_counter_990275_closure0_BB3:f0 -> Keystore_before_filter_990275_closure0_BB1 [label = ""]; 
subgraph cluster_Keystore_before_filter {
	color=red;
	node [style=filled];
	label = "Keystore_before_filter"
	Keystore_before_filter_990275_closure0_BB1 [
		label = <<table border="2">
			<tr><td port="f0" border="1"> (nil) </td></tr>
		</table>>
		shape = none
	];
}
ApplicationController_increase_traffic_counter_990275_closure0_BB3:f0 -> Keystore_find_or_create_key_for_update_990275_closure0_BB1 [label = "now_i, "]; 
Keystore_find_or_create_key_for_update_990275_closure0_BB1 -> ApplicationController_increase_traffic_counter_990275_closure0_BB3:f0 [label = "r: (date_kv)"]; 
Keystore_before_save_802195_closure0_closure1_closure2_BB3:f0 -> Keystore_before_save_802195_closure0_closure1_closure2_BB1 [label = ""]; 
subgraph cluster_Keystore_before_save {
	color=red;
	node [style=filled];
	label = "Keystore_before_save"
	Keystore_before_save_802195_closure0_closure1_closure2_BB1 [
		label = <<table border="2">
			<tr><td port="f0" border="1"> (nil) </td></tr>
		</table>>
		shape = none
	];
}
Keystore_before_validation_802195_closure0_closure1_closure2_BB3:f0 -> Keystore_before_validation_802195_closure0_closure1_closure2_BB1 [label = ""]; 
subgraph cluster_Keystore_before_validation {
	color=red;
	node [style=filled];
	label = "Keystore_before_validation"
	Keystore_before_validation_802195_closure0_closure1_closure2_BB1 [
		label = <<table border="2">
			<tr><td port="f0" border="1" bgcolor="orange"> [QUERY]self.where </td></tr>
			<tr><td port="f1" border="1"> (nil) </td></tr>
		</table>>
		shape = none
	];
}
Keystore_before_create_802195_closure0_closure1_closure2_BB3:f0 -> Keystore_before_create_802195_closure0_closure1_closure2_BB1 [label = ""]; 
subgraph cluster_Keystore_before_create {
	color=red;
	node [style=filled];
	label = "Keystore_before_create"
	Keystore_before_create_802195_closure0_closure1_closure2_BB1 [
		label = <<table border="2">
			<tr><td port="f0" border="1"> (nil) </td></tr>
		</table>>
		shape = none
	];
}
subgraph cluster_Keystore_find_or_create_key_for_update {
	color=red;
	node [style=filled];
	label = "Keystore_find_or_create_key_for_update"
	Keystore_find_or_create_key_for_update_990275_closure0_BB1 [
		label = <<table border="2">
			<tr><td port="f0" border="1"> (nil) </td></tr>
		</table>>
		shape = none
	];
	Keystore_find_or_create_key_for_update_990275_closure0_BB2 [
		label = <<table border="2">
			<tr><td port="f0" border="1"> (nil) </td></tr>
		</table>>
		shape = none
	];
	Keystore_find_or_create_key_for_update_990275_closure0_BB4 [
		label = <<table border="2">
			<tr><td port="f0" border="1"> (nil) </td></tr>
		</table>>
		shape = none
	];
	Keystore_find_or_create_key_for_update_122081_closure0_closure1_BB1 [
		label = <<table border="2">
			<tr><td port="f0" border="1"> (nil) </td></tr>
		</table>>
		shape = none
	];
	Keystore_find_or_create_key_for_update_122081_closure0_closure1_BB2 [
		label = <<table border="2">
			<tr><td port="f0" border="1"> (nil) </td></tr>
		</table>>
		shape = none
	];
	Keystore_find_or_create_key_for_update_122081_closure0_closure1_BB3 [
		label = <<table border="2">
			<tr><td port="f0" border="1" bgcolor="orange"> [QUERY]self.lock </td></tr>
			<tr><td port="f1" border="1" bgcolor="orange"> [QUERY]self.lock.where </td></tr>
			<tr><td port="f2" border="1"> (nil) </td></tr>
		</table>>
		shape = none
	];
	Keystore_find_or_create_key_for_update_122081_closure0_closure1_BB4 [
		label = <<table border="2">
			<tr><td port="f0" border="1"> (nil) </td></tr>
		</table>>
		shape = none
	];
	Keystore_find_or_create_key_for_update_122081_closure0_closure1_BB5 [
		label = <<table border="2">
			<tr><td port="f0" border="1"> (nil) </td></tr>
		</table>>
		shape = none
	];
	Keystore_find_or_create_key_for_update_802195_closure0_closure1_closure2_BB1 [
		label = <<table border="2">
			<tr><td port="f0" border="1"> (nil) </td></tr>
		</table>>
		shape = none
	];
	Keystore_find_or_create_key_for_update_802195_closure0_closure1_closure2_BB2 [
		label = <<table border="2">
			<tr><td port="f0" border="1"> (nil) </td></tr>
		</table>>
		shape = none
	];
	Keystore_find_or_create_key_for_update_802195_closure0_closure1_closure2_BB3 [
		label = <<table border="2">
			<tr><td port="f0" border="1" bgcolor="orange"> [QUERY]kv.save! </td></tr>
			<tr><td port="f1" border="1"> (nil) </td></tr>
		</table>>
		shape = none
	];
	Keystore_find_or_create_key_for_update_802195_closure0_closure1_closure2_BB4 [
		label = <<table border="2">
			<tr><td port="f0" border="1"> (nil) </td></tr>
		</table>>
		shape = none
	];
	Keystore_find_or_create_key_for_update_802195_closure0_closure1_closure2_BB6 [
		label = <<table border="2">
			<tr><td port="f0" border="1"> (nil) </td></tr>
		</table>>
		shape = none
	];
	Keystore_find_or_create_key_for_update_122081_closure0_closure1_BB7 [
		label = <<table border="2">
			<tr><td port="f0" border="1"> Keystore.create!</td></tr>
			<tr><td port="f1" border="1"> (nil) </td></tr>
		</table>>
		shape = none
	];
	Keystore_find_or_create_key_for_update_122081_closure0_closure1_BB9 [
		label = <<table border="2">
			<tr><td port="f0" border="1"> (nil) </td></tr>
		</table>>
		shape = none
	];
	Keystore_find_or_create_key_for_update_122081_closure0_closure1_BB10 [
		label = <<table border="2">
			<tr><td port="f0" border="1"> (nil) </td></tr>
		</table>>
		shape = none
	];
	Keystore_find_or_create_key_for_update_122081_closure0_closure1_BB11 [
		label = <<table border="2">
			<tr><td port="f0" border="1"> (nil) </td></tr>
		</table>>
		shape = none
	];
	Keystore_find_or_create_key_for_update_122081_closure0_closure1_BB12 [
		label = <<table border="2">
			<tr><td port="f0" border="1"> (nil) </td></tr>
		</table>>
		shape = none
	];
	Keystore_find_or_create_key_for_update_122081_closure0_closure1_BB13 [
		label = <<table border="2">
			<tr><td port="f0" border="1"> (nil) </td></tr>
		</table>>
		shape = none
	];
	Keystore_find_or_create_key_for_update_122081_closure0_closure1_BB14 [
		label = <<table border="2">
			<tr><td port="f0" border="1"> (nil) </td></tr>
		</table>>
		shape = none
	];
	Keystore_find_or_create_key_for_update_122081_closure0_closure1_BB15 [
		label = <<table border="2">
			<tr><td port="f0" border="1"> (nil) </td></tr>
		</table>>
		shape = none
	];
	Keystore_find_or_create_key_for_update_122081_closure0_closure1_BB16 [
		label = <<table border="2">
			<tr><td port="f0" border="1"> (nil) </td></tr>
		</table>>
		shape = none
	];
	Keystore_find_or_create_key_for_update_122081_closure0_closure1_BB17 [
		label = <<table border="2">
			<tr><td port="f0" border="1"> (nil) </td></tr>
		</table>>
		shape = none
	];
	Keystore_find_or_create_key_for_update_122081_closure0_closure1_BB18 [
		label = <<table border="2">
			<tr><td port="f0" border="1"> (nil) </td></tr>
		</table>>
		shape = none
	];
	Keystore_find_or_create_key_for_update_122081_closure0_closure1_BB20 [
		label = <<table border="2">
			<tr><td port="f0" border="1"> (nil) </td></tr>
		</table>>
		shape = none
	];
	Keystore_find_or_create_key_for_update_990275_closure0_BB5 [
		label = <<table border="2">
			<tr><td port="f0" border="1"> Keystore.loop</td></tr>
			<tr><td port="f1" border="1"> (nil) </td></tr>
		</table>>
		shape = none
	];
	Keystore_find_or_create_key_for_update_990275_closure0_BB6 [
		label = <<table border="2">
			<tr><td port="f0" border="1"> (nil) </td></tr>
		</table>>
		shape = none
	];
	Keystore_find_or_create_key_for_update_990275_closure0_BB8 [
		label = <<table border="2">
			<tr><td port="f0" border="1"> (nil) </td></tr>
		</table>>
		shape = none
	];
	Keystore_find_or_create_key_for_update_990275_closure0_BB1 -> Keystore_find_or_create_key_for_update_990275_closure0_BB8 [ color=blue ];
	Keystore_find_or_create_key_for_update_990275_closure0_BB1 -> Keystore_find_or_create_key_for_update_990275_closure0_BB2 [ color=blue ];
	Keystore_find_or_create_key_for_update_990275_closure0_BB2 -> Keystore_find_or_create_key_for_update_990275_closure0_BB4 [ color=blue ];
	Keystore_find_or_create_key_for_update_990275_closure0_BB2 -> Keystore_find_or_create_key_for_update_990275_closure0_BB5 [ color=blue ];
	Keystore_find_or_create_key_for_update_990275_closure0_BB2 -> Keystore_find_or_create_key_for_update_990275_closure0_BB6 [ color=blue ];
	Keystore_find_or_create_key_for_update_990275_closure0_BB4 -> Keystore_find_or_create_key_for_update_990275_closure0_BB5 [ color=blue ];
	Keystore_find_or_create_key_for_update_990275_closure0_BB5 -> Keystore_find_or_create_key_for_update_990275_closure0_BB6 [ color=blue ];
	Keystore_find_or_create_key_for_update_990275_closure0_BB5 -> Keystore_find_or_create_key_for_update_990275_closure0_BB8 [ color=blue ];
	Keystore_find_or_create_key_for_update_990275_closure0_BB5:f0 -> Keystore_find_or_create_key_for_update_122081_closure0_closure1_BB1 [color=blue ];
	Keystore_find_or_create_key_for_update_122081_closure0_closure1_BB20:f0 -> Keystore_find_or_create_key_for_update_990275_closure0_BB5 [color=blue ];
	Keystore_find_or_create_key_for_update_122081_closure0_closure1_BB1 -> Keystore_find_or_create_key_for_update_122081_closure0_closure1_BB20 [ color=blue ];
	Keystore_find_or_create_key_for_update_122081_closure0_closure1_BB1 -> Keystore_find_or_create_key_for_update_122081_closure0_closure1_BB2 [ color=blue ];
	Keystore_find_or_create_key_for_update_122081_closure0_closure1_BB2 -> Keystore_find_or_create_key_for_update_122081_closure0_closure1_BB3 [ color=blue ];
	Keystore_find_or_create_key_for_update_122081_closure0_closure1_BB3 -> Keystore_find_or_create_key_for_update_122081_closure0_closure1_BB4 [ color=blue ];
	Keystore_find_or_create_key_for_update_122081_closure0_closure1_BB3 -> Keystore_find_or_create_key_for_update_122081_closure0_closure1_BB5 [ color=blue ];
	Keystore_find_or_create_key_for_update_122081_closure0_closure1_BB3 -> Keystore_find_or_create_key_for_update_122081_closure0_closure1_BB18 [ color=blue ];
	Keystore_find_or_create_key_for_update_122081_closure0_closure1_BB4 -> Keystore_find_or_create_key_for_update_122081_closure0_closure1_BB18 [ color=blue ];
	Keystore_find_or_create_key_for_update_122081_closure0_closure1_BB4 -> Keystore_find_or_create_key_for_update_122081_closure0_closure1_BB20 [ color=blue ];
	Keystore_find_or_create_key_for_update_122081_closure0_closure1_BB5 -> Keystore_find_or_create_key_for_update_122081_closure0_closure1_BB7 [ color=blue ];
	Keystore_find_or_create_key_for_update_122081_closure0_closure1_BB7 -> Keystore_find_or_create_key_for_update_122081_closure0_closure1_BB9 [ color=blue ];
	Keystore_find_or_create_key_for_update_122081_closure0_closure1_BB7 -> Keystore_find_or_create_key_for_update_122081_closure0_closure1_BB10 [ color=blue ];
	Keystore_find_or_create_key_for_update_122081_closure0_closure1_BB7:f0 -> Keystore_find_or_create_key_for_update_802195_closure0_closure1_closure2_BB1 [color=blue ];
	Keystore_find_or_create_key_for_update_802195_closure0_closure1_closure2_BB6:f0 -> Keystore_find_or_create_key_for_update_122081_closure0_closure1_BB7 [color=blue ];
	Keystore_find_or_create_key_for_update_802195_closure0_closure1_closure2_BB1 -> Keystore_find_or_create_key_for_update_802195_closure0_closure1_closure2_BB6 [ color=blue ];
	Keystore_find_or_create_key_for_update_802195_closure0_closure1_closure2_BB1 -> Keystore_find_or_create_key_for_update_802195_closure0_closure1_closure2_BB2 [ color=blue ];
	Keystore_find_or_create_key_for_update_802195_closure0_closure1_closure2_BB2 -> Keystore_find_or_create_key_for_update_802195_closure0_closure1_closure2_BB3 [ color=blue ];
	Keystore_find_or_create_key_for_update_802195_closure0_closure1_closure2_BB3 -> Keystore_find_or_create_key_for_update_802195_closure0_closure1_closure2_BB4 [ color=blue ];
	Keystore_find_or_create_key_for_update_802195_closure0_closure1_closure2_BB3 -> Keystore_find_or_create_key_for_update_802195_closure0_closure1_closure2_BB6 [ color=blue ];
	Keystore_find_or_create_key_for_update_802195_closure0_closure1_closure2_BB4 -> Keystore_find_or_create_key_for_update_802195_closure0_closure1_closure2_BB6 [ color=blue ];
	Keystore_find_or_create_key_for_update_802195_closure0_closure1_closure2_BB6 -> Keystore_find_or_create_key_for_update_802195_closure0_closure1_closure2_BB1 [color=blue ];
	Keystore_find_or_create_key_for_update_122081_closure0_closure1_BB9 -> Keystore_find_or_create_key_for_update_122081_closure0_closure1_BB17 [ color=blue ];
	Keystore_find_or_create_key_for_update_122081_closure0_closure1_BB10 -> Keystore_find_or_create_key_for_update_122081_closure0_closure1_BB11 [ color=blue ];
	Keystore_find_or_create_key_for_update_122081_closure0_closure1_BB10 -> Keystore_find_or_create_key_for_update_122081_closure0_closure1_BB12 [ color=blue ];
	Keystore_find_or_create_key_for_update_122081_closure0_closure1_BB10 -> Keystore_find_or_create_key_for_update_122081_closure0_closure1_BB16 [ color=blue ];
	Keystore_find_or_create_key_for_update_122081_closure0_closure1_BB11 -> Keystore_find_or_create_key_for_update_122081_closure0_closure1_BB12 [ color=blue ];
	Keystore_find_or_create_key_for_update_122081_closure0_closure1_BB11 -> Keystore_find_or_create_key_for_update_122081_closure0_closure1_BB16 [ color=blue ];
	Keystore_find_or_create_key_for_update_122081_closure0_closure1_BB12 -> Keystore_find_or_create_key_for_update_122081_closure0_closure1_BB13 [ color=blue ];
	Keystore_find_or_create_key_for_update_122081_closure0_closure1_BB12 -> Keystore_find_or_create_key_for_update_122081_closure0_closure1_BB14 [ color=blue ];
	Keystore_find_or_create_key_for_update_122081_closure0_closure1_BB12 -> Keystore_find_or_create_key_for_update_122081_closure0_closure1_BB16 [ color=blue ];
	Keystore_find_or_create_key_for_update_122081_closure0_closure1_BB13 -> Keystore_find_or_create_key_for_update_122081_closure0_closure1_BB16 [ color=blue ];
	Keystore_find_or_create_key_for_update_122081_closure0_closure1_BB13 -> Keystore_find_or_create_key_for_update_122081_closure0_closure1_BB20 [ color=blue ];
	Keystore_find_or_create_key_for_update_122081_closure0_closure1_BB14 -> Keystore_find_or_create_key_for_update_122081_closure0_closure1_BB15 [ color=blue ];
	Keystore_find_or_create_key_for_update_122081_closure0_closure1_BB14 -> Keystore_find_or_create_key_for_update_122081_closure0_closure1_BB16 [ color=blue ];
	Keystore_find_or_create_key_for_update_122081_closure0_closure1_BB15 -> Keystore_find_or_create_key_for_update_122081_closure0_closure1_BB17 [ color=blue ];
	Keystore_find_or_create_key_for_update_122081_closure0_closure1_BB16 -> Keystore_find_or_create_key_for_update_122081_closure0_closure1_BB18 [ color=blue ];
	Keystore_find_or_create_key_for_update_122081_closure0_closure1_BB16 -> Keystore_find_or_create_key_for_update_122081_closure0_closure1_BB20 [ color=blue ];
	Keystore_find_or_create_key_for_update_122081_closure0_closure1_BB17 -> Keystore_find_or_create_key_for_update_122081_closure0_closure1_BB20 [ color=blue ];
	Keystore_find_or_create_key_for_update_122081_closure0_closure1_BB18 -> Keystore_find_or_create_key_for_update_122081_closure0_closure1_BB20 [ color=blue ];
	Keystore_find_or_create_key_for_update_122081_closure0_closure1_BB20 -> Keystore_find_or_create_key_for_update_122081_closure0_closure1_BB1 [color=blue ];
	Keystore_find_or_create_key_for_update_990275_closure0_BB6 -> Keystore_find_or_create_key_for_update_990275_closure0_BB8 [ color=blue ];
}
subgraph cluster_ApplicationController_increase_traffic_counter {
	color=red;
	node [style=filled];
	label = "ApplicationController_increase_traffic_counter"
	ApplicationController_increase_traffic_counter__BB1 [
		label = <<table border="2">
			<tr><td port="f0" border="1"> (nil) </td></tr>
		</table>>
		shape = none
	];
	ApplicationController_increase_traffic_counter__BB2 [
		label = <<table border="2">
			<tr><td port="f0" border="1"> ApplicationController.user_is_spider?</td></tr>
			<tr><td port="f1" border="1"> (nil) </td></tr>
		</table>>
		shape = none
	];
	ApplicationController_increase_traffic_counter__BB3 [
		label = <<table border="2">
			<tr><td port="f0" border="1"> ApplicationController.params</td></tr>
			<tr><td port="f1" border="1"> (nil) </td></tr>
		</table>>
		shape = none
		color = green
	];
	ApplicationController_increase_traffic_counter__BB4 [
		label = <<table border="2">
			<tr><td port="f0" border="1"> (nil) </td></tr>
		</table>>
		shape = none
	];
	ApplicationController_increase_traffic_counter__BB5 [
		label = <<table border="2">
			<tr><td port="f0" border="1"> (nil) </td></tr>
		</table>>
		shape = none
	];
	ApplicationController_increase_traffic_counter_990275_closure0_BB1 [
		label = <<table border="2">
			<tr><td port="f0" border="1"> (nil) </td></tr>
		</table>>
		shape = none
	];
	ApplicationController_increase_traffic_counter_990275_closure0_BB2 [
		label = <<table border="2">
			<tr><td port="f0" border="1"> (nil) </td></tr>
		</table>>
		shape = none
	];
	ApplicationController_increase_traffic_counter_990275_closure0_BB3 [
		label = <<table border="2">
			<tr><td port="f0" border="1"> Keystore.find_or_create_key_for_update</td></tr>
			<tr><td port="f1" border="1"> Keystore.find_or_create_key_for_update</td></tr>
			<tr><td port="f2" border="1" bgcolor="orange"> [QUERY]traffic_kv.save! </td></tr>
			<tr><td port="f3" border="1" bgcolor="orange"> [QUERY]date_kv.save! </td></tr>
			<tr><td port="f4" border="1"> (nil) </td></tr>
		</table>>
		shape = none
	];
	ApplicationController_increase_traffic_counter_990275_closure0_BB4 [
		label = <<table border="2">
			<tr><td port="f0" border="1"> (nil) </td></tr>
		</table>>
		shape = none
	];
	ApplicationController_increase_traffic_counter_990275_closure0_BB6 [
		label = <<table border="2">
			<tr><td port="f0" border="1"> (nil) </td></tr>
		</table>>
		shape = none
	];
	ApplicationController_increase_traffic_counter__BB6 [
		label = <<table border="2">
			<tr><td port="f0" border="1" bgcolor="orange"> [QUERY]Keystore.transaction </td></tr>
			<tr><td port="f1" border="1"> (nil) </td></tr>
		</table>>
		shape = none
	];
	ApplicationController_increase_traffic_counter__BB8 [
		label = <<table border="2">
			<tr><td port="f0" border="1"> (nil) </td></tr>
		</table>>
		shape = none
	];
	ApplicationController_increase_traffic_counter__BB1 -> ApplicationController_increase_traffic_counter__BB8 [ color=blue ];
	ApplicationController_increase_traffic_counter__BB1 -> ApplicationController_increase_traffic_counter__BB2 [ color=blue ];
	ApplicationController_increase_traffic_counter__BB2 -> ApplicationController_increase_traffic_counter__BB3 [ color=blue ];
	ApplicationController_increase_traffic_counter__BB2 -> ApplicationController_increase_traffic_counter__BB4 [ color=blue ];
	ApplicationController_increase_traffic_counter__BB3 -> ApplicationController_increase_traffic_counter__BB4 [ color=blue ];
	ApplicationController_increase_traffic_counter__BB4 -> ApplicationController_increase_traffic_counter__BB5 [ color=blue ];
	ApplicationController_increase_traffic_counter__BB4 -> ApplicationController_increase_traffic_counter__BB6 [ color=blue ];
	ApplicationController_increase_traffic_counter__BB5 -> ApplicationController_increase_traffic_counter__BB8 [ color=blue ];
	ApplicationController_increase_traffic_counter__BB6 -> ApplicationController_increase_traffic_counter__BB8 [ color=blue ];
	ApplicationController_increase_traffic_counter__BB6:f0 -> ApplicationController_increase_traffic_counter_990275_closure0_BB1 [color=blue ];
	ApplicationController_increase_traffic_counter_990275_closure0_BB6:f0 -> ApplicationController_increase_traffic_counter__BB6 [color=blue ];
	ApplicationController_increase_traffic_counter_990275_closure0_BB1 -> ApplicationController_increase_traffic_counter_990275_closure0_BB6 [ color=blue ];
	ApplicationController_increase_traffic_counter_990275_closure0_BB1 -> ApplicationController_increase_traffic_counter_990275_closure0_BB2 [ color=blue ];
	ApplicationController_increase_traffic_counter_990275_closure0_BB2 -> ApplicationController_increase_traffic_counter_990275_closure0_BB3 [ color=blue ];
	ApplicationController_increase_traffic_counter_990275_closure0_BB3 -> ApplicationController_increase_traffic_counter_990275_closure0_BB4 [ color=blue ];
	ApplicationController_increase_traffic_counter_990275_closure0_BB3 -> ApplicationController_increase_traffic_counter_990275_closure0_BB6 [ color=blue ];
	ApplicationController_increase_traffic_counter_990275_closure0_BB4 -> ApplicationController_increase_traffic_counter_990275_closure0_BB6 [ color=blue ];
	ApplicationController_increase_traffic_counter_990275_closure0_BB6 -> ApplicationController_increase_traffic_counter_990275_closure0_BB1 [color=blue ];
}
StoriesController_before_filter__BB1:f2 -> ApplicationController_require_logged_in_user_or_400__BB1 [label = ""]; 
subgraph cluster_ApplicationController_require_logged_in_user_or_400 {
	color=red;
	node [style=filled];
	label = "ApplicationController_require_logged_in_user_or_400"
	ApplicationController_require_logged_in_user_or_400__BB1 [
		label = <<table border="2">
			<tr><td port="f0" border="1"> (nil) </td></tr>
		</table>>
		shape = none
	];
	ApplicationController_require_logged_in_user_or_400__BB2 [
		label = <<table border="2">
			<tr><td port="f0" border="1"> (nil) </td></tr>
		</table>>
		shape = none
	];
	ApplicationController_require_logged_in_user_or_400__BB3 [
		label = <<table border="2">
			<tr><td port="f0" border="1"> (nil) </td></tr>
		</table>>
		shape = none
	];
	ApplicationController_require_logged_in_user_or_400__BB4 [
		label = <<table border="2">
			<tr><td port="f0" border="1"> (nil) </td></tr>
		</table>>
		shape = none
	];
	ApplicationController_require_logged_in_user_or_400__BB6 [
		label = <<table border="2">
			<tr><td port="f0" border="1"> (nil) </td></tr>
		</table>>
		shape = none
	];
	ApplicationController_require_logged_in_user_or_400__BB1 -> ApplicationController_require_logged_in_user_or_400__BB6 [ color=blue ];
	ApplicationController_require_logged_in_user_or_400__BB1 -> ApplicationController_require_logged_in_user_or_400__BB2 [ color=blue ];
	ApplicationController_require_logged_in_user_or_400__BB2 -> ApplicationController_require_logged_in_user_or_400__BB3 [ color=blue ];
	ApplicationController_require_logged_in_user_or_400__BB2 -> ApplicationController_require_logged_in_user_or_400__BB4 [ color=blue ];
	ApplicationController_require_logged_in_user_or_400__BB3 -> ApplicationController_require_logged_in_user_or_400__BB6 [ color=blue ];
	ApplicationController_require_logged_in_user_or_400__BB4 -> ApplicationController_require_logged_in_user_or_400__BB6 [ color=blue ];
}
StoriesController_before_filter__BB1:f3 -> ApplicationController_require_logged_in_user__BB1 [label = ""]; 
subgraph cluster_ApplicationController_require_logged_in_user {
	color=red;
	node [style=filled];
	label = "ApplicationController_require_logged_in_user"
	ApplicationController_require_logged_in_user__BB1 [
		label = <<table border="2">
			<tr><td port="f0" border="1"> (nil) </td></tr>
		</table>>
		shape = none
	];
	ApplicationController_require_logged_in_user__BB2 [
		label = <<table border="2">
			<tr><td port="f0" border="1"> (nil) </td></tr>
		</table>>
		shape = none
	];
	ApplicationController_require_logged_in_user__BB3 [
		label = <<table border="2">
			<tr><td port="f0" border="1"> (nil) </td></tr>
		</table>>
		shape = none
	];
	ApplicationController_require_logged_in_user__BB4 [
		label = <<table border="2">
			<tr><td port="f0" border="1"> ApplicationController.request</td></tr>
			<tr><td port="f1" border="1"> (nil) </td></tr>
		</table>>
		shape = none
	];
	ApplicationController_require_logged_in_user__BB5 [
		label = <<table border="2">
			<tr><td port="f0" border="1"> ApplicationController.session</td></tr>
			<tr><td port="f1" border="1"> ApplicationController.request</td></tr>
			<tr><td port="f2" border="1"> (nil) </td></tr>
		</table>>
		shape = none
	];
	ApplicationController_require_logged_in_user__BB6 [
		label = <<table border="2">
			<tr><td port="f0" border="1"> (nil) </td></tr>
		</table>>
		shape = none
	];
	ApplicationController_require_logged_in_user__BB7 [
		label = <<table border="2">
			<tr><td port="f0" border="1"> (nil) </td></tr>
		</table>>
		shape = none
	];
	ApplicationController_require_logged_in_user__BB9 [
		label = <<table border="2">
			<tr><td port="f0" border="1"> (nil) </td></tr>
		</table>>
		shape = none
	];
	ApplicationController_require_logged_in_user__BB1 -> ApplicationController_require_logged_in_user__BB9 [ color=blue ];
	ApplicationController_require_logged_in_user__BB1 -> ApplicationController_require_logged_in_user__BB2 [ color=blue ];
	ApplicationController_require_logged_in_user__BB2 -> ApplicationController_require_logged_in_user__BB3 [ color=blue ];
	ApplicationController_require_logged_in_user__BB2 -> ApplicationController_require_logged_in_user__BB4 [ color=blue ];
	ApplicationController_require_logged_in_user__BB3 -> ApplicationController_require_logged_in_user__BB9 [ color=blue ];
	ApplicationController_require_logged_in_user__BB4 -> ApplicationController_require_logged_in_user__BB5 [ color=blue ];
	ApplicationController_require_logged_in_user__BB4 -> ApplicationController_require_logged_in_user__BB6 [ color=blue ];
	ApplicationController_require_logged_in_user__BB5 -> ApplicationController_require_logged_in_user__BB7 [ color=blue ];
	ApplicationController_require_logged_in_user__BB6 -> ApplicationController_require_logged_in_user__BB7 [ color=blue ];
	ApplicationController_require_logged_in_user__BB7 -> ApplicationController_require_logged_in_user__BB9 [ color=blue ];
}
StoriesController_before_filter__BB1:f4 -> StoriesController_find_user_story__BB1 [label = ""]; 
subgraph cluster_StoriesController_find_user_story {
	color=red;
	node [style=filled];
	label = "StoriesController_find_user_story"
	StoriesController_find_user_story__BB1 [
		label = <<table border="2">
			<tr><td port="f0" border="1"> (nil) </td></tr>
		</table>>
		shape = none
	];
	StoriesController_find_user_story__BB2 [
		label = <<table border="2">
			<tr><td port="f0" border="1"> (nil) </td></tr>
		</table>>
		shape = none
	];
	StoriesController_find_user_story__BB3 [
		label = <<table border="2">
			<tr><td port="f0" border="1"> StoriesController.params</td></tr>
			<tr><td port="f1" border="1"> (nil) </td></tr>
		</table>>
		shape = none
		color = green
	];
	StoriesController_find_user_story__BB4 [
		label = <<table border="2">
			<tr><td port="f0" border="1"> StoriesController.params</td></tr>
			<tr><td port="f1" border="1"> (nil) </td></tr>
		</table>>
		shape = none
		color = green
	];
	StoriesController_find_user_story__BB5 [
		label = <<table border="2">
			<tr><td port="f0" border="1" bgcolor="orange"> [QUERY]Story.where </td></tr>
			<tr><td port="f1" border="1" bgcolor="orange"> [QUERY]Story_where(short_id=Iparams[story_id]||params[id]).first </td></tr>
			<tr><td port="f2" border="1"> (nil) </td></tr>
		</table>>
		shape = none
	];
	StoriesController_find_user_story__BB6 [
		label = <<table border="2">
			<tr><td port="f0" border="1"> StoriesController.params</td></tr>
			<tr><td port="f1" border="1"> (nil) </td></tr>
		</table>>
		shape = none
		color = green
	];
	StoriesController_find_user_story__BB7 [
		label = <<table border="2">
			<tr><td port="f0" border="1"> StoriesController.params</td></tr>
			<tr><td port="f1" border="1"> (nil) </td></tr>
		</table>>
		shape = none
		color = green
	];
	StoriesController_find_user_story__BB8 [
		label = <<table border="2">
			<tr><td port="f0" border="1" bgcolor="orange"> [QUERY]Story.where </td></tr>
			<tr><td port="f1" border="1" bgcolor="orange"> [QUERY]Story_where(short_id=Iparams[story_id]||params[id]).first </td></tr>
			<tr><td port="f2" border="1"> (nil) </td></tr>
		</table>>
		shape = none
	];
	StoriesController_find_user_story__BB9 [
		label = <<table border="2">
			<tr><td port="f0" border="1"> (nil) </td></tr>
		</table>>
		shape = none
	];
	StoriesController_find_user_story__BB10 [
		label = <<table border="2">
			<tr><td port="f0" border="1"> StoriesController.flash</td></tr>
			<tr><td port="f1" border="1"> (nil) </td></tr>
		</table>>
		shape = none
	];
	StoriesController_find_user_story__BB11 [
		label = <<table border="2">
			<tr><td port="f0" border="1"> (nil) </td></tr>
		</table>>
		shape = none
	];
	StoriesController_find_user_story__BB13 [
		label = <<table border="2">
			<tr><td port="f0" border="1"> (nil) </td></tr>
		</table>>
		shape = none
	];
	StoriesController_find_user_story__BB1 -> StoriesController_find_user_story__BB13 [ color=blue ];
	StoriesController_find_user_story__BB1 -> StoriesController_find_user_story__BB2 [ color=blue ];
	StoriesController_find_user_story__BB2 -> StoriesController_find_user_story__BB3 [ color=blue ];
	StoriesController_find_user_story__BB2 -> StoriesController_find_user_story__BB6 [ color=blue ];
	StoriesController_find_user_story__BB3 -> StoriesController_find_user_story__BB4 [ color=blue ];
	StoriesController_find_user_story__BB3 -> StoriesController_find_user_story__BB5 [ color=blue ];
	StoriesController_find_user_story__BB4 -> StoriesController_find_user_story__BB5 [ color=blue ];
	StoriesController_find_user_story__BB5 -> StoriesController_find_user_story__BB9 [ color=blue ];
	StoriesController_find_user_story__BB6 -> StoriesController_find_user_story__BB7 [ color=blue ];
	StoriesController_find_user_story__BB6 -> StoriesController_find_user_story__BB8 [ color=blue ];
	StoriesController_find_user_story__BB7 -> StoriesController_find_user_story__BB8 [ color=blue ];
	StoriesController_find_user_story__BB8 -> StoriesController_find_user_story__BB9 [ color=blue ];
	StoriesController_find_user_story__BB9 -> StoriesController_find_user_story__BB10 [ color=blue ];
	StoriesController_find_user_story__BB9 -> StoriesController_find_user_story__BB11 [ color=blue ];
	StoriesController_find_user_story__BB10 -> StoriesController_find_user_story__BB13 [ color=blue ];
	StoriesController_find_user_story__BB11 -> StoriesController_find_user_story__BB13 [ color=blue ];
}
subgraph cluster_StoriesController_before_filter {
	color=red;
	node [style=filled];
	label = "StoriesController_before_filter"
	StoriesController_before_filter__BB1 [
		label = <<table border="2">
			<tr><td port="f0" border="1"> ApplicationController.increase_traffic_counter</td></tr>
			<tr><td port="f1" border="1"> ApplicationController.authenticate_user</td></tr>
			<tr><td port="f2" border="1"> ApplicationController.require_logged_in_user_or_400</td></tr>
			<tr><td port="f3" border="1"> ApplicationController.require_logged_in_user</td></tr>
			<tr><td port="f4" border="1"> StoriesController.find_user_story</td></tr>
			<tr><td port="f5" border="1"> (nil) </td></tr>
		</table>>
		shape = none
	];
}
StoriesController_find_user_story__BB10:f0 -> StoriesController_unhide__BB1 [label = ""]; 
StoriesController_unhide__BB2:f0 -> StoriesController_find_story__BB1 [label = ""]; 
StoriesController_find_story__BB1 -> StoriesController_unhide__BB2:f0 [label = "r: (story)"]; 
subgraph cluster_StoriesController_find_story {
	color=red;
	node [style=filled];
	label = "StoriesController_find_story"
	StoriesController_find_story__BB1 [
		label = <<table border="2">
			<tr><td port="f0" border="1"> (nil) </td></tr>
		</table>>
		shape = none
	];
	StoriesController_find_story__BB2 [
		label = <<table border="2">
			<tr><td port="f0" border="1"> StoriesController.params</td></tr>
			<tr><td port="f1" border="1" bgcolor="orange"> [QUERY]Story.where </td></tr>
			<tr><td port="f2" border="1" bgcolor="orange"> [QUERY]Story.where.first </td></tr>
			<tr><td port="f3" border="1"> (nil) </td></tr>
		</table>>
		shape = none
		color = green
	];
	StoriesController_find_story__BB3 [
		label = <<table border="2">
			<tr><td port="f0" border="1"> (nil) </td></tr>
		</table>>
		shape = none
	];
	StoriesController_find_story__BB4 [
		label = <<table border="2">
			<tr><td port="f0" border="1"> (nil) </td></tr>
		</table>>
		shape = none
	];
	StoriesController_find_story__BB5 [
		label = <<table border="2">
			<tr><td port="f0" border="1" bgcolor="orange"> [QUERY]Vote.where </td></tr>
			<tr><td port="f1" border="1" bgcolor="orange"> [QUERY]Vote.where.first </td></tr>
			<tr><td port="f2" border="1"> (nil) </td></tr>
		</table>>
		shape = none
	];
	StoriesController_find_story__BB6 [
		label = <<table border="2">
			<tr><td port="f0" border="1"> (nil) </td></tr>
		</table>>
		shape = none
	];
	StoriesController_find_story__BB7 [
		label = <<table border="2">
			<tr><td port="f0" border="1"> (nil) </td></tr>
		</table>>
		shape = none
	];
	StoriesController_find_story__BB8 [
		label = <<table border="2">
			<tr><td port="f0" border="1"> (nil) </td></tr>
		</table>>
		shape = none
	];
	StoriesController_find_story__BB1 -> StoriesController_find_story__BB8 [ color=blue ];
	StoriesController_find_story__BB1 -> StoriesController_find_story__BB2 [ color=blue ];
	StoriesController_find_story__BB2 -> StoriesController_find_story__BB3 [ color=blue ];
	StoriesController_find_story__BB2 -> StoriesController_find_story__BB4 [ color=blue ];
	StoriesController_find_story__BB3 -> StoriesController_find_story__BB4 [ color=blue ];
	StoriesController_find_story__BB4 -> StoriesController_find_story__BB5 [ color=blue ];
	StoriesController_find_story__BB4 -> StoriesController_find_story__BB6 [ color=blue ];
	StoriesController_find_story__BB5 -> StoriesController_find_story__BB7 [ color=blue ];
	StoriesController_find_story__BB6 -> StoriesController_find_story__BB7 [ color=blue ];
	StoriesController_find_story__BB7 -> StoriesController_find_story__BB8 [ color=blue ];
}
subgraph cluster_StoriesController_unhide {
	color=red;
	node [style=filled];
	label = "StoriesController_unhide"
	StoriesController_unhide__BB1 [
		label = <<table border="2">
			<tr><td port="f0" border="1"> (nil) </td></tr>
		</table>>
		shape = none
	];
	StoriesController_unhide__BB2 [
		label = <<table border="2">
			<tr><td port="f0" border="1"> StoriesController.find_story</td></tr>
			<tr><td port="f1" border="1"> (nil) </td></tr>
		</table>>
		shape = none
	];
	StoriesController_unhide__BB3 [
		label = <<table border="2">
			<tr><td port="f0" border="1"> (nil) </td></tr>
		</table>>
		shape = none
	];
	StoriesController_unhide__BB4 [
		label = <<table border="2">
			<tr><td port="f0" border="1" bgcolor="orange"> [QUERY]HiddenStory.where </td></tr>
			<tr><td port="f1" border="1"> (nil) </td></tr>
		</table>>
		shape = none
	];
	StoriesController_unhide__BB6 [
		label = <<table border="2">
			<tr><td port="f0" border="1"> (nil) </td></tr>
		</table>>
		shape = none
	];
	StoriesController_unhide__BB1 -> StoriesController_unhide__BB6 [ color=blue ];
	StoriesController_unhide__BB1 -> StoriesController_unhide__BB2 [ color=blue ];
	StoriesController_unhide__BB2 -> StoriesController_unhide__BB3 [ color=blue ];
	StoriesController_unhide__BB2 -> StoriesController_unhide__BB4 [ color=blue ];
	StoriesController_unhide__BB3 -> StoriesController_unhide__BB6 [ color=blue ];
	StoriesController_unhide__BB4 -> StoriesController_unhide__BB6 [ color=blue ];
}
}