urls_to_ping_for: urls_to_ping -> Array
urls_to_ping_for: article -> Article
urls_to_ping_for: urls_to_ping -> Array
urls_to_ping_for: article -> Article
urls_to_ping_for: urls_to_ping -> Array
urls_to_ping_for: article -> Article
urls_to_ping_for: urls_to_ping -> Array
urls_to_ping_for: article -> Article
really_send_pings: url_to_ping -> Ping
permalink_url: @cached_permalink_url -> Hash
really_send_pings: url_to_ping -> Ping
permalink_url: @cached_permalink_url -> Hash
send_xml_rpc: server -> XMLRPC::Client
really_send_pings: url_to_ping -> Ping
permalink_url: @cached_permalink_url -> Hash
really_send_pings: url_to_ping -> Ping
permalink_url: @cached_permalink_url -> Hash
send_xml_rpc: server -> XMLRPC::Client
send_xml_rpc: server -> XMLRPC::Client
html: field -> Symbol
