JRUBY: Parse, file = ./app/models/message.rb
SET IRMethod, name = assign_short_id
BB 1
	outgoing:3 2 
	datadep:
	instructions:
BB 2
	outgoing:3 
	datadep:
	instructions:
		 0: 
		 1: 
		 2: 
		 3: 
		 4: 
		 5: 
		 6: (ShortId) 
		 7: %self->class %self[2.0,] 
		 8: %v_3->new %v_4[2.7,] %v_3[2.6,] 
		 9: %v_5->generate %v_5[2.8,] 
		 10: %v_6[2.9,] 
		 11: RETURN %v_6[2.9,] 
BB 3
	outgoing:
	datadep:
	instructions:

SET IRMethod, name = check_for_both_deleted
BB 1
	outgoing:8 2 
	datadep:
	instructions:
BB 2
	outgoing:3 4 
	datadep:
	instructions:
		 0: 
		 1: 
		 2: 
		 3: 
		 4: 
		 5: 
		 6: %self->deleted_by_author? %self[2.0,] 
		 7: %v_3[2.6,] 
BB 3
	outgoing:4 
	datadep:
	instructions:
		 0: %self->deleted_by_recipient? 
		 1: %v_4[3.0,] 
BB 4
	outgoing:5 6 
	datadep:
	instructions:
		 0: 
BB 5
	outgoing:8 
	datadep:
	instructions:
		 0: 
		 1: %self->destroy 
		 2: RETURN %v_5[5.1,] 
BB 6
	outgoing:8 
	datadep:
	instructions:
		 0: RETURN 
BB 8
	outgoing:
	datadep:
	instructions:

SET IRMethod, name = update_unread_counts
BB 1
	outgoing:3 2 
	datadep:
	instructions:
BB 2
	outgoing:3 
	datadep:
	instructions:
		 0: 
		 1: 
		 2: 
		 3: 
		 4: 
		 5: 
		 6: %self->recipient %self[2.0,] 
		 7: %v_3->update_unread_message_count! %v_3[2.6,] 
		 8: RETURN %v_4[2.7,] 
BB 3
	outgoing:
	datadep:
	instructions:

SET IRMethod, name = deliver_email_notifications
BB 1
	outgoing:21 2 
	datadep:
	instructions:
BB 2
	outgoing:3 4 
	datadep:
	instructions:
		 0: 
		 1: 
		 2: 
		 3: 
		 4: 
		 5: 
		 6: (Rails) 
		 7: %v_3->env %v_3[2.6,] 
		 8: %v_4->development? %v_4[2.7,] 
		 9: %v_5[2.8,] 
BB 3
	outgoing:21 
	datadep:
	instructions:
		 0: RETURN 
BB 4
	outgoing:6 16 
	datadep:
	instructions:
		 0: 
		 1: 
		 2: %self->recipient 
		 3: %v_7->email_messages? %v_7[4.2,] 
		 4: %v_8[4.3,] 
BB 6
	outgoing:8 
	datadep:
	instructions:
		 0: 
		 1: 
BB 8
	outgoing:9 10 
	datadep:
	instructions:
		 0: 
		 1: 
		 2: (EmailMessage) 
		 3: %self->recipient 
		 4: %v_12->notify %v_13[8.3,] %v_12[8.2,] 
		 5: %v_14->deliver %v_14[8.4,] 
		 6: %v_15[8.5,] 
		 7: 
BB 9
	outgoing:15 
	datadep:
	instructions:
		 0: 
BB 10
	outgoing:11 12 14 
	datadep:
	instructions:
		 0: 
		 1: %v_16[10.0,] 
		 2: %v_17[10.1,] 
BB 11
	outgoing:14 21 
	datadep:
	instructions:
		 0: 
BB 12
	outgoing:13 14 
	datadep:
	instructions:
		 0: 
		 1: %v_18[12.0,] 
		 2: 
		 3: (Rails) 
		 4: %v_19->logger %v_19[12.3,] 
		 5: 
		 6: %self->recipient 
		 7: %v_22->email %v_22[12.6,] 
		 8: 
		 9: %v_24[12.8,] %v_21[12.5,] 
		 10: %v_20->error %v_25[12.9,] %v_20[12.4,] 
		 11: %v_26[12.10,] 
		 12: 
BB 13
	outgoing:15 
	datadep:
	instructions:
		 0: 
BB 14
	outgoing:21 
	datadep:
	instructions:
		 0: 
		 1: %v_27[14.0,] 
		 2: %v_27[14.0,] 
BB 15
	outgoing:17 
	datadep:
	instructions:
		 0: 
BB 16
	outgoing:17 
	datadep:
	instructions:
		 0: 
BB 17
	outgoing:18 19 
	datadep:
	instructions:
		 0: 
		 1: %self->recipient 
		 2: %v_29->pushover_messages? %v_29[17.1,] 
		 3: %v_30[17.2,] 
BB 18
	outgoing:21 
	datadep:
	instructions:
		 0: 
		 1: %self->recipient 
		 2: 
		 3: (Rails) 
		 4: %v_32->application %v_32[18.3,] 
		 5: %v_33->name %v_33[18.4,] 
		 6: 
		 7: %v_35[18.6,] 
		 8: 
		 9: %self->author 
		 10: %v_37->username %v_37[18.9,] 
		 11: 
		 12: %self->subject 
		 13: %v_39[18.11,] 
		 14: %v_36[18.7,] %v_41[18.13,] 
		 15: %self->plaintext_body 
		 16: %self->url 
		 17: 
		 18: 
		 19: %self->author 
		 20: %v_46->username %v_46[18.19,] 
		 21: %v_45[18.17,] 
		 22: 
		 23: %v_31->pushover! %v_49[18.22,] %v_31[18.1,] 
		 24: RETURN %v_50[18.23,] 
BB 19
	outgoing:21 
	datadep:
	instructions:
		 0: RETURN 
BB 21
	outgoing:
	datadep:
	instructions:

SET IRMethod, name = recipient_username=
BB 1
	outgoing:6 2 
	datadep:
	instructions:
BB 2
	outgoing:3 4 
	datadep:
	instructions:
		 0: 
		 1: 
		 2: 
		 3: 
		 4: 
		 5: 
		 6: 
		 7: 
		 8: 
		 9: (User) 
		 10: 
		 11: %v_3->where %v_4[2.10,] %v_3[2.9,] 
		 12: %v_5->first %v_5[2.11,] 
		 13: %v_6[2.12,] 
		 14: %v_6[2.12,] 
BB 3
	outgoing:6 
	datadep:
	instructions:
		 0: 
		 1: u->id 
		 2: %v_7[3.1,] 
		 3: 
		 4: %self[3.2,] 
		 5: 
		 6: RETURN 
BB 4
	outgoing:6 
	datadep:
	instructions:
		 0: 
		 1: %self->errors 
		 2: 
		 3: %v_9->add %v_9[4.1,] %v_10[4.2,] 
		 4: RETURN %v_11[4.3,] 
BB 6
	outgoing:
	datadep:
	instructions:

SET IRMethod, name = linkified_body
BB 1
	outgoing:3 2 
	datadep:
	instructions:
BB 2
	outgoing:3 
	datadep:
	instructions:
		 0: 
		 1: 
		 2: 
		 3: 
		 4: 
		 5: 
		 6: (Markdowner) 
		 7: %self->body %self[2.0,] 
		 8: %v_3->to_html %v_4[2.7,] %v_3[2.6,] 
		 9: RETURN %v_5[2.8,] 
BB 3
	outgoing:
	datadep:
	instructions:

SET IRMethod, name = plaintext_body
BB 1
	outgoing:3 2 
	datadep:
	instructions:
BB 2
	outgoing:3 
	datadep:
	instructions:
		 0: 
		 1: 
		 2: 
		 3: 
		 4: 
		 5: 
		 6: %self->body %self[2.0,] 
		 7: %v_3->to_s %v_3[2.6,] 
		 8: RETURN %v_4[2.7,] 
BB 3
	outgoing:
	datadep:
	instructions:

SET IRMethod, name = url
BB 1
	outgoing:3 2 
	datadep:
	instructions:
BB 2
	outgoing:3 
	datadep:
	instructions:
		 0: 
		 1: 
		 2: 
		 3: 
		 4: 
		 5: 
		 6: (Rails) 
		 7: %v_3->application %v_3[2.6,] 
		 8: %v_4->root_url %v_4[2.7,] 
		 9: 
		 10: %self->short_id %self[2.0,] 
		 11: %v_6[2.9,] 
		 12: %v_5[2.8,] %v_8[2.11,] 
		 13: RETURN %v_9[2.12,] 
BB 3
	outgoing:
	datadep:
	instructions:

