JRUBY: Parse, file = ./app/models/story.rb
SET IRMethod, name = find_similar_by_url
BB 1
	outgoing:6 2 
	datadep:
	instructions:
BB 2
	outgoing:3 4 
	datadep:
	instructions:
		 0: 
		 1: 
		 2: 
		 3: 
		 4: 
		 5: 
		 6: 
		 7: url->to_s url[2.5,] 
		 8: 
		 9: %v_4[2.8,] 
		 10: 
		 11: url->to_s url[2.5,] 
		 12: 
		 13: %v_6[2.12,] 
		 14: 
		 15: urls->each urls[2.9,] 
		 16: 
		 17: urls2->clone urls2[2.13,] 
		 18: %v_8[2.17,] 
		 19: 
		 20: %v_8->each %v_8[2.17,] 
		 21: 
		 22: urls2->clone urls2[2.13,] 
		 23: %v_10[2.22,] 
		 24: 
		 25: %v_10->each %v_10[2.22,] 
		 26: 
		 27: urls2->clone urls2[2.13,] 
		 28: %v_12[2.27,] 
		 29: 
		 30: (Story) 
		 31: 
		 32: %v_13->where %v_13[2.30,] %v_14[2.31,] 
		 33: 
		 34: %v_15->order %v_15[2.32,] %v_16[2.33,] 
		 35: %v_17->first %v_17[2.34,] 
		 36: %v_18[2.35,] 
		 37: %v_18[2.35,] 
BB 3
	outgoing:6 
	datadep:
	instructions:
		 0: 
		 1: RETURN 
BB 4
	outgoing:6 
	datadep:
	instructions:
		 0: 
		 1: 
		 2: RETURN 
BB 6
	outgoing:
	datadep:
	instructions:

SET IRMethod, name = recalculate_all_hotnesses!
BB 1
	outgoing:3 2 
	datadep:
	instructions:
BB 2
	outgoing:3 
	datadep:
	instructions:
		 0: 
		 1: 
		 2: 
		 3: 
		 4: 
		 5: 
		 6: (Story) 
		 7: %v_3->all %v_3[2.6,] 
		 8: 
		 9: %v_4->order %v_4[2.7,] %v_5[2.8,] 
		 10: %v_6->each %v_6[2.9,] 
		 11: 
		 12: RETURN 
BB 3
	outgoing:
	datadep:
	instructions:

SET IRMethod, name = score_sql
BB 1
	outgoing:3 2 
	datadep:
	instructions:
BB 2
	outgoing:3 
	datadep:
	instructions:
		 0: 
		 1: 
		 2: 
		 3: 
		 4: 
		 5: 
		 6: 
		 7: %self->votes_cast_type %self[2.0,] 
		 8: 
		 9: %v_5[2.8,] %v_3[2.6,] 
		 10: 
		 11: 
		 12: %self->votes_cast_type %self[2.0,] 
		 13: 
		 14: %v_9[2.13,] %v_7[2.10,] 
		 15: %v_6[2.9,] %v_10[2.14,] 
		 16: RETURN %v_11[2.15,] 
BB 3
	outgoing:
	datadep:
	instructions:

SET IRMethod, name = votes_cast_type
BB 1
	outgoing:6 2 
	datadep:
	instructions:
BB 2
	outgoing:3 4 
	datadep:
	instructions:
		 0: 
		 1: 
		 2: 
		 3: 
		 4: 
		 5: 
		 6: (Story) 
		 7: %v_3->connection %v_3[2.6,] 
		 8: %v_4->adapter_name %v_4[2.7,] 
		 9: 
		 10: %v_5->match %v_5[2.8,] 
		 11: %v_7[2.10,] 
BB 3
	outgoing:6 
	datadep:
	instructions:
		 0: 
		 1: RETURN %v_8[3.0,] 
BB 4
	outgoing:6 
	datadep:
	instructions:
		 0: 
		 1: RETURN %v_9[4.0,] 
BB 6
	outgoing:
	datadep:
	instructions:

SET IRMethod, name = as_json
BB 1
	outgoing:13 2 
	datadep:
	instructions:
BB 2
	outgoing:4 5 11 
	datadep:
	instructions:
		 0: 
		 1: 
		 2: 
		 3: 
		 4: 
		 5: 
		 6: options[2.5,] 
BB 4
	outgoing:5 
	datadep:
	instructions:
		 0: 
		 1: %v_3[4.0,] 
BB 5
	outgoing:6 7 11 
	datadep:
	instructions:
		 0: 
		 1: 
		 2: 
		 3: 
		 4: %self->tags 
		 5: %v_7->map %v_7[5.4,] 
		 6: %v_8->sort %v_8[5.5,] 
		 7: 
		 8: 
		 9: %v_11[5.8,] 
		 10: 
		 11: 
		 12: 
BB 6
	outgoing:7 11 
	datadep:
	instructions:
		 0: 
		 1: %v_13[6.0,] 
BB 7
	outgoing:8 9 
	datadep:
	instructions:
		 0: 
BB 8
	outgoing:10 11 
	datadep:
	instructions:
		 0: 
		 1: 
		 2: 
		 3: h->push %v_15[8.2,] 
		 4: 
BB 9
	outgoing:10 
	datadep:
	instructions:
		 0: 
BB 10
	outgoing:11 13 
	datadep:
	instructions:
		 0: 
		 1: 
		 2: %v_17[10.1,] 
		 3: 
		 4: h->each 
		 5: 
		 6: RETURN js[10.2,] 
BB 11
	outgoing:13 
	datadep:
	instructions:
		 0: 
		 1: %v_19[11.0,] 
		 2: RETURN %v_20[11.1,] 
BB 13
	outgoing:
	datadep:
	instructions:

SET IRMethod, name = assign_initial_hotness
BB 1
	outgoing:3 2 
	datadep:
	instructions:
BB 2
	outgoing:3 
	datadep:
	instructions:
		 0: 
		 1: 
		 2: 
		 3: 
		 4: 
		 5: 
		 6: %self->calculated_hotness %self[2.0,] 
		 7: %v_3[2.6,] 
		 8: RETURN %v_3[2.6,] 
BB 3
	outgoing:
	datadep:
	instructions:

SET IRMethod, name = assign_short_id_and_upvote
BB 1
	outgoing:3 2 
	datadep:
	instructions:
BB 2
	outgoing:3 
	datadep:
	instructions:
		 0: 
		 1: 
		 2: 
		 3: 
		 4: 
		 5: 
		 6: (ShortId) 
		 7: %self->class %self[2.0,] 
		 8: %v_3->new %v_4[2.7,] %v_3[2.6,] 
		 9: %v_5->generate %v_5[2.8,] 
		 10: %v_6[2.9,] 
		 11: 
		 12: 
		 13: RETURN 
BB 3
	outgoing:
	datadep:
	instructions:

SET IRMethod, name = calculated_hotness
BB 1
	outgoing:12 2 
	datadep:
	instructions:
BB 2
	outgoing:3 4 
	datadep:
	instructions:
		 0: 
		 1: 
		 2: 
		 3: 
		 4: 
		 5: 
		 6: 
		 7: 
		 8: %self->tags %self[2.0,] 
		 9: %v_3->select %v_3[2.8,] 
		 10: %v_4->each %v_4[2.9,] 
		 11: 
		 12: %self->comments %self[2.0,] 
		 13: 
		 14: %self->user_id %self[2.0,] 
		 15: %v_6->where %v_8[2.14,] %v_6[2.12,] %v_7[2.13,] 
		 16: %v_9->select %v_9[2.15,] 
		 17: %v_10->map %v_10[2.16,] 
		 18: %v_11->inject %v_11[2.17,] 
		 19: %v_12->to_f %v_12[2.18,] 
		 20: %v_13[2.19,] 
		 21: %v_14[2.20,] 
		 22: 
		 23: (Math) 
		 24: %self->score %self[2.0,] 
		 25: %v_16[2.24,] 
		 26: %v_17->abs %v_17[2.25,] 
		 27: cpoints[2.21,] %v_18[2.26,] 
		 28: 
		 29: %v_20->max %v_20[2.28,] 
		 30: %v_15->log %v_15[2.23,] %v_21[2.29,] 
		 31: %v_22[2.30,] 
		 32: 
		 33: %self->score %self[2.0,] 
		 34: %v_23[2.33,] 
		 35: %v_24[2.34,] 
BB 3
	outgoing:8 
	datadep:
	instructions:
		 0: 
		 1: 
		 2: 
		 3: 
BB 4
	outgoing:5 6 
	datadep:
	instructions:
		 0: 
		 1: %self->score 
		 2: %v_26[4.1,] 
		 3: %v_27[4.2,] 
BB 5
	outgoing:7 
	datadep:
	instructions:
		 0: 
		 1: 
		 2: 
		 3: 
BB 6
	outgoing:7 
	datadep:
	instructions:
		 0: 
		 1: 
		 2: 
BB 7
	outgoing:8 
	datadep:
	instructions:
		 0: 
BB 8
	outgoing:9 10 
	datadep:
	instructions:
		 0: 
		 1: 
		 2: %v_29[8.1,] 
		 3: %v_30[8.2,] 
		 4: 
		 5: 
		 6: %v_31[8.5,] 
		 7: 
		 8: %self->created_at 
		 9: %v_33[8.8,] 
BB 9
	outgoing:10 
	datadep:
	instructions:
		 0: (Time) 
		 1: %v_34->now %v_34[9.0,] 
		 2: %v_35[9.1,] 
BB 10
	outgoing:12 
	datadep:
	instructions:
		 0: %v_33->to_f 
		 1: %v_36[10.0,] 
		 2: %v_37[10.1,] 
		 3: %v_38[10.2,] 
		 4: %v_39[10.3,] 
		 5: RETURN %v_40[10.4,] 
BB 12
	outgoing:
	datadep:
	instructions:

SET IRMethod, name = can_be_seen_by_user?
BB 1
	outgoing:12 2 
	datadep:
	instructions:
BB 2
	outgoing:3 8 
	datadep:
	instructions:
		 0: 
		 1: 
		 2: 
		 3: 
		 4: 
		 5: 
		 6: 
		 7: %self->is_gone? %self[2.0,] 
		 8: %v_3[2.7,] 
BB 3
	outgoing:4 7 
	datadep:
	instructions:
		 0: 
		 1: 
BB 4
	outgoing:5 6 
	datadep:
	instructions:
		 0: user->is_moderator? 
		 1: %v_5[4.0,] 
BB 5
	outgoing:6 
	datadep:
	instructions:
		 0: user->id 
		 1: %self->user_id 
		 2: %v_6[5.0,] %v_7[5.1,] 
		 3: %v_8[5.2,] 
BB 6
	outgoing:7 
	datadep:
	instructions:
		 0: 
BB 7
	outgoing:8 
	datadep:
	instructions:
		 0: %v_4->! 
		 1: %v_9[7.0,] 
BB 8
	outgoing:9 10 
	datadep:
	instructions:
		 0: 
BB 9
	outgoing:12 
	datadep:
	instructions:
		 0: 
		 1: RETURN 
BB 10
	outgoing:12 
	datadep:
	instructions:
		 0: 
		 1: 
		 2: RETURN 
BB 12
	outgoing:
	datadep:
	instructions:

SET IRMethod, name = check_tags
BB 1
	outgoing:8 2 
	datadep:
	instructions:
BB 2
	outgoing:3 4 
	datadep:
	instructions:
		 0: 
		 1: 
		 2: 
		 3: 
		 4: 
		 5: 
		 6: %self->editor %self[2.0,] 
		 7: %v_3[2.6,] 
BB 3
	outgoing:4 
	datadep:
	instructions:
		 0: %self->user 
		 1: %v_4[3.0,] 
BB 4
	outgoing:5 6 
	datadep:
	instructions:
		 0: 
		 1: 
		 2: %self->taggings 
		 3: %v_5->each %v_5[4.2,] 
		 4: 
		 5: %self->taggings 
		 6: %v_7->reject %v_7[4.5,] 
		 7: %v_8->any? %v_8[4.6,] 
		 8: %v_9->! %v_9[4.7,] 
		 9: %v_10[4.8,] 
BB 5
	outgoing:8 
	datadep:
	instructions:
		 0: 
		 1: %self->errors 
		 2: 
		 3: 
		 4: %v_13[5.3,] %v_12[5.2,] 
		 5: 
		 6: %v_14[5.4,] %v_15[5.5,] 
		 7: %v_11->add %v_16[5.6,] %v_11[5.1,] 
		 8: RETURN %v_17[5.7,] 
BB 6
	outgoing:8 
	datadep:
	instructions:
		 0: RETURN 
BB 8
	outgoing:
	datadep:
	instructions:

SET IRMethod, name = comments_path
BB 1
	outgoing:3 2 
	datadep:
	instructions:
BB 2
	outgoing:3 
	datadep:
	instructions:
		 0: 
		 1: 
		 2: 
		 3: 
		 4: 
		 5: 
		 6: %self->short_id_path %self[2.0,] 
		 7: 
		 8: %self->title_as_url %self[2.0,] 
		 9: %v_4[2.7,] 
		 10: RETURN %v_6[2.9,] 
BB 3
	outgoing:
	datadep:
	instructions:

SET IRMethod, name = comments_url
BB 1
	outgoing:3 2 
	datadep:
	instructions:
BB 2
	outgoing:3 
	datadep:
	instructions:
		 0: 
		 1: 
		 2: 
		 3: 
		 4: 
		 5: 
		 6: %self->short_id_url %self[2.0,] 
		 7: 
		 8: %self->title_as_url %self[2.0,] 
		 9: %v_4[2.7,] 
		 10: RETURN %v_6[2.9,] 
BB 3
	outgoing:
	datadep:
	instructions:

SET IRMethod, name = description=
BB 1
	outgoing:3 2 
	datadep:
	instructions:
BB 2
	outgoing:3 
	datadep:
	instructions:
		 0: 
		 1: 
		 2: 
		 3: 
		 4: 
		 5: 
		 6: 
		 7: desc->to_s desc[2.5,] 
		 8: %v_3->rstrip %v_3[2.7,] 
		 9: %v_4[2.8,] 
		 10: 
		 11: %self->generated_markeddown_description %self[2.0,2.9,] 
		 12: %v_5[2.11,] 
		 13: RETURN %v_5[2.11,] 
BB 3
	outgoing:
	datadep:
	instructions:

SET IRMethod, name = description_or_story_cache
BB 1
	outgoing:11 2 
	datadep:
	instructions:
BB 2
	outgoing:3 4 
	datadep:
	instructions:
		 0: 
		 1: 
		 2: 
		 3: 
		 4: 
		 5: 
		 6: chars[2.5,] 
BB 3
	outgoing:4 
	datadep:
	instructions:
		 0: 
BB 4
	outgoing:5 6 
	datadep:
	instructions:
		 0: 
		 1: %self->description 
		 2: %v_3->present? %v_3[4.1,] 
		 3: %v_4[4.2,] 
BB 5
	outgoing:7 
	datadep:
	instructions:
		 0: 
		 1: %self->markeddown_description 
		 2: 
		 3: 
		 4: %v_5->gsub %v_5[5.1,] %v_7[5.3,] 
		 5: 
BB 6
	outgoing:7 
	datadep:
	instructions:
		 0: 
		 1: %self->story_cache 
		 2: %v_9[6.1,] 
BB 7
	outgoing:8 9 
	datadep:
	instructions:
		 0: 
		 1: 
		 2: 
		 3: %v_10[7.2,] 
BB 8
	outgoing:10 
	datadep:
	instructions:
		 0: 
		 1: s->to_s 
		 2: %v_11[8.1,] 
		 3: 
		 4: 
		 5: %v_12->gsub %v_14[8.4,] %v_12[8.2,] 
		 6: %v_15[8.5,] 
		 7: 
BB 9
	outgoing:10 
	datadep:
	instructions:
		 0: 
BB 10
	outgoing:11 
	datadep:
	instructions:
		 0: 
		 1: (HTMLEntities) 
		 2: %v_16->new %v_16[10.1,] 
		 3: s->to_s 
		 4: %v_17->decode %v_17[10.2,] %v_18[10.3,] 
		 5: RETURN %v_19[10.4,] 
BB 11
	outgoing:
	datadep:
	instructions:

SET IRMethod, name = domain
BB 1
	outgoing:6 2 
	datadep:
	instructions:
BB 2
	outgoing:3 4 
	datadep:
	instructions:
		 0: 
		 1: 
		 2: 
		 3: 
		 4: 
		 5: 
		 6: %self->url %self[2.0,] 
		 7: %v_3->blank? %v_3[2.6,] 
		 8: %v_4[2.7,] 
BB 3
	outgoing:6 
	datadep:
	instructions:
		 0: 
		 1: 
		 2: RETURN 
BB 4
	outgoing:6 
	datadep:
	instructions:
		 0: 
		 1: %self->url 
		 2: 
		 3: 
		 4: %v_6->gsub %v_8[4.3,] %v_6[4.1,] 
		 5: 
		 6: 
		 7: %v_9->gsub %v_9[4.4,] %v_11[4.6,] 
		 8: 
		 9: 
		 10: %v_12->gsub %v_14[4.9,] %v_12[4.7,] 
		 11: 
		 12: 
		 13: %v_15->gsub %v_15[4.10,] %v_17[4.12,] 
		 14: RETURN %v_18[4.13,] 
BB 6
	outgoing:
	datadep:
	instructions:

SET IRMethod, name = domain_search_url
BB 1
	outgoing:3 2 
	datadep:
	instructions:
BB 2
	outgoing:3 
	datadep:
	instructions:
		 0: 
		 1: 
		 2: 
		 3: 
		 4: 
		 5: 
		 6: 
		 7: %self->domain %self[2.0,] 
		 8: 
		 9: %v_5[2.8,] %v_3[2.6,] 
		 10: RETURN %v_6[2.9,] 
BB 3
	outgoing:
	datadep:
	instructions:

SET IRMethod, name = fetch_story_cache!
BB 1
	outgoing:6 2 
	datadep:
	instructions:
BB 2
	outgoing:3 4 
	datadep:
	instructions:
		 0: 
		 1: 
		 2: 
		 3: 
		 4: 
		 5: 
		 6: %self->url %self[2.0,] 
		 7: %v_3->present? %v_3[2.6,] 
		 8: %v_4[2.7,] 
BB 3
	outgoing:6 
	datadep:
	instructions:
		 0: 
		 1: (StoryCacher) 
		 2: %self->url 
		 3: %v_5->get_story_text %v_5[3.1,] %v_6[3.2,] 
		 4: %v_7[3.3,] 
		 5: RETURN %v_7[3.3,] 
BB 4
	outgoing:6 
	datadep:
	instructions:
		 0: RETURN 
BB 6
	outgoing:
	datadep:
	instructions:

SET IRMethod, name = generated_markeddown_description
BB 1
	outgoing:3 2 
	datadep:
	instructions:
BB 2
	outgoing:3 
	datadep:
	instructions:
		 0: 
		 1: 
		 2: 
		 3: 
		 4: 
		 5: 
		 6: (Markdowner) 
		 7: %self->description %self[2.0,] 
		 8: 
		 9: %v_3->to_html %v_4[2.7,] %v_5[2.8,] %v_3[2.6,] 
		 10: RETURN %v_6[2.9,] 
BB 3
	outgoing:
	datadep:
	instructions:

SET IRMethod, name = give_upvote_or_downvote_and_recalculate_hotness!
BB 1
	outgoing:3 2 
	datadep:
	instructions:
BB 2
	outgoing:3 
	datadep:
	instructions:
		 0: 
		 1: 
		 2: 
		 3: 
		 4: 
		 5: 
		 6: 
		 7: 
		 8: %self->upvotes %self[2.0,] 
		 9: upvote->to_i upvote[2.5,] 
		 10: %v_5[2.9,] %v_3[2.8,] 
		 11: %self[2.0,] %v_6[2.10,] 
		 12: 
		 13: %self->downvotes %self[2.0,] 
		 14: downvote->to_i downvote[2.6,] 
		 15: %v_9[2.14,] %v_7[2.13,] 
		 16: %self[2.0,] %v_10[2.15,] 
		 17: 
		 18: (Story) 
		 19: %v_11->connection %v_11[2.18,] 
		 20: 
		 21: (Story) 
		 22: %v_14->table_name %v_14[2.21,] 
		 23: 
		 24: %v_13[2.20,] %v_16[2.23,] 
		 25: 
		 26: 
		 27: upvote->to_i upvote[2.5,] 
		 28: 
		 29: %v_18[2.25,] %v_20[2.28,] 
		 30: %v_17[2.24,] %v_21[2.29,] 
		 31: 
		 32: 
		 33: downvote->to_i downvote[2.6,] 
		 34: 
		 35: %v_25[2.34,] %v_23[2.31,] 
		 36: %v_26[2.35,] %v_22[2.30,] 
		 37: 
		 38: 
		 39: %self->calculated_hotness %self[2.0,] 
		 40: 
		 41: %self->id %self[2.0,] 
		 42: %v_31->to_i %v_31[2.41,] 
		 43: %v_28[2.37,] %v_30[2.40,] 
		 44: %v_27[2.36,] %v_33[2.43,] 
		 45: %v_12->execute %v_12[2.19,] %v_34[2.44,] 
		 46: RETURN %v_35[2.45,] 
BB 3
	outgoing:
	datadep:
	instructions:

SET IRMethod, name = hider_count
BB 1
	outgoing:7 2 
	datadep:
	instructions:
BB 2
	outgoing:3 4 
	datadep:
	instructions:
		 0: 
		 1: 
		 2: 
		 3: 
		 4: 
		 5: 
		 6: %self[2.0,] 
		 7: %v_4[2.6,] 
		 8: %v_4[2.6,] 
BB 3
	outgoing:4 
	datadep:
	instructions:
		 0: 
		 1: %v_5[3.0,] 
BB 4
	outgoing:5 6 
	datadep:
	instructions:
		 0: 
BB 5
	outgoing:7 
	datadep:
	instructions:
		 0: (HiddenStory) 
		 1: %self->id 
		 2: 
		 3: %v_6->where %v_8[5.2,] %v_6[5.0,] 
		 4: %v_9->count %v_9[5.3,] 
		 5: %v_10[5.4,] 
		 6: RETURN %v_10[5.4,] 
BB 6
	outgoing:7 
	datadep:
	instructions:
		 0: RETURN 
BB 7
	outgoing:
	datadep:
	instructions:

SET IRMethod, name = html_class_for_user
BB 1
	outgoing:14 2 
	datadep:
	instructions:
BB 2
	outgoing:3 4 
	datadep:
	instructions:
		 0: 
		 1: 
		 2: 
		 3: 
		 4: 
		 5: 
		 6: u[2.5,] 
BB 3
	outgoing:4 
	datadep:
	instructions:
		 0: 
BB 4
	outgoing:5 6 
	datadep:
	instructions:
		 0: 
		 1: 
		 2: %v_3[4.1,] 
		 3: 
		 4: %self->user 
		 5: %v_4->is_active? %v_4[4.4,] 
		 6: %v_5->! %v_5[4.5,] 
		 7: %v_6[4.6,] 
BB 5
	outgoing:13 
	datadep:
	instructions:
		 0: 
		 1: 
		 2: c->push %v_7[5.1,] 
		 3: 
BB 6
	outgoing:7 8 
	datadep:
	instructions:
		 0: 
		 1: %self->user 
		 2: %v_9->is_new? %v_9[6.1,] 
		 3: %v_10[6.2,] 
BB 7
	outgoing:12 
	datadep:
	instructions:
		 0: 
		 1: 
		 2: c->push %v_11[7.1,] 
		 3: 
BB 8
	outgoing:9 10 
	datadep:
	instructions:
		 0: 
		 1: %self->user_is_author? 
		 2: %v_13[8.1,] 
BB 9
	outgoing:11 
	datadep:
	instructions:
		 0: 
		 1: 
		 2: c->push %v_14[9.1,] 
		 3: 
BB 10
	outgoing:11 
	datadep:
	instructions:
		 0: 
BB 11
	outgoing:12 
	datadep:
	instructions:
		 0: 
BB 12
	outgoing:13 
	datadep:
	instructions:
		 0: 
BB 13
	outgoing:14 
	datadep:
	instructions:
		 0: 
		 1: 
		 2: c->join %v_16[13.1,] 
		 3: RETURN %v_17[13.2,] 
BB 14
	outgoing:
	datadep:
	instructions:

SET IRMethod, name = is_downvotable?
BB 1
	outgoing:7 2 
	datadep:
	instructions:
BB 2
	outgoing:7 
	datadep:
	instructions:
		 0: 
		 1: 
		 2: 
		 3: 
		 4: 
		 5: 
		 6: RETURN 
BB 7
	outgoing:
	datadep:
	instructions:

SET IRMethod, name = is_editable_by_user?
BB 1
	outgoing:14 2 
	datadep:
	instructions:
BB 2
	outgoing:3 4 
	datadep:
	instructions:
		 0: 
		 1: 
		 2: 
		 3: 
		 4: 
		 5: 
		 6: 
		 7: user[2.5,] 
		 8: user[2.5,] 
BB 3
	outgoing:4 
	datadep:
	instructions:
		 0: user->is_moderator? 
		 1: %v_4[3.0,] 
BB 4
	outgoing:5 6 
	datadep:
	instructions:
		 0: 
BB 5
	outgoing:14 
	datadep:
	instructions:
		 0: 
		 1: RETURN 
BB 6
	outgoing:7 8 
	datadep:
	instructions:
		 0: 
		 1: 
		 2: 
BB 7
	outgoing:8 
	datadep:
	instructions:
		 0: user->id 
		 1: %self->user_id 
		 2: %v_8[7.1,] %v_7[7.0,] 
		 3: %v_9[7.2,] 
BB 8
	outgoing:9 12 
	datadep:
	instructions:
		 0: 
BB 9
	outgoing:10 11 
	datadep:
	instructions:
		 0: 
		 1: %self->is_moderated? 
		 2: %v_10[9.1,] 
BB 10
	outgoing:14 
	datadep:
	instructions:
		 0: 
		 1: RETURN 
BB 11
	outgoing:14 
	datadep:
	instructions:
		 0: 
		 1: (Time) 
		 2: %v_12->now %v_12[11.1,] 
		 3: %v_13->to_i %v_13[11.2,] 
		 4: %self->created_at 
		 5: %v_15->to_i %v_15[11.4,] 
		 6: %v_14[11.3,] %v_16[11.5,] 
		 7: (MAX_EDIT_MINS) 
		 8: %v_18[11.7,] 
		 9: %v_17[11.6,] %v_19[11.8,] 
		 10: RETURN %v_20[11.9,] 
BB 12
	outgoing:14 
	datadep:
	instructions:
		 0: 
		 1: RETURN 
BB 14
	outgoing:
	datadep:
	instructions:

SET IRMethod, name = is_gone?
BB 1
	outgoing:3 2 
	datadep:
	instructions:
BB 2
	outgoing:3 
	datadep:
	instructions:
		 0: 
		 1: 
		 2: 
		 3: 
		 4: 
		 5: 
		 6: %self->is_expired? %self[2.0,] 
		 7: RETURN %v_3[2.6,] 
BB 3
	outgoing:
	datadep:
	instructions:

SET IRMethod, name = is_hidden_by_user?
BB 1
	outgoing:3 2 
	datadep:
	instructions:
BB 2
	outgoing:3 
	datadep:
	instructions:
		 0: 
		 1: 
		 2: 
		 3: 
		 4: 
		 5: 
		 6: 
		 7: (HiddenStory) 
		 8: user->id user[2.5,] 
		 9: %self->id %self[2.0,] 
		 10: 
		 11: %v_3->where %v_3[2.7,] %v_6[2.10,] 
		 12: %v_7->first %v_7[2.11,] 
		 13: %v_8->! %v_8[2.12,] 
		 14: %v_9->! %v_9[2.13,] 
		 15: RETURN %v_10[2.14,] 
BB 3
	outgoing:
	datadep:
	instructions:

SET IRMethod, name = is_recent?
BB 1
	outgoing:3 2 
	datadep:
	instructions:
BB 2
	outgoing:3 
	datadep:
	instructions:
		 0: 
		 1: 
		 2: 
		 3: 
		 4: 
		 5: 
		 6: %self->created_at %self[2.0,] 
		 7: (RECENT_DAYS) 
		 8: %v_4->days %v_4[2.7,] 
		 9: %v_5->ago %v_5[2.8,] 
		 10: %v_3[2.6,] %v_6[2.9,] 
		 11: RETURN %v_7[2.10,] 
BB 3
	outgoing:
	datadep:
	instructions:

SET IRMethod, name = is_unavailable
BB 1
	outgoing:3 2 
	datadep:
	instructions:
BB 2
	outgoing:3 
	datadep:
	instructions:
		 0: 
		 1: 
		 2: 
		 3: 
		 4: 
		 5: 
		 6: %self->unavailable_at %self[2.0,] 
		 7: %v_3[2.6,] 
		 8: RETURN %v_4[2.7,] 
BB 3
	outgoing:
	datadep:
	instructions:

SET IRMethod, name = is_unavailable=
BB 1
	outgoing:8 2 
	datadep:
	instructions:
BB 2
	outgoing:3 4 
	datadep:
	instructions:
		 0: 
		 1: 
		 2: 
		 3: 
		 4: 
		 5: 
		 6: 
		 7: what->to_i what[2.5,] 
		 8: %v_3[2.7,] 
		 9: %v_4[2.8,] 
BB 3
	outgoing:4 
	datadep:
	instructions:
		 0: %self->is_unavailable 
		 1: %v_5->! %v_5[3.0,] 
		 2: %v_6[3.1,] 
BB 4
	outgoing:5 6 
	datadep:
	instructions:
		 0: 
BB 5
	outgoing:7 
	datadep:
	instructions:
		 0: (Time) 
		 1: %v_7->now %v_7[5.0,] 
		 2: 
BB 6
	outgoing:7 
	datadep:
	instructions:
		 0: 
BB 7
	outgoing:8 
	datadep:
	instructions:
		 0: 
		 1: RETURN 
BB 8
	outgoing:
	datadep:
	instructions:

SET IRMethod, name = is_undeletable_by_user?
BB 1
	outgoing:14 2 
	datadep:
	instructions:
BB 2
	outgoing:3 4 
	datadep:
	instructions:
		 0: 
		 1: 
		 2: 
		 3: 
		 4: 
		 5: 
		 6: 
		 7: user[2.5,] 
		 8: user[2.5,] 
BB 3
	outgoing:4 
	datadep:
	instructions:
		 0: user->is_moderator? 
		 1: %v_4[3.0,] 
BB 4
	outgoing:5 6 
	datadep:
	instructions:
		 0: 
BB 5
	outgoing:14 
	datadep:
	instructions:
		 0: 
		 1: RETURN 
BB 6
	outgoing:7 8 
	datadep:
	instructions:
		 0: 
		 1: 
		 2: 
BB 7
	outgoing:8 
	datadep:
	instructions:
		 0: user->id 
		 1: %self->user_id 
		 2: %v_8[7.1,] %v_7[7.0,] 
		 3: %v_9[7.2,] 
BB 8
	outgoing:9 10 
	datadep:
	instructions:
		 0: 
BB 9
	outgoing:10 
	datadep:
	instructions:
		 0: %self->is_moderated? 
		 1: %v_10->! %v_10[9.0,] 
		 2: %v_11[9.1,] 
BB 10
	outgoing:11 12 
	datadep:
	instructions:
		 0: 
BB 11
	outgoing:14 
	datadep:
	instructions:
		 0: 
		 1: RETURN 
BB 12
	outgoing:14 
	datadep:
	instructions:
		 0: 
		 1: RETURN 
BB 14
	outgoing:
	datadep:
	instructions:

SET IRMethod, name = log_moderation
BB 1
	outgoing:23 2 
	datadep:
	instructions:
BB 2
	outgoing:3 4 
	datadep:
	instructions:
		 0: 
		 1: 
		 2: 
		 3: 
		 4: 
		 5: 
		 6: %self->new_record? %self[2.0,] 
		 7: %v_3[2.6,] 
BB 3
	outgoing:4 
	datadep:
	instructions:
		 0: %self->editor 
		 1: %v_4->! %v_4[3.0,] 
		 2: %v_5[3.1,] 
BB 4
	outgoing:5 6 
	datadep:
	instructions:
		 0: 
BB 5
	outgoing:6 
	datadep:
	instructions:
		 0: %self->editor 
		 1: %v_6->id %v_6[5.0,] 
		 2: %self->user_id 
		 3: %v_8[5.2,] %v_7[5.1,] 
		 4: %v_9[5.3,] 
BB 6
	outgoing:7 8 
	datadep:
	instructions:
		 0: 
BB 7
	outgoing:23 
	datadep:
	instructions:
		 0: 
		 1: RETURN 
BB 8
	outgoing:10 11 
	datadep:
	instructions:
		 0: 
		 1: 
		 2: %self->changes 
		 3: %self->tagging_changes 
		 4: %v_11->merge %v_11[8.2,] %v_12[8.3,] 
		 5: %v_13[8.4,] 
		 6: 
		 7: 
		 8: %v_13->delete %v_13[8.4,] %v_14[8.7,] 
		 9: 
		 10: all_changes->any? all_changes[8.5,] 
		 11: %v_16->! %v_16[8.10,] 
		 12: %v_17[8.11,] 
BB 10
	outgoing:23 
	datadep:
	instructions:
		 0: 
		 1: RETURN 
BB 11
	outgoing:13 14 
	datadep:
	instructions:
		 0: 
		 1: 
		 2: (Moderation) 
		 3: %v_19->new %v_19[11.2,] 
		 4: %v_20[11.3,] 
		 5: 
		 6: %self->editor 
		 7: %v_21->try %v_21[11.6,] 
		 8: %v_22[11.7,] 
		 9: 
		 10: %self->id 
		 11: %v_23[11.10,] 
		 12: 
		 13: 
		 14: %v_24[11.13,] 
		 15: %v_25[11.14,] 
BB 13
	outgoing:14 
	datadep:
	instructions:
		 0: %self->is_expired? 
		 1: %v_26[13.0,] 
BB 14
	outgoing:15 16 
	datadep:
	instructions:
		 0: 
BB 15
	outgoing:22 
	datadep:
	instructions:
		 0: 
		 1: 
		 2: %v_27[15.1,] 
		 3: 
BB 16
	outgoing:17 18 
	datadep:
	instructions:
		 0: 
		 1: 
		 2: %v_28[16.1,] 
		 3: %v_29[16.2,] 
BB 17
	outgoing:18 
	datadep:
	instructions:
		 0: %self->is_expired? 
		 1: %v_30->! %v_30[17.0,] 
		 2: %v_31[17.1,] 
BB 18
	outgoing:19 20 
	datadep:
	instructions:
		 0: 
BB 19
	outgoing:21 
	datadep:
	instructions:
		 0: 
		 1: 
		 2: %v_32[19.1,] 
		 3: 
BB 20
	outgoing:21 
	datadep:
	instructions:
		 0: 
		 1: all_changes->map 
		 2: 
		 3: %v_33->join %v_33[20.1,] %v_34[20.2,] 
		 4: %v_35[20.3,] 
		 5: %v_35[20.3,] 
BB 21
	outgoing:22 
	datadep:
	instructions:
		 0: 
BB 22
	outgoing:23 
	datadep:
	instructions:
		 0: 
		 1: %self->moderation_reason 
		 2: %v_36[22.1,] 
		 3: 
		 4: m->save m[22.2,] 
		 5: 
		 6: 
		 7: RETURN 
BB 23
	outgoing:
	datadep:
	instructions:

SET IRMethod, name = mailing_list_message_id
BB 1
	outgoing:3 2 
	datadep:
	instructions:
BB 2
	outgoing:3 
	datadep:
	instructions:
		 0: 
		 1: 
		 2: 
		 3: 
		 4: 
		 5: 
		 6: 
		 7: %self->short_id %self[2.0,] 
		 8: 
		 9: %self->created_at %self[2.0,] 
		 10: %v_6->to_i %v_6[2.9,] 
		 11: 
		 12: (Rails) 
		 13: %v_9->application %v_9[2.12,] 
		 14: %v_10->domain %v_10[2.13,] 
		 15: %v_5[2.8,] %v_3[2.6,] %v_8[2.11,] 
		 16: RETURN %v_12[2.15,] 
BB 3
	outgoing:
	datadep:
	instructions:

SET IRMethod, name = mark_submitter
BB 1
	outgoing:3 2 
	datadep:
	instructions:
BB 2
	outgoing:3 
	datadep:
	instructions:
		 0: 
		 1: 
		 2: 
		 3: 
		 4: 
		 5: 
		 6: (Keystore) 
		 7: 
		 8: %self->user_id %self[2.0,] 
		 9: 
		 10: %v_4[2.7,] %v_6[2.9,] 
		 11: %v_3->increment_value_for %v_3[2.6,] %v_7[2.10,] 
		 12: RETURN %v_8[2.11,] 
BB 3
	outgoing:
	datadep:
	instructions:

SET IRMethod, name = merge_into_story!
BB 1
	outgoing:3 2 
	datadep:
	instructions:
BB 2
	outgoing:3 
	datadep:
	instructions:
		 0: 
		 1: 
		 2: 
		 3: 
		 4: 
		 5: 
		 6: 
		 7: story->id story[2.5,] 
		 8: %v_3[2.7,] 
		 9: 
		 10: %self->save! %self[2.0,2.8,] 
		 11: RETURN %v_4[2.10,] 
BB 3
	outgoing:
	datadep:
	instructions:

SET IRMethod, name = merged_comments
BB 1
	outgoing:3 2 
	datadep:
	instructions:
BB 2
	outgoing:3 
	datadep:
	instructions:
		 0: 
		 1: 
		 2: 
		 3: 
		 4: 
		 5: 
		 6: (Comment) 
		 7: (Story) 
		 8: %v_4->select %v_4[2.7,] 
		 9: %self->id %self[2.0,] 
		 10: 
		 11: %v_5->where %v_5[2.8,] %v_7[2.10,] 
		 12: %self->id %self[2.0,] 
		 13: 
		 14: %v_8[2.11,] %v_10[2.13,] 
		 15: 
		 16: %v_3->where %v_3[2.6,] %v_12[2.15,] 
		 17: RETURN %v_13[2.16,] 
BB 3
	outgoing:
	datadep:
	instructions:

SET IRMethod, name = merge_story_short_id=
BB 1
	outgoing:6 2 
	datadep:
	instructions:
BB 2
	outgoing:3 4 
	datadep:
	instructions:
		 0: 
		 1: 
		 2: 
		 3: 
		 4: 
		 5: 
		 6: 
		 7: sid->present? sid[2.5,] 
		 8: %v_3[2.7,] 
BB 3
	outgoing:5 
	datadep:
	instructions:
		 0: (Story) 
		 1: 
		 2: %v_4->where %v_4[3.0,] %v_5[3.1,] 
		 3: %v_6->first %v_6[3.2,] 
		 4: %v_7->id %v_7[3.3,] 
		 5: 
BB 4
	outgoing:5 
	datadep:
	instructions:
		 0: 
BB 5
	outgoing:6 
	datadep:
	instructions:
		 0: 
		 1: RETURN 
BB 6
	outgoing:
	datadep:
	instructions:

SET IRMethod, name = recalculate_hotness!
BB 1
	outgoing:3 2 
	datadep:
	instructions:
BB 2
	outgoing:3 
	datadep:
	instructions:
		 0: 
		 1: 
		 2: 
		 3: 
		 4: 
		 5: 
		 6: %self->calculated_hotness %self[2.0,] 
		 7: %self->update_column %self[2.0,] %v_3[2.6,] 
		 8: RETURN %v_4[2.7,] 
BB 3
	outgoing:
	datadep:
	instructions:

SET IRMethod, name = record_initial_upvote
BB 1
	outgoing:3 2 
	datadep:
	instructions:
BB 2
	outgoing:3 
	datadep:
	instructions:
		 0: 
		 1: 
		 2: 
		 3: 
		 4: 
		 5: 
		 6: (Vote) 
		 7: %self->id %self[2.0,] 
		 8: %self->user_id %self[2.0,] 
		 9: %v_3->vote_thusly_on_story_or_comment_for_user_because %v_4[2.7,] %v_5[2.8,] %v_3[2.6,] 
		 10: RETURN %v_6[2.9,] 
BB 3
	outgoing:
	datadep:
	instructions:

SET IRMethod, name = fix_bogus_chars
BB 1
	outgoing:3 2 
	datadep:
	instructions:
BB 2
	outgoing:3 
	datadep:
	instructions:
		 0: 
		 1: 
		 2: 
		 3: 
		 4: 
		 5: 
		 6: %self->title %self[2.0,] 
		 7: %v_3->to_s %v_3[2.6,] 
		 8: 
		 9: %v_4->split %v_4[2.7,] %v_5[2.8,] 
		 10: %v_6->map %v_6[2.9,] 
		 11: 
		 12: %v_7->join %v_8[2.11,] %v_7[2.10,] 
		 13: %v_9[2.12,] 
		 14: 
		 15: RETURN 
BB 3
	outgoing:
	datadep:
	instructions:

SET IRMethod, name = score
BB 1
	outgoing:3 2 
	datadep:
	instructions:
BB 2
	outgoing:3 
	datadep:
	instructions:
		 0: 
		 1: 
		 2: 
		 3: 
		 4: 
		 5: 
		 6: %self->upvotes %self[2.0,] 
		 7: %self->downvotes %self[2.0,] 
		 8: %v_4[2.7,] %v_3[2.6,] 
		 9: RETURN %v_5[2.8,] 
BB 3
	outgoing:
	datadep:
	instructions:

SET IRMethod, name = short_id_path
BB 1
	outgoing:3 2 
	datadep:
	instructions:
BB 2
	outgoing:3 
	datadep:
	instructions:
		 0: 
		 1: 
		 2: 
		 3: 
		 4: 
		 5: 
		 6: (Rails) 
		 7: %v_3->application %v_3[2.6,] 
		 8: %v_4->routes %v_4[2.7,] 
		 9: %v_5->url_helpers %v_5[2.8,] 
		 10: %v_6->root_path %v_6[2.9,] 
		 11: 
		 12: %self->short_id %self[2.0,] 
		 13: %v_8[2.11,] 
		 14: %v_7[2.10,] %v_10[2.13,] 
		 15: RETURN %v_11[2.14,] 
BB 3
	outgoing:
	datadep:
	instructions:

SET IRMethod, name = short_id_url
BB 1
	outgoing:3 2 
	datadep:
	instructions:
BB 2
	outgoing:3 
	datadep:
	instructions:
		 0: 
		 1: 
		 2: 
		 3: 
		 4: 
		 5: 
		 6: (Rails) 
		 7: %v_3->application %v_3[2.6,] 
		 8: %v_4->root_url %v_4[2.7,] 
		 9: 
		 10: %self->short_id %self[2.0,] 
		 11: %v_6[2.9,] 
		 12: %v_5[2.8,] %v_8[2.11,] 
		 13: RETURN %v_9[2.12,] 
BB 3
	outgoing:
	datadep:
	instructions:

SET IRMethod, name = sorted_taggings
BB 1
	outgoing:3 2 
	datadep:
	instructions:
BB 2
	outgoing:3 
	datadep:
	instructions:
		 0: 
		 1: 
		 2: 
		 3: 
		 4: 
		 5: 
		 6: %self->taggings %self[2.0,] 
		 7: %v_3->sort_by %v_3[2.6,] 
		 8: %v_4->sort_by %v_4[2.7,] 
		 9: RETURN %v_5[2.8,] 
BB 3
	outgoing:
	datadep:
	instructions:

SET IRMethod, name = tagging_changes
BB 1
	outgoing:6 2 
	datadep:
	instructions:
BB 2
	outgoing:3 4 
	datadep:
	instructions:
		 0: 
		 1: 
		 2: 
		 3: 
		 4: 
		 5: 
		 6: %self->taggings %self[2.0,] 
		 7: %v_3->reject %v_3[2.6,] 
		 8: %v_4->map %v_4[2.7,] 
		 9: 
		 10: %v_5->join %v_5[2.8,] %v_6[2.9,] 
		 11: %v_7[2.10,] 
		 12: 
		 13: %self->taggings %self[2.0,] 
		 14: %v_8->reject %v_8[2.13,] 
		 15: %v_9->map %v_9[2.14,] 
		 16: 
		 17: %v_10->join %v_10[2.15,] %v_11[2.16,] 
		 18: %v_12[2.17,] 
		 19: 
		 20: old_tags_a[2.11,] %v_12[2.17,] 
		 21: %v_13[2.20,] 
BB 3
	outgoing:6 
	datadep:
	instructions:
		 0: 
		 1: 
		 2: RETURN 
BB 4
	outgoing:6 
	datadep:
	instructions:
		 0: 
		 1: 
		 2: 
		 3: 
		 4: RETURN %v_17[4.3,] 
BB 6
	outgoing:
	datadep:
	instructions:

SET IRMethod, name = tags_a
BB 1
	outgoing:7 2 
	datadep:
	instructions:
BB 2
	outgoing:3 4 
	datadep:
	instructions:
		 0: 
		 1: 
		 2: 
		 3: 
		 4: 
		 5: 
		 6: %self[2.0,] 
		 7: %v_4[2.6,] 
		 8: %v_4[2.6,] 
BB 3
	outgoing:4 
	datadep:
	instructions:
		 0: 
		 1: %v_5[3.0,] 
BB 4
	outgoing:5 6 
	datadep:
	instructions:
		 0: 
BB 5
	outgoing:7 
	datadep:
	instructions:
		 0: %self->taggings 
		 1: %v_6->map %v_6[5.0,] 
		 2: %v_7[5.1,] 
		 3: RETURN %v_7[5.1,] 
BB 6
	outgoing:7 
	datadep:
	instructions:
		 0: RETURN 
BB 7
	outgoing:
	datadep:
	instructions:

SET IRMethod, name = tags_a=
BB 1
	outgoing:3 2 
	datadep:
	instructions:
BB 2
	outgoing:3 
	datadep:
	instructions:
		 0: 
		 1: 
		 2: 
		 3: 
		 4: 
		 5: 
		 6: 
		 7: %self->taggings %self[2.0,] 
		 8: %v_3->each %v_3[2.7,] 
		 9: 
		 10: new_tag_names_a->each new_tag_names_a[2.5,] 
		 11: RETURN %v_5[2.10,] 
BB 3
	outgoing:
	datadep:
	instructions:

SET IRMethod, name = title=
BB 1
	outgoing:3 2 
	datadep:
	instructions:
BB 2
	outgoing:3 
	datadep:
	instructions:
		 0: 
		 1: 
		 2: 
		 3: 
		 4: 
		 5: 
		 6: 
		 7: t->strip t[2.5,] 
		 8: %v_3[2.7,] 
		 9: RETURN %v_3[2.7,] 
BB 3
	outgoing:
	datadep:
	instructions:

SET IRMethod, name = title_as_url
BB 1
	outgoing:8 2 
	datadep:
	instructions:
BB 2
	outgoing:3 
	datadep:
	instructions:
		 0: 
		 1: 
		 2: 
		 3: 
		 4: 
		 5: 
		 6: %self->title %self[2.0,] 
		 7: %v_3->downcase %v_3[2.6,] 
		 8: 
		 9: 
		 10: %v_4->gsub %v_4[2.7,] %v_6[2.9,] 
		 11: %v_7[2.10,] 
		 12: 
BB 3
	outgoing:4 6 
	datadep:
	instructions:
		 0: 
		 1: u->match 
		 2: %v_10[3.1,] 
BB 4
	outgoing:3 
	datadep:
	instructions:
		 0: 
		 1: 
		 2: 
		 3: 
		 4: u->gsub! %v_11[4.2,] %v_12[4.3,] 
		 5: 
BB 6
	outgoing:8 
	datadep:
	instructions:
		 0: 
		 1: 
		 2: 
		 3: 
		 4: u->gsub %v_15[6.3,] 
		 5: 
		 6: 
		 7: %v_16->gsub %v_16[6.4,] %v_18[6.6,] 
		 8: RETURN %v_19[6.7,] 
BB 8
	outgoing:
	datadep:
	instructions:

SET IRMethod, name = to_param
BB 1
	outgoing:3 2 
	datadep:
	instructions:
BB 2
	outgoing:3 
	datadep:
	instructions:
		 0: 
		 1: 
		 2: 
		 3: 
		 4: 
		 5: 
		 6: %self->short_id %self[2.0,] 
		 7: RETURN %v_3[2.6,] 
BB 3
	outgoing:
	datadep:
	instructions:

SET IRMethod, name = update_availability
BB 1
	outgoing:13 2 
	datadep:
	instructions:
BB 2
	outgoing:3 4 
	datadep:
	instructions:
		 0: 
		 1: 
		 2: 
		 3: 
		 4: 
		 5: 
		 6: %self->is_unavailable %self[2.0,] 
		 7: %v_3[2.6,] 
BB 3
	outgoing:4 
	datadep:
	instructions:
		 0: %self->unavailable_at 
		 1: %v_4->! %v_4[3.0,] 
		 2: %v_5[3.1,] 
BB 4
	outgoing:5 6 
	datadep:
	instructions:
		 0: 
BB 5
	outgoing:13 
	datadep:
	instructions:
		 0: 
		 1: (Time) 
		 2: %v_6->now %v_6[5.1,] 
		 3: %v_7[5.2,] 
		 4: RETURN %v_7[5.2,] 
BB 6
	outgoing:7 8 
	datadep:
	instructions:
		 0: 
		 1: %self->unavailable_at 
		 2: %v_8[6.1,] 
BB 7
	outgoing:8 
	datadep:
	instructions:
		 0: %self->is_unavailable 
		 1: %v_9->! %v_9[7.0,] 
		 2: %v_10[7.1,] 
BB 8
	outgoing:9 10 
	datadep:
	instructions:
		 0: 
BB 9
	outgoing:11 
	datadep:
	instructions:
		 0: 
		 1: 
		 2: 
		 3: 
BB 10
	outgoing:11 
	datadep:
	instructions:
		 0: 
BB 11
	outgoing:13 
	datadep:
	instructions:
		 0: RETURN 
BB 13
	outgoing:
	datadep:
	instructions:

SET IRMethod, name = update_comments_count!
BB 1
	outgoing:3 2 
	datadep:
	instructions:
BB 2
	outgoing:3 
	datadep:
	instructions:
		 0: 
		 1: 
		 2: 
		 3: 
		 4: 
		 5: 
		 6: %self->merged_comments %self[2.0,] 
		 7: %v_3->arrange_for_user %v_3[2.6,] 
		 8: %v_4[2.7,] 
		 9: 
		 10: 
		 11: %v_4->count %v_4[2.7,] 
		 12: %v_5[2.11,] 
		 13: %self->update_column %self[2.0,2.12,] %v_5[2.11,] 
		 14: 
		 15: %self->recalculate_hotness! %self[2.0,2.12,] 
		 16: RETURN %v_7[2.15,] 
BB 3
	outgoing:
	datadep:
	instructions:

SET IRMethod, name = update_merged_into_story_comments
BB 1
	outgoing:6 2 
	datadep:
	instructions:
BB 2
	outgoing:3 4 
	datadep:
	instructions:
		 0: 
		 1: 
		 2: 
		 3: 
		 4: 
		 5: 
		 6: %self->merged_into_story %self[2.0,] 
		 7: %v_3[2.6,] 
BB 3
	outgoing:6 
	datadep:
	instructions:
		 0: 
		 1: %self->merged_into_story 
		 2: %v_4->update_comments_count! %v_4[3.1,] 
		 3: RETURN %v_5[3.2,] 
BB 4
	outgoing:6 
	datadep:
	instructions:
		 0: RETURN 
BB 6
	outgoing:
	datadep:
	instructions:

SET IRMethod, name = url=
BB 1
	outgoing:11 2 
	datadep:
	instructions:
BB 2
	outgoing:3 4 
	datadep:
	instructions:
		 0: 
		 1: 
		 2: 
		 3: 
		 4: 
		 5: 
		 6: 
		 7: u[2.5,] 
		 8: u[2.5,] 
BB 3
	outgoing:4 
	datadep:
	instructions:
		 0: 
		 1: u->match 
		 2: %v_5[3.1,] 
		 3: %v_5[3.1,] 
BB 4
	outgoing:5 9 
	datadep:
	instructions:
		 0: 
BB 5
	outgoing:6 7 
	datadep:
	instructions:
		 0: 
		 1: 
		 2: 
		 3: %v_6->split %v_6[5.1,] %v_7[5.2,] 
		 4: %v_8[5.3,] 
		 5: 
		 6: %v_8->reject! %v_8[5.3,] 
		 7: 
		 8: 
		 9: params->any? params[5.4,] 
		 10: %v_11[5.9,] 
BB 6
	outgoing:8 
	datadep:
	instructions:
		 0: 
		 1: 
		 2: params->join %v_13[6.1,] 
		 3: %v_14[6.2,] %v_12[6.0,] 
		 4: 
BB 7
	outgoing:8 
	datadep:
	instructions:
		 0: 
		 1: %v_16[7.0,] 
BB 8
	outgoing:10 
	datadep:
	instructions:
		 0: 
		 1: %v_17[8.0,] 
		 2: 
BB 9
	outgoing:10 
	datadep:
	instructions:
		 0: 
BB 10
	outgoing:11 
	datadep:
	instructions:
		 0: 
		 1: u->to_s 
		 2: %v_18->strip %v_18[10.1,] 
		 3: %v_19[10.2,] 
		 4: RETURN %v_19[10.2,] 
BB 11
	outgoing:
	datadep:
	instructions:

SET IRMethod, name = url_is_editable_by_user?
BB 1
	outgoing:13 2 
	datadep:
	instructions:
BB 2
	outgoing:3 4 
	datadep:
	instructions:
		 0: 
		 1: 
		 2: 
		 3: 
		 4: 
		 5: 
		 6: 
		 7: %self->new_record? %self[2.0,] 
		 8: %v_3[2.7,] 
BB 3
	outgoing:13 
	datadep:
	instructions:
		 0: 
		 1: 
		 2: RETURN 
BB 4
	outgoing:5 6 
	datadep:
	instructions:
		 0: 
		 1: 
BB 5
	outgoing:6 
	datadep:
	instructions:
		 0: user->is_moderator? 
		 1: %v_6[5.0,] 
BB 6
	outgoing:7 8 
	datadep:
	instructions:
		 0: 
BB 7
	outgoing:8 
	datadep:
	instructions:
		 0: %self->url 
		 1: %v_7->present? %v_7[7.0,] 
		 2: %v_8[7.1,] 
BB 8
	outgoing:9 10 
	datadep:
	instructions:
		 0: 
BB 9
	outgoing:11 
	datadep:
	instructions:
		 0: 
		 1: 
		 2: 
BB 10
	outgoing:11 
	datadep:
	instructions:
		 0: 
		 1: 
BB 11
	outgoing:13 
	datadep:
	instructions:
		 0: RETURN 
BB 13
	outgoing:
	datadep:
	instructions:

SET IRMethod, name = url_or_comments_path
BB 1
	outgoing:6 2 
	datadep:
	instructions:
BB 2
	outgoing:3 4 
	datadep:
	instructions:
		 0: 
		 1: 
		 2: 
		 3: 
		 4: 
		 5: 
		 6: %self->url %self[2.0,] 
		 7: %v_3->blank? %v_3[2.6,] 
		 8: %v_4[2.7,] 
BB 3
	outgoing:6 
	datadep:
	instructions:
		 0: %self->comments_path 
		 1: RETURN %v_5[3.0,] 
BB 4
	outgoing:6 
	datadep:
	instructions:
		 0: %self->url 
		 1: RETURN %v_6[4.0,] 
BB 6
	outgoing:
	datadep:
	instructions:

SET IRMethod, name = url_or_comments_url
BB 1
	outgoing:6 2 
	datadep:
	instructions:
BB 2
	outgoing:3 4 
	datadep:
	instructions:
		 0: 
		 1: 
		 2: 
		 3: 
		 4: 
		 5: 
		 6: %self->url %self[2.0,] 
		 7: %v_3->blank? %v_3[2.6,] 
		 8: %v_4[2.7,] 
BB 3
	outgoing:6 
	datadep:
	instructions:
		 0: %self->comments_url 
		 1: RETURN %v_5[3.0,] 
BB 4
	outgoing:6 
	datadep:
	instructions:
		 0: %self->url 
		 1: RETURN %v_6[4.0,] 
BB 6
	outgoing:
	datadep:
	instructions:

SET IRMethod, name = vote_summary_for
BB 1
	outgoing:3 2 
	datadep:
	instructions:
BB 2
	outgoing:3 
	datadep:
	instructions:
		 0: 
		 1: 
		 2: 
		 3: 
		 4: 
		 5: 
		 6: 
		 7: 
		 8: %v_3[2.7,] 
		 9: 
		 10: 
		 11: %v_4[2.10,] 
		 12: 
		 13: (Vote) 
		 14: %self->id %self[2.0,] 
		 15: 
		 16: %v_5->where %v_5[2.13,] %v_7[2.15,] 
		 17: 
		 18: %v_8->where %v_8[2.16,] %v_9[2.17,] 
		 19: %v_10->each %v_10[2.18,] 
		 20: 
		 21: r_counts->keys r_counts[2.8,] 
		 22: %v_12->sort %v_12[2.21,] 
		 23: %v_13->map %v_13[2.22,] 
		 24: 
		 25: %v_14->join %v_14[2.23,] %v_15[2.24,] 
		 26: RETURN %v_16[2.25,] 
BB 3
	outgoing:
	datadep:
	instructions:

SET IRMethod, name = fetched_content
BB 1
	outgoing:15 2 
	datadep:
	instructions:
BB 2
	outgoing:3 4 
	datadep:
	instructions:
		 0: 
		 1: 
		 2: 
		 3: 
		 4: 
		 5: 
		 6: %self[2.0,] 
		 7: %v_3[2.6,] 
BB 3
	outgoing:15 
	datadep:
	instructions:
		 0: 
		 1: RETURN %v_4[3.0,] 
BB 4
	outgoing:6 
	datadep:
	instructions:
		 0: 
		 1: 
		 2: 
BB 6
	outgoing:8 9 
	datadep:
	instructions:
		 0: 
		 1: 
		 2: (Sponge) 
		 3: %v_9->new %v_9[6.2,] 
		 4: %v_10[6.3,] 
		 5: 
		 6: 
		 7: 
		 8: %self->url 
		 9: 
		 10: 
		 11: (Rails) 
		 12: %v_13->application %v_13[6.11,] 
		 13: %v_14->domain %v_14[6.12,] 
		 14: 
		 15: %self->fetching_ip 
		 16: %v_16[6.14,] 
		 17: 
		 18: s->fetch %v_19[6.17,] s[6.4,] %v_11[6.8,] 
		 19: %v_20[6.18,] 
		 20: %v_20[6.18,] 
		 21: 
		 22: 
BB 8
	outgoing:14 
	datadep:
	instructions:
		 0: 
BB 9
	outgoing:10 11 13 
	datadep:
	instructions:
		 0: 
		 1: 
		 2: %v_21[9.1,] 
		 3: %v_22[9.2,] 
BB 10
	outgoing:13 15 
	datadep:
	instructions:
		 0: 
BB 11
	outgoing:12 13 
	datadep:
	instructions:
		 0: 
		 1: 
		 2: 
BB 12
	outgoing:14 
	datadep:
	instructions:
		 0: 
BB 13
	outgoing:15 
	datadep:
	instructions:
		 0: 
		 1: %v_23[13.0,] 
		 2: %v_23[13.0,] 
BB 14
	outgoing:15 
	datadep:
	instructions:
		 0: 
		 1: 
		 2: RETURN %v_25[14.1,] 
BB 15
	outgoing:
	datadep:
	instructions:

SET IRMethod, name = parsed_content
BB 1
	outgoing:6 2 
	datadep:
	instructions:
BB 2
	outgoing:3 4 
	datadep:
	instructions:
		 0: 
		 1: 
		 2: 
		 3: 
		 4: 
		 5: 
		 6: %self[2.0,] 
		 7: %v_3[2.6,] 
BB 3
	outgoing:6 
	datadep:
	instructions:
		 0: 
		 1: RETURN %v_4[3.0,] 
BB 4
	outgoing:6 
	datadep:
	instructions:
		 0: 
		 1: 
		 2: (Nokogiri) 
		 3: %self->fetched_content 
		 4: %v_7->to_s %v_7[4.3,] 
		 5: %v_6->HTML %v_8[4.4,] %v_6[4.2,] 
		 6: %v_9[4.5,] 
		 7: RETURN %v_9[4.5,] 
BB 6
	outgoing:
	datadep:
	instructions:

SET IRMethod, name = fetched_title
BB 1
	outgoing:31 2 
	datadep:
	instructions:
BB 2
	outgoing:3 4 
	datadep:
	instructions:
		 0: 
		 1: 
		 2: 
		 3: 
		 4: 
		 5: 
		 6: 
		 7: %v_3[2.6,] 
		 8: 
		 9: %self->parsed_content %self[2.0,] 
		 10: %v_4[2.9,] 
		 11: %v_4[2.9,] 
		 12: %v_4->! %v_4[2.9,] 
		 13: %v_6[2.12,] 
BB 3
	outgoing:31 
	datadep:
	instructions:
		 0: 
		 1: RETURN 
BB 4
	outgoing:6 
	datadep:
	instructions:
		 0: 
		 1: 
		 2: 
BB 6
	outgoing:8 9 
	datadep:
	instructions:
		 0: 
		 1: 
		 2: 
		 3: doc->at_css %v_11[6.2,] 
		 4: %v_12->attributes %v_12[6.3,] 
		 5: 
		 6: %v_13[6.4,] %v_14[6.5,] 
		 7: %v_15->text %v_15[6.6,] 
		 8: %v_16[6.7,] 
		 9: %v_16[6.7,] 
		 10: 
		 11: 
BB 8
	outgoing:14 
	datadep:
	instructions:
		 0: 
BB 9
	outgoing:10 11 13 
	datadep:
	instructions:
		 0: 
		 1: 
		 2: %v_17[9.1,] 
		 3: %v_18[9.2,] 
BB 10
	outgoing:13 31 
	datadep:
	instructions:
		 0: 
BB 11
	outgoing:12 13 
	datadep:
	instructions:
		 0: 
		 1: 
		 2: 
BB 12
	outgoing:14 
	datadep:
	instructions:
		 0: 
BB 13
	outgoing:31 
	datadep:
	instructions:
		 0: 
		 1: %v_19[13.0,] 
		 2: %v_19[13.0,] 
BB 14
	outgoing:15 25 
	datadep:
	instructions:
		 0: 
		 1: title->to_s 
		 2: 
		 3: %v_21[14.1,] %v_22[14.2,] 
		 4: %v_23[14.3,] 
BB 15
	outgoing:17 
	datadep:
	instructions:
		 0: 
		 1: 
BB 17
	outgoing:18 19 
	datadep:
	instructions:
		 0: 
		 1: 
		 2: 
		 3: doc->at_css %v_27[17.2,] 
		 4: %v_28->attributes %v_28[17.3,] 
		 5: 
		 6: %v_29[17.4,] %v_30[17.5,] 
		 7: %v_31->text %v_31[17.6,] 
		 8: %v_32[17.7,] 
		 9: %v_32[17.7,] 
		 10: 
		 11: 
BB 18
	outgoing:24 
	datadep:
	instructions:
		 0: 
BB 19
	outgoing:20 21 23 
	datadep:
	instructions:
		 0: 
		 1: 
		 2: %v_33[19.1,] 
		 3: %v_34[19.2,] 
BB 20
	outgoing:23 31 
	datadep:
	instructions:
		 0: 
BB 21
	outgoing:22 23 
	datadep:
	instructions:
		 0: 
		 1: 
		 2: 
BB 22
	outgoing:24 
	datadep:
	instructions:
		 0: 
BB 23
	outgoing:31 
	datadep:
	instructions:
		 0: 
		 1: %v_35[23.0,] 
		 2: %v_35[23.0,] 
BB 24
	outgoing:26 
	datadep:
	instructions:
		 0: 
BB 25
	outgoing:26 
	datadep:
	instructions:
		 0: 
BB 26
	outgoing:27 28 
	datadep:
	instructions:
		 0: 
		 1: title->to_s 
		 2: 
		 3: %v_37[26.1,] %v_38[26.2,] 
		 4: %v_39[26.3,] 
BB 27
	outgoing:29 
	datadep:
	instructions:
		 0: 
		 1: 
		 2: doc->at_css %v_40[27.1,] 
		 3: %v_41->try %v_41[27.2,] 
		 4: %v_42->to_s %v_42[27.3,] 
		 5: %v_43[27.4,] 
		 6: 
BB 28
	outgoing:29 
	datadep:
	instructions:
		 0: 
BB 29
	outgoing:31 
	datadep:
	instructions:
		 0: 
		 1: RETURN 
BB 31
	outgoing:
	datadep:
	instructions:

SET IRMethod, name = fetched_canonical_url
BB 1
	outgoing:29 2 
	datadep:
	instructions:
BB 2
	outgoing:3 4 
	datadep:
	instructions:
		 0: 
		 1: 
		 2: 
		 3: 
		 4: 
		 5: 
		 6: %self[2.0,] 
		 7: %v_3[2.6,] 
BB 3
	outgoing:29 
	datadep:
	instructions:
		 0: 
		 1: RETURN %v_4[3.0,] 
BB 4
	outgoing:6 26 
	datadep:
	instructions:
		 0: 
		 1: 
		 2: %self->parsed_content 
		 3: %v_6[4.2,] 
		 4: %v_6[4.2,] 
BB 6
	outgoing:8 
	datadep:
	instructions:
		 0: 
		 1: 
BB 8
	outgoing:9 10 20 
	datadep:
	instructions:
		 0: 
		 1: 
		 2: 
		 3: doc->at_css %v_10[8.2,] 
		 4: %v_11->attributes %v_11[8.3,] 
		 5: 
		 6: %v_13[8.5,] %v_12[8.4,] 
		 7: %v_14->text %v_14[8.6,] 
		 8: %v_15[8.7,] 
		 9: %v_15[8.7,] 
		 10: %v_15->present? %v_15[8.7,] 
		 11: %v_17[8.10,] 
BB 9
	outgoing:10 20 
	datadep:
	instructions:
		 0: 
		 1: (URI) 
		 2: %v_18->parse %v_18[9.1,] 
		 3: %v_19[9.2,] 
		 4: %v_19[9.2,] 
BB 10
	outgoing:11 12 
	datadep:
	instructions:
		 0: 
BB 11
	outgoing:12 20 
	datadep:
	instructions:
		 0: ucu->scheme 
		 1: %v_20->present? %v_20[11.0,] 
		 2: %v_21[11.1,] 
BB 12
	outgoing:13 14 
	datadep:
	instructions:
		 0: 
BB 13
	outgoing:14 20 
	datadep:
	instructions:
		 0: ucu->host 
		 1: %v_22->present? %v_22[13.0,] 
		 2: %v_23[13.1,] 
BB 14
	outgoing:15 17 
	datadep:
	instructions:
		 0: 
BB 15
	outgoing:16 20 
	datadep:
	instructions:
		 0: 
		 1: 
		 2: 
		 3: 
BB 16
	outgoing:29 
	datadep:
	instructions:
		 0: RETURN 
BB 17
	outgoing:18 
	datadep:
	instructions:
		 0: 
BB 18
	outgoing:19 20 
	datadep:
	instructions:
		 0: 
		 1: 
		 2: 
BB 19
	outgoing:25 
	datadep:
	instructions:
		 0: 
BB 20
	outgoing:21 22 24 
	datadep:
	instructions:
		 0: 
		 1: 
		 2: %v_26[20.1,] 
		 3: %v_27[20.2,] 
BB 21
	outgoing:24 29 
	datadep:
	instructions:
		 0: 
BB 22
	outgoing:23 24 
	datadep:
	instructions:
		 0: 
		 1: 
		 2: 
BB 23
	outgoing:25 
	datadep:
	instructions:
		 0: 
BB 24
	outgoing:29 
	datadep:
	instructions:
		 0: 
		 1: %v_28[24.0,] 
		 2: %v_28[24.0,] 
BB 25
	outgoing:27 
	datadep:
	instructions:
		 0: 
BB 26
	outgoing:27 
	datadep:
	instructions:
		 0: 
BB 27
	outgoing:29 
	datadep:
	instructions:
		 0: 
		 1: %self->url 
		 2: RETURN %v_30[27.1,] 
BB 29
	outgoing:
	datadep:
	instructions:

