SET IRMethod, name = initialize
BB 1
	outgoing: 5 2 
	datadep: 
	instructions:
BB 2
	outgoing: 3 4 
	datadep: 
	instructions:
		 0: 
		 1: 
		 2: 
		 3: 
		 4: 
		 5: 
		 6: 
		 7: params[2.6,] 
BB 3
	outgoing: 4 
	datadep: 
	instructions:
		 0: 
		 1: %v_3[3.0,] 
BB 4
	outgoing: 5 
	datadep: 
	instructions:
		 0: 
		 1: 
		 2: 
		 3: 
		 4: RETURN 
BB 5
	outgoing: 
	datadep: 
	instructions:

SET IRMethod, name = hottest
BB 1
	outgoing: 3 2 
	datadep: 
	instructions:
BB 2
	outgoing: 3 
	datadep: 
	instructions:
		 0: 
		 1: 
		 2: 
		 3: 
		 4: 
		 5: 
		 6: %self->base_scope %self[2.0,] 
		 7: %self->positive_ranked %self[2.0,] %v_3[2.6,] 
		 8: %v_4[2.7,] 
		 9: 
		 10: %self->filter_hidden_and_tags %self[2.0,] %v_4[2.7,] 
		 11: %v_5[2.10,] 
		 12: 
		 13: 
		 14: %v_5->order %v_5[2.10,] %v_6[2.13,] 
		 15: RETURN %v_7[2.14,] 
BB 3
	outgoing: 
	datadep: 
	instructions:

SET IRMethod, name = hidden
BB 1
	outgoing: 9 2 
	datadep: 
	instructions:
BB 2
	outgoing: 3 4 
	datadep: 
	instructions:
		 0: 
		 1: 
		 2: 
		 3: 
		 4: 
		 5: 
		 6: %self->base_scope %self[2.0,] 
		 7: %v_3[2.6,] 
		 8: 
		 9: 
		 10: %self[2.0,] 
		 11: %v_4[2.10,] 
BB 3
	outgoing: 5 
	datadep: 
	instructions:
		 0: (Story) 
		 1: %v_5->arel_table %v_5[3.0,] 
		 2: %v_6[3.1,] 
		 3: %self->hidden_arel 
		 4: %v_7->in %v_8[3.3,] %v_7[3.2,] 
		 5: hidden->where %v_9[3.4,] 
		 6: %v_10[3.5,] 
		 7: 
BB 4
	outgoing: 5 
	datadep: 
	instructions:
		 0: 
BB 5
	outgoing: 6 7 
	datadep: 
	instructions:
		 0: 
		 1: 
		 2: %v_11[5.1,] 
		 3: %v_12->try %v_12[5.2,] 
		 4: %v_13[5.3,] 
BB 6
	outgoing: 8 
	datadep: 
	instructions:
		 0: 
		 1: 
		 2: %v_14[6.1,] 
		 3: %self->filter_tags %v_15[6.2,] 
		 4: %v_16[6.3,] 
		 5: 
BB 7
	outgoing: 8 
	datadep: 
	instructions:
		 0: 
BB 8
	outgoing: 9 
	datadep: 
	instructions:
		 0: 
		 1: 
		 2: hidden->order %v_17[8.1,] 
		 3: RETURN %v_18[8.2,] 
BB 9
	outgoing: 
	datadep: 
	instructions:

SET IRMethod, name = newest
BB 1
	outgoing: 3 2 
	datadep: 
	instructions:
BB 2
	outgoing: 3 
	datadep: 
	instructions:
		 0: 
		 1: 
		 2: 
		 3: 
		 4: 
		 5: 
		 6: %self->base_scope %self[2.0,] 
		 7: %self->filter_hidden_and_tags %self[2.0,] %v_3[2.6,] 
		 8: %v_4[2.7,] 
		 9: 
		 10: 
		 11: %v_4->order %v_4[2.7,] %v_5[2.10,] 
		 12: RETURN %v_6[2.11,] 
BB 3
	outgoing: 
	datadep: 
	instructions:

SET IRMethod, name = newest_by_user
BB 1
	outgoing: 3 2 
	datadep: 
	instructions:
BB 2
	outgoing: 3 
	datadep: 
	instructions:
		 0: 
		 1: 
		 2: 
		 3: 
		 4: 
		 5: 
		 6: 
		 7: %self->base_scope %self[2.0,] 
		 8: user->id user[2.5,] 
		 9: 
		 10: %v_3->where %v_5[2.9,] %v_3[2.7,] 
		 11: 
		 12: %v_6->order %v_6[2.10,] %v_7[2.11,] 
		 13: RETURN %v_8[2.12,] 
BB 3
	outgoing: 
	datadep: 
	instructions:

SET IRMethod, name = recent
BB 1
	outgoing: 6 2 
	datadep: 
	instructions:
BB 2
	outgoing: 3 
	datadep: 
	instructions:
		 0: 
		 1: 
		 2: 
		 3: 
		 4: 
		 5: 
		 6: %self->newest %self[2.0,] 
		 7: %v_3[2.6,] 
		 8: 
		 9: 
		 10: %v_4[2.9,] 
		 11: 
BB 3
	outgoing: 5 4 
	datadep: 
	instructions:
		 0: 
		 1: 
BB 4
	outgoing: 5 
	datadep: 
	instructions:
		 0: 
		 1: %v_6[4.0,] 
BB 5
	outgoing: 6 
	datadep: 
	instructions:
		 0: 
		 1: 
		 2: stories->order %v_7[5.1,] 
		 3: RETURN %v_8[5.2,] 
BB 6
	outgoing: 
	datadep: 
	instructions:

SET IRMethod, name = tagged
BB 1
	outgoing: 3 2 
	datadep: 
	instructions:
BB 2
	outgoing: 3 
	datadep: 
	instructions:
		 0: 
		 1: 
		 2: 
		 3: 
		 4: 
		 5: 
		 6: 
		 7: %self->base_scope %self[2.0,] 
		 8: %self->positive_ranked %self[2.0,] %v_3[2.7,] 
		 9: %v_4[2.8,] 
		 10: 
		 11: (Story) 
		 12: %v_5->arel_table %v_5[2.11,] 
		 13: %v_6[2.12,] 
		 14: (Tagging) 
		 15: %v_8->arel_table %v_8[2.14,] 
		 16: (Tagging) 
		 17: %v_10->arel_table %v_10[2.16,] 
		 18: %v_11[2.17,] 
		 19: tag->id tag[2.5,] 
		 20: %v_12->eq %v_13[2.19,] %v_12[2.18,] 
		 21: %v_9->where %v_14[2.20,] %v_9[2.15,] 
		 22: (Tagging) 
		 23: %v_16->arel_table %v_16[2.22,] 
		 24: %v_17[2.23,] 
		 25: %v_15->project %v_15[2.21,] %v_18[2.24,] 
		 26: %v_7->in %v_19[2.25,] %v_7[2.13,] 
		 27: tagged->where tagged[2.9,] %v_20[2.26,] 
		 28: %v_21[2.27,] 
		 29: 
		 30: 
		 31: %v_21->order %v_21[2.27,] %v_22[2.30,] 
		 32: RETURN %v_23[2.31,] 
BB 3
	outgoing: 
	datadep: 
	instructions:

SET IRMethod, name = top
BB 1
	outgoing: 3 2 
	datadep: 
	instructions:
BB 2
	outgoing: 3 
	datadep: 
	instructions:
		 0: 
		 1: 
		 2: 
		 3: 
		 4: 
		 5: 
		 6: 
		 7: %self->base_scope %self[2.0,] 
		 8: 
		 9: 
		 10: length[2.5,] 
		 11: 
		 12: length[2.5,] 
		 13: %v_7->upcase %v_7[2.12,] 
		 14: 
		 15: %v_9[2.14,] %v_6[2.11,] 
		 16: %v_4[2.8,] %v_10[2.15,] 
		 17: %v_3->where %v_3[2.7,] %v_11[2.16,] 
		 18: %v_12[2.17,] 
		 19: 
		 20: (Story) 
		 21: %v_13->score_sql %v_13[2.20,] 
		 22: 
		 23: %v_15[2.22,] 
		 24: top->order %v_16[2.23,] top[2.18,] 
		 25: RETURN %v_17[2.24,] 
BB 3
	outgoing: 
	datadep: 
	instructions:

SET IRMethod, name = base_scope
BB 1
	outgoing: 3 2 
	datadep: 
	instructions:
BB 2
	outgoing: 3 
	datadep: 
	instructions:
		 0: 
		 1: 
		 2: 
		 3: 
		 4: 
		 5: 
		 6: (Story) 
		 7: %v_3->unmerged %v_3[2.6,] 
		 8: 
		 9: %v_4->where %v_4[2.7,] %v_5[2.8,] 
		 10: RETURN %v_6[2.9,] 
BB 3
	outgoing: 
	datadep: 
	instructions:

SET IRMethod, name = filter_hidden_and_tags
BB 1
	outgoing: 9 2 
	datadep: 
	instructions:
BB 2
	outgoing: 3 4 
	datadep: 
	instructions:
		 0: 
		 1: 
		 2: 
		 3: 
		 4: 
		 5: 
		 6: 
		 7: 
		 8: %self[2.0,] 
		 9: %v_3[2.8,] 
BB 3
	outgoing: 5 
	datadep: 
	instructions:
		 0: %self->filter_hidden 
		 1: %v_4[3.0,] 
		 2: 
BB 4
	outgoing: 5 
	datadep: 
	instructions:
		 0: 
BB 5
	outgoing: 6 7 
	datadep: 
	instructions:
		 0: 
		 1: 
		 2: %v_5[5.1,] 
		 3: %v_6->try %v_6[5.2,] 
		 4: %v_7[5.3,] 
BB 6
	outgoing: 8 
	datadep: 
	instructions:
		 0: 
		 1: 
		 2: %v_8[6.1,] 
		 3: %self->filter_tags %v_9[6.2,] 
		 4: %v_10[6.3,] 
		 5: 
BB 7
	outgoing: 8 
	datadep: 
	instructions:
		 0: 
BB 8
	outgoing: 9 
	datadep: 
	instructions:
		 0: 
		 1: RETURN 
BB 9
	outgoing: 
	datadep: 
	instructions:

SET IRMethod, name = filter_hidden
BB 1
	outgoing: 3 2 
	datadep: 
	instructions:
BB 2
	outgoing: 3 
	datadep: 
	instructions:
		 0: 
		 1: 
		 2: 
		 3: 
		 4: 
		 5: 
		 6: 
		 7: (Story) 
		 8: %v_3->arel_table %v_3[2.7,] 
		 9: %v_4[2.8,] 
		 10: %self->hidden_arel %self[2.0,] 
		 11: %v_5->not_in %v_5[2.9,] %v_6[2.10,] 
		 12: scope->where scope[2.5,] %v_7[2.11,] 
		 13: RETURN %v_8[2.12,] 
BB 3
	outgoing: 
	datadep: 
	instructions:

SET IRMethod, name = hidden_arel
BB 1
	outgoing: 6 2 
	datadep: 
	instructions:
BB 2
	outgoing: 3 4 
	datadep: 
	instructions:
		 0: 
		 1: 
		 2: 
		 3: 
		 4: 
		 5: 
		 6: 
		 7: %self[2.0,] 
		 8: %v_3[2.7,] 
BB 3
	outgoing: 6 
	datadep: 
	instructions:
		 0: (HiddenStory) 
		 1: %v_4->arel_table %v_4[3.0,] 
		 2: (HiddenStory) 
		 3: %v_6->arel_table %v_6[3.2,] 
		 4: %v_7[3.3,] 
		 5: 
		 6: %v_9->id %v_9[3.5,] 
		 7: %v_8->eq %v_8[3.4,] %v_10[3.6,] 
		 8: %v_5->where %v_5[3.1,] %v_11[3.7,] 
		 9: (HiddenStory) 
		 10: %v_13->arel_table %v_13[3.9,] 
		 11: %v_14[3.10,] 
		 12: %v_12->project %v_15[3.11,] %v_12[3.8,] 
		 13: %v_16[3.12,] 
		 14: RETURN %v_16[3.12,] 
BB 4
	outgoing: 6 
	datadep: 
	instructions:
		 0: RETURN 
BB 6
	outgoing: 
	datadep: 
	instructions:

SET IRMethod, name = positive_ranked
BB 1
	outgoing: 3 2 
	datadep: 
	instructions:
BB 2
	outgoing: 3 
	datadep: 
	instructions:
		 0: 
		 1: 
		 2: 
		 3: 
		 4: 
		 5: 
		 6: 
		 7: (Story) 
		 8: %v_3->score_sql %v_3[2.7,] 
		 9: 
		 10: %v_5[2.9,] 
		 11: scope->where scope[2.5,] %v_6[2.10,] 
		 12: RETURN %v_7[2.11,] 
BB 3
	outgoing: 
	datadep: 
	instructions:

SET IRMethod, name = filter_tags
BB 1
	outgoing: 3 2 
	datadep: 
	instructions:
BB 2
	outgoing: 3 
	datadep: 
	instructions:
		 0: 
		 1: 
		 2: 
		 3: 
		 4: 
		 5: 
		 6: 
		 7: 
		 8: (Story) 
		 9: %v_3->arel_table %v_3[2.8,] 
		 10: %v_4[2.9,] 
		 11: (Tagging) 
		 12: %v_6->arel_table %v_6[2.11,] 
		 13: (Tagging) 
		 14: %v_8->arel_table %v_8[2.13,] 
		 15: %v_9[2.14,] 
		 16: %v_10->in tags[2.6,] %v_10[2.15,] 
		 17: %v_7->where %v_7[2.12,] %v_11[2.16,] 
		 18: (Tagging) 
		 19: %v_13->arel_table %v_13[2.18,] 
		 20: %v_14[2.19,] 
		 21: %v_12->project %v_15[2.20,] %v_12[2.17,] 
		 22: %v_5->not_in %v_16[2.21,] %v_5[2.10,] 
		 23: scope->where %v_17[2.22,] scope[2.5,] 
		 24: RETURN %v_18[2.23,] 
BB 3
	outgoing: 
	datadep: 
	instructions:

