JRUBY: Parse, file = ./app/models/tag.rb
SET IRMethod, name = to_param
BB 1
	outgoing:3 2 
	datadep:
	instructions:
BB 2
	outgoing:3 
	datadep:
	instructions:
		 0: 
		 1: 
		 2: 
		 3: 
		 4: 
		 5: 
		 6: %self->tag %self[2.0,] 
		 7: RETURN %v_3[2.6,] 
BB 3
	outgoing:
	datadep:
	instructions:

SET IRMethod, name = all_with_filtered_counts_for
BB 1
	outgoing:3 2 
	datadep:
	instructions:
BB 2
	outgoing:3 
	datadep:
	instructions:
		 0: 
		 1: 
		 2: 
		 3: 
		 4: 
		 5: 
		 6: 
		 7: (TagFilter) 
		 8: %v_3->group %v_3[2.7,] 
		 9: %v_4->count %v_4[2.8,] 
		 10: %v_5[2.9,] 
		 11: 
		 12: (Tag) 
		 13: %v_6->active %v_6[2.12,] 
		 14: %v_7->order %v_7[2.13,] 
		 15: %v_8->select %v_8[2.14,] 
		 16: %v_9->map %v_9[2.15,] 
		 17: RETURN %v_10[2.16,] 
BB 3
	outgoing:
	datadep:
	instructions:

SET IRMethod, name = all_with_story_counts_for
BB 1
	outgoing:3 2 
	datadep:
	instructions:
BB 2
	outgoing:3 
	datadep:
	instructions:
		 0: 
		 1: 
		 2: 
		 3: 
		 4: 
		 5: 
		 6: 
		 7: (Tagging) 
		 8: %v_3->group %v_3[2.7,] 
		 9: %v_4->count %v_4[2.8,] 
		 10: %v_5[2.9,] 
		 11: 
		 12: (Tag) 
		 13: %v_6->active %v_6[2.12,] 
		 14: %v_7->order %v_7[2.13,] 
		 15: %v_8->select %v_8[2.14,] 
		 16: %v_9->map %v_9[2.15,] 
		 17: RETURN %v_10[2.16,] 
BB 3
	outgoing:
	datadep:
	instructions:

SET IRMethod, name = css_class
BB 1
	outgoing:6 2 
	datadep:
	instructions:
BB 2
	outgoing:3 4 
	datadep:
	instructions:
		 0: 
		 1: 
		 2: 
		 3: 
		 4: 
		 5: 
		 6: 
		 7: %self->tag %self[2.0,] 
		 8: %v_3[2.6,] 
		 9: %self->is_media? %self[2.0,] 
		 10: %v_6[2.9,] 
BB 3
	outgoing:5 
	datadep:
	instructions:
		 0: 
		 1: 
BB 4
	outgoing:5 
	datadep:
	instructions:
		 0: 
		 1: %v_8[4.0,] 
BB 5
	outgoing:6 
	datadep:
	instructions:
		 0: 
		 1: RETURN %v_9[5.0,] 
BB 6
	outgoing:
	datadep:
	instructions:

SET IRMethod, name = valid_for?
BB 1
	outgoing:6 2 
	datadep:
	instructions:
BB 2
	outgoing:3 4 
	datadep:
	instructions:
		 0: 
		 1: 
		 2: 
		 3: 
		 4: 
		 5: 
		 6: 
		 7: %self->privileged? %self[2.0,] 
		 8: %v_3[2.7,] 
BB 3
	outgoing:6 
	datadep:
	instructions:
		 0: 
		 1: user->try 
		 2: %v_4->! %v_4[3.1,] 
		 3: %v_5->! %v_5[3.2,] 
		 4: RETURN %v_6[3.3,] 
BB 4
	outgoing:6 
	datadep:
	instructions:
		 0: 
		 1: RETURN 
BB 6
	outgoing:
	datadep:
	instructions:

SET IRMethod, name = filtered_count
BB 1
	outgoing:7 2 
	datadep:
	instructions:
BB 2
	outgoing:3 4 
	datadep:
	instructions:
		 0: 
		 1: 
		 2: 
		 3: 
		 4: 
		 5: 
		 6: %self[2.0,] 
		 7: %v_4[2.6,] 
		 8: %v_4[2.6,] 
BB 3
	outgoing:4 
	datadep:
	instructions:
		 0: 
		 1: %v_5[3.0,] 
BB 4
	outgoing:5 6 
	datadep:
	instructions:
		 0: 
BB 5
	outgoing:7 
	datadep:
	instructions:
		 0: (TagFilter) 
		 1: %self->id 
		 2: 
		 3: %v_6->where %v_8[5.2,] %v_6[5.0,] 
		 4: %v_9->count %v_9[5.3,] 
		 5: %v_10[5.4,] 
		 6: RETURN %v_10[5.4,] 
BB 6
	outgoing:7 
	datadep:
	instructions:
		 0: RETURN 
BB 7
	outgoing:
	datadep:
	instructions:

