SET IRMethod, name = votes_by_user_for_stories_hash
BB 1
	outgoing: 3 2 
	datadep: 
	instructions:
BB 2
	outgoing: 3 
	datadep: 
	instructions:
		 0: 
		 1: 
		 2: 
		 3: 
		 4: 
		 5: 
		 6: 
		 7: 
		 8: 
		 9: %v_3[2.8,] 
		 10: 
		 11: (Vote) 
		 12: 
		 13: %v_4->where %v_4[2.11,] %v_5[2.12,] 
		 14: %v_6->each %v_6[2.13,] 
		 15: 
		 16: RETURN votes[2.9,] 
BB 3
	outgoing: 
	datadep: 
	instructions:

SET IRMethod, name = comment_votes_by_user_for_story_hash
BB 1
	outgoing: 3 2 
	datadep: 
	instructions:
BB 2
	outgoing: 3 
	datadep: 
	instructions:
		 0: 
		 1: 
		 2: 
		 3: 
		 4: 
		 5: 
		 6: 
		 7: 
		 8: 
		 9: %v_3[2.8,] 
		 10: 
		 11: (Vote) 
		 12: 
		 13: %v_4->where %v_4[2.11,] %v_5[2.12,] 
		 14: 
		 15: %v_6->where %v_6[2.13,] %v_7[2.14,] 
		 16: %v_8->each %v_8[2.15,] 
		 17: 
		 18: RETURN votes[2.9,] 
BB 3
	outgoing: 
	datadep: 
	instructions:

SET IRMethod, name = story_votes_by_user_for_story_ids_hash
BB 1
	outgoing: 6 2 
	datadep: 
	instructions:
BB 2
	outgoing: 3 4 
	datadep: 
	instructions:
		 0: 
		 1: 
		 2: 
		 3: 
		 4: 
		 5: 
		 6: 
		 7: 
		 8: story_ids->empty? story_ids[2.6,] 
		 9: %v_3[2.8,] 
BB 3
	outgoing: 6 
	datadep: 
	instructions:
		 0: 
		 1: 
		 2: RETURN 
BB 4
	outgoing: 6 
	datadep: 
	instructions:
		 0: 
		 1: 
		 2: %self->where %v_5[4.1,] 
		 3: %v_6[4.2,] 
		 4: 
		 5: 
		 6: %v_6[4.2,] %v_7[4.5,] 
		 7: RETURN %v_8[4.6,] 
BB 6
	outgoing: 
	datadep: 
	instructions:

SET IRMethod, name = comment_votes_by_user_for_comment_ids_hash
BB 1
	outgoing: 6 2 
	datadep: 
	instructions:
BB 2
	outgoing: 3 4 
	datadep: 
	instructions:
		 0: 
		 1: 
		 2: 
		 3: 
		 4: 
		 5: 
		 6: 
		 7: 
		 8: comment_ids->empty? comment_ids[2.6,] 
		 9: %v_3[2.8,] 
BB 3
	outgoing: 6 
	datadep: 
	instructions:
		 0: 
		 1: 
		 2: RETURN 
BB 4
	outgoing: 6 
	datadep: 
	instructions:
		 0: 
		 1: 
		 2: %self->where %v_5[4.1,] 
		 3: %v_6[4.2,] 
		 4: 
		 5: 
		 6: %v_6[4.2,] %v_7[4.5,] 
		 7: RETURN %v_8[4.6,] 
BB 6
	outgoing: 
	datadep: 
	instructions:

SET IRMethod, name = vote_thusly_on_story_or_comment_for_user_because
BB 1
	outgoing: 10 2 
	datadep: 
	instructions:
BB 2
	outgoing: 3 4 
	datadep: 
	instructions:
		 0: 
		 1: 
		 2: 
		 3: 
		 4: 
		 5: 
		 6: 
		 7: 
		 8: 
		 9: 
		 10: 
		 11: update_counters[2.10,] 
BB 3
	outgoing: 4 
	datadep: 
	instructions:
		 0: 
BB 4
	outgoing: 5 6 
	datadep: 
	instructions:
		 0: 
		 1: (Vote) 
		 2: 
		 3: %v_3->where %v_4[4.2,] %v_3[4.1,] 
		 4: %v_5->first_or_initialize %v_5[4.3,] 
		 5: %v_6[4.4,] 
		 6: 
		 7: %v_6->new_record? %v_6[4.4,] 
		 8: %v_7->! %v_7[4.7,] 
		 9: %v_8[4.8,] 
BB 5
	outgoing: 6 
	datadep: 
	instructions:
		 0: v->vote 
		 1: %v_9[5.0,] 
		 2: %v_10[5.1,] 
BB 6
	outgoing: 7 8 
	datadep: 
	instructions:
		 0: 
BB 7
	outgoing: 10 
	datadep: 
	instructions:
		 0: 
		 1: RETURN 
BB 8
	outgoing: 10 
	datadep: 
	instructions:
		 0: 
		 1: 
		 2: 
		 3: 
		 4: 
		 5: 
		 6: (Vote) 
		 7: %v_12->transaction %v_12[8.6,] 
		 8: RETURN %v_13[8.7,] 
BB 10
	outgoing: 
	datadep: 
	instructions:

