SET IRMethod, name = create
BB 1
	outgoing: 34 2 
	datadep: 
	instructions:
BB 2
	outgoing: 3 4 
	datadep: 
	instructions:
		 0: 
		 1: 
		 2: 
		 3: 
		 4: 
		 5: 
		 6: (Story) 
		 7: %self->params %self[2.0,] 
		 8: %v_4[2.7,] 
		 9: %v_5[2.8,] 
		 10: %v_3->where %v_3[2.6,] %v_6[2.9,] 
		 11: %v_7->first %v_7[2.10,] 
		 12: %v_8[2.11,] 
		 13: %v_8[2.11,] 
		 14: %v_8->! %v_8[2.11,] 
		 15: BRANCH %v_10[2.14,] 
BB 3
	outgoing: 4 
	datadep: 2 
	instructions:
		 0: story->is_gone? story[2.12,] 
		 1: %v_11[3.0,] 
BB 4
	outgoing: 5 6 
	datadep: 3 2 
	instructions:
		 0: BRANCH %v_10[3.1,2.14,] 
BB 5
	outgoing: 34 
	datadep: 2 2 
	instructions:
		 0: 
		 1: 
		 2: %v_12[5.1,] 
		 3: %self->render %v_13[5.2,] %self[2.0,2.0,] 
		 4: RETURN %v_14[5.3,] 
BB 6
	outgoing: 8 9 
	datadep: 2 2 2 2 2 2 2 2 
	instructions:
		 0: 
		 1: 
		 2: story->comments story[2.12,2.12,] 
		 3: %v_16->build %v_16[6.2,] 
		 4: %v_17[6.3,] 
		 5: 
		 6: %self->params %self[2.0,2.0,] 
		 7: %v_18[6.6,] 
		 8: %v_19->to_s %v_19[6.7,] 
		 9: comment[6.4,] %v_20[6.8,] 
		 10: 
		 11: %self[2.0,2.0,] 
		 12: comment[6.4,6.9,] %v_21[6.11,] 
		 13: 
		 14: %self->params %self[2.0,2.0,] 
		 15: %v_22[6.14,] 
		 16: BRANCH %v_23[6.15,] 
BB 8
	outgoing: 9 
	datadep: 2 2 2 2 
	instructions:
		 0: %self[2.0,2.0,] @user[6.11 ] 
		 1: %v_24->hats %v_24[8.0,] 
		 2: %self->params %self[2.0,2.0,] 
		 3: %v_26[8.2,] 
		 4: %v_27[8.3,] 
		 5: %v_25->where %v_25[8.1,] %v_28[8.4,] 
		 6: %v_29[8.5,] 
BB 9
	outgoing: 10 11 
	datadep: 8 6 
	instructions:
		 0: BRANCH %v_23[8.6,6.15,] 
BB 10
	outgoing: 12 
	datadep: 2 2 2 2 6 6 6 6 6 6 
	instructions:
		 0: 
		 1: %self->params %self[2.0,2.0,2.0,2.0,] 
		 2: %v_30[10.1,] 
		 3: comment[6.4,6.9,6.12,6.4,6.9,6.12,] %v_31[10.2,] 
		 4: 
BB 11
	outgoing: 12 
	datadep: 
	instructions:
		 0: 
BB 12
	outgoing: 13 17 
	datadep: 2 2 2 2 2 2 
	instructions:
		 0: 
		 1: %self->params %self[2.0,2.0,2.0,2.0,2.0,2.0,] 
		 2: %v_32[12.1,] 
		 3: %v_33->present? %v_33[12.2,] 
		 4: BRANCH %v_34[12.3,] 
BB 13
	outgoing: 14 15 
	datadep: 2 2 2 2 2 2 2 2 2 2 2 2 
	instructions:
		 0: 
		 1: (Comment) 
		 2: story->id story[2.12,2.12,2.12,2.12,2.12,2.12,] 
		 3: %self->params %self[2.0,2.0,2.0,2.0,2.0,2.0,] 
		 4: %v_37[13.3,] 
		 5: %v_36[13.2,] %v_38[13.4,] 
		 6: %v_35->where %v_35[13.1,] %v_39[13.5,] 
		 7: %v_40->first %v_40[13.6,] 
		 8: %v_41[13.7,] 
		 9: BRANCH %v_41[13.7,] 
BB 14
	outgoing: 18 
	datadep: 10 6 6 6 6 6 6 13 13 
	instructions:
		 0: 
		 1: comment[10.3,6.4,6.9,6.12,6.4,6.9,6.12,] pc[13.8,] 
		 2: pc[13.8,] 
		 3: 
BB 15
	outgoing: 34 
	datadep: 2 2 2 2 2 2 
	instructions:
		 0: 
		 1: 
		 2: %v_43[15.1,] 
		 3: %v_44[15.2,] 
		 4: %self->render %self[2.0,2.0,2.0,2.0,2.0,2.0,] %v_45[15.3,] 
		 5: RETURN %v_46[15.4,] 
BB 17
	outgoing: 18 
	datadep: 
	instructions:
		 0: 
BB 18
	outgoing: 19 20 
	datadep: 2 2 2 2 2 2 
	instructions:
		 0: 
		 1: %self->params %self[2.0,2.0,2.0,2.0,2.0,2.0,] 
		 2: %v_47[18.1,] 
		 3: %v_48->blank? %v_48[18.2,] 
		 4: BRANCH %v_49[18.3,] 
BB 19
	outgoing: 20 
	datadep: 2 2 2 2 2 2 2 2 2 2 2 2 14 10 6 6 6 6 6 6 
	instructions:
		 0: 
		 1: (Comment) 
		 2: story->id story[2.12,2.12,2.12,2.12,2.12,2.12,] 
		 3: %self[2.0,2.0,2.0,2.0,2.0,2.0,] @user[8.0 6.11 8.0 6.11 ] 
		 4: %v_52->id %v_52[19.3,] 
		 5: comment->parent_comment_id comment[14.1,10.3,6.4,6.9,6.12,6.4,6.9,6.12,] 
		 6: %v_51[19.2,] %v_53[19.4,] %v_54[19.5,] 
		 7: %v_50->where %v_50[19.1,] %v_55[19.6,] 
		 8: %v_56->first %v_56[19.7,] 
		 9: %v_57[19.8,] 
		 10: %v_57[19.8,] 
BB 20
	outgoing: 21 25 
	datadep: 19 18 
	instructions:
		 0: BRANCH %v_49[19.10,18.3,] 
BB 21
	outgoing: 22 23 
	datadep: 19 13 
	instructions:
		 0: 
		 1: (Time) 
		 2: %v_58->now %v_58[21.1,] 
		 3: pc->created_at pc[19.9,13.8,] 
		 4: %v_59[21.2,] %v_60[21.3,] 
		 5: 
		 6: %v_61[21.4,] %v_62[21.5,] 
		 7: BRANCH %v_63[21.6,] 
BB 22
	outgoing: 34 
	datadep: 14 14 10 10 6 6 6 6 6 6 6 6 6 6 6 6 14 14 10 10 6 6 6 6 6 6 6 6 6 6 6 6 2 2 2 2 2 2 2 2 2 2 
	instructions:
		 0: 
		 1: comment->errors comment[14.1,14.1,10.3,10.3,6.4,6.9,6.12,6.4,6.9,6.12,6.4,6.9,6.12,6.4,6.9,6.12,] 
		 2: 
		 3: 
		 4: %v_65[22.2,] %v_66[22.3,] 
		 5: %v_64->add %v_64[22.1,] %v_67[22.4,] 
		 6: 
		 7: 
		 8: 
		 9: comment[14.1,14.1,10.3,10.3,6.4,6.9,6.12,6.4,6.9,6.12,6.4,6.9,6.12,6.4,6.9,6.12,] 
		 10: %v_69[22.7,] %v_70[22.8,] %v_71[22.9,] 
		 11: %self->render %self[2.0,2.0,2.0,2.0,2.0,2.0,2.0,2.0,2.0,2.0,] %v_72[22.10,] 
		 12: RETURN %v_73[22.11,] 
BB 23
	outgoing: 26 
	datadep: 
	instructions:
		 0: 
		 1: 
BB 25
	outgoing: 26 
	datadep: 
	instructions:
		 0: 
BB 26
	outgoing: 27 28 
	datadep: 14 14 10 10 6 6 6 6 6 6 6 6 6 6 6 6 
	instructions:
		 0: 
		 1: comment->valid? comment[14.1,14.1,10.3,10.3,6.4,6.9,6.12,6.4,6.9,6.12,6.4,6.9,6.12,6.4,6.9,6.12,] 
		 2: BRANCH %v_75[26.1,] 
BB 27
	outgoing: 28 
	datadep: 2 2 2 2 2 2 2 2 2 2 
	instructions:
		 0: %self->params %self[2.0,2.0,2.0,2.0,2.0,2.0,2.0,2.0,2.0,2.0,] 
		 1: %v_76[27.0,] 
		 2: %v_77->blank? %v_77[27.1,] 
		 3: %v_78[27.2,] 
BB 28
	outgoing: 29 30 
	datadep: 27 26 
	instructions:
		 0: BRANCH %v_75[27.3,26.1,] 
BB 29
	outgoing: 30 
	datadep: 14 14 14 10 10 10 6 6 6 6 6 6 6 6 6 6 6 6 6 6 6 6 6 6 
	instructions:
		 0: comment->save comment[14.1,14.1,14.1,10.3,10.3,10.3,6.4,6.9,6.12,6.4,6.9,6.12,6.4,6.9,6.12,6.4,6.9,6.12,6.4,6.9,6.12,6.4,6.9,6.12,] 
		 1: %v_79[29.0,] 
BB 30
	outgoing: 31 32 
	datadep: 29 27 26 
	instructions:
		 0: BRANCH %v_75[29.1,27.3,26.1,] 
BB 31
	outgoing: 34 
	datadep: 14 14 14 14 10 10 10 10 6 6 6 6 6 6 6 6 6 6 6 6 6 6 6 6 6 6 6 6 6 6 6 6 2 2 2 2 2 2 2 2 2 2 2 2 2 2 2 2 2 2 
	instructions:
		 0: 
		 1: 
		 2: comment[14.1,14.1,14.1,14.1,10.3,10.3,10.3,10.3,6.4,6.9,6.12,6.4,6.9,6.12,6.4,6.9,6.12,6.4,6.9,6.12,6.4,6.9,6.12,6.4,6.9,6.12,6.4,6.9,6.12,6.4,6.9,6.12,] %v_80[31.1,] 
		 3: 
		 4: 
		 5: 
		 6: comment[31.2,] 
		 7: %v_81[31.4,] %v_82[31.5,] %v_83[31.6,] 
		 8: %self->render %self[2.0,2.0,2.0,2.0,2.0,2.0,2.0,2.0,2.0,2.0,2.0,2.0,2.0,2.0,2.0,2.0,2.0,2.0,] %v_84[31.7,] 
		 9: RETURN %v_85[31.8,] 
BB 32
	outgoing: 34 
	datadep: 14 14 14 14 10 10 10 10 6 6 6 6 6 6 6 6 6 6 6 6 6 6 6 6 6 6 6 6 6 6 6 6 2 2 2 2 2 2 2 2 2 2 2 2 2 2 2 2 2 2 
	instructions:
		 0: 
		 1: comment[14.1,14.1,14.1,14.1,10.3,10.3,10.3,10.3,6.4,6.9,6.12,6.4,6.9,6.12,6.4,6.9,6.12,6.4,6.9,6.12,6.4,6.9,6.12,6.4,6.9,6.12,6.4,6.9,6.12,6.4,6.9,6.12,] 
		 2: 
		 3: 
		 4: comment[32.1,] %v_86[32.3,] 
		 5: 
		 6: %self->preview %self[2.0,2.0,2.0,2.0,2.0,2.0,2.0,2.0,2.0,2.0,2.0,2.0,2.0,2.0,2.0,2.0,2.0,2.0,] comment[32.1,32.4,] 
		 7: RETURN %v_87[32.6,] 
BB 34
	outgoing: 
	datadep: 
	instructions:

SET IRMethod, name = show
BB 1
	outgoing: 8 2 
	datadep: 
	instructions:
BB 2
	outgoing: 3 4 
	datadep: 
	instructions:
		 0: 
		 1: 
		 2: 
		 3: 
		 4: 
		 5: 
		 6: %self->find_comment %self[2.0,] 
		 7: %v_3[2.6,] 
		 8: BRANCH %v_3[2.6,] 
BB 3
	outgoing: 4 
	datadep: 2 2 
	instructions:
		 0: %self[2.0,] 
		 1: comment->is_editable_by_user? %v_4[3.0,] comment[2.7,] 
		 2: %v_5[3.1,] 
BB 4
	outgoing: 5 6 
	datadep: 3 2 3 2 
	instructions:
		 0: %v_3[3.2,2.6,] 
		 1: %v_3->! %v_3[3.2,2.6,] 
		 2: BRANCH %v_7[4.1,] 
BB 5
	outgoing: 8 
	datadep: 2 2 
	instructions:
		 0: 
		 1: 
		 2: %v_8[5.1,] 
		 3: %self->render %self[2.0,2.0,] %v_9[5.2,] 
		 4: RETURN %v_10[5.3,] 
BB 6
	outgoing: 8 
	datadep: 2 2 2 2 
	instructions:
		 0: 
		 1: 
		 2: 
		 3: 
		 4: comment[2.7,2.7,] 
		 5: %v_13[6.3,] %v_14[6.4,] %v_12[6.2,] 
		 6: %self->render %self[2.0,2.0,] %v_15[6.5,] 
		 7: RETURN %v_16[6.6,] 
BB 8
	outgoing: 
	datadep: 
	instructions:

SET IRMethod, name = show_short_id
BB 1
	outgoing: 6 2 
	datadep: 
	instructions:
BB 2
	outgoing: 3 4 
	datadep: 
	instructions:
		 0: 
		 1: 
		 2: 
		 3: 
		 4: 
		 5: 
		 6: %self->find_comment %self[2.0,] 
		 7: %v_3[2.6,] 
		 8: %v_3[2.6,] 
		 9: %v_3->! %v_3[2.6,] 
		 10: BRANCH %v_5[2.9,] 
BB 3
	outgoing: 6 
	datadep: 2 
	instructions:
		 0: 
		 1: 
		 2: %v_6[3.1,] 
		 3: %self->render %self[2.0,] %v_7[3.2,] 
		 4: RETURN %v_8[3.3,] 
BB 4
	outgoing: 6 
	datadep: 2 2 
	instructions:
		 0: 
		 1: 
		 2: comment->as_json comment[2.7,] 
		 3: %v_10[4.2,] 
		 4: %self->render %self[2.0,] %v_11[4.3,] 
		 5: RETURN %v_12[4.4,] 
BB 6
	outgoing: 
	datadep: 
	instructions:

SET IRMethod, name = redirect_from_short_id
BB 1
	outgoing: 6 2 
	datadep: 
	instructions:
BB 2
	outgoing: 3 4 
	datadep: 
	instructions:
		 0: 
		 1: 
		 2: 
		 3: 
		 4: 
		 5: 
		 6: %self->find_comment %self[2.0,] 
		 7: %v_3[2.6,] 
		 8: BRANCH %v_3[2.6,] 
BB 3
	outgoing: 6 
	datadep: 2 2 
	instructions:
		 0: 
		 1: comment->url comment[2.7,] 
		 2: %self->redirect_to %self[2.0,] %v_4[3.1,] 
		 3: RETURN %v_5[3.2,] 
BB 4
	outgoing: 6 
	datadep: 2 
	instructions:
		 0: 
		 1: 
		 2: %v_7[4.1,] 
		 3: %self->render %self[2.0,] %v_8[4.2,] 
		 4: RETURN %v_9[4.3,] 
BB 6
	outgoing: 
	datadep: 
	instructions:

SET IRMethod, name = edit
BB 1
	outgoing: 8 2 
	datadep: 
	instructions:
BB 2
	outgoing: 3 4 
	datadep: 
	instructions:
		 0: 
		 1: 
		 2: 
		 3: 
		 4: 
		 5: 
		 6: %self->find_comment %self[2.0,] 
		 7: %v_3[2.6,] 
		 8: BRANCH %v_3[2.6,] 
BB 3
	outgoing: 4 
	datadep: 2 2 
	instructions:
		 0: %self[2.0,] 
		 1: comment->is_editable_by_user? %v_4[3.0,] comment[2.7,] 
		 2: %v_5[3.1,] 
BB 4
	outgoing: 5 6 
	datadep: 3 2 3 2 
	instructions:
		 0: %v_3[3.2,2.6,] 
		 1: %v_3->! %v_3[3.2,2.6,] 
		 2: BRANCH %v_7[4.1,] 
BB 5
	outgoing: 8 
	datadep: 2 2 
	instructions:
		 0: 
		 1: 
		 2: %v_8[5.1,] 
		 3: %self->render %self[2.0,2.0,] %v_9[5.2,] 
		 4: RETURN %v_10[5.3,] 
BB 6
	outgoing: 8 
	datadep: 2 2 2 2 
	instructions:
		 0: 
		 1: 
		 2: 
		 3: 
		 4: comment[2.7,2.7,] 
		 5: %v_13[6.3,] %v_14[6.4,] %v_12[6.2,] 
		 6: %self->render %self[2.0,2.0,] %v_15[6.5,] 
		 7: RETURN %v_16[6.6,] 
BB 8
	outgoing: 
	datadep: 
	instructions:

SET IRMethod, name = reply
BB 1
	outgoing: 6 2 
	datadep: 
	instructions:
BB 2
	outgoing: 3 4 
	datadep: 
	instructions:
		 0: 
		 1: 
		 2: 
		 3: 
		 4: 
		 5: 
		 6: %self->find_comment %self[2.0,] 
		 7: %v_3[2.6,] 
		 8: %v_3[2.6,] 
		 9: %v_3->! %v_3[2.6,] 
		 10: BRANCH %v_5[2.9,] 
BB 3
	outgoing: 6 
	datadep: 2 
	instructions:
		 0: 
		 1: 
		 2: %v_6[3.1,] 
		 3: %self->render %self[2.0,] %v_7[3.2,] 
		 4: RETURN %v_8[3.3,] 
BB 4
	outgoing: 6 
	datadep: 2 2 2 
	instructions:
		 0: 
		 1: 
		 2: (Comment) 
		 3: %v_10->new %v_10[4.2,] 
		 4: %v_11[4.3,] 
		 5: 
		 6: parent_comment->story parent_comment[2.7,] 
		 7: comment[4.4,] %v_12[4.6,] 
		 8: 
		 9: parent_comment[2.7,] comment[4.4,4.7,] 
		 10: 
		 11: 
		 12: 
		 13: comment[4.4,4.7,4.9,] 
		 14: %v_13[4.11,] %v_14[4.12,] %v_15[4.13,] 
		 15: %self->render %self[2.0,] %v_16[4.14,] 
		 16: RETURN %v_17[4.15,] 
BB 6
	outgoing: 
	datadep: 
	instructions:

SET IRMethod, name = delete
BB 1
	outgoing: 8 2 
	datadep: 
	instructions:
BB 2
	outgoing: 3 4 
	datadep: 
	instructions:
		 0: 
		 1: 
		 2: 
		 3: 
		 4: 
		 5: 
		 6: %self->find_comment %self[2.0,] 
		 7: %v_3[2.6,] 
		 8: BRANCH %v_3[2.6,] 
BB 3
	outgoing: 4 
	datadep: 2 2 
	instructions:
		 0: %self[2.0,] 
		 1: comment->is_deletable_by_user? %v_4[3.0,] comment[2.7,] 
		 2: %v_5[3.1,] 
BB 4
	outgoing: 5 6 
	datadep: 3 2 3 2 
	instructions:
		 0: %v_3[3.2,2.6,] 
		 1: %v_3->! %v_3[3.2,2.6,] 
		 2: BRANCH %v_7[4.1,] 
BB 5
	outgoing: 8 
	datadep: 2 2 
	instructions:
		 0: 
		 1: 
		 2: %v_8[5.1,] 
		 3: %self->render %self[2.0,2.0,] %v_9[5.2,] 
		 4: RETURN %v_10[5.3,] 
BB 6
	outgoing: 8 
	datadep: 2 2 2 2 2 2 2 2 
	instructions:
		 0: 
		 1: 
		 2: %self[2.0,2.0,] @user[3.0 ] 
		 3: comment->delete_for_user comment[2.7,2.7,] %v_12[6.2,] 
		 4: 
		 5: 
		 6: 
		 7: comment[2.7,2.7,] 
		 8: %v_14[6.5,] %v_15[6.6,] %v_16[6.7,] 
		 9: %self->render %self[2.0,2.0,] %v_17[6.8,] 
		 10: RETURN %v_18[6.9,] 
BB 8
	outgoing: 
	datadep: 
	instructions:

SET IRMethod, name = undelete
BB 1
	outgoing: 8 2 
	datadep: 
	instructions:
BB 2
	outgoing: 3 4 
	datadep: 
	instructions:
		 0: 
		 1: 
		 2: 
		 3: 
		 4: 
		 5: 
		 6: %self->find_comment %self[2.0,] 
		 7: %v_3[2.6,] 
		 8: BRANCH %v_3[2.6,] 
BB 3
	outgoing: 4 
	datadep: 2 2 
	instructions:
		 0: %self[2.0,] 
		 1: comment->is_undeletable_by_user? %v_4[3.0,] comment[2.7,] 
		 2: %v_5[3.1,] 
BB 4
	outgoing: 5 6 
	datadep: 3 2 3 2 
	instructions:
		 0: %v_3[3.2,2.6,] 
		 1: %v_3->! %v_3[3.2,2.6,] 
		 2: BRANCH %v_7[4.1,] 
BB 5
	outgoing: 8 
	datadep: 2 2 
	instructions:
		 0: 
		 1: 
		 2: %v_8[5.1,] 
		 3: %self->render %self[2.0,2.0,] %v_9[5.2,] 
		 4: RETURN %v_10[5.3,] 
BB 6
	outgoing: 8 
	datadep: 2 2 2 2 2 2 2 2 
	instructions:
		 0: 
		 1: 
		 2: %self[2.0,2.0,] @user[3.0 ] 
		 3: comment->undelete_for_user comment[2.7,2.7,] %v_12[6.2,] 
		 4: 
		 5: 
		 6: 
		 7: comment[2.7,2.7,] 
		 8: %v_14[6.5,] %v_15[6.6,] %v_16[6.7,] 
		 9: %self->render %self[2.0,2.0,] %v_17[6.8,] 
		 10: RETURN %v_18[6.9,] 
BB 8
	outgoing: 
	datadep: 
	instructions:

SET IRMethod, name = update
BB 1
	outgoing: 18 2 
	datadep: 
	instructions:
BB 2
	outgoing: 3 4 
	datadep: 
	instructions:
		 0: 
		 1: 
		 2: 
		 3: 
		 4: 
		 5: 
		 6: %self->find_comment %self[2.0,] 
		 7: %v_3[2.6,] 
		 8: BRANCH %v_3[2.6,] 
BB 3
	outgoing: 4 
	datadep: 2 2 
	instructions:
		 0: %self[2.0,] 
		 1: comment->is_editable_by_user? %v_4[3.0,] comment[2.7,] 
		 2: %v_5[3.1,] 
BB 4
	outgoing: 5 6 
	datadep: 3 2 3 2 
	instructions:
		 0: %v_3[3.2,2.6,] 
		 1: %v_3->! %v_3[3.2,2.6,] 
		 2: BRANCH %v_7[4.1,] 
BB 5
	outgoing: 18 
	datadep: 2 2 
	instructions:
		 0: 
		 1: 
		 2: %v_8[5.1,] 
		 3: %self->render %self[2.0,2.0,] %v_9[5.2,] 
		 4: RETURN %v_10[5.3,] 
BB 6
	outgoing: 8 9 
	datadep: 2 2 2 2 2 2 
	instructions:
		 0: 
		 1: 
		 2: %self->params %self[2.0,2.0,] 
		 3: %v_12[6.2,] 
		 4: %v_13[6.3,] comment[2.7,2.7,] 
		 5: 
		 6: comment[6.4,] 
		 7: 
		 8: %self->params %self[2.0,2.0,] 
		 9: %v_14[6.8,] 
		 10: BRANCH %v_15[6.9,] 
BB 8
	outgoing: 9 
	datadep: 2 2 2 2 
	instructions:
		 0: %self[2.0,2.0,] @user[3.0 ] 
		 1: %v_16->hats %v_16[8.0,] 
		 2: %self->params %self[2.0,2.0,] 
		 3: %v_18[8.2,] 
		 4: %v_19[8.3,] 
		 5: %v_17->where %v_17[8.1,] %v_20[8.4,] 
		 6: %v_21[8.5,] 
BB 9
	outgoing: 10 11 
	datadep: 8 6 
	instructions:
		 0: BRANCH %v_15[8.6,6.9,] 
BB 10
	outgoing: 12 
	datadep: 2 2 2 2 6 6 6 6 
	instructions:
		 0: 
		 1: %self->params %self[2.0,2.0,2.0,2.0,] 
		 2: %v_22[10.1,] 
		 3: comment[6.4,6.6,6.4,6.6,] %v_23[10.2,] 
		 4: 
BB 11
	outgoing: 12 
	datadep: 
	instructions:
		 0: 
BB 12
	outgoing: 13 14 
	datadep: 2 2 2 2 2 2 
	instructions:
		 0: 
		 1: %self->params %self[2.0,2.0,2.0,2.0,2.0,2.0,] 
		 2: %v_24[12.1,] 
		 3: %v_25->blank? %v_25[12.2,] 
		 4: BRANCH %v_26[12.3,] 
BB 13
	outgoing: 14 
	datadep: 10 6 6 6 6 
	instructions:
		 0: comment->save comment[10.3,6.4,6.6,6.4,6.6,] 
		 1: %v_27[13.0,] 
BB 14
	outgoing: 15 16 
	datadep: 13 12 
	instructions:
		 0: BRANCH %v_26[13.1,12.3,] 
BB 15
	outgoing: 18 
	datadep: 2 2 2 2 2 2 2 2 2 2 10 10 6 6 6 6 6 6 6 6 10 10 6 6 6 6 6 6 6 6 10 10 6 6 6 6 6 6 6 6 2 2 2 2 2 2 2 2 2 2 
	instructions:
		 0: 
		 1: (Vote) 
		 2: %self[2.0,2.0,2.0,2.0,2.0,2.0,2.0,2.0,2.0,2.0,] @user[8.0 8.0 8.0 8.0 3.0 3.0 3.0 3.0 ] 
		 3: %v_29->id %v_29[15.2,] 
		 4: comment->id comment[10.3,10.3,6.4,6.6,6.4,6.6,6.4,6.6,6.4,6.6,] 
		 5: %v_31[15.4,] 
		 6: %v_28->comment_votes_by_user_for_comment_ids_hash %v_28[15.1,] %v_30[15.3,] %v_32[15.5,] 
		 7: %v_33[15.6,] 
		 8: 
		 9: comment->id comment[10.3,10.3,6.4,6.6,6.4,6.6,6.4,6.6,6.4,6.6,] 
		 10: votes[15.7,] %v_34[15.9,] 
		 11: %v_35[15.10,] comment[10.3,10.3,6.4,6.6,6.4,6.6,6.4,6.6,6.4,6.6,] 
		 12: 
		 13: 
		 14: 
		 15: comment[15.11,] 
		 16: %v_36[15.13,] %v_37[15.14,] %v_38[15.15,] 
		 17: %self->render %self[2.0,2.0,2.0,2.0,2.0,2.0,2.0,2.0,2.0,2.0,] %v_39[15.16,] 
		 18: RETURN %v_40[15.17,] 
BB 16
	outgoing: 18 
	datadep: 10 10 6 6 6 6 6 6 6 6 2 2 2 2 2 2 2 2 2 2 
	instructions:
		 0: 
		 1: 
		 2: comment[10.3,10.3,6.4,6.6,6.4,6.6,6.4,6.6,6.4,6.6,] %v_41[16.1,] 
		 3: 
		 4: %self->preview %self[2.0,2.0,2.0,2.0,2.0,2.0,2.0,2.0,2.0,2.0,] comment[16.2,] 
		 5: RETURN %v_42[16.4,] 
BB 18
	outgoing: 
	datadep: 
	instructions:

SET IRMethod, name = unvote
BB 1
	outgoing: 6 2 
	datadep: 
	instructions:
BB 2
	outgoing: 3 4 
	datadep: 
	instructions:
		 0: 
		 1: 
		 2: 
		 3: 
		 4: 
		 5: 
		 6: %self->find_comment %self[2.0,] 
		 7: %v_3[2.6,] 
		 8: %v_3[2.6,] 
		 9: %v_3->! %v_3[2.6,] 
		 10: BRANCH %v_5[2.9,] 
BB 3
	outgoing: 6 
	datadep: 2 
	instructions:
		 0: 
		 1: 
		 2: %v_6[3.1,] 
		 3: %self->render %self[2.0,] %v_7[3.2,] 
		 4: RETURN %v_8[3.3,] 
BB 4
	outgoing: 6 
	datadep: 2 2 2 2 
	instructions:
		 0: 
		 1: 
		 2: (Vote) 
		 3: comment->story_id comment[2.7,] 
		 4: comment->id comment[2.7,] 
		 5: %self[2.0,] 
		 6: %v_13->id %v_13[4.5,] 
		 7: %v_10->vote_thusly_on_story_or_comment_for_user_because %v_14[4.6,] %v_10[4.2,] %v_11[4.3,] %v_12[4.4,] 
		 8: 
		 9: 
		 10: %v_16[4.9,] 
		 11: %self->render %self[2.0,] %v_17[4.10,] 
		 12: RETURN %v_18[4.11,] 
BB 6
	outgoing: 
	datadep: 
	instructions:

SET IRMethod, name = upvote
BB 1
	outgoing: 6 2 
	datadep: 
	instructions:
BB 2
	outgoing: 3 4 
	datadep: 
	instructions:
		 0: 
		 1: 
		 2: 
		 3: 
		 4: 
		 5: 
		 6: %self->find_comment %self[2.0,] 
		 7: %v_3[2.6,] 
		 8: %v_3[2.6,] 
		 9: %v_3->! %v_3[2.6,] 
		 10: BRANCH %v_5[2.9,] 
BB 3
	outgoing: 6 
	datadep: 2 
	instructions:
		 0: 
		 1: 
		 2: %v_6[3.1,] 
		 3: %self->render %self[2.0,] %v_7[3.2,] 
		 4: RETURN %v_8[3.3,] 
BB 4
	outgoing: 6 
	datadep: 2 2 2 2 2 
	instructions:
		 0: 
		 1: 
		 2: (Vote) 
		 3: comment->story_id comment[2.7,] 
		 4: comment->id comment[2.7,] 
		 5: %self[2.0,] 
		 6: %v_13->id %v_13[4.5,] 
		 7: %self->params %self[2.0,] 
		 8: %v_15[4.7,] 
		 9: %v_10->vote_thusly_on_story_or_comment_for_user_because %v_14[4.6,] %v_16[4.8,] %v_10[4.2,] %v_11[4.3,] %v_12[4.4,] 
		 10: 
		 11: 
		 12: %v_18[4.11,] 
		 13: %self->render %self[2.0,] %v_19[4.12,] 
		 14: RETURN %v_20[4.13,] 
BB 6
	outgoing: 
	datadep: 
	instructions:

SET IRMethod, name = downvote
BB 1
	outgoing: 14 2 
	datadep: 
	instructions:
BB 2
	outgoing: 3 4 
	datadep: 
	instructions:
		 0: 
		 1: 
		 2: 
		 3: 
		 4: 
		 5: 
		 6: %self->find_comment %self[2.0,] 
		 7: %v_3[2.6,] 
		 8: %v_3[2.6,] 
		 9: %v_3->! %v_3[2.6,] 
		 10: BRANCH %v_5[2.9,] 
BB 3
	outgoing: 14 
	datadep: 2 
	instructions:
		 0: 
		 1: 
		 2: %v_6[3.1,] 
		 3: %self->render %self[2.0,] %v_7[3.2,] 
		 4: RETURN %v_8[3.3,] 
BB 4
	outgoing: 6 7 
	datadep: 
	instructions:
		 0: 
		 1: 
		 2: (Vote) 
		 3: %v_10[4.2,] 
		 4: %v_11[4.3,] 
BB 6
	outgoing: 7 
	datadep: 4 
	instructions:
		 0: %v_10[4.2,] 
BB 7
	outgoing: 8 9 
	datadep: 2 2 6 4 
	instructions:
		 0: %self->params %self[2.0,2.0,] 
		 1: %v_12[7.0,] 
		 2: %v_13[7.1,] %v_11[6.0,4.3,] 
		 3: %v_14->! %v_14[7.2,] 
		 4: BRANCH %v_15[7.3,] 
BB 8
	outgoing: 14 
	datadep: 2 2 
	instructions:
		 0: 
		 1: 
		 2: %v_16[8.1,] 
		 3: %self->render %self[2.0,2.0,] %v_17[8.2,] 
		 4: RETURN %v_18[8.3,] 
BB 9
	outgoing: 11 12 
	datadep: 2 2 2 2 
	instructions:
		 0: 
		 1: 
		 2: %self[2.0,2.0,] 
		 3: %v_20->can_downvote? comment[2.7,2.7,] %v_20[9.2,] 
		 4: %v_21->! %v_21[9.3,] 
		 5: BRANCH %v_22[9.4,] 
BB 11
	outgoing: 14 
	datadep: 2 2 
	instructions:
		 0: 
		 1: 
		 2: %v_23[11.1,] 
		 3: %self->render %v_24[11.2,] %self[2.0,2.0,] 
		 4: RETURN %v_25[11.3,] 
BB 12
	outgoing: 14 
	datadep: 2 2 2 2 2 2 2 2 2 2 
	instructions:
		 0: 
		 1: 
		 2: (Vote) 
		 3: comment->story_id comment[2.7,2.7,] 
		 4: comment->id comment[2.7,2.7,] 
		 5: %self[2.0,2.0,] @user[9.2 ] 
		 6: %v_30->id %v_30[12.5,] 
		 7: %self->params %self[2.0,2.0,] 
		 8: %v_32[12.7,] 
		 9: %v_27->vote_thusly_on_story_or_comment_for_user_because %v_27[12.2,] %v_28[12.3,] %v_29[12.4,] %v_31[12.6,] %v_33[12.8,] 
		 10: 
		 11: 
		 12: %v_35[12.11,] 
		 13: %self->render %v_36[12.12,] %self[2.0,2.0,] 
		 14: RETURN %v_37[12.13,] 
BB 14
	outgoing: 
	datadep: 
	instructions:

SET IRMethod, name = index
BB 1
	outgoing: 16 2 
	datadep: 
	instructions:
BB 2
	outgoing: 3 4 
	datadep: 
	instructions:
		 0: 
		 1: 
		 2: 
		 3: 
		 4: 
		 5: 
		 6: %self[2.0,] 
		 7: %v_4[2.6,] 
		 8: %v_4[2.6,] 
BB 3
	outgoing: 4 
	datadep: 2 
	instructions:
		 0: %self[2.0,] 
		 1: %v_5[3.0,] 
BB 4
	outgoing: 5 9 
	datadep: 3 2 
	instructions:
		 0: BRANCH %v_3[3.1,2.7,] 
BB 5
	outgoing: 6 7 
	datadep: 2 2 
	instructions:
		 0: 
		 1: 
		 2: 
		 3: %self[2.0,2.0,] 
		 4: BRANCH %v_8[5.3,] 
BB 6
	outgoing: 8 
	datadep: 2 2 
	instructions:
		 0: 
		 1: %self[2.0,2.0,] @user[5.3 ] 
		 2: %v_10->rss_token %v_10[6.1,] 
		 3: %v_9[6.0,] %v_11[6.2,] 
		 4: 
BB 7
	outgoing: 8 
	datadep: 
	instructions:
		 0: 
		 1: %v_13[7.0,] 
BB 8
	outgoing: 9 
	datadep: 5 5 7 6 5 5 2 2 2 2 
	instructions:
		 0: %v_7[5.1,5.1,] %v_12[7.1,6.3,] 
		 1: %v_14[8.0,] %v_6[5.0,5.0,] 
		 2: %self[2.0,2.0,2.0,2.0,] %v_15[8.1,] @rss_link[3.0 3.0 ] 
		 3: %v_15[8.1,] 
BB 9
	outgoing: 10 11 
	datadep: 2 2 2 2 2 2 2 2 2 2 
	instructions:
		 0: 
		 1: 
		 2: %self[2.0,2.0,] %v_16[9.1,] 
		 3: %self[2.0,2.0,] %v_16[9.1,] 
		 4: 
		 5: 
		 6: %self[2.0,2.0,] %v_17[9.5,] 
		 7: 
		 8: %self[2.0,2.0,] 
		 9: 
		 10: %self->params %self[2.0,2.0,] 
		 11: %v_18[9.10,] 
		 12: %v_19->to_i %v_19[9.11,] 
		 13: %v_20[9.12,] 
		 14: BRANCH %v_21[9.13,] 
BB 10
	outgoing: 12 
	datadep: 2 2 2 2 
	instructions:
		 0: 
		 1: %self->params %self[2.0,2.0,] 
		 2: %v_22[10.1,] 
		 3: %v_23->to_i %v_23[10.2,] 
		 4: %v_24[10.3,] %self[2.0,2.0,] @page[9.8 ] 
		 5: 
BB 11
	outgoing: 12 
	datadep: 
	instructions:
		 0: 
BB 12
	outgoing: 13 14 
	datadep: 2 2 2 2 2 2 2 2 2 2 2 2 
	instructions:
		 0: 
		 1: (Comment) 
		 2: 
		 3: %v_25->where %v_25[12.1,] %v_26[12.2,] 
		 4: 
		 5: %v_27->order %v_27[12.3,] %v_28[12.4,] 
		 6: 
		 7: %self[2.0,2.0,2.0,2.0,] @page[10.4 9.8 ] 
		 8: %v_30[12.7,] 
		 9: (COMMENTS_PER_PAGE) 
		 10: %v_31[12.8,] %v_32[12.9,] 
		 11: %v_29->offset %v_29[12.5,] %v_33[12.10,] 
		 12: (COMMENTS_PER_PAGE) 
		 13: %v_34->limit %v_35[12.12,] %v_34[12.11,] 
		 14: %v_36->includes %v_36[12.13,] 
		 15: %self[2.0,2.0,2.0,2.0,] %v_37[12.14,] 
		 16: 
		 17: 
		 18: %self[2.0,2.0,2.0,2.0,] @user[6.1 6.1 5.3 5.3 ] 
		 19: BRANCH %v_38[12.18,] 
BB 13
	outgoing: 15 
	datadep: 2 2 2 2 2 2 2 2 2 2 2 2 2 2 2 2 2 2 2 2 
	instructions:
		 0: %self[2.0,2.0,2.0,2.0,] @comments[12.15 ] 
		 1: 
		 2: 
		 3: %v_40[13.1,] %v_41[13.2,] 
		 4: %self[2.0,2.0,2.0,2.0,] @user[12.18 ] 
		 5: %v_43->id %v_43[13.4,] 
		 6: %v_39->where %v_39[13.0,] %v_42[13.3,] %v_44[13.5,] 
		 7: @comments[13.0 ] 
		 8: 
		 9: (Vote) 
		 10: @user[13.4 ] 
		 11: %v_47->id %v_47[13.10,] 
		 12: @comments[13.0 13.7 ] 
		 13: %v_49->map %self[2.0,2.0,2.0,2.0,] %v_49[13.12,] 
CLOSURE BEGIN
BB 1
	outgoing: 6 2 
	datadep: 
	instructions:
BB 2
	outgoing: 3 
	datadep: 
	instructions:
		 0: 
		 1: 
		 2: 
		 3: 
		 4: 
BB 3
	outgoing: 4 6 
	datadep: 2 
	instructions:
		 0: 
		 1: c->id c[2.2,] 
		 2: RETURN %cl_1_3[3.1,] 
BB 4
	outgoing: 6 
	datadep: 
	instructions:
		 0: 
		 1: %cl_1_4[4.0,] 
		 2: RETURN %cl_1_5[4.1,] 
BB 6
	outgoing: 
	datadep: 
	instructions:
CLOSURE END
		 14: %v_46->comment_votes_by_user_for_comment_ids_hash %v_46[13.9,] %v_48[13.11,] %v_50[13.13,] 
		 15: %self[2.0,2.0,2.0,2.0,] %v_51[13.14,] 
		 16: 
		 17: @comments[13.0 13.7 13.12 ] 
		 18: %v_52->each %self[2.0,2.0,2.0,2.0,] %v_52[13.17,] 
CLOSURE BEGIN
BB 1
	outgoing: 9 2 
	datadep: 
	instructions:
BB 2
	outgoing: 3 
	datadep: 
	instructions:
		 0: 
		 1: 
		 2: 
		 3: 
		 4: 
BB 3
	outgoing: 4 5 7 
	datadep: 2 2 
	instructions:
		 0: 
		 1: %self[2.0,] 
		 2: c->id c[2.2,] 
		 3: %cl_2_3[3.1,] %cl_2_4[3.2,] 
		 4: BRANCH %cl_2_5[3.3,] 
BB 4
	outgoing: 6 7 
	datadep: 2 2 2 
	instructions:
		 0: 
		 1: %self[2.0,] @votes[3.1 ] 
		 2: c->id c[2.2,] 
		 3: %cl_2_6[4.1,] %cl_2_7[4.2,] 
		 4: c[2.2,] %cl_2_8[4.3,] 
		 5: 
BB 5
	outgoing: 9 
	datadep: 
	instructions:
		 0: RETURN 
BB 6
	outgoing: 9 
	datadep: 4 
	instructions:
		 0: RETURN %cl_2_8[4.3,] 
BB 7
	outgoing: 9 
	datadep: 
	instructions:
		 0: 
		 1: %cl_2_9[7.0,] 
		 2: RETURN %cl_2_10[7.1,] 
BB 9
	outgoing: 
	datadep: 
	instructions:
CLOSURE END
		 19: 
BB 14
	outgoing: 15 
	datadep: 
	instructions:
		 0: 
BB 15
	outgoing: 16 
	datadep: 2 2 2 2 2 2 2 2 2 2 2 2 2 2 2 2 
	instructions:
		 0: 
		 1: %self->respond_to %self[2.0,2.0,2.0,2.0,2.0,2.0,2.0,2.0,2.0,2.0,2.0,2.0,2.0,2.0,2.0,2.0,] 
CLOSURE BEGIN
BB 1
	outgoing: 6 2 
	datadep: 
	instructions:
BB 2
	outgoing: 3 
	datadep: 
	instructions:
		 0: 
		 1: 
		 2: 
		 3: 
		 4: 
BB 3
	outgoing: 4 6 
	datadep: 2 2 2 2 
	instructions:
		 0: 
		 1: format->html %self[2.0,] format[2.2,] 
CLOSURE BEGIN
BB 1
	outgoing: 6 2 
	datadep: 
	instructions:
BB 2
	outgoing: 3 
	datadep: 
	instructions:
		 0: 
		 1: 
		 2: 
		 3: 
BB 3
	outgoing: 4 6 
	datadep: 2 
	instructions:
		 0: 
		 1: 
		 2: %cl_4_3[3.1,] 
		 3: %self->render %self[2.0,] %cl_4_4[3.2,] 
		 4: RETURN %cl_4_5[3.3,] 
BB 4
	outgoing: 6 
	datadep: 
	instructions:
		 0: 
		 1: %cl_4_6[4.0,] 
		 2: RETURN %cl_4_7[4.1,] 
BB 6
	outgoing: 
	datadep: 
	instructions:
CLOSURE END
		 2: 
		 3: format->rss %self[2.0,] format[2.2,] 
CLOSURE BEGIN
BB 1
	outgoing: 11 2 
	datadep: 
	instructions:
BB 2
	outgoing: 4 5 
	datadep: 
	instructions:
		 0: 
		 1: 
		 2: 
		 3: 
		 4: 
		 5: %self[2.0,] 
		 6: BRANCH %cl_5_3[2.5,] 
BB 4
	outgoing: 5 9 
	datadep: 2 
	instructions:
		 0: %self->params %self[2.0,] 
		 1: %cl_5_4[4.0,] 
		 2: %cl_5_5->present? %cl_5_5[4.1,] 
		 3: %cl_5_6[4.2,] 
BB 5
	outgoing: 6 7 
	datadep: 4 2 
	instructions:
		 0: BRANCH %cl_5_3[4.3,2.5,] 
BB 6
	outgoing: 8 9 
	datadep: 2 2 2 2 
	instructions:
		 0: 
		 1: 
		 2: %self[2.0,2.0,] @user[2.5 2.5 ] 
		 3: %cl_5_8->username %cl_5_8[6.2,] 
		 4: %cl_5_7[6.1,] %cl_5_9[6.3,] 
		 5: %self[2.0,2.0,] %cl_5_10[6.4,] 
		 6: 
BB 7
	outgoing: 8 
	datadep: 
	instructions:
		 0: 
BB 8
	outgoing: 9 11 
	datadep: 2 2 2 2 
	instructions:
		 0: 
		 1: 
		 2: %cl_5_11[8.1,] 
		 3: %self->render %self[2.0,2.0,2.0,2.0,] %cl_5_12[8.2,] 
		 4: RETURN %cl_5_13[8.3,] 
BB 9
	outgoing: 11 
	datadep: 
	instructions:
		 0: 
		 1: %cl_5_14[9.0,] 
		 2: RETURN %cl_5_15[9.1,] 
BB 11
	outgoing: 
	datadep: 
	instructions:
CLOSURE END
		 4: RETURN %cl_3_4[3.3,] 
BB 4
	outgoing: 6 
	datadep: 
	instructions:
		 0: 
		 1: %cl_3_5[4.0,] 
		 2: RETURN %cl_3_6[4.1,] 
BB 6
	outgoing: 
	datadep: 
	instructions:
CLOSURE END
		 2: RETURN %v_54[15.1,] 
BB 16
	outgoing: 
	datadep: 
	instructions:

SET IRMethod, name = threads
BB 1
	outgoing: 14 2 
	datadep: 
	instructions:
BB 2
	outgoing: 3 4 
	datadep: 
	instructions:
		 0: 
		 1: 
		 2: 
		 3: 
		 4: 
		 5: 
		 6: %self->params %self[2.0,] 
		 7: %v_3[2.6,] 
		 8: BRANCH %v_4[2.7,] 
BB 3
	outgoing: 8 
	datadep: 2 2 2 2 2 
	instructions:
		 0: 
		 1: (User) 
		 2: %self->params %self[2.0,] 
		 3: %v_6[3.2,] 
		 4: %v_7[3.3,] 
		 5: %v_5->where %v_5[3.1,] %v_8[3.4,] 
		 6: %v_9->first! %v_9[3.5,] 
		 7: %self[2.0,] %v_10[3.6,] 
		 8: 
		 9: 
		 10: @showing_user[3.7 ] 
		 11: %v_12->username %v_12[3.10,] 
		 12: %v_13[3.11,] %v_11[3.9,] 
		 13: %v_14[3.12,] %self[2.0,] 
		 14: %v_14[3.12,] %self[2.0,] 
		 15: 
		 16: 
		 17: @showing_user[3.7 3.10 ] 
		 18: %v_16->username %v_16[3.17,] 
		 19: %v_15[3.16,] %v_17[3.18,] 
		 20: %self[2.0,] %v_18[3.19,] 
		 21: 
BB 4
	outgoing: 5 6 
	datadep: 2 
	instructions:
		 0: 
		 1: %self[2.0,] 
		 2: %v_19->! %v_19[4.1,] 
		 3: BRANCH %v_20[4.2,] 
BB 5
	outgoing: 14 
	datadep: 2 
	instructions:
		 0: 
		 1: 
		 2: %self->redirect_to %self[2.0,] %v_21[5.1,] 
		 3: RETURN %v_22[5.2,] 
BB 6
	outgoing: 8 
	datadep: 2 2 2 2 2 
	instructions:
		 0: 
		 1: %self[2.0,] @user[4.1 ] 
		 2: %v_24[6.1,] %self[2.0,] 
		 3: 
		 4: 
		 5: %v_25[6.4,] %self[2.0,] 
		 6: %v_25[6.4,] %self[2.0,] 
		 7: 
		 8: 
		 9: %self[2.0,] %v_26[6.8,] 
		 10: %v_26[6.8,] 
		 11: %v_23[6.10,] 
BB 8
	outgoing: 9 10 
	datadep: 2 2 2 2 2 2 
	instructions:
		 0: 
		 1: %self[2.0,2.0,] @showing_user[3.7 3.10 3.17 6.2 ] 
		 2: %v_27[8.1,] 
		 3: %v_28[8.2,] 
		 4: 
		 5: (Comment) 
		 6: %v_28[8.2,] 
		 7: %v_29->where %v_29[8.5,] %v_30[8.6,] 
		 8: %v_31->includes %v_31[8.7,] 
		 9: @showing_user[8.1 ] 
		 10: %v_32->arrange_for_user %v_32[8.8,] %v_33[8.9,] 
		 11: %v_34[8.10,] 
		 12: 
		 13: %v_34->group_by %v_34[8.10,] 
		 14: %v_35[8.13,] 
		 15: 
		 16: thread_ids[8.3,] 
		 17: %v_35->values_at %v_35[8.13,] %v_36[8.16,] 
		 18: %v_37->compact %v_37[8.17,] 
		 19: %self[2.0,2.0,] %v_38[8.18,] 
		 20: 
		 21: %self[2.0,2.0,] @user[6.1 ] 
		 22: BRANCH %v_39[8.21,] 
BB 9
	outgoing: 10 
	datadep: 2 2 2 2 
	instructions:
		 0: %self[2.0,2.0,] @showing_user[8.1 8.9 ] 
		 1: %v_40->id %v_40[9.0,] 
		 2: %self[2.0,2.0,] @user[8.21 ] 
		 3: %v_42->id %v_42[9.2,] 
		 4: %v_41[9.1,] %v_43[9.3,] 
		 5: %v_44[9.4,] 
BB 10
	outgoing: 11 12 
	datadep: 9 8 
	instructions:
		 0: BRANCH %v_39[9.5,8.21,] 
BB 11
	outgoing: 14 
	datadep: 2 2 2 2 8 8 2 2 2 2 2 2 2 2 8 8 
	instructions:
		 0: 
		 1: (Vote) 
		 2: %self[2.0,2.0,2.0,2.0,] @user[9.2 8.21 ] 
		 3: %v_46->id %v_46[11.2,] 
		 4: comments->map comments[8.11,8.11,] 
		 5: %v_48->uniq %v_48[11.4,] 
		 6: %v_45->comment_votes_by_user_for_story_hash %v_47[11.3,] %v_49[11.5,] %v_45[11.1,] 
		 7: %self[2.0,2.0,2.0,2.0,] %v_50[11.6,] 
		 8: 
		 9: comments->each %self[2.0,2.0,2.0,2.0,] comments[8.11,8.11,] 
CLOSURE BEGIN
BB 1
	outgoing: 9 2 
	datadep: 
	instructions:
BB 2
	outgoing: 3 
	datadep: 
	instructions:
		 0: 
		 1: 
		 2: 
		 3: 
		 4: 
BB 3
	outgoing: 4 5 7 
	datadep: 2 2 
	instructions:
		 0: 
		 1: %self[2.0,] 
		 2: c->id c[2.2,] 
		 3: %cl_1_3[3.1,] %cl_1_4[3.2,] 
		 4: BRANCH %cl_1_5[3.3,] 
BB 4
	outgoing: 6 7 
	datadep: 2 2 2 
	instructions:
		 0: 
		 1: %self[2.0,] @votes[3.1 ] 
		 2: c->id c[2.2,] 
		 3: %cl_1_6[4.1,] %cl_1_7[4.2,] 
		 4: c[2.2,] %cl_1_8[4.3,] 
		 5: 
BB 5
	outgoing: 9 
	datadep: 
	instructions:
		 0: RETURN 
BB 6
	outgoing: 9 
	datadep: 4 
	instructions:
		 0: RETURN %cl_1_8[4.3,] 
BB 7
	outgoing: 9 
	datadep: 
	instructions:
		 0: 
		 1: %cl_1_9[7.0,] 
		 2: RETURN %cl_1_10[7.1,] 
BB 9
	outgoing: 
	datadep: 
	instructions:
CLOSURE END
		 10: RETURN %v_51[11.9,] 
BB 12
	outgoing: 14 
	datadep: 
	instructions:
		 0: RETURN 
BB 14
	outgoing: 
	datadep: 
	instructions:

SET IRMethod, name = preview
BB 1
	outgoing: 3 2 
	datadep: 
	instructions:
BB 2
	outgoing: 3 
	datadep: 
	instructions:
		 0: 
		 1: 
		 2: 
		 3: 
		 4: 
		 5: 
		 6: 
		 7: comment[2.5,] 
		 8: 
		 9: comment[2.5,2.7,] 
		 10: 
		 11: 
		 12: 
		 13: comment[2.5,2.7,2.9,2.5,2.7,2.9,] 
		 14: %v_4[2.12,] %v_5[2.13,] %v_3[2.11,] 
		 15: %self->render %self[2.0,] %v_6[2.14,] 
		 16: RETURN %v_7[2.15,] 
BB 3
	outgoing: 
	datadep: 
	instructions:

SET IRMethod, name = find_comment
BB 1
	outgoing: 8 2 
	datadep: 
	instructions:
BB 2
	outgoing: 3 4 
	datadep: 
	instructions:
		 0: 
		 1: 
		 2: 
		 3: 
		 4: 
		 5: 
		 6: (Comment) 
		 7: %self->params %self[2.0,] 
		 8: %v_4[2.7,] 
		 9: %v_5[2.8,] 
		 10: %v_3->where %v_3[2.6,] %v_6[2.9,] 
		 11: %v_7->first %v_7[2.10,] 
		 12: %v_8[2.11,] 
		 13: 
		 14: %self[2.0,] 
		 15: BRANCH %v_9[2.14,] 
BB 3
	outgoing: 4 
	datadep: 2 
	instructions:
		 0: comment[2.12,] 
BB 4
	outgoing: 5 6 
	datadep: 3 2 
	instructions:
		 0: BRANCH %v_9[3.0,2.14,] 
BB 5
	outgoing: 7 
	datadep: 2 2 2 2 2 2 2 2 
	instructions:
		 0: 
		 1: (Vote) 
		 2: %self[2.0,2.0,] @user[2.14 2.14 ] 
		 3: %v_11->id %v_11[5.2,] 
		 4: comment->story_id comment[2.12,2.12,] 
		 5: comment->id comment[2.12,2.12,] 
		 6: %v_13[5.4,] %v_14[5.5,] %v_12[5.3,] 
		 7: %v_10->where %v_15[5.6,] %v_10[5.1,] 
		 8: %v_16->first %v_16[5.7,] 
		 9: %v_17[5.8,] comment[2.12,2.12,] 
		 10: 
BB 6
	outgoing: 7 
	datadep: 
	instructions:
		 0: 
BB 7
	outgoing: 8 
	datadep: 5 2 2 
	instructions:
		 0: 
		 1: RETURN comment[5.9,2.12,2.12,] 
BB 8
	outgoing: 
	datadep: 
	instructions:

