SET IRMethod, name = about
BB 1
	outgoing: 12 2 
	datadep: 
	instructions:
BB 2
	outgoing: 4 
	datadep: 
	instructions:
		 0: 
		 1: 
		 2: 
		 3: 
		 4: 
		 5: 
		 6: 
BB 4
	outgoing: 5 6 
	datadep: 2 2 
	instructions:
		 0: 
		 1: 
		 2: 
		 3: %v_6[4.2,] 
		 4: %self->render %self[2.0,] %v_7[4.3,] 
		 5: %v_8[4.4,] 
		 6: %v_3[2.6,] 
BB 5
	outgoing: 11 
	datadep: 
	instructions:
		 0: 
BB 6
	outgoing: 7 8 10 
	datadep: 
	instructions:
		 0: 
		 1: %v_9[6.0,] 
		 2: BRANCH %v_10[6.1,] 
BB 7
	outgoing: 10 12 
	datadep: 6 
	instructions:
		 0: %v_9[6.0,] 
BB 8
	outgoing: 9 10 
	datadep: 2 2 
	instructions:
		 0: 
		 1: 
		 2: 
		 3: %v_11[8.1,] %v_12[8.2,] 
		 4: 
		 5: %v_13[8.3,] %v_14[8.4,] 
		 6: 
		 7: %v_15[8.5,] %v_16[8.6,] 
		 8: %self->render %self[2.0,] %v_17[8.7,] 
		 9: %v_18[8.8,] 
		 10: %v_3[2.6,] 
BB 9
	outgoing: 11 
	datadep: 
	instructions:
		 0: 
BB 10
	outgoing: 12 
	datadep: 2 
	instructions:
		 0: 
		 1: %v_19[10.0,] %v_3[2.6,] 
		 2: %v_19[10.0,] 
BB 11
	outgoing: 12 
	datadep: 4 8 
	instructions:
		 0: RETURN %v_5[4.5,8.9,] 
BB 12
	outgoing: 
	datadep: 
	instructions:

SET IRMethod, name = privacy
BB 1
	outgoing: 12 2 
	datadep: 
	instructions:
BB 2
	outgoing: 4 
	datadep: 
	instructions:
		 0: 
		 1: 
		 2: 
		 3: 
		 4: 
		 5: 
		 6: 
BB 4
	outgoing: 5 6 
	datadep: 2 2 
	instructions:
		 0: 
		 1: 
		 2: 
		 3: %v_6[4.2,] 
		 4: %self->render %self[2.0,] %v_7[4.3,] 
		 5: %v_8[4.4,] 
		 6: %v_3[2.6,] 
BB 5
	outgoing: 11 
	datadep: 
	instructions:
		 0: 
BB 6
	outgoing: 7 8 10 
	datadep: 
	instructions:
		 0: 
		 1: %v_9[6.0,] 
		 2: BRANCH %v_10[6.1,] 
BB 7
	outgoing: 10 12 
	datadep: 6 
	instructions:
		 0: %v_9[6.0,] 
BB 8
	outgoing: 9 10 
	datadep: 2 2 
	instructions:
		 0: 
		 1: 
		 2: 
		 3: %v_11[8.1,] %v_12[8.2,] 
		 4: 
		 5: %v_13[8.3,] %v_14[8.4,] 
		 6: 
		 7: %v_15[8.5,] %v_16[8.6,] 
		 8: %self->render %self[2.0,] %v_17[8.7,] 
		 9: %v_18[8.8,] 
		 10: %v_3[2.6,] 
BB 9
	outgoing: 11 
	datadep: 
	instructions:
		 0: 
BB 10
	outgoing: 12 
	datadep: 2 
	instructions:
		 0: 
		 1: %v_19[10.0,] %v_3[2.6,] 
		 2: %v_19[10.0,] 
BB 11
	outgoing: 12 
	datadep: 4 8 
	instructions:
		 0: RETURN %v_5[4.5,8.9,] 
BB 12
	outgoing: 
	datadep: 
	instructions:

SET IRMethod, name = hidden
BB 1
	outgoing: 3 2 
	datadep: 
	instructions:
BB 2
	outgoing: 3 
	datadep: 
	instructions:
		 0: 
		 1: 
		 2: 
		 3: 
		 4: 
		 5: 
		 6: 
		 7: %self[2.0,2.0,] %v_3[2.6,] 
CLOSURE BEGIN
BB 1
	outgoing: 6 2 
	datadep: 
	instructions:
BB 2
	outgoing: 3 
	datadep: 
	instructions:
		 0: 
		 1: 
		 2: 
		 3: 
BB 3
	outgoing: 4 6 
	datadep: 2 2 
	instructions:
		 0: 
		 1: %self->stories %self[2.0,] 
		 2: %cl_1_3->hidden %cl_1_3[3.1,] 
		 3: %self->paginate %cl_1_4[3.2,] %self[2.0,] 
		 4: RETURN %cl_1_5[3.3,] 
BB 4
	outgoing: 6 
	datadep: 
	instructions:
		 0: 
		 1: %cl_1_6[4.0,] 
		 2: RETURN %cl_1_7[4.1,] 
BB 6
	outgoing: 
	datadep: 
	instructions:
CLOSURE END
		 8: %v_4[2.7,] 
		 9: %v_5[2.8,] 
		 10: %v_5[2.8,] 
		 11: %self[2.0,] %v_6[2.9,] 
		 12: %self[2.0,] %v_7[2.10,] 
		 13: 
		 14: 
		 15: %self[2.0,] %v_8[2.14,] 
		 16: %self[2.0,] %v_8[2.14,] 
		 17: 
		 18: 
		 19: %self[2.0,] %v_9[2.18,] 
		 20: 
		 21: 
		 22: %v_10[2.21,] 
		 23: %self->render %self[2.0,] %v_11[2.22,] 
		 24: RETURN %v_12[2.23,] 
BB 3
	outgoing: 
	datadep: 
	instructions:

SET IRMethod, name = index
BB 1
	outgoing: 17 2 
	datadep: 
	instructions:
BB 2
	outgoing: 3 4 
	datadep: 
	instructions:
		 0: 
		 1: 
		 2: 
		 3: 
		 4: 
		 5: 
		 6: 
		 7: %self[2.0,2.0,] %v_3[2.6,] 
CLOSURE BEGIN
BB 1
	outgoing: 6 2 
	datadep: 
	instructions:
BB 2
	outgoing: 3 
	datadep: 
	instructions:
		 0: 
		 1: 
		 2: 
		 3: 
BB 3
	outgoing: 4 6 
	datadep: 2 2 
	instructions:
		 0: 
		 1: %self->stories %self[2.0,] 
		 2: %cl_1_3->hottest %cl_1_3[3.1,] 
		 3: %self->paginate %cl_1_4[3.2,] %self[2.0,] 
		 4: RETURN %cl_1_5[3.3,] 
BB 4
	outgoing: 6 
	datadep: 
	instructions:
		 0: 
		 1: %cl_1_6[4.0,] 
		 2: RETURN %cl_1_7[4.1,] 
BB 6
	outgoing: 
	datadep: 
	instructions:
CLOSURE END
		 8: %v_4[2.7,] 
		 9: %v_5[2.8,] 
		 10: %v_5[2.8,] 
		 11: %self[2.0,] %v_6[2.9,] 
		 12: %self[2.0,] %v_7[2.10,] 
		 13: 
		 14: %self[2.0,] 
		 15: %v_9[2.14,] 
		 16: %v_9[2.14,] 
BB 3
	outgoing: 4 
	datadep: 2 
	instructions:
		 0: %self[2.0,] 
		 1: %v_10[3.0,] 
BB 4
	outgoing: 5 9 
	datadep: 3 2 
	instructions:
		 0: BRANCH %v_8[3.1,2.15,] 
BB 5
	outgoing: 6 7 
	datadep: 2 2 
	instructions:
		 0: 
		 1: 
		 2: 
		 3: %self[2.0,2.0,] 
		 4: BRANCH %v_13[5.3,] 
BB 6
	outgoing: 8 
	datadep: 2 2 
	instructions:
		 0: 
		 1: %self[2.0,2.0,] 
		 2: %v_15->rss_token %v_15[6.1,] 
		 3: %v_14[6.0,] %v_16[6.2,] 
		 4: 
BB 7
	outgoing: 8 
	datadep: 
	instructions:
		 0: 
		 1: %v_18[7.0,] 
BB 8
	outgoing: 9 
	datadep: 7 6 5 5 5 5 2 2 2 2 
	instructions:
		 0: %v_17[7.1,6.3,] %v_12[5.1,5.1,] 
		 1: %v_19[8.0,] %v_11[5.0,5.0,] 
		 2: %self[2.0,2.0,2.0,2.0,] %v_20[8.1,] 
		 3: %v_20[8.1,] 
BB 9
	outgoing: 10 11 
	datadep: 2 2 
	instructions:
		 0: 
		 1: %self[2.0,2.0,] 
		 2: %v_22[9.1,] 
		 3: %v_22[9.1,] 
BB 10
	outgoing: 11 
	datadep: 2 2 
	instructions:
		 0: %self[2.0,2.0,] 
		 1: %v_23[10.0,] 
BB 11
	outgoing: 12 16 
	datadep: 10 9 
	instructions:
		 0: BRANCH %v_21[10.1,9.2,] 
BB 12
	outgoing: 13 14 
	datadep: 2 2 2 2 
	instructions:
		 0: 
		 1: 
		 2: 
		 3: %self[2.0,2.0,2.0,2.0,] 
		 4: BRANCH %v_26[12.3,] 
BB 13
	outgoing: 15 
	datadep: 2 2 2 2 
	instructions:
		 0: 
		 1: %self[2.0,2.0,2.0,2.0,] 
		 2: %v_28->rss_token %v_28[13.1,] 
		 3: %v_27[13.0,] %v_29[13.2,] 
		 4: 
BB 14
	outgoing: 15 
	datadep: 
	instructions:
		 0: 
		 1: %v_31[14.0,] 
BB 15
	outgoing: 16 
	datadep: 12 12 14 13 12 12 2 2 2 2 2 2 
	instructions:
		 0: %v_25[12.1,12.1,] %v_30[14.1,13.3,] 
		 1: %v_24[12.0,12.0,] %v_32[15.0,] 
		 2: %self[2.0,2.0,2.0,2.0,2.0,2.0,] %v_33[15.1,] 
		 3: %v_33[15.1,] 
BB 16
	outgoing: 17 
	datadep: 2 2 2 2 2 2 2 2 2 2 2 2 2 2 2 2 2 2 2 2 
	instructions:
		 0: 
		 1: 
		 2: %self[2.0,2.0,2.0,2.0,] %v_34[16.1,] 
		 3: %self[2.0,2.0,2.0,2.0,] %v_34[16.1,] 
		 4: 
		 5: 
		 6: %v_35[16.5,] %self[2.0,2.0,2.0,2.0,] 
		 7: 
		 8: %self->respond_to %self[2.0,2.0,2.0,2.0,2.0,2.0,2.0,2.0,] 
CLOSURE BEGIN
BB 1
	outgoing: 6 2 
	datadep: 
	instructions:
BB 2
	outgoing: 3 
	datadep: 
	instructions:
		 0: 
		 1: 
		 2: 
		 3: 
		 4: 
BB 3
	outgoing: 4 6 
	datadep: 2 2 2 2 2 2 
	instructions:
		 0: 
		 1: format->html %self[2.0,] format[2.2,] 
CLOSURE BEGIN
BB 1
	outgoing: 6 2 
	datadep: 
	instructions:
BB 2
	outgoing: 3 
	datadep: 
	instructions:
		 0: 
		 1: 
		 2: 
		 3: 
BB 3
	outgoing: 4 6 
	datadep: 2 
	instructions:
		 0: 
		 1: 
		 2: %cl_3_3[3.1,] 
		 3: %self->render %self[2.0,] %cl_3_4[3.2,] 
		 4: RETURN %cl_3_5[3.3,] 
BB 4
	outgoing: 6 
	datadep: 
	instructions:
		 0: 
		 1: %cl_3_6[4.0,] 
		 2: RETURN %cl_3_7[4.1,] 
BB 6
	outgoing: 
	datadep: 
	instructions:
CLOSURE END
		 2: 
		 3: format->rss %self[2.0,] format[2.2,] 
CLOSURE BEGIN
BB 1
	outgoing: 11 2 
	datadep: 
	instructions:
BB 2
	outgoing: 4 5 
	datadep: 
	instructions:
		 0: 
		 1: 
		 2: 
		 3: 
		 4: 
		 5: %self[2.0,] 
		 6: BRANCH %cl_4_3[2.5,] 
BB 4
	outgoing: 5 9 
	datadep: 2 
	instructions:
		 0: %self->params %self[2.0,] 
		 1: %cl_4_4[4.0,] 
		 2: %cl_4_5->present? %cl_4_5[4.1,] 
		 3: %cl_4_6[4.2,] 
BB 5
	outgoing: 6 7 
	datadep: 4 2 
	instructions:
		 0: BRANCH %cl_4_3[4.3,2.5,] 
BB 6
	outgoing: 8 9 
	datadep: 2 2 2 2 
	instructions:
		 0: 
		 1: 
		 2: %self[2.0,2.0,] 
		 3: %cl_4_8->username %cl_4_8[6.2,] 
		 4: %cl_4_9[6.3,] %cl_4_7[6.1,] 
		 5: %self[2.0,2.0,] %cl_4_10[6.4,] 
		 6: 
BB 7
	outgoing: 8 
	datadep: 
	instructions:
		 0: 
BB 8
	outgoing: 9 11 
	datadep: 2 2 2 2 
	instructions:
		 0: 
		 1: 
		 2: %cl_4_11[8.1,] 
		 3: %self->render %self[2.0,2.0,2.0,2.0,] %cl_4_12[8.2,] 
		 4: RETURN %cl_4_13[8.3,] 
BB 9
	outgoing: 11 
	datadep: 
	instructions:
		 0: 
		 1: %cl_4_14[9.0,] 
		 2: RETURN %cl_4_15[9.1,] 
BB 11
	outgoing: 
	datadep: 
	instructions:
CLOSURE END
		 4: 
		 5: format->json %self[2.0,] format[2.2,] 
CLOSURE BEGIN
BB 1
	outgoing: 6 2 
	datadep: 
	instructions:
BB 2
	outgoing: 3 
	datadep: 
	instructions:
		 0: 
		 1: 
		 2: 
		 3: 
BB 3
	outgoing: 4 6 
	datadep: 2 2 
	instructions:
		 0: 
		 1: %self[2.0,] 
		 2: %cl_5_3[3.1,] 
		 3: %self->render %self[2.0,] %cl_5_4[3.2,] 
		 4: RETURN %cl_5_5[3.3,] 
BB 4
	outgoing: 6 
	datadep: 
	instructions:
		 0: 
		 1: %cl_5_6[4.0,] 
		 2: RETURN %cl_5_7[4.1,] 
BB 6
	outgoing: 
	datadep: 
	instructions:
CLOSURE END
		 6: RETURN %cl_2_5[3.5,] 
BB 4
	outgoing: 6 
	datadep: 
	instructions:
		 0: 
		 1: %cl_2_6[4.0,] 
		 2: RETURN %cl_2_7[4.1,] 
BB 6
	outgoing: 
	datadep: 
	instructions:
CLOSURE END
		 9: RETURN %v_36[16.8,] 
BB 17
	outgoing: 
	datadep: 
	instructions:

SET IRMethod, name = newest
BB 1
	outgoing: 6 2 
	datadep: 
	instructions:
BB 2
	outgoing: 3 4 
	datadep: 
	instructions:
		 0: 
		 1: 
		 2: 
		 3: 
		 4: 
		 5: 
		 6: 
		 7: %self[2.0,2.0,] %v_3[2.6,] 
CLOSURE BEGIN
BB 1
	outgoing: 6 2 
	datadep: 
	instructions:
BB 2
	outgoing: 3 
	datadep: 
	instructions:
		 0: 
		 1: 
		 2: 
		 3: 
BB 3
	outgoing: 4 6 
	datadep: 2 2 
	instructions:
		 0: 
		 1: %self->stories %self[2.0,] 
		 2: %cl_1_3->newest %cl_1_3[3.1,] 
		 3: %self->paginate %cl_1_4[3.2,] %self[2.0,] 
		 4: RETURN %cl_1_5[3.3,] 
BB 4
	outgoing: 6 
	datadep: 
	instructions:
		 0: 
		 1: %cl_1_6[4.0,] 
		 2: RETURN %cl_1_7[4.1,] 
BB 6
	outgoing: 
	datadep: 
	instructions:
CLOSURE END
		 8: %v_4[2.7,] 
		 9: %v_5[2.8,] 
		 10: %v_5[2.8,] 
		 11: %self[2.0,] %v_6[2.9,] 
		 12: %self[2.0,] %v_7[2.10,] 
		 13: 
		 14: 
		 15: %self[2.0,] %v_8[2.14,] 
		 16: %self[2.0,] %v_8[2.14,] 
		 17: 
		 18: 
		 19: %self[2.0,] %v_9[2.18,] 
		 20: 
		 21: 
		 22: 
		 23: 
		 24: %self[2.0,] 
		 25: BRANCH %v_12[2.24,] 
BB 3
	outgoing: 5 
	datadep: 2 
	instructions:
		 0: 
		 1: %self[2.0,] 
		 2: %v_14->rss_token %v_14[3.1,] 
		 3: %v_13[3.0,] %v_15[3.2,] 
		 4: 
BB 4
	outgoing: 5 
	datadep: 
	instructions:
		 0: 
		 1: %v_17[4.0,] 
BB 5
	outgoing: 6 
	datadep: 4 3 2 2 2 2 2 2 2 2 2 2 
	instructions:
		 0: %v_16[4.1,3.3,] %v_11[2.22,2.22,] 
		 1: %v_18[5.0,] %v_10[2.21,2.21,] 
		 2: %self[2.0,2.0,] %v_19[5.1,] 
		 3: 
		 4: %self->respond_to %self[2.0,2.0,2.0,2.0,] 
CLOSURE BEGIN
BB 1
	outgoing: 6 2 
	datadep: 
	instructions:
BB 2
	outgoing: 3 
	datadep: 
	instructions:
		 0: 
		 1: 
		 2: 
		 3: 
		 4: 
BB 3
	outgoing: 4 6 
	datadep: 2 2 2 2 2 2 
	instructions:
		 0: 
		 1: format->html %self[2.0,] format[2.2,] 
CLOSURE BEGIN
BB 1
	outgoing: 6 2 
	datadep: 
	instructions:
BB 2
	outgoing: 3 
	datadep: 
	instructions:
		 0: 
		 1: 
		 2: 
		 3: 
BB 3
	outgoing: 4 6 
	datadep: 2 
	instructions:
		 0: 
		 1: 
		 2: %cl_3_3[3.1,] 
		 3: %self->render %self[2.0,] %cl_3_4[3.2,] 
		 4: RETURN %cl_3_5[3.3,] 
BB 4
	outgoing: 6 
	datadep: 
	instructions:
		 0: 
		 1: %cl_3_6[4.0,] 
		 2: RETURN %cl_3_7[4.1,] 
BB 6
	outgoing: 
	datadep: 
	instructions:
CLOSURE END
		 2: 
		 3: format->rss %self[2.0,] format[2.2,] 
CLOSURE BEGIN
BB 1
	outgoing: 11 2 
	datadep: 
	instructions:
BB 2
	outgoing: 4 5 
	datadep: 
	instructions:
		 0: 
		 1: 
		 2: 
		 3: 
		 4: 
		 5: %self[2.0,] 
		 6: BRANCH %cl_4_3[2.5,] 
BB 4
	outgoing: 5 9 
	datadep: 2 
	instructions:
		 0: %self->params %self[2.0,] 
		 1: %cl_4_4[4.0,] 
		 2: %cl_4_5->present? %cl_4_5[4.1,] 
		 3: %cl_4_6[4.2,] 
BB 5
	outgoing: 6 7 
	datadep: 4 2 
	instructions:
		 0: BRANCH %cl_4_3[4.3,2.5,] 
BB 6
	outgoing: 8 9 
	datadep: 2 2 2 2 2 2 
	instructions:
		 0: 
		 1: %self[2.0,2.0,] 
		 2: 
		 3: %self[2.0,2.0,] 
		 4: %cl_4_9->username %cl_4_9[6.3,] 
		 5: %cl_4_8[6.2,] %cl_4_10[6.4,] 
		 6: %cl_4_7[6.1,] %cl_4_11[6.5,] 
		 7: %self[2.0,2.0,] %cl_4_12[6.6,] 
		 8: 
BB 7
	outgoing: 8 
	datadep: 
	instructions:
		 0: 
BB 8
	outgoing: 9 11 
	datadep: 2 2 2 2 
	instructions:
		 0: 
		 1: 
		 2: %cl_4_13[8.1,] 
		 3: %self->render %self[2.0,2.0,2.0,2.0,] %cl_4_14[8.2,] 
		 4: RETURN %cl_4_15[8.3,] 
BB 9
	outgoing: 11 
	datadep: 
	instructions:
		 0: 
		 1: %cl_4_16[9.0,] 
		 2: RETURN %cl_4_17[9.1,] 
BB 11
	outgoing: 
	datadep: 
	instructions:
CLOSURE END
		 4: 
		 5: format->json %self[2.0,] format[2.2,] 
CLOSURE BEGIN
BB 1
	outgoing: 6 2 
	datadep: 
	instructions:
BB 2
	outgoing: 3 
	datadep: 
	instructions:
		 0: 
		 1: 
		 2: 
		 3: 
BB 3
	outgoing: 4 6 
	datadep: 2 2 
	instructions:
		 0: 
		 1: %self[2.0,] 
		 2: %cl_5_3[3.1,] 
		 3: %self->render %self[2.0,] %cl_5_4[3.2,] 
		 4: RETURN %cl_5_5[3.3,] 
BB 4
	outgoing: 6 
	datadep: 
	instructions:
		 0: 
		 1: %cl_5_6[4.0,] 
		 2: RETURN %cl_5_7[4.1,] 
BB 6
	outgoing: 
	datadep: 
	instructions:
CLOSURE END
		 6: RETURN %cl_2_5[3.5,] 
BB 4
	outgoing: 6 
	datadep: 
	instructions:
		 0: 
		 1: %cl_2_6[4.0,] 
		 2: RETURN %cl_2_7[4.1,] 
BB 6
	outgoing: 
	datadep: 
	instructions:
CLOSURE END
		 5: RETURN %v_20[5.4,] 
BB 6
	outgoing: 
	datadep: 
	instructions:

SET IRMethod, name = newest_by_user
BB 1
	outgoing: 3 2 
	datadep: 
	instructions:
BB 2
	outgoing: 3 
	datadep: 
	instructions:
		 0: 
		 1: 
		 2: 
		 3: 
		 4: 
		 5: 
		 6: (User) 
		 7: %self->params %self[2.0,] 
		 8: %v_4[2.7,] 
		 9: %v_5[2.8,] 
		 10: %v_3->where %v_3[2.6,] %v_6[2.9,] 
		 11: %v_7->first! %v_7[2.10,] 
		 12: %v_8[2.11,] 
		 13: 
		 14: %v_8[2.11,] 
		 15: %self[2.0,2.0,] %v_9[2.14,] 
CLOSURE BEGIN
BB 1
	outgoing: 6 2 
	datadep: 
	instructions:
BB 2
	outgoing: 3 
	datadep: 
	instructions:
		 0: 
		 1: 
		 2: 
		 3: 
BB 3
	outgoing: 4 6 
	datadep: 2 2 
	instructions:
		 0: 
		 1: %self->stories %self[2.0,] 
		 2: %cl_1_3->newest_by_user %cl_1_3[3.1,] 
		 3: %self->paginate %cl_1_4[3.2,] %self[2.0,] 
		 4: RETURN %cl_1_5[3.3,] 
BB 4
	outgoing: 6 
	datadep: 
	instructions:
		 0: 
		 1: %cl_1_6[4.0,] 
		 2: RETURN %cl_1_7[4.1,] 
BB 6
	outgoing: 
	datadep: 
	instructions:
CLOSURE END
		 16: %v_10[2.15,] 
		 17: %v_11[2.16,] 
		 18: %v_11[2.16,] 
		 19: %self[2.0,] %v_12[2.17,] 
		 20: %v_13[2.18,] %self[2.0,] 
		 21: 
		 22: 
		 23: by_user->username by_user[2.12,] 
		 24: %v_14[2.22,] %v_15[2.23,] 
		 25: %self[2.0,] %v_16[2.24,] 
		 26: %self[2.0,] %v_16[2.24,] 
		 27: 
		 28: 
		 29: by_user->username by_user[2.12,] 
		 30: %v_17[2.28,] %v_18[2.29,] 
		 31: %self[2.0,] %v_19[2.30,] 
		 32: 
		 33: %self[2.0,] 
		 34: 
		 35: by_user->username by_user[2.12,] 
		 36: %self[2.0,] %v_20[2.35,] 
		 37: 
		 38: 
		 39: %v_21[2.38,] 
		 40: %self->render %self[2.0,] %v_22[2.39,] 
		 41: RETURN %v_23[2.40,] 
BB 3
	outgoing: 
	datadep: 
	instructions:

SET IRMethod, name = recent
BB 1
	outgoing: 6 2 
	datadep: 
	instructions:
BB 2
	outgoing: 3 4 
	datadep: 
	instructions:
		 0: 
		 1: 
		 2: 
		 3: 
		 4: 
		 5: 
		 6: 
		 7: %self[2.0,2.0,] %v_3[2.6,] 
CLOSURE BEGIN
BB 1
	outgoing: 9 2 
	datadep: 
	instructions:
BB 2
	outgoing: 3 
	datadep: 
	instructions:
		 0: 
		 1: 
		 2: 
		 3: 
BB 3
	outgoing: 4 5 7 
	datadep: 2 
	instructions:
		 0: 
		 1: %self->page %self[2.0,] 
		 2: %cl_1_3[3.1,] 
		 3: BRANCH %cl_1_4[3.2,] 
BB 4
	outgoing: 6 7 
	datadep: 2 
	instructions:
		 0: 
		 1: %self->stories %self[2.0,] 
		 2: %cl_1_5->recent %cl_1_5[4.1,] 
		 3: 
BB 5
	outgoing: 6 7 
	datadep: 2 
	instructions:
		 0: 
		 1: %self->stories %self[2.0,] 
		 2: %cl_1_7->newest %cl_1_7[5.1,] 
		 3: %cl_1_8[5.2,] 
BB 6
	outgoing: 7 9 
	datadep: 5 4 2 2 5 4 
	instructions:
		 0: %cl_1_6[5.3,4.2,] 
		 1: 
		 2: %self->paginate %self[2.0,2.0,] %cl_1_6[5.3,4.2,] 
		 3: RETURN %cl_1_9[6.2,] 
BB 7
	outgoing: 9 
	datadep: 
	instructions:
		 0: 
		 1: %cl_1_10[7.0,] 
		 2: RETURN %cl_1_11[7.1,] 
BB 9
	outgoing: 
	datadep: 
	instructions:
CLOSURE END
		 8: %v_4[2.7,] 
		 9: %v_5[2.8,] 
		 10: %v_5[2.8,] 
		 11: %self[2.0,] %v_6[2.9,] 
		 12: %self[2.0,] %v_7[2.10,] 
		 13: 
		 14: 
		 15: %self[2.0,] %v_8[2.14,] 
		 16: %self[2.0,] %v_8[2.14,] 
		 17: 
		 18: 
		 19: %self[2.0,] %v_9[2.18,] 
		 20: 
		 21: 
		 22: 
		 23: 
		 24: %self[2.0,] 
		 25: BRANCH %v_12[2.24,] 
BB 3
	outgoing: 5 
	datadep: 2 
	instructions:
		 0: 
		 1: %self[2.0,] 
		 2: %v_14->rss_token %v_14[3.1,] 
		 3: %v_13[3.0,] %v_15[3.2,] 
		 4: 
BB 4
	outgoing: 5 
	datadep: 
	instructions:
		 0: 
		 1: %v_17[4.0,] 
BB 5
	outgoing: 6 
	datadep: 4 3 2 2 2 2 2 2 2 2 
	instructions:
		 0: %v_16[4.1,3.3,] %v_11[2.22,2.22,] 
		 1: %v_18[5.0,] %v_10[2.21,2.21,] 
		 2: %self[2.0,2.0,] %v_19[5.1,] 
		 3: 
		 4: 
		 5: %v_20[5.4,] 
		 6: %self->render %self[2.0,2.0,] %v_21[5.5,] 
		 7: RETURN %v_22[5.6,] 
BB 6
	outgoing: 
	datadep: 
	instructions:

SET IRMethod, name = tagged
BB 1
	outgoing: 6 2 
	datadep: 
	instructions:
BB 2
	outgoing: 3 4 
	datadep: 
	instructions:
		 0: 
		 1: 
		 2: 
		 3: 
		 4: 
		 5: 
		 6: (Tag) 
		 7: %self->params %self[2.0,] 
		 8: %v_4[2.7,] 
		 9: %v_5[2.8,] 
		 10: %v_3->where %v_3[2.6,] %v_6[2.9,] 
		 11: %v_7->first! %v_7[2.10,] 
		 12: %self[2.0,] %v_8[2.11,] 
		 13: 
		 14: %self[2.0,] 
		 15: %v_9[2.14,] 
		 16: %self[2.0,2.0,] %v_10[2.15,] 
CLOSURE BEGIN
BB 1
	outgoing: 6 2 
	datadep: 
	instructions:
BB 2
	outgoing: 3 
	datadep: 
	instructions:
		 0: 
		 1: 
		 2: 
		 3: 
BB 3
	outgoing: 4 6 
	datadep: 2 2 2 
	instructions:
		 0: 
		 1: %self->stories %self[2.0,] 
		 2: %self[2.0,] 
		 3: %cl_1_3->tagged %cl_1_3[3.1,] %cl_1_4[3.2,] 
		 4: %self->paginate %self[2.0,] %cl_1_5[3.3,] 
		 5: RETURN %cl_1_6[3.4,] 
BB 4
	outgoing: 6 
	datadep: 
	instructions:
		 0: 
		 1: %cl_1_7[4.0,] 
		 2: RETURN %cl_1_8[4.1,] 
BB 6
	outgoing: 
	datadep: 
	instructions:
CLOSURE END
		 17: %v_11[2.16,] 
		 18: %v_12[2.17,] 
		 19: %v_12[2.17,] 
		 20: %v_13[2.18,] %self[2.0,] 
		 21: %v_14[2.19,] %self[2.0,] 
		 22: 
		 23: %self[2.0,] 
		 24: %v_15->description %v_15[2.23,] 
		 25: %v_16->blank? %v_16[2.24,] 
		 26: BRANCH %v_17[2.25,] 
BB 3
	outgoing: 5 
	datadep: 2 
	instructions:
		 0: %self[2.0,] 
		 1: %v_18->tag %v_18[3.0,] 
		 2: 
BB 4
	outgoing: 5 
	datadep: 2 
	instructions:
		 0: %self[2.0,] 
		 1: %v_20->description %v_20[4.0,] 
		 2: %v_21[4.1,] 
BB 5
	outgoing: 6 
	datadep: 2 2 4 3 2 2 4 3 2 2 2 2 2 2 2 2 2 2 2 2 2 2 2 2 2 2 
	instructions:
		 0: %self[2.0,2.0,] %v_19[4.2,3.1,] 
		 1: %self[2.0,2.0,] %v_19[4.2,3.1,] 
		 2: 
		 3: %self[2.0,2.0,] 
		 4: %v_22->tag %v_22[5.3,] 
		 5: %self->tag_url %self[2.0,2.0,] %v_23[5.4,] 
		 6: %v_24[5.5,] %self[2.0,2.0,] 
		 7: 
		 8: 
		 9: %self[2.0,2.0,] 
		 10: %v_26->tag %v_26[5.9,] 
		 11: 
		 12: %self[2.0,2.0,] 
		 13: %v_29->description %v_29[5.12,] 
		 14: 
		 15: %v_25[5.8,] %v_27[5.10,] %v_28[5.11,] %v_30[5.13,] %v_31[5.14,] 
		 16: 
		 17: 
		 18: %self[2.0,2.0,] 
		 19: %v_34->tag %v_34[5.18,] 
		 20: 
		 21: %v_35[5.19,] %v_36[5.20,] %v_33[5.16,] 
		 22: %v_37[5.21,] %v_32[5.15,] 
		 23: %self[2.0,2.0,] %v_38[5.22,] 
		 24: 
		 25: %self->respond_to %self[2.0,2.0,2.0,2.0,] 
CLOSURE BEGIN
BB 1
	outgoing: 6 2 
	datadep: 
	instructions:
BB 2
	outgoing: 3 
	datadep: 
	instructions:
		 0: 
		 1: 
		 2: 
		 3: 
		 4: 
BB 3
	outgoing: 4 6 
	datadep: 2 2 2 2 2 2 
	instructions:
		 0: 
		 1: format->html %self[2.0,] format[2.2,] 
CLOSURE BEGIN
BB 1
	outgoing: 6 2 
	datadep: 
	instructions:
BB 2
	outgoing: 3 
	datadep: 
	instructions:
		 0: 
		 1: 
		 2: 
		 3: 
BB 3
	outgoing: 4 6 
	datadep: 2 
	instructions:
		 0: 
		 1: 
		 2: %cl_3_3[3.1,] 
		 3: %self->render %self[2.0,] %cl_3_4[3.2,] 
		 4: RETURN %cl_3_5[3.3,] 
BB 4
	outgoing: 6 
	datadep: 
	instructions:
		 0: 
		 1: %cl_3_6[4.0,] 
		 2: RETURN %cl_3_7[4.1,] 
BB 6
	outgoing: 
	datadep: 
	instructions:
CLOSURE END
		 2: 
		 3: format->rss %self[2.0,] format[2.2,] 
CLOSURE BEGIN
BB 1
	outgoing: 6 2 
	datadep: 
	instructions:
BB 2
	outgoing: 3 
	datadep: 
	instructions:
		 0: 
		 1: 
		 2: 
		 3: 
BB 3
	outgoing: 4 6 
	datadep: 2 
	instructions:
		 0: 
		 1: 
		 2: %cl_4_3[3.1,] 
		 3: %self->render %self[2.0,] %cl_4_4[3.2,] 
		 4: RETURN %cl_4_5[3.3,] 
BB 4
	outgoing: 6 
	datadep: 
	instructions:
		 0: 
		 1: %cl_4_6[4.0,] 
		 2: RETURN %cl_4_7[4.1,] 
BB 6
	outgoing: 
	datadep: 
	instructions:
CLOSURE END
		 4: 
		 5: format->json %self[2.0,] format[2.2,] 
CLOSURE BEGIN
BB 1
	outgoing: 6 2 
	datadep: 
	instructions:
BB 2
	outgoing: 3 
	datadep: 
	instructions:
		 0: 
		 1: 
		 2: 
		 3: 
BB 3
	outgoing: 4 6 
	datadep: 2 2 
	instructions:
		 0: 
		 1: %self[2.0,] 
		 2: %cl_5_3[3.1,] 
		 3: %self->render %self[2.0,] %cl_5_4[3.2,] 
		 4: RETURN %cl_5_5[3.3,] 
BB 4
	outgoing: 6 
	datadep: 
	instructions:
		 0: 
		 1: %cl_5_6[4.0,] 
		 2: RETURN %cl_5_7[4.1,] 
BB 6
	outgoing: 
	datadep: 
	instructions:
CLOSURE END
		 6: RETURN %cl_2_5[3.5,] 
BB 4
	outgoing: 6 
	datadep: 
	instructions:
		 0: 
		 1: %cl_2_6[4.0,] 
		 2: RETURN %cl_2_7[4.1,] 
BB 6
	outgoing: 
	datadep: 
	instructions:
CLOSURE END
		 26: RETURN %v_39[5.25,] 
BB 6
	outgoing: 
	datadep: 
	instructions:

SET IRMethod, name = top
BB 1
	outgoing: 9 2 
	datadep: 
	instructions:
BB 2
	outgoing: 3 4 
	datadep: 
	instructions:
		 0: 
		 1: 
		 2: 
		 3: 
		 4: 
		 5: 
		 6: 
		 7: %self[2.0,] %v_3[2.6,] 
		 8: 
		 9: 
		 10: %v_4[2.9,] 
		 11: %v_5[2.10,] 
		 12: 
		 13: %self->params %self[2.0,] 
		 14: %v_6[2.13,] 
		 15: %v_7->to_s %v_7[2.14,] 
		 16: 
		 17: 
		 18: (TOP_INTVS) 
		 19: %v_11->keys %v_11[2.18,] 
		 20: %v_12->join %v_12[2.19,] 
		 21: 
		 22: %v_13[2.20,] %v_14[2.21,] %v_9[2.16,] %v_10[2.17,] 
		 23: %v_8->match %v_15[2.22,] %v_8[2.15,] 
		 24: %v_16[2.23,] 
		 25: BRANCH %v_16[2.23,] 
BB 3
	outgoing: 5 
	datadep: 2 2 2 2 2 
	instructions:
		 0: 
		 1: m[2.24,] 
		 2: %v_17->to_i %v_17[3.1,] 
		 3: %v_18[3.2,] length[2.11,] 
		 4: 
		 5: (TOP_INTVS) 
		 6: m[2.24,] 
		 7: %v_19[3.5,] %v_20[3.6,] 
		 8: length[3.3,] %v_21[3.7,] 
		 9: 
		 10: %self[2.0,] 
		 11: 
		 12: %self->params %self[2.0,] 
		 13: %v_24[3.12,] 
		 14: %v_25[3.13,] %v_23[3.11,] 
		 15: %v_26[3.14,] %v_22[3.10,] 
		 16: 
BB 4
	outgoing: 5 
	datadep: 
	instructions:
		 0: 
BB 5
	outgoing: 6 7 
	datadep: 3 3 2 2 2 2 2 2 2 2 2 3 3 2 
	instructions:
		 0: 
		 1: length[3.3,3.8,2.11,] 
		 2: %self[2.0,2.0,2.0,2.0,] %v_28[5.1,] 
CLOSURE BEGIN
BB 1
	outgoing: 6 2 
	datadep: 
	instructions:
BB 2
	outgoing: 3 
	datadep: 
	instructions:
		 0: 
		 1: 
		 2: 
		 3: 
BB 3
	outgoing: 4 6 
	datadep: 2 2 
	instructions:
		 0: 
		 1: %self->stories %self[2.0,] 
		 2: %cl_1_3->top %cl_1_3[3.1,] 
		 3: %self->paginate %cl_1_4[3.2,] %self[2.0,] 
		 4: RETURN %cl_1_5[3.3,] 
BB 4
	outgoing: 6 
	datadep: 
	instructions:
		 0: 
		 1: %cl_1_6[4.0,] 
		 2: RETURN %cl_1_7[4.1,] 
BB 6
	outgoing: 
	datadep: 
	instructions:
CLOSURE END
		 3: %v_29[5.2,] 
		 4: %v_30[5.3,] 
		 5: %v_30[5.3,] 
		 6: %self[2.0,2.0,] %v_31[5.4,] 
		 7: %self[2.0,2.0,] %v_32[5.5,] 
		 8: 
		 9: length[3.3,3.8,2.11,] 
		 10: %v_33[5.9,] 
		 11: BRANCH %v_34[5.10,] 
BB 6
	outgoing: 8 
	datadep: 3 3 2 3 3 2 2 2 2 2 
	instructions:
		 0: 
		 1: 
		 2: length[3.3,3.8,2.11,] 
		 3: 
		 4: %v_35[6.1,] %v_36[6.2,] %v_37[6.3,] 
		 5: length[3.3,3.8,2.11,] 
		 6: %v_38[6.4,] %v_39[6.5,] 
		 7: 
		 8: %v_40[6.6,] %v_41[6.7,] 
		 9: %self[2.0,2.0,] %v_42[6.8,] 
		 10: %self[2.0,2.0,] %v_42[6.8,] 
		 11: 
BB 7
	outgoing: 8 
	datadep: 3 3 2 2 2 2 2 
	instructions:
		 0: 
		 1: 
		 2: length[3.3,3.8,2.11,] 
		 3: %v_43[7.1,] %v_44[7.2,] 
		 4: %self[2.0,2.0,] %v_45[7.3,] 
		 5: %self[2.0,2.0,] %v_45[7.3,] 
		 6: %v_45[7.3,] 
BB 8
	outgoing: 9 
	datadep: 2 2 2 2 
	instructions:
		 0: 
		 1: 
		 2: %v_46[8.1,] 
		 3: %self->render %v_47[8.2,] %self[2.0,2.0,2.0,2.0,] 
		 4: RETURN %v_48[8.3,] 
BB 9
	outgoing: 
	datadep: 
	instructions:

SET IRMethod, name = upvoted
BB 1
	outgoing: 6 2 
	datadep: 
	instructions:
BB 2
	outgoing: 3 4 
	datadep: 
	instructions:
		 0: 
		 1: 
		 2: 
		 3: 
		 4: 
		 5: 
		 6: %self[2.0,] 
		 7: %v_3[2.6,] 
		 8: %self[2.0,2.0,] %v_4[2.7,] 
CLOSURE BEGIN
BB 1
	outgoing: 6 2 
	datadep: 
	instructions:
BB 2
	outgoing: 3 
	datadep: 
	instructions:
		 0: 
		 1: 
		 2: 
		 3: 
BB 3
	outgoing: 4 6 
	datadep: 2 2 
	instructions:
		 0: 
		 1: %self[2.0,] 
		 2: %cl_1_3->upvoted_stories %cl_1_3[3.1,] 
		 3: 
		 4: %cl_1_4->order %cl_1_4[3.2,] %cl_1_5[3.3,] 
		 5: %self->paginate %self[2.0,] %cl_1_6[3.4,] 
		 6: RETURN %cl_1_7[3.5,] 
BB 4
	outgoing: 6 
	datadep: 
	instructions:
		 0: 
		 1: %cl_1_8[4.0,] 
		 2: RETURN %cl_1_9[4.1,] 
BB 6
	outgoing: 
	datadep: 
	instructions:
CLOSURE END
		 9: %v_5[2.8,] 
		 10: %v_6[2.9,] 
		 11: %v_6[2.9,] 
		 12: %self[2.0,] %v_7[2.10,] 
		 13: %self[2.0,] %v_8[2.11,] 
		 14: 
		 15: 
		 16: %self[2.0,] %v_9[2.15,] 
		 17: %self[2.0,] %v_9[2.15,] 
		 18: 
		 19: 
		 20: %self[2.0,] %v_10[2.19,] 
		 21: 
		 22: 
		 23: 
		 24: 
		 25: %self[2.0,] 
		 26: BRANCH %v_13[2.25,] 
BB 3
	outgoing: 5 
	datadep: 2 
	instructions:
		 0: 
		 1: %self[2.0,] 
		 2: %v_15->rss_token %v_15[3.1,] 
		 3: %v_14[3.0,] %v_16[3.2,] 
		 4: 
BB 4
	outgoing: 5 
	datadep: 
	instructions:
		 0: 
		 1: %v_18[4.0,] 
BB 5
	outgoing: 6 
	datadep: 4 3 2 2 2 2 2 2 2 2 2 2 
	instructions:
		 0: %v_17[4.1,3.3,] %v_12[2.23,2.23,] 
		 1: %v_19[5.0,] %v_11[2.22,2.22,] 
		 2: %self[2.0,2.0,] %v_20[5.1,] 
		 3: 
		 4: %self->respond_to %self[2.0,2.0,2.0,2.0,] 
CLOSURE BEGIN
BB 1
	outgoing: 6 2 
	datadep: 
	instructions:
BB 2
	outgoing: 3 
	datadep: 
	instructions:
		 0: 
		 1: 
		 2: 
		 3: 
		 4: 
BB 3
	outgoing: 4 6 
	datadep: 2 2 2 2 2 2 
	instructions:
		 0: 
		 1: format->html %self[2.0,] format[2.2,] 
CLOSURE BEGIN
BB 1
	outgoing: 6 2 
	datadep: 
	instructions:
BB 2
	outgoing: 3 
	datadep: 
	instructions:
		 0: 
		 1: 
		 2: 
		 3: 
BB 3
	outgoing: 4 6 
	datadep: 2 
	instructions:
		 0: 
		 1: 
		 2: %cl_3_3[3.1,] 
		 3: %self->render %self[2.0,] %cl_3_4[3.2,] 
		 4: RETURN %cl_3_5[3.3,] 
BB 4
	outgoing: 6 
	datadep: 
	instructions:
		 0: 
		 1: %cl_3_6[4.0,] 
		 2: RETURN %cl_3_7[4.1,] 
BB 6
	outgoing: 
	datadep: 
	instructions:
CLOSURE END
		 2: 
		 3: format->rss %self[2.0,] format[2.2,] 
CLOSURE BEGIN
BB 1
	outgoing: 11 2 
	datadep: 
	instructions:
BB 2
	outgoing: 4 5 
	datadep: 
	instructions:
		 0: 
		 1: 
		 2: 
		 3: 
		 4: 
		 5: %self[2.0,] 
		 6: BRANCH %cl_4_3[2.5,] 
BB 4
	outgoing: 5 9 
	datadep: 2 
	instructions:
		 0: %self->params %self[2.0,] 
		 1: %cl_4_4[4.0,] 
		 2: %cl_4_5->present? %cl_4_5[4.1,] 
		 3: %cl_4_6[4.2,] 
BB 5
	outgoing: 6 7 
	datadep: 4 2 
	instructions:
		 0: BRANCH %cl_4_3[4.3,2.5,] 
BB 6
	outgoing: 8 9 
	datadep: 2 2 2 2 2 2 
	instructions:
		 0: 
		 1: %self[2.0,2.0,] 
		 2: 
		 3: %self[2.0,2.0,] 
		 4: %cl_4_9->username %cl_4_9[6.3,] 
		 5: %cl_4_8[6.2,] %cl_4_10[6.4,] 
		 6: %cl_4_7[6.1,] %cl_4_11[6.5,] 
		 7: %self[2.0,2.0,] %cl_4_12[6.6,] 
		 8: 
BB 7
	outgoing: 8 
	datadep: 
	instructions:
		 0: 
BB 8
	outgoing: 9 11 
	datadep: 2 2 2 2 
	instructions:
		 0: 
		 1: 
		 2: %cl_4_13[8.1,] 
		 3: %self->render %self[2.0,2.0,2.0,2.0,] %cl_4_14[8.2,] 
		 4: RETURN %cl_4_15[8.3,] 
BB 9
	outgoing: 11 
	datadep: 
	instructions:
		 0: 
		 1: %cl_4_16[9.0,] 
		 2: RETURN %cl_4_17[9.1,] 
BB 11
	outgoing: 
	datadep: 
	instructions:
CLOSURE END
		 4: 
		 5: format->json %self[2.0,] format[2.2,] 
CLOSURE BEGIN
BB 1
	outgoing: 6 2 
	datadep: 
	instructions:
BB 2
	outgoing: 3 
	datadep: 
	instructions:
		 0: 
		 1: 
		 2: 
		 3: 
BB 3
	outgoing: 4 6 
	datadep: 2 2 
	instructions:
		 0: 
		 1: %self[2.0,] 
		 2: %cl_5_3[3.1,] 
		 3: %self->render %self[2.0,] %cl_5_4[3.2,] 
		 4: RETURN %cl_5_5[3.3,] 
BB 4
	outgoing: 6 
	datadep: 
	instructions:
		 0: 
		 1: %cl_5_6[4.0,] 
		 2: RETURN %cl_5_7[4.1,] 
BB 6
	outgoing: 
	datadep: 
	instructions:
CLOSURE END
		 6: RETURN %cl_2_5[3.5,] 
BB 4
	outgoing: 6 
	datadep: 
	instructions:
		 0: 
		 1: %cl_2_6[4.0,] 
		 2: RETURN %cl_2_7[4.1,] 
BB 6
	outgoing: 
	datadep: 
	instructions:
CLOSURE END
		 5: RETURN %v_21[5.4,] 
BB 6
	outgoing: 
	datadep: 
	instructions:

SET IRMethod, name = filtered_tag_ids
BB 1
	outgoing: 6 2 
	datadep: 
	instructions:
BB 2
	outgoing: 3 4 
	datadep: 
	instructions:
		 0: 
		 1: 
		 2: 
		 3: 
		 4: 
		 5: 
		 6: 
		 7: %self[2.0,] 
		 8: BRANCH %v_3[2.7,] 
BB 3
	outgoing: 6 
	datadep: 2 2 
	instructions:
		 0: %self[2.0,] 
		 1: %v_4->tag_filters %v_4[3.0,] 
		 2: %v_5->map %self[2.0,] %v_5[3.1,] 
CLOSURE BEGIN
BB 1
	outgoing: 6 2 
	datadep: 
	instructions:
BB 2
	outgoing: 3 
	datadep: 
	instructions:
		 0: 
		 1: 
		 2: 
		 3: 
		 4: 
BB 3
	outgoing: 4 6 
	datadep: 2 
	instructions:
		 0: 
		 1: tf->tag_id tf[2.2,] 
		 2: RETURN %cl_1_3[3.1,] 
BB 4
	outgoing: 6 
	datadep: 
	instructions:
		 0: 
		 1: %cl_1_4[4.0,] 
		 2: RETURN %cl_1_5[4.1,] 
BB 6
	outgoing: 
	datadep: 
	instructions:
CLOSURE END
		 3: RETURN %v_6[3.2,] 
BB 4
	outgoing: 6 
	datadep: 2 2 
	instructions:
		 0: 
		 1: %self->tags_filtered_by_cookie %self[2.0,] 
		 2: %v_7->map %self[2.0,] %v_7[4.1,] 
CLOSURE BEGIN
BB 1
	outgoing: 6 2 
	datadep: 
	instructions:
BB 2
	outgoing: 3 
	datadep: 
	instructions:
		 0: 
		 1: 
		 2: 
		 3: 
		 4: 
BB 3
	outgoing: 4 6 
	datadep: 2 
	instructions:
		 0: 
		 1: t->id t[2.2,] 
		 2: RETURN %cl_2_3[3.1,] 
BB 4
	outgoing: 6 
	datadep: 
	instructions:
		 0: 
		 1: %cl_2_4[4.0,] 
		 2: RETURN %cl_2_5[4.1,] 
BB 6
	outgoing: 
	datadep: 
	instructions:
CLOSURE END
		 3: RETURN %v_8[4.2,] 
BB 6
	outgoing: 
	datadep: 
	instructions:

SET IRMethod, name = stories
BB 1
	outgoing: 3 2 
	datadep: 
	instructions:
BB 2
	outgoing: 3 
	datadep: 
	instructions:
		 0: 
		 1: 
		 2: 
		 3: 
		 4: 
		 5: 
		 6: (StoryRepository) 
		 7: %self[2.0,] 
		 8: %self->filtered_tag_ids %self[2.0,] 
		 9: %v_5[2.8,] 
		 10: %v_3->new %v_4[2.7,] %v_3[2.6,] %v_6[2.9,] 
		 11: RETURN %v_7[2.10,] 
BB 3
	outgoing: 
	datadep: 
	instructions:

SET IRMethod, name = page
BB 1
	outgoing: 6 2 
	datadep: 
	instructions:
BB 2
	outgoing: 3 4 
	datadep: 
	instructions:
		 0: 
		 1: 
		 2: 
		 3: 
		 4: 
		 5: 
		 6: %self->params %self[2.0,] 
		 7: %v_3[2.6,] 
		 8: %v_4->to_i %v_4[2.7,] 
		 9: %v_5[2.8,] 
		 10: BRANCH %v_6[2.9,] 
BB 3
	outgoing: 6 
	datadep: 2 
	instructions:
		 0: %self->params %self[2.0,] 
		 1: %v_7[3.0,] 
		 2: %v_8->to_i %v_8[3.1,] 
		 3: RETURN %v_9[3.2,] 
BB 4
	outgoing: 6 
	datadep: 
	instructions:
		 0: RETURN 
BB 6
	outgoing: 
	datadep: 
	instructions:

SET IRMethod, name = paginate
BB 1
	outgoing: 3 2 
	datadep: 
	instructions:
BB 2
	outgoing: 3 
	datadep: 
	instructions:
		 0: 
		 1: 
		 2: 
		 3: 
		 4: 
		 5: 
		 6: 
		 7: (StoriesPaginator) 
		 8: %self->page %self[2.0,] 
		 9: %self[2.0,] 
		 10: %v_3->new %v_4[2.8,] %v_5[2.9,] %v_3[2.7,] scope[2.5,] 
		 11: %v_6->get %v_6[2.10,] 
		 12: RETURN %v_7[2.11,] 
BB 3
	outgoing: 
	datadep: 
	instructions:

SET IRMethod, name = get_from_cache
BB 1
	outgoing: 12 2 
	datadep: 
	instructions:
BB 2
	outgoing: 3 4 
	datadep: 
	instructions:
		 0: 
		 1: 
		 2: 
		 3: 
		 4: 
		 5: 
		 6: opts[2.5,] 
BB 3
	outgoing: 4 
	datadep: 
	instructions:
		 0: 
		 1: %v_3[3.0,] 
BB 4
	outgoing: 5 6 
	datadep: 
	instructions:
		 0: 
		 1: %v_4[4.0,] 
		 2: 
		 3: (Rails) 
		 4: %v_5->env %v_5[4.3,] 
		 5: %v_6->development? %v_6[4.4,] 
		 6: BRANCH %v_7[4.5,] 
BB 5
	outgoing: 6 
	datadep: 2 2 
	instructions:
		 0: %self[2.0,2.0,] 
		 1: %v_8[5.0,] 
BB 6
	outgoing: 7 8 
	datadep: 5 4 
	instructions:
		 0: BRANCH %v_7[5.1,4.5,] 
BB 7
	outgoing: 8 
	datadep: 2 2 2 2 
	instructions:
		 0: %self->tags_filtered_by_cookie %self[2.0,2.0,2.0,2.0,] 
		 1: %v_9->any? %v_9[7.0,] 
		 2: %v_10[7.1,] 
BB 8
	outgoing: 9 10 
	datadep: 7 5 4 
	instructions:
		 0: BRANCH %v_7[7.2,5.1,4.5,] 
BB 9
	outgoing: 12 
	datadep: 2 2 2 2 2 2 
	instructions:
		 0: 
		 1: %v_0[2.1,2.1,2.1,2.1,2.1,2.1,] 
		 2: RETURN %v_11[9.1,] 
BB 10
	outgoing: 12 
	datadep: 2 2 2 2 2 2 3 2 3 2 3 2 2 2 2 2 2 2 4 4 4 4 
	instructions:
		 0: 
		 1: %self->page %self[2.0,2.0,2.0,2.0,2.0,2.0,] 
		 2: %v_12[10.1,] 
		 3: opts->merge %v_13[10.2,] opts[3.1,2.5,3.1,2.5,3.1,2.5,] 
		 4: %v_14->sort %v_14[10.3,] 
		 5: %v_15->map %v_15[10.4,] %self[2.0,2.0,2.0,2.0,2.0,2.0,] 
CLOSURE BEGIN
BB 1
	outgoing: 6 2 
	datadep: 
	instructions:
BB 2
	outgoing: 3 
	datadep: 
	instructions:
		 0: 
		 1: 
		 2: 
		 3: 
		 4: 
		 5: 
BB 3
	outgoing: 4 6 
	datadep: 2 2 
	instructions:
		 0: 
		 1: 
		 2: v->to_param v[2.3,] 
		 3: k[2.2,] %cl_1_3[3.1,] %cl_1_4[3.2,] 
		 4: RETURN %cl_1_5[3.3,] 
BB 4
	outgoing: 6 
	datadep: 
	instructions:
		 0: 
		 1: %cl_1_6[4.0,] 
		 2: RETURN %cl_1_7[4.1,] 
BB 6
	outgoing: 
	datadep: 
	instructions:
CLOSURE END
		 6: 
		 7: %v_16->join %v_16[10.5,] %v_17[10.6,] 
		 8: %v_18[10.7,] 
		 9: 
		 10: (Rails) 
		 11: %v_19->cache %v_19[10.10,] 
		 12: 
		 13: key[10.8,] %v_21[10.12,] 
		 14: 
		 15: %v_20->fetch %v_20[10.11,] block[4.1,4.1,4.1,4.1,] %v_22[10.13,] %v_23[10.14,] 
		 16: RETURN %v_24[10.15,] 
BB 12
	outgoing: 
	datadep: 
	instructions:

