SET IRMethod, name = show
BB 1
	outgoing: 3 2 
	datadep: 
	instructions:
BB 2
	outgoing: 3 
	datadep: 
	instructions:
		 0: def_%self 
		 1: def_%v_0 
		 2: COPY TYPE_CurrentScope def_%current_scope 
		 3: COPY TYPE_ScopeModule def_%current_module 
		 4: 
		 5: 
		 6: %self->params def_%v_3 %self[2.0,] 	 ARGS:
		 7: %v_3->[] def_%v_4 %v_3[2.6,] 	 ARGS:Symbol,
		 8: HASH-id- def_%v_5 %v_4[2.7,] 
		 9: %self->edit_category_type_path def_%v_6 %self[2.0,2.6,] %v_5[2.8,] 	 ARGS:%v_5,
		 10: %self->redirect_to def_%v_7 %self[2.0,2.6,2.9,] %v_6[2.9,] 	 ARGS:%v_6,
		 11: RETURN %v_7[2.10,] %self[2.0,2.6,2.9,2.10,] 
BB 3
	outgoing: 
	datadep: 
	instructions:

SET IRMethod, name = create
BB 1
	outgoing: 3 2 
	datadep: 
	instructions:
BB 2
	outgoing: 3 
	datadep: 
	instructions:
		 0: def_%self 
		 1: def_%v_0 
		 2: COPY TYPE_CurrentScope def_%current_scope 
		 3: COPY TYPE_ScopeModule def_%current_module 
		 4: 
		 5: 
		 6: %self->params def_%v_3 %self[2.0,] 	 ARGS:
		 7: %self->category_types_path def_%v_4 %self[2.0,2.6,] 	 ARGS:
		 8: ATTRASSIGN %v_3->[] %v_4[2.7,] 
		 9: 
		 10: %current_module->create def_%v_5 %current_module[2.3,] %v_0[2.1,] 	 ARGS:
		 11: RETURN %v_5[2.10,] %self[2.0,2.6,2.7,] 
BB 3
	outgoing: 
	datadep: 
	instructions:

