SET IRMethod, name = cleanup_before_abandoning instanceMethod = true
BB 1
	outgoing: 3 2 
	datadep: 
	instructions:
BB 2
	outgoing: 3 
	datadep: 
	instructions:
		 0: def_%self 
		 1: def_%v_0 
		 2: COPY TYPE_CurrentScope def_%current_scope 
		 3: COPY TYPE_ScopeModule def_%current_module 
		 4: 
		 5: 
		 6: COPY TYPE_StringLiteral "new" def_%v_3 
		 7: COPY TYPE_StringLiteral "create" def_%v_4 
		 8: COPY TYPE_Array def_%v_5 %v_3[2.6,] %v_4[2.7,] 
		 9: %self->action_name def_%v_6 %self[2.0,] 	 SYMBOL:	 ARGS:
		 10: %v_5->include? def_%v_7 %v_5[2.8,] %v_6[2.9,] 	 SYMBOL:	 ARGS:%v_6,
		 11: RETURN %v_7[2.10,] %self[2.0,2.9,] 
BB 3
	outgoing: 
	datadep: 
	instructions:

SET IRMethod, name = new instanceMethod = true
BB 1
	outgoing: 3 2 
	datadep: 
	instructions:
BB 2
	outgoing: 3 
	datadep: 
	instructions:
		 0: def_%self 
		 1: def_%v_0 
		 2: COPY TYPE_CurrentScope def_%current_scope 
		 3: COPY TYPE_ScopeModule def_%current_module 
		 4: 
		 5: 
		 6: %self->super def_%v_3 %v_0[2.1,] 	 SYMBOL:	 ARGS:
		 7: 
		 8: GETFIELD %self->block def_%v_4 %self[2.0,] 
		 9: COPY TYPE_StringLiteral "Thanks for filling out this form." def_%v_5 
		 10: ATTRASSIGN %v_4->confirmation_text %v_5[2.9,] 
		 11: 
		 12: GETFIELD %self->block def_%v_6 %self[2.0,] 
		 13: %v_6->save! def_%v_7 %v_6[2.12,] 	 SYMBOL:	 ARGS:
		 14: RETURN %v_7[2.13,] %self[2.0,] 
BB 3
	outgoing: 
	datadep: 
	instructions:

SET IRMethod, name = associate_form_fields instanceMethod = true
BB 1
	outgoing: 3 2 
	datadep: 
	instructions:
BB 2
	outgoing: 3 
	datadep: 
	instructions:
		 0: def_%self 
		 1: def_%v_0 
		 2: COPY TYPE_CurrentScope def_%current_scope 
		 3: COPY TYPE_ScopeModule def_%current_module 
		 4: 
		 5: 
		 6: %self->params def_%v_3 %self[2.0,] 	 SYMBOL:	 ARGS:
		 7: %v_3->[] def_%v_4 %v_3[2.6,] 	 SYMBOL:field_ids,	 ARGS:Symbol,
		 8: COPY TYPE_StringLiteral " " def_%v_5 
		 9: %v_4->split def_%v_6 %v_4[2.7,] %v_5[2.8,] 	 SYMBOL:	 ARGS:%v_5,
		 10: COPY TYPE_PASS def_field_ids %v_6[2.9,] 
		 11: 
		 12: %self->params def_%v_7 %self[2.0,2.6,] 	 SYMBOL:	 ARGS:
		 13: %v_7->[] def_%v_8 %v_7[2.12,] 	 SYMBOL:form,	 ARGS:Symbol,
		 14: ATTRASSIGN %v_8->[] field_ids[2.10,] 
		 15: RETURN field_ids[2.10,] %self[2.0,2.6,2.12,] 
BB 3
	outgoing: 
	datadep: 
	instructions:

SET IRMethod, name = strip_new_entry_params instanceMethod = true
BB 1
	outgoing: 3 2 
	datadep: 
	instructions:
BB 2
	outgoing: 3 
	datadep: 
	instructions:
		 0: def_%self 
		 1: def_%v_0 
		 2: COPY TYPE_CurrentScope def_%current_scope 
		 3: COPY TYPE_ScopeModule def_%current_module 
		 4: 
		 5: 
		 6: %self->params def_%v_3 %self[2.0,] 	 SYMBOL:	 ARGS:
		 7: %v_3->[] def_%v_4 %v_3[2.6,] 	 SYMBOL:form,	 ARGS:Symbol,
		 8: %v_4->delete def_%v_5 %v_4[2.7,] 	 SYMBOL:new_entry,	 ARGS:Symbol,
		 9: RETURN %v_5[2.8,] %self[2.0,2.6,] 
BB 3
	outgoing: 
	datadep: 
	instructions:

