SET IRMethod, name = update
BB 1
	outgoing: 9 2 
	datadep: 
	instructions:
BB 2
	outgoing: 3 4 
	datadep: 
	instructions:
		 0: def_%self 
		 1: def_%v_0 
		 2: COPY TYPE_CurrentScope def_%current_scope 
		 3: COPY TYPE_ScopeModule def_%current_module 
		 4: 
		 5: 
		 6: (Content) def_%v_3 
		 7: %self->params def_%v_4 %self[2.0,] 	 ARGS:
		 8: %v_4->[] def_%v_5 %v_4[2.7,] 	 ARGS:Symbol,
		 9: %self->params def_%v_6 %self[2.0,2.7,] 	 ARGS:
		 10: %v_6->[] def_%v_7 %v_6[2.9,] 	 ARGS:Symbol,
		 11: %v_3->find_draft def_%v_8 %v_3[2.6,] %v_5[2.8,] %v_7[2.10,] 	 ARGS:%v_5,%v_7,
		 12: COPY TYPE_PASS def_content_block %v_8[2.11,] 
		 13: 
		 14: %self->filtered_content def_%v_9 %self[2.0,2.7,2.9,] %v_8[2.11,] 	 ARGS:content_block,
		 15: content_block->update_attributes def_%v_10 content_block[2.12,] %v_9[2.14,] 	 ARGS:%v_9,
		 16: 
		 17: (Page) def_%v_11 
		 18: %self->params def_%v_12 %self[2.0,2.7,2.9,2.14,] 	 ARGS:
		 19: %v_12->[] def_%v_13 %v_12[2.18,] 	 ARGS:Symbol,
		 20: %v_13->to_i def_%v_14 %v_13[2.19,] 	 ARGS:
		 21: %v_11->find_draft def_%v_15 %v_11[2.17,] %v_14[2.20,] 	 ARGS:%v_14,
		 22: ATTRASSIGN %self->page %v_15[2.21,] 
		 23: 
		 24: GETFIELD %self->page def_%v_16 %self[2.0,2.7,2.9,2.14,2.18,2.22,] 
		 25: %v_16->live? def_%v_17 %v_16[2.24,] 	 ARGS:
		 26: %v_17->! def_%v_18 %v_17[2.25,] 	 ARGS:
		 27: BRANCH %v_18[2.26,] 
BB 3
	outgoing: 5 
	datadep: 
	instructions:
		 0: 
		 1: COPY TYPE_StringLiteral def_%v_19 
		 2: COPY TYPE_PASS def_page_status %v_19[3.1,] 
		 3: 
		 4: COPY TYPE_StringLiteral def_%v_20 
		 5: COPY TYPE_PASS def_status_label %v_20[3.4,] 
		 6: 
BB 4
	outgoing: 5 
	datadep: 
	instructions:
		 0: 
		 1: COPY TYPE_StringLiteral def_%v_21 
		 2: COPY TYPE_PASS def_page_status %v_21[4.1,] 
		 3: 
		 4: COPY TYPE_StringLiteral def_%v_22 
		 5: COPY TYPE_PASS def_status_label %v_22[4.4,] 
		 6: COPY TYPE_PASS def_%v_20 %v_22[4.4,] 
BB 5
	outgoing: 6 7 
	datadep: 
	instructions:
		 0: 
		 1: COPY TYPE_Array def_%v_23 
		 2: COPY TYPE_PASS def_routes %v_23[5.1,] 
		 3: 
		 4: %self->params def_%v_24 %self[2.0,2.22,] 	 ARGS:
		 5: %v_24->[] def_%v_25 %v_24[5.4,] 	 ARGS:Symbol,
		 6: BRANCH %v_25[5.5,] 
BB 6
	outgoing: 8 
	datadep: 
	instructions:
		 0: 
		 1: GETFIELD %self->page def_%v_26 %self[2.0,2.22,] 
		 2: %self->params def_%v_27 %self[2.0,2.22,] 	 ARGS:
		 3: %v_27->[] def_%v_28 %v_27[6.2,] 	 ARGS:Symbol,
		 4: %v_28->to_sym def_%v_29 %v_28[6.3,] 	 ARGS:
		 5: %v_26->current_connectors def_%v_30 %v_26[6.1,] %v_29[6.4,] 	 ARGS:%v_29,
		 6: COPY TYPE_PASS def_connectors %v_30[6.5,] 
		 7: 
		 8: %v_30->each def_%v_31 %v_30[6.5,] %self[6.2,2.0,2.22,] 	 ARGS:%v_30,
CLOSURE BEGIN: %self[6.2,2.0,2.22,] c[] routes[5.2,] 
BB 1
	outgoing: 6 2 
	datadep: 
	instructions:
BB 2
	outgoing: 3 
	datadep: 
	instructions:
		 0: def_%self 
		 1: def_%cl_1_0 
		 2: RECEIVEARG def_c 
		 3: COPY TYPE_CurrentScope def_%current_scope 
		 4: COPY TYPE_ScopeModule def_%current_module 
BB 3
	outgoing: 4 6 
	datadep: 
	instructions:
		 0: 
		 1: %self->cms def_%cl_1_3 %self[2.0,] 	 ARGS:
		 2: HASH-format- def_%cl_1_4 
		 3: %cl_1_3->move_up_connector_path def_%cl_1_5 %cl_1_3[3.1,] c[2.2,] %cl_1_4[3.2,] 	 ARGS:c,%cl_1_4,
		 4: %self->cms def_%cl_1_6 %self[3.1,2.0,] 	 ARGS:
		 5: HASH-format- def_%cl_1_7 
		 6: %cl_1_6->move_down_connector_path def_%cl_1_8 %cl_1_6[3.4,] c[2.2,] %cl_1_7[3.5,] 	 ARGS:c,%cl_1_7,
		 7: %self->cms def_%cl_1_9 %self[3.1,3.4,2.0,] 	 ARGS:
		 8: HASH-format- def_%cl_1_10 
		 9: %cl_1_9->connector_path def_%cl_1_11 %cl_1_9[3.7,] c[2.2,] %cl_1_10[3.8,] 	 ARGS:c,%cl_1_10,
		 10: HASH-move_up-move_down-remove- def_%cl_1_12 %cl_1_5[3.3,] %cl_1_8[3.6,] %cl_1_11[3.9,] 
		 11: routes-><< def_%cl_1_13 routes[] %cl_1_12[3.10,] 	 ARGS:%cl_1_12,
		 12: RETURN %cl_1_13[3.11,] %self[3.1,3.4,3.7,2.0,] 
BB 4
	outgoing: 6 
	datadep: 
	instructions:
		 0: def_%cl_1_14 
		 1: def_%cl_1_15 %cl_1_14[4.0,] 
		 2: RETURN %cl_1_15[4.1,] %self[2.0,] 
BB 6
	outgoing: 
	datadep: 
	instructions:
CLOSURE END
		 9: 
BB 7
	outgoing: 8 
	datadep: 
	instructions:
		 0: COPY TYPE_Nil def_%v_31 
BB 8
	outgoing: 9 
	datadep: 
	instructions:
		 0: 
		 1: GETFIELD %self->page def_%v_32 %self[2.0,2.22,] 
		 2: %v_32->title def_%v_33 %v_32[8.1,] 	 ARGS:
		 3: %self->params def_%v_34 %self[2.0,2.22,] 	 ARGS:
		 4: %v_34->[] def_%v_35 %v_34[8.3,] 	 ARGS:Symbol,
		 5: %v_35->to_s def_%v_36 %v_35[8.4,] 	 ARGS:
		 6: HASH-page_status-status_label-page_title-container-routes- def_%v_37 page_status[4.2,3.2,] status_label[4.5,3.5,] %v_33[8.2,] %v_36[8.5,] routes[5.2,] 
		 7: COPY TYPE_PASS def_results %v_37[8.6,] 
		 8: 
		 9: HASH-json-layout- def_%v_38 %v_37[8.6,] 
		 10: %self->render def_%v_39 %self[8.3,2.0,2.22,] %v_38[8.9,] 	 ARGS:%v_38,
		 11: RETURN %v_39[8.10,] %self[8.3,8.10,2.0,2.22,] 
BB 9
	outgoing: 
	datadep: 
	instructions:

SET IRMethod, name = filtered_content
BB 1
	outgoing: 3 2 
	datadep: 
	instructions:
BB 2
	outgoing: 3 
	datadep: 
	instructions:
		 0: def_%self 
		 1: def_%v_0 
		 2: COPY TYPE_CurrentScope def_%current_scope 
		 3: COPY TYPE_ScopeModule def_%current_module 
		 4: 
		 5: RECEIVEARG def_content_block 
		 6: 
		 7: (ContentFilter) def_%v_3 
		 8: %v_3->new def_%v_4 %v_3[2.7,] 	 ARGS:
		 9: %self->content_params def_%v_5 %self[2.0,] content_block[2.5,] 	 ARGS:content_block,
		 10: %v_4->filter def_%v_6 %v_4[2.8,] %v_5[2.9,] 	 ARGS:%v_5,
		 11: RETURN %v_6[2.10,] %self[2.0,2.9,] 
BB 3
	outgoing: 
	datadep: 
	instructions:

SET IRMethod, name = content_params
BB 1
	outgoing: 3 2 
	datadep: 
	instructions:
BB 2
	outgoing: 3 
	datadep: 
	instructions:
		 0: def_%self 
		 1: def_%v_0 
		 2: COPY TYPE_CurrentScope def_%current_scope 
		 3: COPY TYPE_ScopeModule def_%current_module 
		 4: 
		 5: RECEIVEARG def_content 
		 6: 
		 7: %self->params def_%v_3 %self[2.0,] 	 ARGS:
		 8: %v_3->require def_%v_4 %v_3[2.7,] 	 ARGS:Symbol,
		 9: content->class def_%v_5 content[2.5,] 	 ARGS:
		 10: %v_5->permitted_params def_%v_6 %v_5[2.9,] 	 ARGS:
		 11: %v_4->permit def_%v_7 %v_4[2.8,] %v_6[2.10,] 	 ARGS:%v_6,
		 12: RETURN %v_7[2.11,] %self[2.0,2.7,] 
BB 3
	outgoing: 
	datadep: 
	instructions:

