SET IRMethod, name = resource instanceMethod = true
BB 1
	outgoing: 3 2 
	datadep: 
	instructions:
BB 2
	outgoing: 3 
	datadep: 
	instructions:
		 0: def_%self 
		 1: def_%v_0 
		 2: COPY TYPE_CurrentScope def_%current_scope 
		 3: COPY TYPE_ScopeModule def_%current_module 
		 4: 
		 5: 
		 6: GETFIELD %self->link def_%v_3 %self[2.0,] 
		 7: RETURN %v_3[2.6,] %self[2.0,] 
BB 3
	outgoing: 
	datadep: 
	instructions:

SET IRMethod, name = resource_param instanceMethod = true
BB 1
	outgoing: 3 2 
	datadep: 
	instructions:
BB 2
	outgoing: 3 
	datadep: 
	instructions:
		 0: def_%self 
		 1: def_%v_0 
		 2: COPY TYPE_CurrentScope def_%current_scope 
		 3: COPY TYPE_ScopeModule def_%current_module 
		 4: 
		 5: 
		 6: RETURN %self[2.0,] 
BB 3
	outgoing: 
	datadep: 
	instructions:

SET IRMethod, name = show instanceMethod = true
BB 1
	outgoing: 3 2 
	datadep: 
	instructions:
BB 2
	outgoing: 3 
	datadep: 
	instructions:
		 0: def_%self 
		 1: def_%v_0 
		 2: COPY TYPE_CurrentScope def_%current_scope 
		 3: COPY TYPE_ScopeModule def_%current_module 
		 4: 
		 5: 
		 6: %self->sitemap_path def_%v_3 %self[2.0,] 	 SYMBOL:	 ARGS:
		 7: %self->redirect_to def_%v_4 %self[2.0,2.6,] %v_3[2.6,] 	 SYMBOL:	 ARGS:%v_3,
		 8: RETURN %v_4[2.7,] %self[2.0,2.6,2.7,] 
BB 3
	outgoing: 
	datadep: 
	instructions:

SET IRMethod, name = new instanceMethod = true
BB 1
	outgoing: 6 2 
	datadep: 
	instructions:
BB 2
	outgoing: 4 6 
	datadep: 
	instructions:
		 0: def_%self 
		 1: def_%v_0 
		 2: COPY TYPE_CurrentScope def_%current_scope 
		 3: COPY TYPE_ScopeModule def_%current_module 
		 4: 
		 5: 
		 6: (Link) def_%v_3 
		 7: GETFIELD %self->section def_%v_4 %self[2.0,] 
		 8: HASH-section- def_%v_5 %v_4[2.7,] 
		 9: %v_3->new def_%v_6 %v_3[2.6,] %v_5[2.8,] 	 SYMBOL:	 ARGS:%v_5,
		 10: ATTRASSIGN %self->link %v_6[2.9,] 
		 11: 
		 12: %self->ruby_code_from_view def_%v_7 %self[2.0,2.10,] 	 SYMBOL:	 ARGS:
		 13: %v_7->ruby_code_from_view def_%v_8 %v_7[2.12,] %self[2.0,2.10,2.12,] 	 SYMBOL:	 ARGS:%v_7,
CLOSURE BEGIN: %self[2.0,2.10,2.12,] i[] modules[] module_name[] type[] menu_item[] prefix[] msg[] f[] 
BB 1
	outgoing: 33 2 
	datadep: 
	instructions:
BB 2
	outgoing: 3 
	datadep: 
	instructions:
		 0: def_%self 
		 1: def_%cl_1_0 
		 2: RECEIVEARG def_rb_from_view 
		 3: COPY TYPE_CurrentScope def_%current_scope 
		 4: COPY TYPE_ScopeModule def_%current_module 
BB 3
	outgoing: 4 5 31 
	datadep: 
	instructions:
		 0: 
		 1: COPY TYPE_StringLiteral "cms/application" def_%cl_1_3 
		 2: %self->javascript_include_tag def_%cl_1_4 %self[2.0,] %cl_1_3[3.1,] 	 SYMBOL:	 ARGS:%cl_1_3,
		 3: 
		 4: %self->cms_content_editor def_%cl_1_5 %self[3.2,2.0,] 	 SYMBOL:	 ARGS:
		 5: %self->javascript_include_tag def_%cl_1_6 %self[3.2,3.4,2.0,] %cl_1_5[3.4,] 	 SYMBOL:	 ARGS:%cl_1_5,
		 6: 
		 7: %self->page_title def_%cl_1_7 %self[3.2,3.4,3.5,2.0,] 	 SYMBOL:	 ARGS:
		 8: 
		 9: COPY TYPE_StringLiteral "cms/application" def_%cl_1_8 
		 10: %self->stylesheet_link_tag def_%cl_1_9 %self[3.2,3.4,3.5,3.7,2.0,] %cl_1_8[3.9,] 	 SYMBOL:	 ARGS:%cl_1_8,
		 11: 
		 12: %self->csrf_meta_tags def_%cl_1_10 %self[3.2,3.4,3.5,3.7,3.10,2.0,] 	 SYMBOL:	 ARGS:
		 13: 
		 14: def_%cl_1_11 %cl_1_0[2.1,] 
		 15: 
		 16: %self->current_user def_%cl_1_12 %self[3.2,3.4,3.5,3.7,3.10,3.12,2.0,] 	 SYMBOL:	 ARGS:
		 17: %cl_1_12->guest? def_%cl_1_13 %cl_1_12[3.16,] 	 SYMBOL:	 ARGS:
		 18: BRANCH %cl_1_13[3.17,] 
BB 4
	outgoing: 6 
	datadep: 
	instructions:
		 0: COPY TYPE_Nil def_%cl_1_14 
		 1: 
BB 5
	outgoing: 6 31 
	datadep: 
	instructions:
		 0: %self->current_user def_%cl_1_15 %self[2.0,] 	 SYMBOL:	 ARGS:
		 1: %cl_1_15->full_name def_%cl_1_16 %cl_1_15[5.0,] 	 SYMBOL:	 ARGS:
		 2: %self->cms def_%cl_1_17 %self[5.0,2.0,] 	 SYMBOL:	 ARGS:
		 3: %self->current_user def_%cl_1_18 %self[5.0,5.2,2.0,] 	 SYMBOL:	 ARGS:
		 4: %cl_1_17->edit_user_path def_%cl_1_19 %cl_1_17[5.2,] %cl_1_18[5.3,] 	 SYMBOL:	 ARGS:%cl_1_18,
		 5: %self->link_to def_%cl_1_20 %self[5.0,5.2,5.3,2.0,] %cl_1_16[5.1,] %cl_1_19[5.4,] 	 SYMBOL:	 ARGS:%cl_1_16,%cl_1_19,
		 6: COPY TYPE_PASS def_%cl_1_14 %cl_1_20[5.5,] 
BB 6
	outgoing: 7 8 31 
	datadep: 
	instructions:
		 0: 
		 1: %self->current_user def_%cl_1_21 %self[2.0,] 	 SYMBOL:	 ARGS:
		 2: %cl_1_21->guest? def_%cl_1_22 %cl_1_21[6.1,] 	 SYMBOL:	 ARGS:
		 3: BRANCH %cl_1_22[6.2,] 
BB 7
	outgoing: 9 
	datadep: 
	instructions:
		 0: COPY TYPE_Nil def_%cl_1_23 
		 1: 
BB 8
	outgoing: 9 31 
	datadep: 
	instructions:
		 0: COPY TYPE_StringLiteral "Settings" def_%cl_1_24 
		 1: COPY TYPE_StringLiteral "#" def_%cl_1_25 
		 2: %self->link_to def_%cl_1_26 %self[2.0,] %cl_1_24[8.0,] %cl_1_25[8.1,] 	 SYMBOL:	 ARGS:%cl_1_24,%cl_1_25,
		 3: COPY TYPE_PASS def_%cl_1_23 %cl_1_26[8.2,] 
BB 9
	outgoing: 10 11 31 
	datadep: 
	instructions:
		 0: 
		 1: COPY TYPE_StringLiteral "Help" def_%cl_1_27 
		 2: COPY TYPE_StringLiteral "https://github.com/browsermedia/browsercms/wiki" def_%cl_1_28 
		 3: COPY TYPE_StringLiteral "_blank" def_%cl_1_29 
		 4: HASH-target- def_%cl_1_30 %cl_1_29[9.3,] 
		 5: %self->link_to def_%cl_1_31 %self[2.0,] %cl_1_27[9.1,] %cl_1_28[9.2,] %cl_1_30[9.4,] 	 SYMBOL:	 ARGS:%cl_1_27,%cl_1_28,%cl_1_30,
		 6: 
		 7: %self->current_user def_%cl_1_32 %self[9.5,2.0,] 	 SYMBOL:	 ARGS:
		 8: %cl_1_32->guest? def_%cl_1_33 %cl_1_32[9.7,] 	 SYMBOL:	 ARGS:
		 9: BRANCH %cl_1_33[9.8,] 
BB 10
	outgoing: 12 
	datadep: 
	instructions:
		 0: COPY TYPE_Nil def_%cl_1_34 
		 1: 
BB 11
	outgoing: 12 31 
	datadep: 
	instructions:
		 0: COPY TYPE_StringLiteral "Logout" def_%cl_1_35 
		 1: %self->cms def_%cl_1_36 %self[2.0,] 	 SYMBOL:	 ARGS:
		 2: %cl_1_36->logout_path def_%cl_1_37 %cl_1_36[11.1,] 	 SYMBOL:	 ARGS:
		 3: %self->link_to def_%cl_1_38 %self[11.1,2.0,] %cl_1_35[11.0,] %cl_1_37[11.2,] 	 SYMBOL:	 ARGS:%cl_1_35,%cl_1_37,
		 4: COPY TYPE_PASS def_%cl_1_34 %cl_1_38[11.3,] 
BB 12
	outgoing: 13 17 31 
	datadep: 
	instructions:
		 0: 
		 1: COPY TYPE_StringLiteral "cms/logo.png" def_%cl_1_39 
		 2: COPY TYPE_StringLiteral "main-logo" def_%cl_1_40 
		 3: HASH-class- def_%cl_1_41 %cl_1_40[12.2,] 
		 4: %self->image_tag def_%cl_1_42 %self[2.0,] %cl_1_39[12.1,] %cl_1_41[12.3,] 	 SYMBOL:	 ARGS:%cl_1_39,%cl_1_41,
		 5: COPY TYPE_StringLiteral "/" def_%cl_1_43 
		 6: %self->link_to def_%cl_1_44 %self[12.4,2.0,] %cl_1_42[12.4,] %cl_1_43[12.5,] 	 SYMBOL:	 ARGS:%cl_1_42,%cl_1_43,
		 7: 
		 8: %self->current_user def_%cl_1_45 %self[12.4,12.6,2.0,] 	 SYMBOL:	 ARGS:
		 9: %cl_1_45->able_to? def_%cl_1_46 %cl_1_45[12.8,] 	 SYMBOL:edit_content,	 ARGS:Symbol,
		 10: BRANCH %cl_1_46[12.9,] 
BB 13
	outgoing: 14 15 31 
	datadep: 
	instructions:
		 0: 
		 1: COPY TYPE_StringLiteral "Dashboard" def_%cl_1_47 
		 2: %self->cms def_%cl_1_48 %self[2.0,] 	 SYMBOL:	 ARGS:
		 3: %cl_1_48->dashboard_path def_%cl_1_49 %cl_1_48[13.2,] 	 SYMBOL:	 ARGS:
		 4: %self->link_to def_%cl_1_50 %self[13.2,2.0,] %cl_1_47[13.1,] %cl_1_49[13.3,] 	 SYMBOL:	 ARGS:%cl_1_47,%cl_1_49,
		 5: 
		 6: COPY TYPE_StringLiteral "Pages" def_%cl_1_51 
		 7: %self->cms def_%cl_1_52 %self[13.2,13.4,2.0,] 	 SYMBOL:	 ARGS:
		 8: %cl_1_52->sitemap_path def_%cl_1_53 %cl_1_52[13.7,] 	 SYMBOL:	 ARGS:
		 9: %self->link_to def_%cl_1_54 %self[13.2,13.4,13.7,2.0,] %cl_1_51[13.6,] %cl_1_53[13.8,] 	 SYMBOL:	 ARGS:%cl_1_51,%cl_1_53,
		 10: 
		 11: %self->id def_%cl_1_55 %self[13.2,13.4,13.7,13.9,2.0,] 	 SYMBOL:	 ARGS:
		 12: 
		 13: %self->library def_%cl_1_56 %self[13.2,13.4,13.7,13.9,13.11,2.0,] 	 SYMBOL:	 ARGS:
		 14: BRANCH %cl_1_56[13.13,] 
BB 14
	outgoing: 16 31 
	datadep: 
	instructions:
		 0: 
		 1: COPY TYPE_StringLiteral "Text" def_%cl_1_57 
		 2: %self->cms def_%cl_1_58 %self[2.0,] 	 SYMBOL:	 ARGS:
		 3: %cl_1_58->content_library_path def_%cl_1_59 %cl_1_58[14.2,] 	 SYMBOL:	 ARGS:
		 4: %self->nav_link_to def_%cl_1_60 %self[14.2,2.0,] %cl_1_57[14.1,] %cl_1_59[14.3,] 	 SYMBOL:	 ARGS:%cl_1_57,%cl_1_59,
		 5: 
		 6: %self->divider_tag def_%cl_1_61 %self[14.2,14.4,2.0,] 	 SYMBOL:	 ARGS:
		 7: 
BB 15
	outgoing: 16 
	datadep: 
	instructions:
		 0: COPY TYPE_Nil def_%cl_1_61 
BB 16
	outgoing: 18 31 
	datadep: 
	instructions:
		 0: 
		 1: (ContentType) def_%cl_1_62 
		 2: %cl_1_62->available_by_module def_%cl_1_63 %cl_1_62[16.1,] 	 SYMBOL:	 ARGS:
		 3: COPY TYPE_PASS def_modules %cl_1_63[16.2,] 
		 4: 
		 5: %cl_1_63->keys def_%cl_1_64 %cl_1_63[16.2,] 	 SYMBOL:	 ARGS:
		 6: %cl_1_64->sort def_%cl_1_65 %cl_1_64[16.5,] 	 SYMBOL:	 ARGS:
		 7: %cl_1_65->each_with_index def_%cl_1_66 %cl_1_65[16.6,] %self[2.0,] 	 SYMBOL:	 ARGS:%cl_1_65,
CLOSURE BEGIN: %self[2.0,] i[] modules[16.3,] module_name[] type[] 
BB 1
	outgoing: 6 2 
	datadep: 
	instructions:
BB 2
	outgoing: 3 
	datadep: 
	instructions:
		 0: def_%self 
		 1: def_%cl_2_0 
		 2: RECEIVEARG def_module_name 
		 3: RECEIVEARG def_i 
		 4: COPY TYPE_CurrentScope def_%current_scope 
		 5: COPY TYPE_ScopeModule def_%current_module 
BB 3
	outgoing: 4 6 
	datadep: 
	instructions:
		 0: 
		 1: %self->divider_tag def_%cl_2_3 %self[2.0,] i[2.3,] 	 SYMBOL:	 ARGS:i,
		 2: 
		 3: modules->[] def_%cl_2_4 modules[] module_name[2.2,] 	 SYMBOL:	 ARGS:module_name,
		 4: %cl_2_4->each def_%cl_2_5 %cl_2_4[3.3,] %self[3.1,2.0,] 	 SYMBOL:	 ARGS:%cl_2_4,
CLOSURE BEGIN: type[] %self[3.1,2.0,] 
BB 1
	outgoing: 6 2 
	datadep: 
	instructions:
BB 2
	outgoing: 3 
	datadep: 
	instructions:
		 0: def_%self 
		 1: def_%cl_3_0 
		 2: RECEIVEARG def_type 
		 3: COPY TYPE_CurrentScope def_%current_scope 
		 4: COPY TYPE_ScopeModule def_%current_module 
BB 3
	outgoing: 4 6 
	datadep: 
	instructions:
		 0: 
		 1: type->display_name def_%cl_3_3 type[2.2,] 	 SYMBOL:	 ARGS:
		 2: %self->h def_%cl_3_4 %self[2.0,] %cl_3_3[3.1,] 	 SYMBOL:	 ARGS:%cl_3_3,
		 3: %self->engine_aware_path def_%cl_3_5 %self[3.2,2.0,] type[3.1,2.2,] 	 SYMBOL:	 ARGS:type,
		 4: %self->nav_link_to def_%cl_3_6 %self[3.2,3.3,2.0,] %cl_3_4[3.2,] %cl_3_5[3.3,] 	 SYMBOL:	 ARGS:%cl_3_4,%cl_3_5,
		 5: RETURN %cl_3_6[3.4,] %self[3.2,3.3,3.4,2.0,] 
BB 4
	outgoing: 6 
	datadep: 
	instructions:
		 0: def_%cl_3_7 
		 1: def_%cl_3_8 %cl_3_7[4.0,] 
		 2: RETURN %cl_3_8[4.1,] %self[2.0,] 
BB 6
	outgoing: 
	datadep: 
	instructions:
CLOSURE END: 
		 5: RETURN %cl_2_5[3.4,] %self[3.1,2.0,] 
BB 4
	outgoing: 6 
	datadep: 
	instructions:
		 0: def_%cl_2_6 
		 1: def_%cl_2_7 %cl_2_6[4.0,] 
		 2: RETURN %cl_2_7[4.1,] %self[2.0,] 
BB 6
	outgoing: 
	datadep: 
	instructions:
CLOSURE END: i[2.3,] 
		 8: 
BB 17
	outgoing: 18 
	datadep: 
	instructions:
		 0: COPY TYPE_Nil def_%cl_1_66 
BB 18
	outgoing: 19 20 31 
	datadep: 
	instructions:
		 0: 
		 1: %self->current_user def_%cl_1_67 %self[2.0,] 	 SYMBOL:	 ARGS:
		 2: %cl_1_67->able_to? def_%cl_1_68 %cl_1_67[18.1,] 	 SYMBOL:administrate,	 ARGS:Symbol,
		 3: BRANCH %cl_1_68[18.2,] 
BB 19
	outgoing: 21 31 
	datadep: 
	instructions:
		 0: 
		 1: COPY TYPE_StringLiteral "Users" def_%cl_1_69 
		 2: %self->cms def_%cl_1_70 %self[2.0,] 	 SYMBOL:	 ARGS:
		 3: %cl_1_70->users_path def_%cl_1_71 %cl_1_70[19.2,] 	 SYMBOL:	 ARGS:
		 4: %self->nav_link_to def_%cl_1_72 %self[19.2,2.0,] %cl_1_69[19.1,] %cl_1_71[19.3,] 	 SYMBOL:	 ARGS:%cl_1_69,%cl_1_71,
		 5: 
		 6: COPY TYPE_StringLiteral "Groups" def_%cl_1_73 
		 7: %self->cms def_%cl_1_74 %self[19.2,19.4,2.0,] 	 SYMBOL:	 ARGS:
		 8: %cl_1_74->groups_path def_%cl_1_75 %cl_1_74[19.7,] 	 SYMBOL:	 ARGS:
		 9: %self->nav_link_to def_%cl_1_76 %self[19.2,19.4,19.7,2.0,] %cl_1_73[19.6,] %cl_1_75[19.8,] 	 SYMBOL:	 ARGS:%cl_1_73,%cl_1_75,
		 10: 
		 11: %self->divider_tag def_%cl_1_77 %self[19.2,19.4,19.7,19.9,2.0,] 	 SYMBOL:	 ARGS:
		 12: 
		 13: COPY TYPE_StringLiteral "Partials" def_%cl_1_78 
		 14: %self->cms def_%cl_1_79 %self[19.2,19.4,19.7,19.9,19.11,2.0,] 	 SYMBOL:	 ARGS:
		 15: %cl_1_79->page_partials_path def_%cl_1_80 %cl_1_79[19.14,] 	 SYMBOL:	 ARGS:
		 16: %self->nav_link_to def_%cl_1_81 %self[19.2,19.4,19.7,19.9,19.11,19.14,2.0,] %cl_1_78[19.13,] %cl_1_80[19.15,] 	 SYMBOL:	 ARGS:%cl_1_78,%cl_1_80,
		 17: 
		 18: COPY TYPE_StringLiteral "Page Templates" def_%cl_1_82 
		 19: %self->cms def_%cl_1_83 %self[19.2,19.4,19.7,19.9,19.11,19.14,19.16,2.0,] 	 SYMBOL:	 ARGS:
		 20: %cl_1_83->page_templates_path def_%cl_1_84 %cl_1_83[19.19,] 	 SYMBOL:	 ARGS:
		 21: %self->nav_link_to def_%cl_1_85 %self[19.2,19.4,19.7,19.9,19.11,19.14,19.16,19.19,2.0,] %cl_1_82[19.18,] %cl_1_84[19.20,] 	 SYMBOL:	 ARGS:%cl_1_82,%cl_1_84,
		 22: 
		 23: %self->divider_tag def_%cl_1_86 %self[19.2,19.4,19.7,19.9,19.11,19.14,19.16,19.19,19.21,2.0,] 	 SYMBOL:	 ARGS:
		 24: 
		 25: COPY TYPE_StringLiteral "Redirects" def_%cl_1_87 
		 26: %self->cms def_%cl_1_88 %self[19.2,19.4,19.7,19.9,19.11,19.14,19.16,19.19,19.21,19.23,2.0,] 	 SYMBOL:	 ARGS:
		 27: %cl_1_88->redirects_path def_%cl_1_89 %cl_1_88[19.26,] 	 SYMBOL:	 ARGS:
		 28: %self->nav_link_to def_%cl_1_90 %self[19.2,19.4,19.7,19.9,19.11,19.14,19.16,19.19,19.21,19.23,19.26,2.0,] %cl_1_87[19.25,] %cl_1_89[19.27,] 	 SYMBOL:	 ARGS:%cl_1_87,%cl_1_89,
		 29: 
		 30: COPY TYPE_StringLiteral "Routes" def_%cl_1_91 
		 31: %self->cms def_%cl_1_92 %self[19.2,19.4,19.7,19.9,19.11,19.14,19.16,19.19,19.21,19.23,19.26,19.28,2.0,] 	 SYMBOL:	 ARGS:
		 32: %cl_1_92->page_routes_path def_%cl_1_93 %cl_1_92[19.31,] 	 SYMBOL:	 ARGS:
		 33: %self->nav_link_to def_%cl_1_94 %self[19.2,19.4,19.7,19.9,19.11,19.14,19.16,19.19,19.21,19.23,19.26,19.28,19.31,2.0,] %cl_1_91[19.30,] %cl_1_93[19.32,] 	 SYMBOL:	 ARGS:%cl_1_91,%cl_1_93,
		 34: 
		 35: COPY TYPE_StringLiteral "Page Cache" def_%cl_1_95 
		 36: %self->cms def_%cl_1_96 %self[19.2,19.4,19.7,19.9,19.11,19.14,19.16,19.19,19.21,19.23,19.26,19.28,19.31,19.33,2.0,] 	 SYMBOL:	 ARGS:
		 37: %cl_1_96->cache_path def_%cl_1_97 %cl_1_96[19.36,] 	 SYMBOL:	 ARGS:
		 38: %self->nav_link_to def_%cl_1_98 %self[19.2,19.4,19.7,19.9,19.11,19.14,19.16,19.19,19.21,19.23,19.26,19.28,19.31,19.33,19.36,2.0,] %cl_1_95[19.35,] %cl_1_97[19.37,] 	 SYMBOL:	 ARGS:%cl_1_95,%cl_1_97,
		 39: 
		 40: COPY TYPE_StringLiteral "Email Messages" def_%cl_1_99 
		 41: %self->cms def_%cl_1_100 %self[19.2,19.4,19.7,19.9,19.11,19.14,19.16,19.19,19.21,19.23,19.26,19.28,19.31,19.33,19.36,19.38,2.0,] 	 SYMBOL:	 ARGS:
		 42: %cl_1_100->email_messages_path def_%cl_1_101 %cl_1_100[19.41,] 	 SYMBOL:	 ARGS:
		 43: %self->nav_link_to def_%cl_1_102 %self[19.2,19.4,19.7,19.9,19.11,19.14,19.16,19.19,19.21,19.23,19.26,19.28,19.31,19.33,19.36,19.38,19.41,2.0,] %cl_1_99[19.40,] %cl_1_101[19.42,] 	 SYMBOL:	 ARGS:%cl_1_99,%cl_1_101,
		 44: 
		 45: (Rails) def_%cl_1_103 
		 46: %cl_1_103->application def_%cl_1_104 %cl_1_103[19.45,] 	 SYMBOL:	 ARGS:
		 47: %cl_1_104->config def_%cl_1_105 %cl_1_104[19.46,] 	 SYMBOL:	 ARGS:
		 48: %cl_1_105->cms def_%cl_1_106 %cl_1_105[19.47,] 	 SYMBOL:	 ARGS:
		 49: %cl_1_106->tools_menu def_%cl_1_107 %cl_1_106[19.48,] 	 SYMBOL:	 ARGS:
		 50: %cl_1_107->each def_%cl_1_108 %cl_1_107[19.49,] %self[19.2,19.4,19.7,19.9,19.11,19.14,19.16,19.19,19.21,19.23,19.26,19.28,19.31,19.33,19.36,19.38,19.41,19.43,2.0,] 	 SYMBOL:	 ARGS:%cl_1_107,
CLOSURE BEGIN: menu_item[] %self[19.2,19.4,19.7,19.9,19.11,19.14,19.16,19.19,19.21,19.23,19.26,19.28,19.31,19.33,19.36,19.38,19.41,19.43,2.0,] 
BB 1
	outgoing: 6 2 
	datadep: 
	instructions:
BB 2
	outgoing: 3 
	datadep: 
	instructions:
		 0: def_%self 
		 1: def_%cl_4_0 
		 2: RECEIVEARG def_menu_item 
		 3: COPY TYPE_CurrentScope def_%current_scope 
		 4: COPY TYPE_ScopeModule def_%current_module 
BB 3
	outgoing: 4 6 
	datadep: 
	instructions:
		 0: 
		 1: menu_item->[] def_%cl_4_3 menu_item[2.2,] 	 SYMBOL:name,	 ARGS:Symbol,
		 2: menu_item->[] def_%cl_4_4 menu_item[3.1,2.2,] 	 SYMBOL:engine,	 ARGS:Symbol,
		 3: %self->send def_%cl_4_5 %self[2.0,] %cl_4_4[3.2,] 	 SYMBOL:	 ARGS:%cl_4_4,
		 4: menu_item->[] def_%cl_4_6 menu_item[3.1,3.2,2.2,] 	 SYMBOL:route_name,	 ARGS:Symbol,
		 5: %cl_4_5->send def_%cl_4_7 %cl_4_5[3.3,] %cl_4_6[3.4,] 	 SYMBOL:	 ARGS:%cl_4_6,
		 6: %self->nav_link_to def_%cl_4_8 %self[3.3,2.0,] %cl_4_3[3.1,] %cl_4_7[3.5,] 	 SYMBOL:	 ARGS:%cl_4_3,%cl_4_7,
		 7: RETURN %cl_4_8[3.6,] %self[3.3,3.6,2.0,] 
BB 4
	outgoing: 6 
	datadep: 
	instructions:
		 0: def_%cl_4_9 
		 1: def_%cl_4_10 %cl_4_9[4.0,] 
		 2: RETURN %cl_4_10[4.1,] %self[2.0,] 
BB 6
	outgoing: 
	datadep: 
	instructions:
CLOSURE END: 
		 51: 
BB 20
	outgoing: 21 
	datadep: 
	instructions:
		 0: COPY TYPE_Nil def_%cl_1_108 
BB 21
	outgoing: 22 26 31 
	datadep: 
	instructions:
		 0: 
		 1: %self->current_user def_%cl_1_109 %self[2.0,] 	 SYMBOL:	 ARGS:
		 2: %cl_1_109->able_to? def_%cl_1_110 %cl_1_109[21.1,] 	 SYMBOL:edit_content,	 ARGS:Symbol,
		 3: BRANCH %cl_1_110[21.2,] 
BB 22
	outgoing: 23 24 31 
	datadep: 
	instructions:
		 0: 
		 1: COPY TYPE_StringLiteral "New" def_%cl_1_111 
		 2: %self->new_button_path def_%cl_1_112 %self[2.0,] 	 SYMBOL:	 ARGS:
		 3: COPY TYPE_StringLiteral "new-content-button" def_%cl_1_113 
		 4: COPY TYPE_StringLiteral "btn btn-primary" def_%cl_1_114 
		 5: COPY TYPE_StringLiteral "-1" def_%cl_1_115 
		 6: HASH-id-class-tabindex- def_%cl_1_116 %cl_1_113[22.3,] %cl_1_114[22.4,] %cl_1_115[22.5,] 
		 7: %self->menu_button def_%cl_1_117 %self[22.2,2.0,] %cl_1_111[22.1,] %cl_1_112[22.2,] %cl_1_116[22.6,] 	 SYMBOL:	 ARGS:%cl_1_111,%cl_1_112,%cl_1_116,
		 8: 
		 9: def_%cl_1_118 %self[22.2,22.7,2.0,] 
		 10: BRANCH %cl_1_118[22.9,] 
BB 23
	outgoing: 25 
	datadep: 
	instructions:
		 0: COPY TYPE_Nil def_%cl_1_119 
		 1: 
BB 24
	outgoing: 25 
	datadep: 
	instructions:
		 0: 
		 1: COPY TYPE_StringLiteral "" def_%cl_1_120 
		 2: COPY TYPE_PASS def_prefix %cl_1_120[24.1,] 
		 3: COPY TYPE_PASS def_%cl_1_119 %cl_1_120[24.1,] 
BB 25
	outgoing: 27 31 
	datadep: 
	instructions:
		 0: 
		 1: COPY TYPE_StringLiteral "Page" def_%cl_1_121 
		 2: BUILDSTRING def_%cl_1_122 prefix[24.2,] %cl_1_121[25.1,] 
		 3: %self->cms def_%cl_1_123 %self[2.0,] 	 SYMBOL:	 ARGS:
		 4: %self->target_section def_%cl_1_124 %self[25.3,2.0,] 	 SYMBOL:	 ARGS:
		 5: %cl_1_123->new_section_page_path def_%cl_1_125 %cl_1_123[25.3,] %cl_1_124[25.4,] 	 SYMBOL:	 ARGS:%cl_1_124,
		 6: COPY TYPE_StringLiteral "add-page-button" def_%cl_1_126 
		 7: HASH-class- def_%cl_1_127 %cl_1_126[25.6,] 
		 8: %self->nav_link_to def_%cl_1_128 %self[25.3,25.4,2.0,] %cl_1_122[25.2,] %cl_1_125[25.5,] %cl_1_127[25.7,] 	 SYMBOL:	 ARGS:%cl_1_122,%cl_1_125,%cl_1_127,
		 9: 
		 10: COPY TYPE_StringLiteral "Link" def_%cl_1_129 
		 11: BUILDSTRING def_%cl_1_130 prefix[24.2,] %cl_1_129[25.10,] 
		 12: %self->cms def_%cl_1_131 %self[25.3,25.4,25.8,2.0,] 	 SYMBOL:	 ARGS:
		 13: %self->target_section def_%cl_1_132 %self[25.3,25.4,25.8,25.12,2.0,] 	 SYMBOL:	 ARGS:
		 14: %cl_1_131->new_section_link_path def_%cl_1_133 %cl_1_131[25.12,] %cl_1_132[25.13,] 	 SYMBOL:	 ARGS:%cl_1_132,
		 15: COPY TYPE_StringLiteral "add-section-button" def_%cl_1_134 
		 16: HASH-class- def_%cl_1_135 %cl_1_134[25.15,] 
		 17: %self->nav_link_to def_%cl_1_136 %self[25.3,25.4,25.8,25.12,25.13,2.0,] %cl_1_130[25.11,] %cl_1_133[25.14,] %cl_1_135[25.16,] 	 SYMBOL:	 ARGS:%cl_1_130,%cl_1_133,%cl_1_135,
		 18: 
		 19: COPY TYPE_StringLiteral "Section" def_%cl_1_137 
		 20: BUILDSTRING def_%cl_1_138 prefix[24.2,] %cl_1_137[25.19,] 
		 21: %self->cms def_%cl_1_139 %self[25.3,25.4,25.8,25.12,25.13,25.17,2.0,] 	 SYMBOL:	 ARGS:
		 22: %self->target_section def_%cl_1_140 %self[25.3,25.4,25.8,25.12,25.13,25.17,25.21,2.0,] 	 SYMBOL:	 ARGS:
		 23: %cl_1_140->id def_%cl_1_141 %cl_1_140[25.22,] 	 SYMBOL:	 ARGS:
		 24: HASH-section_id- def_%cl_1_142 %cl_1_141[25.23,] 
		 25: %cl_1_139->new_section_path def_%cl_1_143 %cl_1_139[25.21,] %cl_1_142[25.24,] 	 SYMBOL:	 ARGS:%cl_1_142,
		 26: COPY TYPE_StringLiteral "add-link-button" def_%cl_1_144 
		 27: HASH-class- def_%cl_1_145 %cl_1_144[25.26,] 
		 28: %self->nav_link_to def_%cl_1_146 %self[25.3,25.4,25.8,25.12,25.13,25.17,25.21,25.22,2.0,] %cl_1_138[25.20,] %cl_1_143[25.25,] %cl_1_145[25.27,] 	 SYMBOL:	 ARGS:%cl_1_138,%cl_1_143,%cl_1_145,
		 29: 
		 30: %self->divider_tag def_%cl_1_147 %self[25.3,25.4,25.8,25.12,25.13,25.17,25.21,25.22,25.28,2.0,] 	 SYMBOL:	 ARGS:
		 31: 
		 32: (ContentType) def_%cl_1_148 
		 33: %cl_1_148->available_by_module def_%cl_1_149 %cl_1_148[25.32,] 	 SYMBOL:	 ARGS:
		 34: COPY TYPE_PASS def_modules %cl_1_149[25.33,] 
		 35: 
		 36: %cl_1_149->keys def_%cl_1_150 %cl_1_149[25.33,] 	 SYMBOL:	 ARGS:
		 37: %cl_1_150->sort def_%cl_1_151 %cl_1_150[25.36,] 	 SYMBOL:	 ARGS:
		 38: %cl_1_151->each_with_index def_%cl_1_152 %cl_1_151[25.37,] %self[25.3,25.4,25.8,25.12,25.13,25.17,25.21,25.22,25.28,25.30,2.0,] 	 SYMBOL:	 ARGS:%cl_1_151,
CLOSURE BEGIN: %self[25.3,25.4,25.8,25.12,25.13,25.17,25.21,25.22,25.28,25.30,2.0,] i[16.7,] modules[25.34,] module_name[16.7,] type[] 
BB 1
	outgoing: 6 2 
	datadep: 
	instructions:
BB 2
	outgoing: 3 
	datadep: 
	instructions:
		 0: def_%self 
		 1: def_%cl_5_0 
		 2: RECEIVEARG def_module_name 
		 3: RECEIVEARG def_i 
		 4: COPY TYPE_CurrentScope def_%current_scope 
		 5: COPY TYPE_ScopeModule def_%current_module 
BB 3
	outgoing: 4 6 
	datadep: 
	instructions:
		 0: 
		 1: %self->divider_tag def_%cl_5_3 %self[2.0,] i[2.3,] 	 SYMBOL:	 ARGS:i,
		 2: 
		 3: modules->[] def_%cl_5_4 modules[] module_name[2.2,] 	 SYMBOL:	 ARGS:module_name,
		 4: %cl_5_4->each def_%cl_5_5 %cl_5_4[3.3,] %self[3.1,2.0,] 	 SYMBOL:	 ARGS:%cl_5_4,
CLOSURE BEGIN: type[] %self[3.1,2.0,] 
BB 1
	outgoing: 6 2 
	datadep: 
	instructions:
BB 2
	outgoing: 3 
	datadep: 
	instructions:
		 0: def_%self 
		 1: def_%cl_6_0 
		 2: RECEIVEARG def_type 
		 3: COPY TYPE_CurrentScope def_%current_scope 
		 4: COPY TYPE_ScopeModule def_%current_module 
BB 3
	outgoing: 4 6 
	datadep: 
	instructions:
		 0: 
		 1: type->display_name def_%cl_6_3 type[2.2,] 	 SYMBOL:	 ARGS:
		 2: %self->h def_%cl_6_4 %self[2.0,] %cl_6_3[3.1,] 	 SYMBOL:	 ARGS:%cl_6_3,
		 3: %self->new_engine_aware_path def_%cl_6_5 %self[3.2,2.0,] type[3.1,2.2,] 	 SYMBOL:	 ARGS:type,
		 4: COPY TYPE_StringLiteral "create_new_" def_%cl_6_6 
		 5: type->param_key def_%cl_6_7 type[3.1,2.2,] 	 SYMBOL:	 ARGS:
		 6: BUILDSTRING def_%cl_6_8 %cl_6_6[3.4,] %cl_6_7[3.5,] 
		 7: HASH-id- def_%cl_6_9 %cl_6_8[3.6,] 
		 8: %self->nav_link_to def_%cl_6_10 %self[3.2,3.3,2.0,] %cl_6_4[3.2,] %cl_6_5[3.3,] %cl_6_9[3.7,] 	 SYMBOL:	 ARGS:%cl_6_4,%cl_6_5,%cl_6_9,
		 9: RETURN %cl_6_10[3.8,] %self[3.2,3.3,3.8,2.0,] 
BB 4
	outgoing: 6 
	datadep: 
	instructions:
		 0: def_%cl_6_11 
		 1: def_%cl_6_12 %cl_6_11[4.0,] 
		 2: RETURN %cl_6_12[4.1,] %self[2.0,] 
BB 6
	outgoing: 
	datadep: 
	instructions:
CLOSURE END: 
		 5: RETURN %cl_5_5[3.4,] %self[3.1,2.0,] 
BB 4
	outgoing: 6 
	datadep: 
	instructions:
		 0: def_%cl_5_6 
		 1: def_%cl_5_7 %cl_5_6[4.0,] 
		 2: RETURN %cl_5_7[4.1,] %self[2.0,] 
BB 6
	outgoing: 
	datadep: 
	instructions:
CLOSURE END: i[2.3,] 
		 39: 
BB 26
	outgoing: 27 
	datadep: 
	instructions:
		 0: COPY TYPE_Nil def_%cl_1_152 
BB 27
	outgoing: 28 29 31 
	datadep: 
	instructions:
		 0: 
		 1: %self->flash def_%cl_1_153 %self[2.0,] 	 SYMBOL:	 ARGS:
		 2: %cl_1_153->each def_%cl_1_154 %cl_1_153[27.1,] %self[27.1,2.0,] 	 SYMBOL:	 ARGS:%cl_1_153,
CLOSURE BEGIN: %self[27.1,2.0,] msg[] 
BB 1
	outgoing: 6 2 
	datadep: 
	instructions:
BB 2
	outgoing: 3 
	datadep: 
	instructions:
		 0: def_%self 
		 1: def_%cl_7_0 
		 2: RECEIVEARG def_name 
		 3: RECEIVEARG def_msg 
		 4: COPY TYPE_CurrentScope def_%current_scope 
		 5: COPY TYPE_ScopeModule def_%current_module 
BB 3
	outgoing: 4 6 
	datadep: 
	instructions:
		 0: 
		 1: COPY TYPE_StringLiteral "flash-message" def_%cl_7_3 
		 2: HASH-class- def_%cl_7_4 %cl_7_3[3.1,] 
		 3: %self->content_tag def_%cl_7_5 %self[2.0,] %cl_7_4[3.2,] %self[2.0,] 	 SYMBOL:div,	 ARGS:Symbol,%cl_7_4,%self,
CLOSURE BEGIN: msg[2.3,] 
BB 1
	outgoing: 6 2 
	datadep: 
	instructions:
BB 2
	outgoing: 6 
	datadep: 
	instructions:
		 0: def_%self 
		 1: def_%cl_8_0 
		 2: COPY TYPE_CurrentScope def_%current_scope 
		 3: COPY TYPE_ScopeModule def_%current_module 
		 4: 
		 5: RETURN msg[] %self[2.0,] 
BB 6
	outgoing: 
	datadep: 
	instructions:
CLOSURE END: 
		 4: RETURN %cl_7_5[3.3,] %self[3.3,2.0,] 
BB 4
	outgoing: 6 
	datadep: 
	instructions:
		 0: def_%cl_7_6 
		 1: def_%cl_7_7 %cl_7_6[4.0,] 
		 2: RETURN %cl_7_7[4.1,] %self[2.0,] 
BB 6
	outgoing: 
	datadep: 
	instructions:
CLOSURE END: msg[2.3,] 
		 3: 
		 4: %self->content_for? def_%cl_1_155 %self[27.1,2.0,] 	 SYMBOL:before_main_content,	 ARGS:Symbol,
		 5: BRANCH %cl_1_155[27.4,] 
BB 28
	outgoing: 30 31 
	datadep: 
	instructions:
		 0: 
		 1: def_%cl_1_156 %cl_1_0[2.1,] 
		 2: 
BB 29
	outgoing: 30 
	datadep: 
	instructions:
		 0: COPY TYPE_Nil def_%cl_1_156 
BB 30
	outgoing: 31 33 
	datadep: 
	instructions:
		 0: 
		 1: COPY TYPE_StringLiteral "Add a New Link" def_%cl_1_157 
		 2: %self->use_page_title def_%cl_1_158 %self[2.0,] %cl_1_157[30.1,] 	 SYMBOL:	 ARGS:%cl_1_157,
		 3: 
		 4: GETFIELD %self->link def_%cl_1_159 %self[30.2,2.0,] 
		 5: %self->simple_form_for def_%cl_1_160 %self[30.2,2.0,] %cl_1_159[30.4,] %self[30.2,2.0,] 	 SYMBOL:	 ARGS:%cl_1_159,%self,
CLOSURE BEGIN: %self[30.2,2.0,] f[] 
BB 1
	outgoing: 6 2 
	datadep: 
	instructions:
BB 2
	outgoing: 3 
	datadep: 
	instructions:
		 0: def_%self 
		 1: def_%cl_9_0 
		 2: RECEIVEARG def_f 
		 3: COPY TYPE_CurrentScope def_%current_scope 
		 4: COPY TYPE_ScopeModule def_%current_module 
BB 3
	outgoing: 4 6 
	datadep: 
	instructions:
		 0: 
		 1: GETFIELD %self->link def_%cl_9_3 %self[2.0,] 
		 2: %cl_9_3->section_id def_%cl_9_4 %cl_9_3[3.1,] 	 SYMBOL:	 ARGS:
		 3: %self->hidden_field_tag def_%cl_9_5 %self[2.0,] %cl_9_4[3.2,] 	 SYMBOL:section_id,	 ARGS:Symbol,%cl_9_4,
		 4: 
		 5: %self->page_title_with_buttons def_%cl_9_6 %self[3.3,2.0,] f[2.2,] 	 SYMBOL:	 ARGS:f,
		 6: 
		 7: f->input def_%cl_9_7 f[2.2,] 	 SYMBOL:name,	 ARGS:Symbol,
		 8: 
		 9: f->input def_%cl_9_8 f[3.7,2.2,] 	 SYMBOL:url,	 ARGS:Symbol,
		 10: 
		 11: COPY TYPE_StringLiteral "Open In New Window?" def_%cl_9_9 
		 12: HASH-label- def_%cl_9_10 %cl_9_9[3.11,] 
		 13: f->input def_%cl_9_11 f[3.7,3.9,2.2,] %cl_9_10[3.12,] 	 SYMBOL:new_window,	 ARGS:Symbol,%cl_9_10,
		 14: 
		 15: %self->bottom_buttons def_%cl_9_12 %self[3.3,3.5,2.0,] f[3.7,3.9,3.13,2.2,] 	 SYMBOL:	 ARGS:f,
		 16: RETURN %cl_9_12[3.15,] %self[3.3,3.5,3.15,2.0,] 
BB 4
	outgoing: 6 
	datadep: 
	instructions:
		 0: def_%cl_9_13 
		 1: def_%cl_9_14 %cl_9_13[4.0,] 
		 2: RETURN %cl_9_14[4.1,] %self[2.0,] 
BB 6
	outgoing: 
	datadep: 
	instructions:
CLOSURE END: 
		 6: 
		 7: (Time) def_%cl_1_161 
		 8: %cl_1_161->now def_%cl_1_162 %cl_1_161[30.7,] 	 SYMBOL:	 ARGS:
		 9: %cl_1_162->year def_%cl_1_163 %cl_1_162[30.8,] 	 SYMBOL:	 ARGS:
		 10: 
		 11: COPY TYPE_StringLiteral "BrowserMedia" def_%cl_1_164 
		 12: COPY TYPE_StringLiteral "http://www.browsermedia.com" def_%cl_1_165 
		 13: %self->link_to def_%cl_1_166 %self[30.2,30.5,2.0,] %cl_1_164[30.11,] %cl_1_165[30.12,] 	 SYMBOL:	 ARGS:%cl_1_164,%cl_1_165,
		 14: 
		 15: COPY TYPE_StringLiteral "BrowserCMS" def_%cl_1_167 
		 16: COPY TYPE_StringLiteral "http://www.browsercms.org" def_%cl_1_168 
		 17: %self->link_to def_%cl_1_169 %self[30.2,30.5,30.13,2.0,] %cl_1_167[30.15,] %cl_1_168[30.16,] 	 SYMBOL:	 ARGS:%cl_1_167,%cl_1_168,
		 18: 
		 19: (Cms) def_%cl_1_170 
		 20: %cl_1_170->version def_%cl_1_171 %cl_1_170[30.19,] 	 SYMBOL:	 ARGS:
		 21: 
		 22: (Rails) def_%cl_1_172 
		 23: %cl_1_172->version def_%cl_1_173 %cl_1_172[30.22,] 	 SYMBOL:	 ARGS:
		 24: 
		 25: (Rails) def_%cl_1_174 
		 26: %cl_1_174->env def_%cl_1_175 %cl_1_174[30.25,] 	 SYMBOL:	 ARGS:
		 27: RETURN %cl_1_175[30.26,] %self[30.2,30.5,30.13,30.17,2.0,] 
BB 31
	outgoing: 33 
	datadep: 
	instructions:
		 0: def_%cl_1_176 
		 1: def_%cl_1_177 %cl_1_176[31.0,] 
		 2: RETURN %cl_1_177[31.1,] %self[2.0,] 
BB 33
	outgoing: 
	datadep: 
	instructions:
CLOSURE END: prefix[24.2,] modules[16.3,25.34,] 
		 14: RETURN %v_8[2.13,] %self[2.0,2.10,2.12,] 
BB 4
	outgoing: 6 
	datadep: 
	instructions:
		 0: def_%v_9 
		 1: def_%v_10 %v_9[4.0,] 
		 2: RETURN %v_10[4.1,] %self[2.0,2.10,] 
BB 6
	outgoing: 
	datadep: 
	instructions:

SET IRMethod, name = create instanceMethod = true
BB 1
	outgoing: 9 2 
	datadep: 
	instructions:
BB 2
	outgoing: 4 5 7 
	datadep: 
	instructions:
		 0: def_%self 
		 1: def_%v_0 
		 2: COPY TYPE_CurrentScope def_%current_scope 
		 3: COPY TYPE_ScopeModule def_%current_module 
		 4: 
		 5: 
		 6: (Link) def_%v_3 
		 7: %self->link_params def_%v_4 %self[2.0,] 	 SYMBOL:	 ARGS:
		 8: %v_3->new def_%v_5 %v_3[2.6,] %v_4[2.7,] 	 SYMBOL:	 ARGS:%v_4,
		 9: ATTRASSIGN %self->link %v_5[2.8,] 
		 10: 
		 11: GETFIELD %self->link def_%v_6 %self[2.0,2.7,2.9,] 
		 12: GETFIELD %self->section def_%v_7 %self[2.0,2.7,] 
		 13: ATTRASSIGN %v_6->section %v_7[2.12,] 
		 14: 
		 15: GETFIELD %self->link def_%v_8 %self[2.0,2.7,2.9,] 
		 16: %v_8->save def_%v_9 %v_8[2.15,] 	 SYMBOL:	 ARGS:
		 17: BRANCH %v_9[2.16,] 
BB 4
	outgoing: 6 7 
	datadep: 
	instructions:
		 0: 
		 1: %self->flash def_%v_10 %self[2.0,2.9,] 	 SYMBOL:	 ARGS:
		 2: COPY TYPE_StringLiteral "Link was '" def_%v_11 
		 3: GETFIELD %self->link def_%v_12 %self[4.1,2.0,2.9,] 
		 4: %v_12->name def_%v_13 %v_12[4.3,] 	 SYMBOL:	 ARGS:
		 5: COPY TYPE_StringLiteral "' created." def_%v_14 
		 6: BUILDSTRING def_%v_15 %v_11[4.2,] %v_13[4.4,] %v_14[4.5,] 
		 7: ATTRASSIGN %v_10->[] %v_15[4.6,] 
		 8: 
		 9: GETFIELD %self->section def_%v_16 %self[4.1,2.0,] 
		 10: %self->redirect_to def_%v_17 %self[4.1,2.0,2.9,] %v_16[4.9,] 	 SYMBOL:	 ARGS:%v_16,
		 11: 
BB 5
	outgoing: 7 9 
	datadep: 
	instructions:
		 0: 
		 1: %self->ruby_code_from_view def_%v_18 %self[2.0,2.9,] 	 SYMBOL:	 ARGS:
		 2: %v_18->ruby_code_from_view def_%v_19 %v_18[5.1,] %self[5.1,2.0,2.9,] 	 SYMBOL:	 ARGS:%v_18,
CLOSURE BEGIN: %self[5.1,2.0,2.9,] i[] modules[] module_name[] type[] menu_item[] prefix[] msg[] f[] 
BB 1
	outgoing: 33 2 
	datadep: 
	instructions:
BB 2
	outgoing: 3 
	datadep: 
	instructions:
		 0: def_%self 
		 1: def_%cl_1_0 
		 2: RECEIVEARG def_rb_from_view 
		 3: COPY TYPE_CurrentScope def_%current_scope 
		 4: COPY TYPE_ScopeModule def_%current_module 
BB 3
	outgoing: 4 5 31 
	datadep: 
	instructions:
		 0: 
		 1: COPY TYPE_StringLiteral "cms/application" def_%cl_1_3 
		 2: %self->javascript_include_tag def_%cl_1_4 %self[2.0,] %cl_1_3[3.1,] 	 SYMBOL:	 ARGS:%cl_1_3,
		 3: 
		 4: %self->cms_content_editor def_%cl_1_5 %self[3.2,2.0,] 	 SYMBOL:	 ARGS:
		 5: %self->javascript_include_tag def_%cl_1_6 %self[3.2,3.4,2.0,] %cl_1_5[3.4,] 	 SYMBOL:	 ARGS:%cl_1_5,
		 6: 
		 7: %self->page_title def_%cl_1_7 %self[3.2,3.4,3.5,2.0,] 	 SYMBOL:	 ARGS:
		 8: 
		 9: COPY TYPE_StringLiteral "cms/application" def_%cl_1_8 
		 10: %self->stylesheet_link_tag def_%cl_1_9 %self[3.2,3.4,3.5,3.7,2.0,] %cl_1_8[3.9,] 	 SYMBOL:	 ARGS:%cl_1_8,
		 11: 
		 12: %self->csrf_meta_tags def_%cl_1_10 %self[3.2,3.4,3.5,3.7,3.10,2.0,] 	 SYMBOL:	 ARGS:
		 13: 
		 14: def_%cl_1_11 %cl_1_0[2.1,] 
		 15: 
		 16: %self->current_user def_%cl_1_12 %self[3.2,3.4,3.5,3.7,3.10,3.12,2.0,] 	 SYMBOL:	 ARGS:
		 17: %cl_1_12->guest? def_%cl_1_13 %cl_1_12[3.16,] 	 SYMBOL:	 ARGS:
		 18: BRANCH %cl_1_13[3.17,] 
BB 4
	outgoing: 6 
	datadep: 
	instructions:
		 0: COPY TYPE_Nil def_%cl_1_14 
		 1: 
BB 5
	outgoing: 6 31 
	datadep: 
	instructions:
		 0: %self->current_user def_%cl_1_15 %self[2.0,] 	 SYMBOL:	 ARGS:
		 1: %cl_1_15->full_name def_%cl_1_16 %cl_1_15[5.0,] 	 SYMBOL:	 ARGS:
		 2: %self->cms def_%cl_1_17 %self[5.0,2.0,] 	 SYMBOL:	 ARGS:
		 3: %self->current_user def_%cl_1_18 %self[5.0,5.2,2.0,] 	 SYMBOL:	 ARGS:
		 4: %cl_1_17->edit_user_path def_%cl_1_19 %cl_1_17[5.2,] %cl_1_18[5.3,] 	 SYMBOL:	 ARGS:%cl_1_18,
		 5: %self->link_to def_%cl_1_20 %self[5.0,5.2,5.3,2.0,] %cl_1_16[5.1,] %cl_1_19[5.4,] 	 SYMBOL:	 ARGS:%cl_1_16,%cl_1_19,
		 6: COPY TYPE_PASS def_%cl_1_14 %cl_1_20[5.5,] 
BB 6
	outgoing: 7 8 31 
	datadep: 
	instructions:
		 0: 
		 1: %self->current_user def_%cl_1_21 %self[2.0,] 	 SYMBOL:	 ARGS:
		 2: %cl_1_21->guest? def_%cl_1_22 %cl_1_21[6.1,] 	 SYMBOL:	 ARGS:
		 3: BRANCH %cl_1_22[6.2,] 
BB 7
	outgoing: 9 
	datadep: 
	instructions:
		 0: COPY TYPE_Nil def_%cl_1_23 
		 1: 
BB 8
	outgoing: 9 31 
	datadep: 
	instructions:
		 0: COPY TYPE_StringLiteral "Settings" def_%cl_1_24 
		 1: COPY TYPE_StringLiteral "#" def_%cl_1_25 
		 2: %self->link_to def_%cl_1_26 %self[2.0,] %cl_1_24[8.0,] %cl_1_25[8.1,] 	 SYMBOL:	 ARGS:%cl_1_24,%cl_1_25,
		 3: COPY TYPE_PASS def_%cl_1_23 %cl_1_26[8.2,] 
BB 9
	outgoing: 10 11 31 
	datadep: 
	instructions:
		 0: 
		 1: COPY TYPE_StringLiteral "Help" def_%cl_1_27 
		 2: COPY TYPE_StringLiteral "https://github.com/browsermedia/browsercms/wiki" def_%cl_1_28 
		 3: COPY TYPE_StringLiteral "_blank" def_%cl_1_29 
		 4: HASH-target- def_%cl_1_30 %cl_1_29[9.3,] 
		 5: %self->link_to def_%cl_1_31 %self[2.0,] %cl_1_27[9.1,] %cl_1_28[9.2,] %cl_1_30[9.4,] 	 SYMBOL:	 ARGS:%cl_1_27,%cl_1_28,%cl_1_30,
		 6: 
		 7: %self->current_user def_%cl_1_32 %self[9.5,2.0,] 	 SYMBOL:	 ARGS:
		 8: %cl_1_32->guest? def_%cl_1_33 %cl_1_32[9.7,] 	 SYMBOL:	 ARGS:
		 9: BRANCH %cl_1_33[9.8,] 
BB 10
	outgoing: 12 
	datadep: 
	instructions:
		 0: COPY TYPE_Nil def_%cl_1_34 
		 1: 
BB 11
	outgoing: 12 31 
	datadep: 
	instructions:
		 0: COPY TYPE_StringLiteral "Logout" def_%cl_1_35 
		 1: %self->cms def_%cl_1_36 %self[2.0,] 	 SYMBOL:	 ARGS:
		 2: %cl_1_36->logout_path def_%cl_1_37 %cl_1_36[11.1,] 	 SYMBOL:	 ARGS:
		 3: %self->link_to def_%cl_1_38 %self[11.1,2.0,] %cl_1_35[11.0,] %cl_1_37[11.2,] 	 SYMBOL:	 ARGS:%cl_1_35,%cl_1_37,
		 4: COPY TYPE_PASS def_%cl_1_34 %cl_1_38[11.3,] 
BB 12
	outgoing: 13 17 31 
	datadep: 
	instructions:
		 0: 
		 1: COPY TYPE_StringLiteral "cms/logo.png" def_%cl_1_39 
		 2: COPY TYPE_StringLiteral "main-logo" def_%cl_1_40 
		 3: HASH-class- def_%cl_1_41 %cl_1_40[12.2,] 
		 4: %self->image_tag def_%cl_1_42 %self[2.0,] %cl_1_39[12.1,] %cl_1_41[12.3,] 	 SYMBOL:	 ARGS:%cl_1_39,%cl_1_41,
		 5: COPY TYPE_StringLiteral "/" def_%cl_1_43 
		 6: %self->link_to def_%cl_1_44 %self[12.4,2.0,] %cl_1_42[12.4,] %cl_1_43[12.5,] 	 SYMBOL:	 ARGS:%cl_1_42,%cl_1_43,
		 7: 
		 8: %self->current_user def_%cl_1_45 %self[12.4,12.6,2.0,] 	 SYMBOL:	 ARGS:
		 9: %cl_1_45->able_to? def_%cl_1_46 %cl_1_45[12.8,] 	 SYMBOL:edit_content,	 ARGS:Symbol,
		 10: BRANCH %cl_1_46[12.9,] 
BB 13
	outgoing: 14 15 31 
	datadep: 
	instructions:
		 0: 
		 1: COPY TYPE_StringLiteral "Dashboard" def_%cl_1_47 
		 2: %self->cms def_%cl_1_48 %self[2.0,] 	 SYMBOL:	 ARGS:
		 3: %cl_1_48->dashboard_path def_%cl_1_49 %cl_1_48[13.2,] 	 SYMBOL:	 ARGS:
		 4: %self->link_to def_%cl_1_50 %self[13.2,2.0,] %cl_1_47[13.1,] %cl_1_49[13.3,] 	 SYMBOL:	 ARGS:%cl_1_47,%cl_1_49,
		 5: 
		 6: COPY TYPE_StringLiteral "Pages" def_%cl_1_51 
		 7: %self->cms def_%cl_1_52 %self[13.2,13.4,2.0,] 	 SYMBOL:	 ARGS:
		 8: %cl_1_52->sitemap_path def_%cl_1_53 %cl_1_52[13.7,] 	 SYMBOL:	 ARGS:
		 9: %self->link_to def_%cl_1_54 %self[13.2,13.4,13.7,2.0,] %cl_1_51[13.6,] %cl_1_53[13.8,] 	 SYMBOL:	 ARGS:%cl_1_51,%cl_1_53,
		 10: 
		 11: %self->id def_%cl_1_55 %self[13.2,13.4,13.7,13.9,2.0,] 	 SYMBOL:	 ARGS:
		 12: 
		 13: %self->library def_%cl_1_56 %self[13.2,13.4,13.7,13.9,13.11,2.0,] 	 SYMBOL:	 ARGS:
		 14: BRANCH %cl_1_56[13.13,] 
BB 14
	outgoing: 16 31 
	datadep: 
	instructions:
		 0: 
		 1: COPY TYPE_StringLiteral "Text" def_%cl_1_57 
		 2: %self->cms def_%cl_1_58 %self[2.0,] 	 SYMBOL:	 ARGS:
		 3: %cl_1_58->content_library_path def_%cl_1_59 %cl_1_58[14.2,] 	 SYMBOL:	 ARGS:
		 4: %self->nav_link_to def_%cl_1_60 %self[14.2,2.0,] %cl_1_57[14.1,] %cl_1_59[14.3,] 	 SYMBOL:	 ARGS:%cl_1_57,%cl_1_59,
		 5: 
		 6: %self->divider_tag def_%cl_1_61 %self[14.2,14.4,2.0,] 	 SYMBOL:	 ARGS:
		 7: 
BB 15
	outgoing: 16 
	datadep: 
	instructions:
		 0: COPY TYPE_Nil def_%cl_1_61 
BB 16
	outgoing: 18 31 
	datadep: 
	instructions:
		 0: 
		 1: (ContentType) def_%cl_1_62 
		 2: %cl_1_62->available_by_module def_%cl_1_63 %cl_1_62[16.1,] 	 SYMBOL:	 ARGS:
		 3: COPY TYPE_PASS def_modules %cl_1_63[16.2,] 
		 4: 
		 5: %cl_1_63->keys def_%cl_1_64 %cl_1_63[16.2,] 	 SYMBOL:	 ARGS:
		 6: %cl_1_64->sort def_%cl_1_65 %cl_1_64[16.5,] 	 SYMBOL:	 ARGS:
		 7: %cl_1_65->each_with_index def_%cl_1_66 %cl_1_65[16.6,] %self[2.0,] 	 SYMBOL:	 ARGS:%cl_1_65,
CLOSURE BEGIN: %self[2.0,] i[] modules[16.3,] module_name[] type[] 
BB 1
	outgoing: 6 2 
	datadep: 
	instructions:
BB 2
	outgoing: 3 
	datadep: 
	instructions:
		 0: def_%self 
		 1: def_%cl_2_0 
		 2: RECEIVEARG def_module_name 
		 3: RECEIVEARG def_i 
		 4: COPY TYPE_CurrentScope def_%current_scope 
		 5: COPY TYPE_ScopeModule def_%current_module 
BB 3
	outgoing: 4 6 
	datadep: 
	instructions:
		 0: 
		 1: %self->divider_tag def_%cl_2_3 %self[2.0,] i[2.3,] 	 SYMBOL:	 ARGS:i,
		 2: 
		 3: modules->[] def_%cl_2_4 modules[] module_name[2.2,] 	 SYMBOL:	 ARGS:module_name,
		 4: %cl_2_4->each def_%cl_2_5 %cl_2_4[3.3,] %self[3.1,2.0,] 	 SYMBOL:	 ARGS:%cl_2_4,
CLOSURE BEGIN: type[] %self[3.1,2.0,] 
BB 1
	outgoing: 6 2 
	datadep: 
	instructions:
BB 2
	outgoing: 3 
	datadep: 
	instructions:
		 0: def_%self 
		 1: def_%cl_3_0 
		 2: RECEIVEARG def_type 
		 3: COPY TYPE_CurrentScope def_%current_scope 
		 4: COPY TYPE_ScopeModule def_%current_module 
BB 3
	outgoing: 4 6 
	datadep: 
	instructions:
		 0: 
		 1: type->display_name def_%cl_3_3 type[2.2,] 	 SYMBOL:	 ARGS:
		 2: %self->h def_%cl_3_4 %self[2.0,] %cl_3_3[3.1,] 	 SYMBOL:	 ARGS:%cl_3_3,
		 3: %self->engine_aware_path def_%cl_3_5 %self[3.2,2.0,] type[3.1,2.2,] 	 SYMBOL:	 ARGS:type,
		 4: %self->nav_link_to def_%cl_3_6 %self[3.2,3.3,2.0,] %cl_3_4[3.2,] %cl_3_5[3.3,] 	 SYMBOL:	 ARGS:%cl_3_4,%cl_3_5,
		 5: RETURN %cl_3_6[3.4,] %self[3.2,3.3,3.4,2.0,] 
BB 4
	outgoing: 6 
	datadep: 
	instructions:
		 0: def_%cl_3_7 
		 1: def_%cl_3_8 %cl_3_7[4.0,] 
		 2: RETURN %cl_3_8[4.1,] %self[2.0,] 
BB 6
	outgoing: 
	datadep: 
	instructions:
CLOSURE END: 
		 5: RETURN %cl_2_5[3.4,] %self[3.1,2.0,] 
BB 4
	outgoing: 6 
	datadep: 
	instructions:
		 0: def_%cl_2_6 
		 1: def_%cl_2_7 %cl_2_6[4.0,] 
		 2: RETURN %cl_2_7[4.1,] %self[2.0,] 
BB 6
	outgoing: 
	datadep: 
	instructions:
CLOSURE END: i[2.3,] 
		 8: 
BB 17
	outgoing: 18 
	datadep: 
	instructions:
		 0: COPY TYPE_Nil def_%cl_1_66 
BB 18
	outgoing: 19 20 31 
	datadep: 
	instructions:
		 0: 
		 1: %self->current_user def_%cl_1_67 %self[2.0,] 	 SYMBOL:	 ARGS:
		 2: %cl_1_67->able_to? def_%cl_1_68 %cl_1_67[18.1,] 	 SYMBOL:administrate,	 ARGS:Symbol,
		 3: BRANCH %cl_1_68[18.2,] 
BB 19
	outgoing: 21 31 
	datadep: 
	instructions:
		 0: 
		 1: COPY TYPE_StringLiteral "Users" def_%cl_1_69 
		 2: %self->cms def_%cl_1_70 %self[2.0,] 	 SYMBOL:	 ARGS:
		 3: %cl_1_70->users_path def_%cl_1_71 %cl_1_70[19.2,] 	 SYMBOL:	 ARGS:
		 4: %self->nav_link_to def_%cl_1_72 %self[19.2,2.0,] %cl_1_69[19.1,] %cl_1_71[19.3,] 	 SYMBOL:	 ARGS:%cl_1_69,%cl_1_71,
		 5: 
		 6: COPY TYPE_StringLiteral "Groups" def_%cl_1_73 
		 7: %self->cms def_%cl_1_74 %self[19.2,19.4,2.0,] 	 SYMBOL:	 ARGS:
		 8: %cl_1_74->groups_path def_%cl_1_75 %cl_1_74[19.7,] 	 SYMBOL:	 ARGS:
		 9: %self->nav_link_to def_%cl_1_76 %self[19.2,19.4,19.7,2.0,] %cl_1_73[19.6,] %cl_1_75[19.8,] 	 SYMBOL:	 ARGS:%cl_1_73,%cl_1_75,
		 10: 
		 11: %self->divider_tag def_%cl_1_77 %self[19.2,19.4,19.7,19.9,2.0,] 	 SYMBOL:	 ARGS:
		 12: 
		 13: COPY TYPE_StringLiteral "Partials" def_%cl_1_78 
		 14: %self->cms def_%cl_1_79 %self[19.2,19.4,19.7,19.9,19.11,2.0,] 	 SYMBOL:	 ARGS:
		 15: %cl_1_79->page_partials_path def_%cl_1_80 %cl_1_79[19.14,] 	 SYMBOL:	 ARGS:
		 16: %self->nav_link_to def_%cl_1_81 %self[19.2,19.4,19.7,19.9,19.11,19.14,2.0,] %cl_1_78[19.13,] %cl_1_80[19.15,] 	 SYMBOL:	 ARGS:%cl_1_78,%cl_1_80,
		 17: 
		 18: COPY TYPE_StringLiteral "Page Templates" def_%cl_1_82 
		 19: %self->cms def_%cl_1_83 %self[19.2,19.4,19.7,19.9,19.11,19.14,19.16,2.0,] 	 SYMBOL:	 ARGS:
		 20: %cl_1_83->page_templates_path def_%cl_1_84 %cl_1_83[19.19,] 	 SYMBOL:	 ARGS:
		 21: %self->nav_link_to def_%cl_1_85 %self[19.2,19.4,19.7,19.9,19.11,19.14,19.16,19.19,2.0,] %cl_1_82[19.18,] %cl_1_84[19.20,] 	 SYMBOL:	 ARGS:%cl_1_82,%cl_1_84,
		 22: 
		 23: %self->divider_tag def_%cl_1_86 %self[19.2,19.4,19.7,19.9,19.11,19.14,19.16,19.19,19.21,2.0,] 	 SYMBOL:	 ARGS:
		 24: 
		 25: COPY TYPE_StringLiteral "Redirects" def_%cl_1_87 
		 26: %self->cms def_%cl_1_88 %self[19.2,19.4,19.7,19.9,19.11,19.14,19.16,19.19,19.21,19.23,2.0,] 	 SYMBOL:	 ARGS:
		 27: %cl_1_88->redirects_path def_%cl_1_89 %cl_1_88[19.26,] 	 SYMBOL:	 ARGS:
		 28: %self->nav_link_to def_%cl_1_90 %self[19.2,19.4,19.7,19.9,19.11,19.14,19.16,19.19,19.21,19.23,19.26,2.0,] %cl_1_87[19.25,] %cl_1_89[19.27,] 	 SYMBOL:	 ARGS:%cl_1_87,%cl_1_89,
		 29: 
		 30: COPY TYPE_StringLiteral "Routes" def_%cl_1_91 
		 31: %self->cms def_%cl_1_92 %self[19.2,19.4,19.7,19.9,19.11,19.14,19.16,19.19,19.21,19.23,19.26,19.28,2.0,] 	 SYMBOL:	 ARGS:
		 32: %cl_1_92->page_routes_path def_%cl_1_93 %cl_1_92[19.31,] 	 SYMBOL:	 ARGS:
		 33: %self->nav_link_to def_%cl_1_94 %self[19.2,19.4,19.7,19.9,19.11,19.14,19.16,19.19,19.21,19.23,19.26,19.28,19.31,2.0,] %cl_1_91[19.30,] %cl_1_93[19.32,] 	 SYMBOL:	 ARGS:%cl_1_91,%cl_1_93,
		 34: 
		 35: COPY TYPE_StringLiteral "Page Cache" def_%cl_1_95 
		 36: %self->cms def_%cl_1_96 %self[19.2,19.4,19.7,19.9,19.11,19.14,19.16,19.19,19.21,19.23,19.26,19.28,19.31,19.33,2.0,] 	 SYMBOL:	 ARGS:
		 37: %cl_1_96->cache_path def_%cl_1_97 %cl_1_96[19.36,] 	 SYMBOL:	 ARGS:
		 38: %self->nav_link_to def_%cl_1_98 %self[19.2,19.4,19.7,19.9,19.11,19.14,19.16,19.19,19.21,19.23,19.26,19.28,19.31,19.33,19.36,2.0,] %cl_1_95[19.35,] %cl_1_97[19.37,] 	 SYMBOL:	 ARGS:%cl_1_95,%cl_1_97,
		 39: 
		 40: COPY TYPE_StringLiteral "Email Messages" def_%cl_1_99 
		 41: %self->cms def_%cl_1_100 %self[19.2,19.4,19.7,19.9,19.11,19.14,19.16,19.19,19.21,19.23,19.26,19.28,19.31,19.33,19.36,19.38,2.0,] 	 SYMBOL:	 ARGS:
		 42: %cl_1_100->email_messages_path def_%cl_1_101 %cl_1_100[19.41,] 	 SYMBOL:	 ARGS:
		 43: %self->nav_link_to def_%cl_1_102 %self[19.2,19.4,19.7,19.9,19.11,19.14,19.16,19.19,19.21,19.23,19.26,19.28,19.31,19.33,19.36,19.38,19.41,2.0,] %cl_1_99[19.40,] %cl_1_101[19.42,] 	 SYMBOL:	 ARGS:%cl_1_99,%cl_1_101,
		 44: 
		 45: (Rails) def_%cl_1_103 
		 46: %cl_1_103->application def_%cl_1_104 %cl_1_103[19.45,] 	 SYMBOL:	 ARGS:
		 47: %cl_1_104->config def_%cl_1_105 %cl_1_104[19.46,] 	 SYMBOL:	 ARGS:
		 48: %cl_1_105->cms def_%cl_1_106 %cl_1_105[19.47,] 	 SYMBOL:	 ARGS:
		 49: %cl_1_106->tools_menu def_%cl_1_107 %cl_1_106[19.48,] 	 SYMBOL:	 ARGS:
		 50: %cl_1_107->each def_%cl_1_108 %cl_1_107[19.49,] %self[19.2,19.4,19.7,19.9,19.11,19.14,19.16,19.19,19.21,19.23,19.26,19.28,19.31,19.33,19.36,19.38,19.41,19.43,2.0,] 	 SYMBOL:	 ARGS:%cl_1_107,
CLOSURE BEGIN: menu_item[] %self[19.2,19.4,19.7,19.9,19.11,19.14,19.16,19.19,19.21,19.23,19.26,19.28,19.31,19.33,19.36,19.38,19.41,19.43,2.0,] 
BB 1
	outgoing: 6 2 
	datadep: 
	instructions:
BB 2
	outgoing: 3 
	datadep: 
	instructions:
		 0: def_%self 
		 1: def_%cl_4_0 
		 2: RECEIVEARG def_menu_item 
		 3: COPY TYPE_CurrentScope def_%current_scope 
		 4: COPY TYPE_ScopeModule def_%current_module 
BB 3
	outgoing: 4 6 
	datadep: 
	instructions:
		 0: 
		 1: menu_item->[] def_%cl_4_3 menu_item[2.2,] 	 SYMBOL:name,	 ARGS:Symbol,
		 2: menu_item->[] def_%cl_4_4 menu_item[3.1,2.2,] 	 SYMBOL:engine,	 ARGS:Symbol,
		 3: %self->send def_%cl_4_5 %self[2.0,] %cl_4_4[3.2,] 	 SYMBOL:	 ARGS:%cl_4_4,
		 4: menu_item->[] def_%cl_4_6 menu_item[3.1,3.2,2.2,] 	 SYMBOL:route_name,	 ARGS:Symbol,
		 5: %cl_4_5->send def_%cl_4_7 %cl_4_5[3.3,] %cl_4_6[3.4,] 	 SYMBOL:	 ARGS:%cl_4_6,
		 6: %self->nav_link_to def_%cl_4_8 %self[3.3,2.0,] %cl_4_3[3.1,] %cl_4_7[3.5,] 	 SYMBOL:	 ARGS:%cl_4_3,%cl_4_7,
		 7: RETURN %cl_4_8[3.6,] %self[3.3,3.6,2.0,] 
BB 4
	outgoing: 6 
	datadep: 
	instructions:
		 0: def_%cl_4_9 
		 1: def_%cl_4_10 %cl_4_9[4.0,] 
		 2: RETURN %cl_4_10[4.1,] %self[2.0,] 
BB 6
	outgoing: 
	datadep: 
	instructions:
CLOSURE END: 
		 51: 
BB 20
	outgoing: 21 
	datadep: 
	instructions:
		 0: COPY TYPE_Nil def_%cl_1_108 
BB 21
	outgoing: 22 26 31 
	datadep: 
	instructions:
		 0: 
		 1: %self->current_user def_%cl_1_109 %self[2.0,] 	 SYMBOL:	 ARGS:
		 2: %cl_1_109->able_to? def_%cl_1_110 %cl_1_109[21.1,] 	 SYMBOL:edit_content,	 ARGS:Symbol,
		 3: BRANCH %cl_1_110[21.2,] 
BB 22
	outgoing: 23 24 31 
	datadep: 
	instructions:
		 0: 
		 1: COPY TYPE_StringLiteral "New" def_%cl_1_111 
		 2: %self->new_button_path def_%cl_1_112 %self[2.0,] 	 SYMBOL:	 ARGS:
		 3: COPY TYPE_StringLiteral "new-content-button" def_%cl_1_113 
		 4: COPY TYPE_StringLiteral "btn btn-primary" def_%cl_1_114 
		 5: COPY TYPE_StringLiteral "-1" def_%cl_1_115 
		 6: HASH-id-class-tabindex- def_%cl_1_116 %cl_1_113[22.3,] %cl_1_114[22.4,] %cl_1_115[22.5,] 
		 7: %self->menu_button def_%cl_1_117 %self[22.2,2.0,] %cl_1_111[22.1,] %cl_1_112[22.2,] %cl_1_116[22.6,] 	 SYMBOL:	 ARGS:%cl_1_111,%cl_1_112,%cl_1_116,
		 8: 
		 9: def_%cl_1_118 %self[22.2,22.7,2.0,] 
		 10: BRANCH %cl_1_118[22.9,] 
BB 23
	outgoing: 25 
	datadep: 
	instructions:
		 0: COPY TYPE_Nil def_%cl_1_119 
		 1: 
BB 24
	outgoing: 25 
	datadep: 
	instructions:
		 0: 
		 1: COPY TYPE_StringLiteral "" def_%cl_1_120 
		 2: COPY TYPE_PASS def_prefix %cl_1_120[24.1,] 
		 3: COPY TYPE_PASS def_%cl_1_119 %cl_1_120[24.1,] 
BB 25
	outgoing: 27 31 
	datadep: 
	instructions:
		 0: 
		 1: COPY TYPE_StringLiteral "Page" def_%cl_1_121 
		 2: BUILDSTRING def_%cl_1_122 prefix[24.2,] %cl_1_121[25.1,] 
		 3: %self->cms def_%cl_1_123 %self[2.0,] 	 SYMBOL:	 ARGS:
		 4: %self->target_section def_%cl_1_124 %self[25.3,2.0,] 	 SYMBOL:	 ARGS:
		 5: %cl_1_123->new_section_page_path def_%cl_1_125 %cl_1_123[25.3,] %cl_1_124[25.4,] 	 SYMBOL:	 ARGS:%cl_1_124,
		 6: COPY TYPE_StringLiteral "add-page-button" def_%cl_1_126 
		 7: HASH-class- def_%cl_1_127 %cl_1_126[25.6,] 
		 8: %self->nav_link_to def_%cl_1_128 %self[25.3,25.4,2.0,] %cl_1_122[25.2,] %cl_1_125[25.5,] %cl_1_127[25.7,] 	 SYMBOL:	 ARGS:%cl_1_122,%cl_1_125,%cl_1_127,
		 9: 
		 10: COPY TYPE_StringLiteral "Link" def_%cl_1_129 
		 11: BUILDSTRING def_%cl_1_130 prefix[24.2,] %cl_1_129[25.10,] 
		 12: %self->cms def_%cl_1_131 %self[25.3,25.4,25.8,2.0,] 	 SYMBOL:	 ARGS:
		 13: %self->target_section def_%cl_1_132 %self[25.3,25.4,25.8,25.12,2.0,] 	 SYMBOL:	 ARGS:
		 14: %cl_1_131->new_section_link_path def_%cl_1_133 %cl_1_131[25.12,] %cl_1_132[25.13,] 	 SYMBOL:	 ARGS:%cl_1_132,
		 15: COPY TYPE_StringLiteral "add-section-button" def_%cl_1_134 
		 16: HASH-class- def_%cl_1_135 %cl_1_134[25.15,] 
		 17: %self->nav_link_to def_%cl_1_136 %self[25.3,25.4,25.8,25.12,25.13,2.0,] %cl_1_130[25.11,] %cl_1_133[25.14,] %cl_1_135[25.16,] 	 SYMBOL:	 ARGS:%cl_1_130,%cl_1_133,%cl_1_135,
		 18: 
		 19: COPY TYPE_StringLiteral "Section" def_%cl_1_137 
		 20: BUILDSTRING def_%cl_1_138 prefix[24.2,] %cl_1_137[25.19,] 
		 21: %self->cms def_%cl_1_139 %self[25.3,25.4,25.8,25.12,25.13,25.17,2.0,] 	 SYMBOL:	 ARGS:
		 22: %self->target_section def_%cl_1_140 %self[25.3,25.4,25.8,25.12,25.13,25.17,25.21,2.0,] 	 SYMBOL:	 ARGS:
		 23: %cl_1_140->id def_%cl_1_141 %cl_1_140[25.22,] 	 SYMBOL:	 ARGS:
		 24: HASH-section_id- def_%cl_1_142 %cl_1_141[25.23,] 
		 25: %cl_1_139->new_section_path def_%cl_1_143 %cl_1_139[25.21,] %cl_1_142[25.24,] 	 SYMBOL:	 ARGS:%cl_1_142,
		 26: COPY TYPE_StringLiteral "add-link-button" def_%cl_1_144 
		 27: HASH-class- def_%cl_1_145 %cl_1_144[25.26,] 
		 28: %self->nav_link_to def_%cl_1_146 %self[25.3,25.4,25.8,25.12,25.13,25.17,25.21,25.22,2.0,] %cl_1_138[25.20,] %cl_1_143[25.25,] %cl_1_145[25.27,] 	 SYMBOL:	 ARGS:%cl_1_138,%cl_1_143,%cl_1_145,
		 29: 
		 30: %self->divider_tag def_%cl_1_147 %self[25.3,25.4,25.8,25.12,25.13,25.17,25.21,25.22,25.28,2.0,] 	 SYMBOL:	 ARGS:
		 31: 
		 32: (ContentType) def_%cl_1_148 
		 33: %cl_1_148->available_by_module def_%cl_1_149 %cl_1_148[25.32,] 	 SYMBOL:	 ARGS:
		 34: COPY TYPE_PASS def_modules %cl_1_149[25.33,] 
		 35: 
		 36: %cl_1_149->keys def_%cl_1_150 %cl_1_149[25.33,] 	 SYMBOL:	 ARGS:
		 37: %cl_1_150->sort def_%cl_1_151 %cl_1_150[25.36,] 	 SYMBOL:	 ARGS:
		 38: %cl_1_151->each_with_index def_%cl_1_152 %cl_1_151[25.37,] %self[25.3,25.4,25.8,25.12,25.13,25.17,25.21,25.22,25.28,25.30,2.0,] 	 SYMBOL:	 ARGS:%cl_1_151,
CLOSURE BEGIN: %self[25.3,25.4,25.8,25.12,25.13,25.17,25.21,25.22,25.28,25.30,2.0,] i[16.7,] modules[25.34,] module_name[16.7,] type[] 
BB 1
	outgoing: 6 2 
	datadep: 
	instructions:
BB 2
	outgoing: 3 
	datadep: 
	instructions:
		 0: def_%self 
		 1: def_%cl_5_0 
		 2: RECEIVEARG def_module_name 
		 3: RECEIVEARG def_i 
		 4: COPY TYPE_CurrentScope def_%current_scope 
		 5: COPY TYPE_ScopeModule def_%current_module 
BB 3
	outgoing: 4 6 
	datadep: 
	instructions:
		 0: 
		 1: %self->divider_tag def_%cl_5_3 %self[2.0,] i[2.3,] 	 SYMBOL:	 ARGS:i,
		 2: 
		 3: modules->[] def_%cl_5_4 modules[] module_name[2.2,] 	 SYMBOL:	 ARGS:module_name,
		 4: %cl_5_4->each def_%cl_5_5 %cl_5_4[3.3,] %self[3.1,2.0,] 	 SYMBOL:	 ARGS:%cl_5_4,
CLOSURE BEGIN: type[] %self[3.1,2.0,] 
BB 1
	outgoing: 6 2 
	datadep: 
	instructions:
BB 2
	outgoing: 3 
	datadep: 
	instructions:
		 0: def_%self 
		 1: def_%cl_6_0 
		 2: RECEIVEARG def_type 
		 3: COPY TYPE_CurrentScope def_%current_scope 
		 4: COPY TYPE_ScopeModule def_%current_module 
BB 3
	outgoing: 4 6 
	datadep: 
	instructions:
		 0: 
		 1: type->display_name def_%cl_6_3 type[2.2,] 	 SYMBOL:	 ARGS:
		 2: %self->h def_%cl_6_4 %self[2.0,] %cl_6_3[3.1,] 	 SYMBOL:	 ARGS:%cl_6_3,
		 3: %self->new_engine_aware_path def_%cl_6_5 %self[3.2,2.0,] type[3.1,2.2,] 	 SYMBOL:	 ARGS:type,
		 4: COPY TYPE_StringLiteral "create_new_" def_%cl_6_6 
		 5: type->param_key def_%cl_6_7 type[3.1,2.2,] 	 SYMBOL:	 ARGS:
		 6: BUILDSTRING def_%cl_6_8 %cl_6_6[3.4,] %cl_6_7[3.5,] 
		 7: HASH-id- def_%cl_6_9 %cl_6_8[3.6,] 
		 8: %self->nav_link_to def_%cl_6_10 %self[3.2,3.3,2.0,] %cl_6_4[3.2,] %cl_6_5[3.3,] %cl_6_9[3.7,] 	 SYMBOL:	 ARGS:%cl_6_4,%cl_6_5,%cl_6_9,
		 9: RETURN %cl_6_10[3.8,] %self[3.2,3.3,3.8,2.0,] 
BB 4
	outgoing: 6 
	datadep: 
	instructions:
		 0: def_%cl_6_11 
		 1: def_%cl_6_12 %cl_6_11[4.0,] 
		 2: RETURN %cl_6_12[4.1,] %self[2.0,] 
BB 6
	outgoing: 
	datadep: 
	instructions:
CLOSURE END: 
		 5: RETURN %cl_5_5[3.4,] %self[3.1,2.0,] 
BB 4
	outgoing: 6 
	datadep: 
	instructions:
		 0: def_%cl_5_6 
		 1: def_%cl_5_7 %cl_5_6[4.0,] 
		 2: RETURN %cl_5_7[4.1,] %self[2.0,] 
BB 6
	outgoing: 
	datadep: 
	instructions:
CLOSURE END: i[2.3,] 
		 39: 
BB 26
	outgoing: 27 
	datadep: 
	instructions:
		 0: COPY TYPE_Nil def_%cl_1_152 
BB 27
	outgoing: 28 29 31 
	datadep: 
	instructions:
		 0: 
		 1: %self->flash def_%cl_1_153 %self[2.0,] 	 SYMBOL:	 ARGS:
		 2: %cl_1_153->each def_%cl_1_154 %cl_1_153[27.1,] %self[27.1,2.0,] 	 SYMBOL:	 ARGS:%cl_1_153,
CLOSURE BEGIN: %self[27.1,2.0,] msg[] 
BB 1
	outgoing: 6 2 
	datadep: 
	instructions:
BB 2
	outgoing: 3 
	datadep: 
	instructions:
		 0: def_%self 
		 1: def_%cl_7_0 
		 2: RECEIVEARG def_name 
		 3: RECEIVEARG def_msg 
		 4: COPY TYPE_CurrentScope def_%current_scope 
		 5: COPY TYPE_ScopeModule def_%current_module 
BB 3
	outgoing: 4 6 
	datadep: 
	instructions:
		 0: 
		 1: COPY TYPE_StringLiteral "flash-message" def_%cl_7_3 
		 2: HASH-class- def_%cl_7_4 %cl_7_3[3.1,] 
		 3: %self->content_tag def_%cl_7_5 %self[2.0,] %cl_7_4[3.2,] %self[2.0,] 	 SYMBOL:div,	 ARGS:Symbol,%cl_7_4,%self,
CLOSURE BEGIN: msg[2.3,] 
BB 1
	outgoing: 6 2 
	datadep: 
	instructions:
BB 2
	outgoing: 6 
	datadep: 
	instructions:
		 0: def_%self 
		 1: def_%cl_8_0 
		 2: COPY TYPE_CurrentScope def_%current_scope 
		 3: COPY TYPE_ScopeModule def_%current_module 
		 4: 
		 5: RETURN msg[] %self[2.0,] 
BB 6
	outgoing: 
	datadep: 
	instructions:
CLOSURE END: 
		 4: RETURN %cl_7_5[3.3,] %self[3.3,2.0,] 
BB 4
	outgoing: 6 
	datadep: 
	instructions:
		 0: def_%cl_7_6 
		 1: def_%cl_7_7 %cl_7_6[4.0,] 
		 2: RETURN %cl_7_7[4.1,] %self[2.0,] 
BB 6
	outgoing: 
	datadep: 
	instructions:
CLOSURE END: msg[2.3,] 
		 3: 
		 4: %self->content_for? def_%cl_1_155 %self[27.1,2.0,] 	 SYMBOL:before_main_content,	 ARGS:Symbol,
		 5: BRANCH %cl_1_155[27.4,] 
BB 28
	outgoing: 30 31 
	datadep: 
	instructions:
		 0: 
		 1: def_%cl_1_156 %cl_1_0[2.1,] 
		 2: 
BB 29
	outgoing: 30 
	datadep: 
	instructions:
		 0: COPY TYPE_Nil def_%cl_1_156 
BB 30
	outgoing: 31 33 
	datadep: 
	instructions:
		 0: 
		 1: COPY TYPE_StringLiteral "Add a New Link" def_%cl_1_157 
		 2: %self->use_page_title def_%cl_1_158 %self[2.0,] %cl_1_157[30.1,] 	 SYMBOL:	 ARGS:%cl_1_157,
		 3: 
		 4: GETFIELD %self->link def_%cl_1_159 %self[30.2,2.0,] 
		 5: %self->simple_form_for def_%cl_1_160 %self[30.2,2.0,] %cl_1_159[30.4,] %self[30.2,2.0,] 	 SYMBOL:	 ARGS:%cl_1_159,%self,
CLOSURE BEGIN: %self[30.2,2.0,] f[] 
BB 1
	outgoing: 6 2 
	datadep: 
	instructions:
BB 2
	outgoing: 3 
	datadep: 
	instructions:
		 0: def_%self 
		 1: def_%cl_9_0 
		 2: RECEIVEARG def_f 
		 3: COPY TYPE_CurrentScope def_%current_scope 
		 4: COPY TYPE_ScopeModule def_%current_module 
BB 3
	outgoing: 4 6 
	datadep: 
	instructions:
		 0: 
		 1: GETFIELD %self->link def_%cl_9_3 %self[2.0,] 
		 2: %cl_9_3->section_id def_%cl_9_4 %cl_9_3[3.1,] 	 SYMBOL:	 ARGS:
		 3: %self->hidden_field_tag def_%cl_9_5 %self[2.0,] %cl_9_4[3.2,] 	 SYMBOL:section_id,	 ARGS:Symbol,%cl_9_4,
		 4: 
		 5: %self->page_title_with_buttons def_%cl_9_6 %self[3.3,2.0,] f[2.2,] 	 SYMBOL:	 ARGS:f,
		 6: 
		 7: f->input def_%cl_9_7 f[2.2,] 	 SYMBOL:name,	 ARGS:Symbol,
		 8: 
		 9: f->input def_%cl_9_8 f[3.7,2.2,] 	 SYMBOL:url,	 ARGS:Symbol,
		 10: 
		 11: COPY TYPE_StringLiteral "Open In New Window?" def_%cl_9_9 
		 12: HASH-label- def_%cl_9_10 %cl_9_9[3.11,] 
		 13: f->input def_%cl_9_11 f[3.7,3.9,2.2,] %cl_9_10[3.12,] 	 SYMBOL:new_window,	 ARGS:Symbol,%cl_9_10,
		 14: 
		 15: %self->bottom_buttons def_%cl_9_12 %self[3.3,3.5,2.0,] f[3.7,3.9,3.13,2.2,] 	 SYMBOL:	 ARGS:f,
		 16: RETURN %cl_9_12[3.15,] %self[3.3,3.5,3.15,2.0,] 
BB 4
	outgoing: 6 
	datadep: 
	instructions:
		 0: def_%cl_9_13 
		 1: def_%cl_9_14 %cl_9_13[4.0,] 
		 2: RETURN %cl_9_14[4.1,] %self[2.0,] 
BB 6
	outgoing: 
	datadep: 
	instructions:
CLOSURE END: 
		 6: 
		 7: (Time) def_%cl_1_161 
		 8: %cl_1_161->now def_%cl_1_162 %cl_1_161[30.7,] 	 SYMBOL:	 ARGS:
		 9: %cl_1_162->year def_%cl_1_163 %cl_1_162[30.8,] 	 SYMBOL:	 ARGS:
		 10: 
		 11: COPY TYPE_StringLiteral "BrowserMedia" def_%cl_1_164 
		 12: COPY TYPE_StringLiteral "http://www.browsermedia.com" def_%cl_1_165 
		 13: %self->link_to def_%cl_1_166 %self[30.2,30.5,2.0,] %cl_1_164[30.11,] %cl_1_165[30.12,] 	 SYMBOL:	 ARGS:%cl_1_164,%cl_1_165,
		 14: 
		 15: COPY TYPE_StringLiteral "BrowserCMS" def_%cl_1_167 
		 16: COPY TYPE_StringLiteral "http://www.browsercms.org" def_%cl_1_168 
		 17: %self->link_to def_%cl_1_169 %self[30.2,30.5,30.13,2.0,] %cl_1_167[30.15,] %cl_1_168[30.16,] 	 SYMBOL:	 ARGS:%cl_1_167,%cl_1_168,
		 18: 
		 19: (Cms) def_%cl_1_170 
		 20: %cl_1_170->version def_%cl_1_171 %cl_1_170[30.19,] 	 SYMBOL:	 ARGS:
		 21: 
		 22: (Rails) def_%cl_1_172 
		 23: %cl_1_172->version def_%cl_1_173 %cl_1_172[30.22,] 	 SYMBOL:	 ARGS:
		 24: 
		 25: (Rails) def_%cl_1_174 
		 26: %cl_1_174->env def_%cl_1_175 %cl_1_174[30.25,] 	 SYMBOL:	 ARGS:
		 27: RETURN %cl_1_175[30.26,] %self[30.2,30.5,30.13,30.17,2.0,] 
BB 31
	outgoing: 33 
	datadep: 
	instructions:
		 0: def_%cl_1_176 
		 1: def_%cl_1_177 %cl_1_176[31.0,] 
		 2: RETURN %cl_1_177[31.1,] %self[2.0,] 
BB 33
	outgoing: 
	datadep: 
	instructions:
CLOSURE END: prefix[24.2,] modules[16.3,25.34,] 
		 3: RETURN %v_19[5.2,] %self[5.1,2.0,2.9,] 
BB 6
	outgoing: 9 
	datadep: 
	instructions:
		 0: RETURN %v_17[4.10,] %self[2.0,2.9,] 
BB 7
	outgoing: 9 
	datadep: 
	instructions:
		 0: def_%v_20 
		 1: def_%v_21 %v_20[7.0,] 
		 2: RETURN %v_21[7.1,] %self[2.0,2.9,] 
BB 9
	outgoing: 
	datadep: 
	instructions:

SET IRMethod, name = update instanceMethod = true
BB 1
	outgoing: 9 2 
	datadep: 
	instructions:
BB 2
	outgoing: 4 5 7 
	datadep: 
	instructions:
		 0: def_%self 
		 1: def_%v_0 
		 2: COPY TYPE_CurrentScope def_%current_scope 
		 3: COPY TYPE_ScopeModule def_%current_module 
		 4: 
		 5: 
		 6: GETFIELD %self->link def_%v_3 %self[2.0,] 
		 7: %self->link_params def_%v_4 %self[2.0,] 	 SYMBOL:	 ARGS:
		 8: %v_3->update_attributes def_%v_5 %v_3[2.6,] %v_4[2.7,] 	 SYMBOL:	 ARGS:%v_4,
		 9: BRANCH %v_5[2.8,] 
BB 4
	outgoing: 6 7 
	datadep: 
	instructions:
		 0: 
		 1: %self->flash def_%v_6 %self[2.0,] 	 SYMBOL:	 ARGS:
		 2: COPY TYPE_StringLiteral "Link '" def_%v_7 
		 3: GETFIELD %self->link def_%v_8 %self[4.1,2.0,] 
		 4: %v_8->name def_%v_9 %v_8[4.3,] 	 SYMBOL:	 ARGS:
		 5: COPY TYPE_StringLiteral "' was updated" def_%v_10 
		 6: BUILDSTRING def_%v_11 %v_7[4.2,] %v_9[4.4,] %v_10[4.5,] 
		 7: ATTRASSIGN %v_6->[] %v_11[4.6,] 
		 8: 
		 9: GETFIELD %self->link def_%v_12 %self[4.1,2.0,] 
		 10: %v_12->section def_%v_13 %v_12[4.9,] 	 SYMBOL:	 ARGS:
		 11: %self->redirect_to def_%v_14 %self[4.1,2.0,] %v_13[4.10,] 	 SYMBOL:	 ARGS:%v_13,
		 12: 
BB 5
	outgoing: 7 9 
	datadep: 
	instructions:
		 0: 
		 1: %self->ruby_code_from_view def_%v_15 %self[2.0,] 	 SYMBOL:	 ARGS:
		 2: %v_15->ruby_code_from_view def_%v_16 %v_15[5.1,] %self[5.1,2.0,] 	 SYMBOL:	 ARGS:%v_15,
CLOSURE BEGIN: %self[5.1,2.0,] i[] modules[] module_name[] type[] menu_item[] prefix[] msg[] f[] 
BB 1
	outgoing: 33 2 
	datadep: 
	instructions:
BB 2
	outgoing: 3 
	datadep: 
	instructions:
		 0: def_%self 
		 1: def_%cl_1_0 
		 2: RECEIVEARG def_rb_from_view 
		 3: COPY TYPE_CurrentScope def_%current_scope 
		 4: COPY TYPE_ScopeModule def_%current_module 
BB 3
	outgoing: 4 5 31 
	datadep: 
	instructions:
		 0: 
		 1: COPY TYPE_StringLiteral "cms/application" def_%cl_1_3 
		 2: %self->javascript_include_tag def_%cl_1_4 %self[2.0,] %cl_1_3[3.1,] 	 SYMBOL:	 ARGS:%cl_1_3,
		 3: 
		 4: %self->cms_content_editor def_%cl_1_5 %self[3.2,2.0,] 	 SYMBOL:	 ARGS:
		 5: %self->javascript_include_tag def_%cl_1_6 %self[3.2,3.4,2.0,] %cl_1_5[3.4,] 	 SYMBOL:	 ARGS:%cl_1_5,
		 6: 
		 7: %self->page_title def_%cl_1_7 %self[3.2,3.4,3.5,2.0,] 	 SYMBOL:	 ARGS:
		 8: 
		 9: COPY TYPE_StringLiteral "cms/application" def_%cl_1_8 
		 10: %self->stylesheet_link_tag def_%cl_1_9 %self[3.2,3.4,3.5,3.7,2.0,] %cl_1_8[3.9,] 	 SYMBOL:	 ARGS:%cl_1_8,
		 11: 
		 12: %self->csrf_meta_tags def_%cl_1_10 %self[3.2,3.4,3.5,3.7,3.10,2.0,] 	 SYMBOL:	 ARGS:
		 13: 
		 14: def_%cl_1_11 %cl_1_0[2.1,] 
		 15: 
		 16: %self->current_user def_%cl_1_12 %self[3.2,3.4,3.5,3.7,3.10,3.12,2.0,] 	 SYMBOL:	 ARGS:
		 17: %cl_1_12->guest? def_%cl_1_13 %cl_1_12[3.16,] 	 SYMBOL:	 ARGS:
		 18: BRANCH %cl_1_13[3.17,] 
BB 4
	outgoing: 6 
	datadep: 
	instructions:
		 0: COPY TYPE_Nil def_%cl_1_14 
		 1: 
BB 5
	outgoing: 6 31 
	datadep: 
	instructions:
		 0: %self->current_user def_%cl_1_15 %self[2.0,] 	 SYMBOL:	 ARGS:
		 1: %cl_1_15->full_name def_%cl_1_16 %cl_1_15[5.0,] 	 SYMBOL:	 ARGS:
		 2: %self->cms def_%cl_1_17 %self[5.0,2.0,] 	 SYMBOL:	 ARGS:
		 3: %self->current_user def_%cl_1_18 %self[5.0,5.2,2.0,] 	 SYMBOL:	 ARGS:
		 4: %cl_1_17->edit_user_path def_%cl_1_19 %cl_1_17[5.2,] %cl_1_18[5.3,] 	 SYMBOL:	 ARGS:%cl_1_18,
		 5: %self->link_to def_%cl_1_20 %self[5.0,5.2,5.3,2.0,] %cl_1_16[5.1,] %cl_1_19[5.4,] 	 SYMBOL:	 ARGS:%cl_1_16,%cl_1_19,
		 6: COPY TYPE_PASS def_%cl_1_14 %cl_1_20[5.5,] 
BB 6
	outgoing: 7 8 31 
	datadep: 
	instructions:
		 0: 
		 1: %self->current_user def_%cl_1_21 %self[2.0,] 	 SYMBOL:	 ARGS:
		 2: %cl_1_21->guest? def_%cl_1_22 %cl_1_21[6.1,] 	 SYMBOL:	 ARGS:
		 3: BRANCH %cl_1_22[6.2,] 
BB 7
	outgoing: 9 
	datadep: 
	instructions:
		 0: COPY TYPE_Nil def_%cl_1_23 
		 1: 
BB 8
	outgoing: 9 31 
	datadep: 
	instructions:
		 0: COPY TYPE_StringLiteral "Settings" def_%cl_1_24 
		 1: COPY TYPE_StringLiteral "#" def_%cl_1_25 
		 2: %self->link_to def_%cl_1_26 %self[2.0,] %cl_1_24[8.0,] %cl_1_25[8.1,] 	 SYMBOL:	 ARGS:%cl_1_24,%cl_1_25,
		 3: COPY TYPE_PASS def_%cl_1_23 %cl_1_26[8.2,] 
BB 9
	outgoing: 10 11 31 
	datadep: 
	instructions:
		 0: 
		 1: COPY TYPE_StringLiteral "Help" def_%cl_1_27 
		 2: COPY TYPE_StringLiteral "https://github.com/browsermedia/browsercms/wiki" def_%cl_1_28 
		 3: COPY TYPE_StringLiteral "_blank" def_%cl_1_29 
		 4: HASH-target- def_%cl_1_30 %cl_1_29[9.3,] 
		 5: %self->link_to def_%cl_1_31 %self[2.0,] %cl_1_27[9.1,] %cl_1_28[9.2,] %cl_1_30[9.4,] 	 SYMBOL:	 ARGS:%cl_1_27,%cl_1_28,%cl_1_30,
		 6: 
		 7: %self->current_user def_%cl_1_32 %self[9.5,2.0,] 	 SYMBOL:	 ARGS:
		 8: %cl_1_32->guest? def_%cl_1_33 %cl_1_32[9.7,] 	 SYMBOL:	 ARGS:
		 9: BRANCH %cl_1_33[9.8,] 
BB 10
	outgoing: 12 
	datadep: 
	instructions:
		 0: COPY TYPE_Nil def_%cl_1_34 
		 1: 
BB 11
	outgoing: 12 31 
	datadep: 
	instructions:
		 0: COPY TYPE_StringLiteral "Logout" def_%cl_1_35 
		 1: %self->cms def_%cl_1_36 %self[2.0,] 	 SYMBOL:	 ARGS:
		 2: %cl_1_36->logout_path def_%cl_1_37 %cl_1_36[11.1,] 	 SYMBOL:	 ARGS:
		 3: %self->link_to def_%cl_1_38 %self[11.1,2.0,] %cl_1_35[11.0,] %cl_1_37[11.2,] 	 SYMBOL:	 ARGS:%cl_1_35,%cl_1_37,
		 4: COPY TYPE_PASS def_%cl_1_34 %cl_1_38[11.3,] 
BB 12
	outgoing: 13 17 31 
	datadep: 
	instructions:
		 0: 
		 1: COPY TYPE_StringLiteral "cms/logo.png" def_%cl_1_39 
		 2: COPY TYPE_StringLiteral "main-logo" def_%cl_1_40 
		 3: HASH-class- def_%cl_1_41 %cl_1_40[12.2,] 
		 4: %self->image_tag def_%cl_1_42 %self[2.0,] %cl_1_39[12.1,] %cl_1_41[12.3,] 	 SYMBOL:	 ARGS:%cl_1_39,%cl_1_41,
		 5: COPY TYPE_StringLiteral "/" def_%cl_1_43 
		 6: %self->link_to def_%cl_1_44 %self[12.4,2.0,] %cl_1_42[12.4,] %cl_1_43[12.5,] 	 SYMBOL:	 ARGS:%cl_1_42,%cl_1_43,
		 7: 
		 8: %self->current_user def_%cl_1_45 %self[12.4,12.6,2.0,] 	 SYMBOL:	 ARGS:
		 9: %cl_1_45->able_to? def_%cl_1_46 %cl_1_45[12.8,] 	 SYMBOL:edit_content,	 ARGS:Symbol,
		 10: BRANCH %cl_1_46[12.9,] 
BB 13
	outgoing: 14 15 31 
	datadep: 
	instructions:
		 0: 
		 1: COPY TYPE_StringLiteral "Dashboard" def_%cl_1_47 
		 2: %self->cms def_%cl_1_48 %self[2.0,] 	 SYMBOL:	 ARGS:
		 3: %cl_1_48->dashboard_path def_%cl_1_49 %cl_1_48[13.2,] 	 SYMBOL:	 ARGS:
		 4: %self->link_to def_%cl_1_50 %self[13.2,2.0,] %cl_1_47[13.1,] %cl_1_49[13.3,] 	 SYMBOL:	 ARGS:%cl_1_47,%cl_1_49,
		 5: 
		 6: COPY TYPE_StringLiteral "Pages" def_%cl_1_51 
		 7: %self->cms def_%cl_1_52 %self[13.2,13.4,2.0,] 	 SYMBOL:	 ARGS:
		 8: %cl_1_52->sitemap_path def_%cl_1_53 %cl_1_52[13.7,] 	 SYMBOL:	 ARGS:
		 9: %self->link_to def_%cl_1_54 %self[13.2,13.4,13.7,2.0,] %cl_1_51[13.6,] %cl_1_53[13.8,] 	 SYMBOL:	 ARGS:%cl_1_51,%cl_1_53,
		 10: 
		 11: %self->id def_%cl_1_55 %self[13.2,13.4,13.7,13.9,2.0,] 	 SYMBOL:	 ARGS:
		 12: 
		 13: %self->library def_%cl_1_56 %self[13.2,13.4,13.7,13.9,13.11,2.0,] 	 SYMBOL:	 ARGS:
		 14: BRANCH %cl_1_56[13.13,] 
BB 14
	outgoing: 16 31 
	datadep: 
	instructions:
		 0: 
		 1: COPY TYPE_StringLiteral "Text" def_%cl_1_57 
		 2: %self->cms def_%cl_1_58 %self[2.0,] 	 SYMBOL:	 ARGS:
		 3: %cl_1_58->content_library_path def_%cl_1_59 %cl_1_58[14.2,] 	 SYMBOL:	 ARGS:
		 4: %self->nav_link_to def_%cl_1_60 %self[14.2,2.0,] %cl_1_57[14.1,] %cl_1_59[14.3,] 	 SYMBOL:	 ARGS:%cl_1_57,%cl_1_59,
		 5: 
		 6: %self->divider_tag def_%cl_1_61 %self[14.2,14.4,2.0,] 	 SYMBOL:	 ARGS:
		 7: 
BB 15
	outgoing: 16 
	datadep: 
	instructions:
		 0: COPY TYPE_Nil def_%cl_1_61 
BB 16
	outgoing: 18 31 
	datadep: 
	instructions:
		 0: 
		 1: (ContentType) def_%cl_1_62 
		 2: %cl_1_62->available_by_module def_%cl_1_63 %cl_1_62[16.1,] 	 SYMBOL:	 ARGS:
		 3: COPY TYPE_PASS def_modules %cl_1_63[16.2,] 
		 4: 
		 5: %cl_1_63->keys def_%cl_1_64 %cl_1_63[16.2,] 	 SYMBOL:	 ARGS:
		 6: %cl_1_64->sort def_%cl_1_65 %cl_1_64[16.5,] 	 SYMBOL:	 ARGS:
		 7: %cl_1_65->each_with_index def_%cl_1_66 %cl_1_65[16.6,] %self[2.0,] 	 SYMBOL:	 ARGS:%cl_1_65,
CLOSURE BEGIN: %self[2.0,] i[] modules[16.3,] module_name[] type[] 
BB 1
	outgoing: 6 2 
	datadep: 
	instructions:
BB 2
	outgoing: 3 
	datadep: 
	instructions:
		 0: def_%self 
		 1: def_%cl_2_0 
		 2: RECEIVEARG def_module_name 
		 3: RECEIVEARG def_i 
		 4: COPY TYPE_CurrentScope def_%current_scope 
		 5: COPY TYPE_ScopeModule def_%current_module 
BB 3
	outgoing: 4 6 
	datadep: 
	instructions:
		 0: 
		 1: %self->divider_tag def_%cl_2_3 %self[2.0,] i[2.3,] 	 SYMBOL:	 ARGS:i,
		 2: 
		 3: modules->[] def_%cl_2_4 modules[] module_name[2.2,] 	 SYMBOL:	 ARGS:module_name,
		 4: %cl_2_4->each def_%cl_2_5 %cl_2_4[3.3,] %self[3.1,2.0,] 	 SYMBOL:	 ARGS:%cl_2_4,
CLOSURE BEGIN: type[] %self[3.1,2.0,] 
BB 1
	outgoing: 6 2 
	datadep: 
	instructions:
BB 2
	outgoing: 3 
	datadep: 
	instructions:
		 0: def_%self 
		 1: def_%cl_3_0 
		 2: RECEIVEARG def_type 
		 3: COPY TYPE_CurrentScope def_%current_scope 
		 4: COPY TYPE_ScopeModule def_%current_module 
BB 3
	outgoing: 4 6 
	datadep: 
	instructions:
		 0: 
		 1: type->display_name def_%cl_3_3 type[2.2,] 	 SYMBOL:	 ARGS:
		 2: %self->h def_%cl_3_4 %self[2.0,] %cl_3_3[3.1,] 	 SYMBOL:	 ARGS:%cl_3_3,
		 3: %self->engine_aware_path def_%cl_3_5 %self[3.2,2.0,] type[3.1,2.2,] 	 SYMBOL:	 ARGS:type,
		 4: %self->nav_link_to def_%cl_3_6 %self[3.2,3.3,2.0,] %cl_3_4[3.2,] %cl_3_5[3.3,] 	 SYMBOL:	 ARGS:%cl_3_4,%cl_3_5,
		 5: RETURN %cl_3_6[3.4,] %self[3.2,3.3,3.4,2.0,] 
BB 4
	outgoing: 6 
	datadep: 
	instructions:
		 0: def_%cl_3_7 
		 1: def_%cl_3_8 %cl_3_7[4.0,] 
		 2: RETURN %cl_3_8[4.1,] %self[2.0,] 
BB 6
	outgoing: 
	datadep: 
	instructions:
CLOSURE END: 
		 5: RETURN %cl_2_5[3.4,] %self[3.1,2.0,] 
BB 4
	outgoing: 6 
	datadep: 
	instructions:
		 0: def_%cl_2_6 
		 1: def_%cl_2_7 %cl_2_6[4.0,] 
		 2: RETURN %cl_2_7[4.1,] %self[2.0,] 
BB 6
	outgoing: 
	datadep: 
	instructions:
CLOSURE END: i[2.3,] 
		 8: 
BB 17
	outgoing: 18 
	datadep: 
	instructions:
		 0: COPY TYPE_Nil def_%cl_1_66 
BB 18
	outgoing: 19 20 31 
	datadep: 
	instructions:
		 0: 
		 1: %self->current_user def_%cl_1_67 %self[2.0,] 	 SYMBOL:	 ARGS:
		 2: %cl_1_67->able_to? def_%cl_1_68 %cl_1_67[18.1,] 	 SYMBOL:administrate,	 ARGS:Symbol,
		 3: BRANCH %cl_1_68[18.2,] 
BB 19
	outgoing: 21 31 
	datadep: 
	instructions:
		 0: 
		 1: COPY TYPE_StringLiteral "Users" def_%cl_1_69 
		 2: %self->cms def_%cl_1_70 %self[2.0,] 	 SYMBOL:	 ARGS:
		 3: %cl_1_70->users_path def_%cl_1_71 %cl_1_70[19.2,] 	 SYMBOL:	 ARGS:
		 4: %self->nav_link_to def_%cl_1_72 %self[19.2,2.0,] %cl_1_69[19.1,] %cl_1_71[19.3,] 	 SYMBOL:	 ARGS:%cl_1_69,%cl_1_71,
		 5: 
		 6: COPY TYPE_StringLiteral "Groups" def_%cl_1_73 
		 7: %self->cms def_%cl_1_74 %self[19.2,19.4,2.0,] 	 SYMBOL:	 ARGS:
		 8: %cl_1_74->groups_path def_%cl_1_75 %cl_1_74[19.7,] 	 SYMBOL:	 ARGS:
		 9: %self->nav_link_to def_%cl_1_76 %self[19.2,19.4,19.7,2.0,] %cl_1_73[19.6,] %cl_1_75[19.8,] 	 SYMBOL:	 ARGS:%cl_1_73,%cl_1_75,
		 10: 
		 11: %self->divider_tag def_%cl_1_77 %self[19.2,19.4,19.7,19.9,2.0,] 	 SYMBOL:	 ARGS:
		 12: 
		 13: COPY TYPE_StringLiteral "Partials" def_%cl_1_78 
		 14: %self->cms def_%cl_1_79 %self[19.2,19.4,19.7,19.9,19.11,2.0,] 	 SYMBOL:	 ARGS:
		 15: %cl_1_79->page_partials_path def_%cl_1_80 %cl_1_79[19.14,] 	 SYMBOL:	 ARGS:
		 16: %self->nav_link_to def_%cl_1_81 %self[19.2,19.4,19.7,19.9,19.11,19.14,2.0,] %cl_1_78[19.13,] %cl_1_80[19.15,] 	 SYMBOL:	 ARGS:%cl_1_78,%cl_1_80,
		 17: 
		 18: COPY TYPE_StringLiteral "Page Templates" def_%cl_1_82 
		 19: %self->cms def_%cl_1_83 %self[19.2,19.4,19.7,19.9,19.11,19.14,19.16,2.0,] 	 SYMBOL:	 ARGS:
		 20: %cl_1_83->page_templates_path def_%cl_1_84 %cl_1_83[19.19,] 	 SYMBOL:	 ARGS:
		 21: %self->nav_link_to def_%cl_1_85 %self[19.2,19.4,19.7,19.9,19.11,19.14,19.16,19.19,2.0,] %cl_1_82[19.18,] %cl_1_84[19.20,] 	 SYMBOL:	 ARGS:%cl_1_82,%cl_1_84,
		 22: 
		 23: %self->divider_tag def_%cl_1_86 %self[19.2,19.4,19.7,19.9,19.11,19.14,19.16,19.19,19.21,2.0,] 	 SYMBOL:	 ARGS:
		 24: 
		 25: COPY TYPE_StringLiteral "Redirects" def_%cl_1_87 
		 26: %self->cms def_%cl_1_88 %self[19.2,19.4,19.7,19.9,19.11,19.14,19.16,19.19,19.21,19.23,2.0,] 	 SYMBOL:	 ARGS:
		 27: %cl_1_88->redirects_path def_%cl_1_89 %cl_1_88[19.26,] 	 SYMBOL:	 ARGS:
		 28: %self->nav_link_to def_%cl_1_90 %self[19.2,19.4,19.7,19.9,19.11,19.14,19.16,19.19,19.21,19.23,19.26,2.0,] %cl_1_87[19.25,] %cl_1_89[19.27,] 	 SYMBOL:	 ARGS:%cl_1_87,%cl_1_89,
		 29: 
		 30: COPY TYPE_StringLiteral "Routes" def_%cl_1_91 
		 31: %self->cms def_%cl_1_92 %self[19.2,19.4,19.7,19.9,19.11,19.14,19.16,19.19,19.21,19.23,19.26,19.28,2.0,] 	 SYMBOL:	 ARGS:
		 32: %cl_1_92->page_routes_path def_%cl_1_93 %cl_1_92[19.31,] 	 SYMBOL:	 ARGS:
		 33: %self->nav_link_to def_%cl_1_94 %self[19.2,19.4,19.7,19.9,19.11,19.14,19.16,19.19,19.21,19.23,19.26,19.28,19.31,2.0,] %cl_1_91[19.30,] %cl_1_93[19.32,] 	 SYMBOL:	 ARGS:%cl_1_91,%cl_1_93,
		 34: 
		 35: COPY TYPE_StringLiteral "Page Cache" def_%cl_1_95 
		 36: %self->cms def_%cl_1_96 %self[19.2,19.4,19.7,19.9,19.11,19.14,19.16,19.19,19.21,19.23,19.26,19.28,19.31,19.33,2.0,] 	 SYMBOL:	 ARGS:
		 37: %cl_1_96->cache_path def_%cl_1_97 %cl_1_96[19.36,] 	 SYMBOL:	 ARGS:
		 38: %self->nav_link_to def_%cl_1_98 %self[19.2,19.4,19.7,19.9,19.11,19.14,19.16,19.19,19.21,19.23,19.26,19.28,19.31,19.33,19.36,2.0,] %cl_1_95[19.35,] %cl_1_97[19.37,] 	 SYMBOL:	 ARGS:%cl_1_95,%cl_1_97,
		 39: 
		 40: COPY TYPE_StringLiteral "Email Messages" def_%cl_1_99 
		 41: %self->cms def_%cl_1_100 %self[19.2,19.4,19.7,19.9,19.11,19.14,19.16,19.19,19.21,19.23,19.26,19.28,19.31,19.33,19.36,19.38,2.0,] 	 SYMBOL:	 ARGS:
		 42: %cl_1_100->email_messages_path def_%cl_1_101 %cl_1_100[19.41,] 	 SYMBOL:	 ARGS:
		 43: %self->nav_link_to def_%cl_1_102 %self[19.2,19.4,19.7,19.9,19.11,19.14,19.16,19.19,19.21,19.23,19.26,19.28,19.31,19.33,19.36,19.38,19.41,2.0,] %cl_1_99[19.40,] %cl_1_101[19.42,] 	 SYMBOL:	 ARGS:%cl_1_99,%cl_1_101,
		 44: 
		 45: (Rails) def_%cl_1_103 
		 46: %cl_1_103->application def_%cl_1_104 %cl_1_103[19.45,] 	 SYMBOL:	 ARGS:
		 47: %cl_1_104->config def_%cl_1_105 %cl_1_104[19.46,] 	 SYMBOL:	 ARGS:
		 48: %cl_1_105->cms def_%cl_1_106 %cl_1_105[19.47,] 	 SYMBOL:	 ARGS:
		 49: %cl_1_106->tools_menu def_%cl_1_107 %cl_1_106[19.48,] 	 SYMBOL:	 ARGS:
		 50: %cl_1_107->each def_%cl_1_108 %cl_1_107[19.49,] %self[19.2,19.4,19.7,19.9,19.11,19.14,19.16,19.19,19.21,19.23,19.26,19.28,19.31,19.33,19.36,19.38,19.41,19.43,2.0,] 	 SYMBOL:	 ARGS:%cl_1_107,
CLOSURE BEGIN: menu_item[] %self[19.2,19.4,19.7,19.9,19.11,19.14,19.16,19.19,19.21,19.23,19.26,19.28,19.31,19.33,19.36,19.38,19.41,19.43,2.0,] 
BB 1
	outgoing: 6 2 
	datadep: 
	instructions:
BB 2
	outgoing: 3 
	datadep: 
	instructions:
		 0: def_%self 
		 1: def_%cl_4_0 
		 2: RECEIVEARG def_menu_item 
		 3: COPY TYPE_CurrentScope def_%current_scope 
		 4: COPY TYPE_ScopeModule def_%current_module 
BB 3
	outgoing: 4 6 
	datadep: 
	instructions:
		 0: 
		 1: menu_item->[] def_%cl_4_3 menu_item[2.2,] 	 SYMBOL:name,	 ARGS:Symbol,
		 2: menu_item->[] def_%cl_4_4 menu_item[3.1,2.2,] 	 SYMBOL:engine,	 ARGS:Symbol,
		 3: %self->send def_%cl_4_5 %self[2.0,] %cl_4_4[3.2,] 	 SYMBOL:	 ARGS:%cl_4_4,
		 4: menu_item->[] def_%cl_4_6 menu_item[3.1,3.2,2.2,] 	 SYMBOL:route_name,	 ARGS:Symbol,
		 5: %cl_4_5->send def_%cl_4_7 %cl_4_5[3.3,] %cl_4_6[3.4,] 	 SYMBOL:	 ARGS:%cl_4_6,
		 6: %self->nav_link_to def_%cl_4_8 %self[3.3,2.0,] %cl_4_3[3.1,] %cl_4_7[3.5,] 	 SYMBOL:	 ARGS:%cl_4_3,%cl_4_7,
		 7: RETURN %cl_4_8[3.6,] %self[3.3,3.6,2.0,] 
BB 4
	outgoing: 6 
	datadep: 
	instructions:
		 0: def_%cl_4_9 
		 1: def_%cl_4_10 %cl_4_9[4.0,] 
		 2: RETURN %cl_4_10[4.1,] %self[2.0,] 
BB 6
	outgoing: 
	datadep: 
	instructions:
CLOSURE END: 
		 51: 
BB 20
	outgoing: 21 
	datadep: 
	instructions:
		 0: COPY TYPE_Nil def_%cl_1_108 
BB 21
	outgoing: 22 26 31 
	datadep: 
	instructions:
		 0: 
		 1: %self->current_user def_%cl_1_109 %self[2.0,] 	 SYMBOL:	 ARGS:
		 2: %cl_1_109->able_to? def_%cl_1_110 %cl_1_109[21.1,] 	 SYMBOL:edit_content,	 ARGS:Symbol,
		 3: BRANCH %cl_1_110[21.2,] 
BB 22
	outgoing: 23 24 31 
	datadep: 
	instructions:
		 0: 
		 1: COPY TYPE_StringLiteral "New" def_%cl_1_111 
		 2: %self->new_button_path def_%cl_1_112 %self[2.0,] 	 SYMBOL:	 ARGS:
		 3: COPY TYPE_StringLiteral "new-content-button" def_%cl_1_113 
		 4: COPY TYPE_StringLiteral "btn btn-primary" def_%cl_1_114 
		 5: COPY TYPE_StringLiteral "-1" def_%cl_1_115 
		 6: HASH-id-class-tabindex- def_%cl_1_116 %cl_1_113[22.3,] %cl_1_114[22.4,] %cl_1_115[22.5,] 
		 7: %self->menu_button def_%cl_1_117 %self[22.2,2.0,] %cl_1_111[22.1,] %cl_1_112[22.2,] %cl_1_116[22.6,] 	 SYMBOL:	 ARGS:%cl_1_111,%cl_1_112,%cl_1_116,
		 8: 
		 9: def_%cl_1_118 %self[22.2,22.7,2.0,] 
		 10: BRANCH %cl_1_118[22.9,] 
BB 23
	outgoing: 25 
	datadep: 
	instructions:
		 0: COPY TYPE_Nil def_%cl_1_119 
		 1: 
BB 24
	outgoing: 25 
	datadep: 
	instructions:
		 0: 
		 1: COPY TYPE_StringLiteral "" def_%cl_1_120 
		 2: COPY TYPE_PASS def_prefix %cl_1_120[24.1,] 
		 3: COPY TYPE_PASS def_%cl_1_119 %cl_1_120[24.1,] 
BB 25
	outgoing: 27 31 
	datadep: 
	instructions:
		 0: 
		 1: COPY TYPE_StringLiteral "Page" def_%cl_1_121 
		 2: BUILDSTRING def_%cl_1_122 prefix[24.2,] %cl_1_121[25.1,] 
		 3: %self->cms def_%cl_1_123 %self[2.0,] 	 SYMBOL:	 ARGS:
		 4: %self->target_section def_%cl_1_124 %self[25.3,2.0,] 	 SYMBOL:	 ARGS:
		 5: %cl_1_123->new_section_page_path def_%cl_1_125 %cl_1_123[25.3,] %cl_1_124[25.4,] 	 SYMBOL:	 ARGS:%cl_1_124,
		 6: COPY TYPE_StringLiteral "add-page-button" def_%cl_1_126 
		 7: HASH-class- def_%cl_1_127 %cl_1_126[25.6,] 
		 8: %self->nav_link_to def_%cl_1_128 %self[25.3,25.4,2.0,] %cl_1_122[25.2,] %cl_1_125[25.5,] %cl_1_127[25.7,] 	 SYMBOL:	 ARGS:%cl_1_122,%cl_1_125,%cl_1_127,
		 9: 
		 10: COPY TYPE_StringLiteral "Link" def_%cl_1_129 
		 11: BUILDSTRING def_%cl_1_130 prefix[24.2,] %cl_1_129[25.10,] 
		 12: %self->cms def_%cl_1_131 %self[25.3,25.4,25.8,2.0,] 	 SYMBOL:	 ARGS:
		 13: %self->target_section def_%cl_1_132 %self[25.3,25.4,25.8,25.12,2.0,] 	 SYMBOL:	 ARGS:
		 14: %cl_1_131->new_section_link_path def_%cl_1_133 %cl_1_131[25.12,] %cl_1_132[25.13,] 	 SYMBOL:	 ARGS:%cl_1_132,
		 15: COPY TYPE_StringLiteral "add-section-button" def_%cl_1_134 
		 16: HASH-class- def_%cl_1_135 %cl_1_134[25.15,] 
		 17: %self->nav_link_to def_%cl_1_136 %self[25.3,25.4,25.8,25.12,25.13,2.0,] %cl_1_130[25.11,] %cl_1_133[25.14,] %cl_1_135[25.16,] 	 SYMBOL:	 ARGS:%cl_1_130,%cl_1_133,%cl_1_135,
		 18: 
		 19: COPY TYPE_StringLiteral "Section" def_%cl_1_137 
		 20: BUILDSTRING def_%cl_1_138 prefix[24.2,] %cl_1_137[25.19,] 
		 21: %self->cms def_%cl_1_139 %self[25.3,25.4,25.8,25.12,25.13,25.17,2.0,] 	 SYMBOL:	 ARGS:
		 22: %self->target_section def_%cl_1_140 %self[25.3,25.4,25.8,25.12,25.13,25.17,25.21,2.0,] 	 SYMBOL:	 ARGS:
		 23: %cl_1_140->id def_%cl_1_141 %cl_1_140[25.22,] 	 SYMBOL:	 ARGS:
		 24: HASH-section_id- def_%cl_1_142 %cl_1_141[25.23,] 
		 25: %cl_1_139->new_section_path def_%cl_1_143 %cl_1_139[25.21,] %cl_1_142[25.24,] 	 SYMBOL:	 ARGS:%cl_1_142,
		 26: COPY TYPE_StringLiteral "add-link-button" def_%cl_1_144 
		 27: HASH-class- def_%cl_1_145 %cl_1_144[25.26,] 
		 28: %self->nav_link_to def_%cl_1_146 %self[25.3,25.4,25.8,25.12,25.13,25.17,25.21,25.22,2.0,] %cl_1_138[25.20,] %cl_1_143[25.25,] %cl_1_145[25.27,] 	 SYMBOL:	 ARGS:%cl_1_138,%cl_1_143,%cl_1_145,
		 29: 
		 30: %self->divider_tag def_%cl_1_147 %self[25.3,25.4,25.8,25.12,25.13,25.17,25.21,25.22,25.28,2.0,] 	 SYMBOL:	 ARGS:
		 31: 
		 32: (ContentType) def_%cl_1_148 
		 33: %cl_1_148->available_by_module def_%cl_1_149 %cl_1_148[25.32,] 	 SYMBOL:	 ARGS:
		 34: COPY TYPE_PASS def_modules %cl_1_149[25.33,] 
		 35: 
		 36: %cl_1_149->keys def_%cl_1_150 %cl_1_149[25.33,] 	 SYMBOL:	 ARGS:
		 37: %cl_1_150->sort def_%cl_1_151 %cl_1_150[25.36,] 	 SYMBOL:	 ARGS:
		 38: %cl_1_151->each_with_index def_%cl_1_152 %cl_1_151[25.37,] %self[25.3,25.4,25.8,25.12,25.13,25.17,25.21,25.22,25.28,25.30,2.0,] 	 SYMBOL:	 ARGS:%cl_1_151,
CLOSURE BEGIN: %self[25.3,25.4,25.8,25.12,25.13,25.17,25.21,25.22,25.28,25.30,2.0,] i[16.7,] modules[25.34,] module_name[16.7,] type[] 
BB 1
	outgoing: 6 2 
	datadep: 
	instructions:
BB 2
	outgoing: 3 
	datadep: 
	instructions:
		 0: def_%self 
		 1: def_%cl_5_0 
		 2: RECEIVEARG def_module_name 
		 3: RECEIVEARG def_i 
		 4: COPY TYPE_CurrentScope def_%current_scope 
		 5: COPY TYPE_ScopeModule def_%current_module 
BB 3
	outgoing: 4 6 
	datadep: 
	instructions:
		 0: 
		 1: %self->divider_tag def_%cl_5_3 %self[2.0,] i[2.3,] 	 SYMBOL:	 ARGS:i,
		 2: 
		 3: modules->[] def_%cl_5_4 modules[] module_name[2.2,] 	 SYMBOL:	 ARGS:module_name,
		 4: %cl_5_4->each def_%cl_5_5 %cl_5_4[3.3,] %self[3.1,2.0,] 	 SYMBOL:	 ARGS:%cl_5_4,
CLOSURE BEGIN: type[] %self[3.1,2.0,] 
BB 1
	outgoing: 6 2 
	datadep: 
	instructions:
BB 2
	outgoing: 3 
	datadep: 
	instructions:
		 0: def_%self 
		 1: def_%cl_6_0 
		 2: RECEIVEARG def_type 
		 3: COPY TYPE_CurrentScope def_%current_scope 
		 4: COPY TYPE_ScopeModule def_%current_module 
BB 3
	outgoing: 4 6 
	datadep: 
	instructions:
		 0: 
		 1: type->display_name def_%cl_6_3 type[2.2,] 	 SYMBOL:	 ARGS:
		 2: %self->h def_%cl_6_4 %self[2.0,] %cl_6_3[3.1,] 	 SYMBOL:	 ARGS:%cl_6_3,
		 3: %self->new_engine_aware_path def_%cl_6_5 %self[3.2,2.0,] type[3.1,2.2,] 	 SYMBOL:	 ARGS:type,
		 4: COPY TYPE_StringLiteral "create_new_" def_%cl_6_6 
		 5: type->param_key def_%cl_6_7 type[3.1,2.2,] 	 SYMBOL:	 ARGS:
		 6: BUILDSTRING def_%cl_6_8 %cl_6_6[3.4,] %cl_6_7[3.5,] 
		 7: HASH-id- def_%cl_6_9 %cl_6_8[3.6,] 
		 8: %self->nav_link_to def_%cl_6_10 %self[3.2,3.3,2.0,] %cl_6_4[3.2,] %cl_6_5[3.3,] %cl_6_9[3.7,] 	 SYMBOL:	 ARGS:%cl_6_4,%cl_6_5,%cl_6_9,
		 9: RETURN %cl_6_10[3.8,] %self[3.2,3.3,3.8,2.0,] 
BB 4
	outgoing: 6 
	datadep: 
	instructions:
		 0: def_%cl_6_11 
		 1: def_%cl_6_12 %cl_6_11[4.0,] 
		 2: RETURN %cl_6_12[4.1,] %self[2.0,] 
BB 6
	outgoing: 
	datadep: 
	instructions:
CLOSURE END: 
		 5: RETURN %cl_5_5[3.4,] %self[3.1,2.0,] 
BB 4
	outgoing: 6 
	datadep: 
	instructions:
		 0: def_%cl_5_6 
		 1: def_%cl_5_7 %cl_5_6[4.0,] 
		 2: RETURN %cl_5_7[4.1,] %self[2.0,] 
BB 6
	outgoing: 
	datadep: 
	instructions:
CLOSURE END: i[2.3,] 
		 39: 
BB 26
	outgoing: 27 
	datadep: 
	instructions:
		 0: COPY TYPE_Nil def_%cl_1_152 
BB 27
	outgoing: 28 29 31 
	datadep: 
	instructions:
		 0: 
		 1: %self->flash def_%cl_1_153 %self[2.0,] 	 SYMBOL:	 ARGS:
		 2: %cl_1_153->each def_%cl_1_154 %cl_1_153[27.1,] %self[27.1,2.0,] 	 SYMBOL:	 ARGS:%cl_1_153,
CLOSURE BEGIN: %self[27.1,2.0,] msg[] 
BB 1
	outgoing: 6 2 
	datadep: 
	instructions:
BB 2
	outgoing: 3 
	datadep: 
	instructions:
		 0: def_%self 
		 1: def_%cl_7_0 
		 2: RECEIVEARG def_name 
		 3: RECEIVEARG def_msg 
		 4: COPY TYPE_CurrentScope def_%current_scope 
		 5: COPY TYPE_ScopeModule def_%current_module 
BB 3
	outgoing: 4 6 
	datadep: 
	instructions:
		 0: 
		 1: COPY TYPE_StringLiteral "flash-message" def_%cl_7_3 
		 2: HASH-class- def_%cl_7_4 %cl_7_3[3.1,] 
		 3: %self->content_tag def_%cl_7_5 %self[2.0,] %cl_7_4[3.2,] %self[2.0,] 	 SYMBOL:div,	 ARGS:Symbol,%cl_7_4,%self,
CLOSURE BEGIN: msg[2.3,] 
BB 1
	outgoing: 6 2 
	datadep: 
	instructions:
BB 2
	outgoing: 6 
	datadep: 
	instructions:
		 0: def_%self 
		 1: def_%cl_8_0 
		 2: COPY TYPE_CurrentScope def_%current_scope 
		 3: COPY TYPE_ScopeModule def_%current_module 
		 4: 
		 5: RETURN msg[] %self[2.0,] 
BB 6
	outgoing: 
	datadep: 
	instructions:
CLOSURE END: 
		 4: RETURN %cl_7_5[3.3,] %self[3.3,2.0,] 
BB 4
	outgoing: 6 
	datadep: 
	instructions:
		 0: def_%cl_7_6 
		 1: def_%cl_7_7 %cl_7_6[4.0,] 
		 2: RETURN %cl_7_7[4.1,] %self[2.0,] 
BB 6
	outgoing: 
	datadep: 
	instructions:
CLOSURE END: msg[2.3,] 
		 3: 
		 4: %self->content_for? def_%cl_1_155 %self[27.1,2.0,] 	 SYMBOL:before_main_content,	 ARGS:Symbol,
		 5: BRANCH %cl_1_155[27.4,] 
BB 28
	outgoing: 30 31 
	datadep: 
	instructions:
		 0: 
		 1: def_%cl_1_156 %cl_1_0[2.1,] 
		 2: 
BB 29
	outgoing: 30 
	datadep: 
	instructions:
		 0: COPY TYPE_Nil def_%cl_1_156 
BB 30
	outgoing: 31 33 
	datadep: 
	instructions:
		 0: 
		 1: COPY TYPE_StringLiteral "Edit Link" def_%cl_1_157 
		 2: %self->use_page_title def_%cl_1_158 %self[2.0,] %cl_1_157[30.1,] 	 SYMBOL:	 ARGS:%cl_1_157,
		 3: 
		 4: GETFIELD %self->link def_%cl_1_159 %self[30.2,2.0,] 
		 5: %self->simple_form_for def_%cl_1_160 %self[30.2,2.0,] %cl_1_159[30.4,] %self[30.2,2.0,] 	 SYMBOL:	 ARGS:%cl_1_159,%self,
CLOSURE BEGIN: %self[30.2,2.0,] f[] 
BB 1
	outgoing: 6 2 
	datadep: 
	instructions:
BB 2
	outgoing: 3 
	datadep: 
	instructions:
		 0: def_%self 
		 1: def_%cl_9_0 
		 2: RECEIVEARG def_f 
		 3: COPY TYPE_CurrentScope def_%current_scope 
		 4: COPY TYPE_ScopeModule def_%current_module 
BB 3
	outgoing: 4 6 
	datadep: 
	instructions:
		 0: 
		 1: %self->page_title_with_buttons def_%cl_9_3 %self[2.0,] f[2.2,] 	 SYMBOL:	 ARGS:f,
		 2: 
		 3: f->input def_%cl_9_4 f[2.2,] 	 SYMBOL:name,	 ARGS:Symbol,
		 4: 
		 5: f->input def_%cl_9_5 f[3.3,2.2,] 	 SYMBOL:url,	 ARGS:Symbol,
		 6: 
		 7: COPY TYPE_StringLiteral "Open In New Window?" def_%cl_9_6 
		 8: HASH-label- def_%cl_9_7 %cl_9_6[3.7,] 
		 9: f->input def_%cl_9_8 f[3.3,3.5,2.2,] %cl_9_7[3.8,] 	 SYMBOL:new_window,	 ARGS:Symbol,%cl_9_7,
		 10: 
		 11: %self->bottom_buttons def_%cl_9_9 %self[3.1,2.0,] f[3.3,3.5,3.9,2.2,] 	 SYMBOL:	 ARGS:f,
		 12: RETURN %cl_9_9[3.11,] %self[3.1,3.11,2.0,] 
BB 4
	outgoing: 6 
	datadep: 
	instructions:
		 0: def_%cl_9_10 
		 1: def_%cl_9_11 %cl_9_10[4.0,] 
		 2: RETURN %cl_9_11[4.1,] %self[2.0,] 
BB 6
	outgoing: 
	datadep: 
	instructions:
CLOSURE END: 
		 6: 
		 7: (Time) def_%cl_1_161 
		 8: %cl_1_161->now def_%cl_1_162 %cl_1_161[30.7,] 	 SYMBOL:	 ARGS:
		 9: %cl_1_162->year def_%cl_1_163 %cl_1_162[30.8,] 	 SYMBOL:	 ARGS:
		 10: 
		 11: COPY TYPE_StringLiteral "BrowserMedia" def_%cl_1_164 
		 12: COPY TYPE_StringLiteral "http://www.browsermedia.com" def_%cl_1_165 
		 13: %self->link_to def_%cl_1_166 %self[30.2,30.5,2.0,] %cl_1_164[30.11,] %cl_1_165[30.12,] 	 SYMBOL:	 ARGS:%cl_1_164,%cl_1_165,
		 14: 
		 15: COPY TYPE_StringLiteral "BrowserCMS" def_%cl_1_167 
		 16: COPY TYPE_StringLiteral "http://www.browsercms.org" def_%cl_1_168 
		 17: %self->link_to def_%cl_1_169 %self[30.2,30.5,30.13,2.0,] %cl_1_167[30.15,] %cl_1_168[30.16,] 	 SYMBOL:	 ARGS:%cl_1_167,%cl_1_168,
		 18: 
		 19: (Cms) def_%cl_1_170 
		 20: %cl_1_170->version def_%cl_1_171 %cl_1_170[30.19,] 	 SYMBOL:	 ARGS:
		 21: 
		 22: (Rails) def_%cl_1_172 
		 23: %cl_1_172->version def_%cl_1_173 %cl_1_172[30.22,] 	 SYMBOL:	 ARGS:
		 24: 
		 25: (Rails) def_%cl_1_174 
		 26: %cl_1_174->env def_%cl_1_175 %cl_1_174[30.25,] 	 SYMBOL:	 ARGS:
		 27: RETURN %cl_1_175[30.26,] %self[30.2,30.5,30.13,30.17,2.0,] 
BB 31
	outgoing: 33 
	datadep: 
	instructions:
		 0: def_%cl_1_176 
		 1: def_%cl_1_177 %cl_1_176[31.0,] 
		 2: RETURN %cl_1_177[31.1,] %self[2.0,] 
BB 33
	outgoing: 
	datadep: 
	instructions:
CLOSURE END: prefix[24.2,] modules[16.3,25.34,] 
		 3: RETURN %v_16[5.2,] %self[5.1,2.0,] 
BB 6
	outgoing: 9 
	datadep: 
	instructions:
		 0: RETURN %v_14[4.11,] %self[2.0,] 
BB 7
	outgoing: 9 
	datadep: 
	instructions:
		 0: def_%v_17 
		 1: def_%v_18 %v_17[7.0,] 
		 2: RETURN %v_18[7.1,] %self[2.0,] 
BB 9
	outgoing: 
	datadep: 
	instructions:

SET IRMethod, name = destroy instanceMethod = true
BB 1
	outgoing: 3 2 
	datadep: 
	instructions:
BB 2
	outgoing: 3 
	datadep: 
	instructions:
		 0: def_%self 
		 1: def_%v_0 
		 2: COPY TYPE_CurrentScope def_%current_scope 
		 3: COPY TYPE_ScopeModule def_%current_module 
		 4: 
		 5: 
		 6: %self->respond_to def_%v_3 %self[2.0,] %self[2.0,] 	 SYMBOL:	 ARGS:%self,
CLOSURE BEGIN: %self[2.0,] format[] message[] 
BB 1
	outgoing: 9 2 
	datadep: 
	instructions:
BB 2
	outgoing: 3 
	datadep: 
	instructions:
		 0: def_%self 
		 1: def_%cl_1_0 
		 2: RECEIVEARG def_format 
		 3: COPY TYPE_CurrentScope def_%current_scope 
		 4: COPY TYPE_ScopeModule def_%current_module 
BB 3
	outgoing: 4 5 7 
	datadep: 
	instructions:
		 0: 
		 1: GETFIELD %self->link def_%cl_1_3 %self[2.0,] 
		 2: %cl_1_3->destroy def_%cl_1_4 %cl_1_3[3.1,] 	 SYMBOL:	 ARGS:
		 3: BRANCH %cl_1_4[3.2,] 
BB 4
	outgoing: 6 7 
	datadep: 
	instructions:
		 0: 
		 1: COPY TYPE_StringLiteral "Link '" def_%cl_1_5 
		 2: GETFIELD %self->link def_%cl_1_6 %self[2.0,] 
		 3: %cl_1_6->name def_%cl_1_7 %cl_1_6[4.2,] 	 SYMBOL:	 ARGS:
		 4: COPY TYPE_StringLiteral "' was deleted." def_%cl_1_8 
		 5: BUILDSTRING def_%cl_1_9 %cl_1_5[4.1,] %cl_1_7[4.3,] %cl_1_8[4.4,] 
		 6: COPY TYPE_PASS def_message %cl_1_9[4.5,] 
		 7: 
		 8: format->html def_%cl_1_10 format[2.2,] %self[2.0,] 	 SYMBOL:	 ARGS:format,
CLOSURE BEGIN: %self[2.0,] message[4.6,] 
BB 1
	outgoing: 6 2 
	datadep: 
	instructions:
BB 2
	outgoing: 3 
	datadep: 
	instructions:
		 0: def_%self 
		 1: def_%cl_2_0 
		 2: COPY TYPE_CurrentScope def_%current_scope 
		 3: COPY TYPE_ScopeModule def_%current_module 
BB 3
	outgoing: 4 6 
	datadep: 
	instructions:
		 0: 
		 1: %self->flash def_%cl_2_3 %self[2.0,] 	 SYMBOL:	 ARGS:
		 2: ATTRASSIGN %cl_2_3->[] message[] 
		 3: %self->sitemap_url def_%cl_2_4 %self[3.1,2.0,] 	 SYMBOL:	 ARGS:
		 4: %self->redirect_to def_%cl_2_5 %self[3.1,3.3,2.0,] %cl_2_4[3.3,] 	 SYMBOL:	 ARGS:%cl_2_4,
		 5: RETURN %cl_2_5[3.4,] %self[3.1,3.3,3.4,2.0,] 
BB 4
	outgoing: 6 
	datadep: 
	instructions:
		 0: def_%cl_2_6 
		 1: def_%cl_2_7 %cl_2_6[4.0,] 
		 2: RETURN %cl_2_7[4.1,] %self[2.0,] 
BB 6
	outgoing: 
	datadep: 
	instructions:
CLOSURE END: 
		 9: 
		 10: format->json def_%cl_1_11 format[4.8,2.2,] %self[2.0,] 	 SYMBOL:	 ARGS:format,
CLOSURE BEGIN: message[4.6,] %self[2.0,] 
BB 1
	outgoing: 6 2 
	datadep: 
	instructions:
BB 2
	outgoing: 3 
	datadep: 
	instructions:
		 0: def_%self 
		 1: def_%cl_3_0 
		 2: COPY TYPE_CurrentScope def_%current_scope 
		 3: COPY TYPE_ScopeModule def_%current_module 
BB 3
	outgoing: 4 6 
	datadep: 
	instructions:
		 0: 
		 1: HASH-success-message- def_%cl_3_3 message[] 
		 2: HASH-json- def_%cl_3_4 %cl_3_3[3.1,] 
		 3: %self->render def_%cl_3_5 %self[2.0,] %cl_3_4[3.2,] 	 SYMBOL:	 ARGS:%cl_3_4,
		 4: RETURN %cl_3_5[3.3,] %self[3.3,2.0,] 
BB 4
	outgoing: 6 
	datadep: 
	instructions:
		 0: def_%cl_3_6 
		 1: def_%cl_3_7 %cl_3_6[4.0,] 
		 2: RETURN %cl_3_7[4.1,] %self[2.0,] 
BB 6
	outgoing: 
	datadep: 
	instructions:
CLOSURE END: 
		 11: 
BB 5
	outgoing: 7 9 
	datadep: 
	instructions:
		 0: 
		 1: COPY TYPE_StringLiteral "Link '" def_%cl_1_12 
		 2: GETFIELD %self->link def_%cl_1_13 %self[2.0,] 
		 3: %cl_1_13->name def_%cl_1_14 %cl_1_13[5.2,] 	 SYMBOL:	 ARGS:
		 4: COPY TYPE_StringLiteral "' could not be deleted" def_%cl_1_15 
		 5: BUILDSTRING def_%cl_1_16 %cl_1_12[5.1,] %cl_1_14[5.3,] %cl_1_15[5.4,] 
		 6: COPY TYPE_PASS def_message %cl_1_16[5.5,] 
		 7: 
		 8: format->html def_%cl_1_17 format[2.2,] %self[2.0,] 	 SYMBOL:	 ARGS:format,
CLOSURE BEGIN: %self[2.0,] message[5.6,] 
BB 1
	outgoing: 6 2 
	datadep: 
	instructions:
BB 2
	outgoing: 3 
	datadep: 
	instructions:
		 0: def_%self 
		 1: def_%cl_4_0 
		 2: COPY TYPE_CurrentScope def_%current_scope 
		 3: COPY TYPE_ScopeModule def_%current_module 
BB 3
	outgoing: 4 6 
	datadep: 
	instructions:
		 0: 
		 1: %self->flash def_%cl_4_3 %self[2.0,] 	 SYMBOL:	 ARGS:
		 2: ATTRASSIGN %cl_4_3->[] message[] 
		 3: %self->sitemap_url def_%cl_4_4 %self[3.1,2.0,] 	 SYMBOL:	 ARGS:
		 4: %self->redirect_to def_%cl_4_5 %self[3.1,3.3,2.0,] %cl_4_4[3.3,] 	 SYMBOL:	 ARGS:%cl_4_4,
		 5: RETURN %cl_4_5[3.4,] %self[3.1,3.3,3.4,2.0,] 
BB 4
	outgoing: 6 
	datadep: 
	instructions:
		 0: def_%cl_4_6 
		 1: def_%cl_4_7 %cl_4_6[4.0,] 
		 2: RETURN %cl_4_7[4.1,] %self[2.0,] 
BB 6
	outgoing: 
	datadep: 
	instructions:
CLOSURE END: 
		 9: 
		 10: format->json def_%cl_1_18 format[5.8,2.2,] %self[2.0,] 	 SYMBOL:	 ARGS:format,
CLOSURE BEGIN: message[5.6,] %self[2.0,] 
BB 1
	outgoing: 6 2 
	datadep: 
	instructions:
BB 2
	outgoing: 3 
	datadep: 
	instructions:
		 0: def_%self 
		 1: def_%cl_5_0 
		 2: COPY TYPE_CurrentScope def_%current_scope 
		 3: COPY TYPE_ScopeModule def_%current_module 
BB 3
	outgoing: 4 6 
	datadep: 
	instructions:
		 0: 
		 1: HASH-success-message- def_%cl_5_3 message[] 
		 2: HASH-json- def_%cl_5_4 %cl_5_3[3.1,] 
		 3: %self->render def_%cl_5_5 %self[2.0,] %cl_5_4[3.2,] 	 SYMBOL:	 ARGS:%cl_5_4,
		 4: RETURN %cl_5_5[3.3,] %self[3.3,2.0,] 
BB 4
	outgoing: 6 
	datadep: 
	instructions:
		 0: def_%cl_5_6 
		 1: def_%cl_5_7 %cl_5_6[4.0,] 
		 2: RETURN %cl_5_7[4.1,] %self[2.0,] 
BB 6
	outgoing: 
	datadep: 
	instructions:
CLOSURE END: 
		 11: RETURN %cl_1_18[5.10,] %self[2.0,] 
BB 6
	outgoing: 9 
	datadep: 
	instructions:
		 0: RETURN %cl_1_11[4.10,] %self[2.0,] 
BB 7
	outgoing: 9 
	datadep: 
	instructions:
		 0: def_%cl_1_19 
		 1: def_%cl_1_20 %cl_1_19[7.0,] 
		 2: RETURN %cl_1_20[7.1,] %self[2.0,] 
BB 9
	outgoing: 
	datadep: 
	instructions:
CLOSURE END: message[5.6,4.6,] 
		 7: RETURN %v_3[2.6,] %self[2.0,2.6,] 
BB 3
	outgoing: 
	datadep: 
	instructions:

SET IRMethod, name = link_params instanceMethod = true
BB 1
	outgoing: 3 2 
	datadep: 
	instructions:
BB 2
	outgoing: 3 
	datadep: 
	instructions:
		 0: def_%self 
		 1: def_%v_0 
		 2: COPY TYPE_CurrentScope def_%current_scope 
		 3: COPY TYPE_ScopeModule def_%current_module 
		 4: 
		 5: 
		 6: %self->params def_%v_3 %self[2.0,] 	 SYMBOL:	 ARGS:
		 7: %v_3->require def_%v_4 %v_3[2.6,] 	 SYMBOL:link,	 ARGS:Symbol,
		 8: (Link) def_%v_5 
		 9: %v_5->permitted_params def_%v_6 %v_5[2.8,] 	 SYMBOL:	 ARGS:
		 10: %v_4->permit def_%v_7 %v_4[2.7,] %v_6[2.9,] 	 SYMBOL:	 ARGS:%v_6,
		 11: RETURN %v_7[2.10,] %self[2.0,2.6,] 
BB 3
	outgoing: 
	datadep: 
	instructions:

SET IRMethod, name = load_section instanceMethod = true
BB 1
	outgoing: 8 2 
	datadep: 
	instructions:
BB 2
	outgoing: 3 4 
	datadep: 
	instructions:
		 0: def_%self 
		 1: def_%v_0 
		 2: COPY TYPE_CurrentScope def_%current_scope 
		 3: COPY TYPE_ScopeModule def_%current_module 
		 4: 
		 5: 
		 6: (Section) def_%v_3 
		 7: %self->params def_%v_4 %self[2.0,] 	 SYMBOL:	 ARGS:
		 8: %v_4->[] def_%v_5 %v_4[2.7,] 	 SYMBOL:section_id,	 ARGS:Symbol,
		 9: %v_3->find def_%v_6 %v_3[2.6,] %v_5[2.8,] 	 SYMBOL:	 ARGS:%v_5,
		 10: ATTRASSIGN %self->section %v_6[2.9,] 
		 11: 
		 12: %self->current_user def_%v_7 %self[2.0,2.7,2.10,] 	 SYMBOL:	 ARGS:
		 13: GETFIELD %self->section def_%v_8 %self[2.0,2.7,2.10,2.12,] 
		 14: %v_7->able_to_edit? def_%v_9 %v_7[2.12,] %v_8[2.13,] 	 SYMBOL:	 ARGS:%v_8,
		 15: BRANCH %v_9[2.14,] 
BB 3
	outgoing: 8 
	datadep: 
	instructions:
		 0: COPY TYPE_Nil def_%v_10 
		 1: RETURN %v_10[3.0,] %self[2.0,2.10,] 
BB 4
	outgoing: 5 6 
	datadep: 
	instructions:
		 0: (Errors) def_%v_11 
		 1: (inherit AccessDenied) def_%v_12 %v_11[4.0,] 
		 2: %v_12[4.1,] 
BB 5
	outgoing: 6 
	datadep: 
	instructions:
		 0: %v_11->const_missing def_%v_12 %v_11[4.0,] 	 SYMBOL:AccessDenied,	 ARGS:Symbol,
BB 6
	outgoing: 8 
	datadep: 
	instructions:
		 0: %self->raise def_%v_13 %self[2.0,2.10,] %v_12[5.0,4.1,] 	 SYMBOL:	 ARGS:%v_12,
		 1: RETURN %v_13[6.0,] %self[6.0,2.0,2.10,] 
BB 8
	outgoing: 
	datadep: 
	instructions:

SET IRMethod, name = load_link instanceMethod = true
BB 1
	outgoing: 8 2 
	datadep: 
	instructions:
BB 2
	outgoing: 3 4 
	datadep: 
	instructions:
		 0: def_%self 
		 1: def_%v_0 
		 2: COPY TYPE_CurrentScope def_%current_scope 
		 3: COPY TYPE_ScopeModule def_%current_module 
		 4: 
		 5: 
		 6: (Link) def_%v_3 
		 7: %self->params def_%v_4 %self[2.0,] 	 SYMBOL:	 ARGS:
		 8: %v_4->[] def_%v_5 %v_4[2.7,] 	 SYMBOL:id,	 ARGS:Symbol,
		 9: %v_3->find def_%v_6 %v_3[2.6,] %v_5[2.8,] 	 SYMBOL:	 ARGS:%v_5,
		 10: ATTRASSIGN %self->link %v_6[2.9,] 
		 11: 
		 12: %self->current_user def_%v_7 %self[2.0,2.7,2.10,] 	 SYMBOL:	 ARGS:
		 13: GETFIELD %self->link def_%v_8 %self[2.0,2.7,2.10,2.12,] 
		 14: %v_7->able_to_edit? def_%v_9 %v_7[2.12,] %v_8[2.13,] 	 SYMBOL:	 ARGS:%v_8,
		 15: BRANCH %v_9[2.14,] 
BB 3
	outgoing: 8 
	datadep: 
	instructions:
		 0: COPY TYPE_Nil def_%v_10 
		 1: RETURN %v_10[3.0,] %self[2.0,2.10,] 
BB 4
	outgoing: 5 6 
	datadep: 
	instructions:
		 0: (Errors) def_%v_11 
		 1: (inherit AccessDenied) def_%v_12 %v_11[4.0,] 
		 2: %v_12[4.1,] 
BB 5
	outgoing: 6 
	datadep: 
	instructions:
		 0: %v_11->const_missing def_%v_12 %v_11[4.0,] 	 SYMBOL:AccessDenied,	 ARGS:Symbol,
BB 6
	outgoing: 8 
	datadep: 
	instructions:
		 0: %self->raise def_%v_13 %self[2.0,2.10,] %v_12[5.0,4.1,] 	 SYMBOL:	 ARGS:%v_12,
		 1: RETURN %v_13[6.0,] %self[6.0,2.0,2.10,] 
BB 8
	outgoing: 
	datadep: 
	instructions:

SET IRMethod, name = load_draft_link instanceMethod = true
BB 1
	outgoing: 3 2 
	datadep: 
	instructions:
BB 2
	outgoing: 3 
	datadep: 
	instructions:
		 0: def_%self 
		 1: def_%v_0 
		 2: COPY TYPE_CurrentScope def_%current_scope 
		 3: COPY TYPE_ScopeModule def_%current_module 
		 4: 
		 5: 
		 6: %self->load_link def_%v_3 %self[2.0,] 	 SYMBOL:	 ARGS:
		 7: 
		 8: GETFIELD %self->link def_%v_4 %self[2.0,2.6,] 
		 9: %v_4->as_of_draft_version def_%v_5 %v_4[2.8,] 	 SYMBOL:	 ARGS:
		 10: ATTRASSIGN %self->link %v_5[2.9,] 
		 11: RETURN %v_5[2.9,] %self[2.0,2.6,2.10,] 
BB 3
	outgoing: 
	datadep: 
	instructions:

