SET IRMethod, name = index instanceMethod = true
BB 1
	outgoing: 3 2 
	datadep: 
	instructions:
BB 2
	outgoing: 3 
	datadep: 
	instructions:
		 0: def_%self 
		 1: def_%v_0 
		 2: COPY TYPE_CurrentScope def_%current_scope 
		 3: COPY TYPE_ScopeModule def_%current_module 
		 4: 
		 5: 
		 6: COPY TYPE_StringLiteral "@" def_%v_3 
		 7: %self->variable_name def_%v_4 %self[2.0,] 	 SYMBOL:	 ARGS:
		 8: %v_4->pluralize def_%v_5 %v_4[2.7,] 	 SYMBOL:	 ARGS:
		 9: BUILDSTRING def_%v_6 %v_3[2.6,] %v_5[2.8,] 
		 10: %self->resource def_%v_7 %self[2.0,2.7,] 	 SYMBOL:	 ARGS:
		 11: %self->order_by_column def_%v_8 %self[2.0,2.7,2.10,] 	 SYMBOL:	 ARGS:
		 12: %v_7->order def_%v_9 %v_7[2.10,] %v_8[2.11,] 	 SYMBOL:	 ARGS:%v_8,
		 13: %self->instance_variable_set def_%v_10 %self[2.0,2.7,2.10,2.11,] %v_6[2.9,] %v_9[2.12,] 	 SYMBOL:	 ARGS:%v_6,%v_9,
		 14: RETURN %v_10[2.13,] %self[2.0,2.7,2.10,2.11,2.13,] 
BB 3
	outgoing: 
	datadep: 
	instructions:

SET IRMethod, name = new instanceMethod = true
BB 1
	outgoing: 3 2 
	datadep: 
	instructions:
BB 2
	outgoing: 3 
	datadep: 
	instructions:
		 0: def_%self 
		 1: def_%v_0 
		 2: COPY TYPE_CurrentScope def_%current_scope 
		 3: COPY TYPE_ScopeModule def_%current_module 
		 4: 
		 5: 
		 6: COPY TYPE_StringLiteral "@" def_%v_3 
		 7: %self->variable_name def_%v_4 %self[2.0,] 	 SYMBOL:	 ARGS:
		 8: BUILDSTRING def_%v_5 %v_3[2.6,] %v_4[2.7,] 
		 9: %self->build_object def_%v_6 %self[2.0,2.7,] 	 SYMBOL:	 ARGS:
		 10: %self->instance_variable_set def_%v_7 %self[2.0,2.7,2.9,] %v_5[2.8,] %v_6[2.9,] 	 SYMBOL:	 ARGS:%v_5,%v_6,
		 11: RETURN %v_7[2.10,] %self[2.0,2.7,2.9,2.10,] 
BB 3
	outgoing: 
	datadep: 
	instructions:

SET IRMethod, name = create instanceMethod = true
BB 1
	outgoing: 12 2 
	datadep: 
	instructions:
BB 2
	outgoing: 4 5 10 
	datadep: 
	instructions:
		 0: def_%self 
		 1: def_%v_0 
		 2: COPY TYPE_CurrentScope def_%current_scope 
		 3: COPY TYPE_ScopeModule def_%current_module 
		 4: 
		 5: 
		 6: %self->resource_params def_%v_3 %self[2.0,] 	 SYMBOL:	 ARGS:
		 7: %self->build_object def_%v_4 %self[2.0,2.6,] %v_3[2.6,] 	 SYMBOL:	 ARGS:%v_3,
		 8: ATTRASSIGN %self->object %v_4[2.7,] 
		 9: 
		 10: GETFIELD %self->object def_%v_5 %self[2.0,2.6,2.7,2.8,] 
		 11: %v_5->save def_%v_6 %v_5[2.10,] 	 SYMBOL:	 ARGS:
		 12: BRANCH %v_6[2.11,] 
BB 4
	outgoing: 9 10 
	datadep: 
	instructions:
		 0: 
		 1: %self->flash def_%v_7 %self[2.0,2.8,] 	 SYMBOL:	 ARGS:
		 2: %self->resource_name def_%v_8 %self[4.1,2.0,2.8,] 	 SYMBOL:	 ARGS:
		 3: %v_8->singularize def_%v_9 %v_8[4.2,] 	 SYMBOL:	 ARGS:
		 4: %v_9->titleize def_%v_10 %v_9[4.3,] 	 SYMBOL:	 ARGS:
		 5: COPY TYPE_StringLiteral " '" def_%v_11 
		 6: %self->object_name def_%v_12 %self[4.1,4.2,2.0,2.8,] 	 SYMBOL:	 ARGS:
		 7: COPY TYPE_StringLiteral "' was created" def_%v_13 
		 8: BUILDSTRING def_%v_14 %v_10[4.4,] %v_11[4.5,] %v_12[4.6,] %v_13[4.7,] 
		 9: ATTRASSIGN %v_7->[] %v_14[4.8,] 
		 10: 
		 11: %self->after_create_url def_%v_15 %self[4.1,4.2,4.6,2.0,2.8,] 	 SYMBOL:	 ARGS:
		 12: %self->redirect_to def_%v_16 %self[4.1,4.2,4.6,4.11,2.0,2.8,] %v_15[4.11,] 	 SYMBOL:	 ARGS:%v_15,
		 13: 
BB 5
	outgoing: 6 7 10 
	datadep: 
	instructions:
		 0: 
		 1: COPY TYPE_StringLiteral "@" def_%v_17 
		 2: %self->variable_name def_%v_18 %self[2.0,2.8,] 	 SYMBOL:	 ARGS:
		 3: BUILDSTRING def_%v_19 %v_17[5.1,] %v_18[5.2,] 
		 4: GETFIELD %self->object def_%v_20 %self[5.2,2.0,2.8,] 
		 5: %self->instance_variable_set def_%v_21 %self[5.2,2.0,2.8,] %v_19[5.3,] %v_20[5.4,] 	 SYMBOL:	 ARGS:%v_19,%v_20,
		 6: 
		 7: %self->params def_%v_22 %self[5.2,5.5,2.0,2.8,] 	 SYMBOL:	 ARGS:
		 8: %v_22->[] def_%v_23 %v_22[5.7,] 	 SYMBOL:on_fail_action,	 ARGS:Symbol,
		 9: BRANCH %v_23[5.8,] 
BB 6
	outgoing: 8 10 
	datadep: 
	instructions:
		 0: 
		 1: %self->params def_%v_24 %self[2.0,2.8,] 	 SYMBOL:	 ARGS:
		 2: %v_24->[] def_%v_25 %v_24[6.1,] 	 SYMBOL:on_fail_action,	 ARGS:Symbol,
		 3: HASH-action- def_%v_26 %v_25[6.2,] 
		 4: %self->render def_%v_27 %self[6.1,2.0,2.8,] %v_26[6.3,] 	 SYMBOL:	 ARGS:%v_26,
		 5: 
BB 7
	outgoing: 8 10 
	datadep: 
	instructions:
		 0: 
		 1: %self->ruby_code_from_view def_%v_28 %self[2.0,2.8,] 	 SYMBOL:	 ARGS:
		 2: %v_28->ruby_code_from_view def_%v_29 %v_28[7.1,] %self[7.1,2.0,2.8,] 	 SYMBOL:	 ARGS:%v_28,
CLOSURE BEGIN: %self[7.1,2.0,2.8,] i[] modules[] module_name[] type[] menu_item[] prefix[] msg[] f[] provider[] 
BB 1
	outgoing: 63 2 
	datadep: 
	instructions:
BB 2
	outgoing: 3 
	datadep: 
	instructions:
		 0: def_%self 
		 1: def_%cl_1_0 
		 2: RECEIVEARG def_rb_from_view 
		 3: COPY TYPE_CurrentScope def_%current_scope 
		 4: COPY TYPE_ScopeModule def_%current_module 
BB 3
	outgoing: 4 5 61 
	datadep: 
	instructions:
		 0: 
		 1: COPY TYPE_StringLiteral "cms/application" def_%cl_1_3 
		 2: %self->javascript_include_tag def_%cl_1_4 %self[2.0,] %cl_1_3[3.1,] 	 SYMBOL:	 ARGS:%cl_1_3,
		 3: 
		 4: %self->cms_content_editor def_%cl_1_5 %self[3.2,2.0,] 	 SYMBOL:	 ARGS:
		 5: %self->javascript_include_tag def_%cl_1_6 %self[3.2,3.4,2.0,] %cl_1_5[3.4,] 	 SYMBOL:	 ARGS:%cl_1_5,
		 6: 
		 7: %self->page_title def_%cl_1_7 %self[3.2,3.4,3.5,2.0,] 	 SYMBOL:	 ARGS:
		 8: 
		 9: COPY TYPE_StringLiteral "cms/application" def_%cl_1_8 
		 10: %self->stylesheet_link_tag def_%cl_1_9 %self[3.2,3.4,3.5,3.7,2.0,] %cl_1_8[3.9,] 	 SYMBOL:	 ARGS:%cl_1_8,
		 11: 
		 12: %self->csrf_meta_tags def_%cl_1_10 %self[3.2,3.4,3.5,3.7,3.10,2.0,] 	 SYMBOL:	 ARGS:
		 13: 
		 14: def_%cl_1_11 %cl_1_0[2.1,] 
		 15: 
		 16: %self->current_user def_%cl_1_12 %self[3.2,3.4,3.5,3.7,3.10,3.12,2.0,] 	 SYMBOL:	 ARGS:
		 17: %cl_1_12->guest? def_%cl_1_13 %cl_1_12[3.16,] 	 SYMBOL:	 ARGS:
		 18: BRANCH %cl_1_13[3.17,] 
BB 4
	outgoing: 6 
	datadep: 
	instructions:
		 0: COPY TYPE_Nil def_%cl_1_14 
		 1: 
BB 5
	outgoing: 6 61 
	datadep: 
	instructions:
		 0: %self->current_user def_%cl_1_15 %self[2.0,] 	 SYMBOL:	 ARGS:
		 1: %cl_1_15->full_name def_%cl_1_16 %cl_1_15[5.0,] 	 SYMBOL:	 ARGS:
		 2: %self->cms def_%cl_1_17 %self[5.0,2.0,] 	 SYMBOL:	 ARGS:
		 3: %self->current_user def_%cl_1_18 %self[5.0,5.2,2.0,] 	 SYMBOL:	 ARGS:
		 4: %cl_1_17->edit_user_path def_%cl_1_19 %cl_1_17[5.2,] %cl_1_18[5.3,] 	 SYMBOL:	 ARGS:%cl_1_18,
		 5: %self->link_to def_%cl_1_20 %self[5.0,5.2,5.3,2.0,] %cl_1_16[5.1,] %cl_1_19[5.4,] 	 SYMBOL:	 ARGS:%cl_1_16,%cl_1_19,
		 6: COPY TYPE_PASS def_%cl_1_14 %cl_1_20[5.5,] 
BB 6
	outgoing: 7 8 61 
	datadep: 
	instructions:
		 0: 
		 1: %self->current_user def_%cl_1_21 %self[2.0,] 	 SYMBOL:	 ARGS:
		 2: %cl_1_21->guest? def_%cl_1_22 %cl_1_21[6.1,] 	 SYMBOL:	 ARGS:
		 3: BRANCH %cl_1_22[6.2,] 
BB 7
	outgoing: 9 
	datadep: 
	instructions:
		 0: COPY TYPE_Nil def_%cl_1_23 
		 1: 
BB 8
	outgoing: 9 61 
	datadep: 
	instructions:
		 0: COPY TYPE_StringLiteral "Settings" def_%cl_1_24 
		 1: COPY TYPE_StringLiteral "#" def_%cl_1_25 
		 2: %self->link_to def_%cl_1_26 %self[2.0,] %cl_1_24[8.0,] %cl_1_25[8.1,] 	 SYMBOL:	 ARGS:%cl_1_24,%cl_1_25,
		 3: COPY TYPE_PASS def_%cl_1_23 %cl_1_26[8.2,] 
BB 9
	outgoing: 10 11 61 
	datadep: 
	instructions:
		 0: 
		 1: COPY TYPE_StringLiteral "Help" def_%cl_1_27 
		 2: COPY TYPE_StringLiteral "https://github.com/browsermedia/browsercms/wiki" def_%cl_1_28 
		 3: COPY TYPE_StringLiteral "_blank" def_%cl_1_29 
		 4: HASH-target- def_%cl_1_30 %cl_1_29[9.3,] 
		 5: %self->link_to def_%cl_1_31 %self[2.0,] %cl_1_27[9.1,] %cl_1_28[9.2,] %cl_1_30[9.4,] 	 SYMBOL:	 ARGS:%cl_1_27,%cl_1_28,%cl_1_30,
		 6: 
		 7: %self->current_user def_%cl_1_32 %self[9.5,2.0,] 	 SYMBOL:	 ARGS:
		 8: %cl_1_32->guest? def_%cl_1_33 %cl_1_32[9.7,] 	 SYMBOL:	 ARGS:
		 9: BRANCH %cl_1_33[9.8,] 
BB 10
	outgoing: 12 
	datadep: 
	instructions:
		 0: COPY TYPE_Nil def_%cl_1_34 
		 1: 
BB 11
	outgoing: 12 61 
	datadep: 
	instructions:
		 0: COPY TYPE_StringLiteral "Logout" def_%cl_1_35 
		 1: %self->cms def_%cl_1_36 %self[2.0,] 	 SYMBOL:	 ARGS:
		 2: %cl_1_36->logout_path def_%cl_1_37 %cl_1_36[11.1,] 	 SYMBOL:	 ARGS:
		 3: %self->link_to def_%cl_1_38 %self[11.1,2.0,] %cl_1_35[11.0,] %cl_1_37[11.2,] 	 SYMBOL:	 ARGS:%cl_1_35,%cl_1_37,
		 4: COPY TYPE_PASS def_%cl_1_34 %cl_1_38[11.3,] 
BB 12
	outgoing: 13 17 61 
	datadep: 
	instructions:
		 0: 
		 1: COPY TYPE_StringLiteral "cms/logo.png" def_%cl_1_39 
		 2: COPY TYPE_StringLiteral "main-logo" def_%cl_1_40 
		 3: HASH-class- def_%cl_1_41 %cl_1_40[12.2,] 
		 4: %self->image_tag def_%cl_1_42 %self[2.0,] %cl_1_39[12.1,] %cl_1_41[12.3,] 	 SYMBOL:	 ARGS:%cl_1_39,%cl_1_41,
		 5: COPY TYPE_StringLiteral "/" def_%cl_1_43 
		 6: %self->link_to def_%cl_1_44 %self[12.4,2.0,] %cl_1_42[12.4,] %cl_1_43[12.5,] 	 SYMBOL:	 ARGS:%cl_1_42,%cl_1_43,
		 7: 
		 8: %self->current_user def_%cl_1_45 %self[12.4,12.6,2.0,] 	 SYMBOL:	 ARGS:
		 9: %cl_1_45->able_to? def_%cl_1_46 %cl_1_45[12.8,] 	 SYMBOL:edit_content,	 ARGS:Symbol,
		 10: BRANCH %cl_1_46[12.9,] 
BB 13
	outgoing: 14 15 61 
	datadep: 
	instructions:
		 0: 
		 1: COPY TYPE_StringLiteral "Dashboard" def_%cl_1_47 
		 2: %self->cms def_%cl_1_48 %self[2.0,] 	 SYMBOL:	 ARGS:
		 3: %cl_1_48->dashboard_path def_%cl_1_49 %cl_1_48[13.2,] 	 SYMBOL:	 ARGS:
		 4: %self->link_to def_%cl_1_50 %self[13.2,2.0,] %cl_1_47[13.1,] %cl_1_49[13.3,] 	 SYMBOL:	 ARGS:%cl_1_47,%cl_1_49,
		 5: 
		 6: COPY TYPE_StringLiteral "Pages" def_%cl_1_51 
		 7: %self->cms def_%cl_1_52 %self[13.2,13.4,2.0,] 	 SYMBOL:	 ARGS:
		 8: %cl_1_52->sitemap_path def_%cl_1_53 %cl_1_52[13.7,] 	 SYMBOL:	 ARGS:
		 9: %self->link_to def_%cl_1_54 %self[13.2,13.4,13.7,2.0,] %cl_1_51[13.6,] %cl_1_53[13.8,] 	 SYMBOL:	 ARGS:%cl_1_51,%cl_1_53,
		 10: 
		 11: %self->id def_%cl_1_55 %self[13.2,13.4,13.7,13.9,2.0,] 	 SYMBOL:	 ARGS:
		 12: 
		 13: %self->library def_%cl_1_56 %self[13.2,13.4,13.7,13.9,13.11,2.0,] 	 SYMBOL:	 ARGS:
		 14: BRANCH %cl_1_56[13.13,] 
BB 14
	outgoing: 16 61 
	datadep: 
	instructions:
		 0: 
		 1: COPY TYPE_StringLiteral "Text" def_%cl_1_57 
		 2: %self->cms def_%cl_1_58 %self[2.0,] 	 SYMBOL:	 ARGS:
		 3: %cl_1_58->content_library_path def_%cl_1_59 %cl_1_58[14.2,] 	 SYMBOL:	 ARGS:
		 4: %self->nav_link_to def_%cl_1_60 %self[14.2,2.0,] %cl_1_57[14.1,] %cl_1_59[14.3,] 	 SYMBOL:	 ARGS:%cl_1_57,%cl_1_59,
		 5: 
		 6: %self->divider_tag def_%cl_1_61 %self[14.2,14.4,2.0,] 	 SYMBOL:	 ARGS:
		 7: 
BB 15
	outgoing: 16 
	datadep: 
	instructions:
		 0: COPY TYPE_Nil def_%cl_1_61 
BB 16
	outgoing: 18 61 
	datadep: 
	instructions:
		 0: 
		 1: (ContentType) def_%cl_1_62 
		 2: %cl_1_62->available_by_module def_%cl_1_63 %cl_1_62[16.1,] 	 SYMBOL:	 ARGS:
		 3: COPY TYPE_PASS def_modules %cl_1_63[16.2,] 
		 4: 
		 5: %cl_1_63->keys def_%cl_1_64 %cl_1_63[16.2,] 	 SYMBOL:	 ARGS:
		 6: %cl_1_64->sort def_%cl_1_65 %cl_1_64[16.5,] 	 SYMBOL:	 ARGS:
		 7: %cl_1_65->each_with_index def_%cl_1_66 %cl_1_65[16.6,] %self[2.0,] 	 SYMBOL:	 ARGS:%cl_1_65,
CLOSURE BEGIN: %self[2.0,] i[] modules[16.3,] module_name[] type[] 
BB 1
	outgoing: 6 2 
	datadep: 
	instructions:
BB 2
	outgoing: 3 
	datadep: 
	instructions:
		 0: def_%self 
		 1: def_%cl_2_0 
		 2: RECEIVEARG def_module_name 
		 3: RECEIVEARG def_i 
		 4: COPY TYPE_CurrentScope def_%current_scope 
		 5: COPY TYPE_ScopeModule def_%current_module 
BB 3
	outgoing: 4 6 
	datadep: 
	instructions:
		 0: 
		 1: %self->divider_tag def_%cl_2_3 %self[2.0,] i[2.3,] 	 SYMBOL:	 ARGS:i,
		 2: 
		 3: modules->[] def_%cl_2_4 modules[] module_name[2.2,] 	 SYMBOL:	 ARGS:module_name,
		 4: %cl_2_4->each def_%cl_2_5 %cl_2_4[3.3,] %self[3.1,2.0,] 	 SYMBOL:	 ARGS:%cl_2_4,
CLOSURE BEGIN: type[] %self[3.1,2.0,] 
BB 1
	outgoing: 6 2 
	datadep: 
	instructions:
BB 2
	outgoing: 3 
	datadep: 
	instructions:
		 0: def_%self 
		 1: def_%cl_3_0 
		 2: RECEIVEARG def_type 
		 3: COPY TYPE_CurrentScope def_%current_scope 
		 4: COPY TYPE_ScopeModule def_%current_module 
BB 3
	outgoing: 4 6 
	datadep: 
	instructions:
		 0: 
		 1: type->display_name def_%cl_3_3 type[2.2,] 	 SYMBOL:	 ARGS:
		 2: %self->h def_%cl_3_4 %self[2.0,] %cl_3_3[3.1,] 	 SYMBOL:	 ARGS:%cl_3_3,
		 3: %self->engine_aware_path def_%cl_3_5 %self[3.2,2.0,] type[3.1,2.2,] 	 SYMBOL:	 ARGS:type,
		 4: %self->nav_link_to def_%cl_3_6 %self[3.2,3.3,2.0,] %cl_3_4[3.2,] %cl_3_5[3.3,] 	 SYMBOL:	 ARGS:%cl_3_4,%cl_3_5,
		 5: RETURN %cl_3_6[3.4,] %self[3.2,3.3,3.4,2.0,] 
BB 4
	outgoing: 6 
	datadep: 
	instructions:
		 0: def_%cl_3_7 
		 1: def_%cl_3_8 %cl_3_7[4.0,] 
		 2: RETURN %cl_3_8[4.1,] %self[2.0,] 
BB 6
	outgoing: 
	datadep: 
	instructions:
CLOSURE END: 
		 5: RETURN %cl_2_5[3.4,] %self[3.1,2.0,] 
BB 4
	outgoing: 6 
	datadep: 
	instructions:
		 0: def_%cl_2_6 
		 1: def_%cl_2_7 %cl_2_6[4.0,] 
		 2: RETURN %cl_2_7[4.1,] %self[2.0,] 
BB 6
	outgoing: 
	datadep: 
	instructions:
CLOSURE END: i[2.3,] 
		 8: 
BB 17
	outgoing: 18 
	datadep: 
	instructions:
		 0: COPY TYPE_Nil def_%cl_1_66 
BB 18
	outgoing: 19 20 61 
	datadep: 
	instructions:
		 0: 
		 1: %self->current_user def_%cl_1_67 %self[2.0,] 	 SYMBOL:	 ARGS:
		 2: %cl_1_67->able_to? def_%cl_1_68 %cl_1_67[18.1,] 	 SYMBOL:administrate,	 ARGS:Symbol,
		 3: BRANCH %cl_1_68[18.2,] 
BB 19
	outgoing: 21 61 
	datadep: 
	instructions:
		 0: 
		 1: COPY TYPE_StringLiteral "Users" def_%cl_1_69 
		 2: %self->cms def_%cl_1_70 %self[2.0,] 	 SYMBOL:	 ARGS:
		 3: %cl_1_70->users_path def_%cl_1_71 %cl_1_70[19.2,] 	 SYMBOL:	 ARGS:
		 4: %self->nav_link_to def_%cl_1_72 %self[19.2,2.0,] %cl_1_69[19.1,] %cl_1_71[19.3,] 	 SYMBOL:	 ARGS:%cl_1_69,%cl_1_71,
		 5: 
		 6: COPY TYPE_StringLiteral "Groups" def_%cl_1_73 
		 7: %self->cms def_%cl_1_74 %self[19.2,19.4,2.0,] 	 SYMBOL:	 ARGS:
		 8: %cl_1_74->groups_path def_%cl_1_75 %cl_1_74[19.7,] 	 SYMBOL:	 ARGS:
		 9: %self->nav_link_to def_%cl_1_76 %self[19.2,19.4,19.7,2.0,] %cl_1_73[19.6,] %cl_1_75[19.8,] 	 SYMBOL:	 ARGS:%cl_1_73,%cl_1_75,
		 10: 
		 11: %self->divider_tag def_%cl_1_77 %self[19.2,19.4,19.7,19.9,2.0,] 	 SYMBOL:	 ARGS:
		 12: 
		 13: COPY TYPE_StringLiteral "Partials" def_%cl_1_78 
		 14: %self->cms def_%cl_1_79 %self[19.2,19.4,19.7,19.9,19.11,2.0,] 	 SYMBOL:	 ARGS:
		 15: %cl_1_79->page_partials_path def_%cl_1_80 %cl_1_79[19.14,] 	 SYMBOL:	 ARGS:
		 16: %self->nav_link_to def_%cl_1_81 %self[19.2,19.4,19.7,19.9,19.11,19.14,2.0,] %cl_1_78[19.13,] %cl_1_80[19.15,] 	 SYMBOL:	 ARGS:%cl_1_78,%cl_1_80,
		 17: 
		 18: COPY TYPE_StringLiteral "Page Templates" def_%cl_1_82 
		 19: %self->cms def_%cl_1_83 %self[19.2,19.4,19.7,19.9,19.11,19.14,19.16,2.0,] 	 SYMBOL:	 ARGS:
		 20: %cl_1_83->page_templates_path def_%cl_1_84 %cl_1_83[19.19,] 	 SYMBOL:	 ARGS:
		 21: %self->nav_link_to def_%cl_1_85 %self[19.2,19.4,19.7,19.9,19.11,19.14,19.16,19.19,2.0,] %cl_1_82[19.18,] %cl_1_84[19.20,] 	 SYMBOL:	 ARGS:%cl_1_82,%cl_1_84,
		 22: 
		 23: %self->divider_tag def_%cl_1_86 %self[19.2,19.4,19.7,19.9,19.11,19.14,19.16,19.19,19.21,2.0,] 	 SYMBOL:	 ARGS:
		 24: 
		 25: COPY TYPE_StringLiteral "Redirects" def_%cl_1_87 
		 26: %self->cms def_%cl_1_88 %self[19.2,19.4,19.7,19.9,19.11,19.14,19.16,19.19,19.21,19.23,2.0,] 	 SYMBOL:	 ARGS:
		 27: %cl_1_88->redirects_path def_%cl_1_89 %cl_1_88[19.26,] 	 SYMBOL:	 ARGS:
		 28: %self->nav_link_to def_%cl_1_90 %self[19.2,19.4,19.7,19.9,19.11,19.14,19.16,19.19,19.21,19.23,19.26,2.0,] %cl_1_87[19.25,] %cl_1_89[19.27,] 	 SYMBOL:	 ARGS:%cl_1_87,%cl_1_89,
		 29: 
		 30: COPY TYPE_StringLiteral "Routes" def_%cl_1_91 
		 31: %self->cms def_%cl_1_92 %self[19.2,19.4,19.7,19.9,19.11,19.14,19.16,19.19,19.21,19.23,19.26,19.28,2.0,] 	 SYMBOL:	 ARGS:
		 32: %cl_1_92->page_routes_path def_%cl_1_93 %cl_1_92[19.31,] 	 SYMBOL:	 ARGS:
		 33: %self->nav_link_to def_%cl_1_94 %self[19.2,19.4,19.7,19.9,19.11,19.14,19.16,19.19,19.21,19.23,19.26,19.28,19.31,2.0,] %cl_1_91[19.30,] %cl_1_93[19.32,] 	 SYMBOL:	 ARGS:%cl_1_91,%cl_1_93,
		 34: 
		 35: COPY TYPE_StringLiteral "Page Cache" def_%cl_1_95 
		 36: %self->cms def_%cl_1_96 %self[19.2,19.4,19.7,19.9,19.11,19.14,19.16,19.19,19.21,19.23,19.26,19.28,19.31,19.33,2.0,] 	 SYMBOL:	 ARGS:
		 37: %cl_1_96->cache_path def_%cl_1_97 %cl_1_96[19.36,] 	 SYMBOL:	 ARGS:
		 38: %self->nav_link_to def_%cl_1_98 %self[19.2,19.4,19.7,19.9,19.11,19.14,19.16,19.19,19.21,19.23,19.26,19.28,19.31,19.33,19.36,2.0,] %cl_1_95[19.35,] %cl_1_97[19.37,] 	 SYMBOL:	 ARGS:%cl_1_95,%cl_1_97,
		 39: 
		 40: COPY TYPE_StringLiteral "Email Messages" def_%cl_1_99 
		 41: %self->cms def_%cl_1_100 %self[19.2,19.4,19.7,19.9,19.11,19.14,19.16,19.19,19.21,19.23,19.26,19.28,19.31,19.33,19.36,19.38,2.0,] 	 SYMBOL:	 ARGS:
		 42: %cl_1_100->email_messages_path def_%cl_1_101 %cl_1_100[19.41,] 	 SYMBOL:	 ARGS:
		 43: %self->nav_link_to def_%cl_1_102 %self[19.2,19.4,19.7,19.9,19.11,19.14,19.16,19.19,19.21,19.23,19.26,19.28,19.31,19.33,19.36,19.38,19.41,2.0,] %cl_1_99[19.40,] %cl_1_101[19.42,] 	 SYMBOL:	 ARGS:%cl_1_99,%cl_1_101,
		 44: 
		 45: (Rails) def_%cl_1_103 
		 46: %cl_1_103->application def_%cl_1_104 %cl_1_103[19.45,] 	 SYMBOL:	 ARGS:
		 47: %cl_1_104->config def_%cl_1_105 %cl_1_104[19.46,] 	 SYMBOL:	 ARGS:
		 48: %cl_1_105->cms def_%cl_1_106 %cl_1_105[19.47,] 	 SYMBOL:	 ARGS:
		 49: %cl_1_106->tools_menu def_%cl_1_107 %cl_1_106[19.48,] 	 SYMBOL:	 ARGS:
		 50: %cl_1_107->each def_%cl_1_108 %cl_1_107[19.49,] %self[19.2,19.4,19.7,19.9,19.11,19.14,19.16,19.19,19.21,19.23,19.26,19.28,19.31,19.33,19.36,19.38,19.41,19.43,2.0,] 	 SYMBOL:	 ARGS:%cl_1_107,
CLOSURE BEGIN: menu_item[] %self[19.2,19.4,19.7,19.9,19.11,19.14,19.16,19.19,19.21,19.23,19.26,19.28,19.31,19.33,19.36,19.38,19.41,19.43,2.0,] 
BB 1
	outgoing: 6 2 
	datadep: 
	instructions:
BB 2
	outgoing: 3 
	datadep: 
	instructions:
		 0: def_%self 
		 1: def_%cl_4_0 
		 2: RECEIVEARG def_menu_item 
		 3: COPY TYPE_CurrentScope def_%current_scope 
		 4: COPY TYPE_ScopeModule def_%current_module 
BB 3
	outgoing: 4 6 
	datadep: 
	instructions:
		 0: 
		 1: menu_item->[] def_%cl_4_3 menu_item[2.2,] 	 SYMBOL:name,	 ARGS:Symbol,
		 2: menu_item->[] def_%cl_4_4 menu_item[3.1,2.2,] 	 SYMBOL:engine,	 ARGS:Symbol,
		 3: %self->send def_%cl_4_5 %self[2.0,] %cl_4_4[3.2,] 	 SYMBOL:	 ARGS:%cl_4_4,
		 4: menu_item->[] def_%cl_4_6 menu_item[3.1,3.2,2.2,] 	 SYMBOL:route_name,	 ARGS:Symbol,
		 5: %cl_4_5->send def_%cl_4_7 %cl_4_5[3.3,] %cl_4_6[3.4,] 	 SYMBOL:	 ARGS:%cl_4_6,
		 6: %self->nav_link_to def_%cl_4_8 %self[3.3,2.0,] %cl_4_3[3.1,] %cl_4_7[3.5,] 	 SYMBOL:	 ARGS:%cl_4_3,%cl_4_7,
		 7: RETURN %cl_4_8[3.6,] %self[3.3,3.6,2.0,] 
BB 4
	outgoing: 6 
	datadep: 
	instructions:
		 0: def_%cl_4_9 
		 1: def_%cl_4_10 %cl_4_9[4.0,] 
		 2: RETURN %cl_4_10[4.1,] %self[2.0,] 
BB 6
	outgoing: 
	datadep: 
	instructions:
CLOSURE END: 
		 51: 
BB 20
	outgoing: 21 
	datadep: 
	instructions:
		 0: COPY TYPE_Nil def_%cl_1_108 
BB 21
	outgoing: 22 26 61 
	datadep: 
	instructions:
		 0: 
		 1: %self->current_user def_%cl_1_109 %self[2.0,] 	 SYMBOL:	 ARGS:
		 2: %cl_1_109->able_to? def_%cl_1_110 %cl_1_109[21.1,] 	 SYMBOL:edit_content,	 ARGS:Symbol,
		 3: BRANCH %cl_1_110[21.2,] 
BB 22
	outgoing: 23 24 61 
	datadep: 
	instructions:
		 0: 
		 1: COPY TYPE_StringLiteral "New" def_%cl_1_111 
		 2: %self->new_button_path def_%cl_1_112 %self[2.0,] 	 SYMBOL:	 ARGS:
		 3: COPY TYPE_StringLiteral "new-content-button" def_%cl_1_113 
		 4: COPY TYPE_StringLiteral "btn btn-primary" def_%cl_1_114 
		 5: COPY TYPE_StringLiteral "-1" def_%cl_1_115 
		 6: HASH-id-class-tabindex- def_%cl_1_116 %cl_1_113[22.3,] %cl_1_114[22.4,] %cl_1_115[22.5,] 
		 7: %self->menu_button def_%cl_1_117 %self[22.2,2.0,] %cl_1_111[22.1,] %cl_1_112[22.2,] %cl_1_116[22.6,] 	 SYMBOL:	 ARGS:%cl_1_111,%cl_1_112,%cl_1_116,
		 8: 
		 9: def_%cl_1_118 %self[22.2,22.7,2.0,] 
		 10: BRANCH %cl_1_118[22.9,] 
BB 23
	outgoing: 25 
	datadep: 
	instructions:
		 0: COPY TYPE_Nil def_%cl_1_119 
		 1: 
BB 24
	outgoing: 25 
	datadep: 
	instructions:
		 0: 
		 1: COPY TYPE_StringLiteral "" def_%cl_1_120 
		 2: COPY TYPE_PASS def_prefix %cl_1_120[24.1,] 
		 3: COPY TYPE_PASS def_%cl_1_119 %cl_1_120[24.1,] 
BB 25
	outgoing: 27 61 
	datadep: 
	instructions:
		 0: 
		 1: COPY TYPE_StringLiteral "Page" def_%cl_1_121 
		 2: BUILDSTRING def_%cl_1_122 prefix[24.2,] %cl_1_121[25.1,] 
		 3: %self->cms def_%cl_1_123 %self[2.0,] 	 SYMBOL:	 ARGS:
		 4: %self->target_section def_%cl_1_124 %self[25.3,2.0,] 	 SYMBOL:	 ARGS:
		 5: %cl_1_123->new_section_page_path def_%cl_1_125 %cl_1_123[25.3,] %cl_1_124[25.4,] 	 SYMBOL:	 ARGS:%cl_1_124,
		 6: COPY TYPE_StringLiteral "add-page-button" def_%cl_1_126 
		 7: HASH-class- def_%cl_1_127 %cl_1_126[25.6,] 
		 8: %self->nav_link_to def_%cl_1_128 %self[25.3,25.4,2.0,] %cl_1_122[25.2,] %cl_1_125[25.5,] %cl_1_127[25.7,] 	 SYMBOL:	 ARGS:%cl_1_122,%cl_1_125,%cl_1_127,
		 9: 
		 10: COPY TYPE_StringLiteral "Link" def_%cl_1_129 
		 11: BUILDSTRING def_%cl_1_130 prefix[24.2,] %cl_1_129[25.10,] 
		 12: %self->cms def_%cl_1_131 %self[25.3,25.4,25.8,2.0,] 	 SYMBOL:	 ARGS:
		 13: %self->target_section def_%cl_1_132 %self[25.3,25.4,25.8,25.12,2.0,] 	 SYMBOL:	 ARGS:
		 14: %cl_1_131->new_section_link_path def_%cl_1_133 %cl_1_131[25.12,] %cl_1_132[25.13,] 	 SYMBOL:	 ARGS:%cl_1_132,
		 15: COPY TYPE_StringLiteral "add-section-button" def_%cl_1_134 
		 16: HASH-class- def_%cl_1_135 %cl_1_134[25.15,] 
		 17: %self->nav_link_to def_%cl_1_136 %self[25.3,25.4,25.8,25.12,25.13,2.0,] %cl_1_130[25.11,] %cl_1_133[25.14,] %cl_1_135[25.16,] 	 SYMBOL:	 ARGS:%cl_1_130,%cl_1_133,%cl_1_135,
		 18: 
		 19: COPY TYPE_StringLiteral "Section" def_%cl_1_137 
		 20: BUILDSTRING def_%cl_1_138 prefix[24.2,] %cl_1_137[25.19,] 
		 21: %self->cms def_%cl_1_139 %self[25.3,25.4,25.8,25.12,25.13,25.17,2.0,] 	 SYMBOL:	 ARGS:
		 22: %self->target_section def_%cl_1_140 %self[25.3,25.4,25.8,25.12,25.13,25.17,25.21,2.0,] 	 SYMBOL:	 ARGS:
		 23: %cl_1_140->id def_%cl_1_141 %cl_1_140[25.22,] 	 SYMBOL:	 ARGS:
		 24: HASH-section_id- def_%cl_1_142 %cl_1_141[25.23,] 
		 25: %cl_1_139->new_section_path def_%cl_1_143 %cl_1_139[25.21,] %cl_1_142[25.24,] 	 SYMBOL:	 ARGS:%cl_1_142,
		 26: COPY TYPE_StringLiteral "add-link-button" def_%cl_1_144 
		 27: HASH-class- def_%cl_1_145 %cl_1_144[25.26,] 
		 28: %self->nav_link_to def_%cl_1_146 %self[25.3,25.4,25.8,25.12,25.13,25.17,25.21,25.22,2.0,] %cl_1_138[25.20,] %cl_1_143[25.25,] %cl_1_145[25.27,] 	 SYMBOL:	 ARGS:%cl_1_138,%cl_1_143,%cl_1_145,
		 29: 
		 30: %self->divider_tag def_%cl_1_147 %self[25.3,25.4,25.8,25.12,25.13,25.17,25.21,25.22,25.28,2.0,] 	 SYMBOL:	 ARGS:
		 31: 
		 32: (ContentType) def_%cl_1_148 
		 33: %cl_1_148->available_by_module def_%cl_1_149 %cl_1_148[25.32,] 	 SYMBOL:	 ARGS:
		 34: COPY TYPE_PASS def_modules %cl_1_149[25.33,] 
		 35: 
		 36: %cl_1_149->keys def_%cl_1_150 %cl_1_149[25.33,] 	 SYMBOL:	 ARGS:
		 37: %cl_1_150->sort def_%cl_1_151 %cl_1_150[25.36,] 	 SYMBOL:	 ARGS:
		 38: %cl_1_151->each_with_index def_%cl_1_152 %cl_1_151[25.37,] %self[25.3,25.4,25.8,25.12,25.13,25.17,25.21,25.22,25.28,25.30,2.0,] 	 SYMBOL:	 ARGS:%cl_1_151,
CLOSURE BEGIN: %self[25.3,25.4,25.8,25.12,25.13,25.17,25.21,25.22,25.28,25.30,2.0,] i[16.7,] modules[25.34,] module_name[16.7,] type[] 
BB 1
	outgoing: 6 2 
	datadep: 
	instructions:
BB 2
	outgoing: 3 
	datadep: 
	instructions:
		 0: def_%self 
		 1: def_%cl_5_0 
		 2: RECEIVEARG def_module_name 
		 3: RECEIVEARG def_i 
		 4: COPY TYPE_CurrentScope def_%current_scope 
		 5: COPY TYPE_ScopeModule def_%current_module 
BB 3
	outgoing: 4 6 
	datadep: 
	instructions:
		 0: 
		 1: %self->divider_tag def_%cl_5_3 %self[2.0,] i[2.3,] 	 SYMBOL:	 ARGS:i,
		 2: 
		 3: modules->[] def_%cl_5_4 modules[] module_name[2.2,] 	 SYMBOL:	 ARGS:module_name,
		 4: %cl_5_4->each def_%cl_5_5 %cl_5_4[3.3,] %self[3.1,2.0,] 	 SYMBOL:	 ARGS:%cl_5_4,
CLOSURE BEGIN: type[] %self[3.1,2.0,] 
BB 1
	outgoing: 6 2 
	datadep: 
	instructions:
BB 2
	outgoing: 3 
	datadep: 
	instructions:
		 0: def_%self 
		 1: def_%cl_6_0 
		 2: RECEIVEARG def_type 
		 3: COPY TYPE_CurrentScope def_%current_scope 
		 4: COPY TYPE_ScopeModule def_%current_module 
BB 3
	outgoing: 4 6 
	datadep: 
	instructions:
		 0: 
		 1: type->display_name def_%cl_6_3 type[2.2,] 	 SYMBOL:	 ARGS:
		 2: %self->h def_%cl_6_4 %self[2.0,] %cl_6_3[3.1,] 	 SYMBOL:	 ARGS:%cl_6_3,
		 3: %self->new_engine_aware_path def_%cl_6_5 %self[3.2,2.0,] type[3.1,2.2,] 	 SYMBOL:	 ARGS:type,
		 4: COPY TYPE_StringLiteral "create_new_" def_%cl_6_6 
		 5: type->param_key def_%cl_6_7 type[3.1,2.2,] 	 SYMBOL:	 ARGS:
		 6: BUILDSTRING def_%cl_6_8 %cl_6_6[3.4,] %cl_6_7[3.5,] 
		 7: HASH-id- def_%cl_6_9 %cl_6_8[3.6,] 
		 8: %self->nav_link_to def_%cl_6_10 %self[3.2,3.3,2.0,] %cl_6_4[3.2,] %cl_6_5[3.3,] %cl_6_9[3.7,] 	 SYMBOL:	 ARGS:%cl_6_4,%cl_6_5,%cl_6_9,
		 9: RETURN %cl_6_10[3.8,] %self[3.2,3.3,3.8,2.0,] 
BB 4
	outgoing: 6 
	datadep: 
	instructions:
		 0: def_%cl_6_11 
		 1: def_%cl_6_12 %cl_6_11[4.0,] 
		 2: RETURN %cl_6_12[4.1,] %self[2.0,] 
BB 6
	outgoing: 
	datadep: 
	instructions:
CLOSURE END: 
		 5: RETURN %cl_5_5[3.4,] %self[3.1,2.0,] 
BB 4
	outgoing: 6 
	datadep: 
	instructions:
		 0: def_%cl_5_6 
		 1: def_%cl_5_7 %cl_5_6[4.0,] 
		 2: RETURN %cl_5_7[4.1,] %self[2.0,] 
BB 6
	outgoing: 
	datadep: 
	instructions:
CLOSURE END: i[2.3,] 
		 39: 
BB 26
	outgoing: 27 
	datadep: 
	instructions:
		 0: COPY TYPE_Nil def_%cl_1_152 
BB 27
	outgoing: 28 29 61 
	datadep: 
	instructions:
		 0: 
		 1: %self->flash def_%cl_1_153 %self[2.0,] 	 SYMBOL:	 ARGS:
		 2: %cl_1_153->each def_%cl_1_154 %cl_1_153[27.1,] %self[27.1,2.0,] 	 SYMBOL:	 ARGS:%cl_1_153,
CLOSURE BEGIN: %self[27.1,2.0,] msg[] 
BB 1
	outgoing: 6 2 
	datadep: 
	instructions:
BB 2
	outgoing: 3 
	datadep: 
	instructions:
		 0: def_%self 
		 1: def_%cl_7_0 
		 2: RECEIVEARG def_name 
		 3: RECEIVEARG def_msg 
		 4: COPY TYPE_CurrentScope def_%current_scope 
		 5: COPY TYPE_ScopeModule def_%current_module 
BB 3
	outgoing: 4 6 
	datadep: 
	instructions:
		 0: 
		 1: COPY TYPE_StringLiteral "flash-message" def_%cl_7_3 
		 2: HASH-class- def_%cl_7_4 %cl_7_3[3.1,] 
		 3: %self->content_tag def_%cl_7_5 %self[2.0,] %cl_7_4[3.2,] %self[2.0,] 	 SYMBOL:div,	 ARGS:Symbol,%cl_7_4,%self,
CLOSURE BEGIN: msg[2.3,] 
BB 1
	outgoing: 6 2 
	datadep: 
	instructions:
BB 2
	outgoing: 6 
	datadep: 
	instructions:
		 0: def_%self 
		 1: def_%cl_8_0 
		 2: COPY TYPE_CurrentScope def_%current_scope 
		 3: COPY TYPE_ScopeModule def_%current_module 
		 4: 
		 5: RETURN msg[] %self[2.0,] 
BB 6
	outgoing: 
	datadep: 
	instructions:
CLOSURE END: 
		 4: RETURN %cl_7_5[3.3,] %self[3.3,2.0,] 
BB 4
	outgoing: 6 
	datadep: 
	instructions:
		 0: def_%cl_7_6 
		 1: def_%cl_7_7 %cl_7_6[4.0,] 
		 2: RETURN %cl_7_7[4.1,] %self[2.0,] 
BB 6
	outgoing: 
	datadep: 
	instructions:
CLOSURE END: msg[2.3,] 
		 3: 
		 4: %self->content_for? def_%cl_1_155 %self[27.1,2.0,] 	 SYMBOL:before_main_content,	 ARGS:Symbol,
		 5: BRANCH %cl_1_155[27.4,] 
BB 28
	outgoing: 30 61 
	datadep: 
	instructions:
		 0: 
		 1: def_%cl_1_156 %cl_1_0[2.1,] 
		 2: 
BB 29
	outgoing: 30 
	datadep: 
	instructions:
		 0: COPY TYPE_Nil def_%cl_1_156 
BB 30
	outgoing: 31 32 61 
	datadep: 
	instructions:
		 0: 
		 1: %self->resource def_%cl_1_157 %self[2.0,] 	 SYMBOL:	 ARGS:
		 2: %self->resource_name def_%cl_1_158 %self[30.1,2.0,] 	 SYMBOL:	 ARGS:
		 3: %self->resource_name def_%cl_1_159 %self[30.1,30.2,2.0,] 	 SYMBOL:	 ARGS:
		 4: %self->password_path def_%cl_1_160 %self[30.1,30.2,30.3,2.0,] %cl_1_159[30.3,] 	 SYMBOL:	 ARGS:%cl_1_159,
		 5: HASH-method- def_%cl_1_161 
		 6: HASH-as-url-html- def_%cl_1_162 %cl_1_158[30.2,] %cl_1_160[30.4,] %cl_1_161[30.5,] 
		 7: %self->simple_form_for def_%cl_1_163 %self[30.1,30.2,30.3,30.4,2.0,] %cl_1_157[30.1,] %cl_1_162[30.6,] %self[30.1,30.2,30.3,30.4,2.0,] 	 SYMBOL:	 ARGS:%cl_1_157,%cl_1_162,%self,
CLOSURE BEGIN: f[] 
BB 1
	outgoing: 6 2 
	datadep: 
	instructions:
BB 2
	outgoing: 3 
	datadep: 
	instructions:
		 0: def_%self 
		 1: def_%cl_9_0 
		 2: RECEIVEARG def_f 
		 3: COPY TYPE_CurrentScope def_%current_scope 
		 4: COPY TYPE_ScopeModule def_%current_module 
BB 3
	outgoing: 4 6 
	datadep: 
	instructions:
		 0: 
		 1: f->error_notification def_%cl_9_3 f[2.2,] 	 SYMBOL:	 ARGS:
		 2: 
		 3: HASH-required-autofocus- def_%cl_9_4 
		 4: f->input def_%cl_9_5 f[3.1,2.2,] %cl_9_4[3.3,] 	 SYMBOL:email,	 ARGS:Symbol,%cl_9_4,
		 5: 
		 6: COPY TYPE_StringLiteral "Send me reset password instructions" def_%cl_9_6 
		 7: f->button def_%cl_9_7 f[3.1,3.4,2.2,] %cl_9_6[3.6,] 	 SYMBOL:submit,	 ARGS:Symbol,%cl_9_6,
		 8: RETURN %cl_9_7[3.7,] %self[2.0,] 
BB 4
	outgoing: 6 
	datadep: 
	instructions:
		 0: def_%cl_9_8 
		 1: def_%cl_9_9 %cl_9_8[4.0,] 
		 2: RETURN %cl_9_9[4.1,] %self[2.0,] 
BB 6
	outgoing: 
	datadep: 
	instructions:
CLOSURE END: 
		 8: 
		 9: %self->controller_name def_%cl_1_164 %self[30.1,30.2,30.3,30.4,30.7,2.0,] 	 SYMBOL:	 ARGS:
		 10: COPY TYPE_StringLiteral "sessions" def_%cl_1_165 
		 11: %cl_1_164->!= def_%cl_1_166 %cl_1_164[30.9,] %cl_1_165[30.10,] 	 SYMBOL:	 ARGS:%cl_1_165,
		 12: BRANCH %cl_1_166[30.11,] 
BB 31
	outgoing: 33 61 
	datadep: 
	instructions:
		 0: 
		 1: COPY TYPE_StringLiteral "Sign in" def_%cl_1_167 
		 2: %self->resource_name def_%cl_1_168 %self[2.0,] 	 SYMBOL:	 ARGS:
		 3: %self->new_session_path def_%cl_1_169 %self[31.2,2.0,] %cl_1_168[31.2,] 	 SYMBOL:	 ARGS:%cl_1_168,
		 4: %self->link_to def_%cl_1_170 %self[31.2,31.3,2.0,] %cl_1_167[31.1,] %cl_1_169[31.3,] 	 SYMBOL:	 ARGS:%cl_1_167,%cl_1_169,
		 5: 
BB 32
	outgoing: 33 
	datadep: 
	instructions:
		 0: COPY TYPE_Nil def_%cl_1_170 
BB 33
	outgoing: 34 35 61 
	datadep: 
	instructions:
		 0: 
		 1: %self->devise_mapping def_%cl_1_171 %self[2.0,] 	 SYMBOL:	 ARGS:
		 2: %cl_1_171->registerable? def_%cl_1_172 %cl_1_171[33.1,] 	 SYMBOL:	 ARGS:
		 3: BRANCH %cl_1_172[33.2,] 
BB 34
	outgoing: 35 61 
	datadep: 
	instructions:
		 0: %self->controller_name def_%cl_1_173 %self[2.0,] 	 SYMBOL:	 ARGS:
		 1: COPY TYPE_StringLiteral "registrations" def_%cl_1_174 
		 2: %cl_1_173->!= def_%cl_1_175 %cl_1_173[34.0,] %cl_1_174[34.1,] 	 SYMBOL:	 ARGS:%cl_1_174,
		 3: COPY TYPE_PASS def_%cl_1_172 %cl_1_175[34.2,] 
BB 35
	outgoing: 36 37 
	datadep: 
	instructions:
		 0: BRANCH %cl_1_172[34.3,33.2,] 
BB 36
	outgoing: 38 61 
	datadep: 
	instructions:
		 0: 
		 1: COPY TYPE_StringLiteral "Sign up" def_%cl_1_176 
		 2: %self->resource_name def_%cl_1_177 %self[2.0,] 	 SYMBOL:	 ARGS:
		 3: %self->new_registration_path def_%cl_1_178 %self[36.2,2.0,] %cl_1_177[36.2,] 	 SYMBOL:	 ARGS:%cl_1_177,
		 4: %self->link_to def_%cl_1_179 %self[36.2,36.3,2.0,] %cl_1_176[36.1,] %cl_1_178[36.3,] 	 SYMBOL:	 ARGS:%cl_1_176,%cl_1_178,
		 5: 
BB 37
	outgoing: 38 
	datadep: 
	instructions:
		 0: COPY TYPE_Nil def_%cl_1_179 
BB 38
	outgoing: 39 40 61 
	datadep: 
	instructions:
		 0: 
		 1: %self->devise_mapping def_%cl_1_180 %self[2.0,] 	 SYMBOL:	 ARGS:
		 2: %cl_1_180->recoverable? def_%cl_1_181 %cl_1_180[38.1,] 	 SYMBOL:	 ARGS:
		 3: BRANCH %cl_1_181[38.2,] 
BB 39
	outgoing: 40 61 
	datadep: 
	instructions:
		 0: %self->controller_name def_%cl_1_182 %self[2.0,] 	 SYMBOL:	 ARGS:
		 1: COPY TYPE_StringLiteral "passwords" def_%cl_1_183 
		 2: %cl_1_182->!= def_%cl_1_184 %cl_1_182[39.0,] %cl_1_183[39.1,] 	 SYMBOL:	 ARGS:%cl_1_183,
		 3: COPY TYPE_PASS def_%cl_1_181 %cl_1_184[39.2,] 
BB 40
	outgoing: 41 42 
	datadep: 
	instructions:
		 0: BRANCH %cl_1_181[39.3,38.2,] 
BB 41
	outgoing: 42 61 
	datadep: 
	instructions:
		 0: %self->controller_name def_%cl_1_185 %self[2.0,] 	 SYMBOL:	 ARGS:
		 1: COPY TYPE_StringLiteral "registrations" def_%cl_1_186 
		 2: %cl_1_185->!= def_%cl_1_187 %cl_1_185[41.0,] %cl_1_186[41.1,] 	 SYMBOL:	 ARGS:%cl_1_186,
		 3: COPY TYPE_PASS def_%cl_1_181 %cl_1_187[41.2,] 
BB 42
	outgoing: 43 44 
	datadep: 
	instructions:
		 0: BRANCH %cl_1_181[41.3,39.3,38.2,] 
BB 43
	outgoing: 45 61 
	datadep: 
	instructions:
		 0: 
		 1: COPY TYPE_StringLiteral "Forgot your password?" def_%cl_1_188 
		 2: %self->resource_name def_%cl_1_189 %self[2.0,] 	 SYMBOL:	 ARGS:
		 3: %self->new_password_path def_%cl_1_190 %self[43.2,2.0,] %cl_1_189[43.2,] 	 SYMBOL:	 ARGS:%cl_1_189,
		 4: %self->link_to def_%cl_1_191 %self[43.2,43.3,2.0,] %cl_1_188[43.1,] %cl_1_190[43.3,] 	 SYMBOL:	 ARGS:%cl_1_188,%cl_1_190,
		 5: 
BB 44
	outgoing: 45 
	datadep: 
	instructions:
		 0: COPY TYPE_Nil def_%cl_1_191 
BB 45
	outgoing: 46 47 61 
	datadep: 
	instructions:
		 0: 
		 1: %self->devise_mapping def_%cl_1_192 %self[2.0,] 	 SYMBOL:	 ARGS:
		 2: %cl_1_192->confirmable? def_%cl_1_193 %cl_1_192[45.1,] 	 SYMBOL:	 ARGS:
		 3: BRANCH %cl_1_193[45.2,] 
BB 46
	outgoing: 47 61 
	datadep: 
	instructions:
		 0: %self->controller_name def_%cl_1_194 %self[2.0,] 	 SYMBOL:	 ARGS:
		 1: COPY TYPE_StringLiteral "confirmations" def_%cl_1_195 
		 2: %cl_1_194->!= def_%cl_1_196 %cl_1_194[46.0,] %cl_1_195[46.1,] 	 SYMBOL:	 ARGS:%cl_1_195,
		 3: COPY TYPE_PASS def_%cl_1_193 %cl_1_196[46.2,] 
BB 47
	outgoing: 48 49 
	datadep: 
	instructions:
		 0: BRANCH %cl_1_193[46.3,45.2,] 
BB 48
	outgoing: 50 61 
	datadep: 
	instructions:
		 0: 
		 1: COPY TYPE_StringLiteral "Didn't receive confirmation instructions?" def_%cl_1_197 
		 2: %self->resource_name def_%cl_1_198 %self[2.0,] 	 SYMBOL:	 ARGS:
		 3: %self->new_confirmation_path def_%cl_1_199 %self[48.2,2.0,] %cl_1_198[48.2,] 	 SYMBOL:	 ARGS:%cl_1_198,
		 4: %self->link_to def_%cl_1_200 %self[48.2,48.3,2.0,] %cl_1_197[48.1,] %cl_1_199[48.3,] 	 SYMBOL:	 ARGS:%cl_1_197,%cl_1_199,
		 5: 
BB 49
	outgoing: 50 
	datadep: 
	instructions:
		 0: COPY TYPE_Nil def_%cl_1_200 
BB 50
	outgoing: 51 52 61 
	datadep: 
	instructions:
		 0: 
		 1: %self->devise_mapping def_%cl_1_201 %self[2.0,] 	 SYMBOL:	 ARGS:
		 2: %cl_1_201->lockable? def_%cl_1_202 %cl_1_201[50.1,] 	 SYMBOL:	 ARGS:
		 3: BRANCH %cl_1_202[50.2,] 
BB 51
	outgoing: 52 61 
	datadep: 
	instructions:
		 0: %self->resource_class def_%cl_1_203 %self[2.0,] 	 SYMBOL:	 ARGS:
		 1: %cl_1_203->unlock_strategy_enabled? def_%cl_1_204 %cl_1_203[51.0,] 	 SYMBOL:email,	 ARGS:Symbol,
		 2: COPY TYPE_PASS def_%cl_1_202 %cl_1_204[51.1,] 
BB 52
	outgoing: 53 54 
	datadep: 
	instructions:
		 0: BRANCH %cl_1_202[51.2,50.2,] 
BB 53
	outgoing: 54 61 
	datadep: 
	instructions:
		 0: %self->controller_name def_%cl_1_205 %self[2.0,] 	 SYMBOL:	 ARGS:
		 1: COPY TYPE_StringLiteral "unlocks" def_%cl_1_206 
		 2: %cl_1_205->!= def_%cl_1_207 %cl_1_205[53.0,] %cl_1_206[53.1,] 	 SYMBOL:	 ARGS:%cl_1_206,
		 3: COPY TYPE_PASS def_%cl_1_202 %cl_1_207[53.2,] 
BB 54
	outgoing: 55 56 
	datadep: 
	instructions:
		 0: BRANCH %cl_1_202[53.3,51.2,50.2,] 
BB 55
	outgoing: 57 61 
	datadep: 
	instructions:
		 0: 
		 1: COPY TYPE_StringLiteral "Didn't receive unlock instructions?" def_%cl_1_208 
		 2: %self->resource_name def_%cl_1_209 %self[2.0,] 	 SYMBOL:	 ARGS:
		 3: %self->new_unlock_path def_%cl_1_210 %self[55.2,2.0,] %cl_1_209[55.2,] 	 SYMBOL:	 ARGS:%cl_1_209,
		 4: %self->link_to def_%cl_1_211 %self[55.2,55.3,2.0,] %cl_1_208[55.1,] %cl_1_210[55.3,] 	 SYMBOL:	 ARGS:%cl_1_208,%cl_1_210,
		 5: 
BB 56
	outgoing: 57 
	datadep: 
	instructions:
		 0: COPY TYPE_Nil def_%cl_1_211 
BB 57
	outgoing: 58 59 61 
	datadep: 
	instructions:
		 0: 
		 1: %self->devise_mapping def_%cl_1_212 %self[2.0,] 	 SYMBOL:	 ARGS:
		 2: %cl_1_212->omniauthable? def_%cl_1_213 %cl_1_212[57.1,] 	 SYMBOL:	 ARGS:
		 3: BRANCH %cl_1_213[57.2,] 
BB 58
	outgoing: 60 61 
	datadep: 
	instructions:
		 0: 
		 1: %self->resource_class def_%cl_1_214 %self[2.0,] 	 SYMBOL:	 ARGS:
		 2: %cl_1_214->omniauth_providers def_%cl_1_215 %cl_1_214[58.1,] 	 SYMBOL:	 ARGS:
		 3: %cl_1_215->each def_%cl_1_216 %cl_1_215[58.2,] %self[58.1,2.0,] 	 SYMBOL:	 ARGS:%cl_1_215,
CLOSURE BEGIN: provider[] %self[58.1,2.0,] 
BB 1
	outgoing: 6 2 
	datadep: 
	instructions:
BB 2
	outgoing: 3 
	datadep: 
	instructions:
		 0: def_%self 
		 1: def_%cl_10_0 
		 2: RECEIVEARG def_provider 
		 3: COPY TYPE_CurrentScope def_%current_scope 
		 4: COPY TYPE_ScopeModule def_%current_module 
BB 3
	outgoing: 4 6 
	datadep: 
	instructions:
		 0: 
		 1: COPY TYPE_StringLiteral "Sign in with " def_%cl_10_3 
		 2: provider->to_s def_%cl_10_4 provider[2.2,] 	 SYMBOL:	 ARGS:
		 3: %cl_10_4->titleize def_%cl_10_5 %cl_10_4[3.2,] 	 SYMBOL:	 ARGS:
		 4: BUILDSTRING def_%cl_10_6 %cl_10_3[3.1,] %cl_10_5[3.3,] 
		 5: %self->resource_name def_%cl_10_7 %self[2.0,] 	 SYMBOL:	 ARGS:
		 6: %self->omniauth_authorize_path def_%cl_10_8 %self[3.5,2.0,] %cl_10_7[3.5,] provider[3.2,2.2,] 	 SYMBOL:	 ARGS:%cl_10_7,provider,
		 7: %self->link_to def_%cl_10_9 %self[3.5,3.6,2.0,] %cl_10_6[3.4,] %cl_10_8[3.6,] 	 SYMBOL:	 ARGS:%cl_10_6,%cl_10_8,
		 8: RETURN %cl_10_9[3.7,] %self[3.5,3.6,3.7,2.0,] 
BB 4
	outgoing: 6 
	datadep: 
	instructions:
		 0: def_%cl_10_10 
		 1: def_%cl_10_11 %cl_10_10[4.0,] 
		 2: RETURN %cl_10_11[4.1,] %self[2.0,] 
BB 6
	outgoing: 
	datadep: 
	instructions:
CLOSURE END: 
		 4: 
BB 59
	outgoing: 60 
	datadep: 
	instructions:
		 0: COPY TYPE_Nil def_%cl_1_216 
BB 60
	outgoing: 61 63 
	datadep: 
	instructions:
		 0: 
		 1: (Time) def_%cl_1_217 
		 2: %cl_1_217->now def_%cl_1_218 %cl_1_217[60.1,] 	 SYMBOL:	 ARGS:
		 3: %cl_1_218->year def_%cl_1_219 %cl_1_218[60.2,] 	 SYMBOL:	 ARGS:
		 4: 
		 5: COPY TYPE_StringLiteral "BrowserMedia" def_%cl_1_220 
		 6: COPY TYPE_StringLiteral "http://www.browsermedia.com" def_%cl_1_221 
		 7: %self->link_to def_%cl_1_222 %self[2.0,] %cl_1_220[60.5,] %cl_1_221[60.6,] 	 SYMBOL:	 ARGS:%cl_1_220,%cl_1_221,
		 8: 
		 9: COPY TYPE_StringLiteral "BrowserCMS" def_%cl_1_223 
		 10: COPY TYPE_StringLiteral "http://www.browsercms.org" def_%cl_1_224 
		 11: %self->link_to def_%cl_1_225 %self[60.7,2.0,] %cl_1_223[60.9,] %cl_1_224[60.10,] 	 SYMBOL:	 ARGS:%cl_1_223,%cl_1_224,
		 12: 
		 13: (Cms) def_%cl_1_226 
		 14: %cl_1_226->version def_%cl_1_227 %cl_1_226[60.13,] 	 SYMBOL:	 ARGS:
		 15: 
		 16: (Rails) def_%cl_1_228 
		 17: %cl_1_228->version def_%cl_1_229 %cl_1_228[60.16,] 	 SYMBOL:	 ARGS:
		 18: 
		 19: (Rails) def_%cl_1_230 
		 20: %cl_1_230->env def_%cl_1_231 %cl_1_230[60.19,] 	 SYMBOL:	 ARGS:
		 21: RETURN %cl_1_231[60.20,] %self[60.7,60.11,2.0,] 
BB 61
	outgoing: 63 
	datadep: 
	instructions:
		 0: def_%cl_1_232 
		 1: def_%cl_1_233 %cl_1_232[61.0,] 
		 2: RETURN %cl_1_233[61.1,] %self[2.0,] 
BB 63
	outgoing: 
	datadep: 
	instructions:
CLOSURE END: prefix[24.2,] modules[16.3,25.34,] 
		 3: COPY TYPE_PASS def_%v_27 %v_29[7.2,] 
BB 8
	outgoing: 12 
	datadep: 
	instructions:
		 0: RETURN %v_27[7.3,6.4,] %self[2.0,2.8,] 
BB 9
	outgoing: 12 
	datadep: 
	instructions:
		 0: RETURN %v_16[4.12,] %self[2.0,2.8,] 
BB 10
	outgoing: 12 
	datadep: 
	instructions:
		 0: def_%v_30 
		 1: def_%v_31 %v_30[10.0,] 
		 2: RETURN %v_31[10.1,] %self[2.0,2.8,] 
BB 12
	outgoing: 
	datadep: 
	instructions:

SET IRMethod, name = show instanceMethod = true
BB 1
	outgoing: 3 2 
	datadep: 
	instructions:
BB 2
	outgoing: 3 
	datadep: 
	instructions:
		 0: def_%self 
		 1: def_%v_0 
		 2: COPY TYPE_CurrentScope def_%current_scope 
		 3: COPY TYPE_ScopeModule def_%current_module 
		 4: 
		 5: 
		 6: COPY TYPE_StringLiteral "@" def_%v_3 
		 7: %self->variable_name def_%v_4 %self[2.0,] 	 SYMBOL:	 ARGS:
		 8: BUILDSTRING def_%v_5 %v_3[2.6,] %v_4[2.7,] 
		 9: %self->resource def_%v_6 %self[2.0,2.7,] 	 SYMBOL:	 ARGS:
		 10: %self->params def_%v_7 %self[2.0,2.7,2.9,] 	 SYMBOL:	 ARGS:
		 11: %v_7->[] def_%v_8 %v_7[2.10,] 	 SYMBOL:id,	 ARGS:Symbol,
		 12: %v_6->find def_%v_9 %v_6[2.9,] %v_8[2.11,] 	 SYMBOL:	 ARGS:%v_8,
		 13: %self->instance_variable_set def_%v_10 %self[2.0,2.7,2.9,2.10,] %v_5[2.8,] %v_9[2.12,] 	 SYMBOL:	 ARGS:%v_5,%v_9,
		 14: RETURN %v_10[2.13,] %self[2.0,2.7,2.9,2.10,2.13,] 
BB 3
	outgoing: 
	datadep: 
	instructions:

SET IRMethod, name = edit instanceMethod = true
BB 1
	outgoing: 3 2 
	datadep: 
	instructions:
BB 2
	outgoing: 3 
	datadep: 
	instructions:
		 0: def_%self 
		 1: def_%v_0 
		 2: COPY TYPE_CurrentScope def_%current_scope 
		 3: COPY TYPE_ScopeModule def_%current_module 
		 4: 
		 5: 
		 6: COPY TYPE_StringLiteral "@" def_%v_3 
		 7: %self->variable_name def_%v_4 %self[2.0,] 	 SYMBOL:	 ARGS:
		 8: BUILDSTRING def_%v_5 %v_3[2.6,] %v_4[2.7,] 
		 9: %self->resource def_%v_6 %self[2.0,2.7,] 	 SYMBOL:	 ARGS:
		 10: %self->params def_%v_7 %self[2.0,2.7,2.9,] 	 SYMBOL:	 ARGS:
		 11: %v_7->[] def_%v_8 %v_7[2.10,] 	 SYMBOL:id,	 ARGS:Symbol,
		 12: %v_6->find def_%v_9 %v_6[2.9,] %v_8[2.11,] 	 SYMBOL:	 ARGS:%v_8,
		 13: %self->instance_variable_set def_%v_10 %self[2.0,2.7,2.9,2.10,] %v_5[2.8,] %v_9[2.12,] 	 SYMBOL:	 ARGS:%v_5,%v_9,
		 14: RETURN %v_10[2.13,] %self[2.0,2.7,2.9,2.10,2.13,] 
BB 3
	outgoing: 
	datadep: 
	instructions:

SET IRMethod, name = update instanceMethod = true
BB 1
	outgoing: 12 2 
	datadep: 
	instructions:
BB 2
	outgoing: 4 5 10 
	datadep: 
	instructions:
		 0: def_%self 
		 1: def_%v_0 
		 2: COPY TYPE_CurrentScope def_%current_scope 
		 3: COPY TYPE_ScopeModule def_%current_module 
		 4: 
		 5: 
		 6: %self->resource def_%v_3 %self[2.0,] 	 SYMBOL:	 ARGS:
		 7: %self->params def_%v_4 %self[2.0,2.6,] 	 SYMBOL:	 ARGS:
		 8: %v_4->[] def_%v_5 %v_4[2.7,] 	 SYMBOL:id,	 ARGS:Symbol,
		 9: %v_3->find def_%v_6 %v_3[2.6,] %v_5[2.8,] 	 SYMBOL:	 ARGS:%v_5,
		 10: ATTRASSIGN %self->object %v_6[2.9,] 
		 11: 
		 12: GETFIELD %self->object def_%v_7 %self[2.0,2.6,2.7,2.10,] 
		 13: %self->resource_params def_%v_8 %self[2.0,2.6,2.7,2.10,] 	 SYMBOL:	 ARGS:
		 14: %v_7->update def_%v_9 %v_7[2.12,] %v_8[2.13,] 	 SYMBOL:	 ARGS:%v_8,
		 15: BRANCH %v_9[2.14,] 
BB 4
	outgoing: 9 10 
	datadep: 
	instructions:
		 0: 
		 1: %self->flash def_%v_10 %self[2.0,2.10,] 	 SYMBOL:	 ARGS:
		 2: %self->resource_name def_%v_11 %self[4.1,2.0,2.10,] 	 SYMBOL:	 ARGS:
		 3: %v_11->singularize def_%v_12 %v_11[4.2,] 	 SYMBOL:	 ARGS:
		 4: %v_12->titleize def_%v_13 %v_12[4.3,] 	 SYMBOL:	 ARGS:
		 5: COPY TYPE_StringLiteral " '" def_%v_14 
		 6: %self->object_name def_%v_15 %self[4.1,4.2,2.0,2.10,] 	 SYMBOL:	 ARGS:
		 7: COPY TYPE_StringLiteral "' was updated" def_%v_16 
		 8: BUILDSTRING def_%v_17 %v_13[4.4,] %v_14[4.5,] %v_15[4.6,] %v_16[4.7,] 
		 9: ATTRASSIGN %v_10->[] %v_17[4.8,] 
		 10: 
		 11: %self->after_update_url def_%v_18 %self[4.1,4.2,4.6,2.0,2.10,] 	 SYMBOL:	 ARGS:
		 12: %self->redirect_to def_%v_19 %self[4.1,4.2,4.6,4.11,2.0,2.10,] %v_18[4.11,] 	 SYMBOL:	 ARGS:%v_18,
		 13: 
BB 5
	outgoing: 6 7 10 
	datadep: 
	instructions:
		 0: 
		 1: COPY TYPE_StringLiteral "@" def_%v_20 
		 2: %self->variable_name def_%v_21 %self[2.0,2.10,] 	 SYMBOL:	 ARGS:
		 3: BUILDSTRING def_%v_22 %v_20[5.1,] %v_21[5.2,] 
		 4: GETFIELD %self->object def_%v_23 %self[5.2,2.0,2.10,] 
		 5: %self->instance_variable_set def_%v_24 %self[5.2,2.0,2.10,] %v_22[5.3,] %v_23[5.4,] 	 SYMBOL:	 ARGS:%v_22,%v_23,
		 6: 
		 7: %self->params def_%v_25 %self[5.2,5.5,2.0,2.10,] 	 SYMBOL:	 ARGS:
		 8: %v_25->[] def_%v_26 %v_25[5.7,] 	 SYMBOL:on_fail_action,	 ARGS:Symbol,
		 9: BRANCH %v_26[5.8,] 
BB 6
	outgoing: 8 10 
	datadep: 
	instructions:
		 0: 
		 1: %self->params def_%v_27 %self[2.0,2.10,] 	 SYMBOL:	 ARGS:
		 2: %v_27->[] def_%v_28 %v_27[6.1,] 	 SYMBOL:on_fail_action,	 ARGS:Symbol,
		 3: HASH-action- def_%v_29 %v_28[6.2,] 
		 4: %self->render def_%v_30 %self[6.1,2.0,2.10,] %v_29[6.3,] 	 SYMBOL:	 ARGS:%v_29,
		 5: 
BB 7
	outgoing: 8 10 
	datadep: 
	instructions:
		 0: 
		 1: %self->ruby_code_from_view def_%v_31 %self[2.0,2.10,] 	 SYMBOL:	 ARGS:
		 2: %v_31->ruby_code_from_view def_%v_32 %v_31[7.1,] %self[7.1,2.0,2.10,] 	 SYMBOL:	 ARGS:%v_31,
CLOSURE BEGIN: %self[7.1,2.0,2.10,] i[] modules[] module_name[] type[] menu_item[] prefix[] msg[] f[] provider[] 
BB 1
	outgoing: 63 2 
	datadep: 
	instructions:
BB 2
	outgoing: 3 
	datadep: 
	instructions:
		 0: def_%self 
		 1: def_%cl_1_0 
		 2: RECEIVEARG def_rb_from_view 
		 3: COPY TYPE_CurrentScope def_%current_scope 
		 4: COPY TYPE_ScopeModule def_%current_module 
BB 3
	outgoing: 4 5 61 
	datadep: 
	instructions:
		 0: 
		 1: COPY TYPE_StringLiteral "cms/application" def_%cl_1_3 
		 2: %self->javascript_include_tag def_%cl_1_4 %self[2.0,] %cl_1_3[3.1,] 	 SYMBOL:	 ARGS:%cl_1_3,
		 3: 
		 4: %self->cms_content_editor def_%cl_1_5 %self[3.2,2.0,] 	 SYMBOL:	 ARGS:
		 5: %self->javascript_include_tag def_%cl_1_6 %self[3.2,3.4,2.0,] %cl_1_5[3.4,] 	 SYMBOL:	 ARGS:%cl_1_5,
		 6: 
		 7: %self->page_title def_%cl_1_7 %self[3.2,3.4,3.5,2.0,] 	 SYMBOL:	 ARGS:
		 8: 
		 9: COPY TYPE_StringLiteral "cms/application" def_%cl_1_8 
		 10: %self->stylesheet_link_tag def_%cl_1_9 %self[3.2,3.4,3.5,3.7,2.0,] %cl_1_8[3.9,] 	 SYMBOL:	 ARGS:%cl_1_8,
		 11: 
		 12: %self->csrf_meta_tags def_%cl_1_10 %self[3.2,3.4,3.5,3.7,3.10,2.0,] 	 SYMBOL:	 ARGS:
		 13: 
		 14: def_%cl_1_11 %cl_1_0[2.1,] 
		 15: 
		 16: %self->current_user def_%cl_1_12 %self[3.2,3.4,3.5,3.7,3.10,3.12,2.0,] 	 SYMBOL:	 ARGS:
		 17: %cl_1_12->guest? def_%cl_1_13 %cl_1_12[3.16,] 	 SYMBOL:	 ARGS:
		 18: BRANCH %cl_1_13[3.17,] 
BB 4
	outgoing: 6 
	datadep: 
	instructions:
		 0: COPY TYPE_Nil def_%cl_1_14 
		 1: 
BB 5
	outgoing: 6 61 
	datadep: 
	instructions:
		 0: %self->current_user def_%cl_1_15 %self[2.0,] 	 SYMBOL:	 ARGS:
		 1: %cl_1_15->full_name def_%cl_1_16 %cl_1_15[5.0,] 	 SYMBOL:	 ARGS:
		 2: %self->cms def_%cl_1_17 %self[5.0,2.0,] 	 SYMBOL:	 ARGS:
		 3: %self->current_user def_%cl_1_18 %self[5.0,5.2,2.0,] 	 SYMBOL:	 ARGS:
		 4: %cl_1_17->edit_user_path def_%cl_1_19 %cl_1_17[5.2,] %cl_1_18[5.3,] 	 SYMBOL:	 ARGS:%cl_1_18,
		 5: %self->link_to def_%cl_1_20 %self[5.0,5.2,5.3,2.0,] %cl_1_16[5.1,] %cl_1_19[5.4,] 	 SYMBOL:	 ARGS:%cl_1_16,%cl_1_19,
		 6: COPY TYPE_PASS def_%cl_1_14 %cl_1_20[5.5,] 
BB 6
	outgoing: 7 8 61 
	datadep: 
	instructions:
		 0: 
		 1: %self->current_user def_%cl_1_21 %self[2.0,] 	 SYMBOL:	 ARGS:
		 2: %cl_1_21->guest? def_%cl_1_22 %cl_1_21[6.1,] 	 SYMBOL:	 ARGS:
		 3: BRANCH %cl_1_22[6.2,] 
BB 7
	outgoing: 9 
	datadep: 
	instructions:
		 0: COPY TYPE_Nil def_%cl_1_23 
		 1: 
BB 8
	outgoing: 9 61 
	datadep: 
	instructions:
		 0: COPY TYPE_StringLiteral "Settings" def_%cl_1_24 
		 1: COPY TYPE_StringLiteral "#" def_%cl_1_25 
		 2: %self->link_to def_%cl_1_26 %self[2.0,] %cl_1_24[8.0,] %cl_1_25[8.1,] 	 SYMBOL:	 ARGS:%cl_1_24,%cl_1_25,
		 3: COPY TYPE_PASS def_%cl_1_23 %cl_1_26[8.2,] 
BB 9
	outgoing: 10 11 61 
	datadep: 
	instructions:
		 0: 
		 1: COPY TYPE_StringLiteral "Help" def_%cl_1_27 
		 2: COPY TYPE_StringLiteral "https://github.com/browsermedia/browsercms/wiki" def_%cl_1_28 
		 3: COPY TYPE_StringLiteral "_blank" def_%cl_1_29 
		 4: HASH-target- def_%cl_1_30 %cl_1_29[9.3,] 
		 5: %self->link_to def_%cl_1_31 %self[2.0,] %cl_1_27[9.1,] %cl_1_28[9.2,] %cl_1_30[9.4,] 	 SYMBOL:	 ARGS:%cl_1_27,%cl_1_28,%cl_1_30,
		 6: 
		 7: %self->current_user def_%cl_1_32 %self[9.5,2.0,] 	 SYMBOL:	 ARGS:
		 8: %cl_1_32->guest? def_%cl_1_33 %cl_1_32[9.7,] 	 SYMBOL:	 ARGS:
		 9: BRANCH %cl_1_33[9.8,] 
BB 10
	outgoing: 12 
	datadep: 
	instructions:
		 0: COPY TYPE_Nil def_%cl_1_34 
		 1: 
BB 11
	outgoing: 12 61 
	datadep: 
	instructions:
		 0: COPY TYPE_StringLiteral "Logout" def_%cl_1_35 
		 1: %self->cms def_%cl_1_36 %self[2.0,] 	 SYMBOL:	 ARGS:
		 2: %cl_1_36->logout_path def_%cl_1_37 %cl_1_36[11.1,] 	 SYMBOL:	 ARGS:
		 3: %self->link_to def_%cl_1_38 %self[11.1,2.0,] %cl_1_35[11.0,] %cl_1_37[11.2,] 	 SYMBOL:	 ARGS:%cl_1_35,%cl_1_37,
		 4: COPY TYPE_PASS def_%cl_1_34 %cl_1_38[11.3,] 
BB 12
	outgoing: 13 17 61 
	datadep: 
	instructions:
		 0: 
		 1: COPY TYPE_StringLiteral "cms/logo.png" def_%cl_1_39 
		 2: COPY TYPE_StringLiteral "main-logo" def_%cl_1_40 
		 3: HASH-class- def_%cl_1_41 %cl_1_40[12.2,] 
		 4: %self->image_tag def_%cl_1_42 %self[2.0,] %cl_1_39[12.1,] %cl_1_41[12.3,] 	 SYMBOL:	 ARGS:%cl_1_39,%cl_1_41,
		 5: COPY TYPE_StringLiteral "/" def_%cl_1_43 
		 6: %self->link_to def_%cl_1_44 %self[12.4,2.0,] %cl_1_42[12.4,] %cl_1_43[12.5,] 	 SYMBOL:	 ARGS:%cl_1_42,%cl_1_43,
		 7: 
		 8: %self->current_user def_%cl_1_45 %self[12.4,12.6,2.0,] 	 SYMBOL:	 ARGS:
		 9: %cl_1_45->able_to? def_%cl_1_46 %cl_1_45[12.8,] 	 SYMBOL:edit_content,	 ARGS:Symbol,
		 10: BRANCH %cl_1_46[12.9,] 
BB 13
	outgoing: 14 15 61 
	datadep: 
	instructions:
		 0: 
		 1: COPY TYPE_StringLiteral "Dashboard" def_%cl_1_47 
		 2: %self->cms def_%cl_1_48 %self[2.0,] 	 SYMBOL:	 ARGS:
		 3: %cl_1_48->dashboard_path def_%cl_1_49 %cl_1_48[13.2,] 	 SYMBOL:	 ARGS:
		 4: %self->link_to def_%cl_1_50 %self[13.2,2.0,] %cl_1_47[13.1,] %cl_1_49[13.3,] 	 SYMBOL:	 ARGS:%cl_1_47,%cl_1_49,
		 5: 
		 6: COPY TYPE_StringLiteral "Pages" def_%cl_1_51 
		 7: %self->cms def_%cl_1_52 %self[13.2,13.4,2.0,] 	 SYMBOL:	 ARGS:
		 8: %cl_1_52->sitemap_path def_%cl_1_53 %cl_1_52[13.7,] 	 SYMBOL:	 ARGS:
		 9: %self->link_to def_%cl_1_54 %self[13.2,13.4,13.7,2.0,] %cl_1_51[13.6,] %cl_1_53[13.8,] 	 SYMBOL:	 ARGS:%cl_1_51,%cl_1_53,
		 10: 
		 11: %self->id def_%cl_1_55 %self[13.2,13.4,13.7,13.9,2.0,] 	 SYMBOL:	 ARGS:
		 12: 
		 13: %self->library def_%cl_1_56 %self[13.2,13.4,13.7,13.9,13.11,2.0,] 	 SYMBOL:	 ARGS:
		 14: BRANCH %cl_1_56[13.13,] 
BB 14
	outgoing: 16 61 
	datadep: 
	instructions:
		 0: 
		 1: COPY TYPE_StringLiteral "Text" def_%cl_1_57 
		 2: %self->cms def_%cl_1_58 %self[2.0,] 	 SYMBOL:	 ARGS:
		 3: %cl_1_58->content_library_path def_%cl_1_59 %cl_1_58[14.2,] 	 SYMBOL:	 ARGS:
		 4: %self->nav_link_to def_%cl_1_60 %self[14.2,2.0,] %cl_1_57[14.1,] %cl_1_59[14.3,] 	 SYMBOL:	 ARGS:%cl_1_57,%cl_1_59,
		 5: 
		 6: %self->divider_tag def_%cl_1_61 %self[14.2,14.4,2.0,] 	 SYMBOL:	 ARGS:
		 7: 
BB 15
	outgoing: 16 
	datadep: 
	instructions:
		 0: COPY TYPE_Nil def_%cl_1_61 
BB 16
	outgoing: 18 61 
	datadep: 
	instructions:
		 0: 
		 1: (ContentType) def_%cl_1_62 
		 2: %cl_1_62->available_by_module def_%cl_1_63 %cl_1_62[16.1,] 	 SYMBOL:	 ARGS:
		 3: COPY TYPE_PASS def_modules %cl_1_63[16.2,] 
		 4: 
		 5: %cl_1_63->keys def_%cl_1_64 %cl_1_63[16.2,] 	 SYMBOL:	 ARGS:
		 6: %cl_1_64->sort def_%cl_1_65 %cl_1_64[16.5,] 	 SYMBOL:	 ARGS:
		 7: %cl_1_65->each_with_index def_%cl_1_66 %cl_1_65[16.6,] %self[2.0,] 	 SYMBOL:	 ARGS:%cl_1_65,
CLOSURE BEGIN: %self[2.0,] i[] modules[16.3,] module_name[] type[] 
BB 1
	outgoing: 6 2 
	datadep: 
	instructions:
BB 2
	outgoing: 3 
	datadep: 
	instructions:
		 0: def_%self 
		 1: def_%cl_2_0 
		 2: RECEIVEARG def_module_name 
		 3: RECEIVEARG def_i 
		 4: COPY TYPE_CurrentScope def_%current_scope 
		 5: COPY TYPE_ScopeModule def_%current_module 
BB 3
	outgoing: 4 6 
	datadep: 
	instructions:
		 0: 
		 1: %self->divider_tag def_%cl_2_3 %self[2.0,] i[2.3,] 	 SYMBOL:	 ARGS:i,
		 2: 
		 3: modules->[] def_%cl_2_4 modules[] module_name[2.2,] 	 SYMBOL:	 ARGS:module_name,
		 4: %cl_2_4->each def_%cl_2_5 %cl_2_4[3.3,] %self[3.1,2.0,] 	 SYMBOL:	 ARGS:%cl_2_4,
CLOSURE BEGIN: type[] %self[3.1,2.0,] 
BB 1
	outgoing: 6 2 
	datadep: 
	instructions:
BB 2
	outgoing: 3 
	datadep: 
	instructions:
		 0: def_%self 
		 1: def_%cl_3_0 
		 2: RECEIVEARG def_type 
		 3: COPY TYPE_CurrentScope def_%current_scope 
		 4: COPY TYPE_ScopeModule def_%current_module 
BB 3
	outgoing: 4 6 
	datadep: 
	instructions:
		 0: 
		 1: type->display_name def_%cl_3_3 type[2.2,] 	 SYMBOL:	 ARGS:
		 2: %self->h def_%cl_3_4 %self[2.0,] %cl_3_3[3.1,] 	 SYMBOL:	 ARGS:%cl_3_3,
		 3: %self->engine_aware_path def_%cl_3_5 %self[3.2,2.0,] type[3.1,2.2,] 	 SYMBOL:	 ARGS:type,
		 4: %self->nav_link_to def_%cl_3_6 %self[3.2,3.3,2.0,] %cl_3_4[3.2,] %cl_3_5[3.3,] 	 SYMBOL:	 ARGS:%cl_3_4,%cl_3_5,
		 5: RETURN %cl_3_6[3.4,] %self[3.2,3.3,3.4,2.0,] 
BB 4
	outgoing: 6 
	datadep: 
	instructions:
		 0: def_%cl_3_7 
		 1: def_%cl_3_8 %cl_3_7[4.0,] 
		 2: RETURN %cl_3_8[4.1,] %self[2.0,] 
BB 6
	outgoing: 
	datadep: 
	instructions:
CLOSURE END: 
		 5: RETURN %cl_2_5[3.4,] %self[3.1,2.0,] 
BB 4
	outgoing: 6 
	datadep: 
	instructions:
		 0: def_%cl_2_6 
		 1: def_%cl_2_7 %cl_2_6[4.0,] 
		 2: RETURN %cl_2_7[4.1,] %self[2.0,] 
BB 6
	outgoing: 
	datadep: 
	instructions:
CLOSURE END: i[2.3,] 
		 8: 
BB 17
	outgoing: 18 
	datadep: 
	instructions:
		 0: COPY TYPE_Nil def_%cl_1_66 
BB 18
	outgoing: 19 20 61 
	datadep: 
	instructions:
		 0: 
		 1: %self->current_user def_%cl_1_67 %self[2.0,] 	 SYMBOL:	 ARGS:
		 2: %cl_1_67->able_to? def_%cl_1_68 %cl_1_67[18.1,] 	 SYMBOL:administrate,	 ARGS:Symbol,
		 3: BRANCH %cl_1_68[18.2,] 
BB 19
	outgoing: 21 61 
	datadep: 
	instructions:
		 0: 
		 1: COPY TYPE_StringLiteral "Users" def_%cl_1_69 
		 2: %self->cms def_%cl_1_70 %self[2.0,] 	 SYMBOL:	 ARGS:
		 3: %cl_1_70->users_path def_%cl_1_71 %cl_1_70[19.2,] 	 SYMBOL:	 ARGS:
		 4: %self->nav_link_to def_%cl_1_72 %self[19.2,2.0,] %cl_1_69[19.1,] %cl_1_71[19.3,] 	 SYMBOL:	 ARGS:%cl_1_69,%cl_1_71,
		 5: 
		 6: COPY TYPE_StringLiteral "Groups" def_%cl_1_73 
		 7: %self->cms def_%cl_1_74 %self[19.2,19.4,2.0,] 	 SYMBOL:	 ARGS:
		 8: %cl_1_74->groups_path def_%cl_1_75 %cl_1_74[19.7,] 	 SYMBOL:	 ARGS:
		 9: %self->nav_link_to def_%cl_1_76 %self[19.2,19.4,19.7,2.0,] %cl_1_73[19.6,] %cl_1_75[19.8,] 	 SYMBOL:	 ARGS:%cl_1_73,%cl_1_75,
		 10: 
		 11: %self->divider_tag def_%cl_1_77 %self[19.2,19.4,19.7,19.9,2.0,] 	 SYMBOL:	 ARGS:
		 12: 
		 13: COPY TYPE_StringLiteral "Partials" def_%cl_1_78 
		 14: %self->cms def_%cl_1_79 %self[19.2,19.4,19.7,19.9,19.11,2.0,] 	 SYMBOL:	 ARGS:
		 15: %cl_1_79->page_partials_path def_%cl_1_80 %cl_1_79[19.14,] 	 SYMBOL:	 ARGS:
		 16: %self->nav_link_to def_%cl_1_81 %self[19.2,19.4,19.7,19.9,19.11,19.14,2.0,] %cl_1_78[19.13,] %cl_1_80[19.15,] 	 SYMBOL:	 ARGS:%cl_1_78,%cl_1_80,
		 17: 
		 18: COPY TYPE_StringLiteral "Page Templates" def_%cl_1_82 
		 19: %self->cms def_%cl_1_83 %self[19.2,19.4,19.7,19.9,19.11,19.14,19.16,2.0,] 	 SYMBOL:	 ARGS:
		 20: %cl_1_83->page_templates_path def_%cl_1_84 %cl_1_83[19.19,] 	 SYMBOL:	 ARGS:
		 21: %self->nav_link_to def_%cl_1_85 %self[19.2,19.4,19.7,19.9,19.11,19.14,19.16,19.19,2.0,] %cl_1_82[19.18,] %cl_1_84[19.20,] 	 SYMBOL:	 ARGS:%cl_1_82,%cl_1_84,
		 22: 
		 23: %self->divider_tag def_%cl_1_86 %self[19.2,19.4,19.7,19.9,19.11,19.14,19.16,19.19,19.21,2.0,] 	 SYMBOL:	 ARGS:
		 24: 
		 25: COPY TYPE_StringLiteral "Redirects" def_%cl_1_87 
		 26: %self->cms def_%cl_1_88 %self[19.2,19.4,19.7,19.9,19.11,19.14,19.16,19.19,19.21,19.23,2.0,] 	 SYMBOL:	 ARGS:
		 27: %cl_1_88->redirects_path def_%cl_1_89 %cl_1_88[19.26,] 	 SYMBOL:	 ARGS:
		 28: %self->nav_link_to def_%cl_1_90 %self[19.2,19.4,19.7,19.9,19.11,19.14,19.16,19.19,19.21,19.23,19.26,2.0,] %cl_1_87[19.25,] %cl_1_89[19.27,] 	 SYMBOL:	 ARGS:%cl_1_87,%cl_1_89,
		 29: 
		 30: COPY TYPE_StringLiteral "Routes" def_%cl_1_91 
		 31: %self->cms def_%cl_1_92 %self[19.2,19.4,19.7,19.9,19.11,19.14,19.16,19.19,19.21,19.23,19.26,19.28,2.0,] 	 SYMBOL:	 ARGS:
		 32: %cl_1_92->page_routes_path def_%cl_1_93 %cl_1_92[19.31,] 	 SYMBOL:	 ARGS:
		 33: %self->nav_link_to def_%cl_1_94 %self[19.2,19.4,19.7,19.9,19.11,19.14,19.16,19.19,19.21,19.23,19.26,19.28,19.31,2.0,] %cl_1_91[19.30,] %cl_1_93[19.32,] 	 SYMBOL:	 ARGS:%cl_1_91,%cl_1_93,
		 34: 
		 35: COPY TYPE_StringLiteral "Page Cache" def_%cl_1_95 
		 36: %self->cms def_%cl_1_96 %self[19.2,19.4,19.7,19.9,19.11,19.14,19.16,19.19,19.21,19.23,19.26,19.28,19.31,19.33,2.0,] 	 SYMBOL:	 ARGS:
		 37: %cl_1_96->cache_path def_%cl_1_97 %cl_1_96[19.36,] 	 SYMBOL:	 ARGS:
		 38: %self->nav_link_to def_%cl_1_98 %self[19.2,19.4,19.7,19.9,19.11,19.14,19.16,19.19,19.21,19.23,19.26,19.28,19.31,19.33,19.36,2.0,] %cl_1_95[19.35,] %cl_1_97[19.37,] 	 SYMBOL:	 ARGS:%cl_1_95,%cl_1_97,
		 39: 
		 40: COPY TYPE_StringLiteral "Email Messages" def_%cl_1_99 
		 41: %self->cms def_%cl_1_100 %self[19.2,19.4,19.7,19.9,19.11,19.14,19.16,19.19,19.21,19.23,19.26,19.28,19.31,19.33,19.36,19.38,2.0,] 	 SYMBOL:	 ARGS:
		 42: %cl_1_100->email_messages_path def_%cl_1_101 %cl_1_100[19.41,] 	 SYMBOL:	 ARGS:
		 43: %self->nav_link_to def_%cl_1_102 %self[19.2,19.4,19.7,19.9,19.11,19.14,19.16,19.19,19.21,19.23,19.26,19.28,19.31,19.33,19.36,19.38,19.41,2.0,] %cl_1_99[19.40,] %cl_1_101[19.42,] 	 SYMBOL:	 ARGS:%cl_1_99,%cl_1_101,
		 44: 
		 45: (Rails) def_%cl_1_103 
		 46: %cl_1_103->application def_%cl_1_104 %cl_1_103[19.45,] 	 SYMBOL:	 ARGS:
		 47: %cl_1_104->config def_%cl_1_105 %cl_1_104[19.46,] 	 SYMBOL:	 ARGS:
		 48: %cl_1_105->cms def_%cl_1_106 %cl_1_105[19.47,] 	 SYMBOL:	 ARGS:
		 49: %cl_1_106->tools_menu def_%cl_1_107 %cl_1_106[19.48,] 	 SYMBOL:	 ARGS:
		 50: %cl_1_107->each def_%cl_1_108 %cl_1_107[19.49,] %self[19.2,19.4,19.7,19.9,19.11,19.14,19.16,19.19,19.21,19.23,19.26,19.28,19.31,19.33,19.36,19.38,19.41,19.43,2.0,] 	 SYMBOL:	 ARGS:%cl_1_107,
CLOSURE BEGIN: menu_item[] %self[19.2,19.4,19.7,19.9,19.11,19.14,19.16,19.19,19.21,19.23,19.26,19.28,19.31,19.33,19.36,19.38,19.41,19.43,2.0,] 
BB 1
	outgoing: 6 2 
	datadep: 
	instructions:
BB 2
	outgoing: 3 
	datadep: 
	instructions:
		 0: def_%self 
		 1: def_%cl_4_0 
		 2: RECEIVEARG def_menu_item 
		 3: COPY TYPE_CurrentScope def_%current_scope 
		 4: COPY TYPE_ScopeModule def_%current_module 
BB 3
	outgoing: 4 6 
	datadep: 
	instructions:
		 0: 
		 1: menu_item->[] def_%cl_4_3 menu_item[2.2,] 	 SYMBOL:name,	 ARGS:Symbol,
		 2: menu_item->[] def_%cl_4_4 menu_item[3.1,2.2,] 	 SYMBOL:engine,	 ARGS:Symbol,
		 3: %self->send def_%cl_4_5 %self[2.0,] %cl_4_4[3.2,] 	 SYMBOL:	 ARGS:%cl_4_4,
		 4: menu_item->[] def_%cl_4_6 menu_item[3.1,3.2,2.2,] 	 SYMBOL:route_name,	 ARGS:Symbol,
		 5: %cl_4_5->send def_%cl_4_7 %cl_4_5[3.3,] %cl_4_6[3.4,] 	 SYMBOL:	 ARGS:%cl_4_6,
		 6: %self->nav_link_to def_%cl_4_8 %self[3.3,2.0,] %cl_4_3[3.1,] %cl_4_7[3.5,] 	 SYMBOL:	 ARGS:%cl_4_3,%cl_4_7,
		 7: RETURN %cl_4_8[3.6,] %self[3.3,3.6,2.0,] 
BB 4
	outgoing: 6 
	datadep: 
	instructions:
		 0: def_%cl_4_9 
		 1: def_%cl_4_10 %cl_4_9[4.0,] 
		 2: RETURN %cl_4_10[4.1,] %self[2.0,] 
BB 6
	outgoing: 
	datadep: 
	instructions:
CLOSURE END: 
		 51: 
BB 20
	outgoing: 21 
	datadep: 
	instructions:
		 0: COPY TYPE_Nil def_%cl_1_108 
BB 21
	outgoing: 22 26 61 
	datadep: 
	instructions:
		 0: 
		 1: %self->current_user def_%cl_1_109 %self[2.0,] 	 SYMBOL:	 ARGS:
		 2: %cl_1_109->able_to? def_%cl_1_110 %cl_1_109[21.1,] 	 SYMBOL:edit_content,	 ARGS:Symbol,
		 3: BRANCH %cl_1_110[21.2,] 
BB 22
	outgoing: 23 24 61 
	datadep: 
	instructions:
		 0: 
		 1: COPY TYPE_StringLiteral "New" def_%cl_1_111 
		 2: %self->new_button_path def_%cl_1_112 %self[2.0,] 	 SYMBOL:	 ARGS:
		 3: COPY TYPE_StringLiteral "new-content-button" def_%cl_1_113 
		 4: COPY TYPE_StringLiteral "btn btn-primary" def_%cl_1_114 
		 5: COPY TYPE_StringLiteral "-1" def_%cl_1_115 
		 6: HASH-id-class-tabindex- def_%cl_1_116 %cl_1_113[22.3,] %cl_1_114[22.4,] %cl_1_115[22.5,] 
		 7: %self->menu_button def_%cl_1_117 %self[22.2,2.0,] %cl_1_111[22.1,] %cl_1_112[22.2,] %cl_1_116[22.6,] 	 SYMBOL:	 ARGS:%cl_1_111,%cl_1_112,%cl_1_116,
		 8: 
		 9: def_%cl_1_118 %self[22.2,22.7,2.0,] 
		 10: BRANCH %cl_1_118[22.9,] 
BB 23
	outgoing: 25 
	datadep: 
	instructions:
		 0: COPY TYPE_Nil def_%cl_1_119 
		 1: 
BB 24
	outgoing: 25 
	datadep: 
	instructions:
		 0: 
		 1: COPY TYPE_StringLiteral "" def_%cl_1_120 
		 2: COPY TYPE_PASS def_prefix %cl_1_120[24.1,] 
		 3: COPY TYPE_PASS def_%cl_1_119 %cl_1_120[24.1,] 
BB 25
	outgoing: 27 61 
	datadep: 
	instructions:
		 0: 
		 1: COPY TYPE_StringLiteral "Page" def_%cl_1_121 
		 2: BUILDSTRING def_%cl_1_122 prefix[24.2,] %cl_1_121[25.1,] 
		 3: %self->cms def_%cl_1_123 %self[2.0,] 	 SYMBOL:	 ARGS:
		 4: %self->target_section def_%cl_1_124 %self[25.3,2.0,] 	 SYMBOL:	 ARGS:
		 5: %cl_1_123->new_section_page_path def_%cl_1_125 %cl_1_123[25.3,] %cl_1_124[25.4,] 	 SYMBOL:	 ARGS:%cl_1_124,
		 6: COPY TYPE_StringLiteral "add-page-button" def_%cl_1_126 
		 7: HASH-class- def_%cl_1_127 %cl_1_126[25.6,] 
		 8: %self->nav_link_to def_%cl_1_128 %self[25.3,25.4,2.0,] %cl_1_122[25.2,] %cl_1_125[25.5,] %cl_1_127[25.7,] 	 SYMBOL:	 ARGS:%cl_1_122,%cl_1_125,%cl_1_127,
		 9: 
		 10: COPY TYPE_StringLiteral "Link" def_%cl_1_129 
		 11: BUILDSTRING def_%cl_1_130 prefix[24.2,] %cl_1_129[25.10,] 
		 12: %self->cms def_%cl_1_131 %self[25.3,25.4,25.8,2.0,] 	 SYMBOL:	 ARGS:
		 13: %self->target_section def_%cl_1_132 %self[25.3,25.4,25.8,25.12,2.0,] 	 SYMBOL:	 ARGS:
		 14: %cl_1_131->new_section_link_path def_%cl_1_133 %cl_1_131[25.12,] %cl_1_132[25.13,] 	 SYMBOL:	 ARGS:%cl_1_132,
		 15: COPY TYPE_StringLiteral "add-section-button" def_%cl_1_134 
		 16: HASH-class- def_%cl_1_135 %cl_1_134[25.15,] 
		 17: %self->nav_link_to def_%cl_1_136 %self[25.3,25.4,25.8,25.12,25.13,2.0,] %cl_1_130[25.11,] %cl_1_133[25.14,] %cl_1_135[25.16,] 	 SYMBOL:	 ARGS:%cl_1_130,%cl_1_133,%cl_1_135,
		 18: 
		 19: COPY TYPE_StringLiteral "Section" def_%cl_1_137 
		 20: BUILDSTRING def_%cl_1_138 prefix[24.2,] %cl_1_137[25.19,] 
		 21: %self->cms def_%cl_1_139 %self[25.3,25.4,25.8,25.12,25.13,25.17,2.0,] 	 SYMBOL:	 ARGS:
		 22: %self->target_section def_%cl_1_140 %self[25.3,25.4,25.8,25.12,25.13,25.17,25.21,2.0,] 	 SYMBOL:	 ARGS:
		 23: %cl_1_140->id def_%cl_1_141 %cl_1_140[25.22,] 	 SYMBOL:	 ARGS:
		 24: HASH-section_id- def_%cl_1_142 %cl_1_141[25.23,] 
		 25: %cl_1_139->new_section_path def_%cl_1_143 %cl_1_139[25.21,] %cl_1_142[25.24,] 	 SYMBOL:	 ARGS:%cl_1_142,
		 26: COPY TYPE_StringLiteral "add-link-button" def_%cl_1_144 
		 27: HASH-class- def_%cl_1_145 %cl_1_144[25.26,] 
		 28: %self->nav_link_to def_%cl_1_146 %self[25.3,25.4,25.8,25.12,25.13,25.17,25.21,25.22,2.0,] %cl_1_138[25.20,] %cl_1_143[25.25,] %cl_1_145[25.27,] 	 SYMBOL:	 ARGS:%cl_1_138,%cl_1_143,%cl_1_145,
		 29: 
		 30: %self->divider_tag def_%cl_1_147 %self[25.3,25.4,25.8,25.12,25.13,25.17,25.21,25.22,25.28,2.0,] 	 SYMBOL:	 ARGS:
		 31: 
		 32: (ContentType) def_%cl_1_148 
		 33: %cl_1_148->available_by_module def_%cl_1_149 %cl_1_148[25.32,] 	 SYMBOL:	 ARGS:
		 34: COPY TYPE_PASS def_modules %cl_1_149[25.33,] 
		 35: 
		 36: %cl_1_149->keys def_%cl_1_150 %cl_1_149[25.33,] 	 SYMBOL:	 ARGS:
		 37: %cl_1_150->sort def_%cl_1_151 %cl_1_150[25.36,] 	 SYMBOL:	 ARGS:
		 38: %cl_1_151->each_with_index def_%cl_1_152 %cl_1_151[25.37,] %self[25.3,25.4,25.8,25.12,25.13,25.17,25.21,25.22,25.28,25.30,2.0,] 	 SYMBOL:	 ARGS:%cl_1_151,
CLOSURE BEGIN: %self[25.3,25.4,25.8,25.12,25.13,25.17,25.21,25.22,25.28,25.30,2.0,] i[16.7,] modules[25.34,] module_name[16.7,] type[] 
BB 1
	outgoing: 6 2 
	datadep: 
	instructions:
BB 2
	outgoing: 3 
	datadep: 
	instructions:
		 0: def_%self 
		 1: def_%cl_5_0 
		 2: RECEIVEARG def_module_name 
		 3: RECEIVEARG def_i 
		 4: COPY TYPE_CurrentScope def_%current_scope 
		 5: COPY TYPE_ScopeModule def_%current_module 
BB 3
	outgoing: 4 6 
	datadep: 
	instructions:
		 0: 
		 1: %self->divider_tag def_%cl_5_3 %self[2.0,] i[2.3,] 	 SYMBOL:	 ARGS:i,
		 2: 
		 3: modules->[] def_%cl_5_4 modules[] module_name[2.2,] 	 SYMBOL:	 ARGS:module_name,
		 4: %cl_5_4->each def_%cl_5_5 %cl_5_4[3.3,] %self[3.1,2.0,] 	 SYMBOL:	 ARGS:%cl_5_4,
CLOSURE BEGIN: type[] %self[3.1,2.0,] 
BB 1
	outgoing: 6 2 
	datadep: 
	instructions:
BB 2
	outgoing: 3 
	datadep: 
	instructions:
		 0: def_%self 
		 1: def_%cl_6_0 
		 2: RECEIVEARG def_type 
		 3: COPY TYPE_CurrentScope def_%current_scope 
		 4: COPY TYPE_ScopeModule def_%current_module 
BB 3
	outgoing: 4 6 
	datadep: 
	instructions:
		 0: 
		 1: type->display_name def_%cl_6_3 type[2.2,] 	 SYMBOL:	 ARGS:
		 2: %self->h def_%cl_6_4 %self[2.0,] %cl_6_3[3.1,] 	 SYMBOL:	 ARGS:%cl_6_3,
		 3: %self->new_engine_aware_path def_%cl_6_5 %self[3.2,2.0,] type[3.1,2.2,] 	 SYMBOL:	 ARGS:type,
		 4: COPY TYPE_StringLiteral "create_new_" def_%cl_6_6 
		 5: type->param_key def_%cl_6_7 type[3.1,2.2,] 	 SYMBOL:	 ARGS:
		 6: BUILDSTRING def_%cl_6_8 %cl_6_6[3.4,] %cl_6_7[3.5,] 
		 7: HASH-id- def_%cl_6_9 %cl_6_8[3.6,] 
		 8: %self->nav_link_to def_%cl_6_10 %self[3.2,3.3,2.0,] %cl_6_4[3.2,] %cl_6_5[3.3,] %cl_6_9[3.7,] 	 SYMBOL:	 ARGS:%cl_6_4,%cl_6_5,%cl_6_9,
		 9: RETURN %cl_6_10[3.8,] %self[3.2,3.3,3.8,2.0,] 
BB 4
	outgoing: 6 
	datadep: 
	instructions:
		 0: def_%cl_6_11 
		 1: def_%cl_6_12 %cl_6_11[4.0,] 
		 2: RETURN %cl_6_12[4.1,] %self[2.0,] 
BB 6
	outgoing: 
	datadep: 
	instructions:
CLOSURE END: 
		 5: RETURN %cl_5_5[3.4,] %self[3.1,2.0,] 
BB 4
	outgoing: 6 
	datadep: 
	instructions:
		 0: def_%cl_5_6 
		 1: def_%cl_5_7 %cl_5_6[4.0,] 
		 2: RETURN %cl_5_7[4.1,] %self[2.0,] 
BB 6
	outgoing: 
	datadep: 
	instructions:
CLOSURE END: i[2.3,] 
		 39: 
BB 26
	outgoing: 27 
	datadep: 
	instructions:
		 0: COPY TYPE_Nil def_%cl_1_152 
BB 27
	outgoing: 28 29 61 
	datadep: 
	instructions:
		 0: 
		 1: %self->flash def_%cl_1_153 %self[2.0,] 	 SYMBOL:	 ARGS:
		 2: %cl_1_153->each def_%cl_1_154 %cl_1_153[27.1,] %self[27.1,2.0,] 	 SYMBOL:	 ARGS:%cl_1_153,
CLOSURE BEGIN: %self[27.1,2.0,] msg[] 
BB 1
	outgoing: 6 2 
	datadep: 
	instructions:
BB 2
	outgoing: 3 
	datadep: 
	instructions:
		 0: def_%self 
		 1: def_%cl_7_0 
		 2: RECEIVEARG def_name 
		 3: RECEIVEARG def_msg 
		 4: COPY TYPE_CurrentScope def_%current_scope 
		 5: COPY TYPE_ScopeModule def_%current_module 
BB 3
	outgoing: 4 6 
	datadep: 
	instructions:
		 0: 
		 1: COPY TYPE_StringLiteral "flash-message" def_%cl_7_3 
		 2: HASH-class- def_%cl_7_4 %cl_7_3[3.1,] 
		 3: %self->content_tag def_%cl_7_5 %self[2.0,] %cl_7_4[3.2,] %self[2.0,] 	 SYMBOL:div,	 ARGS:Symbol,%cl_7_4,%self,
CLOSURE BEGIN: msg[2.3,] 
BB 1
	outgoing: 6 2 
	datadep: 
	instructions:
BB 2
	outgoing: 6 
	datadep: 
	instructions:
		 0: def_%self 
		 1: def_%cl_8_0 
		 2: COPY TYPE_CurrentScope def_%current_scope 
		 3: COPY TYPE_ScopeModule def_%current_module 
		 4: 
		 5: RETURN msg[] %self[2.0,] 
BB 6
	outgoing: 
	datadep: 
	instructions:
CLOSURE END: 
		 4: RETURN %cl_7_5[3.3,] %self[3.3,2.0,] 
BB 4
	outgoing: 6 
	datadep: 
	instructions:
		 0: def_%cl_7_6 
		 1: def_%cl_7_7 %cl_7_6[4.0,] 
		 2: RETURN %cl_7_7[4.1,] %self[2.0,] 
BB 6
	outgoing: 
	datadep: 
	instructions:
CLOSURE END: msg[2.3,] 
		 3: 
		 4: %self->content_for? def_%cl_1_155 %self[27.1,2.0,] 	 SYMBOL:before_main_content,	 ARGS:Symbol,
		 5: BRANCH %cl_1_155[27.4,] 
BB 28
	outgoing: 30 61 
	datadep: 
	instructions:
		 0: 
		 1: def_%cl_1_156 %cl_1_0[2.1,] 
		 2: 
BB 29
	outgoing: 30 
	datadep: 
	instructions:
		 0: COPY TYPE_Nil def_%cl_1_156 
BB 30
	outgoing: 31 32 61 
	datadep: 
	instructions:
		 0: 
		 1: %self->resource def_%cl_1_157 %self[2.0,] 	 SYMBOL:	 ARGS:
		 2: %self->resource_name def_%cl_1_158 %self[30.1,2.0,] 	 SYMBOL:	 ARGS:
		 3: %self->resource_name def_%cl_1_159 %self[30.1,30.2,2.0,] 	 SYMBOL:	 ARGS:
		 4: %self->password_path def_%cl_1_160 %self[30.1,30.2,30.3,2.0,] %cl_1_159[30.3,] 	 SYMBOL:	 ARGS:%cl_1_159,
		 5: HASH-method- def_%cl_1_161 
		 6: HASH-as-url-html- def_%cl_1_162 %cl_1_158[30.2,] %cl_1_160[30.4,] %cl_1_161[30.5,] 
		 7: %self->simple_form_for def_%cl_1_163 %self[30.1,30.2,30.3,30.4,2.0,] %cl_1_157[30.1,] %cl_1_162[30.6,] %self[30.1,30.2,30.3,30.4,2.0,] 	 SYMBOL:	 ARGS:%cl_1_157,%cl_1_162,%self,
CLOSURE BEGIN: f[] 
BB 1
	outgoing: 6 2 
	datadep: 
	instructions:
BB 2
	outgoing: 3 
	datadep: 
	instructions:
		 0: def_%self 
		 1: def_%cl_9_0 
		 2: RECEIVEARG def_f 
		 3: COPY TYPE_CurrentScope def_%current_scope 
		 4: COPY TYPE_ScopeModule def_%current_module 
BB 3
	outgoing: 4 6 
	datadep: 
	instructions:
		 0: 
		 1: f->error_notification def_%cl_9_3 f[2.2,] 	 SYMBOL:	 ARGS:
		 2: 
		 3: HASH-as- def_%cl_9_4 
		 4: f->input def_%cl_9_5 f[3.1,2.2,] %cl_9_4[3.3,] 	 SYMBOL:reset_password_token,	 ARGS:Symbol,%cl_9_4,
		 5: 
		 6: f->full_error def_%cl_9_6 f[3.1,3.4,2.2,] 	 SYMBOL:reset_password_token,	 ARGS:Symbol,
		 7: 
		 8: COPY TYPE_StringLiteral "New password" def_%cl_9_7 
		 9: HASH-label-required-autofocus- def_%cl_9_8 %cl_9_7[3.8,] 
		 10: f->input def_%cl_9_9 f[3.1,3.4,3.6,2.2,] %cl_9_8[3.9,] 	 SYMBOL:password,	 ARGS:Symbol,%cl_9_8,
		 11: 
		 12: COPY TYPE_StringLiteral "Confirm your new password" def_%cl_9_10 
		 13: HASH-label-required- def_%cl_9_11 %cl_9_10[3.12,] 
		 14: f->input def_%cl_9_12 f[3.1,3.4,3.6,3.10,2.2,] %cl_9_11[3.13,] 	 SYMBOL:password_confirmation,	 ARGS:Symbol,%cl_9_11,
		 15: 
		 16: COPY TYPE_StringLiteral "Change my password" def_%cl_9_13 
		 17: f->button def_%cl_9_14 f[3.1,3.4,3.6,3.10,3.14,2.2,] %cl_9_13[3.16,] 	 SYMBOL:submit,	 ARGS:Symbol,%cl_9_13,
		 18: RETURN %cl_9_14[3.17,] %self[2.0,] 
BB 4
	outgoing: 6 
	datadep: 
	instructions:
		 0: def_%cl_9_15 
		 1: def_%cl_9_16 %cl_9_15[4.0,] 
		 2: RETURN %cl_9_16[4.1,] %self[2.0,] 
BB 6
	outgoing: 
	datadep: 
	instructions:
CLOSURE END: 
		 8: 
		 9: %self->controller_name def_%cl_1_164 %self[30.1,30.2,30.3,30.4,30.7,2.0,] 	 SYMBOL:	 ARGS:
		 10: COPY TYPE_StringLiteral "sessions" def_%cl_1_165 
		 11: %cl_1_164->!= def_%cl_1_166 %cl_1_164[30.9,] %cl_1_165[30.10,] 	 SYMBOL:	 ARGS:%cl_1_165,
		 12: BRANCH %cl_1_166[30.11,] 
BB 31
	outgoing: 33 61 
	datadep: 
	instructions:
		 0: 
		 1: COPY TYPE_StringLiteral "Sign in" def_%cl_1_167 
		 2: %self->resource_name def_%cl_1_168 %self[2.0,] 	 SYMBOL:	 ARGS:
		 3: %self->new_session_path def_%cl_1_169 %self[31.2,2.0,] %cl_1_168[31.2,] 	 SYMBOL:	 ARGS:%cl_1_168,
		 4: %self->link_to def_%cl_1_170 %self[31.2,31.3,2.0,] %cl_1_167[31.1,] %cl_1_169[31.3,] 	 SYMBOL:	 ARGS:%cl_1_167,%cl_1_169,
		 5: 
BB 32
	outgoing: 33 
	datadep: 
	instructions:
		 0: COPY TYPE_Nil def_%cl_1_170 
BB 33
	outgoing: 34 35 61 
	datadep: 
	instructions:
		 0: 
		 1: %self->devise_mapping def_%cl_1_171 %self[2.0,] 	 SYMBOL:	 ARGS:
		 2: %cl_1_171->registerable? def_%cl_1_172 %cl_1_171[33.1,] 	 SYMBOL:	 ARGS:
		 3: BRANCH %cl_1_172[33.2,] 
BB 34
	outgoing: 35 61 
	datadep: 
	instructions:
		 0: %self->controller_name def_%cl_1_173 %self[2.0,] 	 SYMBOL:	 ARGS:
		 1: COPY TYPE_StringLiteral "registrations" def_%cl_1_174 
		 2: %cl_1_173->!= def_%cl_1_175 %cl_1_173[34.0,] %cl_1_174[34.1,] 	 SYMBOL:	 ARGS:%cl_1_174,
		 3: COPY TYPE_PASS def_%cl_1_172 %cl_1_175[34.2,] 
BB 35
	outgoing: 36 37 
	datadep: 
	instructions:
		 0: BRANCH %cl_1_172[34.3,33.2,] 
BB 36
	outgoing: 38 61 
	datadep: 
	instructions:
		 0: 
		 1: COPY TYPE_StringLiteral "Sign up" def_%cl_1_176 
		 2: %self->resource_name def_%cl_1_177 %self[2.0,] 	 SYMBOL:	 ARGS:
		 3: %self->new_registration_path def_%cl_1_178 %self[36.2,2.0,] %cl_1_177[36.2,] 	 SYMBOL:	 ARGS:%cl_1_177,
		 4: %self->link_to def_%cl_1_179 %self[36.2,36.3,2.0,] %cl_1_176[36.1,] %cl_1_178[36.3,] 	 SYMBOL:	 ARGS:%cl_1_176,%cl_1_178,
		 5: 
BB 37
	outgoing: 38 
	datadep: 
	instructions:
		 0: COPY TYPE_Nil def_%cl_1_179 
BB 38
	outgoing: 39 40 61 
	datadep: 
	instructions:
		 0: 
		 1: %self->devise_mapping def_%cl_1_180 %self[2.0,] 	 SYMBOL:	 ARGS:
		 2: %cl_1_180->recoverable? def_%cl_1_181 %cl_1_180[38.1,] 	 SYMBOL:	 ARGS:
		 3: BRANCH %cl_1_181[38.2,] 
BB 39
	outgoing: 40 61 
	datadep: 
	instructions:
		 0: %self->controller_name def_%cl_1_182 %self[2.0,] 	 SYMBOL:	 ARGS:
		 1: COPY TYPE_StringLiteral "passwords" def_%cl_1_183 
		 2: %cl_1_182->!= def_%cl_1_184 %cl_1_182[39.0,] %cl_1_183[39.1,] 	 SYMBOL:	 ARGS:%cl_1_183,
		 3: COPY TYPE_PASS def_%cl_1_181 %cl_1_184[39.2,] 
BB 40
	outgoing: 41 42 
	datadep: 
	instructions:
		 0: BRANCH %cl_1_181[39.3,38.2,] 
BB 41
	outgoing: 42 61 
	datadep: 
	instructions:
		 0: %self->controller_name def_%cl_1_185 %self[2.0,] 	 SYMBOL:	 ARGS:
		 1: COPY TYPE_StringLiteral "registrations" def_%cl_1_186 
		 2: %cl_1_185->!= def_%cl_1_187 %cl_1_185[41.0,] %cl_1_186[41.1,] 	 SYMBOL:	 ARGS:%cl_1_186,
		 3: COPY TYPE_PASS def_%cl_1_181 %cl_1_187[41.2,] 
BB 42
	outgoing: 43 44 
	datadep: 
	instructions:
		 0: BRANCH %cl_1_181[41.3,39.3,38.2,] 
BB 43
	outgoing: 45 61 
	datadep: 
	instructions:
		 0: 
		 1: COPY TYPE_StringLiteral "Forgot your password?" def_%cl_1_188 
		 2: %self->resource_name def_%cl_1_189 %self[2.0,] 	 SYMBOL:	 ARGS:
		 3: %self->new_password_path def_%cl_1_190 %self[43.2,2.0,] %cl_1_189[43.2,] 	 SYMBOL:	 ARGS:%cl_1_189,
		 4: %self->link_to def_%cl_1_191 %self[43.2,43.3,2.0,] %cl_1_188[43.1,] %cl_1_190[43.3,] 	 SYMBOL:	 ARGS:%cl_1_188,%cl_1_190,
		 5: 
BB 44
	outgoing: 45 
	datadep: 
	instructions:
		 0: COPY TYPE_Nil def_%cl_1_191 
BB 45
	outgoing: 46 47 61 
	datadep: 
	instructions:
		 0: 
		 1: %self->devise_mapping def_%cl_1_192 %self[2.0,] 	 SYMBOL:	 ARGS:
		 2: %cl_1_192->confirmable? def_%cl_1_193 %cl_1_192[45.1,] 	 SYMBOL:	 ARGS:
		 3: BRANCH %cl_1_193[45.2,] 
BB 46
	outgoing: 47 61 
	datadep: 
	instructions:
		 0: %self->controller_name def_%cl_1_194 %self[2.0,] 	 SYMBOL:	 ARGS:
		 1: COPY TYPE_StringLiteral "confirmations" def_%cl_1_195 
		 2: %cl_1_194->!= def_%cl_1_196 %cl_1_194[46.0,] %cl_1_195[46.1,] 	 SYMBOL:	 ARGS:%cl_1_195,
		 3: COPY TYPE_PASS def_%cl_1_193 %cl_1_196[46.2,] 
BB 47
	outgoing: 48 49 
	datadep: 
	instructions:
		 0: BRANCH %cl_1_193[46.3,45.2,] 
BB 48
	outgoing: 50 61 
	datadep: 
	instructions:
		 0: 
		 1: COPY TYPE_StringLiteral "Didn't receive confirmation instructions?" def_%cl_1_197 
		 2: %self->resource_name def_%cl_1_198 %self[2.0,] 	 SYMBOL:	 ARGS:
		 3: %self->new_confirmation_path def_%cl_1_199 %self[48.2,2.0,] %cl_1_198[48.2,] 	 SYMBOL:	 ARGS:%cl_1_198,
		 4: %self->link_to def_%cl_1_200 %self[48.2,48.3,2.0,] %cl_1_197[48.1,] %cl_1_199[48.3,] 	 SYMBOL:	 ARGS:%cl_1_197,%cl_1_199,
		 5: 
BB 49
	outgoing: 50 
	datadep: 
	instructions:
		 0: COPY TYPE_Nil def_%cl_1_200 
BB 50
	outgoing: 51 52 61 
	datadep: 
	instructions:
		 0: 
		 1: %self->devise_mapping def_%cl_1_201 %self[2.0,] 	 SYMBOL:	 ARGS:
		 2: %cl_1_201->lockable? def_%cl_1_202 %cl_1_201[50.1,] 	 SYMBOL:	 ARGS:
		 3: BRANCH %cl_1_202[50.2,] 
BB 51
	outgoing: 52 61 
	datadep: 
	instructions:
		 0: %self->resource_class def_%cl_1_203 %self[2.0,] 	 SYMBOL:	 ARGS:
		 1: %cl_1_203->unlock_strategy_enabled? def_%cl_1_204 %cl_1_203[51.0,] 	 SYMBOL:email,	 ARGS:Symbol,
		 2: COPY TYPE_PASS def_%cl_1_202 %cl_1_204[51.1,] 
BB 52
	outgoing: 53 54 
	datadep: 
	instructions:
		 0: BRANCH %cl_1_202[51.2,50.2,] 
BB 53
	outgoing: 54 61 
	datadep: 
	instructions:
		 0: %self->controller_name def_%cl_1_205 %self[2.0,] 	 SYMBOL:	 ARGS:
		 1: COPY TYPE_StringLiteral "unlocks" def_%cl_1_206 
		 2: %cl_1_205->!= def_%cl_1_207 %cl_1_205[53.0,] %cl_1_206[53.1,] 	 SYMBOL:	 ARGS:%cl_1_206,
		 3: COPY TYPE_PASS def_%cl_1_202 %cl_1_207[53.2,] 
BB 54
	outgoing: 55 56 
	datadep: 
	instructions:
		 0: BRANCH %cl_1_202[53.3,51.2,50.2,] 
BB 55
	outgoing: 57 61 
	datadep: 
	instructions:
		 0: 
		 1: COPY TYPE_StringLiteral "Didn't receive unlock instructions?" def_%cl_1_208 
		 2: %self->resource_name def_%cl_1_209 %self[2.0,] 	 SYMBOL:	 ARGS:
		 3: %self->new_unlock_path def_%cl_1_210 %self[55.2,2.0,] %cl_1_209[55.2,] 	 SYMBOL:	 ARGS:%cl_1_209,
		 4: %self->link_to def_%cl_1_211 %self[55.2,55.3,2.0,] %cl_1_208[55.1,] %cl_1_210[55.3,] 	 SYMBOL:	 ARGS:%cl_1_208,%cl_1_210,
		 5: 
BB 56
	outgoing: 57 
	datadep: 
	instructions:
		 0: COPY TYPE_Nil def_%cl_1_211 
BB 57
	outgoing: 58 59 61 
	datadep: 
	instructions:
		 0: 
		 1: %self->devise_mapping def_%cl_1_212 %self[2.0,] 	 SYMBOL:	 ARGS:
		 2: %cl_1_212->omniauthable? def_%cl_1_213 %cl_1_212[57.1,] 	 SYMBOL:	 ARGS:
		 3: BRANCH %cl_1_213[57.2,] 
BB 58
	outgoing: 60 61 
	datadep: 
	instructions:
		 0: 
		 1: %self->resource_class def_%cl_1_214 %self[2.0,] 	 SYMBOL:	 ARGS:
		 2: %cl_1_214->omniauth_providers def_%cl_1_215 %cl_1_214[58.1,] 	 SYMBOL:	 ARGS:
		 3: %cl_1_215->each def_%cl_1_216 %cl_1_215[58.2,] %self[58.1,2.0,] 	 SYMBOL:	 ARGS:%cl_1_215,
CLOSURE BEGIN: provider[] %self[58.1,2.0,] 
BB 1
	outgoing: 6 2 
	datadep: 
	instructions:
BB 2
	outgoing: 3 
	datadep: 
	instructions:
		 0: def_%self 
		 1: def_%cl_10_0 
		 2: RECEIVEARG def_provider 
		 3: COPY TYPE_CurrentScope def_%current_scope 
		 4: COPY TYPE_ScopeModule def_%current_module 
BB 3
	outgoing: 4 6 
	datadep: 
	instructions:
		 0: 
		 1: COPY TYPE_StringLiteral "Sign in with " def_%cl_10_3 
		 2: provider->to_s def_%cl_10_4 provider[2.2,] 	 SYMBOL:	 ARGS:
		 3: %cl_10_4->titleize def_%cl_10_5 %cl_10_4[3.2,] 	 SYMBOL:	 ARGS:
		 4: BUILDSTRING def_%cl_10_6 %cl_10_3[3.1,] %cl_10_5[3.3,] 
		 5: %self->resource_name def_%cl_10_7 %self[2.0,] 	 SYMBOL:	 ARGS:
		 6: %self->omniauth_authorize_path def_%cl_10_8 %self[3.5,2.0,] %cl_10_7[3.5,] provider[3.2,2.2,] 	 SYMBOL:	 ARGS:%cl_10_7,provider,
		 7: %self->link_to def_%cl_10_9 %self[3.5,3.6,2.0,] %cl_10_6[3.4,] %cl_10_8[3.6,] 	 SYMBOL:	 ARGS:%cl_10_6,%cl_10_8,
		 8: RETURN %cl_10_9[3.7,] %self[3.5,3.6,3.7,2.0,] 
BB 4
	outgoing: 6 
	datadep: 
	instructions:
		 0: def_%cl_10_10 
		 1: def_%cl_10_11 %cl_10_10[4.0,] 
		 2: RETURN %cl_10_11[4.1,] %self[2.0,] 
BB 6
	outgoing: 
	datadep: 
	instructions:
CLOSURE END: 
		 4: 
BB 59
	outgoing: 60 
	datadep: 
	instructions:
		 0: COPY TYPE_Nil def_%cl_1_216 
BB 60
	outgoing: 61 63 
	datadep: 
	instructions:
		 0: 
		 1: (Time) def_%cl_1_217 
		 2: %cl_1_217->now def_%cl_1_218 %cl_1_217[60.1,] 	 SYMBOL:	 ARGS:
		 3: %cl_1_218->year def_%cl_1_219 %cl_1_218[60.2,] 	 SYMBOL:	 ARGS:
		 4: 
		 5: COPY TYPE_StringLiteral "BrowserMedia" def_%cl_1_220 
		 6: COPY TYPE_StringLiteral "http://www.browsermedia.com" def_%cl_1_221 
		 7: %self->link_to def_%cl_1_222 %self[2.0,] %cl_1_220[60.5,] %cl_1_221[60.6,] 	 SYMBOL:	 ARGS:%cl_1_220,%cl_1_221,
		 8: 
		 9: COPY TYPE_StringLiteral "BrowserCMS" def_%cl_1_223 
		 10: COPY TYPE_StringLiteral "http://www.browsercms.org" def_%cl_1_224 
		 11: %self->link_to def_%cl_1_225 %self[60.7,2.0,] %cl_1_223[60.9,] %cl_1_224[60.10,] 	 SYMBOL:	 ARGS:%cl_1_223,%cl_1_224,
		 12: 
		 13: (Cms) def_%cl_1_226 
		 14: %cl_1_226->version def_%cl_1_227 %cl_1_226[60.13,] 	 SYMBOL:	 ARGS:
		 15: 
		 16: (Rails) def_%cl_1_228 
		 17: %cl_1_228->version def_%cl_1_229 %cl_1_228[60.16,] 	 SYMBOL:	 ARGS:
		 18: 
		 19: (Rails) def_%cl_1_230 
		 20: %cl_1_230->env def_%cl_1_231 %cl_1_230[60.19,] 	 SYMBOL:	 ARGS:
		 21: RETURN %cl_1_231[60.20,] %self[60.7,60.11,2.0,] 
BB 61
	outgoing: 63 
	datadep: 
	instructions:
		 0: def_%cl_1_232 
		 1: def_%cl_1_233 %cl_1_232[61.0,] 
		 2: RETURN %cl_1_233[61.1,] %self[2.0,] 
BB 63
	outgoing: 
	datadep: 
	instructions:
CLOSURE END: prefix[24.2,] modules[16.3,25.34,] 
		 3: COPY TYPE_PASS def_%v_30 %v_32[7.2,] 
BB 8
	outgoing: 12 
	datadep: 
	instructions:
		 0: RETURN %v_30[7.3,6.4,] %self[2.0,2.10,] 
BB 9
	outgoing: 12 
	datadep: 
	instructions:
		 0: RETURN %v_19[4.12,] %self[2.0,2.10,] 
BB 10
	outgoing: 12 
	datadep: 
	instructions:
		 0: def_%v_33 
		 1: def_%v_34 %v_33[10.0,] 
		 2: RETURN %v_34[10.1,] %self[2.0,2.10,] 
BB 12
	outgoing: 
	datadep: 
	instructions:

SET IRMethod, name = destroy instanceMethod = true
BB 1
	outgoing: 6 2 
	datadep: 
	instructions:
BB 2
	outgoing: 3 4 
	datadep: 
	instructions:
		 0: def_%self 
		 1: def_%v_0 
		 2: COPY TYPE_CurrentScope def_%current_scope 
		 3: COPY TYPE_ScopeModule def_%current_module 
		 4: 
		 5: 
		 6: %self->resource def_%v_3 %self[2.0,] 	 SYMBOL:	 ARGS:
		 7: %self->params def_%v_4 %self[2.0,2.6,] 	 SYMBOL:	 ARGS:
		 8: %v_4->[] def_%v_5 %v_4[2.7,] 	 SYMBOL:id,	 ARGS:Symbol,
		 9: %v_3->find def_%v_6 %v_3[2.6,] %v_5[2.8,] 	 SYMBOL:	 ARGS:%v_5,
		 10: ATTRASSIGN %self->object %v_6[2.9,] 
		 11: 
		 12: GETFIELD %self->object def_%v_7 %self[2.0,2.6,2.7,2.10,] 
		 13: %v_7->destroy def_%v_8 %v_7[2.12,] 	 SYMBOL:	 ARGS:
		 14: BRANCH %v_8[2.13,] 
BB 3
	outgoing: 5 
	datadep: 
	instructions:
		 0: 
		 1: %self->flash def_%v_9 %self[2.0,2.10,] 	 SYMBOL:	 ARGS:
		 2: %self->resource_name def_%v_10 %self[3.1,2.0,2.10,] 	 SYMBOL:	 ARGS:
		 3: %v_10->singularize def_%v_11 %v_10[3.2,] 	 SYMBOL:	 ARGS:
		 4: %v_11->titleize def_%v_12 %v_11[3.3,] 	 SYMBOL:	 ARGS:
		 5: COPY TYPE_StringLiteral " '" def_%v_13 
		 6: %self->object_name def_%v_14 %self[3.1,3.2,2.0,2.10,] 	 SYMBOL:	 ARGS:
		 7: COPY TYPE_StringLiteral "' was deleted" def_%v_15 
		 8: BUILDSTRING def_%v_16 %v_12[3.4,] %v_13[3.5,] %v_14[3.6,] %v_15[3.7,] 
		 9: ATTRASSIGN %v_9->[] %v_16[3.8,] 
		 10: 
BB 4
	outgoing: 5 
	datadep: 
	instructions:
		 0: COPY TYPE_Nil def_%v_16 
BB 5
	outgoing: 6 
	datadep: 
	instructions:
		 0: 
		 1: %self->index_url def_%v_17 %self[2.0,2.10,] 	 SYMBOL:	 ARGS:
		 2: %self->redirect_to def_%v_18 %self[5.1,2.0,2.10,] %v_17[5.1,] 	 SYMBOL:	 ARGS:%v_17,
		 3: RETURN %v_18[5.2,] %self[5.1,5.2,2.0,2.10,] 
BB 6
	outgoing: 
	datadep: 
	instructions:

SET IRMethod, name = resource_params instanceMethod = true
BB 1
	outgoing: 3 2 
	datadep: 
	instructions:
BB 2
	outgoing: 3 
	datadep: 
	instructions:
		 0: def_%self 
		 1: def_%v_0 
		 2: COPY TYPE_CurrentScope def_%current_scope 
		 3: COPY TYPE_ScopeModule def_%current_module 
		 4: 
		 5: 
		 6: %self->params def_%v_3 %self[2.0,] 	 SYMBOL:	 ARGS:
		 7: %self->variable_name def_%v_4 %self[2.0,2.6,] 	 SYMBOL:	 ARGS:
		 8: BUILDSTRING def_%v_5 %v_4[2.7,] 
		 9: %v_3->require def_%v_6 %v_3[2.6,] %v_5[2.8,] 	 SYMBOL:	 ARGS:%v_5,
		 10: %self->resource def_%v_7 %self[2.0,2.6,2.7,] 	 SYMBOL:	 ARGS:
		 11: %v_7->permitted_params def_%v_8 %v_7[2.10,] 	 SYMBOL:	 ARGS:
		 12: %v_6->permit def_%v_9 %v_6[2.9,] %v_8[2.11,] 	 SYMBOL:	 ARGS:%v_8,
		 13: RETURN %v_9[2.12,] %self[2.0,2.6,2.7,2.10,] 
BB 3
	outgoing: 
	datadep: 
	instructions:

SET IRMethod, name = resource_name instanceMethod = true
BB 1
	outgoing: 3 2 
	datadep: 
	instructions:
BB 2
	outgoing: 3 
	datadep: 
	instructions:
		 0: def_%self 
		 1: def_%v_0 
		 2: COPY TYPE_CurrentScope def_%current_scope 
		 3: COPY TYPE_ScopeModule def_%current_module 
		 4: 
		 5: 
		 6: %self->controller_name def_%v_3 %self[2.0,] 	 SYMBOL:	 ARGS:
		 7: RETURN %v_3[2.6,] %self[2.0,2.6,] 
BB 3
	outgoing: 
	datadep: 
	instructions:

SET IRMethod, name = variable_name instanceMethod = true
BB 1
	outgoing: 3 2 
	datadep: 
	instructions:
BB 2
	outgoing: 3 
	datadep: 
	instructions:
		 0: def_%self 
		 1: def_%v_0 
		 2: COPY TYPE_CurrentScope def_%current_scope 
		 3: COPY TYPE_ScopeModule def_%current_module 
		 4: 
		 5: 
		 6: %self->resource_name def_%v_3 %self[2.0,] 	 SYMBOL:	 ARGS:
		 7: %v_3->singularize def_%v_4 %v_3[2.6,] 	 SYMBOL:	 ARGS:
		 8: RETURN %v_4[2.7,] %self[2.0,2.6,] 
BB 3
	outgoing: 
	datadep: 
	instructions:

SET IRMethod, name = resource instanceMethod = true
BB 1
	outgoing: 12 2 
	datadep: 
	instructions:
BB 2
	outgoing: 4 
	datadep: 
	instructions:
		 0: def_%self 
		 1: def_%v_0 
		 2: COPY TYPE_CurrentScope def_%current_scope 
		 3: COPY TYPE_ScopeModule def_%current_module 
		 4: 
		 5: 
		 6: GLOBALVAR $! def_%v_3 
BB 4
	outgoing: 5 6 
	datadep: 
	instructions:
		 0: 
		 1: 
		 2: %self->resource_name def_%v_6 %self[2.0,] 	 SYMBOL:	 ARGS:
		 3: %v_6->classify def_%v_7 %v_6[4.2,] 	 SYMBOL:	 ARGS:
		 4: BUILDSTRING def_%v_8 %v_7[4.3,] 
		 5: %v_8->constantize def_%v_9 %v_8[4.4,] 	 SYMBOL:	 ARGS:
		 6: COPY TYPE_PASS def_%v_5 %v_9[4.5,] 
		 7: %v_3[2.6,] 
BB 5
	outgoing: 11 
	datadep: 
	instructions:
		 0: 
BB 6
	outgoing: 7 8 10 
	datadep: 
	instructions:
		 0: def_%v_10 
		 1: (NameError) def_%v_11 
		 2: def_%v_12 %v_11[6.1,] %v_10[6.0,] 
		 3: BRANCH %v_12[6.2,] 
BB 7
	outgoing: 10 12 
	datadep: 
	instructions:
		 0: %v_10[6.0,] 
BB 8
	outgoing: 9 10 
	datadep: 
	instructions:
		 0: 
		 1: %self->resource_name def_%v_13 %self[2.0,] 	 SYMBOL:	 ARGS:
		 2: %v_13->classify def_%v_14 %v_13[8.1,] 	 SYMBOL:	 ARGS:
		 3: %v_14->constantize def_%v_15 %v_14[8.2,] 	 SYMBOL:	 ARGS:
		 4: COPY TYPE_PASS def_%v_5 %v_15[8.3,] 
		 5: %v_3[2.6,] 
BB 9
	outgoing: 11 
	datadep: 
	instructions:
		 0: 
BB 10
	outgoing: 12 
	datadep: 
	instructions:
		 0: def_%v_16 
		 1: def_%v_17 %v_16[10.0,] %v_3[2.6,] 
		 2: %v_16[10.0,] 
BB 11
	outgoing: 12 
	datadep: 
	instructions:
		 0: RETURN %v_5[4.6,8.4,] %self[2.0,] 
BB 12
	outgoing: 
	datadep: 
	instructions:

SET IRMethod, name = build_object instanceMethod = true
BB 1
	outgoing: 5 2 
	datadep: 
	instructions:
BB 2
	outgoing: 3 4 
	datadep: 
	instructions:
		 0: def_%self 
		 1: def_%v_0 
		 2: COPY TYPE_CurrentScope def_%current_scope 
		 3: COPY TYPE_ScopeModule def_%current_module 
		 4: 
		 5: RECEIVECONSTARG def_params 
		 6: params[2.5,] 
BB 3
	outgoing: 4 
	datadep: 
	instructions:
		 0: HASH- def_%v_3 
		 1: COPY TYPE_PASS def_params %v_3[3.0,] 
BB 4
	outgoing: 5 
	datadep: 
	instructions:
		 0: 
		 1: %self->resource def_%v_4 %self[2.0,] 	 SYMBOL:	 ARGS:
		 2: %v_4->new def_%v_5 %v_4[4.1,] params[3.1,2.5,] 	 SYMBOL:	 ARGS:params,
		 3: RETURN %v_5[4.2,] %self[4.1,2.0,] 
BB 5
	outgoing: 
	datadep: 
	instructions:

SET IRMethod, name = object_name instanceMethod = true
BB 1
	outgoing: 9 2 
	datadep: 
	instructions:
BB 2
	outgoing: 3 4 
	datadep: 
	instructions:
		 0: def_%self 
		 1: def_%v_0 
		 2: COPY TYPE_CurrentScope def_%current_scope 
		 3: COPY TYPE_ScopeModule def_%current_module 
		 4: 
		 5: 
		 6: GETFIELD %self->object def_%v_3 %self[2.0,] 
		 7: BRANCH %v_3[2.6,] 
BB 3
	outgoing: 6 7 
	datadep: 
	instructions:
		 0: COPY TYPE_Nil def_%v_4 
		 1: GETFIELD %self->object def_%v_5 %self[2.0,] 
		 2: %v_5->respond_to? def_%v_6 %v_5[3.1,] 	 SYMBOL:name,	 ARGS:Symbol,
		 3: BRANCH %v_6[3.2,] 
BB 4
	outgoing: 9 
	datadep: 
	instructions:
		 0: RETURN %self[2.0,] 
BB 6
	outgoing: 9 
	datadep: 
	instructions:
		 0: GETFIELD %self->object def_%v_7 %self[2.0,] 
		 1: %v_7->name def_%v_8 %v_7[6.0,] 	 SYMBOL:	 ARGS:
		 2: RETURN %v_8[6.1,] %self[2.0,] 
BB 7
	outgoing: 9 
	datadep: 
	instructions:
		 0: GETFIELD %self->object def_%v_9 %self[2.0,] 
		 1: %v_9->to_s def_%v_10 %v_9[7.0,] 	 SYMBOL:	 ARGS:
		 2: RETURN %v_10[7.1,] %self[2.0,] 
BB 9
	outgoing: 
	datadep: 
	instructions:

SET IRMethod, name = index_url instanceMethod = true
BB 1
	outgoing: 3 2 
	datadep: 
	instructions:
BB 2
	outgoing: 3 
	datadep: 
	instructions:
		 0: def_%self 
		 1: def_%v_0 
		 2: COPY TYPE_CurrentScope def_%current_scope 
		 3: COPY TYPE_ScopeModule def_%current_module 
		 4: 
		 5: 
		 6: %self->resource def_%v_3 %self[2.0,] 	 SYMBOL:	 ARGS:
		 7: %self->engine_aware_path def_%v_4 %self[2.0,2.6,] %v_3[2.6,] 	 SYMBOL:	 ARGS:%v_3,
		 8: RETURN %v_4[2.7,] %self[2.0,2.6,2.7,] 
BB 3
	outgoing: 
	datadep: 
	instructions:

SET IRMethod, name = after_create_url instanceMethod = true
BB 1
	outgoing: 3 2 
	datadep: 
	instructions:
BB 2
	outgoing: 3 
	datadep: 
	instructions:
		 0: def_%self 
		 1: def_%v_0 
		 2: COPY TYPE_CurrentScope def_%current_scope 
		 3: COPY TYPE_ScopeModule def_%current_module 
		 4: 
		 5: 
		 6: %self->show_url def_%v_3 %self[2.0,] 	 SYMBOL:	 ARGS:
		 7: RETURN %v_3[2.6,] %self[2.0,2.6,] 
BB 3
	outgoing: 
	datadep: 
	instructions:

SET IRMethod, name = after_update_url instanceMethod = true
BB 1
	outgoing: 3 2 
	datadep: 
	instructions:
BB 2
	outgoing: 3 
	datadep: 
	instructions:
		 0: def_%self 
		 1: def_%v_0 
		 2: COPY TYPE_CurrentScope def_%current_scope 
		 3: COPY TYPE_ScopeModule def_%current_module 
		 4: 
		 5: 
		 6: %self->show_url def_%v_3 %self[2.0,] 	 SYMBOL:	 ARGS:
		 7: RETURN %v_3[2.6,] %self[2.0,2.6,] 
BB 3
	outgoing: 
	datadep: 
	instructions:

SET IRMethod, name = show_url instanceMethod = true
BB 1
	outgoing: 3 2 
	datadep: 
	instructions:
BB 2
	outgoing: 3 
	datadep: 
	instructions:
		 0: def_%self 
		 1: def_%v_0 
		 2: COPY TYPE_CurrentScope def_%current_scope 
		 3: COPY TYPE_ScopeModule def_%current_module 
		 4: 
		 5: 
		 6: GETFIELD %self->object def_%v_3 %self[2.0,] 
		 7: RETURN %v_3[2.6,] %self[2.0,] 
BB 3
	outgoing: 
	datadep: 
	instructions:

SET IRMethod, name = order_by_column instanceMethod = true
BB 1
	outgoing: 3 2 
	datadep: 
	instructions:
BB 2
	outgoing: 3 
	datadep: 
	instructions:
		 0: def_%self 
		 1: def_%v_0 
		 2: COPY TYPE_CurrentScope def_%current_scope 
		 3: COPY TYPE_ScopeModule def_%current_module 
		 4: 
		 5: 
		 6: COPY TYPE_StringLiteral "name" def_%v_3 
		 7: RETURN %v_3[2.6,] %self[2.0,] 
BB 3
	outgoing: 
	datadep: 
	instructions:

SET IRMethod, name = new_template instanceMethod = true
BB 1
	outgoing: 3 2 
	datadep: 
	instructions:
BB 2
	outgoing: 3 
	datadep: 
	instructions:
		 0: def_%self 
		 1: def_%v_0 
		 2: COPY TYPE_CurrentScope def_%current_scope 
		 3: COPY TYPE_ScopeModule def_%current_module 
		 4: 
		 5: 
		 6: COPY TYPE_StringLiteral "cms/blocks/new" def_%v_3 
		 7: RETURN %v_3[2.6,] %self[2.0,] 
BB 3
	outgoing: 
	datadep: 
	instructions:

SET IRMethod, name = edit_template instanceMethod = true
BB 1
	outgoing: 3 2 
	datadep: 
	instructions:
BB 2
	outgoing: 3 
	datadep: 
	instructions:
		 0: def_%self 
		 1: def_%v_0 
		 2: COPY TYPE_CurrentScope def_%current_scope 
		 3: COPY TYPE_ScopeModule def_%current_module 
		 4: 
		 5: 
		 6: COPY TYPE_StringLiteral "cms/blocks/edit" def_%v_3 
		 7: RETURN %v_3[2.6,] %self[2.0,] 
BB 3
	outgoing: 
	datadep: 
	instructions:

