SET IRMethod, name = resource
BB 1
	outgoing: 3 2 
	datadep: 
	instructions:
BB 2
	outgoing: 3 
	datadep: 
	instructions:
		 0: def_%self 
		 1: def_%v_0 
		 2: COPY TYPE_CurrentScope def_%current_scope 
		 3: COPY TYPE_ScopeModule def_%current_module 
		 4: 
		 5: 
		 6: GETFIELD %self->section def_%v_3 %self[2.0,] 
		 7: RETURN %v_3[2.6,] %self[2.0,] 
BB 3
	outgoing: 
	datadep: 
	instructions:

SET IRMethod, name = index
BB 1
	outgoing: 3 2 
	datadep: 
	instructions:
BB 2
	outgoing: 3 
	datadep: 
	instructions:
		 0: def_%self 
		 1: def_%v_0 
		 2: COPY TYPE_CurrentScope def_%current_scope 
		 3: COPY TYPE_ScopeModule def_%current_module 
		 4: 
		 5: 
		 6: %self->cms def_%v_3 %self[2.0,] 	 ARGS:
		 7: %v_3->sitemap_path def_%v_4 %v_3[2.6,] 	 ARGS:
		 8: %self->redirect_to def_%v_5 %self[2.0,2.6,] %v_4[2.7,] 	 ARGS:%v_4,
		 9: RETURN %v_5[2.8,] %self[2.0,2.6,2.8,] 
BB 3
	outgoing: 
	datadep: 
	instructions:

SET IRMethod, name = show
BB 1
	outgoing: 3 2 
	datadep: 
	instructions:
BB 2
	outgoing: 3 
	datadep: 
	instructions:
		 0: def_%self 
		 1: def_%v_0 
		 2: COPY TYPE_CurrentScope def_%current_scope 
		 3: COPY TYPE_ScopeModule def_%current_module 
		 4: 
		 5: 
		 6: %self->cms def_%v_3 %self[2.0,] 	 ARGS:
		 7: %v_3->sitemap_path def_%v_4 %v_3[2.6,] 	 ARGS:
		 8: %self->redirect_to def_%v_5 %self[2.0,2.6,] %v_4[2.7,] 	 ARGS:%v_4,
		 9: RETURN %v_5[2.8,] %self[2.0,2.6,2.8,] 
BB 3
	outgoing: 
	datadep: 
	instructions:

SET IRMethod, name = new
BB 1
	outgoing: 3 2 
	datadep: 
	instructions:
BB 2
	outgoing: 3 
	datadep: 
	instructions:
		 0: def_%self 
		 1: def_%v_0 
		 2: COPY TYPE_CurrentScope def_%current_scope 
		 3: COPY TYPE_ScopeModule def_%current_module 
		 4: 
		 5: 
		 6: GETFIELD %self->parent def_%v_3 %self[2.0,] 
		 7: %v_3->build_section def_%v_4 %v_3[2.6,] 	 ARGS:
		 8: ATTRASSIGN %self->section %v_4[2.7,] 
		 9: 
		 10: GETFIELD %self->section def_%v_5 %self[2.0,2.8,] 
		 11: GETFIELD %self->parent def_%v_6 %self[2.0,] 
		 12: %v_6->groups def_%v_7 %v_6[2.11,] 	 ARGS:
		 13: ATTRASSIGN %v_5->groups %v_7[2.12,] 
		 14: 
		 15: %self->ruby_code_from_view def_%v_8 %self[2.0,2.8,] 	 ARGS:
		 16: %v_8->ruby_code_from_view def_%v_9 %v_8[2.15,] %self[2.0,2.8,2.15,] 	 ARGS:%v_8,
CLOSURE BEGIN: %self[2.0,2.8,2.15,] 
BB 1
	outgoing: 6 2 
	datadep: 
	instructions:
BB 2
	outgoing: 3 
	datadep: 
	instructions:
		 0: def_%self 
		 1: def_%cl_1_0 
		 2: RECEIVEARG def_rb_from_view 
		 3: COPY TYPE_CurrentScope def_%current_scope 
		 4: COPY TYPE_ScopeModule def_%current_module 
BB 3
	outgoing: 4 6 
	datadep: 
	instructions:
		 0: 
		 1: COPY TYPE_StringLiteral def_%cl_1_3 
		 2: %self->use_page_title def_%cl_1_4 %self[2.0,] %cl_1_3[3.1,] 	 ARGS:%cl_1_3,
		 3: 
		 4: GETFIELD %self->section def_%cl_1_5 %self[3.2,2.0,] 
		 5: COPY TYPE_StringLiteral def_%cl_1_6 
		 6: HASH-id- def_%cl_1_7 %cl_1_6[3.5,] 
		 7: %self->simple_form_for def_%cl_1_8 %self[3.2,2.0,] %cl_1_5[3.4,] %cl_1_7[3.6,] %self[3.2,2.0,] 	 ARGS:%cl_1_5,%cl_1_7,%self,
CLOSURE BEGIN: %self[3.2,2.0,] f[] 
BB 1
	outgoing: 12 2 
	datadep: 
	instructions:
BB 2
	outgoing: 3 
	datadep: 
	instructions:
		 0: def_%self 
		 1: def_%cl_2_0 
		 2: RECEIVEARG def_f 
		 3: COPY TYPE_CurrentScope def_%current_scope 
		 4: COPY TYPE_ScopeModule def_%current_module 
BB 3
	outgoing: 4 5 10 
	datadep: 
	instructions:
		 0: 
		 1: GETFIELD %self->parent def_%cl_2_3 %self[2.0,] 
		 2: %cl_2_3->id def_%cl_2_4 %cl_2_3[3.1,] 	 ARGS:
		 3: %self->hidden_field_tag def_%cl_2_5 %self[2.0,] %cl_2_4[3.2,] 	 ARGS:Symbol,%cl_2_4,
		 4: 
		 5: %self->page_title_with_buttons def_%cl_2_6 %self[3.3,2.0,] f[2.2,] 	 ARGS:f,
		 6: 
		 7: f->object def_%cl_2_7 f[2.2,] 	 ARGS:
		 8: %cl_2_7->new_record? def_%cl_2_8 %cl_2_7[3.7,] 	 ARGS:
		 9: %self->slug_source_if def_%cl_2_9 %self[3.3,3.5,2.0,] %cl_2_8[3.8,] 	 ARGS:%cl_2_8,
		 10: f->input def_%cl_2_10 f[3.7,2.2,] %cl_2_9[3.9,] 	 ARGS:Symbol,%cl_2_9,
		 11: 
		 12: %self->parent def_%cl_2_11 %self[3.3,3.5,3.9,2.0,] 	 ARGS:
		 13: BRANCH %cl_2_11[3.12,] 
BB 4
	outgoing: 6 10 
	datadep: 
	instructions:
		 0: COPY TYPE_StringLiteral def_%cl_2_12 
		 1: %self->parent def_%cl_2_13 %self[2.0,] 	 ARGS:
		 2: %cl_2_13->path def_%cl_2_14 %cl_2_13[4.1,] 	 ARGS:
		 3: HASH-prefix- def_%cl_2_15 %cl_2_14[4.2,] 
		 4: HASH-class-data- def_%cl_2_16 %cl_2_12[4.0,] %cl_2_15[4.3,] 
		 5: HASH-input_html- def_%cl_2_17 %cl_2_16[4.4,] 
		 6: f->input def_%cl_2_18 f[2.2,] %cl_2_17[4.5,] 	 ARGS:Symbol,%cl_2_17,
		 7: 
BB 5
	outgoing: 6 
	datadep: 
	instructions:
		 0: COPY TYPE_Nil def_%cl_2_18 
BB 6
	outgoing: 7 8 10 
	datadep: 
	instructions:
		 0: 
		 1: %self->parent def_%cl_2_19 %self[2.0,] 	 ARGS:
		 2: BRANCH %cl_2_19[6.1,] 
BB 7
	outgoing: 9 10 
	datadep: 
	instructions:
		 0: COPY TYPE_StringLiteral def_%cl_2_20 
		 1: HASH-label- def_%cl_2_21 %cl_2_20[7.0,] 
		 2: f->input def_%cl_2_22 f[2.2,] %cl_2_21[7.1,] 	 ARGS:Symbol,%cl_2_21,
		 3: 
BB 8
	outgoing: 9 
	datadep: 
	instructions:
		 0: COPY TYPE_Nil def_%cl_2_22 
BB 9
	outgoing: 10 12 
	datadep: 
	instructions:
		 0: 
		 1: %self->able_to? def_%cl_2_23 %self[2.0,] %self[2.0,] 	 ARGS:Symbol,%self,
CLOSURE BEGIN: %self[2.0,] f[2.2,] 
BB 1
	outgoing: 6 2 
	datadep: 
	instructions:
BB 2
	outgoing: 3 
	datadep: 
	instructions:
		 0: def_%self 
		 1: def_%cl_3_0 
		 2: COPY TYPE_CurrentScope def_%current_scope 
		 3: COPY TYPE_ScopeModule def_%current_module 
BB 3
	outgoing: 4 6 
	datadep: 
	instructions:
		 0: 
		 1: %self->public_groups def_%cl_3_3 %self[2.0,] 	 ARGS:
		 2: COPY TYPE_StringLiteral def_%cl_3_4 
		 3: COPY TYPE_StringLiteral def_%cl_3_5 
		 4: HASH-class- def_%cl_3_6 %cl_3_5[3.3,] 
		 5: COPY TYPE_StringLiteral def_%cl_3_7 
		 6: HASH-collection-as-label-input_html-hint- def_%cl_3_8 %cl_3_3[3.1,] %cl_3_4[3.2,] %cl_3_6[3.4,] %cl_3_7[3.5,] 
		 7: f->association def_%cl_3_9 f[] %cl_3_8[3.6,] 	 ARGS:Symbol,%cl_3_8,
		 8: 
		 9: COPY TYPE_StringLiteral def_%cl_3_10 
		 10: %self->check_uncheck_tag def_%cl_3_11 %self[3.1,2.0,] %cl_3_10[3.9,] 	 ARGS:%cl_3_10,
		 11: 
		 12: %self->cms_groups def_%cl_3_12 %self[3.1,3.10,2.0,] 	 ARGS:
		 13: COPY TYPE_StringLiteral def_%cl_3_13 
		 14: COPY TYPE_StringLiteral def_%cl_3_14 
		 15: HASH-class- def_%cl_3_15 %cl_3_14[3.14,] 
		 16: COPY TYPE_StringLiteral def_%cl_3_16 
		 17: HASH-collection-as-label-input_html-hint- def_%cl_3_17 %cl_3_12[3.12,] %cl_3_13[3.13,] %cl_3_15[3.15,] %cl_3_16[3.16,] 
		 18: f->association def_%cl_3_18 f[3.7,] %cl_3_17[3.17,] 	 ARGS:Symbol,%cl_3_17,
		 19: 
		 20: COPY TYPE_StringLiteral def_%cl_3_19 
		 21: %self->check_uncheck_tag def_%cl_3_20 %self[3.1,3.10,3.12,2.0,] %cl_3_19[3.20,] 	 ARGS:%cl_3_19,
		 22: RETURN %cl_3_20[3.21,] %self[3.1,3.10,3.12,3.21,2.0,] 
BB 4
	outgoing: 6 
	datadep: 
	instructions:
		 0: def_%cl_3_21 
		 1: def_%cl_3_22 %cl_3_21[4.0,] 
		 2: RETURN %cl_3_22[4.1,] %self[2.0,] 
BB 6
	outgoing: 
	datadep: 
	instructions:
CLOSURE END
		 2: 
		 3: %self->bottom_buttons def_%cl_2_24 %self[9.1,2.0,] f[2.2,] 	 ARGS:f,
		 4: RETURN %cl_2_24[9.3,] %self[9.1,9.3,2.0,] 
BB 10
	outgoing: 12 
	datadep: 
	instructions:
		 0: def_%cl_2_25 
		 1: def_%cl_2_26 %cl_2_25[10.0,] 
		 2: RETURN %cl_2_26[10.1,] %self[2.0,] 
BB 12
	outgoing: 
	datadep: 
	instructions:
CLOSURE END
		 8: RETURN %cl_1_8[3.7,] %self[3.2,3.7,2.0,] 
BB 4
	outgoing: 6 
	datadep: 
	instructions:
		 0: def_%cl_1_9 
		 1: def_%cl_1_10 %cl_1_9[4.0,] 
		 2: RETURN %cl_1_10[4.1,] %self[2.0,] 
BB 6
	outgoing: 
	datadep: 
	instructions:
CLOSURE END
		 17: RETURN %v_9[2.16,] %self[2.0,2.8,2.15,] 
BB 3
	outgoing: 
	datadep: 
	instructions:

SET IRMethod, name = create
BB 1
	outgoing: 9 2 
	datadep: 
	instructions:
BB 2
	outgoing: 3 4 
	datadep: 
	instructions:
		 0: def_%self 
		 1: def_%v_0 
		 2: COPY TYPE_CurrentScope def_%current_scope 
		 3: COPY TYPE_ScopeModule def_%current_module 
		 4: 
		 5: 
		 6: (Section) def_%v_3 
		 7: %self->section_params def_%v_4 %self[2.0,] 	 ARGS:
		 8: %v_3->new def_%v_5 %v_3[2.6,] %v_4[2.7,] 	 ARGS:%v_4,
		 9: ATTRASSIGN %self->section %v_5[2.8,] 
		 10: 
		 11: GETFIELD %self->section def_%v_6 %self[2.0,2.7,2.9,] 
		 12: GETFIELD %self->parent def_%v_7 %self[2.0,2.7,] 
		 13: ATTRASSIGN %v_6->parent %v_7[2.12,] 
		 14: 
		 15: %self->current_user def_%v_8 %self[2.0,2.7,2.9,] 	 ARGS:
		 16: %v_8->able_to? def_%v_9 %v_8[2.15,] 	 ARGS:Symbol,
		 17: BRANCH %v_9[2.16,] 
BB 3
	outgoing: 5 
	datadep: 
	instructions:
		 0: COPY TYPE_Nil def_%v_10 
		 1: 
BB 4
	outgoing: 5 
	datadep: 
	instructions:
		 0: GETFIELD %self->section def_%v_11 %self[2.0,2.9,] 
		 1: GETFIELD %self->section def_%v_12 %self[2.0,2.9,] 
		 2: %v_12->parent def_%v_13 %v_12[4.1,] 	 ARGS:
		 3: %v_13->groups def_%v_14 %v_13[4.2,] 	 ARGS:
		 4: ATTRASSIGN %v_11->groups %v_14[4.3,] 
		 5: COPY TYPE_PASS def_%v_10 %v_14[4.3,] 
BB 5
	outgoing: 6 7 
	datadep: 
	instructions:
		 0: 
		 1: GETFIELD %self->section def_%v_15 %self[2.0,2.9,] 
		 2: %v_15->save def_%v_16 %v_15[5.1,] 	 ARGS:
		 3: BRANCH %v_16[5.2,] 
BB 6
	outgoing: 9 
	datadep: 
	instructions:
		 0: 
		 1: %self->flash def_%v_17 %self[2.0,2.9,] 	 ARGS:
		 2: COPY TYPE_StringLiteral def_%v_18 
		 3: GETFIELD %self->section def_%v_19 %self[6.1,2.0,2.9,] 
		 4: %v_19->name def_%v_20 %v_19[6.3,] 	 ARGS:
		 5: COPY TYPE_StringLiteral def_%v_21 
		 6: BUILDSTRING def_%v_22 %v_18[6.2,] %v_20[6.4,] %v_21[6.5,] 
		 7: ATTRASSIGN %v_17->[] %v_22[6.6,] 
		 8: 
		 9: GETFIELD %self->section def_%v_23 %self[6.1,2.0,2.9,] 
		 10: %self->redirect_to def_%v_24 %self[6.1,2.0,2.9,] %v_23[6.9,] 	 ARGS:%v_23,
		 11: RETURN %v_24[6.10,] %self[6.1,6.10,2.0,2.9,] 
BB 7
	outgoing: 9 
	datadep: 
	instructions:
		 0: 
		 1: %self->ruby_code_from_view def_%v_25 %self[2.0,2.9,] 	 ARGS:
		 2: %v_25->ruby_code_from_view def_%v_26 %v_25[7.1,] %self[7.1,2.0,2.9,] 	 ARGS:%v_25,
CLOSURE BEGIN: %self[7.1,2.0,2.9,] 
BB 1
	outgoing: 6 2 
	datadep: 
	instructions:
BB 2
	outgoing: 3 
	datadep: 
	instructions:
		 0: def_%self 
		 1: def_%cl_1_0 
		 2: RECEIVEARG def_rb_from_view 
		 3: COPY TYPE_CurrentScope def_%current_scope 
		 4: COPY TYPE_ScopeModule def_%current_module 
BB 3
	outgoing: 4 6 
	datadep: 
	instructions:
		 0: 
		 1: COPY TYPE_StringLiteral def_%cl_1_3 
		 2: %self->use_page_title def_%cl_1_4 %self[2.0,] %cl_1_3[3.1,] 	 ARGS:%cl_1_3,
		 3: 
		 4: GETFIELD %self->section def_%cl_1_5 %self[3.2,2.0,] 
		 5: COPY TYPE_StringLiteral def_%cl_1_6 
		 6: HASH-id- def_%cl_1_7 %cl_1_6[3.5,] 
		 7: %self->simple_form_for def_%cl_1_8 %self[3.2,2.0,] %cl_1_5[3.4,] %cl_1_7[3.6,] %self[3.2,2.0,] 	 ARGS:%cl_1_5,%cl_1_7,%self,
CLOSURE BEGIN: %self[3.2,2.0,] f[] 
BB 1
	outgoing: 12 2 
	datadep: 
	instructions:
BB 2
	outgoing: 3 
	datadep: 
	instructions:
		 0: def_%self 
		 1: def_%cl_2_0 
		 2: RECEIVEARG def_f 
		 3: COPY TYPE_CurrentScope def_%current_scope 
		 4: COPY TYPE_ScopeModule def_%current_module 
BB 3
	outgoing: 4 5 10 
	datadep: 
	instructions:
		 0: 
		 1: GETFIELD %self->parent def_%cl_2_3 %self[2.0,] 
		 2: %cl_2_3->id def_%cl_2_4 %cl_2_3[3.1,] 	 ARGS:
		 3: %self->hidden_field_tag def_%cl_2_5 %self[2.0,] %cl_2_4[3.2,] 	 ARGS:Symbol,%cl_2_4,
		 4: 
		 5: %self->page_title_with_buttons def_%cl_2_6 %self[3.3,2.0,] f[2.2,] 	 ARGS:f,
		 6: 
		 7: f->object def_%cl_2_7 f[2.2,] 	 ARGS:
		 8: %cl_2_7->new_record? def_%cl_2_8 %cl_2_7[3.7,] 	 ARGS:
		 9: %self->slug_source_if def_%cl_2_9 %self[3.3,3.5,2.0,] %cl_2_8[3.8,] 	 ARGS:%cl_2_8,
		 10: f->input def_%cl_2_10 f[3.7,2.2,] %cl_2_9[3.9,] 	 ARGS:Symbol,%cl_2_9,
		 11: 
		 12: %self->parent def_%cl_2_11 %self[3.3,3.5,3.9,2.0,] 	 ARGS:
		 13: BRANCH %cl_2_11[3.12,] 
BB 4
	outgoing: 6 10 
	datadep: 
	instructions:
		 0: COPY TYPE_StringLiteral def_%cl_2_12 
		 1: %self->parent def_%cl_2_13 %self[2.0,] 	 ARGS:
		 2: %cl_2_13->path def_%cl_2_14 %cl_2_13[4.1,] 	 ARGS:
		 3: HASH-prefix- def_%cl_2_15 %cl_2_14[4.2,] 
		 4: HASH-class-data- def_%cl_2_16 %cl_2_12[4.0,] %cl_2_15[4.3,] 
		 5: HASH-input_html- def_%cl_2_17 %cl_2_16[4.4,] 
		 6: f->input def_%cl_2_18 f[2.2,] %cl_2_17[4.5,] 	 ARGS:Symbol,%cl_2_17,
		 7: 
BB 5
	outgoing: 6 
	datadep: 
	instructions:
		 0: COPY TYPE_Nil def_%cl_2_18 
BB 6
	outgoing: 7 8 10 
	datadep: 
	instructions:
		 0: 
		 1: %self->parent def_%cl_2_19 %self[2.0,] 	 ARGS:
		 2: BRANCH %cl_2_19[6.1,] 
BB 7
	outgoing: 9 10 
	datadep: 
	instructions:
		 0: COPY TYPE_StringLiteral def_%cl_2_20 
		 1: HASH-label- def_%cl_2_21 %cl_2_20[7.0,] 
		 2: f->input def_%cl_2_22 f[2.2,] %cl_2_21[7.1,] 	 ARGS:Symbol,%cl_2_21,
		 3: 
BB 8
	outgoing: 9 
	datadep: 
	instructions:
		 0: COPY TYPE_Nil def_%cl_2_22 
BB 9
	outgoing: 10 12 
	datadep: 
	instructions:
		 0: 
		 1: %self->able_to? def_%cl_2_23 %self[2.0,] %self[2.0,] 	 ARGS:Symbol,%self,
CLOSURE BEGIN: %self[2.0,] f[2.2,] 
BB 1
	outgoing: 6 2 
	datadep: 
	instructions:
BB 2
	outgoing: 3 
	datadep: 
	instructions:
		 0: def_%self 
		 1: def_%cl_3_0 
		 2: COPY TYPE_CurrentScope def_%current_scope 
		 3: COPY TYPE_ScopeModule def_%current_module 
BB 3
	outgoing: 4 6 
	datadep: 
	instructions:
		 0: 
		 1: %self->public_groups def_%cl_3_3 %self[2.0,] 	 ARGS:
		 2: COPY TYPE_StringLiteral def_%cl_3_4 
		 3: COPY TYPE_StringLiteral def_%cl_3_5 
		 4: HASH-class- def_%cl_3_6 %cl_3_5[3.3,] 
		 5: COPY TYPE_StringLiteral def_%cl_3_7 
		 6: HASH-collection-as-label-input_html-hint- def_%cl_3_8 %cl_3_3[3.1,] %cl_3_4[3.2,] %cl_3_6[3.4,] %cl_3_7[3.5,] 
		 7: f->association def_%cl_3_9 f[] %cl_3_8[3.6,] 	 ARGS:Symbol,%cl_3_8,
		 8: 
		 9: COPY TYPE_StringLiteral def_%cl_3_10 
		 10: %self->check_uncheck_tag def_%cl_3_11 %self[3.1,2.0,] %cl_3_10[3.9,] 	 ARGS:%cl_3_10,
		 11: 
		 12: %self->cms_groups def_%cl_3_12 %self[3.1,3.10,2.0,] 	 ARGS:
		 13: COPY TYPE_StringLiteral def_%cl_3_13 
		 14: COPY TYPE_StringLiteral def_%cl_3_14 
		 15: HASH-class- def_%cl_3_15 %cl_3_14[3.14,] 
		 16: COPY TYPE_StringLiteral def_%cl_3_16 
		 17: HASH-collection-as-label-input_html-hint- def_%cl_3_17 %cl_3_12[3.12,] %cl_3_13[3.13,] %cl_3_15[3.15,] %cl_3_16[3.16,] 
		 18: f->association def_%cl_3_18 f[3.7,] %cl_3_17[3.17,] 	 ARGS:Symbol,%cl_3_17,
		 19: 
		 20: COPY TYPE_StringLiteral def_%cl_3_19 
		 21: %self->check_uncheck_tag def_%cl_3_20 %self[3.1,3.10,3.12,2.0,] %cl_3_19[3.20,] 	 ARGS:%cl_3_19,
		 22: RETURN %cl_3_20[3.21,] %self[3.1,3.10,3.12,3.21,2.0,] 
BB 4
	outgoing: 6 
	datadep: 
	instructions:
		 0: def_%cl_3_21 
		 1: def_%cl_3_22 %cl_3_21[4.0,] 
		 2: RETURN %cl_3_22[4.1,] %self[2.0,] 
BB 6
	outgoing: 
	datadep: 
	instructions:
CLOSURE END
		 2: 
		 3: %self->bottom_buttons def_%cl_2_24 %self[9.1,2.0,] f[2.2,] 	 ARGS:f,
		 4: RETURN %cl_2_24[9.3,] %self[9.1,9.3,2.0,] 
BB 10
	outgoing: 12 
	datadep: 
	instructions:
		 0: def_%cl_2_25 
		 1: def_%cl_2_26 %cl_2_25[10.0,] 
		 2: RETURN %cl_2_26[10.1,] %self[2.0,] 
BB 12
	outgoing: 
	datadep: 
	instructions:
CLOSURE END
		 8: RETURN %cl_1_8[3.7,] %self[3.2,3.7,2.0,] 
BB 4
	outgoing: 6 
	datadep: 
	instructions:
		 0: def_%cl_1_9 
		 1: def_%cl_1_10 %cl_1_9[4.0,] 
		 2: RETURN %cl_1_10[4.1,] %self[2.0,] 
BB 6
	outgoing: 
	datadep: 
	instructions:
CLOSURE END
		 3: RETURN %v_26[7.2,] %self[7.1,2.0,2.9,] 
BB 9
	outgoing: 
	datadep: 
	instructions:

SET IRMethod, name = edit
BB 1
	outgoing: 3 2 
	datadep: 
	instructions:
BB 2
	outgoing: 3 
	datadep: 
	instructions:
		 0: def_%self 
		 1: def_%v_0 
		 2: COPY TYPE_CurrentScope def_%current_scope 
		 3: COPY TYPE_ScopeModule def_%current_module 
		 4: 
		 5: 
		 6: %self->ruby_code_from_view def_%v_3 %self[2.0,] 	 ARGS:
		 7: %v_3->ruby_code_from_view def_%v_4 %v_3[2.6,] %self[2.0,2.6,] 	 ARGS:%v_3,
CLOSURE BEGIN: %self[2.0,2.6,] 
BB 1
	outgoing: 6 2 
	datadep: 
	instructions:
BB 2
	outgoing: 3 
	datadep: 
	instructions:
		 0: def_%self 
		 1: def_%cl_1_0 
		 2: RECEIVEARG def_rb_from_view 
		 3: COPY TYPE_CurrentScope def_%current_scope 
		 4: COPY TYPE_ScopeModule def_%current_module 
BB 3
	outgoing: 4 6 
	datadep: 
	instructions:
		 0: 
		 1: COPY TYPE_StringLiteral def_%cl_1_3 
		 2: %self->use_page_title def_%cl_1_4 %self[2.0,] %cl_1_3[3.1,] 	 ARGS:%cl_1_3,
		 3: 
		 4: GETFIELD %self->section def_%cl_1_5 %self[3.2,2.0,] 
		 5: %self->simple_form_for def_%cl_1_6 %self[3.2,2.0,] %cl_1_5[3.4,] %self[3.2,2.0,] 	 ARGS:%cl_1_5,%self,
CLOSURE BEGIN: %self[3.2,2.0,] f[] 
BB 1
	outgoing: 12 2 
	datadep: 
	instructions:
BB 2
	outgoing: 3 
	datadep: 
	instructions:
		 0: def_%self 
		 1: def_%cl_2_0 
		 2: RECEIVEARG def_f 
		 3: COPY TYPE_CurrentScope def_%current_scope 
		 4: COPY TYPE_ScopeModule def_%current_module 
BB 3
	outgoing: 4 5 10 
	datadep: 
	instructions:
		 0: 
		 1: %self->page_title_with_buttons def_%cl_2_3 %self[2.0,] f[2.2,] 	 ARGS:f,
		 2: 
		 3: f->object def_%cl_2_4 f[2.2,] 	 ARGS:
		 4: %cl_2_4->new_record? def_%cl_2_5 %cl_2_4[3.3,] 	 ARGS:
		 5: %self->slug_source_if def_%cl_2_6 %self[3.1,2.0,] %cl_2_5[3.4,] 	 ARGS:%cl_2_5,
		 6: f->input def_%cl_2_7 f[3.3,2.2,] %cl_2_6[3.5,] 	 ARGS:Symbol,%cl_2_6,
		 7: 
		 8: %self->parent def_%cl_2_8 %self[3.1,3.5,2.0,] 	 ARGS:
		 9: BRANCH %cl_2_8[3.8,] 
BB 4
	outgoing: 6 10 
	datadep: 
	instructions:
		 0: COPY TYPE_StringLiteral def_%cl_2_9 
		 1: %self->parent def_%cl_2_10 %self[2.0,] 	 ARGS:
		 2: %cl_2_10->path def_%cl_2_11 %cl_2_10[4.1,] 	 ARGS:
		 3: HASH-prefix- def_%cl_2_12 %cl_2_11[4.2,] 
		 4: HASH-class-data- def_%cl_2_13 %cl_2_9[4.0,] %cl_2_12[4.3,] 
		 5: HASH-input_html- def_%cl_2_14 %cl_2_13[4.4,] 
		 6: f->input def_%cl_2_15 f[2.2,] %cl_2_14[4.5,] 	 ARGS:Symbol,%cl_2_14,
		 7: 
BB 5
	outgoing: 6 
	datadep: 
	instructions:
		 0: COPY TYPE_Nil def_%cl_2_15 
BB 6
	outgoing: 7 8 10 
	datadep: 
	instructions:
		 0: 
		 1: %self->parent def_%cl_2_16 %self[2.0,] 	 ARGS:
		 2: BRANCH %cl_2_16[6.1,] 
BB 7
	outgoing: 9 10 
	datadep: 
	instructions:
		 0: COPY TYPE_StringLiteral def_%cl_2_17 
		 1: HASH-label- def_%cl_2_18 %cl_2_17[7.0,] 
		 2: f->input def_%cl_2_19 f[2.2,] %cl_2_18[7.1,] 	 ARGS:Symbol,%cl_2_18,
		 3: 
BB 8
	outgoing: 9 
	datadep: 
	instructions:
		 0: COPY TYPE_Nil def_%cl_2_19 
BB 9
	outgoing: 10 12 
	datadep: 
	instructions:
		 0: 
		 1: %self->able_to? def_%cl_2_20 %self[2.0,] %self[2.0,] 	 ARGS:Symbol,%self,
CLOSURE BEGIN: %self[2.0,] f[2.2,] 
BB 1
	outgoing: 6 2 
	datadep: 
	instructions:
BB 2
	outgoing: 3 
	datadep: 
	instructions:
		 0: def_%self 
		 1: def_%cl_3_0 
		 2: COPY TYPE_CurrentScope def_%current_scope 
		 3: COPY TYPE_ScopeModule def_%current_module 
BB 3
	outgoing: 4 6 
	datadep: 
	instructions:
		 0: 
		 1: %self->public_groups def_%cl_3_3 %self[2.0,] 	 ARGS:
		 2: COPY TYPE_StringLiteral def_%cl_3_4 
		 3: COPY TYPE_StringLiteral def_%cl_3_5 
		 4: HASH-class- def_%cl_3_6 %cl_3_5[3.3,] 
		 5: COPY TYPE_StringLiteral def_%cl_3_7 
		 6: HASH-collection-as-label-input_html-hint- def_%cl_3_8 %cl_3_3[3.1,] %cl_3_4[3.2,] %cl_3_6[3.4,] %cl_3_7[3.5,] 
		 7: f->association def_%cl_3_9 f[] %cl_3_8[3.6,] 	 ARGS:Symbol,%cl_3_8,
		 8: 
		 9: COPY TYPE_StringLiteral def_%cl_3_10 
		 10: %self->check_uncheck_tag def_%cl_3_11 %self[3.1,2.0,] %cl_3_10[3.9,] 	 ARGS:%cl_3_10,
		 11: 
		 12: %self->cms_groups def_%cl_3_12 %self[3.1,3.10,2.0,] 	 ARGS:
		 13: COPY TYPE_StringLiteral def_%cl_3_13 
		 14: COPY TYPE_StringLiteral def_%cl_3_14 
		 15: HASH-class- def_%cl_3_15 %cl_3_14[3.14,] 
		 16: COPY TYPE_StringLiteral def_%cl_3_16 
		 17: HASH-collection-as-label-input_html-hint- def_%cl_3_17 %cl_3_12[3.12,] %cl_3_13[3.13,] %cl_3_15[3.15,] %cl_3_16[3.16,] 
		 18: f->association def_%cl_3_18 f[3.7,] %cl_3_17[3.17,] 	 ARGS:Symbol,%cl_3_17,
		 19: 
		 20: COPY TYPE_StringLiteral def_%cl_3_19 
		 21: %self->check_uncheck_tag def_%cl_3_20 %self[3.1,3.10,3.12,2.0,] %cl_3_19[3.20,] 	 ARGS:%cl_3_19,
		 22: RETURN %cl_3_20[3.21,] %self[3.1,3.10,3.12,3.21,2.0,] 
BB 4
	outgoing: 6 
	datadep: 
	instructions:
		 0: def_%cl_3_21 
		 1: def_%cl_3_22 %cl_3_21[4.0,] 
		 2: RETURN %cl_3_22[4.1,] %self[2.0,] 
BB 6
	outgoing: 
	datadep: 
	instructions:
CLOSURE END
		 2: 
		 3: %self->bottom_buttons def_%cl_2_21 %self[9.1,2.0,] f[2.2,] 	 ARGS:f,
		 4: RETURN %cl_2_21[9.3,] %self[9.1,9.3,2.0,] 
BB 10
	outgoing: 12 
	datadep: 
	instructions:
		 0: def_%cl_2_22 
		 1: def_%cl_2_23 %cl_2_22[10.0,] 
		 2: RETURN %cl_2_23[10.1,] %self[2.0,] 
BB 12
	outgoing: 
	datadep: 
	instructions:
CLOSURE END
		 6: RETURN %cl_1_6[3.5,] %self[3.2,3.5,2.0,] 
BB 4
	outgoing: 6 
	datadep: 
	instructions:
		 0: def_%cl_1_7 
		 1: def_%cl_1_8 %cl_1_7[4.0,] 
		 2: RETURN %cl_1_8[4.1,] %self[2.0,] 
BB 6
	outgoing: 
	datadep: 
	instructions:
CLOSURE END
		 8: RETURN %v_4[2.7,] %self[2.0,2.6,] 
BB 3
	outgoing: 
	datadep: 
	instructions:

SET IRMethod, name = update
BB 1
	outgoing: 11 2 
	datadep: 
	instructions:
BB 2
	outgoing: 3 4 
	datadep: 
	instructions:
		 0: def_%self 
		 1: def_%v_0 
		 2: COPY TYPE_CurrentScope def_%current_scope 
		 3: COPY TYPE_ScopeModule def_%current_module 
		 4: 
		 5: 
		 6: %self->params def_%v_3 %self[2.0,] 	 ARGS:
		 7: %v_3->[] def_%v_4 %v_3[2.6,] 	 ARGS:Symbol,
		 8: BRANCH %v_4[2.7,] 
BB 3
	outgoing: 4 
	datadep: 
	instructions:
		 0: %self->current_user def_%v_5 %self[2.0,] 	 ARGS:
		 1: %v_5->able_to? def_%v_6 %v_5[3.0,] 	 ARGS:Symbol,
		 2: %v_6->! def_%v_7 %v_6[3.1,] 	 ARGS:
		 3: COPY TYPE_PASS def_%v_4 %v_7[3.2,] 
BB 4
	outgoing: 5 6 
	datadep: 
	instructions:
		 0: BRANCH %v_4[3.3,2.7,] 
BB 5
	outgoing: 7 
	datadep: 
	instructions:
		 0: %self->params def_%v_8 %self[2.0,] 	 ARGS:
		 1: %v_8->[] def_%v_9 %v_8[5.0,] 	 ARGS:Symbol,
		 2: COPY TYPE_StringLiteral def_%v_10 
		 3: %v_9->delete def_%v_11 %v_9[5.1,] %v_10[5.2,] 	 ARGS:%v_10,
		 4: 
BB 6
	outgoing: 7 
	datadep: 
	instructions:
		 0: COPY TYPE_Nil def_%v_11 
BB 7
	outgoing: 8 9 
	datadep: 
	instructions:
		 0: 
		 1: GETFIELD %self->section def_%v_12 %self[2.0,] 
		 2: %self->section_params def_%v_13 %self[2.0,] 	 ARGS:
		 3: ATTRASSIGN %v_12->attributes %v_13[7.2,] 
		 4: 
		 5: GETFIELD %self->section def_%v_14 %self[7.2,2.0,] 
		 6: %v_14->save def_%v_15 %v_14[7.5,] 	 ARGS:
		 7: BRANCH %v_15[7.6,] 
BB 8
	outgoing: 11 
	datadep: 
	instructions:
		 0: 
		 1: %self->flash def_%v_16 %self[2.0,] 	 ARGS:
		 2: COPY TYPE_StringLiteral def_%v_17 
		 3: GETFIELD %self->section def_%v_18 %self[8.1,2.0,] 
		 4: %v_18->name def_%v_19 %v_18[8.3,] 	 ARGS:
		 5: COPY TYPE_StringLiteral def_%v_20 
		 6: BUILDSTRING def_%v_21 %v_17[8.2,] %v_19[8.4,] %v_20[8.5,] 
		 7: ATTRASSIGN %v_16->[] %v_21[8.6,] 
		 8: 
		 9: GETFIELD %self->section def_%v_22 %self[8.1,2.0,] 
		 10: %self->redirect_to def_%v_23 %self[8.1,2.0,] %v_22[8.9,] 	 ARGS:%v_22,
		 11: RETURN %v_23[8.10,] %self[8.1,8.10,2.0,] 
BB 9
	outgoing: 11 
	datadep: 
	instructions:
		 0: 
		 1: %self->ruby_code_from_view def_%v_24 %self[2.0,] 	 ARGS:
		 2: %v_24->ruby_code_from_view def_%v_25 %v_24[9.1,] %self[9.1,2.0,] 	 ARGS:%v_24,
CLOSURE BEGIN: %self[9.1,2.0,] 
BB 1
	outgoing: 6 2 
	datadep: 
	instructions:
BB 2
	outgoing: 3 
	datadep: 
	instructions:
		 0: def_%self 
		 1: def_%cl_1_0 
		 2: RECEIVEARG def_rb_from_view 
		 3: COPY TYPE_CurrentScope def_%current_scope 
		 4: COPY TYPE_ScopeModule def_%current_module 
BB 3
	outgoing: 4 6 
	datadep: 
	instructions:
		 0: 
		 1: COPY TYPE_StringLiteral def_%cl_1_3 
		 2: %self->use_page_title def_%cl_1_4 %self[2.0,] %cl_1_3[3.1,] 	 ARGS:%cl_1_3,
		 3: 
		 4: GETFIELD %self->section def_%cl_1_5 %self[3.2,2.0,] 
		 5: %self->simple_form_for def_%cl_1_6 %self[3.2,2.0,] %cl_1_5[3.4,] %self[3.2,2.0,] 	 ARGS:%cl_1_5,%self,
CLOSURE BEGIN: %self[3.2,2.0,] f[] 
BB 1
	outgoing: 12 2 
	datadep: 
	instructions:
BB 2
	outgoing: 3 
	datadep: 
	instructions:
		 0: def_%self 
		 1: def_%cl_2_0 
		 2: RECEIVEARG def_f 
		 3: COPY TYPE_CurrentScope def_%current_scope 
		 4: COPY TYPE_ScopeModule def_%current_module 
BB 3
	outgoing: 4 5 10 
	datadep: 
	instructions:
		 0: 
		 1: %self->page_title_with_buttons def_%cl_2_3 %self[2.0,] f[2.2,] 	 ARGS:f,
		 2: 
		 3: f->object def_%cl_2_4 f[2.2,] 	 ARGS:
		 4: %cl_2_4->new_record? def_%cl_2_5 %cl_2_4[3.3,] 	 ARGS:
		 5: %self->slug_source_if def_%cl_2_6 %self[3.1,2.0,] %cl_2_5[3.4,] 	 ARGS:%cl_2_5,
		 6: f->input def_%cl_2_7 f[3.3,2.2,] %cl_2_6[3.5,] 	 ARGS:Symbol,%cl_2_6,
		 7: 
		 8: %self->parent def_%cl_2_8 %self[3.1,3.5,2.0,] 	 ARGS:
		 9: BRANCH %cl_2_8[3.8,] 
BB 4
	outgoing: 6 10 
	datadep: 
	instructions:
		 0: COPY TYPE_StringLiteral def_%cl_2_9 
		 1: %self->parent def_%cl_2_10 %self[2.0,] 	 ARGS:
		 2: %cl_2_10->path def_%cl_2_11 %cl_2_10[4.1,] 	 ARGS:
		 3: HASH-prefix- def_%cl_2_12 %cl_2_11[4.2,] 
		 4: HASH-class-data- def_%cl_2_13 %cl_2_9[4.0,] %cl_2_12[4.3,] 
		 5: HASH-input_html- def_%cl_2_14 %cl_2_13[4.4,] 
		 6: f->input def_%cl_2_15 f[2.2,] %cl_2_14[4.5,] 	 ARGS:Symbol,%cl_2_14,
		 7: 
BB 5
	outgoing: 6 
	datadep: 
	instructions:
		 0: COPY TYPE_Nil def_%cl_2_15 
BB 6
	outgoing: 7 8 10 
	datadep: 
	instructions:
		 0: 
		 1: %self->parent def_%cl_2_16 %self[2.0,] 	 ARGS:
		 2: BRANCH %cl_2_16[6.1,] 
BB 7
	outgoing: 9 10 
	datadep: 
	instructions:
		 0: COPY TYPE_StringLiteral def_%cl_2_17 
		 1: HASH-label- def_%cl_2_18 %cl_2_17[7.0,] 
		 2: f->input def_%cl_2_19 f[2.2,] %cl_2_18[7.1,] 	 ARGS:Symbol,%cl_2_18,
		 3: 
BB 8
	outgoing: 9 
	datadep: 
	instructions:
		 0: COPY TYPE_Nil def_%cl_2_19 
BB 9
	outgoing: 10 12 
	datadep: 
	instructions:
		 0: 
		 1: %self->able_to? def_%cl_2_20 %self[2.0,] %self[2.0,] 	 ARGS:Symbol,%self,
CLOSURE BEGIN: %self[2.0,] f[2.2,] 
BB 1
	outgoing: 6 2 
	datadep: 
	instructions:
BB 2
	outgoing: 3 
	datadep: 
	instructions:
		 0: def_%self 
		 1: def_%cl_3_0 
		 2: COPY TYPE_CurrentScope def_%current_scope 
		 3: COPY TYPE_ScopeModule def_%current_module 
BB 3
	outgoing: 4 6 
	datadep: 
	instructions:
		 0: 
		 1: %self->public_groups def_%cl_3_3 %self[2.0,] 	 ARGS:
		 2: COPY TYPE_StringLiteral def_%cl_3_4 
		 3: COPY TYPE_StringLiteral def_%cl_3_5 
		 4: HASH-class- def_%cl_3_6 %cl_3_5[3.3,] 
		 5: COPY TYPE_StringLiteral def_%cl_3_7 
		 6: HASH-collection-as-label-input_html-hint- def_%cl_3_8 %cl_3_3[3.1,] %cl_3_4[3.2,] %cl_3_6[3.4,] %cl_3_7[3.5,] 
		 7: f->association def_%cl_3_9 f[] %cl_3_8[3.6,] 	 ARGS:Symbol,%cl_3_8,
		 8: 
		 9: COPY TYPE_StringLiteral def_%cl_3_10 
		 10: %self->check_uncheck_tag def_%cl_3_11 %self[3.1,2.0,] %cl_3_10[3.9,] 	 ARGS:%cl_3_10,
		 11: 
		 12: %self->cms_groups def_%cl_3_12 %self[3.1,3.10,2.0,] 	 ARGS:
		 13: COPY TYPE_StringLiteral def_%cl_3_13 
		 14: COPY TYPE_StringLiteral def_%cl_3_14 
		 15: HASH-class- def_%cl_3_15 %cl_3_14[3.14,] 
		 16: COPY TYPE_StringLiteral def_%cl_3_16 
		 17: HASH-collection-as-label-input_html-hint- def_%cl_3_17 %cl_3_12[3.12,] %cl_3_13[3.13,] %cl_3_15[3.15,] %cl_3_16[3.16,] 
		 18: f->association def_%cl_3_18 f[3.7,] %cl_3_17[3.17,] 	 ARGS:Symbol,%cl_3_17,
		 19: 
		 20: COPY TYPE_StringLiteral def_%cl_3_19 
		 21: %self->check_uncheck_tag def_%cl_3_20 %self[3.1,3.10,3.12,2.0,] %cl_3_19[3.20,] 	 ARGS:%cl_3_19,
		 22: RETURN %cl_3_20[3.21,] %self[3.1,3.10,3.12,3.21,2.0,] 
BB 4
	outgoing: 6 
	datadep: 
	instructions:
		 0: def_%cl_3_21 
		 1: def_%cl_3_22 %cl_3_21[4.0,] 
		 2: RETURN %cl_3_22[4.1,] %self[2.0,] 
BB 6
	outgoing: 
	datadep: 
	instructions:
CLOSURE END
		 2: 
		 3: %self->bottom_buttons def_%cl_2_21 %self[9.1,2.0,] f[2.2,] 	 ARGS:f,
		 4: RETURN %cl_2_21[9.3,] %self[9.1,9.3,2.0,] 
BB 10
	outgoing: 12 
	datadep: 
	instructions:
		 0: def_%cl_2_22 
		 1: def_%cl_2_23 %cl_2_22[10.0,] 
		 2: RETURN %cl_2_23[10.1,] %self[2.0,] 
BB 12
	outgoing: 
	datadep: 
	instructions:
CLOSURE END
		 6: RETURN %cl_1_6[3.5,] %self[3.2,3.5,2.0,] 
BB 4
	outgoing: 6 
	datadep: 
	instructions:
		 0: def_%cl_1_7 
		 1: def_%cl_1_8 %cl_1_7[4.0,] 
		 2: RETURN %cl_1_8[4.1,] %self[2.0,] 
BB 6
	outgoing: 
	datadep: 
	instructions:
CLOSURE END
		 3: RETURN %v_25[9.2,] %self[9.1,2.0,] 
BB 11
	outgoing: 
	datadep: 
	instructions:

SET IRMethod, name = destroy
BB 1
	outgoing: 3 2 
	datadep: 
	instructions:
BB 2
	outgoing: 3 
	datadep: 
	instructions:
		 0: def_%self 
		 1: def_%v_0 
		 2: COPY TYPE_CurrentScope def_%current_scope 
		 3: COPY TYPE_ScopeModule def_%current_module 
		 4: 
		 5: 
		 6: %self->respond_to def_%v_3 %self[2.0,] %self[2.0,] 	 ARGS:%self,
CLOSURE BEGIN: %self[2.0,] format[] 
BB 1
	outgoing: 11 2 
	datadep: 
	instructions:
BB 2
	outgoing: 3 
	datadep: 
	instructions:
		 0: def_%self 
		 1: def_%cl_1_0 
		 2: RECEIVEARG def_format 
		 3: COPY TYPE_CurrentScope def_%current_scope 
		 4: COPY TYPE_ScopeModule def_%current_module 
BB 3
	outgoing: 4 5 9 
	datadep: 
	instructions:
		 0: 
		 1: GETFIELD %self->section def_%cl_1_3 %self[2.0,] 
		 2: %cl_1_3->deletable? def_%cl_1_4 %cl_1_3[3.1,] 	 ARGS:
		 3: BRANCH %cl_1_4[3.2,] 
BB 4
	outgoing: 5 9 
	datadep: 
	instructions:
		 0: GETFIELD %self->section def_%cl_1_5 %self[2.0,] 
		 1: %cl_1_5->destroy def_%cl_1_6 %cl_1_5[4.0,] 	 ARGS:
		 2: COPY TYPE_PASS def_%cl_1_4 %cl_1_6[4.1,] 
BB 5
	outgoing: 6 7 
	datadep: 
	instructions:
		 0: BRANCH %cl_1_4[4.2,3.2,] 
BB 6
	outgoing: 8 9 
	datadep: 
	instructions:
		 0: 
		 1: COPY TYPE_StringLiteral def_%cl_1_7 
		 2: GETFIELD %self->section def_%cl_1_8 %self[2.0,] 
		 3: %cl_1_8->name def_%cl_1_9 %cl_1_8[6.2,] 	 ARGS:
		 4: COPY TYPE_StringLiteral def_%cl_1_10 
		 5: BUILDSTRING def_%cl_1_11 %cl_1_7[6.1,] %cl_1_9[6.3,] %cl_1_10[6.4,] 
		 6: COPY TYPE_PASS def_message %cl_1_11[6.5,] 
		 7: 
		 8: format->html def_%cl_1_12 format[2.2,] %self[2.0,] 	 ARGS:format,
CLOSURE BEGIN: %self[2.0,] message[6.6,] 
BB 1
	outgoing: 6 2 
	datadep: 
	instructions:
BB 2
	outgoing: 3 
	datadep: 
	instructions:
		 0: def_%self 
		 1: def_%cl_2_0 
		 2: COPY TYPE_CurrentScope def_%current_scope 
		 3: COPY TYPE_ScopeModule def_%current_module 
BB 3
	outgoing: 4 6 
	datadep: 
	instructions:
		 0: 
		 1: %self->flash def_%cl_2_3 %self[2.0,] 	 ARGS:
		 2: ATTRASSIGN %cl_2_3->[] message[] 
		 3: %self->sitemap_url def_%cl_2_4 %self[3.1,2.0,] 	 ARGS:
		 4: %self->redirect_to def_%cl_2_5 %self[3.1,3.3,2.0,] %cl_2_4[3.3,] 	 ARGS:%cl_2_4,
		 5: RETURN %cl_2_5[3.4,] %self[3.1,3.3,3.4,2.0,] 
BB 4
	outgoing: 6 
	datadep: 
	instructions:
		 0: def_%cl_2_6 
		 1: def_%cl_2_7 %cl_2_6[4.0,] 
		 2: RETURN %cl_2_7[4.1,] %self[2.0,] 
BB 6
	outgoing: 
	datadep: 
	instructions:
CLOSURE END
		 9: 
		 10: format->json def_%cl_1_13 format[6.8,2.2,] %self[2.0,] 	 ARGS:format,
CLOSURE BEGIN: message[6.6,] %self[2.0,] 
BB 1
	outgoing: 6 2 
	datadep: 
	instructions:
BB 2
	outgoing: 3 
	datadep: 
	instructions:
		 0: def_%self 
		 1: def_%cl_3_0 
		 2: COPY TYPE_CurrentScope def_%current_scope 
		 3: COPY TYPE_ScopeModule def_%current_module 
BB 3
	outgoing: 4 6 
	datadep: 
	instructions:
		 0: 
		 1: HASH-success-message- def_%cl_3_3 message[] 
		 2: HASH-json- def_%cl_3_4 %cl_3_3[3.1,] 
		 3: %self->render def_%cl_3_5 %self[2.0,] %cl_3_4[3.2,] 	 ARGS:%cl_3_4,
		 4: RETURN %cl_3_5[3.3,] %self[3.3,2.0,] 
BB 4
	outgoing: 6 
	datadep: 
	instructions:
		 0: def_%cl_3_6 
		 1: def_%cl_3_7 %cl_3_6[4.0,] 
		 2: RETURN %cl_3_7[4.1,] %self[2.0,] 
BB 6
	outgoing: 
	datadep: 
	instructions:
CLOSURE END
		 11: 
BB 7
	outgoing: 9 11 
	datadep: 
	instructions:
		 0: 
		 1: COPY TYPE_StringLiteral def_%cl_1_14 
		 2: GETFIELD %self->section def_%cl_1_15 %self[2.0,] 
		 3: %cl_1_15->name def_%cl_1_16 %cl_1_15[7.2,] 	 ARGS:
		 4: COPY TYPE_StringLiteral def_%cl_1_17 
		 5: BUILDSTRING def_%cl_1_18 %cl_1_14[7.1,] %cl_1_16[7.3,] %cl_1_17[7.4,] 
		 6: COPY TYPE_PASS def_message %cl_1_18[7.5,] 
		 7: 
		 8: format->html def_%cl_1_19 format[2.2,] %self[2.0,] 	 ARGS:format,
CLOSURE BEGIN: %self[2.0,] message[7.6,] 
BB 1
	outgoing: 6 2 
	datadep: 
	instructions:
BB 2
	outgoing: 3 
	datadep: 
	instructions:
		 0: def_%self 
		 1: def_%cl_4_0 
		 2: COPY TYPE_CurrentScope def_%current_scope 
		 3: COPY TYPE_ScopeModule def_%current_module 
BB 3
	outgoing: 4 6 
	datadep: 
	instructions:
		 0: 
		 1: %self->flash def_%cl_4_3 %self[2.0,] 	 ARGS:
		 2: ATTRASSIGN %cl_4_3->[] message[] 
		 3: %self->sitemap_url def_%cl_4_4 %self[3.1,2.0,] 	 ARGS:
		 4: %self->redirect_to def_%cl_4_5 %self[3.1,3.3,2.0,] %cl_4_4[3.3,] 	 ARGS:%cl_4_4,
		 5: RETURN %cl_4_5[3.4,] %self[3.1,3.3,3.4,2.0,] 
BB 4
	outgoing: 6 
	datadep: 
	instructions:
		 0: def_%cl_4_6 
		 1: def_%cl_4_7 %cl_4_6[4.0,] 
		 2: RETURN %cl_4_7[4.1,] %self[2.0,] 
BB 6
	outgoing: 
	datadep: 
	instructions:
CLOSURE END
		 9: 
		 10: format->json def_%cl_1_20 format[7.8,2.2,] %self[2.0,] 	 ARGS:format,
CLOSURE BEGIN: message[7.6,] %self[2.0,] 
BB 1
	outgoing: 6 2 
	datadep: 
	instructions:
BB 2
	outgoing: 3 
	datadep: 
	instructions:
		 0: def_%self 
		 1: def_%cl_5_0 
		 2: COPY TYPE_CurrentScope def_%current_scope 
		 3: COPY TYPE_ScopeModule def_%current_module 
BB 3
	outgoing: 4 6 
	datadep: 
	instructions:
		 0: 
		 1: HASH-success-message- def_%cl_5_3 message[] 
		 2: HASH-json- def_%cl_5_4 %cl_5_3[3.1,] 
		 3: %self->render def_%cl_5_5 %self[2.0,] %cl_5_4[3.2,] 	 ARGS:%cl_5_4,
		 4: RETURN %cl_5_5[3.3,] %self[3.3,2.0,] 
BB 4
	outgoing: 6 
	datadep: 
	instructions:
		 0: def_%cl_5_6 
		 1: def_%cl_5_7 %cl_5_6[4.0,] 
		 2: RETURN %cl_5_7[4.1,] %self[2.0,] 
BB 6
	outgoing: 
	datadep: 
	instructions:
CLOSURE END
		 11: RETURN %cl_1_20[7.10,] %self[2.0,] 
BB 8
	outgoing: 11 
	datadep: 
	instructions:
		 0: RETURN %cl_1_13[6.10,] %self[2.0,] 
BB 9
	outgoing: 11 
	datadep: 
	instructions:
		 0: def_%cl_1_21 
		 1: def_%cl_1_22 %cl_1_21[9.0,] 
		 2: RETURN %cl_1_22[9.1,] %self[2.0,] 
BB 11
	outgoing: 
	datadep: 
	instructions:
CLOSURE END
		 7: RETURN %v_3[2.6,] %self[2.0,2.6,] 
BB 3
	outgoing: 
	datadep: 
	instructions:

SET IRMethod, name = move
BB 1
	outgoing: 6 2 
	datadep: 
	instructions:
BB 2
	outgoing: 3 4 
	datadep: 
	instructions:
		 0: def_%self 
		 1: def_%v_0 
		 2: COPY TYPE_CurrentScope def_%current_scope 
		 3: COPY TYPE_ScopeModule def_%current_module 
		 4: 
		 5: 
		 6: %self->params def_%v_3 %self[2.0,] 	 ARGS:
		 7: %v_3->[] def_%v_4 %v_3[2.6,] 	 ARGS:Symbol,
		 8: BRANCH %v_4[2.7,] 
BB 3
	outgoing: 6 
	datadep: 
	instructions:
		 0: 
		 1: (Section) def_%v_5 
		 2: %self->params def_%v_6 %self[2.0,] 	 ARGS:
		 3: %v_6->[] def_%v_7 %v_6[3.2,] 	 ARGS:Symbol,
		 4: %v_5->find def_%v_8 %v_5[3.1,] %v_7[3.3,] 	 ARGS:%v_7,
		 5: ATTRASSIGN %self->move_to %v_8[3.4,] 
		 6: RETURN %v_8[3.4,] %self[3.2,3.5,2.0,] 
BB 4
	outgoing: 6 
	datadep: 
	instructions:
		 0: 
		 1: (Section) def_%v_9 
		 2: %v_9->root def_%v_10 %v_9[4.1,] 	 ARGS:
		 3: %v_10->first def_%v_11 %v_10[4.2,] 	 ARGS:
		 4: ATTRASSIGN %self->move_to %v_11[4.3,] 
		 5: RETURN %v_11[4.3,] %self[4.4,2.0,] 
BB 6
	outgoing: 
	datadep: 
	instructions:

SET IRMethod, name = section_params
BB 1
	outgoing: 3 2 
	datadep: 
	instructions:
BB 2
	outgoing: 3 
	datadep: 
	instructions:
		 0: def_%self 
		 1: def_%v_0 
		 2: COPY TYPE_CurrentScope def_%current_scope 
		 3: COPY TYPE_ScopeModule def_%current_module 
		 4: 
		 5: 
		 6: %self->params def_%v_3 %self[2.0,] 	 ARGS:
		 7: %v_3->require def_%v_4 %v_3[2.6,] 	 ARGS:Symbol,
		 8: (Section) def_%v_5 
		 9: %v_5->permitted_params def_%v_6 %v_5[2.8,] 	 ARGS:
		 10: %v_4->permit def_%v_7 %v_4[2.7,] %v_6[2.9,] 	 ARGS:%v_6,
		 11: RETURN %v_7[2.10,] %self[2.0,2.6,] 
BB 3
	outgoing: 
	datadep: 
	instructions:

SET IRMethod, name = load_parent
BB 1
	outgoing: 8 2 
	datadep: 
	instructions:
BB 2
	outgoing: 3 4 
	datadep: 
	instructions:
		 0: def_%self 
		 1: def_%v_0 
		 2: COPY TYPE_CurrentScope def_%current_scope 
		 3: COPY TYPE_ScopeModule def_%current_module 
		 4: 
		 5: 
		 6: (Section) def_%v_3 
		 7: %self->params def_%v_4 %self[2.0,] 	 ARGS:
		 8: %v_4->[] def_%v_5 %v_4[2.7,] 	 ARGS:Symbol,
		 9: %v_3->find def_%v_6 %v_3[2.6,] %v_5[2.8,] 	 ARGS:%v_5,
		 10: ATTRASSIGN %self->parent %v_6[2.9,] 
		 11: 
		 12: %self->current_user def_%v_7 %self[2.0,2.7,2.10,] 	 ARGS:
		 13: GETFIELD %self->parent def_%v_8 %self[2.0,2.7,2.10,2.12,] 
		 14: %v_7->able_to_edit? def_%v_9 %v_7[2.12,] %v_8[2.13,] 	 ARGS:%v_8,
		 15: BRANCH %v_9[2.14,] 
BB 3
	outgoing: 8 
	datadep: 
	instructions:
		 0: COPY TYPE_Nil def_%v_10 
		 1: RETURN %v_10[3.0,] %self[2.0,2.10,] 
BB 4
	outgoing: 5 6 
	datadep: 
	instructions:
		 0: (Errors) def_%v_11 
		 1: (inherit AccessDenied) def_%v_12 %v_11[4.0,] 
		 2: %v_12[4.1,] 
BB 5
	outgoing: 6 
	datadep: 
	instructions:
		 0: %v_11->const_missing def_%v_12 %v_11[4.0,] 	 ARGS:Symbol,
BB 6
	outgoing: 8 
	datadep: 
	instructions:
		 0: %self->raise def_%v_13 %self[2.0,2.10,] %v_12[5.0,4.1,] 	 ARGS:%v_12,
		 1: RETURN %v_13[6.0,] %self[6.0,2.0,2.10,] 
BB 8
	outgoing: 
	datadep: 
	instructions:

SET IRMethod, name = load_section
BB 1
	outgoing: 8 2 
	datadep: 
	instructions:
BB 2
	outgoing: 3 4 
	datadep: 
	instructions:
		 0: def_%self 
		 1: def_%v_0 
		 2: COPY TYPE_CurrentScope def_%current_scope 
		 3: COPY TYPE_ScopeModule def_%current_module 
		 4: 
		 5: 
		 6: (Section) def_%v_3 
		 7: %self->params def_%v_4 %self[2.0,] 	 ARGS:
		 8: %v_4->[] def_%v_5 %v_4[2.7,] 	 ARGS:Symbol,
		 9: %v_3->find def_%v_6 %v_3[2.6,] %v_5[2.8,] 	 ARGS:%v_5,
		 10: ATTRASSIGN %self->section %v_6[2.9,] 
		 11: 
		 12: %self->current_user def_%v_7 %self[2.0,2.7,2.10,] 	 ARGS:
		 13: GETFIELD %self->section def_%v_8 %self[2.0,2.7,2.10,2.12,] 
		 14: %v_7->able_to_edit? def_%v_9 %v_7[2.12,] %v_8[2.13,] 	 ARGS:%v_8,
		 15: BRANCH %v_9[2.14,] 
BB 3
	outgoing: 8 
	datadep: 
	instructions:
		 0: COPY TYPE_Nil def_%v_10 
		 1: RETURN %v_10[3.0,] %self[2.0,2.10,] 
BB 4
	outgoing: 5 6 
	datadep: 
	instructions:
		 0: (Errors) def_%v_11 
		 1: (inherit AccessDenied) def_%v_12 %v_11[4.0,] 
		 2: %v_12[4.1,] 
BB 5
	outgoing: 6 
	datadep: 
	instructions:
		 0: %v_11->const_missing def_%v_12 %v_11[4.0,] 	 ARGS:Symbol,
BB 6
	outgoing: 8 
	datadep: 
	instructions:
		 0: %self->raise def_%v_13 %self[2.0,2.10,] %v_12[5.0,4.1,] 	 ARGS:%v_12,
		 1: RETURN %v_13[6.0,] %self[6.0,2.0,2.10,] 
BB 8
	outgoing: 
	datadep: 
	instructions:

SET IRMethod, name = public_groups
BB 1
	outgoing: 7 2 
	datadep: 
	instructions:
BB 2
	outgoing: 3 4 
	datadep: 
	instructions:
		 0: def_%self 
		 1: def_%v_0 
		 2: COPY TYPE_CurrentScope def_%current_scope 
		 3: COPY TYPE_ScopeModule def_%current_module 
		 4: 
		 5: 
		 6: def_%v_4 %self[2.0,] 
		 7: COPY TYPE_PASS def_%v_3 %v_4[2.6,] 
		 8: %v_4[2.6,] 
BB 3
	outgoing: 4 
	datadep: 
	instructions:
		 0: GETFIELD %self->public_groups def_%v_5 %self[2.0,] 
		 1: COPY TYPE_PASS def_%v_3 %v_5[3.0,] 
BB 4
	outgoing: 5 6 
	datadep: 
	instructions:
		 0: BRANCH %v_3[3.1,2.7,] 
BB 5
	outgoing: 7 
	datadep: 
	instructions:
		 0: (Group) def_%v_6 
		 1: %v_6->public def_%v_7 %v_6[5.0,] 	 ARGS:
		 2: (Group) def_%v_8 
		 3: %v_8->table_name def_%v_9 %v_8[5.2,] 	 ARGS:
		 4: COPY TYPE_StringLiteral def_%v_10 
		 5: BUILDSTRING def_%v_11 %v_9[5.3,] %v_10[5.4,] 
		 6: %v_7->order def_%v_12 %v_7[5.1,] %v_11[5.5,] 	 ARGS:%v_11,
		 7: ATTRASSIGN %self->public_groups %v_12[5.6,] 
		 8: RETURN %v_12[5.6,] %self[5.7,2.0,] 
BB 6
	outgoing: 7 
	datadep: 
	instructions:
		 0: RETURN %v_5[3.0,] %self[2.0,] 
BB 7
	outgoing: 
	datadep: 
	instructions:

SET IRMethod, name = cms_groups
BB 1
	outgoing: 7 2 
	datadep: 
	instructions:
BB 2
	outgoing: 3 4 
	datadep: 
	instructions:
		 0: def_%self 
		 1: def_%v_0 
		 2: COPY TYPE_CurrentScope def_%current_scope 
		 3: COPY TYPE_ScopeModule def_%current_module 
		 4: 
		 5: 
		 6: def_%v_4 %self[2.0,] 
		 7: COPY TYPE_PASS def_%v_3 %v_4[2.6,] 
		 8: %v_4[2.6,] 
BB 3
	outgoing: 4 
	datadep: 
	instructions:
		 0: GETFIELD %self->cms_groups def_%v_5 %self[2.0,] 
		 1: COPY TYPE_PASS def_%v_3 %v_5[3.0,] 
BB 4
	outgoing: 5 6 
	datadep: 
	instructions:
		 0: BRANCH %v_3[3.1,2.7,] 
BB 5
	outgoing: 7 
	datadep: 
	instructions:
		 0: (Group) def_%v_6 
		 1: %v_6->cms_access def_%v_7 %v_6[5.0,] 	 ARGS:
		 2: (Group) def_%v_8 
		 3: %v_8->table_name def_%v_9 %v_8[5.2,] 	 ARGS:
		 4: COPY TYPE_StringLiteral def_%v_10 
		 5: BUILDSTRING def_%v_11 %v_9[5.3,] %v_10[5.4,] 
		 6: %v_7->order def_%v_12 %v_7[5.1,] %v_11[5.5,] 	 ARGS:%v_11,
		 7: ATTRASSIGN %self->cms_groups %v_12[5.6,] 
		 8: RETURN %v_12[5.6,] %self[5.7,2.0,] 
BB 6
	outgoing: 7 
	datadep: 
	instructions:
		 0: RETURN %v_5[3.0,] %self[2.0,] 
BB 7
	outgoing: 
	datadep: 
	instructions:

