SET IRMethod, name = show instanceMethod = true
BB 1
	outgoing: 3 2 
	datadep: 
	instructions:
BB 2
	outgoing: 3 
	datadep: 
	instructions:
		 0: def_%self 
		 1: def_%v_0 
		 2: COPY TYPE_CurrentScope def_%current_scope 
		 3: COPY TYPE_ScopeModule def_%current_module 
		 4: 
		 5: 
		 6: (UserPresenter) def_%v_3 
		 7: %self->current_user def_%v_4 %self[2.0,] 	 SYMBOL:	 ARGS:
		 8: %v_3->new def_%v_5 %v_3[2.6,] %v_4[2.7,] 	 SYMBOL:	 ARGS:%v_4,
		 9: HASH-json- def_%v_6 %v_5[2.8,] 
		 10: %self->render def_%v_7 %self[2.0,2.7,] %v_6[2.9,] 	 SYMBOL:	 ARGS:%v_6,
		 11: RETURN %v_7[2.10,] %self[2.0,2.7,2.10,] 
BB 3
	outgoing: 
	datadep: 
	instructions:

