SET IRMethod, name = bootstrap_flash instanceMethod = true
BB 1
	outgoing: 3 2 
	datadep: 
	instructions:
BB 2
	outgoing: 3 
	datadep: 
	instructions:
		 0: def_%self 
		 1: def_%v_0 
		 2: COPY TYPE_CurrentScope def_%current_scope 
		 3: COPY TYPE_ScopeModule def_%current_module 
		 4: 
		 5: 
		 6: COPY TYPE_Array def_%v_3 
		 7: COPY TYPE_PASS def_flash_messages %v_3[2.6,] 
		 8: 
		 9: %self->flash def_%v_4 %self[2.0,] 	 SYMBOL:	 ARGS:
		 10: %v_4->each def_%v_5 %v_4[2.9,] %self[2.0,2.9,] 	 SYMBOL:	 ARGS:%v_4,
CLOSURE BEGIN: message[] type[] %self[2.0,2.9,] msg[] flash_messages[2.7,] text[] 
BB 1
	outgoing: 18 2 
	datadep: 
	instructions:
BB 2
	outgoing: 3 
	datadep: 
	instructions:
		 0: def_%self 
		 1: def_%cl_1_0 
		 2: RECEIVEARG def_type 
		 3: RECEIVEARG def_message 
		 4: COPY TYPE_CurrentScope def_%current_scope 
		 5: COPY TYPE_ScopeModule def_%current_module 
BB 3
	outgoing: 4 5 16 
	datadep: 
	instructions:
		 0: 
		 1: message->blank? def_%cl_1_3 message[2.3,] 	 SYMBOL:	 ARGS:
		 2: BRANCH %cl_1_3[3.1,] 
BB 4
	outgoing: 16 18 
	datadep: 
	instructions:
		 0: 
		 1: RETURN %self[2.0,] 
BB 5
	outgoing: 6 
	datadep: 
	instructions:
		 0: COPY TYPE_Nil def_%cl_1_4 
BB 6
	outgoing: 7 8 16 
	datadep: 
	instructions:
		 0: 
		 1: type->== def_%cl_1_5 type[2.2,] 	 SYMBOL:notice,	 ARGS:Symbol,
		 2: BRANCH %cl_1_5[6.1,] 
BB 7
	outgoing: 9 
	datadep: 
	instructions:
		 0: COPY TYPE_Symbol def_type 
		 1: COPY TYPE_Symbol def_%cl_1_6 
		 2: 
BB 8
	outgoing: 9 
	datadep: 
	instructions:
		 0: COPY TYPE_Nil def_%cl_1_6 
BB 9
	outgoing: 10 11 16 
	datadep: 
	instructions:
		 0: 
		 1: type->== def_%cl_1_7 type[7.0,2.2,] 	 SYMBOL:alert,	 ARGS:Symbol,
		 2: BRANCH %cl_1_7[9.1,] 
BB 10
	outgoing: 12 
	datadep: 
	instructions:
		 0: COPY TYPE_Symbol def_type 
		 1: COPY TYPE_Symbol def_%cl_1_8 
		 2: 
BB 11
	outgoing: 12 
	datadep: 
	instructions:
		 0: COPY TYPE_Nil def_%cl_1_8 
BB 12
	outgoing: 13 14 16 
	datadep: 
	instructions:
		 0: 
		 1: (ALERT_TYPES) def_%cl_1_9 
		 2: %cl_1_9->include? def_%cl_1_10 %cl_1_9[12.1,] type[10.0,7.0,2.2,] 	 SYMBOL:	 ARGS:type,
		 3: BRANCH %cl_1_10[12.2,] 
BB 13
	outgoing: 15 
	datadep: 
	instructions:
		 0: COPY TYPE_Nil def_%cl_1_11 
		 1: 
BB 14
	outgoing: 16 18 
	datadep: 
	instructions:
		 0: 
		 1: RETURN %self[2.0,] 
BB 15
	outgoing: 16 18 
	datadep: 
	instructions:
		 0: 
		 1: %self->Array def_%cl_1_12 %self[2.0,] message[2.3,] 	 SYMBOL:	 ARGS:message,
		 2: %cl_1_12->each def_%cl_1_13 %cl_1_12[15.1,] %self[15.1,2.0,] 	 SYMBOL:	 ARGS:%cl_1_12,
CLOSURE BEGIN: %self[15.1,2.0,] msg[] type[10.0,7.0,2.2,] flash_messages[] text[] 
BB 1
	outgoing: 9 2 
	datadep: 
	instructions:
BB 2
	outgoing: 3 
	datadep: 
	instructions:
		 0: def_%self 
		 1: def_%cl_2_0 
		 2: RECEIVEARG def_msg 
		 3: COPY TYPE_CurrentScope def_%current_scope 
		 4: COPY TYPE_ScopeModule def_%current_module 
BB 3
	outgoing: 4 5 7 
	datadep: 
	instructions:
		 0: 
		 1: COPY TYPE_StringLiteral "&times;" def_%cl_2_3 
		 2: %self->raw def_%cl_2_4 %self[2.0,] %cl_2_3[3.1,] 	 SYMBOL:	 ARGS:%cl_2_3,
		 3: COPY TYPE_StringLiteral "close" def_%cl_2_5 
		 4: COPY TYPE_StringLiteral "data-dismiss" def_%cl_2_6 
		 5: COPY TYPE_StringLiteral "alert" def_%cl_2_7 
		 6: HASH-class- def_%cl_2_8 %cl_2_5[3.3,] %cl_2_6[3.4,] %cl_2_7[3.5,] 
		 7: %self->content_tag def_%cl_2_9 %self[3.2,2.0,] %cl_2_4[3.2,] %cl_2_8[3.6,] 	 SYMBOL:button,	 ARGS:Symbol,%cl_2_4,%cl_2_8,
		 8: msg->html_safe def_%cl_2_10 msg[2.2,] 	 SYMBOL:	 ARGS:
		 9: %cl_2_9->+ def_%cl_2_11 %cl_2_9[3.7,] %cl_2_10[3.8,] 	 SYMBOL:	 ARGS:%cl_2_10,
		 10: COPY TYPE_StringLiteral "alert fade in alert-" def_%cl_2_12 
		 11: 
		 12: BUILDSTRING def_%cl_2_13 %cl_2_12[3.10,] type[] 
		 13: HASH-class- def_%cl_2_14 %cl_2_13[3.12,] 
		 14: %self->content_tag def_%cl_2_15 %self[3.2,3.7,2.0,] %cl_2_11[3.9,] %cl_2_14[3.13,] 	 SYMBOL:div,	 ARGS:Symbol,%cl_2_11,%cl_2_14,
		 15: COPY TYPE_PASS def_text %cl_2_15[3.14,] 
		 16: 
		 17: BRANCH msg[3.8,2.2,] 
BB 4
	outgoing: 6 7 
	datadep: 
	instructions:
		 0: flash_messages-><< def_%cl_2_16 flash_messages[] text[3.15,] 	 SYMBOL:	 ARGS:text,
		 1: 
BB 5
	outgoing: 9 
	datadep: 
	instructions:
		 0: RETURN %self[2.0,] 
BB 6
	outgoing: 9 
	datadep: 
	instructions:
		 0: RETURN %cl_2_16[4.0,] %self[2.0,] 
BB 7
	outgoing: 9 
	datadep: 
	instructions:
		 0: def_%cl_2_17 
		 1: def_%cl_2_18 %cl_2_17[7.0,] 
		 2: RETURN %cl_2_18[7.1,] %self[2.0,] 
BB 9
	outgoing: 
	datadep: 
	instructions:
CLOSURE END: text[3.15,] 
		 3: RETURN %cl_1_13[15.2,] %self[15.1,2.0,] 
BB 16
	outgoing: 18 
	datadep: 
	instructions:
		 0: def_%cl_1_14 
		 1: def_%cl_1_15 %cl_1_14[16.0,] 
		 2: RETURN %cl_1_15[16.1,] %self[2.0,] 
BB 18
	outgoing: 
	datadep: 
	instructions:
CLOSURE END: message[2.3,] 
		 11: 
		 12: COPY TYPE_StringLiteral "
" def_%v_6 
		 13: flash_messages->join def_%v_7 flash_messages[2.7,] %v_6[2.12,] 	 SYMBOL:	 ARGS:%v_6,
		 14: %v_7->html_safe def_%v_8 %v_7[2.13,] 	 SYMBOL:	 ARGS:
		 15: RETURN %v_8[2.14,] %self[2.0,2.9,] 
BB 3
	outgoing: 
	datadep: 
	instructions:

SET IRMethod, name = gravatar_url instanceMethod = true
BB 1
	outgoing: 7 2 
	datadep: 
	instructions:
BB 2
	outgoing: 3 4 
	datadep: 
	instructions:
		 0: def_%self 
		 1: def_%v_0 
		 2: COPY TYPE_CurrentScope def_%current_scope 
		 3: COPY TYPE_ScopeModule def_%current_module 
		 4: 
		 5: RECEIVEARG def_user 
		 6: RECEIVECONSTARG def_size 
		 7: size[2.6,] 
BB 3
	outgoing: 4 
	datadep: 
	instructions:
		 0: COPY TYPE_Fixnum def_size 
BB 4
	outgoing: 5 6 
	datadep: 
	instructions:
		 0: 
		 1: (Digest) def_%v_3 
		 2: (inherit MD5) def_%v_4 %v_3[4.1,] 
		 3: %v_4[4.2,] 
BB 5
	outgoing: 6 
	datadep: 
	instructions:
		 0: %v_3->const_missing def_%v_4 %v_3[4.1,] 	 SYMBOL:MD5,	 ARGS:Symbol,
BB 6
	outgoing: 7 
	datadep: 
	instructions:
		 0: user->email def_%v_5 user[2.5,] 	 SYMBOL:	 ARGS:
		 1: %v_5->downcase def_%v_6 %v_5[6.0,] 	 SYMBOL:	 ARGS:
		 2: %v_4->hexdigest def_%v_7 %v_4[5.0,4.2,] %v_6[6.1,] 	 SYMBOL:	 ARGS:%v_6,
		 3: COPY TYPE_PASS def_gravatar_id %v_7[6.2,] 
		 4: 
		 5: COPY TYPE_StringLiteral "http://gravatar.com/avatar/" def_%v_8 
		 6: COPY TYPE_StringLiteral ".png?d=identicon&s=" def_%v_9 
		 7: BUILDSTRING def_%v_10 %v_8[6.5,] %v_7[6.2,] %v_9[6.6,] size[3.0,2.6,] 
		 8: RETURN %v_10[6.7,] %self[2.0,] 
BB 7
	outgoing: 
	datadep: 
	instructions:

SET IRMethod, name = irc_url instanceMethod = true
BB 1
	outgoing: 8 2 
	datadep: 
	instructions:
BB 2
	outgoing: 3 4 
	datadep: 
	instructions:
		 0: def_%self 
		 1: def_%v_0 
		 2: COPY TYPE_CurrentScope def_%current_scope 
		 3: COPY TYPE_ScopeModule def_%current_module 
		 4: 
		 5: RECEIVECONSTARG def_user 
		 6: user[2.5,] 
BB 3
	outgoing: 4 
	datadep: 
	instructions:
		 0: COPY TYPE_Nil def_user 
BB 4
	outgoing: 5 6 
	datadep: 
	instructions:
		 0: 
		 1: COPY TYPE_StringLiteral "https://qchat.rizon.net/?channels=wallgig&prompt=1" def_%v_3 
		 2: COPY TYPE_PASS def_url %v_3[4.1,] 
		 3: 
		 4: user->present? def_%v_4 user[3.0,2.5,] 	 SYMBOL:	 ARGS:
		 5: BRANCH %v_4[4.4,] 
BB 5
	outgoing: 7 
	datadep: 
	instructions:
		 0: COPY TYPE_StringLiteral "&nick=" def_%v_5 
		 1: user->username def_%v_6 user[3.0,2.5,] 	 SYMBOL:	 ARGS:
		 2: %v_6->parameterize def_%v_7 %v_6[5.1,] 	 SYMBOL:	 ARGS:
		 3: BUILDSTRING def_%v_8 %v_5[5.0,] %v_7[5.2,] 
		 4: url-><< def_%v_9 url[4.2,] %v_8[5.3,] 	 SYMBOL:	 ARGS:%v_8,
		 5: 
BB 6
	outgoing: 7 
	datadep: 
	instructions:
		 0: COPY TYPE_Nil def_%v_9 
BB 7
	outgoing: 8 
	datadep: 
	instructions:
		 0: 
		 1: RETURN url[4.2,] %self[2.0,] 
BB 8
	outgoing: 
	datadep: 
	instructions:

SET IRMethod, name = markdown instanceMethod = true
BB 1
	outgoing: 12 2 
	datadep: 
	instructions:
BB 2
	outgoing: 3 4 
	datadep: 
	instructions:
		 0: def_%self 
		 1: def_%v_0 
		 2: COPY TYPE_CurrentScope def_%current_scope 
		 3: COPY TYPE_ScopeModule def_%current_module 
		 4: 
		 5: RECEIVEARG def_text 
		 6: 
		 7: text->blank? def_%v_3 text[2.5,] 	 SYMBOL:	 ARGS:
		 8: BRANCH %v_3[2.7,] 
BB 3
	outgoing: 12 
	datadep: 
	instructions:
		 0: RETURN %self[2.0,] 
BB 4
	outgoing: 6 7 
	datadep: 
	instructions:
		 0: COPY TYPE_Nil def_%v_4 
		 1: 
		 2: (Redcarpet) def_%v_5 
		 3: (inherit Render) def_%v_6 %v_5[4.2,] 
		 4: %v_6[4.3,] 
BB 6
	outgoing: 7 
	datadep: 
	instructions:
		 0: %v_5->const_missing def_%v_6 %v_5[4.2,] 	 SYMBOL:Render,	 ARGS:Symbol,
BB 7
	outgoing: 8 9 
	datadep: 
	instructions:
		 0: (inherit HTML) def_%v_7 %v_6[6.0,4.3,] 
		 1: %v_7[7.0,] 
BB 8
	outgoing: 9 
	datadep: 
	instructions:
		 0: %v_6->const_missing def_%v_7 %v_6[6.0,4.3,] 	 SYMBOL:HTML,	 ARGS:Symbol,
BB 9
	outgoing: 10 11 
	datadep: 
	instructions:
		 0: HASH-filter_html-hard_wrap- def_%v_8 
		 1: %v_7->new def_%v_9 %v_7[8.0,7.0,] %v_8[9.0,] 	 SYMBOL:	 ARGS:%v_8,
		 2: COPY TYPE_PASS def_renderer %v_9[9.1,] 
		 3: 
		 4: (Redcarpet) def_%v_10 
		 5: (inherit Markdown) def_%v_11 %v_10[9.4,] 
		 6: %v_11[9.5,] 
BB 10
	outgoing: 11 
	datadep: 
	instructions:
		 0: %v_10->const_missing def_%v_11 %v_10[9.4,] 	 SYMBOL:Markdown,	 ARGS:Symbol,
BB 11
	outgoing: 12 
	datadep: 
	instructions:
		 0: HASH-autolink-no_intra_emphasis- def_%v_12 
		 1: %v_11->new def_%v_13 %v_11[10.0,9.5,] renderer[9.2,] %v_12[11.0,] 	 SYMBOL:	 ARGS:renderer,%v_12,
		 2: COPY TYPE_PASS def_markdown %v_13[11.1,] 
		 3: 
		 4: %v_13->render def_%v_14 %v_13[11.1,] text[2.5,] 	 SYMBOL:	 ARGS:text,
		 5: %v_14->html_safe def_%v_15 %v_14[11.4,] 	 SYMBOL:	 ARGS:
		 6: RETURN %v_15[11.5,] %self[2.0,] 
BB 12
	outgoing: 
	datadep: 
	instructions:

SET IRMethod, name = markdown_line instanceMethod = true
BB 1
	outgoing: 12 2 
	datadep: 
	instructions:
BB 2
	outgoing: 3 4 
	datadep: 
	instructions:
		 0: def_%self 
		 1: def_%v_0 
		 2: COPY TYPE_CurrentScope def_%current_scope 
		 3: COPY TYPE_ScopeModule def_%current_module 
		 4: 
		 5: RECEIVEARG def_text 
		 6: 
		 7: text->blank? def_%v_3 text[2.5,] 	 SYMBOL:	 ARGS:
		 8: BRANCH %v_3[2.7,] 
BB 3
	outgoing: 12 
	datadep: 
	instructions:
		 0: RETURN %self[2.0,] 
BB 4
	outgoing: 6 7 
	datadep: 
	instructions:
		 0: COPY TYPE_Nil def_%v_4 
		 1: 
		 2: (Redcarpet) def_%v_5 
		 3: (inherit Render) def_%v_6 %v_5[4.2,] 
		 4: %v_6[4.3,] 
BB 6
	outgoing: 7 
	datadep: 
	instructions:
		 0: %v_5->const_missing def_%v_6 %v_5[4.2,] 	 SYMBOL:Render,	 ARGS:Symbol,
BB 7
	outgoing: 8 9 
	datadep: 
	instructions:
		 0: (inherit HTMLWithoutBlockElements) def_%v_7 %v_6[6.0,4.3,] 
		 1: %v_7[7.0,] 
BB 8
	outgoing: 9 
	datadep: 
	instructions:
		 0: %v_6->const_missing def_%v_7 %v_6[6.0,4.3,] 	 SYMBOL:HTMLWithoutBlockElements,	 ARGS:Symbol,
BB 9
	outgoing: 10 11 
	datadep: 
	instructions:
		 0: HASH-filter_html-hard_wrap- def_%v_8 
		 1: %v_7->new def_%v_9 %v_7[8.0,7.0,] %v_8[9.0,] 	 SYMBOL:	 ARGS:%v_8,
		 2: COPY TYPE_PASS def_renderer %v_9[9.1,] 
		 3: 
		 4: (Redcarpet) def_%v_10 
		 5: (inherit Markdown) def_%v_11 %v_10[9.4,] 
		 6: %v_11[9.5,] 
BB 10
	outgoing: 11 
	datadep: 
	instructions:
		 0: %v_10->const_missing def_%v_11 %v_10[9.4,] 	 SYMBOL:Markdown,	 ARGS:Symbol,
BB 11
	outgoing: 12 
	datadep: 
	instructions:
		 0: HASH-autolink-no_intra_emphasis- def_%v_12 
		 1: %v_11->new def_%v_13 %v_11[10.0,9.5,] renderer[9.2,] %v_12[11.0,] 	 SYMBOL:	 ARGS:renderer,%v_12,
		 2: COPY TYPE_PASS def_markdown %v_13[11.1,] 
		 3: 
		 4: %v_13->render def_%v_14 %v_13[11.1,] text[2.5,] 	 SYMBOL:	 ARGS:text,
		 5: %v_14->html_safe def_%v_15 %v_14[11.4,] 	 SYMBOL:	 ARGS:
		 6: RETURN %v_15[11.5,] %self[2.0,] 
BB 12
	outgoing: 
	datadep: 
	instructions:

SET IRMethod, name = time_ago_tag instanceMethod = true
BB 1
	outgoing: 5 2 
	datadep: 
	instructions:
BB 2
	outgoing: 3 4 
	datadep: 
	instructions:
		 0: def_%self 
		 1: def_%v_0 
		 2: COPY TYPE_CurrentScope def_%current_scope 
		 3: COPY TYPE_ScopeModule def_%current_module 
		 4: 
		 5: RECEIVEARG def_date_or_time 
		 6: RECEIVECONSTARG def_options 
		 7: options[2.6,] 
BB 3
	outgoing: 4 
	datadep: 
	instructions:
		 0: HASH- def_%v_3 
		 1: COPY TYPE_PASS def_options %v_3[3.0,] 
BB 4
	outgoing: 5 
	datadep: 
	instructions:
		 0: 
		 1: COPY TYPE_StringLiteral "time-ago" def_%v_4 
		 2: HASH-provide- def_%v_5 %v_4[4.1,] 
		 3: date_or_time->getutc def_%v_6 date_or_time[2.5,] 	 SYMBOL:	 ARGS:
		 4: %v_6->iso8601 def_%v_7 %v_6[4.3,] 	 SYMBOL:	 ARGS:
		 5: HASH-data-title- def_%v_8 %v_5[4.2,] %v_7[4.4,] 
		 6: options->reverse_merge! def_%v_9 options[3.1,2.6,] %v_8[4.5,] 	 SYMBOL:	 ARGS:%v_8,
		 7: 
		 8: %self->time_tag def_%v_10 %self[2.0,] date_or_time[4.3,2.5,] options[4.6,3.1,2.6,] 	 SYMBOL:	 ARGS:date_or_time,options,
		 9: RETURN %v_10[4.8,] %self[4.8,2.0,] 
BB 5
	outgoing: 
	datadep: 
	instructions:

SET IRMethod, name = fa_icon_tag instanceMethod = true
BB 1
	outgoing: 3 2 
	datadep: 
	instructions:
BB 2
	outgoing: 3 
	datadep: 
	instructions:
		 0: def_%self 
		 1: def_%v_0 
		 2: COPY TYPE_CurrentScope def_%current_scope 
		 3: COPY TYPE_ScopeModule def_%current_module 
		 4: 
		 5: RECEIVEARG def_icon 
		 6: 
		 7: COPY TYPE_StringLiteral "<span class='fa fa-" def_%v_3 
		 8: COPY TYPE_StringLiteral "'></span>" def_%v_4 
		 9: BUILDSTRING def_%v_5 %v_3[2.7,] icon[2.5,] %v_4[2.8,] 
		 10: %v_5->html_safe def_%v_6 %v_5[2.9,] 	 SYMBOL:	 ARGS:
		 11: RETURN %v_6[2.10,] %self[2.0,] 
BB 3
	outgoing: 
	datadep: 
	instructions:

SET IRMethod, name = link_to_next_page instanceMethod = true
BB 1
	outgoing: 9 2 
	datadep: 
	instructions:
BB 2
	outgoing: 3 4 
	datadep: 
	instructions:
		 0: def_%self 
		 1: def_%v_0 
		 2: COPY TYPE_CurrentScope def_%current_scope 
		 3: COPY TYPE_ScopeModule def_%current_module 
		 4: 
		 5: RECEIVEARG def_scope 
		 6: RECEIVEARG def_name 
		 7: RECEIVECONSTARG def_options 
		 8: options[2.7,] 
BB 3
	outgoing: 4 
	datadep: 
	instructions:
		 0: HASH- def_%v_3 
		 1: COPY TYPE_PASS def_options %v_3[3.0,] 
BB 4
	outgoing: 5 6 
	datadep: 
	instructions:
		 0: def_%v_4 
		 1: def_block %v_4[4.0,] 
		 2: 
		 3: options->delete def_%v_5 options[3.1,2.7,] 	 SYMBOL:params,	 ARGS:Symbol,
		 4: BRANCH %v_5[4.3,] 
BB 5
	outgoing: 6 
	datadep: 
	instructions:
		 0: HASH- def_%v_6 
		 1: COPY TYPE_PASS def_%v_5 %v_6[5.0,] 
BB 6
	outgoing: 7 8 
	datadep: 
	instructions:
		 0: COPY TYPE_PASS def_params %v_5[5.1,4.3,] 
		 1: 
		 2: options->delete def_%v_7 options[3.1,2.7,] 	 SYMBOL:param_name,	 ARGS:Symbol,
		 3: BRANCH %v_7[6.2,] 
BB 7
	outgoing: 8 
	datadep: 
	instructions:
		 0: (Kaminari) def_%v_8 
		 1: %v_8->config def_%v_9 %v_8[7.0,] 	 SYMBOL:	 ARGS:
		 2: %v_9->param_name def_%v_10 %v_9[7.1,] 	 SYMBOL:	 ARGS:
		 3: COPY TYPE_PASS def_%v_7 %v_10[7.2,] 
BB 8
	outgoing: 9 
	datadep: 
	instructions:
		 0: COPY TYPE_PASS def_param_name %v_7[7.3,6.2,] 
		 1: 
		 2: scope->current_page def_%v_11 scope[2.5,] 	 SYMBOL:	 ARGS:
		 3: scope->total_pages def_%v_12 scope[8.2,2.5,] 	 SYMBOL:	 ARGS:
		 4: %v_11->>= def_%v_13 %v_11[8.2,] %v_12[8.3,] 	 SYMBOL:	 ARGS:%v_12,
		 5: scope->next_page def_%v_14 scope[8.2,8.3,2.5,] 	 SYMBOL:	 ARGS:
		 6: HASH- def_%v_15 param_name[8.0,] %v_14[8.5,] 
		 7: params->merge def_%v_16 params[6.0,] %v_15[8.6,] 	 SYMBOL:	 ARGS:%v_15,
		 8: COPY TYPE_StringLiteral "next" def_%v_17 
		 9: HASH-rel- def_%v_18 %v_17[8.8,] 
		 10: options->reverse_merge def_%v_19 options[3.1,2.7,] %v_18[8.9,] 	 SYMBOL:	 ARGS:%v_18,
		 11: %self->link_to_unless def_%v_20 %self[2.0,] %v_13[8.4,] name[2.6,] %v_16[8.7,] %v_19[8.10,] %self[2.0,] 	 SYMBOL:	 ARGS:%v_13,name,%v_16,%v_19,%self,
CLOSURE BEGIN: block[4.1,] 
BB 1
	outgoing: 9 2 
	datadep: 
	instructions:
BB 2
	outgoing: 4 5 
	datadep: 
	instructions:
		 0: def_%self 
		 1: def_%cl_1_0 
		 2: COPY TYPE_CurrentScope def_%current_scope 
		 3: COPY TYPE_ScopeModule def_%current_module 
		 4: 
		 5: BRANCH block[] 
BB 4
	outgoing: 6 7 
	datadep: 
	instructions:
		 0: block->call def_%cl_1_3 block[] 	 SYMBOL:	 ARGS:
		 1: 
BB 5
	outgoing: 9 
	datadep: 
	instructions:
		 0: RETURN %self[2.0,] 
BB 6
	outgoing: 9 
	datadep: 
	instructions:
		 0: RETURN %cl_1_3[4.0,] %self[2.0,] 
BB 7
	outgoing: 9 
	datadep: 
	instructions:
		 0: def_%cl_1_4 
		 1: def_%cl_1_5 %cl_1_4[7.0,] 
		 2: RETURN %cl_1_5[7.1,] %self[2.0,] 
BB 9
	outgoing: 
	datadep: 
	instructions:
CLOSURE END: 
		 12: RETURN %v_20[8.11,] %self[8.11,2.0,] 
BB 9
	outgoing: 
	datadep: 
	instructions:

