SET IRMethod, name = anonymize_email instanceMethod = true
BB 1
	outgoing: 9 2 
	datadep: 
	instructions:
BB 2
	outgoing: 3 4 
	datadep: 
	instructions:
		 0: def_%self 
		 1: def_%v_0 
		 2: COPY TYPE_CurrentScope def_%current_scope 
		 3: COPY TYPE_ScopeModule def_%current_module 
		 4: 
		 5: RECEIVEARG def_email 
		 6: 
		 7: email->blank? def_%v_3 email[2.5,] 	 SYMBOL:	 ARGS:
		 8: BRANCH %v_3[2.7,] 
BB 3
	outgoing: 9 
	datadep: 
	instructions:
		 0: RETURN %self[2.0,] 
BB 4
	outgoing: 6 7 
	datadep: 
	instructions:
		 0: COPY TYPE_Nil def_%v_4 
		 1: 
		 2: COPY TYPE_StringLiteral "@" def_%v_5 
		 3: email->split def_%v_6 email[2.5,] %v_5[4.2,] 	 SYMBOL:	 ARGS:%v_5,Fixnum,
		 4: COPY TYPE_PASS def_email_parts %v_6[4.3,] 
		 5: 
		 6: email->present? def_%v_7 email[4.3,2.5,] 	 SYMBOL:	 ARGS:
		 7: BRANCH %v_7[4.6,] 
BB 6
	outgoing: 9 
	datadep: 
	instructions:
		 0: email_parts->[] def_%v_8 email_parts[4.4,] 	 SYMBOL:	 ARGS:Fixnum,
		 1: %v_8->[] def_%v_9 %v_8[6.0,] 	 SYMBOL:	 ARGS:Fixnum,
		 2: COPY TYPE_StringLiteral "****" def_%v_10 
		 3: email_parts->[] def_%v_11 email_parts[6.0,4.4,] 	 SYMBOL:	 ARGS:Fixnum,
		 4: %v_11->[] def_%v_12 %v_11[6.3,] 	 SYMBOL:	 ARGS:Fixnum,
		 5: COPY TYPE_StringLiteral "@" def_%v_13 
		 6: email_parts->[] def_%v_14 email_parts[6.0,6.3,4.4,] 	 SYMBOL:	 ARGS:Fixnum,
		 7: BUILDSTRING def_%v_15 %v_9[6.1,] %v_10[6.2,] %v_12[6.4,] %v_13[6.5,] %v_14[6.6,] 
		 8: RETURN %v_15[6.7,] %self[2.0,] 
BB 7
	outgoing: 9 
	datadep: 
	instructions:
		 0: RETURN %self[2.0,] 
BB 9
	outgoing: 
	datadep: 
	instructions:

