SET IRMethod, name = show
BB 1
	outgoing: 3 2 
	datadep: 
	instructions:
BB 2
	outgoing: 3 
	datadep: 
	instructions:
		 0: 
		 1: 
		 2: 
		 3: 
		 4: 
		 5: 
		 6: %self->migrator %self[2.0,] 
		 7: %v_3->current_schema_version %v_3[2.6,] 
		 8: %self[2.0,] %v_4[2.7,] @current_version[] 
		 9: 
		 10: %self->migrator %self[2.0,] 
		 11: %v_5->pending_migrations %v_5[2.10,] 
		 12: %self[2.0,] %v_6[2.11,] @needed_migrations[] 
		 13: RETURN %v_6[2.11,] 
BB 3
	outgoing: 
	datadep: 
	instructions:

SET IRMethod, name = update
BB 1
	outgoing: 3 2 
	datadep: 
	instructions:
BB 2
	outgoing: 3 
	datadep: 
	instructions:
		 0: 
		 1: 
		 2: 
		 3: 
		 4: 
		 5: 
		 6: %self->migrator %self[2.0,] 
		 7: %v_3->migrate %v_3[2.6,] 
		 8: 
		 9: %self->admin_migrations_url %self[2.0,] 
		 10: %self->redirect_to %self[2.0,] %v_5[2.9,] 
		 11: RETURN %v_6[2.10,] 
BB 3
	outgoing: 
	datadep: 
	instructions:

SET IRMethod, name = migrator
BB 1
	outgoing: 7 2 
	datadep: 
	instructions:
BB 2
	outgoing: 3 4 
	datadep: 
	instructions:
		 0: 
		 1: 
		 2: 
		 3: 
		 4: 
		 5: 
		 6: %self[2.0,] 
		 7: %v_4[2.6,] 
		 8: %v_4[2.6,] 
BB 3
	outgoing: 4 
	datadep: 2 
	instructions:
		 0: %self[2.0,] @migrator[] 
		 1: %v_5[3.0,] 
BB 4
	outgoing: 5 6 
	datadep: 3 2 
	instructions:
		 0: BRANCH %v_3[3.1,2.7,] 
BB 5
	outgoing: 7 
	datadep: 2 2 
	instructions:
		 0: (Migrator) 
		 1: %v_6->new %v_6[5.0,] 
		 2: %self[2.0,2.0,] %v_7[5.1,] @migrator[3.0,] 
		 3: RETURN %v_7[5.1,] 
BB 6
	outgoing: 7 
	datadep: 3 
	instructions:
		 0: RETURN %v_5[3.0,] 
BB 7
	outgoing: 
	datadep: 
	instructions:

