SET IRMethod, name = upload
BB 1
	outgoing: 9 2 
	datadep: 
	instructions:
BB 2
	outgoing: 3 7 
	datadep: 
	instructions:
		 0: 
		 1: 
		 2: 
		 3: 
		 4: 
		 5: 
		 6: %self->params %self[2.0,] 
		 7: %v_3[2.6,] 
		 8: %v_4->blank? %v_4[2.7,] 
		 9: %v_5->! %v_5[2.8,] 
		 10: BRANCH %v_6[2.9,] 
BB 3
	outgoing: 4 5 
	datadep: 2 
	instructions:
		 0: 
		 1: %self->params %self[2.0,] 
		 2: %v_7[3.1,] 
		 3: %v_8[3.2,] 
		 4: %v_9[3.3,] 
		 5: 
		 6: %v_9->content_type %v_9[3.3,] 
		 7: BRANCH %v_10[3.6,] 
BB 4
	outgoing: 6 
	datadep: 3 
	instructions:
		 0: 
		 1: file->content_type file[3.4,] 
		 2: %v_11->chomp %v_11[4.1,] 
		 3: 
BB 5
	outgoing: 6 
	datadep: 
	instructions:
		 0: 
		 1: 
		 2: %v_13[5.1,] 
BB 6
	outgoing: 8 
	datadep: 5 4 3 3 2 2 2 2 
	instructions:
		 0: %v_12[5.2,4.2,] 
		 1: 
		 2: (Resource) 
		 3: (Time) 
		 4: %v_15->now %v_15[6.3,] 
		 5: mime[6.0,] %v_16[6.4,] file[3.4,3.4,] 
		 6: %v_14->create %v_14[6.2,] %v_17[6.5,] 
		 7: %self[2.0,2.0,] %v_18[6.6,] @up[] 
		 8: 
		 9: %self->flash %self[2.0,2.0,] 
		 10: (I18n) 
		 11: 
		 12: %v_20->t %v_20[6.10,] %v_21[6.11,] 
		 13: %v_19[6.9,] %v_22[6.12,] 
		 14: 
BB 7
	outgoing: 8 
	datadep: 2 
	instructions:
		 0: 
		 1: %self->flash %self[2.0,] 
		 2: (I18n) 
		 3: 
		 4: %v_24->t %v_24[7.2,] %v_25[7.3,] 
		 5: %v_26[7.4,] %v_23[7.1,] 
		 6: %v_26[7.4,] 
BB 8
	outgoing: 9 
	datadep: 2 2 2 2 2 2 
	instructions:
		 0: 
		 1: %self->admin_resources_url %self[2.0,2.0,2.0,] 
		 2: %self->redirect_to %self[2.0,2.0,2.0,] %v_27[8.1,] 
		 3: RETURN %v_28[8.2,] 
BB 9
	outgoing: 
	datadep: 
	instructions:

SET IRMethod, name = index
BB 1
	outgoing: 3 2 
	datadep: 
	instructions:
BB 2
	outgoing: 3 
	datadep: 
	instructions:
		 0: 
		 1: 
		 2: 
		 3: 
		 4: 
		 5: 
		 6: (Resource) 
		 7: %v_3->new %v_3[2.6,] 
		 8: %self[2.0,] %v_4[2.7,] @r[] 
		 9: 
		 10: (Resource) 
		 11: 
		 12: %v_5->order %v_5[2.10,] %v_6[2.11,] 
		 13: %self->params %self[2.0,] 
		 14: %v_8[2.13,] 
		 15: %v_7->page %v_9[2.14,] %v_7[2.12,] 
		 16: %self->this_blog %self[2.0,] 
		 17: %v_11->admin_display_elements %v_11[2.16,] 
		 18: %v_10->per %v_10[2.15,] %v_12[2.17,] 
		 19: %v_13[2.18,] %self[2.0,] @resources[] 
		 20: RETURN %v_13[2.18,] 
BB 3
	outgoing: 
	datadep: 
	instructions:

SET IRMethod, name = get_thumbnails
BB 1
	outgoing: 3 2 
	datadep: 
	instructions:
BB 2
	outgoing: 3 
	datadep: 
	instructions:
		 0: 
		 1: 
		 2: 
		 3: 
		 4: 
		 5: 
		 6: %self->params %self[2.0,] 
		 7: %v_3[2.6,] 
		 8: %v_4->to_i %v_4[2.7,] 
		 9: %v_5[2.8,] 
		 10: 
		 11: (Resource) 
		 12: %v_6->without_images %v_6[2.11,] 
		 13: %v_7->by_created_at %v_7[2.12,] 
		 14: %v_8[2.13,] 
		 15: %v_9->offset %v_9[2.14,] position[2.9,] 
		 16: %self[2.0,] %v_10[2.15,] @resources[] 
		 17: 
		 18: 
		 19: 
		 20: %self->render %self[2.0,] %v_11[2.18,] %v_12[2.19,] 
		 21: RETURN %v_13[2.20,] 
BB 3
	outgoing: 
	datadep: 
	instructions:

SET IRMethod, name = destroy
BB 1
	outgoing: 3 2 
	datadep: 
	instructions:
BB 2
	outgoing: 3 
	datadep: 
	instructions:
		 0: 
		 1: 
		 2: 
		 3: 
		 4: 
		 5: 
		 6: (Resource) 
		 7: %self->params %self[2.0,] 
		 8: %v_4[2.7,] 
		 9: %v_3->find %v_5[2.8,] %v_3[2.6,] 
		 10: %self[2.0,] %v_6[2.9,] @record[] 
		 11: 
		 12: @record[2.10,] 
		 13: %v_7->destroy %v_7[2.12,] 
		 14: 
		 15: %self->flash %self[2.0,] 
		 16: (I18n) 
		 17: 
		 18: %v_10->t %v_10[2.16,] %v_11[2.17,] 
		 19: %v_9[2.15,] %v_12[2.18,] 
		 20: 
		 21: %self->admin_resources_url %self[2.0,] 
		 22: %self->redirect_to %v_13[2.21,] %self[2.0,] 
		 23: RETURN %v_14[2.22,] 
BB 3
	outgoing: 
	datadep: 
	instructions:

SET IRMethod, name = upload
BB 1
	outgoing: 9 2 
	datadep: 
	instructions:
BB 2
	outgoing: 3 7 
	datadep: 
	instructions:
		 0: def_%self 
		 1: def_%v_0 
		 2: def_%current_scope 
		 3: def_%current_module 
		 4: 
		 5: 
		 6: def_%v_3 %self->params %self[2.0,] 
		 7: def_%v_4 %v_3[2.6,] 
		 8: def_%v_5 %v_4->blank? %v_4[2.7,] 
		 9: def_%v_6 %v_5->! %v_5[2.8,] 
		 10: BRANCH %v_6[2.9,] 
BB 3
	outgoing: 4 5 
	datadep: 
	instructions:
		 0: 
		 1: def_%v_7 %self->params %self[2.0,] 
		 2: def_%v_8 %v_7[3.1,] 
		 3: def_%v_9 %v_8[3.2,] 
		 4: def_file %v_9[3.3,] 
		 5: 
		 6: def_%v_10 %v_9->content_type %v_9[3.3,] 
		 7: BRANCH %v_10[3.6,] 
BB 4
	outgoing: 6 
	datadep: 
	instructions:
		 0: 
		 1: def_%v_11 file->content_type file[3.4,] 
		 2: def_%v_12 %v_11->chomp %v_11[4.1,] 
		 3: 
BB 5
	outgoing: 6 
	datadep: 
	instructions:
		 0: 
		 1: def_%v_13 
		 2: def_%v_12 %v_13[5.1,] 
BB 6
	outgoing: 8 
	datadep: 
	instructions:
		 0: def_mime %v_12[5.2,4.2,] 
		 1: 
		 2: def_%v_14 (Resource) 
		 3: def_%v_15 (Time) 
		 4: def_%v_16 %v_15->now %v_15[6.3,] 
		 5: def_%v_17 file[3.4,] mime[6.0,] %v_16[6.4,] 
		 6: def_%v_18 %v_14->create %v_14[6.2,] %v_17[6.5,] 
		 7: %self[2.0,] %v_18[6.6,] @up[] 
		 8: 
		 9: def_%v_19 %self->flash %self[2.0,] 
		 10: def_%v_20 (I18n) 
		 11: def_%v_21 
		 12: def_%v_22 %v_20->t %v_20[6.10,] %v_21[6.11,] 
		 13: %v_19[6.9,] %v_22[6.12,] 
		 14: 
BB 7
	outgoing: 8 
	datadep: 
	instructions:
		 0: 
		 1: def_%v_23 %self->flash %self[2.0,] 
		 2: def_%v_24 (I18n) 
		 3: def_%v_25 
		 4: def_%v_26 %v_24->t %v_24[7.2,] %v_25[7.3,] 
		 5: %v_23[7.1,] %v_26[7.4,] 
		 6: def_%v_22 %v_26[7.4,] 
BB 8
	outgoing: 9 
	datadep: 
	instructions:
		 0: 
		 1: def_%v_27 %self->admin_resources_url %self[2.0,] 
		 2: def_%v_28 %self->redirect_to %self[8.1,2.0,] %v_27[8.1,] 
		 3: RETURN %v_28[8.2,] 
BB 9
	outgoing: 
	datadep: 
	instructions:

SET IRMethod, name = index
BB 1
	outgoing: 3 2 
	datadep: 
	instructions:
BB 2
	outgoing: 3 
	datadep: 
	instructions:
		 0: def_%self 
		 1: def_%v_0 
		 2: def_%current_scope 
		 3: def_%current_module 
		 4: 
		 5: 
		 6: def_%v_3 (Resource) 
		 7: def_%v_4 %v_3->new %v_3[2.6,] 
		 8: %self[2.0,] %v_4[2.7,] @r[] 
		 9: 
		 10: def_%v_5 (Resource) 
		 11: def_%v_6 
		 12: def_%v_7 %v_5->order %v_5[2.10,] %v_6[2.11,] 
		 13: def_%v_8 %self->params %self[2.0,] 
		 14: def_%v_9 %v_8[2.13,] 
		 15: def_%v_10 %v_7->page %v_7[2.12,] %v_9[2.14,] 
		 16: def_%v_11 %self->this_blog %self[2.0,2.13,] 
		 17: def_%v_12 %v_11->admin_display_elements %v_11[2.16,] 
		 18: def_%v_13 %v_10->per %v_10[2.15,] %v_12[2.17,] 
		 19: %self[2.0,2.13,2.16,] %v_13[2.18,] @resources[] 
		 20: RETURN %v_13[2.18,] 
BB 3
	outgoing: 
	datadep: 
	instructions:

SET IRMethod, name = get_thumbnails
BB 1
	outgoing: 3 2 
	datadep: 
	instructions:
BB 2
	outgoing: 3 
	datadep: 
	instructions:
		 0: def_%self 
		 1: def_%v_0 
		 2: def_%current_scope 
		 3: def_%current_module 
		 4: 
		 5: 
		 6: def_%v_3 %self->params %self[2.0,] 
		 7: def_%v_4 %v_3[2.6,] 
		 8: def_%v_5 %v_4->to_i %v_4[2.7,] 
		 9: def_position %v_5[2.8,] 
		 10: 
		 11: def_%v_6 (Resource) 
		 12: def_%v_7 %v_6->without_images %v_6[2.11,] 
		 13: def_%v_8 %v_7->by_created_at %v_7[2.12,] 
		 14: def_%v_9 %v_8[2.13,] 
		 15: def_%v_10 %v_9->offset %v_9[2.14,] position[2.9,] 
		 16: %self[2.0,2.6,] %v_10[2.15,] @resources[] 
		 17: 
		 18: def_%v_11 
		 19: def_%v_12 
		 20: def_%v_13 %self->render %self[2.0,2.6,] %v_11[2.18,] %v_12[2.19,] 
		 21: RETURN %v_13[2.20,] 
BB 3
	outgoing: 
	datadep: 
	instructions:

SET IRMethod, name = destroy
BB 1
	outgoing: 3 2 
	datadep: 
	instructions:
BB 2
	outgoing: 3 
	datadep: 
	instructions:
		 0: def_%self 
		 1: def_%v_0 
		 2: def_%current_scope 
		 3: def_%current_module 
		 4: 
		 5: 
		 6: def_%v_3 (Resource) 
		 7: def_%v_4 %self->params %self[2.0,] 
		 8: def_%v_5 %v_4[2.7,] 
		 9: def_%v_6 %v_3->find %v_3[2.6,] %v_5[2.8,] 
		 10: %self[2.0,2.7,] %v_6[2.9,] @record[] 
		 11: 
		 12: def_%v_7 %self[2.0,2.7,] @record[2.10,] 
		 13: def_%v_8 %v_7->destroy %v_7[2.12,] 
		 14: 
		 15: def_%v_9 %self->flash %self[2.0,2.7,] 
		 16: def_%v_10 (I18n) 
		 17: def_%v_11 
		 18: def_%v_12 %v_10->t %v_10[2.16,] %v_11[2.17,] 
		 19: %v_9[2.15,] %v_12[2.18,] 
		 20: 
		 21: def_%v_13 %self->admin_resources_url %self[2.0,2.7,2.15,] 
		 22: def_%v_14 %self->redirect_to %self[2.0,2.7,2.15,2.21,] %v_13[2.21,] 
		 23: RETURN %v_14[2.22,] 
BB 3
	outgoing: 
	datadep: 
	instructions:

SET IRMethod, name = upload
BB 1
	outgoing: 9 2 
	datadep: 
	instructions:
BB 2
	outgoing: 3 7 
	datadep: 
	instructions:
		 0: def_%self 
		 1: def_%v_0 
		 2: def_%current_scope 
		 3: def_%current_module 
		 4: 
		 5: 
		 6: def_%v_3 %self->params %self[2.0,] 
		 7: def_%v_4 %v_3[2.6,] 
		 8: def_%v_5 %v_4->blank? %v_4[2.7,] 
		 9: def_%v_6 %v_5->! %v_5[2.8,] 
		 10: BRANCH %v_6[2.9,] 
BB 3
	outgoing: 4 5 
	datadep: 
	instructions:
		 0: 
		 1: def_%v_7 %self->params %self[2.0,] 
		 2: def_%v_8 %v_7[3.1,] 
		 3: def_%v_9 %v_8[3.2,] 
		 4: def_file %v_9[3.3,] 
		 5: 
		 6: def_%v_10 %v_9->content_type %v_9[3.3,] 
		 7: BRANCH %v_10[3.6,] 
BB 4
	outgoing: 6 
	datadep: 
	instructions:
		 0: 
		 1: def_%v_11 file->content_type file[3.4,] 
		 2: def_%v_12 %v_11->chomp %v_11[4.1,] 
		 3: 
BB 5
	outgoing: 6 
	datadep: 
	instructions:
		 0: 
		 1: def_%v_13 
		 2: def_%v_12 %v_13[5.1,] 
BB 6
	outgoing: 8 
	datadep: 
	instructions:
		 0: def_mime %v_12[5.2,4.2,] 
		 1: 
		 2: def_%v_14 (Resource) 
		 3: def_%v_15 (Time) 
		 4: def_%v_16 %v_15->now %v_15[6.3,] 
		 5: def_%v_17 file[3.4,] mime[6.0,] %v_16[6.4,] 
		 6: def_%v_18 %v_14->create %v_14[6.2,] %v_17[6.5,] 
		 7: %self[2.0,] %v_18[6.6,] @up[] 
		 8: 
		 9: def_%v_19 %self->flash %self[2.0,] 
		 10: def_%v_20 (I18n) 
		 11: def_%v_21 
		 12: def_%v_22 %v_20->t %v_20[6.10,] %v_21[6.11,] 
		 13: %v_19[6.9,] %v_22[6.12,] 
		 14: 
BB 7
	outgoing: 8 
	datadep: 
	instructions:
		 0: 
		 1: def_%v_23 %self->flash %self[2.0,] 
		 2: def_%v_24 (I18n) 
		 3: def_%v_25 
		 4: def_%v_26 %v_24->t %v_24[7.2,] %v_25[7.3,] 
		 5: %v_23[7.1,] %v_26[7.4,] 
		 6: def_%v_22 %v_26[7.4,] 
BB 8
	outgoing: 9 
	datadep: 
	instructions:
		 0: 
		 1: def_%v_27 %self->admin_resources_url %self[2.0,] 
		 2: def_%v_28 %self->redirect_to %self[8.1,2.0,] %v_27[8.1,] 
		 3: RETURN %v_28[8.2,] 
BB 9
	outgoing: 
	datadep: 
	instructions:

SET IRMethod, name = index
BB 1
	outgoing: 3 2 
	datadep: 
	instructions:
BB 2
	outgoing: 3 
	datadep: 
	instructions:
		 0: def_%self 
		 1: def_%v_0 
		 2: def_%current_scope 
		 3: def_%current_module 
		 4: 
		 5: 
		 6: def_%v_3 (Resource) 
		 7: def_%v_4 %v_3->new %v_3[2.6,] 
		 8: %self[2.0,] %v_4[2.7,] @r[] 
		 9: 
		 10: def_%v_5 (Resource) 
		 11: def_%v_6 
		 12: def_%v_7 %v_5->order %v_5[2.10,] %v_6[2.11,] 
		 13: def_%v_8 %self->params %self[2.0,] 
		 14: def_%v_9 %v_8[2.13,] 
		 15: def_%v_10 %v_7->page %v_7[2.12,] %v_9[2.14,] 
		 16: def_%v_11 %self->this_blog %self[2.0,2.13,] 
		 17: def_%v_12 %v_11->admin_display_elements %v_11[2.16,] 
		 18: def_%v_13 %v_10->per %v_10[2.15,] %v_12[2.17,] 
		 19: %self[2.0,2.13,2.16,] %v_13[2.18,] @resources[] 
		 20: RETURN %v_13[2.18,] 
BB 3
	outgoing: 
	datadep: 
	instructions:

SET IRMethod, name = get_thumbnails
BB 1
	outgoing: 3 2 
	datadep: 
	instructions:
BB 2
	outgoing: 3 
	datadep: 
	instructions:
		 0: def_%self 
		 1: def_%v_0 
		 2: def_%current_scope 
		 3: def_%current_module 
		 4: 
		 5: 
		 6: def_%v_3 %self->params %self[2.0,] 
		 7: def_%v_4 %v_3[2.6,] 
		 8: def_%v_5 %v_4->to_i %v_4[2.7,] 
		 9: def_position %v_5[2.8,] 
		 10: 
		 11: def_%v_6 (Resource) 
		 12: def_%v_7 %v_6->without_images %v_6[2.11,] 
		 13: def_%v_8 %v_7->by_created_at %v_7[2.12,] 
		 14: def_%v_9 %v_8[2.13,] 
		 15: def_%v_10 %v_9->offset %v_9[2.14,] position[2.9,] 
		 16: %self[2.0,2.6,] %v_10[2.15,] @resources[] 
		 17: 
		 18: def_%v_11 
		 19: def_%v_12 
		 20: def_%v_13 %self->render %self[2.0,2.6,] %v_11[2.18,] %v_12[2.19,] 
		 21: RETURN %v_13[2.20,] 
BB 3
	outgoing: 
	datadep: 
	instructions:

SET IRMethod, name = destroy
BB 1
	outgoing: 3 2 
	datadep: 
	instructions:
BB 2
	outgoing: 3 
	datadep: 
	instructions:
		 0: def_%self 
		 1: def_%v_0 
		 2: def_%current_scope 
		 3: def_%current_module 
		 4: 
		 5: 
		 6: def_%v_3 (Resource) 
		 7: def_%v_4 %self->params %self[2.0,] 
		 8: def_%v_5 %v_4[2.7,] 
		 9: def_%v_6 %v_3->find %v_3[2.6,] %v_5[2.8,] 
		 10: %self[2.0,2.7,] %v_6[2.9,] @record[] 
		 11: 
		 12: def_%v_7 %self[2.0,2.7,] @record[2.10,] 
		 13: def_%v_8 %v_7->destroy %v_7[2.12,] 
		 14: 
		 15: def_%v_9 %self->flash %self[2.0,2.7,] 
		 16: def_%v_10 (I18n) 
		 17: def_%v_11 
		 18: def_%v_12 %v_10->t %v_10[2.16,] %v_11[2.17,] 
		 19: %v_9[2.15,] %v_12[2.18,] 
		 20: 
		 21: def_%v_13 %self->admin_resources_url %self[2.0,2.7,2.15,] 
		 22: def_%v_14 %self->redirect_to %self[2.0,2.7,2.15,2.21,] %v_13[2.21,] 
		 23: RETURN %v_14[2.22,] 
BB 3
	outgoing: 
	datadep: 
	instructions:

