SET IRMethod, name = show
BB 1
	outgoing: 10 2 
	datadep: 
	instructions:
BB 2
	outgoing: 3 4 
	datadep: 
	instructions:
		 0: 
		 1: 
		 2: 
		 3: 
		 4: 
		 5: 
		 6: %self[2.0,] @setting[] 
		 7: %v_3->permalink_format %v_3[2.6,] 
		 8: 
		 9: %v_4[2.7,] %v_5[2.8,] 
		 10: BRANCH %v_6[2.9,] 
BB 3
	outgoing: 4 
	datadep: 2 
	instructions:
		 0: %self[2.0,] @setting[2.6,] 
		 1: %v_7->permalink_format %v_7[3.0,] 
		 2: 
		 3: %v_8[3.1,] %v_9[3.2,] 
		 4: %v_10[3.3,] 
BB 4
	outgoing: 5 6 
	datadep: 3 2 
	instructions:
		 0: BRANCH %v_6[3.4,2.9,] 
BB 5
	outgoing: 6 
	datadep: 2 2 
	instructions:
		 0: %self[2.0,2.0,] @setting[3.0,2.6,] 
		 1: %v_11->permalink_format %v_11[5.0,] 
		 2: 
		 3: %v_13[5.2,] %v_12[5.1,] 
		 4: %v_14[5.3,] 
BB 6
	outgoing: 7 8 
	datadep: 5 3 2 
	instructions:
		 0: BRANCH %v_6[5.4,3.4,2.9,] 
BB 7
	outgoing: 10 
	datadep: 2 2 2 2 
	instructions:
		 0: 
		 1: %self[2.0,2.0,2.0,2.0,] @setting[5.0,3.0,2.6,] 
		 2: @setting[7.1,] 
		 3: %v_16->permalink_format %v_16[7.2,] 
		 4: %v_15[7.1,] %v_17[7.3,] 
		 5: 
		 6: @setting[7.1,7.2,] 
		 7: 
		 8: %v_18[7.6,] %v_19[7.7,] 
		 9: RETURN %v_19[7.7,] 
BB 8
	outgoing: 10 
	datadep: 
	instructions:
		 0: RETURN 
BB 10
	outgoing: 
	datadep: 
	instructions:

SET IRMethod, name = update
BB 1
	outgoing: 9 2 
	datadep: 
	instructions:
BB 2
	outgoing: 3 4 
	datadep: 
	instructions:
		 0: 
		 1: 
		 2: 
		 3: 
		 4: 
		 5: 
		 6: %self->settings_params %self[2.0,] 
		 7: %v_3[2.6,] 
		 8: 
		 9: %v_4[2.7,] %v_5[2.8,] 
		 10: BRANCH %v_6[2.9,] 
BB 3
	outgoing: 5 
	datadep: 2 2 
	instructions:
		 0: 
		 1: %self->settings_params %self[2.0,] 
		 2: %self->settings_params %self[2.0,] 
		 3: %v_8[3.2,] 
		 4: %v_9[3.3,] %v_7[3.1,] 
		 5: 
BB 4
	outgoing: 5 
	datadep: 
	instructions:
		 0: 
BB 5
	outgoing: 6 7 
	datadep: 2 2 2 2 
	instructions:
		 0: 
		 1: %self[2.0,2.0,] @setting[] 
		 2: %self->settings_params %self[2.0,2.0,] 
		 3: %v_10->update_attributes %v_10[5.1,] %v_11[5.2,] 
		 4: BRANCH %v_12[5.3,] 
BB 6
	outgoing: 9 
	datadep: 2 2 2 2 2 2 2 2 
	instructions:
		 0: 
		 1: %self->flash %self[2.0,2.0,] 
		 2: (I18n) 
		 3: 
		 4: %v_14->t %v_14[6.2,] %v_15[6.3,] 
		 5: %v_13[6.1,] %v_16[6.4,] 
		 6: 
		 7: %self[2.0,2.0,] @section[] 
		 8: %v_17[6.7,] 
		 9: %self->admin_seo_path %self[2.0,2.0,] %v_18[6.8,] 
		 10: %self->redirect_to %self[2.0,2.0,] %v_19[6.9,] 
		 11: RETURN %v_20[6.10,] 
BB 7
	outgoing: 9 
	datadep: 2 2 2 2 2 2 
	instructions:
		 0: 
		 1: %self->flash %self[2.0,2.0,] 
		 2: (I18n) 
		 3: 
		 4: %self->this_blog %self[2.0,2.0,] 
		 5: %v_24->errors %v_24[7.4,] 
		 6: %v_25->full_messages %v_25[7.5,] 
		 7: 
		 8: %v_26->join %v_26[7.6,] %v_27[7.7,] 
		 9: %v_28[7.8,] 
		 10: %v_22->t %v_29[7.9,] %v_22[7.2,] %v_23[7.3,] 
		 11: %v_30[7.10,] %v_21[7.1,] 
		 12: 
		 13: %self->render %self[2.0,2.0,] 
		 14: RETURN %v_31[7.13,] 
BB 9
	outgoing: 
	datadep: 
	instructions:

SET IRMethod, name = settings_params
BB 1
	outgoing: 7 2 
	datadep: 
	instructions:
BB 2
	outgoing: 3 4 
	datadep: 
	instructions:
		 0: 
		 1: 
		 2: 
		 3: 
		 4: 
		 5: 
		 6: %self[2.0,] 
		 7: %v_4[2.6,] 
		 8: %v_4[2.6,] 
BB 3
	outgoing: 4 
	datadep: 2 
	instructions:
		 0: %self[2.0,] @settings_params[] 
		 1: %v_5[3.0,] 
BB 4
	outgoing: 5 6 
	datadep: 3 2 
	instructions:
		 0: BRANCH %v_3[3.1,2.7,] 
BB 5
	outgoing: 7 
	datadep: 2 2 2 2 
	instructions:
		 0: %self->params %self[2.0,2.0,] 
		 1: %v_6->require %v_6[5.0,] 
		 2: %v_7->permit! %v_7[5.1,] 
		 3: %self[2.0,2.0,] %v_8[5.2,] @settings_params[3.0,] 
		 4: RETURN %v_8[5.2,] 
BB 6
	outgoing: 7 
	datadep: 3 
	instructions:
		 0: RETURN %v_5[3.0,] 
BB 7
	outgoing: 
	datadep: 
	instructions:

SET IRMethod, name = set_section
BB 1
	outgoing: 6 2 
	datadep: 
	instructions:
BB 2
	outgoing: 3 4 
	datadep: 
	instructions:
		 0: 
		 1: 
		 2: 
		 3: 
		 4: 
		 5: 
		 6: %self->params %self[2.0,] 
		 7: %v_3[2.6,] 
		 8: %v_4[2.7,] 
		 9: 
		 10: (VALID_SECTIONS) 
		 11: %v_5->include? %v_4[2.7,] %v_5[2.10,] 
		 12: BRANCH %v_6[2.11,] 
BB 3
	outgoing: 5 
	datadep: 2 
	instructions:
		 0: section[2.8,] 
		 1: 
BB 4
	outgoing: 5 
	datadep: 
	instructions:
		 0: 
		 1: %v_8[4.0,] 
BB 5
	outgoing: 6 
	datadep: 2 2 4 3 4 3 
	instructions:
		 0: %self[2.0,2.0,] %v_7[4.1,3.0,] @section[] 
		 1: RETURN %v_7[4.1,3.0,] 
BB 6
	outgoing: 
	datadep: 
	instructions:

SET IRMethod, name = set_setting
BB 1
	outgoing: 3 2 
	datadep: 
	instructions:
BB 2
	outgoing: 3 
	datadep: 
	instructions:
		 0: 
		 1: 
		 2: 
		 3: 
		 4: 
		 5: 
		 6: %self->this_blog %self[2.0,] 
		 7: %self[2.0,] %v_3[2.6,] @setting[] 
		 8: RETURN %v_3[2.6,] 
BB 3
	outgoing: 
	datadep: 
	instructions:

SET IRMethod, name = show
BB 1
	outgoing: 10 2 
	datadep: 
	instructions:
BB 2
	outgoing: 3 4 
	datadep: 
	instructions:
		 0: def_%self 
		 1: def_%v_0 
		 2: def_%current_scope 
		 3: def_%current_module 
		 4: 
		 5: 
		 6: def_%v_3 %self[2.0,] @setting[] 
		 7: def_%v_4 %v_3->permalink_format %v_3[2.6,] 
		 8: def_%v_5 
		 9: def_%v_6 %v_4[2.7,] %v_5[2.8,] 
		 10: BRANCH %v_6[2.9,] 
BB 3
	outgoing: 4 
	datadep: 
	instructions:
		 0: def_%v_7 %self[2.0,] @setting[2.6,] 
		 1: def_%v_8 %v_7->permalink_format %v_7[3.0,] 
		 2: def_%v_9 
		 3: def_%v_10 %v_8[3.1,] %v_9[3.2,] 
		 4: def_%v_6 %v_10[3.3,] 
BB 4
	outgoing: 5 6 
	datadep: 
	instructions:
		 0: BRANCH %v_6[3.4,2.9,] 
BB 5
	outgoing: 6 
	datadep: 
	instructions:
		 0: def_%v_11 %self[2.0,] @setting[3.0,2.6,] 
		 1: def_%v_12 %v_11->permalink_format %v_11[5.0,] 
		 2: def_%v_13 
		 3: def_%v_14 %v_12[5.1,] %v_13[5.2,] 
		 4: def_%v_6 %v_14[5.3,] 
BB 6
	outgoing: 7 8 
	datadep: 
	instructions:
		 0: BRANCH %v_6[5.4,3.4,2.9,] 
BB 7
	outgoing: 10 
	datadep: 
	instructions:
		 0: 
		 1: def_%v_15 %self[2.0,] @setting[5.0,3.0,2.6,] 
		 2: def_%v_16 %self[2.0,] @setting[7.1,5.0,3.0,2.6,] 
		 3: def_%v_17 %v_16->permalink_format %v_16[7.2,] 
		 4: ATTRASSIGN %v_15->custom_permalink %v_15[7.1,] %v_17[7.3,] 
		 5: 
		 6: def_%v_18 %self[2.0,] @setting[7.1,7.2,5.0,3.0,2.6,] 
		 7: def_%v_19 
		 8: ATTRASSIGN %v_18->permalink_format %v_18[7.6,] %v_19[7.7,] 
		 9: RETURN %v_19[7.7,] 
BB 8
	outgoing: 10 
	datadep: 
	instructions:
		 0: RETURN 
BB 10
	outgoing: 
	datadep: 
	instructions:

SET IRMethod, name = update
BB 1
	outgoing: 9 2 
	datadep: 
	instructions:
BB 2
	outgoing: 3 4 
	datadep: 
	instructions:
		 0: def_%self 
		 1: def_%v_0 
		 2: def_%current_scope 
		 3: def_%current_module 
		 4: 
		 5: 
		 6: def_%v_3 %self->settings_params %self[2.0,] 
		 7: def_%v_4 %v_3[2.6,] 
		 8: def_%v_5 
		 9: def_%v_6 %v_4[2.7,] %v_5[2.8,] 
		 10: BRANCH %v_6[2.9,] 
BB 3
	outgoing: 5 
	datadep: 
	instructions:
		 0: 
		 1: def_%v_7 %self->settings_params %self[2.0,] 
		 2: def_%v_8 %self->settings_params %self[3.1,2.0,] 
		 3: def_%v_9 %v_8[3.2,] 
		 4: %v_7[3.1,] %v_9[3.3,] 
		 5: 
BB 4
	outgoing: 5 
	datadep: 
	instructions:
		 0: def_%v_9 
BB 5
	outgoing: 6 7 
	datadep: 
	instructions:
		 0: 
		 1: def_%v_10 %self[2.0,] @setting[] 
		 2: def_%v_11 %self->settings_params %self[2.0,] 
		 3: def_%v_12 %v_10->update_attributes %v_10[5.1,] %v_11[5.2,] 
		 4: BRANCH %v_12[5.3,] 
BB 6
	outgoing: 9 
	datadep: 
	instructions:
		 0: 
		 1: def_%v_13 %self->flash %self[2.0,] 
		 2: def_%v_14 (I18n) 
		 3: def_%v_15 
		 4: def_%v_16 %v_14->t %v_14[6.2,] %v_15[6.3,] 
		 5: %v_13[6.1,] %v_16[6.4,] 
		 6: 
		 7: def_%v_17 %self[6.1,2.0,] @section[] 
		 8: def_%v_18 %v_17[6.7,] 
		 9: def_%v_19 %self->admin_seo_path %self[6.1,2.0,] %v_18[6.8,] 
		 10: def_%v_20 %self->redirect_to %self[6.1,6.9,2.0,] %v_19[6.9,] 
		 11: RETURN %v_20[6.10,] 
BB 7
	outgoing: 9 
	datadep: 
	instructions:
		 0: 
		 1: def_%v_21 %self->flash %self[2.0,] 
		 2: def_%v_22 (I18n) 
		 3: def_%v_23 
		 4: def_%v_24 %self->this_blog %self[7.1,2.0,] 
		 5: def_%v_25 %v_24->errors %v_24[7.4,] 
		 6: def_%v_26 %v_25->full_messages %v_25[7.5,] 
		 7: def_%v_27 
		 8: def_%v_28 %v_26->join %v_26[7.6,] %v_27[7.7,] 
		 9: def_%v_29 %v_28[7.8,] 
		 10: def_%v_30 %v_22->t %v_22[7.2,] %v_23[7.3,] %v_29[7.9,] 
		 11: %v_21[7.1,] %v_30[7.10,] 
		 12: 
		 13: def_%v_31 %self->render %self[7.1,7.4,2.0,] 
		 14: RETURN %v_31[7.13,] 
BB 9
	outgoing: 
	datadep: 
	instructions:

SET IRMethod, name = settings_params
BB 1
	outgoing: 7 2 
	datadep: 
	instructions:
BB 2
	outgoing: 3 4 
	datadep: 
	instructions:
		 0: def_%self 
		 1: def_%v_0 
		 2: def_%current_scope 
		 3: def_%current_module 
		 4: 
		 5: 
		 6: def_%v_4 %self[2.0,] 
		 7: def_%v_3 %v_4[2.6,] 
		 8: %v_4[2.6,] 
BB 3
	outgoing: 4 
	datadep: 
	instructions:
		 0: def_%v_5 %self[2.0,] @settings_params[] 
		 1: def_%v_3 %v_5[3.0,] 
BB 4
	outgoing: 5 6 
	datadep: 
	instructions:
		 0: BRANCH %v_3[3.1,2.7,] 
BB 5
	outgoing: 7 
	datadep: 
	instructions:
		 0: def_%v_6 %self->params %self[2.0,] 
		 1: def_%v_7 %v_6->require %v_6[5.0,] 
		 2: def_%v_8 %v_7->permit! %v_7[5.1,] 
		 3: %self[5.0,2.0,] %v_8[5.2,] @settings_params[3.0,] 
		 4: RETURN %v_8[5.2,] 
BB 6
	outgoing: 7 
	datadep: 
	instructions:
		 0: RETURN %v_5[3.0,] 
BB 7
	outgoing: 
	datadep: 
	instructions:

SET IRMethod, name = set_section
BB 1
	outgoing: 6 2 
	datadep: 
	instructions:
BB 2
	outgoing: 3 4 
	datadep: 
	instructions:
		 0: def_%self 
		 1: def_%v_0 
		 2: def_%current_scope 
		 3: def_%current_module 
		 4: 
		 5: 
		 6: def_%v_3 %self->params %self[2.0,] 
		 7: def_%v_4 %v_3[2.6,] 
		 8: def_section %v_4[2.7,] 
		 9: 
		 10: def_%v_5 (VALID_SECTIONS) 
		 11: def_%v_6 %v_5->include? %v_5[2.10,] %v_4[2.7,] 
		 12: BRANCH %v_6[2.11,] 
BB 3
	outgoing: 5 
	datadep: 
	instructions:
		 0: def_%v_7 section[2.8,] 
		 1: 
BB 4
	outgoing: 5 
	datadep: 
	instructions:
		 0: def_%v_8 
		 1: def_%v_7 %v_8[4.0,] 
BB 5
	outgoing: 6 
	datadep: 
	instructions:
		 0: %self[2.0,] %v_7[4.1,3.0,] @section[] 
		 1: RETURN %v_7[4.1,3.0,] 
BB 6
	outgoing: 
	datadep: 
	instructions:

SET IRMethod, name = set_setting
BB 1
	outgoing: 3 2 
	datadep: 
	instructions:
BB 2
	outgoing: 3 
	datadep: 
	instructions:
		 0: def_%self 
		 1: def_%v_0 
		 2: def_%current_scope 
		 3: def_%current_module 
		 4: 
		 5: 
		 6: def_%v_3 %self->this_blog %self[2.0,] 
		 7: %self[2.0,2.6,] %v_3[2.6,] @setting[] 
		 8: RETURN %v_3[2.6,] 
BB 3
	outgoing: 
	datadep: 
	instructions:

SET IRMethod, name = show
BB 1
	outgoing: 10 2 
	datadep: 
	instructions:
BB 2
	outgoing: 3 4 
	datadep: 
	instructions:
		 0: def_%self 
		 1: def_%v_0 
		 2: def_%current_scope 
		 3: def_%current_module 
		 4: 
		 5: 
		 6: def_%v_3 %self[2.0,] @setting[] 
		 7: def_%v_4 %v_3->permalink_format %v_3[2.6,] 
		 8: def_%v_5 
		 9: def_%v_6 %v_4[2.7,] %v_5[2.8,] 
		 10: BRANCH %v_6[2.9,] 
BB 3
	outgoing: 4 
	datadep: 
	instructions:
		 0: def_%v_7 %self[2.0,] @setting[2.6,] 
		 1: def_%v_8 %v_7->permalink_format %v_7[3.0,] 
		 2: def_%v_9 
		 3: def_%v_10 %v_8[3.1,] %v_9[3.2,] 
		 4: def_%v_6 %v_10[3.3,] 
BB 4
	outgoing: 5 6 
	datadep: 
	instructions:
		 0: BRANCH %v_6[3.4,2.9,] 
BB 5
	outgoing: 6 
	datadep: 
	instructions:
		 0: def_%v_11 %self[2.0,] @setting[3.0,2.6,] 
		 1: def_%v_12 %v_11->permalink_format %v_11[5.0,] 
		 2: def_%v_13 
		 3: def_%v_14 %v_12[5.1,] %v_13[5.2,] 
		 4: def_%v_6 %v_14[5.3,] 
BB 6
	outgoing: 7 8 
	datadep: 
	instructions:
		 0: BRANCH %v_6[5.4,3.4,2.9,] 
BB 7
	outgoing: 10 
	datadep: 
	instructions:
		 0: 
		 1: def_%v_15 %self[2.0,] @setting[5.0,3.0,2.6,] 
		 2: def_%v_16 %self[2.0,] @setting[7.1,5.0,3.0,2.6,] 
		 3: def_%v_17 %v_16->permalink_format %v_16[7.2,] 
		 4: ATTRASSIGN %v_15->custom_permalink %v_15[7.1,] %v_17[7.3,] 
		 5: 
		 6: def_%v_18 %self[2.0,] @setting[7.1,7.2,5.0,3.0,2.6,] 
		 7: def_%v_19 
		 8: ATTRASSIGN %v_18->permalink_format %v_18[7.6,] %v_19[7.7,] 
		 9: RETURN %v_19[7.7,] 
BB 8
	outgoing: 10 
	datadep: 
	instructions:
		 0: RETURN 
BB 10
	outgoing: 
	datadep: 
	instructions:

SET IRMethod, name = update
BB 1
	outgoing: 9 2 
	datadep: 
	instructions:
BB 2
	outgoing: 3 4 
	datadep: 
	instructions:
		 0: def_%self 
		 1: def_%v_0 
		 2: def_%current_scope 
		 3: def_%current_module 
		 4: 
		 5: 
		 6: def_%v_3 %self->settings_params %self[2.0,] 
		 7: def_%v_4 %v_3[2.6,] 
		 8: def_%v_5 
		 9: def_%v_6 %v_4[2.7,] %v_5[2.8,] 
		 10: BRANCH %v_6[2.9,] 
BB 3
	outgoing: 5 
	datadep: 
	instructions:
		 0: 
		 1: def_%v_7 %self->settings_params %self[2.0,] 
		 2: def_%v_8 %self->settings_params %self[3.1,2.0,] 
		 3: def_%v_9 %v_8[3.2,] 
		 4: %v_7[3.1,] %v_9[3.3,] 
		 5: 
BB 4
	outgoing: 5 
	datadep: 
	instructions:
		 0: def_%v_9 
BB 5
	outgoing: 6 7 
	datadep: 
	instructions:
		 0: 
		 1: def_%v_10 %self[2.0,] @setting[] 
		 2: def_%v_11 %self->settings_params %self[2.0,] 
		 3: def_%v_12 %v_10->update_attributes %v_10[5.1,] %v_11[5.2,] 
		 4: BRANCH %v_12[5.3,] 
BB 6
	outgoing: 9 
	datadep: 
	instructions:
		 0: 
		 1: def_%v_13 %self->flash %self[2.0,] 
		 2: def_%v_14 (I18n) 
		 3: def_%v_15 
		 4: def_%v_16 %v_14->t %v_14[6.2,] %v_15[6.3,] 
		 5: %v_13[6.1,] %v_16[6.4,] 
		 6: 
		 7: def_%v_17 %self[6.1,2.0,] @section[] 
		 8: def_%v_18 %v_17[6.7,] 
		 9: def_%v_19 %self->admin_seo_path %self[6.1,2.0,] %v_18[6.8,] 
		 10: def_%v_20 %self->redirect_to %self[6.1,6.9,2.0,] %v_19[6.9,] 
		 11: RETURN %v_20[6.10,] 
BB 7
	outgoing: 9 
	datadep: 
	instructions:
		 0: 
		 1: def_%v_21 %self->flash %self[2.0,] 
		 2: def_%v_22 (I18n) 
		 3: def_%v_23 
		 4: def_%v_24 %self->this_blog %self[7.1,2.0,] 
		 5: def_%v_25 %v_24->errors %v_24[7.4,] 
		 6: def_%v_26 %v_25->full_messages %v_25[7.5,] 
		 7: def_%v_27 
		 8: def_%v_28 %v_26->join %v_26[7.6,] %v_27[7.7,] 
		 9: def_%v_29 %v_28[7.8,] 
		 10: def_%v_30 %v_22->t %v_22[7.2,] %v_23[7.3,] %v_29[7.9,] 
		 11: %v_21[7.1,] %v_30[7.10,] 
		 12: 
		 13: def_%v_31 %self->render %self[7.1,7.4,2.0,] 
		 14: RETURN %v_31[7.13,] 
BB 9
	outgoing: 
	datadep: 
	instructions:

SET IRMethod, name = settings_params
BB 1
	outgoing: 7 2 
	datadep: 
	instructions:
BB 2
	outgoing: 3 4 
	datadep: 
	instructions:
		 0: def_%self 
		 1: def_%v_0 
		 2: def_%current_scope 
		 3: def_%current_module 
		 4: 
		 5: 
		 6: def_%v_4 %self[2.0,] 
		 7: def_%v_3 %v_4[2.6,] 
		 8: %v_4[2.6,] 
BB 3
	outgoing: 4 
	datadep: 
	instructions:
		 0: def_%v_5 %self[2.0,] @settings_params[] 
		 1: def_%v_3 %v_5[3.0,] 
BB 4
	outgoing: 5 6 
	datadep: 
	instructions:
		 0: BRANCH %v_3[3.1,2.7,] 
BB 5
	outgoing: 7 
	datadep: 
	instructions:
		 0: def_%v_6 %self->params %self[2.0,] 
		 1: def_%v_7 %v_6->require %v_6[5.0,] 
		 2: def_%v_8 %v_7->permit! %v_7[5.1,] 
		 3: %self[5.0,2.0,] %v_8[5.2,] @settings_params[3.0,] 
		 4: RETURN %v_8[5.2,] 
BB 6
	outgoing: 7 
	datadep: 
	instructions:
		 0: RETURN %v_5[3.0,] 
BB 7
	outgoing: 
	datadep: 
	instructions:

SET IRMethod, name = set_section
BB 1
	outgoing: 6 2 
	datadep: 
	instructions:
BB 2
	outgoing: 3 4 
	datadep: 
	instructions:
		 0: def_%self 
		 1: def_%v_0 
		 2: def_%current_scope 
		 3: def_%current_module 
		 4: 
		 5: 
		 6: def_%v_3 %self->params %self[2.0,] 
		 7: def_%v_4 %v_3[2.6,] 
		 8: def_section %v_4[2.7,] 
		 9: 
		 10: def_%v_5 (VALID_SECTIONS) 
		 11: def_%v_6 %v_5->include? %v_5[2.10,] %v_4[2.7,] 
		 12: BRANCH %v_6[2.11,] 
BB 3
	outgoing: 5 
	datadep: 
	instructions:
		 0: def_%v_7 section[2.8,] 
		 1: 
BB 4
	outgoing: 5 
	datadep: 
	instructions:
		 0: def_%v_8 
		 1: def_%v_7 %v_8[4.0,] 
BB 5
	outgoing: 6 
	datadep: 
	instructions:
		 0: %self[2.0,] %v_7[4.1,3.0,] @section[] 
		 1: RETURN %v_7[4.1,3.0,] 
BB 6
	outgoing: 
	datadep: 
	instructions:

SET IRMethod, name = set_setting
BB 1
	outgoing: 3 2 
	datadep: 
	instructions:
BB 2
	outgoing: 3 
	datadep: 
	instructions:
		 0: def_%self 
		 1: def_%v_0 
		 2: def_%current_scope 
		 3: def_%current_module 
		 4: 
		 5: 
		 6: def_%v_3 %self->this_blog %self[2.0,] 
		 7: %self[2.0,2.6,] %v_3[2.6,] @setting[] 
		 8: RETURN %v_3[2.6,] 
BB 3
	outgoing: 
	datadep: 
	instructions:

