SET IRMethod, name = index
BB 1
	outgoing: 6 2 
	datadep: 
	instructions:
BB 2
	outgoing: 3 4 
	datadep: 
	instructions:
		 0: 
		 1: 
		 2: 
		 3: 
		 4: 
		 5: 
		 6: %self->this_blog %self[2.0,] 
		 7: %v_3->base_url %v_3[2.6,] 
		 8: %v_4->blank? %v_4[2.7,] 
		 9: BRANCH %v_5[2.8,] 
BB 3
	outgoing: 5 
	datadep: 2 2 
	instructions:
		 0: %self->this_blog %self[2.0,] 
		 1: %self->blog_base_url %self[2.0,] 
		 2: %v_6[3.0,] %v_7[3.1,] 
		 3: 
BB 4
	outgoing: 5 
	datadep: 
	instructions:
		 0: 
BB 5
	outgoing: 6 
	datadep: 2 2 
	instructions:
		 0: 
		 1: %self->load_settings %self[2.0,2.0,] 
		 2: RETURN %v_8[5.1,] 
BB 6
	outgoing: 
	datadep: 
	instructions:

SET IRMethod, name = write
BB 1
	outgoing: 3 2 
	datadep: 
	instructions:
BB 2
	outgoing: 3 
	datadep: 
	instructions:
		 0: 
		 1: 
		 2: 
		 3: 
		 4: 
		 5: 
		 6: %self->load_settings %self[2.0,] 
		 7: RETURN %v_3[2.6,] 
BB 3
	outgoing: 
	datadep: 
	instructions:

SET IRMethod, name = feedback
BB 1
	outgoing: 3 2 
	datadep: 
	instructions:
BB 2
	outgoing: 3 
	datadep: 
	instructions:
		 0: 
		 1: 
		 2: 
		 3: 
		 4: 
		 5: 
		 6: %self->load_settings %self[2.0,] 
		 7: RETURN %v_3[2.6,] 
BB 3
	outgoing: 
	datadep: 
	instructions:

SET IRMethod, name = display
BB 1
	outgoing: 3 2 
	datadep: 
	instructions:
BB 2
	outgoing: 3 
	datadep: 
	instructions:
		 0: 
		 1: 
		 2: 
		 3: 
		 4: 
		 5: 
		 6: %self->load_settings %self[2.0,] 
		 7: RETURN %v_3[2.6,] 
BB 3
	outgoing: 
	datadep: 
	instructions:

SET IRMethod, name = update
BB 1
	outgoing: 6 2 
	datadep: 
	instructions:
BB 2
	outgoing: 3 4 
	datadep: 
	instructions:
		 0: 
		 1: 
		 2: 
		 3: 
		 4: 
		 5: 
		 6: %self->load_settings %self[2.0,] 
		 7: 
		 8: %self[2.0,] @setting[] 
		 9: %self->settings_params %self[2.0,] 
		 10: %v_4->update_attributes %v_4[2.8,] %v_5[2.9,] 
		 11: BRANCH %v_6[2.10,] 
BB 3
	outgoing: 6 
	datadep: 2 2 2 
	instructions:
		 0: 
		 1: %self->flash %self[2.0,] 
		 2: (I18n) 
		 3: 
		 4: %v_8->t %v_8[3.2,] %v_9[3.3,] 
		 5: %v_7[3.1,] %v_10[3.4,] 
		 6: 
		 7: %self->action_param %self[2.0,] 
		 8: %v_11[3.7,] 
		 9: %self->redirect_to %self[2.0,] %v_12[3.8,] 
		 10: RETURN %v_13[3.9,] 
BB 4
	outgoing: 6 
	datadep: 2 2 2 2 
	instructions:
		 0: 
		 1: %self->flash %self[2.0,] 
		 2: (I18n) 
		 3: 
		 4: %self->this_blog %self[2.0,] 
		 5: %v_17->errors %v_17[4.4,] 
		 6: %v_18->full_messages %v_18[4.5,] 
		 7: 
		 8: %v_19->join %v_19[4.6,] %v_20[4.7,] 
		 9: %v_21[4.8,] 
		 10: %v_15->t %v_15[4.2,] %v_16[4.3,] %v_22[4.9,] 
		 11: %v_14[4.1,] %v_23[4.10,] 
		 12: 
		 13: %self->action_param %self[2.0,] 
		 14: %self->render %v_24[4.13,] %self[2.0,] 
		 15: RETURN %v_25[4.14,] 
BB 6
	outgoing: 
	datadep: 
	instructions:

SET IRMethod, name = settings_params
BB 1
	outgoing: 7 2 
	datadep: 
	instructions:
BB 2
	outgoing: 3 4 
	datadep: 
	instructions:
		 0: 
		 1: 
		 2: 
		 3: 
		 4: 
		 5: 
		 6: %self[2.0,] 
		 7: %v_4[2.6,] 
		 8: %v_4[2.6,] 
BB 3
	outgoing: 4 
	datadep: 2 
	instructions:
		 0: %self[2.0,] @settings_params[] 
		 1: %v_5[3.0,] 
BB 4
	outgoing: 5 6 
	datadep: 3 2 
	instructions:
		 0: BRANCH %v_3[3.1,2.7,] 
BB 5
	outgoing: 7 
	datadep: 2 2 2 2 
	instructions:
		 0: %self->params %self[2.0,2.0,] 
		 1: %v_6->require %v_6[5.0,] 
		 2: %v_7->permit! %v_7[5.1,] 
		 3: %self[2.0,2.0,] %v_8[5.2,] @settings_params[3.0,] 
		 4: RETURN %v_8[5.2,] 
BB 6
	outgoing: 7 
	datadep: 3 
	instructions:
		 0: RETURN %v_5[3.0,] 
BB 7
	outgoing: 
	datadep: 
	instructions:

SET IRMethod, name = action_param
BB 1
	outgoing: 10 2 
	datadep: 
	instructions:
BB 2
	outgoing: 3 4 
	datadep: 
	instructions:
		 0: 
		 1: 
		 2: 
		 3: 
		 4: 
		 5: 
		 6: %self[2.0,] 
		 7: %v_4[2.6,] 
		 8: %v_4[2.6,] 
BB 3
	outgoing: 4 
	datadep: 2 
	instructions:
		 0: %self[2.0,] @action_param[] 
		 1: %v_5[3.0,] 
BB 4
	outgoing: 5 9 
	datadep: 3 2 
	instructions:
		 0: BRANCH %v_3[3.1,2.7,] 
BB 5
	outgoing: 6 7 
	datadep: 2 2 
	instructions:
		 0: 
		 1: %self->params %self[2.0,2.0,] 
		 2: %v_6[5.1,] 
		 3: %v_7[5.2,] 
		 4: 
		 5: (VALID_ACTIONS) 
		 6: %v_8->include? %v_8[5.5,] %v_7[5.2,] 
		 7: BRANCH %v_9[5.6,] 
BB 6
	outgoing: 8 
	datadep: 5 
	instructions:
		 0: value[5.3,] 
		 1: 
BB 7
	outgoing: 8 
	datadep: 
	instructions:
		 0: 
		 1: %v_11[7.0,] 
BB 8
	outgoing: 10 
	datadep: 2 2 2 2 7 6 7 6 
	instructions:
		 0: %self[2.0,2.0,2.0,2.0,] %v_10[7.1,6.0,] @action_param[3.0,3.0,] 
		 1: RETURN %v_10[7.1,6.0,] 
BB 9
	outgoing: 10 
	datadep: 3 
	instructions:
		 0: RETURN %v_5[3.0,] 
BB 10
	outgoing: 
	datadep: 
	instructions:

SET IRMethod, name = load_settings
BB 1
	outgoing: 3 2 
	datadep: 
	instructions:
BB 2
	outgoing: 3 
	datadep: 
	instructions:
		 0: 
		 1: 
		 2: 
		 3: 
		 4: 
		 5: 
		 6: %self->this_blog %self[2.0,] 
		 7: %self[2.0,] %v_3[2.6,] @setting[] 
		 8: RETURN %v_3[2.6,] 
BB 3
	outgoing: 
	datadep: 
	instructions:

