SET IRMethod, name = index
BB 1
	outgoing: 3 2 
	datadep: 
	instructions:
BB 2
	outgoing: 3 
	datadep: 
	instructions:
		 0: 
		 1: 
		 2: 
		 3: 
		 4: 
		 5: 
		 6: %self->available %self[2.0,] 
		 7: %self[2.0,] %v_3[2.6,] @available[] 
		 8: 
		 9: (Sidebar) 
		 10: %v_4->ordered_sidebars %v_4[2.9,] 
		 11: %self[2.0,] %v_5[2.10,] @ordered_sidebars[] 
		 12: RETURN %v_5[2.10,] 
BB 3
	outgoing: 
	datadep: 
	instructions:

SET IRMethod, name = update
BB 1
	outgoing: 8 2 
	datadep: 
	instructions:
BB 2
	outgoing: 4 5 6 
	datadep: 
	instructions:
		 0: 
		 1: 
		 2: 
		 3: 
		 4: 
		 5: 
		 6: %self->params %self[2.0,] 
		 7: %v_3[2.6,] 
		 8: %v_4[2.7,] 
		 9: 
		 10: (Sidebar) 
		 11: %self->params %self[2.0,] 
		 12: %v_6[2.11,] 
		 13: %v_7[2.12,] 
		 14: %v_5->where %v_5[2.10,] %v_8[2.13,] 
		 15: %v_9->first %v_9[2.14,] 
		 16: %v_10[2.15,] 
		 17: 
		 18: %v_10->staged_position %v_10[2.15,] 
		 19: BRANCH %v_11[2.18,] 
BB 4
	outgoing: 5 6 
	datadep: 2 
	instructions:
		 0: sidebar->active_position sidebar[2.16,] 
		 1: %v_12[4.0,] 
BB 5
	outgoing: 6 8 
	datadep: 4 2 2 2 2 2 2 2 2 2 2 2 
	instructions:
		 0: %v_11[4.1,2.18,] 
		 1: 
		 2: sidebar->id sidebar[2.16,2.16,] 
		 3: %v_13->to_s %v_13[5.2,] 
		 4: %v_14[5.3,] sidebar_config[2.8,2.8,] 
		 5: %v_15->permit! %v_15[5.4,] 
		 6: sidebar->update_attributes %v_16[5.5,] sidebar[2.16,2.16,] 
		 7: 
		 8: %self->respond_to %self[2.0,2.0,2.0,2.0,] 
CLOSURE BEGIN: 
BB 1
	outgoing: 6 2 
	datadep: 
	instructions:
BB 2
	outgoing: 3 
	datadep: 
	instructions:
		 0: 
		 1: 
		 2: 
		 3: 
		 4: 
BB 3
	outgoing: 4 6 
	datadep: 2 2 2 2 
	instructions:
		 0: 
		 1: format->js %self[2.0,] format[2.2,] 
CLOSURE BEGIN: 
BB 1
	outgoing: 6 2 
	datadep: 
	instructions:
BB 2
	outgoing: 3 
	datadep: 
	instructions:
		 0: 
		 1: 
		 2: 
		 3: 
BB 3
	outgoing: 4 6 
	datadep: 2 
	instructions:
		 0: 
		 1: 
		 2: 
		 3: %cl_2_3[3.1,] %cl_2_4[3.2,] 
		 4: %self->render %self[2.0,] %cl_2_5[3.3,] 
		 5: 
		 6: %cl_2_6[3.4,] 
BB 4
	outgoing: 6 
	datadep: 
	instructions:
		 0: 
		 1: %cl_2_7[4.0,] 
		 2: RETURN %cl_2_8[4.1,] 
BB 6
	outgoing: 
	datadep: 
	instructions:
CLOSURE END
		 2: 
		 3: format->html %self[2.0,] format[2.2,] 
CLOSURE BEGIN: 
BB 1
	outgoing: 6 2 
	datadep: 
	instructions:
BB 2
	outgoing: 3 
	datadep: 
	instructions:
		 0: 
		 1: 
		 2: 
		 3: 
BB 3
	outgoing: 4 6 
	datadep: 2 2 
	instructions:
		 0: 
		 1: %self->admin_sidebar_index_path %self[2.0,] 
		 2: %self->redirect_to %self[2.0,] %cl_3_3[3.1,] 
		 3: 
		 4: %cl_3_4[3.2,] 
BB 4
	outgoing: 6 
	datadep: 
	instructions:
		 0: 
		 1: %cl_3_5[4.0,] 
		 2: RETURN %cl_3_6[4.1,] 
BB 6
	outgoing: 
	datadep: 
	instructions:
CLOSURE END
		 4: RETURN %cl_1_4[3.3,] 
BB 4
	outgoing: 6 
	datadep: 
	instructions:
		 0: 
		 1: %cl_1_5[4.0,] 
		 2: RETURN %cl_1_6[4.1,] 
BB 6
	outgoing: 
	datadep: 
	instructions:
CLOSURE END
		 9: RETURN %v_18[5.8,] 
BB 6
	outgoing: 8 
	datadep: 
	instructions:
		 0: 
		 1: %v_19[6.0,] 
		 2: RETURN %v_20[6.1,] 
BB 8
	outgoing: 
	datadep: 
	instructions:

SET IRMethod, name = destroy
BB 1
	outgoing: 8 2 
	datadep: 
	instructions:
BB 2
	outgoing: 4 5 6 
	datadep: 
	instructions:
		 0: 
		 1: 
		 2: 
		 3: 
		 4: 
		 5: 
		 6: (Sidebar) 
		 7: %self->params %self[2.0,] 
		 8: %v_4[2.7,] 
		 9: %v_5[2.8,] 
		 10: %v_3->where %v_3[2.6,] %v_6[2.9,] 
		 11: %v_7->first %v_7[2.10,] 
		 12: %self[2.0,] %v_8[2.11,] @sidebar[] 
		 13: 
		 14: @sidebar[2.12,] 
		 15: BRANCH %v_9[2.14,] 
BB 4
	outgoing: 5 6 
	datadep: 2 
	instructions:
		 0: %self[2.0,] @sidebar[2.12,2.14,] 
		 1: %v_10->destroy %v_10[4.0,] 
		 2: %v_11[4.1,] 
BB 5
	outgoing: 6 8 
	datadep: 2 2 2 2 
	instructions:
		 0: 
		 1: %self->respond_to %self[2.0,2.0,2.0,2.0,] 
CLOSURE BEGIN: @sidebar[4.0,] 
BB 1
	outgoing: 6 2 
	datadep: 
	instructions:
BB 2
	outgoing: 3 
	datadep: 
	instructions:
		 0: 
		 1: 
		 2: 
		 3: 
		 4: 
BB 3
	outgoing: 4 6 
	datadep: 2 2 2 
	instructions:
		 0: 
		 1: format->html %self[2.0,] format[2.2,] 
CLOSURE BEGIN: 
BB 1
	outgoing: 6 2 
	datadep: 
	instructions:
BB 2
	outgoing: 3 
	datadep: 
	instructions:
		 0: 
		 1: 
		 2: 
		 3: 
BB 3
	outgoing: 4 6 
	datadep: 2 2 
	instructions:
		 0: 
		 1: %self->admin_sidebar_index_path %self[2.0,] 
		 2: %self->redirect_to %cl_2_3[3.1,] %self[2.0,] 
		 3: 
		 4: %cl_2_4[3.2,] 
BB 4
	outgoing: 6 
	datadep: 
	instructions:
		 0: 
		 1: %cl_2_5[4.0,] 
		 2: RETURN %cl_2_6[4.1,] 
BB 6
	outgoing: 
	datadep: 
	instructions:
CLOSURE END
		 2: 
		 3: format->js format[2.2,] 
		 4: RETURN %cl_1_4[3.3,] 
BB 4
	outgoing: 6 
	datadep: 
	instructions:
		 0: 
		 1: %cl_1_5[4.0,] 
		 2: RETURN %cl_1_6[4.1,] 
BB 6
	outgoing: 
	datadep: 
	instructions:
CLOSURE END
		 2: RETURN %v_12[5.1,] 
BB 6
	outgoing: 8 
	datadep: 
	instructions:
		 0: 
		 1: %v_13[6.0,] 
		 2: RETURN %v_14[6.1,] 
BB 8
	outgoing: 
	datadep: 
	instructions:

SET IRMethod, name = publish
BB 1
	outgoing: 3 2 
	datadep: 
	instructions:
BB 2
	outgoing: 3 
	datadep: 
	instructions:
		 0: 
		 1: 
		 2: 
		 3: 
		 4: 
		 5: 
		 6: (Sidebar) 
		 7: %v_3->apply_staging_on_active! %v_3[2.6,] 
		 8: 
		 9: (PageCache) 
		 10: %v_5->sweep_all %v_5[2.9,] 
		 11: 
		 12: %self->admin_sidebar_index_path %self[2.0,] 
		 13: %self->redirect_to %self[2.0,] %v_7[2.12,] 
		 14: RETURN %v_8[2.13,] 
BB 3
	outgoing: 
	datadep: 
	instructions:

SET IRMethod, name = sortable
BB 1
	outgoing: 6 2 
	datadep: 
	instructions:
BB 2
	outgoing: 4 6 
	datadep: 
	instructions:
		 0: 
		 1: 
		 2: 
		 3: 
		 4: 
		 5: 
		 6: %self->params %self[2.0,] 
		 7: %v_3[2.6,] 
		 8: %v_4->map %v_4[2.7,] 
		 9: %v_5[2.8,] 
		 10: 
		 11: (Sidebar) 
		 12: %v_6->transaction %self[2.0,] %v_6[2.11,] 
CLOSURE BEGIN: @available[] @ordered_sidebars[] 
BB 1
	outgoing: 6 2 
	datadep: 
	instructions:
BB 2
	outgoing: 3 
	datadep: 
	instructions:
		 0: 
		 1: 
		 2: 
		 3: 
BB 3
	outgoing: 4 6 
	datadep: 2 
	instructions:
		 0: 
		 1: sorted->each_with_index %self[2.0,] 
CLOSURE BEGIN: 
BB 1
	outgoing: 9 2 
	datadep: 
	instructions:
BB 2
	outgoing: 3 
	datadep: 
	instructions:
		 0: 
		 1: 
		 2: 
		 3: 
		 4: 
		 5: 
BB 3
	outgoing: 4 5 7 
	datadep: 2 
	instructions:
		 0: 
		 1: sidebar_id[2.2,] 
		 2: BRANCH %cl_2_3[3.1,] 
BB 4
	outgoing: 6 7 
	datadep: 2 
	instructions:
		 0: 
		 1: (Sidebar) 
		 2: %cl_2_4->available_sidebars %cl_2_4[4.1,] 
		 3: sidebar_id[2.2,] 
		 4: %cl_2_5[4.2,] %cl_2_6[4.3,] 
		 5: %cl_2_7->new %cl_2_7[4.4,] 
		 6: 
BB 5
	outgoing: 6 7 
	datadep: 2 
	instructions:
		 0: 
		 1: (Sidebar) 
		 2: %cl_2_9->valid %cl_2_9[5.1,] 
		 3: %cl_2_10->find sidebar_id[2.2,] %cl_2_10[5.2,] 
		 4: %cl_2_11[5.3,] 
BB 6
	outgoing: 7 9 
	datadep: 5 4 2 2 5 4 
	instructions:
		 0: %cl_2_8[5.4,4.5,] 
		 1: 
		 2: staged_index[2.3,2.3,] 
		 3: %cl_2_8->update_attributes %cl_2_12[6.2,] %cl_2_8[5.4,4.5,] 
		 4: RETURN %cl_2_13[6.3,] 
BB 7
	outgoing: 9 
	datadep: 
	instructions:
		 0: 
		 1: %cl_2_14[7.0,] 
		 2: RETURN %cl_2_15[7.1,] 
BB 9
	outgoing: 
	datadep: 
	instructions:
CLOSURE END
		 2: RETURN %cl_1_3[3.1,] 
BB 4
	outgoing: 6 
	datadep: 
	instructions:
		 0: 
		 1: %cl_1_4[4.0,] 
		 2: RETURN %cl_1_5[4.1,] 
BB 6
	outgoing: 
	datadep: 
	instructions:
CLOSURE END
		 13: 
		 14: (Sidebar) 
		 15: %v_8->ordered_sidebars %v_8[2.14,] 
		 16: %self[2.0,] %v_9[2.15,] @ordered_sidebars[] 
		 17: 
		 18: (Sidebar) 
		 19: %v_10->available_sidebars %v_10[2.18,] 
		 20: %self[2.0,] %v_11[2.19,] @available[] 
		 21: 
		 22: %self->respond_to %self[2.0,2.0,] 
CLOSURE BEGIN: @available[2.20,] @ordered_sidebars[2.16,] 
BB 1
	outgoing: 6 2 
	datadep: 
	instructions:
BB 2
	outgoing: 3 
	datadep: 
	instructions:
		 0: 
		 1: 
		 2: 
		 3: 
		 4: 
BB 3
	outgoing: 4 6 
	datadep: 2 2 2 2 
	instructions:
		 0: 
		 1: format->js %self[2.0,] format[2.2,] 
CLOSURE BEGIN: 
BB 1
	outgoing: 6 2 
	datadep: 
	instructions:
BB 2
	outgoing: 3 
	datadep: 
	instructions:
		 0: 
		 1: 
		 2: 
		 3: 
BB 3
	outgoing: 4 6 
	datadep: 2 2 
	instructions:
		 0: 
		 1: 
		 2: 
		 3: %self->render_to_string %self[2.0,] %cl_4_3[3.1,] %cl_4_4[3.2,] 
		 4: %cl_4_5[3.3,] 
		 5: %cl_4_6[3.4,] 
		 6: %self->render %self[2.0,] %cl_4_7[3.5,] 
		 7: RETURN %cl_4_8[3.6,] 
BB 4
	outgoing: 6 
	datadep: 
	instructions:
		 0: 
		 1: %cl_4_9[4.0,] 
		 2: RETURN %cl_4_10[4.1,] 
BB 6
	outgoing: 
	datadep: 
	instructions:
CLOSURE END
		 2: 
		 3: format->html %self[2.0,] format[2.2,] 
CLOSURE BEGIN: 
BB 1
	outgoing: 6 2 
	datadep: 
	instructions:
BB 2
	outgoing: 3 
	datadep: 
	instructions:
		 0: 
		 1: 
		 2: 
		 3: 
BB 3
	outgoing: 4 6 
	datadep: 2 2 
	instructions:
		 0: 
		 1: %self->admin_sidebar_index_path %self[2.0,] 
		 2: %self->redirect_to %self[2.0,] %cl_5_3[3.1,] 
		 3: 
		 4: %cl_5_4[3.2,] 
BB 4
	outgoing: 6 
	datadep: 
	instructions:
		 0: 
		 1: %cl_5_5[4.0,] 
		 2: RETURN %cl_5_6[4.1,] 
BB 6
	outgoing: 
	datadep: 
	instructions:
CLOSURE END
		 4: RETURN %cl_3_4[3.3,] 
BB 4
	outgoing: 6 
	datadep: 
	instructions:
		 0: 
		 1: %cl_3_5[4.0,] 
		 2: RETURN %cl_3_6[4.1,] 
BB 6
	outgoing: 
	datadep: 
	instructions:
CLOSURE END
		 23: RETURN %v_12[2.22,] 
BB 4
	outgoing: 6 
	datadep: 
	instructions:
		 0: 
		 1: %v_13[4.0,] 
		 2: RETURN %v_14[4.1,] 
BB 6
	outgoing: 
	datadep: 
	instructions:

SET IRMethod, name = available
BB 1
	outgoing: 5 2 
	datadep: 
	instructions:
BB 2
	outgoing: 3 4 
	datadep: 
	instructions:
		 0: 
		 1: 
		 2: 
		 3: 
		 4: 
		 5: 
		 6: 
		 7: %v_3[2.6,] 
BB 3
	outgoing: 4 
	datadep: 
	instructions:
		 0: 
BB 4
	outgoing: 5 
	datadep: 3 2 
	instructions:
		 0: %v_3->available_sidebars %v_3[3.0,2.6,] 
		 1: RETURN %v_4[4.0,] 
BB 5
	outgoing: 
	datadep: 
	instructions:

