digraph sketch {
	n20 [label=<<i>20__ User(User)   where</i>> color=blue]; 
	n20 -> n21 [label="0"]
	n21 [label=<<i>21__ User where( session_token =) session( u) to_s)   first</i>> color=blue]; 
	n109 [label=<<i>109__ self(ApplicationController)   params</i>> color=crimson]; 
	n142 [label=<<i>142__ self lock(true) where( key =) key)   first</i>> color=blue]; 
	n143 [label=<<i>143__ self lock(true)   where</i>> color=blue]; 
	n144 [label=<<i>144__ self(Keystore)   lock</i>> color=blue]; 
	n151 [label=<<i>151__ key   where</i>> color=blue]; 
	n153 [label=<<i>153__ kv(Keystore)   save!</i>> color=blue]; 
	n184 [label=<<i>184__ traffic_kv(Keystore)   value</i>> color=darkorange]; 
	n184 -> n186 [label="0"]
	n186 [label=<<i>186__ traffic_kv(Keystore)   save!</i>> color=blue]; 
	n188 [label=<<i>188__ date_kv(Keystore)   value</i>> color=darkorange]; 
	n188 -> n190 [label="0"]
	n190 [label=<<i>190__ date_kv(Keystore)   save!</i>> color=blue]; 
	n276 [label=<<i>276__ self(UsersController)   params</i>> color=crimson]; 
	n276 -> n279 [label="2"]
	n279 [label=<<i>279__ User(User)   where</i>> color=blue]; 
	n279 -> n280 [label="0"]
	n280 [label=<<i>280__ User where( username =) params( username))   first</i>> color=blue]; 
	n280 -> n375 [label="3"]
	n280 -> n382 [label="4"]
	n280 -> n385 [label="4"]
	n305 [label=<<i>305__ self(User)   banned_at</i>> color=darkorange]; 
	n305 -> n375 [label="0"]
	n305 -> n385 [label="1"]
	n307 [label=<<i>307__ self(User)   banned_by_user_id</i>> color=darkorange]; 
	n307 -> n375 [label="0"]
	n307 -> n385 [label="1"]
	n309 [label=<<i>309__ self(User)   banned_reason</i>> color=darkorange]; 
	n309 -> n375 [label="0"]
	n309 -> n385 [label="1"]
	n326 [label=<<i>326__ self(User)   session_token</i>> color=darkorange]; 
	n326 -> n375 [label="0"]
	n350 [label=<<i>350__ self(User)   rss_token</i>> color=darkorange]; 
	n368 [label=<<i>368__ self(User)   mailing_list_token</i>> color=darkorange]; 
	n375 [label=<<i>375__ self(User)   save!</i>> color=blue]; 
	n375 -> n385 [label="1"]
	n382 [label=<<i>382__ m(Moderation)   moderator_user_id</i>> color=darkorange]; 
	n382 -> n744 [label="0"]
	n382 -> n743 [label="3"]
	n382 -> n549 [label="4"]
	n382 -> n551 [label="4"]
	n382 -> n611 [label="9"]
	n382 -> n524 [label="11"]
	n382 -> n523 [label="11"]
	n385 [label=<<i>385__ m(Moderation)   user_id</i>> color=darkorange]; 
	n385 -> n744 [label="0"]
	n385 -> n743 [label="3"]
	n385 -> n549 [label="4"]
	n385 -> n551 [label="4"]
	n385 -> n611 [label="9"]
	n385 -> n524 [label="11"]
	n385 -> n523 [label="11"]
	n388 [label=<<i>388__ m(Moderation)   action</i>> color=darkorange]; 
	n388 -> n744 [label="0"]
	n388 -> n743 [label="3"]
	n388 -> n549 [label="4"]
	n388 -> n551 [label="4"]
	n388 -> n611 [label="9"]
	n388 -> n524 [label="11"]
	n388 -> n523 [label="11"]
	n523 [label=<<i>523__ self received_messages unread   count</i>> color=blue]; 
	n523 -> n524 [label="0"]
	n524 [label=<<i>524__ Keystore(Keystore)   put</i>> color=blue]; 
	n549 [label=<<i>549__ recipient   where</i>> color=blue]; 
	n551 [label=<<i>551__ recipient   where</i>> color=blue]; 
	n611 [label=<<i>611__ self(Message)   short_id</i>> color=darkorange]; 
	n743 [label=<<i>743__ m(Message)   save</i>> color=blue]; 
	n744 [label=<<i>744__ m(Moderation)   save!</i>> color=blue]; 
}