SET IRMethod, name = send_attachment
BB 1
	outgoing: 11 2 
	datadep: 
	instructions:
BB 2
	outgoing: 3 9 
	datadep: 
	instructions:
		 0: def_%self 
		 1: def_%v_0 
		 2: COPY TYPE_CurrentScope def_%current_scope 
		 3: COPY TYPE_ScopeModule def_%current_module 
		 4: 
		 5: RECEIVEARG def_attachment 
		 6: 
		 7: BRANCH attachment[2.5,] 
BB 3
	outgoing: 4 5 
	datadep: 
	instructions:
		 0: 
		 1: %self->current_user def_%v_3 %self[2.0,] 	 ARGS:
		 2: %v_3->able_to_view? def_%v_4 %v_3[3.1,] attachment[2.5,] 	 ARGS:attachment,
		 3: BRANCH %v_4[3.2,] 
BB 4
	outgoing: 8 
	datadep: 
	instructions:
		 0: COPY TYPE_Nil def_%v_5 
		 1: 
BB 5
	outgoing: 6 7 
	datadep: 
	instructions:
		 0: (Errors) def_%v_6 
		 1: (inherit AccessDenied) def_%v_7 %v_6[5.0,] 
		 2: %v_7[5.1,] 
BB 6
	outgoing: 7 
	datadep: 
	instructions:
		 0: %v_6->const_missing def_%v_7 %v_6[5.0,] 	 ARGS:Symbol,
BB 7
	outgoing: 8 
	datadep: 
	instructions:
		 0: %self->raise def_%v_8 %self[2.0,] %v_7[6.0,5.1,] 	 ARGS:%v_7,
		 1: COPY TYPE_PASS def_%v_5 %v_8[7.0,] 
BB 8
	outgoing: 11 
	datadep: 
	instructions:
		 0: 
		 1: %self->send_attachments_with def_%v_9 %self[2.0,] 	 ARGS:
		 2: COPY TYPE_PASS def_strategy_class %v_9[8.1,] 
		 3: 
		 4: %v_9->send_attachment def_%v_10 %v_9[8.1,] attachment[2.5,] %self[8.1,2.0,] 	 ARGS:attachment,%self,
		 5: RETURN %v_10[8.4,] %self[8.1,2.0,] 
BB 9
	outgoing: 11 
	datadep: 
	instructions:
		 0: RETURN %self[2.0,] 
BB 11
	outgoing: 
	datadep: 
	instructions:

SET IRMethod, name = send_attachments_with
BB 1
	outgoing: 5 2 
	datadep: 
	instructions:
BB 2
	outgoing: 3 4 
	datadep: 
	instructions:
		 0: def_%self 
		 1: def_%v_0 
		 2: COPY TYPE_CurrentScope def_%current_scope 
		 3: COPY TYPE_ScopeModule def_%current_module 
		 4: 
		 5: 
		 6: (Attachments) def_%v_3 
		 7: (inherit Serving) def_%v_4 %v_3[2.6,] 
		 8: %v_4[2.7,] 
BB 3
	outgoing: 4 
	datadep: 
	instructions:
		 0: %v_3->const_missing def_%v_4 %v_3[2.6,] 	 ARGS:Symbol,
BB 4
	outgoing: 5 
	datadep: 
	instructions:
		 0: %v_4->send_attachments_with def_%v_5 %v_4[3.0,2.7,] 	 ARGS:
		 1: RETURN %v_5[4.0,] %self[2.0,] 
BB 5
	outgoing: 
	datadep: 
	instructions:

SET IRMethod, name = send_attachments_with
BB 1
	outgoing: 3 2 
	datadep: 
	instructions:
BB 2
	outgoing: 3 
	datadep: 
	instructions:
		 0: def_%self 
		 1: def_%v_0 
		 2: COPY TYPE_CurrentScope def_%current_scope 
		 3: COPY TYPE_ScopeModule def_%current_module 
		 4: 
		 5: 
		 6: (Rails) def_%v_3 
		 7: %v_3->configuration def_%v_4 %v_3[2.6,] 	 ARGS:
		 8: %v_4->cms def_%v_5 %v_4[2.7,] 	 ARGS:
		 9: %v_5->attachments def_%v_6 %v_5[2.8,] 	 ARGS:
		 10: %v_6->storage def_%v_7 %v_6[2.9,] 	 ARGS:
		 11: COPY TYPE_PASS def_storage %v_7[2.10,] 
		 12: 
		 13: COPY TYPE_StringLiteral def_%v_8 
		 14: %v_7->to_s def_%v_9 %v_7[2.10,] 	 ARGS:
		 15: %v_9->classify def_%v_10 %v_9[2.14,] 	 ARGS:
		 16: COPY TYPE_StringLiteral def_%v_11 
		 17: BUILDSTRING def_%v_12 %v_8[2.13,] %v_10[2.15,] %v_11[2.16,] 
		 18: %v_12->constantize def_%v_13 %v_12[2.17,] 	 ARGS:
		 19: RETURN %v_13[2.18,] %self[2.0,] 
BB 3
	outgoing: 
	datadep: 
	instructions:

SET IRMethod, name = attachments_storage_location
BB 1
	outgoing: 3 2 
	datadep: 
	instructions:
BB 2
	outgoing: 3 
	datadep: 
	instructions:
		 0: def_%self 
		 1: def_%v_0 
		 2: COPY TYPE_CurrentScope def_%current_scope 
		 3: COPY TYPE_ScopeModule def_%current_module 
		 4: 
		 5: 
		 6: (Rails) def_%v_3 
		 7: %v_3->configuration def_%v_4 %v_3[2.6,] 	 ARGS:
		 8: %v_4->cms def_%v_5 %v_4[2.7,] 	 ARGS:
		 9: %v_5->attachments def_%v_6 %v_5[2.8,] 	 ARGS:
		 10: %v_6->storage_directory def_%v_7 %v_6[2.9,] 	 ARGS:
		 11: RETURN %v_7[2.10,] %self[2.0,] 
BB 3
	outgoing: 
	datadep: 
	instructions:

SET IRMethod, name = send_attachment
BB 1
	outgoing: 11 2 
	datadep: 
	instructions:
BB 2
	outgoing: 3 4 
	datadep: 
	instructions:
		 0: def_%self 
		 1: def_%v_0 
		 2: COPY TYPE_CurrentScope def_%current_scope 
		 3: COPY TYPE_ScopeModule def_%current_module 
		 4: 
		 5: RECEIVEARG def_attachment 
		 6: RECEIVEARG def_controller 
		 7: 
		 8: controller->params def_%v_3 controller[2.6,] 	 ARGS:
		 9: %v_3->[] def_%v_4 %v_3[2.8,] 	 ARGS:Symbol,
		 10: COPY TYPE_PASS def_style %v_4[2.9,] 
		 11: 
		 12: BRANCH %v_4[2.9,] 
BB 3
	outgoing: 5 
	datadep: 
	instructions:
		 0: COPY TYPE_Nil def_%v_5 
		 1: 
BB 4
	outgoing: 5 
	datadep: 
	instructions:
		 0: COPY TYPE_StringLiteral def_%v_6 
		 1: COPY TYPE_PASS def_style %v_6[4.0,] 
		 2: COPY TYPE_PASS def_%v_5 %v_6[4.0,] 
BB 5
	outgoing: 6 7 
	datadep: 
	instructions:
		 0: 
		 1: attachment->path def_%v_7 attachment[2.5,] style[4.1,2.10,] 	 ARGS:style,
		 2: COPY TYPE_PASS def_path_to_file %v_7[5.1,] 
		 3: 
		 4: (File) def_%v_8 
		 5: %v_8->exists? def_%v_9 %v_8[5.4,] %v_7[5.1,] 	 ARGS:path_to_file,
		 6: BRANCH %v_9[5.5,] 
BB 6
	outgoing: 11 
	datadep: 
	instructions:
		 0: 
		 1: (Rails) def_%v_10 
		 2: %v_10->logger def_%v_11 %v_10[6.1,] 	 ARGS:
		 3: COPY TYPE_StringLiteral def_%v_12 
		 4: BUILDSTRING def_%v_13 %v_12[6.3,] path_to_file[5.2,] 
		 5: %v_11->debug def_%v_14 %v_11[6.2,] %v_13[6.4,] 	 ARGS:%v_13,
		 6: 
		 7: attachment->file_name def_%v_15 attachment[2.5,] 	 ARGS:
		 8: attachment->file_type def_%v_16 attachment[6.7,2.5,] 	 ARGS:
		 9: COPY TYPE_StringLiteral def_%v_17 
		 10: HASH-filename-type-disposition- def_%v_18 %v_15[6.7,] %v_16[6.8,] %v_17[6.9,] 
		 11: controller->send_file def_%v_19 controller[2.6,] path_to_file[5.2,] %v_18[6.10,] 	 ARGS:path_to_file,%v_18,
		 12: RETURN %v_19[6.11,] %self[2.0,] 
BB 7
	outgoing: 8 9 
	datadep: 
	instructions:
		 0: 
		 1: COPY TYPE_StringLiteral def_%v_20 
		 2: COPY TYPE_StringLiteral def_%v_21 
		 3: BUILDSTRING def_%v_22 %v_20[7.1,] path_to_file[5.2,] %v_21[7.2,] 
		 4: COPY TYPE_PASS def_msg %v_22[7.3,] 
		 5: 
		 6: (Rails) def_%v_23 
		 7: %v_23->logger def_%v_24 %v_23[7.6,] 	 ARGS:
		 8: %v_24->error def_%v_25 %v_24[7.7,] msg[7.4,] 	 ARGS:msg,
		 9: 
		 10: (ActiveRecord) def_%v_26 
		 11: (inherit RecordNotFound) def_%v_27 %v_26[7.10,] 
		 12: %v_27[7.11,] 
BB 8
	outgoing: 9 
	datadep: 
	instructions:
		 0: %v_26->const_missing def_%v_27 %v_26[7.10,] 	 ARGS:Symbol,
BB 9
	outgoing: 11 
	datadep: 
	instructions:
		 0: %v_27->new def_%v_28 %v_27[8.0,7.11,] msg[7.4,] 	 ARGS:msg,
		 1: %self->raise def_%v_29 %self[2.0,] %v_28[9.0,] 	 ARGS:%v_28,
		 2: RETURN %v_29[9.1,] %self[9.1,2.0,] 
BB 11
	outgoing: 
	datadep: 
	instructions:

