digraph HomeController_tagged_forward_70348580302440 {
	n18 -> n19
	n19 -> n20
	n20 -> n23
	n23 -> n49
	n49 -> n50
	n20 -> n52
	n52 -> n57
	n57 -> n58
	n58 -> n63
	n63 -> n64
	n57 -> n60
	n60 -> n61
	n61 -> n63
	n52 -> n60
	n19 -> n21
	n21 -> n22
	n21 -> n50
	n18 [label=<<i>User.where</i>> color=crimson shape=doubleoctagon]; 
	n19 [label = <<i>User_where(session_token=Isession[u]_to_s).first</i>> color=coral1 ]
	n20 []
	n23 [label = <<i>user.is_active?</i>> ]
	n49 []
	n50 []
	n52 []
	n57 []
	n58 [label = <<i>@user.id</i>> ]
	n63 []
	n64 [label = <<i>Rails_logger.info</i>> ]
	n60 []
	n61 [label = <<i>@user.username</i>> ]
	n21 []
	n22 []
}

digraph HomeController_tagged_backward_70348580302440 {
	n13 -> n18
	n17 -> n18
	n16 -> n17
	n15 -> n16
	n14 -> n15
	n3 -> n14
	n18 [label=<<i>User.where</i>> color=crimson shape=doubleoctagon]; 
	n13 []
	n17 []
	n16 [label = <<i>session[u].to_s</i>> ]
	n15 []
	n14 [label = <<i>self.session</i>> ]
	n3 []
}

digraph HomeController_tagged_forward_70348580301180 {
	n19 -> n20
	n20 -> n23
	n23 -> n49
	n49 -> n50
	n20 -> n52
	n52 -> n57
	n57 -> n58
	n58 -> n63
	n63 -> n64
	n57 -> n60
	n60 -> n61
	n61 -> n63
	n52 -> n60
	n19 -> n21
	n21 -> n22
	n21 -> n50
	n19 [label=<<i>User_where(session_token=Isession[u]_to_s).first</i>> color=crimson shape=doubleoctagon]; 
	n20 []
	n23 [label = <<i>user.is_active?</i>> ]
	n49 []
	n50 []
	n52 []
	n57 []
	n58 [label = <<i>@user.id</i>> ]
	n63 []
	n64 [label = <<i>Rails_logger.info</i>> ]
	n60 []
	n61 [label = <<i>@user.username</i>> ]
	n21 []
	n22 []
}

digraph HomeController_tagged_backward_70348580301180 {
	n18 -> n19
	n13 -> n18
	n17 -> n18
	n16 -> n17
	n15 -> n16
	n14 -> n15
	n3 -> n14
	n19 [label=<<i>User_where(session_token=Isession[u]_to_s).first</i>> color=crimson shape=doubleoctagon]; 
	n18 [label = <<i>User.where</i>> color=coral1 ]
	n13 []
	n17 []
	n16 [label = <<i>session[u].to_s</i>> ]
	n15 []
	n14 [label = <<i>self.session</i>> ]
	n3 []
}

digraph HomeController_tagged_forward_70348580027580 {
	n122 [label=<<i>Keystore.transaction</i>> color=crimson shape=doubleoctagon]; 
}

digraph HomeController_tagged_backward_70348580027580 {
	n121 -> n122
	n72 -> n122
	n122 [label=<<i>Keystore.transaction</i>> color=crimson shape=doubleoctagon]; 
	n121 []
	n72 []
}

digraph HomeController_tagged_forward_70348580276200 {
	n156 -> n158
	n158 -> n159
	n159 -> n160
	n160 -> n164
	n159 -> n162
	n156 [label=<<i>self.lock</i>> color=crimson shape=doubleoctagon]; 
	n158 [label = <<i>self_lock(true).where</i>> color=coral1 ]
	n159 [label = <<i>%cl_1_5.first</i>> ]
	n160 []
	n164 []
	n162 []
}

digraph HomeController_tagged_backward_70348580276200 {
	n151 -> n156
	n156 [label=<<i>self.lock</i>> color=crimson shape=doubleoctagon]; 
	n151 []
}

digraph HomeController_tagged_forward_70348580274700 {
	n158 -> n159
	n159 -> n160
	n160 -> n164
	n159 -> n162
	n158 [label=<<i>self_lock(true).where</i>> color=crimson shape=doubleoctagon]; 
	n159 [label = <<i>%cl_1_5.first</i>> ]
	n160 []
	n164 []
	n162 []
}

digraph HomeController_tagged_backward_70348580274700 {
	n156 -> n158
	n151 -> n156
	n157 -> n158
	n158 [label=<<i>self_lock(true).where</i>> color=crimson shape=doubleoctagon]; 
	n156 [label = <<i>self.lock</i>> color=coral1 ]
	n151 []
	n157 []
}

digraph HomeController_tagged_forward_70348580248400 {
	n182 -> n187
	n182 [label=<<i>kv.save!</i>> color=crimson shape=doubleoctagon]; 
	n187 []
}

digraph HomeController_tagged_backward_70348580248400 {
	n178 -> n182
	n174 -> n178
	n180 -> n182
	n178 -> n180
	n182 [label=<<i>kv.save!</i>> color=crimson shape=doubleoctagon]; 
	n178 []
	n174 []
	n180 []
}

digraph HomeController_tagged_forward_70348580245200 {
	n185 [label=<<i>self.where</i>> color=crimson shape=doubleoctagon]; 
}

digraph HomeController_tagged_backward_70348580245200 {
	n185 [label=<<i>self.where</i>> color=crimson shape=doubleoctagon]; 
}

digraph HomeController_tagged_forward_70348591014420 {
	n255 [label=<<i>traffic_kv.save!</i>> color=crimson shape=doubleoctagon]; 
}

digraph HomeController_tagged_backward_70348591014420 {
	n228 -> n255
	n227 -> n228
	n226 -> n227
	n225 -> n227
	n253 -> n255
	n228 -> n253
	n233 -> n253
	n232 -> n233
	n231 -> n232
	n230 -> n231
	n227 -> n230
	n242 -> n253
	n241 -> n242
	n233 -> n241
	n240 -> n241
	n239 -> n240
	n238 -> n239
	n237 -> n239
	n236 -> n237
	n235 -> n236
	n223 -> n235
	n136 -> n223
	n131 -> n136
	n130 -> n131
	n129 -> n130
	n134 -> n136
	n135 -> n136
	n218 -> n136
	n149 -> n218
	n139 -> n149
	n218 -> n136
	n221 -> n136
	n220 -> n221
	n219 -> n220
	n132 -> n236
	n131 -> n132
	n248 -> n253
	n247 -> n248
	n246 -> n247
	n245 -> n246
	n244 -> n245
	n241 -> n244
	n255 [label=<<i>traffic_kv.save!</i>> color=crimson shape=doubleoctagon]; 
	n228 []
	n227 [label = <<i>Keystore.find_or_create_key_for_update</i>> ]
	n226 []
	n225 []
	n253 []
	n233 []
	n232 []
	n231 [label = <<i>%cl_1_12.to_i</i>> ]
	n230 [label = <<i>%cl_1_11.value</i>> ]
	n242 []
	n241 []
	n240 [label = <<i>Time_now.to_i</i>> ]
	n239 []
	n238 []
	n237 []
	n236 []
	n235 [label = <<i>date_kv.value</i>> ]
	n223 []
	n136 [label = <<i>Keystore.find_or_create_key_for_update</i>> ]
	n131 [label = <<i>Time_now.to_i</i>> ]
	n130 [label = <<i>Time.now</i>> ]
	n129 []
	n134 []
	n135 []
	n218 []
	n149 [label = <<i>self.loop</i>> ]
	n139 []
	n221 []
	n220 []
	n219 []
	n132 []
	n248 []
	n247 [label = <<i>[[100,traffic]_max,10000].min</i>> ]
	n246 []
	n245 [label = <<i>[100,traffic].max</i>> ]
	n244 []
}

digraph HomeController_tagged_forward_70348591003380 {
	n259 [label=<<i>date_kv.save!</i>> color=crimson shape=doubleoctagon]; 
}

digraph HomeController_tagged_backward_70348591003380 {
	n223 -> n259
	n136 -> n223
	n131 -> n136
	n130 -> n131
	n129 -> n130
	n134 -> n136
	n135 -> n136
	n218 -> n136
	n149 -> n218
	n139 -> n149
	n218 -> n136
	n221 -> n136
	n220 -> n221
	n219 -> n220
	n257 -> n259
	n223 -> n257
	n132 -> n257
	n131 -> n132
	n259 [label=<<i>date_kv.save!</i>> color=crimson shape=doubleoctagon]; 
	n223 []
	n136 [label = <<i>Keystore.find_or_create_key_for_update</i>> ]
	n131 [label = <<i>Time_now.to_i</i>> ]
	n130 [label = <<i>Time.now</i>> ]
	n129 []
	n134 []
	n135 []
	n218 []
	n149 [label = <<i>self.loop</i>> ]
	n139 []
	n221 []
	n220 []
	n219 []
	n257 []
	n132 []
}

digraph HomeController_tagged_forward_70348590951180 {
	n307 -> n308
	n308 -> n309
	n308 -> n310
	n310 -> n278
	n307 [label=<<i>User.where</i>> color=crimson shape=doubleoctagon]; 
	n308 [label = <<i>User_where(rss_token=Iparams[token]_to_s).first</i>> color=coral1 ]
	n309 []
	n310 []
	n278 [label = <<i>self.find_user_from_rss_token</i>> ]
}

digraph HomeController_tagged_backward_70348590951180 {
	n302 -> n307
	n306 -> n307
	n305 -> n306
	n304 -> n305
	n303 -> n304
	n307 [label=<<i>User.where</i>> color=crimson shape=doubleoctagon]; 
	n302 []
	n306 []
	n305 [label = <<i>params[token].to_s</i>> ]
	n304 []
	n303 [label = <<i>self.params</i>> color=cyan3 ]
}

digraph HomeController_tagged_forward_70348590949720 {
	n308 -> n309
	n308 -> n310
	n310 -> n278
	n308 [label=<<i>User_where(rss_token=Iparams[token]_to_s).first</i>> color=crimson shape=doubleoctagon]; 
	n309 []
	n310 []
	n278 [label = <<i>self.find_user_from_rss_token</i>> ]
}

digraph HomeController_tagged_backward_70348590949720 {
	n307 -> n308
	n302 -> n307
	n306 -> n307
	n305 -> n306
	n304 -> n305
	n303 -> n304
	n308 [label=<<i>User_where(rss_token=Iparams[token]_to_s).first</i>> color=crimson shape=doubleoctagon]; 
	n307 [label = <<i>User.where</i>> color=coral1 ]
	n302 []
	n306 []
	n305 [label = <<i>params[token].to_s</i>> ]
	n304 []
	n303 [label = <<i>self.params</i>> color=cyan3 ]
}

digraph HomeController_tagged_forward_70348590890620 {
	n354 -> n355
	n355 -> n356
	n356 -> n358
	n358 -> n359
	n359 -> n360
	n360 -> n461
	n461 -> n462
	n462 -> n464
	n461 -> n463
	n463 -> n465
	n358 -> n467
	n467 -> n468
	n468 -> n469
	n469 -> n470
	n467 -> n471
	n471 -> n472
	n472 -> n477
	n472 -> n478
	n471 -> n480
	n480 -> n481
	n481 -> n482
	n482 -> n483
	n480 -> n486
	n486 -> n487
	n487 -> n492
	n492 -> n499
	n499 -> n500
	n486 -> n489
	n489 -> n490
	n490 -> n492
	n489 -> n495
	n495 -> n496
	n496 -> n498
	n498 -> n499
	n486 -> n495
	n480 -> n489
	n480 -> n495
	n467 -> n474
	n474 -> n475
	n475 -> n476
	n476 -> n477
	n476 -> n478
	n474 -> n480
	n358 -> n471
	n358 -> n474
	n356 -> n467
	n356 -> n471
	n356 -> n474
	n354 [label=<<i>Tag.where</i>> color=crimson shape=doubleoctagon]; 
	n355 [label = <<i>Tag_where(tag=Iparams[tag]).first!</i>> color=coral1 ]
	n356 []
	n358 []
	n359 []
	n360 []
	n461 []
	n462 []
	n464 []
	n463 []
	n465 []
	n467 []
	n468 [label = <<i>@tag.description</i>> ]
	n469 [label = <<i>@tag_description.blank?</i>> ]
	n470 []
	n471 []
	n472 [label = <<i>@tag.tag</i>> ]
	n477 []
	n478 []
	n480 []
	n481 [label = <<i>@tag.tag</i>> ]
	n482 [label = <<i>self.tag_url</i>> ]
	n483 []
	n486 []
	n487 [label = <<i>@tag.tag</i>> ]
	n492 []
	n499 []
	n500 []
	n489 []
	n490 [label = <<i>@tag.description</i>> ]
	n495 []
	n496 [label = <<i>@tag.tag</i>> ]
	n498 []
	n474 []
	n475 [label = <<i>@tag.description</i>> ]
	n476 []
}

digraph HomeController_tagged_backward_70348590890620 {
	n350 -> n354
	n353 -> n354
	n352 -> n353
	n351 -> n352
	n354 [label=<<i>Tag.where</i>> color=crimson shape=doubleoctagon]; 
	n350 []
	n353 []
	n352 []
	n351 [label = <<i>self.params</i>> color=cyan3 ]
}

digraph HomeController_tagged_forward_70348590889320 {
	n355 -> n356
	n356 -> n358
	n358 -> n359
	n359 -> n360
	n360 -> n461
	n461 -> n462
	n462 -> n464
	n461 -> n463
	n463 -> n465
	n358 -> n467
	n467 -> n468
	n468 -> n469
	n469 -> n470
	n467 -> n471
	n471 -> n472
	n472 -> n477
	n472 -> n478
	n471 -> n480
	n480 -> n481
	n481 -> n482
	n482 -> n483
	n480 -> n486
	n486 -> n487
	n487 -> n492
	n492 -> n499
	n499 -> n500
	n486 -> n489
	n489 -> n490
	n490 -> n492
	n489 -> n495
	n495 -> n496
	n496 -> n498
	n498 -> n499
	n486 -> n495
	n480 -> n489
	n480 -> n495
	n467 -> n474
	n474 -> n475
	n475 -> n476
	n476 -> n477
	n476 -> n478
	n474 -> n480
	n358 -> n471
	n358 -> n474
	n356 -> n467
	n356 -> n471
	n356 -> n474
	n355 [label=<<i>Tag_where(tag=Iparams[tag]).first!</i>> color=crimson shape=doubleoctagon]; 
	n356 []
	n358 []
	n359 []
	n360 []
	n461 []
	n462 []
	n464 []
	n463 []
	n465 []
	n467 []
	n468 [label = <<i>@tag.description</i>> ]
	n469 [label = <<i>@tag_description.blank?</i>> ]
	n470 []
	n471 []
	n472 [label = <<i>@tag.tag</i>> ]
	n477 []
	n478 []
	n480 []
	n481 [label = <<i>@tag.tag</i>> ]
	n482 [label = <<i>self.tag_url</i>> ]
	n483 []
	n486 []
	n487 [label = <<i>@tag.tag</i>> ]
	n492 []
	n499 []
	n500 []
	n489 []
	n490 [label = <<i>@tag.description</i>> ]
	n495 []
	n496 [label = <<i>@tag.tag</i>> ]
	n498 []
	n474 []
	n475 [label = <<i>@tag.description</i>> ]
	n476 []
}

digraph HomeController_tagged_backward_70348590889320 {
	n354 -> n355
	n350 -> n354
	n353 -> n354
	n352 -> n353
	n351 -> n352
	n355 [label=<<i>Tag_where(tag=Iparams[tag]).first!</i>> color=crimson shape=doubleoctagon]; 
	n354 [label = <<i>Tag.where</i>> color=coral1 ]
	n350 []
	n353 []
	n352 []
	n351 [label = <<i>self.params</i>> color=cyan3 ]
}

digraph HomeController_tagged_forward_70348590823140 {
	n428 -> n429
	n428 -> n430
	n430 -> n406
	n406 -> n433
	n433 -> n447
	n447 -> n377
	n377 -> n449
	n449 -> n450
	n450 -> n451
	n451 -> n367
	n367 -> n454
	n454 -> n455
	n455 -> n456
	n428 [label=<<i>Tag.where</i>> color=crimson shape=doubleoctagon]; 
	n429 []
	n430 []
	n406 [label = <<i>self.tags_filtered_by_cookie</i>> ]
	n433 [label = <<i>tags_filtered_by_cookie.map</i>> ]
	n447 []
	n377 [label = <<i>self.filtered_tag_ids</i>> ]
	n449 []
	n450 [label = <<i>StoryRepository.new</i>> ]
	n451 []
	n367 [label = <<i>self.stories</i>> ]
	n454 [label = <<i>stories.tagged</i>> ]
	n455 [label = <<i>%self.paginate</i>> ]
	n456 []
}

digraph HomeController_tagged_backward_70348590823140 {
	n427 -> n428
	n426 -> n427
	n424 -> n426
	n423 -> n424
	n422 -> n423
	n421 -> n423
	n408 -> n421
	n425 -> n426
	n420 -> n428
	n428 [label=<<i>Tag.where</i>> color=crimson shape=doubleoctagon]; 
	n427 []
	n426 [label = <<i>cookies[TAG_FILTER_COOKIE]_to_s.split</i>> ]
	n424 [label = <<i>cookies[TAG_FILTER_COOKIE].to_s</i>> ]
	n423 []
	n422 []
	n421 [label = <<i>self.cookies</i>> ]
	n408 []
	n425 []
	n420 []
}

