SET IRMethod, name = fancy_journal_time instanceMethod = true
BB 1
	outgoing: 6 2 
	datadep: 
	instructions:
BB 2
	outgoing: 3 4 
	datadep: 
	instructions:
		 0: def_%self 
		 1: def_%v_0 
		 2: COPY TYPE_CurrentScope def_%current_scope 
		 3: COPY TYPE_ScopeModule def_%current_module 
		 4: 
		 5: RECEIVEARG def_time 
		 6: 
		 7: GETFIELD %self->time_now def_%v_3 %self[2.0,] 
		 8: CONSTANT def_%v_4 	 SYMBOL:	 ARGS:
		 9: time->+ def_%v_5 time[2.5,] %v_4[2.8,] 	 SYMBOL:	 ARGS:%v_4,
		 10: %v_3->> def_%v_6 %v_3[2.7,] %v_5[2.9,] 	 SYMBOL:	 ARGS:%v_5,
		 11: BRANCH %v_6[2.10,] 
BB 3
	outgoing: 6 
	datadep: 
	instructions:
		 0: 
		 1: COPY TYPE_StringLiteral "date_format_time" def_%v_7 
		 2: %self->t def_%v_8 %self[2.0,] %v_7[3.1,] 	 SYMBOL:	 ARGS:%v_7,
		 3: time->strftime def_%v_9 time[2.5,] %v_8[3.2,] 	 SYMBOL:	 ARGS:%v_8,
		 4: RETURN %v_9[3.3,] %self[3.2,2.0,] 
BB 4
	outgoing: 6 
	datadep: 
	instructions:
		 0: 
		 1: (Time) def_%v_10 
		 2: %v_10->zone def_%v_11 %v_10[4.1,] 	 SYMBOL:	 ARGS:
		 3: %v_11->now def_%v_12 %v_11[4.2,] 	 SYMBOL:	 ARGS:
		 4: %self->distance_of_time_in_words def_%v_13 %self[2.0,] time[2.5,] %v_12[4.3,] 	 SYMBOL:	 ARGS:time,%v_12,
		 5: COPY TYPE_StringLiteral " ago" def_%v_14 
		 6: %v_13->+ def_%v_15 %v_13[4.4,] %v_14[4.5,] 	 SYMBOL:	 ARGS:%v_14,
		 7: RETURN %v_15[4.6,] %self[4.4,2.0,] 
BB 6
	outgoing: 
	datadep: 
	instructions:

