SET IRMethod, name = standard_search instanceMethod = true
BB 1
	outgoing: 9 2 
	datadep: 
	instructions:
BB 2
	outgoing: 3 4 
	datadep: 
	instructions:
		 0: def_%self 
		 1: def_%v_0 
		 2: COPY TYPE_CurrentScope def_%current_scope 
		 3: COPY TYPE_ScopeModule def_%current_module 
		 4: 
		 5: RECEIVEARG def_args 
		 6: RECEIVECONSTARG def_params 
		 7: params[2.6,] 
BB 3
	outgoing: 4 
	datadep: 
	instructions:
		 0: HASH- def_%v_3 
		 1: COPY TYPE_PASS def_params %v_3[3.0,] 
BB 4
	outgoing: 5 6 
	datadep: 
	instructions:
		 0: Line Number 14
		 1: params->[] def_%v_4 params[3.1,2.6,] 	 SYMBOL:rows,	 ARGS:Symbol,
		 2: BRANCH %v_4[4.1,] 
BB 5
	outgoing: 6 
	datadep: 
	instructions:
		 0: params->[]= def_%v_4 params[3.1,2.6,] 	 SYMBOL:rows,	 ARGS:Symbol,Fixnum,
		 1: COPY TYPE_Fixnum def_%v_4 
BB 6
	outgoing: 7 8 
	datadep: 
	instructions:
		 0: Line Number 15
		 1: params->[] def_%v_5 params[5.0,3.1,2.6,] 	 SYMBOL:page,	 ARGS:Symbol,
		 2: BRANCH %v_5[6.1,] 
BB 7
	outgoing: 8 
	datadep: 
	instructions:
		 0: params->[]= def_%v_5 params[5.0,3.1,2.6,] 	 SYMBOL:page,	 ARGS:Symbol,Fixnum,
		 1: COPY TYPE_Fixnum def_%v_5 
BB 8
	outgoing: 9 
	datadep: 
	instructions:
		 0: Line Number 16
		 1: (Product) def_%v_6 
		 2: COPY TYPE_Array def_%v_7 
		 3: HASH-include- def_%v_8 %v_7[8.2,] 
		 4: %v_6->search def_%v_9 %v_6[8.1,] %v_8[8.3,] %self[2.0,] 	 SYMBOL:	 ARGS:%v_8,%v_6,
CLOSURE BEGIN: %self[2.0,] args[2.5,] params[7.0,5.0,3.1,2.6,] 
BB 1
	outgoing: 6 2 
	datadep: 
	instructions:
BB 2
	outgoing: 3 
	datadep: 
	instructions:
		 0: def_%self 
		 1: def_%cl_1_0 
		 2: COPY TYPE_CurrentScope def_%current_scope 
		 3: COPY TYPE_ScopeModule def_%current_module 
BB 3
	outgoing: 4 6 
	datadep: 
	instructions:
		 0: Line Number 17
		 1: %self->keywords def_%cl_1_3 %self[2.0,] args[] 	 SYMBOL:	 ARGS:args,
		 2: Line Number 18
		 3: %self->any_of def_%cl_1_4 %self[3.1,2.0,] %self[3.1,2.0,] 	 SYMBOL:	 ARGS:%self,
CLOSURE BEGIN: %self[3.1,2.0,] 
BB 1
	outgoing: 6 2 
	datadep: 
	instructions:
BB 2
	outgoing: 3 
	datadep: 
	instructions:
		 0: def_%self 
		 1: def_%cl_2_0 
		 2: COPY TYPE_CurrentScope def_%current_scope 
		 3: COPY TYPE_ScopeModule def_%current_module 
BB 3
	outgoing: 4 6 
	datadep: 
	instructions:
		 0: Line Number 19
		 1: %self->with def_%cl_2_3 %self[2.0,] 	 SYMBOL:deleted_at,	 ARGS:Symbol,
		 2: (Time) def_%cl_2_4 
		 3: %cl_2_4->zone def_%cl_2_5 %cl_2_4[3.2,] 	 SYMBOL:	 ARGS:
		 4: %cl_2_5->now def_%cl_2_6 %cl_2_5[3.3,] 	 SYMBOL:	 ARGS:
		 5: %cl_2_3->greater_than def_%cl_2_7 %cl_2_3[3.1,] %cl_2_6[3.4,] 	 SYMBOL:	 ARGS:%cl_2_6,
		 6: Line Number 20
		 7: %self->with def_%cl_2_8 %self[3.1,2.0,] 	 SYMBOL:deleted_at,	 ARGS:Symbol,Nil,
		 8: RETURN %cl_2_8[3.7,] %self[3.1,3.7,2.0,] 
BB 4
	outgoing: 6 
	datadep: 
	instructions:
		 0: def_%cl_2_9 
		 1: def_%cl_2_10 %cl_2_9[4.0,] 
		 2: RETURN %cl_2_10[4.1,] %self[2.0,] 
BB 6
	outgoing: 
	datadep: 
	instructions:
CLOSURE END: 
		 4: Line Number 22
		 5: params->[] def_%cl_1_5 params[] 	 SYMBOL:page,	 ARGS:Symbol,
		 6: %cl_1_5->to_i def_%cl_1_6 %cl_1_5[3.5,] 	 SYMBOL:	 ARGS:
		 7: params->[] def_%cl_1_7 params[3.5,] 	 SYMBOL:rows,	 ARGS:Symbol,
		 8: %cl_1_7->to_i def_%cl_1_8 %cl_1_7[3.7,] 	 SYMBOL:	 ARGS:
		 9: HASH-page-per_page- def_%cl_1_9 %cl_1_6[3.6,] %cl_1_8[3.8,] 
		 10: %self->paginate def_%cl_1_10 %self[3.1,3.3,2.0,] %cl_1_9[3.9,] 	 SYMBOL:	 ARGS:%cl_1_9,
		 11: RETURN %cl_1_10[3.10,] %self[3.1,3.3,3.10,2.0,] 
BB 4
	outgoing: 6 
	datadep: 
	instructions:
		 0: def_%cl_1_11 
		 1: def_%cl_1_12 %cl_1_11[4.0,] 
		 2: RETURN %cl_1_12[4.1,] %self[2.0,] 
BB 6
	outgoing: 
	datadep: 
	instructions:
CLOSURE END: 
		 5: RETURN %v_9[8.4,] %self[2.0,] 
BB 9
	outgoing: 
	datadep: 
	instructions:

