SET IRMethod, name = deliver_activation_instructions! instanceMethod = true
BB 1
	outgoing: 8 2 
	datadep: 
	instructions:
BB 2
	outgoing: 3 6 
	datadep: 
	instructions:
		 0: def_%self 
		 1: def_%v_0 
		 2: COPY TYPE_CurrentScope def_%current_scope 
		 3: COPY TYPE_ScopeModule def_%current_module 
		 4: 
		 5: Line Number 8
		 6: (Settings) def_%v_3 
		 7: %v_3->uses_resque_for_background_emails def_%v_4 %v_3[2.6,] 	 SYMBOL:	 ARGS:
		 8: BRANCH %v_4[2.7,] 
BB 3
	outgoing: 4 5 
	datadep: 
	instructions:
		 0: Line Number 9
		 1: (Resque) def_%v_5 
		 2: (Jobs) def_%v_6 
		 3: (inherit SendSignUpNotification) def_%v_7 %v_6[3.2,] 
		 4: %v_7[3.3,] 
BB 4
	outgoing: 5 
	datadep: 
	instructions:
		 0: %v_6->const_missing def_%v_7 %v_6[3.2,] 	 SYMBOL:SendSignUpNotification,	 ARGS:Symbol,
BB 5
	outgoing: 8 
	datadep: 
	instructions:
		 0: %self->id def_%v_8 %self[2.0,] 	 SYMBOL:	 ARGS:
		 1: %v_5->enqueue def_%v_9 %v_5[3.1,] %v_7[4.0,3.3,] %v_8[5.0,] 	 SYMBOL:	 ARGS:%v_7,%v_8,
		 2: RETURN %v_9[5.1,] %self[5.0,2.0,] 
BB 6
	outgoing: 8 
	datadep: 
	instructions:
		 0: Line Number 11
		 1: (Notifier) def_%v_10 
		 2: %self->id def_%v_11 %self[2.0,] 	 SYMBOL:	 ARGS:
		 3: %v_10->signup_notification def_%v_12 %v_10[6.1,] %v_11[6.2,] 	 SYMBOL:	 ARGS:%v_11,
		 4: %v_12->deliver_later def_%v_13 %v_12[6.3,] 	 SYMBOL:	 ARGS:
		 5: RETURN %v_13[6.4,] %self[6.2,2.0,] 
BB 8
	outgoing: 
	datadep: 
	instructions:

SET IRMethod, name = deliver_password_reset_instructions! instanceMethod = true
BB 1
	outgoing: 17 2 
	datadep: 
	instructions:
BB 2
	outgoing: 3 6 
	datadep: 
	instructions:
		 0: def_%self 
		 1: def_%v_0 
		 2: COPY TYPE_CurrentScope def_%current_scope 
		 3: COPY TYPE_ScopeModule def_%current_module 
		 4: 
		 5: Line Number 16
		 6: %self->reset_perishable_token! def_%v_3 %self[2.0,] 	 SYMBOL:	 ARGS:
		 7: Line Number 17
		 8: (Settings) def_%v_4 
		 9: %v_4->uses_resque_for_background_emails def_%v_5 %v_4[2.8,] 	 SYMBOL:	 ARGS:
		 10: BRANCH %v_5[2.9,] 
BB 3
	outgoing: 4 5 
	datadep: 
	instructions:
		 0: Line Number 18
		 1: (Resque) def_%v_6 
		 2: (Jobs) def_%v_7 
		 3: (inherit SendPasswordResetInstructions) def_%v_8 %v_7[3.2,] 
		 4: %v_8[3.3,] 
BB 4
	outgoing: 5 
	datadep: 
	instructions:
		 0: %v_7->const_missing def_%v_8 %v_7[3.2,] 	 SYMBOL:SendPasswordResetInstructions,	 ARGS:Symbol,
BB 5
	outgoing: 17 
	datadep: 
	instructions:
		 0: %self->id def_%v_9 %self[2.0,] 	 SYMBOL:	 ARGS:
		 1: %v_6->enqueue def_%v_10 %v_6[3.1,] %v_8[4.0,3.3,] %v_9[5.0,] 	 SYMBOL:	 ARGS:%v_8,%v_9,
		 2: RETURN %v_10[5.1,] %self[5.0,2.0,] 
BB 6
	outgoing: 8 
	datadep: 
	instructions:
		 0: Line Number 20
		 1: GLOBALVAR $! def_%v_11 
BB 8
	outgoing: 9 10 
	datadep: 
	instructions:
		 0: 
		 1: (Notifier) def_%v_14 
		 2: %self->id def_%v_15 %self[2.0,] 	 SYMBOL:	 ARGS:
		 3: %v_14->password_reset_instructions def_%v_16 %v_14[8.1,] %v_15[8.2,] 	 SYMBOL:	 ARGS:%v_15,
		 4: %v_16->deliver_later def_%v_17 %v_16[8.3,] 	 SYMBOL:	 ARGS:
		 5: COPY TYPE_PASS def_%v_13 %v_17[8.4,] 
		 6: %v_11[6.1,] 
BB 9
	outgoing: 15 
	datadep: 
	instructions:
		 0: 
BB 10
	outgoing: 11 12 14 
	datadep: 
	instructions:
		 0: def_%v_18 
		 1: def_%v_19 %v_18[10.0,] 
		 2: BRANCH %v_19[10.1,] 
BB 11
	outgoing: 14 17 
	datadep: 
	instructions:
		 0: %v_18[10.0,] 
BB 12
	outgoing: 13 14 
	datadep: 
	instructions:
		 0: COPY TYPE_StringLiteral "do nothing...  dont blow up over a password reset email" def_%v_20 
		 1: %self->puts def_%v_21 %self[2.0,] %v_20[12.0,] 	 SYMBOL:	 ARGS:%v_20,
		 2: COPY TYPE_PASS def_%v_13 %v_21[12.1,] 
		 3: %v_11[6.1,] 
BB 13
	outgoing: 15 
	datadep: 
	instructions:
		 0: 
BB 14
	outgoing: 17 
	datadep: 
	instructions:
		 0: def_%v_22 
		 1: def_%v_23 %v_22[14.0,] %v_11[6.1,] 
		 2: %v_22[14.0,] 
BB 15
	outgoing: 17 
	datadep: 
	instructions:
		 0: RETURN %v_13[8.5,12.2,] %self[2.0,] 
BB 17
	outgoing: 
	datadep: 
	instructions:

