SET IRMethod, name = index
BB 1
	outgoing: 10 2 
	datadep: 
	instructions:
BB 2
	outgoing: 3 4 
	datadep: 
	instructions:
		 0: 
		 1: 
		 2: 
		 3: 
		 4: 
		 5: 
		 6: %self->params %self[2.0,] 
		 7: %v_3[2.6,] 
		 8: BRANCH %v_4[2.7,] 
BB 3
	outgoing: 10 
	datadep: 2 2 2 2 
	instructions:
		 0: 
		 1: (Membership) 
		 2: 
		 3: %v_5->where %v_5[3.1,] %v_6[3.2,] 
		 4: %v_7->includes %v_7[3.3,] 
		 5: %v_8->map %self[2.0,] %v_8[3.4,] 
CLOSURE BEGIN: @templates[] @order[] @group_admins[] @people[] 
BB 1
	outgoing: 6 2 
	datadep: 
	instructions:
BB 2
	outgoing: 3 
	datadep: 
	instructions:
		 0: 
		 1: 
		 2: 
		 3: 
		 4: 
BB 3
	outgoing: 4 6 
	datadep: 2 2 
	instructions:
		 0: 
		 1: m->person m[2.2,] 
		 2: m->group m[2.2,] 
		 3: %cl_1_3[3.1,] %cl_1_4[3.2,] 
		 4: RETURN %cl_1_5[3.3,] 
BB 4
	outgoing: 6 
	datadep: 
	instructions:
		 0: 
		 1: %cl_1_6[4.0,] 
		 2: RETURN %cl_1_7[4.1,] 
BB 6
	outgoing: 
	datadep: 
	instructions:
CLOSURE END
		 6: %v_9->sort_by %self[2.0,] %v_9[3.5,] 
CLOSURE BEGIN: @templates[] @order[] @group_admins[] @people[] 
BB 1
	outgoing: 9 2 
	datadep: 
	instructions:
BB 2
	outgoing: 3 
	datadep: 
	instructions:
		 0: 
		 1: 
		 2: 
		 3: 
		 4: 
BB 3
	outgoing: 4 5 7 
	datadep: 2 
	instructions:
		 0: 
		 1: %self->params %self[2.0,] 
		 2: %cl_2_3[3.1,] 
		 3: 
		 4: %cl_2_4[3.2,] %cl_2_5[3.3,] 
		 5: BRANCH %cl_2_6[3.4,] 
BB 4
	outgoing: 6 7 
	datadep: 2 
	instructions:
		 0: a[2.2,] 
		 1: 
BB 5
	outgoing: 6 7 
	datadep: 2 
	instructions:
		 0: a[2.2,] 
		 1: %cl_2_8[5.0,] 
BB 6
	outgoing: 7 9 
	datadep: 5 4 
	instructions:
		 0: %cl_2_7->name %cl_2_7[5.1,4.0,] 
		 1: RETURN %cl_2_9[6.0,] 
BB 7
	outgoing: 9 
	datadep: 
	instructions:
		 0: 
		 1: %cl_2_10[7.0,] 
		 2: RETURN %cl_2_11[7.1,] 
BB 9
	outgoing: 
	datadep: 
	instructions:
CLOSURE END
		 7: %self[2.0,] %v_10[3.6,] @group_admins[] 
		 8: 
		 9: 
		 10: %v_11[3.9,] 
		 11: %self->render %self[2.0,] %v_12[3.10,] 
		 12: RETURN %v_13[3.11,] 
BB 4
	outgoing: 5 6 
	datadep: 2 
	instructions:
		 0: 
		 1: %self->params %self[2.0,] 
		 2: %v_14[4.1,] 
		 3: 
		 4: %v_15[4.2,] %v_18[4.3,] 
		 5: BRANCH %v_17[4.4,] 
BB 5
	outgoing: 8 
	datadep: 
	instructions:
		 0: 
		 1: 
		 2: %v_20[5.1,] 
		 3: 
BB 6
	outgoing: 8 
	datadep: 
	instructions:
		 0: 
		 1: 
		 2: %v_19[6.1,] 
		 3: 
BB 8
	outgoing: 10 
	datadep: 2 6 5 2 2 
	instructions:
		 0: %self[2.0,] %v_16[6.2,5.2,] @order[] 
		 1: 
		 2: (Person) 
		 3: 
		 4: %v_21->where %v_21[8.2,] %v_22[8.3,] 
		 5: @order[8.0,] 
		 6: %v_23->order %v_24[8.5,] %v_23[8.4,] 
		 7: %v_25->includes %v_25[8.6,] 
		 8: %self[2.0,] %v_26[8.7,] @people[] 
		 9: 
		 10: (Admin) 
		 11: 
		 12: %v_27->where %v_27[8.10,] %v_28[8.11,] 
		 13: %v_29->order %v_29[8.12,] 
		 14: 
		 15: %v_30->select %v_30[8.13,] %v_31[8.14,] 
		 16: %self[2.0,] %v_32[8.15,] @templates[] 
		 17: RETURN %v_32[8.15,] 
BB 10
	outgoing: 
	datadep: 
	instructions:

SET IRMethod, name = edit
BB 1
	outgoing: 3 2 
	datadep: 
	instructions:
BB 2
	outgoing: 3 
	datadep: 
	instructions:
		 0: 
		 1: 
		 2: 
		 3: 
		 4: 
		 5: 
		 6: (Admin) 
		 7: %self->params %self[2.0,] 
		 8: %v_4[2.7,] 
		 9: %v_3->find %v_5[2.8,] %v_3[2.6,] 
		 10: %self[2.0,] %v_6[2.9,] @admin[] 
		 11: 
		 12: @admin[2.10,] 
		 13: %v_7->people %v_7[2.12,] 
		 14: 
		 15: %v_8->order %v_8[2.13,] %v_9[2.14,] 
		 16: %self[2.0,] %v_10[2.15,] @people[] 
		 17: RETURN %v_10[2.15,] 
BB 3
	outgoing: 
	datadep: 
	instructions:

SET IRMethod, name = update
BB 1
	outgoing: 9 2 
	datadep: 
	instructions:
BB 2
	outgoing: 3 7 
	datadep: 
	instructions:
		 0: 
		 1: 
		 2: 
		 3: 
		 4: 
		 5: 
		 6: (Admin) 
		 7: %self->params %self[2.0,] 
		 8: %v_4[2.7,] 
		 9: %v_3->find %v_5[2.8,] %v_3[2.6,] 
		 10: %self[2.0,] %v_6[2.9,] @admin[] 
		 11: 
		 12: (Admin) 
		 13: %v_7->privileges %v_7[2.12,] 
		 14: %v_8->each %self[2.0,] %v_8[2.13,] 
CLOSURE BEGIN: @logged_in[] @admin[] 
BB 1
	outgoing: 8 2 
	datadep: 
	instructions:
BB 2
	outgoing: 3 
	datadep: 
	instructions:
		 0: 
		 1: 
		 2: 
		 3: 
		 4: 
BB 3
	outgoing: 4 5 6 
	datadep: 2 2 
	instructions:
		 0: 
		 1: %self[2.0,] @admin[] 
		 2: %cl_1_3->flags %cl_1_3[3.1,] 
		 3: %self->params %self[2.0,] 
		 4: %cl_1_5[3.3,] 
		 5: BRANCH %cl_1_6[3.4,] 
BB 4
	outgoing: 5 6 
	datadep: 2 2 
	instructions:
		 0: %self->params %self[2.0,] 
		 1: %cl_1_7[4.0,] 
		 2: priv[2.2,] %cl_1_8[4.1,] 
		 3: 
		 4: %cl_1_10[4.3,] %cl_1_9[4.2,] 
		 5: %cl_1_11[4.4,] 
BB 5
	outgoing: 6 8 
	datadep: 3 2 4 3 4 3 
	instructions:
		 0: %cl_1_4[3.2,] priv[2.2,] %cl_1_6[4.5,3.4,] 
		 1: RETURN %cl_1_6[4.5,3.4,] 
BB 6
	outgoing: 8 
	datadep: 
	instructions:
		 0: 
		 1: %cl_1_12[6.0,] 
		 2: RETURN %cl_1_13[6.1,] 
BB 8
	outgoing: 
	datadep: 
	instructions:
CLOSURE END
		 15: 
		 16: %self[2.0,] @logged_in[] 
		 17: %v_10->super_admin? %v_10[2.16,] 
		 18: BRANCH %v_11[2.17,] 
BB 3
	outgoing: 4 5 
	datadep: 2 2 
	instructions:
		 0: 
		 1: %self[2.0,] @admin[2.10,] 
		 2: %self->params %self[2.0,] 
		 3: %v_13[3.2,] 
		 4: 
		 5: %v_14[3.3,] %v_15[3.4,] 
		 6: %v_16[3.5,] %v_12[3.1,] 
		 7: BRANCH %v_16[3.5,] 
BB 4
	outgoing: 6 
	datadep: 2 
	instructions:
		 0: 
		 1: (Admin) 
		 2: %v_17->privileges %v_17[4.1,] 
		 3: %v_18->each %self[2.0,] %v_18[4.2,] 
CLOSURE BEGIN: @logged_in[2.16,] @admin[] 
BB 1
	outgoing: 6 2 
	datadep: 
	instructions:
BB 2
	outgoing: 3 
	datadep: 
	instructions:
		 0: 
		 1: 
		 2: 
		 3: 
		 4: 
BB 3
	outgoing: 4 6 
	datadep: 2 2 
	instructions:
		 0: 
		 1: %self[2.0,] @admin[] 
		 2: %cl_2_3->flags %cl_2_3[3.1,] 
		 3: %cl_2_4[3.2,] priv[2.2,] 
		 4: RETURN 
BB 4
	outgoing: 6 
	datadep: 
	instructions:
		 0: 
		 1: %cl_2_5[4.0,] 
		 2: RETURN %cl_2_6[4.1,] 
BB 6
	outgoing: 
	datadep: 
	instructions:
CLOSURE END
		 4: 
BB 5
	outgoing: 6 
	datadep: 
	instructions:
		 0: 
BB 6
	outgoing: 8 
	datadep: 
	instructions:
		 0: 
BB 7
	outgoing: 8 
	datadep: 
	instructions:
		 0: 
BB 8
	outgoing: 9 
	datadep: 2 2 2 2 2 
	instructions:
		 0: 
		 1: %self->flash %self[2.0,] 
		 2: 
		 3: %self->t %self[2.0,] %v_21[8.2,] 
		 4: %v_20[8.1,] %v_22[8.3,] 
		 5: 
		 6: %self[2.0,] @admin[2.10,3.1,3.1,] 
		 7: %v_23->save! %v_23[8.6,] 
		 8: 
		 9: %self->administration_admins_path %self[2.0,] 
		 10: %self->redirect_to %v_25[8.9,] %self[2.0,] 
		 11: RETURN %v_26[8.10,] 
BB 9
	outgoing: 
	datadep: 
	instructions:

SET IRMethod, name = create
BB 1
	outgoing: 12 2 
	datadep: 
	instructions:
BB 2
	outgoing: 3 
	datadep: 
	instructions:
		 0: 
		 1: 
		 2: 
		 3: 
		 4: 
		 5: 
		 6: %self->flash %self[2.0,] 
		 7: 
		 8: %v_4[2.7,] %v_3[2.6,] 
		 9: 
		 10: %self->params %self[2.0,] 
		 11: %v_5[2.10,] 
		 12: %v_6->to_a %v_6[2.11,] 
BB 3
	outgoing: 5 4 
	datadep: 2 2 
	instructions:
		 0: %v_7->each %self[2.0,] %v_7[2.12,] 
CLOSURE BEGIN: 
BB 1
	outgoing: 20 2 
	datadep: 
	instructions:
BB 2
	outgoing: 3 
	datadep: 
	instructions:
		 0: 
		 1: 
		 2: 
		 3: 
		 4: 
BB 3
	outgoing: 4 5 18 
	datadep: 
	instructions:
		 0: 
		 1: (Site) 
		 2: %cl_1_3->current %cl_1_3[3.1,] 
		 3: %cl_1_4->max_admins %cl_1_4[3.2,] 
		 4: %cl_1_5->nil? %cl_1_5[3.3,] 
		 5: BRANCH %cl_1_6[3.4,] 
BB 4
	outgoing: 5 18 
	datadep: 
	instructions:
		 0: (Admin) 
		 1: %cl_1_7->people_count %cl_1_7[4.0,] 
		 2: (Site) 
		 3: %cl_1_9->current %cl_1_9[4.2,] 
		 4: %cl_1_10->max_admins %cl_1_10[4.3,] 
		 5: %cl_1_8[4.1,] %cl_1_11[4.4,] 
		 6: %cl_1_12[4.5,] 
BB 5
	outgoing: 6 16 
	datadep: 4 3 
	instructions:
		 0: BRANCH %cl_1_6[4.6,3.4,] 
BB 6
	outgoing: 7 8 18 
	datadep: 2 
	instructions:
		 0: 
		 1: (Person) 
		 2: %cl_1_13->find id[2.2,] %cl_1_13[6.1,] 
		 3: %cl_1_14[6.2,] 
		 4: 
		 5: %cl_1_14->admin? %cl_1_14[6.2,] 
		 6: BRANCH %cl_1_15[6.5,] 
BB 7
	outgoing: 15 18 
	datadep: 2 6 2 
	instructions:
		 0: 
		 1: %self->flash %self[2.0,] 
		 2: %cl_1_16[7.1,] 
		 3: 
		 4: person->name person[6.3,] 
		 5: %cl_1_19[7.4,] 
		 6: %self->t %self[2.0,] %cl_1_18[7.3,] %cl_1_20[7.5,] 
		 7: 
		 8: %cl_1_21[7.6,] %cl_1_22[7.7,] 
		 9: %cl_1_23[7.8,] %cl_1_17[7.2,] 
		 10: %cl_1_16[7.1,] %cl_1_17[7.2,7.9,] 
		 11: 
BB 8
	outgoing: 9 10 18 
	datadep: 2 
	instructions:
		 0: 
		 1: %self->params %self[2.0,] 
		 2: %cl_1_25[8.1,] 
		 3: %cl_1_26->to_i %cl_1_26[8.2,] 
		 4: %cl_1_27[8.3,] 
		 5: BRANCH %cl_1_28[8.4,] 
BB 9
	outgoing: 11 18 
	datadep: 2 
	instructions:
		 0: (Admin) 
		 1: %self->params %self[2.0,] 
		 2: %cl_1_30[9.1,] 
		 3: %cl_1_29->find %cl_1_29[9.0,] %cl_1_31[9.2,] 
		 4: 
BB 10
	outgoing: 11 18 
	datadep: 
	instructions:
		 0: (Admin) 
		 1: %cl_1_33->create! %cl_1_33[10.0,] 
		 2: %cl_1_34[10.1,] 
BB 11
	outgoing: 12 13 18 
	datadep: 6 10 9 
	instructions:
		 0: person[6.3,] %cl_1_32[10.2,9.3,] 
		 1: 
		 2: person->save! person[11.0,] 
		 3: 
		 4: person->save person[11.0,] 
		 5: BRANCH %cl_1_36[11.4,] 
BB 12
	outgoing: 14 18 
	datadep: 2 11 2 
	instructions:
		 0: 
		 1: %self->flash %self[2.0,] 
		 2: %cl_1_37[12.1,] 
		 3: 
		 4: person->name person[11.0,] 
		 5: %cl_1_40[12.4,] 
		 6: %self->t %self[2.0,] %cl_1_39[12.3,] %cl_1_41[12.5,] 
		 7: 
		 8: %cl_1_43[12.7,] %cl_1_42[12.6,] 
		 9: %cl_1_38[12.2,] %cl_1_44[12.8,] 
		 10: %cl_1_37[12.1,] %cl_1_38[12.2,12.9,] 
		 11: 
BB 13
	outgoing: 14 18 
	datadep: 2 11 
	instructions:
		 0: 
		 1: %self->add_errors_to_flash %self[2.0,] person[11.0,] 
		 2: %cl_1_46[13.1,] 
BB 14
	outgoing: 15 
	datadep: 13 12 12 
	instructions:
		 0: %cl_1_38[13.2,12.2,12.9,] 
BB 15
	outgoing: 20 
	datadep: 14 7 7 
	instructions:
		 0: RETURN %cl_1_17[14.0,7.2,7.9,] 
BB 16
	outgoing: 18 20 
	datadep: 2 2 
	instructions:
		 0: 
		 1: %self->flash %self[2.0,] 
		 2: %cl_1_47[16.1,] 
		 3: 
		 4: %self->t %self[2.0,] %cl_1_49[16.3,] 
		 5: 
		 6: %cl_1_50[16.4,] %cl_1_51[16.5,] 
		 7: %cl_1_48[16.2,] %cl_1_52[16.6,] 
		 8: %cl_1_47[16.1,] %cl_1_48[16.2,16.7,] 
		 9: 
		 10: 
BB 18
	outgoing: 20 
	datadep: 
	instructions:
		 0: 
		 1: %cl_1_54[18.0,] 
		 2: RETURN %cl_1_55[18.1,] 
BB 20
	outgoing: 
	datadep: 
	instructions:
CLOSURE END
		 1: 
BB 4
	outgoing: 5 
	datadep: 
	instructions:
		 0: 
		 1: %v_9[4.0,] 
BB 5
	outgoing: 6 7 
	datadep: 2 
	instructions:
		 0: 
		 1: %self->params %self[2.0,] 
		 2: %v_10[5.1,] 
		 3: BRANCH %v_11[5.2,] 
BB 6
	outgoing: 8 
	datadep: 2 2 2 
	instructions:
		 0: 
		 1: (Admin) 
		 2: %self->params %self[2.0,] 
		 3: %v_13[6.2,] 
		 4: %v_14[6.3,] 
		 5: %v_12->create! %v_15[6.4,] %v_12[6.1,] 
		 6: 
		 7: %self->flash %self[2.0,] 
		 8: %v_17[6.7,] 
		 9: 
		 10: %self->t %self[2.0,] %v_19[6.9,] 
		 11: %v_18[6.8,] %v_20[6.10,] 
		 12: %v_17[6.7,] %v_18[6.8,6.11,] 
		 13: 
BB 7
	outgoing: 8 
	datadep: 
	instructions:
		 0: 
BB 8
	outgoing: 9 10 
	datadep: 2 
	instructions:
		 0: 
		 1: %self->params %self[2.0,] 
		 2: %v_22[8.1,] 
		 3: BRANCH %v_23[8.2,] 
BB 9
	outgoing: 12 
	datadep: 2 2 
	instructions:
		 0: 
		 1: (URI) 
		 2: %self->params %self[2.0,] 
		 3: %v_25[9.2,] 
		 4: %v_24->parse %v_24[9.1,] %v_26[9.3,] 
		 5: %v_27->path %v_27[9.4,] 
		 6: %self->redirect_to %self[2.0,] %v_28[9.5,] 
		 7: RETURN %v_29[9.6,] 
BB 10
	outgoing: 12 
	datadep: 2 2 
	instructions:
		 0: 
		 1: %self->administration_admins_path %self[2.0,] 
		 2: %self->redirect_to %self[2.0,] %v_30[10.1,] 
		 3: RETURN %v_31[10.2,] 
BB 12
	outgoing: 
	datadep: 
	instructions:

SET IRMethod, name = destroy
BB 1
	outgoing: 6 2 
	datadep: 
	instructions:
BB 2
	outgoing: 3 4 
	datadep: 
	instructions:
		 0: 
		 1: 
		 2: 
		 3: 
		 4: 
		 5: 
		 6: (Admin) 
		 7: %self->params %self[2.0,] 
		 8: %v_4[2.7,] 
		 9: %v_3->find %v_5[2.8,] %v_3[2.6,] 
		 10: %self[2.0,] %v_6[2.9,] @admin[] 
		 11: 
		 12: %self->params %self[2.0,] 
		 13: %v_7[2.12,] 
		 14: BRANCH %v_8[2.13,] 
BB 3
	outgoing: 6 
	datadep: 2 2 2 
	instructions:
		 0: 
		 1: (Person) 
		 2: %self->params %self[2.0,] 
		 3: %v_10[3.2,] 
		 4: %v_9->find %v_9[3.1,] %v_11[3.3,] 
		 5: %self[2.0,] %v_12[3.4,] @person[] 
		 6: 
		 7: @person[3.5,] 
		 8: %v_13->update_attribute %v_13[3.7,] 
		 9: 
		 10: %self->respond_to %self[2.0,] 
CLOSURE BEGIN: @admin[] @person[3.5,] 
BB 1
	outgoing: 6 2 
	datadep: 
	instructions:
BB 2
	outgoing: 3 
	datadep: 
	instructions:
		 0: 
		 1: 
		 2: 
		 3: 
		 4: 
BB 3
	outgoing: 4 6 
	datadep: 2 2 
	instructions:
		 0: 
		 1: format->html format[2.2,] 
		 2: 
		 3: format->js format[2.2,] 
		 4: RETURN %cl_1_4[3.3,] 
BB 4
	outgoing: 6 
	datadep: 
	instructions:
		 0: 
		 1: %cl_1_5[4.0,] 
		 2: RETURN %cl_1_6[4.1,] 
BB 6
	outgoing: 
	datadep: 
	instructions:
CLOSURE END
		 11: RETURN %v_15[3.10,] 
BB 4
	outgoing: 6 
	datadep: 2 2 2 2 2 
	instructions:
		 0: 
		 1: %self[2.0,] @admin[2.10,] 
		 2: %v_16->destroy %v_16[4.1,] 
		 3: 
		 4: %self->flash %self[2.0,] 
		 5: 
		 6: %self->t %self[2.0,] %v_19[4.5,] 
		 7: %v_18[4.4,] %v_20[4.6,] 
		 8: 
		 9: %self->administration_admins_path %self[2.0,] 
		 10: %self->redirect_to %self[2.0,] %v_21[4.9,] 
		 11: RETURN %v_22[4.10,] 
BB 6
	outgoing: 
	datadep: 
	instructions:

SET IRMethod, name = only_admins
BB 1
	outgoing: 6 2 
	datadep: 
	instructions:
BB 2
	outgoing: 3 4 
	datadep: 
	instructions:
		 0: 
		 1: 
		 2: 
		 3: 
		 4: 
		 5: 
		 6: %self[2.0,] @logged_in[] 
		 7: %v_3->admin? %v_3[2.6,] 
		 8: BRANCH %v_4[2.7,] 
BB 3
	outgoing: 6 
	datadep: 
	instructions:
		 0: 
		 1: RETURN %v_5[3.0,] 
BB 4
	outgoing: 6 
	datadep: 2 2 
	instructions:
		 0: 
		 1: 
		 2: %self->t %self[2.0,] %v_6[4.1,] 
		 3: %v_7[4.2,] 
		 4: %self->render %self[2.0,] %v_8[4.3,] 
		 5: 
		 6: RETURN 
BB 6
	outgoing: 
	datadep: 
	instructions:

