SET IRMethod, name = index instanceMethod = true
BB 1
	outgoing: 5 2 
	datadep: 
	instructions:
BB 2
	outgoing: 3 4 
	datadep: 
	instructions:
		 0: def_%self 
		 1: def_%v_0 
		 2: COPY TYPE_CurrentScope def_%current_scope 
		 3: COPY TYPE_ScopeModule def_%current_module 
		 4: 
		 5: Line Number 4
		 6: HASH- def_%v_3 
		 7: ATTRASSIGN %self->settings %v_3[2.6,] 
		 8: Line Number 5
		 9: %self->our_settings def_%v_4 %self[2.0,2.7,] 	 SYMBOL:	 ARGS:
		 10: %v_4->each def_%v_5 %v_4[2.9,] %self[2.0,2.7,2.9,] 	 SYMBOL:	 ARGS:%v_4,
CLOSURE BEGIN: %self[2.0,2.7,2.9,] setting[] 
BB 1
	outgoing: 8 2 
	datadep: 
	instructions:
BB 2
	outgoing: 3 
	datadep: 
	instructions:
		 0: def_%self 
		 1: def_%cl_1_0 
		 2: RECEIVEARG def_setting 
		 3: COPY TYPE_CurrentScope def_%current_scope 
		 4: COPY TYPE_ScopeModule def_%current_module 
BB 3
	outgoing: 4 5 6 
	datadep: 
	instructions:
		 0: Line Number 6
		 1: GETFIELD %self->settings def_%cl_1_3 %self[2.0,] 
		 2: setting->section def_%cl_1_5 setting[2.2,] 	 SYMBOL:	 ARGS:
		 3: %cl_1_3->[] def_%cl_1_4 %cl_1_3[3.1,] %cl_1_5[3.2,] 	 SYMBOL:	 ARGS:%cl_1_5,
		 4: BRANCH %cl_1_4[3.3,] 
BB 4
	outgoing: 5 6 
	datadep: 
	instructions:
		 0: HASH- def_%cl_1_6 
		 1: %cl_1_3->[]= def_%cl_1_4 %cl_1_3[3.1,] %cl_1_5[3.2,] %cl_1_6[4.0,] 	 SYMBOL:	 ARGS:%cl_1_5,%cl_1_6,
		 2: COPY TYPE_PASS def_%cl_1_4 %cl_1_6[4.0,] 
BB 5
	outgoing: 6 8 
	datadep: 
	instructions:
		 0: Line Number 7
		 1: GETFIELD %self->settings def_%cl_1_7 %self[2.0,] 
		 2: setting->section def_%cl_1_8 setting[2.2,] 	 SYMBOL:	 ARGS:
		 3: %cl_1_7->[] def_%cl_1_9 %cl_1_7[5.1,] %cl_1_8[5.2,] 	 SYMBOL:	 ARGS:%cl_1_8,
		 4: COPY TYPE_StringLiteral "name" def_%cl_1_10 
		 5: setting->[] def_%cl_1_11 setting[5.2,2.2,] %cl_1_10[5.4,] 	 SYMBOL:	 ARGS:%cl_1_10,
		 6: ATTRASSIGN %cl_1_9->[] %cl_1_11[5.5,] setting[5.2,5.5,2.2,] 
		 7: RETURN setting[5.2,5.5,2.2,] %self[2.0,] 
BB 6
	outgoing: 8 
	datadep: 
	instructions:
		 0: def_%cl_1_12 
		 1: def_%cl_1_13 %cl_1_12[6.0,] 
		 2: RETURN %cl_1_13[6.1,] %self[2.0,] 
BB 8
	outgoing: 
	datadep: 
	instructions:
CLOSURE END: 
		 11: Line Number 9
		 12: (ActiveSupport) def_%v_6 
		 13: (inherit TimeZone) def_%v_7 %v_6[2.12,] 
		 14: %v_7[2.13,] 
BB 3
	outgoing: 4 
	datadep: 
	instructions:
		 0: %v_6->const_missing def_%v_7 %v_6[2.12,] 	 SYMBOL:TimeZone,	 ARGS:Symbol,
BB 4
	outgoing: 5 
	datadep: 
	instructions:
		 0: %v_7->all def_%v_8 %v_7[3.0,2.13,] 	 SYMBOL:	 ARGS:
		 1: %v_8->map def_%v_9 %v_8[4.0,] %self[2.0,2.7,] 	 SYMBOL:	 ARGS:%v_8,
CLOSURE BEGIN: z[] 
BB 1
	outgoing: 6 2 
	datadep: 
	instructions:
BB 2
	outgoing: 3 
	datadep: 
	instructions:
		 0: def_%self 
		 1: def_%cl_2_0 
		 2: RECEIVEARG def_z 
		 3: COPY TYPE_CurrentScope def_%current_scope 
		 4: COPY TYPE_ScopeModule def_%current_module 
BB 3
	outgoing: 4 6 
	datadep: 
	instructions:
		 0: Line Number 9
		 1: z->to_s def_%cl_2_3 z[2.2,] 	 SYMBOL:	 ARGS:
		 2: z->name def_%cl_2_4 z[3.1,2.2,] 	 SYMBOL:	 ARGS:
		 3: COPY TYPE_Array def_%cl_2_5 %cl_2_3[3.1,] %cl_2_4[3.2,] 
		 4: RETURN %cl_2_5[3.3,] %self[2.0,] 
BB 4
	outgoing: 6 
	datadep: 
	instructions:
		 0: def_%cl_2_6 
		 1: def_%cl_2_7 %cl_2_6[4.0,] 
		 2: RETURN %cl_2_7[4.1,] %self[2.0,] 
BB 6
	outgoing: 
	datadep: 
	instructions:
CLOSURE END: 
		 2: ATTRASSIGN %self->timezones %v_9[4.1,] 
		 3: RETURN %v_9[4.1,] %self[4.2,2.0,2.7,] 
BB 5
	outgoing: 
	datadep: 
	instructions:

SET IRMethod, name = batch instanceMethod = true
BB 1
	outgoing: 6 2 
	datadep: 
	instructions:
BB 2
	outgoing: 3 4 
	datadep: 
	instructions:
		 0: def_%self 
		 1: def_%v_0 
		 2: COPY TYPE_CurrentScope def_%current_scope 
		 3: COPY TYPE_ScopeModule def_%current_module 
		 4: 
		 5: Line Number 13
		 6: %self->update_site def_%v_3 %self[2.0,] 	 SYMBOL:	 ARGS:
		 7: BRANCH %v_3[2.6,] 
BB 3
	outgoing: 5 
	datadep: 
	instructions:
		 0: Line Number 14
		 1: %self->update_settings def_%v_4 %self[2.0,] 	 SYMBOL:	 ARGS:
		 2: Line Number 15
		 3: %self->flash def_%v_5 %self[3.1,2.0,] 	 SYMBOL:	 ARGS:
		 4: COPY TYPE_StringLiteral "application.settings_saved" def_%v_6 
		 5: %self->t def_%v_7 %self[3.1,3.3,2.0,] %v_6[3.4,] 	 SYMBOL:	 ARGS:%v_6,
		 6: ATTRASSIGN %v_5->[] %v_7[3.5,] 
		 7: 
BB 4
	outgoing: 5 
	datadep: 
	instructions:
		 0: Line Number 17
		 1: (Site) def_%v_8 
		 2: %v_8->current def_%v_9 %v_8[4.1,] 	 SYMBOL:	 ARGS:
		 3: %self->add_errors_to_flash def_%v_10 %self[2.0,] %v_9[4.2,] 	 SYMBOL:	 ARGS:%v_9,
		 4: COPY TYPE_PASS def_%v_7 %v_10[4.3,] 
BB 5
	outgoing: 6 
	datadep: 
	instructions:
		 0: Line Number 19
		 1: %self->administration_settings_path def_%v_11 %self[2.0,] 	 SYMBOL:	 ARGS:
		 2: %self->redirect_to def_%v_12 %self[5.1,2.0,] %v_11[5.1,] 	 SYMBOL:	 ARGS:%v_11,
		 3: RETURN %v_12[5.2,] %self[5.1,5.2,2.0,] 
BB 6
	outgoing: 
	datadep: 
	instructions:

SET IRMethod, name = reload instanceMethod = true
BB 1
	outgoing: 3 2 
	datadep: 
	instructions:
BB 2
	outgoing: 3 
	datadep: 
	instructions:
		 0: def_%self 
		 1: def_%v_0 
		 2: COPY TYPE_CurrentScope def_%current_scope 
		 3: COPY TYPE_ScopeModule def_%current_module 
		 4: 
		 5: Line Number 23
		 6: %self->reload_settings def_%v_3 %self[2.0,] 	 SYMBOL:	 ARGS:
		 7: Line Number 24
		 8: %self->flash def_%v_4 %self[2.0,2.6,] 	 SYMBOL:	 ARGS:
		 9: COPY TYPE_StringLiteral "application.settings_reloaded" def_%v_5 
		 10: %self->t def_%v_6 %self[2.0,2.6,2.8,] %v_5[2.9,] 	 SYMBOL:	 ARGS:%v_5,
		 11: ATTRASSIGN %v_4->[] %v_6[2.10,] 
		 12: Line Number 25
		 13: %self->admin_path def_%v_7 %self[2.0,2.6,2.8,2.10,] 	 SYMBOL:	 ARGS:
		 14: %self->redirect_to def_%v_8 %self[2.0,2.6,2.8,2.10,2.13,] %v_7[2.13,] 	 SYMBOL:	 ARGS:%v_7,
		 15: RETURN %v_8[2.14,] %self[2.0,2.6,2.8,2.10,2.13,2.14,] 
BB 3
	outgoing: 
	datadep: 
	instructions:

SET IRMethod, name = update_site instanceMethod = true
BB 1
	outgoing: 9 2 
	datadep: 
	instructions:
BB 2
	outgoing: 3 4 
	datadep: 
	instructions:
		 0: def_%self 
		 1: def_%v_0 
		 2: COPY TYPE_CurrentScope def_%current_scope 
		 3: COPY TYPE_ScopeModule def_%current_module 
		 4: 
		 5: Line Number 31
		 6: %self->params def_%v_3 %self[2.0,] 	 SYMBOL:	 ARGS:
		 7: %v_3->[] def_%v_4 %v_3[2.6,] 	 SYMBOL:hostname,	 ARGS:Symbol,
		 8: BRANCH %v_4[2.7,] 
BB 3
	outgoing: 5 
	datadep: 
	instructions:
		 0: (Site) def_%v_5 
		 1: %v_5->current def_%v_6 %v_5[3.0,] 	 SYMBOL:	 ARGS:
		 2: %self->params def_%v_7 %self[2.0,] 	 SYMBOL:	 ARGS:
		 3: %v_7->[] def_%v_8 %v_7[3.2,] 	 SYMBOL:hostname,	 ARGS:Symbol,
		 4: ATTRASSIGN %v_6->host %v_8[3.3,] 
		 5: 
BB 4
	outgoing: 5 
	datadep: 
	instructions:
		 0: COPY TYPE_Nil def_%v_8 
BB 5
	outgoing: 6 7 
	datadep: 
	instructions:
		 0: Line Number 32
		 1: %self->params def_%v_9 %self[2.0,] 	 SYMBOL:	 ARGS:
		 2: %v_9->[] def_%v_10 %v_9[5.1,] 	 SYMBOL:email_host,	 ARGS:Symbol,
		 3: BRANCH %v_10[5.2,] 
BB 6
	outgoing: 8 
	datadep: 
	instructions:
		 0: (Site) def_%v_11 
		 1: %v_11->current def_%v_12 %v_11[6.0,] 	 SYMBOL:	 ARGS:
		 2: %self->params def_%v_13 %self[2.0,] 	 SYMBOL:	 ARGS:
		 3: %v_13->[] def_%v_14 %v_13[6.2,] 	 SYMBOL:email_host,	 ARGS:Symbol,
		 4: ATTRASSIGN %v_12->email_host %v_14[6.3,] 
		 5: 
BB 7
	outgoing: 8 
	datadep: 
	instructions:
		 0: COPY TYPE_Nil def_%v_14 
BB 8
	outgoing: 9 
	datadep: 
	instructions:
		 0: Line Number 33
		 1: (Site) def_%v_15 
		 2: %v_15->current def_%v_16 %v_15[8.1,] 	 SYMBOL:	 ARGS:
		 3: %v_16->save def_%v_17 %v_16[8.2,] 	 SYMBOL:	 ARGS:
		 4: RETURN %v_17[8.3,] %self[2.0,] 
BB 9
	outgoing: 
	datadep: 
	instructions:

SET IRMethod, name = update_settings instanceMethod = true
BB 1
	outgoing: 3 2 
	datadep: 
	instructions:
BB 2
	outgoing: 3 
	datadep: 
	instructions:
		 0: def_%self 
		 1: def_%v_0 
		 2: COPY TYPE_CurrentScope def_%current_scope 
		 3: COPY TYPE_ScopeModule def_%current_module 
		 4: 
		 5: Line Number 37
		 6: %self->our_settings def_%v_3 %self[2.0,] 	 SYMBOL:	 ARGS:
		 7: %v_3->each def_%v_4 %v_3[2.6,] %self[2.0,2.6,] 	 SYMBOL:	 ARGS:%v_3,
CLOSURE BEGIN: %self[2.0,2.6,] setting[] value[] 
BB 1
	outgoing: 12 2 
	datadep: 
	instructions:
BB 2
	outgoing: 3 
	datadep: 
	instructions:
		 0: def_%self 
		 1: def_%cl_1_0 
		 2: RECEIVEARG def_setting 
		 3: COPY TYPE_CurrentScope def_%current_scope 
		 4: COPY TYPE_ScopeModule def_%current_module 
BB 3
	outgoing: 4 5 10 
	datadep: 
	instructions:
		 0: Line Number 38
		 1: %self->params def_%cl_1_3 %self[2.0,] 	 SYMBOL:	 ARGS:
		 2: setting->id def_%cl_1_4 setting[2.2,] 	 SYMBOL:	 ARGS:
		 3: %cl_1_4->to_s def_%cl_1_5 %cl_1_4[3.2,] 	 SYMBOL:	 ARGS:
		 4: %cl_1_3->[] def_%cl_1_6 %cl_1_3[3.1,] %cl_1_5[3.3,] 	 SYMBOL:	 ARGS:%cl_1_5,
		 5: COPY TYPE_PASS def_value %cl_1_6[3.4,] 
		 6: BRANCH %cl_1_6[3.4,] 
BB 4
	outgoing: 6 
	datadep: 
	instructions:
		 0: COPY TYPE_Nil def_%cl_1_7 
		 1: 
BB 5
	outgoing: 10 12 
	datadep: 
	instructions:
		 0: 
		 1: RETURN %self[2.0,] 
BB 6
	outgoing: 7 8 10 
	datadep: 
	instructions:
		 0: Line Number 39
		 1: value->presence def_%cl_1_8 value[3.5,] 	 SYMBOL:	 ARGS:
		 2: COPY TYPE_PASS def_value %cl_1_8[6.1,] 
		 3: Line Number 40
		 4: setting->format def_%cl_1_9 setting[2.2,] 	 SYMBOL:	 ARGS:
		 5: COPY TYPE_StringLiteral "boolean" def_%cl_1_10 
		 6: %cl_1_9->== def_%cl_1_11 %cl_1_9[6.4,] %cl_1_10[6.5,] 	 SYMBOL:	 ARGS:%cl_1_10,
		 7: BRANCH %cl_1_11[6.6,] 
BB 7
	outgoing: 9 10 
	datadep: 
	instructions:
		 0: COPY TYPE_StringLiteral "true" def_%cl_1_12 
		 1: value->== def_%cl_1_13 value[6.2,] %cl_1_12[7.0,] 	 SYMBOL:	 ARGS:%cl_1_12,
		 2: COPY TYPE_PASS def_value %cl_1_13[7.1,] 
		 3: 
BB 8
	outgoing: 9 
	datadep: 
	instructions:
		 0: COPY TYPE_Nil def_%cl_1_13 
BB 9
	outgoing: 10 12 
	datadep: 
	instructions:
		 0: Line Number 41
		 1: HASH-value- def_%cl_1_14 value[7.2,6.2,] 
		 2: setting->update_attributes! def_%cl_1_15 setting[2.2,] %cl_1_14[9.1,] 	 SYMBOL:	 ARGS:%cl_1_14,
		 3: RETURN %cl_1_15[9.2,] %self[2.0,] 
BB 10
	outgoing: 12 
	datadep: 
	instructions:
		 0: def_%cl_1_16 
		 1: def_%cl_1_17 %cl_1_16[10.0,] 
		 2: RETURN %cl_1_17[10.1,] %self[2.0,] 
BB 12
	outgoing: 
	datadep: 
	instructions:
CLOSURE END: value[3.5,7.2,6.2,] 
		 8: Line Number 43
		 9: %self->reload_settings def_%v_5 %self[2.0,2.6,] 	 SYMBOL:	 ARGS:
		 10: RETURN %v_5[2.9,] %self[2.0,2.6,2.9,] 
BB 3
	outgoing: 
	datadep: 
	instructions:

SET IRMethod, name = our_settings instanceMethod = true
BB 1
	outgoing: 3 2 
	datadep: 
	instructions:
BB 2
	outgoing: 3 
	datadep: 
	instructions:
		 0: def_%self 
		 1: def_%v_0 
		 2: COPY TYPE_CurrentScope def_%current_scope 
		 3: COPY TYPE_ScopeModule def_%current_module 
		 4: 
		 5: Line Number 47
		 6: (Setting) def_%v_3 
		 7: HASH-hidden- def_%v_4 
		 8: %v_3->where def_%v_5 %v_3[2.6,] %v_4[2.7,] 	 SYMBOL:	 ARGS:%v_4,
		 9: COPY TYPE_StringLiteral "site_id = ? or global = ?" def_%v_6 
		 10: (Site) def_%v_7 
		 11: %v_7->current def_%v_8 %v_7[2.10,] 	 SYMBOL:	 ARGS:
		 12: %v_8->id def_%v_9 %v_8[2.11,] 	 SYMBOL:	 ARGS:
		 13: %v_5->where def_%v_10 %v_5[2.8,] %v_6[2.9,] %v_9[2.12,] 	 SYMBOL:	 ARGS:%v_6,%v_9,Boolean,
		 14: COPY TYPE_StringLiteral "section, name" def_%v_11 
		 15: %v_10->order def_%v_12 %v_10[2.13,] %v_11[2.14,] 	 SYMBOL:	 ARGS:%v_11,
		 16: RETURN %v_12[2.15,] %self[2.0,] 
BB 3
	outgoing: 
	datadep: 
	instructions:

SET IRMethod, name = only_admins instanceMethod = true
BB 1
	outgoing: 6 2 
	datadep: 
	instructions:
BB 2
	outgoing: 3 4 
	datadep: 
	instructions:
		 0: def_%self 
		 1: def_%v_0 
		 2: COPY TYPE_CurrentScope def_%current_scope 
		 3: COPY TYPE_ScopeModule def_%current_module 
		 4: 
		 5: Line Number 51
		 6: GETFIELD %self->logged_in def_%v_3 %self[2.0,] 
		 7: %v_3->super_admin? def_%v_4 %v_3[2.6,] 	 SYMBOL:	 ARGS:
		 8: BRANCH %v_4[2.7,] 
BB 3
	outgoing: 6 
	datadep: 
	instructions:
		 0: RETURN %self[2.0,] 
BB 4
	outgoing: 6 
	datadep: 
	instructions:
		 0: COPY TYPE_Nil def_%v_5 
		 1: Line Number 52
		 2: COPY TYPE_StringLiteral "admin.must_be_superadmin" def_%v_6 
		 3: %self->t def_%v_7 %self[2.0,] %v_6[4.2,] 	 SYMBOL:	 ARGS:%v_6,
		 4: HASH-html-layout-status- def_%v_8 %v_7[4.3,] 
		 5: %self->render def_%v_9 %self[4.3,2.0,] %v_8[4.4,] 	 SYMBOL:	 ARGS:%v_8,
		 6: Line Number 54
		 7: RETURN %self[4.3,4.5,2.0,] 
BB 6
	outgoing: 
	datadep: 
	instructions:

SET IRMethod, name = reload_settings instanceMethod = true
BB 1
	outgoing: 3 2 
	datadep: 
	instructions:
BB 2
	outgoing: 3 
	datadep: 
	instructions:
		 0: def_%self 
		 1: def_%v_0 
		 2: COPY TYPE_CurrentScope def_%current_scope 
		 3: COPY TYPE_ScopeModule def_%current_module 
		 4: 
		 5: Line Number 57
		 6: (Site) def_%v_3 
		 7: %v_3->current def_%v_4 %v_3[2.6,] 	 SYMBOL:	 ARGS:
		 8: (Time) def_%v_5 
		 9: %v_5->now def_%v_6 %v_5[2.8,] 	 SYMBOL:	 ARGS:
		 10: %v_4->update_attribute def_%v_7 %v_4[2.7,] %v_6[2.9,] 	 SYMBOL:settings_changed_at,	 ARGS:Symbol,%v_6,
		 11: RETURN %v_7[2.10,] %self[2.0,] 
BB 3
	outgoing: 
	datadep: 
	instructions:

