digraph CommentsController_unvote_forward_70308985982840 {
	n18 -> n19
	n19 -> n20
	n20 -> n23
	n23 -> n49
	n49 -> n50
	n20 -> n52
	n52 -> n57
	n57 -> n58
	n58 -> n63
	n63 -> n64
	n57 -> n60
	n60 -> n61
	n61 -> n63
	n52 -> n60
	n19 -> n21
	n21 -> n22
	n21 -> n50
	n18 [label=<<i>User.where</i>> color=crimson shape=doubleoctagon]; 
	n19 [label = <<i>User_where(session_token=Isession[u]_to_s).first</i>> color=coral1 ]
	n20 []
	n23 [label = <<i>user.is_active?</i>> ]
	n49 []
	n50 []
	n52 []
	n57 []
	n58 [label = <<i>@user.id</i>> ]
	n63 []
	n64 [label = <<i>Rails_logger.info</i>> ]
	n60 []
	n61 [label = <<i>@user.username</i>> ]
	n21 []
	n22 []
}

digraph CommentsController_unvote_backward_70308985982840 {
	n13 -> n18
	n17 -> n18
	n16 -> n17
	n15 -> n16
	n14 -> n15
	n3 -> n14
	n18 [label=<<i>User.where</i>> color=crimson shape=doubleoctagon]; 
	n13 []
	n17 []
	n16 [label = <<i>session[u].to_s</i>> ]
	n15 []
	n14 [label = <<i>self.session</i>> ]
	n3 []
}

digraph CommentsController_unvote_forward_70308985981580 {
	n19 -> n20
	n20 -> n23
	n23 -> n49
	n49 -> n50
	n20 -> n52
	n52 -> n57
	n57 -> n58
	n58 -> n63
	n63 -> n64
	n57 -> n60
	n60 -> n61
	n61 -> n63
	n52 -> n60
	n19 -> n21
	n21 -> n22
	n21 -> n50
	n19 [label=<<i>User_where(session_token=Isession[u]_to_s).first</i>> color=crimson shape=doubleoctagon]; 
	n20 []
	n23 [label = <<i>user.is_active?</i>> ]
	n49 []
	n50 []
	n52 []
	n57 []
	n58 [label = <<i>@user.id</i>> ]
	n63 []
	n64 [label = <<i>Rails_logger.info</i>> ]
	n60 []
	n61 [label = <<i>@user.username</i>> ]
	n21 []
	n22 []
}

digraph CommentsController_unvote_backward_70308985981580 {
	n18 -> n19
	n13 -> n18
	n17 -> n18
	n16 -> n17
	n15 -> n16
	n14 -> n15
	n3 -> n14
	n19 [label=<<i>User_where(session_token=Isession[u]_to_s).first</i>> color=crimson shape=doubleoctagon]; 
	n18 [label = <<i>User.where</i>> color=coral1 ]
	n13 []
	n17 []
	n16 [label = <<i>session[u].to_s</i>> ]
	n15 []
	n14 [label = <<i>self.session</i>> ]
	n3 []
}

digraph CommentsController_unvote_forward_70308985871840 {
	n122 [label=<<i>Keystore.transaction</i>> color=crimson shape=doubleoctagon]; 
}

digraph CommentsController_unvote_backward_70308985871840 {
	n121 -> n122
	n72 -> n122
	n122 [label=<<i>Keystore.transaction</i>> color=crimson shape=doubleoctagon]; 
	n121 []
	n72 []
}

digraph CommentsController_unvote_forward_70308985850140 {
	n156 -> n158
	n158 -> n159
	n159 -> n160
	n160 -> n164
	n159 -> n162
	n156 [label=<<i>self.lock</i>> color=crimson shape=doubleoctagon]; 
	n158 [label = <<i>self_lock(true).where</i>> color=coral1 ]
	n159 [label = <<i>%cl_1_5.first</i>> ]
	n160 []
	n164 []
	n162 []
}

digraph CommentsController_unvote_backward_70308985850140 {
	n151 -> n156
	n156 [label=<<i>self.lock</i>> color=crimson shape=doubleoctagon]; 
	n151 []
}

digraph CommentsController_unvote_forward_70308985848640 {
	n158 -> n159
	n159 -> n160
	n160 -> n164
	n159 -> n162
	n158 [label=<<i>self_lock(true).where</i>> color=crimson shape=doubleoctagon]; 
	n159 [label = <<i>%cl_1_5.first</i>> ]
	n160 []
	n164 []
	n162 []
}

digraph CommentsController_unvote_backward_70308985848640 {
	n156 -> n158
	n151 -> n156
	n157 -> n158
	n158 [label=<<i>self_lock(true).where</i>> color=crimson shape=doubleoctagon]; 
	n156 [label = <<i>self.lock</i>> color=coral1 ]
	n151 []
	n157 []
}

digraph CommentsController_unvote_forward_70308985822300 {
	n182 -> n187
	n182 [label=<<i>kv.save!</i>> color=crimson shape=doubleoctagon]; 
	n187 []
}

digraph CommentsController_unvote_backward_70308985822300 {
	n178 -> n182
	n174 -> n178
	n180 -> n182
	n178 -> n180
	n182 [label=<<i>kv.save!</i>> color=crimson shape=doubleoctagon]; 
	n178 []
	n174 []
	n180 []
}

digraph CommentsController_unvote_forward_70308985819100 {
	n185 [label=<<i>self.where</i>> color=crimson shape=doubleoctagon]; 
}

digraph CommentsController_unvote_backward_70308985819100 {
	n185 [label=<<i>self.where</i>> color=crimson shape=doubleoctagon]; 
}

digraph CommentsController_unvote_forward_70308985740840 {
	n255 [label=<<i>traffic_kv.save!</i>> color=crimson shape=doubleoctagon]; 
}

digraph CommentsController_unvote_backward_70308985740840 {
	n228 -> n255
	n227 -> n228
	n226 -> n227
	n225 -> n227
	n253 -> n255
	n228 -> n253
	n233 -> n253
	n232 -> n233
	n231 -> n232
	n230 -> n231
	n227 -> n230
	n242 -> n253
	n241 -> n242
	n233 -> n241
	n240 -> n241
	n239 -> n240
	n238 -> n239
	n237 -> n239
	n236 -> n237
	n235 -> n236
	n223 -> n235
	n136 -> n223
	n131 -> n136
	n130 -> n131
	n129 -> n130
	n134 -> n136
	n135 -> n136
	n218 -> n136
	n149 -> n218
	n139 -> n149
	n218 -> n136
	n221 -> n136
	n220 -> n221
	n219 -> n220
	n132 -> n236
	n131 -> n132
	n248 -> n253
	n247 -> n248
	n246 -> n247
	n245 -> n246
	n244 -> n245
	n241 -> n244
	n255 [label=<<i>traffic_kv.save!</i>> color=crimson shape=doubleoctagon]; 
	n228 []
	n227 [label = <<i>Keystore.find_or_create_key_for_update</i>> ]
	n226 []
	n225 []
	n253 []
	n233 []
	n232 []
	n231 [label = <<i>%cl_1_12.to_i</i>> ]
	n230 [label = <<i>%cl_1_11.value</i>> ]
	n242 []
	n241 []
	n240 [label = <<i>Time_now.to_i</i>> ]
	n239 []
	n238 []
	n237 []
	n236 []
	n235 [label = <<i>date_kv.value</i>> ]
	n223 []
	n136 [label = <<i>Keystore.find_or_create_key_for_update</i>> ]
	n131 [label = <<i>Time_now.to_i</i>> ]
	n130 [label = <<i>Time.now</i>> ]
	n129 []
	n134 []
	n135 []
	n218 []
	n149 [label = <<i>self.loop</i>> ]
	n139 []
	n221 []
	n220 []
	n219 []
	n132 []
	n248 []
	n247 [label = <<i>[[100,traffic]_max,10000].min</i>> ]
	n246 []
	n245 [label = <<i>[100,traffic].max</i>> ]
	n244 []
}

digraph CommentsController_unvote_forward_70308985737960 {
	n259 [label=<<i>date_kv.save!</i>> color=crimson shape=doubleoctagon]; 
}

digraph CommentsController_unvote_backward_70308985737960 {
	n223 -> n259
	n136 -> n223
	n131 -> n136
	n130 -> n131
	n129 -> n130
	n134 -> n136
	n135 -> n136
	n218 -> n136
	n149 -> n218
	n139 -> n149
	n218 -> n136
	n221 -> n136
	n220 -> n221
	n219 -> n220
	n257 -> n259
	n223 -> n257
	n132 -> n257
	n131 -> n132
	n259 [label=<<i>date_kv.save!</i>> color=crimson shape=doubleoctagon]; 
	n223 []
	n136 [label = <<i>Keystore.find_or_create_key_for_update</i>> ]
	n131 [label = <<i>Time_now.to_i</i>> ]
	n130 [label = <<i>Time.now</i>> ]
	n129 []
	n134 []
	n135 []
	n218 []
	n149 [label = <<i>self.loop</i>> ]
	n139 []
	n221 []
	n220 []
	n219 []
	n257 []
	n132 []
}

digraph CommentsController_unvote_forward_70308985685700 {
	n307 -> n308
	n308 -> n309
	n308 -> n310
	n310 -> n278
	n307 [label=<<i>User.where</i>> color=crimson shape=doubleoctagon]; 
	n308 [label = <<i>User_where(rss_token=Iparams[token]_to_s).first</i>> color=coral1 ]
	n309 []
	n310 []
	n278 [label = <<i>self.find_user_from_rss_token</i>> ]
}

digraph CommentsController_unvote_backward_70308985685700 {
	n302 -> n307
	n306 -> n307
	n305 -> n306
	n304 -> n305
	n303 -> n304
	n307 [label=<<i>User.where</i>> color=crimson shape=doubleoctagon]; 
	n302 []
	n306 []
	n305 [label = <<i>params[token].to_s</i>> ]
	n304 []
	n303 [label = <<i>self.params</i>> color=cyan3 ]
}

digraph CommentsController_unvote_forward_70308985684300 {
	n308 -> n309
	n308 -> n310
	n310 -> n278
	n308 [label=<<i>User_where(rss_token=Iparams[token]_to_s).first</i>> color=crimson shape=doubleoctagon]; 
	n309 []
	n310 []
	n278 [label = <<i>self.find_user_from_rss_token</i>> ]
}

digraph CommentsController_unvote_backward_70308985684300 {
	n307 -> n308
	n302 -> n307
	n306 -> n307
	n305 -> n306
	n304 -> n305
	n303 -> n304
	n308 [label=<<i>User_where(rss_token=Iparams[token]_to_s).first</i>> color=crimson shape=doubleoctagon]; 
	n307 [label = <<i>User.where</i>> color=coral1 ]
	n302 []
	n306 []
	n305 [label = <<i>params[token].to_s</i>> ]
	n304 []
	n303 [label = <<i>self.params</i>> color=cyan3 ]
}

digraph CommentsController_unvote_forward_70308985635860 {
	n354 -> n355
	n355 -> n356
	n356 -> n360
	n360 -> n361
	n356 -> n366
	n366 -> n368
	n368 -> n369
	n369 -> n370
	n370 -> n371
	n371 -> n375
	n375 -> n342
	n342 -> n377
	n377 -> n389
	n389 -> n393
	n377 -> n390
	n390 -> n393
	n342 -> n378
	n342 -> n379
	n379 -> n380
	n356 -> n367
	n367 -> n368
	n356 -> n371
	n356 -> n375
	n354 [label=<<i>Comment.where</i>> color=crimson shape=doubleoctagon]; 
	n355 [label = <<i>Comment_where(short_id=Iparams[id]).first</i>> color=coral1 ]
	n356 []
	n360 []
	n361 []
	n366 [label = <<i>comment.story_id</i>> ]
	n368 []
	n369 [label = <<i>Vote.where</i>> color=coral1 ]
	n370 [label = <<i>Vote_where(user_id=I@user_id,story_id=Icomment_story_id,comment_id=Icomment_id).first</i>> color=coral1 ]
	n371 []
	n375 []
	n342 [label = <<i>self.find_comment</i>> ]
	n377 []
	n389 [label = <<i>comment.story_id</i>> ]
	n393 [label = <<i>Vote.vote_thusly_on_story_or_comment_for_user_because</i>> ]
	n390 [label = <<i>comment.id</i>> ]
	n378 []
	n379 [label = <<i>%v_3.!</i>> ]
	n380 []
	n367 [label = <<i>comment.id</i>> ]
}

digraph CommentsController_unvote_backward_70308985635860 {
	n350 -> n354
	n353 -> n354
	n352 -> n353
	n351 -> n352
	n354 [label=<<i>Comment.where</i>> color=crimson shape=doubleoctagon]; 
	n350 []
	n353 []
	n352 []
	n351 [label = <<i>self.params</i>> color=cyan3 ]
}

digraph CommentsController_unvote_forward_70308985626060 {
	n355 -> n356
	n356 -> n360
	n360 -> n361
	n356 -> n366
	n366 -> n368
	n368 -> n369
	n369 -> n370
	n370 -> n371
	n371 -> n375
	n375 -> n342
	n342 -> n377
	n377 -> n389
	n389 -> n393
	n377 -> n390
	n390 -> n393
	n342 -> n378
	n342 -> n379
	n379 -> n380
	n356 -> n367
	n367 -> n368
	n356 -> n371
	n356 -> n375
	n355 [label=<<i>Comment_where(short_id=Iparams[id]).first</i>> color=crimson shape=doubleoctagon]; 
	n356 []
	n360 []
	n361 []
	n366 [label = <<i>comment.story_id</i>> ]
	n368 []
	n369 [label = <<i>Vote.where</i>> color=coral1 ]
	n370 [label = <<i>Vote_where(user_id=I@user_id,story_id=Icomment_story_id,comment_id=Icomment_id).first</i>> color=coral1 ]
	n371 []
	n375 []
	n342 [label = <<i>self.find_comment</i>> ]
	n377 []
	n389 [label = <<i>comment.story_id</i>> ]
	n393 [label = <<i>Vote.vote_thusly_on_story_or_comment_for_user_because</i>> ]
	n390 [label = <<i>comment.id</i>> ]
	n378 []
	n379 [label = <<i>%v_3.!</i>> ]
	n380 []
	n367 [label = <<i>comment.id</i>> ]
}

digraph CommentsController_unvote_backward_70308985626060 {
	n354 -> n355
	n350 -> n354
	n353 -> n354
	n352 -> n353
	n351 -> n352
	n355 [label=<<i>Comment_where(short_id=Iparams[id]).first</i>> color=crimson shape=doubleoctagon]; 
	n354 [label = <<i>Comment.where</i>> color=coral1 ]
	n350 []
	n353 []
	n352 []
	n351 [label = <<i>self.params</i>> color=cyan3 ]
}

digraph CommentsController_unvote_forward_70308985609380 {
	n369 -> n370
	n370 -> n371
	n371 -> n375
	n375 -> n342
	n342 -> n377
	n377 -> n389
	n389 -> n393
	n377 -> n390
	n390 -> n393
	n342 -> n378
	n342 -> n379
	n379 -> n380
	n369 [label=<<i>Vote.where</i>> color=crimson shape=doubleoctagon]; 
	n370 [label = <<i>Vote_where(user_id=I@user_id,story_id=Icomment_story_id,comment_id=Icomment_id).first</i>> color=coral1 ]
	n371 []
	n375 []
	n342 [label = <<i>self.find_comment</i>> ]
	n377 []
	n389 [label = <<i>comment.story_id</i>> ]
	n393 [label = <<i>Vote.vote_thusly_on_story_or_comment_for_user_because</i>> ]
	n390 [label = <<i>comment.id</i>> ]
	n378 []
	n379 [label = <<i>%v_3.!</i>> ]
	n380 []
}

digraph CommentsController_unvote_backward_70308985609380 {
	n368 -> n369
	n366 -> n368
	n356 -> n366
	n355 -> n356
	n354 -> n355
	n350 -> n354
	n353 -> n354
	n352 -> n353
	n351 -> n352
	n367 -> n368
	n356 -> n367
	n365 -> n368
	n364 -> n365
	n344 -> n364
	n358 -> n364
	n344 -> n358
	n363 -> n369
	n369 [label=<<i>Vote.where</i>> color=crimson shape=doubleoctagon]; 
	n368 []
	n366 [label = <<i>comment.story_id</i>> ]
	n356 []
	n355 [label = <<i>Comment_where(short_id=Iparams[id]).first</i>> color=coral1 ]
	n354 [label = <<i>Comment.where</i>> color=coral1 ]
	n350 []
	n353 []
	n352 []
	n351 [label = <<i>self.params</i>> color=cyan3 ]
	n367 [label = <<i>comment.id</i>> ]
	n365 [label = <<i>@user.id</i>> ]
	n364 []
	n344 []
	n358 []
	n363 []
}

digraph CommentsController_unvote_forward_70308985607880 {
	n370 -> n371
	n371 -> n375
	n375 -> n342
	n342 -> n377
	n377 -> n389
	n389 -> n393
	n377 -> n390
	n390 -> n393
	n342 -> n378
	n342 -> n379
	n379 -> n380
	n370 [label=<<i>Vote_where(user_id=I@user_id,story_id=Icomment_story_id,comment_id=Icomment_id).first</i>> color=crimson shape=doubleoctagon]; 
	n371 []
	n375 []
	n342 [label = <<i>self.find_comment</i>> ]
	n377 []
	n389 [label = <<i>comment.story_id</i>> ]
	n393 [label = <<i>Vote.vote_thusly_on_story_or_comment_for_user_because</i>> ]
	n390 [label = <<i>comment.id</i>> ]
	n378 []
	n379 [label = <<i>%v_3.!</i>> ]
	n380 []
}

digraph CommentsController_unvote_backward_70308985607880 {
	n369 -> n370
	n368 -> n369
	n366 -> n368
	n356 -> n366
	n355 -> n356
	n354 -> n355
	n350 -> n354
	n353 -> n354
	n352 -> n353
	n351 -> n352
	n367 -> n368
	n356 -> n367
	n365 -> n368
	n364 -> n365
	n344 -> n364
	n358 -> n364
	n344 -> n358
	n363 -> n369
	n370 [label=<<i>Vote_where(user_id=I@user_id,story_id=Icomment_story_id,comment_id=Icomment_id).first</i>> color=crimson shape=doubleoctagon]; 
	n369 [label = <<i>Vote.where</i>> color=coral1 ]
	n368 []
	n366 [label = <<i>comment.story_id</i>> ]
	n356 []
	n355 [label = <<i>Comment_where(short_id=Iparams[id]).first</i>> color=coral1 ]
	n354 [label = <<i>Comment.where</i>> color=coral1 ]
	n350 []
	n353 []
	n352 []
	n351 [label = <<i>self.params</i>> color=cyan3 ]
	n367 [label = <<i>comment.id</i>> ]
	n365 [label = <<i>@user.id</i>> ]
	n364 []
	n344 []
	n358 []
	n363 []
}

digraph CommentsController_unvote_forward_70308985588400 {
	n412 -> n413
	n413 -> n414
	n414 -> n419
	n419 -> n420
	n420 -> n421
	n421 -> n422
	n413 -> n416
	n416 -> n417
	n417 -> n418
	n417 -> n422
	n412 [label=<<i>Vote.where</i>> color=crimson shape=doubleoctagon]; 
	n413 [label = <<i>Vote_where(user_id=Iuser_id,story_id=Istory_id,comment_id=Icomment_id).first_or_initialize</i>> color=coral1 ]
	n414 []
	n419 [label = <<i>v.vote</i>> ]
	n420 []
	n421 []
	n422 []
	n416 [label = <<i>%v_6.new_record?</i>> ]
	n417 [label = <<i>%v_7.!</i>> ]
	n418 []
}

digraph CommentsController_unvote_backward_70308985588400 {
	n411 -> n412
	n402 -> n411
	n403 -> n411
	n404 -> n411
	n410 -> n412
	n412 [label=<<i>Vote.where</i>> color=crimson shape=doubleoctagon]; 
	n411 []
	n402 []
	n403 []
	n404 []
	n410 []
}

digraph CommentsController_unvote_forward_70308985587120 {
	n413 -> n414
	n414 -> n419
	n419 -> n420
	n420 -> n421
	n421 -> n422
	n413 -> n416
	n416 -> n417
	n417 -> n418
	n417 -> n422
	n413 [label=<<i>Vote_where(user_id=Iuser_id,story_id=Istory_id,comment_id=Icomment_id).first_or_initialize</i>> color=crimson shape=doubleoctagon]; 
	n414 []
	n419 [label = <<i>v.vote</i>> ]
	n420 []
	n421 []
	n422 []
	n416 [label = <<i>%v_6.new_record?</i>> ]
	n417 [label = <<i>%v_7.!</i>> ]
	n418 []
}

digraph CommentsController_unvote_backward_70308985587120 {
	n412 -> n413
	n411 -> n412
	n402 -> n411
	n403 -> n411
	n404 -> n411
	n410 -> n412
	n413 [label=<<i>Vote_where(user_id=Iuser_id,story_id=Istory_id,comment_id=Icomment_id).first_or_initialize</i>> color=crimson shape=doubleoctagon]; 
	n412 [label = <<i>Vote.where</i>> color=coral1 ]
	n411 []
	n402 []
	n403 []
	n404 []
	n410 []
}

digraph CommentsController_unvote_forward_70308985545460 {
	n432 -> n869
	n869 -> n393
	n432 [label=<<i>Vote.transaction</i>> color=crimson shape=doubleoctagon]; 
	n869 []
	n393 [label = <<i>Vote.vote_thusly_on_story_or_comment_for_user_because</i>> ]
}

digraph CommentsController_unvote_backward_70308985545460 {
	n396 -> n432
	n431 -> n432
	n432 [label=<<i>Vote.transaction</i>> color=crimson shape=doubleoctagon]; 
	n396 []
	n431 []
}

digraph CommentsController_unvote_forward_70308985542700 {
	n461 -> n465
	n465 -> n466
	n461 [label=<<i>v.new_record?</i>> color=crimson shape=doubleoctagon]; 
	n465 [label = <<i>%cl_1_11.!</i>> ]
	n466 []
}

digraph CommentsController_unvote_backward_70308985542700 {
	n461 [label=<<i>v.new_record?</i>> color=crimson shape=doubleoctagon]; 
}

digraph CommentsController_unvote_forward_70308985508360 {
	n506 -> n507
	n506 [label=<<i>v.save!</i>> color=crimson shape=doubleoctagon]; 
	n507 []
}

digraph CommentsController_unvote_backward_70308985508360 {
	n502 -> n506
	n504 -> n506
	n502 -> n504
	n506 [label=<<i>v.save!</i>> color=crimson shape=doubleoctagon]; 
	n502 []
	n504 []
}

digraph CommentsController_unvote_forward_70308985490920 {
	n523 -> n524
	n524 -> n531
	n531 -> n534
	n524 -> n538
	n538 -> n863
	n523 -> n526
	n526 -> n527
	n527 -> n528
	n523 [label=<<i>Comment.find</i>> color=crimson shape=doubleoctagon]; 
	n524 []
	n531 [label = <<i>c.user_id</i>> ]
	n534 [label = <<i>User.update_counters</i>> color=coral1 ]
	n538 [label = <<i>c.give_upvote_or_downvote_and_recalculate_confidence!</i>> ]
	n863 []
	n526 [label = <<i>%cl_1_32.user_id</i>> ]
	n527 []
	n528 []
}

digraph CommentsController_unvote_backward_70308985490920 {
	n521 -> n523
	n522 -> n523
	n502 -> n522
	n504 -> n522
	n502 -> n504
	n523 [label=<<i>Comment.find</i>> color=crimson shape=doubleoctagon]; 
	n521 []
	n522 [label = <<i>v.comment_id</i>> ]
	n502 []
	n504 []
}

digraph CommentsController_unvote_forward_70308985476420 {
	n534 [label=<<i>User.update_counters</i>> color=crimson shape=doubleoctagon]; 
}

digraph CommentsController_unvote_backward_70308985476420 {
	n531 -> n534
	n524 -> n531
	n523 -> n524
	n521 -> n523
	n522 -> n523
	n502 -> n522
	n504 -> n522
	n502 -> n504
	n530 -> n534
	n533 -> n534
	n532 -> n533
	n492 -> n532
	n491 -> n492
	n474 -> n491
	n473 -> n474
	n471 -> n474
	n490 -> n491
	n488 -> n491
	n448 -> n532
	n447 -> n448
	n445 -> n448
	n500 -> n532
	n499 -> n500
	n498 -> n499
	n496 -> n499
	n482 -> n499
	n481 -> n482
	n479 -> n482
	n456 -> n532
	n455 -> n456
	n453 -> n456
	n534 [label=<<i>User.update_counters</i>> color=crimson shape=doubleoctagon]; 
	n531 [label = <<i>c.user_id</i>> ]
	n524 []
	n523 [label = <<i>Comment.find</i>> color=coral1 ]
	n521 []
	n522 [label = <<i>v.comment_id</i>> ]
	n502 []
	n504 []
	n530 []
	n533 []
	n532 []
	n492 []
	n491 []
	n474 []
	n473 []
	n471 []
	n490 []
	n488 []
	n448 []
	n447 []
	n445 []
	n500 []
	n499 []
	n498 []
	n496 []
	n482 []
	n481 []
	n479 []
	n456 []
	n455 []
	n453 []
}

digraph CommentsController_unvote_forward_70308963305760 {
	n645 [label=<<i>Comment_connection.execute</i>> color=crimson shape=doubleoctagon]; 
}

digraph CommentsController_unvote_backward_70308963305760 {
	n644 -> n645
	n643 -> n644
	n642 -> n643
	n641 -> n642
	n541 -> n641
	n639 -> n644
	n577 -> n639
	n576 -> n577
	n574 -> n576
	n547 -> n574
	n575 -> n576
	n572 -> n576
	n571 -> n577
	n565 -> n571
	n561 -> n565
	n563 -> n565
	n562 -> n563
	n564 -> n565
	n570 -> n571
	n566 -> n570
	n568 -> n570
	n546 -> n568
	n569 -> n570
	n638 -> n639
	n578 -> n638
	n580 -> n638
	n541 -> n580
	n597 -> n580
	n635 -> n580
	n634 -> n635
	n633 -> n634
	n625 -> n633
	n624 -> n625
	n600 -> n624
	n623 -> n624
	n622 -> n623
	n621 -> n622
	n600 -> n621
	n620 -> n621
	n600 -> n620
	n619 -> n620
	n592 -> n619
	n591 -> n592
	n590 -> n591
	n589 -> n590
	n582 -> n589
	n588 -> n590
	n582 -> n588
	n618 -> n619
	n592 -> n618
	n617 -> n622
	n616 -> n617
	n615 -> n616
	n605 -> n615
	n604 -> n605
	n592 -> n604
	n603 -> n604
	n602 -> n603
	n582 -> n602
	n592 -> n616
	n605 -> n617
	n614 -> n623
	n612 -> n633
	n611 -> n612
	n610 -> n611
	n609 -> n610
	n608 -> n609
	n600 -> n608
	n607 -> n608
	n592 -> n607
	n600 -> n609
	n605 -> n611
	n631 -> n634
	n630 -> n631
	n629 -> n630
	n600 -> n629
	n628 -> n629
	n600 -> n628
	n627 -> n628
	n592 -> n627
	n637 -> n638
	n560 -> n645
	n559 -> n560
	n645 [label=<<i>Comment_connection.execute</i>> color=crimson shape=doubleoctagon]; 
	n644 []
	n643 []
	n642 [label = <<i>self_id.to_i</i>> ]
	n641 [label = <<i>self.id</i>> ]
	n541 []
	n639 []
	n577 []
	n576 []
	n574 [label = <<i>downvote.to_i</i>> ]
	n547 []
	n575 []
	n572 []
	n571 []
	n565 []
	n561 []
	n563 [label = <<i>Comment.table_name</i>> ]
	n562 []
	n564 []
	n570 []
	n566 []
	n568 [label = <<i>upvote.to_i</i>> ]
	n546 []
	n569 []
	n638 []
	n578 []
	n580 [label = <<i>self.calculated_confidence</i>> ]
	n597 []
	n635 []
	n634 []
	n633 []
	n625 []
	n624 []
	n600 []
	n623 [label = <<i>Math.sqrt</i>> ]
	n622 []
	n621 []
	n620 []
	n619 []
	n592 []
	n591 [label = <<i>(upvotes+downvotes).to_f</i>> ]
	n590 []
	n589 [label = <<i>self.downvotes</i>> ]
	n582 []
	n588 [label = <<i>self.upvotes</i>> ]
	n618 []
	n617 []
	n616 []
	n615 []
	n605 []
	n604 []
	n603 [label = <<i>upvotes.to_f</i>> ]
	n602 [label = <<i>self.upvotes</i>> ]
	n614 []
	n612 []
	n611 []
	n610 []
	n609 []
	n608 []
	n607 []
	n631 []
	n630 []
	n629 []
	n628 []
	n627 []
	n637 []
	n560 [label = <<i>Comment.connection</i>> ]
	n559 []
}

digraph CommentsController_unvote_forward_70308960156540 {
	n668 -> n683
	n668 [label=<<i>self_tags.select</i>> color=crimson shape=doubleoctagon]; 
	n683 [label = <<i>self_tags_select{|t|t_hotness_mod!=0}.each</i>> ]
}

digraph CommentsController_unvote_backward_70308960156540 {
	n659 -> n668
	n667 -> n668
	n659 -> n667
	n668 [label=<<i>self_tags.select</i>> color=crimson shape=doubleoctagon]; 
	n659 []
	n667 [label = <<i>self.tags</i>> ]
}

digraph CommentsController_unvote_forward_70308959907160 {
	n703 -> n704
	n704 -> n705
	n705 -> n722
	n722 -> n723
	n723 -> n724
	n724 -> n725
	n725 -> n743
	n743 -> n744
	n744 -> n745
	n745 -> n746
	n746 -> n747
	n747 -> n773
	n773 -> n774
	n774 -> n783
	n783 -> n784
	n784 -> n785
	n785 -> n786
	n786 -> n657
	n657 -> n788
	n788 -> n789
	n789 -> n648
	n648 -> n791
	n791 -> n538
	n538 -> n863
	n703 [label=<<i>self_comments.where</i>> color=crimson shape=doubleoctagon]; 
	n704 [label = <<i>self_comments_where("user_idI?",self_user_id).select</i>> color=coral1 ]
	n705 [label = <<i>%v_10.map</i>> ]
	n722 [label = <<i>%v_11.inject</i>> ]
	n723 [label = <<i>%v_12.to_f</i>> ]
	n724 []
	n725 []
	n743 []
	n744 []
	n745 [label = <<i>[(score+1)_abs+cpoints,1].max</i>> ]
	n746 [label = <<i>Math.log</i>> ]
	n747 []
	n773 []
	n774 []
	n783 []
	n784 []
	n785 []
	n786 []
	n657 [label = <<i>self.calculated_hotness</i>> ]
	n788 [label = <<i>%self.update_column</i>> ]
	n789 []
	n648 [label = <<i>self_story.recalculate_hotness!</i>> ]
	n791 []
	n538 [label = <<i>c.give_upvote_or_downvote_and_recalculate_confidence!</i>> ]
	n863 []
}

digraph CommentsController_unvote_backward_70308959907160 {
	n702 -> n703
	n659 -> n702
	n700 -> n703
	n659 -> n700
	n701 -> n703
	n703 [label=<<i>self_comments.where</i>> color=crimson shape=doubleoctagon]; 
	n702 [label = <<i>self.user_id</i>> ]
	n659 []
	n700 [label = <<i>self.comments</i>> ]
	n701 []
}

digraph CommentsController_unvote_forward_70308959905080 {
	n704 -> n705
	n705 -> n722
	n722 -> n723
	n723 -> n724
	n724 -> n725
	n725 -> n743
	n743 -> n744
	n744 -> n745
	n745 -> n746
	n746 -> n747
	n747 -> n773
	n773 -> n774
	n774 -> n783
	n783 -> n784
	n784 -> n785
	n785 -> n786
	n786 -> n657
	n657 -> n788
	n788 -> n789
	n789 -> n648
	n648 -> n791
	n791 -> n538
	n538 -> n863
	n704 [label=<<i>self_comments_where("user_idI?",self_user_id).select</i>> color=crimson shape=doubleoctagon]; 
	n705 [label = <<i>%v_10.map</i>> ]
	n722 [label = <<i>%v_11.inject</i>> ]
	n723 [label = <<i>%v_12.to_f</i>> ]
	n724 []
	n725 []
	n743 []
	n744 []
	n745 [label = <<i>[(score+1)_abs+cpoints,1].max</i>> ]
	n746 [label = <<i>Math.log</i>> ]
	n747 []
	n773 []
	n774 []
	n783 []
	n784 []
	n785 []
	n786 []
	n657 [label = <<i>self.calculated_hotness</i>> ]
	n788 [label = <<i>%self.update_column</i>> ]
	n789 []
	n648 [label = <<i>self_story.recalculate_hotness!</i>> ]
	n791 []
	n538 [label = <<i>c.give_upvote_or_downvote_and_recalculate_confidence!</i>> ]
	n863 []
}

digraph CommentsController_unvote_backward_70308959905080 {
	n703 -> n704
	n702 -> n703
	n659 -> n702
	n700 -> n703
	n659 -> n700
	n701 -> n703
	n704 [label=<<i>self_comments_where("user_idI?",self_user_id).select</i>> color=crimson shape=doubleoctagon]; 
	n703 [label = <<i>self_comments.where</i>> color=coral1 ]
	n702 [label = <<i>self.user_id</i>> ]
	n659 []
	n700 [label = <<i>self.comments</i>> ]
	n701 []
}

digraph CommentsController_unvote_forward_70308960085020 {
	n797 -> n798
	n798 -> n805
	n805 -> n808
	n798 -> n812
	n812 -> n862
	n862 -> n863
	n797 -> n800
	n800 -> n801
	n801 -> n802
	n797 [label=<<i>Story.find</i>> color=crimson shape=doubleoctagon]; 
	n798 []
	n805 [label = <<i>s.user_id</i>> ]
	n808 [label = <<i>User.update_counters</i>> color=coral1 ]
	n812 [label = <<i>s.give_upvote_or_downvote_and_recalculate_hotness!</i>> ]
	n862 []
	n863 []
	n800 [label = <<i>%cl_1_43.user_id</i>> ]
	n801 []
	n802 []
}

digraph CommentsController_unvote_backward_70308960085020 {
	n795 -> n797
	n796 -> n797
	n502 -> n796
	n504 -> n796
	n502 -> n504
	n797 [label=<<i>Story.find</i>> color=crimson shape=doubleoctagon]; 
	n795 []
	n796 [label = <<i>v.story_id</i>> ]
	n502 []
	n504 []
}

digraph CommentsController_unvote_forward_70308959783460 {
	n808 [label=<<i>User.update_counters</i>> color=crimson shape=doubleoctagon]; 
}

digraph CommentsController_unvote_backward_70308959783460 {
	n805 -> n808
	n798 -> n805
	n797 -> n798
	n795 -> n797
	n796 -> n797
	n502 -> n796
	n504 -> n796
	n502 -> n504
	n804 -> n808
	n807 -> n808
	n806 -> n807
	n492 -> n806
	n491 -> n492
	n474 -> n491
	n473 -> n474
	n471 -> n474
	n490 -> n491
	n488 -> n491
	n448 -> n806
	n447 -> n448
	n445 -> n448
	n500 -> n806
	n499 -> n500
	n498 -> n499
	n496 -> n499
	n482 -> n499
	n481 -> n482
	n479 -> n482
	n456 -> n806
	n455 -> n456
	n453 -> n456
	n808 [label=<<i>User.update_counters</i>> color=crimson shape=doubleoctagon]; 
	n805 [label = <<i>s.user_id</i>> ]
	n798 []
	n797 [label = <<i>Story.find</i>> color=coral1 ]
	n795 []
	n796 [label = <<i>v.story_id</i>> ]
	n502 []
	n504 []
	n804 []
	n807 []
	n806 []
	n492 []
	n491 []
	n474 []
	n473 []
	n471 []
	n490 []
	n488 []
	n448 []
	n447 []
	n445 []
	n500 []
	n499 []
	n498 []
	n496 []
	n482 []
	n481 []
	n479 []
	n456 []
	n455 []
	n453 []
}

digraph CommentsController_unvote_forward_70308960044640 {
	n859 -> n860
	n860 -> n812
	n812 -> n862
	n862 -> n863
	n859 [label=<<i>Story_connection.execute</i>> color=crimson shape=doubleoctagon]; 
	n860 []
	n812 [label = <<i>s.give_upvote_or_downvote_and_recalculate_hotness!</i>> ]
	n862 []
	n863 []
}

digraph CommentsController_unvote_backward_70308960044640 {
	n833 -> n859
	n832 -> n833
	n858 -> n859
	n850 -> n858
	n849 -> n850
	n847 -> n849
	n820 -> n847
	n848 -> n849
	n845 -> n849
	n844 -> n850
	n838 -> n844
	n834 -> n838
	n836 -> n838
	n835 -> n836
	n837 -> n838
	n843 -> n844
	n839 -> n843
	n841 -> n843
	n819 -> n841
	n842 -> n843
	n857 -> n858
	n851 -> n857
	n853 -> n857
	n814 -> n853
	n854 -> n857
	n856 -> n857
	n855 -> n856
	n814 -> n855
	n859 [label=<<i>Story_connection.execute</i>> color=crimson shape=doubleoctagon]; 
	n833 [label = <<i>Story.connection</i>> ]
	n832 []
	n858 []
	n850 []
	n849 []
	n847 [label = <<i>downvote.to_i</i>> ]
	n820 []
	n848 []
	n845 []
	n844 []
	n838 []
	n834 []
	n836 [label = <<i>Story.table_name</i>> ]
	n835 []
	n837 []
	n843 []
	n839 []
	n841 [label = <<i>upvote.to_i</i>> ]
	n819 []
	n842 []
	n857 []
	n851 []
	n853 [label = <<i>self.calculated_hotness</i>> ]
	n814 []
	n854 []
	n856 [label = <<i>self_id.to_i</i>> ]
	n855 [label = <<i>self.id</i>> ]
}

