SET IRMethod, name = pinned_first instanceMethod = false
BB 1
	outgoing: 3 2 
	datadep: 
	instructions:
BB 2
	outgoing: 3 
	datadep: 
	instructions:
		 0: def_%self 
		 1: def_%v_0 
		 2: COPY TYPE_CurrentScope def_%current_scope 
		 3: COPY TYPE_ScopeModule def_%current_module 
		 4: 
		 5: 
		 6: HASH-pinned- def_%v_3 
		 7: %self->order def_%v_4 %self[2.0,] %v_3[2.6,] 	 SYMBOL:	 ARGS:%v_3,
		 8: RETURN %v_4[2.7,] %self[2.0,2.7,] 
BB 3
	outgoing: 
	datadep: 
	instructions:

SET IRMethod, name = latest instanceMethod = false
BB 1
	outgoing: 3 2 
	datadep: 
	instructions:
BB 2
	outgoing: 3 
	datadep: 
	instructions:
		 0: def_%self 
		 1: def_%v_0 
		 2: COPY TYPE_CurrentScope def_%current_scope 
		 3: COPY TYPE_ScopeModule def_%current_module 
		 4: 
		 5: 
		 6: COPY TYPE_StringLiteral "
      GREATEST(
        " def_%v_3 
		 7: 
		 8: %self->quoted_table_name def_%v_4 %self[2.0,] 	 SYMBOL:	 ARGS:
		 9: COPY TYPE_StringLiteral ".bumped_at,
        " def_%v_5 
		 10: 
		 11: %self->quoted_table_name def_%v_6 %self[2.0,2.8,] 	 SYMBOL:	 ARGS:
		 12: COPY TYPE_StringLiteral ".created_at,
        " def_%v_7 
		 13: 
		 14: %self->quoted_table_name def_%v_8 %self[2.0,2.8,2.11,] 	 SYMBOL:	 ARGS:
		 15: COPY TYPE_StringLiteral ".last_commented_at
      ) DESC
    " def_%v_9 
		 16: BUILDSTRING def_%v_10 %v_3[2.6,] %v_4[2.8,] %v_5[2.9,] %v_6[2.11,] %v_7[2.12,] %v_8[2.14,] %v_9[2.15,] 
		 17: %self->order def_%v_11 %self[2.0,2.8,2.11,2.14,] %v_10[2.16,] 	 SYMBOL:	 ARGS:%v_10,
		 18: RETURN %v_11[2.17,] %self[2.0,2.8,2.11,2.14,2.17,] 
BB 3
	outgoing: 
	datadep: 
	instructions:

SET IRMethod, name = pinned_first instanceMethod = false
BB 1
	outgoing: 3 2 
	datadep: 
	instructions:
BB 2
	outgoing: 3 
	datadep: 
	instructions:
		 0: def_%self 
		 1: def_%v_0 
		 2: COPY TYPE_CurrentScope def_%current_scope 
		 3: COPY TYPE_ScopeModule def_%current_module 
		 4: 
		 5: 
		 6: HASH-pinned- def_%v_3 
		 7: %self->order def_%v_4 %self[2.0,] %v_3[2.6,] 	 SYMBOL:	 ARGS:%v_3,
		 8: RETURN %v_4[2.7,] %self[2.0,2.7,] 
BB 3
	outgoing: 
	datadep: 
	instructions:

SET IRMethod, name = latest instanceMethod = false
BB 1
	outgoing: 3 2 
	datadep: 
	instructions:
BB 2
	outgoing: 3 
	datadep: 
	instructions:
		 0: def_%self 
		 1: def_%v_0 
		 2: COPY TYPE_CurrentScope def_%current_scope 
		 3: COPY TYPE_ScopeModule def_%current_module 
		 4: 
		 5: 
		 6: COPY TYPE_StringLiteral "
      GREATEST(
        " def_%v_3 
		 7: 
		 8: %self->quoted_table_name def_%v_4 %self[2.0,] 	 SYMBOL:	 ARGS:
		 9: COPY TYPE_StringLiteral ".bumped_at,
        " def_%v_5 
		 10: 
		 11: %self->quoted_table_name def_%v_6 %self[2.0,2.8,] 	 SYMBOL:	 ARGS:
		 12: COPY TYPE_StringLiteral ".created_at,
        " def_%v_7 
		 13: 
		 14: %self->quoted_table_name def_%v_8 %self[2.0,2.8,2.11,] 	 SYMBOL:	 ARGS:
		 15: COPY TYPE_StringLiteral ".last_commented_at
      ) DESC
    " def_%v_9 
		 16: BUILDSTRING def_%v_10 %v_3[2.6,] %v_4[2.8,] %v_5[2.9,] %v_6[2.11,] %v_7[2.12,] %v_8[2.14,] %v_9[2.15,] 
		 17: %self->order def_%v_11 %self[2.0,2.8,2.11,2.14,] %v_10[2.16,] 	 SYMBOL:	 ARGS:%v_10,
		 18: RETURN %v_11[2.17,] %self[2.0,2.8,2.11,2.14,2.17,] 
BB 3
	outgoing: 
	datadep: 
	instructions:

SET IRMethod, name = pinned_first instanceMethod = false
BB 1
	outgoing: 3 2 
	datadep: 
	instructions:
BB 2
	outgoing: 3 
	datadep: 
	instructions:
		 0: def_%self 
		 1: def_%v_0 
		 2: COPY TYPE_CurrentScope def_%current_scope 
		 3: COPY TYPE_ScopeModule def_%current_module 
		 4: 
		 5: 
		 6: HASH-pinned- def_%v_3 
		 7: %self->order def_%v_4 %self[2.0,] %v_3[2.6,] 	 SYMBOL:	 ARGS:%v_3,
		 8: RETURN %v_4[2.7,] %self[2.0,2.7,] 
BB 3
	outgoing: 
	datadep: 
	instructions:

SET IRMethod, name = latest instanceMethod = false
BB 1
	outgoing: 3 2 
	datadep: 
	instructions:
BB 2
	outgoing: 3 
	datadep: 
	instructions:
		 0: def_%self 
		 1: def_%v_0 
		 2: COPY TYPE_CurrentScope def_%current_scope 
		 3: COPY TYPE_ScopeModule def_%current_module 
		 4: 
		 5: 
		 6: COPY TYPE_StringLiteral "
      GREATEST(
        " def_%v_3 
		 7: 
		 8: %self->quoted_table_name def_%v_4 %self[2.0,] 	 SYMBOL:	 ARGS:
		 9: COPY TYPE_StringLiteral ".bumped_at,
        " def_%v_5 
		 10: 
		 11: %self->quoted_table_name def_%v_6 %self[2.0,2.8,] 	 SYMBOL:	 ARGS:
		 12: COPY TYPE_StringLiteral ".created_at,
        " def_%v_7 
		 13: 
		 14: %self->quoted_table_name def_%v_8 %self[2.0,2.8,2.11,] 	 SYMBOL:	 ARGS:
		 15: COPY TYPE_StringLiteral ".last_commented_at
      ) DESC
    " def_%v_9 
		 16: BUILDSTRING def_%v_10 %v_3[2.6,] %v_4[2.8,] %v_5[2.9,] %v_6[2.11,] %v_7[2.12,] %v_8[2.14,] %v_9[2.15,] 
		 17: %self->order def_%v_11 %self[2.0,2.8,2.11,2.14,] %v_10[2.16,] 	 SYMBOL:	 ARGS:%v_10,
		 18: RETURN %v_11[2.17,] %self[2.0,2.8,2.11,2.14,2.17,] 
BB 3
	outgoing: 
	datadep: 
	instructions:

SET IRMethod, name = to_s instanceMethod = true
BB 1
	outgoing: 3 2 
	datadep: 
	instructions:
BB 2
	outgoing: 3 
	datadep: 
	instructions:
		 0: def_%self 
		 1: def_%v_0 
		 2: COPY TYPE_CurrentScope def_%current_scope 
		 3: COPY TYPE_ScopeModule def_%current_module 
		 4: 
		 5: 
		 6: %self->title def_%v_3 %self[2.0,] 	 SYMBOL:	 ARGS:
		 7: RETURN %v_3[2.6,] %self[2.0,2.6,] 
BB 3
	outgoing: 
	datadep: 
	instructions:

SET IRMethod, name = cache_key instanceMethod = true
BB 1
	outgoing: 8 2 
	datadep: 
	instructions:
BB 2
	outgoing: 3 4 
	datadep: 
	instructions:
		 0: def_%self 
		 1: def_%v_0 
		 2: COPY TYPE_CurrentScope def_%current_scope 
		 3: COPY TYPE_ScopeModule def_%current_module 
		 4: 
		 5: 
		 6: %self->persisted? def_%v_3 %self[2.0,] 	 SYMBOL:	 ARGS:
		 7: BRANCH %v_3[2.6,] 
BB 3
	outgoing: 4 
	datadep: 
	instructions:
		 0: %self->[] def_%v_4 %self[2.0,] 	 SYMBOL:last_commented_at,	 ARGS:Symbol,
		 1: COPY TYPE_PASS def_timestamp %v_4[3.0,] 
		 2: COPY TYPE_PASS def_%v_3 %v_4[3.0,] 
BB 4
	outgoing: 5 6 
	datadep: 
	instructions:
		 0: BRANCH %v_3[3.2,2.6,] 
BB 5
	outgoing: 8 
	datadep: 
	instructions:
		 0: 
		 1: timestamp->utc def_%v_5 timestamp[3.1,] 	 SYMBOL:	 ARGS:
		 2: %self->cache_timestamp_format def_%v_6 %self[2.0,] 	 SYMBOL:	 ARGS:
		 3: %v_5->to_s def_%v_7 %v_5[5.1,] %v_6[5.2,] 	 SYMBOL:	 ARGS:%v_6,
		 4: COPY TYPE_PASS def_timestamp %v_7[5.3,] 
		 5: 
		 6: %self->super def_%v_8 %current_module[2.3,] %v_0[2.1,] 	 SYMBOL:	 ARGS:
		 7: COPY TYPE_StringLiteral "-" def_%v_9 
		 8: BUILDSTRING def_%v_10 %v_8[5.6,] %v_9[5.7,] timestamp[5.1,5.4,] 
		 9: RETURN %v_10[5.8,] %self[5.2,2.0,] 
BB 6
	outgoing: 8 
	datadep: 
	instructions:
		 0: 
		 1: %self->super def_%v_11 %current_module[2.3,] %v_0[2.1,] 	 SYMBOL:	 ARGS:
		 2: BUILDSTRING def_%v_12 %v_11[6.1,] 
		 3: RETURN %v_12[6.2,] %self[2.0,] 
BB 8
	outgoing: 
	datadep: 
	instructions:

SET IRMethod, name = pin! instanceMethod = true
BB 1
	outgoing: 3 2 
	datadep: 
	instructions:
BB 2
	outgoing: 3 
	datadep: 
	instructions:
		 0: def_%self 
		 1: def_%v_0 
		 2: COPY TYPE_CurrentScope def_%current_scope 
		 3: COPY TYPE_ScopeModule def_%current_module 
		 4: 
		 5: 
		 6: %self->update_attribute def_%v_3 %self[2.0,] 	 SYMBOL:pinned,	 ARGS:Symbol,Boolean,
		 7: RETURN %v_3[2.6,] %self[2.0,2.6,] 
BB 3
	outgoing: 
	datadep: 
	instructions:

SET IRMethod, name = unpin! instanceMethod = true
BB 1
	outgoing: 3 2 
	datadep: 
	instructions:
BB 2
	outgoing: 3 
	datadep: 
	instructions:
		 0: def_%self 
		 1: def_%v_0 
		 2: COPY TYPE_CurrentScope def_%current_scope 
		 3: COPY TYPE_ScopeModule def_%current_module 
		 4: 
		 5: 
		 6: %self->update_attribute def_%v_3 %self[2.0,] 	 SYMBOL:pinned,	 ARGS:Symbol,Boolean,
		 7: RETURN %v_3[2.6,] %self[2.0,2.6,] 
BB 3
	outgoing: 
	datadep: 
	instructions:

SET IRMethod, name = lock! instanceMethod = true
BB 1
	outgoing: 3 2 
	datadep: 
	instructions:
BB 2
	outgoing: 3 
	datadep: 
	instructions:
		 0: def_%self 
		 1: def_%v_0 
		 2: COPY TYPE_CurrentScope def_%current_scope 
		 3: COPY TYPE_ScopeModule def_%current_module 
		 4: 
		 5: 
		 6: %self->update_attribute def_%v_3 %self[2.0,] 	 SYMBOL:locked,	 ARGS:Symbol,Boolean,
		 7: RETURN %v_3[2.6,] %self[2.0,2.6,] 
BB 3
	outgoing: 
	datadep: 
	instructions:

SET IRMethod, name = unlock! instanceMethod = true
BB 1
	outgoing: 3 2 
	datadep: 
	instructions:
BB 2
	outgoing: 3 
	datadep: 
	instructions:
		 0: def_%self 
		 1: def_%v_0 
		 2: COPY TYPE_CurrentScope def_%current_scope 
		 3: COPY TYPE_ScopeModule def_%current_module 
		 4: 
		 5: 
		 6: %self->update_attribute def_%v_3 %self[2.0,] 	 SYMBOL:locked,	 ARGS:Symbol,Boolean,
		 7: RETURN %v_3[2.6,] %self[2.0,2.6,] 
BB 3
	outgoing: 
	datadep: 
	instructions:

SET IRMethod, name = hide! instanceMethod = true
BB 1
	outgoing: 3 2 
	datadep: 
	instructions:
BB 2
	outgoing: 3 
	datadep: 
	instructions:
		 0: def_%self 
		 1: def_%v_0 
		 2: COPY TYPE_CurrentScope def_%current_scope 
		 3: COPY TYPE_ScopeModule def_%current_module 
		 4: 
		 5: 
		 6: %self->update_attribute def_%v_3 %self[2.0,] 	 SYMBOL:hidden,	 ARGS:Symbol,Boolean,
		 7: RETURN %v_3[2.6,] %self[2.0,2.6,] 
BB 3
	outgoing: 
	datadep: 
	instructions:

SET IRMethod, name = unhide! instanceMethod = true
BB 1
	outgoing: 3 2 
	datadep: 
	instructions:
BB 2
	outgoing: 3 
	datadep: 
	instructions:
		 0: def_%self 
		 1: def_%v_0 
		 2: COPY TYPE_CurrentScope def_%current_scope 
		 3: COPY TYPE_ScopeModule def_%current_module 
		 4: 
		 5: 
		 6: %self->update_attribute def_%v_3 %self[2.0,] 	 SYMBOL:hidden,	 ARGS:Symbol,Boolean,
		 7: RETURN %v_3[2.6,] %self[2.0,2.6,] 
BB 3
	outgoing: 
	datadep: 
	instructions:

SET IRMethod, name = bump! instanceMethod = true
BB 1
	outgoing: 3 2 
	datadep: 
	instructions:
BB 2
	outgoing: 3 
	datadep: 
	instructions:
		 0: def_%self 
		 1: def_%v_0 
		 2: COPY TYPE_CurrentScope def_%current_scope 
		 3: COPY TYPE_ScopeModule def_%current_module 
		 4: 
		 5: 
		 6: %self->touch def_%v_3 %self[2.0,] 	 SYMBOL:bumped_at,	 ARGS:Symbol,
		 7: RETURN %v_3[2.6,] %self[2.0,2.6,] 
BB 3
	outgoing: 
	datadep: 
	instructions:

