SET IRMethod, name = escape_javascript instanceMethod = true
BB 1
	outgoing: 5 2 
	datadep: 
	instructions:
BB 2
	outgoing: 3 4 
	datadep: 
	instructions:
		 0: def_%self 
		 1: def_%v_0 
		 2: COPY TYPE_CurrentScope def_%current_scope 
		 3: COPY TYPE_ScopeModule def_%current_module 
		 4: 
		 5: RECEIVEARG def_javascript 
		 6: 
		 7: COPY TYPE_PASS def_%v_3 javascript[2.5,] 
		 8: BRANCH javascript[2.5,] 
BB 3
	outgoing: 4 
	datadep: 
	instructions:
		 0: COPY TYPE_StringLiteral "" def_%v_4 
		 1: COPY TYPE_PASS def_%v_3 %v_4[3.0,] 
BB 4
	outgoing: 5 
	datadep: 
	instructions:
		 0: COPY TYPE_StringLiteral "\" def_%v_5 
		 1: COPY TYPE_StringLiteral "\0\0" def_%v_6 
		 2: %v_3->gsub def_%v_7 %v_3[3.1,2.7,] %v_5[4.0,] %v_6[4.1,] 	 SYMBOL:	 ARGS:%v_5,%v_6,
		 3: COPY TYPE_StringLiteral "</" def_%v_8 
		 4: COPY TYPE_StringLiteral "<\/" def_%v_9 
		 5: %v_7->gsub def_%v_10 %v_7[4.2,] %v_8[4.3,] %v_9[4.4,] 	 SYMBOL:	 ARGS:%v_8,%v_9,
		 6: COPY TYPE_Regexp def_%v_11 
		 7: COPY TYPE_StringLiteral "\n" def_%v_12 
		 8: %v_10->gsub def_%v_13 %v_10[4.5,] %v_12[4.7,] 	 SYMBOL:	 ARGS:%v_11,%v_12,
		 9: COPY TYPE_Regexp def_%v_14 
		 10: %v_13->gsub def_%v_15 %v_13[4.8,] %self[2.0,] 	 SYMBOL:	 ARGS:%v_14,%v_13,
CLOSURE BEGIN: m[] 
BB 1
	outgoing: 6 2 
	datadep: 
	instructions:
BB 2
	outgoing: 3 
	datadep: 
	instructions:
		 0: def_%self 
		 1: def_%cl_1_0 
		 2: RECEIVEARG def_m 
		 3: COPY TYPE_CurrentScope def_%current_scope 
		 4: COPY TYPE_ScopeModule def_%current_module 
BB 3
	outgoing: 4 6 
	datadep: 
	instructions:
		 0: 
		 1: COPY TYPE_StringLiteral "\" def_%cl_1_3 
		 2: BUILDSTRING def_%cl_1_4 %cl_1_3[3.1,] m[2.2,] 
		 3: RETURN %cl_1_4[3.2,] %self[2.0,] 
BB 4
	outgoing: 6 
	datadep: 
	instructions:
		 0: def_%cl_1_5 
		 1: def_%cl_1_6 %cl_1_5[4.0,] 
		 2: RETURN %cl_1_6[4.1,] %self[2.0,] 
BB 6
	outgoing: 
	datadep: 
	instructions:
CLOSURE END: 
		 11: RETURN %v_15[4.10,] %self[2.0,] 
BB 5
	outgoing: 
	datadep: 
	instructions:

SET IRMethod, name = redirect_to_first instanceMethod = true
BB 1
	outgoing: 6 2 
	datadep: 
	instructions:
BB 2
	outgoing: 4 6 
	datadep: 
	instructions:
		 0: def_%self 
		 1: def_%v_0 
		 2: COPY TYPE_CurrentScope def_%current_scope 
		 3: COPY TYPE_ScopeModule def_%current_module 
		 4: 
		 5: RECEIVEARG def_urls 
		 6: 
		 7: urls->each def_%v_3 urls[2.5,] %self[2.0,] 	 SYMBOL:	 ARGS:urls,
CLOSURE BEGIN: url[] %self[2.0,] 
BB 1
	outgoing: 9 2 
	datadep: 
	instructions:
BB 2
	outgoing: 3 
	datadep: 
	instructions:
		 0: def_%self 
		 1: def_%cl_1_0 
		 2: RECEIVEARG def_url 
		 3: COPY TYPE_CurrentScope def_%current_scope 
		 4: COPY TYPE_ScopeModule def_%current_module 
BB 3
	outgoing: 4 5 7 
	datadep: 
	instructions:
		 0: 
		 1: url->blank? def_%cl_1_3 url[2.2,] 	 SYMBOL:	 ARGS:
		 2: BRANCH %cl_1_3[3.1,] 
BB 4
	outgoing: 9 
	datadep: 
	instructions:
		 0: COPY TYPE_Nil def_%cl_1_4 
		 1: RETURN %cl_1_4[4.0,] %self[2.0,] 
BB 5
	outgoing: 7 9 
	datadep: 
	instructions:
		 0: 
		 1: %self->redirect_to def_%cl_1_5 %self[2.0,] url[2.2,] 	 SYMBOL:	 ARGS:url,
		 2: 
		 3: RETURN %cl_1_5[5.1,] %self[5.1,2.0,] 
BB 7
	outgoing: 9 
	datadep: 
	instructions:
		 0: def_%cl_1_6 
		 1: def_%cl_1_7 %cl_1_6[7.0,] 
		 2: RETURN %cl_1_7[7.1,] %self[2.0,] 
BB 9
	outgoing: 
	datadep: 
	instructions:
CLOSURE END: 
		 8: RETURN %v_3[2.7,] %self[2.0,] 
BB 4
	outgoing: 6 
	datadep: 
	instructions:
		 0: def_%v_4 
		 1: def_%v_5 %v_4[4.0,] 
		 2: RETURN %v_5[4.1,] %self[2.0,] 
BB 6
	outgoing: 
	datadep: 
	instructions:

SET IRMethod, name = current_site instanceMethod = true
BB 1
	outgoing: 7 2 
	datadep: 
	instructions:
BB 2
	outgoing: 3 4 
	datadep: 
	instructions:
		 0: def_%self 
		 1: def_%v_0 
		 2: COPY TYPE_CurrentScope def_%current_scope 
		 3: COPY TYPE_ScopeModule def_%current_module 
		 4: 
		 5: 
		 6: def_%v_4 %self[2.0,] 
		 7: COPY TYPE_PASS def_%v_3 %v_4[2.6,] 
		 8: %v_4[2.6,] 
BB 3
	outgoing: 4 
	datadep: 
	instructions:
		 0: GETFIELD %self->current_site def_%v_5 %self[2.0,] 
		 1: COPY TYPE_PASS def_%v_3 %v_5[3.0,] 
BB 4
	outgoing: 5 6 
	datadep: 
	instructions:
		 0: BRANCH %v_3[3.1,2.7,] 
BB 5
	outgoing: 7 
	datadep: 
	instructions:
		 0: (Site) def_%v_6 
		 1: %self->request def_%v_7 %self[2.0,] 	 SYMBOL:	 ARGS:
		 2: %v_7->host def_%v_8 %v_7[5.1,] 	 SYMBOL:	 ARGS:
		 3: %v_6->find_by_domain def_%v_9 %v_6[5.0,] %v_8[5.2,] 	 SYMBOL:	 ARGS:%v_8,
		 4: ATTRASSIGN %self->current_site %v_9[5.3,] 
		 5: RETURN %v_9[5.3,] %self[5.1,5.4,2.0,] 
BB 6
	outgoing: 7 
	datadep: 
	instructions:
		 0: RETURN %v_5[3.0,] %self[2.0,] 
BB 7
	outgoing: 
	datadep: 
	instructions:

SET IRMethod, name = redirect_to_cms_site instanceMethod = true
BB 1
	outgoing: 8 2 
	datadep: 
	instructions:
BB 2
	outgoing: 3 4 
	datadep: 
	instructions:
		 0: def_%self 
		 1: def_%v_0 
		 2: COPY TYPE_CurrentScope def_%current_scope 
		 3: COPY TYPE_ScopeModule def_%current_module 
		 4: 
		 5: 
		 6: %self->using_cms_subdomains? def_%v_3 %self[2.0,] 	 SYMBOL:	 ARGS:
		 7: BRANCH %v_3[2.6,] 
BB 3
	outgoing: 4 
	datadep: 
	instructions:
		 0: %self->request_is_for_cms_subdomain? def_%v_4 %self[2.0,] 	 SYMBOL:	 ARGS:
		 1: %v_4->! def_%v_5 %v_4[3.0,] 	 SYMBOL:	 ARGS:
		 2: COPY TYPE_PASS def_%v_3 %v_5[3.1,] 
BB 4
	outgoing: 5 6 
	datadep: 
	instructions:
		 0: BRANCH %v_3[3.2,2.6,] 
BB 5
	outgoing: 8 
	datadep: 
	instructions:
		 0: 
		 1: %self->url_with_cms_domain_prefix def_%v_6 %self[2.0,] 	 SYMBOL:	 ARGS:
		 2: %self->redirect_to def_%v_7 %self[5.1,2.0,] %v_6[5.1,] 	 SYMBOL:	 ARGS:%v_6,
		 3: RETURN %v_7[5.2,] %self[5.1,5.2,2.0,] 
BB 6
	outgoing: 8 
	datadep: 
	instructions:
		 0: RETURN %self[2.0,] 
BB 8
	outgoing: 
	datadep: 
	instructions:

SET IRMethod, name = append_to_query_string instanceMethod = true
BB 1
	outgoing: 6 2 
	datadep: 
	instructions:
BB 2
	outgoing: 3 4 
	datadep: 
	instructions:
		 0: def_%self 
		 1: def_%v_0 
		 2: COPY TYPE_CurrentScope def_%current_scope 
		 3: COPY TYPE_ScopeModule def_%current_module 
		 4: 
		 5: RECEIVEARG def_url 
		 6: RECEIVEARG def_params 
		 7: 
		 8: COPY TYPE_StringLiteral "?" def_%v_3 
		 9: url->[] def_%v_4 url[2.5,] %v_3[2.8,] 	 SYMBOL:	 ARGS:%v_3,
		 10: BRANCH %v_4[2.9,] 
BB 3
	outgoing: 5 
	datadep: 
	instructions:
		 0: COPY TYPE_PASS def_%v_5 url[2.5,] 
		 1: 
BB 4
	outgoing: 5 
	datadep: 
	instructions:
		 0: COPY TYPE_StringLiteral "?" def_%v_6 
		 1: BUILDSTRING def_%v_7 url[2.5,] %v_6[4.0,] 
		 2: COPY TYPE_PASS def_%v_5 %v_7[4.1,] 
BB 5
	outgoing: 6 
	datadep: 
	instructions:
		 0: COPY TYPE_PASS def_new_url %v_5[4.2,3.0,] 
		 1: 
		 2: params->map def_%v_8 params[2.6,] %self[2.0,] 	 SYMBOL:	 ARGS:params,
CLOSURE BEGIN: k[] v[] 
BB 1
	outgoing: 6 2 
	datadep: 
	instructions:
BB 2
	outgoing: 3 
	datadep: 
	instructions:
		 0: def_%self 
		 1: def_%cl_1_0 
		 2: RECEIVEARG def_k 
		 3: RECEIVEARG def_v 
		 4: COPY TYPE_CurrentScope def_%current_scope 
		 5: COPY TYPE_ScopeModule def_%current_module 
BB 3
	outgoing: 4 6 
	datadep: 
	instructions:
		 0: 
		 1: k->to_s def_%cl_1_3 k[2.2,] 	 SYMBOL:	 ARGS:
		 2: COPY TYPE_StringLiteral "=" def_%cl_1_4 
		 3: (CGI) def_%cl_1_5 
		 4: v->to_s def_%cl_1_6 v[2.3,] 	 SYMBOL:	 ARGS:
		 5: %cl_1_5->escape def_%cl_1_7 %cl_1_5[3.3,] %cl_1_6[3.4,] 	 SYMBOL:	 ARGS:%cl_1_6,
		 6: BUILDSTRING def_%cl_1_8 %cl_1_3[3.1,] %cl_1_4[3.2,] %cl_1_7[3.5,] 
		 7: RETURN %cl_1_8[3.6,] %self[2.0,] 
BB 4
	outgoing: 6 
	datadep: 
	instructions:
		 0: def_%cl_1_9 
		 1: def_%cl_1_10 %cl_1_9[4.0,] 
		 2: RETURN %cl_1_10[4.1,] %self[2.0,] 
BB 6
	outgoing: 
	datadep: 
	instructions:
CLOSURE END: v[2.3,] 
		 3: COPY TYPE_StringLiteral "&" def_%v_9 
		 4: %v_8->join def_%v_10 %v_8[5.2,] %v_9[5.3,] 	 SYMBOL:	 ARGS:%v_9,
		 5: new_url-><< def_%v_11 new_url[5.0,] %v_10[5.4,] 	 SYMBOL:	 ARGS:%v_10,
		 6: RETURN %v_11[5.5,] %self[2.0,] 
BB 6
	outgoing: 
	datadep: 
	instructions:

SET IRMethod, name = cms_access_required instanceMethod = true
BB 1
	outgoing: 8 2 
	datadep: 
	instructions:
BB 2
	outgoing: 3 4 
	datadep: 
	instructions:
		 0: def_%self 
		 1: def_%v_0 
		 2: COPY TYPE_CurrentScope def_%current_scope 
		 3: COPY TYPE_ScopeModule def_%current_module 
		 4: 
		 5: 
		 6: %self->current_user def_%v_3 %self[2.0,] 	 SYMBOL:	 ARGS:
		 7: %v_3->able_to? def_%v_4 %v_3[2.6,] 	 SYMBOL:administrate,edit_content,publish_content,	 ARGS:Symbol,Symbol,Symbol,
		 8: BRANCH %v_4[2.7,] 
BB 3
	outgoing: 8 
	datadep: 
	instructions:
		 0: COPY TYPE_Nil def_%v_5 
		 1: RETURN %v_5[3.0,] %self[2.0,] 
BB 4
	outgoing: 5 6 
	datadep: 
	instructions:
		 0: (Errors) def_%v_6 
		 1: (inherit AccessDenied) def_%v_7 %v_6[4.0,] 
		 2: %v_7[4.1,] 
BB 5
	outgoing: 6 
	datadep: 
	instructions:
		 0: %v_6->const_missing def_%v_7 %v_6[4.0,] 	 SYMBOL:AccessDenied,	 ARGS:Symbol,
BB 6
	outgoing: 8 
	datadep: 
	instructions:
		 0: %self->raise def_%v_8 %self[2.0,] %v_7[5.0,4.1,] 	 SYMBOL:	 ARGS:%v_7,
		 1: RETURN %v_8[6.0,] %self[6.0,2.0,] 
BB 8
	outgoing: 
	datadep: 
	instructions:

SET IRMethod, name = url_with_cms_domain_prefix instanceMethod = true
BB 1
	outgoing: 9 2 
	datadep: 
	instructions:
BB 2
	outgoing: 3 4 
	datadep: 
	instructions:
		 0: def_%self 
		 1: def_%v_0 
		 2: COPY TYPE_CurrentScope def_%current_scope 
		 3: COPY TYPE_ScopeModule def_%current_module 
		 4: 
		 5: 
		 6: %self->cms_site? def_%v_3 %self[2.0,] 	 SYMBOL:	 ARGS:
		 7: BRANCH %v_3[2.6,] 
BB 3
	outgoing: 9 
	datadep: 
	instructions:
		 0: 
		 1: %self->request def_%v_4 %self[2.0,] 	 SYMBOL:	 ARGS:
		 2: %v_4->url def_%v_5 %v_4[3.1,] 	 SYMBOL:	 ARGS:
		 3: RETURN %v_5[3.2,] %self[3.1,2.0,] 
BB 4
	outgoing: 5 6 
	datadep: 
	instructions:
		 0: 
		 1: %self->request def_%v_6 %self[2.0,] 	 SYMBOL:	 ARGS:
		 2: %v_6->subdomains def_%v_7 %v_6[4.1,] 	 SYMBOL:	 ARGS:
		 3: %v_7->first def_%v_8 %v_7[4.2,] 	 SYMBOL:	 ARGS:
		 4: COPY TYPE_StringLiteral "www" def_%v_9 
		 5: %v_8->== def_%v_10 %v_8[4.3,] %v_9[4.4,] 	 SYMBOL:	 ARGS:%v_9,
		 6: BRANCH %v_10[4.5,] 
BB 5
	outgoing: 7 
	datadep: 
	instructions:
		 0: 
		 1: %self->request def_%v_11 %self[2.0,] 	 SYMBOL:	 ARGS:
		 2: %v_11->url def_%v_12 %v_11[5.1,] 	 SYMBOL:	 ARGS:
		 3: COPY TYPE_Regexp def_%v_13 
		 4: %self->cms_domain_prefix def_%v_14 %self[5.1,2.0,] 	 SYMBOL:	 ARGS:
		 5: COPY TYPE_StringLiteral "." def_%v_15 
		 6: BUILDSTRING def_%v_16 %v_14[5.4,] %v_15[5.5,] 
		 7: %v_12->sub def_%v_17 %v_12[5.2,] %v_13[5.3,] %v_16[5.6,] 	 SYMBOL:	 ARGS:%v_13,%v_16,
		 8: 
BB 6
	outgoing: 7 
	datadep: 
	instructions:
		 0: 
		 1: %self->request def_%v_18 %self[2.0,] 	 SYMBOL:	 ARGS:
		 2: %v_18->url def_%v_19 %v_18[6.1,] 	 SYMBOL:	 ARGS:
		 3: COPY TYPE_Regexp def_%v_20 
		 4: COPY TYPE_StringLiteral "://" def_%v_21 
		 5: %self->cms_domain_prefix def_%v_22 %self[6.1,2.0,] 	 SYMBOL:	 ARGS:
		 6: COPY TYPE_StringLiteral "." def_%v_23 
		 7: BUILDSTRING def_%v_24 %v_21[6.4,] %v_22[6.5,] %v_23[6.6,] 
		 8: %v_19->sub def_%v_25 %v_19[6.2,] %v_20[6.3,] %v_24[6.7,] 	 SYMBOL:	 ARGS:%v_20,%v_24,
		 9: COPY TYPE_PASS def_%v_17 %v_25[6.8,] 
BB 7
	outgoing: 9 
	datadep: 
	instructions:
		 0: RETURN %v_17[6.9,5.7,] %self[2.0,] 
BB 9
	outgoing: 
	datadep: 
	instructions:

SET IRMethod, name = url_without_cms_domain_prefix instanceMethod = true
BB 1
	outgoing: 3 2 
	datadep: 
	instructions:
BB 2
	outgoing: 3 
	datadep: 
	instructions:
		 0: def_%self 
		 1: def_%v_0 
		 2: COPY TYPE_CurrentScope def_%current_scope 
		 3: COPY TYPE_ScopeModule def_%current_module 
		 4: 
		 5: 
		 6: %self->request def_%v_3 %self[2.0,] 	 SYMBOL:	 ARGS:
		 7: %v_3->url def_%v_4 %v_3[2.6,] 	 SYMBOL:	 ARGS:
		 8: COPY TYPE_StringLiteral "" def_%v_5 
		 9: %self->cms_domain_prefix def_%v_6 %self[2.0,2.6,] 	 SYMBOL:	 ARGS:
		 10: COPY TYPE_StringLiteral "\." def_%v_7 
		 11: def_%v_8 %v_5[2.8,] %v_6[2.9,] %v_7[2.10,] 
		 12: COPY TYPE_StringLiteral "" def_%v_9 
		 13: %v_4->sub def_%v_10 %v_4[2.7,] %v_8[2.11,] %v_9[2.12,] 	 SYMBOL:	 ARGS:%v_8,%v_9,
		 14: RETURN %v_10[2.13,] %self[2.0,2.6,2.9,] 
BB 3
	outgoing: 
	datadep: 
	instructions:

SET IRMethod, name = ensure_current_user_can_view instanceMethod = true
BB 1
	outgoing: 8 2 
	datadep: 
	instructions:
BB 2
	outgoing: 3 4 
	datadep: 
	instructions:
		 0: def_%self 
		 1: def_%v_0 
		 2: COPY TYPE_CurrentScope def_%current_scope 
		 3: COPY TYPE_ScopeModule def_%current_module 
		 4: 
		 5: RECEIVEARG def_content 
		 6: 
		 7: %self->current_user def_%v_3 %self[2.0,] 	 SYMBOL:	 ARGS:
		 8: %v_3->able_to_view? def_%v_4 %v_3[2.7,] content[2.5,] 	 SYMBOL:	 ARGS:content,
		 9: BRANCH %v_4[2.8,] 
BB 3
	outgoing: 8 
	datadep: 
	instructions:
		 0: COPY TYPE_Nil def_%v_5 
		 1: RETURN %v_5[3.0,] %self[2.0,] 
BB 4
	outgoing: 5 6 
	datadep: 
	instructions:
		 0: 
		 1: %self->store_location def_%v_6 %self[2.0,] 	 SYMBOL:	 ARGS:
		 2: 
		 3: (Errors) def_%v_7 
		 4: (inherit AccessDenied) def_%v_8 %v_7[4.3,] 
		 5: %v_8[4.4,] 
BB 5
	outgoing: 6 
	datadep: 
	instructions:
		 0: %v_7->const_missing def_%v_8 %v_7[4.3,] 	 SYMBOL:AccessDenied,	 ARGS:Symbol,
BB 6
	outgoing: 8 
	datadep: 
	instructions:
		 0: %self->raise def_%v_9 %self[2.0,] %v_8[5.0,4.4,] 	 SYMBOL:	 ARGS:%v_8,
		 1: RETURN %v_9[6.0,] %self[6.0,2.0,] 
BB 8
	outgoing: 
	datadep: 
	instructions:

