SET IRMethod, name = total_amount_worked
BB 1
	outgoing: 3 2 
	datadep: 
	instructions:
BB 2
	outgoing: 3 
	datadep: 
	instructions:
		 0: def_%self 
		 1: def_%v_0 
		 2: COPY def_%current_scope 
		 3: COPY def_%current_module 
		 4: 
		 5: RECEIVEARG def_logs 
		 6: 
		 7: logs->sum def_%v_3 logs[2.5,] 
		 8: RETURN %v_3[2.7,] %self[2.0,] 
BB 3
	outgoing: 
	datadep: 
	instructions:

SET IRMethod, name = total_task_worked
BB 1
	outgoing: 3 2 
	datadep: 
	instructions:
BB 2
	outgoing: 3 
	datadep: 
	instructions:
		 0: def_%self 
		 1: def_%v_0 
		 2: COPY def_%current_scope 
		 3: COPY def_%current_module 
		 4: 
		 5: RECEIVEARG def_logs 
		 6: RECEIVEARG def_task_id 
		 7: 
		 8: COPY def_total 
		 9: 
		 10: logs->each def_%v_3 logs[2.5,] %self[2.0,] 
CLOSURE BEGIN: log[] task_id[2.6,] total[2.8,] 
BB 1
	outgoing: 7 2 
	datadep: 
	instructions:
BB 2
	outgoing: 4 5 
	datadep: 
	instructions:
		 0: def_%self 
		 1: def_%cl_1_0 
		 2: RECEIVEARG def_log 
		 3: COPY def_%current_scope 
		 4: COPY def_%current_module 
		 5: 
		 6: log->task def_%cl_1_3 log[2.2,] 
		 7: %cl_1_3->id def_%cl_1_4 %cl_1_3[2.6,] 
		 8: %cl_1_4->== def_%cl_1_5 %cl_1_4[2.7,] task_id[] 
		 9: BRANCH %cl_1_5[2.8,] 
BB 4
	outgoing: 7 
	datadep: 
	instructions:
		 0: 
		 1: log->duration def_%cl_1_6 log[2.2,] 
		 2: def_%cl_1_7 total[] %cl_1_6[4.1,] 
		 3: COPY def_total %cl_1_7[4.2,] 
		 4: RETURN %cl_1_7[4.2,] %self[2.0,] 
BB 5
	outgoing: 7 
	datadep: 
	instructions:
		 0: RETURN %self[2.0,] 
BB 7
	outgoing: 
	datadep: 
	instructions:
CLOSURE END
		 11: 
		 12: RETURN total[2.8,] %self[2.0,] 
BB 3
	outgoing: 
	datadep: 
	instructions:

SET IRMethod, name = rows_columns_select
BB 1
	outgoing: 11 2 
	datadep: 
	instructions:
BB 2
	outgoing: 3 4 
	datadep: 
	instructions:
		 0: def_%self 
		 1: def_%v_0 
		 2: COPY def_%current_scope 
		 3: COPY def_%current_module 
		 4: 
		 5: RECEIVEARG def_name 
		 6: RECEIVEARG def_default_selected 
		 7: 
		 8: COPY def_%v_3 
		 9: %self->t def_%v_4 %self[2.0,] %v_3[2.8,] 
		 10: COPY def_%v_5 
		 11: COPY def_%v_6 %v_4[2.9,] %v_5[2.10,] 
		 12: COPY def_%v_7 
		 13: %self->t def_%v_8 %self[2.0,2.9,] %v_7[2.12,] 
		 14: COPY def_%v_9 
		 15: COPY def_%v_10 %v_8[2.13,] %v_9[2.14,] 
		 16: COPY def_%v_11 
		 17: %self->t def_%v_12 %self[2.0,2.9,2.13,] %v_11[2.16,] 
		 18: COPY def_%v_13 
		 19: COPY def_%v_14 %v_12[2.17,] %v_13[2.18,] 
		 20: COPY def_%v_15 
		 21: %self->t def_%v_16 %self[2.0,2.9,2.13,2.17,] %v_15[2.20,] 
		 22: COPY def_%v_17 
		 23: COPY def_%v_18 %v_16[2.21,] %v_17[2.22,] 
		 24: COPY def_%v_19 
		 25: %self->t def_%v_20 %self[2.0,2.9,2.13,2.17,2.21,] %v_19[2.24,] 
		 26: COPY def_%v_21 
		 27: COPY def_%v_22 %v_20[2.25,] %v_21[2.26,] 
		 28: COPY def_%v_23 
		 29: %self->t def_%v_24 %self[2.0,2.9,2.13,2.17,2.21,2.25,] %v_23[2.28,] 
		 30: COPY def_%v_25 
		 31: COPY def_%v_26 %v_24[2.29,] %v_25[2.30,] 
		 32: COPY def_%v_27 
		 33: %self->t def_%v_28 %self[2.0,2.9,2.13,2.17,2.21,2.25,2.29,] %v_27[2.32,] 
		 34: COPY def_%v_29 
		 35: COPY def_%v_30 %v_28[2.33,] %v_29[2.34,] 
		 36: COPY def_%v_31 
		 37: %self->t def_%v_32 %self[2.0,2.9,2.13,2.17,2.21,2.25,2.29,2.33,] %v_31[2.36,] 
		 38: COPY def_%v_33 
		 39: COPY def_%v_34 %v_32[2.37,] %v_33[2.38,] 
		 40: COPY def_%v_35 
		 41: %self->t def_%v_36 %self[2.0,2.9,2.13,2.17,2.21,2.25,2.29,2.33,2.37,] %v_35[2.40,] 
		 42: COPY def_%v_37 
		 43: COPY def_%v_38 %v_36[2.41,] %v_37[2.42,] 
		 44: COPY def_%v_39 
		 45: %self->t def_%v_40 %self[2.0,2.9,2.13,2.17,2.21,2.25,2.29,2.33,2.37,2.41,] %v_39[2.44,] 
		 46: COPY def_%v_41 
		 47: COPY def_%v_42 %v_40[2.45,] %v_41[2.46,] 
		 48: COPY def_%v_43 %v_6[2.11,] %v_10[2.15,] %v_14[2.19,] %v_18[2.23,] %v_22[2.27,] %v_26[2.31,] %v_30[2.35,] %v_34[2.39,] %v_38[2.43,] %v_42[2.47,] 
		 49: COPY def_options %v_43[2.48,] 
		 50: 
		 51: %self->current_user def_%v_44 %self[2.0,2.9,2.13,2.17,2.21,2.25,2.29,2.33,2.37,2.41,2.45,] 
		 52: %v_44->company def_%v_45 %v_44[2.51,] 
		 53: %v_45->properties def_%v_46 %v_45[2.52,] 
		 54: %v_46->each def_%v_47 %v_46[2.53,] %self[2.0,2.9,2.13,2.17,2.21,2.25,2.29,2.33,2.37,2.41,2.45,2.51,] 
CLOSURE BEGIN: p[] options[2.49,] 
BB 1
	outgoing: 6 2 
	datadep: 
	instructions:
BB 2
	outgoing: 3 
	datadep: 
	instructions:
		 0: def_%self 
		 1: def_%cl_1_0 
		 2: RECEIVEARG def_p 
		 3: COPY def_%current_scope 
		 4: COPY def_%current_module 
BB 3
	outgoing: 4 6 
	datadep: 
	instructions:
		 0: 
		 1: p->name def_%cl_1_3 p[2.2,] 
		 2: p->name def_%cl_1_4 p[3.1,2.2,] 
		 3: COPY def_%cl_1_5 %cl_1_3[3.1,] %cl_1_4[3.2,] 
		 4: def_%cl_1_6 options[] %cl_1_5[3.3,] 
		 5: RETURN %cl_1_6[3.4,] %self[2.0,] 
BB 4
	outgoing: 6 
	datadep: 
	instructions:
		 0: def_%cl_1_7 
		 1: def_%cl_1_8 %cl_1_7[4.0,] 
		 2: RETURN %cl_1_8[4.1,] %self[2.0,] 
BB 6
	outgoing: 
	datadep: 
	instructions:
CLOSURE END
		 55: 
		 56: %self->params def_%v_48 %self[2.0,2.9,2.13,2.17,2.21,2.25,2.29,2.33,2.37,2.41,2.45,2.51,] 
		 57: def_%v_49 %v_48[2.56,] 
		 58: BRANCH %v_49[2.57,] 
BB 3
	outgoing: 4 
	datadep: 
	instructions:
		 0: %self->params def_%v_50 %self[2.0,] 
		 1: def_%v_51 %v_50[3.0,] 
		 2: name->to_sym def_%v_52 name[2.5,] 
		 3: def_%v_53 %v_51[3.1,] %v_52[3.2,] 
		 4: COPY def_%v_49 %v_53[3.3,] 
BB 4
	outgoing: 5 6 
	datadep: 
	instructions:
		 0: BRANCH %v_49[3.4,2.57,] 
BB 5
	outgoing: 7 
	datadep: 
	instructions:
		 0: 
		 1: %self->params def_%v_54 %self[2.0,] 
		 2: def_%v_55 %v_54[5.1,] 
		 3: name->to_sym def_%v_56 name[2.5,] 
		 4: def_%v_57 %v_55[5.2,] %v_56[5.3,] 
		 5: COPY def_selected %v_57[5.4,] 
		 6: 
BB 6
	outgoing: 7 
	datadep: 
	instructions:
		 0: COPY def_%v_57 
BB 7
	outgoing: 8 9 
	datadep: 
	instructions:
		 0: 
		 1: COPY def_%v_58 
		 2: COPY def_%v_59 selected[5.5,] 
		 3: BRANCH selected[5.5,] 
BB 8
	outgoing: 9 
	datadep: 
	instructions:
		 0: COPY def_%v_59 default_selected[2.6,] 
BB 9
	outgoing: 11 
	datadep: 
	instructions:
		 0: COPY def_%v_60 %v_59[8.0,7.2,] 
		 1: %self->select def_%v_61 %self[2.0,] %v_58[7.1,] name[2.5,] options[2.49,] %v_60[9.0,] 
		 2: RETURN %v_61[9.1,] %self[9.1,2.0,] 
BB 11
	outgoing: 
	datadep: 
	instructions:

SET IRMethod, name = time_range_select
BB 1
	outgoing: 15 2 
	datadep: 
	instructions:
BB 2
	outgoing: 3 4 
	datadep: 
	instructions:
		 0: def_%self 
		 1: def_%v_0 
		 2: COPY def_%current_scope 
		 3: COPY def_%current_module 
		 4: 
		 5: def_selected 
		 6: selected[2.5,] 
BB 3
	outgoing: 4 
	datadep: 
	instructions:
		 0: COPY def_%v_3 
		 1: COPY def_selected %v_3[3.0,] 
BB 4
	outgoing: 6 
	datadep: 
	instructions:
		 0: 
		 1: COPY def_%v_4 
		 2: %self->t def_%v_5 %self[2.0,] %v_4[4.1,] 
		 3: COPY def_%v_6 
		 4: COPY def_%v_7 %v_5[4.2,] %v_6[4.3,] 
		 5: COPY def_%v_8 
		 6: %self->t def_%v_9 %self[4.2,2.0,] %v_8[4.5,] 
		 7: COPY def_%v_10 
		 8: COPY def_%v_11 %v_9[4.6,] %v_10[4.7,] 
		 9: COPY def_%v_12 
		 10: %self->t def_%v_13 %self[4.2,4.6,2.0,] %v_12[4.9,] 
		 11: COPY def_%v_14 
		 12: COPY def_%v_15 %v_13[4.10,] %v_14[4.11,] 
		 13: COPY def_%v_16 
		 14: %self->t def_%v_17 %self[4.2,4.6,4.10,2.0,] %v_16[4.13,] 
		 15: COPY def_%v_18 
		 16: COPY def_%v_19 %v_17[4.14,] %v_18[4.15,] 
		 17: COPY def_%v_20 
		 18: %self->t def_%v_21 %self[4.2,4.6,4.10,4.14,2.0,] %v_20[4.17,] 
		 19: COPY def_%v_22 
		 20: COPY def_%v_23 %v_21[4.18,] %v_22[4.19,] 
		 21: COPY def_%v_24 
		 22: %self->t def_%v_25 %self[4.2,4.6,4.10,4.14,4.18,2.0,] %v_24[4.21,] 
		 23: COPY def_%v_26 
		 24: COPY def_%v_27 %v_25[4.22,] %v_26[4.23,] 
		 25: COPY def_%v_28 
		 26: %self->t def_%v_29 %self[4.2,4.6,4.10,4.14,4.18,4.22,2.0,] %v_28[4.25,] 
		 27: COPY def_%v_30 
		 28: COPY def_%v_31 %v_29[4.26,] %v_30[4.27,] 
		 29: COPY def_%v_32 
		 30: %self->t def_%v_33 %self[4.2,4.6,4.10,4.14,4.18,4.22,4.26,2.0,] %v_32[4.29,] 
		 31: COPY def_%v_34 
		 32: COPY def_%v_35 %v_33[4.30,] %v_34[4.31,] 
		 33: COPY def_%v_36 
		 34: %self->t def_%v_37 %self[4.2,4.6,4.10,4.14,4.18,4.22,4.26,4.30,2.0,] %v_36[4.33,] 
		 35: COPY def_%v_38 
		 36: COPY def_%v_39 %v_37[4.34,] %v_38[4.35,] 
		 37: COPY def_%v_40 %v_7[4.4,] %v_11[4.8,] %v_15[4.12,] %v_19[4.16,] %v_23[4.20,] %v_27[4.24,] %v_31[4.28,] %v_35[4.32,] %v_39[4.36,] 
		 38: COPY def_options %v_40[4.37,] 
		 39: 
		 40: def_%v_41 
BB 6
	outgoing: 7 8 
	datadep: 
	instructions:
		 0: 
		 1: %self->params def_%v_44 %self[2.0,] 
		 2: def_%v_45 %v_44[6.1,] 
		 3: def_%v_46 %v_45[6.2,] 
		 4: COPY def_%v_43 %v_46[6.3,] 
		 5: 
		 6: %v_41[4.40,] 
BB 7
	outgoing: 13 
	datadep: 
	instructions:
		 0: 
BB 8
	outgoing: 9 10 12 
	datadep: 
	instructions:
		 0: 
		 1: def_%v_47 
		 2: def_%v_48 %v_47[8.1,] 
		 3: BRANCH %v_48[8.2,] 
BB 9
	outgoing: 12 15 
	datadep: 
	instructions:
		 0: %v_47[8.1,] 
BB 10
	outgoing: 11 12 
	datadep: 
	instructions:
		 0: COPY def_%v_43 selected[3.1,2.5,] 
		 1: 
		 2: %v_41[4.40,] 
BB 11
	outgoing: 13 
	datadep: 
	instructions:
		 0: 
BB 12
	outgoing: 15 
	datadep: 
	instructions:
		 0: def_%v_49 
		 1: def_%v_50 %v_49[12.0,] %v_41[4.40,] 
		 2: %v_49[12.0,] 
BB 13
	outgoing: 15 
	datadep: 
	instructions:
		 0: COPY def_selected %v_43[6.4,10.0,] 
		 1: 
		 2: COPY def_%v_51 
		 3: COPY def_%v_52 
		 4: COPY def_%v_53 %v_43[6.4,10.0,] 
		 5: %self->select def_%v_54 %self[2.0,] %v_51[13.2,] %v_52[13.3,] options[4.38,] %v_53[13.4,] 
		 6: RETURN %v_54[13.5,] %self[13.5,2.0,] 
BB 15
	outgoing: 
	datadep: 
	instructions:

SET IRMethod, name = report_type_select
BB 1
	outgoing: 15 2 
	datadep: 
	instructions:
BB 2
	outgoing: 3 4 
	datadep: 
	instructions:
		 0: def_%self 
		 1: def_%v_0 
		 2: COPY def_%current_scope 
		 3: COPY def_%current_module 
		 4: 
		 5: def_selected 
		 6: selected[2.5,] 
BB 3
	outgoing: 4 
	datadep: 
	instructions:
		 0: COPY def_%v_3 
		 1: COPY def_selected %v_3[3.0,] 
BB 4
	outgoing: 6 
	datadep: 
	instructions:
		 0: 
		 1: COPY def_%v_4 
		 2: %self->t def_%v_5 %self[2.0,] %v_4[4.1,] 
		 3: COPY def_%v_6 
		 4: COPY def_%v_7 %v_5[4.2,] %v_6[4.3,] 
		 5: COPY def_%v_8 
		 6: %self->t def_%v_9 %self[4.2,2.0,] %v_8[4.5,] 
		 7: COPY def_%v_10 
		 8: COPY def_%v_11 %v_9[4.6,] %v_10[4.7,] 
		 9: COPY def_%v_12 %v_7[4.4,] %v_11[4.8,] 
		 10: COPY def_options %v_12[4.9,] 
		 11: 
		 12: def_%v_13 
BB 6
	outgoing: 7 8 
	datadep: 
	instructions:
		 0: 
		 1: %self->params def_%v_16 %self[2.0,] 
		 2: def_%v_17 %v_16[6.1,] 
		 3: def_%v_18 %v_17[6.2,] 
		 4: COPY def_%v_15 %v_18[6.3,] 
		 5: 
		 6: %v_13[4.12,] 
BB 7
	outgoing: 13 
	datadep: 
	instructions:
		 0: 
BB 8
	outgoing: 9 10 12 
	datadep: 
	instructions:
		 0: 
		 1: def_%v_19 
		 2: def_%v_20 %v_19[8.1,] 
		 3: BRANCH %v_20[8.2,] 
BB 9
	outgoing: 12 15 
	datadep: 
	instructions:
		 0: %v_19[8.1,] 
BB 10
	outgoing: 11 12 
	datadep: 
	instructions:
		 0: COPY def_%v_15 selected[3.1,2.5,] 
		 1: 
		 2: %v_13[4.12,] 
BB 11
	outgoing: 13 
	datadep: 
	instructions:
		 0: 
BB 12
	outgoing: 15 
	datadep: 
	instructions:
		 0: def_%v_21 
		 1: def_%v_22 %v_21[12.0,] %v_13[4.12,] 
		 2: %v_21[12.0,] 
BB 13
	outgoing: 15 
	datadep: 
	instructions:
		 0: COPY def_selected %v_15[6.4,10.0,] 
		 1: 
		 2: COPY def_%v_23 
		 3: COPY def_%v_24 
		 4: COPY def_%v_25 %v_15[6.4,10.0,] 
		 5: %self->select def_%v_26 %self[2.0,] %v_23[13.2,] %v_24[13.3,] options[4.10,] %v_25[13.4,] 
		 6: RETURN %v_26[13.5,] %self[13.5,2.0,] 
BB 15
	outgoing: 
	datadep: 
	instructions:

SET IRMethod, name = worklog_type_select
BB 1
	outgoing: 14 2 
	datadep: 
	instructions:
BB 2
	outgoing: 3 4 
	datadep: 
	instructions:
		 0: def_%self 
		 1: def_%v_0 
		 2: COPY def_%current_scope 
		 3: COPY def_%current_module 
		 4: 
		 5: def_selected 
		 6: selected[2.5,] 
BB 3
	outgoing: 4 
	datadep: 
	instructions:
		 0: COPY def_%v_3 
		 1: COPY def_selected %v_3[3.0,] 
BB 4
	outgoing: 6 
	datadep: 
	instructions:
		 0: 
		 1: COPY def_%v_4 
		 2: 
		 3: COPY def_%v_5 
		 4: %self->t def_%v_6 %self[2.0,] %v_5[4.3,] 
		 5: COPY def_%v_7 
		 6: def_%v_8 %v_4[4.1,] %v_6[4.4,] %v_7[4.5,] 
		 7: COPY def_%v_9 
		 8: COPY def_%v_10 %v_8[4.6,] %v_9[4.7,] 
		 9: COPY def_%v_11 
		 10: %self->t def_%v_12 %self[4.4,2.0,] %v_11[4.9,] 
		 11: COPY def_%v_13 
		 12: COPY def_%v_14 %v_12[4.10,] %v_13[4.11,] 
		 13: COPY def_%v_15 
		 14: %self->t def_%v_16 %self[4.4,4.10,2.0,] %v_15[4.13,] 
		 15: COPY def_%v_17 
		 16: COPY def_%v_18 %v_16[4.14,] %v_17[4.15,] 
		 17: COPY def_%v_19 %v_10[4.8,] %v_14[4.12,] %v_18[4.16,] 
		 18: COPY def_options %v_19[4.17,] 
		 19: 
		 20: def_%v_20 
BB 6
	outgoing: 7 8 
	datadep: 
	instructions:
		 0: 
		 1: %self->params def_%v_23 %self[2.0,] 
		 2: def_%v_24 %v_23[6.1,] 
		 3: def_%v_25 %v_24[6.2,] 
		 4: COPY def_%v_22 %v_25[6.3,] 
		 5: 
		 6: %v_20[4.20,] 
BB 7
	outgoing: 13 
	datadep: 
	instructions:
		 0: 
BB 8
	outgoing: 9 10 12 
	datadep: 
	instructions:
		 0: 
		 1: def_%v_26 
		 2: def_%v_27 %v_26[8.1,] 
		 3: BRANCH %v_27[8.2,] 
BB 9
	outgoing: 12 14 
	datadep: 
	instructions:
		 0: %v_26[8.1,] 
BB 10
	outgoing: 11 12 
	datadep: 
	instructions:
		 0: COPY def_%v_22 selected[3.1,2.5,] 
		 1: 
		 2: %v_20[4.20,] 
BB 11
	outgoing: 13 
	datadep: 
	instructions:
		 0: 
BB 12
	outgoing: 14 
	datadep: 
	instructions:
		 0: def_%v_28 
		 1: def_%v_29 %v_28[12.0,] %v_20[4.20,] 
		 2: %v_28[12.0,] 
BB 13
	outgoing: 14 
	datadep: 
	instructions:
		 0: COPY def_selected %v_22[6.4,10.0,] 
		 1: 
		 2: COPY def_%v_30 
		 3: COPY def_%v_31 
		 4: COPY def_%v_32 %v_22[6.4,10.0,] 
		 5: %self->select def_%v_33 %self[2.0,] %v_30[13.2,] %v_31[13.3,] options[4.18,] %v_32[13.4,] 
		 6: RETURN %v_33[13.5,] %self[13.5,2.0,] 
BB 14
	outgoing: 
	datadep: 
	instructions:

SET IRMethod, name = show_advanced?
BB 1
	outgoing: 11 2 
	datadep: 
	instructions:
BB 2
	outgoing: 3 8 
	datadep: 
	instructions:
		 0: def_%self 
		 1: def_%v_0 
		 2: COPY def_%current_scope 
		 3: COPY def_%current_module 
		 4: 
		 5: 
		 6: COPY def_show 
		 7: 
		 8: %self->params def_%v_3 %self[2.0,] 
		 9: def_%v_4 %v_3[2.8,] 
		 10: BRANCH %v_4[2.9,] 
BB 3
	outgoing: 4 5 
	datadep: 
	instructions:
		 0: 
		 1: %self->params def_%v_5 %self[2.0,] 
		 2: def_%v_6 %v_5[3.1,] 
		 3: COPY def_filters %v_6[3.2,] 
		 4: 
		 5: COPY def_%v_7 show[2.6,] 
		 6: COPY def_%v_8 show[2.6,] 
		 7: BRANCH show[2.6,] 
BB 4
	outgoing: 5 
	datadep: 
	instructions:
		 0: def_%v_9 filters[3.3,] 
		 1: COPY def_%v_10 
		 2: ATTRASSIGN %v_9->! def_%v_11 %v_9[4.0,] %v_10[4.1,] 
		 3: COPY def_show %v_11[4.2,] 
		 4: COPY def_%v_8 %v_11[4.2,] 
BB 5
	outgoing: 6 7 
	datadep: 
	instructions:
		 0: 
		 1: COPY def_%v_12 show[4.3,2.6,] 
		 2: COPY def_%v_13 show[4.3,2.6,] 
		 3: BRANCH show[4.3,2.6,] 
BB 6
	outgoing: 7 
	datadep: 
	instructions:
		 0: def_%v_14 filters[3.3,] 
		 1: %v_14->length def_%v_15 %v_14[6.0,] 
		 2: def_%v_16 %v_15[6.1,] 
		 3: COPY def_show %v_16[6.2,] 
		 4: COPY def_%v_13 %v_16[6.2,] 
BB 7
	outgoing: 9 
	datadep: 
	instructions:
		 0: 
		 1: %self->current_user def_%v_17 %self[2.0,] 
		 2: %v_17->company def_%v_18 %v_17[7.1,] 
		 3: %v_18->properties def_%v_19 %v_18[7.2,] 
		 4: %v_19->each def_%v_20 %v_19[7.3,] %self[7.1,2.0,] 
CLOSURE BEGIN: show[6.3,4.3,2.6,] p[] filters[3.3,] 
BB 1
	outgoing: 8 2 
	datadep: 
	instructions:
BB 2
	outgoing: 4 5 
	datadep: 
	instructions:
		 0: def_%self 
		 1: def_%cl_1_0 
		 2: RECEIVEARG def_p 
		 3: COPY def_%current_scope 
		 4: COPY def_%current_module 
		 5: 
		 6: COPY def_%cl_1_3 show[] 
		 7: COPY def_%cl_1_4 show[] 
		 8: BRANCH show[] 
BB 4
	outgoing: 6 8 
	datadep: 
	instructions:
		 0: p->filter_name def_%cl_1_5 p[2.2,] 
		 1: def_%cl_1_6 filters[] %cl_1_5[4.0,] 
		 2: COPY def_%cl_1_7 
		 3: ATTRASSIGN %cl_1_6->! def_%cl_1_8 %cl_1_6[4.1,] %cl_1_7[4.2,] 
		 4: COPY def_show %cl_1_8[4.3,] 
		 5: RETURN %cl_1_8[4.3,] %self[2.0,] 
BB 5
	outgoing: 8 
	datadep: 
	instructions:
		 0: RETURN %cl_1_4[2.7,] %self[2.0,] 
BB 6
	outgoing: 8 
	datadep: 
	instructions:
		 0: def_%cl_1_9 
		 1: def_%cl_1_10 %cl_1_9[6.0,] 
		 2: RETURN %cl_1_10[6.1,] %self[2.0,] 
BB 8
	outgoing: 
	datadep: 
	instructions:
CLOSURE END
		 5: 
BB 8
	outgoing: 9 
	datadep: 
	instructions:
		 0: COPY def_%v_20 
BB 9
	outgoing: 11 
	datadep: 
	instructions:
		 0: 
		 1: RETURN show[2.6,6.3,4.3,] %self[2.0,] 
BB 11
	outgoing: 
	datadep: 
	instructions:

SET IRMethod, name = client_select
BB 1
	outgoing: 7 2 
	datadep: 
	instructions:
BB 2
	outgoing: 3 4 
	datadep: 
	instructions:
		 0: def_%self 
		 1: def_%v_0 
		 2: COPY def_%current_scope 
		 3: COPY def_%current_module 
		 4: 
		 5: 
		 6: COPY def_%v_3 
		 7: COPY def_options %v_3[2.6,] 
		 8: 
		 9: COPY def_%v_4 
		 10: %self->t def_%v_5 %self[2.0,] %v_4[2.9,] 
		 11: COPY def_%v_6 
		 12: COPY def_%v_7 %v_5[2.10,] %v_6[2.11,] 
		 13: def_%v_8 options[2.7,] %v_7[2.12,] 
		 14: 
		 15: %self->sorted_projects def_%v_9 %self[2.0,2.10,] 
		 16: %v_9->map def_%v_10 %v_9[2.15,] %self[2.0,2.10,2.15,] 
CLOSURE BEGIN: p[] 
BB 1
	outgoing: 6 2 
	datadep: 
	instructions:
BB 2
	outgoing: 3 
	datadep: 
	instructions:
		 0: def_%self 
		 1: def_%cl_1_0 
		 2: RECEIVEARG def_p 
		 3: COPY def_%current_scope 
		 4: COPY def_%current_module 
BB 3
	outgoing: 4 6 
	datadep: 
	instructions:
		 0: 
		 1: p->customer def_%cl_1_3 p[2.2,] 
		 2: %cl_1_3->name def_%cl_1_4 %cl_1_3[3.1,] 
		 3: p->customer def_%cl_1_5 p[3.1,2.2,] 
		 4: %cl_1_5->id def_%cl_1_6 %cl_1_5[3.3,] 
		 5: COPY def_%cl_1_7 %cl_1_4[3.2,] %cl_1_6[3.4,] 
		 6: RETURN %cl_1_7[3.5,] %self[2.0,] 
BB 4
	outgoing: 6 
	datadep: 
	instructions:
		 0: def_%cl_1_8 
		 1: def_%cl_1_9 %cl_1_8[4.0,] 
		 2: RETURN %cl_1_9[4.1,] %self[2.0,] 
BB 6
	outgoing: 
	datadep: 
	instructions:
CLOSURE END
		 17: def_%v_11 options[2.7,] %v_10[2.16,] 
		 18: COPY def_options %v_11[2.17,] 
		 19: 
		 20: %v_11->uniq! def_%v_12 %v_11[2.17,] 
		 21: 
		 22: %self->params def_%v_13 %self[2.0,2.10,2.15,] 
		 23: def_%v_14 %v_13[2.22,] 
		 24: BRANCH %v_14[2.23,] 
BB 3
	outgoing: 5 
	datadep: 
	instructions:
		 0: %self->params def_%v_15 %self[2.0,] 
		 1: def_%v_16 %v_15[3.0,] 
		 2: def_%v_17 %v_16[3.1,] 
		 3: %v_17->to_i def_%v_18 %v_17[3.2,] 
		 4: COPY def_selected %v_18[3.3,] 
		 5: 
BB 4
	outgoing: 5 
	datadep: 
	instructions:
		 0: COPY def_%v_18 
BB 5
	outgoing: 7 
	datadep: 
	instructions:
		 0: 
		 1: COPY def_%v_19 
		 2: COPY def_%v_20 
		 3: COPY def_%v_21 selected[3.4,] 
		 4: %self->select def_%v_22 %self[2.0,] %v_19[5.1,] %v_20[5.2,] options[2.7,2.18,] %v_21[5.3,] 
		 5: RETURN %v_22[5.4,] %self[5.4,2.0,] 
BB 7
	outgoing: 
	datadep: 
	instructions:

SET IRMethod, name = project_select
BB 1
	outgoing: 14 2 
	datadep: 
	instructions:
BB 2
	outgoing: 3 4 
	datadep: 
	instructions:
		 0: def_%self 
		 1: def_%v_0 
		 2: COPY def_%current_scope 
		 3: COPY def_%current_module 
		 4: 
		 5: 
		 6: COPY def_%v_3 
		 7: COPY def_options %v_3[2.6,] 
		 8: 
		 9: COPY def_%v_4 
		 10: %self->t def_%v_5 %self[2.0,] %v_4[2.9,] 
		 11: COPY def_%v_6 %v_5[2.10,] 
		 12: def_%v_7 options[2.7,] %v_6[2.11,] 
		 13: 
		 14: COPY def_%v_8 
		 15: %self->t def_%v_9 %self[2.0,2.10,] %v_8[2.14,] 
		 16: COPY def_%v_10 %v_9[2.15,] 
		 17: def_%v_11 options[2.7,] %v_10[2.16,] 
		 18: 
		 19: COPY def_%v_12 
		 20: %self->t def_%v_13 %self[2.0,2.10,2.15,] %v_12[2.19,] 
		 21: COPY def_%v_14 %v_13[2.20,] 
		 22: def_%v_15 options[2.7,] %v_14[2.21,] 
		 23: 
		 24: %self->params def_%v_16 %self[2.0,2.10,2.15,2.20,] 
		 25: def_%v_17 %v_16[2.24,] 
		 26: BRANCH %v_17[2.25,] 
BB 3
	outgoing: 5 
	datadep: 
	instructions:
		 0: %self->params def_%v_18 %self[2.0,] 
		 1: def_%v_19 %v_18[3.0,] 
		 2: def_%v_20 %v_19[3.1,] 
		 3: COPY def_selected %v_20[3.2,] 
		 4: 
BB 4
	outgoing: 5 
	datadep: 
	instructions:
		 0: COPY def_%v_20 
BB 5
	outgoing: 6 7 
	datadep: 
	instructions:
		 0: 
		 1: COPY def_%v_21 selected[3.3,] 
		 2: COPY def_%v_22 selected[3.3,] 
		 3: BRANCH selected[3.3,] 
BB 6
	outgoing: 7 
	datadep: 
	instructions:
		 0: %self->selected_project def_%v_23 %self[2.0,] 
		 1: COPY def_selected %v_23[6.0,] 
		 2: COPY def_%v_22 %v_23[6.0,] 
BB 7
	outgoing: 8 9 
	datadep: 
	instructions:
		 0: 
		 1: selected->to_i def_%v_24 selected[6.1,3.3,] 
		 2: COPY def_selected %v_24[7.1,] 
		 3: 
		 4: %self->params def_%v_25 %self[2.0,] 
		 5: def_%v_26 %v_25[7.4,] 
		 6: BRANCH %v_26[7.5,] 
BB 8
	outgoing: 9 
	datadep: 
	instructions:
		 0: %self->params def_%v_27 %self[2.0,] 
		 1: def_%v_28 %v_27[8.0,] 
		 2: def_%v_29 %v_28[8.1,] 
		 3: %v_29->to_i def_%v_30 %v_29[8.2,] 
		 4: def_%v_31 %v_30[8.3,] 
		 5: COPY def_%v_26 %v_31[8.4,] 
BB 9
	outgoing: 10 11 
	datadep: 
	instructions:
		 0: BRANCH %v_26[8.5,7.5,] 
BB 10
	outgoing: 12 
	datadep: 
	instructions:
		 0: 
		 1: %self->current_user def_%v_32 %self[2.0,] 
		 2: %v_32->company def_%v_33 %v_32[10.1,] 
		 3: %v_33->customers def_%v_34 %v_33[10.2,] 
		 4: %self->params def_%v_35 %self[10.1,2.0,] 
		 5: def_%v_36 %v_35[10.4,] 
		 6: def_%v_37 %v_36[10.5,] 
		 7: %v_34->find def_%v_38 %v_34[10.3,] %v_37[10.6,] 
		 8: COPY def_customer %v_38[10.7,] 
		 9: 
		 10: %v_38->projects def_%v_39 %v_38[10.7,] 
		 11: COPY def_projects %v_39[10.10,] 
		 12: 
BB 11
	outgoing: 12 
	datadep: 
	instructions:
		 0: COPY def_%v_39 
BB 12
	outgoing: 14 
	datadep: 
	instructions:
		 0: 
		 1: %self->sorted_projects def_%v_40 %self[2.0,] projects[10.11,] 
		 2: COPY def_projects %v_40[12.1,] 
		 3: 
		 4: %v_40->each def_%v_41 %v_40[12.1,] %self[12.1,2.0,] 
CLOSURE BEGIN: p[] options[2.7,] 
BB 1
	outgoing: 6 2 
	datadep: 
	instructions:
BB 2
	outgoing: 3 
	datadep: 
	instructions:
		 0: def_%self 
		 1: def_%cl_1_0 
		 2: RECEIVEARG def_p 
		 3: COPY def_%current_scope 
		 4: COPY def_%current_module 
BB 3
	outgoing: 4 6 
	datadep: 
	instructions:
		 0: 
		 1: p->customer def_%cl_1_3 p[2.2,] 
		 2: %cl_1_3->name def_%cl_1_4 %cl_1_3[3.1,] 
		 3: COPY def_%cl_1_5 
		 4: p->name def_%cl_1_6 p[3.1,2.2,] 
		 5: def_%cl_1_7 %cl_1_4[3.2,] %cl_1_5[3.3,] %cl_1_6[3.4,] 
		 6: p->id def_%cl_1_8 p[3.1,3.4,2.2,] 
		 7: COPY def_%cl_1_9 %cl_1_7[3.5,] %cl_1_8[3.6,] 
		 8: def_%cl_1_10 options[] %cl_1_9[3.7,] 
		 9: RETURN %cl_1_10[3.8,] %self[2.0,] 
BB 4
	outgoing: 6 
	datadep: 
	instructions:
		 0: def_%cl_1_11 
		 1: def_%cl_1_12 %cl_1_11[4.0,] 
		 2: RETURN %cl_1_12[4.1,] %self[2.0,] 
BB 6
	outgoing: 
	datadep: 
	instructions:
CLOSURE END
		 5: 
		 6: COPY def_%v_42 
		 7: COPY def_%v_43 
		 8: COPY def_%v_44 selected[7.2,6.1,3.3,] 
		 9: %self->select def_%v_45 %self[12.1,2.0,] %v_42[12.6,] %v_43[12.7,] options[2.7,] %v_44[12.8,] 
		 10: RETURN %v_45[12.9,] %self[12.1,12.9,2.0,] 
BB 14
	outgoing: 
	datadep: 
	instructions:

SET IRMethod, name = sorted_projects
BB 1
	outgoing: 12 2 
	datadep: 
	instructions:
BB 2
	outgoing: 3 4 
	datadep: 
	instructions:
		 0: def_%self 
		 1: def_%v_0 
		 2: COPY def_%current_scope 
		 3: COPY def_%current_module 
		 4: 
		 5: def_projects 
		 6: projects[2.5,] 
BB 3
	outgoing: 4 
	datadep: 
	instructions:
		 0: COPY def_projects 
BB 4
	outgoing: 5 6 
	datadep: 
	instructions:
		 0: 
		 1: projects->nil? def_%v_3 projects[3.0,2.5,] 
		 2: BRANCH %v_3[4.1,] 
BB 5
	outgoing: 7 
	datadep: 
	instructions:
		 0: %self->current_user def_%v_4 %self[2.0,] 
		 1: %v_4->projects def_%v_5 %v_4[5.0,] 
		 2: 
BB 6
	outgoing: 7 
	datadep: 
	instructions:
		 0: COPY def_%v_5 projects[3.0,2.5,] 
BB 7
	outgoing: 8 9 
	datadep: 
	instructions:
		 0: COPY def_to_sort %v_5[6.0,5.1,] 
		 1: 
		 2: %v_5->sort def_%v_6 %v_5[6.0,5.1,] %self[2.0,] 
CLOSURE BEGIN: p1[] p2[] 
BB 1
	outgoing: 6 2 
	datadep: 
	instructions:
BB 2
	outgoing: 3 
	datadep: 
	instructions:
		 0: def_%self 
		 1: def_%cl_1_0 
		 2: RECEIVEARG def_p1 
		 3: RECEIVEARG def_p2 
		 4: COPY def_%current_scope 
		 5: COPY def_%current_module 
BB 3
	outgoing: 4 6 
	datadep: 
	instructions:
		 0: 
		 1: p1->name def_%cl_1_3 p1[2.2,] 
		 2: %cl_1_3->downcase def_%cl_1_4 %cl_1_3[3.1,] 
		 3: p2->name def_%cl_1_5 p2[2.3,] 
		 4: %cl_1_5->downcase def_%cl_1_6 %cl_1_5[3.3,] 
		 5: def_%cl_1_7 %cl_1_4[3.2,] %cl_1_6[3.4,] 
		 6: RETURN %cl_1_7[3.5,] %self[2.0,] 
BB 4
	outgoing: 6 
	datadep: 
	instructions:
		 0: def_%cl_1_8 
		 1: def_%cl_1_9 %cl_1_8[4.0,] 
		 2: RETURN %cl_1_9[4.1,] %self[2.0,] 
BB 6
	outgoing: 
	datadep: 
	instructions:
CLOSURE END
		 3: COPY def_res %v_6[7.2,] 
		 4: 
		 5: projects->nil? def_%v_7 projects[3.0,2.5,] 
		 6: BRANCH %v_7[7.5,] 
BB 8
	outgoing: 10 
	datadep: 
	instructions:
		 0: 
		 1: %self->current_user def_%v_8 %self[2.0,] 
		 2: %v_8->completed_projects def_%v_9 %v_8[8.1,] 
		 3: %v_9->sort def_%v_10 %v_9[8.2,] %self[8.1,2.0,] 
CLOSURE BEGIN: p1[] p2[] 
BB 1
	outgoing: 6 2 
	datadep: 
	instructions:
BB 2
	outgoing: 3 
	datadep: 
	instructions:
		 0: def_%self 
		 1: def_%cl_2_0 
		 2: RECEIVEARG def_p1 
		 3: RECEIVEARG def_p2 
		 4: COPY def_%current_scope 
		 5: COPY def_%current_module 
BB 3
	outgoing: 4 6 
	datadep: 
	instructions:
		 0: 
		 1: p1->name def_%cl_2_3 p1[2.2,] 
		 2: %cl_2_3->downcase def_%cl_2_4 %cl_2_3[3.1,] 
		 3: p2->name def_%cl_2_5 p2[2.3,] 
		 4: %cl_2_5->downcase def_%cl_2_6 %cl_2_5[3.3,] 
		 5: def_%cl_2_7 %cl_2_4[3.2,] %cl_2_6[3.4,] 
		 6: RETURN %cl_2_7[3.5,] %self[2.0,] 
BB 4
	outgoing: 6 
	datadep: 
	instructions:
		 0: def_%cl_2_8 
		 1: def_%cl_2_9 %cl_2_8[4.0,] 
		 2: RETURN %cl_2_9[4.1,] %self[2.0,] 
BB 6
	outgoing: 
	datadep: 
	instructions:
CLOSURE END
		 4: def_%v_11 res[7.3,] %v_10[8.3,] 
		 5: COPY def_res %v_11[8.4,] 
		 6: 
BB 9
	outgoing: 10 
	datadep: 
	instructions:
		 0: COPY def_%v_11 
BB 10
	outgoing: 12 
	datadep: 
	instructions:
		 0: 
		 1: RETURN res[8.5,7.3,] %self[2.0,] 
BB 12
	outgoing: 
	datadep: 
	instructions:

SET IRMethod, name = timesheet_field_style
BB 1
	outgoing: 9 2 
	datadep: 
	instructions:
BB 2
	outgoing: 3 4 
	datadep: 
	instructions:
		 0: def_%self 
		 1: def_%v_0 
		 2: COPY def_%current_scope 
		 3: COPY def_%current_module 
		 4: 
		 5: 
		 6: COPY def_%v_3 
		 7: COPY def_display %v_3[2.6,] 
		 8: 
		 9: %self->params def_%v_4 %self[2.0,] 
		 10: def_%v_5 %v_4[2.9,] 
		 11: %v_5->nil? def_%v_6 %v_5[2.10,] 
		 12: BRANCH %v_6[2.11,] 
BB 3
	outgoing: 4 
	datadep: 
	instructions:
		 0: COPY def_%v_7 
		 1: COPY def_%v_8 
		 2: COPY def_%v_9 %v_7[3.0,] %v_8[3.1,] 
		 3: %self->params def_%v_10 %self[2.0,] 
		 4: def_%v_11 %v_10[3.3,] 
		 5: def_%v_12 %v_11[3.4,] 
		 6: %v_9->include? def_%v_13 %v_9[3.2,] %v_12[3.5,] 
		 7: %v_13->! def_%v_14 %v_13[3.6,] 
		 8: COPY def_%v_6 %v_14[3.7,] 
BB 4
	outgoing: 5 6 
	datadep: 
	instructions:
		 0: BRANCH %v_6[3.8,2.11,] 
BB 5
	outgoing: 7 
	datadep: 
	instructions:
		 0: 
		 1: COPY def_%v_15 
		 2: COPY def_display %v_15[5.1,] 
		 3: 
BB 6
	outgoing: 7 
	datadep: 
	instructions:
		 0: COPY def_%v_15 
BB 7
	outgoing: 9 
	datadep: 
	instructions:
		 0: 
		 1: COPY def_%v_16 
		 2: def_%v_17 %v_16[7.1,] display[5.2,2.7,] 
		 3: RETURN %v_17[7.2,] %self[2.0,] 
BB 9
	outgoing: 
	datadep: 
	instructions:

SET IRMethod, name = report_task_filter
BB 1
	outgoing: 4 2 
	datadep: 
	instructions:
BB 2
	outgoing: 4 
	datadep: 
	instructions:
		 0: def_%self 
		 1: def_%v_0 
		 2: COPY def_%current_scope 
		 3: COPY def_%current_module 
		 4: 
		 5: 
		 6: COPY def_%v_3 
		 7: %self->params def_%v_4 %self[2.0,] 
		 8: COPY def_%v_5 %v_3[2.6,] %v_4[2.7,] 
		 9: COPY def_locals %v_5[2.8,] 
		 10: 
		 11: COPY def_%v_6 
		 12: COPY def_%v_7 %v_6[2.11,] %v_5[2.8,] 
		 13: %self->render def_%v_8 %self[2.0,2.7,] %v_7[2.12,] 
		 14: RETURN %v_8[2.13,] %self[2.0,2.7,2.13,] 
BB 4
	outgoing: 
	datadep: 
	instructions:

