SET IRMethod, name = incoming_email_select_tag
BB 1
	outgoing: 4 2 
	datadep: 
	instructions:
BB 2
	outgoing: 4 
	datadep: 
	instructions:
		 0: def_%self 
		 1: def_%v_0 
		 2: COPY def_%current_scope 
		 3: COPY def_%current_module 
		 4: 
		 5: 
		 6: COPY def_%v_3 
		 7: COPY def_pref_name %v_3[2.6,] 
		 8: 
		 9: COPY def_%v_4 
		 10: COPY def_%v_5 
		 11: def_%v_6 %v_4[2.9,] %v_3[2.6,] %v_5[2.10,] 
		 12: COPY def_name %v_6[2.11,] 
		 13: 
		 14: COPY def_%v_7 
		 15: COPY def_%v_8 %v_7[2.14,] 
		 16: def_%v_9 %self[2.0,] 
		 17: %v_9->projects def_%v_10 %v_9[2.16,] 
		 18: %self->objects_to_names_and_ids def_%v_11 %self[2.0,] %v_10[2.17,] 
		 19: def_%v_12 %v_8[2.15,] %v_11[2.18,] 
		 20: COPY def_options %v_12[2.19,] 
		 21: 
		 22: def_%v_13 %self[2.0,2.18,] 
		 23: %v_13->preference def_%v_14 %v_13[2.22,] pref_name[2.7,] 
		 24: %v_14->to_i def_%v_15 %v_14[2.23,] 
		 25: COPY def_%v_16 %v_15[2.24,] 
		 26: %self->options_for_select def_%v_17 %self[2.0,2.18,] options[2.20,] %v_16[2.25,] 
		 27: COPY def_options %v_17[2.26,] 
		 28: 
		 29: %self->select_tag def_%v_18 %self[2.0,2.18,2.26,] name[2.12,] %v_17[2.26,] 
		 30: RETURN %v_18[2.29,] %self[2.0,2.18,2.26,2.29,] 
BB 4
	outgoing: 
	datadep: 
	instructions:

SET IRMethod, name = all_custom_scripts
BB 1
	outgoing: 3 2 
	datadep: 
	instructions:
BB 2
	outgoing: 3 
	datadep: 
	instructions:
		 0: def_%self 
		 1: def_%v_0 
		 2: COPY def_%current_scope 
		 3: COPY def_%current_module 
		 4: 
		 5: 
		 6: (Dir) def_%v_3 
		 7: (Setting) def_%v_4 
		 8: %v_4->custom_scripts_root def_%v_5 %v_4[2.7,] 
		 9: COPY def_%v_6 
		 10: def_%v_7 %v_5[2.8,] %v_6[2.9,] 
		 11: %v_3->glob def_%v_8 %v_3[2.6,] %v_7[2.10,] 
		 12: %v_8->map def_%v_9 %v_8[2.11,] %self[2.0,] 
CLOSURE BEGIN: f[] 
BB 1
	outgoing: 6 2 
	datadep: 
	instructions:
BB 2
	outgoing: 3 
	datadep: 
	instructions:
		 0: def_%self 
		 1: def_%cl_1_0 
		 2: RECEIVEARG def_f 
		 3: COPY def_%current_scope 
		 4: COPY def_%current_module 
BB 3
	outgoing: 4 6 
	datadep: 
	instructions:
		 0: 
		 1: (File) def_%cl_1_3 
		 2: %cl_1_3->basename def_%cl_1_4 %cl_1_3[3.1,] f[2.2,] 
		 3: RETURN %cl_1_4[3.2,] %self[2.0,] 
BB 4
	outgoing: 6 
	datadep: 
	instructions:
		 0: def_%cl_1_5 
		 1: def_%cl_1_6 %cl_1_5[4.0,] 
		 2: RETURN %cl_1_6[4.1,] %self[2.0,] 
BB 6
	outgoing: 
	datadep: 
	instructions:
CLOSURE END
		 13: RETURN %v_9[2.12,] %self[2.0,] 
BB 3
	outgoing: 
	datadep: 
	instructions:

