SET IRMethod, name = add_value_link
BB 1
	outgoing: 3 2 
	datadep: 
	instructions:
BB 2
	outgoing: 3 
	datadep: 
	instructions:
		 0: def_%self 
		 1: def_%v_0 
		 2: COPY TYPE_CurrentScope def_%current_scope 
		 3: COPY TYPE_ScopeModule def_%current_module 
		 4: 
		 5: 
		 6: COPY TYPE_StringLiteral def_%v_3 
		 7: (PropertyValue) def_%v_4 
		 8: %v_4->model_name def_%v_5 %v_4[2.7,] 	 ARGS:
		 9: %v_5->human def_%v_6 %v_5[2.8,] 	 ARGS:
		 10: HASH-model- def_%v_7 %v_6[2.9,] 
		 11: %self->t def_%v_8 %self[2.0,] %v_3[2.6,] %v_7[2.10,] 	 ARGS:%v_3,%v_7,
		 12: COPY TYPE_StringLiteral def_%v_9 
		 13: COPY TYPE_StringLiteral def_%v_10 
		 14: COPY TYPE_StringLiteral def_%v_11 
		 15: GETFIELD %self->property def_%v_12 %self[2.0,2.11,] 
		 16: %v_12->property_values def_%v_13 %v_12[2.15,] 	 ARGS:
		 17: %v_13->build def_%v_14 %v_13[2.16,] 	 ARGS:
		 18: HASH-pv- def_%v_15 %v_14[2.17,] 
		 19: HASH-partial-locals- def_%v_16 %v_11[2.14,] %v_15[2.18,] 
		 20: %self->render_to_string def_%v_17 %self[2.0,2.11,] %v_16[2.19,] 	 ARGS:%v_16,
		 21: COPY TYPE_StringLiteral def_%v_18 
		 22: COPY TYPE_StringLiteral def_%v_19 
		 23: HASH-id-class- def_%v_20 %v_10[2.13,] %v_17[2.20,] %v_18[2.21,] %v_19[2.22,] 
		 24: %self->link_to def_%v_21 %self[2.0,2.11,2.20,] %v_8[2.11,] %v_9[2.12,] %v_20[2.23,] 	 ARGS:%v_8,%v_9,%v_20,
		 25: RETURN %v_21[2.24,] %self[2.0,2.11,2.20,2.24,] 
BB 3
	outgoing: 
	datadep: 
	instructions:

