SET IRMethod, name = resource_types_options_array
BB 1
	outgoing: 3 2 
	datadep: 
	instructions:
BB 2
	outgoing: 3 
	datadep: 
	instructions:
		 0: def_%self 
		 1: def_%v_0 
		 2: COPY def_%current_scope 
		 3: COPY def_%current_module 
		 4: 
		 5: 
		 6: %self->current_user def_%v_3 %self[2.0,] 
		 7: %v_3->company def_%v_4 %v_3[2.6,] 
		 8: %v_4->resource_types def_%v_5 %v_4[2.7,] 
		 9: %v_5->map def_%v_6 %v_5[2.8,] %self[2.0,2.6,] 
CLOSURE BEGIN: rt[] 
BB 1
	outgoing: 6 2 
	datadep: 
	instructions:
BB 2
	outgoing: 3 
	datadep: 
	instructions:
		 0: def_%self 
		 1: def_%cl_1_0 
		 2: RECEIVEARG def_rt 
		 3: COPY def_%current_scope 
		 4: COPY def_%current_module 
BB 3
	outgoing: 4 6 
	datadep: 
	instructions:
		 0: 
		 1: rt->name def_%cl_1_3 rt[2.2,] 
		 2: rt->id def_%cl_1_4 rt[3.1,2.2,] 
		 3: COPY def_%cl_1_5 %cl_1_3[3.1,] %cl_1_4[3.2,] 
		 4: RETURN %cl_1_5[3.3,] %self[2.0,] 
BB 4
	outgoing: 6 
	datadep: 
	instructions:
		 0: def_%cl_1_6 
		 1: def_%cl_1_7 %cl_1_6[4.0,] 
		 2: RETURN %cl_1_7[4.1,] %self[2.0,] 
BB 6
	outgoing: 
	datadep: 
	instructions:
CLOSURE END
		 10: RETURN %v_6[2.9,] %self[2.0,2.6,] 
BB 3
	outgoing: 
	datadep: 
	instructions:

SET IRMethod, name = value_field
BB 1
	outgoing: 23 2 
	datadep: 
	instructions:
BB 2
	outgoing: 3 4 
	datadep: 
	instructions:
		 0: def_%self 
		 1: def_%v_0 
		 2: COPY def_%current_scope 
		 3: COPY def_%current_module 
		 4: 
		 5: RECEIVEARG def_attribute 
		 6: RECEIVEARG def_name_prefix 
		 7: RECEIVEARG def_field_id 
		 8: def_show_remove_link 
		 9: show_remove_link[2.8,] 
BB 3
	outgoing: 4 
	datadep: 
	instructions:
		 0: COPY def_show_remove_link 
BB 4
	outgoing: 5 6 
	datadep: 
	instructions:
		 0: 
		 1: attribute->resource_type_attribute def_%v_3 attribute[2.5,] 
		 2: COPY def_type %v_3[4.1,] 
		 3: 
		 4: attribute->value def_%v_4 attribute[4.1,2.5,] 
		 5: COPY def_value %v_4[4.4,] 
		 6: 
		 7: attribute->new_record? def_%v_5 attribute[4.1,4.4,2.5,] 
		 8: BRANCH %v_5[4.7,] 
BB 5
	outgoing: 6 
	datadep: 
	instructions:
		 0: type->is_password? def_%v_6 type[4.2,] 
		 1: COPY def_%v_5 %v_6[5.0,] 
BB 6
	outgoing: 7 8 
	datadep: 
	instructions:
		 0: BRANCH %v_5[5.1,4.7,] 
BB 7
	outgoing: 9 
	datadep: 
	instructions:
		 0: 
		 1: (User) def_%v_7 
		 2: %v_7->model_name def_%v_8 %v_7[7.1,] 
		 3: %v_8->human def_%v_9 %v_8[7.2,] 
		 4: COPY def_value %v_9[7.3,] 
		 5: 
BB 8
	outgoing: 9 
	datadep: 
	instructions:
		 0: COPY def_%v_9 
BB 9
	outgoing: 10 11 
	datadep: 
	instructions:
		 0: 
		 1: COPY def_%v_10 
		 2: def_%v_11 name_prefix[2.6,] %v_10[9.1,] 
		 3: COPY def_%v_12 
		 4: type->default_field_length def_%v_13 type[4.2,] 
		 5: COPY def_%v_14 field_id[2.7,] %v_12[9.3,] %v_13[9.4,] 
		 6: %self->text_field_tag def_%v_15 %self[2.0,] %v_11[9.2,] value[7.4,4.5,] %v_14[9.5,] 
		 7: COPY def_res %v_15[9.6,] 
		 8: 
		 9: type->is_password? def_%v_16 type[9.4,4.2,] 
		 10: BRANCH %v_16[9.9,] 
BB 10
	outgoing: 12 
	datadep: 
	instructions:
		 0: 
		 1: %self->resource_password_field def_%v_17 %self[2.0,] attribute[2.5,] type[4.2,] name_prefix[2.6,] field_id[2.7,] 
		 2: def_%v_18 res[9.7,] %v_17[10.1,] 
		 3: COPY def_res %v_18[10.2,] 
		 4: 
BB 11
	outgoing: 12 
	datadep: 
	instructions:
		 0: COPY def_%v_18 
BB 12
	outgoing: 13 20 
	datadep: 
	instructions:
		 0: 
		 1: type->allows_multiple? def_%v_19 type[4.2,] 
		 2: BRANCH %v_19[12.1,] 
BB 13
	outgoing: 14 15 
	datadep: 
	instructions:
		 0: 
		 1: BRANCH show_remove_link[3.0,2.8,] 
BB 14
	outgoing: 16 
	datadep: 
	instructions:
		 0: COPY def_%v_20 
		 1: 
BB 15
	outgoing: 16 
	datadep: 
	instructions:
		 0: COPY def_%v_21 
		 1: COPY def_%v_20 %v_21[15.0,] 
BB 16
	outgoing: 17 18 
	datadep: 
	instructions:
		 0: COPY def_add_style %v_20[15.1,14.0,] 
		 1: 
		 2: BRANCH show_remove_link[3.0,2.8,] 
BB 17
	outgoing: 19 
	datadep: 
	instructions:
		 0: COPY def_%v_22 
		 1: 
BB 18
	outgoing: 19 
	datadep: 
	instructions:
		 0: COPY def_%v_23 
		 1: COPY def_%v_22 %v_23[18.0,] 
BB 19
	outgoing: 21 
	datadep: 
	instructions:
		 0: COPY def_remove_style %v_22[18.1,17.0,] 
		 1: 
		 2: COPY def_%v_24 
		 3: %self->t def_%v_25 %self[2.0,] %v_24[19.2,] 
		 4: COPY def_%v_26 
		 5: COPY def_%v_27 
		 6: COPY def_%v_28 %v_27[19.5,] add_style[16.0,] 
		 7: %self->link_to_function def_%v_29 %self[19.3,2.0,] %v_25[19.3,] %v_26[19.4,] %v_28[19.6,] 
		 8: def_%v_30 res[10.3,9.7,] %v_29[19.7,] 
		 9: COPY def_res %v_30[19.8,] 
		 10: 
		 11: COPY def_%v_31 
		 12: %self->t def_%v_32 %self[19.3,19.7,2.0,] %v_31[19.11,] 
		 13: COPY def_%v_33 
		 14: COPY def_%v_34 
		 15: COPY def_%v_35 %v_34[19.14,] remove_style[19.0,] 
		 16: %self->link_to_function def_%v_36 %self[19.3,19.7,19.12,2.0,] %v_32[19.12,] %v_33[19.13,] %v_35[19.15,] 
		 17: def_%v_37 res[19.9,] %v_36[19.16,] 
		 18: COPY def_res %v_37[19.17,] 
		 19: 
BB 20
	outgoing: 21 
	datadep: 
	instructions:
		 0: COPY def_%v_37 
BB 21
	outgoing: 23 
	datadep: 
	instructions:
		 0: 
		 1: RETURN res[19.9,19.18,10.3,9.7,] %self[2.0,] 
BB 23
	outgoing: 
	datadep: 
	instructions:

SET IRMethod, name = resource_password_field
BB 1
	outgoing: 9 2 
	datadep: 
	instructions:
BB 2
	outgoing: 3 4 
	datadep: 
	instructions:
		 0: def_%self 
		 1: def_%v_0 
		 2: COPY def_%current_scope 
		 3: COPY def_%current_module 
		 4: 
		 5: RECEIVEARG def_attribute 
		 6: RECEIVEARG def_type 
		 7: RECEIVEARG def_name_prefix 
		 8: RECEIVEARG def_field_id 
		 9: 
		 10: COPY def_%v_3 
		 11: COPY def_res %v_3[2.10,] 
		 12: 
		 13: attribute->new_record? def_%v_4 attribute[2.5,] 
		 14: BRANCH %v_4[2.13,] 
BB 3
	outgoing: 4 
	datadep: 
	instructions:
		 0: attribute->password def_%v_5 attribute[2.5,] 
		 1: %v_5->blank? def_%v_6 %v_5[3.0,] 
		 2: COPY def_%v_4 %v_6[3.1,] 
BB 4
	outgoing: 5 6 
	datadep: 
	instructions:
		 0: BRANCH %v_4[3.2,2.13,] 
BB 5
	outgoing: 7 
	datadep: 
	instructions:
		 0: 
		 1: COPY def_%v_7 
		 2: def_%v_8 name_prefix[2.7,] %v_7[5.1,] 
		 3: COPY def_%v_9 
		 4: COPY def_%v_10 
		 5: type->default_field_length def_%v_11 type[2.6,] 
		 6: COPY def_%v_12 field_id[2.8,] %v_10[5.4,] %v_11[5.5,] 
		 7: %self->text_field_tag def_%v_13 %self[2.0,] %v_8[5.2,] %v_9[5.3,] %v_12[5.6,] 
		 8: COPY def_res %v_13[5.7,] 
		 9: 
BB 6
	outgoing: 7 
	datadep: 
	instructions:
		 0: 
		 1: COPY def_%v_14 
		 2: COPY def_res %v_14[6.1,] 
		 3: 
		 4: def_%v_15 %self[2.0,] 
		 5: attribute->id def_%v_16 attribute[2.5,] 
		 6: COPY def_%v_17 %v_16[6.5,] 
		 7: %self->show_password_resource_path def_%v_18 %self[2.0,] %v_15[6.4,] %v_17[6.6,] 
		 8: COPY def_url %v_18[6.7,] 
		 9: 
		 10: COPY def_%v_19 
		 11: %self->t def_%v_20 %self[6.7,2.0,] %v_19[6.10,] 
		 12: COPY def_%v_21 
		 13: COPY def_%v_22 
		 14: def_%v_23 %v_21[6.12,] url[6.8,] %v_22[6.13,] 
		 15: COPY def_%v_24 
		 16: COPY def_%v_25 %v_24[6.15,] 
		 17: %self->link_to_function def_%v_26 %self[6.7,6.11,2.0,] %v_20[6.11,] %v_23[6.14,] %v_25[6.16,] 
		 18: def_%v_27 res[6.2,] %v_26[6.17,] 
		 19: COPY def_res %v_27[6.18,] 
		 20: COPY def_%v_13 %v_27[6.18,] 
BB 7
	outgoing: 9 
	datadep: 
	instructions:
		 0: 
		 1: res->html_safe def_%v_28 res[6.2,6.19,5.8,] 
		 2: RETURN %v_28[7.1,] %self[2.0,] 
BB 9
	outgoing: 
	datadep: 
	instructions:

SET IRMethod, name = resources_without_parents
BB 1
	outgoing: 3 2 
	datadep: 
	instructions:
BB 2
	outgoing: 3 
	datadep: 
	instructions:
		 0: def_%self 
		 1: def_%v_0 
		 2: COPY def_%current_scope 
		 3: COPY def_%current_module 
		 4: 
		 5: RECEIVEARG def_resources 
		 6: 
		 7: resources->select def_%v_3 resources[2.5,] %self[2.0,] 
CLOSURE BEGIN: r[] resources[2.5,] 
BB 1
	outgoing: 8 2 
	datadep: 
	instructions:
BB 2
	outgoing: 3 
	datadep: 
	instructions:
		 0: def_%self 
		 1: def_%cl_1_0 
		 2: RECEIVEARG def_r 
		 3: COPY def_%current_scope 
		 4: COPY def_%current_module 
BB 3
	outgoing: 4 5 6 
	datadep: 
	instructions:
		 0: 
		 1: r->parent def_%cl_1_3 r[2.2,] 
		 2: %cl_1_3->nil? def_%cl_1_4 %cl_1_3[3.1,] 
		 3: BRANCH %cl_1_4[3.2,] 
BB 4
	outgoing: 6 8 
	datadep: 
	instructions:
		 0: r->parent def_%cl_1_5 r[2.2,] 
		 1: resources->include? def_%cl_1_6 resources[] %cl_1_5[4.0,] 
		 2: %cl_1_6->! def_%cl_1_7 %cl_1_6[4.1,] 
		 3: RETURN %cl_1_7[4.2,] %self[2.0,] 
BB 5
	outgoing: 8 
	datadep: 
	instructions:
		 0: RETURN %cl_1_4[3.2,] %self[2.0,] 
BB 6
	outgoing: 8 
	datadep: 
	instructions:
		 0: def_%cl_1_8 
		 1: def_%cl_1_9 %cl_1_8[6.0,] 
		 2: RETURN %cl_1_9[6.1,] %self[2.0,] 
BB 8
	outgoing: 
	datadep: 
	instructions:
CLOSURE END
		 8: RETURN %v_3[2.7,] %self[2.0,] 
BB 3
	outgoing: 
	datadep: 
	instructions:

SET IRMethod, name = child_resources
BB 1
	outgoing: 3 2 
	datadep: 
	instructions:
BB 2
	outgoing: 3 
	datadep: 
	instructions:
		 0: def_%self 
		 1: def_%v_0 
		 2: COPY def_%current_scope 
		 3: COPY def_%current_module 
		 4: 
		 5: RECEIVEARG def_resource 
		 6: RECEIVEARG def_all_visible_resources 
		 7: 
		 8: resource->child_resources def_%v_3 resource[2.5,] 
		 9: %v_3->select def_%v_4 %v_3[2.8,] %self[2.0,] 
CLOSURE BEGIN: all_visible_resources[2.6,] r[] 
BB 1
	outgoing: 6 2 
	datadep: 
	instructions:
BB 2
	outgoing: 3 
	datadep: 
	instructions:
		 0: def_%self 
		 1: def_%cl_1_0 
		 2: RECEIVEARG def_r 
		 3: COPY def_%current_scope 
		 4: COPY def_%current_module 
BB 3
	outgoing: 4 6 
	datadep: 
	instructions:
		 0: 
		 1: all_visible_resources->include? def_%cl_1_3 all_visible_resources[] r[2.2,] 
		 2: RETURN %cl_1_3[3.1,] %self[2.0,] 
BB 4
	outgoing: 6 
	datadep: 
	instructions:
		 0: def_%cl_1_4 
		 1: def_%cl_1_5 %cl_1_4[4.0,] 
		 2: RETURN %cl_1_5[4.1,] %self[2.0,] 
BB 6
	outgoing: 
	datadep: 
	instructions:
CLOSURE END
		 10: RETURN %v_4[2.9,] %self[2.0,] 
BB 3
	outgoing: 
	datadep: 
	instructions:

SET IRMethod, name = resource_type_filter
BB 1
	outgoing: 4 2 
	datadep: 
	instructions:
BB 2
	outgoing: 4 
	datadep: 
	instructions:
		 0: def_%self 
		 1: def_%v_0 
		 2: COPY def_%current_scope 
		 3: COPY def_%current_module 
		 4: 
		 5: 
		 6: %self->current_user def_%v_3 %self[2.0,] 
		 7: %v_3->company def_%v_4 %v_3[2.6,] 
		 8: %v_4->resource_types def_%v_5 %v_4[2.7,] 
		 9: %self->objects_to_names_and_ids def_%v_6 %self[2.0,2.6,] %v_5[2.8,] 
		 10: %self->session def_%v_7 %self[2.0,2.6,2.9,] 
		 11: def_%v_8 %v_7[2.10,] 
		 12: (ResourceType) def_%v_9 
		 13: %v_9->model_name def_%v_10 %v_9[2.12,] 
		 14: %v_10->human def_%v_11 %v_10[2.13,] 
		 15: %self->filter_for def_%v_12 %self[2.0,2.6,2.9,2.10,] %v_6[2.9,] %v_8[2.11,] %v_11[2.14,] 
		 16: RETURN %v_12[2.15,] %self[2.0,2.6,2.9,2.10,2.15,] 
BB 4
	outgoing: 
	datadep: 
	instructions:

SET IRMethod, name = customer_filter
BB 1
	outgoing: 4 2 
	datadep: 
	instructions:
BB 2
	outgoing: 4 
	datadep: 
	instructions:
		 0: def_%self 
		 1: def_%v_0 
		 2: COPY def_%current_scope 
		 3: COPY def_%current_module 
		 4: 
		 5: 
		 6: %self->current_user def_%v_3 %self[2.0,] 
		 7: %v_3->company def_%v_4 %v_3[2.6,] 
		 8: %v_4->resources def_%v_5 %v_4[2.7,] 
		 9: %v_5->map def_%v_6 %v_5[2.8,] %self[2.0,2.6,] 
CLOSURE BEGIN: r[] 
BB 1
	outgoing: 6 2 
	datadep: 
	instructions:
BB 2
	outgoing: 3 
	datadep: 
	instructions:
		 0: def_%self 
		 1: def_%cl_1_0 
		 2: RECEIVEARG def_r 
		 3: COPY def_%current_scope 
		 4: COPY def_%current_module 
BB 3
	outgoing: 4 6 
	datadep: 
	instructions:
		 0: 
		 1: r->customer def_%cl_1_3 r[2.2,] 
		 2: RETURN %cl_1_3[3.1,] %self[2.0,] 
BB 4
	outgoing: 6 
	datadep: 
	instructions:
		 0: def_%cl_1_4 
		 1: def_%cl_1_5 %cl_1_4[4.0,] 
		 2: RETURN %cl_1_5[4.1,] %self[2.0,] 
BB 6
	outgoing: 
	datadep: 
	instructions:
CLOSURE END
		 10: COPY def_customers %v_6[2.9,] 
		 11: 
		 12: %v_6->compact def_%v_7 %v_6[2.9,] 
		 13: %v_7->uniq def_%v_8 %v_7[2.12,] 
		 14: %v_8->sort_by def_%v_9 %v_8[2.13,] %self[2.0,2.6,] 
CLOSURE BEGIN: c[] 
BB 1
	outgoing: 6 2 
	datadep: 
	instructions:
BB 2
	outgoing: 3 
	datadep: 
	instructions:
		 0: def_%self 
		 1: def_%cl_2_0 
		 2: RECEIVEARG def_c 
		 3: COPY def_%current_scope 
		 4: COPY def_%current_module 
BB 3
	outgoing: 4 6 
	datadep: 
	instructions:
		 0: 
		 1: c->name def_%cl_2_3 c[2.2,] 
		 2: %cl_2_3->downcase def_%cl_2_4 %cl_2_3[3.1,] 
		 3: RETURN %cl_2_4[3.2,] %self[2.0,] 
BB 4
	outgoing: 6 
	datadep: 
	instructions:
		 0: def_%cl_2_5 
		 1: def_%cl_2_6 %cl_2_5[4.0,] 
		 2: RETURN %cl_2_6[4.1,] %self[2.0,] 
BB 6
	outgoing: 
	datadep: 
	instructions:
CLOSURE END
		 15: COPY def_customers %v_9[2.14,] 
		 16: 
		 17: %self->objects_to_names_and_ids def_%v_10 %self[2.0,2.6,] %v_9[2.14,] 
		 18: %self->session def_%v_11 %self[2.0,2.6,2.17,] 
		 19: def_%v_12 %v_11[2.18,] 
		 20: (Customer) def_%v_13 
		 21: %v_13->model_name def_%v_14 %v_13[2.20,] 
		 22: %v_14->human def_%v_15 %v_14[2.21,] 
		 23: %self->filter_for def_%v_16 %self[2.0,2.6,2.17,2.18,] %v_10[2.17,] %v_12[2.19,] %v_15[2.22,] 
		 24: RETURN %v_16[2.23,] %self[2.0,2.6,2.17,2.18,2.23,] 
BB 4
	outgoing: 
	datadep: 
	instructions:

SET IRMethod, name = history_date_if_needed
BB 1
	outgoing: 7 2 
	datadep: 
	instructions:
BB 2
	outgoing: 3 4 
	datadep: 
	instructions:
		 0: def_%self 
		 1: def_%v_0 
		 2: COPY def_%current_scope 
		 3: COPY def_%current_module 
		 4: 
		 5: RECEIVEARG def_log 
		 6: 
		 7: %self->tz def_%v_3 %self[2.0,] 
		 8: log->updated_at def_%v_4 log[2.5,] 
		 9: %v_3->utc_to_local def_%v_5 %v_3[2.7,] %v_4[2.8,] 
		 10: COPY def_%v_6 
		 11: %v_5->strftime def_%v_7 %v_5[2.9,] %v_6[2.10,] 
		 12: COPY def_date %v_7[2.11,] 
		 13: 
		 14: def_%v_8 %self[2.0,2.7,] 
		 15: ATTRASSIGN %v_7->! def_%v_9 %v_7[2.11,] %v_8[2.14,] 
		 16: BRANCH %v_9[2.15,] 
BB 3
	outgoing: 5 
	datadep: 
	instructions:
		 0: 
		 1: COPY def_%v_10 
		 2: COPY def_%v_11 %v_10[3.1,] 
		 3: %self->content_tag def_%v_12 %self[2.0,] date[2.12,] %v_11[3.2,] 
		 4: COPY def_res %v_12[3.3,] 
		 5: 
		 6: ATTRASSIGN %self->@last_date %self[3.3,2.0,] date[2.12,] 
		 7: COPY def_%v_13 date[2.12,] 
		 8: 
BB 4
	outgoing: 5 
	datadep: 
	instructions:
		 0: COPY def_%v_13 
BB 5
	outgoing: 7 
	datadep: 
	instructions:
		 0: 
		 1: RETURN res[3.4,] %self[2.0,] 
BB 7
	outgoing: 
	datadep: 
	instructions:

SET IRMethod, name = query_menu
BB 1
	outgoing: 8 2 
	datadep: 
	instructions:
BB 2
	outgoing: 3 4 
	datadep: 
	instructions:
		 0: def_%self 
		 1: def_%v_0 
		 2: COPY def_%current_scope 
		 3: COPY def_%current_module 
		 4: 
		 5: RECEIVEARG def_name 
		 6: RECEIVEARG def_names_and_ids 
		 7: def_label 
		 8: label[2.7,] 
BB 3
	outgoing: 4 
	datadep: 
	instructions:
		 0: COPY def_label 
BB 4
	outgoing: 5 6 
	datadep: 
	instructions:
		 0: def_%v_3 
		 1: def_block %v_3[4.0,] 
		 2: 
		 3: COPY def_%v_4 
		 4: COPY def_options %v_4[4.3,] 
		 5: 
		 6: COPY def_%v_5 label[3.0,2.7,] 
		 7: BRANCH label[3.0,2.7,] 
BB 5
	outgoing: 6 
	datadep: 
	instructions:
		 0: COPY def_%v_6 
		 1: COPY def_%v_7 
		 2: name->gsub def_%v_8 name[2.5,] %v_7[5.1,] 
		 3: %v_8->pluralize def_%v_9 %v_8[5.2,] 
		 4: %v_9->titleize def_%v_10 %v_9[5.3,] 
		 5: COPY def_%v_5 %v_10[5.4,] 
BB 6
	outgoing: 8 
	datadep: 
	instructions:
		 0: options[4.4,] %v_5[5.5,4.6,] 
		 1: 
		 2: options[6.0,] name[2.5,] 
		 3: 
		 4: options[6.0,6.2,] names_and_ids[2.6,] 
		 5: 
		 6: options[6.0,6.2,6.4,] block[4.1,] 
		 7: 
		 8: COPY def_%v_11 
		 9: COPY def_%v_12 %v_11[6.8,] options[6.0,6.2,6.4,6.6,] 
		 10: %self->render def_%v_13 %self[2.0,] %v_12[6.9,] 
		 11: RETURN %v_13[6.10,] %self[6.10,2.0,] 
BB 8
	outgoing: 
	datadep: 
	instructions:

SET IRMethod, name = add_filter_html
BB 1
	outgoing: 8 2 
	datadep: 
	instructions:
BB 2
	outgoing: 3 4 
	datadep: 
	instructions:
		 0: def_%self 
		 1: def_%v_0 
		 2: COPY def_%current_scope 
		 3: COPY def_%current_module 
		 4: 
		 5: RECEIVEARG def_names_and_ids 
		 6: RECEIVEARG def_filter_name 
		 7: def_callback 
		 8: callback[2.7,] 
BB 3
	outgoing: 4 
	datadep: 
	instructions:
		 0: COPY def_callback 
BB 4
	outgoing: 5 6 
	datadep: 
	instructions:
		 0: def_%v_3 
		 1: def_block %v_3[4.0,] 
		 2: 
		 3: COPY def_%v_4 
		 4: COPY def_res %v_4[4.3,] 
		 5: 
		 6: COPY def_%v_5 callback[3.0,2.7,] 
		 7: COPY def_%v_6 callback[3.0,2.7,] 
		 8: BRANCH callback[3.0,2.7,] 
BB 5
	outgoing: 6 
	datadep: 
	instructions:
		 0: COPY def_callback block[4.1,] 
		 1: COPY def_%v_6 block[4.1,] 
BB 6
	outgoing: 8 
	datadep: 
	instructions:
		 0: 
		 1: names_and_ids->each def_%v_7 names_and_ids[2.5,] %self[2.0,] 
CLOSURE BEGIN: id[] filter_name[2.6,] %self[2.0,] name[] callback[5.0,3.0,2.7,] content[] res[4.4,] classname[] 
BB 1
	outgoing: 12 2 
	datadep: 
	instructions:
BB 2
	outgoing: 3 
	datadep: 
	instructions:
		 0: def_%self 
		 1: def_%cl_1_0 
		 2: RECEIVEARG def_name 
		 3: RECEIVEARG def_id 
		 4: COPY def_%current_scope 
		 5: COPY def_%current_module 
BB 3
	outgoing: 4 5 10 
	datadep: 
	instructions:
		 0: 
		 1: COPY def_%cl_1_3 
		 2: COPY def_%cl_1_4 
		 3: COPY def_%cl_1_5 
		 4: def_%cl_1_6 %cl_1_3[3.1,] id[2.3,] %cl_1_4[3.2,] filter_name[] %cl_1_5[3.3,] 
		 5: %self->link_to_function def_%cl_1_7 %self[2.0,] name[2.2,] %cl_1_6[3.4,] 
		 6: COPY def_content %cl_1_7[3.5,] 
		 7: 
		 8: BRANCH callback[] 
BB 4
	outgoing: 6 10 
	datadep: 
	instructions:
		 0: callback->call def_%cl_1_8 callback[] id[2.3,] 
		 1: def_%cl_1_9 content[3.6,] %cl_1_8[4.0,] 
		 2: COPY def_content %cl_1_9[4.1,] 
		 3: 
BB 5
	outgoing: 6 
	datadep: 
	instructions:
		 0: COPY def_%cl_1_9 
BB 6
	outgoing: 7 8 10 
	datadep: 
	instructions:
		 0: 
		 1: COPY def_%cl_1_10 
		 2: COPY def_classname %cl_1_10[6.1,] 
		 3: 
		 4: res->empty? def_%cl_1_11 res[] 
		 5: BRANCH %cl_1_11[6.4,] 
BB 7
	outgoing: 9 10 
	datadep: 
	instructions:
		 0: COPY def_%cl_1_12 
		 1: def_%cl_1_13 classname[6.2,] %cl_1_12[7.0,] 
		 2: COPY def_classname %cl_1_13[7.1,] 
		 3: 
BB 8
	outgoing: 9 
	datadep: 
	instructions:
		 0: COPY def_%cl_1_13 
BB 9
	outgoing: 10 12 
	datadep: 
	instructions:
		 0: 
		 1: content->html_safe def_%cl_1_14 content[4.2,3.6,] 
		 2: COPY def_%cl_1_15 classname[7.2,6.2,] 
		 3: %self->content_tag def_%cl_1_16 %self[2.0,] %cl_1_14[9.1,] %cl_1_15[9.2,] 
		 4: def_%cl_1_17 res[] %cl_1_16[9.3,] 
		 5: RETURN %cl_1_17[9.4,] %self[9.3,2.0,] 
BB 10
	outgoing: 12 
	datadep: 
	instructions:
		 0: def_%cl_1_18 
		 1: def_%cl_1_19 %cl_1_18[10.0,] 
		 2: RETURN %cl_1_19[10.1,] %self[2.0,] 
BB 12
	outgoing: 
	datadep: 
	instructions:
CLOSURE END
		 2: 
		 3: COPY def_%v_8 
		 4: res->join def_%v_9 res[4.4,] %v_8[6.3,] 
		 5: %v_9->html_safe def_%v_10 %v_9[6.4,] 
		 6: COPY def_content %v_10[6.5,] 
		 7: 
		 8: COPY def_%v_11 
		 9: COPY def_%v_12 %v_11[6.8,] 
		 10: %self->content_tag def_%v_13 %self[2.0,] %v_10[6.5,] %v_12[6.9,] 
		 11: RETURN %v_13[6.10,] %self[6.10,2.0,] 
BB 8
	outgoing: 
	datadep: 
	instructions:

SET IRMethod, name = selected_filter_values
BB 1
	outgoing: 15 2 
	datadep: 
	instructions:
BB 2
	outgoing: 3 4 
	datadep: 
	instructions:
		 0: def_%self 
		 1: def_%v_0 
		 2: COPY def_%current_scope 
		 3: COPY def_%current_module 
		 4: 
		 5: RECEIVEARG def_name 
		 6: RECEIVEARG def_selected_names_and_ids 
		 7: def_label 
		 8: label[2.7,] 
BB 3
	outgoing: 4 
	datadep: 
	instructions:
		 0: COPY def_label 
BB 4
	outgoing: 5 6 
	datadep: 
	instructions:
		 0: def_default_label_text 
		 1: default_label_text[4.0,] 
BB 5
	outgoing: 6 
	datadep: 
	instructions:
		 0: COPY def_%v_3 
		 1: COPY def_default_label_text %v_3[5.0,] 
BB 6
	outgoing: 7 8 
	datadep: 
	instructions:
		 0: def_%v_4 
		 1: COPY def_block %v_4[6.0,] 
		 2: 
		 3: COPY def_%v_5 label[3.0,2.7,] 
		 4: COPY def_%v_6 label[3.0,2.7,] 
		 5: BRANCH label[3.0,2.7,] 
BB 7
	outgoing: 8 
	datadep: 
	instructions:
		 0: COPY def_%v_7 
		 1: COPY def_%v_8 
		 2: name->gsub def_%v_9 name[2.5,] %v_8[7.1,] 
		 3: %v_9->titleize def_%v_10 %v_9[7.2,] 
		 4: COPY def_label %v_10[7.3,] 
		 5: COPY def_%v_6 %v_10[7.3,] 
BB 8
	outgoing: 9 10 
	datadep: 
	instructions:
		 0: 
		 1: COPY def_%v_11 selected_names_and_ids[2.6,] 
		 2: COPY def_%v_12 selected_names_and_ids[2.6,] 
		 3: BRANCH selected_names_and_ids[2.6,] 
BB 9
	outgoing: 10 
	datadep: 
	instructions:
		 0: COPY def_%v_13 
		 1: COPY def_selected_names_and_ids %v_13[9.0,] 
		 2: COPY def_%v_12 %v_13[9.0,] 
BB 10
	outgoing: 11 12 
	datadep: 
	instructions:
		 0: 
		 1: COPY def_%v_14 
		 2: COPY def_%v_15 label[7.4,3.0,2.7,] 
		 3: %self->t def_%v_16 %self[2.0,] %v_14[10.1,] %v_15[10.2,] 
		 4: COPY def_%v_17 selected_names_and_ids[9.1,2.6,] name[2.5,] %v_16[10.3,] 
		 5: COPY def_locals %v_17[10.4,] 
		 6: 
		 7: selected_names_and_ids->any? def_%v_18 selected_names_and_ids[9.1,2.6,] 
		 8: BRANCH %v_18[10.7,] 
BB 11
	outgoing: 13 
	datadep: 
	instructions:
		 0: COPY def_%v_19 
		 1: 
BB 12
	outgoing: 13 
	datadep: 
	instructions:
		 0: COPY def_%v_20 
		 1: COPY def_%v_19 %v_20[12.0,] 
BB 13
	outgoing: 15 
	datadep: 
	instructions:
		 0: locals[10.5,] %v_19[12.1,11.0,] 
		 1: 
		 2: COPY def_%v_21 
		 3: COPY def_%v_22 %v_21[13.2,] locals[13.0,] 
		 4: def_%v_23 %self[2.0,] %v_22[13.3,] block[6.1,] 
		 5: RETURN %v_23[13.4,] %self[2.0,] 
BB 15
	outgoing: 
	datadep: 
	instructions:

