SET IRMethod, name = container_score_rules_path
BB 1
	outgoing: 3 2 
	datadep: 
	instructions:
BB 2
	outgoing: 3 
	datadep: 
	instructions:
		 0: def_%self 
		 1: def_%v_0 
		 2: COPY def_%current_scope 
		 3: COPY def_%current_module 
		 4: 
		 5: RECEIVEARG def_container 
		 6: 
		 7: container->class def_%v_3 container[2.5,] 
		 8: %v_3->to_s def_%v_4 %v_3[2.7,] 
		 9: %v_4->underscore def_%v_5 %v_4[2.8,] 
		 10: %v_5->downcase def_%v_6 %v_5[2.9,] 
		 11: COPY def_container_class_name %v_6[2.10,] 
		 12: 
		 13: COPY def_%v_7 
		 14: def_%v_8 %v_6[2.10,] %v_7[2.13,] 
		 15: %self->eval def_%v_9 %self[2.0,] %v_8[2.14,] 
		 16: RETURN %v_9[2.15,] %self[2.0,2.15,] 
BB 3
	outgoing: 
	datadep: 
	instructions:

SET IRMethod, name = container_score_rule_path
BB 1
	outgoing: 3 2 
	datadep: 
	instructions:
BB 2
	outgoing: 3 
	datadep: 
	instructions:
		 0: def_%self 
		 1: def_%v_0 
		 2: COPY def_%current_scope 
		 3: COPY def_%current_module 
		 4: 
		 5: RECEIVEARG def_container 
		 6: RECEIVEARG def_score_rule 
		 7: 
		 8: container->class def_%v_3 container[2.5,] 
		 9: %v_3->to_s def_%v_4 %v_3[2.8,] 
		 10: %v_4->underscore def_%v_5 %v_4[2.9,] 
		 11: %v_5->downcase def_%v_6 %v_5[2.10,] 
		 12: COPY def_container_class_name %v_6[2.11,] 
		 13: 
		 14: COPY def_%v_7 
		 15: def_%v_8 %v_6[2.11,] %v_7[2.14,] 
		 16: %self->eval def_%v_9 %self[2.0,] %v_8[2.15,] 
		 17: RETURN %v_9[2.16,] %self[2.0,2.16,] 
BB 3
	outgoing: 
	datadep: 
	instructions:

SET IRMethod, name = new_container_score_rule_path
BB 1
	outgoing: 3 2 
	datadep: 
	instructions:
BB 2
	outgoing: 3 
	datadep: 
	instructions:
		 0: def_%self 
		 1: def_%v_0 
		 2: COPY def_%current_scope 
		 3: COPY def_%current_module 
		 4: 
		 5: RECEIVEARG def_container 
		 6: 
		 7: container->class def_%v_3 container[2.5,] 
		 8: %v_3->to_s def_%v_4 %v_3[2.7,] 
		 9: %v_4->underscore def_%v_5 %v_4[2.8,] 
		 10: %v_5->downcase def_%v_6 %v_5[2.9,] 
		 11: COPY def_container_class_name %v_6[2.10,] 
		 12: 
		 13: COPY def_%v_7 
		 14: COPY def_%v_8 
		 15: def_%v_9 %v_7[2.13,] %v_6[2.10,] %v_8[2.14,] 
		 16: %self->eval def_%v_10 %self[2.0,] %v_9[2.15,] 
		 17: RETURN %v_10[2.16,] %self[2.0,2.16,] 
BB 3
	outgoing: 
	datadep: 
	instructions:

SET IRMethod, name = edit_container_score_rule_path
BB 1
	outgoing: 3 2 
	datadep: 
	instructions:
BB 2
	outgoing: 3 
	datadep: 
	instructions:
		 0: def_%self 
		 1: def_%v_0 
		 2: COPY def_%current_scope 
		 3: COPY def_%current_module 
		 4: 
		 5: RECEIVEARG def_container 
		 6: RECEIVEARG def_score_rule 
		 7: 
		 8: container->class def_%v_3 container[2.5,] 
		 9: %v_3->to_s def_%v_4 %v_3[2.8,] 
		 10: %v_4->underscore def_%v_5 %v_4[2.9,] 
		 11: %v_5->downcase def_%v_6 %v_5[2.10,] 
		 12: COPY def_container_class_name %v_6[2.11,] 
		 13: 
		 14: COPY def_%v_7 
		 15: COPY def_%v_8 
		 16: def_%v_9 %v_7[2.14,] %v_6[2.11,] %v_8[2.15,] 
		 17: %self->eval def_%v_10 %self[2.0,] %v_9[2.16,] 
		 18: RETURN %v_10[2.17,] %self[2.0,2.17,] 
BB 3
	outgoing: 
	datadep: 
	instructions:

SET IRMethod, name = get_container
BB 1
	outgoing: 6 2 
	datadep: 
	instructions:
BB 2
	outgoing: 3 4 
	datadep: 
	instructions:
		 0: def_%self 
		 1: def_%v_0 
		 2: COPY def_%current_scope 
		 3: COPY def_%current_module 
		 4: 
		 5: 
		 6: %self->params def_%v_3 %self[2.0,] 
		 7: %v_3->keys def_%v_4 %v_3[2.6,] 
		 8: %v_4->find_all def_%v_5 %v_4[2.7,] %self[2.0,2.6,] 
CLOSURE BEGIN: key[] 
BB 1
	outgoing: 6 2 
	datadep: 
	instructions:
BB 2
	outgoing: 3 
	datadep: 
	instructions:
		 0: def_%self 
		 1: def_%cl_1_0 
		 2: RECEIVEARG def_key 
		 3: COPY def_%current_scope 
		 4: COPY def_%current_module 
BB 3
	outgoing: 4 6 
	datadep: 
	instructions:
		 0: 
		 1: COPY def_%cl_1_3 
		 2: def_%cl_1_4 key[2.2,] 
		 3: RETURN %cl_1_4[3.2,] %self[2.0,] 
BB 4
	outgoing: 6 
	datadep: 
	instructions:
		 0: def_%cl_1_5 
		 1: def_%cl_1_6 %cl_1_5[4.0,] 
		 2: RETURN %cl_1_6[4.1,] %self[2.0,] 
BB 6
	outgoing: 
	datadep: 
	instructions:
CLOSURE END
		 9: %v_5->last def_%v_6 %v_5[2.8,] 
		 10: COPY def_container_id_key %v_6[2.9,] 
		 11: 
		 12: %v_6->humanize def_%v_7 %v_6[2.9,] 
		 13: %v_7->titleize def_%v_8 %v_7[2.12,] 
		 14: COPY def_%v_9 
		 15: %v_8->delete def_%v_10 %v_8[2.13,] %v_9[2.14,] 
		 16: %self->eval def_%v_11 %self[2.0,2.6,] %v_10[2.15,] 
		 17: COPY def_container_class %v_11[2.16,] 
		 18: 
		 19: %self->params def_%v_12 %self[2.0,2.6,2.16,] 
		 20: def_%v_13 %v_12[2.19,] container_id_key[2.10,] 
		 21: container_class->find_by_id def_%v_14 container_class[2.17,] %v_13[2.20,] 
		 22: ATTRASSIGN %self->@container %self[2.0,2.6,2.16,2.19,] %v_14[2.21,] 
		 23: 
		 24: def_%v_15 %self[2.0,2.6,2.16,2.19,] 
		 25: BRANCH %v_15[2.24,] 
BB 3
	outgoing: 6 
	datadep: 
	instructions:
		 0: COPY def_%v_16 
		 1: RETURN %v_16[3.0,] %self[2.0,] 
BB 4
	outgoing: 6 
	datadep: 
	instructions:
		 0: COPY def_%v_17 
		 1: %self->redirect_with_error def_%v_18 %self[2.0,] %v_17[4.0,] 
		 2: RETURN %v_18[4.1,] %self[4.1,2.0,] 
BB 6
	outgoing: 
	datadep: 
	instructions:

SET IRMethod, name = validate_score_rule_id
BB 1
	outgoing: 6 2 
	datadep: 
	instructions:
BB 2
	outgoing: 3 4 
	datadep: 
	instructions:
		 0: def_%self 
		 1: def_%v_0 
		 2: COPY def_%current_scope 
		 3: COPY def_%current_module 
		 4: 
		 5: 
		 6: def_%v_3 %self[2.0,] 
		 7: %v_3->score_rules def_%v_4 %v_3[2.6,] 
		 8: %self->params def_%v_5 %self[2.0,] 
		 9: def_%v_6 %v_5[2.8,] 
		 10: %v_4->find_by_id def_%v_7 %v_4[2.7,] %v_6[2.9,] 
		 11: ATTRASSIGN %self->@score_rule %self[2.0,2.8,] %v_7[2.10,] 
		 12: 
		 13: def_%v_8 %self[2.0,2.8,] 
		 14: BRANCH %v_8[2.13,] 
BB 3
	outgoing: 6 
	datadep: 
	instructions:
		 0: COPY def_%v_9 
		 1: RETURN %v_9[3.0,] %self[2.0,] 
BB 4
	outgoing: 6 
	datadep: 
	instructions:
		 0: COPY def_%v_10 
		 1: %self->redirect_with_error def_%v_11 %self[2.0,] %v_10[4.0,] 
		 2: RETURN %v_11[4.1,] %self[4.1,2.0,] 
BB 6
	outgoing: 
	datadep: 
	instructions:

SET IRMethod, name = redirect_with_error
BB 1
	outgoing: 3 2 
	datadep: 
	instructions:
BB 2
	outgoing: 3 
	datadep: 
	instructions:
		 0: def_%self 
		 1: def_%v_0 
		 2: COPY def_%current_scope 
		 3: COPY def_%current_module 
		 4: 
		 5: RECEIVEARG def_error_msg 
		 6: 
		 7: %self->root_path def_%v_3 %self[2.0,] 
		 8: %self->redirect_to def_%v_4 %self[2.0,2.7,] %v_3[2.7,] 
		 9: 
		 10: %self->flash def_%v_5 %self[2.0,2.7,2.8,] 
		 11: %v_5[2.10,] error_msg[2.5,] 
		 12: RETURN error_msg[2.5,] %self[2.0,2.7,2.8,2.10,] 
BB 3
	outgoing: 
	datadep: 
	instructions:

