SET IRMethod, name = render_task_form
BB 1
	outgoing: 5 2 
	datadep: 
	instructions:
BB 2
	outgoing: 3 4 
	datadep: 
	instructions:
		 0: def_%self 
		 1: def_%v_0 
		 2: COPY def_%current_scope 
		 3: COPY def_%current_module 
		 4: 
		 5: def_show_timer 
		 6: show_timer[2.5,] 
BB 3
	outgoing: 4 
	datadep: 
	instructions:
		 0: COPY def_show_timer 
BB 4
	outgoing: 5 
	datadep: 
	instructions:
		 0: 
		 1: COPY def_%v_3 
		 2: COPY def_%v_4 show_timer[3.0,2.5,] 
		 3: COPY def_%v_5 %v_3[4.1,] %v_4[4.2,] 
		 4: %self->render def_%v_6 %self[2.0,] %v_5[4.3,] 
		 5: RETURN %v_6[4.4,] %self[4.4,2.0,] 
BB 5
	outgoing: 
	datadep: 
	instructions:

SET IRMethod, name = render_task_dependants
BB 1
	outgoing: 43 2 
	datadep: 
	instructions:
BB 2
	outgoing: 3 4 
	datadep: 
	instructions:
		 0: def_%self 
		 1: def_%v_0 
		 2: COPY def_%current_scope 
		 3: COPY def_%current_module 
		 4: 
		 5: RECEIVEARG def_t 
		 6: RECEIVEARG def_depth 
		 7: RECEIVEARG def_root_present 
		 8: 
		 9: COPY def_%v_3 
		 10: COPY def_res %v_3[2.9,] 
		 11: 
		 12: def_%v_5 %self[2.0,] 
		 13: COPY def_%v_4 %v_5[2.12,] 
		 14: %v_5[2.12,] 
BB 3
	outgoing: 4 
	datadep: 
	instructions:
		 0: def_%v_6 %self[2.0,] 
		 1: COPY def_%v_4 %v_6[3.0,] 
BB 4
	outgoing: 5 6 
	datadep: 
	instructions:
		 0: BRANCH %v_4[3.1,2.13,] 
BB 5
	outgoing: 6 
	datadep: 
	instructions:
		 0: COPY def_%v_7 
		 1: ATTRASSIGN %self->@printed_ids %self[2.0,] %v_7[5.0,] 
		 2: COPY def_%v_6 %v_7[5.0,] 
BB 6
	outgoing: 7 8 
	datadep: 
	instructions:
		 0: 
		 1: def_%v_8 %self[2.0,] 
		 2: t->id def_%v_9 t[2.5,] 
		 3: %v_8->include? def_%v_10 %v_8[6.1,] %v_9[6.2,] 
		 4: BRANCH %v_10[6.3,] 
BB 7
	outgoing: 43 
	datadep: 
	instructions:
		 0: RETURN %self[2.0,] 
BB 8
	outgoing: 10 11 
	datadep: 
	instructions:
		 0: COPY def_%v_11 
		 1: 
		 2: %self->task_shown? def_%v_12 %self[2.0,] t[2.5,] 
		 3: COPY def_shown %v_12[8.2,] 
		 4: 
		 5: COPY def_%v_13 
		 6: ATTRASSIGN %self->@deps %self[8.2,2.0,] %v_13[8.5,] 
		 7: 
		 8: %self->session def_%v_14 %self[8.2,2.0,] 
		 9: def_%v_15 %v_14[8.8,] 
		 10: %v_15->to_i def_%v_16 %v_15[8.9,] 
		 11: def_%v_17 %v_16[8.10,] 
		 12: BRANCH %v_17[8.11,] 
BB 10
	outgoing: 42 
	datadep: 
	instructions:
		 0: 
		 1: COPY def_%v_18 
		 2: COPY def_%v_19 t[2.5,] depth[2.6,] 
		 3: COPY def_%v_20 %v_18[10.1,] %v_19[10.2,] 
		 4: %self->render def_%v_21 %self[2.0,] %v_20[10.3,] 
		 5: def_%v_22 res[2.10,] %v_21[10.4,] 
		 6: 
BB 11
	outgoing: 12 23 
	datadep: 
	instructions:
		 0: 
		 1: BRANCH root_present[2.7,] 
BB 12
	outgoing: 13 14 
	datadep: 
	instructions:
		 0: 
		 1: t->done? def_%v_23 t[2.5,] 
		 2: %v_23->! def_%v_24 %v_23[12.1,] 
		 3: BRANCH %v_24[12.2,] 
BB 13
	outgoing: 14 
	datadep: 
	instructions:
		 0: t->dependants def_%v_25 t[2.5,] 
		 1: %v_25->size def_%v_26 %v_25[13.0,] 
		 2: def_%v_27 %v_26[13.1,] 
		 3: COPY def_%v_24 %v_27[13.2,] 
BB 14
	outgoing: 15 16 
	datadep: 
	instructions:
		 0: BRANCH %v_24[13.3,12.2,] 
BB 15
	outgoing: 16 
	datadep: 
	instructions:
		 0: COPY def_%v_24 shown[8.3,] 
BB 16
	outgoing: 17 18 
	datadep: 
	instructions:
		 0: BRANCH %v_24[15.0,13.3,12.2,] 
BB 17
	outgoing: 19 
	datadep: 
	instructions:
		 0: COPY def_%v_28 
		 1: shown->! def_%v_29 shown[8.3,] 
		 2: COPY def_%v_30 t[2.5,] depth[2.6,] %v_29[17.1,] 
		 3: COPY def_%v_31 %v_28[17.0,] %v_30[17.2,] 
		 4: %self->render def_%v_32 %self[2.0,] %v_31[17.3,] 
		 5: def_%v_33 res[2.10,] %v_32[17.4,] 
		 6: 
BB 18
	outgoing: 19 
	datadep: 
	instructions:
		 0: COPY def_%v_33 
BB 19
	outgoing: 20 21 
	datadep: 
	instructions:
		 0: 
		 1: def_%v_34 %self[2.0,] 
		 2: t->id def_%v_35 t[2.5,] 
		 3: def_%v_36 %v_34[19.1,] %v_35[19.2,] 
		 4: 
		 5: t->dependants def_%v_37 t[19.2,2.5,] 
		 6: %v_37->size def_%v_38 %v_37[19.5,] 
		 7: def_%v_39 %v_38[19.6,] 
		 8: BRANCH %v_39[19.7,] 
BB 20
	outgoing: 22 
	datadep: 
	instructions:
		 0: 
		 1: t->dependants def_%v_40 t[2.5,] 
		 2: %v_40->each def_%v_41 %v_40[20.1,] %self[2.0,] 
CLOSURE BEGIN: %self[2.0,] child[] t[20.1,2.5,] shown[8.3,] depth[2.6,] res[2.10,] 
BB 1
	outgoing: 19 2 
	datadep: 
	instructions:
BB 2
	outgoing: 3 
	datadep: 
	instructions:
		 0: def_%self 
		 1: def_%cl_1_0 
		 2: RECEIVEARG def_child 
		 3: COPY def_%current_scope 
		 4: COPY def_%current_module 
BB 3
	outgoing: 4 5 17 
	datadep: 
	instructions:
		 0: 
		 1: def_%cl_1_3 %self[2.0,] 
		 2: child->id def_%cl_1_4 child[2.2,] 
		 3: %cl_1_3->include? def_%cl_1_5 %cl_1_3[3.1,] %cl_1_4[3.2,] 
		 4: BRANCH %cl_1_5[3.3,] 
BB 4
	outgoing: 17 19 
	datadep: 
	instructions:
		 0: 
		 1: RETURN %self[2.0,] 
BB 5
	outgoing: 6 
	datadep: 
	instructions:
		 0: COPY def_%cl_1_6 
BB 6
	outgoing: 7 8 17 
	datadep: 
	instructions:
		 0: 
		 1: t->done? def_%cl_1_7 t[] 
		 2: %cl_1_7->! def_%cl_1_8 %cl_1_7[6.1,] 
		 3: BRANCH %cl_1_8[6.2,] 
BB 7
	outgoing: 8 17 
	datadep: 
	instructions:
		 0: t->dependants def_%cl_1_9 t[] 
		 1: %cl_1_9->size def_%cl_1_10 %cl_1_9[7.0,] 
		 2: def_%cl_1_11 %cl_1_10[7.1,] 
		 3: COPY def_%cl_1_8 %cl_1_11[7.2,] 
BB 8
	outgoing: 9 10 
	datadep: 
	instructions:
		 0: BRANCH %cl_1_8[7.3,6.2,] 
BB 9
	outgoing: 10 
	datadep: 
	instructions:
		 0: COPY def_%cl_1_8 shown[] 
BB 10
	outgoing: 11 15 
	datadep: 
	instructions:
		 0: BRANCH %cl_1_8[9.0,7.3,6.2,] 
BB 11
	outgoing: 12 13 17 
	datadep: 
	instructions:
		 0: def_%cl_1_12 depth[] 
		 1: BRANCH %cl_1_12[11.0,] 
BB 12
	outgoing: 14 17 
	datadep: 
	instructions:
		 0: def_%cl_1_13 depth[] 
		 1: 
BB 13
	outgoing: 14 17 
	datadep: 
	instructions:
		 0: def_%cl_1_14 depth[] 
		 1: COPY def_%cl_1_13 %cl_1_14[13.0,] 
BB 14
	outgoing: 16 
	datadep: 
	instructions:
		 0: 
BB 15
	outgoing: 16 
	datadep: 
	instructions:
		 0: COPY def_%cl_1_13 depth[] 
BB 16
	outgoing: 17 19 
	datadep: 
	instructions:
		 0: %self->render_task_dependants def_%cl_1_15 %self[2.0,] child[2.2,] %cl_1_13[15.0,13.1,12.0,] 
		 1: def_%cl_1_16 res[] %cl_1_15[16.0,] 
		 2: RETURN %cl_1_16[16.1,] %self[16.0,2.0,] 
BB 17
	outgoing: 19 
	datadep: 
	instructions:
		 0: def_%cl_1_17 
		 1: def_%cl_1_18 %cl_1_17[17.0,] 
		 2: RETURN %cl_1_18[17.1,] %self[2.0,] 
BB 19
	outgoing: 
	datadep: 
	instructions:
CLOSURE END
		 3: 
BB 21
	outgoing: 22 
	datadep: 
	instructions:
		 0: COPY def_%v_41 
BB 22
	outgoing: 41 
	datadep: 
	instructions:
		 0: 
BB 23
	outgoing: 24 
	datadep: 
	instructions:
		 0: 
		 1: COPY def_root 
		 2: 
		 3: COPY def_%v_42 
		 4: COPY def_parents %v_42[23.3,] 
		 5: 
		 6: COPY def_p t[2.5,] 
		 7: 
BB 24
	outgoing: 25 26 
	datadep: 
	instructions:
		 0: p->nil? def_%v_44 p[23.6,34.1,] 
		 1: %v_44->! def_%v_45 %v_44[24.0,] 
		 2: BRANCH %v_45[24.1,] 
BB 25
	outgoing: 26 
	datadep: 
	instructions:
		 0: p->dependencies def_%v_46 p[23.6,34.1,] 
		 1: %v_46->size def_%v_47 %v_46[25.0,] 
		 2: def_%v_48 %v_47[25.1,] 
		 3: COPY def_%v_45 %v_48[25.2,] 
BB 26
	outgoing: 27 36 
	datadep: 
	instructions:
		 0: BRANCH %v_45[25.3,24.1,] 
BB 27
	outgoing: 28 29 
	datadep: 
	instructions:
		 0: 
		 1: 
		 2: COPY def_root 
		 3: 
		 4: p->dependencies def_%v_49 p[23.6,34.1,] 
		 5: %v_49->each def_%v_50 %v_49[27.4,] %self[2.0,] 
CLOSURE BEGIN: dep[] %self[2.0,] 
BB 1
	outgoing: 11 2 
	datadep: 
	instructions:
BB 2
	outgoing: 3 
	datadep: 
	instructions:
		 0: def_%self 
		 1: def_%cl_2_0 
		 2: RECEIVEARG def_dep 
		 3: COPY def_%current_scope 
		 4: COPY def_%current_module 
BB 3
	outgoing: 4 5 9 
	datadep: 
	instructions:
		 0: 
		 1: dep->done? def_%cl_2_3 dep[2.2,] 
		 2: %cl_2_3->! def_%cl_2_4 %cl_2_3[3.1,] 
		 3: BRANCH %cl_2_4[3.2,] 
BB 4
	outgoing: 5 9 
	datadep: 
	instructions:
		 0: def_%cl_2_5 %self[2.0,] 
		 1: dep->id def_%cl_2_6 dep[2.2,] 
		 2: %cl_2_5->include? def_%cl_2_7 %cl_2_5[4.0,] %cl_2_6[4.1,] 
		 3: %cl_2_7->! def_%cl_2_8 %cl_2_7[4.2,] 
		 4: COPY def_%cl_2_4 %cl_2_8[4.3,] 
BB 5
	outgoing: 6 7 
	datadep: 
	instructions:
		 0: BRANCH %cl_2_4[4.4,3.2,] 
BB 6
	outgoing: 11 
	datadep: 
	instructions:
		 0: COPY def_root dep[2.2,] 
		 1: COPY def_%cl_2_9 dep[2.2,] 
		 2: RETURN dep[2.2,] %self[2.0,] 
BB 7
	outgoing: 11 
	datadep: 
	instructions:
		 0: RETURN %self[2.0,] 
BB 9
	outgoing: 11 
	datadep: 
	instructions:
		 0: def_%cl_2_10 
		 1: def_%cl_2_11 %cl_2_10[9.0,] 
		 2: RETURN %cl_2_11[9.1,] %self[2.0,] 
BB 11
	outgoing: 
	datadep: 
	instructions:
CLOSURE END
		 6: 
		 7: p->dependencies def_%v_51 p[27.4,23.6,34.1,] 
		 8: %v_51->first def_%v_52 %v_51[27.7,] 
		 9: %v_52->id def_%v_53 %v_52[27.8,] 
		 10: p->id def_%v_54 p[27.4,27.7,23.6,34.1,] 
		 11: ATTRASSIGN %v_53->! def_%v_55 %v_53[27.9,] %v_54[27.10,] 
		 12: BRANCH %v_55[27.11,] 
BB 28
	outgoing: 29 
	datadep: 
	instructions:
		 0: def_%v_56 %self[2.0,] 
		 1: p->dependencies def_%v_57 p[23.6,34.1,] 
		 2: %v_57->first def_%v_58 %v_57[28.1,] 
		 3: %v_58->id def_%v_59 %v_58[28.2,] 
		 4: %v_56->include? def_%v_60 %v_56[28.0,] %v_59[28.3,] 
		 5: %v_60->! def_%v_61 %v_60[28.4,] 
		 6: COPY def_%v_55 %v_61[28.5,] 
BB 29
	outgoing: 30 33 
	datadep: 
	instructions:
		 0: BRANCH %v_55[28.6,27.11,] 
BB 30
	outgoing: 31 32 
	datadep: 
	instructions:
		 0: COPY def_%v_62 root[27.2,] 
		 1: COPY def_%v_63 root[27.2,] 
		 2: BRANCH root[27.2,] 
BB 31
	outgoing: 32 
	datadep: 
	instructions:
		 0: p->dependencies def_%v_64 p[23.6,34.1,] 
		 1: %v_64->first def_%v_65 %v_64[31.0,] 
		 2: COPY def_root %v_65[31.1,] 
		 3: COPY def_%v_63 %v_65[31.1,] 
BB 32
	outgoing: 34 
	datadep: 
	instructions:
		 0: 
BB 33
	outgoing: 34 
	datadep: 
	instructions:
		 0: COPY def_%v_63 
BB 34
	outgoing: 24 
	datadep: 
	instructions:
		 0: 
		 1: COPY def_p root[31.2,27.2,] 
		 2: 
		 3: def_%v_66 %self[2.0,] 
		 4: root->id def_%v_67 root[31.2,27.2,] 
		 5: def_%v_68 %v_66[34.3,] %v_67[34.4,] 
		 6: 
BB 36
	outgoing: 38 39 
	datadep: 
	instructions:
		 0: COPY def_%v_43 
		 1: 
		 2: root->nil? def_%v_69 root[23.1,31.2,27.2,] 
		 3: BRANCH %v_69[36.2,] 
BB 38
	outgoing: 40 
	datadep: 
	instructions:
		 0: COPY def_%v_70 
		 1: 
BB 39
	outgoing: 40 
	datadep: 
	instructions:
		 0: %self->render_task_dependants def_%v_71 %self[2.0,] root[23.1,31.2,27.2,] depth[2.6,] 
		 1: def_%v_72 res[2.10,] %v_71[39.0,] 
		 2: COPY def_%v_70 %v_72[39.1,] 
BB 40
	outgoing: 41 
	datadep: 
	instructions:
		 0: COPY def_%v_41 %v_70[39.2,38.0,] 
BB 41
	outgoing: 42 
	datadep: 
	instructions:
		 0: COPY def_%v_22 %v_41[40.0,21.0,20.2,] 
BB 42
	outgoing: 43 
	datadep: 
	instructions:
		 0: 
		 1: RETURN res[2.10,] %self[2.0,] 
BB 43
	outgoing: 
	datadep: 
	instructions:

SET IRMethod, name = milestone_select
BB 1
	outgoing: 8 2 
	datadep: 
	instructions:
BB 2
	outgoing: 3 4 
	datadep: 
	instructions:
		 0: def_%self 
		 1: def_%v_0 
		 2: COPY def_%current_scope 
		 3: COPY def_%current_module 
		 4: 
		 5: RECEIVEARG def_perms 
		 6: 
		 7: (Milestone) def_%v_3 
		 8: %v_3->can_add_task def_%v_4 %v_3[2.7,] 
		 9: COPY def_%v_5 
		 10: %v_4->order def_%v_6 %v_4[2.8,] %v_5[2.9,] 
		 11: COPY def_%v_7 
		 12: %self->current_user def_%v_8 %self[2.0,] 
		 13: %v_8->company def_%v_9 %v_8[2.12,] 
		 14: %v_9->id def_%v_10 %v_9[2.13,] 
		 15: %self->selected_project def_%v_11 %self[2.0,2.12,] 
		 16: %v_6->where def_%v_12 %v_6[2.10,] %v_7[2.11,] %v_10[2.14,] %v_11[2.15,] 
		 17: %v_12->to_a def_%v_13 %v_12[2.16,] 
		 18: COPY def_milestones %v_13[2.17,] 
		 19: 
		 20: def_%v_14 %self[2.0,2.12,2.15,] 
		 21: %v_14->has_milestone? def_%v_15 %v_14[2.20,] 
		 22: BRANCH %v_15[2.21,] 
BB 3
	outgoing: 4 
	datadep: 
	instructions:
		 0: def_%v_16 %self[2.0,] 
		 1: %v_16->milestone def_%v_17 %v_16[3.0,] 
		 2: milestones->include? def_%v_18 milestones[2.18,] %v_17[3.1,] 
		 3: %v_18->! def_%v_19 %v_18[3.2,] 
		 4: COPY def_%v_15 %v_19[3.3,] 
BB 4
	outgoing: 5 6 
	datadep: 
	instructions:
		 0: BRANCH %v_15[3.4,2.21,] 
BB 5
	outgoing: 7 
	datadep: 
	instructions:
		 0: 
		 1: def_%v_20 %self[2.0,] 
		 2: %v_20->milestone def_%v_21 %v_20[5.1,] 
		 3: def_%v_22 milestones[2.18,] %v_21[5.2,] 
		 4: 
BB 6
	outgoing: 7 
	datadep: 
	instructions:
		 0: COPY def_%v_22 
BB 7
	outgoing: 8 
	datadep: 
	instructions:
		 0: 
		 1: %self->milestones_to_select_tag def_%v_23 %self[2.0,] milestones[2.18,] 
		 2: RETURN %v_23[7.1,] %self[7.1,2.0,] 
BB 8
	outgoing: 
	datadep: 
	instructions:

SET IRMethod, name = auto_complete_for_resources
BB 1
	outgoing: 3 2 
	datadep: 
	instructions:
BB 2
	outgoing: 3 
	datadep: 
	instructions:
		 0: def_%self 
		 1: def_%v_0 
		 2: COPY def_%current_scope 
		 3: COPY def_%current_module 
		 4: 
		 5: RECEIVEARG def_customer_id 
		 6: 
		 7: COPY def_%v_3 
		 8: COPY def_%v_4 
		 9: COPY def_%v_5 %v_3[2.7,] %v_4[2.8,] customer_id[2.5,] 
		 10: %self->text_field def_%v_6 %self[2.0,] %v_5[2.9,] 
		 11: RETURN %v_6[2.10,] %self[2.0,2.10,] 
BB 3
	outgoing: 
	datadep: 
	instructions:

SET IRMethod, name = status_field
BB 1
	outgoing: 9 2 
	datadep: 
	instructions:
BB 2
	outgoing: 3 4 
	datadep: 
	instructions:
		 0: def_%self 
		 1: def_%v_0 
		 2: COPY def_%current_scope 
		 3: COPY def_%current_module 
		 4: 
		 5: RECEIVEARG def_task 
		 6: 
		 7: task->statuses_for_select_list def_%v_3 task[2.5,] 
		 8: COPY def_options %v_3[2.7,] 
		 9: 
		 10: COPY def_%v_4 
		 11: COPY def_can_close %v_4[2.10,] 
		 12: 
		 13: task->project def_%v_5 task[2.5,2.7,] 
		 14: BRANCH %v_5[2.13,] 
BB 3
	outgoing: 4 
	datadep: 
	instructions:
		 0: %self->current_user def_%v_6 %self[2.0,] 
		 1: task->project def_%v_7 task[2.5,] 
		 2: COPY def_%v_8 
		 3: %v_6->can? def_%v_9 %v_6[3.0,] %v_7[3.1,] %v_8[3.2,] 
		 4: %v_9->! def_%v_10 %v_9[3.3,] 
		 5: COPY def_%v_5 %v_10[3.4,] 
BB 4
	outgoing: 5 6 
	datadep: 
	instructions:
		 0: BRANCH %v_5[3.5,2.13,] 
BB 5
	outgoing: 7 
	datadep: 
	instructions:
		 0: 
		 1: COPY def_%v_11 
		 2: can_close[2.11,] %v_11[5.1,] 
		 3: 
BB 6
	outgoing: 7 
	datadep: 
	instructions:
		 0: COPY def_%v_11 
BB 7
	outgoing: 9 
	datadep: 
	instructions:
		 0: 
		 1: COPY def_%v_12 
		 2: COPY def_%v_13 
		 3: def_%v_14 %self[2.0,] 
		 4: %v_14->status def_%v_15 %v_14[7.3,] 
		 5: COPY def_%v_16 %v_15[7.4,] 
		 6: %self->select def_%v_17 %self[2.0,] %v_12[7.1,] %v_13[7.2,] options[2.8,] %v_16[7.5,] can_close[5.2,2.11,] 
		 7: RETURN %v_17[7.6,] %self[7.6,2.0,] 
BB 9
	outgoing: 
	datadep: 
	instructions:

SET IRMethod, name = add_me_link
BB 1
	outgoing: 3 2 
	datadep: 
	instructions:
BB 2
	outgoing: 3 
	datadep: 
	instructions:
		 0: def_%self 
		 1: def_%v_0 
		 2: COPY def_%current_scope 
		 3: COPY def_%current_module 
		 4: 
		 5: 
		 6: COPY def_%v_3 
		 7: %self->t def_%v_4 %self[2.0,] %v_3[2.6,] 
		 8: COPY def_%v_5 
		 9: COPY def_%v_6 
		 10: COPY def_%v_7 
		 11: COPY def_%v_8 
		 12: %self->current_user def_%v_9 %self[2.0,2.7,] 
		 13: COPY def_%v_10 %v_9[2.12,] 
		 14: COPY def_%v_11 %v_8[2.11,] %v_10[2.13,] 
		 15: %self->render_to_string def_%v_12 %self[2.0,2.7,2.12,] %v_11[2.14,] 
		 16: COPY def_%v_13 %v_6[2.9,] %v_7[2.10,] %v_12[2.15,] 
		 17: %self->link_to def_%v_14 %self[2.0,2.7,2.12,2.15,] %v_4[2.7,] %v_5[2.8,] %v_13[2.16,] 
		 18: RETURN %v_14[2.17,] %self[2.0,2.7,2.12,2.15,2.17,] 
BB 3
	outgoing: 
	datadep: 
	instructions:

SET IRMethod, name = cloud_ranges
BB 1
	outgoing: 9 2 
	datadep: 
	instructions:
BB 2
	outgoing: 3 4 
	datadep: 
	instructions:
		 0: def_%self 
		 1: def_%v_0 
		 2: COPY def_%current_scope 
		 3: COPY def_%current_module 
		 4: 
		 5: RECEIVEARG def_range 
		 6: def_class_count 
		 7: class_count[2.6,] 
BB 3
	outgoing: 4 
	datadep: 
	instructions:
		 0: COPY def_class_count 
BB 4
	outgoing: 5 6 
	datadep: 
	instructions:
		 0: 
		 1: range->max def_%v_3 range[2.5,] 
		 2: BRANCH %v_3[4.1,] 
BB 5
	outgoing: 6 
	datadep: 
	instructions:
		 0: COPY def_%v_3 
BB 6
	outgoing: 7 8 
	datadep: 
	instructions:
		 0: COPY def_max %v_3[5.0,4.1,] 
		 1: 
		 2: range->min def_%v_4 range[2.5,] 
		 3: BRANCH %v_4[6.2,] 
BB 7
	outgoing: 8 
	datadep: 
	instructions:
		 0: COPY def_%v_4 
BB 8
	outgoing: 9 
	datadep: 
	instructions:
		 0: COPY def_min %v_4[7.0,6.2,] 
		 1: 
		 2: def_%v_5 max[6.0,] %v_4[7.0,6.2,] 
		 3: def_%v_6 %v_5[8.2,] class_count[3.0,2.6,] 
		 4: def_%v_7 %v_6[8.3,] 
		 5: COPY def_divisor %v_7[8.4,] 
		 6: 
		 7: class_count->times def_%v_8 class_count[3.0,2.6,] 
		 8: %v_8->map def_%v_9 %v_8[8.7,] %self[2.0,] 
CLOSURE BEGIN: i[] divisor[8.5,] 
BB 1
	outgoing: 6 2 
	datadep: 
	instructions:
BB 2
	outgoing: 3 
	datadep: 
	instructions:
		 0: def_%self 
		 1: def_%cl_1_0 
		 2: RECEIVEARG def_i 
		 3: COPY def_%current_scope 
		 4: COPY def_%current_module 
BB 3
	outgoing: 4 6 
	datadep: 
	instructions:
		 0: 
		 1: def_%cl_1_3 i[2.2,] divisor[] 
		 2: RETURN %cl_1_3[3.1,] %self[2.0,] 
BB 4
	outgoing: 6 
	datadep: 
	instructions:
		 0: def_%cl_1_4 
		 1: def_%cl_1_5 %cl_1_4[4.0,] 
		 2: RETURN %cl_1_5[4.1,] %self[2.0,] 
BB 6
	outgoing: 
	datadep: 
	instructions:
CLOSURE END
		 9: RETURN %v_9[8.8,] %self[2.0,] 
BB 9
	outgoing: 
	datadep: 
	instructions:

SET IRMethod, name = options_for_user_projects
BB 1
	outgoing: 13 2 
	datadep: 
	instructions:
BB 2
	outgoing: 3 4 
	datadep: 
	instructions:
		 0: def_%self 
		 1: def_%v_0 
		 2: COPY def_%current_scope 
		 3: COPY def_%current_module 
		 4: 
		 5: RECEIVEARG def_task 
		 6: def_current_user 
		 7: current_user[2.6,] 
BB 3
	outgoing: 4 
	datadep: 
	instructions:
		 0: COPY def_current_user 
BB 4
	outgoing: 5 6 
	datadep: 
	instructions:
		 0: 
		 1: current_user->projects def_%v_3 current_user[3.0,2.6,] 
		 2: %v_3->includes def_%v_4 %v_3[4.1,] 
		 3: %v_4->except def_%v_5 %v_4[4.2,] 
		 4: COPY def_%v_6 
		 5: %v_5->order def_%v_7 %v_5[4.3,] %v_6[4.4,] 
		 6: %v_7->joins def_%v_8 %v_7[4.5,] 
		 7: COPY def_%v_9 
		 8: %v_8->where def_%v_10 %v_8[4.6,] %v_9[4.7,] 
		 9: COPY def_projects %v_10[4.8,] 
		 10: 
		 11: task->new_record? def_%v_11 task[2.5,] 
		 12: BRANCH %v_11[4.11,] 
BB 5
	outgoing: 6 
	datadep: 
	instructions:
		 0: task->project def_%v_12 task[2.5,] 
		 1: %v_12->nil? def_%v_13 %v_12[5.0,] 
		 2: COPY def_%v_11 %v_13[5.1,] 
BB 6
	outgoing: 7 8 
	datadep: 
	instructions:
		 0: BRANCH %v_11[5.2,4.11,] 
BB 7
	outgoing: 8 
	datadep: 
	instructions:
		 0: task->project def_%v_14 task[2.5,] 
		 1: projects->include? def_%v_15 projects[4.9,] %v_14[7.0,] 
		 2: COPY def_%v_11 %v_15[7.1,] 
BB 8
	outgoing: 9 10 
	datadep: 
	instructions:
		 0: BRANCH %v_11[7.2,5.2,4.11,] 
BB 9
	outgoing: 11 
	datadep: 
	instructions:
		 0: COPY def_%v_16 
		 1: 
BB 10
	outgoing: 11 
	datadep: 
	instructions:
		 0: 
		 1: task->project def_%v_17 task[2.5,] 
		 2: def_%v_18 projects[4.9,] %v_17[10.1,] 
		 3: 
		 4: projects->sort_by def_%v_19 projects[4.9,] %self[2.0,] 
CLOSURE BEGIN: project[] 
BB 1
	outgoing: 6 2 
	datadep: 
	instructions:
BB 2
	outgoing: 3 
	datadep: 
	instructions:
		 0: def_%self 
		 1: def_%cl_1_0 
		 2: RECEIVEARG def_project 
		 3: COPY def_%current_scope 
		 4: COPY def_%current_module 
BB 3
	outgoing: 4 6 
	datadep: 
	instructions:
		 0: 
		 1: project->customer def_%cl_1_3 project[2.2,] 
		 2: %cl_1_3->name def_%cl_1_4 %cl_1_3[3.1,] 
		 3: project->name def_%cl_1_5 project[3.1,2.2,] 
		 4: def_%cl_1_6 %cl_1_4[3.2,] %cl_1_5[3.3,] 
		 5: RETURN %cl_1_6[3.4,] %self[2.0,] 
BB 4
	outgoing: 6 
	datadep: 
	instructions:
		 0: def_%cl_1_7 
		 1: def_%cl_1_8 %cl_1_7[4.0,] 
		 2: RETURN %cl_1_8[4.1,] %self[2.0,] 
BB 6
	outgoing: 
	datadep: 
	instructions:
CLOSURE END
		 5: COPY def_projects %v_19[10.4,] 
		 6: COPY def_%v_16 %v_19[10.4,] 
BB 11
	outgoing: 13 
	datadep: 
	instructions:
		 0: 
		 1: %self->grouped_client_projects_options def_%v_20 %self[2.0,] projects[10.5,4.9,] 
		 2: COPY def_options %v_20[11.1,] 
		 3: 
		 4: task->project_id def_%v_21 task[2.5,] 
		 5: COPY def_%v_22 
		 6: %self->t def_%v_23 %self[11.1,2.0,] %v_22[11.5,] 
		 7: %self->grouped_options_for_select def_%v_24 %self[11.1,11.6,2.0,] options[11.2,] %v_21[11.4,] %v_23[11.6,] 
		 8: %v_24->html_safe def_%v_25 %v_24[11.7,] 
		 9: RETURN %v_25[11.8,] %self[11.1,11.6,11.7,2.0,] 
BB 13
	outgoing: 
	datadep: 
	instructions:

SET IRMethod, name = options_for_task_services
BB 1
	outgoing: 13 2 
	datadep: 
	instructions:
BB 2
	outgoing: 3 7 
	datadep: 
	instructions:
		 0: def_%self 
		 1: def_%v_0 
		 2: COPY def_%current_scope 
		 3: COPY def_%current_module 
		 4: 
		 5: RECEIVEARG def_customers 
		 6: RECEIVEARG def_task 
		 7: 
		 8: COPY def_%v_3 
		 9: COPY def_services %v_3[2.8,] 
		 10: 
		 11: customers->each def_%v_4 customers[2.5,] %self[2.0,] 
CLOSURE BEGIN: c[] services[2.9,] 
BB 1
	outgoing: 6 2 
	datadep: 
	instructions:
BB 2
	outgoing: 3 
	datadep: 
	instructions:
		 0: def_%self 
		 1: def_%cl_1_0 
		 2: RECEIVEARG def_c 
		 3: COPY def_%current_scope 
		 4: COPY def_%current_module 
BB 3
	outgoing: 4 6 
	datadep: 
	instructions:
		 0: 
		 1: c->services def_%cl_1_3 c[2.2,] 
		 2: %cl_1_3->all def_%cl_1_4 %cl_1_3[3.1,] 
		 3: services->concat def_%cl_1_5 services[] %cl_1_4[3.2,] 
		 4: RETURN %cl_1_5[3.3,] %self[2.0,] 
BB 4
	outgoing: 6 
	datadep: 
	instructions:
		 0: def_%cl_1_6 
		 1: def_%cl_1_7 %cl_1_6[4.0,] 
		 2: RETURN %cl_1_7[4.1,] %self[2.0,] 
BB 6
	outgoing: 
	datadep: 
	instructions:
CLOSURE END
		 12: 
		 13: services->uniq def_%v_5 services[2.9,] 
		 14: COPY def_services %v_5[2.13,] 
		 15: 
		 16: (Service) def_%v_6 
		 17: task->service_id def_%v_7 task[2.6,] 
		 18: %v_6->exists? def_%v_8 %v_6[2.16,] %v_7[2.17,] 
		 19: BRANCH %v_8[2.18,] 
BB 3
	outgoing: 4 5 
	datadep: 
	instructions:
		 0: 
		 1: services->detect def_%v_9 services[2.9,2.14,] %self[2.0,] 
CLOSURE BEGIN: s[] task[2.6,] 
BB 1
	outgoing: 6 2 
	datadep: 
	instructions:
BB 2
	outgoing: 3 
	datadep: 
	instructions:
		 0: def_%self 
		 1: def_%cl_2_0 
		 2: RECEIVEARG def_s 
		 3: COPY def_%current_scope 
		 4: COPY def_%current_module 
BB 3
	outgoing: 4 6 
	datadep: 
	instructions:
		 0: 
		 1: s->id def_%cl_2_3 s[2.2,] 
		 2: task->service_id def_%cl_2_4 task[] 
		 3: %cl_2_3->== def_%cl_2_5 %cl_2_3[3.1,] %cl_2_4[3.2,] 
		 4: RETURN %cl_2_5[3.3,] %self[2.0,] 
BB 4
	outgoing: 6 
	datadep: 
	instructions:
		 0: def_%cl_2_6 
		 1: def_%cl_2_7 %cl_2_6[4.0,] 
		 2: RETURN %cl_2_7[4.1,] %self[2.0,] 
BB 6
	outgoing: 
	datadep: 
	instructions:
CLOSURE END
		 2: COPY def_detected %v_9[3.1,] 
		 3: 
		 4: BRANCH %v_9[3.1,] 
BB 4
	outgoing: 6 
	datadep: 
	instructions:
		 0: COPY def_%v_10 
		 1: 
BB 5
	outgoing: 6 
	datadep: 
	instructions:
		 0: (Service) def_%v_11 
		 1: task->service_id def_%v_12 task[2.6,] 
		 2: %v_11->find def_%v_13 %v_11[5.0,] %v_12[5.1,] 
		 3: def_%v_14 services[2.9,2.14,] %v_13[5.2,] 
		 4: COPY def_%v_10 %v_14[5.3,] 
BB 6
	outgoing: 8 
	datadep: 
	instructions:
		 0: 
BB 7
	outgoing: 8 
	datadep: 
	instructions:
		 0: COPY def_%v_10 
BB 8
	outgoing: 9 10 
	datadep: 
	instructions:
		 0: 
		 1: COPY def_%v_15 
		 2: COPY def_%v_16 
		 3: %self->t def_%v_17 %self[2.0,] %v_16[8.2,] 
		 4: COPY def_%v_18 
		 5: COPY def_%v_19 
		 6: %self->t def_%v_20 %self[8.3,2.0,] %v_19[8.5,] 
		 7: COPY def_%v_21 
		 8: def_%v_22 %v_15[8.1,] %v_17[8.3,] %v_18[8.4,] %v_20[8.6,] %v_21[8.7,] 
		 9: COPY def_result %v_22[8.8,] 
		 10: 
		 11: services->each def_%v_23 services[2.9,2.14,] %self[8.3,8.6,2.0,] 
CLOSURE BEGIN: task[2.6,] s[] result[8.9,] 
BB 1
	outgoing: 9 2 
	datadep: 
	instructions:
BB 2
	outgoing: 3 
	datadep: 
	instructions:
		 0: def_%self 
		 1: def_%cl_3_0 
		 2: RECEIVEARG def_s 
		 3: COPY def_%current_scope 
		 4: COPY def_%current_module 
BB 3
	outgoing: 4 5 7 
	datadep: 
	instructions:
		 0: 
		 1: task->service_id def_%cl_3_3 task[] 
		 2: s->id def_%cl_3_4 s[2.2,] 
		 3: %cl_3_3->== def_%cl_3_5 %cl_3_3[3.1,] %cl_3_4[3.2,] 
		 4: BRANCH %cl_3_5[3.3,] 
BB 4
	outgoing: 6 7 
	datadep: 
	instructions:
		 0: 
		 1: COPY def_%cl_3_6 
		 2: s->id def_%cl_3_7 s[2.2,] 
		 3: COPY def_%cl_3_8 
		 4: s->description def_%cl_3_9 s[4.2,2.2,] 
		 5: COPY def_%cl_3_10 
		 6: s->name def_%cl_3_11 s[4.2,4.4,2.2,] 
		 7: COPY def_%cl_3_12 
		 8: def_%cl_3_13 %cl_3_6[4.1,] %cl_3_7[4.2,] %cl_3_8[4.3,] %cl_3_9[4.4,] %cl_3_10[4.5,] %cl_3_11[4.6,] %cl_3_12[4.7,] 
		 9: def_%cl_3_14 result[] %cl_3_13[4.8,] 
		 10: COPY def_result %cl_3_14[4.9,] 
		 11: 
BB 5
	outgoing: 7 9 
	datadep: 
	instructions:
		 0: 
		 1: COPY def_%cl_3_15 
		 2: s->id def_%cl_3_16 s[2.2,] 
		 3: COPY def_%cl_3_17 
		 4: s->description def_%cl_3_18 s[5.2,2.2,] 
		 5: COPY def_%cl_3_19 
		 6: s->name def_%cl_3_20 s[5.2,5.4,2.2,] 
		 7: COPY def_%cl_3_21 
		 8: def_%cl_3_22 %cl_3_15[5.1,] %cl_3_16[5.2,] %cl_3_17[5.3,] %cl_3_18[5.4,] %cl_3_19[5.5,] %cl_3_20[5.6,] %cl_3_21[5.7,] 
		 9: def_%cl_3_23 result[] %cl_3_22[5.8,] 
		 10: COPY def_result %cl_3_23[5.9,] 
		 11: RETURN %cl_3_23[5.9,] %self[2.0,] 
BB 6
	outgoing: 9 
	datadep: 
	instructions:
		 0: RETURN %cl_3_14[4.9,] %self[2.0,] 
BB 7
	outgoing: 9 
	datadep: 
	instructions:
		 0: def_%cl_3_24 
		 1: def_%cl_3_25 %cl_3_24[7.0,] 
		 2: RETURN %cl_3_25[7.1,] %self[2.0,] 
BB 9
	outgoing: 
	datadep: 
	instructions:
CLOSURE END
		 12: 
		 13: COPY def_%v_24 
		 14: def_%v_25 result[8.9,] %v_24[8.13,] 
		 15: COPY def_result %v_25[8.14,] 
		 16: 
		 17: task->isQuoted def_%v_26 task[2.6,] 
		 18: BRANCH %v_26[8.17,] 
BB 9
	outgoing: 11 
	datadep: 
	instructions:
		 0: 
		 1: COPY def_%v_27 
		 2: COPY def_%v_28 
		 3: %self->t def_%v_29 %self[2.0,] %v_28[9.2,] 
		 4: COPY def_%v_30 
		 5: def_%v_31 %v_27[9.1,] %v_29[9.3,] %v_30[9.4,] 
		 6: def_%v_32 result[8.9,8.15,] %v_31[9.5,] 
		 7: COPY def_result %v_32[9.6,] 
		 8: 
BB 10
	outgoing: 11 
	datadep: 
	instructions:
		 0: 
		 1: COPY def_%v_33 
		 2: COPY def_%v_34 
		 3: %self->t def_%v_35 %self[2.0,] %v_34[10.2,] 
		 4: COPY def_%v_36 
		 5: COPY def_%v_37 
		 6: %self->t def_%v_38 %self[10.3,2.0,] %v_37[10.5,] 
		 7: COPY def_%v_39 
		 8: def_%v_40 %v_33[10.1,] %v_35[10.3,] %v_36[10.4,] %v_38[10.6,] %v_39[10.7,] 
		 9: def_%v_41 result[8.9,8.15,] %v_40[10.8,] 
		 10: COPY def_result %v_41[10.9,] 
		 11: COPY def_%v_32 %v_41[10.9,] 
BB 11
	outgoing: 13 
	datadep: 
	instructions:
		 0: 
		 1: result->html_safe def_%v_42 result[10.10,9.7,] 
		 2: RETURN %v_42[11.1,] %self[2.0,] 
BB 13
	outgoing: 
	datadep: 
	instructions:

SET IRMethod, name = due_date_field
BB 1
	outgoing: 24 2 
	datadep: 
	instructions:
BB 2
	outgoing: 3 4 
	datadep: 
	instructions:
		 0: def_%self 
		 1: def_%v_0 
		 2: COPY def_%current_scope 
		 3: COPY def_%current_module 
		 4: 
		 5: RECEIVEARG def_task 
		 6: RECEIVEARG def_permissions 
		 7: 
		 8: task->due_at def_%v_3 task[2.5,] 
		 9: %v_3->nil? def_%v_4 %v_3[2.8,] 
		 10: BRANCH %v_4[2.9,] 
BB 3
	outgoing: 5 
	datadep: 
	instructions:
		 0: COPY def_%v_5 
		 1: 
BB 4
	outgoing: 5 
	datadep: 
	instructions:
		 0: task->due_at def_%v_6 task[2.5,] 
		 1: %v_6->utc def_%v_7 %v_6[4.0,] 
		 2: %self->current_user def_%v_8 %self[2.0,] 
		 3: %v_8->date_format def_%v_9 %v_8[4.2,] 
		 4: %v_7->strftime def_%v_10 %v_7[4.1,] %v_9[4.3,] 
		 5: COPY def_%v_5 %v_10[4.4,] 
BB 5
	outgoing: 6 7 
	datadep: 
	instructions:
		 0: COPY def_task_due_at %v_5[4.5,3.0,] 
		 1: 
		 2: task->milestone def_%v_11 task[2.5,] 
		 3: %v_11->try def_%v_12 %v_11[5.2,] 
		 4: COPY def_milestone_due_at %v_12[5.3,] 
		 5: 
		 6: %v_12->nil? def_%v_13 %v_12[5.3,] 
		 7: BRANCH %v_13[5.6,] 
BB 6
	outgoing: 8 
	datadep: 
	instructions:
		 0: COPY def_%v_14 
		 1: 
BB 7
	outgoing: 8 
	datadep: 
	instructions:
		 0: %self->current_user def_%v_15 %self[2.0,] 
		 1: %v_15->date_format def_%v_16 %v_15[7.0,] 
		 2: milestone_due_at->strftime def_%v_17 milestone_due_at[5.4,] %v_16[7.1,] 
		 3: COPY def_%v_14 %v_17[7.2,] 
BB 8
	outgoing: 9 10 
	datadep: 
	instructions:
		 0: COPY def_placeholder %v_14[7.3,6.0,] 
		 1: 
		 2: task->due_at def_%v_18 task[2.5,] 
		 3: %v_18->nil? def_%v_19 %v_18[8.2,] 
		 4: BRANCH %v_19[8.3,] 
BB 9
	outgoing: 10 
	datadep: 
	instructions:
		 0: milestone_due_at->nil? def_%v_20 milestone_due_at[5.4,] 
		 1: %v_20->! def_%v_21 %v_20[9.0,] 
		 2: COPY def_%v_19 %v_21[9.1,] 
BB 10
	outgoing: 11 12 
	datadep: 
	instructions:
		 0: BRANCH %v_19[9.2,8.3,] 
BB 11
	outgoing: 13 
	datadep: 
	instructions:
		 0: 
		 1: COPY def_%v_22 
		 2: %self->t def_%v_23 %self[2.0,] %v_22[11.1,] 
		 3: 
BB 12
	outgoing: 13 
	datadep: 
	instructions:
		 0: 
		 1: COPY def_%v_24 
		 2: %self->t def_%v_25 %self[2.0,] %v_24[12.1,] 
		 3: COPY def_%v_23 %v_25[12.2,] 
BB 13
	outgoing: 14 15 
	datadep: 
	instructions:
		 0: COPY def_date_tooltip %v_23[12.3,11.2,] 
		 1: 
		 2: task->due_at def_%v_26 task[2.5,] 
		 3: BRANCH %v_26[13.2,] 
BB 14
	outgoing: 15 
	datadep: 
	instructions:
		 0: task->milestone def_%v_27 task[2.5,] 
		 1: %v_27->try def_%v_28 %v_27[14.0,] 
		 2: COPY def_%v_26 %v_28[14.1,] 
BB 15
	outgoing: 16 17 
	datadep: 
	instructions:
		 0: COPY def_due_at %v_26[14.2,13.2,] 
		 1: 
		 2: COPY def_%v_29 
		 3: COPY def_html_class %v_29[15.2,] 
		 4: 
		 5: COPY def_%v_30 %v_26[14.2,13.2,] 
		 6: BRANCH %v_26[14.2,13.2,] 
BB 16
	outgoing: 17 
	datadep: 
	instructions:
		 0: task->estimate_date def_%v_31 task[2.5,] 
		 1: COPY def_%v_30 %v_31[16.0,] 
BB 17
	outgoing: 18 19 
	datadep: 
	instructions:
		 0: BRANCH %v_30[16.1,15.5,] 
BB 18
	outgoing: 19 
	datadep: 
	instructions:
		 0: due_at->beginning_of_day def_%v_32 due_at[15.0,] 
		 1: task->estimate_date def_%v_33 task[2.5,] 
		 2: %v_33->beginning_of_day def_%v_34 %v_33[18.1,] 
		 3: def_%v_35 %v_32[18.0,] %v_34[18.2,] 
		 4: COPY def_%v_30 %v_35[18.3,] 
BB 19
	outgoing: 20 21 
	datadep: 
	instructions:
		 0: BRANCH %v_30[18.4,16.1,15.5,] 
BB 20
	outgoing: 22 
	datadep: 
	instructions:
		 0: 
		 1: COPY def_%v_36 
		 2: COPY def_html_class %v_36[20.1,] 
		 3: 
BB 21
	outgoing: 22 
	datadep: 
	instructions:
		 0: COPY def_%v_36 
BB 22
	outgoing: 24 
	datadep: 
	instructions:
		 0: 
		 1: COPY def_%v_37 
		 2: date_tooltip->html_safe def_%v_38 date_tooltip[13.0,] 
		 3: COPY def_%v_39 
		 4: COPY def_%v_40 
		 5: COPY def_%v_41 %v_37[22.1,] %v_38[22.2,] %v_39[22.3,] placeholder[8.0,] task_due_at[5.0,] %v_40[22.4,] html_class[20.2,15.3,] 
		 6: COPY def_options %v_41[22.5,] 
		 7: 
		 8: COPY def_%v_42 
		 9: def_%v_43 permissions[2.6,] %v_42[22.8,] 
		 10: options->merge def_%v_44 options[22.6,] %v_43[22.9,] 
		 11: COPY def_options %v_44[22.10,] 
		 12: 
		 13: COPY def_%v_45 
		 14: COPY def_%v_46 
		 15: %self->text_field def_%v_47 %self[2.0,] %v_45[22.13,] %v_46[22.14,] %v_44[22.10,] 
		 16: RETURN %v_47[22.15,] %self[22.15,2.0,] 
BB 24
	outgoing: 
	datadep: 
	instructions:

SET IRMethod, name = target_date
BB 1
	outgoing: 7 2 
	datadep: 
	instructions:
BB 2
	outgoing: 3 4 
	datadep: 
	instructions:
		 0: def_%self 
		 1: def_%v_0 
		 2: COPY def_%current_scope 
		 3: COPY def_%current_module 
		 4: 
		 5: RECEIVEARG def_task 
		 6: 
		 7: task->target_date def_%v_3 task[2.5,] 
		 8: %v_3->nil? def_%v_4 %v_3[2.7,] 
		 9: BRANCH %v_4[2.8,] 
BB 3
	outgoing: 7 
	datadep: 
	instructions:
		 0: COPY def_%v_5 
		 1: %self->t def_%v_6 %self[2.0,] %v_5[3.0,] 
		 2: RETURN %v_6[3.1,] %self[3.1,2.0,] 
BB 4
	outgoing: 7 
	datadep: 
	instructions:
		 0: COPY def_%v_7 
		 1: 
		 2: task->target_date def_%v_8 task[2.5,] 
		 3: %v_8->utc def_%v_9 %v_8[4.2,] 
		 4: %self->current_user def_%v_10 %self[2.0,] 
		 5: %v_10->date_format def_%v_11 %v_10[4.4,] 
		 6: %v_9->strftime def_%v_12 %v_9[4.3,] %v_11[4.5,] 
		 7: RETURN %v_12[4.6,] %self[4.4,2.0,] 
BB 7
	outgoing: 
	datadep: 
	instructions:

SET IRMethod, name = target_date_tooltip
BB 1
	outgoing: 9 2 
	datadep: 
	instructions:
BB 2
	outgoing: 3 4 
	datadep: 
	instructions:
		 0: def_%self 
		 1: def_%v_0 
		 2: COPY def_%current_scope 
		 3: COPY def_%current_module 
		 4: 
		 5: RECEIVEARG def_task 
		 6: 
		 7: task->due_at def_%v_3 task[2.5,] 
		 8: BRANCH %v_3[2.7,] 
BB 3
	outgoing: 9 
	datadep: 
	instructions:
		 0: COPY def_%v_4 
		 1: %self->t def_%v_5 %self[2.0,] %v_4[3.0,] 
		 2: RETURN %v_5[3.1,] %self[3.1,2.0,] 
BB 4
	outgoing: 6 7 
	datadep: 
	instructions:
		 0: COPY def_%v_6 
		 1: 
		 2: task->milestone def_%v_7 task[2.5,] 
		 3: %v_7->try def_%v_8 %v_7[4.2,] 
		 4: BRANCH %v_8[4.3,] 
BB 6
	outgoing: 9 
	datadep: 
	instructions:
		 0: COPY def_%v_9 
		 1: task->milestone def_%v_10 task[2.5,] 
		 2: %v_10->name def_%v_11 %v_10[6.1,] 
		 3: COPY def_%v_12 %v_11[6.2,] 
		 4: %self->t def_%v_13 %self[2.0,] %v_9[6.0,] %v_12[6.3,] 
		 5: RETURN %v_13[6.4,] %self[6.4,2.0,] 
BB 7
	outgoing: 9 
	datadep: 
	instructions:
		 0: RETURN %self[2.0,] 
BB 9
	outgoing: 
	datadep: 
	instructions:

SET IRMethod, name = perms
BB 1
	outgoing: 6 2 
	datadep: 
	instructions:
BB 2
	outgoing: 3 4 
	datadep: 
	instructions:
		 0: def_%self 
		 1: def_%v_0 
		 2: COPY def_%current_scope 
		 3: COPY def_%current_module 
		 4: 
		 5: 
		 6: def_%v_3 %self[2.0,] 
		 7: %v_3->nil? def_%v_4 %v_3[2.6,] 
		 8: BRANCH %v_4[2.7,] 
BB 3
	outgoing: 5 
	datadep: 
	instructions:
		 0: 
		 1: COPY def_%v_5 
		 2: ATTRASSIGN %self->@perms %self[2.0,] %v_5[3.1,] 
		 3: 
		 4: COPY def_%v_6 
		 5: COPY def_%v_7 
		 6: COPY def_%v_8 
		 7: COPY def_%v_9 
		 8: COPY def_%v_10 
		 9: COPY def_%v_11 %v_6[3.4,] %v_7[3.5,] %v_8[3.6,] %v_9[3.7,] %v_10[3.8,] 
		 10: COPY def_permissions %v_11[3.9,] 
		 11: 
		 12: %v_11->each def_%v_12 %v_11[3.9,] %self[2.0,] 
CLOSURE BEGIN: %self[2.0,] p[] 
BB 1
	outgoing: 11 2 
	datadep: 
	instructions:
BB 2
	outgoing: 3 
	datadep: 
	instructions:
		 0: def_%self 
		 1: def_%cl_1_0 
		 2: RECEIVEARG def_p 
		 3: COPY def_%current_scope 
		 4: COPY def_%current_module 
BB 3
	outgoing: 4 5 9 
	datadep: 
	instructions:
		 0: 
		 1: def_%cl_1_3 %self[2.0,] 
		 2: %cl_1_3->project_id def_%cl_1_4 %cl_1_3[3.1,] 
		 3: %cl_1_4->to_i def_%cl_1_5 %cl_1_4[3.2,] 
		 4: def_%cl_1_6 %cl_1_5[3.3,] 
		 5: BRANCH %cl_1_6[3.4,] 
BB 4
	outgoing: 5 9 
	datadep: 
	instructions:
		 0: %self->current_user def_%cl_1_7 %self[2.0,] 
		 1: def_%cl_1_8 %self[4.0,2.0,] 
		 2: %cl_1_8->project def_%cl_1_9 %cl_1_8[4.1,] 
		 3: %cl_1_7->can? def_%cl_1_10 %cl_1_7[4.0,] %cl_1_9[4.2,] p[2.2,] 
		 4: COPY def_%cl_1_6 %cl_1_10[4.3,] 
BB 5
	outgoing: 6 7 
	datadep: 
	instructions:
		 0: BRANCH %cl_1_6[4.4,3.4,] 
BB 6
	outgoing: 8 9 
	datadep: 
	instructions:
		 0: 
		 1: def_%cl_1_11 %self[2.0,] 
		 2: COPY def_%cl_1_12 
		 3: %cl_1_11[6.1,] p[2.2,] %cl_1_12[6.2,] 
		 4: 
BB 7
	outgoing: 9 11 
	datadep: 
	instructions:
		 0: 
		 1: def_%cl_1_13 %self[2.0,] 
		 2: COPY def_%cl_1_14 
		 3: COPY def_%cl_1_15 %cl_1_14[7.2,] 
		 4: %cl_1_13[7.1,] p[2.2,] %cl_1_15[7.3,] 
		 5: RETURN %cl_1_15[7.3,] %self[2.0,] 
BB 8
	outgoing: 11 
	datadep: 
	instructions:
		 0: RETURN %cl_1_12[6.2,] %self[2.0,] 
BB 9
	outgoing: 11 
	datadep: 
	instructions:
		 0: def_%cl_1_16 
		 1: def_%cl_1_17 %cl_1_16[9.0,] 
		 2: RETURN %cl_1_17[9.1,] %self[2.0,] 
BB 11
	outgoing: 
	datadep: 
	instructions:
CLOSURE END
		 13: 
BB 4
	outgoing: 5 
	datadep: 
	instructions:
		 0: COPY def_%v_12 
BB 5
	outgoing: 6 
	datadep: 
	instructions:
		 0: 
		 1: def_%v_13 %self[2.0,] 
		 2: RETURN %v_13[5.1,] %self[2.0,] 
BB 6
	outgoing: 
	datadep: 
	instructions:

SET IRMethod, name = unread_toggle_for_task_and_user
BB 1
	outgoing: 6 2 
	datadep: 
	instructions:
BB 2
	outgoing: 3 4 
	datadep: 
	instructions:
		 0: def_%self 
		 1: def_%v_0 
		 2: COPY def_%current_scope 
		 3: COPY def_%current_module 
		 4: 
		 5: RECEIVEARG def_task 
		 6: RECEIVEARG def_user 
		 7: 
		 8: COPY def_%v_3 
		 9: COPY def_classname %v_3[2.8,] 
		 10: 
		 11: task->unread? def_%v_4 task[2.5,] user[2.6,] 
		 12: BRANCH %v_4[2.11,] 
BB 3
	outgoing: 5 
	datadep: 
	instructions:
		 0: COPY def_%v_5 
		 1: 
BB 4
	outgoing: 5 
	datadep: 
	instructions:
		 0: COPY def_%v_6 
		 1: COPY def_%v_5 %v_6[4.0,] 
BB 5
	outgoing: 6 
	datadep: 
	instructions:
		 0: def_%v_7 classname[2.9,] %v_5[4.1,3.0,] 
		 1: COPY def_classname %v_7[5.0,] 
		 2: 
		 3: COPY def_%v_8 
		 4: task->task_num def_%v_9 task[2.5,] 
		 5: def_%v_10 %v_8[5.3,] %v_9[5.4,] 
		 6: COPY def_%v_11 classname[5.1,] %v_10[5.5,] 
		 7: %self->content_tag def_%v_12 %self[2.0,] %v_11[5.6,] %self[2.0,] 
CLOSURE BEGIN: %self[2.0,] 
BB 1
	outgoing: 6 2 
	datadep: 
	instructions:
BB 2
	outgoing: 3 
	datadep: 
	instructions:
		 0: def_%self 
		 1: def_%cl_1_0 
		 2: COPY def_%current_scope 
		 3: COPY def_%current_module 
BB 3
	outgoing: 4 6 
	datadep: 
	instructions:
		 0: 
		 1: COPY def_%cl_1_3 
		 2: COPY def_%cl_1_4 %cl_1_3[3.1,] 
		 3: %self->content_tag def_%cl_1_5 %self[2.0,] %cl_1_4[3.2,] %self[2.0,] 
CLOSURE BEGIN: 
BB 1
	outgoing: 6 2 
	datadep: 
	instructions:
BB 2
	outgoing: 6 
	datadep: 
	instructions:
		 0: def_%self 
		 1: def_%cl_2_0 
		 2: COPY def_%current_scope 
		 3: COPY def_%current_module 
		 4: RETURN %self[2.0,] 
BB 6
	outgoing: 
	datadep: 
	instructions:
CLOSURE END
		 4: RETURN %cl_1_5[3.3,] %self[3.3,2.0,] 
BB 4
	outgoing: 6 
	datadep: 
	instructions:
		 0: def_%cl_1_6 
		 1: def_%cl_1_7 %cl_1_6[4.0,] 
		 2: RETURN %cl_1_7[4.1,] %self[2.0,] 
BB 6
	outgoing: 
	datadep: 
	instructions:
CLOSURE END
		 8: RETURN %v_12[5.7,] %self[5.7,2.0,] 
BB 6
	outgoing: 
	datadep: 
	instructions:

SET IRMethod, name = options_for_changegroup
BB 1
	outgoing: 4 2 
	datadep: 
	instructions:
BB 2
	outgoing: 4 
	datadep: 
	instructions:
		 0: def_%self 
		 1: def_%v_0 
		 2: COPY def_%current_scope 
		 3: COPY def_%current_module 
		 4: 
		 5: 
		 6: COPY def_%v_3 
		 7: %self->t def_%v_4 %self[2.0,] %v_3[2.6,] 
		 8: COPY def_%v_5 
		 9: COPY def_%v_6 %v_4[2.7,] %v_5[2.8,] 
		 10: COPY def_%v_7 
		 11: (Milestone) def_%v_8 
		 12: %v_8->model_name def_%v_9 %v_8[2.11,] 
		 13: %v_9->human def_%v_10 %v_9[2.12,] 
		 14: COPY def_%v_11 %v_10[2.13,] 
		 15: %self->t def_%v_12 %self[2.0,2.7,] %v_7[2.10,] %v_11[2.14,] 
		 16: COPY def_%v_13 
		 17: COPY def_%v_14 %v_12[2.15,] %v_13[2.16,] 
		 18: COPY def_%v_15 
		 19: %self->t def_%v_16 %self[2.0,2.7,2.15,] %v_15[2.18,] 
		 20: COPY def_%v_17 
		 21: COPY def_%v_18 %v_16[2.19,] %v_17[2.20,] 
		 22: COPY def_%v_19 
		 23: %self->t def_%v_20 %self[2.0,2.7,2.15,2.19,] %v_19[2.22,] 
		 24: COPY def_%v_21 
		 25: COPY def_%v_22 %v_20[2.23,] %v_21[2.24,] 
		 26: COPY def_%v_23 %v_6[2.9,] %v_14[2.17,] %v_18[2.21,] %v_22[2.25,] 
		 27: COPY def_cols %v_23[2.26,] 
		 28: 
		 29: %self->current_user def_%v_24 %self[2.0,2.7,2.15,2.19,2.23,] 
		 30: %v_24->company def_%v_25 %v_24[2.29,] 
		 31: %v_25->properties def_%v_26 %v_25[2.30,] 
		 32: %v_26->each def_%v_27 %v_26[2.31,] %self[2.0,2.7,2.15,2.19,2.23,2.29,] 
CLOSURE BEGIN: p[] %self[2.0,2.7,2.15,2.19,2.23,2.29,] cols[2.27,] 
BB 1
	outgoing: 6 2 
	datadep: 
	instructions:
BB 2
	outgoing: 3 
	datadep: 
	instructions:
		 0: def_%self 
		 1: def_%cl_1_0 
		 2: RECEIVEARG def_p 
		 3: COPY def_%current_scope 
		 4: COPY def_%current_module 
BB 3
	outgoing: 4 6 
	datadep: 
	instructions:
		 0: 
		 1: COPY def_%cl_1_3 
		 2: p->name def_%cl_1_4 p[2.2,] 
		 3: %cl_1_4->camelize def_%cl_1_5 %cl_1_4[3.2,] 
		 4: COPY def_%cl_1_6 %cl_1_5[3.3,] 
		 5: %self->t def_%cl_1_7 %self[2.0,] %cl_1_3[3.1,] %cl_1_6[3.4,] 
		 6: p->name def_%cl_1_8 p[3.2,2.2,] 
		 7: %cl_1_8->downcase def_%cl_1_9 %cl_1_8[3.6,] 
		 8: COPY def_%cl_1_10 %cl_1_7[3.5,] %cl_1_9[3.7,] 
		 9: def_%cl_1_11 cols[] %cl_1_10[3.8,] 
		 10: RETURN %cl_1_11[3.9,] %self[3.5,2.0,] 
BB 4
	outgoing: 6 
	datadep: 
	instructions:
		 0: def_%cl_1_12 
		 1: def_%cl_1_13 %cl_1_12[4.0,] 
		 2: RETURN %cl_1_13[4.1,] %self[2.0,] 
BB 6
	outgoing: 
	datadep: 
	instructions:
CLOSURE END
		 33: 
		 34: COPY def_%v_28 
		 35: %self->t def_%v_29 %self[2.0,2.7,2.15,2.19,2.23,2.29,] %v_28[2.34,] 
		 36: COPY def_%v_30 
		 37: COPY def_%v_31 %v_29[2.35,] %v_30[2.36,] 
		 38: def_%v_32 cols[2.27,] %v_31[2.37,] 
		 39: 
		 40: %self->current_user def_%v_33 %self[2.0,2.7,2.15,2.19,2.23,2.29,2.35,] 
		 41: COPY def_%v_34 
		 42: %v_33->preference def_%v_35 %v_33[2.40,] %v_34[2.41,] 
		 43: %self->options_for_select def_%v_36 %self[2.0,2.7,2.15,2.19,2.23,2.29,2.35,2.40,] cols[2.27,] %v_35[2.42,] 
		 44: RETURN %v_36[2.43,] %self[2.0,2.7,2.15,2.19,2.23,2.29,2.35,2.40,2.43,] 
BB 4
	outgoing: 
	datadep: 
	instructions:

SET IRMethod, name = last_comment_date
BB 1
	outgoing: 6 2 
	datadep: 
	instructions:
BB 2
	outgoing: 3 4 
	datadep: 
	instructions:
		 0: def_%self 
		 1: def_%v_0 
		 2: COPY def_%current_scope 
		 3: COPY def_%current_module 
		 4: 
		 5: RECEIVEARG def_task 
		 6: 
		 7: task->work_logs def_%v_3 task[2.5,] 
		 8: %v_3->size def_%v_4 %v_3[2.7,] 
		 9: def_%v_5 %v_4[2.8,] 
		 10: BRANCH %v_5[2.9,] 
BB 3
	outgoing: 6 
	datadep: 
	instructions:
		 0: 
		 1: task->work_logs def_%v_6 task[2.5,] 
		 2: %v_6->last def_%v_7 %v_6[3.1,] 
		 3: %v_7->started_at def_%v_8 %v_7[3.2,] 
		 4: RETURN %v_8[3.3,] %self[2.0,] 
BB 4
	outgoing: 6 
	datadep: 
	instructions:
		 0: 
		 1: task->updated_at def_%v_9 task[2.5,] 
		 2: RETURN %v_9[4.1,] %self[2.0,] 
BB 6
	outgoing: 
	datadep: 
	instructions:

SET IRMethod, name = task_detail
BB 1
	outgoing: 21 2 
	datadep: 
	instructions:
BB 2
	outgoing: 3 4 
	datadep: 
	instructions:
		 0: def_%self 
		 1: def_%v_0 
		 2: COPY def_%current_scope 
		 3: COPY def_%current_module 
		 4: 
		 5: RECEIVEARG def_task 
		 6: def_user 
		 7: user[2.6,] 
BB 3
	outgoing: 4 
	datadep: 
	instructions:
		 0: %self->current_user def_%v_3 %self[2.0,] 
		 1: COPY def_user %v_3[3.0,] 
BB 4
	outgoing: 5 8 
	datadep: 
	instructions:
		 0: 
		 1: task->milestone def_%v_4 task[2.5,] 
		 2: BRANCH %v_4[4.1,] 
BB 5
	outgoing: 6 7 
	datadep: 
	instructions:
		 0: task->due_at def_%v_5 task[2.5,] 
		 1: BRANCH %v_5[5.0,] 
BB 6
	outgoing: 7 
	datadep: 
	instructions:
		 0: task->milestone def_%v_7 task[2.5,] 
		 1: %v_7->due_at def_%v_8 %v_7[6.0,] 
		 2: ATTRASSIGN task->due_at def_%v_6 task[6.0,2.5,] %v_8[6.1,] 
		 3: COPY def_%v_5 %v_8[6.1,] 
BB 7
	outgoing: 9 
	datadep: 
	instructions:
		 0: 
BB 8
	outgoing: 9 
	datadep: 
	instructions:
		 0: COPY def_%v_5 
BB 9
	outgoing: 10 11 
	datadep: 
	instructions:
		 0: 
		 1: task->human_name def_%v_9 task[6.2,2.5,] 
		 2: task->human_value def_%v_10 task[9.1,6.2,2.5,] 
		 3: task->human_name def_%v_11 task[9.1,9.2,6.2,2.5,] 
		 4: task->project def_%v_12 task[9.1,9.2,9.3,6.2,2.5,] 
		 5: %v_12->name def_%v_13 %v_12[9.4,] 
		 6: task->human_name def_%v_14 task[9.1,9.2,9.3,9.4,6.2,2.5,] 
		 7: task->milestone def_%v_15 task[9.1,9.2,9.3,9.4,9.6,6.2,2.5,] 
		 8: %v_15->try def_%v_16 %v_15[9.7,] 
		 9: BRANCH %v_16[9.8,] 
BB 10
	outgoing: 11 
	datadep: 
	instructions:
		 0: COPY def_%v_17 
		 1: %self->t def_%v_18 %self[2.0,] %v_17[10.0,] 
		 2: COPY def_%v_16 %v_18[10.1,] 
BB 11
	outgoing: 12 13 
	datadep: 
	instructions:
		 0: task->human_name def_%v_19 task[6.2,2.5,] 
		 1: 
		 2: task->duration def_%v_20 task[11.0,6.2,2.5,] 
		 3: %v_20->to_i def_%v_21 %v_20[11.2,] 
		 4: def_%v_22 %v_21[11.3,] 
		 5: BRANCH %v_22[11.4,] 
BB 12
	outgoing: 14 
	datadep: 
	instructions:
		 0: (TimeParser) def_%v_23 
		 1: task->duration def_%v_24 task[6.2,2.5,] 
		 2: %v_23->format_duration def_%v_25 %v_23[12.0,] %v_24[12.1,] 
		 3: 
BB 13
	outgoing: 14 
	datadep: 
	instructions:
		 0: COPY def_%v_26 
		 1: (TimeParser) def_%v_27 
		 2: task->default_duration def_%v_28 task[6.2,2.5,] 
		 3: %v_27->format_duration def_%v_29 %v_27[13.1,] %v_28[13.2,] 
		 4: COPY def_%v_30 
		 5: def_%v_31 %v_26[13.0,] %v_29[13.3,] %v_30[13.4,] 
		 6: COPY def_%v_25 %v_31[13.5,] 
BB 14
	outgoing: 15 16 
	datadep: 
	instructions:
		 0: task->human_name def_%v_32 task[6.2,2.5,] 
		 1: 
		 2: task->due_at def_%v_33 task[14.0,6.2,2.5,] 
		 3: %v_33->nil? def_%v_34 %v_33[14.2,] 
		 4: BRANCH %v_34[14.3,] 
BB 15
	outgoing: 17 
	datadep: 
	instructions:
		 0: COPY def_%v_35 
		 1: %self->t def_%v_36 %self[2.0,] %v_35[15.0,] 
		 2: 
BB 16
	outgoing: 17 
	datadep: 
	instructions:
		 0: %self->due_in_words def_%v_37 %self[2.0,] task[6.2,2.5,] 
		 1: COPY def_%v_36 %v_37[16.0,] 
BB 17
	outgoing: 18 19 
	datadep: 
	instructions:
		 0: task->human_name def_%v_38 task[6.2,2.5,] 
		 1: (TimeParser) def_%v_39 
		 2: task->minutes_left def_%v_40 task[17.0,6.2,2.5,] 
		 3: %v_39->format_duration def_%v_41 %v_39[17.1,] %v_40[17.2,] 
		 4: COPY def_%v_42 %v_9[9.1,] %v_10[9.2,] %v_11[9.3,] %v_13[9.5,] %v_14[9.6,] %v_16[10.2,9.8,] %v_19[11.0,] %v_25[13.6,12.2,] %v_32[14.0,] %v_36[16.1,15.1,] %v_38[17.0,] %v_41[17.3,] 
		 5: COPY def_options %v_42[17.4,] 
		 6: 
		 7: task->overworked? def_%v_43 task[17.0,17.2,6.2,2.5,] 
		 8: BRANCH %v_43[17.7,] 
BB 18
	outgoing: 20 
	datadep: 
	instructions:
		 0: 
		 1: task->human_name def_%v_44 task[6.2,2.5,] 
		 2: def_%v_45 options[17.5,] %v_44[18.1,] 
		 3: COPY def_%v_46 
		 4: (TimeParser) def_%v_47 
		 5: task->worked_minutes def_%v_48 task[18.1,6.2,2.5,] 
		 6: task->adjusted_duration def_%v_49 task[18.1,18.5,6.2,2.5,] 
		 7: def_%v_50 %v_48[18.5,] %v_49[18.6,] 
		 8: %v_47->format_duration def_%v_51 %v_47[18.4,] %v_50[18.7,] 
		 9: def_%v_52 %v_46[18.3,] %v_51[18.8,] 
		 10: COPY def_%v_53 
		 11: def_%v_54 %v_52[18.9,] %v_53[18.10,] 
		 12: def_%v_45 %v_45[18.2,] %v_54[18.11,] 
		 13: def_%v_55 options[17.5,] %v_44[18.1,] %v_45[18.2,18.12,] 
		 14: 
BB 19
	outgoing: 20 
	datadep: 
	instructions:
		 0: COPY def_%v_45 
BB 20
	outgoing: 21 
	datadep: 
	instructions:
		 0: 
		 1: COPY def_%v_56 
		 2: def_%v_57 options[18.13,17.5,] %v_56[20.1,] %self[2.0,] 
CLOSURE BEGIN: kv[] html[] 
BB 1
	outgoing: 6 2 
	datadep: 
	instructions:
BB 2
	outgoing: 3 
	datadep: 
	instructions:
		 0: def_%self 
		 1: def_%cl_1_0 
		 2: RECEIVEARG def_html 
		 3: RECEIVEARG def_kv 
		 4: COPY def_%current_scope 
		 5: COPY def_%current_module 
BB 3
	outgoing: 4 6 
	datadep: 
	instructions:
		 0: 
		 1: COPY def_%cl_1_3 
		 2: def_%cl_1_4 %cl_1_3[3.1,] kv[2.3,] 
		 3: def_%cl_1_5 html[2.2,] %cl_1_4[3.2,] 
		 4: RETURN %cl_1_5[3.3,] %self[2.0,] 
BB 4
	outgoing: 6 
	datadep: 
	instructions:
		 0: def_%cl_1_6 
		 1: def_%cl_1_7 %cl_1_6[4.0,] 
		 2: RETURN %cl_1_7[4.1,] %self[2.0,] 
BB 6
	outgoing: 
	datadep: 
	instructions:
CLOSURE END
		 3: RETURN %v_57[20.2,] %self[2.0,] 
BB 21
	outgoing: 
	datadep: 
	instructions:

SET IRMethod, name = human_future_date
BB 1
	outgoing: 28 2 
	datadep: 
	instructions:
BB 2
	outgoing: 3 4 
	datadep: 
	instructions:
		 0: def_%self 
		 1: def_%v_0 
		 2: COPY def_%current_scope 
		 3: COPY def_%current_module 
		 4: 
		 5: RECEIVEARG def_date 
		 6: RECEIVEARG def_tz 
		 7: 
		 8: BRANCH date[2.5,] 
BB 3
	outgoing: 6 16 
	datadep: 
	instructions:
		 0: COPY def_%v_3 
		 1: 
		 2: tz->now def_%v_6 tz[2.6,] 
		 3: %v_6->end_of_day def_%v_7 %v_6[3.2,] 
		 4: COPY def_tz_day_end %v_7[3.3,] 
		 5: 
		 6: date->utc def_%v_8 date[2.5,] 
		 7: tz->utc_to_local def_%v_9 tz[3.2,2.6,] %v_8[3.6,] 
		 8: COPY def_local_date %v_9[3.7,] 
		 9: 
		 10: def_%v_12 
		 11: def_%v_13 tz_day_end[3.4,] %v_12[3.10,] 
		 12: def_%v_14 date[3.6,2.5,] %v_13[3.11,] 
		 13: def_%v_11 %v_14[3.12,] 
		 14: BRANCH %v_11[3.13,] 
BB 4
	outgoing: 28 
	datadep: 
	instructions:
		 0: COPY def_%v_4 
		 1: %self->t def_%v_5 %self[2.0,] %v_4[4.0,] 
		 2: RETURN %v_5[4.1,] %self[4.1,2.0,] 
BB 6
	outgoing: 7 17 
	datadep: 
	instructions:
		 0: def_%v_16 
		 1: def_%v_17 tz_day_end[3.4,] %v_16[6.0,] 
		 2: def_%v_18 date[2.5,] %v_17[6.1,] 
		 3: def_%v_15 %v_18[6.2,] 
		 4: BRANCH %v_15[6.3,] 
BB 7
	outgoing: 8 18 
	datadep: 
	instructions:
		 0: def_%v_20 
		 1: def_%v_21 tz_day_end[3.4,] %v_20[7.0,] 
		 2: def_%v_22 date[2.5,] %v_21[7.1,] 
		 3: def_%v_19 %v_22[7.2,] 
		 4: BRANCH %v_19[7.3,] 
BB 8
	outgoing: 9 19 
	datadep: 
	instructions:
		 0: def_%v_24 
		 1: def_%v_25 tz_day_end[3.4,] %v_24[8.0,] 
		 2: def_%v_26 date[2.5,] %v_25[8.1,] 
		 3: def_%v_23 %v_26[8.2,] 
		 4: BRANCH %v_23[8.3,] 
BB 9
	outgoing: 10 20 
	datadep: 
	instructions:
		 0: def_%v_28 
		 1: def_%v_29 tz_day_end[3.4,] %v_28[9.0,] 
		 2: def_%v_30 date[2.5,] %v_29[9.1,] 
		 3: def_%v_27 %v_30[9.2,] 
		 4: BRANCH %v_27[9.3,] 
BB 10
	outgoing: 11 21 
	datadep: 
	instructions:
		 0: def_%v_32 date[2.5,] tz_day_end[3.4,] 
		 1: def_%v_31 %v_32[10.0,] 
		 2: BRANCH %v_31[10.1,] 
BB 11
	outgoing: 12 22 
	datadep: 
	instructions:
		 0: def_%v_34 
		 1: def_%v_35 tz_day_end[3.4,] %v_34[11.0,] 
		 2: def_%v_36 date[2.5,] %v_35[11.1,] 
		 3: def_%v_33 %v_36[11.2,] 
		 4: BRANCH %v_33[11.3,] 
BB 12
	outgoing: 13 23 
	datadep: 
	instructions:
		 0: def_%v_38 
		 1: def_%v_39 tz_day_end[3.4,] %v_38[12.0,] 
		 2: def_%v_40 date[2.5,] %v_39[12.1,] 
		 3: def_%v_37 %v_40[12.2,] 
		 4: BRANCH %v_37[12.3,] 
BB 13
	outgoing: 14 24 
	datadep: 
	instructions:
		 0: def_%v_42 
		 1: def_%v_43 tz_day_end[3.4,] %v_42[13.0,] 
		 2: def_%v_44 date[2.5,] %v_43[13.1,] 
		 3: def_%v_41 %v_44[13.2,] 
		 4: BRANCH %v_41[13.3,] 
BB 14
	outgoing: 15 25 
	datadep: 
	instructions:
		 0: def_%v_46 
		 1: def_%v_47 tz_day_end[3.4,] %v_46[14.0,] 
		 2: def_%v_48 date[2.5,] %v_47[14.1,] 
		 3: def_%v_45 %v_48[14.2,] 
		 4: BRANCH %v_45[14.3,] 
BB 15
	outgoing: 27 
	datadep: 
	instructions:
		 0: 
		 1: COPY def_%v_101 
		 2: local_date->year def_%v_102 local_date[3.8,] 
		 3: def_%v_103 %v_101[15.1,] %v_102[15.2,] 
		 4: COPY def_%v_10 %v_103[15.3,] 
		 5: 
BB 16
	outgoing: 27 
	datadep: 
	instructions:
		 0: 
		 1: COPY def_%v_49 
		 2: local_date->year def_%v_50 local_date[3.8,] 
		 3: def_%v_51 %v_49[16.1,] %v_50[16.2,] 
		 4: COPY def_%v_10 %v_51[16.3,] 
		 5: 
BB 17
	outgoing: 27 
	datadep: 
	instructions:
		 0: 
		 1: COPY def_%v_52 
		 2: COPY def_%v_53 
		 3: COPY def_%v_54 %v_53[17.2,] 
		 4: %self->l def_%v_55 %self[2.0,] local_date[3.8,] %v_54[17.3,] 
		 5: def_%v_56 %v_52[17.1,] %v_55[17.4,] 
		 6: COPY def_%v_10 %v_56[17.5,] 
		 7: 
BB 18
	outgoing: 27 
	datadep: 
	instructions:
		 0: 
		 1: COPY def_%v_57 
		 2: COPY def_%v_58 
		 3: (Time) def_%v_59 
		 4: %v_59->now def_%v_60 %v_59[18.3,] 
		 5: def_%v_61 %v_60[18.4,] date[2.5,] 
		 6: %v_61->round def_%v_62 %v_61[18.5,] 
		 7: def_%v_63 %v_62[18.6,] 
		 8: COPY def_%v_64 %v_63[18.7,] 
		 9: %self->t def_%v_65 %self[2.0,] %v_58[18.2,] %v_64[18.8,] 
		 10: def_%v_66 %v_57[18.1,] %v_65[18.9,] 
		 11: COPY def_%v_10 %v_66[18.10,] 
		 12: 
BB 19
	outgoing: 27 
	datadep: 
	instructions:
		 0: 
		 1: COPY def_%v_67 
		 2: COPY def_%v_68 
		 3: COPY def_%v_69 %v_68[19.2,] 
		 4: %self->l def_%v_70 %self[2.0,] local_date[3.8,] %v_69[19.3,] 
		 5: def_%v_71 %v_67[19.1,] %v_70[19.4,] 
		 6: COPY def_%v_10 %v_71[19.5,] 
		 7: 
BB 20
	outgoing: 27 
	datadep: 
	instructions:
		 0: 
		 1: COPY def_%v_72 
		 2: COPY def_%v_73 
		 3: %self->t def_%v_74 %self[2.0,] %v_73[20.2,] 
		 4: def_%v_75 %v_72[20.1,] %v_74[20.3,] 
		 5: COPY def_%v_10 %v_75[20.4,] 
		 6: 
BB 21
	outgoing: 27 
	datadep: 
	instructions:
		 0: 
		 1: COPY def_%v_76 
		 2: COPY def_%v_77 
		 3: %self->t def_%v_78 %self[2.0,] %v_77[21.2,] 
		 4: def_%v_79 %v_76[21.1,] %v_78[21.3,] 
		 5: COPY def_%v_10 %v_79[21.4,] 
		 6: 
BB 22
	outgoing: 27 
	datadep: 
	instructions:
		 0: 
		 1: COPY def_%v_80 
		 2: COPY def_%v_81 
		 3: %self->t def_%v_82 %self[2.0,] %v_81[22.2,] 
		 4: def_%v_83 %v_80[22.1,] %v_82[22.3,] 
		 5: COPY def_%v_10 %v_83[22.4,] 
		 6: 
BB 23
	outgoing: 27 
	datadep: 
	instructions:
		 0: 
		 1: COPY def_%v_84 
		 2: COPY def_%v_85 
		 3: COPY def_%v_86 %v_85[23.2,] 
		 4: %self->l def_%v_87 %self[2.0,] local_date[3.8,] %v_86[23.3,] 
		 5: def_%v_88 %v_84[23.1,] %v_87[23.4,] 
		 6: COPY def_%v_10 %v_88[23.5,] 
		 7: 
BB 24
	outgoing: 27 
	datadep: 
	instructions:
		 0: 
		 1: COPY def_%v_89 
		 2: (Time) def_%v_90 
		 3: %v_90->now def_%v_91 %v_90[24.2,] 
		 4: def_%v_92 date[2.5,] %v_91[24.3,] 
		 5: %v_92->round def_%v_93 %v_92[24.4,] 
		 6: def_%v_94 %v_93[24.5,] 
		 7: def_%v_95 %v_89[24.1,] %v_94[24.6,] 
		 8: COPY def_%v_10 %v_95[24.7,] 
		 9: 
BB 25
	outgoing: 27 
	datadep: 
	instructions:
		 0: 
		 1: COPY def_%v_96 
		 2: COPY def_%v_97 
		 3: COPY def_%v_98 %v_97[25.2,] 
		 4: %self->l def_%v_99 %self[2.0,] local_date[3.8,] %v_98[25.3,] 
		 5: def_%v_100 %v_96[25.1,] %v_99[25.4,] 
		 6: COPY def_%v_10 %v_100[25.5,] 
		 7: 
BB 27
	outgoing: 28 
	datadep: 
	instructions:
		 0: COPY def_text %v_10[16.4,17.6,18.11,19.6,20.5,21.5,22.5,23.6,24.8,25.6,15.4,] 
		 1: 
		 2: COPY def_%v_104 
		 3: %v_10->html_safe def_%v_105 %v_10[16.4,17.6,18.11,19.6,20.5,21.5,22.5,23.6,24.8,25.6,15.4,] 
		 4: def_%v_106 date[2.5,] 
		 5: date->to_date def_%v_107 date[2.5,] 
		 6: COPY def_%v_108 %v_106[27.4,] %v_107[27.5,] 
		 7: %self->content_tag def_%v_109 %self[2.0,] %v_104[27.2,] %v_105[27.3,] %v_108[27.6,] 
		 8: RETURN %v_109[27.7,] %self[27.7,2.0,] 
BB 28
	outgoing: 
	datadep: 
	instructions:

SET IRMethod, name = work_log_attribute
BB 1
	outgoing: 6 2 
	datadep: 
	instructions:
BB 2
	outgoing: 4 6 
	datadep: 
	instructions:
		 0: def_%self 
		 1: def_%v_0 
		 2: COPY def_%current_scope 
		 3: COPY def_%current_module 
		 4: 
		 5: 
		 6: %self->current_user def_%v_3 %self[2.0,] 
		 7: %v_3->company def_%v_4 %v_3[2.6,] 
		 8: %v_4->custom_attributes def_%v_5 %v_4[2.7,] 
		 9: COPY def_%v_6 
		 10: COPY def_%v_7 %v_6[2.9,] 
		 11: %v_5->where def_%v_8 %v_5[2.8,] %v_7[2.10,] 
		 12: COPY def_custom_attributes %v_8[2.11,] 
		 13: 
		 14: %v_8->each def_%v_9 %v_8[2.11,] %self[2.0,2.6,] 
CLOSURE BEGIN: ca[] 
BB 1
	outgoing: 9 2 
	datadep: 
	instructions:
BB 2
	outgoing: 3 
	datadep: 
	instructions:
		 0: def_%self 
		 1: def_%cl_1_0 
		 2: RECEIVEARG def_ca 
		 3: COPY def_%current_scope 
		 4: COPY def_%current_module 
BB 3
	outgoing: 4 5 7 
	datadep: 
	instructions:
		 0: 
		 1: ca->preset? def_%cl_1_3 ca[2.2,] 
		 2: BRANCH %cl_1_3[3.1,] 
BB 4
	outgoing: 7 9 
	datadep: 
	instructions:
		 0: 
		 1: RETURN ca[2.2,] %self[2.0,] 
BB 5
	outgoing: 9 
	datadep: 
	instructions:
		 0: RETURN %self[2.0,] 
BB 7
	outgoing: 9 
	datadep: 
	instructions:
		 0: def_%cl_1_5 
		 1: def_%cl_1_6 %cl_1_5[7.0,] 
		 2: RETURN %cl_1_6[7.1,] %self[2.0,] 
BB 9
	outgoing: 
	datadep: 
	instructions:
CLOSURE END
		 15: 
		 16: RETURN %self[2.0,2.6,] 
BB 4
	outgoing: 6 
	datadep: 
	instructions:
		 0: def_%v_10 
		 1: def_%v_11 %v_10[4.0,] 
		 2: RETURN %v_11[4.1,] %self[2.0,] 
BB 6
	outgoing: 
	datadep: 
	instructions:

SET IRMethod, name = default_work_log_choice
BB 1
	outgoing: 13 2 
	datadep: 
	instructions:
BB 2
	outgoing: 3 4 
	datadep: 
	instructions:
		 0: def_%self 
		 1: def_%v_0 
		 2: COPY def_%current_scope 
		 3: COPY def_%current_module 
		 4: 
		 5: RECEIVEARG def_attr 
		 6: 
		 7: attr->nil? def_%v_3 attr[2.5,] 
		 8: BRANCH %v_3[2.7,] 
BB 3
	outgoing: 13 
	datadep: 
	instructions:
		 0: RETURN %self[2.0,] 
BB 4
	outgoing: 6 10 
	datadep: 
	instructions:
		 0: COPY def_%v_4 
		 1: 
		 2: attr->custom_attribute_choices def_%v_5 attr[2.5,] 
		 3: %v_5->first def_%v_6 %v_5[4.2,] 
		 4: COPY def_default_choice %v_6[4.3,] 
		 5: 
		 6: def_%v_7 %self[2.0,] 
		 7: %v_7->work_logs def_%v_8 %v_7[4.6,] 
		 8: %v_8->worktimes def_%v_9 %v_8[4.7,] 
		 9: %self->current_user def_%v_10 %self[2.0,] 
		 10: %v_10->id def_%v_11 %v_10[4.9,] 
		 11: COPY def_%v_12 %v_11[4.10,] 
		 12: %v_9->where def_%v_13 %v_9[4.8,] %v_12[4.11,] 
		 13: %v_13->last def_%v_14 %v_13[4.12,] 
		 14: COPY def_last %v_14[4.13,] 
		 15: 
		 16: BRANCH %v_14[4.13,] 
BB 6
	outgoing: 7 8 
	datadep: 
	instructions:
		 0: 
		 1: COPY def_%v_15 
		 2: last->custom_attribute_values def_%v_16 last[4.14,] %v_15[6.1,] 
		 3: attr->id def_%v_17 attr[2.5,] 
		 4: COPY def_%v_18 %v_17[6.3,] 
		 5: %v_16->where def_%v_19 %v_16[6.2,] %v_18[6.4,] 
		 6: %v_19->first def_%v_20 %v_19[6.5,] 
		 7: COPY def_last_value %v_20[6.6,] 
		 8: 
		 9: BRANCH %v_20[6.6,] 
BB 7
	outgoing: 9 
	datadep: 
	instructions:
		 0: last_value->choice def_%v_21 last_value[6.7,] 
		 1: COPY def_default_choice %v_21[7.0,] 
		 2: 
BB 8
	outgoing: 9 
	datadep: 
	instructions:
		 0: COPY def_%v_21 
BB 9
	outgoing: 11 
	datadep: 
	instructions:
		 0: 
BB 10
	outgoing: 11 
	datadep: 
	instructions:
		 0: COPY def_%v_21 
BB 11
	outgoing: 13 
	datadep: 
	instructions:
		 0: 
		 1: RETURN default_choice[4.4,7.1,] %self[2.0,] 
BB 13
	outgoing: 
	datadep: 
	instructions:

SET IRMethod, name = worked_and_duration_class
BB 1
	outgoing: 6 2 
	datadep: 
	instructions:
BB 2
	outgoing: 3 4 
	datadep: 
	instructions:
		 0: def_%self 
		 1: def_%v_0 
		 2: COPY def_%current_scope 
		 3: COPY def_%current_module 
		 4: 
		 5: RECEIVEARG def_task 
		 6: 
		 7: task->worked_minutes def_%v_3 task[2.5,] 
		 8: task->duration def_%v_4 task[2.5,2.7,] 
		 9: def_%v_5 %v_3[2.7,] %v_4[2.8,] 
		 10: BRANCH %v_5[2.9,] 
BB 3
	outgoing: 6 
	datadep: 
	instructions:
		 0: COPY def_%v_6 
		 1: RETURN %v_6[3.0,] %self[2.0,] 
BB 4
	outgoing: 6 
	datadep: 
	instructions:
		 0: COPY def_%v_7 
		 1: RETURN %v_7[4.0,] %self[2.0,] 
BB 6
	outgoing: 
	datadep: 
	instructions:

SET IRMethod, name = groupByOptions
BB 1
	outgoing: 4 2 
	datadep: 
	instructions:
BB 2
	outgoing: 4 
	datadep: 
	instructions:
		 0: def_%self 
		 1: def_%v_0 
		 2: COPY def_%current_scope 
		 3: COPY def_%current_module 
		 4: 
		 5: 
		 6: COPY def_%v_3 
		 7: %self->t def_%v_4 %self[2.0,] %v_3[2.6,] 
		 8: COPY def_%v_5 
		 9: COPY def_%v_6 %v_4[2.7,] %v_5[2.8,] 
		 10: COPY def_%v_7 
		 11: (Milestone) def_%v_8 
		 12: %v_8->model_name def_%v_9 %v_8[2.11,] 
		 13: %v_9->human def_%v_10 %v_9[2.12,] 
		 14: COPY def_%v_11 %v_10[2.13,] 
		 15: %self->t def_%v_12 %self[2.0,2.7,] %v_7[2.10,] %v_11[2.14,] 
		 16: COPY def_%v_13 
		 17: COPY def_%v_14 %v_12[2.15,] %v_13[2.16,] 
		 18: COPY def_%v_15 
		 19: %self->t def_%v_16 %self[2.0,2.7,2.15,] %v_15[2.18,] 
		 20: COPY def_%v_17 
		 21: COPY def_%v_18 %v_16[2.19,] %v_17[2.20,] 
		 22: COPY def_%v_19 
		 23: %self->t def_%v_20 %self[2.0,2.7,2.15,2.19,] %v_19[2.22,] 
		 24: COPY def_%v_21 
		 25: COPY def_%v_22 %v_20[2.23,] %v_21[2.24,] 
		 26: COPY def_%v_23 %v_6[2.9,] %v_14[2.17,] %v_18[2.21,] %v_22[2.25,] 
		 27: COPY def_cols %v_23[2.26,] 
		 28: 
		 29: %self->current_user def_%v_24 %self[2.0,2.7,2.15,2.19,2.23,] 
		 30: %v_24->company def_%v_25 %v_24[2.29,] 
		 31: %v_25->properties def_%v_26 %v_25[2.30,] 
		 32: %v_26->each def_%v_27 %v_26[2.31,] %self[2.0,2.7,2.15,2.19,2.23,2.29,] 
CLOSURE BEGIN: p[] %self[2.0,2.7,2.15,2.19,2.23,2.29,] cols[2.27,] 
BB 1
	outgoing: 6 2 
	datadep: 
	instructions:
BB 2
	outgoing: 3 
	datadep: 
	instructions:
		 0: def_%self 
		 1: def_%cl_1_0 
		 2: RECEIVEARG def_p 
		 3: COPY def_%current_scope 
		 4: COPY def_%current_module 
BB 3
	outgoing: 4 6 
	datadep: 
	instructions:
		 0: 
		 1: COPY def_%cl_1_3 
		 2: p->name def_%cl_1_4 p[2.2,] 
		 3: %cl_1_4->camelize def_%cl_1_5 %cl_1_4[3.2,] 
		 4: COPY def_%cl_1_6 %cl_1_5[3.3,] 
		 5: %self->t def_%cl_1_7 %self[2.0,] %cl_1_3[3.1,] %cl_1_6[3.4,] 
		 6: p->name def_%cl_1_8 p[3.2,2.2,] 
		 7: %cl_1_8->downcase def_%cl_1_9 %cl_1_8[3.6,] 
		 8: COPY def_%cl_1_10 %cl_1_7[3.5,] %cl_1_9[3.7,] 
		 9: def_%cl_1_11 cols[] %cl_1_10[3.8,] 
		 10: RETURN %cl_1_11[3.9,] %self[3.5,2.0,] 
BB 4
	outgoing: 6 
	datadep: 
	instructions:
		 0: def_%cl_1_12 
		 1: def_%cl_1_13 %cl_1_12[4.0,] 
		 2: RETURN %cl_1_13[4.1,] %self[2.0,] 
BB 6
	outgoing: 
	datadep: 
	instructions:
CLOSURE END
		 33: 
		 34: COPY def_%v_28 
		 35: %self->t def_%v_29 %self[2.0,2.7,2.15,2.19,2.23,2.29,] %v_28[2.34,] 
		 36: COPY def_%v_30 
		 37: COPY def_%v_31 %v_29[2.35,] %v_30[2.36,] 
		 38: def_%v_32 cols[2.27,] %v_31[2.37,] 
		 39: 
		 40: COPY def_%v_33 
		 41: COPY def_options %v_33[2.40,] 
		 42: 
		 43: cols->each def_%v_34 cols[2.27,] %self[2.0,2.7,2.15,2.19,2.23,2.29,2.35,] 
CLOSURE BEGIN: val[] options[2.41,] 
BB 1
	outgoing: 9 2 
	datadep: 
	instructions:
BB 2
	outgoing: 3 
	datadep: 
	instructions:
		 0: def_%self 
		 1: def_%cl_2_0 
		 2: RECEIVEARG def_key 
		 3: RECEIVEARG def_val 
		 4: COPY def_%current_scope 
		 5: COPY def_%current_module 
BB 3
	outgoing: 4 5 7 
	datadep: 
	instructions:
		 0: 
		 1: COPY def_%cl_2_3 
		 2: val->== def_%cl_2_4 val[2.3,] %cl_2_3[3.1,] 
		 3: BRANCH %cl_2_4[3.2,] 
BB 4
	outgoing: 6 
	datadep: 
	instructions:
		 0: COPY def_%cl_2_5 
		 1: COPY def_val %cl_2_5[4.0,] 
		 2: 
BB 5
	outgoing: 6 
	datadep: 
	instructions:
		 0: COPY def_%cl_2_5 
BB 6
	outgoing: 7 9 
	datadep: 
	instructions:
		 0: 
		 1: COPY def_%cl_2_6 
		 2: val->capitalize def_%cl_2_7 val[4.1,2.3,] 
		 3: COPY def_%cl_2_8 
		 4: def_%cl_2_9 %cl_2_6[6.1,] %cl_2_7[6.2,] %cl_2_8[6.3,] 
		 5: def_%cl_2_10 options[] %cl_2_9[6.4,] 
		 6: RETURN %cl_2_10[6.5,] %self[2.0,] 
BB 7
	outgoing: 9 
	datadep: 
	instructions:
		 0: def_%cl_2_11 
		 1: def_%cl_2_12 %cl_2_11[7.0,] 
		 2: RETURN %cl_2_12[7.1,] %self[2.0,] 
BB 9
	outgoing: 
	datadep: 
	instructions:
CLOSURE END
		 44: 
		 45: COPY def_%v_35 
		 46: def_%v_36 options[2.41,] %v_35[2.45,] 
		 47: 
		 48: RETURN options[2.41,] %self[2.0,2.7,2.15,2.19,2.23,2.29,2.35,] 
BB 4
	outgoing: 
	datadep: 
	instructions:

SET IRMethod, name = milestones_to_select_tag
BB 1
	outgoing: 9 2 
	datadep: 
	instructions:
BB 2
	outgoing: 3 4 
	datadep: 
	instructions:
		 0: def_%self 
		 1: def_%v_0 
		 2: COPY def_%current_scope 
		 3: COPY def_%current_module 
		 4: 
		 5: RECEIVEARG def_milestones 
		 6: 
		 7: COPY def_%v_3 
		 8: COPY def_%v_4 
		 9: %self->t def_%v_5 %self[2.0,] %v_4[2.8,] 
		 10: COPY def_%v_6 
		 11: COPY def_%v_7 
		 12: %self->t def_%v_8 %self[2.0,2.9,] %v_7[2.11,] 
		 13: COPY def_%v_9 
		 14: def_%v_10 %v_3[2.7,] %v_5[2.9,] %v_6[2.10,] %v_8[2.12,] %v_9[2.13,] 
		 15: COPY def_%v_11 %v_10[2.14,] 
		 16: milestones->collect def_%v_12 milestones[2.5,] %self[2.0,2.9,2.12,] 
CLOSURE BEGIN: milestone[] %self[2.0,2.9,2.12,] date[] selected[] text[] 
BB 1
	outgoing: 21 2 
	datadep: 
	instructions:
BB 2
	outgoing: 3 
	datadep: 
	instructions:
		 0: def_%self 
		 1: def_%cl_1_0 
		 2: RECEIVEARG def_milestone 
		 3: COPY def_%current_scope 
		 4: COPY def_%current_module 
BB 3
	outgoing: 4 5 19 
	datadep: 
	instructions:
		 0: 
		 1: milestone->due_at def_%cl_1_3 milestone[2.2,] 
		 2: %cl_1_3->nil? def_%cl_1_4 %cl_1_3[3.1,] 
		 3: BRANCH %cl_1_4[3.2,] 
BB 4
	outgoing: 6 19 
	datadep: 
	instructions:
		 0: COPY def_%cl_1_5 
		 1: %self->t def_%cl_1_6 %self[2.0,] %cl_1_5[4.0,] 
		 2: 
BB 5
	outgoing: 6 19 
	datadep: 
	instructions:
		 0: milestone->due_at def_%cl_1_7 milestone[2.2,] 
		 1: %self->current_user def_%cl_1_8 %self[2.0,] 
		 2: %cl_1_8->date_format def_%cl_1_9 %cl_1_8[5.1,] 
		 3: COPY def_%cl_1_10 %cl_1_9[5.2,] 
		 4: %self->l def_%cl_1_11 %self[5.1,2.0,] %cl_1_7[5.0,] %cl_1_10[5.3,] 
		 5: COPY def_%cl_1_6 %cl_1_11[5.4,] 
BB 6
	outgoing: 7 10 19 
	datadep: 
	instructions:
		 0: COPY def_date %cl_1_6[5.5,4.1,] 
		 1: 
		 2: def_%cl_1_12 %self[2.0,] 
		 3: %cl_1_12->milestone_id def_%cl_1_13 %cl_1_12[6.2,] 
		 4: milestone->id def_%cl_1_14 milestone[2.2,] 
		 5: %cl_1_13->== def_%cl_1_15 %cl_1_13[6.3,] %cl_1_14[6.4,] 
		 6: BRANCH %cl_1_15[6.5,] 
BB 7
	outgoing: 8 9 19 
	datadep: 
	instructions:
		 0: def_%cl_1_16 %self[2.0,] 
		 1: %cl_1_16->milestone_id def_%cl_1_17 %cl_1_16[7.0,] 
		 2: %cl_1_17->nil? def_%cl_1_18 %cl_1_17[7.1,] 
		 3: BRANCH %cl_1_18[7.2,] 
BB 8
	outgoing: 9 19 
	datadep: 
	instructions:
		 0: milestone->id def_%cl_1_19 milestone[2.2,] 
		 1: COPY def_%cl_1_20 
		 2: %cl_1_19->== def_%cl_1_21 %cl_1_19[8.0,] %cl_1_20[8.1,] 
		 3: COPY def_%cl_1_18 %cl_1_21[8.2,] 
BB 9
	outgoing: 10 
	datadep: 
	instructions:
		 0: COPY def_%cl_1_15 %cl_1_18[8.3,7.2,] 
BB 10
	outgoing: 11 12 
	datadep: 
	instructions:
		 0: BRANCH %cl_1_15[9.0,6.5,] 
BB 11
	outgoing: 13 
	datadep: 
	instructions:
		 0: 
		 1: COPY def_%cl_1_22 
		 2: 
BB 12
	outgoing: 13 
	datadep: 
	instructions:
		 0: 
		 1: COPY def_%cl_1_23 
		 2: COPY def_%cl_1_22 %cl_1_23[12.1,] 
BB 13
	outgoing: 14 15 19 
	datadep: 
	instructions:
		 0: COPY def_selected %cl_1_22[12.2,11.1,] 
		 1: 
		 2: def_%cl_1_24 %self[2.0,] 
		 3: %cl_1_24->milestone_id def_%cl_1_25 %cl_1_24[13.2,] 
		 4: milestone->id def_%cl_1_26 milestone[2.2,] 
		 5: %cl_1_25->== def_%cl_1_27 %cl_1_25[13.3,] %cl_1_26[13.4,] 
		 6: BRANCH %cl_1_27[13.5,] 
BB 14
	outgoing: 15 19 
	datadep: 
	instructions:
		 0: def_%cl_1_28 %self[2.0,] 
		 1: %cl_1_28->milestone def_%cl_1_29 %cl_1_28[14.0,] 
		 2: %cl_1_29->closed? def_%cl_1_30 %cl_1_29[14.1,] 
		 3: COPY def_%cl_1_27 %cl_1_30[14.2,] 
BB 15
	outgoing: 16 17 
	datadep: 
	instructions:
		 0: BRANCH %cl_1_27[14.3,13.5,] 
BB 16
	outgoing: 18 19 
	datadep: 
	instructions:
		 0: 
		 1: COPY def_%cl_1_31 
		 2: milestone->name def_%cl_1_32 milestone[2.2,] 
		 3: COPY def_%cl_1_33 
		 4: def_%cl_1_34 %cl_1_31[16.1,] %cl_1_32[16.2,] %cl_1_33[16.3,] 
		 5: 
BB 17
	outgoing: 18 19 
	datadep: 
	instructions:
		 0: 
		 1: milestone->name def_%cl_1_35 milestone[2.2,] 
		 2: COPY def_%cl_1_34 %cl_1_35[17.1,] 
BB 18
	outgoing: 19 21 
	datadep: 
	instructions:
		 0: COPY def_text %cl_1_34[17.2,16.4,] 
		 1: 
		 2: COPY def_%cl_1_36 
		 3: milestone->id def_%cl_1_37 milestone[2.2,] 
		 4: COPY def_%cl_1_38 
		 5: COPY def_%cl_1_39 
		 6: COPY def_%cl_1_40 
		 7: milestone->status_name def_%cl_1_41 milestone[18.3,2.2,] 
		 8: %self->milestone_status_tip def_%cl_1_42 %self[2.0,] %cl_1_41[18.7,] 
		 9: COPY def_%cl_1_43 
		 10: COPY def_%cl_1_44 
		 11: def_%cl_1_45 %cl_1_36[18.2,] %cl_1_37[18.3,] %cl_1_38[18.4,] date[6.0,] %cl_1_39[18.5,] selected[13.0,] %cl_1_40[18.6,] %cl_1_42[18.8,] %cl_1_43[18.9,] text[18.0,] %cl_1_44[18.10,] 
		 12: RETURN %cl_1_45[18.11,] %self[18.8,2.0,] 
BB 19
	outgoing: 21 
	datadep: 
	instructions:
		 0: def_%cl_1_46 
		 1: def_%cl_1_47 %cl_1_46[19.0,] 
		 2: RETURN %cl_1_47[19.1,] %self[2.0,] 
BB 21
	outgoing: 
	datadep: 
	instructions:
CLOSURE END
		 17: def_%v_13 %v_11[2.15,] %v_12[2.16,] 
		 18: COPY def_options %v_13[2.17,] 
		 19: 
		 20: def_%v_14 %self[2.0,2.9,2.12,] 
		 21: %v_14->milestone def_%v_15 %v_14[2.20,] 
		 22: BRANCH %v_15[2.21,] 
BB 3
	outgoing: 5 
	datadep: 
	instructions:
		 0: def_%v_16 %self[2.0,] 
		 1: %v_16->milestone def_%v_17 %v_16[3.0,] 
		 2: %v_17->status_name def_%v_18 %v_17[3.1,] 
		 3: %self->milestone_status_tip def_%v_19 %self[2.0,] %v_18[3.2,] 
		 4: 
BB 4
	outgoing: 5 
	datadep: 
	instructions:
		 0: COPY def_%v_20 
		 1: COPY def_%v_19 %v_20[4.0,] 
BB 5
	outgoing: 6 7 
	datadep: 
	instructions:
		 0: COPY def_title %v_19[4.1,3.3,] 
		 1: 
		 2: COPY def_%v_21 
		 3: COPY def_%v_22 
		 4: COPY def_%v_23 %v_21[5.2,] %v_19[4.1,3.3,] %v_22[5.3,] 
		 5: COPY def_html_options %v_23[5.4,] 
		 6: 
		 7: COPY def_%v_24 
		 8: COPY def_%v_25 
		 9: options->join def_%v_26 options[2.18,] %v_25[5.8,] 
		 10: %v_26->html_safe def_%v_27 %v_26[5.9,] 
		 11: %self->perms def_%v_28 %self[2.0,] 
		 12: def_%v_29 %v_28[5.11,] 
		 13: BRANCH %v_29[5.12,] 
BB 6
	outgoing: 7 
	datadep: 
	instructions:
		 0: COPY def_%v_30 
		 1: COPY def_%v_29 %v_30[6.0,] 
BB 7
	outgoing: 9 
	datadep: 
	instructions:
		 0: %v_29->merge def_%v_31 %v_29[6.1,5.12,] html_options[5.5,] 
		 1: %self->select_tag def_%v_32 %self[2.0,] %v_24[5.7,] %v_27[5.10,] %v_31[7.0,] 
		 2: RETURN %v_32[7.1,] %self[7.1,2.0,] 
BB 9
	outgoing: 
	datadep: 
	instructions:

