SET IRMethod, name = perform instanceMethod = true
BB 1
	outgoing: 3 2 
	datadep: 
	instructions:
BB 2
	outgoing: 3 
	datadep: 
	instructions:
		 0: def_%self 
		 1: def_%v_0 
		 2: COPY TYPE_CurrentScope def_%current_scope 
		 3: COPY TYPE_ScopeModule def_%current_module 
		 4: 
		 5: RECEIVEARG def_wallpaper_id 
		 6: 
		 7: (Wallpaper) def_%v_3 
		 8: %v_3->find def_%v_4 %v_3[2.7,] wallpaper_id[2.5,] 	 SYMBOL:	 ARGS:wallpaper_id,
		 9: ATTRASSIGN %self->wallpaper %v_4[2.8,] 
		 10: 
		 11: %self->generate_images def_%v_5 %self[2.0,2.9,] 	 SYMBOL:	 ARGS:
		 12: 
		 13: GETFIELD %self->wallpaper def_%v_6 %self[2.0,2.9,2.11,] 
		 14: %v_6->save! def_%v_7 %v_6[2.13,] 	 SYMBOL:	 ARGS:
		 15: RETURN %v_7[2.14,] %self[2.0,2.9,2.11,] 
BB 3
	outgoing: 
	datadep: 
	instructions:

SET IRMethod, name = generate_images instanceMethod = true
BB 1
	outgoing: 7 2 
	datadep: 
	instructions:
BB 2
	outgoing: 3 4 
	datadep: 
	instructions:
		 0: def_%self 
		 1: def_%v_0 
		 2: COPY TYPE_CurrentScope def_%current_scope 
		 3: COPY TYPE_ScopeModule def_%current_module 
		 4: 
		 5: 
		 6: 
		 7: (Wallpaper) def_%v_3 
		 8: (inherit THUMBNAIL_WIDTH) def_%v_4 %v_3[2.7,] 
		 9: %v_4[2.8,] 
BB 3
	outgoing: 4 
	datadep: 
	instructions:
		 0: %v_3->const_missing def_%v_4 %v_3[2.7,] 	 SYMBOL:THUMBNAIL_WIDTH,	 ARGS:Symbol,
BB 4
	outgoing: 5 6 
	datadep: 
	instructions:
		 0: COPY TYPE_StringLiteral "x" def_%v_5 
		 1: (Wallpaper) def_%v_6 
		 2: (inherit THUMBNAIL_HEIGHT) def_%v_7 %v_6[4.1,] 
		 3: %v_7[4.2,] 
BB 5
	outgoing: 6 
	datadep: 
	instructions:
		 0: %v_6->const_missing def_%v_7 %v_6[4.1,] 	 SYMBOL:THUMBNAIL_HEIGHT,	 ARGS:Symbol,
BB 6
	outgoing: 7 
	datadep: 
	instructions:
		 0: COPY TYPE_StringLiteral "#" def_%v_8 
		 1: GETFIELD %self->wallpaper def_%v_9 %self[2.0,] 
		 2: %v_9->image_gravity def_%v_10 %v_9[6.1,] 	 SYMBOL:	 ARGS:
		 3: BUILDSTRING def_%v_11 %v_4[3.0,2.8,] %v_5[4.0,] %v_7[5.0,4.2,] %v_8[6.0,] %v_10[6.2,] 
		 4: COPY TYPE_StringLiteral "-quality 70" def_%v_12 
		 5: %self->generate_image def_%v_13 %self[2.0,] %v_11[6.3,] %v_12[6.4,] 	 SYMBOL:image,thumbnail_image,	 ARGS:Symbol,Symbol,%v_11,%v_12,
		 6: RETURN %v_13[6.5,] %self[6.5,2.0,] 
BB 7
	outgoing: 
	datadep: 
	instructions:

SET IRMethod, name = generate_image instanceMethod = true
BB 1
	outgoing: 6 2 
	datadep: 
	instructions:
BB 2
	outgoing: 3 4 
	datadep: 
	instructions:
		 0: def_%self 
		 1: def_%v_0 
		 2: COPY TYPE_CurrentScope def_%current_scope 
		 3: COPY TYPE_ScopeModule def_%current_module 
		 4: 
		 5: RECEIVEARG def_source 
		 6: RECEIVEARG def_target 
		 7: RECEIVEARG def_size 
		 8: RECEIVEARG def_encode_opts 
		 9: 
		 10: GETFIELD %self->wallpaper def_%v_3 %self[2.0,] 
		 11: %v_3->send def_%v_4 %v_3[2.10,] source[2.5,] 	 SYMBOL:	 ARGS:source,
		 12: COPY TYPE_PASS def_source %v_4[2.11,] 
		 13: 
		 14: %v_4->present? def_%v_5 %v_4[2.11,] 	 SYMBOL:	 ARGS:
		 15: BRANCH %v_5[2.14,] 
BB 3
	outgoing: 6 
	datadep: 
	instructions:
		 0: 
		 1: source->thumb def_%v_6 source[2.5,2.12,] size[2.7,] 	 SYMBOL:	 ARGS:size,
		 2: %v_6->encode def_%v_7 %v_6[3.1,] encode_opts[2.8,] 	 SYMBOL:jpg,	 ARGS:Symbol,encode_opts,
		 3: COPY TYPE_PASS def_image %v_7[3.2,] 
		 4: 
		 5: GETFIELD %self->wallpaper def_%v_8 %self[2.0,] 
		 6: COPY TYPE_StringLiteral "=" def_%v_9 
		 7: BUILDSTRING def_%v_10 target[2.6,] %v_9[3.6,] 
		 8: %v_8->send def_%v_11 %v_8[3.5,] %v_10[3.7,] %v_7[3.2,] 	 SYMBOL:	 ARGS:%v_10,image,
		 9: RETURN %v_11[3.8,] %self[2.0,] 
BB 4
	outgoing: 6 
	datadep: 
	instructions:
		 0: 
		 1: COPY TYPE_StringLiteral "Source doesn't exist yet" def_%v_12 
		 2: %self->raise def_%v_13 %self[2.0,] %v_12[4.1,] 	 SYMBOL:	 ARGS:%v_12,
		 3: RETURN %v_13[4.2,] %self[4.2,2.0,] 
BB 6
	outgoing: 
	datadep: 
	instructions:

